image,source
000001.jpg,https://images-na.ssl-images-amazon.com/images/I/41wYj%2BIm8wL.jpg
000002.jpg,https://cdn.shopify.com/s/files/1/1654/8555/products/20170929_183257_800x.jpg?v=1541722523
000003.jpg,https://cdn.shopify.com/s/files/1/0915/1060/products/Bhutlah_BG7_Red.jpg?v=1537384677
000004.jpg,https://pepperhead.com/wp-content/uploads/2016/12/7-Pot-Bubblegum-e1529429619806.jpg
000005.jpg,https://cdn1.bigcommerce.com/server700/5mvrqhbm/products/4670/images/150631/7-pot-chocolate-bubble-gum-pepper-x__27184.1522258050.1280.1280.jpg?c=2
000006.jpg,https://www.pepperscale.com/wp-content/uploads/2017/07/7-Pot-Bubblegum.jpg
000007.jpg,http://cdn.shopify.com/s/files/1/1523/7044/products/7PotBubblegum_1024x1024.jpg?v=1475803521
000008.jpg,https://cdn.shopify.com/s/files/1/0915/1060/products/Naga_BG7_Red.jpg?v=1516997827
000009.jpg,https://www.superhotchiles.com/wp-content/uploads/2018/04/Chocolate-Bubblegum-7-Pot-Seeds.jpg
000010.jpg,https://cdn11.bigcommerce.com/s-f6cx4kq/images/stencil/1280x1280/products/173/1072/7_Pot_Bubblegum_pepper__02348.1548716324.png?c=2&imbypass=on
000011.jpg,https://cdn11.bigcommerce.com/s-f6cx4kq/images/stencil/1280x1280/products/199/910/White_7_pot_bubblegum1__05052.1540657504.jpg?c=2&imbypass=on
000012.jpg,https://neveldfel.cdn.shoprenter.hu/custom/neveldfel/image/cache/w900h500wt1/STOCK%20k%C3%A9pek/7podbubblegum.jpg?lastmod=1566465699.1482238000
000013.jpg,http://www.grocery.com/store/image/cache/catalog/ss0182/7-pot-bubblegum-hot-pepper-organic-live-plant-B07K9KWZ31-500x500.jpg
000014.jpg,https://images-na.ssl-images-amazon.com/images/I/61VlicoGF1L._SX425_.jpg
000015.jpg,https://i.ytimg.com/vi/dXp3xx_i_44/maxresdefault.jpg
000016.jpg,https://www.ukchilliseeds.co.uk/ekmps/shops/chilliwizard/images/bubblegum-7-pod-572-p.jpg
000017.jpg,https://i0.wp.com/www.peppersbymail.com/wp-content/uploads/2015/09/white_bubblegum.jpg?fit=2048%2C1536
000018.jpg,https://ghostpepperstore.com/assets/images/freshpeppers/7bubblegum.jpg
000019.jpg,https://www.superhotchiles.com/wp-content/uploads/2018/04/Yellow-Bubblegum-7-Pot-Chile-Seeds.jpg
000020.jpg,https://www.pexpeppers.com/wp-content/uploads/2019/08/68589189_916370542062275_5606606203179237376_n-416x416.jpg
000021.jpg,https://www.devonchilliman.co.uk/wp-content/uploads/2017/03/7-pot-bubblegum-chilli.jpg
000022.jpg,https://thechillifactory.com/images/products/IMG_0139.jpg
000023.jpg,https://static.wixstatic.com/media/9bc169_b3b6f1db541c4efebcf065f288c1a158~mv2.jpg/v1/fill/w_576,h_768,al_c,lg_1,q_85/9bc169_b3b6f1db541c4efebcf065f288c1a158~mv2.jpg
000024.jpg,https://croatianseeds-store.com/images/stories/virtuemart/product/bubblegum%20red1.jpg
000025.jpg,https://cdn.thehippyseedcompany.com/wp-content/uploads/2019/02/Chocolate-Bubblegum-7-pod-2ws.jpg
000026.jpg,https://cdn11.bigcommerce.com/s-cg0adf/images/stencil/1280x1280/products/1148/2950/7_pot_bubblegum__33390.1540124478.jpg?c=2&imbypass=on
000027.jpg,http://cdn.shopify.com/s/files/1/0019/9884/8099/products/346645-c84bf78b8b234484b2736add08b77d71_1200x1200.png?v=1551868759
000028.jpg,http://croatianseeds-store.com/images/stories/virtuemart/product/BBGChocolate.jpg
000029.jpg,https://www.chileplants.com/images/chiles/7-pot-bubblegum-pepper-plants.jpg
000030.jpg,https://i.ebayimg.com/images/g/IGsAAOSwJ~xcDdDK/s-l640.jpg
000031.jpg,https://www.piedmontfarmandgarden.com/v/vspfiles/photos/PPP270-2.jpg?v-cache=1423997249
000032.jpg,https://i1.wp.com/www.peppersbymail.com/wp-content/uploads/2017/10/chocolate_bubblegum_1.jpg?fit=1651%2C1383
000033.jpg,https://cdn11.bigcommerce.com/s-f6cx4kq/images/stencil/1280x1280/products/198/1116/Yellow_7_pot_bubblegum__72237.1549147408.jpg?c=2&imbypass=on
000034.jpg,https://cdn.webshopapp.com/shops/60827/files/236356196/image.jpg
000035.jpg,https://cdn.shopify.com/s/files/1/0915/1060/products/Bhutlah_BG7_Chocolate.jpg?v=1516997239
000036.jpg,https://i.etsystatic.com/17951386/r/il/408a02/1770194976/il_570xN.1770194976_61jm.jpg
000037.jpg,https://res.cloudinary.com/teepublic/image/private/s--gYin99Xw--/c_crop,x_10,y_10/c_fit,h_855/c_crop,g_north_west,h_972,w_1127,x_-156,y_-58/l_misc:transparent_1260/fl_layer_apply,g_north_west,x_-222,y_-200/c_mfit,g_north_east,u_misc:tapestry-l-l-gradient/e_displace,fl_layer_apply,x_0,y_19/l_upload:v1507037316:production:blanks:knoqtwkqk9vucfsy8ke0/fl_layer_apply,g_north_west,x_0,y_0/b_rgb:ffffff/c_limit,f_jpg,h_630,q_90,w_630/v1540489361/production/designs/3387195_0.jpg
000038.jpg,http://middleridgegardens.com/wp-content/uploads/2017/04/7-pot-bubblegum-70-500x500.jpg
000039.jpg,https://www.piedmontfarmandgarden.com/v/vspfiles/photos/PPP298-2.jpg?v-cache=1514820027
000040.jpg,http://cdn.shopify.com/s/files/1/0011/9514/7364/products/il_fullxfull.1054331287_safc_27371d85-393b-428d-aedc-2f5b28a12e9b_1200x1200.jpg?v=1542950422
000041.jpg,https://i.ebayimg.com/images/g/0-4AAOSwdilcpUl9/s-l300.jpg
000042.jpg,https://images-na.ssl-images-amazon.com/images/I/810uDGvbm9L._SX425_.jpg
000043.jpg,https://cdn.shopify.com/s/files/1/1654/8555/products/7_Pot_Bhutlah_Bubblegum_Red_39_c_530x@2x.jpg?v=1569414044
000044.jpg,http://thehotpepper.com/uploads/monthly_08_2013/post-5158-0-01295000-1376343173.jpg
000045.jpg,https://cdn.webshopapp.com/shops/60827/files/244641740/image.jpg
000046.jpg,https://sc02.alicdn.com/kf/UT8j9ZOXaJXXXagOFbXO/Cheapest-Flakes-Bubblegum-7-Pot-.jpg
000047.jpg,https://static.wixstatic.com/media/9bc169_7f59e63c52ab40288afba53f1b612016~mv2.jpg/v1/fill/w_240,h_240,al_c,q_85,usm_0.66_1.00_0.01/9bc169_7f59e63c52ab40288afba53f1b612016~mv2.jpg
000048.jpg,https://i.redd.it/mrp6yhw92jk21.jpg
000049.jpg,https://i0.wp.com/www.peppersbymail.com/wp-content/uploads/2017/10/7-pot-bubblegum-orange.jpg?fit=2752%2C1376
000050.jpg,https://pixl.varagesale.com/http://s3.amazonaws.com/hopshop-image-store-production/165730603/d0be210f915bc115370d33fe7c90f16e.jpg?_ver=large_uploader_thumbnail&w=640&h=640&fit=crop&s=e40acb5179dba9a1334bb0d7493a2fd6
000051.jpg,https://www.ukchilliseeds.co.uk/ekmps/shops/chilliwizard/images/bubblegum-7-pod-[5]-572-p.jpg
000052.jpg,https://chilli-seedz.com/wp-content/uploads/2016/11/P1011487-Edit-900x900.jpg
000053.jpg,https://live.staticflickr.com/5648/21910124430_3d702ce990_b.jpg
000054.jpg,https://i.pinimg.com/originals/23/8d/17/238d171dac78e1088a9806b0147df64d.jpg
000055.jpg,https://i.etsystatic.com/18420760/r/il/49b9f9/1768797062/il_570xN.1768797062_tx9u.jpg
000056.jpg,https://cdn.shopify.com/s/files/1/1022/5071/products/pepper-seeds-7-pod-bubblegum-chili-one-of-the-hottest-chilli-pepper-capsicum-chinense-extremely-hot-world-s-hottest-pepper-1.jpg?v=1565026614
000057.jpg,https://cdn.shopify.com/s/files/1/0019/9884/8099/products/346645-57e40300788740c2a3ea5f48d78fe4f3_300x300.png?v=1551868832
000058.jpg,http://www.fordsfieryfoodsandplants.com/peppers/image/cache/catalog/bg7chocolate/bg7chocolate1-500x500.jpg
000059.jpg,http://www.chilefoundry.com/wp-content/uploads/IMG_3131-1024x768.jpg
000060.jpg,https://images-na.ssl-images-amazon.com/images/I/51PA3nVwCZL._SX466_.jpg
000061.jpg,https://www.piedmontfarmandgarden.com/v/vspfiles/photos/PPP303-2.jpg?v-cache=1514819412
000062.jpg,https://i.redd.it/lsatbjcpk4m21.jpg
000063.jpg,https://www.ukchilliseeds.co.uk/ekmps/shops/chilliwizard/images/bubblegum-7-pod-[3]-572-p.jpg
000064.jpg,https://sc01.alicdn.com/kf/UT8Ps.KXehaXXagOFbXl/Cheapest-Fresh-Bubblegum-7-Pot-.jpg
000065.jpg,https://live.staticflickr.com/8592/15768585180_77699234e3_b.jpg
000066.jpg,https://static.wixstatic.com/media/d45f52_88ec371a0863446dbfe41b11ac1612e4~mv2_d_6544_3680_s_4_2.jpg/v1/crop/x_223,y_0,w_4350,h_3680/fill/w_560,h_474,al_c,q_90/DSC00288_JPG.webp
000067.jpg,https://i.ebayimg.com/images/g/Q7YAAOSw64xbOtvt/s-l300.jpg
000068.jpg,https://www.picclickimg.com/d/l400/pict/132047308434_/7-Pot-Red-Brain-Strain-Bubblegum-pepper.jpg
000069.jpg,https://i.imgur.com/3azlxF7.jpg
000070.jpg,https://i.ytimg.com/vi/d_ZlE6_xGcA/maxresdefault.jpg
000071.jpg,https://cdn.shopify.com/s/files/1/0022/5764/9776/products/pepperplant1_a70e530f-b4e8-442b-9887-744bc0616f2c_300x300.jpg?v=1556386393
000072.jpg,https://croatianseeds-store.com/images/stories/virtuemart/product/BBGChocolate1.jpg
000073.jpg,https://cdn11.bigcommerce.com/s-f6cx4kq/images/stencil/500x659/products/283/1341/7_Pot_Bubblegum_pepper_1__77463.1558102770.png?c=2
000074.jpg,https://static.wixstatic.com/media/9bc169_7b1134bb517a43cc8275c609b6e1976f~mv2.jpg/v1/fill/w_700,h_393,al_c,lg_1,q_85/9bc169_7b1134bb517a43cc8275c609b6e1976f~mv2.jpg
000075.jpg,https://www.superhotchiles.com/wp-content/uploads/2019/05/ChilesGiantBubblegum3-2018-1.jpg
000076.jpg,https://cdn11.bigcommerce.com/s-cg0adf/images/stencil/1280x1280/products/1133/3157/7_Pot_Bubblegum__10595.1549203874.jpg?c=2&imbypass=on
000077.jpg,https://www.chililovers.nu/wp-content/uploads/2015/07/7-pot-bubblegum.jpg
000078.jpg,https://chilli-seedz.com/wp-content/uploads/2016/11/P1011776-Edit-900x900.jpg
000079.jpg,https://cdn.shopify.com/s/files/1/1145/1260/products/bbg7-naga-orange-plant_large.jpg?v=1565965264
000080.jpg,https://i.etsystatic.com/13959533/r/il/dd517a/1249291412/il_570xN.1249291412_av41.jpg
000081.jpg,https://i.imgur.com/OeoN4Ttg.jpg
000082.jpg,https://wacse.org/wp-content/uploads/2017/04/Photo-3-4-17-7-01-12-am.jpg
000083.jpg,https://chillipepperseeds.ca/image/cache/catalog/edited%202019hot/IMG_0205-500x500.JPG
000084.jpg,http://www.homegrower.cz/fotky28174/fotos/_vyr_7027-Pot-Bubblegum.jpg
000085.jpg,https://thehippyseedcompany.com/wp-content/uploads/2019/02/Borg-9-2ws.jpg
000086.jpg,https://pepperhead.com/wp-content/uploads/2016/11/Devils-Tongue-247x300.jpg
000087.jpg,http://i.imgur.com/BXmy40L.jpg
000088.jpg,https://pbs.twimg.com/media/BxLjNC4CMAAUiKp.jpg
000089.jpg,https://i.redd.it/78zdche7o3o21.jpg
000090.jpg,https://www.cilicen.si/308-large_default/7-pot-bubblegum-10-semen.jpg
000091.jpg,http://2.bp.blogspot.com/-xUNo3SasI2E/VFzhg8khytI/AAAAAAAAEf8/Ij67wj3l1gU/s1600/bubblegum%2B7%2Bpot.jpg
000092.jpg,https://www.chillihead.co.za/image/cache/data/bbg7Naga-500x500.jpg
000093.jpg,https://pepperdatabase.org/images/variety/336/336.jpg
000094.jpg,https://www.sauce-piquante.fr/528-large_default/graines-de-piment-7-pod-bubblegum.jpg
000095.jpg,https://www.chilli-semena.cz/user/7416/upload/stuff/resized/5620087_600-600.jpg
000096.jpg,https://www.chileseeds.co.uk/wp-content/uploads/2016/10/nagamorichchilli-300x300.jpg
000097.jpg,http://cdn.shopify.com/s/files/1/0019/9884/8099/products/346645-8ce3bf371a0a4206b91bee43f2cc44ff_1200x1200.png?v=1551868941
000098.jpg,https://www.cilicen.si/559-large_default/srtsl-x-7-pot-bubblegum-orange-10-semen.jpg
000099.jpg,http://www.pepperfriends.com/database/7pod-bubblegum-white/001/7pod-bubblegum-white_001_frutto_10.jpg
000100.jpg,https://i.ytimg.com/vi/vb47Jth-WI8/maxresdefault.jpg
000101.jpg,https://images.bonanzastatic.com/afu/images/406a/ab82/faef_5826349703/51kgz-zitwl._sl1500_.jpg
000102.jpg,https://image.jimcdn.com/app/cms/image/transf/dimension=1820x1280:format=jpg/path/s642ddbcf311e4cbf/image/if2aae3d67799d8b0/version/1507640294/image.jpg
000103.jpg,https://www.pepperscale.com/wp-content/uploads/2017/07/7-pot-douglah-768x432.jpg
000104.jpg,https://i.ebayimg.com/images/g/NaIAAOSwwj5b4Lk-/s-l300.jpg
000105.jpg,https://http2.mlstatic.com/semillas-de-chile-trinidad-7-pot-bubblegum-D_NQ_NP_189111-MLM20496564156_112015-F.jpg
000106.jpg,https://cdn.shopify.com/s/files/1/1435/2784/articles/7Pot_1400x502_900x500_crop_center.jpg?v=1527560783
000107.jpg,https://i.pinimg.com/originals/67/91/5d/67915d3eef801257ec7574c6d6d821ac.jpg
000108.jpg,https://www.superhotchiles.com/wp-content/uploads/2018/06/Bubblegum_7_Pot_11-600x400.jpg
000109.jpg,https://i.imgur.com/lP4ekD8.jpg
000110.jpg,https://www.fataliiseeds.net/wp-content/uploads/fromoldsite/7pot_bubblegum_yellow-640x640.jpg
000111.jpg,https://netbutik.fuglebjerggaard.dk/wp-content/uploads/cm/7pot-bubble-let5.jpg
000112.jpg,https://cdn.shopify.com/s/files/1/1145/1260/products/bbg7-aji-jobito-chocolate_large.jpg?v=1545811791
000113.jpg,https://imgix.ttcdn.co/i/product/original/0/417498-a87f309144064dc9a421a2162bfefb4c.jpeg?w=1000
000114.jpg,https://plantekasse.dk/shop2/771-large_default/7-pot-bubblegum-10-fro.jpg
000115.jpg,https://cdn11.bigcommerce.com/s-cg0adf/images/stencil/1280x1280/products/1074/2620/7_Pot_Bubblegum__30169.1521484593.png?c=2&imbypass=on
000116.jpg,https://m.blog.hu/fo/foolchili/image/termekek/yellow_moruga/ym_01.jpg
000117.jpg,http://greenriver.bg/image/cache/data/Products/pot_bublegum-500x500.jpg
000118.jpg,https://chili.tummelsta.se/wp-content/uploads/2017/07/7pot-Bubblegum-Choco.jpg
000119.jpg,https://chilli-seedz.com/wp-content/uploads/2017/08/BBG-Choc-Small-2.JPG-900x900.jpg
000120.jpg,https://i.etsystatic.com/13959533/r/il/9fbefb/1332333715/il_570xN.1332333715_8mgo.jpg
000121.jpg,https://www.nasionatropikalne.pl/galerie/b/bubblegum-7-pot-pieklo_3130.jpg
000122.jpg,http://www.fordsfieryfoodsandplants.com/peppers/image/cache/catalog/Pimenta%20bg7/pbg7-500x500.jpg
000123.jpg,https://scontent-lga3-1.cdninstagram.com/vp/2eec652ac933cdfb197baf555074d875/5DFEEFDD/t51.2885-15/sh0.08/e35/s640x640/61682143_589091098282526_5592003738199407658_n.jpg?_nc_ht=scontent-lga3-1.cdninstagram.com
000124.jpg,https://images-na.ssl-images-amazon.com/images/I/51RX5XbVi2L._SX425_.jpg
000125.jpg,https://pepperhead.com/wp-content/uploads/2016/12/Naga-Morich-e1529429814793-247x300.jpg
000126.jpg,https://ih1.redbubble.net/image.662169210.0055/sss,small,wide_portrait,750x1000.jpg
000127.jpg,http://thehotpepper.com/uploads/monthly_09_2014/post-8371-0-27814400-1409581412.jpg
000128.jpg,http://2.bp.blogspot.com/-0qvpqYnmOhI/VBFnYdqvKhI/AAAAAAAADq0/VRcN2D6cKPs/s1600/P9060514_%2BBBG7%2BMamp.jpg
000129.jpg,https://www.natureltohum.com/image/cache/catalog/urunler/sebze/7-Pot-Bubblegum-600x315.jpg
000130.jpg,https://ghostpepperstore.com/assets/images/comingsoon.jpg
000131.jpg,https://i.redd.it/vyy9pxeiaqj11.jpg
000132.jpg,https://scontent-yyz1-1.cdninstagram.com/vp/c8979313e2b26e35369ef5c756115e59/5E14DE8E/t51.2885-15/sh0.08/e35/s640x640/70004458_161601918230377_6542800407415331523_n.jpg?_nc_ht=scontent-yyz1-1.cdninstagram.com&_nc_cat=101
000133.jpg,https://http2.mlstatic.com/10-semillas-de-chile-7-pot-bubblegum-y-muestra-gratis-D_NQ_NP_940106-MLM26484906171_122017-F.jpg
000134.jpg,https://scontent-yyz1-1.cdninstagram.com/vp/45f50e23a2f1392df096c19260d9eb1e/5E0398F1/t51.2885-15/sh0.08/e35/c0.135.1080.1080a/s640x640/64877464_389932485049259_8039980447169960258_n.jpg?_nc_ht=scontent-yyz1-1.cdninstagram.com&_nc_cat=111
000135.jpg,https://www.seedwise.com/assets/uploads/listings/main/583e41d4b848b.jpg
000136.jpg,https://cdn.shopify.com/s/files/1/0019/9884/8099/products/346645-fbe2148432254439a46d7f74c6697e3e_1024x1024.png?v=1551868947
000137.jpg,https://res.cloudinary.com/teepublic/image/private/s--H0ecCsfX--/c_crop,x_10,y_10/c_fit,h_614/c_crop,g_north_west,h_731,w_731,x_-68,y_-58/l_upload:v1507575684:production:blanks:u22ap1urc9fzkcey5jty/fl_layer_apply,g_north_west,x_-312,y_-536/b_rgb:ffffff/c_limit,f_jpg,h_630,q_90,w_630/v1540489361/production/designs/3387195_0.jpg
000138.jpg,https://pbs.twimg.com/media/CYFQ2JqUQAAqdP4.jpg
000139.jpg,https://cdn.webshopapp.com/shops/60827/files/245937722/image.jpg
000140.jpg,https://www.picclickimg.com/d/l400/pict/202567600189_/Chilli-Pepper-Seeds-Bubblegum-7-Pot.jpg
000141.jpg,http://pepperdiaries.com/wp-content/uploads/2018/06/end-june-7-pot-bbg.jpg
000142.jpg,https://i.etsystatic.com/13959533/r/il/a53349/1117519751/il_570xN.1117519751_69oj.jpg
000143.jpg,https://chillipepperpete.com/image/cache/catalog/TrinidadScorpionSeeds-500x500.jpg
000144.jpg,https://pbs.twimg.com/media/ECRfDI5UwAA-MUh.jpg
000145.jpg,https://static.wixstatic.com/media/1b4e2a_f4b542fbc46e4a879a19ed4bb7800ca7~mv2_d_3888_5152_s_4_2.jpg/v1/fit/w_498,h_659,q_90/file.jpg
000146.jpg,https://www.ukchilliseeds.co.uk/ekmps/shops/chilliwizard/images/bubblegum-7-pod-[2]-572-p.jpg
000147.jpg,https://acimg.auctivacommerce.com/imgdata/0/1/4/8/9/9/webimg/14820660.jpg
000148.jpg,https://spicybeard.com/wp-content/uploads/2019/03/7-pot-bubblegum-yellow-.jpg
000149.jpg,https://chili-max.com/wp-content/uploads/2018/03/7-Pot-Bubblegum-900x562-thegem-blog-default.jpg
000150.jpg,https://www.superhots.ca/+/shop/products/2016/08/16/7_pot_bubblegum.jpg
000151.jpg,http://www.superhotpeppers.ca/uploads/3/4/8/6/34864362/edited/naga-bbg-orange.jpeg?1509210846
000152.jpg,https://i.pinimg.com/originals/36/d0/87/36d087bc88d0587eef45f1855c8189c4.jpg
000153.jpg,https://scontent-lax3-1.cdninstagram.com/vp/ea799d7cd2c525ca5310145a5b026d5c/5E1642E0/t51.2885-15/sh0.08/e35/c131.0.817.817/s640x640/59650770_185914565724682_3152878216680852512_n.jpg?_nc_ht=scontent-lax3-1.cdninstagram.com
000154.jpg,https://scontent-lax3-1.cdninstagram.com/v/t51.2885-15/sh0.08/e35/s640x640/66692700_409081266389410_1131775504419618446_n.jpg?_nc_ht=scontent-lax3-1.cdninstagram.com&oh=4aa9c1ea4c0a839afca08238da1f9f78&oe=5DF8759D&ig_cache_key=MjExNTk3OTgxNTc5ODg4MDEzNg%3D%3D.2
000155.jpg,http://www.chillipikanterie.cz/img/uploads/hires/7pot_bubblegum_peach1.jpg
000156.jpg,http://cdn.shopify.com/s/files/1/1523/7044/products/NaglahBrown_1024x1024.JPG?v=1481384071
000157.jpg,https://scontent-frt3-1.cdninstagram.com/v/t51.2885-15/e35/s320x320/20905839_461888167500914_294783512697896960_n.jpg?_nc_ht=scontent-frt3-1.cdninstagram.com&oh=e4096a68ead878573790e42f068c0f31&oe=5E16050F&ig_cache_key=MTU4NDIwNDAxODM5MTk4NzcyMg%3D%3D.2
000158.jpg,https://spicybeard.com/wp-content/uploads/2017/02/7-Pot-Bubblegum-BBG7-Capsicum-Chinense-7-Pod-600x480.jpg
000159.jpg,https://scontent-mia3-1.cdninstagram.com/vp/00995e5ab79eeb2f5ded88d58afa1126/5DEFFD9A/t51.2885-15/e35/54447340_263591337859991_5906606980573656612_n.jpg?_nc_ht=scontent-mia3-1.cdninstagram.com&se=7&ig_cache_key=MjAwODg1NzQzMjExMzM5OTY4Ng%3D%3D.2
000160.jpg,https://m-park.club/wp-content/uploads/2018/12/home-design-7-pot-douglah-7-pod-bubblegum.jpg
000161.jpg,https://scontent-lht6-1.cdninstagram.com/v/t51.2885-15/e35/67159471_735744046864176_2061598643577690159_n.jpg?_nc_ht=scontent-lht6-1.cdninstagram.com&_nc_cat=100&se=7&oh=5ef458e20e073510025211e58a2d989a&oe=5E01BA80&ig_cache_key=MjEyNTA4MTkwOTU2MjQ2NzA3OQ%3D%3D.2
000162.jpg,https://scontent-atl3-1.cdninstagram.com/vp/9461e6068d74a561dbf8e19153fb18a1/5DD7B238/t51.2885-15/sh0.08/e35/s640x640/53220838_277867709809887_3309289853906911511_n.jpg?_nc_ht=scontent-atl3-1.cdninstagram.com
000163.jpg,https://cf.shopee.com.my/file/1142b6ad0df21c32f16997376ca81a25_tn
000164.jpg,https://scontent-lga3-1.cdninstagram.com/vp/0b36eff37c41e1c837af17aa8e86103f/5DFE0D92/t51.2885-15/sh0.08/e35/s640x640/44799500_569450260163680_3487420727022605381_n.jpg?_nc_ht=scontent-lga3-1.cdninstagram.com
000165.jpg,https://deaflora.de/images/product_images/info_images/chili_7_pot_bubblegum_4.jpg
000166.jpg,http://cobrachilli.com/assets/images/Chilli%20Sauce%20250%20-%20Bubblegum.png
000167.jpg,https://www.pepperworldhotshop.com/out/pictures/generated/product/1/390_245_75/fspurnagabhutjolokia_verpackung_gewrz.jpg
000168.jpg,https://cdn.videosofproducts.com/products/videos/thumbnails/B016YJNKSY.jpg
000169.jpg,https://www.chillibrothers.sk/wp-content/uploads/2016/10/7-Pot-bubblegum3.jpg
000170.jpg,http://www.flowerfactory.cz/galerie/7-pot-bubblegum-10ks.jpg
000171.jpg,https://static.wixstatic.com/media/9bc169_a147dd9e6c3a444ea0de00f01d14d490~mv2.jpg/v1/fill/w_616,h_640,al_c,q_85/9bc169_a147dd9e6c3a444ea0de00f01d14d490~mv2.jpg
000172.jpg,https://cdn.shopify.com/s/files/1/1022/5071/products/pepper-seeds-7-pod-bubblegum-chili-one-of-the-hottest-chilli-pepper-capsicum-chinense-extremely-hot-world-s-hottest-pepper-4_1024x1024.jpg?v=1565026616
000173.jpg,https://cdn.shopify.com/s/files/1/0915/1060/products/7_Pot_Lava_Red.jpg?v=1563826184
000174.jpg,https://images-na.ssl-images-amazon.com/images/I/81rvEkZq4yL._SX466_.jpg
000175.jpg,https://i.imgur.com/KSzAaVOg.jpg
000176.jpg,https://cdn.shopify.com/s/files/1/1145/1260/products/bbg7-x-srtsl_large.jpg?v=1561731684
000177.jpg,https://i2.wp.com/www.peppersbymail.com/wp-content/uploads/2015/08/bubble_gum_02.jpg?fit=751%2C858
000178.jpg,https://images-na.ssl-images-amazon.com/images/I/51jqto3MgVL.jpg
000179.jpg,https://www.ctchiliclub.com/s/img/emotionheader.jpg
000180.jpg,http://tomaten-chilis.de/shop/images/product_images/popup_images/1006_0.jpg
000181.jpg,https://chillipepperpete.com/image/cache/catalog/0002615_10-seeds-trinidad-7-pot-douglah-chocolate_550-228x228.png
000182.jpg,http://3.bp.blogspot.com/-uPXPwcTo2MM/Vfa-OTA4HCI/AAAAAAAAFwg/h8rtUVHnVJw/s1600/P8070266%2BPink%2BTiger%2Bx%2BBBG7%2Bpot.jpg
000183.jpg,https://www.scovilla.com/media/image/3b/07/4f/900009_7PotBubblegum_600x600.jpg
000184.jpg,https://birdhousechillies.files.wordpress.com/2019/04/7-pot-bubblegum-plant-without-topping.jpg?w=640
000185.jpg,https://www.pepperseeds.eu/pub/media/catalog/product/cache/b56a9049443cfaeedfe24666b14227c1/c/h/chili_seeds_7_p_mad.jpg
000186.jpg,http://i1318.photobucket.com/albums/t651/Nigel_Carter/20150805_181307-1_zpst7vxiu21.jpg
000187.jpg,https://cdn.shopify.com/s/files/1/0019/9884/8099/products/346645-16208cf152f94927bb1dda2f60d0353a_1024x1024.png?v=1551868763
000188.jpg,https://deaflora.de/images/product_images/original_images/chili_7_pot_bubblegum_14.jpg
000189.jpg,https://www.semillas.de/pepper_fruits/primo_x_butch_t.jpg
000190.jpg,https://www.seeds-bank.cz/4137-thickbox_default/7-pot-bubblegum-chilli-seeds-10-ks.jpg
000191.jpg,https://wacse.org/wp-content/uploads/2017/04/Photo-10-4-17-5-09-09-am.jpg
000192.jpg,http://www.fordsfieryfoodsandplants.com/peppers/image/cache/catalog/bubblegum%20Pumpkin/bg7p2-500x500.jpg
000193.jpg,https://scontent-lga3-1.cdninstagram.com/vp/1e956a51419c3ad63b5c6a605a778ec6/5DF795D1/t51.2885-15/e35/s1080x1080/66838494_653371748474452_8861659577103479935_n.jpg?_nc_ht=scontent-lga3-1.cdninstagram.com
000194.jpg,https://www.chileseeds.co.uk/wp-content/uploads/2016/10/KingNagachilliseeds-300x300.jpg
000195.jpg,https://www.chillies4u.co.uk/wp-content/uploads/2018/02/7-pot-peach-300x300.jpg
000196.jpg,https://scontent-sjc3-1.cdninstagram.com/vp/db1878e8c9c5a4d836e29ef04715ed56/5DC1BDCF/t51.2885-15/e35/s320x320/52038638_1631743470294342_7395145045602873991_n.jpg?_nc_ht=scontent-sjc3-1.cdninstagram.com&ig_cache_key=MTk5NDM4MDEwODczMTIyMzEyNw%3D%3D.2
000197.jpg,https://www.bmrgreenhouses.com/uploads/images/gardening-tips/hot-peppers-cropped.jpg
000198.jpg,https://scontent-cdt1-1.cdninstagram.com/v/t51.2885-15/e35/s320x320/67233069_497337720840399_6518176500340766844_n.jpg?_nc_ht=scontent-cdt1-1.cdninstagram.com&oh=5080388d2ce49ae7174b24309a6ca003&oe=5DF81A72&ig_cache_key=MjExODQ2NDkwMjA2MTc2MjMxOQ%3D%3D.2
000199.jpg,https://scontent-lga3-1.cdninstagram.com/v/t51.2885-15/sh0.08/e35/s750x750/66641744_2230336330397013_6762022352290373605_n.jpg?_nc_ht=scontent-lga3-1.cdninstagram.com&oh=4d04de4ee391f243ea4518f97b31a34f&oe=5E143487&ig_cache_key=MjExNTE3MDE0MTkyODEzNTU2MA%3D%3D.2
000200.jpg,https://www.peperoncinipiccanti.com/wp-content/uploads/2015/09/7pot-bubblegum-1500x1200.jpg
000201.jpg,https://www.pepperscale.com/wp-content/uploads/2017/07/7-Pot-Primo-Pepper-1024x342.jpg
000202.jpg,https://farm8.staticflickr.com/7838/47368180512_daf89f4ae9_b.jpg
000203.jpg,https://image.spreadshirtmedia.com/image-server/v1/mp/products/T691A251MPA3100PT17X25Y40D1018708442FS3245/views/1,width=800,height=800,appearanceId=251,backgroundColor=F2F2F2,version=1560593540/7-pot-bubblegum-chili-chilli-pepper-spicy-hot-unisex-tri-blend-t-shirt.jpg
000204.jpg,http://i20.photobucket.com/albums/b221/MavicaMedic/01%202015%20C2C/Started_Threads/2015_Grow_List/Sept1_Update/7%20POT%20BUBBLEGUM_Pheno1_1_zpss4ubtpsr.jpg
000205.jpg,http://www.bakerspeppers.com/images/1402103271155836613196.jpeg
000206.jpg,https://fv.lnwfile.com/rsjy62.jpg
000207.jpg,https://pepperhead.com/wp-content/uploads/2016/12/7-Pot-Brain-Strain-e1529503933559.jpg
000208.jpg,https://chilishop-werder.com/WebRoot/Store28/Shops/43e01a20-424a-48d1-a48b-85eeddc548ec/59E8/70F9/6940/592C/EDBF/0A48/3671/ED15/seven_pot_bubblegum_fruchte_rot.JPG
000209.jpg,https://m.blog.hu/fo/foolchili/image/.external/.thumbs/d2ec66214bc8025a66d149957c848d7d_e1b1c3ea48a3c07745d4b1e5a2e14014.jpg
000210.jpg,https://buyghostpepperplants.com/wp-content/uploads/2017/03/where_to_buy_yellow_jonah_7pot_7pod_trinidad_scorpion_seeds.jpg
000211.jpg,http://www.chillipikanterie.cz/img/uploads/hires/7pot_bubblegum3.jpg
000212.jpg,https://www.chilibaron.ch/images/stories/virtuemart/product/Bubblegum_Chocolate2.jpg
000213.jpg,http://www.alexpepper.it/wp-content/uploads/2016/03/20150426_104603.jpg
000214.jpg,https://pbs.twimg.com/media/EEq_RxXVAAAolqX.jpg
000215.jpg,https://chili-pepper.de/media/7pot-bubblegum-beeren-2.1210/full?d=1503915343
000216.jpg,https://i.pinimg.com/originals/5c/af/e1/5cafe1c7270ca9247f3fd2047d33375b.jpg
000217.jpg,http://thehotpepper.com/uploads/monthly_08_2013/post-5158-0-76757400-1376343149.jpg
000218.jpg,http://3.bp.blogspot.com/-ZIq5enU48tw/Vfa-QPkOcaI/AAAAAAAAFws/PLwezgg0fQU/s1600/P8070271%2BPink%2BTiger%2Bx%2BBBG7%2Bpot.jpg
000219.jpg,https://i0.wp.com/www.peppersbymail.com/wp-content/uploads/2016/09/me_n_bubblegum_01.jpg?fit=720%2C960
000220.jpg,https://www.superhotchiles.com/wp-content/uploads/2018/06/Naga_Bubblegum_Cross_Red-600x400.jpg
000221.jpg,https://images-eu.ssl-images-amazon.com/images/I/51vq4QrLWoL.jpg
000222.jpg,https://image.jimcdn.com/app/cms/image/transf/dimension=1820x1280:format=jpg/path/s642ddbcf311e4cbf/image/i8765d5d8a584b5b1/version/1511886411/image.jpg
000223.jpg,https://wacse.org/wp-content/uploads/2017/07/Photo-22-5-18-1-10-52-pm-300x300.jpg
000224.jpg,https://cdn11.bigcommerce.com/s-qqb56hyrha/images/stencil/500x659/products/2597/7735/1380EL__62445.1560130260.jpg?c=2
000225.jpg,https://img.tradera.net/medium/357/304311357_d1bb6279-1971-4d8e-a01b-dd4141d94d34.jpg
000226.jpg,https://i.redd.it/4747gluzsxg11.jpg
000227.jpg,https://i0.wp.com/pepperhead.com/wp-content/uploads/2016/12/7-Pot-Bubblegum2-e1529429664450.jpg?w=600
000228.jpg,https://images.okr.ro/serve/auctions.v7/2017/jan/08/b6a62368fece5abcd2c2b2a6b10f1ee1-4518196-400_400.jpg
000229.jpg,https://farm9.static.flickr.com/8802/28401697300_4920bbef39_b.jpg
000230.jpg,http://tomaten-chilis.de/shop/images/product_images/popup_images/1006_2.jpg
000231.jpg,https://i0.wp.com/ledgardener.com/wp-content/uploads/2016/12/DSC07425-1024x680.jpg?resize=676%2C449
000232.jpg,https://scontent-frx5-1.cdninstagram.com/v/t51.2885-15/e35/s320x320/67413731_149980009448959_7758028336993817846_n.jpg?_nc_ht=scontent-frx5-1.cdninstagram.com&oh=bba85a20fb971acebabf6dcf6a9c4a01&oe=5E14A38D&ig_cache_key=MjEwMTYyMTYyOTgxNjgyNzQ4OA%3D%3D.2
000233.jpg,http://www.chillipikanterie.cz/img/uploads/7pot_bubblegum_choco.png
000234.jpg,https://st.hzcdn.com/fimgs/fe727ec6084a2248_3473-w500-h375-b0-p0--.jpg
000235.jpg,https://image.spreadshirtmedia.com/image-server/v1/mp/products/T1197A1MPA3503PT17X0Y10D1018708442FS3397/views/1,width=378,height=378,appearanceId=1,backgroundColor=F2F2F2,modelId=1970,crop=list,version=1560593540,modelImageVersion=1550649373/7-pot-bubblegum-chili-chilli-pepper-spicy-hot-mens-5050-t-shirt.jpg
000236.jpg,https://pbs.twimg.com/media/BxLkQB_CcAArYup.jpg
000237.jpg,http://www.fordsfieryfoodsandplants.com/peppers/image/cache/catalog/Pimenta%20bg7/pbg72-500x500.jpg
000238.jpg,https://www.peperoncinipiccanti.com/wp-content/uploads/2015/09/7pot-bubblegum-red.jpg
000239.jpg,https://pepperdatabase.org/images/variety/7/7.jpg
000240.jpg,https://www.chilit.info/media/tiedostot/chilikuvat-2019/erittain-tuliset-chilit/7-pot-red.jpg
000241.jpg,https://cdn.shopify.com/s/files/1/2729/2104/products/Bubblegum_frukt_3_72953238-dcc7-4b8f-8214-7a4493e2155a_250x250@2x.jpg?v=1537432348
000242.jpg,https://chili-pepper.de/media/7pot-bubblegum-2.1175/full?d=1503419059
000243.jpg,https://iggyschillis.files.wordpress.com/2014/08/bubblegum-7-pot.jpg
000244.jpg,https://www.pepperworldhotshop.com/out/pictures/wysiwigpro/Kategorie%20Banner%20Chilisorten(1).jpg
000245.jpg,https://static.wixstatic.com/media/9bc169_8677b4b5ffcd485caaea02ae36e52f7d~mv2.jpg/v1/fill/w_638,h_638,al_c,q_85/9bc169_8677b4b5ffcd485caaea02ae36e52f7d~mv2.jpg
000246.jpg,https://chilli-seedz.com/wp-content/uploads/2016/03/7-Pot-Pink-2.jpg
000247.jpg,https://chilipflanzen.com/wp-content/uploads/2016/06/7-pot-chilli-peppers-fb.jpg
000248.jpg,http://i1302.photobucket.com/albums/ag122/Whybother/image_zpsq7kdgyby.jpeg
000249.jpg,https://deaflora.de/images/product_images/info_images/chili_7_pot_bubblegum_17.jpg
000250.jpg,https://scontent-yyz1-1.cdninstagram.com/vp/bc0213f75465487fa522a434b3b52fb2/5DE4AB87/t51.2885-15/sh0.08/e35/s640x640/66047091_335598030678177_4316784639281485292_n.jpg?_nc_ht=scontent-yyz1-1.cdninstagram.com
000251.jpg,https://www.cilicen.si/309-thickbox_default/7-pot-bubblegum-10-semen.jpg
000252.jpg,https://2.allegroimg.com/original/0c7bec/2b71c2554537b4671e6f6e593722
000253.jpg,https://www.natureltohum.com/image/cache/catalog/7-Pot-Douglah%20(700%20x%20700)-700x700.jpg
000254.jpg,https://cdn.shopify.com/s/files/1/1523/7044/products/7PotInfinity_large.jpg?v=1475803878
000255.jpg,https://buyghostpepperplants.com/wp-content/uploads/2017/03/how_to_water_red_jonah_7pot_trinidad_scorpion_pepper_plants.jpg
000256.jpg,http://4.bp.blogspot.com/-4Lbnbtwgw5w/Vfa-OWM6oWI/AAAAAAAAFwY/Hun2wyOQCQ0/s1600/P8070269%2BPink%2BTiger%2Bx%2BBBG7%2Bpot.jpg
000257.jpg,https://scontent-arn2-1.cdninstagram.com/vp/36a02f8560caed13e95ed8aed7ad06ad/5E172C9A/t51.2885-15/e35/s1080x1080/69192568_133072461337612_6132242954826183659_n.jpg?_nc_ht=scontent-arn2-1.cdninstagram.com&_nc_cat=104
000258.jpg,https://i.pinimg.com/originals/74/75/53/747553914bae5bbcc4f7e97f8dac13c5.jpg
000259.jpg,https://cdn.shopify.com/s/files/1/0220/1512/products/7_pot_barrackpore_yellow_3e443aa8-8149-438a-8980-e8213d25f336_medium.jpg?v=1540538153
000260.jpg,http://i1321.photobucket.com/albums/u553/Bunnykiller187/Mobile%20Uploads/IMG_6512043797506_zpsqbkqtguo.jpeg
000261.jpg,https://ws-eu.amazon-adsystem.com/widgets/q?_encoding=UTF8&ASIN=B01ALF82TY&Format=_SL250_&ID=AsinImage&MarketPlace=DE&ServiceVersion=20070822&WS=1&tag=chilipflanzen-21
000262.jpg,https://i.ytimg.com/vi/XYwy6X_NysQ/maxresdefault.jpg
000263.jpg,https://wacse.org/wp-content/uploads/2017/03/Photo-27-3-17-11-21-56-am-300x300.jpg
000264.jpg,https://thechillifactory.com/images/products/Cropped_IMG_5230.jpg
000265.jpg,https://www.semillas.de/pepper_fruits/white_bubblegum.jpg
000266.jpg,https://image.winudf.com/v2/image/Y29tLmFwcGZhY3RvcnkuamFsYXBlbm9fc2NyZWVuXzFfMTUwNzkyMjc2N18wNjU/screen-1.jpg?h=355&fakeurl=1&type=.jpg
000267.jpg,https://cdn.shopify.com/s/files/1/0019/9884/8099/products/346645-95d3ddbe68d64b069c75b3d8c0dddc4f_1024x1024.png?v=1551868765
000268.jpg,https://www.chillibrothers.sk/wp-content/uploads/2016/11/7-pot-bubblegum-ochutn%C3%A1vka.png
000269.jpg,https://birdhousechillies.files.wordpress.com/2019/04/7-pot-bubblegum-plant-after-topping.jpg?w=640
000270.jpg,http://www.chilibaron.ch/images/stories/virtuemart/product/S%C3%A4mling2.jpg
000271.jpg,http://i1302.photobucket.com/albums/ag122/Whybother/image_zpspmckfccy.jpeg
000272.jpg,https://i.imgur.com/IqLWF7E.jpg
000273.jpg,https://deaflora.de/images/product_images/info_images/chili_7_pot_bubblegum_12.jpg
000274.jpg,https://www.natureltohum.com/image/cache/catalog/maxresdefault%20(700%20x%20700)-700x700.jpg
000275.jpg,http://2.bp.blogspot.com/-xILFjjyl23s/VAX9N0Mh3sI/AAAAAAAADg8/SKgvpen0HII/s1600/IMG_0460_BBG7%2BMAMP%2BMojo.jpg
000276.jpg,https://buyghostpepperplants.com/wp-content/uploads/2017/03/yellow_jonah_7pot_7pod_trinidad_scorpion_fresh_pepper.jpg
000277.jpg,https://cdn.shopify.com/s/files/1/1523/7044/products/nopictureavailable-50_620c6d36-edf7-400b-8cce-c22076d415a1_large.JPG?v=1475897691
000278.jpg,https://www.semillas.de/pepper_fruits/bleeding_heart.jpg
000279.jpg,https://cdn.shopify.com/s/files/1/1145/1260/products/BBG7-chocolate-10_large.jpg?v=1561731679
000280.jpg,http://i20.photobucket.com/albums/b221/MavicaMedic/01%202015%20C2C/Started_Threads/2015_Grow_List/Sept1_Update/7%20POT%20BUBBLEGUM1_Pheno2_zpstuq3hfzl.jpg
000281.jpg,http://www.fordsfieryfoodsandplants.com/peppers/image/cache/catalog/bubblegum%20Pumpkin/bg7p-500x500.jpg
000282.jpg,https://cdn.shopify.com/s/files/1/0019/9884/8099/products/346645-ca06e029a6324db2a5f075470cf3b7d8_300x300.png?v=1551868939
000283.jpg,https://i.ytimg.com/vi/61XHrTM8iX0/maxresdefault.jpg
000284.jpg,https://www.chillibrothers.sk/wp-content/uploads/2016/10/7-Pot-bubblegum-1024x680.jpg
000285.jpg,https://www.pepperfriends.org/uploads/7pod-bubblegum-white/001/7pod-bubblegum-white_001_fiore_05.jpg
000286.jpg,http://bakerspeppers.com/images/BBOS%202018.jpg
000287.jpg,https://static.wixstatic.com/media/9bc169_ecc47cac86254afa885b80808f36f76b~mv2.jpg/v1/fill/w_638,h_638,al_c,q_85/9bc169_ecc47cac86254afa885b80808f36f76b~mv2.jpg
000288.jpg,https://d.allegroimg.com/s512/03a56d/19b079b44d088ec64d03e1c0a94d/NOWOSC-CHILI-7POT-BUBBLEGUM-CHOCOLATE-TYLKO-U-NAS
000289.jpg,http://www.chillipikanterie.cz/img/uploads/hires/7pot_bubblegum_peach2.jpg
000290.jpg,https://cdn.shopify.com/s/files/1/1523/7044/products/7PotKatie_large.jpg?v=1481166695
000291.jpg,https://i.redd.it/qowtyx119p811.jpg
000292.jpg,https://pbs.twimg.com/media/COFgXIxXAAE-_gz.jpg
000293.jpg,http://3.bp.blogspot.com/-qTkP6SVe3PQ/VC6nXwSeyXI/AAAAAAAAD9w/cGUXAa58JmQ/s1600/P9220501_%2BBBG7%2BMamp%2BChinense%2Bchili%2Bpepper.jpg
000294.jpg,https://deaflora.de/images/product_images/info_images/chili_7_pot_bubblegum_15.jpg
000295.jpg,https://www.natureltohum.com/image/cache/catalog/1486386320_doug%20(700%20x%20700)-700x700.jpg
000296.jpg,https://images-na.ssl-images-amazon.com/images/I/51Mpdmjd8XL._SS500_.jpg
000297.jpg,https://buyghostpepperplants.com/wp-content/uploads/2017/03/nutrients_and_fertilizers_red_jonah_7pot_trinidad_scorpion_pepper_plants.jpg
000298.jpg,https://i.ytimg.com/vi/GiMbGVC2wds/hqdefault.jpg
000299.jpg,http://i1302.photobucket.com/albums/ag122/Whybother/IMG_1780_zpsyczyspn6.jpg
000300.jpg,https://www.pepperfriends.org/uploads/7pod-bubblegum-white/001/7pod-bubblegum-white_001_frutto_03.jpg
000301.jpg,http://i1026.photobucket.com/albums/y328/US-Zone4-Gardener/9115/8eb8b727-f6c0-41a9-aa63-33cac33154cd_zpszaj7xcp7.jpg
000302.jpg,https://thechillifactory.com/images/products/IMG_3766.jpg
000303.jpg,http://www.chillipikanterie.cz/img/uploads/hires/7pot_bubblegum2.jpg
000304.jpg,https://wacse.org/wp-content/uploads/2017/07/Photo-3-7-17-6-06-15-pm.jpg
000305.jpg,http://thumb2.zeppy.io/d/l400/pict/323837652527/devil-s-tongue-pepper-live-plant-exotic-chile-plant
000306.jpg,https://deaflora.de/images/product_images/info_images/chili_7_pot_bubblegum_16.jpg
000307.jpg,https://buyghostpepperplants.com/wp-content/uploads/2017/03/red_jonah_7pot_trinidad_scorpion_pepper_photos_and_pictures.jpg
000308.jpg,https://pbs.twimg.com/media/COFgXIuWsAEshJ4.jpg
000309.jpg,https://i.ytimg.com/vi/JEIX33vsgnQ/maxresdefault.jpg
000310.jpg,https://i.imgur.com/inejnJD.jpg
000311.jpg,https://cdn.shopify.com/s/files/1/1523/7044/products/7PotBrown_large.jpg?v=1475803363
000312.jpg,http://i1294.photobucket.com/albums/b612/Acigaraday/image.jpg2_zpscqomcj5m.jpg
000313.jpg,https://i0.wp.com/www.peppersbymail.com/wp-content/uploads/2017/10/chocolate_bubblegum_2.jpg?w=600
000314.jpg,http://www.chillipikanterie.cz/img/uploads/hires/7pot_bubblegum_peach3.jpg
000315.jpg,https://www.semillas.de/pepper_fruits/7pot_bubblegum.jpg
000316.jpg,https://wacse.org/wp-content/uploads/2017/07/Photo-3-7-17-6-06-19-pm-300x300.jpg
000317.jpg,http://2.bp.blogspot.com/-mBOi-sRgxeA/VD4520M4EGI/AAAAAAAAEIo/cFp7Dd4pD4s/s1600/PA120560%2BBBG7%2BMAMP.jpg
000318.jpg,https://deaflora.de/images/product_images/info_images/chili_7_pot_bubblegum_20.jpg
000319.jpg,https://pbs.twimg.com/media/DtbTKgqVYAAwLna.jpg
000320.jpg,https://buyghostpepperplants.com/wp-content/uploads/2017/03/nutrients_and_fertilizers_jonah_7pot_trinidad_scorpion_pepper_plants.jpg
000321.jpg,https://wacse.org/wp-content/uploads/2017/07/Photo-3-7-17-6-06-33-pm-300x300.jpg
000322.jpg,https://i.redd.it/xsn1te9u1pr01.jpg
000323.jpg,https://cdn.shopify.com/s/files/1/1523/7044/products/ChocolateBrainStrain_large.jpg?v=1475803297
000324.jpg,https://i.ytimg.com/vi/Y1Zh1Koo8Zo/hqdefault.jpg
000325.jpg,https://cdn.shopify.com/s/files/1/1145/1260/products/bbg7-srtsl-orange-nc_large.jpg?v=1561731684
000326.jpg,http://i1318.photobucket.com/albums/t651/Nigel_Carter/20151124_175736-1_zpsjesherzg.jpg
000327.jpg,https://images-na.ssl-images-amazon.com/images/I/51waKtQOHJL._SX425_.jpg
000328.jpg,https://thechillifactory.com/images/products/crop_IMG_9909.jpg
000329.jpg,http://3.bp.blogspot.com/-7DQia0tE4KE/VAX9SXy_5HI/AAAAAAAADhQ/6QRPLwSWEIs/s1600/IMG_0463_BBG7%2BMAMP%2BMojo.jpg
000330.jpg,https://buyghostpepperplants.com/wp-content/uploads/2017/03/where_to_buy_red_jonah_7pot_7pod_trinidad_scorpion_live_pepper_plants.jpg
000331.jpg,https://deaflora.de/images/product_images/info_images/chili_7_pot_bubblegum_3.jpg
000332.jpg,http://i.imgur.com/jEBGbJz.jpg
000333.jpg,http://i.imgur.com/LWTrRKf.jpg
000334.jpg,https://i.ytimg.com/vi/lr96YKk_RVw/hqdefault.jpg
000335.jpg,https://galleryplus.ebayimg.com/ws/web/302565126805_1_2_1.jpg
000336.jpg,http://www.chillipikanterie.cz/img/uploads/hires/pyre_7pot_bubblegum_choco1.jpg
000337.jpg,https://wacse.org/wp-content/uploads/2017/04/Photo-10-4-17-5-16-28-am-300x300.jpg
000338.jpg,http://4.bp.blogspot.com/-M-HDs9eO_KY/VB7y9gBuJYI/AAAAAAAADwo/5tcgWZyjhlM/s1600/P9180505_BBG7%2BMAMP.jpg
000339.jpg,https://pbs.twimg.com/media/DnpDnj9U0AE5Via.jpg
000340.jpg,https://i.ytimg.com/vi/BIIdt2RP81o/hqdefault.jpg
000341.jpg,http://i1224.photobucket.com/albums/ee376/Elasaraj/DSC03061.jpg
000342.jpg,http://www.chillipikanterie.cz/img/uploads/hires/7pot_bubblegum_choco3.jpg
000343.jpg,https://pbs.twimg.com/media/DmXy_T4X0AANyVy.jpg
000344.jpg,http://1.bp.blogspot.com/-KY731hBoano/Vfa-QzjuHjI/AAAAAAAAFw0/t40rQBkcJYc/s1600/P8070272%2BPink%2BTiger%2Bx%2BBBG7%2Bpot.jpg
000345.jpg,https://i.redd.it/eet1crqsvco01.jpg
000346.jpg,https://chilli-seedz.com/wp-content/uploads/2016/02/7-pot-BBS-red-254x203.jpg
000347.jpg,http://i.imgur.com/fY4Lq8U.jpg
000348.jpg,https://pbs.twimg.com/media/DnpDnjzUwAA6wSC.jpg
000349.jpg,https://external-preview.redd.it/nzPBOnQN1rAJtP85q5QpnOfz0pRgj25bhfJpmy6LVpc.jpg?width=1200&height=628.272251309&auto=webp&s=cc28c772ffbd4142cb9f056a31ee561b13591f1d
000350.jpg,http://i.imgur.com/XyWCSze.jpg
000351.jpg,http://3.bp.blogspot.com/-U54MWrBlUcQ/VBFnallw5oI/AAAAAAAADq8/xmv37yPi56M/s1600/P9060515_%2BBBG7%2BMamp.jpg
000352.jpg,https://pepperhead.com/wp-content/uploads/2016/12/7-Pot-Bubblegum-e1529429619806.jpg
000353.jpg,https://pepperhead.com/wp-content/uploads/2016/12/7-Pot-Bubblegum.jpg
000354.jpg,https://www.pepperscale.com/wp-content/uploads/2017/07/7-Pot-Bubblegum.jpg
000355.jpg,https://pepperhead.com/wp-content/uploads/2016/12/7-Pot-Bubblegum2.jpg
000356.jpg,https://pepperhead.com/wp-content/uploads/2016/12/7-Pot-Bubblegum2-e1529429664450.jpg
000357.jpg,http://www.chillipikanterie.cz/img/uploads/hires/7pot_bubblegum1.jpg
000358.jpg,http://i.ebayimg.com/images/i/331958656884-0-1/s-l1000.jpg
000359.jpg,https://acimg.auctivacommerce.com/imgdata/0/1/4/8/9/9/webimg/9104846.jpg
000360.jpg,http://www.chilefoundry.com/wp-content/uploads/IMG_3113a.jpg
000361.jpg,http://www.peppersbymail.com/wp-content/uploads/2017/10/yellow_7_pot_bubblegum_seeds.jpg
000362.jpg,http://www.chillipikanterie.cz/img/uploads/hires/7pot_bubblegum2.jpg
000363.jpg,https://cdn.webshopapp.com/shops/60827/files/244641737/7-pot-bubblegum.jpg
000364.jpg,https://cdn.shopify.com/s/files/1/0915/1060/products/Bhutlah_Bubblegum_Pepper_grande.jpg
000365.jpg,https://chilli-seedz.com/wp-content/uploads/2016/11/P1011416-Edit-900x900.jpg
000366.jpg,https://chilli-seedz.com/wp-content/uploads/2016/11/P1011414-Edit-900x900.jpg
000367.jpg,https://chilli-seedz.com/wp-content/uploads/2016/11/P1011496-Edit-Edit-900x900.jpg
000368.jpg,https://chilli-seedz.com/wp-content/uploads/2016/11/P1011487-Edit-900x900.jpg
000369.jpg,http://www.fordsfieryfoodsandplants.com/peppers/image/cache/catalog/bg7chocolate/bg7chocolate1-500x500.jpg
000370.jpg,http://www.peppersbymail.com/wp-content/uploads/2017/10/yellow_7_pot_bubblegum_1.jpg
000371.jpg,https://chilli-seedz.com/wp-content/uploads/2017/08/BBG-Choc-Small-3.JPG-900x900.jpg
000372.jpg,http://www.fordsfieryfoodsandplants.com/peppers/image/cache/catalog/bg7chocolate/bg7chocolate-500x500.jpg
000373.jpg,http://www.deaflora.de/images/product_images/original_images/chili_7_pot_bubblegum_14.jpg
000374.jpg,https://chilli-seedz.com/wp-content/uploads/2016/11/P1011776-Edit-900x900.jpg
000375.jpg,http://www.chillipikanterie.cz/img/uploads/hires/7pot_bubblegum3.jpg
000376.jpg,https://www.hot-chili-shop.de/wp-content/uploads/2014/10/7-Pot-Bubblegum.jpg
000377.jpg,http://www.chillipikanterie.cz/img/uploads/hires/7pot_bubblegum_choco2.jpg
000378.jpg,http://www.fordsfieryfoodsandplants.com/peppers/image/cache/catalog/Pimenta%20bg7/pbg7-500x500.jpg
000379.jpg,https://www.superhotchiles.com/wp-content/uploads/2018/06/Bubblegum_7_Pot_9-600x400.jpg
000380.jpg,http://www.devonchilliman.co.uk/wp-content/uploads/2017/03/7-pot-bubblegum-chilli.jpg
000381.jpg,https://cdn.shopify.com/s/files/1/0915/1060/products/Naga_BG7_Red_grande.jpg
000382.jpg,http://www.chilefoundry.com/wp-content/uploads/IMG_2269-1024x764.jpg
000383.jpg,http://www.chilli-semena.cz/user/7416/upload/stuff/resized/5620138_600-600.jpg
000384.jpg,http://www.peppersbymail.com/wp-content/uploads/2017/10/chocolate_bubblegum_1.jpg
000385.jpg,https://chilli-seedz.com/wp-content/uploads/2017/08/BBG-Choc-Small-2.JPG-900x900.jpg
000386.jpg,http://www.fordsfieryfoodsandplants.com/peppers/image/cache/catalog/Pimenta%20bg7/pbg72-500x500.jpg
000387.jpg,http://www.deaflora.de/images/product_images/info_images/chili_7_pot_bubblegum_20.jpg
000388.jpg,http://www.chillipikanterie.cz/img/uploads/hires/7pot_bubblegum_choco1.jpg
000389.jpg,https://www.cilicen.si/175-thickbox_default/7-pot-bubblegum-10-semen.jpg
000390.jpg,http://www.peppersbymail.com/wp-content/uploads/2017/10/chocolate_bubblegum_seeds.jpg
000391.jpg,http://www.peppersbymail.com/wp-content/uploads/2017/10/chocolate_bubblegum_2.jpg
000392.jpg,https://www.chili-seminka.cz/1925-thickbox_default/7-pot-bubblegum-semena.jpg
000393.jpg,https://cdn.webshopapp.com/shops/60827/files/236356208/7-pot-bubblegum-white.jpg
000394.jpg,https://chilli-seedz.com/wp-content/uploads/2017/08/BBG-Choc-Small.jpg
000395.jpg,http://2.bp.blogspot.com/-y9wCjGLypmA/Vfa-OAiyUMI/AAAAAAAAFwU/4ckeZI2GHSk/s1600/P8070267%2BPink%2BTiger%2Bx%2BBBG7%2Bpot.jpg
000396.jpg,https://i0.wp.com/www.peppersbymail.com/wp-content/uploads/simple_photo_gallery/21/white_bubblegum.jpg
000397.jpg,https://cdn.webshopapp.com/shops/60827/files/236356196/7-pot-bubblegum-white.jpg
000398.jpg,https://i0.wp.com/www.peppersbymail.com/wp-content/uploads/2015/09/white_bubblegum.jpg
000399.jpg,http://1.bp.blogspot.com/-eRgLDLP7r38/VBFncBunbiI/AAAAAAAADrI/j4O9wXr_4Us/s1600/P9060516_%2BBBG7%2BMamp.jpg
000400.jpg,http://www.peppersbymail.com/wp-content/uploads/simple_photo_gallery/21/white_bubblegum_01.jpg
000401.jpg,http://www.peppersbymail.com/wp-content/uploads/2017/10/chocolate_bubblegum_3jpg.jpg
000402.jpg,https://www.cilicen.si/309-thickbox_default/7-pot-bubblegum-10-semen.jpg
000403.jpg,https://i1.wp.com/www.peppersbymail.com/wp-content/uploads/2015/09/42472044_1611311432302026_4536604024383733760_n.jpg
000404.jpg,http://cdn1.bigcommerce.com/server700/5mvrqhbm/products/4987/images/146787/7-pot-bubble-gum-pimenta-neyde-pepper__92982.1481853783.1280.1280.jpg
000405.jpg,http://2.bp.blogspot.com/-CQosbR30CJ8/Vfa-TVlLq-I/AAAAAAAAFxA/O3FzclPVA3c/s1600/P8090067%2BPink%2BTiger%2Bx%2BBBG7%2Bbleeding%2Bcalyx%2Bpheno.jpg
000406.jpg,http://4.bp.blogspot.com/-46-e-60mG_Y/Vfa-T4ZzAuI/AAAAAAAAFxI/mVkOi2psrLk/s1600/P8090068%2BPink%2BTiger%2Bx%2BBBG7%2Bbleeding%2Bcalyx%2Bpheno.jpg
000407.jpg,http://thehotpepper.com/uploads/monthly_08_2016/post-8323-0-70937900-1472438859.jpg
000408.jpg,https://4.bp.blogspot.com/-4Lbnbtwgw5w/Vfa-OWM6oWI/AAAAAAAAFwY/Hun2wyOQCQ0/s1600/P8070269%2BPink%2BTiger%2Bx%2BBBG7%2Bpot.jpg
000409.jpg,https://3.bp.blogspot.com/-uPXPwcTo2MM/Vfa-OTA4HCI/AAAAAAAAFwg/h8rtUVHnVJw/s1600/P8070266%2BPink%2BTiger%2Bx%2BBBG7%2Bpot.jpg
000410.jpg,http://www.peppersbymail.com/wp-content/uploads/2015/09/yellow_bubblegum_01.jpg
000411.jpg,https://www.bmorespicy.com/wp-content/uploads/imported/1/10-Seeds-RED-BORG-Extreme-Hot-pepper-SUPER-RARE-Naglah-x-Bubblegum-7-pot-cross-172126872081.jpg
000412.jpg,https://cdn.shopify.com/s/files/1/0915/1060/products/Bhutlah_Bubblegum_Pepper1.jpg
000413.jpg,https://cdn.shopify.com/s/files/1/0915/1060/products/Bhutlah_BG7_Red.jpg
000414.jpg,http://www.peppersbymail.com/wp-content/uploads/2015/09/yellow_bubblegum_02.jpg
000415.jpg,http://3.bp.blogspot.com/-ijOxaBYlvnw/Vfa-W6HWR9I/AAAAAAAAFxY/_jUsobV0UIE/s1600/P8090078%2BPink%2BTiger%2Bx%2BBBG7%2Bbleeding%2Bcalyx%2Bpheno.jpg
000416.jpg,http://img.crazylister.com/8863/images/BUBBLE%20TUBZ%20LISTINGS/2%20POT%20BUBBLE%20TUBZ/2%20pot%2026L%20bubble%20tubz,%20large%20net%20pots,%20ss7/2%20pot%20bubble%20tubz%20side%20on%20view,%20ss7,large%20net.jpg
000417.jpg,http://2.bp.blogspot.com/-Zwf1-t0H7ME/Vfa-XPJiObI/AAAAAAAAFxc/gOuuCeaev8w/s1600/P8090082%2BPink%2BTiger%2Bx%2BBBG7%2Bbleeding%2Bcalyx%2Bpheno.jpg
000418.jpg,https://img.crazylister.com/8863/images/BUBBLE%20TUBZ%20LISTINGS/2%20POT%20BUBBLE%20TUBZ/2%20pot%2016L%20bubble%20tubz%2C%20small%20net%20pots%2C%20ss7/2%20pot%205L%20system%20with%20white%20background%20ss7pump.jpg
000419.jpg,http://2.bp.blogspot.com/-pv2qi_uTTNI/UQXih8b8h7I/AAAAAAAAAMw/WklalEfa3M0/s1600/Bubble+pot+2.jpg
000420.jpg,https://i.pinimg.com/736x/54/9e/fb/549efbf946539a3552cc1deceb7f2c0a--clay-pot-crafts-gumball-machine.jpg
000421.jpg,https://i.pinimg.com/736x/81/be/d2/81bed2a60f93287e7ad546c154330097--candy-jar-clay-pot-flower-pot-candy-jar.jpg
000422.jpg,https://s1.bukalapak.com/img/1182280811/w-1000/Benih_biji_Cabe_hias_superhot_7_Pot_Bubblegum_Elongated.jpg
000423.jpg,https://s-media-cache-ak0.pinimg.com/736x/57/31/a8/5731a84ea83130ec4bf9867fa06bcd7d--gumball-clay-pots.jpg
000424.jpg,https://i.pinimg.com/736x/f3/3e/08/f33e0881ecff7ca260c2dc9c1e6ab093--fiesta-mickey-gumball-machine.jpg
000425.jpg,https://s-media-cache-ak0.pinimg.com/736x/7a/c3/4e/7ac34e792bf80a0266195d941a9d9af3.jpg
000426.jpg,https://s-media-cache-ak0.pinimg.com/736x/c7/0f/26/c70f262403772d1749b571ee8e67a5cc.jpg
000427.jpg,https://i.pinimg.com/736x/b5/70/79/b570791e2f54e7edd075f199eef62327--clay-pot-crafts-gumball-machine.jpg
000428.jpg,https://i.pinimg.com/736x/c5/7e/29/c57e29520aa6ee64d10c6a54342c932a--candy-jars-candy-dishes.jpg
000429.jpg,https://s-media-cache-ak0.pinimg.com/736x/e7/f6/e2/e7f6e217792ddbfdaff97841f5e96b26.jpg
000430.jpg,https://s-media-cache-ak0.pinimg.com/736x/1e/7c/eb/1e7ceb87b6637b38918c9c6fc36903c1.jpg
000431.jpg,https://i.pinimg.com/originals/37/ad/9e/37ad9ecd4a7cb92af081b404de22b458.jpg
000432.jpg,https://s-media-cache-ak0.pinimg.com/736x/d4/35/d7/d435d7a196dfac5466bc68845c4cdf6b.jpg
000433.jpg,http://1.bp.blogspot.com/-mSw0Ji7_Hz0/Tdn6W0amTPI/AAAAAAAABiA/oGGCNkhDbmw/s1600/diy-gumball-machine-machines-make-your-own-how-to-tutorial-pot-bowl.jpg
000434.jpg,https://s-media-cache-ak0.pinimg.com/736x/1b/bb/7a/1bbb7a0588225ce1f935b6fa994de4f9--gumball-machine-cute-ideas.jpg
000435.jpg,https://i.pinimg.com/736x/e4/f2/4b/e4f24bc73d7ee20ebfac9893d3de2b06--gumball-machine-candy-jars.jpg
000436.jpg,https://s-media-cache-ak0.pinimg.com/736x/58/aa/67/58aa670bd1ed6fcb20ba3fbe7d5caf91--painted-pots-terracotta-pots.jpg
000437.jpg,https://s-media-cache-ak0.pinimg.com/736x/a8/0d/3a/a80d3a6d9666601d384d73e7ff48ad69.jpg
000438.jpg,https://d2ul0w83gls0j4.cloudfront.net/products/11/600/1145372.jpg
000439.jpg,https://s-media-cache-ak0.pinimg.com/736x/1e/12/20/1e1220aa1deae3c5c1d37131e59848c7.jpg
000440.jpg,http://4.bp.blogspot.com/-dlkwUMIPe7s/TzaIHw0Zn1I/AAAAAAAABg8/2akIlWnlEqc/s1600/flower+pot+candy+dish.jpg
000441.jpg,https://s-media-cache-ak0.pinimg.com/736x/2f/de/bf/2fdebf6dcc4a0c5679e648736aba7b2e.jpg
000442.jpg,https://s-media-cache-ak0.pinimg.com/736x/06/01/7d/06017db9fb28190869927c99cac911df--clay-pot-crafts-gumball-machine.jpg
000443.jpg,https://i.pinimg.com/736x/b1/4e/fd/b14efd43ff22f02e91faab7adf11332d--gumball-machine-terracotta-pots.jpg
000444.jpg,https://trademe.tmcdn.co.nz/photoserver/full/1093650490.jpg
000445.jpg,https://s-media-cache-ak0.pinimg.com/736x/ee/5d/92/ee5d92f9a0da463e1b0ae7d3c17fc83a--ceramic-pots-clay-pots.jpg
000446.jpg,https://i.pinimg.com/736x/26/7a/34/267a348da42a28cfa27211a0601c8140--disney-savings-jar-gumball-machine-diy.jpg
000447.jpg,https://i.pinimg.com/736x/9a/61/72/9a6172797ee3c28ce7ca9fc10bd3c649--candy-centerpieces-clay-pot-crafts.jpg
000448.jpg,https://i.pinimg.com/originals/7d/ff/3d/7dff3d30f12b52b77a3dbdfc69a45eaa.jpg
000449.jpg,https://i.pinimg.com/originals/ae/d8/ca/aed8caf538fda39c341f0893561bbc7a.jpg
000450.jpg,https://s-media-cache-ak0.pinimg.com/736x/48/c7/ef/48c7ef049a473b924a4e8b03dc6af9d5.jpg
000451.jpg,https://i.pinimg.com/originals/52/a2/61/52a261cb7b450586ff5225f44f1868f1.jpg
000452.jpg,https://i.pinimg.com/736x/57/06/9b/57069b00dc1febba7f0bfcc6f9866bcf--gumball-machine-terracotta-pots.jpg
000453.jpg,https://i.pinimg.com/736x/df/d2/c3/dfd2c302fa78a3f39c9b9defacd7f48d--candy-jars-candy-dishes.jpg
000454.jpg,https://i.pinimg.com/736x/89/c3/9c/89c39c9677c82521efde7dcea979780e--terracotta-pots-ceramic-pots.jpg
000455.jpg,https://www.thebubble.com/wp-content/uploads/IMG_2854-copy-1024x631.jpg
000456.jpg,https://i.pinimg.com/736x/d3/71/38/d3713808ac2c3b2c953d34e209b7a59b--candy-jars-candy-dishes.jpg
000457.jpg,https://cdn.shopify.com/s/files/1/1069/0448/products/e599dd65-f265-5111-b4dc-0f211737957f_1024x1024.jpg
000458.jpg,https://cook.me/wp-content/uploads/2019/10/Sweet-Savory-Beef-Stew-Recipe-How-To-Make-Sweet-Savory-Beef-Stew-Delicious-Sweet-Savory-Beef-Stew-10.jpg
000459.jpg,https://cdn.shopify.com/s/files/1/2194/3551/products/hanna-instruments-hi-1285-7-phectds-probe-for-hi-9814-tester-hanna-instruments_600x.jpg
000460.jpg,https://i.pinimg.com/originals/69/50/21/69502177f0db941b0e0ee1c7f1864ff7.jpg
000461.jpg,https://bestcraftsandrecipes.com/wp-content/uploads/2019/10/pot-roast-dinner.jpg
000462.jpg,https://i.pinimg.com/originals/2f/de/bf/2fdebf6dcc4a0c5679e648736aba7b2e.jpg
000463.jpg,https://i.pinimg.com/originals/90/d2/7d/90d27d073fb2c2e635ba5ee2e277173a.jpg
000464.jpg,https://s-media-cache-ak0.pinimg.com/736x/ff/74/01/ff740111a4f5fe748359f00e90e7c646--gumball-machine-candy-jars.jpg
000465.jpg,https://di2ponv0v5otw.cloudfront.net/posts/2019/10/23/5db11ac8bbf0760a28774f83/m_5db11ae22e7c2f2bd9da888d.jpg
000466.jpg,https://s-media-cache-ak0.pinimg.com/736x/69/50/21/69502177f0db941b0e0ee1c7f1864ff7--clay-pot-crafts-painted-pots.jpg
