image,source
000001.jpg,https://www.pepperscale.com/wp-content/uploads/2017/08/7-Pot-Jonah-768x432.jpg
000002.jpg,https://www.cayennediane.com/wp-content/uploads/7-Pot-Jonah-.jpg
000003.jpg,https://www.superhotchiles.com/wp-content/uploads/2018/04/Trinidad-7-Pot-Jonah-seeds.jpg
000004.jpg,http://www.htpepper.com/wp-content/uploads/2015/09/7PotJonah01.jpg
000005.jpg,https://cdn.shopify.com/s/files/1/0220/1512/products/7_Pot_Jonah_Red_1_0dcd85bd-d073-498a-aebd-6c57e39ffec9_800x.jpg?v=1540538161
000006.jpg,https://chilli-seedz.com/wp-content/uploads/2015/10/7-Pot-Jonah-Ripe-900x900.jpg
000007.jpg,https://www.magicplantfarms.com/wp-content/uploads/2016/10/Trinidad-7-Pot-7-Pod-Jonah-400.jpg
000008.jpg,https://cdn.shopify.com/s/files/1/0871/0950/products/7PotJonah_1024x1024.gif?v=1548196388
000009.jpg,https://www.mopeppers.at/media/image/product/3493/lg/7-pot-jonah-strain.jpg
000010.jpg,http://www.htpepper.com/wp-content/uploads/2015/09/7PJ-x-TSY-RedF2-01.jpg
000011.jpg,https://i.ebayimg.com/images/g/xZ8AAOSweW5U-uug/s-l300.jpg
000012.jpg,https://images-na.ssl-images-amazon.com/images/I/51%2BkNCtR4nL._SR600%2C315_PIWhiteStrip%2CBottomLeft%2C0%2C35_SCLZZZZZZZ_.jpg
000013.jpg,http://cdn.shopify.com/s/files/1/0011/9514/7364/products/il_fullxfull.1054331287_safc_22597d14-3061-4034-8c5a-4dd7151614c9_1200x1200.jpg?v=1542950426
000014.jpg,https://www.chileseeds.co.uk/wp-content/uploads/2016/10/Trinidad7PodJonahchilliseeds.jpg
000015.jpg,https://www.ukchilliseeds.co.uk/ekmps/shops/chilliwizard/images/trinidad-7-pod-jonah-10-x-seeds-674-p.jpg
000016.jpg,https://www.superhotchiles.com/wp-content/uploads/2018/04/7-Pot-Wes-Pepper-Seeds.jpg
000017.jpg,https://www.chili-shop24.com/media/image/d0/b5/f0/fbb13bf2f6828912fc184759046beedc_600x600.jpg
000018.jpg,https://www.hottyplace.com/1923-tm_thickbox_default/7-pot-jonah-peperoncino-trinidad-seven-pod-polvere-molto-piccante-flacone-10g.jpg
000019.jpg,https://i.ytimg.com/vi/UN8KccY6DT8/maxresdefault.jpg
000020.jpg,https://i0.wp.com/www.peppersbymail.com/wp-content/uploads/2015/09/7_pot_jonah.jpg?fit=1280%2C960
000021.jpg,https://i.pinimg.com/originals/82/85/b2/8285b2e3779e28a6836c3709bdb06753.jpg
000022.jpg,https://images-na.ssl-images-amazon.com/images/I/61ybMN85aCL._SL1000_.jpg
000023.jpg,https://thehippyseedcompany.com/wp-content/uploads/2017/06/7-Pod-Jonah-Yellow-2.jpg
000024.jpg,http://cdn.shopify.com/s/files/1/0220/1512/products/7_Pot_Jonah_Orange_2a6124a7-ef40-48c8-b3bf-2c605542488f_1200x630.jpg?v=1540538163
000025.jpg,https://markdaviesseeds.co.uk/content/images/thumbs/0002701_20-seeds-trinidad-7-pot-jonah_550.jpeg
000026.jpg,https://www.hottyplace.com/1921-tm_thickbox_default/7-pot-jonah-peperoncino-trinidad-seven-pod-polvere-molto-piccante-flacone-10g.jpg
000027.jpg,https://static.wixstatic.com/media/b7697a_c3120e6ab6c7401eaec3281162d524c5~mv2_d_3024_4032_s_4_2.jpg/v1/fill/w_480,h_640,al_c,q_85,usm_0.66_1.00_0.01/b7697a_c3120e6ab6c7401eaec3281162d524c5~mv2_d_3024_4032_s_4_2.jpg
000028.jpg,https://cdn11.bigcommerce.com/s-f6cx4kq/images/stencil/1280x1280/products/128/1080/7_pot_brain_strain__08941.1549136264.jpg?c=2&imbypass=on
000029.jpg,https://ghostpepperstore.com/assets/images/FreshPeppers/7PotJonah.jpg
000030.jpg,https://www.mopeppers.at/media/image/product/3492/lg/7-pot-chaguanas-yellow_1.jpg
000031.jpg,https://www.chillihead.co.za/image/cache/data/products/jonah-500x500.jpg
000032.jpg,https://i.etsystatic.com/13959533/r/il/aead41/1631046406/il_794xN.1631046406_tkoy.jpg
000033.jpg,http://www.htpepper.com/wp-content/uploads/2015/09/7PJ-x-TSY-YellowF2-01.jpg
000034.jpg,https://i.ebayimg.com/images/g/1FEAAOSw9QVbS~yj/s-l300.png
000035.jpg,https://www.chillihead.co.za/image/cache/data/t7pjonahUFO2-500x500.jpg
000036.jpg,https://thechillifactory.com/images/products/IMG_5282.jpg
000037.jpg,https://i.ytimg.com/vi/Zbae3wv2RMs/maxresdefault.jpg
000038.jpg,https://cf.shopee.com.my/file/6764e28f76fc0166cd74fe8de7e8a945
000039.jpg,https://www.pepperscale.com/wp-content/uploads/2017/05/trinidad-7-pot-pepper-768x459.jpg
000040.jpg,https://www.hottyplace.com/1922-tm_thickbox_default/7-pot-jonah-peperoncino-trinidad-seven-pod-polvere-molto-piccante-flacone-10g.jpg
000041.jpg,https://thehippyseedcompany.com/wp-content/uploads/2017/06/Jonah.jpg
000042.jpg,https://www.pepperseeds.eu/pub/media/catalog/product/cache/b56a9049443cfaeedfe24666b14227c1/7/_/7_pod_j.jpg
000043.jpg,http://www.fieryfoodscentral.com/wp-content/uploads/2010/10/scorpionarticle3-2010.jpg
000044.jpg,http://seedcostore.weebly.com/uploads/7/0/3/9/7039327/41163_orig.jpg
000045.jpg,https://images-na.ssl-images-amazon.com/images/I/41rRIPcJmtL.jpg
000046.jpg,https://cdn11.bigcommerce.com/s-cg0adf/images/stencil/1280x1280/products/1288/3480/Reaper_yellow_jonah__27282.1552825498.jpg?c=2&imbypass=on
000047.jpg,https://preview.redd.it/bs16lwwvfjt11.jpg?width=1024&auto=webp&s=45d96d0073fa3b2cf7c0600dc23e0cd0445f01fd
000048.jpg,https://www.chili-seminka.cz/2021/trinidad-7-pot-jonah-sazenice.jpg
000049.jpg,https://c8.alamy.com/comp/X4P8G7/isolated-jonah-red-7-pot-pepper-X4P8G7.jpg
000050.jpg,http://vietkings.org/userfiles/trinidad%207%20poh.jpg
000051.jpg,https://www.magicplantfarms.com/wp-content/uploads/2016/10/7-Pot-Jonah-Crushed-Jar.jpg
000052.jpg,http://www.hotchi.li/wp-content/uploads/2014/12/7PJxTS-Yellow02.jpg
000053.jpg,http://www.tradewindsfruit.com/content/images/7_pot_pepper4.JPG
000054.jpg,https://cdn.shopify.com/s/files/1/1145/1260/products/7-pot-jonah-orange-2_large.jpg?v=1561139936
000055.jpg,https://thepepperseed.com/wp-content/gallery/peppers/red-douglah-peppers.jpg
000056.jpg,https://live.staticflickr.com/8051/29469170070_c16fb18c52_b.jpg
000057.jpg,http://i.imgur.com/58htFN4.jpg
000058.jpg,https://www.chillihead.co.za/image/cache/data/products/butchTxJonah-500x500.jpg
000059.jpg,https://tbn.bidorbuy.co.za/image/fetch/dpr_1.0,f_auto,t_btbnx/https://cdn.shopify.com/s/files/1/0200/5036/products/02993.jpg%3Fv=1448007556
000060.jpg,https://static.wixstatic.com/media/b7697a_ed35400366634d1f9a0f7d1ab2bf8d6a~mv2_d_3024_4032_s_4_2.jpg/v1/fit/w_500,h_500,q_90/file.jpg
000061.jpg,https://fesaja-versand.de/images/product_images/original_images/7-pot-jonah-strain-chili-samen-03.jpg
000062.jpg,https://cdn.shopify.com/s/files/1/0022/5764/9776/products/kM5sAM6_161eeff5-d525-4bc7-858b-87921c513ba0_300x300.jpg?v=1556386695
000063.jpg,https://i.ytimg.com/vi/sQedxQ6J5i8/maxresdefault.jpg
000064.jpg,http://www.michis-tomatensamen.de/WebRoot/Store18/Shops/61597262/4EE8/D986/C494/D59B/8A79/C0A8/29BB/D10E/pepper7potjonahst_m.jpg
000065.jpg,http://www.magicplantshop.com/images/watermarked/1/detailed/1/7-Pot-Douglah-flakes.jpg
000066.jpg,http://www.fieryfoodscentral.com/wp-content/uploads/2010/01/trinidad7podjonah4.jpg
000067.jpg,https://images-na.ssl-images-amazon.com/images/I/51ixaSd%2BCaL._SX425_.jpg
000068.jpg,https://i.ebayimg.com/images/g/4BIAAOSw5i5cWZwQ/s-l640.png
000069.jpg,https://smallaxepeppers.com/wp-content/uploads/2019/02/Barrackpore1-e1529503826259-291x300.jpg
000070.jpg,https://pepperhead.com/wp-content/uploads/2016/11/SB7J.jpg
000071.jpg,https://www.seminka-chilli.cz/fotografie/max/trinidad-7-pot-jonah-171-1.jpg
000072.jpg,http://www.magicplantshop.com/images/watermarked/1/detailed/1/7-Pot-Jonah-Powder.jpg
000073.jpg,https://www.chilipeppermadness.com/wp-content/uploads/2013/10/7-Pot-Peppers.jpg
000074.jpg,https://cdn11.bigcommerce.com/s-apotcf0e6i/images/stencil/1280x1280/products/164/624/Cropped_VD_7-Pot__57877.1505861491.png?c=2&imbypass=on
000075.jpg,https://www.chili-seminka.cz/715-large_default/trinidad-7-pot-jonah-semena.jpg
000076.jpg,http://www.pimentasnucleares.com/wp-content/uploads/2017/11/57.jpg
000077.jpg,https://www.pepperworldhotshop.com/out/pictures/master/product/1/7potjonahpflanze_pj209.jpg
000078.jpg,http://www.htpepper.com/wp-content/uploads/2015/12/7PJxBhutxTSM01.jpg
000079.jpg,https://www.picclickimg.com/d/l400/pict/250866263301_/Trinidad-7-Pod-7-Pot-Barrackpore-strain-10.jpg
000080.jpg,https://alamopeppers.com/media/catalog/product/cache/1/image/1300x1300/9df78eab33525d08d6e5fb8d27136e95/b/a/barrackpore.jpg
000081.jpg,https://i.pinimg.com/originals/df/6e/cc/df6ecc6c6c2cdcad816cc6513bda1c10.gif
000082.jpg,https://pics.davesgarden.com/pics/2010/05/27/semillas/b3447a.jpg
000083.jpg,https://hotsaucefever.com/images/chiles/7_pot_jonah_chilli_pepper.jpg
000084.jpg,https://loveincorporated.blob.core.windows.net/contentimages/gallery/247499ef-993d-42d4-bcd8-dc62d5413b54-10%20Jonah%20Red%207%20Pot%20Pepper.jpg
000085.jpg,https://www.cilicen.si/182-large_default/7-pot-jonah.jpg
000086.jpg,https://chilli-seedz.com/wp-content/uploads/2018/10/WAL-7.jpg
000087.jpg,https://www.mopeppers.at/media/image/product/3490/md/7-pot-brown_1.jpg
000088.jpg,http://farm8.staticflickr.com/7306/9472600959_d817aff5ff_c.jpg
000089.jpg,https://images-na.ssl-images-amazon.com/images/I/51y%2B1bDhQHL.jpg
000090.jpg,https://fesaja-versand.de/images/product_images/original_images/7-pot-jonah-strain-chili-samen-06.jpg
000091.jpg,https://cdn.myshoptet.com/usr/www.chillimat.cz/user/shop/big/1491_7-pot-jonah-sama.jpg?5a5530ff
000092.jpg,https://pfefferhaus.de/media/images/popup/7PotJonahStrain1.jpg
000093.jpg,https://cdn.shopify.com/s/files/1/1145/1260/products/bhut-jolokia-peach-WM-x-7-pot-jonah_large.jpg?v=1545811882
000094.jpg,https://www.seeds-gallery.shop/2030-home_default/jonah-7-pod-pot-choco-seeds.jpg
000095.jpg,https://diningguide.hu/wp-content/uploads/2017/09/ghostpepperstore-1.jpg
000096.jpg,http://www.rareplants.es/shop/uploads/images_products_large/12120.jpg
000097.jpg,https://www.hottyplace.com/img/p/9/4/9/949-home_default.jpg
000098.jpg,https://www.magicplantfarms.com/wp-content/uploads/2016/10/7-Pot-Jonah-Powder-Jar.jpg
000099.jpg,https://www.capsicum-chinense.org/fotos/7-Pot-Jonah-1-620x380.jpg
000100.jpg,https://icdn6.themanual.com/image/themanual/hottest-peppers-in-the-world-2-416x416.jpg
000101.jpg,http://thepepperseed.com/wp-content/gallery/peppers/img_4561.jpg
000102.jpg,https://pics.davesgarden.com/pics/2010/05/27/semillas/f337ab.jpg
000103.jpg,https://i.ytimg.com/vi/RZRGAoHfLuw/maxresdefault.jpg
000104.jpg,https://www.organics.org/wp-content/uploads/15-hottest-peppers-Ghost-Peppers.jpg
000105.jpg,https://www.ukchilliseeds.co.uk/ekmps/shops/chilliwizard/images/7-pod-lucy-hybrid-naga-viper-x-red-7-pod-753-p.jpg
000106.jpg,https://www.chilli-semena.cz/user/7416/upload/stuff/resized/10560161_600-600.jpg
000107.jpg,https://www.idroponica.it/sementi-officinali-e-di-peperoncino/semi-di-peperoncino-piccante/semi-di-peperoncino-7-pot-jonah~Img_Principale_25140.jpg
000108.jpg,http://plantium.ru/image/catalog/seeds/peppers/chinense/trinidad_scorpion/7_pot/7-pot-jonah/7-pot-jonah-plantium.ru.jpg
000109.jpg,http://www.ciposlaci.sk/wp-content/uploads/2017/09/32.png
000110.jpg,https://2.bp.blogspot.com/-KHJQRsXSqHM/V7iCdKrbHjI/AAAAAAAAHEE/-_DyAtJTThURpztLBDUaZdIClQfKa9SkgCLcB/s1600/7%2BPod%2BJonah.jpg
000111.jpg,https://buyghostpepperplants.com/wp-content/uploads/2017/03/yellow_jonah_7pot_7pod_trinidad_scorpion_fresh_pepper.jpg
000112.jpg,https://c2.staticflickr.com/8/7629/17157638601_a3127e68eb_b.jpg
000113.jpg,https://cdn.shopify.com/s/files/1/1523/7044/products/nopictureavailable-50_large.JPG?v=1475803652
000114.jpg,https://static.wixstatic.com/media/b7697a_21c9b5c0b75c445d85480656fbdbcbe6~mv2_d_3024_4032_s_4_2.jpg/v1/fill/w_480,h_640,al_c,q_85,usm_0.66_1.00_0.01/b7697a_21c9b5c0b75c445d85480656fbdbcbe6~mv2_d_3024_4032_s_4_2.jpg
000115.jpg,https://chasingchilli.com.au/wp-content/uploads/2018/05/7-Pot-Douglah.png
000116.jpg,https://www.chileseeds.co.uk/wp-content/uploads/2016/10/devils_tongue_chilli_seeds-300x300.jpg
000117.jpg,https://ecs7.tokopedia.net/img/cache/700/product-1/2019/2/5/2625981/2625981_9745cfd4-9b0d-4ff6-a2af-cac864bd5650_462_462.jpg
000118.jpg,http://www.fieryfoodscentral.com/wp-content/uploads/2010/10/scorpionarticle4-2010.jpg
000119.jpg,http://www.chileplanet.eu/schede/pepper/7%20Pod%20Jonah%20strain.jpg
000120.jpg,https://www.chillisgalore.co.uk/images/diary/2013/trinidad_jonah_2.jpg
000121.jpg,http://79.170.44.156/chileseeds.co.uk/media/bakery/thumbs/item319/yellow_trinidad_7_pot_jonah_small.jpg
000122.jpg,http://i967.photobucket.com/albums/ae155/tranmererovers/image_zpsxqodnwgn.jpeg
000123.jpg,http://i1236.photobucket.com/albums/ff454/mgold86/2012%20Grow/e614c19b.jpg
000124.jpg,https://www.chillies4u.co.uk/wp-content/uploads/2019/02/Harold-st-barts-hab-300x300.jpg
000125.jpg,https://images-na.ssl-images-amazon.com/images/I/51ziqs2QDpL.jpg
000126.jpg,http://www.chillizrout.cz/image/cache/data/zbozi/7pot_jonah_chilli-600x600.jpg
000127.jpg,https://ae01.alicdn.com/kf/HTB1t8faaJHO8KJjSZFLq6yTqVXaM/HOT-CHILLI-PEPPER-Rare-Trinidad-7-Pot-Jonah-Pepper-Seeds-from-my-plants-Vegetable-Seeds-100SEEDS.jpg
000128.jpg,https://images-na.ssl-images-amazon.com/images/I/714KxLjG5gL._SX425_.jpg
000129.jpg,https://www.piedmontfarmandgarden.com/v/vspfiles/photos/PPP202-5.jpg?v-cache=1366092667
000130.jpg,https://www.cayennediane.com/wp-content/uploads/7-Pot-Primo.jpg
000131.jpg,https://www.exotic-seeds.store/2031-home_default/jonah-7-pod-pot-choco-seeds.jpg
000132.jpg,https://buyghostpepperplants.com/wp-content/uploads/2017/03/where_to_buy_red_jonah_7pot_7pod_trinidad_scorpion_seeds.jpg
000133.jpg,https://fesaja-versand.de/images/product_images/original_images/7-pot-jonah-strain-chili-samen-01.jpg
000134.jpg,https://www.chilipeppermadness.com/wp-content/uploads/2018/03/6d7087f4961cab56979df573bedb8ec5.jpg
000135.jpg,https://www.chillisgalore.co.uk/images/diary/2013/trinidad_jonah_1.jpg
000136.jpg,https://cf.shopee.com.my/file/5cb16a5e4fda3bee4d01343ae5a2b978
000137.jpg,https://i0.wp.com/www.peppersbymail.com/wp-content/uploads/2016/09/BTR_01.jpg?resize=324%2C324
000138.jpg,https://www.chilliseedbank.com.au/media/catalog/product/cache/image/720x560/4c3462793ba5f87d7658a49338bdb5e2/y/e/yellow7pot_2.jpg
000139.jpg,https://pbs.twimg.com/media/DPpTgPZX4AAJj1y.jpg
000140.jpg,https://www.pepperworldhotshop.com/out/pictures/master/product/1/251_0.jpg
000141.jpg,https://i.ebayimg.com/00/s/MTIwMFgxNjAw/z/21AAAOSwN3Na2wg0/$_20.JPG
000142.jpg,https://images.firstwefeast.com/complex/image/upload/c_limit,f_auto,fl_lossy,q_auto,w_768/15806402318_063ebe36d7_o_um8kte
000143.jpg,https://i.etsystatic.com/10816057/d/il/ffb5d8/1054331287/il_340x270.1054331287_safc.jpg?version=0
000144.jpg,http://chili-papricice.com/wp-content/uploads/2014/03/DSCN3845.jpg
000145.jpg,https://cdn11.bigcommerce.com/s-f6cx4kq/images/stencil/500x659/products/221/1128/yellow_7_pot_brain_strain_pepper__60341.1549152580.jpg?c=2
000146.jpg,http://www.tradewindsfruit.com/content/images/trinidad_douglah_pepper2.jpg
000147.jpg,http://viraltalks.com/wp-content/uploads/2017/02/1486390804_jonah.jpg
000148.jpg,https://d36tnp772eyphs.cloudfront.net/blogs/1/2014/05/Yellow-spicy-naga-viper-chilis.jpg
000149.jpg,https://cdn.shopify.com/s/files/1/0915/1060/files/4-7-pot-hot-pepper-pepper-joes.jpg?17568541284047648288
000150.jpg,http://www.superhotpepperseeds.com/image/cache/catalog/2019hot1/20192/93909F6E-FE52-4827-8976-9E15B4FF7E56-200x200.jpeg
000151.jpg,https://scontent-lax3-1.cdninstagram.com/vp/bb8f0a0d5f1809c2f92d8960f0a22d49/5E1142C6/t51.2885-15/sh0.08/e35/s640x640/67889506_155566575639411_183058969973939020_n.jpg?_nc_ht=scontent-lax3-1.cdninstagram.com
000152.jpg,https://cdn11.bigcommerce.com/s-cg0adf/images/stencil/1280x1280/products/1128/3186/7_Pot_Jonah__77213.1550574657.jpg?c=2&imbypass=on
000153.jpg,https://cantinhodaspimentas.net/wp-content/uploads/2019/09/Add-Watermark20190913094116.png
000154.jpg,https://diningguide.hu/wp-content/uploads/2017/09/85646903_xl.jpg
000155.jpg,https://www.picclickimg.com/d/l400/pict/143386433981_/Chilli-BBG-7-Long-Pepper-One-of.jpg
000156.jpg,https://cdn.shopify.com/s/files/1/1523/7044/products/7PotKatie_large.jpg?v=1481166695
000157.jpg,https://www.pepperscale.com/wp-content/uploads/2017/07/7-Pot-Primo-Pepper-1024x342.jpg
000158.jpg,https://www.magicplantfarms.com/wp-content/uploads/2016/10/7-Pot-Jonah-Powder-Jar-right.jpg
000159.jpg,https://m-park.club/wp-content/uploads/2018/12/home-design-7-pot-douglah-7-pot-jonah.jpg
000160.jpg,https://www.seminka-chilli.cz/fotografie/max/trinidad-7-pot-jonah-171-4.jpg
000161.jpg,https://thehippyseedcompany.com/wp-content/uploads/2017/06/Nebru-7-pod.jpg
000162.jpg,http://chilifee.de/WebRoot/Store17/Shops/6785a7bf-b9bd-45fa-b711-164bd13875ab/5629/D273/21DD/0F62/5469/0A48/3549/5B14/7_Pod_Jonah_pic1.jpg
000163.jpg,https://2.bp.blogspot.com/-KHJQRsXSqHM/V7iCdKrbHjI/AAAAAAAAHEE/-_DyAtJTThURpztLBDUaZdIClQfKa9SkgCLcB/w1200-h630-p-k-no-nu/7%2BPod%2BJonah.jpg
000164.jpg,https://wacse.org/wp-content/uploads/2017/04/Photo-10-4-17-5-09-25-am-300x300.jpg
000165.jpg,https://cdn.manomano.com/plants-from-seed-grow-your-own-jonah-chilli-plant-kit-P-1528882-3628242_1.jpg
000166.jpg,https://www.ethno-botanik.org/fotos/Chile-Mulato-4-810x538.jpg
000167.jpg,https://rvamag.com/wp-content/uploads/2017/07/variouspeppers-1.jpg
000168.jpg,https://ecs7.tokopedia.net/img/cache/700/product-1/2018/11/10/1328542/1328542_1020ec60-4fe5-4531-843e-2fde00cd015f_700_700.jpg
000169.jpg,https://cdn.shopify.com/s/files/1/0188/0032/products/7-pot-brown-pepper-seeds-heat-level-11-meta-related-collection-pps-puckerbutt-company-chilly-chiles-largest-selection-of-hot-sauce-in-canada-food-fruit-date_884_900x.jpg?v=1554384347
000170.jpg,http://i960.photobucket.com/albums/ae83/fadetoblack81/P1000251.jpg
000171.jpg,https://image.jimcdn.com/app/cms/image/transf/dimension=1820x1280:format=jpg/path/s5e1b30cc4970f2bf/image/i8584294eb42ce864/version/1477419507/image.jpg
000172.jpg,https://images-na.ssl-images-amazon.com/images/I/912MFZ1BpTL._SX425_.jpg
000173.jpg,https://amp.insider.com/images/5760559bdd0895ea098b4953-750-562.jpg
000174.jpg,http://chilishop-werder.com/WebRoot/Store28/Shops/43e01a20-424a-48d1-a48b-85eeddc548ec/59E8/71CA/06BF/4B51/5E43/0A48/3671/E8A1/trinidad_7_pot_chilipflanze_online.jpg
000175.jpg,https://www.hottyplace.com/2180-tm_thickbox_default/naga-big-bang-chocolate-polvere-puro-peperoncino-piccante-estremo-vaso-vetro-10g.jpg
000176.jpg,https://buyghostpepperplants.com/wp-content/uploads/2017/03/nutrients_and_fertilizers_red_jonah_7pot_trinidad_scorpion_pepper_plants.jpg
000177.jpg,https://www.mopeppers.at/media/image/product/3496/md/7-pot-inifinity_1.jpg
000178.jpg,https://icdn9.themanual.com/image/themanual/trinidad-scorpion-500x500.jpg
000179.jpg,https://i.ebayimg.com/images/g/Fm0AAOSwwcda0HeP/s-l400.webp
000180.jpg,https://i.pinimg.com/originals/12/26/d3/1226d384c8334e84c64a83030e9bed41.jpg
000181.jpg,http://prospectmangrovepark.com/wp-content/uploads/2019/06/PEPPER-3-AFRICAN-BIRD-PEPPER-1.jpg
000182.jpg,https://instagram.frix2-1.fna.fbcdn.net/vp/2953b1fdfbecbfa3d2dca2188d97e8b0/5DC8DEB2/t51.2885-15/sh0.08/e35/s640x640/19955732_1931948640359909_4079744895659540480_n.jpg?_nc_ht=instagram.frix2-1.fna.fbcdn.net
000183.jpg,https://i.redd.it/lywdu3jqt3921.jpg
000184.jpg,https://www.ukchilliseeds.co.uk/ekmps/shops/chilliwizard/images/7-pot-chaguanas-yellow-697-p.jpg
000185.jpg,https://st.hzcdn.com/fimgs/86e2348e04cb83a3_3654-w500-h375-b0-p0--.jpg
000186.jpg,https://elholandespicante.com/shop/wp-content/uploads/2016/07/7-pod-jonah-1.jpg
000187.jpg,https://pbs.twimg.com/media/DpaogZnV4AAeJCD.jpg
000188.jpg,https://papaspepperfarm.files.wordpress.com/2015/09/test20150930-0007.jpg
000189.jpg,https://images-na.ssl-images-amazon.com/images/I/41U9QVNMpnL.jpg
000190.jpg,https://www.chillies4u.co.uk/wp-content/uploads/2019/09/Hab-Roatan-Pumpkin-300x300.jpg
000191.jpg,https://i.ytimg.com/vi/CocfsGL928U/maxresdefault.jpg
000192.jpg,https://chasingchilli.com.au/wp-content/uploads/2018/05/7-Pot-Brain-Strain.png
000193.jpg,https://scontent-sjc3-1.cdninstagram.com/v/t51.2885-15/e35/s320x320/59790329_2203203249756890_3566176629208466322_n.jpg?_nc_ht=scontent-sjc3-1.cdninstagram.com&oh=4bcf4420044499ac128c95084d0b0350&oe=5DDC6710&ig_cache_key=MjA1MTgyNzI3OTIxNDMyODYwNA%3D%3D.2
000194.jpg,https://cdn.webshopapp.com/shops/60827/files/24504337/image.jpg
000195.jpg,https://site-752375.mozfiles.com/files/752375/medium/51300702_2182038252057498_7998868416859471872_n.jpg
000196.jpg,https://www.cayennediane.com/wp-content/uploads/Infinity-Chilli-Pepper.jpg
000197.jpg,https://fesaja-versand.de/images/product_images/original_images/7-pot-jonah-strain-chili-samen-05.jpg
000198.jpg,https://scontent-frt3-1.cdninstagram.com/v/t51.2885-15/e35/s320x320/69365640_352950552325308_7279292383338070327_n.jpg?_nc_ht=scontent-frt3-1.cdninstagram.com&oh=fb719fbbbba44882d1384b1f9a3b49fd&oe=5DD56BB5&ig_cache_key=MjExNDYzNzYxMjk2NTY5NjgxMg%3D%3D.2
000199.jpg,https://cdn.thehippyseedcompany.com/wp-content/uploads/2017/06/7-pod-Jonah-262x328.jpg
000200.jpg,https://spicefreakblog.files.wordpress.com/2018/06/2018-04-27-17-06-10.jpg?w=382&h=882
000201.jpg,https://ws-eu.amazon-adsystem.com/widgets/q?_encoding=UTF8&ASIN=B01ALF82TY&Format=_SL250_&ID=AsinImage&MarketPlace=DE&ServiceVersion=20070822&WS=1&tag=chilipflanzen-21
000202.jpg,https://static.artfire.com/uploads/mfs/items/4f/36/large/4f36fbcba7bc69346718e79c41fdb2f8e84a4efcb0023200d5d2b072d5bb5421.png
000203.jpg,https://wacse.org/wp-content/uploads/2017/07/Photo-22-5-18-1-11-12-pm-300x300.jpg
000204.jpg,https://scontent-yyz1-1.cdninstagram.com/vp/51faa185510988705922792ee158df8b/5DFF4332/t51.2885-15/sh0.08/e35/s640x640/67782490_2390439801041064_3768958242411560031_n.jpg?_nc_ht=scontent-yyz1-1.cdninstagram.com
000205.jpg,https://pepperhead.com/wp-content/uploads/2016/12/7-Pot-Douglah-e1529503594532.jpg
000206.jpg,https://ae01.alicdn.com/kf/HTB1LYi0aRfM8KJjSZPiq6xdspXa7/HOT-CHILLI-PEPPER-Rare-Trinidad-7-Pot-Jonah-Pepper-Seeds-from-my-plants-Vegetable-Seeds-100SEEDS.jpg
000207.jpg,https://cdn.shopify.com/s/files/1/0220/1512/products/7_Pot_Yellow_144fe39c-779c-4332-b0e4-07c49dc04c8f.jpg?v=1540538165
000208.jpg,https://szelesisandor.hu/wp-content/uploads/2012/10/trinidad_7pot_jonah.jpg
000209.jpg,https://i.etsystatic.com/8657432/r/il/5a0cad/1711610375/il_794xN.1711610375_c5i3.jpg
000210.jpg,https://cdn.shopify.com/s/files/1/1145/1260/products/7pot-jonah-yellow-cross_large.jpg?v=1565965275
000211.jpg,https://italianchilli.com/158-home_default/dried-7-pot-brain-strain-red.jpg
000212.jpg,https://www.pepperscale.com/wp-content/uploads/2017/07/7-pot-douglah.jpg
000213.jpg,https://images-eu.ssl-images-amazon.com/images/I/51qHuSGf6dL.jpg
000214.jpg,https://www.chili-shop24.de/media/image/ef/f5/48/de3f8cc0dc360653fd1a47218656b5f5_600x600.jpg
000215.jpg,http://i1083.photobucket.com/albums/j389/TrueNorthPeppers/SANY0183_zps1ifyq88e.jpg
000216.jpg,https://i2.wp.com/www.peppersbymail.com/wp-content/uploads/2015/02/red_fatalii_05.jpg?resize=324%2C324
000217.jpg,https://scontent-lga3-1.cdninstagram.com/vp/df7f511c0ac1b66433e80c7c740f4548/5E19FB4D/t51.2885-15/sh0.08/e35/c0.18.1440.1440a/s640x640/69384868_163228291487657_6576258838259074060_n.jpg?_nc_ht=scontent-lga3-1.cdninstagram.com&_nc_cat=105
000218.jpg,http://goodroot.ru/image/cache/catalog/peppers/7pot_jonah/7pot_jonah-640x640.jpg
000219.jpg,http://www.fieryfoodscentral.com/wp-content/uploads/2010/01/trinidad7podjonah1.jpg
000220.jpg,https://images-eu.ssl-images-amazon.com/images/I/61IAA8lzXlL.jpg
000221.jpg,http://www.medicalseeds.cz/img/auto/manufacturers/46.png
000222.jpg,https://www.magicplantfarms.com/wp-content/uploads/2016/09/Trinidad-7-Pot-7-Pod-Douglah-400.jpg
000223.jpg,https://toplijstjes.com/wp-content/uploads/2018/02/Komodo-Dragon-813x1024.jpg
000224.jpg,http://chili-papricice.com/wp-content/uploads/2014/03/DSCN3619.jpg
000225.jpg,http://i608.photobucket.com/albums/tt162/JungleRain_Chilli/7potpodJonahxTrinidadScorpionButchT2.jpg
000226.jpg,https://chilli-seedz.com/wp-content/uploads/2015/10/7-Pod-Red-Plant-254x203.jpg
000227.jpg,https://d36tnp772eyphs.cloudfront.net/blogs/1/2014/05/Bhut-Jolokia-Red-Chili-Peppers-hanging-from-clippers.jpg
000228.jpg,https://easyponix.com/wp-content/uploads/2014/05/Trinidad_Douglah.jpg
000229.jpg,https://www.chilipeppermadness.com/wp-content/uploads/2013/10/Chocolate-7-Pot-Peppers.jpg
000230.jpg,http://www.tradewindsfruit.com/content/images/aji_dulce_1_pepper2.jpg
000231.jpg,http://www.tomaten-gerdes.de/WebRoot/Store16/Shops/78267191/5737/95D6/6D17/1315/DAE5/C0A8/2ABB/726A/20150823_133928.jpg
000232.jpg,https://buyghostpepperplants.com/wp-content/uploads/2017/03/nutrients_and_fertilizers_jonah_7pot_trinidad_scorpion_pepper_plants.jpg
000233.jpg,https://thepepperseed.com/wp-content/gallery/misc/moruga-scorpion-pepper-results.jpg
000234.jpg,http://chilipepper-shop.com/image/catalog/stati/7pot_orange_1-640x640.jpg
000235.jpg,https://i.pinimg.com/originals/44/89/bb/4489bb64505df8e982a6152083c60373.jpg
000236.jpg,https://diningguide.hu/wp-content/uploads/2017/09/16690235_xl.jpg
000237.jpg,https://i.pinimg.com/originals/05/8c/1a/058c1a941b9e0a38f3ad828fc947b025.jpg
000238.jpg,https://cdn.myshoptet.com/usr/www.chillimat.cz/user/shop/big/1491-1_7-pot-jonah-s-popisem.jpg?5a553108
000239.jpg,https://www.semillas.de/pepper_fruits/7pot_inside.jpg
000240.jpg,https://www.chillisgalore.co.uk/images/diary/2013/7potbrown_1.jpg
000241.jpg,https://www.ethno-botanik.org/fotos/Morovars-Yellow-810x538.jpg
000242.jpg,https://www.picclickimg.com/d/l400/pict/142852206588_/Trinidad-7-Pod-Jonah-Yellow-The-Huge.jpg
000243.jpg,https://cdn.shopify.com/s/files/1/0915/1060/products/Chile_relleno_pepper.jpg?v=1545172441
000244.jpg,https://i.imgur.com/3czqji1.jpg
000245.jpg,https://s0.bukalapak.com/img/544351612/w-1000/Benih%20Cabe%20Hias%20Yellow%207%20Pot%20Jonah%20Import.jpg
000246.jpg,https://m.blog.hu/gy/gyulaicsili/image/forgacs.jpg
000247.jpg,https://smallaxepeppers.com/wp-content/uploads/2019/02/large_square_Ghost_Peppers__Bhut_Jolokia_Hot_Chiles__close-300x300.jpg
000248.jpg,https://1.bp.blogspot.com/-EcDlVFtvGEc/Wkzkyl7FfNI/AAAAAAAAEiM/KvkXho0Qz5MSAm8Pcl553h6ZXEiG0BIEwCLcBGAs/s1600/Butch%2BX%2BJonah%2Bgold%2Bpepper%2Breview%2Binformation.jpg
000249.jpg,https://icdn8.themanual.com/image/themanual/bhut-jolokia-500x500.jpg
000250.jpg,https://cdn11.bigcommerce.com/s-cg0adf/images/stencil/500x659/products/1075/3089/7_Pot_Primo_Red__68911.1546259793.jpg?c=2&imbypass=on
000251.jpg,https://www.mikelsimon.com/img/p/2/2/6/226-medium_default.jpg
000252.jpg,https://img.ifunny.co/images/31daef03a1f20a28cb8b45bcb994717798e04ec5338b4efeea2dc82c12e6e1b5_1.jpg
000253.jpg,https://fesaja-versand.de/images/product_images/original_images/7-pot-jonah-strain-chili-samen-02.jpg
000254.jpg,https://cdn.shopify.com/s/files/1/0220/1512/products/7_pot_barrackpore_yellow_3e443aa8-8149-438a-8980-e8213d25f336_800x.jpg?v=1540538153
000255.jpg,https://diavolopiccante.it/1579-large_default/pianta-trinidad-7-pod-jonah.jpg
000256.jpg,https://cdn11.bigcommerce.com/s-apotcf0e6i/images/stencil/200x400/products/162/626/Cropped_VD_Chocolate_7_Pot__24251.1505861605.png?c=2
000257.jpg,https://cdn.shopify.com/s/files/1/1523/7044/products/7PotBubblegum_large.jpg?v=1475803521
000258.jpg,http://i960.photobucket.com/albums/ae83/fadetoblack81/P1000255.jpg
000259.jpg,https://papaspepperfarm.files.wordpress.com/2015/07/img_0037.jpg
000260.jpg,https://i.imgur.com/bS2ipNC.jpg
000261.jpg,https://images-na.ssl-images-amazon.com/images/I/71Nw7S8hR4L._SX679_.jpg
000262.jpg,https://www.mopeppers.at/media/image/product/3506/md/7-pot-white_1.jpg
000263.jpg,https://cdn.webshopapp.com/shops/60827/files/236356196/image.jpg
000264.jpg,https://wacse.org/wp-content/uploads/2017/07/Photo-3-7-17-6-06-19-pm-300x300.jpg
000265.jpg,http://plantium.ru/image/catalog/seeds/tomatos/reisentraube/reisentraube-plantium.ru.jpg
000266.jpg,https://kesztolc.hu/data/subsite/1/galeria/1367/7Pot%20Jonah.jpg.600x0_q85.jpg
000267.jpg,https://www.hottyplace.com/2223-tm_thickbox_default/naga-big-bang-chocolate-polvere-puro-peperoncino-piccante-estremo-vaso-vetro-10g.jpg
000268.jpg,https://pics.davesgarden.com/pics/2010/05/27/semillas/f92ac9.jpg
000269.jpg,https://www.chili-shop.org/fotos/7pot_jonah_yellow_2.jpg
000270.jpg,https://images-eu.ssl-images-amazon.com/images/I/51%2B03%2BEn00L.jpg
000271.jpg,https://italianchilli.com/275-home_default/pequin-powder.jpg
000272.jpg,https://www.chilibaron.ch/images/stories/virtuemart/product/resized/8W8A3827_400x400.jpg
000273.jpg,https://scontent-frx5-1.cdninstagram.com/v/t51.2885-15/sh0.08/e35/s750x750/67678667_667561377045425_7076303750508493847_n.jpg?_nc_ht=scontent-frx5-1.cdninstagram.com&oh=6a9df5c5b5abba3888e3d6b3c3a2069c&oe=5E04E894&ig_cache_key=MjExMTgwNDU2MDQ4MjAwNDExMA%3D%3D.2
000274.jpg,https://cdn.shopify.com/s/files/1/0188/0032/products/7-pot-brain-strain-pepper-powder-heat-level-10-meta-related-collection-spicepeppers-magic-plant-farm-chilly-chiles-largest-selection-of-hot-sauce-in-canada_476_900x.jpg?v=1557597403
000275.jpg,http://i0.wp.com/images.ttcdn.co/media/products/631320-2b11804e91044960966e54c5486209e6/townsendchiliandspice/7-pot-jonah-x-pimenta-de-neyde-pepper-seeds-0.jpeg
000276.jpg,https://www.chilipeppermadness.com/wp-content/uploads/2017/06/7-Pot-Douglah-Pepper.jpg
000277.jpg,https://cdn.thehippyseedcompany.com/wp-content/uploads/2017/06/7-Pod-Chaguanas-6-1-262x328.jpg
000278.jpg,https://chilli-seedz.com/wp-content/uploads/2016/06/7-Pot-Caramel-254x203.jpg
000279.jpg,http://thepepperseed.com/wp-content/gallery/peppers/img_4538.jpg
000280.jpg,https://buyghostpepperplants.com/wp-content/uploads/2017/03/where_to_buy_yellow_jonah_7pot_7pod_trinidad_scorpion_seeds.jpg
000281.jpg,http://www.getagro.com.au/uploads/ad_picture/thumbs/BhutJolokiax7potpodJonahf2.jpg
000282.jpg,https://www.cayennediane.com/wp-content/uploads/naga-viper.jpeg
000283.jpg,https://i2.wp.com/www.alexpepper.it/wp-content/uploads/2016/03/7-pot-white.png?zoom=2.625&resize=362%2C362
000284.jpg,https://cdn11.bigcommerce.com/s-f6cx4kq/images/stencil/500x659/products/121/740/7_pot_douglah_pepper_brown_and_ripe_tyler_farms__76239.1514943659.jpg?c=2
000285.jpg,http://www.tradewindsfruit.com/content/images/7-pot-barrackpore-pepper.jpg
000286.jpg,https://www.zahrada-cs.com/images_forum/gallery/10667/30357-paprika-cinska-7-pot-jonah-capsicum-chinense3.jpg
000287.jpg,https://www.pepperscale.com/wp-content/uploads/2017/07/7-Pot-Brain-Strain-768x576.jpg
000288.jpg,https://www.pepperworldhotshop.com/out/pictures/generated/product/1/390_245_75/fspurnagabhutjolokia_verpackung_gewrz.jpg
000289.jpg,https://i.ytimg.com/vi/MFazW3qcR5o/maxresdefault.jpg
000290.jpg,https://ae01.alicdn.com/kf/HTB1K_2haFLM8KJjSZFBq6xJHVXaS/HOT-CHILLI-PEPPER-Rare-Trinidad-7-Pot-Jonah-Pepper-Seeds-from-my-plants-Vegetable-Seeds-100SEEDS.jpg
000291.jpg,https://www.magicplantfarms.com/wp-content/uploads/2016/09/7-pot-Trinidad-7-pod-Trinidad-400-300x300.jpg
000292.jpg,https://www.chillisgalore.co.uk/images/diary/2013/brainstrain_1.jpg
000293.jpg,https://bloximages.newyork1.vip.townnews.com/dnews.com/content/tncms/assets/v3/editorial/7/18/71835b3f-b906-59d7-9795-3b151077f4d1/4f432f64a4b11.image.jpg
000294.jpg,https://file1.hpage.com/002950/68/bilder/cimg2875.jpg
000295.jpg,https://ghostpepperstore.3dcartstores.com/assets/images/Combos/MashBundle.jpg
000296.jpg,http://www.fieryfoodscentral.com/wp-content/uploads/2010/10/scorpionarticle1-2010.jpg
000297.jpg,https://ecs7.tokopedia.net/img/cache/700/product-1/2018/12/30/15807174/15807174_370802d4-040d-4a0d-ab67-2ca65fdb5206_960_1280.jpeg
000298.jpg,https://www.picclickimg.com/d/l400/pict/132328574836_/Pimenta-Puma-A-Cross-Between-Pimenta-de.jpg
000299.jpg,https://i0.wp.com/pepperhead.com/wp-content/uploads/2016/11/SB7J-3.jpg?w=600
000300.jpg,https://cdn3.bigcommerce.com/s-cg0adf/images/stencil/1280x1280/products/201/2264/7_Pot_Jonah__16179.1507739740.jpg?c=2
000301.jpg,https://d36tnp772eyphs.cloudfront.net/blogs/1/2014/05/Orange-habanero-peppers.jpg
000302.jpg,https://www.chileseeds.co.uk/wp-content/uploads/2016/10/TrinidadScorpionchilliseeds-300x300.jpg
000303.jpg,https://www.hottyplace.com/2359-large_default/infinity-polvere-puro-peperoncino-piccante-persistente-infinito-vaso-vetro-10g.jpg
000304.jpg,http://www.getagro.com.au/uploads/ad_picture/thumbs/7potpodJonahxTrinidadScorpionButchT.jpg
000305.jpg,https://www.chili-shop.org/fotos/7pot_jonah_0.jpg
000306.jpg,https://pbs.twimg.com/media/DmmjiNVXoAANV1N.jpg:large
000307.jpg,https://i1.wp.com/www.peppersbymail.com/wp-content/uploads/2015/08/peter_pepper_04.jpg?resize=324%2C324
000308.jpg,https://fesaja-versand.de/images/product_images/original_images/7-pot-jonah-strain-chili-samen-04.jpg
000309.jpg,https://diningguide.hu/wp-content/uploads/2017/09/Naga-Viper-wikipedia-1.jpg
000310.jpg,https://italianchilli.com/160-home_default/dried-7-pod-gigante.jpg
000311.jpg,https://i.etsystatic.com/7947844/r/il/4267c6/1186171822/il_794xN.1186171822_21gi.jpg
000312.jpg,http://i608.photobucket.com/albums/tt162/JungleRain_Chilli/2011_2012%20Season/Something%20New/7potpodJonahYellow9.jpg
000313.jpg,https://cdn11.bigcommerce.com/s-f6cx4kq/images/stencil/500x659/products/119/768/a_chocolate_7_pot_pepper_at_Tyler_Farms_seeds__44834.1521683999.jpg?c=2
000314.jpg,https://www.chilipeppermadness.com/wp-content/uploads/2018/07/Brain-Strain-Chili-Pepper1.jpg
000315.jpg,https://i.pinimg.com/originals/66/83/f4/6683f4681e7f9b1e6fa16abccc900b81.png
000316.jpg,http://plantium.ru/image/catalog/seeds/herbs/papalo/papalo-plantium.ru.jpg
000317.jpg,https://images-eu.ssl-images-amazon.com/images/I/51FJD6R-3rL.jpg
000318.jpg,https://farm9.staticflickr.com/8372/8410050434_ae9cbc9943_b.jpg
000319.jpg,https://cdn.thehippyseedcompany.com/wp-content/uploads/2017/06/Barrackpore-7-pod-262x328.jpg
000320.jpg,https://wacse.org/wp-content/uploads/2017/07/Photo-3-7-17-5-07-26-am-300x300.jpg
000321.jpg,http://www.lamejorchuletadebilbao.com/wp-content/uploads/2016/01/Trinidad-7-Pot-CARDI-Strain.jpg
000322.jpg,https://pepperhead.com/wp-content/uploads/2018/07/habanero-feature-image2-764x400.jpg
000323.jpg,https://buyghostpepperplants.com/wp-content/uploads/2017/03/where_to_buy_red_jonah_7pot_7pod_trinidad_scorpion_live_pepper_plants.jpg
000324.jpg,http://thepepperseed.com/wp-content/gallery/peppers/img_4505.jpg
000325.jpg,https://www.pepperscale.com/wp-content/uploads/2017/09/naga-viper-1024x836.jpg
000326.jpg,https://chilli-seedz.com/wp-content/uploads/2015/09/7-Pot-Burgundy-2-254x203.jpg
000327.jpg,https://st.hzcdn.com/fimgs/9a020da204cb83a5_3656-w500-h375-b0-p0--.jpg
000328.jpg,https://i.ytimg.com/vi/ecudf5mJMVs/maxresdefault.jpg
000329.jpg,https://www.pepperworldhotshop.com/out/pictures/wysiwigpro/Kategorie%20Banner%20Chilisorten(1).jpg
000330.jpg,https://ae01.alicdn.com/kf/HTB1kSvccZLJ8KJjy0Fnq6AFDpXaC/HOT-CHILLI-PEPPER-Rare-Trinidad-7-Pot-Jonah-Pepper-Seeds-from-my-plants-Vegetable-Seeds-100SEEDS.jpg
000331.jpg,https://www.chillisgalore.co.uk/images/diary/2013/brainstrain_3.jpg
000332.jpg,https://www.hottyplace.com/1978/naga-big-bang-chocolate-polvere-puro-peperoncino-piccante-estremo-vaso-vetro-10g.jpg
000333.jpg,https://www.picclickimg.com/d/l400/pict/273968819263_/10-Seven-Pot-Jonah-Red-Chilli-Seeds.jpg
000334.jpg,https://cdn.shopify.com/s/files/1/1523/7044/products/7PotRennie_large.jpg?v=1475804271
000335.jpg,https://i.pinimg.com/originals/98/4a/29/984a2950a15c1bae4a0562ce1796c489.jpg
000336.jpg,https://www.chileseeds.co.uk/wp-content/uploads/2016/10/BlackNagachilliseed-300x300.jpg
000337.jpg,https://cdn11.bigcommerce.com/s-f6cx4kq/images/stencil/500x659/products/209/1111/chocolate_7_pot_brain_strain_1__48899.1549144745.jpg?c=2
000338.jpg,http://plantium.ru/image/catalog/seeds/tomatos/great-white/great-white-plantium.ru.jpg
000339.jpg,https://wacse.org/wp-content/uploads/2017/04/Photo-3-4-17-6-59-25-am-300x300.jpg
000340.jpg,http://i1194.photobucket.com/albums/aa364/muskymojo/podsale028.jpg
000341.jpg,https://buyghostpepperplants.com/wp-content/uploads/2017/03/how_to_water_red_jonah_7pot_trinidad_scorpion_pepper_plants.jpg
000342.jpg,https://papaspepperfarm.files.wordpress.com/2015/04/mg_0899.jpg
000343.jpg,https://pepperhead.com/wp-content/uploads/7-Pot-Primo-Header.jpg
000344.jpg,https://i.redd.it/2iob2gyt7dhz.jpg
000345.jpg,https://cdn.thehippyseedcompany.com/wp-content/uploads/2017/06/7-pod-long-1-262x328.jpg
000346.jpg,https://st.hzcdn.com/fimgs/178206bc04cb4021_6372-w500-h375-b0-p0--.jpg
000347.jpg,https://i.ytimg.com/vi/VKRGKsl9lFY/maxresdefault.jpg
000348.jpg,https://www.hottyplace.com/1869/7-pot-jonah-10g-peperoncino-polvere-extra-piccante-fruttato-7-pentole-vaso-vetro.jpg
000349.jpg,https://www.chillisgalore.co.uk/images/diary/2013/brainstrain_2.jpg
000350.jpg,https://www.picclickimg.com/d/l400/pict/291863585037_/25-Organically-Grown-7-Pot-Jonah-Premium-Pepper.jpg
000351.jpg,https://www.chileseeds.co.uk/wp-content/uploads/2018/09/TrinidadScorpion7PotLucyChilliSeeds.jpg
000352.jpg,https://cdn11.bigcommerce.com/s-f6cx4kq/images/stencil/500x659/products/124/1083/7_pot_primo__47653.1549136828.jpg?c=2
000353.jpg,https://i.redd.it/g75u3pflqa821.jpg
000354.jpg,https://cdn.shopify.com/s/files/1/1523/7044/products/7PotInfinity_large.jpg?v=1475803878
000355.jpg,http://thehotpepper.com/uploads/monthly_11_2014/post-2879-0-63722000-1417119051.jpg
000356.jpg,https://ae01.alicdn.com/kf/HTB1sD2haFLM8KJjSZFBq6xJHVXah/HOT-CHILLI-PEPPER-Rare-Trinidad-7-Pot-Jonah-Pepper-Seeds-from-my-plants-Vegetable-Seeds-100SEEDS.jpg
000357.jpg,https://buyghostpepperplants.com/wp-content/uploads/2017/03/red_jonah_7pot_trinidad_scorpion_pepper_photos_and_pictures.jpg
000358.jpg,https://i.pinimg.com/originals/26/a7/60/26a76011451309729620d943595e5f54.png
000359.jpg,http://thepepperseed.com/wp-content/gallery/peppers/img_4504.jpg
000360.jpg,https://image.jimcdn.com/app/cms/image/transf/none/path/s109b8a775f1b27c8/image/i0ae1f7e72b54c8af/version/1400596342/image.jpg
000361.jpg,https://wacse.org/wp-content/uploads/2017/07/Photo-3-7-17-5-07-29-am-300x300.jpg
000362.jpg,https://fesaja-versand.de/images/product_images/original_images/7-pot-jonah-strain-qr.jpg
000363.jpg,https://lh6.googleusercontent.com/-nUvtdsKBlRk/UuTAx1SeX2I/AAAAAAAAAA4/0RTDT7viT8g/s640/blogger-image--1479090046.jpg
000364.jpg,https://www.hottyplace.com/2177-tm_thickbox_default/naga-big-bang-chocolate-polvere-puro-peperoncino-piccante-estremo-vaso-vetro-10g.jpg
000365.jpg,https://i.ytimg.com/vi/rzhAI6-D7-c/maxresdefault.jpg
000366.jpg,https://image.jimcdn.com/app/cms/image/transf/none/path/s109b8a775f1b27c8/image/i90e9a685845eefdc/version/1400587230/image.jpg
000367.jpg,https://pepperhead.com/wp-content/uploads/2018/07/7-Pot-Douglah.jpg
000368.jpg,https://i0.wp.com/www.chili-seminka.cz/1891-thickbox_default/trinidad-7-pot-jonah-semena.jpg?w=600
000369.jpg,https://cdn11.bigcommerce.com/s-f6cx4kq/images/stencil/original/products/173/1072/7_Pot_Bubblegum_pepper__02348.1548716324.png
000370.jpg,https://www.chileseeds.co.uk/wp-content/uploads/2018/09/DevilsTonguechilliseeds-300x300.jpg
000371.jpg,https://cdn.shopify.com/s/files/1/1523/7044/products/7PotBrown_large.jpg?v=1475803363
000372.jpg,https://i.pinimg.com/236x/5c/b3/64/5cb364c45f8fcf732d38e5eb6dba943e--pots.jpg
000373.jpg,https://image.jimcdn.com/app/cms/image/transf/none/path/s109b8a775f1b27c8/image/i34123d89c23cb1f9/version/1400587232/image.jpg
000374.jpg,https://buyghostpepperplants.com/wp-content/uploads/2017/03/how_to_grow_red_jonah_7pot_trinidad_scorpion_pepper_plants_from_seeds.jpg
000375.jpg,http://4.bp.blogspot.com/-G1R-Gzl6KUw/T1UehHJHABI/AAAAAAAAAGY/mvdA7BwK7hA/s1600/2012-03-03_17-02-33_219.jpg
000376.jpg,https://i.ytimg.com/vi/obOcD38OCy0/maxresdefault.jpg
000377.jpg,http://thepepperseed.com/wp-content/gallery/peppers/img_4530.jpg
000378.jpg,http://i1194.photobucket.com/albums/aa364/muskymojo/podsale031.jpg
000379.jpg,https://cdn.shopify.com/s/files/1/1523/7044/products/7PotOrange_large.jpg?v=1475804026
000380.jpg,https://i.pinimg.com/236x/26/c3/d4/26c3d45e5d461adac2331027f3cf00d6--strain-chilli.jpg
000381.jpg,https://image.jimcdn.com/app/cms/image/transf/none/path/s109b8a775f1b27c8/image/i5abb20aa60da378d/version/1484996962/image.jpg
000382.jpg,http://i1194.photobucket.com/albums/aa364/muskymojo/podsale033.jpg
000383.jpg,https://i.ytimg.com/vi/bUxaoLxAJoA/hqdefault.jpg
000384.jpg,https://cdn.shopify.com/s/files/1/1523/7044/products/ChocolateBrainStrain_large.jpg?v=1475803297
000385.jpg,http://i.ebayimg.com/images/g/IXcAAOSwwIta1Jdx/s-l500.jpg
000386.jpg,https://i.ytimg.com/vi/e9l6A_-0UJU/maxresdefault.jpg
000387.jpg,http://thehotpepper.com/uploads/monthly_11_2014/post-2879-0-77725900-1417119040.jpg
000388.jpg,https://cdn.shopify.com/s/files/1/1523/7044/products/7PotYellow_large.jpg?v=1475804430
000389.jpg,https://i.ytimg.com/vi/iMP6m2FU1pE/maxresdefault.jpg
000390.jpg,http://i1194.photobucket.com/albums/aa364/muskymojo/podsale029.jpg
000391.jpg,http://i1082.photobucket.com/albums/j380/jbeer3232/Peppers7.jpg
000392.jpg,https://chilli-seedz.com/wp-content/uploads/2016/02/7-pot-BBS-red-254x203.jpg
000393.jpg,http://i1236.photobucket.com/albums/ff454/mgold86/2012%20Grow/file-35.jpg
000394.jpg,https://www.seminka-chilli.cz/fotografie/max/trinidad-7-pot-jonah-171-2.jpg
000395.jpg,http://seminka-chilli.cz/fotografie/max/trinidad-7-pot-jonah-171-1.jpg
000396.jpg,http://www.exotic-plants.de/auktionsbilder/Chili_Trinidad_7_Pot_Jonah1.jpg
000397.jpg,https://www.pepperscale.com/wp-content/uploads/2017/08/7-Pot-Jonah.jpg
000398.jpg,https://www.cayennediane.com/wp-content/uploads/7-Pot-Jonah-.jpg
000399.jpg,http://www.seminka-chilli.cz/fotografie/max/trinidad-7-pot-jonah-171-3.jpg
000400.jpg,http://www.devonchilliman.co.uk/wp-content/uploads/2017/03/7-pot-jonah-chilli.jpg
000401.jpg,http://chilli-seedz.com/wp-content/uploads/2015/10/7-Pot-Jonah-Ripe.jpg
000402.jpg,https://pepperhead.com/wp-content/uploads/2016/11/7-Pot-Jonah.jpg
000403.jpg,https://www.seminka-chilli.cz/fotografie/max/trinidad-7-pot-jonah-171-0.jpg
000404.jpg,http://www.htpepper.com/wp-content/uploads/2015/09/7PotJonah01.jpg
000405.jpg,https://www.seminka-chilli.cz/fotografie/max/trinidad-7-pot-jonah-171-4.jpg
000406.jpg,https://www.pepperworldhotshop.com/out/pictures/master/product/1/7potjonahpflanze_pj209.jpg
000407.jpg,http://chilli-seedz.com/wp-content/uploads/2015/10/7-Pot-Jonah-900x900.jpg
000408.jpg,http://www.htpepper.com/wp-content/uploads/2015/09/7PJ-x-TSY-RedF2-01.jpg
000409.jpg,https://fesaja-versand.de/images/product_images/info_images/7-pot-jonah-strain-chili-samen-04.jpg
000410.jpg,https://www.superhotchiles.com/wp-content/uploads/2018/07/Trinidad_7_Pot_Jonah_24-600x400.jpg
000411.jpg,http://www.htpepper.com/wp-content/uploads/2015/09/7PJ-x-TSY-YellowF2-01.jpg
000412.jpg,http://bungahias.net/wp-content/uploads/2014/03/Cabe-7-Pot-Jonah.jpg
000413.jpg,http://www.peppersbymail.com/wp-content/uploads/2015/09/7_pot_jonah.jpg
000414.jpg,https://www.capsicum-chinense.org/fotos/7-Pot-Jonah-1-620x380.jpg
000415.jpg,https://ghostpepperstore.com/assets/images/FreshPeppers/7PotJonah.jpg
000416.jpg,https://www.seminka-chilli.cz/fotografie/max/trinidad-7-pot-jonah-171-5.jpg
000417.jpg,https://www.seeds-gallery.shop/2031-large_default/7-pot-jonah-schoko-chili-samen.jpg
000418.jpg,https://www.superhotchiles.com/wp-content/uploads/2018/07/Trinidad_7_Pot_Jonah_29-600x400.jpg
000419.jpg,https://www.superhotchiles.com/wp-content/uploads/2018/07/Trinidad_7_Pot_Jonah_19-600x400.jpg
000420.jpg,https://fesaja-versand.de/images/product_images/original_images/7-pot-jonah-strain-chili-samen-05.jpg
000421.jpg,http://prakticky.sk/wp-content/uploads/2015/05/7pot-jonah.jpg
000422.jpg,https://cdn.shopify.com/s/files/1/0220/1512/products/7_Pot_Jonah_Orange_2a6124a7-ef40-48c8-b3bf-2c605542488f.jpg
000423.jpg,https://cdn.myshoptet.com/usr/www.chillimat.cz/user/shop/big/1491_7-pot-jonah-sama.jpg
000424.jpg,https://fesaja-versand.de/images/product_images/original_images/7-pot-jonah-strain-chili-samen-06.jpg
000425.jpg,https://www.chillies4u.co.uk/wp-content/uploads/2018/02/7Pot-Jonah.jpg
000426.jpg,http://www.nareo.pl/pol_pl_Nasiona-7-Pot-Jonah-Chili--151_1.jpg
000427.jpg,https://www.hottyplace.com/img/p/1/9/2/3/1923-tm_thickbox_default.jpg
000428.jpg,https://pepperhead.com/wp-content/uploads/2016/11/SB7J-3.jpg
000429.jpg,https://www.seeds-gallery.shop/2015-large_default/7-pot-7-pod-jonah-seme-extremno-ljut.jpg
000430.jpg,http://www.chillizrout.cz/image/cache/data/zbozi/7pot_jonah_chilli-600x600.jpg
000431.jpg,https://www.ethno-botanik.org/fotos/7-Pot-Jonah-620x380.jpg
000432.jpg,https://www.seeds-gallery.shop/2030-home_default/sementes-de-pimenta-nuclear-jonah-7-pod-pot-chocolate.jpg
000433.jpg,https://www.cilicen.si/182-large_default/7-pot-jonah.jpg
000434.jpg,http://plantium.ru/image/catalog/seeds/peppers/chinense/trinidad_scorpion/7_pot/7-pot-jonah/7-pot-jonah-plantium.ru.jpg
000435.jpg,https://fesaja-versand.de/images/product_images/original_images/7-pot-jonah-strain-qr.jpg
000436.jpg,https://blog.engholm.de/wp-content/gallery/chilis-25-09-2011/7pot-jonah-1.jpg
000437.jpg,https://cdn.shopify.com/s/files/1/0220/1512/products/7_Pot_Jonah_Red_1_0dcd85bd-d073-498a-aebd-6c57e39ffec9_800x.jpg
000438.jpg,https://www.hydroponics.eu/officinal-medical-vegetables-and-chilli-pepper-seeds/chilli-seeds-bank/7-pot-jonah-10-x-pepper-seeds~Img_Principale_25140.jpg
000439.jpg,https://www.hot-chili-shop.de/wp-content/uploads/2013/10/7-Pot-Red-Brain-Strain.jpg
000440.jpg,https://www.chili-seminka.cz/715-thickbox_default/trinidad-7-pot-jonah-semena.jpg
000441.jpg,https://buyghostpepperplants.com/wp-content/uploads/2017/03/yellow_jonah_7pot_7pod_trinidad_scorpion_fresh_pepper.jpg
000442.jpg,https://cdn.shopify.com/s/files/1/0871/0950/products/deviltonguepepper_large.jpg
000443.jpg,https://www.chili-seminka.cz/1892-thickbox_default/trinidad-7-pot-jonah-semena.jpg
000444.jpg,https://fesaja-versand.de/images/product_images/original_images/7-pot-jonah-strain-chili-samen-03.jpg
000445.jpg,https://fesaja-versand.de/images/product_images/popup_images/7-pot-jonah-strain-chili-samen-02.jpg
000446.jpg,http://www.piedmontfarmandgarden.com/v/vspfiles/photos/PPP202-3.jpg
000447.jpg,http://bibitbunga.com/wp-content/uploads/2013/10/cabai-7-pot-jonah.jpg
000448.jpg,https://cdn.shopify.com/s/files/1/0871/0950/products/7pot_white_2bd35538-bcb1-4de0-bcf2-3bc679aaf015_large.jpg
000449.jpg,https://cdn.shopify.com/s/files/1/0871/0950/products/Trinidad-Scorpion-Chile-Pepper_128cfb54-701a-410a-a30b-6cd29a223da9_large.jpg
000450.jpg,https://www.piedmontfarmandgarden.com/v/vspfiles/photos/PPP202-5.jpg
000451.jpg,http://1.bp.blogspot.com/-eyIm47KPHNo/UrsaXVFwfII/AAAAAAAADMA/ReLz4Td9br8/s1600/tmp_IMG_20131213_1205171204287380.jpg
000452.jpg,http://www.piedmontfarmandgarden.com/v/vspfiles/photos/PPP202-4.jpg
000453.jpg,https://pepperhead.com/wp-content/uploads/2016/11/SB7J.jpg
000454.jpg,http://ghostpepperstore.com/assets/images/driedjonah.jpg
000455.jpg,https://image.jimcdn.com/app/cms/image/transf/none/path/s109b8a775f1b27c8/image/i20e8688e71350073/version/1400596095/image.jpg
000456.jpg,https://c8.alamy.com/comp/EK87E6/isolated-jonah-red-7-pot-pepper-EK87E6.jpg
000457.jpg,http://www.piedmontfarmandgarden.com/v/vspfiles/photos/PPP202-8.jpg
000458.jpg,http://chilibaron.ch/images/stories/virtuemart/product/8W8A3827.jpg
000459.jpg,https://www.chili-seminka.cz/715-large_default/trinidad-7-pot-jonah-semena.jpg
000460.jpg,https://fesaja-versand.de/images/product_images/popup_images/7-pot-jonah-strain-chili-samen-03.jpg
000461.jpg,http://2.bp.blogspot.com/-jZKmyXJOayw/UrsbcwZyL6I/AAAAAAAADMI/tdJq3Xf4GnE/s1600/tmp_IMG_20131223_094104-1548825780.jpg
000462.jpg,https://fesaja-versand.de/images/product_images/info_images/7-pot-jonah-strain-chili-samen-03.jpg
000463.jpg,https://papaspepperfarm.files.wordpress.com/2015/09/test20150930-0007.jpg
000464.jpg,https://www.exotic-seeds.store/2031-home_default/semi-di-peperoncino-jonah-7-pod-pot-cioccolato.jpg
000465.jpg,https://www.hottyplace.com/img/p/1/4/4/4/1444-tm_thickbox_default.jpg
000466.jpg,https://www.pepperscale.com/wp-content/uploads/2017/05/trinidad-7-pot-pepper.jpg
000467.jpg,http://www.mopeppers.at/media/image/product/3071/md/trinidad-moruga-red.jpg
000468.jpg,https://st.hzcdn.com/simgs/4dd2de1f04af7a95_8-6327/home-design.jpg
000469.jpg,https://cdn.notonthehighstreet.com/system/product_images/images/002/162/829/original_grow-your-own-seven-pot-jonah-chilli-plant-kit.jpg
000470.jpg,https://cdn.notonthehighstreet.com/system/product_images/images/002/161/694/original_grow-your-own-seven-pot-jonah-chilli-plant-kit.jpg
000471.jpg,https://pepperhead.com/wp-content/uploads/2016/11/SB7J-2.jpg
000472.jpg,http://cheznounoulolo.c.h.pic.centerblog.net/o/pot-tete-de-monstre-002.jpg
000473.jpg,https://cdn.vox-cdn.com/uploads/chorus_image/image/65539750/chang.0.jpg
