image,source
000001.jpg,https://images-na.ssl-images-amazon.com/images/I/812IU89PT9L._SY550_.jpg
000002.jpg,https://images-na.ssl-images-amazon.com/images/I/71ZXoXZYVlL._SX425_.jpg
000003.jpg,https://whiteonricecouple.com/recipe/images/Goats-weed-Black-cobra-pepper-3.jpg
000004.jpg,https://www.pepperscale.com/wp-content/uploads/2016/05/Black-Cobra-Pepper-1-768x576.jpg
000005.jpg,https://i.ebayimg.com/images/g/1AsAAOxy06RRG8L1/s-l300.jpg
000006.jpg,https://i.etsystatic.com/8204508/r/il/8a4609/1513900213/il_794xN.1513900213_fj60.jpg
000007.jpg,https://images-na.ssl-images-amazon.com/images/I/51gK1tys4YL._SX425_.jpg
000008.jpg,https://cdn11.bigcommerce.com/s-f6cx4kq/images/stencil/1280x1280/products/141/651/black_cobra_pepper1_at_Tyler_Farms_pepper_seed_company__11386.1499141506.jpg?c=2&imbypass=on
000009.jpg,https://ae01.alicdn.com/kf/HTB19p8VLVXXXXa8XpXXq6xXFXXXA/bonsai-100-Hot-Black-Cobra-Peppers-Chili-Rare-NO-GMO-vegetable-for-home-garden.jpg
000010.jpg,https://i.ytimg.com/vi/En-ZyoNhRe8/hqdefault.jpg
000011.jpg,https://cdn.shopify.com/s/files/1/0011/9514/7364/products/il_fullxfull.1118327016_o2sy_c668e555-4971-4240-890a-e4797d91a894_600x600.jpg?v=1542950473
000012.jpg,https://jakeseed.com/wp-content/uploads/2018/01/goats-weed-3.jpg
000013.jpg,https://images-na.ssl-images-amazon.com/images/I/517msqMOxKL._SR600%2C315_PIWhiteStrip%2CBottomLeft%2C0%2C35_SCLZZZZZZZ_.jpg
000014.jpg,https://i.redd.it/wa2xpibbcvaz.jpg
000015.jpg,http://www.specialtyproduce.com/sppics/9273.png
000016.jpg,https://images.sellersourcebook.com/users/143753/black_cobra_pepper_1479197934.jpg
000017.jpg,https://greenseedgarden.com/wp-content/uploads/2018/06/Black-Cobra-Pepper-2.jpg
000018.jpg,https://thehippyseedcompany.com/wp-content/uploads/2017/06/Black-Cobra-3.jpg
000019.jpg,https://i.etsystatic.com/5690874/r/il/9f8b00/1566284958/il_570xN.1566284958_tss0.jpg
000020.jpg,https://static.wixstatic.com/media/d45f52_b73450177c964667ac0fc02b58271eb8~mv2.jpg/v1/fill/w_996,h_664,al_c,q_85,usm_0.66_1.00_0.01/d45f52_b73450177c964667ac0fc02b58271eb8~mv2.jpg
000021.jpg,https://i.ebayimg.com/images/g/97cAAOSw~NZcTw9p/s-l300.png
000022.jpg,https://static1.squarespace.com/static/578bfb926a49638ee3550e98/578c72a19f745617d633415c/5838f08bb3db2bd3af438ed6/1489433362553/20160722_060842.jpg?format=1000w
000023.jpg,https://ae01.alicdn.com/kf/HTB1YJWXRpXXXXaBXXXXq6xXFXXXk/100-Pcs-Black-Cobra-Peppers-Chili-Bonsai-Rare-NO-GMO-Vegetable-Bonsai-For-Home-Garden-Planting.jpg
000024.jpg,https://t7-live-fsmn.nyc3.cdn.digitaloceanspaces.com/friendsschoolplantsale.com/files/images/variety/V-Pepper-BlackCobra-TradeWindsFruit.jpg
000025.jpg,https://images-na.ssl-images-amazon.com/images/I/51CBIhYlMsL._SX466_.jpg
000026.jpg,https://i.ebayimg.com/images/g/xsEAAOSwpDdU5zEL/s-l300.jpg
000027.jpg,https://www.chileplants.com/images/chiles/cobra-pepper-plants.jpg
000028.jpg,https://ae01.alicdn.com/kf/HTB1P4rYmpkoBKNjSZFEq6zrEVXaS/100pcs-Hot-Black-Cobra-Peppers-Chili-Rare-NO-GMO-Organic-chinese-vegetable-for-home-garden-planting.jpg
000029.jpg,https://i.etsystatic.com/14604705/r/il/c3cf4a/1336947995/il_570xN.1336947995_i6y1.jpg
000030.jpg,https://cf.shopee.ph/file/656b0c63e9c6757a29af42244de1edbe_tn
000031.jpg,https://weekendsprout.files.wordpress.com/2014/07/20140720_192818.jpg
000032.jpg,https://tse2.mm.bing.net/th?id=OIP.0ZI1Tfgkd_fDRjI9cKWY0wHaHa
000033.jpg,https://i.ebayimg.com/images/g/ywsAAOSwpZNcXzkt/s-l400.jpg
000034.jpg,https://i.ytimg.com/vi/JcWpPK12lF4/maxresdefault.jpg
000035.jpg,http://www.decomagazine.org/wp-content/uploads/2018/02/the-best-way-to-care-to-get-a-black-cobra-pepper-594116efd40ee.jpg
000036.jpg,https://cdn.thehippyseedcompany.com/wp-content/uploads/2019/03/Orange-Kraken-9ws-logo-262x328.jpg
000037.jpg,https://i.ebayimg.com/images/g/obEAAOSwByFbWSVY/s-l300.jpg
000038.jpg,https://i.pinimg.com/originals/b5/e4/ed/b5e4eda428c25ceda2070dca179496f6.jpg
000039.jpg,http://3.bp.blogspot.com/_cWRaT7LNKR0/TGc4aah4iwI/AAAAAAAAADE/AOFodyGKX94/s1600/blackcobra.jpg
000040.jpg,https://pbs.twimg.com/media/DepTD79VQAAGHJz.jpg
000041.jpg,https://ae01.alicdn.com/kf/HTB1ZaEnAsuYBuNkSmRyq6AA3pXaD/100pcs-Hot-Black-Cobra-Peppers-Chili-Rare-NO-GMO-Organic-chinese-vegetable-for-home-garden-planting.jpg_q50.jpg
000042.jpg,https://images-na.ssl-images-amazon.com/images/I/21z1DMxCQYL._SL500_AC_SS350_.jpg
000043.jpg,https://static.wixstatic.com/media/d45f52_b43c604900a1447fbb82b4ef8fc374af~mv2.jpg/v1/fill/w_480,h_270,al_c,q_85,usm_0.66_1.00_0.01/d45f52_b43c604900a1447fbb82b4ef8fc374af~mv2.jpg
000044.jpg,https://images.bonanzastatic.com/afu/images/3734/5998/32/plant-29.png
000045.jpg,https://ae01.alicdn.com/kf/HTB13tWMlY1YBuNjSszhq6AUsFXa7/400PCS-Hot-Black-Cobra-Peppers-Chili-Seeds-Rare-Vegetable-Seeds-Peppers-Chili-Seeds-Hot.jpg
000046.jpg,https://i.etsystatic.com/7824311/r/il/fe0805/685050273/il_794xN.685050273_cnwm.jpg
000047.jpg,https://i.redd.it/es04gw80nhi11.jpg
000048.jpg,https://i.ytimg.com/vi/1u0Mvo8LPSE/hqdefault.jpg
000049.jpg,http://i64.tinypic.com/2ljhw93.jpg
000050.jpg,https://images-na.ssl-images-amazon.com/images/I/31vTsWkgmYL._SL500_AC_SS350_.jpg
000051.jpg,https://i.pinimg.com/originals/cd/d1/6f/cdd16f3e5e0eaa5edbcee8e91eeb21f8.jpg
000052.jpg,https://i.pinimg.com/originals/57/d7/d8/57d7d8587bf5af7e4dff1a7b2e4e4d5d.jpg
000053.jpg,https://live.staticflickr.com/6092/6316629197_82cb0685f7_b.jpg
000054.jpg,https://images-na.ssl-images-amazon.com/images/I/51tlc%2BILZGL._SX425_.jpg
000055.jpg,http://i.imgur.com/13hEZm1.jpg
000056.jpg,https://garden.org/pics/2017-11-20/pinkiris/5730ca-300.jpg
000057.jpg,https://greenseedgarden.com/wp-content/uploads/2018/06/5799-2au0u9.jpg
000058.jpg,https://www.garagedoorsguelph.ca/wp-content/uploads/pic/2270.png
000059.jpg,https://i.etsystatic.com/7824311/r/il/56ef0f/874338711/il_340x270.874338711_9fhe.jpg
000060.jpg,https://jakeseed.com/wp-content/uploads/2018/12/Aji-Chombo-2-324x324.jpg
000061.jpg,https://upload.wikimedia.org/wikipedia/commons/thumb/6/69/BhutJolokia09_Asit.jpg/1200px-BhutJolokia09_Asit.jpg
000062.jpg,https://www.chili-shop24.com/media/image/8e/49/18/102337_01_600x600.jpg
000063.jpg,http://i1059.photobucket.com/albums/t427/stevetoad10/8d4dd17c.jpg
000064.jpg,http://i579.photobucket.com/albums/ss235/boutros619/IMG_3585.jpg
000065.jpg,http://cdn.shopify.com/s/files/1/0011/9514/7364/products/il_fullxfull.882465753_435o_4689c9cd-6fba-4128-bfc5-fa26f384b9b0_1200x1200.jpg?v=1542950438
000066.jpg,https://ae01.alicdn.com/kf/HTB1KKJQRpXXXXcBXFXXq6xXFXXXw/100-Pcs-Black-Cobra-Peppers-Chili-Bonsai-Rare-NO-GMO-Vegetable-Bonsai-For-Home-Garden-Planting.jpg_q50.jpg
000067.jpg,http://www.specialtyproduce.com/ProdPics/9273.jpg
000068.jpg,https://photos.offerup.com/zbDHFyU33zbqH4YOB5OTTckV9zI=/600x796/2678/2678a034270345928be321068be19e1e.jpg
000069.jpg,https://i.pinimg.com/originals/d5/35/5e/d5355eff8ab7e5e2036784e33ecb856f.jpg
000070.jpg,https://www.picclickimg.com/d/l400/pict/143118433752_/100Pcs-Black-Cobra-Peppers-Chili-Bonsai-Rare-NO-GMO.jpg
000071.jpg,https://cf.shopee.ph/file/c774f4fbf2f8339fbd206b82bd770649_tn
000072.jpg,https://i.ytimg.com/vi/zBq30MMzHgo/maxresdefault.jpg
000073.jpg,https://ae01.alicdn.com/kf/HTB1xbdRLVXXXXb2XFXXq6xXFXXXh/227538911/HTB1xbdRLVXXXXb2XFXXq6xXFXXXh.jpg?size=149307&height=800&width=800&hash=75d24141c59d4cdb588bcf693d7f9c6f
000074.jpg,https://i.etsystatic.com/5690874/r/il/18c386/1566285106/il_794xN.1566285106_qe5w.jpg
000075.jpg,https://ichef.bbci.co.uk/news/660/cpsprodpb/0D30/production/_100767330_carolina_reaper_chilli_pepper_plant-spl.jpg
000076.jpg,http://panoramahoteldubai.info/wp-content/uploads/2018/08/fatali-pepper-black-cobra-pepper-seeds-hot-peppers-for-sale-in-ca-fatalii-pepper-salsa.jpg
000077.jpg,https://scontent-yyz1-1.cdninstagram.com/vp/e0a49ced9045b6af1a20354f6baa2dbc/5E313F51/t51.2885-15/sh0.08/e35/s640x640/70172510_183224452710017_231587016882553541_n.jpg?_nc_ht=scontent-yyz1-1.cdninstagram.com&_nc_cat=105
000078.jpg,https://www.picclickimg.com/d/l400/pict/183895059431_/Black-Cobra-Peppers-Chili-Seeds-Rare-Vegetable-Plants.jpg
000079.jpg,https://cdn.shopclues.com/images/thumbnails/69002/320/320/117732015121492876623.jpg
000080.jpg,https://www.seeds-gallery.shop/3664-home_default/black-cobra-chili-cili-seme-c-annuum.jpg
000081.jpg,https://1.bp.blogspot.com/_dqiper7Fm7g/SyAQKH2m6HI/AAAAAAAAMxk/ui667rUL8Ps/w1200-h630-p-k-no-nu/spencers-jerky-black-cobra-pepper.jpg
000082.jpg,https://i.pinimg.com/originals/e3/b6/a3/e3b6a3da431f926a6cf1525625daedf9.jpg
000083.jpg,https://static.kupindoslike.com/BLACK-COBRA-Chili-Peppers-15-semena-_slika_XL_79808381.jpg
000084.jpg,https://cdn11.bigcommerce.com/s-f6cx4kq/product_images/uploaded_images/black-cobra-pepper-tyler-farms.jpg
000085.jpg,https://images-na.ssl-images-amazon.com/images/I/71jBLgzr%2BZL._SY550_.jpg
000086.jpg,https://ae01.alicdn.com/kf/HTB1MiloRpXXXXaLapXXq6xXFXXXQ/100-Pcs-Black-Cobra-Peppers-Chili-Bonsai-Rare-NO-GMO-Vegetable-Bonsai-For-Home-Garden-Planting.jpg_640x640q70.jpg
000087.jpg,https://image.shutterstock.com/image-photo/black-cobra-peppers-growing-garden-600w-1078772921.jpg
000088.jpg,https://i.ytimg.com/vi/58ev08cdwP0/maxresdefault.jpg
000089.jpg,http://jakeseed.com/wp-content/uploads/2018/01/goats-weed-1.jpg
000090.jpg,https://ae01.alicdn.com/kf/HTB1YGSIlY5YBuNjSspoq6zeNFXag/400PCS-Hot-Black-Cobra-Peppers-Chili-Seeds-Rare-Vegetable-Seeds-Peppers-Chili-Seeds-Hot.jpg
000091.jpg,https://i.etsystatic.com/5690874/d/il/95eea8/1613737947/il_340x270.1613737947_8ioy.jpg?version=0
000092.jpg,http://i66.tinypic.com/2whqtg4.jpg
000093.jpg,https://image.shutterstock.com/display_pic_with_logo/6387/1088147687/stock-photo-black-cobra-peppers-growing-in-garden-capsicum-annuum-1088147687.jpg
000094.jpg,https://m.media-amazon.com/images/I/61rhTWvZshL._AC_UL320_.jpg
000095.jpg,https://www.picclickimg.com/d/l400/pict/252610142346_/25-Premium-2018-Organically-Grown-Tobago-Seasoning-Pepper.jpg
000096.jpg,https://i.ytimg.com/vi/bqEbkpeMXmw/maxresdefault.jpg
000097.jpg,https://instagram.fist1-2.fna.fbcdn.net/vp/1650fe59f610bb394c5c931e88e58e55/5DF14899/t51.2885-15/sh0.08/e35/s640x640/67331083_455648228620905_7278378730800735471_n.jpg?_nc_ht=instagram.fist1-2.fna.fbcdn.net
000098.jpg,https://jakeseed.com/wp-content/uploads/2018/01/goats-weed-2.jpg
000099.jpg,https://ae01.alicdn.com/kf/HTB1JDE_dwKTBuNkSne1q6yJoXXaM/400PCS-Hot-Black-Cobra-Peppers-Chili-Seeds-Rare-Vegetable-Seeds-Peppers-Chili-Seeds-Hot.jpg
000100.jpg,https://thumbs.ebaystatic.com/d/l225/m/mxA__Vo3H6A_oFh9iHW1M9Q.jpg
000101.jpg,http://chilipepper-shop.com/image/cache/catalog/products/rare-black-cobra-pepper-2-500x500.jpg
000102.jpg,https://i.ytimg.com/vi/CURur6AbGfQ/maxresdefault.jpg
000103.jpg,https://i.pinimg.com/originals/1d/39/44/1d394407b9b7583331309b71f42b6fc4.jpg
000104.jpg,https://www.picclickimg.com/d/l400/pict/174051768866_/20-Bhut-Jolokia-Ghost-Peppers-Seeds-Chili-Rare.jpg
000105.jpg,https://pbs.twimg.com/media/Dn06FgVXkAEFREB.jpg
000106.jpg,https://michaelsweller.files.wordpress.com/2015/10/2015-09-27-18-34-40.jpg
000107.jpg,https://scontent-sjc3-1.cdninstagram.com/vp/0428c484371b01fb888895a372a441ad/5DB9C3A3/t51.2885-15/e35/c0.180.1440.1440a/s320x320/62397495_104804370747520_4615790670198630759_n.jpg?_nc_ht=scontent-sjc3-1.cdninstagram.com&ig_cache_key=MjA4ODk1MzM5NDM3NTM5MjkwMw%3D%3D.2.c
000108.jpg,https://static1.squarespace.com/static/578bfb926a49638ee3550e98/578c72a19f745617d633415c/5b491a85562fa7469e7b1f6c/1562091353973/20180512_153446.jpg?format=750w
000109.jpg,https://weekendsprout.files.wordpress.com/2014/06/20140629_175057.jpg
000110.jpg,https://www.pepperscale.com/wp-content/uploads/2015/08/numex-twilight-1.jpg
000111.jpg,http://i579.photobucket.com/albums/ss235/boutros619/IMG_2599.jpg
000112.jpg,https://jakeseed.com/wp-content/uploads/2018/12/scotch-bonnet-brain-3-324x324.jpg
000113.jpg,https://pds.exblog.jp/pds/1/201708/03/12/e0178312_11160451.jpg
000114.jpg,http://i2.wp.com/all-americaselections.org/wp-content/uploads/2016/10/Orn.Pepper_BlackPearl-2006-1.jpg?lb=300,300,ffffff
000115.jpg,https://i.ytimg.com/vi/m1Ap8mGnLVU/maxresdefault.jpg
000116.jpg,http://imshopping.rediff.com/imgshop/300-300/shopping/pixs/19528/a/a_5b7537f0b1f85._futaba-mini-black-pearl-pepper-chilli-seeds-100-pcs.jpg
000117.jpg,https://66.media.tumblr.com/ba4836ab080fa8f52ea60ab7df5a9d7b/tumblr_inline_nw38fcYDUh1sh4pkv_1280.jpg
000118.jpg,https://www.mystungun.com/assets/images/jpx-cobra-blk-le-bundle.jpg
000119.jpg,https://www.picclickimg.com/d/l400/pict/253716096659_/Black-Cobra-pepper-seeds-2015-or-can-be.jpg
000120.jpg,http://i0.wp.com/image.dhgate.com/0x0/f2/albu/g5/M00/8E/28/rBVaI1nCeViAekdRAAdRkFySGNs791.jpg?lb=300,300,ffffff
000121.jpg,https://michaelsweller.files.wordpress.com/2015/10/2015-09-20-18-52-53.jpg
000122.jpg,https://q7i2y6d5.stackpathcdn.com/wp-content/uploads/2014/11/pepper-plants-400x266.jpg
000123.jpg,https://scontent-lga3-1.cdninstagram.com/vp/23d24d4090cbb0489548d23acd0d06b6/5E16F9A3/t51.2885-15/sh0.08/e35/c0.135.1080.1080a/s640x640/42999515_577010576046492_7615752914758309912_n.jpg?_nc_ht=scontent-lga3-1.cdninstagram.com&_nc_cat=100
000124.jpg,https://i.etsystatic.com/16155082/r/il/7d54a8/1800823644/il_794xN.1800823644_f4rk.jpg
000125.jpg,http://portalvhds26k4f5tktj3ck.blob.core.windows.net/spotpics/sp33099.jpg
000126.jpg,https://cdn11.bigcommerce.com/s-lsf68/images/stencil/1280x1280/products/381/1600/JPX_Level2_Bundle__76397.1458058717.jpg?c=2?imbypass=on
000127.jpg,https://static1.squarespace.com/static/578bfb926a49638ee3550e98/578c72a19f745617d633415c/58c0dd14e6f2e14660c0a819/1489433614172/IMG_1094.JPG?format=750w
000128.jpg,https://pbs.twimg.com/media/Dk59WThUUAAA0lR.jpg
000129.jpg,https://www.fataliiseeds.net/wp-content/uploads/fromoldsite/serrano_huasteco-800x800.jpg
000130.jpg,https://scontent-cdt1-1.cdninstagram.com/v/t51.2885-15/e35/39954425_733539313665619_6316869703742521344_n.jpg?_nc_ht=scontent-cdt1-1.cdninstagram.com&_nc_cat=107&se=7&oh=f3761e134a3d8f6ae264b853df6ce287&oe=5E170B45&ig_cache_key=MTg2MTM4NTUzMDc2ODQzMTQwMg%3D%3D.2
000131.jpg,http://weloveshon.com/i-west/plant-31.png
000132.jpg,https://ae01.alicdn.com/kf/HTB1CB6BdljTBKNjSZFDq6zVgVXaD/400PCS-Hot-Black-Cobra-Peppers-Chili-Seeds-Rare-Vegetable-Seeds-Peppers-Chili-Seeds-Hot.jpg
000133.jpg,https://d1k5w7mbrh6vq5.cloudfront.net/images/cache/ce/70/35/ce7035b64b2e70a4b9546e5cbf613048.jpg
000134.jpg,https://upload.wikimedia.org/wikipedia/commons/thumb/8/8b/Bhoot_Jolokia_%28_Ghost_Chili_pepper_%29.jpg/220px-Bhoot_Jolokia_%28_Ghost_Chili_pepper_%29.jpg
000135.jpg,https://michaelsweller.files.wordpress.com/2015/10/2015-10-10-11-29-411.jpg
000136.jpg,https://cdn.thehippyseedcompany.com/wp-content/uploads/2019/04/White-Fatali-14ws.jpg
000137.jpg,http://seazoo.info/wp-content/uploads/2019/05/rare-black-cobra-hot-pepper-seeds-jet-peppers-on-fuzzy-plants-comb-plant-for-sale-canada.jpg
000138.jpg,http://guynet.info/wp-content/uploads/2018/12/black-pepper-plant-black-pepper-plant-piper-black-cobra-pepper-plant-care.jpg
000139.jpg,https://www.selfdefensegearco.com/Images/USPersonalDefense/JPXB001-hh.jpg
000140.jpg,https://www.garagedoorsguelph.ca/wp-content/uploads/pic/Zynev.png
000141.jpg,https://i.ytimg.com/vi/9ko9lF3j-8Y/maxresdefault.jpg
000142.jpg,https://images-na.ssl-images-amazon.com/images/I/712-0CHgkGL.jpg
000143.jpg,https://www.picclickimg.com/00/s/MTYwMFgxMjAw/z/HR4AAOSwD0lUkH7U/$/RARE-Black-Cobra-Hot-Pepper-Seeds-JET-BLACK-_1.jpg
000144.jpg,https://pbs.twimg.com/media/Dk583cCVsAA31le.jpg
000145.jpg,https://img.tradera.net/medium/163/303953163_089ca8de-bad0-4c9c-8eed-f9cb64be891a.jpg
000146.jpg,https://ae01.alicdn.com/kf/HTB10h1nLXXXXXbZaXXXq6xXFXXX0/100-Hot-Black-Cobra-Peppers-Seeds-Rare-Non-Gmo-Vegetable-For-Home-Garden-Planting-New.jpg_220x220xz.jpg_.webp
000147.jpg,https://3.imimg.com/data3/UN/MC/MY-6627577/cobra-magnum-em-pepper-spray-500x500.jpg
000148.jpg,http://thumb4.zeppy.io/d/l400/pict/332893147616/black-pepper-plant-indian-pepper-piper-nigrum-live-stem-for-growing-8-stems
000149.jpg,http://img.tradera.net/images/163/303953163_089ca8de-bad0-4c9c-8eed-f9cb64be891a.jpg
000150.jpg,http://www.gadgetking.com/wp-content/uploads/2017/09/Cobra-Stunlight-LED-Flashlight-Pepper-Spray-1.jpg
000151.jpg,https://i.ytimg.com/vi/808j47w6ls8/maxresdefault.jpg
000152.jpg,http://4.bp.blogspot.com/_cWRaT7LNKR0/THBOCxPGWjI/AAAAAAAAADQ/FfxmhlJBoUo/s1600/IMG_4669.JPG
000153.jpg,http://i2.wp.com/www.thompson-morgan.com/product_images/100/zoom/z-CHIL-TM00060-P.jpg?lb=300,300,ffffff
000154.jpg,http://lh6.ggpht.com/whiteonricecouple/R1NGlmWowTI/AAAAAAAABE8/G5IZPppDjuE/s400/Devil+Peppers+006+copy.jpg
000155.jpg,https://scontent.cdninstagram.com/vp/9e8c818f611cef048d54d77653920489/5E0B20AE/t51.2885-15/e35/c0.135.1080.1080a/s480x480/44223120_569763593456592_6279011855447845113_n.jpg?_nc_ht=scontent-lax3-1.cdninstagram.com
000156.jpg,http://weloveshon.com/i-west/plant-45.png
000157.jpg,https://www.picclickimg.com/d/l400/pict/123086169857_/40-Fresh-Rare-Black-Cobra-Chili-Pepper.jpg
000158.jpg,https://scontent-cdg2-1.cdninstagram.com/v/t51.2885-15/e35/66277372_136049407613454_6779112265831222608_n.jpg?_nc_ht=scontent-cdg2-1.cdninstagram.com&se=7&oh=edb1c0259109a819ccd753ff69091911&oe=5DCF72EC&ig_cache_key=MjEwNDA1NTIxODE2NjMxMjU5NQ%3D%3D.2
000159.jpg,https://www.pepperscale.com/wp-content/uploads/2014/10/hot-pepper-list-768x511.jpeg
000160.jpg,https://pbs.twimg.com/media/Dk59GugV4AAYqaI.jpg
000161.jpg,https://static1.squarespace.com/static/578bfb926a49638ee3550e98/578c72a19f745617d633415c/5b47b3cc88251b45121b0400/1562091395408/20171023_161341.jpg?format=750w
000162.jpg,https://q7i2y6d5.stackpathcdn.com/wp-content/uploads/2014/07/pepper-blossom-400x248.jpg
000163.jpg,https://pbs.twimg.com/media/CzQLOUJVQAA2GAR.jpg
000164.jpg,https://gallery.tinyletterapp.com/df5abe76758bf541e337be6c6f4ca35eb43d4c82/images/e57a1291-8681-4064-b893-91ffb37efb9a.jpg
000165.jpg,https://i.pinimg.com/originals/1b/7d/8a/1b7d8a0d189ecb072678b0fdce449a79.jpg
000166.jpg,https://img.ruten.com.tw/s1/c/50/0f/21519349910543_408.jpg
000167.jpg,https://http2.mlstatic.com/50-semillas-aji-negro-black-cobra-chili-extra-picante-D_NQ_NP_870155-MLC28226335417_092018-F.jpg
000168.jpg,https://www.mystungun.com/assets/images/jpx4.jpg
000169.jpg,https://www.jpxpolicesupply.com/assets/images/JPX-Level2-Holster.jpg
000170.jpg,https://www.picclickimg.com/00/s/MTAwMVgxMDAx/z/aVQAAOSwo4pYUfVx/$/30-PCS-RARE-Black-Cobra-Hot-Chili-Pepper-_1.jpg
000171.jpg,https://cdn11.bigcommerce.com/s-lsf68/images/stencil/1280x1280/products/476/1428/blackjpxwithlaser__54033.1397078326.jpg?c=2?imbypass=on
000172.jpg,https://obyava.ua/img/classified/0/154/8369/ejf6rack76rv1fx0.jpg
000173.jpg,https://images.bonanzastatic.com/afu/images/1529/22b7/4f2b_5182458870/1_thumb200.jpg
000174.jpg,https://images-na.ssl-images-amazon.com/images/I/61Dr5Yw8u2L.jpg
000175.jpg,https://www.chilliseedbank.com.au/media/catalog/product/cache/image/720x560/4c3462793ba5f87d7658a49338bdb5e2/c/o/congo_b_pepper_sauce_1.jpg
000176.jpg,https://i0.wp.com/instudio.mabangapp.com/img/201830/PWW7740/PWW7740g09.jpg?w=600
000177.jpg,https://i.pinimg.com/originals/8c/1c/94/8c1c9454c53ed0d788dd974aaf26331d.png
000178.jpg,https://i.etsystatic.com/20435620/c/1177/935/704/90/il/36098b/1957942607/il_340x270.1957942607_m3lm.jpg
000179.jpg,https://cdn.shopify.com/s/files/1/1500/3934/products/y-3-back-logo-crewneck-black_450x.jpg?v=1525815229
000180.jpg,https://www.backdraftracing.com/images/igallery/resized/501-600/FN5A7645-566-900-675-80.jpg
000181.jpg,https://1.bp.blogspot.com/-BwjZYRDz5BA/UK_XQxk5_MI/AAAAAAAAAnU/ad8Qt9qDimQ/s1600/Goats-weed3.jpg
000182.jpg,https://www.picclickimg.com/00/s/MTAwMVgxMDAx/z/gncAAOSw2xRYUNnb/$/30-RARE-Black-Cobra-Hot-Chili-Pepper-Seeds-_1.jpg
000183.jpg,https://static11.edstatic.net/product_images/535x400/resize/mv7n2_lbzaftia.jpg?v=1
000184.jpg,https://www.pepperscale.com/wp-content/uploads/2018/10/the-spicery-at-pepperscale-banner_336x100.png
000185.jpg,https://scontent-lga3-1.cdninstagram.com/vp/5ce6ab93074c0bebe20c08e99de46422/5DB552F3/t51.2885-15/sh0.08/e35/s640x640/62050547_2286898651394909_7708202069450027246_n.jpg?_nc_ht=scontent-lga3-1.cdninstagram.com
000186.jpg,https://5.imimg.com/data5/RK/PK/GLADMIN-59007655/self-defence-and-pepper-spray-services-250x250.png
000187.jpg,https://i.ytimg.com/vi/QrSRgFwrkL8/maxresdefault.jpg
000188.jpg,https://scontent-frx5-1.cdninstagram.com/vp/f360b87548668ce7ee9943628a0cc18f/5E2213FC/t51.2885-15/e35/72456435_186744555706062_5550947662107491921_n.jpg?_nc_ht=scontent-frx5-1.cdninstagram.com&_nc_cat=106&se=7&ig_cache_key=MjE0OTUwNzYxODkzMzI1ODY3Ng%3D%3D.2
000189.jpg,https://dwgyu36up6iuz.cloudfront.net/heru80fdn/image/upload/c_fill,d_placeholder_wired.png,fl_progressive,g_face,h_450,q_80,w_800/v1571948145/wired_almost-impossible-why-it-s-almost-impossible-to-do-a-quintuple-cork-in-tricking.jpg
000190.jpg,https://qz-hero.imgix.net/default/jj-morning?auto=compress&w=767&h=767&fit=crop
000191.jpg,https://scontent-yyz1-1.cdninstagram.com/vp/7b098247372de32d56b34be9a0e2c715/5E2A261F/t51.2885-15/sh0.08/e35/s640x640/71230688_133646501363050_7872094320860904242_n.jpg?_nc_ht=scontent-yyz1-1.cdninstagram.com&_nc_cat=110
000192.jpg,https://scontent-bru2-1.cdninstagram.com/v/t51.2885-15/e35/s320x320/67594996_1384974851653436_7482815212196751546_n.jpg?_nc_ht=scontent-bru2-1.cdninstagram.com&oh=849830aabc8bda501460df48307840d3&oe=5DF42E12&ig_cache_key=MjEyNDQ0MTA5OTEwMDc2ODIxNA%3D%3D.2
000193.jpg,https://i.guim.co.uk/img/static/sys-images/Guardian/Pix/pictures/2015/1/8/1420721393093/0442f882-b2ec-43b9-818a-6255804270be-1360x2040.jpeg?width=1200&height=630&quality=85&auto=format&fit=crop&overlay-align=bottom%2Cleft&overlay-width=100p&overlay-base64=L2ltZy9zdGF0aWMvb3ZlcmxheXMvdGctZGVmYXVsdC5wbmc&s=c235f2e2e427a560372e29b5dcb85aee
000194.jpg,https://freckledfoodie.files.wordpress.com/2010/03/blackcobrajerky.jpg
000195.jpg,https://cdn.shopify.com/s/files/1/1520/8686/t/14/assets/slideshow_1_1120x.jpg?11778
000196.jpg,http://i1187.photobucket.com/albums/z382/skirtedfleecefarm/WP_20150227_001_zpser7282j2.jpg
000197.jpg,https://2d0kr92f96zwxdnni4d4ifav-wpengine.netdna-ssl.com/wp-content/uploads/2014/10/Scoville-Heat-Unit-Scale-1.jpg
000198.jpg,https://cdn11.bigcommerce.com/s-lsf68/images/stencil/1280x1280/products/211/564/2013JPXBundlePics001__37445.1397076888.JPG?c=2?imbypass=on
000199.jpg,https://cdn.customfields.bonify.io/dev-mace.myshopify.com/fields/products/video_thumbnail/1168345202731/How%20Mace%20Brand%20Peppery%20Spray%20UV%20Dye%20Works_.jpg?c=a288qB
000200.jpg,https://www.tg-woodware.com/imagprod/imagthum/drift-salt-pepper-crate-rustic-black-1440.jpg
000201.jpg,https://di-uploads-pod19.dealerinspire.com/desertwindharleydavidson/uploads/2019/09/20191027-DWHD-1200x628-Hogoween.jpg
000202.jpg,https://www.insideedition.com/sites/default/files/images/2019-10/101419_fortnite_2_web.jpg
000203.jpg,https://www.racmonitor.com/media/mod_zentools2/cache/images/f1643f36708fadabd1f1bf38a425687f-03ed4cf9ab96c58acf40c75d3a85c1ba.jpg
000204.jpg,https://dwgyu36up6iuz.cloudfront.net/heru80fdn/image/upload/c_fill,d_placeholder_wired.png,fl_progressive,g_face,h_450,q_80,w_800/v1572020742/wired_mycologist-explains-how-a-slime-mold-can-solve-mazes.jpg
000205.jpg,https://www.visitoslo.com/globalassets/bilder-oslo/aktiviteter/oslo-fjord-floating-sauna-didrick-stenersen.jpg?preset=limitWidth
000206.jpg,https://afepower.com/media/catalog/product/cache/1/image/1800x/040ec09b1e35df139433887a97daa66f/5/0/50-72005c1600.1565401728.jpg
000207.jpg,https://cobradefensemiami.com/wp-content/uploads/2018/06/cobra-defense-miami-spalsh.jpg
000208.jpg,https://superiorgrocers.com/wp-content/uploads/2019/06/1023Weekly-Digital-Images2.png
000209.jpg,https://www.nih.gov/sites/default/files/styles/slide_breakpoint-medium-small/public/home_0/slides/current/slide-sids.jpg?itok=ewLazFjX&timestamp=1570627027
000210.jpg,https://i.ytimg.com/vi/nXJuc_Ae0KE/hqdefault.jpg
000211.jpg,https://cdn.customfields.bonify.io/dev-mace.myshopify.com/fields/products/video_2_thumbnail/1168345202731/How%20to%20use%20Mace%20Brand%20Pepper%20Spray%20-%2030%20Sec%20Demo!.jpg?c=dZQK5m
000212.jpg,https://cdn.shopify.com/s/files/1/2592/1182/products/3314SB-15-Cobra-Stella-Bright-Square-Pillar-Tap_compact_2x.jpg?v=1553246807
000213.jpg,https://i5.walmartimages.com/asr/30a69744-e48b-4f3c-b651-e880120283d0_1.ac33ff1ea37024fbba9e458bdc04a490.jpeg?odnHeight=450&odnWidth=450&odnBg=FFFFFF
000214.jpg,https://merchbar.imgix.net/product/4/1616/15829689/093624956488.jpg?w=390&h=390&quality=60&auto=compress%252Cformat
000215.jpg,http://www.m0moto.hu/images/HF303C%20Oil%20Filter%202015_02_27-scr.jpg
000216.jpg,https://tbn.bidorbuy.co.za/image/fetch/dpr_1.0,f_auto,t_btbnx/https://img.bidorbuy.co.za/image/upload/v1517561525/user_images/533/1375533/180202105142_60ml%20Spitting%20Cobra%20Pepper%20Spray%20Including%20Pouch-%20Direct%20Stream.jpg
000217.jpg,https://i5.walmartimages.com/asr/4221bf22-fb92-47fc-b6c2-fbe60b03a02b_1.d679a893f09b2e9498df49ecf74adba9.jpeg?odnHeight=450&odnWidth=450&odnBg=ffffff
000218.jpg,https://image.shutterstock.com/image-vector/country-india-vector-outline-illustration-260nw-479626834.jpg
000219.jpg,https://images.wisegeek.com/india-on-the-map.jpg
000220.jpg,https://media.kidozi.com/unsafe/600x600/img.kidozi.com/small/18723955/62240,20,0,0,62,122.22816780822,225,63.88591609589,0,d3530d045863847bc25b1135f32bb663/merchantimagenew/scary-terry-toddler-t-shirt-white.jpg
000221.jpg,https://www.garagedoorsguelph.ca/wp-content/uploads/pic/Extenze.png
000222.jpg,https://i.ytimg.com/vi/eSvGXJieYnw/hqdefault.jpg
000223.jpg,https://i.ytimg.com/vi/zBq30MMzHgo/hqdefault.jpg
000224.jpg,https://cf-images.eu-west-1.prod.boltdns.net/v1/static/4221396001/701631f2-460c-40a6-bf76-f9b493db0a9a/4994476f-2c78-457e-9976-8971d64e9a3c/1280x720/match/image.jpg
000225.jpg,https://scontent-lga3-1.cdninstagram.com/vp/392bb71daf9bf5eab40206ae2b4d651f/5E24C8CC/t51.2885-15/sh0.08/e35/c0.36.1080.1080a/s640x640/47055073_299154604051155_3411152112039000682_n.jpg?_nc_ht=scontent-lga3-1.cdninstagram.com&_nc_cat=103
000226.jpg,https://upload.wikimedia.org/wikipedia/commons/f/f7/America_Band.jpg
000227.jpg,https://images-na.ssl-images-amazon.com/images/I/51lqY2sw0WL._AC_SY400_.jpg
000228.jpg,https://upload.wikimedia.org/wikipedia/en/thumb/e/ef/S.H.I.E.L.D._%28Marvel_616_Universe%29.png/220px-S.H.I.E.L.D._%28Marvel_616_Universe%29.png
000229.jpg,https://image.shutterstock.com/display_pic_with_logo/677743/1343225609/stock-photo-organic-kampot-white-red-and-black-pepper-corns-in-natural-rustic-style-wood-display-in-cambodia-1343225609.jpg
000230.jpg,https://i.ytimg.com/vi/rf_LdeQlVps/hqdefault.jpg
000231.jpg,https://upload.wikimedia.org/wikipedia/en/1/1c/Bodyguard_tv_series_2018_titlecard.JPG
000232.jpg,https://upload.wikimedia.org/wikipedia/en/thumb/6/62/Main_characters_of_One_Piece.png/265px-Main_characters_of_One_Piece.png
000233.jpg,https://i.ytimg.com/vi/iUWlIhw8xTI/hqdefault.jpg
000234.jpg,https://docplayer.net/docs-images/64/51521250/images/23-0.jpg
000235.jpg,https://www.dailydot.com/wp-content/uploads/04b/54/d5eab74b72dd726dc445c5f4456e72d4.jpg
000236.jpg,https://upload.wikimedia.org/wikipedia/commons/thumb/5/5d/15-09-26-RalfR-WLC-0056.jpg/1200px-15-09-26-RalfR-WLC-0056.jpg
000237.jpg,https://scontent-lax3-1.cdninstagram.com/vp/3b6605f91f3617e6c0d6bab57f1b3e65/5DCE9FDE/t51.2885-15/e35/43778565_307817886710637_6471496372284576982_n.jpg?_nc_ht=scontent-lax3-1.cdninstagram.com
000238.jpg,https://whiteonricecouple.com/recipe/images/bourbon-crack-cookies-Featured-295-242x330.jpg
000239.jpg,https://assets.blabbermouth.net/media/flearedhotchilipepperslive2019_2_638.jpg
000240.jpg,https://statehornet.com/wp-content/uploads/2019/06/FEATURED-900x600.jpg
000241.jpg,https://cdn.customfields.bonify.io/dev-mace.myshopify.com/fields/products/video_3_thumbnail/1168345202731/Mace%20Brand%20Pepper%20Spray%20In%20Action!.jpg?c=yZ35OK
000242.jpg,https://merchbar.imgix.net/product/cdified/upc/31/816651013159.jpg?w=1280&h=1280&quality=60&auto=compress%252Cformat
000243.jpg,https://www.theborneopost.com/newsimages/2019/10/WhatsApp-Image-2019-10-26-at-3.03.21-PM-702x336.jpeg
000244.jpg,https://static.gibson.com/gibson-web/home/artist-promos/ChuckBerry_Card.jpg
000245.jpg,https://www.swarovski.com/medias/FW19-WINTER-KV-PRIO1-OF-JP-CS-L-SD.jpg?context=bWFzdGVyfGltYWdlc3wxODM2NjN8aW1hZ2UvanBlZ3xpbWFnZXMvaDRkL2hlNS85NDUwODcyNzY2NDk0LmpwZ3w5ODU5ODI1YTMzZjY4NWNjZWUwZGM1Yjg5NjMzMTg0ZWMwYmQ4MjA4NGQyOGM1ODAzMDI3NmU0OWRjOTU1ZTdifDE1NjYzMDc0ODc5ODc
000246.jpg,https://i.ytimg.com/vi/IPJjR1lfKiU/maxresdefault.jpg
000247.jpg,https://thumbs.ebaystatic.com/d/l225/m/mHjXaktTRWYSYjZ1m57LX9w.jpg
000248.jpg,https://dwgyu36up6iuz.cloudfront.net/heru80fdn/image/upload/c_fill,d_placeholder_wired.png,fl_progressive,g_face,h_450,q_80,w_800/v1569354456/wired_accent-expert-explains-similarities-between-different-accents.jpg
000249.jpg,https://i.ytimg.com/vi/YlUKcNNmywk/hqdefault.jpg
000250.jpg,https://i.ytimg.com/vi/-YmTdMW9uSQ/maxresdefault.jpg
000251.jpg,http://www.reponses.net/wp-content/uploads/2018/12/e0df767bcd253fce6b1c150f0d667ed9.jpg
000252.jpg,https://assets.blabbermouth.net/media/philipanselmo2018seasonofmistpromonov2018_3_638.jpg
000253.jpg,https://www.nih.gov/sites/default/files/styles/slide_breakpoint-medium-small/public/home_0/slides/current/slide-liver-awareness-month.jpg?itok=vBT-1S_k&timestamp=1570627052
000254.jpg,https://upload.wikimedia.org/wikipedia/commons/thumb/2/26/Richard_Dean_Anderson_2012_%28cropped%29.jpg/1200px-Richard_Dean_Anderson_2012_%28cropped%29.jpg
000255.jpg,https://upload.wikimedia.org/wikipedia/en/b/b1/Happy_Hogan_MarvelComics_from-IronManual2008.jpg
000256.jpg,https://upload.wikimedia.org/wikipedia/en/8/8f/Sharon_Carter_%28Marvel_Comics_character%29.jpg
000257.jpg,https://upload.wikimedia.org/wikipedia/commons/thumb/8/88/Carlos_Valdes_Wondercon_cropped.png/220px-Carlos_Valdes_Wondercon_cropped.png
000258.jpg,https://upload.wikimedia.org/wikipedia/commons/thumb/3/37/Bucketheadgnr.jpg/1200px-Bucketheadgnr.jpg
000259.jpg,https://i.ytimg.com/vi/ExVtrghW5Y4/maxresdefault.jpg
000260.jpg,https://upload.wikimedia.org/wikipedia/commons/thumb/2/2c/Alice_Cooper_-_2017217165130_2017-08-05_Wacken_-_Sven_-_1D_X_MK_II_-_0928_-_B70I1993.jpg/1200px-Alice_Cooper_-_2017217165130_2017-08-05_Wacken_-_Sven_-_1D_X_MK_II_-_0928_-_B70I1993.jpg
000261.jpg,https://i.ytimg.com/vi/COt5MibFxMs/maxresdefault.jpg
000262.jpg,http://i.ebayimg.com/images/g/udsAAOSwwpdW7eN6/s-l300.jpg
000263.jpg,http://i.ebayimg.com/images/i/281294127560-0-1/s-l1000.jpg
000264.jpg,http://i.ebayimg.com/images/i/291328128643-0-1/s-l1000.jpg
000265.jpg,https://www.pepperscale.com/wp-content/uploads/2016/05/Black-Cobra-Pepper-1-1024x768.jpg
000266.jpg,https://i.ytimg.com/vi/En-ZyoNhRe8/hqdefault.jpg
000267.jpg,https://img1.etsystatic.com/137/0/10816057/il_570xN.882465753_435o.jpg
000268.jpg,http://i.ebayimg.com/images/i/131434843273-0-1/s-l1000.jpg
000269.jpg,https://img1.etsystatic.com/045/0/7824311/il_570xN.685050273_cnwm.jpg
000270.jpg,http://1.bp.blogspot.com/-dTbvN_vHU9k/UK_UFJ9mJ5I/AAAAAAAAAms/MgBlXSWHKjA/s1600/goats-weed.jpg
000271.jpg,https://images.bonanzastatic.com/afu/images/3734/6045/11/99b211928ad971b4007d593f1ebf8215.jpg
000272.jpg,https://portalvhds26k4f5tktj3ck.blob.core.windows.net/spotpics/sp38677.jpg
000273.jpg,https://whiteonricecouple.com/recipe/images/Goats-weed-Black-cobra-pepper-3.jpg
000274.jpg,https://instudio.mabangapp.com/img/201830/PWW7740/PWW7740g09.jpg
000275.jpg,http://www.tradewindsfruit.com/content/images/goats_weed_pepper2.jpg
000276.jpg,https://i.ebayimg.com/images/g/HSkAAOSwFqVZsQbL/s-l300.jpg
000277.jpg,https://images.bonanzastatic.com/afu/images/3734/6045/54/1Bag-100pcs-HOT-SALE-chilli-font-b-seeds-b-font-Purple-font-b-black-b-font.jpg
000278.jpg,https://sockmonkeyskitchen.files.wordpress.com/2013/07/black-pepper.jpg
000279.jpg,https://i.ytimg.com/vi/JcWpPK12lF4/maxresdefault.jpg
000280.jpg,https://portalvhds26k4f5tktj3ck.blob.core.windows.net/spotpics/sp37749.jpg
000281.jpg,https://ae01.alicdn.com/kf/HTB1YJWXRpXXXXaBXXXXq6xXFXXXk/100-Pcs-Black-Cobra-Peppers-Chili-Bonsai-Rare-NO-GMO-Vegetable-Bonsai-For-Home-Garden-Planting.jpg
000282.jpg,http://i304.photobucket.com/albums/nn200/thehippyseedcompany/plant%20pics/cobra.jpg
000283.jpg,https://images.bonanzastatic.com/afu/images/1529/22b7/4f2b_5182458870/1.jpg
000284.jpg,http://portalvhds26k4f5tktj3ck.blob.core.windows.net/spotpics/sp27599.jpg
000285.jpg,https://i.pinimg.com/736x/1d/39/44/1d394407b9b7583331309b71f42b6fc4--cobra-black.jpg
000286.jpg,https://whiteonricecouple.com/recipe/images/Goats-weed-Black-cobra-pepper-1.jpg
000287.jpg,http://img3.sellersourcebook.com/users/143753/black_cobra_1479197935.jpg
000288.jpg,https://ae01.alicdn.com/kf/HTB1k6FQlYSYBuNjSspiq6xNzpXay/200PCS-Hot-Black-Cobra-Peppers-Chili-Seeds-Rare-Vegetable-Seeds-Peppers-Chili-Seeds-Hot.jpg
000289.jpg,https://ae01.alicdn.com/kf/HTB10h1nLXXXXXbZaXXXq6xXFXXX0/100-Hot-Black-Cobra-Peppers-Rare-Non-Gmo-Vegetable-For-Home-Garden-Planting-New-Easy-to.jpg
000290.jpg,https://thehippyseedcompany.com/wp-content/uploads/2017/06/Black-Cobra-3.jpg
000291.jpg,https://instudio.mabangapp.com/img/201830/PWW7740/PWW7740g11.jpg
000292.jpg,https://ae01.alicdn.com/kf/HTB1MxpIRpXXXXaHXVXXq6xXFXXXU/100-Pcs-Black-Cobra-Peppers-Chili-Bonsai-Rare-NO-GMO-Vegetable-Bonsai-For-Home-Garden-Planting.jpg
000293.jpg,https://instudio.mabangapp.com/img/201830/PWW7740/PWW7740g01.jpg
000294.jpg,https://instudio.mabangapp.com/img/201830/PWW7740/PWW7740g14.jpg
000295.jpg,https://www.picclickimg.com/d/l400/pict/372099745716_/30X-Rare-Black-Cobra-Hot-Chili-Pepper-Seeds.jpg
000296.jpg,https://www.friendsschoolplantsale.com/sites/default/files/images/variety/V-Pepper-BlackCobra-TradeWindsFruit.jpg
000297.jpg,https://ae01.alicdn.com/kf/HTB19p8VLVXXXXa8XpXXq6xXFXXXA/100-Hot-Black-Cobra-Peppers-Chili-seeds-Rare-NO-GMO-vegetable-seeds-for-home-garden-planting.jpg
000298.jpg,http://portalvhds26k4f5tktj3ck.blob.core.windows.net/spotpics/sp33099.jpg
000299.jpg,https://i.ytimg.com/vi/bqEbkpeMXmw/maxresdefault.jpg
000300.jpg,https://cdn11.bigcommerce.com/s-f6cx4kq/images/stencil/500x659/products/141/472/black_cobra_pepper_at_Tyler_Farms__75655.1421888995.jpg
000301.jpg,https://cdn6.bigcommerce.com/s-f6cx4kq/products/141/images/471/black_cobra_pepper_tyler_farms__47063.1421604513.1000.1200.jpg
000302.jpg,https://img.etsystatic.com/il/2c166b/1265754101/il_340x270.1265754101_e09m.jpg
000303.jpg,http://i.ebayimg.com/images/i/182206648710-0-1/s-l1000.jpg
000304.jpg,https://images.bonanzastatic.com/afu/images/fd6c/d920/7d71_5182459031/2.jpg
000305.jpg,https://cdn11.bigcommerce.com/s-f6cx4kq/images/stencil/500x659/products/141/653/Black_cobra_pepper_4__44428.1499142223.jpg
000306.jpg,https://cdn11.bigcommerce.com/s-f6cx4kq/images/stencil/500x659/products/141/654/Black_cobra_pepper__17775.1499142223.jpg
000307.jpg,https://cdn11.bigcommerce.com/s-f6cx4kq/images/stencil/500x659/products/141/650/two_black_cobra_chili_pepper_ripening_at_tyler_farms__97523.1499141356.jpg
000308.jpg,https://cdn11.bigcommerce.com/s-f6cx4kq/images/stencil/50x50/products/141/650/two_black_cobra_chili_pepper_ripening_at_tyler_farms__97523.1499141356.jpg
000309.jpg,https://jakeseed.com/wp-content/uploads/2018/01/goats-weed.jpg
000310.jpg,https://i.etsystatic.com/15542239/r/il/75520c/1532070458/il_340x270.1532070458_2n00.jpg
000311.jpg,http://4.bp.blogspot.com/_dqiper7Fm7g/SyAQRjYv4FI/AAAAAAAAMxs/g9hBeTR8-MY/s400/spencers-jerky-black-cobra-pepper-pieces.jpg
000312.jpg,https://jakeseed.com/wp-content/uploads/2018/01/goats-weed-3.jpg
000313.jpg,https://i.etsystatic.com/7824311/r/il/56ef0f/874338711/il_340x270.874338711_9fhe.jpg
000314.jpg,https://instudio.mabangapp.com/img/201830/PWW7740/PWW7740g10.jpg
000315.jpg,https://whiteonricecouple.com/recipe/images/tangerine-varieties-1.jpg
000316.jpg,https://66.media.tumblr.com/ba4836ab080fa8f52ea60ab7df5a9d7b/tumblr_inline_nw38fcYDUh1sh4pkv_500.jpg
000317.jpg,http://4.bp.blogspot.com/_dqiper7Fm7g/SyAQYoHn3_I/AAAAAAAAMx0/wUKQQO805Rk/s400/spencers-jerky-black-cobra-pepper-close.jpg
000318.jpg,https://cdn11.bigcommerce.com/s-f6cx4kq/images/stencil/500x659/products/179/1105/dorset_naga_pepper__99788.1549142030.jpg
000319.jpg,https://jakeseed.com/wp-content/uploads/2018/01/goats-weed-1.jpg
000320.jpg,https://jakeseed.com/wp-content/uploads/2018/01/goats-weed-2.jpg
000321.jpg,https://chili-pepper.com.ua/image/cache/catalog/Tovary/RARE Black Cobra Chili Pepper (Черная Кобра) 12 грн.-1 семя-500x500.jpg
000322.jpg,https://cdn11.bigcommerce.com/s-f6cx4kq/images/stencil/500x659/products/137/769/billy_biker_jalapeno_peppers_at_Tyler_Farms_seeds_1__19618.1521684303.jpg
000323.jpg,https://cdn.shopify.com/s/files/1/1435/2784/products/Cobra_CongoB_1200X_Group3_2048x2048.jpg
000324.jpg,https://i.etsystatic.com/9745001/r/il/48b6bc/630736885/il_340x270.630736885_m1yg.jpg
000325.jpg,https://cdn11.bigcommerce.com/s-f6cx4kq/images/stencil/500x659/products/141/651/black_cobra_pepper1_at_Tyler_Farms_pepper_seed_company__11386.1499141506.jpg
000326.jpg,https://cdn6.bigcommerce.com/s-f6cx4kq/products/111/images/422/brown_chocolate_devils_tongue_pepper_tyler_farms__09026.1502810934.195.234.jpg
000327.jpg,http://i579.photobucket.com/albums/ss235/boutros619/IMG_3136.jpg
000328.jpg,https://michaelsweller.files.wordpress.com/2015/10/2015-09-27-18-34-40.jpg
000329.jpg,https://i.etsystatic.com/12326375/r/il/6f8980/1430832173/il_340x270.1430832173_k7fr.jpg
000330.jpg,https://cdn.shopify.com/s/files/1/1435/2784/products/Cobra_CongoB_1200X_Group6_2048x2048.jpg
000331.jpg,http://1.bp.blogspot.com/_dqiper7Fm7g/SyAQKH2m6HI/AAAAAAAAMxk/ui667rUL8Ps/w1200-h630-p-k-no-nu/spencers-jerky-black-cobra-pepper.jpg
000332.jpg,https://i.ytimg.com/vi/EtJdQJ_Tlio/maxresdefault.jpg
000333.jpg,https://cdn11.bigcommerce.com/s-f6cx4kq/images/stencil/500x659/products/159/1135/shishito_pile_tyler_farms__27542.1549153992.jpg
000334.jpg,http://www.mystungun.com/thumbnail.asp?file=assets/images/jpx2-cobra-black.jpg
000335.jpg,https://whiteonricecouple.com/recipe/images/acorn2-1.jpg
000336.jpg,http://cdn2.bigcommerce.com/n-zfvgw8/lsf68/products/381/images/1600/JPX_Level2_Bundle__76397.1458058717.1280.1280.jpg
000337.jpg,http://www.jpxpolicesupply.com/assets/images/2013jpxbundlepics021.jpg
000338.jpg,http://www.jpxcobra.com/assets/images/p1010017.jpg
000339.jpg,http://puregrainaudio.com/images/blogimages/6774.jpg
000340.jpg,http://www.jpxcobra.com/assets/images/newblackbundle001.jpg
000341.jpg,https://media.endclothing.com/media/f_auto,q_auto,w_400,h_400/prodmedia/media/catalog/product/0/8/08-01-2018_y-3_embroideredcobratee_chillipepper_cy6962_blr_m3.jpg
000342.jpg,https://ubackoff.com/wp-content/uploads/2017/07/JPX-Laser-Pepper-Gun-2.jpg
000343.jpg,https://ridingsoutheastasia.files.wordpress.com/2012/07/imga0312.jpg
000344.jpg,https://i.ebayimg.com/images/g/sT0AAOSwhfdab43z/s-l300.jpg
000345.jpg,https://www.jpxcobra.com/assets/images/consumercartridgeblack.jpg
000346.jpg,https://media.endclothing.com/media/f_auto,q_auto,w_400,h_400/prodmedia/media/catalog/product/0/8/08-01-2018_y-3_embroideredcobratee_chillipepper_cy6962_blr_1.jpg
000347.jpg,http://www.mystungun.com/assets/images/jpx-cobra-paddle-bundle.jpg
000348.jpg,http://www.jpxcobra.com/assets/images/JPX2-Cobra-Black.jpg
000349.jpg,https://ubackoff.com/wp-content/uploads/2017/07/JPX-Cobra-Pepper-Gun-Bundle5.jpg
000350.jpg,https://www.jpxcobra.com/thumbnail.asp?file=assets/images/newblackbundle001.jpg
000351.jpg,https://www.swordsknivesanddaggers.com/kas/Cobra_Koga_Keychain_Self_Defense_Black_Kubaton.jpg
000352.jpg,https://cdn.shopify.com/s/files/1/1500/3934/products/y-3-cobra-tee-chilli-pepper_450x.jpg
000353.jpg,https://cdn.thehippyseedcompany.com/wp-content/uploads/2017/06/Black-Cobra-3-262x328.jpg
000354.jpg,https://media.endclothing.com/media/f_auto,q_auto:eco,w_400,h_400/prodmedia/media/catalog/product/0/7/07-02-2018_y3_cobratotebag_black_cy3670_ja_m2.jpg
000355.jpg,https://media.endclothing.com/media/f_auto,q_auto:eco,w_400,h_400/prodmedia/media/catalog/product/2/5/25-01-2018_y3_embroideredbackcobracrew_chillipepper_cy6965_th_m4.jpg
