image,source
000001.jpg,https://www.pepperscale.com/wp-content/uploads/2018/02/bode-pepper-768x515.jpeg
000002.jpg,https://images-na.ssl-images-amazon.com/images/I/417jng7EpcL._SX425_.jpg
000003.jpg,https://images-na.ssl-images-amazon.com/images/I/619wTaphexL._SX425_.jpg
000004.jpg,https://images-na.ssl-images-amazon.com/images/I/51enxipuYRL._SX425_.jpg
000005.jpg,https://images-na.ssl-images-amazon.com/images/I/417jng7EpcL._SL500_AC_SS350_.jpg
000006.jpg,http://www.tradewindsfruit.com/content/images/bode-pepper.jpg
000007.jpg,http://www.tradewindsfruit.com/content/images/sunrise-scorpion-pepper.jpg
000008.jpg,https://cdn1.bigcommerce.com/server700/5mvrqhbm/products/4397/images/144590/bode-amarillo-pepper__33781.1475553539.1280.1280.jpg?c=2
000009.jpg,https://pbs.twimg.com/profile_images/730597124568690689/m0VuH2_L_400x400.jpg
000010.jpg,https://www.pepperscale.com/wp-content/uploads/2017/08/carmen-pepper-768x768.jpg
000011.jpg,https://pbs.twimg.com/media/EBfKKztXkAAU7SO.jpg
000012.jpg,https://www.pepperscale.com/wp-content/uploads/2019/06/mariachi-pepper-300x300.jpg
000013.jpg,https://www.pepperscale.com/wp-content/uploads/2018/07/habanero-peach-768x768.jpg
000014.jpg,http://i43.photobucket.com/albums/e381/levkoffgm/591520866.jpg
000015.jpg,https://i.pinimg.com/originals/9a/b1/7a/9ab17afe79562205e7475a48d61f2f10.jpg
000016.jpg,https://i.pinimg.com/originals/18/74/93/1874930bd6b9fd68ad98746c82666b3f.jpg
000017.jpg,https://cdn1.bigcommerce.com/server700/5mvrqhbm/products/2549/images/151525/mirasol-pepper-x__97703.1564699237.1280.1280.jpg?c=2
000018.jpg,https://www.pepperworldhotshop.com/out/pictures/generated/product/1/1500_1500_75/sa177_bode_chili_samen.jpg
000019.jpg,http://i932.photobucket.com/albums/ad161/frydad4/DSCI0108_zpsb3db302b.jpg
000020.jpg,https://i-f.etsystatic.com/il/400162/1410870756/il_fullxfull.1410870756_ch6q.jpg?format=pjpg&auto=webp&quality=80%2C75&width=340&height=270&fit=crop
000021.jpg,https://www.ethno.ethno-botanik.org/fotos/Chilisorten-390x261.jpg
000022.jpg,https://cdn1.bigcommerce.com/server700/5mvrqhbm/products/4164/images/144545/mbogo-pepper__93546.1475553484.1280.1280.jpg?c=2
000023.jpg,https://www.chileplants.com/images/chiles/pilange-pepper-plants.jpg
000024.jpg,https://images-na.ssl-images-amazon.com/images/I/91OYHHbk93L._AC_UL320_SR240,320_.jpg
000025.jpg,https://www.pepperscale.com/wp-content/uploads/2015/11/Medusa-Pepper-1-e1456719037887-768x437.jpeg
000026.jpg,https://2.bp.blogspot.com/-ngDOqQCoqg4/V-gI9lMWImI/AAAAAAAAPGI/dLM5XY0OO_ABpfRVEsv9nqLG5BjGFZPbgCLcB/s1600/IMG_0238.jpg
000027.jpg,https://3.bp.blogspot.com/-R_uqVogLRuc/V-gI9cHD0uI/AAAAAAAAPGA/Et4iwIvTiFEKykaPfsIWD2nfK1qtA6OMACLcB/s1600/IMG_0235.jpg
000028.jpg,https://i.etsystatic.com/7824311/d/il/990b86/514059916/il_340x270.514059916_1fps.jpg?version=0
000029.jpg,http://www.thelordsharvest.ca/bmz_cache/c/cce844002c00b3bdf62c226e69a90167.image.500x348.jpg
000030.jpg,https://lh5.googleusercontent.com/-zGwujqngZXw/T3rotR65gBI/AAAAAAAABCM/vOgT5JgAmn0/s720/IMG_3209.JPG
000031.jpg,https://cdn1.bigcommerce.com/server700/5mvrqhbm/products/128/images/151561/pizza-pepper-x__28930.1566085260.1280.1280.jpg?c=2
000032.jpg,https://pbs.twimg.com/profile_images/730597124568690689/m0VuH2_L.jpg
000033.jpg,https://i.ytimg.com/vi/uBvj5weCock/maxresdefault.jpg
000034.jpg,https://i5.walmartimages.com/asr/743c6b13-df01-44c3-8d44-1dc0ee579852_1.757173866a6972d719b948d1b8f7542b.jpeg?odnHeight=450&odnWidth=450&odnBg=FFFFFF
000035.jpg,https://static.wixstatic.com/media/7a76e7_3bf2382901784ffcafd67b5a1d2e981a~mv2_d_3456_5184_s_4_2.jpg
000036.jpg,https://3.bp.blogspot.com/-SBdzhCuCj8Y/V-gI91ipdQI/AAAAAAAAPGc/KKnGkZ6xg48r4HP_uYfg5QRs5uymXuLmgCLcB/s1600/IMG_0242.jpg
000037.jpg,http://www.duke.edu/~mturner/DSC01540%20%28Large%29.JPG
000038.jpg,https://i.pinimg.com/originals/d5/4b/3f/d54b3fdc12439b546b30ae8b1f4abed3.jpg
000039.jpg,https://www.pepperscale.com/wp-content/uploads/2018/10/hot-paper-lantern-300x262.jpg
000040.jpg,https://i.etsystatic.com/7824311/d/il/a76333/910732610/il_340x270.910732610_hsm8.jpg?version=0
000041.jpg,https://cdn1.bigcommerce.com/server700/5mvrqhbm/products/5399/images/150738/bermuda-pepper__31652.1522258071.1280.1280.jpg?c=2
000042.jpg,https://st.hzcdn.com/fimgs/ff0203ed04cb1a7a_6733-w240-h320-b0-p0--.jpg
000043.jpg,https://images-na.ssl-images-amazon.com/images/I/51Fkj40D4iL._AC_UL320_SR202,320_.jpg
000044.jpg,http://thehotpepper.com/uploads/monthly_08_2018/post-11984-0-47022700-1534247268.png
000045.jpg,https://s3-media1.fl.yelpcdn.com/ephoto/wez__ofCE_ygpB4IZwTpdQ/o.jpg
000046.jpg,https://images-na.ssl-images-amazon.com/images/I/419e%2BRplMKL._SR600%2C315_PIWhiteStrip%2CBottomLeft%2C0%2C35_SCLZZZZZZZ_.jpg
000047.jpg,https://m.media-amazon.com/images/I/A1l1oaQkhyL._AC_UL320_.jpg
000048.jpg,https://4.bp.blogspot.com/-lJe7fgpgZPg/WPtaIe6vXyI/AAAAAAAAP5s/TrdOYpeEl0wEIXHjTCRZkUcqM-wHWqQtgCLcB/s1600/IMG_0492.jpg
000049.jpg,https://www.pepperscale.com/wp-content/uploads/2018/10/satans-kiss-pepper.fdc542455e74427492e68945fc0c7da3-279x300.jpg
000050.jpg,https://pbs.twimg.com/media/D-QAy01WwAAbCpr.jpg
000051.jpg,http://www.duke.edu/~mturner/mwDSC02869a%20%28Large%29.JPG
000052.jpg,https://i.ebayimg.com/images/g/pHAAAOSw401aQ55-/s-l640.jpg
000053.jpg,https://st.hzcdn.com/fimgs/3ee2250704cb1a7d_6736-w240-h320-b0-p0--.jpg
000054.jpg,https://cdn1.bigcommerce.com/server700/5mvrqhbm/products/5531/images/150988/haskorea-pepper__84190.1541099042.1280.1280.jpg?c=2
000055.jpg,https://i.pinimg.com/originals/59/d1/7b/59d17bb3752691c77fb83a0c072770c8.jpg
000056.jpg,http://www.winecellarkw.com/images/passport%20feature%20sheet%202020_eng_final_union%20white.jpg?crc=4048077083
000057.jpg,http://islyee.weebly.com/uploads/5/7/6/6/5766627/9972147_orig.png
000058.jpg,https://imgv2-1-f.scribdassets.com/img/document/398482454/298x396/1b97135d6c/1548776507?v=1
000059.jpg,https://www.closeupfilmcentre.com/index.php/download_file/view_inline/4338/
000060.jpg,https://i.etsystatic.com/16698722/d/il/06f593/1574602483/il_340x270.1574602483_gakq.jpg?version=0
000061.jpg,https://scontent-frt3-1.cdninstagram.com/v/t51.2885-15/e15/s320x320/70355564_245878423059130_2631030675696713122_n.jpg?_nc_ht=scontent-frt3-1.cdninstagram.com&_nc_cat=110&oh=ae955e2dd72a8e8eaa6178285af6d27c&oe=5E07B716&ig_cache_key=MjEzNzY4NTA3NTY1NTM2MDIyMQ%3D%3D.2&_nc_ig_catcb=1
000062.jpg,https://1.bp.blogspot.com/-S_3ZzfUzgY0/V-gI8od3A5I/AAAAAAAAPFw/XNSAK06uU8Qv6heEhYRr-L-NT70lTUA3gCLcB/s1600/IMG_0221.jpg
000063.jpg,https://lollyjane.com/wp-content/uploads/2018/02/main-dish-airfryer-recipes-400x400.jpg
000064.jpg,https://cf.shopee.ph/file/fd6b158e232c4b05e84c42386f38c35a
000065.jpg,https://s3-media3.fl.yelpcdn.com/bphoto/bmW0E2w7ziLXekwtqmJMDQ/o.jpg
000066.jpg,http://fourcfitness.com/wordpress/wp-content/uploads/2014/06/10-bod.e-burn.jpg
000067.jpg,https://i.dailymail.co.uk/1s/2019/07/10/18/15879806-7233407-image-a-22_1562778037737.jpg
000068.jpg,https://www.pepperscale.com/wp-content/uploads/2015/06/Fresno-Pepper-Substitute_2000-e1433814671617-768x512.jpeg
000069.jpg,http://squarepegs.typepad.com/.a/6a00d8341d01b553ef019104ff9f24970c-320wi
000070.jpg,https://image.isu.pub/190724153614-a416ffcdc4ab99367164a032b4bef4e2/jpg/page_1_thumb_large.jpg
000071.jpg,https://pbs.twimg.com/media/EBd5tbVXsAEHaRt.jpg
000072.jpg,https://d2fizz4npx5v6x.cloudfront.net/scores-png/1/10338933-33.png
000073.jpg,https://s3-media1.fl.yelpcdn.com/bphoto/5L3CRPLbs38CvLF1rVuqFg/l.jpg
000074.jpg,https://akns-images.eonline.com/eol_images/Entire_Site/20131112/rs_634x820-131212140541-rs_634x820-131212121400-634.kimkardashian-diet.cm.121213.jpg?fit=inside|900:auto&output-quality=90
000075.jpg,https://cdn1.bigcommerce.com/server700/5mvrqhbm/products/5656/images/151539/Rattlesnake-pepper-x__28050.1565046242.1280.1280.jpg?c=2
000076.jpg,https://imgv2-1-f.scribdassets.com/img/document/54586462/original/9f88554d1c/1565065757?v=1
000077.jpg,http://fourcfitness.com/wordpress/wp-content/uploads/2014/06/13-bod.e-thirst.jpg
000078.jpg,https://d2fizz4npx5v6x.cloudfront.net/scores-png/1/10338933-39.png
000079.jpg,http://cartoncup.com.br/loja/5-home_default/juice.jpg
000080.jpg,https://lbtk.files.wordpress.com/2013/10/053.jpg
000081.jpg,https://st.hzcdn.com/fimgs/220213b004cb1a83_6742-w240-h320-b0-p0--.jpg
000082.jpg,https://i.etsystatic.com/20613682/c/2000/1589/0/564/il/3cfd82/2016397147/il_340x270.2016397147_po2y.jpg
000083.jpg,https://i.pinimg.com/originals/6b/96/0a/6b960a8100738134429729f1876fbe16.jpg
000084.jpg,http://thehotpepper.com/uploads/monthly_08_2018/post-12933-0-67248700-1534109891.jpg
000085.jpg,https://lollyjane.com/wp-content/uploads/2014/07/Perfectly-Grilled-Corn-On-The-Cob.jpg
000086.jpg,https://scontent-lhr3-1.cdninstagram.com/v/t51.2885-15/e35/60724824_3301890273170406_7927003220816443258_n.jpg?_nc_ht=scontent-lhr3-1.cdninstagram.com&se=8&oh=217c1fe64324c2a5f0b5f49956a1b659&oe=5DF48D27&ig_cache_key=MjA1OTA4NTczNDk0NTcwNTk4Mw%3D%3D.2
000087.jpg,https://i.pinimg.com/474x/86/99/79/8699798a3dcb90a4efc7598b18d1509d--pepper-plants-pepper-seeds.jpg
000088.jpg,https://scontent-frt3-1.cdninstagram.com/v/t51.2885-15/e35/s320x320/66430418_372955933599138_7459844804482212549_n.jpg?_nc_ht=scontent-frt3-1.cdninstagram.com&oh=4c9fdcf4fea3831dc45077b21dd82d22&oe=5E14330C&ig_cache_key=MjEwODI5MDE5Mzc0MzUzNjE0Nw%3D%3D.2
000089.jpg,https://pbs.twimg.com/media/EB8dioeWkAAzFqz.jpg
000090.jpg,https://images-na.ssl-images-amazon.com/images/I/51UtnJrMoDL._SX415_BO1,204,203,200_.jpg
000091.jpg,https://cdn.shopify.com/s/files/1/1696/2611/products/butterscotch_bean__55157.1474865439.1280.1280_abb69c89-e58e-498f-bf09-9b9706673ea0_large.jpg?v=1494783057
000092.jpg,https://1.bp.blogspot.com/-fh8IHKrPL0w/V-gI-akpUTI/AAAAAAAAPGU/Fq5hGYPTIAwyfO7b_ZGtgu54AOgTgzzkwCLcB/s1600/IMG_0282.jpg
000093.jpg,http://squarepegs.typepad.com/.a/6a00d8341d01b553ef01901eb5e46b970b-320wi
000094.jpg,https://www.bod.de/fileadmin/user_upload_de_ch/Autoren-Homepage/Autorenservices/Coverdesign-Beispiele/BoD-Coverdesign-Collection-Thumb.jpg
000095.jpg,https://www.researchgate.net/publication/318555188/figure/tbl3/AS:614001482420246@1523400769692/Effects-of-ingested-E-or-E-Achatherum-inebrians-on-feed-intake-and-body-weight-of-han_Q320.jpg
000096.jpg,https://s2.studylib.net/store/data/018638989_1-bc36e0219059049460dff729b5023d55.png
000097.jpg,https://ars.els-cdn.com/content/image/1-s2.0-B978012419974300004X-f04-27-9780124199743.jpg
000098.jpg,https://sc01.alicdn.com/kf/HTB1MId_bMMPMeJjy1Xdq6ysrXXaw/OEM-ODM-Nature-lotion-whitening-and-deep.jpg
000099.jpg,https://scontent-frx5-1.cdninstagram.com/v/t51.2885-15/e35/c87.0.434.434/s320x320/66779290_378089606230961_3083553914978736096_n.jpg?_nc_ht=scontent-frx5-1.cdninstagram.com&oh=8d7d7e7430d5d9f0eae9a7c869c64a38&oe=5DFC2916&ig_cache_key=MjEwNjA1MTM3MjIzODU2ODc2Nw%3D%3D.2.c
000100.jpg,https://lbtk.files.wordpress.com/2013/10/054.jpg
000101.jpg,https://i.pinimg.com/474x/3d/fc/10/3dfc100779b8af6d5364b4e30d5ff80d.jpg
000102.jpg,https://akns-images.eonline.com/eol_images/Entire_Site/20131112/rs_600x600-131212130320-600.scale.cm.121213.jpg?fit=inside|900:auto&output-quality=90
000103.jpg,https://cdn1.bigcommerce.com/server700/5mvrqhbm/products/2171/images/149005/joe_parker_pepper_350__24396.1515434909.451.395.jpg?c=2
000104.jpg,http://3.bp.blogspot.com/-iNMSEIPSP5M/UQn_vNQNxWI/AAAAAAAADyo/o_AjESAiDQE/s1600/DSC_0082.JPG
000105.jpg,https://pbs.twimg.com/media/EBIS-nWXkAAEJIu.jpg
000106.jpg,http://www.wholesomeseduction.com/wp-content/uploads/2010/10/MAFF-Guide.jpg
000107.jpg,https://www.pepperscale.com/wp-content/uploads/2017/12/inca-red-drop-pepper.jpg
000108.jpg,https://image.isu.pub/180801214638-491725d3d14482c8733a40dacad2569d/jpg/page_1.jpg
000109.jpg,https://i5.walmartimages.com/asr/c2f65af3-517d-4ca1-a133-0f5a625aa717_1.16c5de61e90ffe18656762414e1a6636.jpeg?odnHeight=560&odnWidth=560&odnBg=FFFFFF
000110.jpg,http://ahensnest.com/wp-content/uploads/2011/12/Don-Strange-Christmas-Bacon.jpg
000111.jpg,http://cartoncup.com.br/loja/3-home_default/hot-chocolat.jpg
000112.jpg,https://live.staticflickr.com/65535/48054551881_2de69d3e3a.jpg
000113.jpg,https://sg-live-01.slatic.net/original/7e25d68d0e47b11220336050c6a443a1.jpg
000114.jpg,https://i-f.etsystatic.com/il/9ba550/862742727/il_fullxfull.862742727_iwnc.jpg?format=pjpg&auto=webp&quality=80%2C75&width=340&height=270&fit=crop
000115.jpg,https://3.bp.blogspot.com/-xl9ud748nOQ/VttIyF_WG-I/AAAAAAAAOGM/IrDplaBrLZQ/s1600/Tortelini-Soup-3.jpg
000116.jpg,https://d2fizz4npx5v6x.cloudfront.net/scores-png/1/10338933-40.png
000117.jpg,https://i.pinimg.com/originals/de/34/da/de34dadba570287bf9b5c9cb7c15c784.jpg
000118.jpg,https://pbs.twimg.com/media/D9xvkgDXYAIsW08.jpg
000119.jpg,https://c8.alamy.com/comp/JENF00/wine-corks-JENF00.jpg
000120.jpg,http://fourcfitness.com/wordpress/wp-content/uploads/2014/06/11-bod.e-cleanse.jpg
000121.jpg,https://i.ebayimg.com/images/g/OkIAAOSwh21aWDyk/s-l640.jpg
000122.jpg,http://www.photoshare.ru/data/30/30485/5/4v6m25-9ip.jpg
000123.jpg,https://i.pinimg.com/474x/bf/4b/d2/bf4bd217b861fd48ee035ab5eb4ee7cc.jpg
000124.jpg,https://1.bp.blogspot.com/-kMpyaO6vikI/V-gI_SZn3ZI/AAAAAAAAPGw/_RR66I_P618K6IVauOxTDL862fAXiCdsgCLcB/s1600/IMG_9897.jpg
000125.jpg,https://worleygig.files.wordpress.com/2019/02/img_9407-e1550442004569.jpg
000126.jpg,https://www.researchgate.net/images/template/default_publication_preview_large.png
000127.jpg,https://live.staticflickr.com/65535/48060551226_5aac4208da.jpg
000128.jpg,https://scontent-lhr3-1.cdninstagram.com/v/t51.2885-15/e35/61922646_2362340974045487_8059369777414281066_n.jpg?_nc_ht=scontent-lhr3-1.cdninstagram.com&se=7&oh=339c0532a00474077a856fa21e12f1a6&oe=5E13012E&ig_cache_key=MjA2ODg1ODYzODAxMDYzNDUwNw%3D%3D.2
000129.jpg,http://3.bp.blogspot.com/-crsddfoY-8E/ULNyMODOjKI/AAAAAAAADaM/zbKgJn7ReIM/s1600/cleanse1.jpg
000130.jpg,https://ipx.image-gmkt.com/imageproxy/?src=http%3A%2F%2F3.bp.blogspot.com%2F-QELFIhn94oA%2FUveW7ykG1BI%2FAAAAAAAABow%2FfmYKkc2XD78%2Fs1600%2FMissjology%2BBath%2Band%2BBody%2BWorks%2BSingapore-21.JPG&scw=-1&remake=M
000131.jpg,https://i.pinimg.com/474x/91/f9/da/91f9da45b36e9820f55cea84ab710a39.jpg
000132.jpg,https://heidipowell.net/wp-content/uploads/2014/01/Casserole.png
000133.jpg,https://static.wixstatic.com/media/7a76e7_bcc85215c96a4147bef07bcbd27a1a23~mv2_d_4521_3456_s_4_2.jpg
000134.jpg,https://xofitness.com/wp-content/uploads/2012/10/IMG_5843.jpg
000135.jpg,https://scontent-lga3-1.cdninstagram.com/vp/2e9777d5bf290809785dc72b45507caf/5DF63DA8/t51.2885-15/e35/s1080x1080/67285158_512144296191973_4755597309728792370_n.jpg?_nc_ht=scontent-lga3-1.cdninstagram.com&dl=1
000136.jpg,https://st.hzcdn.com/fimgs/d2621afa04cb1a8a_6749-w500-h623-b0-p0--.jpg
000137.jpg,http://cowtown.typepad.com/.a/6a010535c08657970b016760f621bb970b-pi
000138.jpg,https://i0.wp.com/www.emilyreviews.com/wp-content/uploads/2017/02/DSCN00581-e1485985465688.jpg?resize=350%2C200&ssl=1
000139.jpg,https://is4.revolveassets.com/images/p4/n/d/MICH-WD639_V3.jpg
000140.jpg,http://i151.photobucket.com/albums/s148/armac1965/2012-05-28163753.jpg
000141.jpg,https://akns-images.eonline.com/eol_images/Entire_Site/20131112/rs_300x300-131212140953-600.kim-kardashian-diet-4.cm.121213.jpg?fit=around|600:315&crop=600:315;center,top&output-quality=90
000142.jpg,http://squarepegs.typepad.com/.a/6a00d8341d01b553ef01901f09ccd4970b-320wi
000143.jpg,https://cdn.shopify.com/s/files/1/1696/2611/products/decaisnea-fargesii__62599.1466794184.1280.1280_56054c30-ff9b-41d4-8106-a43d2da2fe5a_large.jpg?v=1494783027
000144.jpg,http://www.tradewindsfruit.com/content/images/condors_beak_pepper2.jpg
000145.jpg,https://static.minne.com/productimages/38426516/large/3ec7d10462cd6bff2e28ea34e21c7b8fe704864a.jpg?1501411679
000146.jpg,https://ichef.bbci.co.uk/news/660/cpsprodpb/84CF/production/_103799933_capture.jpg
000147.jpg,https://scontent-frt3-1.cdninstagram.com/v/t51.2885-15/e35/s320x320/67848378_1306796229487184_795834971893732963_n.jpg?_nc_ht=scontent-frt3-1.cdninstagram.com&oh=ac37c64cc343cb8c610553a2345f18e0&oe=5DF827D2&ig_cache_key=MjEwNzk1MjE1ODk5NzI3OTI1Nw%3D%3D.2
000148.jpg,https://img.newspapers.com/img/thumbnail/457163386/400/400/0_0_4828_6913.jpg
000149.jpg,http://renotalk.com/forum/uploads/gallery_67497_673_133.jpg
000150.jpg,https://www.bod.ch/fileadmin/user_upload_de_ch/Autoren-Homepage/Autorenservices/Coverdesign-Beispiele/BoD-Coverdesign-easy-Thumb.jpg
000151.jpg,https://pbs.twimg.com/media/D96S9L-W4AE7PHy.jpg
000152.jpg,https://i.dailymail.co.uk/1s/2019/07/10/18/15879798-7233407-image-m-28_1562778070555.jpg
000153.jpg,https://s3-media2.fl.yelpcdn.com/bphoto/9bKHR9lltvW62trszWglJA/o.jpg
000154.jpg,http://www.sodadispenserdepot.com/images/new-systems/unicorn/unicorn-4-flavor-post-mix-draft-arm_g.jpg
000155.jpg,https://worleygig.files.wordpress.com/2019/02/img_0525-e1550441921872.jpg
000156.jpg,https://i-f.etsystatic.com/il/953447/1353850511/il_fullxfull.1353850511_t1bf.jpg?format=pjpg&auto=webp&quality=80%2C75&width=340&height=270&fit=crop
000157.jpg,https://image.isu.pub/190501162521-926562cb4567d14b8443b9d43941f634/jpg/page_1_thumb_large.jpg
000158.jpg,http://www.photoshare.ru/data/30/30485/5/4v6m19-8ms.jpg
000159.jpg,https://render.fineartamerica.com/images/rendered/medium/canvas-print/mirror/break/images-medium-5/it-was-the-only-thing-to-do-after-the-mule-died-nomad-art-and-design-canvas-print.jpg
000160.jpg,https://botwatchblog.files.wordpress.com/2016/06/2017-05-14-5.png?w=685
000161.jpg,https://lollyjane.com/wp-content/uploads/2013/05/better-than-ever-cheesy-meat-lasagna-by-lolly-jane.jpg
000162.jpg,https://i.pinimg.com/474x/07/56/bb/0756bb259575a8f349c6a56f5a4ea8c9.jpg
000163.jpg,https://2.bp.blogspot.com/-sTxX8cln9IU/V-gI-a_aZgI/AAAAAAAAPGY/iCBPJ4BcUU4zt-vAa5nZwqBLG6PPEfjfwCLcB/s1600/IMG_0285.jpg
000164.jpg,http://12vbode.weebly.com/uploads/5/1/7/9/5179120/1249869_orig.png
000165.jpg,https://d2fizz4npx5v6x.cloudfront.net/scores-png/1/10338933-35.png
000166.jpg,https://i.pinimg.com/originals/3b/aa/cb/3baacb522f76bf265cb3b65ffe6e349b.jpg
000168.jpg,http://cartoncup.com.br/loja/14-home_default/frutas-.jpg
000169.jpg,http://www.scielo.br/img/revistas/aib/v82//1808-1657-aib-000702013-gf1.png
000170.jpg,http://1.bp.blogspot.com/--DHEAfGoLZ0/UQp05QR9D9I/AAAAAAAADzY/GLDw5HWZUxw/s1600/DSC_0077-001.JPG
000171.jpg,https://parallel.cymru/wp-content/uploads/Beth-sydd-ar-S4C-Huw-Stephens-Cofiwch-Dryweryn.jpg
000172.jpg,http://ih.constantcontact.com/fs144/1111817938339/img/22.jpg?a=1113640572905
000173.jpg,https://www.readersdigest.ca/wp-content/uploads/sites/14/2014/06/13-essential-vitamins-your-body-needs.jpg
000174.jpg,https://images.news18.com/ibnlive/uploads/2018/04/RESULTS.jpg
000175.jpg,https://imgv2-1-f.scribdassets.com/img/document/206609996/original/b5a777d758/1570122242?v=1
000176.jpg,https://akm-img-a-in.tosshub.com/indiatoday/images/story/201810/CBSE-WEBISTE-647.jpeg?l2NObqrsp8opRjzxzu06sjzW.6__UoOj
000177.jpg,https://www.picclickimg.com/d/l400/pict/202694342607_/Bath-and-Body-Works-Spiced-Twisted-Peppermint-Mist.jpg
000178.jpg,https://scontent-yyz1-1.cdninstagram.com/vp/bd26324de748cdafc5347265c1b9922c/5E1E5324/t51.2885-15/sh0.08/e35/s640x640/71134545_376993999917549_4401189339805732637_n.jpg?_nc_ht=scontent-yyz1-1.cdninstagram.com&_nc_cat=109
000179.jpg,https://i.ytimg.com/vi/vQwgaoogzvw/maxresdefault.jpg
000180.jpg,https://live.staticflickr.com/65535/48048809467_d5fd29b204.jpg
000181.jpg,https://st.hzcdn.com/fimgs/ac121f6104cb1a7f_6738-w240-h320-b0-p0--.jpg
000182.jpg,http://fourcfitness.com/wordpress/wp-content/uploads/2014/06/12-bod.e-rest.jpg
000183.jpg,https://img.newspapers.com/img/thumbnail/479964628/400/400/0_0_4728_6851.jpg
000184.jpg,http://thehotpepper.com/uploads/monthly_08_2018/post-12933-0-51603400-1534091664.jpg
000185.jpg,http://www.raininghotcoupons.com/wp-content/uploads/2015/01/SALMON.jpeg?x93331
000186.jpg,https://i.pinimg.com/474x/42/8e/82/428e82be0a4b0cceabc0c2a3d28c438b.jpg
000187.jpg,https://c8.alamy.com/comp/CMDB28/headline-of-the-denver-post-newspaper-immediately-following-the-shooting-CMDB28.jpg
000188.jpg,https://ichef.bbci.co.uk/news/624/cpsprodpb/152FB/production/_103797768_bodegroes_soup.jpg
000189.jpg,https://docplayer.net/docs-images/82/86852312/images/19-0.jpg
000190.jpg,https://i.ebayimg.com/thumbs/images/g/YbgAAOSwrU1bGPMk/s-l225.jpg
000191.jpg,https://miyokoeats.files.wordpress.com/2011/04/apple-cheddar-biscuits-cook-book.jpg
000192.jpg,https://p.calameoassets.com/121210013113-8a907e54e72ceb4525f00c103b84b6b4/p1.jpg
000193.jpg,https://media-cdn.tripadvisor.com/media/photo-s/0e/a0/67/ce/bo-de-b.jpg
000194.jpg,https://i1.rgstatic.net/publication/215531324_Effect_of_sewage-water_irrigation_on_physico-chemical_parameters_with_special_reference_to_heavy_metals_in_agricultural_soil_of_Haridwar_city/links/0fcfd4fcd93b1a9b52000000/largepreview.png
000195.jpg,https://cdn.shopify.com/s/files/1/1696/2611/products/brush_cherry7__59915.1435808968.1280.1280_61847c08-d0d3-493d-aa99-580921f72e15_large.jpg?v=1494783052
000196.jpg,https://static.wixstatic.com/media/7a76e7_3b7cbbc41f2c48d79fcfcd022fea151d~mv2_d_3423_4903_s_4_2.jpg
000197.jpg,https://img1.cookinglight.timeinc.net/sites/default/files/styles/4_3_horizontal_-_1200x900/public/1524006136/1804w-Trader-Joes-Header-Image.jpg?itok=lfPe86px
000198.jpg,http://www.winecellarkw.com/images/passport%20feature%20sheet%202020_eng_final_carmenere.jpg?crc=393660333
000199.jpg,https://newspapers.library.wales/utility/thumbnail/4232334
000200.jpg,https://i0.wp.com/trndmonitor.com/wp-content/uploads/2013/12/davidnut.jpg?resize=625%2C408
000201.jpg,https://scontent-lhr3-1.cdninstagram.com/v/t51.2885-15/e35/66442041_361539671181595_708035865936734966_n.jpg?_nc_ht=scontent-lhr3-1.cdninstagram.com&se=7&oh=090821219df6ff753bc8ace35ee712d1&oe=5E0CB9C2&ig_cache_key=MjExMDMxMzY2Njc3MDUzMTcwMg%3D%3D.2
000202.jpg,https://i2.wp.com/thefrugalfairy.com/wp-content/uploads/2015/10/free-samples.jpg?resize=300%2C300
000203.jpg,https://worleygig.files.wordpress.com/2019/02/img_9408-e1550441977683.jpg
000204.jpg,http://www.scielo.br/img/revistas/aib/v82//1808-1657-aib-000702013-gt2.png
000205.jpg,https://i.etsystatic.com/7824311/d/il/42ef01/530326002/il_340x270.530326002_a280.jpg?version=0
000206.jpg,https://upload.wikimedia.org/wikipedia/en/1/12/Poset6.jpg
000207.jpg,https://squarepegs.typepad.com/.a/6a00d8341d01b553ef016766b8353e970b-800wi
000208.jpg,https://s3-media2.fl.yelpcdn.com/bphoto/ZvXJ0U1fe_fPADqKiw7Rvg/348s.jpg
000209.jpg,http://strongwithmitzi.com/wp-content/uploads/2017/12/spaghetti-squash.JPG3_-e1514385924680-225x300.jpg
000210.jpg,https://images3.loopnet.com/i2/P7J7A5J_vtMTVf8IuTpkiWYtrjQtlaR6Jc_rynrVikE/110/image.jpg
000211.jpg,https://3.bp.blogspot.com/-MWyMsqBCZ1k/V5nDNEmxsyI/AAAAAAAAPBc/ryEzFmPmQhkS_nRYiBsW8D_3geMUtyDgACLcB/s1600/chile_pepper_forum-160728.jpg
000212.jpg,https://heidipowell.net/wp-content/uploads/2010/12/HeidiPowell_DayInLife_FeaturedImage.jpg
000213.jpg,https://newspapers.library.wales/utility/thumbnail/3468677
000214.jpg,https://pbs.twimg.com/media/DETaReVW0AE9bxN.jpg
000215.jpg,http://cartoncup.com.br/loja/2-home_default/choco.jpg
000216.jpg,https://lollyjane.com/wp-content/uploads/2018/02/main-dish-airfryer-recipes.jpg
000217.jpg,https://d2fizz4npx5v6x.cloudfront.net/scores-png/1/10338933-36.png
000218.jpg,https://instagram.fist1-2.fna.fbcdn.net/vp/fb5b3db6719b3396d5739f3b35c088bd/5E067314/t51.2885-15/sh0.08/e35/s640x640/66645078_466070110635752_3260804384940398737_n.jpg?_nc_ht=instagram.fist1-2.fna.fbcdn.net
000219.jpg,https://i.dailymail.co.uk/1s/2019/07/10/18/15879804-7233407-image-a-25_1562778054817.jpg
000220.jpg,https://parallel.cymru/wp-content/uploads/Patrick-Jemmer-Ffred-Ffantastig-Voice-8-B.png
000221.jpg,https://image.isu.pub/190501224501-8276915560a4c1c7728d344b5a7e335e/jpg/page_1.jpg
000222.jpg,https://scontent-frt3-1.cdninstagram.com/v/t51.2885-15/e35/s320x320/68968603_150938526009275_1760497723413726375_n.jpg?_nc_ht=scontent-frt3-1.cdninstagram.com&oh=6959c53fa51b2b8c09e29ba104491e19&oe=5E0E25B0&ig_cache_key=MjExMTMzNzIwMDQ2MDQ5NDQ2Mg%3D%3D.2
000223.jpg,https://img6.fold3.com/img/thumbnail/168858956/400/400/0_0_5176_7615.jpg
000224.jpg,https://scontent-yyz1-1.cdninstagram.com/vp/a04973ac667ec685a48ec1335bba8860/5DFDB245/t51.2885-15/e15/11189924_1603598389880612_620919790_n.jpg?_nc_ht=scontent-yyz1-1.cdninstagram.com
000225.jpg,https://i.pinimg.com/originals/be/8e/1e/be8e1eed6b6221d926943755dfb94277.jpg
000226.jpg,http://12vbode.weebly.com/uploads/5/1/7/9/5179120/825709_orig.png
000227.jpg,https://thumbnail.constantcontact.com/remoting/v1/vthumb/YOUTUBE/8caedcc8ac20454b9fc2c0cd241c558d
000228.jpg,https://img.newspapers.com/img/thumbnail/160645947/400/400/0_0_5420_6683.jpg
000229.jpg,https://i1.wp.com/instantloss.com/wp-content/uploads/2018/10/2auth_642x1024_instantloss.jpg?fit=642%2C1024&ssl=1
000230.jpg,https://d2fizz4npx5v6x.cloudfront.net/scores-png/1/10338933-82.png
000231.jpg,https://s3-media1.fl.yelpcdn.com/bphoto/CJT4TougLF4ae_8fEyOhAA/l.jpg
000232.jpg,https://worleygig.files.wordpress.com/2019/02/img_0529-e1550450287816.jpg
000233.jpg,https://www.picclickimg.com/d/l400/pict/351427492051_/BOD-MAN-1-1-oz-Bottle-FRAGRANCE-BODY.jpg
000234.jpg,https://squarepegs.typepad.com/.a/6a00d8341d01b553ef0192ac78a67e970d-320wi
000235.jpg,https://docplayer.net/docs-images/77/75635693/images/12-0.jpg
000236.jpg,https://i0.wp.com/static.shareasale.com/image/12808/Shutterfly_SummerTravel_SummerFun_120x90.jpg
000237.jpg,http://strongwithmitzi.com/wp-content/uploads/2018/02/shrimp-pesto-2-e1518660715498-225x300.jpg
000238.jpg,http://2.bp.blogspot.com/-zdW46H3a8YE/VgYq-gfQiNI/AAAAAAAATRQ/ajPDxfpnKB0/s640/verveold.png
000239.jpg,http://s1.dmcdn.net/A-fqe/x240-zE6.jpg
000240.jpg,http://www.sodadispenserdepot.com/images/new-systems/unicorn/unicorn-4-flavor-post-mix-draft-arm_rotation.gif
000241.jpg,http://www.cookingclassy.com/wp-content/uploads/2013/02/slow-cooker-chili-426x640.jpg
000242.jpg,https://st.hzcdn.com/fimgs/e3b22bf104cb1a81_6741-w240-h320-b0-p0--.jpg
000243.jpg,https://texashistory.unt.edu/ark:/67531/metapth820190/m1/8/small_res/
000244.jpg,http://i.imgur.com/WG8mK6Y.jpg?1
000245.jpg,https://www.markbode.com/site/allpics/amsterdam12.jpg
000246.jpg,https://0.academia-photos.com/attachment_thumbnails/57702851/mini_magick20190110-6243-141zu43.png?1547155544
000247.jpg,https://akm-img-a-in.tosshub.com/indiatoday/images/bodyeditor/201810/cbse_class_10_1-x912.JPG?zuGfxTwIc6iHXTJB7WCnyZvGrrEGzLVW
000248.jpg,https://s3-media2.fl.yelpcdn.com/bphoto/npt7J0hYvmuv_w2-x5rEkQ/258s.jpg
000249.jpg,https://i.ytimg.com/vi/-D0dwXPT_9Q/hqdefault.jpg
000250.jpg,https://2.bp.blogspot.com/-BJ0sxsNZXQc/V-gI9rouazI/AAAAAAAAPGE/oDnMAsYz0gENhoBbSs3uOoT0uyWYBlIGgCLcB/s1600/IMG_0240.jpg
000251.jpg,http://www.scielo.br/img/revistas/aib/v82//1808-1657-aib-000702013-gt3.png
000252.jpg,https://scontent-lga3-1.cdninstagram.com/vp/b55398906df851c8cd8ba719ee0b9faf/5E371179/t51.2885-15/sh0.08/e35/c216.0.647.647a/s640x640/17077533_404456593245014_2412695967267553280_n.jpg?_nc_ht=scontent-lga3-1.cdninstagram.com&_nc_cat=102
000253.jpg,https://image.isu.pub/130805203102-8c6e64807a6d2d3c242040b9789bda6c/jpg/page_1.jpg
000254.jpg,https://parallel.cymru/wp-content/uploads/Patrick-Jemmer-Ffred-Ffantastig-Voice-39.png
000255.jpg,https://pbs.twimg.com/media/DmHMifMVAAAOAmr.jpg
000256.jpg,https://lollyjane.com/wp-content/uploads/2015/03/13-14787-post/Bunny-Bait-Easter-Treat-Printable-Tags-LollyJane.jpg
000257.jpg,https://www.readersdigest.ca/wp-content/uploads/sites/14/2014/06/essential-vitamins-your-body-needs-vitamin-b6.jpg
000258.jpg,http://3.bp.blogspot.com/-QUbYErvNAEY/ULNzTomf4BI/AAAAAAAADac/5pAqZNZweUU/s1600/DSC_1990.JPG
000259.jpg,https://scontent-lax3-1.cdninstagram.com/vp/e1d0baf701929f294437137ba41c1997/5DD71DAA/t51.2885-15/sh0.08/e35/s640x640/66645548_902103563490338_8788718840530951610_n.jpg?_nc_ht=scontent-lax3-1.cdninstagram.com
000260.jpg,https://chroniclingamerica.loc.gov/lccn/sn83030214/1909-12-14/ed-1/seq-13/thumbnail.jpg
000261.jpg,https://live.staticflickr.com/65535/48014068591_c44ba96aaa.jpg
000262.jpg,https://static.wixstatic.com/media/7a76e7_c554a44ac5ea49f0af3fe548f7821e45~mv2_d_3456_5184_s_4_2.jpg
000263.jpg,https://i.pinimg.com/474x/80/1f/a3/801fa3520ebd01d7f4098135241a046c.jpg
000264.jpg,http://www.winecellarkw.com/images/grand-red360x467.jpg?crc=4255820299
000265.jpg,http://labodeganegra.com/images/18.png
000266.jpg,https://i1.rgstatic.net/publication/229639495_Infection_of_sugar_cane_by_the_nitrogen-fixing_bacterium_Acetobacter_diazotrophicus/links/5a2028e90f7e9bfc48fe1dc0/largepreview.png
000267.jpg,https://newspapers.library.wales/utility/thumbnail/3726732
000268.jpg,https://img.newspapers.com/img/thumbnail/493025343/400/400/0_0_4480_7138.jpg
000269.jpg,http://www.emilyreviews.com/wp-content/uploads/2014/04/CIMG1100.jpg
000270.jpg,https://img1.cookinglight.timeinc.net/sites/default/files/styles/4_3_horizontal_-_1200x900/public/1539027054/1810w-Cheese-Evergreen.jpg?itok=nSzixLg5
000271.jpg,https://scontent-frx5-1.cdninstagram.com/vp/38a1505619dceb0969f6e48230e68898/5DC5802D/t51.2885-15/e35/s320x320/21690058_2057634077588439_5082106261575565312_n.jpg?_nc_ht=scontent-frx5-1.cdninstagram.com&ig_cache_key=MTYwMjM5NzE3NjkwNjI4MDg1NQ%3D%3D.2
000272.jpg,http://s2.dmcdn.net/BoCdy/x240-Vrg.jpg
000273.jpg,https://i1.wp.com/instantloss.com/wp-content/uploads/2018/08/2authsite_960x400_instantloss-2.jpg?fit=960%2C400&ssl=1
000274.jpg,http://ih.constantcontact.com/fs144/1111817938339/img/49.png?a=1113478454441
000275.jpg,https://botwatchblog.files.wordpress.com/2016/06/screenshot-2016-06-21-16-02-44.png?w=685
000276.jpg,https://imgv2-1-f.scribdassets.com/img/document/205094110/298x396/7a80a44fb2/1506808190?v=1
000277.jpg,https://img1.fold3.com/img/thumbnail/224700871/400/400/0_0_6528_7917.jpg
000278.jpg,https://scontent-cdt1-1.cdninstagram.com/vp/db6b115e201f2e8506d285941f17c361/5DE9A806/t51.2885-15/e35/c99.0.881.881/s320x320/67294035_158314355220883_7932263678750751992_n.jpg?_nc_ht=scontent-cdt1-1.cdninstagram.com&ig_cache_key=MjA4NTI4MzE5ODQ0ODY2Njk2Mw%3D%3D.2.c
000279.jpg,http://squarepegs.typepad.com/.a/6a00d8341d01b553ef019aff211d28970c-320wi
000280.jpg,https://i.ebayimg.com/thumbs/images/m/m4mgry4xgdO__4fn4BlrgXQ/s-l225.jpg
000281.jpg,https://worleygig.files.wordpress.com/2014/02/p1020285-e1393178096482.jpg
000282.jpg,https://0.academia-photos.com/40996335/30941735/28616765/s200_andrei.avram.jpg
000283.jpg,https://parallel.cymru/wp-content/uploads/Patrick-Jemmer-Ffred-Ffantastig-Voice-35-Iaith.png
000284.jpg,https://1.bp.blogspot.com/-bc7VS90ZrRs/Vvvx_1nZYLI/AAAAAAAAORs/b4Ri-tJAT9cMTWKwJOUuPeLRau2csyI_g/s1600/Street-Corn-Side-Dish-Recipe-My-Name-Is-Snickerdoodle-2.jpg
000285.jpg,http://strongwithmitzi.com/wp-content/uploads/2018/02/shrimp-pesto-3-e1518660736299-225x300.jpg
000286.jpg,https://pbs.twimg.com/media/CDharndWoAAt4uU.jpg
000287.jpg,https://scontent-lax3-1.cdninstagram.com/vp/5c3eb81a1658b6ade3d5dada5a0d04ca/5DD8D691/t51.2885-15/sh0.08/e35/c180.0.1080.1080/s640x640/67237947_382680242434062_4515236089189223183_n.jpg?_nc_ht=scontent-lax3-1.cdninstagram.com
000288.jpg,http://www.duke.edu/~mturner/wwxwbDSCN0044%20%28Large%29.JPG
000289.jpg,https://www.readersdigest.ca/wp-content/uploads/sites/14/2014/06/essential-vitamins-your-body-needs-vitamin-e-eggs.jpg
000290.jpg,http://i43.photobucket.com/albums/e381/levkoffgm/D80E6C71-8C44-4B1D-8993-4D212DBA90CA-2700-000006D755692F20.jpg
000291.jpg,http://fourcfitness.com/wordpress/wp-content/uploads/2014/08/4-App-1408-inMOTION-Crab-Kick.jpg
000292.jpg,https://scontent-sjc3-1.cdninstagram.com/vp/718d3fb54c5b297bb645b08497258b5a/5E27B765/t51.2885-15/e35/s320x320/69614936_448194979121855_7442667924119127080_n.jpg?_nc_ht=scontent-sjc3-1.cdninstagram.com&_nc_cat=111&ig_cache_key=MjE0MjMzMzUxODU5MDY5MzA1Nw%3D%3D.2
000293.jpg,https://live.staticflickr.com/65535/48042876167_b2a3e55171.jpg
000294.jpg,https://i5.walmartimages.com/asr/39578f6a-7411-4654-8acb-e77270c3fd78_1.4bbe97f0378e8ed07b6c7057528331d1.jpeg
000295.jpg,http://4.bp.blogspot.com/-J2fakflLJv8/UPypf1pbSBI/AAAAAAAADvY/7oFw_1kcxbg/s640/DSC_2082.JPG
000296.jpg,https://lbtk.files.wordpress.com/2013/08/95568-img_5165.jpg?w=349&h=262
000297.jpg,https://www.bod.ch/assets/images/covercheck/de/01-cid-1-bell-und-literatur/cid-11-romane-und-erzaehlungen/Buchhandel/9.jpg
000298.jpg,https://docplayer.net/docs-images/77/75635693/images/29-0.jpg
000299.jpg,https://img.newspapers.com/img/thumbnail/160916393/400/400/0_0_5500_7345.jpg?cs=604800
000300.jpg,https://img1.cookinglight.timeinc.net/sites/default/files/styles/4_3_horizontal_-_1200x900/public/1524005780/1804w-Trader-Joes-Potato-Straws.jpg?itok=wzvGVxZI
000301.jpg,http://labodeganegra.com/images/filler-disco.jpg
000302.jpg,https://www.picclickimg.com/d/l400/pict/401742987067_/3-Victorias-Secret-PINK-86-LOVE-MANDARIN-COCONUT.jpg
000303.jpg,https://scontent-frx5-1.cdninstagram.com/vp/992038b65ee8446c1c57e965caa10b85/5DC0C4C0/t51.2885-15/e35/p320x320/47066125_341411336651943_1759679890612306089_n.jpg?_nc_ht=scontent-frx5-1.cdninstagram.com&ig_cache_key=MTkyODExNTExMTM0OTY2Nzc3Mg%3D%3D.2
000304.jpg,https://static.wixstatic.com/media/7a76e7_b33cd7ccbdde45ab8412205e1fd060ad~mv2_d_3456_5184_s_4_2.jpg
000305.jpg,https://i1.rgstatic.net/publication/328509760_Vitamin_E_in_Hemodialysis_Patients/links/5bd1e677458515311b4b10fe/largepreview.png
000306.jpg,https://i.pinimg.com/474x/be/a3/83/bea3830659f7a1e8a0f93263dbab380a.jpg
000307.jpg,https://3.bp.blogspot.com/-QHqFLW7sSIY/V-gI_uFQH_I/AAAAAAAAPG4/Zd2BcjP7YHoUHJzmRHzJHrCsHPTGtoRRQCLcB/s1600/IMG_9931.jpg
000308.jpg,https://s3-media1.fl.yelpcdn.com/bphoto/ST-Ae2Q33Azjbs6Inc85ag/258s.jpg
000309.jpg,https://img1.fold3.com/img/thumbnail/224685231/400/400/0_0_6576_7669.jpg
000310.jpg,https://scontent-cdt1-1.cdninstagram.com/vp/50765fa005328ad6ed00f8b8bcb0a938/5DD9FB29/t51.2885-15/e35/s320x320/66639491_2433481346731357_5633823430159913244_n.jpg?_nc_ht=scontent-cdt1-1.cdninstagram.com&ig_cache_key=MjA4MzA1NzAyMzc2ODYyMTI3Mg%3D%3D.2
000311.jpg,https://botwatchblog.files.wordpress.com/2016/06/screenshot-2016-06-30-20-57-05.png?w=685
000312.jpg,https://scontent-lhr3-1.cdninstagram.com/v/t51.2885-15/e35/61346889_144704013342406_719091784472528797_n.jpg?_nc_ht=scontent-lhr3-1.cdninstagram.com&se=7&oh=3c63216feef9e43c1fef468490d557e9&oe=5DF0C9E2&ig_cache_key=MjA2NDI4NTYwMzU4Mjc3ODY2MA%3D%3D.2
000313.jpg,https://parallel.cymru/wp-content/uploads/Patrick-Jemmer-Ffred-Ffantastig-Voice-2-Ychwanegol.jpg
000314.jpg,http://i.imgur.com/03JQifO.jpg?1
000315.jpg,https://worleygig.files.wordpress.com/2014/02/p1020288-e1393177938591.jpg
000316.jpg,https://st.hzcdn.com/fimgs/52624d3304cb1a54_6695-w240-h320-b0-p0--.jpg
000317.jpg,https://www.readersdigest.ca/wp-content/uploads/sites/14/2014/06/essential-vitamins-your-body-needs-vitamin-C-oranges.jpg
000318.jpg,https://lollyjane.com/wp-content/uploads/2015/01/24-14396-post/food-should-taste-good-chips-product-review.jpg
000319.jpg,http://www.emilyreviews.com/wp-content/uploads/2014/04/CIMG1099.jpg
000320.jpg,https://pbs.twimg.com/media/DETaSdWXYAAEHG8.jpg
000321.jpg,https://live.staticflickr.com/65535/48012650937_92b149c636.jpg
000322.jpg,https://squarepegs.typepad.com/.a/6a00d8341d01b553ef019aff8a859f970c-320wi
000323.jpg,http://3.bp.blogspot.com/-xhfT6skoeNw/UK70VD4lBkI/AAAAAAAADZc/A9sOPcnJyO4/s1600/DSC_1920.JPG
000324.jpg,https://i5.walmartimages.com/asr/0d34d71a-738c-4f87-ad87-0bb6e60ff548_1.b5bf3c45f9cbc503ed20194092d10ce1.jpeg?odnHeight=560&odnWidth=560&odnBg=FFFFFF
000325.jpg,https://scontent-lax3-1.cdninstagram.com/vp/1be7f96834e5377082dab77296ad2033/5DCC8EA8/t51.2885-15/sh0.08/e35/c0.135.1080.1080a/s640x640/66472255_410926982884990_7204569625141566442_n.jpg?_nc_ht=scontent-lax3-1.cdninstagram.com
000326.jpg,http://fourcfitness.com/wordpress/wp-content/uploads/2014/09/Boot-Camp-Contact-Info-1.jpg
000327.jpg,https://www.bod.ch/assets/images/covercheck/de/01-cid-1-bell-und-literatur/cid-11-romane-und-erzaehlungen/Buchhandel/6.jpg
000328.jpg,https://img1.cookinglight.timeinc.net/sites/default/files/styles/4_3_horizontal_-_1200x900/public/1524006136/1804w-Porcini-Mushroom-Chunks.jpg?itok=DboEErzY
000329.jpg,https://static.wixstatic.com/media/7a76e7_0272e8473a124c26ac747eb9229fa5f2~mv2_d_3456_5184_s_4_2.jpg
000330.jpg,https://i.ebayimg.com/thumbs/images/g/zz8AAOSwy1ZdSKr2/s-l225.jpg
000331.jpg,http://labodeganegra.com/images/filler-church.jpg
000332.jpg,https://img.newspapers.com/img/thumbnail/457783805/400/400/0_0_6953_9264.jpg
000333.jpg,https://scontent-frx5-1.cdninstagram.com/vp/4656e24a6a9c07d30cfb64a3e94d2bdc/5DC7B329/t51.2885-15/e35/p320x320/39157398_281965835738208_4841236141904494592_n.jpg?_nc_ht=scontent-frx5-1.cdninstagram.com&ig_cache_key=MTg1MTA3MTM5NTcwODg3MzY1MA%3D%3D.2
000334.jpg,https://i.pinimg.com/474x/5e/77/9e/5e779e54304a61a1b1d043808a64eee5.jpg
000335.jpg,https://i.dailymail.co.uk/1s/2019/07/10/17/15879790-7233407-image-m-8_1562777888289.jpg
000336.jpg,https://worleygig.files.wordpress.com/2014/07/image71-e1406490410427.jpg?w=584&h=533
000337.jpg,https://lbtk.files.wordpress.com/2013/10/050.png?w=1100
000338.jpg,https://s3-media2.fl.yelpcdn.com/bphoto/ml89ZGSkeOkZRQYpMSecxQ/348s.jpg
000339.jpg,https://img6.fold3.com/img/thumbnail/170437456/400/400/0_0_5288_7695.jpg
000340.jpg,https://parallel.cymru/wp-content/uploads/Patrick-Jemmer-Ffred-Ffantastig-Voice-3-Ychwanegol.jpg
000341.jpg,https://i1.rgstatic.net/publication/311570536_Current_Water_Quality_Status_of_Rivers_in_the_Kathmandu_Valley/links/584d618608ae4bc899307655/largepreview.png
000342.jpg,https://is4.revolveassets.com/images/p4/n/d/MICH-WD639_V2.jpg
000343.jpg,http://i1273.photobucket.com/albums/y401/alynne68/IMG_0647_zps08e626d3.jpg
000344.jpg,https://live.staticflickr.com/65535/48036147601_e01cbaf995.jpg
000345.jpg,https://pbs.twimg.com/media/D9Uqk0BVAAAcITY.jpg
000346.jpg,https://www.readersdigest.ca/wp-content/uploads/sites/14/2014/06/essential-vitamins-your-body-needs-vitamin-B5.jpg
000347.jpg,http://squarepegs.typepad.com/.a/6a00d8341d01b553ef0168eadd7818970c-800wi
000348.jpg,https://1.bp.blogspot.com/-tYnc-EGG36E/V-gI_OoNSlI/AAAAAAAAPGo/kZskScfFc78e-CtSkPWRayi8eBN9KbisgCLcB/s1600/IMG_9892.jpg
000349.jpg,https://d2fizz4npx5v6x.cloudfront.net/scores-png/1/10338933-41.png
000350.jpg,https://scontent-lax3-1.cdninstagram.com/vp/2dc70fe60c6dfa27ca490fb21fb553be/5DE024A2/t51.2885-15/sh0.08/e35/c213.0.852.852a/s640x640/66938519_515550802322417_6346182646974776092_n.jpg?_nc_ht=scontent-lax3-1.cdninstagram.com
000351.jpg,http://3.bp.blogspot.com/-rF2Zpl416II/UPMfeTLc_NI/AAAAAAAADsA/mByPjaGnylo/s1600/DSC_2028-001.JPG
000352.jpg,https://scontent-cdt1-1.cdninstagram.com/vp/7d7338359f905933289befb0d06be3d0/5DC86999/t51.2885-15/e35/c257.0.566.566a/s320x320/64784401_705346883230743_2648948373731837961_n.jpg?_nc_ht=scontent-cdt1-1.cdninstagram.com&ig_cache_key=MjA4MDEzOTA1MjQwNjc5MjU3Ng%3D%3D.2.c
000353.jpg,http://www.duke.edu/~mturner/ucdxldDSC02719a%20%28Large%29.JPG
000354.jpg,http://fourcfitness.com/wordpress/wp-content/uploads/2014/06/6-Verve-Mojoe.jpg
000355.jpg,https://img.newspapers.com/img/thumbnail/87651759/400/400/0_0_6556_8117.jpg?cs=604800
000356.jpg,https://static.wixstatic.com/media/7a76e7_2af8b7e2b7d14011bc340221ee985ef4~mv2_d_3456_5184_s_4_2.jpg
000357.jpg,http://labodeganegra.com/images/filler-sueno.jpg
000358.jpg,https://i.ebayimg.com/thumbs/images/g/gvsAAOSwbYZXdRnk/s-l225.jpg
000359.jpg,https://worleygig.files.wordpress.com/2019/02/garden-lites-e1550439489935.jpg
000360.jpg,https://img1.cookinglight.timeinc.net/sites/default/files/styles/4_3_horizontal_-_1200x900/public/1528138173/foodwrap.jpg?itok=y2C2BMuG
000361.jpg,https://scontent-frx5-1.cdninstagram.com/vp/a29169021d432d23e3f21c416f4f1310/5DC34328/t51.2885-15/e35/s320x320/37247976_212761032769719_1372324501559181312_n.jpg?_nc_ht=scontent-frx5-1.cdninstagram.com&ig_cache_key=MTgzMDc0Mzg4NTk2NDI2NzUxMw%3D%3D.2
000362.jpg,https://parallel.cymru/wp-content/uploads/Patrick-Jemmer-Ffred-Ffantastig-Voice-38-2.png
000363.jpg,https://i.pinimg.com/474x/2e/79/2b/2e792b05d99341d039083955ad66cb74.jpg
000364.jpg,https://img6.fold3.com/img/thumbnail/152606096/400/400/0_0_5436_7780.jpg
000365.jpg,https://miyokoeats.files.wordpress.com/2010/04/cropped-csa-box-8-april-2010-sweet-snap-peas1.jpg
000366.jpg,https://i.dailymail.co.uk/1s/2019/07/10/18/15880730-0-image-a-59_1562779402095.jpg
000367.jpg,https://pbs.twimg.com/media/DbQ4SKfWAAIgCir.jpg
000368.jpg,https://farm5.staticflickr.com/4915/45074208265_e3deab6ab5.jpg
000369.jpg,http://i1273.photobucket.com/albums/y401/alynne68/IMG_0592_zps8240ed82.jpg
000370.jpg,https://st.hzcdn.com/fimgs/0f22777b04cb1a5b_6702-w240-h396-b0-p0--.jpg
000371.jpg,https://i1.rgstatic.net/publication/324565068_Interactions_of_Gut_Microbiota_Endotoxemia_Immune_Function_and_Diet_in_Exertional_Heatstroke/links/5cc2ad77299bf120977f9a94/largepreview.png
000372.jpg,https://squarepegs.typepad.com/.a/6a00d8341d01b553ef0168eb090f71970c-800wi
000373.jpg,https://i.ytimg.com/vi/eVrsTnuYQ1c/maxresdefault.jpg
000374.jpg,https://i0.wp.com/ae01.alicdn.com/kf/HTB1Xhyvbh2rK1RkSnhJq6ykdpXa2/85ml-font-b-Chili-b-font-font-b-Coffee-b-font-font-b-Slimming-b-font.jpg?crop=5,2,900,500&quality=2886
000375.jpg,https://www.readersdigest.ca/wp-content/uploads/sites/14/2014/06/essential-vitamins-your-body-needs-vitamin-a.jpg
000376.jpg,https://scontent-lax3-1.cdninstagram.com/vp/61896d306898b6d1baa4c32887300800/5DBE07BE/t51.2885-15/sh0.08/e35/c240.0.960.960a/s640x640/66292103_132195184659919_9114833438443246904_n.jpg?_nc_ht=scontent-lax3-1.cdninstagram.com
000377.jpg,http://www.duke.edu/~mturner/ucdxldDSC02721b%20%28Large%29.JPG
000378.jpg,https://img.newspapers.com/img/thumbnail/118152697/400/400/0_0_5004_6480.jpg?cs=604800
000379.jpg,http://fourcfitness.com/wordpress/wp-content/uploads/2014/06/15-Contact.jpg
000380.jpg,https://img1.cookinglight.timeinc.net/sites/default/files/styles/4_3_horizontal_-_1200x900/public/1524006026/1804w-Riced-Cauliflower-Stir-Fry.jpg?itok=YNAaRVdd
000381.jpg,http://labodeganegra.com/images/filler-cemetary.jpg
000382.jpg,http://4.bp.blogspot.com/-7wfMGxArcgQ/UKZC4t6PfdI/AAAAAAAADXs/IZ3tUsTgVrk/s1600/DSC_1883.JPG
000383.jpg,https://static.wixstatic.com/media/7a76e7_3eece0d3e99d4297b95d03f6ca9fa9c7~mv2_d_3456_5184_s_4_2.jpg
000384.jpg,https://s3-media2.fl.yelpcdn.com/bphoto/v76jYvAtwHTOtv1XwJF_uA/o.jpg
000385.jpg,http://islyee.weebly.com/uploads/5/7/6/6/5766627/4658854_orig.jpg
000386.jpg,https://image.isu.pub/170718185928-732dd6879dd44ac298432f3a2976a78f/jpg/page_1.jpg
000387.jpg,https://i.ebayimg.com/thumbs/images/m/mOEp-KH7-OI5x1Y58jHI63g/s-l225.jpg
000388.jpg,https://akns-images.eonline.com/eol_images/Entire_Site/20131112/rs_300x300-131212140953-600.kim-kardashian-diet-4.cm.121213.jpg?fit=around|700:700&crop=700:700;center,top&output-quality=90
000389.jpg,https://parallel.cymru/wp-content/uploads/Patrick-Jemmer-Ffred-Ffantastig-Voice-38-3.png
000390.jpg,https://worleygig.files.wordpress.com/2019/02/img_9410-e1550442137636.jpg
000391.jpg,https://scontent-lhr3-1.cdninstagram.com/v/t51.2885-15/e35/54447395_316850862347924_8347730289647471043_n.jpg?_nc_ht=scontent-lhr3-1.cdninstagram.com&se=7&oh=f7b88e316a171066de6fb3b42e0ad629&oe=5E15F4B5&ig_cache_key=MjAwNzUwMzQ0MzMzNzQ1MzQ1Ng%3D%3D.2
000392.jpg,https://i.pinimg.com/474x/5d/f4/2f/5df42f163faa06aac2e85cfccec2bd07.jpg
000393.jpg,http://i60.tinypic.com/dp7kec.jpg
000394.jpg,https://live.staticflickr.com/65535/48042644077_0070482677.jpg
000395.jpg,https://img9.fold3.com/img/thumbnail/79366129/400/400/0_0_6232_7813.jpg
000396.jpg,http://3.bp.blogspot.com/-BQy4NA2Dz70/VZnQrzvoEHI/AAAAAAAASm8/9AD-7rDDrvU/s640/a6.jpg
000397.jpg,https://i1.rgstatic.net/publication/13206474_Thrombin_interaction_with_platelet_GpIb_Structural_mapping_and_effects_on_platelet_activation_Review/links/5babdd4ea6fdccd3cb766c2e/largepreview.png
000398.jpg,https://st.hzcdn.com/fimgs/af92518b04cb1a5f_6706-w240-h371-b0-p0--.jpg
000399.jpg,https://i.ytimg.com/vi/nk4WY9j33ew/maxresdefault.jpg
000400.jpg,https://squarepegs.typepad.com/.a/6a00d8341d01b553ef019affe225d9970d-320wi
000401.jpg,http://3.bp.blogspot.com/--lNgH2y_F2o/VI-2dHxNuEI/AAAAAAAAAeU/1RFqhfG4YV8/s1600/NewYear350.jpg
000402.jpg,https://www.readersdigest.ca/wp-content/uploads/sites/14/2014/06/essential-vitamins-your-body-needs-folate-asparagus.jpg
000403.jpg,https://d2fizz4npx5v6x.cloudfront.net/scores-png/1/10338933-65.png
000404.jpg,https://scontent-lax3-1.cdninstagram.com/vp/5ee376fb190a2107264830fcc1c1055a/5DD3FBF7/t51.2885-15/sh0.08/e35/s640x640/66941312_399594843999638_4745921875209974009_n.jpg?_nc_ht=scontent-lax3-1.cdninstagram.com
000405.jpg,https://img.newspapers.com/img/thumbnail/76114473/400/400/0_0_7095_8178.jpg
000406.jpg,http://4.bp.blogspot.com/-tNB6CGVZT2Y/UKMXc42yMqI/AAAAAAAADXA/kcqM1cYDR0Y/s1600/DSC_1852.JPG
000407.jpg,http://r1db.com/covers/watermark.php?file=135143
000408.jpg,http://fourcfitness.com/wordpress/wp-content/uploads/2014/06/10378063_676621029060387_6745968629224033009_n.jpg
000409.jpg,http://labodeganegra.com/images/filler-cherub.jpg
000410.jpg,https://s3-media1.fl.yelpcdn.com/bphoto/TlmzUDQ_RhcugIqUXpKgAg/348s.jpg
000411.jpg,https://scontent-cdt1-1.cdninstagram.com/vp/0b13029cbf3ae9f7ef36a202c26d8528/5DCB2D2E/t51.2885-15/e35/s320x320/39933856_2005723616142310_6189746572380503126_n.jpg?_nc_ht=scontent-cdt1-1.cdninstagram.com&ig_cache_key=MTg2NDU5NjQ4OTExMzU2NzI0NQ%3D%3D.2
000412.jpg,http://www.duke.edu/~mturner/ucdxldDSC02917%20%28Large%29.JPG
000413.jpg,https://static.wixstatic.com/media/7a76e7_d19a6f2468624f348c718e09664c6ffe~mv2_d_3456_4752_s_4_2.jpg
000414.jpg,https://i.ytimg.com/vi/vaTBi9nxDCM/maxresdefault.jpg
000415.jpg,https://parallel.cymru/wp-content/uploads/Patrick-Jemmer-Ffred-Ffantastig-Voice-36-1.png
000416.jpg,https://i.ebayimg.com/thumbs/images/m/mXgpD-hu0aOW2cs5t3HF9WA/s-l225.jpg
000417.jpg,https://akns-images.eonline.com/eol_images/Entire_Site/20131112/rs_634x1024-131212113514-634.kim-kardashian-water.cm.121213.jpg?fit=inside|900:auto&output-quality=90
000418.jpg,https://img4.fold3.com/img/thumbnail/185534004/400/400/0_0_5356_7714.jpg
000419.jpg,https://worleygig.files.wordpress.com/2019/02/img_0824-e1550441782885.jpg
000420.jpg,https://i2.wp.com/instantloss.com/wp-content/uploads/2019/04/Copy-of-Denise-lost.png?fit=800%2C1200&ssl=1
000421.jpg,https://live.staticflickr.com/65535/48042379083_d218cdb066.jpg
000422.jpg,https://st.hzcdn.com/fimgs/60c2474204cb1a6d_6720-w240-h391-b0-p0--.jpg
000423.jpg,https://squarepegs.typepad.com/.a/6a00d8341d01b553ef019aff8aaea1970c-600wi
000424.jpg,https://i.dailymail.co.uk/1s/2019/07/10/18/15879792-7233407-image-m-32_1562778100603.jpg
000425.jpg,https://modernfitnesslife.com/wp-content/uploads/2019/04/11490/hqdefault.jpg
000426.jpg,https://scontent-lax3-1.cdninstagram.com/vp/e14b7519442e99dfcfccfb12bd1e9d17/5DDB76D5/t51.2885-15/sh0.08/e35/s640x640/66358988_503420893532986_2339811212349712561_n.jpg?_nc_ht=scontent-lax3-1.cdninstagram.com
000427.jpg,https://d2fizz4npx5v6x.cloudfront.net/scores-png/1/10338933-15.png
000428.jpg,https://scontent-lhr3-1.cdninstagram.com/v/t51.2885-15/e35/62031204_836519643370823_5639872569825050062_n.jpg?_nc_ht=scontent-lhr3-1.cdninstagram.com&se=8&oh=3d893d6639788474ee0bd9bcb5178a86&oe=5E0EFB51&ig_cache_key=MjA1NzAxNzg3NTkzMTExMzE4OQ%3D%3D.2
000429.jpg,https://www.readersdigest.ca/wp-content/uploads/sites/14/2014/06/essential-vitamins-your-body-needs-vitamin-K-leafy-greens.jpg
000430.jpg,https://scontent-lga3-1.cdninstagram.com/vp/33372a1ee796ea8f0de02a8a2104f196/5E3D2DCE/t51.2885-15/sh0.08/e35/s640x640/62375185_170508310639239_8544496547867228076_n.jpg?_nc_ht=scontent-lga3-1.cdninstagram.com&_nc_cat=103
000431.jpg,https://texashistory.unt.edu/ark:/67531/metapth820190/m1/6/high_res/
000432.jpg,http://i61.tinypic.com/dvg8is.jpg
000433.jpg,https://image.isu.pub/190902061658-e15ffbf5042a43684e7e4b195095ef68/jpg/page_1.jpg
000434.jpg,https://img.newspapers.com/img/thumbnail/457224008/400/400/0_0_4976_7503.jpg
000435.jpg,http://labodeganegra.com/images/filler-hamlet.jpg
000436.jpg,http://4.bp.blogspot.com/-lC6JlS1jUP0/UKMVAUPJKjI/AAAAAAAADWw/Kt-7gipwzEE/s1600/DSC_1849.JPG
000437.jpg,https://static.wixstatic.com/media/7a76e7_a7995e9b923a4d43ba8d738e1fdb2a4b~mv2_d_2480_2416_s_4_2.jpg/v1/fit/w_2500,h_1330,al_c/7a76e7_a7995e9b923a4d43ba8d738e1fdb2a4b~mv2_d_2480_2416_s_4_2.jpg
000438.jpg,http://fourcfitness.com/wordpress/wp-content/uploads/2014/08/BootCamp-Image-3.jpg
000439.jpg,https://s3-media4.fl.yelpcdn.com/bphoto/0be-LhnppCY7KR7sM3Y8Wg/l.jpg
000440.jpg,https://scontent-cdt1-1.cdninstagram.com/vp/6cee483991437393fe5b6f6242c11d15/5DD7D3D2/t51.2885-15/e35/s320x320/39725014_284909522331493_7031631856318642370_n.jpg?_nc_ht=scontent-cdt1-1.cdninstagram.com&ig_cache_key=MTg2MjUxNzA3NjA5MTc4OTk4Ng%3D%3D.2
000441.jpg,https://i.ebayimg.com/thumbs/images/g/AmwAAOSwOmRdKJeh/s-l225.jpg
000442.jpg,https://i1.rgstatic.net/publication/333945196_Gendered_Performance_Fluid_Identities_and_Protest_in_Tess_Onwueme's_Then_She_Said_It/links/5d0e1edd458515c11cee8969/largepreview.png
000443.jpg,https://st.hzcdn.com/fimgs/4ef266f904cb1a59_6700-w240-h386-b0-p0--.jpg
000444.jpg,http://12vbode.weebly.com/uploads/5/1/7/9/5179120/116327836.png
000445.jpg,https://worleygig.files.wordpress.com/2019/02/img_9412-e1550442249159.jpg
000446.jpg,https://scontent-lhr3-1.cdninstagram.com/v/t51.2885-15/e35/67413275_666570343849719_4286739783093792442_n.jpg?_nc_ht=scontent-lhr3-1.cdninstagram.com&se=8&oh=dd9e1cbff34a6150b1b8c3c5fecd1a3e&oe=5DF04D7E&ig_cache_key=MjExOTExMDQxNzEzMjQ2ODQ0MA%3D%3D.2
000447.jpg,https://akns-images.eonline.com/eol_images/Entire_Site/20131112/rs_634x1024-131212112553-634.kim-kardashian-white.cm.121213_copy.jpg?fit=inside|828:*&output-quality=90
000448.jpg,https://www.readersdigest.ca/wp-content/uploads/sites/14/2014/06/essential-vitamins-your-body-needs-vitamin-D.jpg
000449.jpg,https://modernfitnesslife.com/wp-content/uploads/2019/08/19511/personal-trainers-coaches-get-the-working-knowledge.jpg
000450.jpg,https://parallel.cymru/wp-content/uploads/Patrick-Jemmer-Ffred-Ffantastig-Voice-1-Ychwanegol.png
000451.jpg,http://labodeganegra.com/images/filler-sexyeye.jpg
000452.jpg,https://i.dailymail.co.uk/1s/2019/07/10/18/15879782-7233407-Superhero_The_Aquaman_star_pictured_in_2016_is_known_for_having_-m-45_1562779033144.jpg
000453.jpg,https://scontent-lax3-1.cdninstagram.com/vp/c0cf9e429aff65392a39738cc535a13e/5DDBED17/t51.2885-15/sh0.08/e35/c1.0.1438.1438a/s640x640/66294340_445407519386698_8716420503219589953_n.jpg?_nc_ht=scontent-lax3-1.cdninstagram.com
000454.jpg,https://c1.staticflickr.com/3/2831/32969884844_62831b379b.jpg
000455.jpg,https://ichef.bbci.co.uk/news/976/cpsprodpb/157A0/production/_103586978_checkersgroup.jpg
000456.jpg,https://static.wixstatic.com/media/7a76e7_4ff8f3ae91724548b56eb850220a270b~mv2_d_3118_3806_s_4_2.jpg
000457.jpg,http://2.bp.blogspot.com/-eOiNp1zm2zo/UMnnqW0t2FI/AAAAAAAAAGo/_OPJcMsoYaQ/s1600/galric+chicken+plated.jpg
000458.jpg,http://fourcfitness.com/wordpress/wp-content/uploads/2014/08/BootCamp-Image-6.jpg
000459.jpg,https://s3-media4.fl.yelpcdn.com/bphoto/RULuIFVHhIdvuERhnFCTDQ/ls.jpg
000460.jpg,https://worleygig.files.wordpress.com/2019/02/img_9411-e1550442186923.jpg
000461.jpg,https://i.ebayimg.com/images/g/80YAAOSw1NFaQ559/s-l640.jpg
000462.jpg,https://images-na.ssl-images-amazon.com/images/I/61WL42iexCL._UL1500_.jpg
000463.jpg,https://i1.rgstatic.net/publication/274313130_Caulerpa_prolifera_green_algae_using_as_eco-friendly_corrosion_inhibitor_for_mild_steel_in_1_M_HCl_media/links/5934467145851553b6e2afb3/largepreview.png
000464.jpg,https://www.readersdigest.ca/wp-content/uploads/sites/14/2014/06/essential-vitamins-your-body-needs-vitamin-b12.jpg
000465.jpg,https://akns-images.eonline.com/eol_images/Entire_Site/20131112/rs_634x1024-131212112358-634.kim-kardashian-eating.cm.121213.jpg?fit=inside|900:auto&output-quality=90
000466.jpg,http://labodeganegra.com/images/filler-hideaway.jpg
000467.jpg,https://scontent-lax3-1.cdninstagram.com/vp/ed1ed3319a10d14a01d4fa5c47b15d24/5DE5F4C3/t51.2885-15/sh0.08/e35/s640x640/67809421_453998598664664_9176690275107728324_n.jpg?_nc_ht=scontent-lax3-1.cdninstagram.com
000468.jpg,https://parallel.cymru/wp-content/uploads/Patrick-Jemmer-Ffred-Ffantastig-Voice-40.png
000469.jpg,https://st.hzcdn.com/fimgs/a982183d04cb1a74_6727-w240-h343-b0-p0--.jpg
000470.jpg,https://i0.wp.com/instantloss.com/wp-content/uploads/2017/04/23.jpg?resize=2175%2C1446
000471.jpg,https://ichef.bbci.co.uk/news/768/cpsprodpb/D146/production/_102847535_indexchef.jpg
000472.jpg,https://image.isu.pub/161019130803-d2ce0152af2b85fee8431056134220c8/jpg/page_1.jpg
000473.jpg,http://fourcfitness.com/wordpress/wp-content/uploads/2014/08/BootCamp-Image-1.jpg
000474.jpg,https://lbtk.files.wordpress.com/2013/10/047.png?w=1100
000475.jpg,https://i.pinimg.com/474x/50/98/ce/5098ce8053a61b193aebac8d82ef14e1.jpg
000476.jpg,https://www.readersdigest.ca/wp-content/uploads/sites/14/2014/06/essential-vitamins-your-body-needs-biotin.jpg
000477.jpg,https://scontent-lax3-1.cdninstagram.com/vp/1bb25718b4c3e07ee9271a280d82d028/5DCF525F/t51.2885-15/sh0.08/e35/s640x640/67511117_631613554026722_7125475187700686238_n.jpg?_nc_ht=scontent-lax3-1.cdninstagram.com
000478.jpg,https://i1.rgstatic.net/publication/254875590_Ayurvedic_and_Unani_health_and_beauty_products_Reworking_India's_medical_traditions/links/54073f210cf23d9765a841b4/largepreview.png
000479.jpg,http://islyee.weebly.com/uploads/5/7/6/6/5766627/5895858_orig.jpg
000480.jpg,https://live.staticflickr.com/65535/48048858038_dfcbb1de01.jpg
000481.jpg,http://4.bp.blogspot.com/-7045RQaPCW4/UNHHn_C1-cI/AAAAAAAADiQ/hUBTRvWzIJE/s640/P1000191.jpeg
000482.jpg,https://i.dailymail.co.uk/1s/2019/07/10/17/15879788-7233407-image-a-20_1562777989361.jpg
000483.jpg,https://s3-media3.fl.yelpcdn.com/bphoto/uUa16doSNdDr-ib3BIbeYQ/o.jpg
000484.jpg,https://parallel.cymru/wp-content/uploads/Patrick-Jemmer-Ffred-Ffantastig-Voice-35.png
000485.jpg,https://st.hzcdn.com/fimgs/7d22624d04cb1a6b_6718-w240-h360-b0-p0--.jpg
000486.jpg,https://scontent-lhr3-1.cdninstagram.com/v/t51.2885-15/e35/67497691_101150581227444_2738665842516878738_n.jpg?_nc_ht=scontent-lhr3-1.cdninstagram.com&se=8&oh=d5aa1763cca29f8ec219b2aacaa98ebd&oe=5DF6DB2C&ig_cache_key=MjEyMDY2MzMzNzUxMDU4NzkwNQ%3D%3D.2
000487.jpg,https://ichef.bbci.co.uk/news/976/cpsprodpb/17B9C/production/_99808179_gettyimages-850672402.jpg
000488.jpg,https://farm5.staticflickr.com/4907/46165284352_3c1a217334.jpg
000489.jpg,https://scontent-lax3-1.cdninstagram.com/vp/ea4877edfb608324869f9614e62b18bb/5DDC8FEE/t51.2885-15/e35/c236.0.607.607/69025634_341056016780997_6923417218167989016_n.jpg?_nc_ht=scontent-lax3-1.cdninstagram.com
000490.jpg,http://2.bp.blogspot.com/-yvvOpVK8-Aw/UM6YvLCvf0I/AAAAAAAADhk/3-AwKt0uvxk/s640/DSC_1980.JPG
000491.jpg,https://image.isu.pub/150619175044-afac3dfb3ff507332059d3a067e1f45a/jpg/page_1.jpg
000492.jpg,https://www.readersdigest.ca/wp-content/uploads/sites/14/2014/06/essential-vitamins-your-body-needs-vitamin-b3.jpg
000493.jpg,https://i2.wp.com/instantloss.com/wp-content/uploads/2017/04/IMG_1171.jpg?resize=4000%2C6000
000494.jpg,http://12vbode.weebly.com/uploads/5/1/7/9/5179120/632699787.jpg
000495.jpg,https://i.dailymail.co.uk/1s/2019/07/10/18/15879800-7233407-image-a-26_1562778057601.jpg
000496.jpg,https://i1.wp.com/instantloss.com/wp-content/uploads/2017/04/DSC03073.jpg?resize=3456%2C2592
000497.jpg,https://scontent-lax3-1.cdninstagram.com/vp/cd07b2a88b949de4816d57267dd90667/5DEB252C/t51.2885-15/sh0.08/e35/s640x640/67565462_116445112774951_8095500898868753423_n.jpg?_nc_ht=scontent-lax3-1.cdninstagram.com
000498.jpg,https://scontent-lhr3-1.cdninstagram.com/v/t51.2885-15/e35/67599229_922411271454073_3508711669703646154_n.jpg?_nc_ht=scontent-lhr3-1.cdninstagram.com&se=7&oh=e4ca9a52ab342865b439d5cbbf94fd7e&oe=5E02BCCC&ig_cache_key=MjExOTkwMjA3MjIzMjExMjU5NA%3D%3D.2
000499.jpg,http://ih.constantcontact.com/fs144/1111817938339/img/2.jpg?a=1113640572905
000500.jpg,https://timeincsecure-a.akamaihd.net/rtmp_uds/1260616200/201803/3179/1260616200_5757090797001_5757073182001-vs.jpg?pubId=1260616200&videoId=5757073182001
000501.jpg,https://akns-images.eonline.com/eol_images/Entire_Site/20131112/rs_560x415-131212110745-1024.kim-kardashian-bikini-body.cm.121213_copy.jpg?fit=inside|900:auto&output-quality=90
000502.jpg,http://2.bp.blogspot.com/-kJoYVbM7O34/VFr5-VRFeqI/AAAAAAAAAZs/PF2b9ZVjcIo/s1600/VemmaFamilyCover2short.jpg
000503.jpg,https://i2.wp.com/instantloss.com/wp-content/uploads/2017/04/164385_1652352242084_5914935_n.jpg?resize=720%2C540
000504.jpg,http://ih.constantcontact.com/fs144/1111817938339/img/47.png?a=1113478454441
000505.jpg,https://i.pinimg.com/474x/94/05/d6/9405d63a819c04a56de1074abfd73c9f.jpg
000506.jpg,https://i1.wp.com/instantloss.com/wp-content/uploads/2017/04/DSC01145.jpg?resize=3456%2C2592
000507.jpg,https://scontent-lhr3-1.cdninstagram.com/v/t51.2885-15/e35/60380262_536485780217248_5734589335858876731_n.jpg?_nc_ht=scontent-lhr3-1.cdninstagram.com&se=7&oh=6838856d7fa3154dc9965e58f5638d09&oe=5DFD4BA1&ig_cache_key=MjA1NDA2ODcwMDcwODk5OTU1MA%3D%3D.2
000508.jpg,https://img1.cookinglight.timeinc.net/sites/default/files/styles/4_3_horizontal_-_1200x900/public/1536176298/1808w-Shopping-at-Grocery-Store.jpg?itok=eW_EcUgb&1536176449
000509.jpg,http://fourcfitness.com/wordpress/wp-content/uploads/2014/06/9-bod.e-shake.jpg
000510.jpg,https://i2.wp.com/instantloss.com/wp-content/uploads/2017/04/fullsizeoutput_2873.jpeg?resize=4000%2C6000
000511.jpg,https://i.dailymail.co.uk/1s/2019/07/10/18/15880630-7233407-image-m-49_1562779183476.jpg
000512.jpg,https://i.pinimg.com/474x/f3/f9/bd/f3f9bd1c43c0123bc69da3bd4d4b2f01.jpg
000513.jpg,https://img.newspapers.com/img/thumbnail/84978461/400/400/0_0_6886_9316.jpg?cs=604800
000514.jpg,https://thumbnail.constantcontact.com/remoting/v1/vthumb/YOUTUBE/66c6ee9844b9455a8a7675f94928b606
000515.jpg,https://img1.cookinglight.timeinc.net/sites/default/files/styles/4_3_horizontal_-_1200x900/public/190321-samin-nosrat-kitchen-tips.jpg?itok=C1_-7klq
000516.jpg,https://0.academia-photos.com/35277352/10247249/11435962/s200_jean-marie.avril.jpg
000517.jpg,https://scontent-lhr3-1.cdninstagram.com/v/t51.2885-15/e35/59952429_193088898323452_1897707943306333966_n.jpg?_nc_ht=scontent-lhr3-1.cdninstagram.com&se=7&oh=7a63ef062a6eb9ea9c072c8ac50088e5&oe=5E0AF101&ig_cache_key=MjA1MTIwNjM1NTM2NTQ4OTI4MQ%3D%3D.2
000518.jpg,http://labodeganegra.com/images/LBN_social-club.jpg
000519.jpg,https://static.wixstatic.com/media/7a76e7_167f5724441746a3a3cf0d1c53aaab98~mv2.jpg/v1/fill/w_439,h_549,al_c,lg_1,q_80/7a76e7_167f5724441746a3a3cf0d1c53aaab98~mv2.jpg
000520.jpg,https://i.pinimg.com/474x/3e/4e/0a/3e4e0af0405e267084e8876f49fdd6d2.jpg
000521.jpg,https://scontent-lhr3-1.cdninstagram.com/v/t51.2885-15/e35/53759615_159163671747302_4589725362413685492_n.jpg?_nc_ht=scontent-lhr3-1.cdninstagram.com&se=7&oh=62416f5befb8687862f1820c8e3831f4&oe=5E092464&ig_cache_key=MTk5OTI2MjIxMzcwMjc3MzQ4OA%3D%3D.2
000522.jpg,https://img.newspapers.com/img/thumbnail/426706989/400/400/0_0_3349_3640.jpg?cs=604800
000523.jpg,http://fourcfitness.com/wordpress/wp-content/uploads/2014/08/BootCamp-Image-2.jpg
000524.jpg,https://img.newspapers.com/img/thumbnail/450250899/400/400/0_0_5821_7995.jpg
000525.jpg,https://static.wixstatic.com/media/7a76e7_0cb76ae055a94511b08138f1b16daabf~mv2_d_3456_5184_s_4_2.jpg
000526.jpg,http://4.bp.blogspot.com/-e2CWTKX_QjM/ULNye1A_5OI/AAAAAAAADaU/3hxCWvoWItI/s1600/cleanse.jpg
000527.jpg,https://scontent-lhr3-1.cdninstagram.com/v/t51.2885-15/e35/61552310_123517322194082_8214969124413264136_n.jpg?_nc_ht=scontent-lhr3-1.cdninstagram.com&oh=4219b96ac9cef2f5505efe1dcc68cf24&oe=5DF21EF1&ig_cache_key=MjA2MTE2OTkyMzUyNjMwNzQwMw%3D%3D.2
000528.jpg,https://i1.rgstatic.net/ii/profile.image/293236481511425-1446924433740_Q512/Tamas_Biro4.jpg
000529.jpg,http://fourcfitness.com/wordpress/wp-content/uploads/2014/06/city-challenge-contact.png
000530.jpg,https://img.newspapers.com/img/thumbnail/182926577/400/400/0_0_5088_7315.jpg
000531.jpg,https://i.dailymail.co.uk/1s/2019/07/10/18/15880596-7233407-image-m-44_1562778985157.jpg
000532.jpg,https://scontent-lhr3-1.cdninstagram.com/v/t51.2885-15/e35/52111555_2194631347421054_1101452536820660768_n.jpg?_nc_ht=scontent-lhr3-1.cdninstagram.com&oh=b5628559634b0a851101a46fe44a57c6&oe=5E004AD9&ig_cache_key=MTk5MjI5MzYwMTk4MzQ1MTYyMg%3D%3D.2
000533.jpg,https://static.wixstatic.com/media/7a76e7_8398bf080c934a0eb2d368099a3a88d2~mv2_d_3456_5184_s_4_2.jpg
000534.jpg,https://scontent-frx5-1.cdninstagram.com/vp/812e5fa2d2bdc053d1d4642125aed93a/5DF81D25/t51.2885-15/e35/68866465_138767240676972_5156234845035741129_n.jpg?_nc_ht=scontent-frx5-1.cdninstagram.com
000535.jpg,http://up5.typepad.com/6a00d8341d01b553ef01a5117877dc970c-220si
000536.jpg,https://scontent-lax3-1.cdninstagram.com/vp/47bb789c3418c15c16c0824f80d6aad4/5DD0FC2B/t51.2885-15/sh0.08/e35/c0.180.1440.1440a/s640x640/67929363_732940940460278_5030689608441017124_n.jpg?_nc_ht=scontent-lax3-1.cdninstagram.com
000537.jpg,https://dailybeautystore.com/DBS/Jan_marini/Jan_Marini_Transformation_Eye_Cream_0.5oz.jpg
000538.jpg,http://www.tradewindsfruit.com/content/images/bode-pepper.jpg
000539.jpg,http://cdn1.bigcommerce.com/server700/5mvrqhbm/products/4167/images/144550/bode-pepper2__15772.1475553491.451.395.jpg
000540.jpg,http://www.tradewindsfruit.com/content/images/black-cayman-pepper.jpg
000541.jpg,https://cdn1.bigcommerce.com/server700/5mvrqhbm/products/4397/images/144590/bode-amarillo-pepper__33781.1475553539.1280.1280.jpg
000542.jpg,https://eur.gilchristsoames.com/media/catalog/product/cache/5/image/1200x/9df78eab33525d08d6e5fb8d27136e95/b/7/b716sg090.jpg
000543.jpg,https://www.johnbeerens.com/media/catalog/product/cache/1c2e8483ad7628ba28b3895f60770e69/d/r/dryoilpinkpepperbodymist.jpg
000544.jpg,https://cdn.shopify.com/s/files/1/1933/0009/products/botkier-handbags_18H2043-TNRED_cobble-hill-square-crossbody_pepper-combo_E_720x@2x.jpg
000545.jpg,https://www.myfragrances.it/wp-content/uploads/2017/01/magg-latte.jpg
000546.jpg,https://www.apivita.com/media/catalog/product/cache/8/image/300x300/9df78eab33525d08d6e5fb8d27136e95/1/0/10-22-12-255_body_cream_rose_pepper_2.jpg
000547.jpg,http://www.erbariotoscano.eu/onlineshop/wp-content/uploads/2016/05/acque-profumate.jpg
000548.jpg,http://www.granducati.com/images/Black_Pepper_Body_Balm.jpg
000549.jpg,https://ae01.alicdn.com/kf/HTB1N9E5bh3IL1JjSZPfq6ArUVXaq/Body-Creams-Red-Pepper-Slimming-Cream-All-Natural-Weight-Loss-Fat-Burn-Burner-Slimming-Cream-Gel.jpg
000550.jpg,https://www.kofferworld.de/media/catalog/product/cache/1/image/9df78eab33525d08d6e5fb8d27136e95/f/o/fossil-damen-tasche-brooklyn-small-crossbody-chili-pepper-zb7197p.jpg
000551.jpg,https://www.thyhalo.com/pub/media/catalog/product/cache/afad95d7734d2fa6d0a8ba78597182b7/P/E/PEPPERANDMAYNE_341Green_01_4.jpg
000552.jpg,https://media1.popsugar-assets.com/files/thumbor/bBSHJMvhCURmFSKo4r0b-6sKYEk/fit-in/1200x630/filters:format_auto-!!-:strip_icc-!!-:fill-!white!-/2019/01/31/857/n/1922153/36e260b72a06f618_netimgcqUXEK/i/Goop-GDAY-Black-Pepper-Rose-Hip-Energy-Body-Oil.jpg
000553.jpg,https://www.kofferworld.de/media/catalog/product/cache/1/image/9df78eab33525d08d6e5fb8d27136e95/f/o/fossil-damen-tasche-brooklyn-small-crossbody-chili-pepper-zb7197p-1.jpg
000554.jpg,https://media2.rhapsody.fr/15910-thickbox_default/suhr-modern-pro-chili-pepper-hh-fr.jpg
000555.jpg,https://d50b62f6164e0c4a0279-11570554cb5edae3285603e6ab25c978.ssl.cf5.rackcdn.com/html_body_blocks/images/000/005/624/original/quinoa-stuffed-peppers-with-feta-02_ena6072aaebeb464ebea4fcb0bc6ce5069.jpg
000556.jpg,https://s3-eu-west-1.amazonaws.com/images.linnlive.com/5f573432a158172138a1bab210e53e2b/f0653d99-c88e-4240-bc7e-b195f2b1593a.jpg
000557.jpg,https://qumranshop.com/media/catalog/product/cache/1/image/9df78eab33525d08d6e5fb8d27136e95/a/h/ahava-deadsea-water-mineral-body-lotion-cactus-pink-pepper-250ml-bottle.jpg
000558.jpg,https://www.heldenlounge.de/out/pictures/emfleximage/530/530/heldenlounge-moltonbrown-re-chargeblackpepper-bodylotion-ec0e0ae7.jpg
000559.jpg,https://www.thyhalo.com/pub/media/catalog/product/cache/afad95d7734d2fa6d0a8ba78597182b7/P/E/PEPPERANDMAYNE_344Black_01_4.jpg
000560.jpg,https://images.tcdn.com.br/img/img_prod/390191/body_bebe_rock_the_beatles_sg_peppers_red_1208_1_20180425073529.jpg
000561.jpg,https://www.thyhalo.com/pub/media/catalog/product/cache/afad95d7734d2fa6d0a8ba78597182b7/P/E/PEPPERANDMAYNE_344Yellow_01_4.jpg
000562.jpg,https://static.pharmnet.gr/uploads/resources/28983/apivita-rose-pepper-body-massage-oil-ladi-150ml-masaz-huge.jpg
000563.jpg,https://www.thyhalo.com/pub/media/catalog/product/cache/afad95d7734d2fa6d0a8ba78597182b7/P/E/PEPPERANDMAYNE_339Burgundy_01_4.jpg
000564.jpg,http://www.erbariotoscano.eu/onlineshop/wp-content/uploads/2017/06/pepper-body-new.jpg
000565.jpg,https://www.ludwigbeck.de/media/catalog/product/cache/0ee050c3ffc3555709b9bb6062f4d7e9/1/0/102006135_4711_acqua_colonia_pink_pepper___grapefuit_bodylotion_1.jpg
000566.jpg,https://peppermynta.de/wp-content/uploads/2019/01/Peppermynta-Peppermint-Fair-Fashion-Alice-Alexander-Plus-Size-Body-Positivity-nachhaltige-Mode-groe-Gren_1-1050x700.jpg
000567.jpg,https://uk.gilchristsoames.com/media/catalog/product/cache/4/image/3000x/9df78eab33525d08d6e5fb8d27136e95/0/2/02.jpg
000568.jpg,https://www.groominglounge.com/media/catalog/product/cache/1/image/300x300/9df78eab33525d08d6e5fb8d27136e95/m/b/mb_black_pepper_body_lotion_sticker_2.jpg
000569.jpg,https://static.pepper.pl/live_pl/threads/thread_full_screen/default/114831_1.jpg
000570.jpg,https://media1.popsugar-assets.com/files/thumbor/hjjhhSR5RjzHdWs4CDeNPEDVtp8/fit-in/1024x1024/filters:format_auto-!!-:strip_icc-!!-/2019/01/31/857/n/1922153/36e260b72a06f618_netimgcqUXEK/i/Goop-GDAY-Black-Pepper-Rose-Hip-Energy-Body-Oil.jpg
000571.jpg,http://erbariotoscanousa.com/images/Erbario_Black_Pepper_Body_Balm.jpg
000572.jpg,https://i.pinimg.com/originals/e2/39/53/e23953357e271565db9172255d1648ea.jpg
000573.jpg,http://cdn.shopify.com/s/files/1/2301/3595/products/FPB3_Natural_Beauty_Patchouli__Black_Pepper_Body_Lotion_Box_Thumbnail-3_grande.jpg
000574.jpg,https://www.ludwigbeck.de/media/catalog/product/cache/common/gallery/940x/694f87bbebfc3ccd9f5b74e01e11fc66/1/0/102011091_Molton_Brown_Re-Charge_Black_Pepper_Body_Lotion_3.jpg
000575.jpg,http://cdn.shopify.com/s/files/1/2301/3595/products/FPB3_Natural_Beauty_Patchouli__Black_Pepper_Body_Lotion_Product_Pg_1_grande.jpg
000576.jpg,https://static.birchbox.com/shop/media/catalog/product/cache/1/small_image/9df78eab33525d08d6e5fb8d27136e95/m/o/moltonbrown_blackpeppercorn_bodywash_new_900x900_1_1.jpg
000577.jpg,https://finamig.se/media/catalog/product/cache/1/image/9df78eab33525d08d6e5fb8d27136e95/w/e/web__0003_black_pepper_sport-200ml-body_scrub-tube725-print.jpg
000578.jpg,https://cdn2.activeskin.com.au/media/catalog/product/cache/1/image/800x/9df78eab33525d08d6e5fb8d27136e95/a/h/ahava-deadsea-water-body-lotion-cactus-pink-pepper-250ml.jpg
000579.jpg,https://www.bigelowchemists.com/media/catalog/product/cache/562277efc53a88e46d65b1565a790034/1/6/1609_black_pepper_body_wash_800.jpg
000580.jpg,https://www.thyhalo.com/pub/media/catalog/product/cache/afad95d7734d2fa6d0a8ba78597182b7/P/E/PEPPERANDMAYNE_343Yellow_01_4.jpg
000581.jpg,https://euroconfort.pt/wp-content/uploads/2018/12/NHB038_uk_Re-Charge-Black-Pepper-Body-Lotion-300ml_image_03-e1544404864466.jpg
000582.jpg,https://c8.alamy.com/comp/R82D8T/above-view-of-roaste-pig-body-with-ecuadorian-flags-around-the-body-and-gorgeous-peppers-around-the-neck-ecuadorian-food-specialty-saquisili-market-it-is-a-popular-dish-in-ecuador-R82D8T.jpg
000583.jpg,https://www.profumeriaetoile.it/21785-thickbox/ahava-deadsea-plants-dry-oil-body-mist-cactus-pink-pepper-100ml-olio-corpo.jpg
000584.jpg,https://s-media-cache-ak0.pinimg.com/736x/41/e7/c4/41e7c47742e76fc55eb37e14a68f3de3--pepper-potts-full-body.jpg
000585.jpg,https://www.zbeshop.com/5066-thickbox_default/n-601-gentle-body-wash-fresh-black-pepper-depot-250ml.jpg
000586.jpg,https://www.ludwigbeck.de/media/catalog/product/cache/common/gallery/940x/8e17a96b61800c07fc4072fb6ccc3e9c/1/0/102011091_Molton_Brown_Re-Charge_Black_Pepper_Body_Lotion_2.jpg
000587.jpg,https://www.auracacia.com/community/images/made/fe2ca161d0ddf57e/diy-vanilla-body-butter-recipe-with-black-pepper-essential-oil-540x54065_420_470_s_c1.jpg
000588.jpg,http://modellist-id.com/wp-content/uploads/2016/06/and-relaxe.....jpg
000589.jpg,https://s.catch.com.au/images/product/0020/20393/5d96c0c0e73bd392477662.jpg
000590.jpg,https://sw1367.smartweb-static.com/upload_dir/shop/Vibrax-Hot-Pepper-UV-SilverBody-1.jpg
000591.jpg,https://www.simplysupplies.com/media/catalog/product/cache/6/image/9df78eab33525d08d6e5fb8d27136e95/b/7/b716bl40ml.jpg
000592.jpg,https://en.bcdn.biz/images/emails_source/0c036f87-4bdb-4f47-bd3e-674907fd055e.jpg
000593.jpg,https://static.birchbox.com/shop/media/catalog/product/cache/1/small_image/9df78eab33525d08d6e5fb8d27136e95/m/o/moltonbrown_blackpepperbodyscrub_900x900.jpg
000594.jpg,https://www.parfymeri.no/media/catalog/product/cache/1/image/350x/9df78eab33525d08d6e5fb8d27136e95/a/s/as_mango_black_pepper_body_suffle-small.jpg
000595.jpg,https://image2.geekbuying.com/ggo_pic/2018-03-16/ea28e9e4-5e5b-4ce0-a8b8-301f42d6c5b4.jpg
000596.jpg,https://stjamesoflondon.com/media/catalog/product/cache/1/small_image/350x350/9df78eab33525d08d6e5fb8d27136e95/b/l/black_pepper_lime_body_wash_.jpg
000597.jpg,https://image.jimcdn.com/app/cms/image/transf/dimension=683x10000:format=jpg/path/s24d4084dc3f9dfb5/image/id01dd8c652e47af5/version/1571898217/image.jpg
000598.jpg,https://www.pureluxuries.com/media/catalog/product/cache/afad95d7734d2fa6d0a8ba78597182b7/b/1/b171-lauryn-chillipeppere_0207.jpg
000599.jpg,https://www.thebeautyplace.com/media/catalog/product/cache/1/image/9df78eab33525d08d6e5fb8d27136e95/B/l/Bliss-Blood-Orange-White-Pepper-Body-Butter.jpg
000600.jpg,https://cdn.shopify.com/s/files/1/0094/2252/products/DSC_2466_aca34bac-3b9c-4e96-8c4e-35634ab68411_1024x1024.jpg
000601.jpg,https://sw1367.smartweb-static.com/upload_dir/shop/Vibrax-Hot-Pepper-UV-SilverBody-Yellow-1.jpg
000602.jpg,https://http2.mlstatic.com/red-hot-chili-peppers-body-count-suicidal-tendencie-D_NQ_NP_729815-MLB25326385655_012017-F.jpg
000603.jpg,https://sw1367.smartweb-static.com/upload_dir/shop/Vibrax-Hot-Pepper-UV-SilverBody-Blue-1.jpg
000604.jpg,https://weltbild.scene7.com/asset/vgw/body-lotion-rose-pink-pepper-118151192.jpg
000605.jpg,https://1.bp.blogspot.com/-zfbXiBP2Czw/XG3l5XYUdKI/AAAAAAAC3EU/Qlp2sRrbiF0E0W6_aJPh2IbqnxXv-lZ6ACEwYBhgL/s1600/LALINE-Vanilla-Pink-Pepper-Body-Souffle.jpg
000606.jpg,https://feelbe.com/media/catalog/product/cache/2/image/400x500/9df78eab33525d08d6e5fb8d27136e95/d/r/dry-oil-body-mist-cactus-pink-pepper.jpg
000607.jpg,https://sw1367.smartweb-static.com/upload_dir/shop/Vibrax-Hot-Pepper-UV-SilverBody-Pink.jpg
000608.jpg,https://images.tcdn.com.br/img/img_prod/390191/body_baby_rock_red_hot_chili_peppers_334_1_20170819065944.jpg
000609.jpg,https://i.pinimg.com/originals/c6/6f/ef/c66fef3779329e4973190dc98d5ccbbe.jpg
000610.jpg,https://img.banggood.com/images/oaupload/banggood/images/C2/7D/aa6df03b-328e-4b4f-aca4-c8e81daed9a7.jpg
000611.jpg,https://images.tcdn.com.br/img/img_prod/390191/babador_rock_baby_beatles_sgt_pepper_s_black_1628_1_20171008121100.jpg
000612.jpg,https://www.groominglounge.com/media/catalog/product/cache/1/small_image/400x/9df78eab33525d08d6e5fb8d27136e95/m/o/molton-brown-re-charge-black-pepper-bodyscrub-bar_mr155_xl.jpg
000613.jpg,http://my-live-02.slatic.net/p/5/laline-vanilla-pink-pepper-body-scrub-17-8oz-500g-4641-86514121-4d52a82e6e8c10dea850622e23d56c5a-zoom.jpg
000614.jpg,https://20fd661yccar325znz1e9bdl-wpengine.netdna-ssl.com/wp-content/uploads/2019/10/juvale-stainless-steel-and-glass-salt-and-pepper-shakers-salt-and-pepper-shaker.jpg
000615.jpg,https://images.tcdn.com.br/img/img_prod/390191/1331_2_20170811022859.jpg
000616.jpg,https://www.theenglishshavingcompany.com/media/catalog/product/cache/1/image/9df78eab33525d08d6e5fb8d27136e95/t/h/thistle_black_pepper_body_wash_200ml.jpg
000617.jpg,https://i.pinimg.com/originals/79/7e/f2/797ef26d318e8cdd15832b3644b9054d.jpg
000618.jpg,https://www.wendychristina.com/wp-content/uploads/2014/10/BodyLuxeRange_002.jpg
000619.jpg,https://s-media-cache-ak0.pinimg.com/736x/71/ba/69/71ba69e19a0d3a96dcb82e74ce39bfa0.jpg
000620.jpg,https://i.pinimg.com/736x/d5/4e/e7/d54ee7599c37cb85d8dd55fc6786f4fb--lemon-detox-cleanse-body-cleanse.jpg
000621.jpg,https://i.pinimg.com/originals/7d/e1/92/7de192b74586c9ab3b4f18c3789fd214.jpg
000622.jpg,https://beauty4skin.nl/media/catalog/product/cache/15/small_image/700x900/beff4985b56e3afdbeabfc89641a4582/b/e/beauty4skin.nl-ahava_deadsea_plants_water_mineral_body_lotion_cactus_pink_pepper_250ml_697045153442.jpg
000623.jpg,https://i.pinimg.com/236x/77/ba/5e/77ba5e965a18d95e4364427ce8fad08e--chiles-comic-style.jpg
000624.jpg,https://i.pinimg.com/736x/6d/00/a3/6d00a3212f5e36706a6b58ea2d1f10ef--green-bell-peppers-body-fluid.jpg
000625.jpg,https://thebodydepartment.com/wp-content/uploads/2014/04/stuffedpeppersJLD-e1391499242172.jpg
000626.jpg,http://ajyj1279j222vkyglxq8h9ms.wpengine.netdna-cdn.com/wp-content/uploads/2015/08/Ahava-Active-Deadsea-Minerals-Deadsea-Water-Mineral-Body-Lotion-Cactus-Pink-Pepper.jpg
000627.jpg,https://cdn.dermosil.io/pr/products/gallery/zoom/3597.jpg
000628.jpg,https://i.pinimg.com/736x/1a/04/76/1a0476236186f2532228e07d8323ab30--improve-blood-circulation-poor-circulation.jpg
000629.jpg,https://i.pinimg.com/originals/f3/af/0c/f3af0ca55ec5f3b502beed6b0a2c0b7e.jpg
000630.jpg,http://d2ydh70d4b5xgv.cloudfront.net/images/e/8/lot-of-3-ivr-eau-des-alpes-scented-body-mist-jasmine-rose-pepper-90df2ff391fc5ee6b25fc594d43e2923.jpg
000631.jpg,https://i.pinimg.com/736x/59/82/dc/5982dc85182486c874156426e31367c9--bath-and-body-works-bath--body.jpg
000632.jpg,https://i.pinimg.com/736x/4a/6e/53/4a6e5383b5039e2e92c130006f1b98a0--salt-n-pepper-body-parts.jpg
000633.jpg,https://s-media-cache-ak0.pinimg.com/736x/e3/00/ba/e300ba448640e53a0a46b71f70f4a935--aromatherapy-oils-yl-oils.jpg
000634.jpg,http://1.bp.blogspot.com/-czPITUqMlW4/VZwgrtWB8jI/AAAAAAAAF_s/emIDI2FBQr8/s1600/Apivita-Rose-Pepper.jpg
000635.jpg,https://s-media-cache-ak0.pinimg.com/originals/c4/72/bd/c472bda2a8e16aade1e7272ffb8d60e1.jpg
000636.jpg,https://i.pinimg.com/originals/0e/db/de/0edbdeab870834962417911fbc401863.jpg
000637.jpg,https://s-media-cache-ak0.pinimg.com/736x/d1/24/3e/d1243eea452c9a0c71ab1172ec7c484c--dr-pepper-tattoo-me.jpg
000638.jpg,https://images-na.ssl-images-amazon.com/images/I/616nshieDaL.jpg
000639.jpg,http://img.elo7.com.br/product/zoom/C74E84/body-infantil-red-hot-chili-peppers-rock-camisetas-de-rock.jpg
000640.jpg,https://s-media-cache-ak0.pinimg.com/736x/30/c3/aa/30c3aaf8093107cd9f206b7078744e02--lasagna-rolls-healthy-meals.jpg
000641.jpg,https://s-media-cache-ak0.pinimg.com/736x/e5/0e/8a/e50e8a7804a17bc13084b4284b66d01a.jpg
000642.jpg,https://i.pinimg.com/736x/37/c4/93/37c493368e9a2fb92e7d55ca08004f72--bucket-drumming-elementary-music.jpg
000643.jpg,https://ae01.alicdn.com/kf/HTB1gDxizkKWBuNjy1zjq6AOypXa3/Easehold-200W-Electric-Coffee-Grinder-Stainless-Steel-Body-Big-Capacity-for-Salt-Pepper-Grinder-Powerful-bean.jpg
000644.jpg,https://image.dhgate.com/0x0s/f2-albu-g7-M01-EC-E3-rBVaSVrunEGAZiDpAAYVQ_VVNFw310.jpg
000645.jpg,https://s-media-cache-ak0.pinimg.com/736x/25/75/7c/25757c5d5f07b4e8754a293a70b68ee8.jpg
000646.jpg,http://draxe.com/wp-content/uploads/2015/05/CayennePepperNutritionFacts.jpg
000647.jpg,https://images-na.ssl-images-amazon.com/images/I/81Ob4Lo4GKL.jpg
000648.jpg,https://cdn.shopify.com/s/files/1/2291/4479/products/1_20711ee0-5fcc-48aa-a6c6-39ae5b54c84e_1400x.jpg
000649.jpg,http://d2ydh70d4b5xgv.cloudfront.net/images/4/d/nwt-kate-spade-pepper-foster-court-crossbody-bag-a21422d95a6ef6aee63adef93954b9e7.jpg
000650.jpg,https://images-na.ssl-images-amazon.com/images/I/41OZnR-DGyL.jpg
000651.jpg,https://i.pinimg.com/originals/28/96/cb/2896cb1d715e2d0cf57d67a1451aa2de.jpg
000652.jpg,https://s-media-cache-ak0.pinimg.com/736x/ed/fd/e8/edfde863828496eb155f3ed9fac425fe.jpg
000653.jpg,https://i.pinimg.com/originals/ed/a3/35/eda335a710183746334565e669404ec9.jpg
000654.jpg,https://s-media-cache-ak0.pinimg.com/736x/77/ba/5e/77ba5e965a18d95e4364427ce8fad08e.jpg
000655.jpg,https://www.smallflower.com/prodimages/233560-DEFAULT-l.jpg
000656.jpg,https://s-media-cache-ak0.pinimg.com/736x/61/e9/ff/61e9ff5cbda8d177b1a982702a86e6aa.jpg
000657.jpg,https://i.pinimg.com/736x/b4/31/29/b4312962e20e8a4f369539f34c644f13--pepper-robot-future-technology.jpg
000658.jpg,https://s-media-cache-ak0.pinimg.com/736x/e7/9d/67/e79d67ce92dbdf2fb7f2382b8f192c22.jpg
000659.jpg,https://s-media-cache-ak0.pinimg.com/originals/41/e4/2a/41e42a4e56a714b5a1e13cc164c629f0.jpg
