image,source
000001.jpg,https://c1.hiqcdn.com/customcdn/500x500/blog/sites/default/files/images/guntur-chilli-500x500.jpg
000002.jpg,https://www.deccanherald.com/sites/dh/files/styles/article_detail/public/article_images/2016/03/08/533234.jpg?itok=GKVqTxP0
000003.jpg,http://farm2.static.flickr.com/1284/966540044_3f4d51b354.jpg
000004.jpg,https://img1.exportersindia.com/product_images/bc-full/dir_79/2361920/byadgi-dried-stemless-red-chilli-1488346258-2739188.jpeg
000005.jpg,https://2.wlimg.com/product_images/bc-full/2019/2/5659907/byadgi-dried-red-chilli-1551178198-4751076.jpeg
000006.jpg,https://i.ytimg.com/vi/XMY2yUvAACI/maxresdefault.jpg
000007.jpg,https://www.theorganickart.com/wp-content/uploads/2019/08/Byadagi-Chilli.jpg
000008.jpg,https://rukminim1.flixcart.com/image/704/704/jcatwnk0/spice-masala/h/r/q/100-byadagi-chilli-stemless-pouch-origo-fresh-whole-original-imaffgrary7xhv6n.jpeg?q=70
000009.jpg,https://www.shoppingkart24.com/image/cache/catalog/%20Kunapareddy/Byadagi2-500x660.jpg
000010.jpg,https://2.wlimg.com/product_images/bc-small/2019/3/6125354/watermark/byadgi-dabbi-chilli-1551258799-4753597.jpeg
000011.jpg,https://d37ky63zmmmzfj.cloudfront.net/production/itemimages/grocery/masalas_spices/whole_spices/looseitem_chillibyadgi_100gm.jpg
000012.jpg,http://images.jdmagicbox.com/comp/haveri/y9/9999p8375.8375.190122185813.q1y9/catalogue/a2-groups-byadgi-haveri-food-product-manufacturers-1z6wxntgho.jpg
000013.jpg,https://www.happyhealthyme.com/media/catalog/product/cache/1/image/1200x1200/9df78eab33525d08d6e5fb8d27136e95/h/h/hhm_edited-8_1.jpg
000014.jpg,http://cdn.shopify.com/s/files/1/0722/2059/products/DEVNUR-DELUXE-CHILLI_grande.jpg?v=1565428587
000015.jpg,https://tiimg.tistatic.com/fp/1/599/byadgi-chilli-296.jpg
000016.jpg,https://2.wlimg.com/product_images/bc-full/2019/1/4570084/byadgi-red-chilli-powder-1547705969-4652321.jpeg
000017.jpg,https://cdn.shopify.com/s/files/1/0245/3785/8100/products/byadgi-chilli-powder-nutrixia_food_grande.jpg?v=1568190157
000018.jpg,https://sc01.alicdn.com/kf/HTB1fhyUafvsK1Rjy0Fiq6zwtXXaJ/Wrinkled-Byadgi-Spices-Herbs-Products-Byadgi-Chilli.jpg_300x300.jpg
000019.jpg,https://imgcdn.scootsy.com/media/itemdetails/2019/Sep/byadgi_chilli_powder_1568014961_600x600.jpg
000020.jpg,https://cdn.shopify.com/s/files/1/0999/8746/products/byadgi_1024x1024.jpg?v=1454165787
000021.jpg,http://www.jjpatil.com/images/byadgi.png
000022.jpg,https://upload.wikimedia.org/wikipedia/commons/thumb/9/9c/India_Karnataka_location_map.svg/250px-India_Karnataka_location_map.svg.png
000023.jpg,https://cpimg.tistatic.com/04615889/b/5/Byadgi-Chilli-with-Stem.jpg
000024.jpg,https://pramoda.co.in/wp-content/uploads/2018/12/Chili-powder-324x324.jpg
000025.jpg,https://2.imimg.com/data2/TF/QG/MY-1982656/stemless-byadgi-chili-250x250.jpg
000026.jpg,https://www.bstspices.com/assets/images/byadgi-2043-600x375-600x375.png
000027.jpg,https://c1.hiqcdn.com/customcdn/500x500/blog/sites/default/files/images/Byadagi-chilli.jpg
000028.jpg,https://www.buyitdaily.com/admin/uploads/products/4483/1516467715_Suhana_Byadgi_Chilli_Powder_200gm.jpg
000029.jpg,http://www.nsnaturals.com/images/spices_NimSim_dry-red-chilli-&-chilli-powder_refC05176fs3wm010407f01.jpg
000030.jpg,https://cdn.grofers.com/app/images/products/full_screen/pro_325048.jpg
000031.jpg,https://s3-us-west-2.amazonaws.com/www.gethomesome.com/productimages/spice-dried-red-chili-whole-byadgi-udupi.jpg
000032.jpg,https://img.scoop.it/XWaN1sYyHnWAzfC1Q4_8QDl72eJkfbmt4t8yenImKBVvK0kTmF0xjctABnaLJIm9
000033.jpg,https://www.kaushikagriexports.com/webupload/original/gallery/1531294052Byadgi%20Dried%20Red%20Chilli.jpg
000034.jpg,http://oleoresins.melbia.com/wp-content/uploads/2015/10/Byadgi-CHilli-Solvent-Acetone-HExane-EthyleneDichloride-1-1280x720.jpg
000035.jpg,http://www.bdpatil.in/assets/images/food/chilli%20powder%203.JPG
000036.jpg,https://pubgo4imgs.s3-accelerate.amazonaws.com/co/rewineagrofood/images/cropped/51.jpg
000037.jpg,https://ctshop.in/wp-content/uploads/2019/04/chilli_powder-bydgi.jpg
000038.jpg,https://www.triedandsupplied.com/saucydressings/wp-content/uploads/2017/03/red-colour-byadgi-chilli-chicken-curry.jpg
000039.jpg,https://urbanplatter.in/wp-content/uploads/2019/01/9205-06.jpg
000040.jpg,https://d3tfnts8u422oi.cloudfront.net/386x386/antara-boral14975369085942998b56885.jpg
000041.jpg,https://tiimg.tistatic.com/fp/1/006/167/byadgi-dry-red-chilli-499.jpg
000042.jpg,https://images-na.ssl-images-amazon.com/images/I/81s0%2BzNzN2L._SY606_.jpg
000043.jpg,https://image.slidesharecdn.com/byadgichillies-140302123800-phpapp01/95/byadgi-chillies-know-more-about-chilliiii-1-638.jpg?cb=1393764109
000044.jpg,https://img2.exportersindia.com/product_images/bc-full/dir_105/3144386/byadgi-chilli-1499769179-3121086.jpeg
000045.jpg,http://zigmamasala.com/wp-content/uploads/2019/06/4-1.jpg
000046.jpg,https://tiimg.tistatic.com/fp/thumb/4/003/653/hybrid-byadgi-chilli-150.jpg
000047.jpg,https://www.authenticook.com/images/blog/byadgi-chillies.jpg
000048.jpg,https://urbanplatter.in/wp-content/uploads/2019/01/9206-03.jpg
000049.jpg,https://www.bigbasket.com/media/uploads/p/l/40077462_1-nandi-powder-byadgi-chilli-super-fine.jpg
000050.jpg,https://www.ideamasale.com/wp-content/uploads/2017/08/byadgi-mirch.jpg
000051.jpg,http://www.indikal.net/img/projects/product/whole/byadgi-1.jpg
000052.jpg,https://pramoda.co.in/wp-content/uploads/2018/11/S10-324x324.jpg
000053.jpg,https://img.etimg.com/thumb/msid-8190334,width-643,imgsize-15097,resizemode-4/indian-chilli-displacing-jalapenos-in-global-cuisine.jpg
000054.jpg,https://i.pinimg.com/originals/c8/e2/a7/c8e2a7deb83da3530961be0c3a495c98.jpg
000055.jpg,https://img.etimg.com/thumb/width-400,height-300,msid-18374495,imgsize-/byadagi-chilli-loses-to-china-competition.jpg
000056.jpg,https://sc01.alicdn.com/kf/UTB8.ek1AqrFXKJk43Ovq6ybnpXax/Byadgi-chili.jpg_300x300.jpg
000057.jpg,https://pbs.twimg.com/media/Dm0Wl1uUwAA5JKS.jpg
000058.jpg,https://cdn.shopclues.com/images1/thumbnails/91560/320/320/140433202-91560247-1535211984.jpg
000059.jpg,http://2.bp.blogspot.com/-4_3_SBjbX8U/T1y5PlX-L2I/AAAAAAAABBs/Onov6iqVsgA/s1600/CIMG3901-1.JPG
000060.jpg,https://c1.hiqcdn.com/customcdn/500x500/blog/sites/default/files/images/kashmiri%20chilly.JPG
000061.jpg,https://5.imimg.com/data5/OA/YD/MY-45604799/byadgi-red-dry-chilli-500x500.jpg
000062.jpg,https://rukminim1.flixcart.com/image/352/352/jyxaw7k0/fmcg-combo/j/5/a/green-chili-thecha-100gm-lime-pickle-200gm-pack-of-4-combo-of-4-original-imafj258h2mxhth2.jpeg?q=70
000063.jpg,https://2.wlimg.com/product_images/bc-small/2019/1/2155789/byadgi-dried-stemless-chilli-1546863382-4627755.png
000064.jpg,https://prokcssmedia.blob.core.windows.net/sys-master-images/h74/h74/9068020629534/shrih-dry-red-chilli-byadgi-stemless-jpg
000065.jpg,https://www.agrifarming.in/wp-content/uploads/2015/03/Chilli-growing-areas-in-India..jpg
000066.jpg,https://organicgroceryusa.com/media/catalog/product/cache/1/image/9df78eab33525d08d6e5fb8d27136e95/d/e/deli-spices-byadgi-chilli-powder.jpeg
000067.jpg,https://content3.jdmagicbox.com/comp/haveri/e1/9999p8375.8375.140427112644.c7e1/catalogue/red-hot-agencies-byadgi-haveri-ypxlkfdpvy-250.jpg
000068.jpg,https://www.bstspices.com/assets/images/byadgi-355-600x375.png
000069.jpg,https://tiimg.tistatic.com/fp/1/001/816/stemless-byadgi-chilli-489.jpg
000070.jpg,https://www.ideamasale.com/wp-content/uploads/2019/01/red_chilli_masala_2-300x354.png
000071.jpg,https://i.ytimg.com/vi/6Z7sG3UrnCM/maxresdefault.jpg
000072.jpg,https://img2.exportersindia.com/product_images/bc-full/dir_120/3590994/super-quality-byadgi-chilli-2259354.jpeg
000073.jpg,https://www.delightfoods.com/media/catalog/product/cache/1/image/1100x1100/9df78eab33525d08d6e5fb8d27136e95/i/m/img_0246_1__1.jpg
000074.jpg,https://cdn.shopify.com/s/files/1/2730/7256/products/image_a65d32b6-138e-4408-b41e-159f9dc159a4_300x300.jpg?v=1548367188
000075.jpg,https://www.sparindia.com/medias/100036665.jpg?context=bWFzdGVyfGltYWdlc3wzNTA3MDF8aW1hZ2UvanBlZ3xpbWFnZXMvaDEwL2hkZi84ODEzNDAwNTIyNzgyLmpwZ3w5Njg1NGYzYjhhZTVjMmVjNTBmZjBmODNjOTJmZWU1NDhmNTA1OWVkNzk1ZTM1NGFhY2JiM2NjNjJiNWE4NjUz
000076.jpg,http://cdn.shopify.com/s/files/1/0918/9504/products/bangdi_mirch_grande.PNG?v=1436622733
000077.jpg,https://urbanplatter.in/wp-content/uploads/2019/01/9206-01-Byadgi-Chilly-Powder-1kg.jpg
000078.jpg,https://assets.seniority.in/media/catalog/product/cache/2cc7abe41c0db2074d6ffa0f3148f8f2/c/h/chilly_powder_byadgi_200gm_-_200_gm_each_pack_of_3_sen375-sat0089_2_.jpg
000079.jpg,http://oleoresins.melbia.com/wp-content/uploads/2015/10/Acetone.jpg
000080.jpg,https://image.slidesharecdn.com/byadgichillies-140302123800-phpapp01/95/byadgi-chillies-know-more-about-chilliiii-3-638.jpg?cb=1393764109
000081.jpg,http://towndirect.in/xcart44/images/P/picture_1786-01.jpg
000082.jpg,https://cpimg.tistatic.com/04363260/b/4/Byadgi-Chillies.jpg
000083.jpg,http://www.flavourmagazine.com/wp-content/uploads/prawn-byadgi.jpg
000084.jpg,http://drillprointernational.com/food/wp-content/uploads/2016/09/Byadgi-Chilli.jpg
000085.jpg,https://img.diytrade.com/smimg/2446310/48130532-10146504-0/byadgi_chill/b40c.jpg
000086.jpg,https://assetscdn1.paytm.com/images/catalog/product/F/FA/FASBB-ROYAL-BYABIGB985832F5B5D2FD/1566822963791_0..jpg?imwidth=320&impolicy=hq
000087.jpg,https://cdn.shopify.com/s/files/1/2730/7256/products/imagejpg_38431755-64a3-4679-8714-09ef2c3c505c_300x300.jpg?v=1556572426
000088.jpg,http://ompk.biz/wp-content/uploads/2017/05/Pure-Byadgi-chilly-Powder-Khatu-50-grm-1.jpg
000089.jpg,https://i1.rgstatic.net/publication/328477751_Evaluation_of_different_IPM_modules_against_pest_complex_of_Chilli_cv_Byadgi_dabbi/links/5bd049a792851c1816bcd8ca/largepreview.png
000090.jpg,https://images-na.ssl-images-amazon.com/images/I/71Ht2MqtBNL._SL1500_.jpg
000091.jpg,http://i6.wikimapia.org/?x=23254&y=15033&zoom=15&type=map&lng=0
000092.jpg,http://srexports.co.in/wp-content/uploads/2019/06/red-chilli-with-stem.jpg
000093.jpg,https://4.imimg.com/data4/TF/XK/MY-22663875/fully-wrinkled-byadgi-red-chili-250x250.jpg
000094.jpg,https://cpimg.tistatic.com/05077545/s/4/Byadgi-Chilli-Powder.jpg
000095.jpg,https://cdn.shopify.com/s/files/1/0032/2817/2352/products/Amazon_3_grande_8acb47f4-7953-4d4a-b879-92e8f2bb28dd_1024x1024@2x.jpg?v=1554575968
000096.jpg,https://2.bp.blogspot.com/-58SRSXN_idQ/UdRREKxbLiI/AAAAAAAADA8/y9Lbk7HkHp0/s1600/1.jpg
000097.jpg,http://images-nitrosell-com.akamaized.net/product_images/18/4273/large-swad%20byadgi%20whole%20chilli%20200gm.jpg
000098.jpg,https://scontent-ort2-2.cdninstagram.com/v/t51.2885-15/e35/s240x240/66111552_434547223810944_7069597704006501674_n.jpg?_nc_ht=scontent-ort2-2.cdninstagram.com&oh=32dfa65701fb06270dcace023bd1db4e&oe=5E13587A&ig_cache_key=MjEwNjcwMTU4NDYyMTA2MzcyMQ%3D%3D.2
000099.jpg,https://www.sprig.co.in/media/catalog/product/cache/image/700x560/a6ac97c1f8e731a4e6583c4bf351d3dc/r/o/roasted_chilli_oil.jpg
000100.jpg,https://th.thgim.com/migration_catalog/article10510111.ece/alternates/FREE_660/03mn_BYAHIHI-W0+04MNCHILLI.jpg.jpg
000101.jpg,https://im1.dineout.co.in/images/uploads/restaurant/sharpen/6/l/y/m645-15565202645cc69d4806dbf.jpg?tr=tr:n-xlarge
000102.jpg,https://cdn.shopify.com/s/files/1/1277/7389/products/051179315877_fe8dd3b8-7490-44e7-a2ad-64c465152b45_large.jpg?v=1494971473
000103.jpg,https://content3.jdmagicbox.com/comp/haveri/p1/9999p8375.8375.110520170325.e5p1/catalogue/nadaf-traders-byadgi-haveri-red-chilli-wholesalers-iy0ie.jpg
000104.jpg,https://cpimg.tistatic.com/05308183/b/4/Red-Chilli.jpg
000105.jpg,http://1.bp.blogspot.com/_NNUQlNxrCKU/TGdG3i4l06I/AAAAAAAAHXE/1CYmx_ufPgA/s1600/Record+006.jpg
000106.jpg,https://pramoda.co.in/wp-content/uploads/2018/12/Wrinkled-273-324x324.jpg
000107.jpg,https://img3.exportersindia.com/product_images/bc-full/dir_95/2839307/byadgi-dry-red-chilli-980097.jpg
000108.jpg,https://punenightlife.files.wordpress.com/2018/07/img_7310-01.jpeg?w=720
000109.jpg,https://c1.hiqcdn.com/customcdn/500x500/blog/sites/default/files/images/Kanthari%20Chilli-%20Kerala.jpg
000110.jpg,https://cdn.shopclues.com/images1/thumbnails/91560/640/1/140433202-91560248-1535211985.jpg
000111.jpg,https://d37ky63zmmmzfj.cloudfront.net/production/itemimages/grocery/masalas_spices/powdered_spices/suhana_byadgichillipowder_200gm.jpg
000112.jpg,http://static1.squarespace.com/static/5c82dbac7046804f6e3da113/5c82e15fb208fc49844969b9/5c9a71eefa0d60568eae3a2f/1560526505320/?format=1500w
000113.jpg,http://cdn.shopify.com/s/files/1/0032/2817/2352/products/Amazon_1_grande_0b09f659-95a1-4d2f-9c12-5095842d92d6_1200x1200.jpg?v=1554575968
000114.jpg,https://sc01.alicdn.com/kf/UTB86YoIqHPJXKJkSafSq6yqUXXaS/Best-Guntur-stemless-Byadgi-chilli-to-Tuticorin.jpg_300x300.jpg
000115.jpg,https://urbanplatter.in/wp-content/uploads/2018/11/9205-01-Byadgi-Chilly-Powder-500g.jpg
000116.jpg,https://i1.rgstatic.net/publication/321164876_Molecular_Identification_and_Characterization_of_Virus_Associated_with_Murda_Complex_Disease_in_Chilli_Cv_Byadgi_Dabbi/links/5af18eabaca272bf4255bee9/largepreview.png
000117.jpg,http://www.dryredchilli.in/wp-content/uploads/2016/11/dried-chilli-suppliers-in-guntur.jpg
000118.jpg,https://punenightlife.files.wordpress.com/2018/07/img_7317-01.jpeg?w=720
000119.jpg,https://images-na.ssl-images-amazon.com/images/I/91%2BKTOYI6EL._SL1500_.jpg
000120.jpg,https://cdn.shopify.com/s/files/1/2077/0087/products/91N5xHOFesL._SL1500_1600x1600.jpg?v=1533131117
000121.jpg,https://i.ytimg.com/vi/f1YRamfHaK8/maxresdefault.jpg
000122.jpg,http://www.pravardhanimpex.com/images/byadagi1.png
000123.jpg,http://www.indikal.net/img/projects/product/whole/byadgi.jpg
000124.jpg,https://rukminim1.flixcart.com/image/704/704/juwzf680/spice-masala/x/n/n/100-kashmiri-chilli-whole-byadgi-chilli-kashmiri-mirch-sabut-original-imafftpsdyehzeen.jpeg?q=70
000125.jpg,https://tiimg.tistatic.com/fp/1/003/653/byadgi-chilli-138.jpg
000126.jpg,https://content3.jdmagicbox.com/comp/haveri/r8/9999p8375.8375.120921152839.g1r8/catalogue/r-s-melgiri-and-company-byadgi-haveri-red-chilli-wholesalers-nuicjtnrfx.jpg
000127.jpg,https://0.academia-photos.com/attachment_thumbnails/44116530/mini_magick20190215-22357-amlbos.png?1550221518
000128.jpg,https://www.bigbasket.com/media/uploads/p/m/40176285-3_1-ssk-stemless-byadgi-chilli-powder-dandi-cut.jpg
000129.jpg,https://3.imimg.com/data3/VL/WA/MY-6436334/byadgi-668-dry-red-chilly-500x500.jpg
000130.jpg,https://im1.dineout.co.in/images/uploads/restaurant/sharpen/4/o/a/m49069-15646425085d428ccc19852.jpg?w=400
000131.jpg,https://www.researchgate.net/profile/Sadashiv_Nadukeri/publication/326031980/figure/tbl2/AS:652219150004224@1532512571381/Per-cent-discoloured-fruits-of-bydagi-chilli-dabbi-as-influenced-by-intercropping-N.png
000132.jpg,http://www.dryredchilli.in/wp-content/uploads/2016/11/guntur-chilli-suppliers.jpg
000133.jpg,https://thebellyrulesthemind.net/wp-content/uploads/2018/10/81fmLbcZuLL._SY606_-200x200.jpg
000134.jpg,https://img3.exportersindia.com/product_images/bc-full/dir_174/5214539/premium-byadgi-dry-red-chilli-1508995711-3417050.jpeg
000135.jpg,https://sc02.alicdn.com/kf/HTB1xWpOmZnI8KJjSspeq6AwIpXaE/Mild-Red-Chilli-Raw-Byadgi-Chili-1000.jpg_300x300.jpg
000136.jpg,https://image.slidesharecdn.com/byadgichillies-140302123800-phpapp01/95/byadgi-chillies-know-more-about-chilliiii-4-638.jpg?cb=1393764109
000137.jpg,https://static.eazydiner.com/eazymedia/restaurant%2F612375%2Fmenu%2Fmenu71558004925548.jpg
000138.jpg,https://image2.owler.com/7075466-1465661523442.png
000139.jpg,https://urbanplatter.in/wp-content/uploads/2019/01/9205-07.jpg
000140.jpg,https://image3.mouthshut.com/images/Restaurant/Menu/SET-Z-Vasant-Kunj-Delhi-64933_95721.jpg
000141.jpg,https://i.pinimg.com/originals/44/eb/34/44eb345dc35cf329ea0a12be2a3f2dd6.jpg
000142.jpg,https://images-na.ssl-images-amazon.com/images/I/71LX4Vhu-SL._SL1500_.jpg
000143.jpg,http://sc01.alicdn.com/kf/HTB1ZOofasnrK1RkHFrdq6xCoFXaY/Chinese-Red-Dried-Pepper-Byadgi-Chillies-668.jpg
000144.jpg,https://cpimg.tistatic.com/03958076/b/4/Byadgi-Chilli-Powder.jpg
000145.jpg,https://image2.owler.com/7075466-1449713513719.png
000146.jpg,https://c1.hiqcdn.com/customcdn/500x500/blog/sites/default/files/images/Jwala-chilli.jpg
000147.jpg,https://4.imimg.com/data4/AR/TK/MY-22663875/byadgi-stemless-red-chillies-500x500.jpg
000148.jpg,https://rukminim1.flixcart.com/image/704/704/jsaocy80/spice-masala/p/y/u/200-chilli-powder-bydagi-pouch-bombay-masala-company-powder-original-imafdvbyqfwgssqh.jpeg?q=70
000149.jpg,https://sc01.alicdn.com/kf/UTB8NmdsDXfFXKJk43Otq6xIPFXa2/BYADGI-RED-CHILLI.jpg
000150.jpg,http://www.dryredchilli.in/wp-content/uploads/2016/11/dry-red-chilli-suppliers-in-guntur.jpg
000151.jpg,http://www.pravardhanimpex.com/images/logo.png
000152.jpg,https://1.bp.blogspot.com/-sWasP-Agxno/XbNIillZjTI/AAAAAAAANl8/2etkwLL_fpUSFZEfeiaao1ZvvqtxGGuwQCNcBGAsYHQ/s320/20191023_163732.jpg
000153.jpg,https://im1.dineout.co.in/images/uploads/restaurant/sharpen/3/j/z/m3074-14281746355520372bebb38.jpg?tr=tr:n-xlarge
000154.jpg,https://content3.jdmagicbox.com/comp/haveri/y9/9999p8375.8375.190122185813.q1y9/catalogue/a2-groups-byadgi-haveri-food-product-manufacturers-jsv7nmhi66.jpg
000155.jpg,https://www.bigbasket.com/media/uploads/p/l/800000526_2-dakshins-spicy-cloud-powder-byadagi-chilli.jpg
000156.jpg,https://image.slidesharecdn.com/byadgichillies-140302123800-phpapp01/95/byadgi-chillies-know-more-about-chilliiii-6-638.jpg?cb=1393764109
000157.jpg,https://tiimg.tistatic.com/fp/1/005/118/top-grade-byadgi-dried-chilli-785.jpg
000158.jpg,https://i.ytimg.com/vi/lkljeugfJIg/hqdefault.jpg
000159.jpg,https://img1.exportersindia.com/product_images/bc-full/dir_115/3448052/byadgi-red-chilli-1480314851-2565357.jpeg
000160.jpg,https://images-na.ssl-images-amazon.com/images/I/61rbNzPwJLL._SX522_.jpg
000161.jpg,https://sc01.alicdn.com/kf/UTB81WUjHiDEXKJk43Oqq6Az3XXae/Top-Quality-Byadgi-Dry-Red-Chilli-Suppliers.jpg_350x350.jpg
000162.jpg,https://urbanplatter.in/wp-content/uploads/2019/01/9206-06.jpg
000163.jpg,https://content3.jdmagicbox.com/comp/haveri/p1/9999p8375.8375.110520170325.e5p1/catalogue/nadaf-traders-byadgi-haveri-red-chilli-wholesalers-duygd.jpg
000164.jpg,https://5.imimg.com/data5/AL/QI/MY-9053245/chili-500x500.png
000165.jpg,http://www.dryredchilli.in/wp-content/uploads/2016/11/Guntur-dry-red-chillies.jpg
000166.jpg,https://im1.dineout.co.in/images/uploads/restaurant/sharpen/9/v/m/m9230-15373476685ba21054c2f34.jpg?tr=tr:n-xlarge
000167.jpg,https://3.bp.blogspot.com/-Jx13qEjVa20/XE69yJE7GJI/AAAAAAAAJX4/JqZuzjdLGsc3HHQX3lyHrxHoFx2k4otpgCLcBGAs/w1200-h630-p-k-no-nu/Byadgi_Red_Chilli.jpg
000168.jpg,http://sc01.alicdn.com/kf/UTB8bUypPVfFXKJk43Otq6xIPFXaJ/Byadgi-Chilly-for-Malaysia-market.jpg
000169.jpg,https://urbanplatter.in/wp-content/uploads/2019/01/9206-02.jpg
000170.jpg,https://tiimg.tistatic.com/fp/1/001/320/byadgi-red-chilies-546.jpg
000171.jpg,https://images-na.ssl-images-amazon.com/images/I/71xnBewFK7L._SX679_.jpg
000172.jpg,https://rukminim1.flixcart.com/image/612/612/jamtevk0/spice-masala/v/z/7/200-byadgi-chilli-stemless-pouch-hyper-fresh-whole-original-imafy63ezg7kjpgq.jpeg?q=70
000173.jpg,https://5.imimg.com/data5/OW/OC/MY-21448082/duplicate-byadgi-500x500.png
000174.jpg,https://img2.exportersindia.com/product_images/bc-full/dir_83/2482835/red-chilli-byadgi-1954261.jpg
000175.jpg,https://i.pinimg.com/originals/25/71/45/257145bc4b06ac5f85949235dc11c2fc.jpg
000176.jpg,https://sc02.alicdn.com/kf/HTB1nVVIX2fsK1RjSszbq6AqBXXaz/Optimum-Quality-Natural-Byadgi-Red-Chilli-for.jpg_300x300.jpg
000177.jpg,https://pbs.twimg.com/media/Dm0Wp77UUAAVv9n.jpg
000178.jpg,https://img1.exportersindia.com/product_images/bc-small/2018/12/4547761/whatsapp-image-2018-12-08-at-11-23-30-am--1544266214.jpeg
000179.jpg,http://sc01.alicdn.com/kf/UTB8cWnKipPJXKJkSahVq6xyzFXaW/Byadgi-Chilli.jpg_300x300.jpg
000180.jpg,https://images-na.ssl-images-amazon.com/images/I/61B7P4jNBgL._SX679_.jpg
000181.jpg,https://urbanplatter.in/wp-content/uploads/2019/01/9206-04.jpg
000182.jpg,http://images.jdmagicbox.com/comp/haveri/s8/9999p8375.8375.110206073910.d9s8/catalogue/karnataka-spices-pvt-ltd-haveri-pgqt5.jpg
000183.jpg,https://image.slidesharecdn.com/byadgichillies-140302123800-phpapp01/95/byadgi-chillies-know-more-about-chilliiii-7-638.jpg?cb=1393764109
000184.jpg,https://tiimg.tistatic.com/fp/1/005/118/byadgi-red-dry-chilli-764.jpg
000185.jpg,https://content3.jdmagicbox.com/comp/haveri/y9/9999p8375.8375.190122185813.q1y9/catalogue/a2-groups-byadgi-haveri-food-product-manufacturers-xwzf0v6gke.jpg
000186.jpg,https://5.imimg.com/data5/HG/UL/MY-1524452/dabbi-byadgi-dry-red-chilly-500x500.jpg
000187.jpg,https://pbs.twimg.com/media/Dm0Wo8JV4AA8WYB.jpg
000188.jpg,https://img3.exportersindia.com/product_images/bc-full/dir_15/420968/rallies-byadgi-dry-red-chilli-1580854.jpg
000189.jpg,https://sc01.alicdn.com/kf/HTB1qGyQBGSWBuNjSsrbq6y0mVXaz/red-chilli-whole-stemless-types-chillies-byadgi.jpg
000190.jpg,https://tiimg.tistatic.com/fp/1/003/410/byadgi-dry-red-chilli-678.jpg
000191.jpg,https://images-na.ssl-images-amazon.com/images/I/81MGEuEj2wL._SL1500_.jpg
000192.jpg,https://tiimg.tistatic.com/fp/1/001/816/byadgi-wrinkled-chilli-483.jpg
000193.jpg,https://sc01.alicdn.com/kf/UTB8W.cUAyDEXKJk43Oqq6Az3XXaG/Byadgi-chili.jpg_300x300.jpg
000194.jpg,https://img1.exportersindia.com/product_images/bc-full/2019/9/6414731/dried-red-chilli-powder-1568116332-5074518.jpeg
000195.jpg,https://pbs.twimg.com/media/Dm0WqweU0AATFqY.jpg
000196.jpg,https://5.imimg.com/data5/CV/BM/MY-10604844/red-chilli-byadgi-500x500.png
000197.jpg,https://sc01.alicdn.com/kf/UTB8zUTjurPJXKJkSafSq6yqUXXaZ/Indian-Fresh-Byadgi-Chilli-for-Nepal.jpg_350x350.jpg
000198.jpg,http://images.jdmagicbox.com/comp/haveri/p1/9999p8375.8375.110520170325.e5p1/catalogue/nadaf-traders-byadgi-haveri-red-chilli-wholesalers-v6slz.jpg
000199.jpg,https://urbanplatter.in/wp-content/uploads/2019/01/9205-02.jpg
000200.jpg,http://images.jdmagicbox.com/comp/solapur/i3/9999px217.x217.140115191732.n9i3/catalogue/rashid-mirchi-masala-solapur-ho-solapur-red-chilli-wholesalers-olmmmw0.jpg
000201.jpg,https://images-na.ssl-images-amazon.com/images/I/719fSaTX3RL._SL1500_.jpg
000202.jpg,https://cpimg.tistatic.com/05609756/b/4/Whole-Byadgi-Chilli.png
000203.jpg,https://images-na.ssl-images-amazon.com/images/I/71r0vpNneqL._SX569_.jpg
000204.jpg,https://5.imimg.com/data5/PI/US/SE/SELLER-14621244/byadgi-chillies-500x500.JPG
000205.jpg,https://sc02.alicdn.com/kf/HTB1FMr7asfrK1RkSmLyq6xGApXag/Guntur-Byadgi-Dry-Red-Chilli-Suppliers.jpg
000206.jpg,https://img1.exportersindia.com/product_images/bc-full/2018/10/3738681/byadgi-stemless-chillies-1539236090-4379471.jpeg
000207.jpg,https://tiimg.tistatic.com/fp/1/004/325/local-byadgi-red-chilli-531.jpg
000208.jpg,https://content3.jdmagicbox.com/comp/haveri/y9/9999p8375.8375.190122185813.q1y9/catalogue/a2-groups-byadgi-haveri-food-product-manufacturers-xwsf3xnbuz.jpg
000209.jpg,https://4.imimg.com/data4/RT/DE/ANDROID-46658925/product-500x500.jpeg
000210.jpg,https://images-na.ssl-images-amazon.com/images/I/51lD-kxA0eL._AC_SY700_.jpg
000211.jpg,https://content3.jdmagicbox.com/comp/haveri/p1/9999p8375.8375.110520170325.e5p1/catalogue/nadaf-traders-byadgi-haveri-red-chilli-wholesalers-iy0ie-250.jpg
000212.jpg,https://img3.exportersindia.com/product_images/bc-full/dir_96/2875009/byadgi-chillies-1017899.jpg
000213.jpg,https://2.imimg.com/data2/DK/XS/MY-4275305/byadgi-chilli-250x250.jpg
000214.jpg,https://img3.exportersindia.com/product_images/bc-full/dir_113/3384597/dried-byadgi-red-chilli-1478079234-2522664.jpeg
000215.jpg,https://sc01.alicdn.com/kf/UT8Pbi7XjJbXXagOFbXc/105545793/UT8Pbi7XjJbXXagOFbXc.jpg
000216.jpg,https://tiimg.tistatic.com/fp/1/004/143/byadgi-red-chilli-powder-678.jpg
000217.jpg,https://sc02.alicdn.com/kf/UTB8Ty2BgmbIXKJkSaefq6yasXXaF/Byadgi-chili.jpg_300x300.jpg
000218.jpg,https://images-na.ssl-images-amazon.com/images/I/91sTnPSKxGL._SX679_.jpg
000219.jpg,https://img3.exportersindia.com/product_images/bc-full/dir_15/420968/byadgi-kdl-chilly-powder-58702.jpg
000220.jpg,https://5.imimg.com/data5/FR/NG/MY-26116234/byadgi-chilli-powder-500x500.jpg
000221.jpg,https://tiimg.tistatic.com/fp/thumb/4/004/701/byadgi-chilli-533.jpg
000222.jpg,https://images-na.ssl-images-amazon.com/images/I/91i4VSOyVXL._SX355_.jpg
000223.jpg,https://3.imimg.com/data3/FX/SX/MY-10842233/byadgi-chilli-from-india-500x500.jpg
000224.jpg,https://sc01.alicdn.com/kf/UTB8PhmRJwQydeJk43PUq6AyQpXaH/Red-Hot-Byadgi-Sannam-S-4-etc.jpg_300x300.jpg
000225.jpg,https://cpimg.tistatic.com/05496165/b/4/Byadgi-Stem-668-Chilli.jpg
000226.jpg,https://sc02.alicdn.com/kf/UTB88mLri__IXKJkSalUq6yBzVXaY/BUY-BULK-BYADGI-DRIED-RED-CHILLIES.jpg_300x300.jpg
000227.jpg,https://images-na.ssl-images-amazon.com/images/I/91gHYxA7CuL._SY550_.jpg
000228.jpg,https://5.imimg.com/data5/JL/AN/MY-20681258/byadgi-chilli-250x250.jpg
000229.jpg,https://content3.jdmagicbox.com/comp/haveri/r8/9999p8375.8375.120921152839.g1r8/catalogue/r-s-melgiri-and-company-byadgi-haveri-chilli-powder-exporters-7dsxthesku.jpg
000230.jpg,http://images.jdmagicbox.com/comp/haveri/f1/9999p8375.8375.140429105533.d1f1/catalogue/sri-nanda-traders-byadgi-haveri-red-chilli-wholesalers-5ekim.jpeg
000231.jpg,https://sc01.alicdn.com/kf/HTB1k63aayLrK1Rjy1zdq6ynnpXae/Guntur-Byadgi-Dry-Red-Chilli-Suppliers.jpg
000232.jpg,https://img1.exportersindia.com/final_catg_image/188361-1.jpg
000233.jpg,https://cpimg.tistatic.com/03648452/b/4/Byadgi-Chilli-With-Stem.jpg
000234.jpg,http://images.jdmagicbox.com/comp/def_content/spice-retailers/shutterstock-88404922-spice-retailers-7-wuw1w.jpg
000235.jpg,https://img1.exportersindia.com/product_images/bc-full/dir_173/5164270/watermark/dani-red-chilli-powder-1503464580-3239913.jpeg
000236.jpg,https://img1.exportersindia.com/product_images/bc-small/2018/9/5890343/byadgi-chilli-1537178058-4310525.jpeg
000237.jpg,https://4.imimg.com/data4/RN/AT/MY-12304186/byadgi-chilli-powder-500x500.jpg
000238.jpg,https://content.jdmagicbox.com/comp/haveri/y6/9999p8375.8375.180116201508.d2y6/catalogue/shri-manjunath-enterprises-byadgi-haveri-chilli-powder-exporters-05ahyazft7.jpg
000239.jpg,https://4.imimg.com/data4/LH/DQ/FUSIONB-16012009/prod-image-500x500.jpg
000240.jpg,https://tiimg.tistatic.com/fp/1/001/329/byadgi-chilli-848.jpg
000241.jpg,https://sc01.alicdn.com/kf/UT8XpvmXIFaXXagOFbXe/Best-Quality-Byadgi-steamless-Red-chillies.jpg
000242.jpg,https://sc02.alicdn.com/kf/ULB8up.4s1vJXKJkSajhq6A7aFXap/Byadgi-Dry-Red-Chilli.jpg_300x300.jpg
000243.jpg,https://content3.jdmagicbox.com/comp/haveri/y9/9999p8375.8375.190122185813.q1y9/catalogue/a2-groups-byadgi-haveri-food-product-manufacturers-077alioopp.jpg
000244.jpg,https://3.imimg.com/data3/UF/NO/MY-10309866/a-sannam-chilli-b-byadgi-chilli-500x500.jpg
000245.jpg,https://img3.exportersindia.com/product_images/bc-small/dir_15/420968/stemless-kdl-byadgi-chilli-1584891.jpg
000246.jpg,https://images.jdmagicbox.com/comp/bangalore/h7/080pxx80.xx80.181205130807.e6h7/catalogue/g-k-enterprises-bangalore-gcn6dmgn3b.jpg
000247.jpg,https://tiimg.tistatic.com/fp/1/004/542/byadgi-kdl-chilli-361.jpg
000248.jpg,https://sc01.alicdn.com/kf/UTB8.BUBN9nEXKJk43Ubq6zLppXaA/Byadgi-Dry-Red-Chilli.jpg_300x300.jpg
000249.jpg,https://tiimg.tistatic.com/fp/1/005/254/byadagi-dry-red-chilli-963.jpg
000250.jpg,http://sc01.alicdn.com/kf/UTB8z.tTFSnEXKJk43Ubq6zLppXaz/104458325/UTB8z.tTFSnEXKJk43Ubq6zLppXaz.jpg
000251.jpg,https://img2.exportersindia.com/product_images/bc-small/dir_120/3590994/byadgi-red-chillies-2259343.jpeg
000252.jpg,http://images.jdmagicbox.com/comp/salem/b6/0427px427.x427.101020195239.d4b6/catalogue/balaaji-trading-coy-and-btc-aagro-spices-sivathapuram-salem-masala-manufacturers-3jmpc.jpg
000253.jpg,https://tiimg.tistatic.com/fp/1/005/702/dry-pure-red-chilli-719.jpg
000254.jpg,https://content3.jdmagicbox.com/comp/haveri/y6/9999p8375.8375.180116201508.d2y6/catalogue/shri-manjunath-enterprises-byadgi-haveri-chilli-powder-retailers-swad-oxnr0oj936.jpg
000255.jpg,https://content3.jdmagicbox.com/comp/haveri/r8/9999p8375.8375.120921152839.g1r8/catalogue/r-s-melgiri-and-company-byadgi-haveri-red-chilli-wholesalers-jgx9mzlcic.jpg
000256.jpg,https://tiimg.tistatic.com/fp/1/005/257/byadgi-red-chillies-590.jpg
000257.jpg,https://img3.exportersindia.com/product_images/bc-small/dir_174/5214539/premium-kashmiri-dry-red-chilli-1508995691-3417047.jpeg
000258.jpg,http://images.jdmagicbox.com/comp/def_content/spice-retailers/shutterstock-169737956-spice-retailers-2-l3r0v.jpg
000259.jpg,https://sc01.alicdn.com/kf/UTB8r6vwf9nEXKJk43Ubq6zLppXah/122689938/UTB8r6vwf9nEXKJk43Ubq6zLppXah.jpg
000260.jpg,https://cpimg.tistatic.com/02770996/b/4/-BYADGI-CHILLI-POWDER.jpg
000261.jpg,https://content3.jdmagicbox.com/comp/haveri/p1/9999p8375.8375.110520170325.e5p1/catalogue/nadaf-traders-byadgi-haveri-red-chilli-wholesalers-pgbpl-250.jpg
000262.jpg,https://sc01.alicdn.com/kf/UTB8ZhPPXpPJXKJkSahVq6xyzFXaf/Byadgi-Dry-Red-Chillies-668.jpg
000263.jpg,https://content3.jdmagicbox.com/comp/haveri/r8/9999p8375.8375.120921152839.g1r8/catalogue/r-s-melgiri-and-company-byadgi-haveri-red-chilli-wholesalers-jgx9mzlcic-250.jpg
000264.jpg,https://sc02.alicdn.com/kf/UTB8887Qa._4iuJk43Fqq6z.FpXaC/Byadgi-668-Dry-Red-Chilli-Exporter-In.jpg_350x350.jpg
000265.jpg,https://content3.jdmagicbox.com/comp/haveri/p1/9999p8375.8375.110520170325.e5p1/catalogue/nadaf-traders-byadgi-haveri-red-chilli-wholesalers-pgbpl.jpg
000266.jpg,https://cpimg.tistatic.com/05308187/b/4/Red-Chilli-Seeds.jpg
000267.jpg,https://sc01.alicdn.com/kf/UT8e.CnXpRXXXagOFbXf/Indian-Red-Byadgi-Best-stemless-Whole-Chilli.jpg_350x350.jpg
000268.jpg,https://sc02.alicdn.com/kf/UTB8ZIC0h__IXKJkSalUq6yBzVXao/Byadgi-Dry-Red-Chilli-For-Vietnam.jpg
000269.jpg,https://sc02.alicdn.com/kf/UTB8ZylLXVfJXKJkSamHq6zLyVXaf/Byadgi-red-chilli.jpg_350x350.jpg
000270.jpg,https://content3.jdmagicbox.com/comp/haveri/y9/9999p8375.8375.190122185813.q1y9/catalogue/a2-groups-byadgi-haveri-food-product-manufacturers-14rmmpfagz-250.jpg
000271.jpg,https://cpimg.tistatic.com/05270574/b/4/Byadgi-Chilli.jpg
000272.jpg,https://www.pepperscale.com/wp-content/uploads/2017/07/byadgi-chili.jpg
000273.jpg,https://www.gitagged.com/wp-content/uploads/2018/03/Byadgi-Chilli-3.jpg
000274.jpg,https://5.imimg.com/data5/PI/CS/MY-53498293/red-chilly-byadgi-250x250.jpg
000275.jpg,http://4.imimg.com/data4/PQ/VM/MY-22663875/super-quality-byadgi-red-chili-250x250.jpg
000276.jpg,http://pepperheadsforlife.com/wp-content/uploads/2015/02/byadgi-chili-pepper.jpg
000277.jpg,https://5.imimg.com/data5/SR/AX/MY-250143/byadgi-chilli-500x500.jpg
000278.jpg,http://4.imimg.com/data4/DL/YY/MY-22663875/best-quality-byadgi-stemless-red-chillies-250x250.jpg
000279.jpg,https://5.imimg.com/data5/KN/FY/MY-50308814/organic-byadgi-chilli-250x250.jpg
000280.jpg,https://img3.exportersindia.com/product_images/bc-full/dir_15/420968/stemless-byadgi-dry-chillie-58699.jpg
000281.jpg,https://www.gitagged.com/wp-content/uploads/2018/03/Byadgi-Chilli-2.jpg
000282.jpg,https://pramoda.co.in/wp-content/uploads/2018/12/byadgi.jpg
000283.jpg,http://www.dryredchilli.in/wp-content/uploads/2016/11/suppliers-of-byadgi-chilli.jpg
000284.jpg,https://2.wlimg.com/product_images/bc-full/dir_15/420968/stemless-kdl-byadgi-chilli-1584891.jpg
000285.jpg,http://4.imimg.com/data4/QC/VY/MY-4555629/byadgi-chilli-250x250.jpg
000286.jpg,https://291748-896972-2-raikfcquaxqncofqfm.stackpathdns.com/wp-content/uploads/2018/03/red-hot-chili-peppers-1.jpg
000287.jpg,https://img3.exportersindia.com/product_images/bc-small/dir_15/420968/duplicate-byadgi-1580793.jpg
000288.jpg,http://www.dryredchilli.in/wp-content/uploads/2016/11/byadgi-kaddi.jpg
000289.jpg,https://img.tradeindia.com/fp/1/002/350/byadgi-chilli--972.jpg
000290.jpg,http://www.indiastudychannel.com/attachments/Resources/127985-27636-Byadgi.jpg
000291.jpg,https://5.imimg.com/data5/SG/RP/MY-2707663/byadgi-chilli-250x250.jpg
000292.jpg,http://g02.s.alicdn.com/kf/UT8mTlMXyVbXXagOFbXa/710531868/UT8mTlMXyVbXXagOFbXa.jpg
000293.jpg,http://img1.exportersindia.com/product_images/bc-small/dir_15/420968/stemless-duplicate-byadgi-chilli-1584884.jpg
000294.jpg,https://4.imimg.com/data4/VP/DF/MY-22663875/best-quality-byadgi-chilly-250x250.jpg
000295.jpg,http://spicevillaexport.com/images/product/byadgi-chilli.jpg
000296.jpg,http://g02.s.alicdn.com/kf/UT83bpJXtFaXXagOFbXl/710531868/UT83bpJXtFaXXagOFbXl.jpg
000297.jpg,https://4.imimg.com/data4/KC/IW/MY-4667124/byadgi-red-chili-250x250.jpg
000298.jpg,https://www.delightfoods.com/media/catalog/product/cache/1/image/1100,1100x/9df78eab33525d08d6e5fb8d27136e95/i/m/img_0248_1_.jpg
000299.jpg,https://3.imimg.com/data3/VN/LT/MY-1662076/dry-chilly-powder-250x250.jpg
000300.jpg,https://www.ishopindian.com/images/D/nirav_bydagichili_c.jpg
000301.jpg,https://3.imimg.com/data3/CR/QD/MY-7680552/byadgi-dry-red-chilli-without-stem-250x250.jpg
000302.jpg,http://2.bp.blogspot.com/-RfpVlBcVPwI/ToxkRyUY-vI/AAAAAAAALxk/TbmgTwuiTG4/s1600/_DSC0020.jpg
000303.jpg,https://2.imimg.com/data2/OM/KV/MY-4673021/dry_red_chilli-250x250.jpg
000304.jpg,http://kamalkitchen.com/wp-content/uploads/2015/06/m5.jpg
000305.jpg,https://2.wlimg.com/product_images/bc-full/dir_15/420968/kdl-byadgi-chilli-1580829.jpg
000306.jpg,https://www.delightfoods.com/media/catalog/product/cache/1/image/1100x1100/9df78eab33525d08d6e5fb8d27136e95/i/m/img_0245_1__1.jpg
000307.jpg,http://g04.s.alicdn.com/kf/UT8uJRJXsVaXXagOFbXN/710531868/UT8uJRJXsVaXXagOFbXN.jpg
000308.jpg,http://sc01.alicdn.com/kf/UT8E9H9XklXXXagOFbX9/105545793/UT8E9H9XklXXXagOFbX9.jpg
000309.jpg,http://g01.s.alicdn.com/kf/UT8gbdJXuVaXXagOFbXI/710531868/UT8gbdJXuVaXXagOFbXI.jpg
000310.jpg,http://g01.s.alicdn.com/kf/UT8GURJXppXXXagOFbXw/710531868/UT8GURJXppXXXagOFbXw.jpg
000311.jpg,https://www.delightfoods.com/media/catalog/product/cache/1/image/1100,1100x/9df78eab33525d08d6e5fb8d27136e95/i/m/img_0252_1__1_1.jpg
000312.jpg,https://cuisineindia.files.wordpress.com/2013/01/8-1-2013-008.jpg
000313.jpg,https://3.imimg.com/data3/BL/HA/MY-9802853/byadgi-red-chillies-250x250.jpg
000314.jpg,http://sc01.alicdn.com/kf/UT842b9XnFcXXagOFbX3/105545793/UT842b9XnFcXXagOFbX3.jpg
000315.jpg,http://img1.exportersindia.com/product_images/bc-small/dir_20/577990/wrinkle-byadgi-chilli-1405173.jpg
000316.jpg,https://www.delightfoods.com/media/catalog/product/cache/1/image/1100x1100/9df78eab33525d08d6e5fb8d27136e95/i/m/img_0246_1__1.jpg
000317.jpg,http://4.imimg.com/data4/KY/VV/MY-2817006/byadgi-red-chilli-250x250.jpg
000318.jpg,https://2.wlimg.com/product_images/bc-full/dir_15/420968/stemless-duplicate-byadgi-chilli-1584884.jpg
000319.jpg,https://image.slidesharecdn.com/byadgichillies-140302123800-phpapp01/95/byadgi-chillies-know-more-about-chilliiii-3-638.jpg
000320.jpg,https://www.kaushikagriexports.com/webupload/thumb/gallery/1531294052Byadgi%20Dried%20Red%20Chilli.jpg
000321.jpg,http://sc01.alicdn.com/kf/HTB1yDL2KVXXXXXEXpXXq6xXFXXXr/Indian-fresh-byadgi-chilli.jpg
000322.jpg,https://3.imimg.com/data3/VL/LR/MY-10461524/agmark-byadgi-chilly-powder-250x250.jpg
000323.jpg,https://2.imimg.com/data2/UU/SK/IMVENDOR-2336916/kashmiri-chilli-powder-761355-250x250.jpg
000324.jpg,https://3.imimg.com/data3/LT/DC/MY-3125930/dabbi-chilli-250x250.jpg
000325.jpg,https://5.imimg.com/data5/AA/QY/GLADMIN-31940700/red-chilli-250x250.jpg
000326.jpg,http://2.bp.blogspot.com/_kTkRtOg43QA/TCbg1qSPlbI/AAAAAAAAHmo/Yk-RtJKkepw/s200/26jun10+001.jpg
000327.jpg,http://4.imimg.com/data4/FS/HO/MY-22663875/stemless-byadgi-chilli-250x250.jpg
000328.jpg,http://oleoresins.melbia.com/wp-content/uploads/2015/10/byadgi.jpg
000329.jpg,https://2.imimg.com/data2/LW/BU/MY-688972/chili-powder--250x250.jpg
000330.jpg,http://2.wlimg.com/product_images/bc-full/dir_15/420968/kashmiri-dabbi-chilli-1580815.jpg
000331.jpg,http://4.imimg.com/data4/NK/WQ/MY-22663875/bedki-chilli-500x500.jpg
000332.jpg,http://5.imimg.com/data5/RE/AL/MY-10519833/indian-byadgi-chilli-250x250.jpg
000333.jpg,https://5.imimg.com/data5/MU/MK/MY-29808551/stemless-byadgi-kdl-chilli-125x125.jpg
000334.jpg,http://sc01.alicdn.com/kf/UT8MjL9XX4bXXagOFbXc/105545793/UT8MjL9XX4bXXagOFbXc.jpg
000335.jpg,https://image.slidesharecdn.com/byadgichillies-140302123800-phpapp01/95/byadgi-chillies-know-more-about-chilliiii-6-638.jpg
000336.jpg,https://3.imimg.com/data3/AW/NO/MY-3229367/thai-chilli-250x250.jpg
000337.jpg,https://fnlmarks.com/wp-content/uploads/bfi_thumb/byadgi-chilli-ntnrbinul5fgm7btssigobdgnbeffmk7a34xfqv5x4.jpg
000338.jpg,http://www.dryredchilli.in/wp-content/uploads/2016/11/byadgi-dry-red-chilli-1-1.jpg
000339.jpg,https://image.slidesharecdn.com/byadgichillies-140302123800-phpapp01/95/byadgi-chillies-know-more-about-chilliiii-5-638.jpg
000340.jpg,http://oleoresins.melbia.com/wp-content/uploads/2015/10/Byadgi-CHilli-Solvent-Acetone-HExane-EthyleneDichloride-1.jpg
000341.jpg,https://2.imimg.com/data2/UU/SK/IMVENDOR-2336916/stemless-chilli-761348-250x250.jpg
000342.jpg,https://i1.wp.com/www.flavouroma.com/wp-content/uploads/2017/11/soya-chilli-recipe-4.jpg
000343.jpg,http://3.imimg.com/data3/NT/HV/MY-19150/red-chili-powder-250x250.jpg
000344.jpg,https://2.imimg.com/data2/HS/SN/MY-2495180/red_chilli-250x250.jpg
000345.jpg,https://i0.wp.com/dimpieekitchen.com/wp-content/uploads/2017/06/fishcurry61.jpg
000346.jpg,https://simmertoslimmer.com/wp-content/uploads/2017/11/Mixed-vegetable-Sambar-recipe.jpg
000347.jpg,https://3.imimg.com/data3/HF/IL/MY-7195167/imagesca9ww7hq-250x250.jpg
000348.jpg,https://2.bp.blogspot.com/-58SRSXN_idQ/UdRREKxbLiI/AAAAAAAADA8/y9Lbk7HkHp0/s1600/1.jpg
000349.jpg,https://thumbs.dreamstime.com/b/children-palong-ethnic-group-harvesting-chilli-peppers-fields-chiang-dao-chiang-mai-province-thailand-women-69886648.jpg
000350.jpg,http://4.imimg.com/data4/QO/AQ/GLADMIN-1026317/product_images-bc-small-dir_15-420968-red-chilli-powder-vcp-1585044-250x250.jpg
000351.jpg,https://is.alicdn.com/img/pb/447/042/111/111042447_777.jpg
000352.jpg,https://cuisineindia.files.wordpress.com/2013/01/8-1-2013-004.jpg
000353.jpg,http://d2d1yghbm7e4px.cloudfront.net/wp-content/uploads/2016/07/21223200/IMG_5022-2.jpg
000354.jpg,https://i1.wp.com/flavouroma.com/wp-content/uploads/2018/10/punjabi-style-egg-curry-2.jpg
000355.jpg,http://nsnaturals.com/images/spices_dry-red-chili-sanam-with-stem_refs009c08521sefs2fs3wm010403f01.jpg
000356.jpg,https://img.alicdn.com/bao/uploaded/TB1MwTzi0zJ8KJjSspkXXbF7VXa.jpg
000357.jpg,http://oleoresins.melbia.com/wp-content/uploads/2015/10/Acetone.jpg
000358.jpg,https://5.imimg.com/data5/YF/RA/MY-50308814/devanur-chilli-250x250.jpg
000359.jpg,https://thumbs.dreamstime.com/b/fields-byadgi-chilli-mirichi-karnataka-india-fields-byadgi-chilli-mirichi-karnataka-state-india-125489322.jpg
000360.jpg,https://i0.wp.com/techamuse.com/wp-content/uploads/2017/05/sabudana-khichdi-recipe-6.jpg
000361.jpg,https://urbanplatter.in/wp-content/uploads/2018/11/9205-01-Byadgi-Chilly-Powder-500g.jpg
000362.jpg,https://urbanplatter.in/wp-content/uploads/2019/01/9205-02.jpg
000363.jpg,https://is.alicdn.com/img/pb/360/934/107/107934360_017.jpg
000364.jpg,http://1.bp.blogspot.com/-KlxgJNzo7JI/VZSqvrUsRWI/AAAAAAADfAs/ey2Hpgxzgn0/s1600/IMG_6083%2B2.jpg
000365.jpg,https://urbanplatter.in/wp-content/uploads/2019/01/9205-07.jpg
000366.jpg,https://cdn-pi.niceshops.com/upload/image/product/large/default/herbaria-red-hot-chili-curry-30-g-647733-fr.jpg
000367.jpg,http://www.flavouroma.com/wp-content/uploads/2017/10/chicken-curry-recipe-dhaba-style-2.jpg
000368.jpg,http://img.21food.com/20110609/product/1305720709437.jpg
000369.jpg,https://sc01.alicdn.com/kf/UTB8mIHSFgQydeJk43PUq6AyQpXac/104458325/UTB8mIHSFgQydeJk43PUq6AyQpXac.jpg
000370.jpg,https://ranjusrecipebox.files.wordpress.com/2013/01/dsc_0284.jpg
000371.jpg,https://cuisineindia.files.wordpress.com/2014/03/pict0011-001.jpg
000372.jpg,https://is.alicdn.com/img/pb/738/764/111/111764738_755.jpg
000373.jpg,http://oleoresins.melbia.com/wp-content/uploads/2015/10/TLC-Ananysis-Output.jpg
000374.jpg,https://thumbs.dreamstime.com/b/morning-mountain-view-chilli-fields-village-added-nice-combination-sky-cloud-138712523.jpg
000375.jpg,https://sc01.alicdn.com/kf/UT8BWHYXkJaXXagOFbXP/122689938/UT8BWHYXkJaXXagOFbXP.jpg
000376.jpg,http://4.imimg.com/data4/EI/BT/MY-22663875/dry-red-chilli-500x500.jpg
000377.jpg,http://4.imimg.com/data4/EL/PR/MY-22663875/best-quality-indian-red-chilly-500x500.jpg
000378.jpg,http://www.servedelish.com/wp-content/uploads/2019/01/kala-masalawj6-1024x728.jpg
000379.jpg,https://cdn.foodsofnations.com/wp-content/uploads/2018/08/chipotle_brown_powder-324x324.jpg
000380.jpg,https://is.alicdn.com/img/pb/666/934/107/107934666_627.jpg
000381.jpg,http://2.bp.blogspot.com/-58SRSXN_idQ/UdRREKxbLiI/AAAAAAAADA8/y9Lbk7HkHp0/s1600/1.jpg
000382.jpg,https://5.imimg.com/data5/AA/QY/GLADMIN-31940700/red-chilli-500x500.jpg
000383.jpg,https://i0.wp.com/techamuse.com/wp-content/uploads/2017/10/chicken-curry-recipe-dhaba-style-2.jpg
000384.jpg,http://www.flavouroma.com/wp-content/uploads/2017/08/matar-paneer-recipe-5.jpg
000385.jpg,https://urbanplatter.in/wp-content/uploads/2019/01/9205.jpg
000386.jpg,http://3.imimg.com/data3/KF/SJ/MY-6756676/dry-chilli-250x250.jpg
000387.jpg,http://www.driedredpepper.com/wp-content/uploads/2016/05/chilipowder.jpg
000388.jpg,https://is.alicdn.com/img/pb/895/936/107/107936895_584.jpg
000389.jpg,https://c8.alamy.com/comp/CXYEBM/farmers-working-on-an-irrigated-field-growing-peppers-capsicum-annuum-CXYEBM.jpg
