image,source
000001.jpg,https://http2.mlstatic.com/chile-de-arbol-de-yahualica-D_NQ_NP_643115-MLM25837125683_082017-F.jpg
000002.jpg,http://cdn.shopify.com/s/files/1/0148/1945/9126/products/Fq5k7sdhcMN28HGxbYCSgbi01lAbSj6FhZd4BPIG1u_D_B9dIX5owne9sBZeC01HNv376T-S8e8_w615-h615_1200x1200.png?v=1568397333
000003.jpg,https://www.edenbrothers.com/store/media/Seeds-Vegetables/resized/SVPEP158-1_medium.jpg
000004.jpg,https://cdn.shopify.com/s/files/1/0685/2511/products/IMG_0074-RanchoGordo-2_1024x1024.jpg?v=1552339285
000005.jpg,https://elholandespicante.com/shop/wp-content/uploads/2016/11/chiles-de-arbol-2.jpg
000006.jpg,https://www.chedraui.com.mx/medias/2502164-00-CH515Wx515H?context=bWFzdGVyfHJvb3R8MzQ4OTl8aW1hZ2UvanBlZ3xoY2EvaGEwLzg4MDA2NTc3Njg0NzguanBnfDJjNDgzNDEzOGMyM2M4ZTI2Zjc3MDBjNDcwMmJmMWZhOWI4ZTM1M2RjYjVhNDg3M2RjZDFiMjNhODMzZWU3ZGY
000007.jpg,http://salsaspicantes.net/wp-content/uploads/2019/04/chile-de-arbol-seco.jpg
000008.jpg,https://images-na.ssl-images-amazon.com/images/I/51EE2ZGDPJL._SY550_.jpg
000009.jpg,http://diazfarms.com/wp-content/uploads/2016/06/chile_de_arbol-3.jpg
000010.jpg,https://www.fataliiseeds.net/wp-content/uploads/2018/03/de_arbol.jpeg
000011.jpg,http://cdn.shopify.com/s/files/1/0011/2341/8172/products/PP641-3_1024x1024.jpg?v=1523414070
000012.jpg,http://cdn.shopify.com/s/files/1/0038/9405/0868/products/Pepper_Capsicum_ChiliDeArbol_1024x1024.jpg?v=1558711314
000013.jpg,https://images-na.ssl-images-amazon.com/images/I/911ys509kcL._SL1500_.jpg
000014.jpg,https://d1nw62gticy6e9.cloudfront.net/uploads/Chile-de-Arbol-Pepper-Seeds.jpg
000015.jpg,https://www.mexicodesconocido.com.mx/wp-content/uploads/2018/03/chile-de-arbol.jpg
000016.jpg,https://s.yimg.com/aah/mex-grocer/chile-de-arbol-by-el-sol-de-mexico-12.png
000017.jpg,https://www.savoryspiceshop.com/content/mercury_modules/cart/items/2/7/4/2740/ratio6x5-600.jpg
000018.jpg,http://cdn.shopify.com/s/files/1/0021/9290/0156/products/chile_de_arbol_fresco_b45ed1c0-213b-4420-b992-c86084c93be7_1024x1024.jpg?v=1535387128
000019.jpg,https://jalapenostugitana.es/wp-content/uploads/chile-de-arbol.png
000020.jpg,https://upload.wikimedia.org/wikipedia/commons/f/f5/Capsicum_annuum_%27de_Cayenne%27_003.JPG
000021.jpg,https://jalapenostugitana.es/wp-content/uploads/CHILE-DE-ARBOL-SECO-100G.jpg
000022.jpg,https://cdn11.bigcommerce.com/s-a9b4a/images/stencil/2048x2048/products/116/4011/Chile_de_Arbol_Pepper__76856.1549401276.jpg?c=2
000023.jpg,https://cdn.shopify.com/s/files/1/1055/0892/products/chili-de-arbol-pods_2048x.png?v=1533233103
000024.jpg,https://upload.wikimedia.org/wikipedia/commons/e/e5/Chilesdearbol.jpg
000025.jpg,https://edge.bonnieplants.com/www/uploads/20180920003956/chile-de-arbol-hot-pepper.jpg
000026.jpg,https://www.animalgourmet.com/wp-content/uploads/2015/06/chilearbol.jpg
000027.jpg,https://http2.mlstatic.com/chile-de-arbol-yahualica-x-caja-15-kg-sku-ms4009-x-kg-D_NQ_NP_782114-MLM26014743534_092017-F.jpg
000028.jpg,https://www.chilipeppermadness.com/wp-content/uploads/2013/09/Chile-de-Arbol-Peppers.jpg
000029.jpg,https://cdn11.bigcommerce.com/s-qf0yv/images/stencil/1280x1280/products/506/925/IMG_2439_1__22910.1564000286.jpg?c=2&imbypass=on
000030.jpg,https://i.ebayimg.com/images/g/GvEAAOxypthRn7Qm/s-l300.jpg
000031.jpg,http://cdn.shopify.com/s/files/1/0604/1077/products/De_Arbol_Chiles4_600px-4_600x.jpg?v=1537557635
000032.jpg,https://cdn.shopify.com/s/files/1/0011/2341/8172/products/PP641-1_480x480.jpg?v=1523414070
000033.jpg,https://hatch-chile-peppers.com/wp-content/uploads/2016/08/Chile-de-Arbol-Ristra-650.jpg
000034.jpg,https://www.milenio.com/uploads/media/2019/01/26/chile-de-arbol.jpg
000035.jpg,https://previews.123rf.com/images/kampwit/kampwit1708/kampwit170804826/83926467-organic-red-and-green-bird-s-eye-chili-bird-eye-chili-bird-s-chili-chile-de-arbol-or-thai-chili-is-a.jpg
000036.jpg,https://cdn.shopify.com/s/files/1/0871/0950/products/chiledearbolpepperpic_1024x1024.jpg?v=1559082055
000037.jpg,https://hatch-chile-peppers.com/wp-content/uploads/2016/08/Chile-de-Arbol-650.jpg
000038.jpg,http://www.udg.mx/sites/default/files/img_noticias/171105_chile_de_arbol_yahualica_unico_en_la_gastronomia_jalisciense_sg_2.jpg
000039.jpg,https://botanicagranel.mx/wp-content/uploads/2018/09/Chile-de-arbol.jpg
000040.jpg,https://entresemillas.com/semillas/834-large_default/pimiento-chile-de-arbol.jpg
000041.jpg,https://www.mexicoinmykitchen.com/wp-content/uploads/2018/09/Chile-de-arbol-salsa-recipe-3-500x500.jpg
000042.jpg,https://chilambalam.es/wp-content/uploads/2015/07/chile-de-arbol.jpg
000043.jpg,https://lahortaliza.mx/wp-content/uploads/2018/05/chile-de-arbol-verde.jpg
000044.jpg,https://previews.123rf.com/images/tonobalaguer/tonobalaguer1411/tonobalaguer141100004/33677048-chile-de-arbol-seco-dried-hot-arbol-pepper-on-wooden-background.jpg
000045.jpg,http://antojitos-mx.com/WebRoot/Store9/Shops/8d3f15d7-99c2-46bb-9867-a38fec5a288d/5760/0AC4/C9FE/3C0D/57BB/0A48/351F/0EF3/159.jpg
000046.jpg,http://hablemosdealimentos.com/wp-content/uploads/2018/09/chile-a-7.jpg
000047.jpg,https://www.chilliseedbank.com.au/media/catalog/product/cache/image/720x560/4c3462793ba5f87d7658a49338bdb5e2/w/h/whole_dried_arbol.jpg
000048.jpg,https://images-na.ssl-images-amazon.com/images/I/51UbZIGPevL._SX425_.jpg
000049.jpg,https://www.mestizomarket.com/media/catalog/product/cache/1/image/1200x/9df78eab33525d08d6e5fb8d27136e95/8/2/82_chile_de_arbol.jpg
000050.jpg,https://www.pepperscale.com/wp-content/uploads/2015/01/Chile_de_Arbol-768x577.jpg
000051.jpg,https://www.spicesinc.com/images/product/large/1123.jpg
000052.jpg,https://www.superama.com.mx/Content/images/products/img_large/0063314831122L.jpg
000053.jpg,https://www.superhotchiles.com/wp-content/uploads/2018/09/ChilesPicoDeGallo5-2018.jpg
000054.jpg,https://i5.walmartimages.com/asr/23b7c493-21b7-40ea-963a-818484fdadf2_2.dbe1284e97f5a31019abe7ae622dff85.jpeg?odnHeight=450&odnWidth=450&odnBg=FFFFFF
000055.jpg,https://www.cayennediane.com/wp-content/uploads/Chile-de-Arbol-Dried.jpg
000056.jpg,https://assets.bonappetit.com/photos/58efaae3ab855168bc0ba53f/16:9/w_1200,c_limit/toasted-chile-de-arbol-and-tomatillo-salsa.jpg
000057.jpg,https://www.spicejungle.com/media/catalog/product/cache/2/image/9df78eab33525d08d6e5fb8d27136e95/d/r/dried_de_arbol_chile_peppers_2.jpg
000058.jpg,https://todoespecias.com/753-thickbox_default/chile-arbol-seco.jpg
000059.jpg,http://www.loltun.com/wp-content/uploads/2017/02/Chile-de-Arbol.jpg
000060.jpg,https://www.mexicoinmykitchen.com/wp-content/uploads/2018/09/Chile-de-arbol-Salsa-recipe-4.jpg
000061.jpg,https://images.bonanzastatic.com/afu/images/2847/8719/98/DSC09895-02.jpg
000062.jpg,http://www.specialtyproduce.com/sppics/765.png
000063.jpg,http://www.spicegarden.eu/WebRoot/StoreLES/Shops/62431129/508A/98C2/469D/EF83/BB3F/C0A8/2971/2566/chile_de_arbol.JPG
000064.jpg,http://www.chileglobe.com/wp-content/uploads/2017/12/Chileglobe-Chile-de-arbol.gif
000065.jpg,https://cdn.shopify.com/s/files/1/2630/8280/products/Chile_De_Arbol_Pepper_Seeds_800x.jpg?v=1520023273
000066.jpg,https://ed910ae2d60f0d25bcb8-80550f96b5feb12604f4f720bfefb46d.ssl.cf1.rackcdn.com/540175014d94bd61-wmlkjQbe-large.jpg
000067.jpg,https://www.ukchilliseeds.co.uk/ekmps/shops/chilliwizard/images/chile-de-rbol-10-x-seeds-122-p.jpg
000068.jpg,https://www.itztli.es/images/stories/virtuemart/product/chile_arbol.png
000069.jpg,https://cdn2.melodijolola.com/media/files/styles/nota_imagen/public/como-puedo-plantar-chiles-de-arbol_0.jpg
000070.jpg,https://www.mihuacal.com/upload/products/57386743758f0df73bc6296.62307343_24%20chile%20de%20arbol.jpg
000071.jpg,http://s3-us-west-1.amazonaws.com/liberal.s3/wp-content/uploads/2016/11/03145200/1373220.jpg
000072.jpg,http://www.lasemilleria.com/img/med/semillas_de_chile_de_arbol.jpg
000073.jpg,http://cdn.shopify.com/s/files/1/0021/9290/0156/products/chile_de_arbol_seco_1024x1024.jpg?v=1535387166
000074.jpg,https://www.mexicaansewinkel.nl/185-large_default/chili-de-arbol.jpg
000075.jpg,https://previews.123rf.com/images/maxsol7/maxsol71703/maxsol7170300069/75158097-pila-de-pimientos-chile-de-%C3%A1rbol-capsicum-annuum-rojo-maduro-caminos-de-recortes-sin-sombras.jpg
000076.jpg,https://cdn.shopify.com/s/files/1/0077/1414/4313/products/Chilearbol_flakes_wm_0_3x.jpg?v=1533850037
000077.jpg,https://cdn.shopify.com/s/files/1/0159/7180/products/Chile_Arbol.jpg?v=1510270858
000078.jpg,https://cdn.shopify.com/s/files/1/1768/3803/products/Arbol.jpg?v=1551481249
000079.jpg,https://images-na.ssl-images-amazon.com/images/I/61G0f7ExN2L._SY500_.jpg
000080.jpg,https://irepo.primecp.com/2016/03/267217/recipe-13947_Large500_ID-1503675.jpg?v=1503675
000081.jpg,https://www.gob.mx/cms/uploads/article/main_image/60600/blog_17mzo-IMPI_DO-CHILE-yahualica.jpg
000082.jpg,https://worldcrops.org/sites/worldcrops.org/files/crops/Chile_de_arbol_-_queens_-_550.JPG
000083.jpg,https://woodlandfoods.com/img/WF_Images/C56-de-arbol-chiles-peppers-main.jpg
000084.jpg,https://render.fineartamerica.com/images/rendered/medium/acrylic-print/metalposts/break/images-medium-5/chile-de-arbol-at-libertat-market-greg-elms.jpg
000085.jpg,https://www.mexicanplease.com/wp-content/uploads/2019/05/Chile-de-Arbol-Salsa-9.jpg
000086.jpg,https://cdn.shopify.com/s/files/1/0559/1229/products/Picado_Arbol_3_1024x1024.jpg?v=1518545582
000087.jpg,https://images.prod.meredith.com/product/3989e7ef34583b12c6b7e08c535291a7/1531245501546/l/chile-de-arbol-tostado-3oz
000088.jpg,https://cdn.shopify.com/s/files/1/1420/8798/products/pepper-sweethot-chile-de-arbol-capsicum-annuum-seeds-amkha-seed_813_394x.jpg?v=1535012568
000089.jpg,https://www.gourmetsleuth.com/images/default-source/articles/de-arbol-chiles.jpg?sfvrsn=4
000090.jpg,https://cdn.thehippyseedcompany.com/wp-content/uploads/2017/06/De-Arbol-Blood.jpg
000091.jpg,https://foodbasket.mx/wp-content/uploads/2015/07/chile-arbol.jpg
000092.jpg,http://www.kavolta.com/wp-content/uploads/2017/09/chile_arbol_yahualica.jpg
000093.jpg,https://doncarlosfoodcompany.com/wp-content/uploads/2019/06/300x365-chile-arbol-1.jpg
000094.jpg,https://www.spicescave.com/908-large_default/comprar-chile-de-arbol.jpg
000095.jpg,https://www.mexicanplease.com/wp-content/uploads/2019/05/Chile-de-Arbol-Salsa.jpg
000096.jpg,http://d1f7geppf3ca7.cloudfront.net/origin/365823/1454375474700_chilearbolloosepic.jpg
000097.jpg,https://s.yimg.com/aah/mex-grocer/dried-chile-de-arbol-pepper-by-el-guapo-18.png
000098.jpg,https://images-na.ssl-images-amazon.com/images/I/91PGo5Z9vDL._SX425_.jpg
000099.jpg,https://image.jimcdn.com/app/cms/image/transf/none/path/s8592d34ce4e43dc2/image/i8e68f1109f4947af/version/1422721238/image.jpg
000100.jpg,https://mexicanfoodproducts.us/wp-content/uploads/2017/01/ARBOL-CHILE-PEPPER-FRESH-PRODUCE-GROUP-LLC.jpg
000101.jpg,https://www.pepperscale.com/wp-content/uploads/2015/03/chile-de-arbol-substitute-1-768x512.jpg
000102.jpg,http://salsaspicantes.net/wp-content/uploads/2019/04/plantar-o-cultivar-chile-de-arbol-seco.jpg
000103.jpg,https://muybuenocookbook.com/wp-content/uploads/2016/01/chile-de-arbol.jpg
000104.jpg,http://www.udg.mx/sites/default/files/img_noticias/171105_chile_de_arbol_yahualica_unico_en_la_gastronomia_jalisciense_sg_5.jpg
000105.jpg,https://laprove.com/images/chiles-de-arbol-2.png
000106.jpg,https://www.isabeleats.com/wp-content/uploads/2019/05/chile-de-arbol-salsa-small-10-500x375.jpg
000107.jpg,https://i2.wp.com/www.eldiariodeuntragon.com/wp-content/uploads/2017/09/Diario-Tragon-chile.de_.arbol_.yahualica-2017-00.jpg?fit=750%2C500
000108.jpg,https://www.superama.com.mx/Content/images/products/img_large/0000000004686L1.jpg
000109.jpg,https://www.trzcacak.rs/myfile/detail/348-3482050_welcome-to-adelita-s-transparent-background-chile-de.png
000110.jpg,https://www.superhotchiles.com/wp-content/uploads/2018/05/Chile_de_Cambray_1-600x400.jpg
000111.jpg,https://www.chillihead.co.za/image/cache/data/dearbol-500x500.jpg
000112.jpg,https://img-aws.ehowcdn.com/350x235p/photos.demandstudios.com/getty/article/88/96/78365667_XS.jpg
000113.jpg,https://rincondelchili.files.wordpress.com/2012/09/chile-arbol_5.jpeg
000114.jpg,https://inmamamaggieskitchen.com/wp-content/uploads/2018/05/Chile-de-Arbol-Salsa-with-Chips.jpg
000115.jpg,https://s3.amazonaws.com/mygardenlife.com/plant-library/full/7270_13.jpg
000116.jpg,https://static.wixstatic.com/media/5d5896_a12d6dada5f3410793a70663dd27f2cb~mv2_d_5760_3840_s_4_2.jpg/v1/fill/w_5000,h_3333,al_c,q_85,usm_0.66_1.00_0.01/5d5896_a12d6dada5f3410793a70663dd27f2cb~mv2_d_5760_3840_s_4_2.jpg
000117.jpg,https://cdn.shopify.com/s/files/1/0871/0950/products/De-arbol-Chile-Seeds_1024x1024.jpg?v=1558758690
000118.jpg,https://cdn2.cocinadelirante.com/sites/default/files/styles/gallerie/public/salsa-macha-con-chile-de-arbol-seco.jpg
000119.jpg,https://pics.davesgarden.com/pics/2006/07/14/Akasha777/a60606.jpg
000120.jpg,https://cdn.dribbble.com/users/2041969/screenshots/5605741/pp.jpg
000121.jpg,https://cdn.imgbin.com/3/13/3/imgbin-bird-s-eye-chili-chile-de-rbol-serrano-pepper-tabasco-pepper-jalape-o-others-KFE6AQpCRbjYXae4Bxgu830QB.jpg
000122.jpg,https://www.mexicoinmykitchen.com/wp-content/uploads/2018/09/Chile-de-arbol-salsa-recipe-2.jpg
000123.jpg,http://salsaspicantes.net/wp-content/uploads/2019/04/propiedades-chile-de-arbol-seco.jpg
000124.jpg,https://www.spicesinc.com/images/product/large/825.jpg
000125.jpg,https://www.thechileguy.com/wp-content/blogs.dir/17/files/2016/03/De-Arbol-Chile-wout-stem.jpg
000126.jpg,https://sage.blob.core.windows.net/media/5d19cbdbd94d8d8fd4ef67e0_upc-00859031003074-glamor-nutritionglamor-2019-04-15t14-24-01-7c670824-5dca-4c08-805e-87e39e7ce5bc.jpg
000127.jpg,http://www.elfresnochilessecos.com.mx/wp-content/uploads/2017/11/ARBOL-S17-SIN-CABO.gif
000128.jpg,https://i.pinimg.com/originals/91/73/b1/9173b12d5e1535fe7cb6cca877decd06.jpg
000129.jpg,https://miro.medium.com/max/1000/1*QSnWzY2sNc4oPmQ8t1nwRA.png
000130.jpg,https://www.cocinarygozar.com/wp-content/uploads/2017/07/salsa-de-chile-de-arbol-y-comino-cocinar-y-gozar.jpg
000131.jpg,https://www.ethno2.ethno-botanik.org/Capsicum/Chile-de-Arbol/Fotos/500/Chile-de-Arbol-04.jpg
000132.jpg,https://www.elnougarden.com/web/image/product.image/11095/image?unique=e68dacf
000133.jpg,https://thewandertheory.com/wp-content/uploads/2017/07/Peppers_List_900.jpeg
000134.jpg,https://jaliscocina.com/wp-content/uploads/2016/11/Yahualica-4.jpg
000135.jpg,https://freshproducegroup.us/wp-content/uploads/2018/01/Guajillo-Pepper-Fresh-Produce-Group-LLC.jpg
000136.jpg,https://previews.123rf.com/images/bjbj112/bjbj1121906/bjbj112190600324/125485536-dried-mexican-red-chile-de-arbol-pepper-on-black-natural-stone-background-capsicum-annuum-.jpg
000137.jpg,https://www.gourmetfoodworld.com/images/Product/large/arbol-chili-peppers-dried-1S-1775.jpg
000138.jpg,http://cdn.shopify.com/s/files/1/1596/8337/products/chilli_mine_de_arbol_800x.jpg?v=1527271000
000139.jpg,https://www.thechileguy.com/wp-content/blogs.dir/17/files/2016/03/De-Arbol-whole-5.jpg
000140.jpg,https://alimentaciongastromundo.com/wp-content/uploads/2015/10/chiles-de-arbol-seco.jpg
000141.jpg,https://www.eleconomista.com.mx/__export/1521439423535/sites/eleconomista/img/2018/03/19/chile.jpg_1348255499.jpg
000142.jpg,https://hilahcooking.com/wp-content/uploads/2016/10/chile-arbol-salsa.jpg
000143.jpg,https://sweetlifebake.com/wp-content/uploads/2016/05/chile-de-arbol-salsa-vianneyrodriguez-sweetlifebake.jpg
000144.jpg,https://www.mexicoenmicocina.com/wp-content/uploads/2018/04/salsa-de-chile-de-arbol.jpg
000145.jpg,https://davesgarden.com/guides/pf/thumbnail.php?image=2006/01/03/aries44/86bef9.jpg&widht=700&height=312
000146.jpg,https://patijinich.com/wp-content/uploads/2009/11/sweet-potatoes-with-chile-de-arbol-4.jpg
000147.jpg,https://cms.splendidtable.org/sites/default/files/styles/w2000/public/arbol-salsa_photo_dylan-james-ho_and_jeni-afuso-LEDE.jpg?itok=-sekaU9r
000148.jpg,https://i.ytimg.com/vi/6hS3PjzYme0/maxresdefault.jpg
000149.jpg,https://www.savoryspiceshop.com/content/mercury_modules/cart/items/2/7/5/2753/chile-thai-1.jpg
000150.jpg,http://www.chileglobe.com/wp-content/uploads/2017/12/chileglobe-chile-de-arbol-y-chile-cayena.gif
000151.jpg,https://4.bp.blogspot.com/-DqoPpxZxPa0/WSRoEMODYHI/AAAAAAAAWCg/CJcrS_A4xg0nIlDa3oOilgkXsPAGgh_zACLcB/s1600/Salsa%2BMacha_5_LCDL.png
000152.jpg,https://cdn.shopify.com/s/files/1/0011/2341/8172/products/PP641-2_480x480.jpg?v=1523414070
000153.jpg,https://www.elfinanciero.com.mx/uploads/2018/05/21/f016e59c7a1526950301_standard_desktop_medium_retina.png
000154.jpg,https://www.mexicanplease.com/wp-content/uploads/2019/05/Chile-de-Arbol-Salsa-2.jpg
000155.jpg,https://patijinich.com/wp-content/uploads/2014/01/151214_Patti_S3_GreenBeansPeanutsChileDeArbol_248_Cropped-1-912x622.jpg
000156.jpg,https://cdn2.cocinadelirante.com/sites/default/files/styles/gallerie/public/images/2018/11/recetas-de-salsas-con-chile-de-arbol-seco.jpg
000157.jpg,https://www.isabeleats.com/wp-content/uploads/2019/05/chile-de-arbol-step3and4.jpg
000158.jpg,https://i0.wp.com/www.adrianasbestrecipes.com/wp-content/uploads/2017/07/Grilled-Chile-de-Arbol-Salsa-Smoky-Goodness.jpg?resize=750%2C563&ssl=1
000159.jpg,https://www.animalgourmet.com/wp-content/uploads/2016/05/chiles-e1470057662453.jpg
000160.jpg,http://mi.elobservatoriodelsur.com/NotasImg/VER_CHILE_DE_ARBOL201810485628.jpg
000161.jpg,https://www.sinembargo.mx/wp-content/uploads/2018/05/captura-de-pantalla-2018-05-22-a-las-5-12-58-p-m.png
000162.jpg,https://www.debate.com.mx/__export/1482022352271/sites/debate/img/2016/12/17/chile22.jpg_219914347.jpg
000163.jpg,https://s3.amazonaws.com/cdn0.gurneys.com/images/500/02125.jpg
000164.jpg,https://blog.tacoguru.com/wp-content/uploads/2018/05/Template-Blog-No-Carrusel-1-1.png
000165.jpg,https://rincondelchili.files.wordpress.com/2012/09/chile-arbol_7.jpg
000166.jpg,https://www.mex-al.de/shop/media/images/popup/000271.jpg
000167.jpg,http://lamassala.com/1498-large_leotea/chile-de-arbol.jpg
000168.jpg,https://media.gettyimages.com/photos/chile-de-arbol-at-libertat-market-guadalajara-jalisco-picture-id148517664?s=612x612
000169.jpg,http://www.elfresnochilessecos.com.mx/wp-content/uploads/2017/11/ARBOL-S17-CON-CABO-.gif
000170.jpg,https://www.mexicoenmicocina.com/wp-content/uploads/2018/04/salsa-de-chile-de-arbol-2.jpg
000171.jpg,https://cocina-casera.com/mx/wp-content/uploads/2017/12/salsa-roja.jpg
000172.jpg,https://c7.uihere.com/files/22/846/486/5bbf3fe9c4c92.jpg
000173.jpg,https://laroussecocina.mx/sites/laroussecocina.mx/files/chile-de-arbol-001-larousse-cocina_0.jpg
000174.jpg,https://i5.walmartimages.com/asr/aa0a5b18-0d3a-48e2-8f8f-a8f8b34d239f_1.e55813ac04ff5a0e67d2d9dba5de2a8d.jpeg?odnHeight=450&odnWidth=450&odnBg=FFFFFF
000175.jpg,https://cocina-casera.com/mx/wp-content/uploads/2017/09/chiles-rojos.jpg
000176.jpg,https://edge.bonnieplants.com/www/uploads/20180920003546/New-Mexico-6-4L-v1-600x600.jpg
000177.jpg,http://www.specialtyproduce.com/sppics/672.png
000178.jpg,https://d1nsq2txwd94q7.cloudfront.net/public/files/production/step_images/images/3174/fancy/s_3174_1475631447.jpg
000179.jpg,https://blog.seccionamarilla.com.mx/wp-content/uploads/2017/09/chile_yahualica-770x578.jpg
000180.jpg,https://c8.alamy.com/compes/tx8yp2/planta-de-pimienta-chiles-chile-de-arbol-tx8yp2.jpg
000181.jpg,https://i2.wp.com/everydaylatina.com/wp-content/uploads/2018/04/DSC05791-min.jpg?fit=6000%2C4000&ssl=1
000182.jpg,https://cdn.imgbin.com/1/0/24/imgbin-bird-s-eye-chili-serrano-pepper-chile-de-rbol-jalape-o-tabasco-pepper-pepperoni-qPtkmjqS5ydyD3wtwHQuMPjU3.jpg
000183.jpg,https://www.jing.fm/clipimg/detail/88-886358_chili-cartoon-images-dibujo-chile-de-arbol.png
000184.jpg,https://www.ethno2.ethno-botanik.org/Capsicum/Chile-de-Arbol/Fotos/500/Chile-de-Arbol-8.jpg
000185.jpg,http://1.bp.blogspot.com/-XCHRmAtoR4g/VGAAStbTjGI/AAAAAAAAScE/MzGnTbLNWyk/s1600/Chile%2Bde%2BMolcajete_Tomatillo_Arbol%2BChile_Salsa_1_LCDL.jpg
000186.jpg,https://mjskitchen.com/wp-content/uploads/2013/06/chiledeArbolTop_Web.jpg
000187.jpg,https://dam.cocinafacil.com.mx/wp-content/uploads/2018/05/pollo-con-chile-de-arbol.jpg
000188.jpg,https://www.tripsavvy.com/thmb/Rn1vNhrOp6q_FH5Ab_pJ7ZlhlVA=/1620x1080/filters:no_upscale():max_bytes(150000):strip_icc()/serrano-chiles-597a1be6af5d3a0011a56435.jpg
000189.jpg,https://pespdotcom.files.wordpress.com/2019/05/salsa-de-chile-de-arbol-en-aceite.jpg
000190.jpg,https://i1.wp.com/donjuanchiles.com/wp-content/uploads/2018/08/03-06-19_Arbol-Toastado_Retouched_v2.jpg?fit=600%2C518&ssl=1
000191.jpg,https://cdn.shopify.com/s/files/1/0027/7227/1149/products/de_arbol_whole_-_smaller_1600x.jpg?v=1561613685
000192.jpg,https://images.ssstatic.com/chili-crushed-chile-de-arbol-768977z0-000000138.jpg
000193.jpg,https://img2.freepng.es/20190616/xqa/kisspng-tabasco-pepper-serrano-pepper-birds-eye-chili-pas-5d06d83fe5ac06.2572156415607296639407.jpg
000194.jpg,http://fundaciondelchile.com/wp-content/uploads/2016/08/chile_arbol_01.jpg
000195.jpg,https://thelatinkitchen.com/sites/default/files/styles/recipe-big/public/main/97/salsa-de-arbol-main.jpg?itok=KzeKWuzw
000196.jpg,http://mamaconeja.com/resources/producto/140/SjgNUx_Chile-de-arbol-en-polvo-sin-cabo.jpg
000197.jpg,https://mexicocooks.typepad.com/.a/6a00d8341c571453ef0120a7bc04a7970b-600wi
000198.jpg,https://prods3.imgix.net/images/articles/2015_08/Web-Category-Chile-Pepper-Guide-Varieties-Spicy-Cayenne-Jalapeno-Habanero-Scotch-Bonnet-Recipe.jpg
000199.jpg,https://cdn.kiwilimon.com/recetaimagen/30765/th5-640x426-34981.png
000200.jpg,https://www.edenbrothers.com/store/media/Seeds-Vegetables/ss_size1/SVPEP134-1.jpg
000201.jpg,http://chefmaca.com/wp-content/uploads/2014/06/IMG_9835.jpg
000202.jpg,http://www.yummybite.net/wp-content/uploads/2016/05/Deliciosa-salsa-taquera-de-chile-de-a%CC%81rbol.png
000203.jpg,https://www.outofmex.com/wp-content/gallery/wholesale/Puya-Pods.jpg
000204.jpg,http://hablemosdealimentos.com/wp-content/uploads/2018/09/chila-a-6.jpg
000205.jpg,http://itsybitsyfoodies.com/wp-content/uploads/2010/04/IMG_5133.jpg
000206.jpg,http://fmdiabetes.org/wp-content/uploads/bfi_thumb/sopa_hongos-n3zdh75oizaxewqk1r2bnjdum5djkeb2m8edgoz0kg-o5r4rfg8m9jh9brjsdon0u9bwm0hq5orn8svwcx5eo.jpg
000207.jpg,https://i.pinimg.com/originals/b3/11/4e/b3114e2f15f949eea7a86e62ba812934.jpg
000208.jpg,https://img-global.cpcdn.com/002_recipes/c7a16273819589b1/751x532cq70/salsa-martajada-de-chile-de-arbol-y-poblano-asado-borracha-foto-principal.jpg
000209.jpg,https://www.maddog357.com/wp-content/uploads/2017/02/chili-peppers-on-board_600-600x400.jpg
000210.jpg,http://3.bp.blogspot.com/-LHdbRWxjq6w/UeHwG0mHgUI/AAAAAAAACLU/T0RinJ9kQCE/s1600/pollo+en+salsa+chile+arbol2.jpg
000211.jpg,https://laantojadera.com/media/banner/9819ea_67_SalsaAsada.jpg
000212.jpg,https://www.cocinavital.mx/wp-content/uploads/2018/03/salsa_con_chile_de_arbol_y_pina.jpg
000213.jpg,http://www.eatlatin.com/wp-content/uploads/2016/01/ChiledeArbol.jpg
000214.jpg,https://dam.cocinafacil.com.mx/wp-content/uploads/2018/09/TALLARINES-CON-CHILE-DE-ARBOL-Y-CAMARONES1000.jpg
000215.jpg,https://i0.wp.com/www.thespiceagent.com/wp-content/uploads/2018/09/20180831_153737.jpg?fit=842%2C916&ssl=1
000216.jpg,https://www.philadelphia.com.mx/modx/assets/img/revision2016/images/recetas/FILETE-CON-SALSA-FRIJOL-Y-CHILE.jpg
000217.jpg,https://aninspiredcook.files.wordpress.com/2013/01/chile-de-arbol-salsa.jpg
000218.jpg,https://hogarmania.global.ssl.fastly.net/hogarmania/images/images01/2013/06/11/5bf3d21b23430100010f41a7/1239x697.jpg
000219.jpg,https://www.curiouscuisiniere.com/wp-content/uploads/2018/02/Mexican-Chilies-Cayenne-4514.21.jpg
000220.jpg,https://cdn.shopify.com/s/files/1/1774/9773/products/13_018_900x.jpg?v=1526337048
000221.jpg,https://img-s-msn-com.akamaized.net/tenant/amp/entityid/AADsUxT.img?h=0&w=720&m=6&q=60&u=t&o=f&l=f
000222.jpg,https://cdn.shopify.com/s/files/1/0080/1076/0255/products/004_99b24901-c055-45a9-9431-7b0ce3821845_1024x1024.jpg?v=1559774033
000223.jpg,https://www.seriouseats.com/2018/03/20160707-mexican-pantry-guajillo-vicky-wasik-2-1500x1125.jpg
000224.jpg,https://recetas-mexicanas.com.mx/wp-content/uploads/2014/08/salsa-chile-arbol.jpg
000225.jpg,https://i0.wp.com/www.maricruzavalos.com/blog/wp-content/uploads/2019/07/4I2B0197.jpg?resize=1080%2C720
000226.jpg,https://mjskitchen.com/wp-content/uploads/2013/08/ChiledeArbolTopNW_Web.jpg
000227.jpg,http://www.gimmesomeoven.com/wp-content/uploads/2017/02/Mexican-Red-Posole-Rojo-Soup-Recipe-5.jpg
000228.jpg,https://papasgardens.files.wordpress.com/2015/08/chile_de_arbol_peppers_med_hr.jpg?w=656&h=300&crop=1
000229.jpg,http://oleoespecias.com/images/productos/especias-condimentos/especia-paprika-peruana-entera.jpg
000230.jpg,https://laroussecocina.mx/wp-content/uploads/2017/12/Salsas-de-chile-de-arbol-y-borracha-clasica-001-Larousse-Cocina.jpg
000231.jpg,https://vanart.com/funciona/wp-content/uploads/2019/01/shutterstock_662355007-1000x667.jpg
000232.jpg,http://www.socaldailyphoto.com/wp-content/uploads/2012/09/tomato-tobacco-hornworm.jpg
000233.jpg,https://www.superama.com.mx/views/micrositio/recetas/images/cuaresma/camaronesenchiledearbol/Web_fotoreceta.jpg
000234.jpg,https://pics.davesgarden.com/pics/2006/03/29/aries44/7d2910.jpg
000235.jpg,https://i2.wp.com/www.fourtocookfor.com/wp-content/uploads/2015/07/chile-de-arbol-salsa-1.jpg?resize=800%2C533
000236.jpg,https://images-gmi-pmc.edge-generalmills.com/d0dd82a6-692a-447f-a6a0-94183f7c1f94.jpg
000237.jpg,http://salsaspicantes.net/wp-content/uploads/2019/04/Chile-Guajillo.jpg
000238.jpg,https://aninspiredcook.files.wordpress.com/2013/01/chile-de-arbol-salsa-9.jpg
000239.jpg,http://tolucafoods.com/wp-content/uploads/2018/06/Chile-de-Arbol-1.png
000240.jpg,http://huahespice.com/Uploads/image/20180908/20180908021138_36825.jpg
000241.jpg,https://www.eleconomista.com.mx/__export/1521439423535/sites/eleconomista/img/2018/03/19/chile.jpg_2038307599.jpg
000242.jpg,https://www.isabeleats.com/wp-content/uploads/2019/05/chile-de-arbol-salsa-small-1.jpg
000243.jpg,https://pinaenlacocina.com/wp-content/uploads/2017/06/19275321_1543379092402942_4842517704939137752_n.jpg
000244.jpg,https://rincondelchili.files.wordpress.com/2012/09/chile-arbol-planta_2.jpg
000245.jpg,https://inmamamaggieskitchen.com/wp-content/uploads/2019/04/Chile-de-Arbol--889x1024.jpg
000246.jpg,https://irepo.primecp.com/2016/03/266577/recipe-12363_Large400_ID-1497752.jpg?v=1497752
000247.jpg,https://www.verohoy.com/wp-content/uploads/2015/07/IMG_7890.jpg
000248.jpg,http://elarrayan.com.mx/wp-content/uploads/2017/11/salsa-chiledearbol-receta-blog.jpg
000249.jpg,https://www.gourmetsleuth.com/images/default-source/dictionary/de-arbol-powder.jpg?sfvrsn=4
000250.jpg,https://cdn2.cocinadelirante.com/sites/default/files/styles/gallerie/public/images/2018/04/recetas-con-chile-de-arbol.jpg
000251.jpg,https://ksr-ugc.imgix.net/assets/024/171/096/ff689fc0b2962717f6b1f097361c3b7a_original.jpg?ixlib=rb-2.1.0&w=700&fit=max&v=1550792652&auto=format&frame=1&q=92&s=dc2d123f2c581fcab2abd966472155dc
000252.jpg,https://i1.wp.com/www.adrianasbestrecipes.com/wp-content/uploads/2017/07/The-grilled-chile-de-arbol-salsa.-A-spicy-but-tasty-sauce-to-garnish-meats-and-to-drizzle-on-tacos-or-anything-your-tastebuds-would-desire.jpg?resize=750%2C1000&ssl=1
000253.jpg,https://s.yimg.com/aah/mex-grocer/dried-chile-de-arbol-chili-pods-16.png
000254.jpg,http://i1.wp.com/www.kitchenbelowcanal.com/wp-content/uploads/2016/02/three-chile-marinade-chili-peppers-ed3.jpg
000255.jpg,http://www.mind-over-batter.com/blog/wp-content/uploads/2017/01/hot-vodka.jpg
000256.jpg,https://media.metrolatam.com/2018/02/13/36293576545997ee0deab660x550-600x400.jpg
000257.jpg,https://static.wixstatic.com/media/f6710a_105fecc76b9641439c33e8129a6e3d99~mv2.jpg
000258.jpg,https://images.happycow.net/venues/1024/10/55/hcmp105516_675303.jpeg
000259.jpg,https://www.mexicanplease.com/wp-content/uploads/2017/06/peanut-chile-salsa-guajillos-and-chile-de-arbols.jpg
000260.jpg,https://mamiglammy.com/wp-content/uploads/2016/02/img_2920.jpg
000261.jpg,https://elholandespicante.com/wp-content/uploads/2017/02/chilhuacle-amarillo.jpg
000262.jpg,https://naturalesyorganicos.com/wp-content/uploads/2018/01/Salsa-Chile-de-Arbol.png
000263.jpg,https://pocketchangegourmet.com/wp-content/uploads/2013/04/Chiles-de-arbol.jpg
000264.jpg,http://sopas.info/wp-content/uploads/2018/07/chiledearbol-1300x680.jpg
000265.jpg,https://www.realacapulco.com/sites/default/files/repository/de-arbol.jpg
000266.jpg,https://images2.minutemediacdn.com/image/upload/c_crop,h_2976,w_5300,x_0,y_219/f_auto,q_auto,w_1100/v1562005530/shape/mentalfloss/31622-gettyimages-167222985_0.jpg
000267.jpg,https://www.herdez.com.mx/site/assets/files/1145/salsa-chile-de-arbol.300x300.png
000268.jpg,http://wlthomas.www3.50megs.com/chilessecos1.jpg
000269.jpg,http://www.sheppardsoftware.com/images/Mexico/factfile/Chillies.jpg
000270.jpg,https://img-s-msn-com.akamaized.net/tenant/amp/entityid/AAHJGxG.img?h=225&w=300&m=6&q=60&o=f&l=f
000271.jpg,https://www.mexicaansewinkel.nl/627-thickbox_default/chili-de-arbol.jpg
000272.jpg,https://www.traxco.es/blog/wp-content/uploads/2016/01/cultivo-del-chile.jpg
000273.jpg,https://www.mestizomarket.com/media/catalog/product/cache/1/image/1800x/040ec09b1e35df139433887a97daa66f/c/h/chile_de_arbol_1.png
000274.jpg,https://www.huichol.com.mx/wp-content/uploads/2016/02/b0ae8a3ec0c03f8682d69415bc50f76f.jpg
000275.jpg,https://zonaguadalajara.com/wp-content/uploads/2015/09/Chile-Yahualica.jpg
000276.jpg,https://prueba.dosachi.mx/677-large_default/hojuelas-de-chile-de-arbol-ajo-y-ajonjoli-tostado-80gr.jpg
000277.jpg,https://www.magicplantfarms.com/wp-content/uploads/2017/01/De-Arbol.jpg
000278.jpg,https://picayrepica.com/wp-content/uploads/2019/01/shutterstock-241846339.png
000279.jpg,https://craftlog.com/m/i/4243920=s1280=h960
000280.jpg,https://i0.wp.com/everydaylatina.com/wp-content/uploads/2018/05/DSC05831-min.jpg?resize=628%2C419
000281.jpg,https://www.mexicoinmykitchen.com/wp-content/uploads/2018/09/Chile-de-arbol-salsa-1a-2.jpg
000282.jpg,https://www.lamexicanabremen.de/184-home_default/chile-de-arbol-seco-.jpg
000283.jpg,https://estag.fimagenes.com/img/4/1/S/K/q/1SKq_900.jpg
000284.jpg,https://enlacocina.mx/wp-content/uploads/2015/08/IMG_2752-e1477178875810.jpg
000285.jpg,https://www.pizcadesabor.com/wp-content/uploads/2016/12/Papas-al-chile-4.jpg
000286.jpg,https://www.thespruceeats.com/thmb/wgeqlarcT3PWCsObkiYbkxB7ViQ=/2000x1500/filters:no_upscale():max_bytes(150000):strip_icc()/GettyImages-550090083-57f959e93df78c690f7475c9.jpg
000287.jpg,http://4.bp.blogspot.com/_KdLp3eKpH5c/THtO9tMEg6I/AAAAAAAACb0/jmq-tVJEubA/s1600/Chilaca+verde.jpg
000288.jpg,http://mind-over-batter.com/blog/wp-content/uploads/2017/01/chili-oil2.jpg
000289.jpg,https://www.elsoldezacatecas.com.mx/incoming/6li34v-4724053-483x302.jpg/ALTERNATES/LANDSCAPE_768/4724053-483x302.jpg
000290.jpg,https://www.debate.com.mx/__export/1505326292951/sites/debate/img/2017/09/13/cocinaycomparte.jpg_219914347.jpg
000291.jpg,https://www.naturesproduce.com/wp-content/uploads/2018/09/chiledearbol.jpg
000292.jpg,https://video-images.vice.com/articles/5b9acb3113530f000637c7ed/lede/1536947761944-chiles.jpeg?crop=1xw%3A0.84375xh%3Bcenter%2Ccenter&resize=2000%3A*
000293.jpg,http://resizer.shared.arcpublishing.com/TKkBdkJctZ24xW-AhFGljLsg6sI=/arc-anglerfish-arc2-prod-bonnier/public/ASZ7FC4WVB5SUMXN3SCFMYFS2A.jpg
000294.jpg,https://t2.rg.ltmcdn.com/es/images/5/7/5/img_salchichas_a_la_diabla_con_chile_de_arbol_59575_600.jpg
000295.jpg,http://cdn.shopify.com/s/files/1/0111/1729/7722/products/chilli-de-arbol_2.jpg?v=1552559948
000296.jpg,https://www.fataliiseeds.net/wp-content/uploads/fromoldsite/duke_aji-800x800-324x324.jpg
000297.jpg,https://www.mexemarket.com/wp-content/uploads/2018/09/Carne-Seca-Chile-Arbol.jpg
000298.jpg,https://dorastable.com/wp-content/uploads/2011/05/chile-de-arbol-salsa2.jpg
000299.jpg,https://cocina-casera.com/mx/wp-content/uploads/2018/07/salsa-chile-arbol-aceite-1-700x400.jpg
000300.jpg,http://mamaconeja.com/resources/producto/138/WBysd3_Chile-de-arbol-bravo-en-polvo.jpg
000301.jpg,https://www.eluniversal.com.mx/sites/default/files/styles/f03-651x400/public/2016/08/31/nutritip_chile.jpg?itok=JlJRwxYQ
000302.jpg,https://i.blogs.es/579c83/asando-20chiles-20c-20m-20d-20a/450_1000.jpg
000303.jpg,https://i.ytimg.com/vi/7w9ec5BHXX8/hqdefault.jpg
000304.jpg,http://www.johnvenaproduce.com/OCM/photogalleries/Anaheim%202.jpg
000305.jpg,https://www.instantia.com/wp-content/uploads/2016/08/chile-en-polvo-banner.jpg
000306.jpg,https://www.cocinaland.com/wp-content/uploads/2015/11/chile-arbol-e1448470752421.jpg
000307.jpg,https://mysliceofmexico.files.wordpress.com/2018/10/011-chile-de-arbol.jpg?w=300&h=300
000308.jpg,https://www.cocinavital.mx/wp-content/uploads/2017/10/dip-de-mango-con-chile-de-a%CC%81rbol-e1549393294844.jpg
000309.jpg,https://www.chilipeppermadness.com/wp-content/uploads/2019/09/Temp-Pepper-Types.jpg
000310.jpg,https://www.magicplantfarms.com/wp-content/uploads/2016/10/De-Arbol-Pepper.jpg
000311.jpg,https://papasgardens.files.wordpress.com/2015/12/chilearbol4.jpg?w=656&h=300&crop=1
000312.jpg,https://www.ukchilliseeds.co.uk/ekmps/shops/chilliwizard/images/khorika-jolokia.-20-seeds-238-p[ekm]360x360[ekm].jpg
000313.jpg,https://www.naturalhealthmag.com.au/sites/default/files/imagecache/new-article-image/editorial/chillies.jpg
000314.jpg,http://bobbyflay.com/uploads/blogs/images/posts/dried_chiles-cover.jpg
000315.jpg,https://img.chilango.com/2016/11/chile-de-arbol.jpg
000316.jpg,https://img-global.cpcdn.com/002_recipes/96fbdfef53778fe5/751x532cq70/salsa-de-chile-de-arbol-asada-foto-principal.jpg
000317.jpg,http://lh5.ggpht.com/_1eC00ALSHt4/S5VntHJbwBI/AAAAAAAAFc4/7M0H9w5lcKQ/s512/7c4c3500-9229-4191-88db-4eed30ea0a3a.jpg
000318.jpg,https://hildaskitchenblog.com/wp-content/uploads/2019/07/arbol-chile-salsa.jpg
000319.jpg,https://www.spicescave.com/907-tm_thickbox_default/comprar-chile-de-arbol.jpg
000320.jpg,http://www.foodsubs.com/Photos/driedpequinchiles5.jpg
000321.jpg,https://picayrepica.com/wp-content/uploads/2019/01/shutterstock-194266508.png
000322.jpg,https://www.taqueriaelporton.com/wp-content/uploads/2015/04/Bistec-Al-La-Mexicana.jpg
000323.jpg,https://chilefacts.nmsu.edu/images/chiledearbol.jpg
000324.jpg,http://salsaspicantes.net/wp-content/uploads/2019/04/chile-pasilla.jpg
000325.jpg,https://s3.amazonaws.com/growlermag-media/wp-content/uploads/20190731212854/ChilePeppers-Featured.jpg
000326.jpg,http://fmdiabetes.org/wp-content/uploads/2015/02/ensalada_jicama2.jpg
000327.jpg,https://mjskitchen.com/wp-content/uploads/2013/05/SalsaChiledeArbol_can_Web.jpg
000328.jpg,http://www.escosa.mx/wp-content/uploads/2018/01/papas-cambray-con-chile-de-%C3%A1rbo.jpg
000329.jpg,https://i2.wp.com/www.fourtocookfor.com/wp-content/uploads/2015/07/chile-de-arbol-salsa-5.jpg?resize=800%2C533
000330.jpg,http://www.udg.mx/sites/default/files/img_noticias/150622_fotalecen_produccion_de_chile_en_jalisco_mr_2.jpg
000331.jpg,https://cdn.kiwilimon.com/recetaimagen/28786/th5-640x426-29255.jpg
000332.jpg,https://upload.wikimedia.org/wikipedia/commons/4/4c/Chiles_secos_de_M%C3%A9xico.jpg
000333.jpg,https://www.antestodoestoeracampo.net/wp-content/uploads/2017/09/Cultivo-de-chile-serrano.jpg
000334.jpg,https://shopcart.nmsu.edu/shopcontent/15/seedsdearbol.jpg
000335.jpg,https://www.fotonaturaleza.cl/data/media/4/Clinopodium_chilense_oreganillo_IMG_9100_edit_crop_3_x_2_websharp_vieta.jpg
000336.jpg,https://c8.alamy.com/compes/tr7egc/pimiento-rojo-en-el-huerto-de-verduras-de-hoja-verde-granja-de-chile-fondo-de-arbol-tr7egc.jpg
000337.jpg,https://cdn2.cocinadelirante.com/sites/default/files/styles/gallerie/public/images/2018/06/pozole-salsa-roja-chile-de-arbol-receta-estilo-jalisco.jpg
000338.jpg,http://fundaciondelchile.com/wp-content/uploads/2016/09/chile_piri_piri_01-520x625.jpg
000339.jpg,https://i0.wp.com/www.adrianasbestrecipes.com/wp-content/uploads/2017/07/The-Grilled-Chile-de-Arbol-Salsa-is-perfect-for-canning.jpg?resize=750%2C563&ssl=1
000340.jpg,https://i0.wp.com/dondayinsma.com/wp-content/uploads/2017/05/223712507.jpg?resize=600%2C353
000341.jpg,https://www.mexicoenmicocina.com/wp-content/uploads/2019/06/Chile-guajillo-chile-secos-683x1024.jpg
000342.jpg,http://2.bp.blogspot.com/-VEZ6BywpKH0/VWTEJUETJdI/AAAAAAAAJMg/6Mbx0Jc1AHA/s1600/salsamartajada4.png
000343.jpg,https://assets.bonappetit.com/photos/5d7bb8dcc0c7a2000844ab80/16:9/w_2560%2Cc_limit/Hatch-Chile-pile.jpg
000344.jpg,https://recetasd.com/wp-content/uploads/2013/01/chile-de-molcajete_roasted-tomatillo-chile-de-arbol-salsa2-750x320.jpg
000345.jpg,https://www.superhotchiles.com/wp-content/uploads/2018/05/Chile_de_Agua_1.jpg
000346.jpg,https://cdn.shopify.com/s/files/1/1055/0892/products/guajillo_chile_600x.png?v=1534277233
000347.jpg,https://www.isabeleats.com/wp-content/uploads/2018/09/camarones-a-la-diabla-small-1.jpg
000348.jpg,https://laroussecocina.mx/wp-content/uploads/2017/12/sopa-de-hongos-al-poblano-con-chile-de-arbol-001-larousse-cocina.jpg
000349.jpg,http://www.johnvenaproduce.com/OCM/photogalleries/Finger%20Chile%20Peppers%20-%20small.jpg
000350.jpg,https://elmercadodelpueblo.files.wordpress.com/2012/10/chiledearbol.jpg
000351.jpg,https://gourmetdemexico.com.mx/wp-content/uploads/2018/06/chile-de-agua.jpg
000352.jpg,https://hatch-chile-peppers.com/wp-content/uploads/2016/07/hatch-red-chile-peppers-650-dry.jpg
000353.jpg,https://aninspiredcook.files.wordpress.com/2013/01/chile-de-arbol-salsa-8.jpg
000354.jpg,https://i.ytimg.com/vi/tfFPwTjpgUc/maxresdefault.jpg
000355.jpg,https://dam.cocinafacil.com.mx/wp-content/uploads/2018/03/Camarones-con-chile-de-a%CC%81rbol.jpg
000356.jpg,https://masdemx.com/wp-content/uploads/2016/08/chiles-mas-picantes-mexico.jpg
000357.jpg,https://abastosonline.com/images/productos/Chile-de-arbol.jpg
000358.jpg,http://1.bp.blogspot.com/-8kGcY5VQtnM/T7LTLZ_2KtI/AAAAAAAAGPA/tIVXOrktlDs/s1600/salchichas+con+chile+de+arbol+(1).JPG
000359.jpg,https://s.yimg.com/aah/mex-grocer/chile-puya-dried-chile-pepper-by-el-sol-de-mexico-11.png
000360.jpg,https://www.spicesinc.com/Images/product/medium/1936.jpg
000361.jpg,https://www.chilipeppermadness.com/wp-content/uploads/2019/09/Malagueta-Peppers.jpg
000362.jpg,https://thumbs.dreamstime.com/z/%C3%A1rbol-hawaiano-de-la-planta-pimienta-chile-103900346.jpg
000363.jpg,https://pixnio.com/free-images/2018/09/27/2018-09-27-14-49-54.jpg
000364.jpg,https://jaliscocina.com/wp-content/uploads/2017/11/chile-Yahualica-do2.jpg
000365.jpg,https://1.bp.blogspot.com/-XCHRmAtoR4g/VGAAStbTjGI/AAAAAAAAScE/MzGnTbLNWyk/w1200-h630-p-k-no-nu/Chile%2Bde%2BMolcajete_Tomatillo_Arbol%2BChile_Salsa_1_LCDL.jpg
000366.jpg,https://rincondelchili.files.wordpress.com/2012/09/chile-arbol_3.jpg
000367.jpg,http://www.udg.mx/sites/default/files/img_noticias/171105_chile_de_arbol_yahualica_unico_en_la_gastronomia_jalisciense_sg_4.jpg
000368.jpg,https://images-na.ssl-images-amazon.com/images/I/51pYb9oKuDL._SL500_AC_SS350_.jpg
000369.jpg,https://pinaenlacocina.com/wp-content/uploads/2018/01/100_6528.jpg
000370.jpg,https://cdn.kiwilimon.com/recetaimagen/24005/th5-640x426-17530.jpg
000371.jpg,https://i1.wp.com/www.adrianasbestrecipes.com/wp-content/uploads/2017/07/This-grilled-chile-de-arbol-salsa-is-made-in-many-different-ways-everybody-has-their-own-technique.jpg?resize=750%2C563&ssl=1
000372.jpg,https://i.pinimg.com/originals/47/a8/a6/47a8a6d2496ded7dd1ef5266c98ff5fa.jpg
000373.jpg,https://woodlandfoods.com/img/WF_Images/C06-japones-chiles-peppers-main.jpg
000374.jpg,https://pics.davesgarden.com/pics/2005/08/27/kanita/75c5c7.jpg
000375.jpg,https://elholandespicante.com/wp-content/uploads/2015/06/chiles-cayenne
000376.jpg,https://www.chilipeppermadness.com/wp-content/uploads/2013/09/Jwala-Fingers-Peppers.jpg
000377.jpg,https://www.pepperscale.com/wp-content/uploads/2016/04/tien-tsin-pepper-768x614.jpg
000378.jpg,http://salsaspicantes.net/wp-content/uploads/2019/04/Chiles-serranos-390x200.jpg
000379.jpg,https://www.spicesinc.com/images/product/large/1035.jpg
000380.jpg,https://www.mexicanplease.com/wp-content/uploads/2019/05/Chile-de-Arbol-Salsa-12.jpg
000381.jpg,https://thumbs.dreamstime.com/b/chile-secado-de-arbol-20382878.jpg
000382.jpg,https://abarrotesdonacuca.com/292-thickbox_default/chile-de-arbol-seco-100g-el-sarape.jpg
000383.jpg,https://dam.cocinafacil.com.mx/wp-content/uploads/2018/03/alimentos-de-origen-mexicano.jpg
000384.jpg,https://pinaenlacocina.com/wp-content/uploads/2014/05/DSCF1422.jpg
000385.jpg,https://cdn2.cocinadelirante.com/sites/default/files/styles/gallerie/public/images/2018/06/salsa-de-chile-de-arbol-para-tacos-receta.jpg
000386.jpg,https://1.bp.blogspot.com/-GRxaYslrJ8Q/Wc15caBuzbI/AAAAAAAABQo/X5hOW15ieVI99oSoNkMgO7zBh7egKlWsgCLcBGAs/s1600/1063162.jpg
000387.jpg,https://s.yimg.com/aah/mex-grocer/chile-japones-by-el-sol-de-mexico-16.gif
000388.jpg,https://www.isabeleats.com/wp-content/uploads/2019/05/chile-de-arbol-step5.jpg
000389.jpg,https://i.ytimg.com/vi/TfOQHUWM-_M/maxresdefault.jpg
000390.jpg,https://www.chilipeppermadness.com/wp-content/uploads/2013/09/Cayenne-Peppers.jpg
000391.jpg,https://www.mexicanplease.com/wp-content/uploads/2019/05/scoville-chart-chile-de-arbol.jpg
000392.jpg,https://img-global.cpcdn.com/002_recipes/72ca546e2809633a/751x532cq70/salsa-tatemada-foto-principal.jpg
000393.jpg,https://www.mexicoenmicocina.com/wp-content/uploads/2019/06/Chile-de-Arbol-gui%CC%81a-de-chiles-secos--724x1024.jpg
000394.jpg,https://lh3.ggpht.com/_aP4DPESR2ps/TMtuHx1EX0I/AAAAAAAABBU/atEefpstAgI/Chiledearbol2_thumb3.jpg?imgmax=800
000395.jpg,https://i.pinimg.com/originals/d3/0d/96/d30d96ed6af2ce42f7d3586e1ddd3394.jpg
000396.jpg,https://delgrossofoodblog.files.wordpress.com/2012/02/fishtacos.jpg
000397.jpg,https://cdn2.cocinadelirante.com/sites/default/files/styles/gallerie/public/images/2019/07/receta-facil-de-salsa-picante-con-pina.jpg
000398.jpg,https://pinaenlacocina.com/wp-content/uploads/2017/06/004.jpg
000399.jpg,https://www.chilipeppermadness.com/wp-content/uploads/2018/08/Aci-Sivri-Cayenne-Pepper2.jpg
000400.jpg,http://www.udg.mx/sites/default/files/img_noticias/171105_chile_de_arbol_yahualica_unico_en_la_gastronomia_jalisciense_sg_1.jpg
000401.jpg,https://comemexico.files.wordpress.com/2012/12/pepperchilearbol.jpg?w=584
000402.jpg,https://www.mexicanplease.com/wp-content/uploads/2019/05/Chile-de-Arbol-Salsa-13.jpg
000403.jpg,https://www.isabeleats.com/wp-content/uploads/2018/09/camarones-a-la-diabla-small-3.jpg
000404.jpg,https://i.ytimg.com/vi/O9_s28a-Qgo/maxresdefault.jpg
000405.jpg,https://i.pinimg.com/originals/19/0c/d4/190cd4ff2c6d8fa775a05902ee0fb183.jpg
000406.jpg,https://www.mexicoenmicocina.com/wp-content/uploads/2018/04/salsa-de-chile-de-arbol-7.jpg
000407.jpg,https://www.mexicanplease.com/wp-content/uploads/2019/05/Chile-de-Arbol-Salsa-14.jpg
000408.jpg,https://i.ytimg.com/vi/1ugJcJ_gBkQ/maxresdefault.jpg
000409.jpg,https://www.chilipeppermadness.com/wp-content/uploads/2018/10/Chili-Colorado-Chili-Peppers.jpg
000410.jpg,https://pinaenlacocina.com/wp-content/uploads/2014/05/100_6505.jpg
000411.jpg,https://cdn2.cocinadelirante.com/sites/default/files/styles/gallerie/public/como-puedo-plantar-chiles-cosecha.jpg
000412.jpg,https://pinaenlacocina.com/wp-content/uploads/2017/06/003.jpg
000413.jpg,https://cdn2.cocinadelirante.com/sites/default/files/styles/gallerie/public/images/2019/07/recetas-de-salsas-picantes-con-chile-de-arbol-y-chile-verde.jpg
000414.jpg,https://i.pinimg.com/originals/ae/e9/b7/aee9b71a6e4b1ebc32c7507e62bed046.jpg
000415.jpg,https://i.ytimg.com/vi/DBOK5P0h5PA/maxresdefault.jpg
000416.jpg,https://www.mexicanplease.com/wp-content/uploads/2019/05/Chile-de-Arbol-Salsa-5.jpg
000417.jpg,https://www.chilipeppermadness.com/wp-content/uploads/2013/10/Diablo-Grande-Peppers.jpg
000418.jpg,https://pinaenlacocina.com/wp-content/uploads/2014/12/100_5480.jpg
000419.jpg,https://i.ytimg.com/vi/qQQEaJbRD2A/maxresdefault.jpg
000420.jpg,https://i.ytimg.com/vi/9KoYpzZBhZo/hqdefault.jpg
000421.jpg,https://pinaenlacocina.com/wp-content/uploads/2016/08/13769380_1127957200611802_6609591420132348686_n.jpg
000422.jpg,https://pinaenlacocina.com/wp-content/uploads/2015/06/100_7336.jpg
000423.jpg,https://pinaenlacocina.com/wp-content/uploads/2014/05/100_5582.jpg
000424.jpg,https://www.savoryspiceshop.com/content/mercury_modules/cart/items/2/7/4/2740/chile-de-arbol-pepper-1.jpg
000425.jpg,https://1rxbfb2hflyo2jt6jd3f6sjr-wpengine.netdna-ssl.com/wp-content/uploads/2014/11/PP641-1.jpg
000426.jpg,http://cdn.shopify.com/s/files/1/0011/2341/8172/products/PP641-2_1024x1024.jpg
000427.jpg,https://i0.wp.com/bonnieplants.com/wp-content/uploads/chile-de-arbol-hot-pepper.jpg
000428.jpg,https://static.thespicehouse.com/images/file/302/large_square_Chile_de_Arbol_Peppers__close.jpg
000429.jpg,https://delgrossofoodblog.files.wordpress.com/2012/02/fishtacos.jpg
000430.jpg,https://1rxbfb2hflyo2jt6jd3f6sjr-wpengine.netdna-ssl.com/wp-content/uploads/2014/11/PP641-4.jpg
000431.jpg,https://i1.wp.com/sweetlifebake.com/wp-content/uploads/2016/05/toasted-chile-de-arbol-salsa-vianneyrodriguez-sweetlifebake.jpg
000432.jpg,http://www.outofmex.com/wp-content/gallery/wholesale/Chile-De-Arbol-w_stems.jpg
000433.jpg,http://vallartaeats.wpengine.com/wp-content/uploads/2016/10/Mature_Chile_de_arbol_peppers.jpg
000434.jpg,https://1rxbfb2hflyo2jt6jd3f6sjr-wpengine.netdna-ssl.com/wp-content/uploads/2014/11/PP641-3.jpg
000435.jpg,https://d2droglu4qf8st.cloudfront.net/2016/03/267217/recipe-13947_Large500_ID-1503675.jpg
000436.jpg,https://papasgardens.files.wordpress.com/2015/08/chile_de_arbol_peppers_med_hr.jpg
000437.jpg,https://www.mexicodesconocido.com.mx/wp-content/uploads/2018/03/chile-de-arbol.jpg
000438.jpg,http://barbacoamx.com/wp-content/uploads/2016/11/chile-de-arbol.jpg
000439.jpg,http://www.outofmex.com/wp-content/gallery/wholesale/Chile-De-Arbol-no-stems.jpg
000440.jpg,http://1.bp.blogspot.com/-XCHRmAtoR4g/VGAAStbTjGI/AAAAAAAAScE/MzGnTbLNWyk/s1600/Chile%2Bde%2BMolcajete_Tomatillo_Arbol%2BChile_Salsa_1_LCDL.jpg
000441.jpg,https://hispanickitchen.com/wp-content/uploads/2012/02/100_4284.jpg
000442.jpg,http://sweetlifebake.com/wp-content/uploads/2016/05/chile-de-arbol-salsa-vianneyrodriguez-sweetlifebake.jpg
000443.jpg,https://cdn.shopify.com/s/files/1/1420/8798/products/pepper-sweethot-chile-de-arbol-capsicum-annuum-seeds-amkha-seed_813_1024x.jpg
000444.jpg,https://www.mexicoinmykitchen.com/wp-content/uploads/2018/09/Chile-de-arbol-salsa-recipe-3.jpg
000445.jpg,http://www.udg.mx/sites/default/files/img_noticias/171105_chile_de_arbol_yahualica_unico_en_la_gastronomia_jalisciense_sg_3.jpg
000446.jpg,http://www.thechileguy.com/wp-content/blogs.dir/17/files/2016/03/De-Arbol-Chile-wout-stem.jpg
000447.jpg,https://www.pepperscale.com/wp-content/uploads/2015/03/chile-de-arbol-substitute-1.jpg
000448.jpg,https://inmamamaggieskitchen.com/wp-content/uploads/2018/05/Chile-de-Arbol-Salsa-with-Chips.jpg
000449.jpg,https://s-media-cache-ak0.pinimg.com/736x/22/66/56/226656a284edfcff64ae2c942a7f2e40.jpg
000450.jpg,https://www.mexicampo.com.mx/wp-content/uploads/2018/09/chile-de-arbol-de-yahualica-D_NQ_NP_643115-MLM25837125683_082017-F.jpg
000451.jpg,https://2.bp.blogspot.com/-7z24EW1stlY/WtjyR3ttH5I/AAAAAAAAZKM/oQgggsHCjzwYPDpoQS-e3LZHlP3u9vQ2wCLcBGAs/s1600/chile-de-arbol-hot-sauce-2.jpg
000452.jpg,https://i1.wp.com/sweetlifebake.com/wp-content/uploads/2016/05/toasted-chile-de-arbol-salsa-tomatillos-vianneyrodriguez-sweetlifebake.jpg
000453.jpg,http://www.udg.mx/sites/default/files/img_noticias/171105_chile_de_arbol_yahualica_unico_en_la_gastronomia_jalisciense_sg_2.jpg
000454.jpg,https://www.ethno-botanik.org/fotos/Chile-de-Arbol.jpg
000455.jpg,https://hispanickitchen.com/wp-content/uploads/2016/12/chile-de-arbol-landscape-low-res-1.jpg
000456.jpg,https://www.mihuacal.com/upload/products/57386743758f0df73bc6296.62307343_24%20chile%20de%20arbol.jpg
000457.jpg,https://elholandespicante.com/shop/wp-content/uploads/2016/11/chiles-de-arbol-2.jpg
000458.jpg,https://jalapenostugitana.es/wp-content/uploads/CHILE-DE-ARBOL-SECO-100G.jpg
000459.jpg,http://www.lamolinera.com.mx/store/9-thickbox_default/chile-arbol-con-pata.jpg
000460.jpg,http://elholandespicante.com/wp-content/uploads/2015/07/chiles-chile-de-arbol.jpg
000461.jpg,https://2.bp.blogspot.com/-wZkVO1xL8_s/VGAASQllu6I/AAAAAAAAScA/ZH_NWUISfy4/s1600/Chile%2Bde%2BMolcajete_2_LCDL.jpg
000462.jpg,https://papasgardens.files.wordpress.com/2015/08/wp_20150825_18_49_28_pro.jpg
000463.jpg,https://www.ethno2.ethno-botanik.org/Capsicum/Chile-de-Arbol/Fotos/500/Chile-de-Arbol-15.jpg
000464.jpg,https://rincondelchili.files.wordpress.com/2012/09/chile-arbol_6.jpg
000465.jpg,https://rincondelchili.files.wordpress.com/2012/09/chile-arbol_2.jpg
000466.jpg,https://hispanickitchen.com/wp-content/uploads/2012/02/100_4281.jpg
000467.jpg,https://s-media-cache-ak0.pinimg.com/736x/42/cc/f7/42ccf7916d7b75ea735fb35e5376fba4.jpg
000468.jpg,https://www.ethno-botanik.org/fotos/Chile-de-Arbol-6.jpg
000469.jpg,https://www.cocinarygozar.com/wp-content/uploads/2017/07/salsa-de-chile-de-arbol-y-comino-cocinar-y-gozar.jpg
000470.jpg,http://masdemx.com/wp-content/uploads/2017/05/salsa-chile-de-arbol.jpg
000471.jpg,https://entresemillas.com/semillas/1837-thickbox_default/pimiento-chile-de-arbol.jpg
000472.jpg,https://www.kavolta.com/wp-content/uploads/2017/09/chile_arbol_yahualica.jpg
000473.jpg,https://i.pinimg.com/originals/31/dd/26/31dd268578531ab03c118870d0ee43fe.jpg
000474.jpg,https://www.enchilameestagorda.com/wp-content/uploads/2018/03/Ingredientes-para-salsa-roja.jpg
000475.jpg,https://www.adrianasbestrecipes.com/wp-content/uploads/2017/07/Grilled-Chile-de-Arbol-Salsa-Smoky-Goodness.jpg
000476.jpg,https://images.bonanzastatic.com/afu/images/2847/8719/98/DSC09895-02.jpg
000477.jpg,https://s-media-cache-ak0.pinimg.com/736x/7e/eb/7c/7eeb7ccb025f41f497b8d323eb96723d.jpg
000478.jpg,http://chefmaca.com/wp-content/uploads/2014/06/IMG_9835.jpg
000479.jpg,https://breadandtortillas.files.wordpress.com/2013/04/dsc_0794.jpg
000480.jpg,https://www.ethno-botanik.org/fotos/Chile-de-Arbol-5.jpg
000481.jpg,https://shop.westlandpeppers.com/wp-content/uploads/2017/07/gedroogde_chile_de_arbol_westlandpeppers-3.jpg
000482.jpg,https://www.ethno-botanik.org/fotos/Chile-de-Arbol-2.jpg
000483.jpg,https://todoespecias.com/753-thickbox_default/chile-arbol-seco.jpg
000484.jpg,https://www.ethno-botanik.org/fotos/Chile-de-Arbol-7.jpg
000485.jpg,http://pinaenlacocina.com/wp-content/uploads/2014/04/100_5757-768x1024.jpg
000486.jpg,https://shop.westlandpeppers.com/wp-content/uploads/2017/07/gedroogde_chile_de_arbol_westlandpeppers-2.jpg
000487.jpg,https://www.spicescave.com/906-tm_thickbox_default/comprar-chile-de-arbol.jpg
000488.jpg,http://c8.alamy.com/comp/J5JN0N/dried-de-arbol-chiles-pile-of-whole-clipping-paths-shadow-separated-J5JN0N.jpg
000489.jpg,https://www.spicescave.com/908-tm_thickbox_default/comprar-chile-de-arbol.jpg
000490.jpg,https://i.pinimg.com/736x/03/f9/45/03f945416f45a86306c35345781ad3da--chile-flora.jpg
000491.jpg,http://plentyofsnacks.com/wp-content/uploads/2017/04/Chile-de-Arbol-3-1024x684.jpg
000492.jpg,http://2.bp.blogspot.com/-1G0-A9DNU9A/UsuSKO5Y_rI/AAAAAAAADj0/YgioqX6N3DE/s1600/salsas+mexicanas+tomate+verde+o+tomatillo+chile+de+arbol+y+ajo.jpg
000493.jpg,http://2.bp.blogspot.com/-JgKDBmTexrE/WVqGcZIslOI/AAAAAAAAXUs/__C-eWTZSkAX3JtEBwZSYu81vQu1OxGuQCK4BGAYYCw/s1600/Lettuce_Tacos_de+Lechuga_2_LCDL+.jpg
000494.jpg,https://www.sazoname.com/wp-content/uploads/2015/05/salsa-de-arbol-y-cacahuate.jpg
000495.jpg,https://c8.alamy.com/comp/HWGKT0/pile-of-de-arbol-chile-peppers-capsicum-annuum-red-ripe-clipping-paths-HWGKT0.jpg
000496.jpg,http://mozalogroup.com/wp-content/uploads/2017/01/Salsa-de-Chile-de-rbol-2.jpg
000497.jpg,https://cookinfanatic.files.wordpress.com/2010/11/img_0354.jpg
000498.jpg,http://www.larecomelona.com/wp-content/uploads/2017/03/img_8505.jpg
000499.jpg,http://mozalogroup.com/wp-content/uploads/2017/01/salsa-de-chile-de-rbol.jpg
000500.jpg,https://cdn3.volusion.com/yjdvl.qexae/v/vspfiles/photos/DeArbol-2.jpg
000501.jpg,https://c8.alamy.com/comp/K5W6WG/arbol-de-piedra-in-the-snow-rbol-de-piedra-stone-tree-siloli-desert-K5W6WG.jpg
000502.jpg,https://shop.westlandpeppers.com/wp-content/uploads/2014/04/gedroogde-chili-arbol_westlandpeppers-2.jpg
000503.jpg,https://arbolesnativos.files.wordpress.com/2010/09/patagua1.jpg
000504.jpg,https://cookinfanatic.files.wordpress.com/2010/11/img_0350.jpg
000505.jpg,https://c8.alamy.com/comp/DPW0YG/stone-tree-rock-formation-in-the-bolivian-desert-arbol-de-piedra-bolivia-DPW0YG.jpg
000506.jpg,https://www.mexicanplease.com/wp-content/uploads/2015/10/dried-chili-peppers-chipotle-ancho-chile-de-arbol.jpg
000507.jpg,https://www.trekkingchile.com/es/wp-content/uploads/sites/4/2019/10/rboles.jpg
000508.jpg,https://www.arquitecturaydiseno.es/medio/2019/10/17/serie-quasi-oasis-17-en-avenida-simon-bolivar-de-santiago-de-chile-de-sebastian-mejia-2012_c025eb4d_800x1000.jpg
000509.jpg,https://www.welovecmyk.com/wp-content/uploads/2016/10/chile-de-arbol-kitchen-art-chili-pepper-print-mexican-rustic-large-print-poster-giclee-on-satin-or-cotton-canvas-5817ac4b1.jpg
000510.jpg,https://media.telemundo47.com/images/1200*675/TLMD-arbolito-2019-nyc.jpg
000511.jpg,https://www.uniradioserver.com/media/news_thumbs/201910/20191022154632_17.jpg
000512.jpg,https://c8.alamy.com/comp/HWGKTJ/de-arbol-chile-peppers-capsicum-annuum-red-ripe-clipping-paths-shadow-HWGKTJ.jpg
000513.jpg,https://www.arquitecturaydiseno.es/medio/2019/10/17/fraxinus-excelsior-l-de-cesare-leonardi-y-franca-stagi-1963-1982_56270d33_925x1000.jpg
000514.jpg,https://www.uniradioserver.com/media/news_thumbs/201910/20191023081611_17.jpg
000515.jpg,https://media.telemundo47.com/images/1201*675/tlmd-efe-Trudeau-poder.jpg
000516.jpg,http://plantasyjardin.com/wp-content/uploads/2011/04/Araucaria-detalle-de-conos-en-verano..jpg
000517.jpg,https://media.telemundochicago.com/images/690*389/Ozuna-EFE.jpg
000518.jpg,https://seunonoticias.mx/wp-content/uploads/2019/10/se-registran-dos-sismos-de-magnitud-45-y-42-en-petatlan-guerrero-ssn-1045x602.jpg
