image,source
000001.jpg,https://www.pepperscale.com/wp-content/uploads/2016/01/Chilaca-Pepper-768x512.jpg
000002.jpg,https://www.cayennediane.com/wp-content/uploads/2014/02/Chilaca.jpg
000003.jpg,http://www.specialtyproduce.com/sppics/8010.png
000004.jpg,https://www.chilipeppermadness.com/wp-content/uploads/2019/08/Chilaca-Peppers.jpg
000005.jpg,https://www.melissas.com/v/vspfiles/photos/546-2T.jpg
000006.jpg,https://worldcrops.org/sites/worldcrops.org/files/crops/Chilaca_at_UMass-700.jpg
000007.jpg,https://cdn1.bigcommerce.com/server700/5mvrqhbm/products/953/images/148210/chilaca-pepper__19358.1515433339.1280.1280.jpg?c=2
000008.jpg,https://portalvhds26k4f5tktj3ck.blob.core.windows.net/spotpics/sp43656.jpg
000009.jpg,https://d7hlq31pmx5mz.cloudfront.net/wp-content/uploads/chilaca-pepper.jpg
000010.jpg,https://i.pinimg.com/originals/fa/ea/cf/faeacf63679b786c535b30f19e0d5559.jpg
000011.jpg,https://previews.123rf.com/images/maxsol7/maxsol71805/maxsol7180500028/101747588-pasilla-bajio-chili-or-chile-negro-a-dried-chilaca-pepper-whole-pods.jpg
000012.jpg,https://www.superhotchiles.com/wp-content/uploads/2018/04/Pasilla-Bajio-Chilaca-Pepper-seeds.jpg
000013.jpg,https://www.magicgardenseeds.com/pics/mgs/CAP18/1000/Chilaca-Chili-pepper-(Capsicum-annuum).jpg
000014.jpg,https://previews.123rf.com/images/maxsol7/maxsol71805/maxsol7180500003/100941947-pasilla-bajio-or-chilaca-chili-pepper-capsicum-annuum-whole-green-pod.jpg
000015.jpg,https://st3.depositphotos.com/3147771/19411/i/1600/depositphotos_194111452-stock-photo-pasilla-chilaca-chile-pepper.jpg
000016.jpg,https://images-na.ssl-images-amazon.com/images/I/51G7JAuZkAL.jpg
000017.jpg,https://www.marxfoods.com/images/Fresh-Pasilla-Chiles-Chilaca_FreshPasillaChilesChilaca-1.jpg
000018.jpg,https://www.amazingfoodmadeeasy.com/peppers/pepper_images/chil-none.jpg
000019.jpg,http://www.heliotricity.com/wp-content/uploads/2018/01/Chilaca-Chile-Peppers.jpg
000020.jpg,https://www.kerneliv.dk/1852-large_default/chili-pepper-chilaca-.jpg
000021.jpg,https://previews.123rf.com/images/ottoblotto/ottoblotto1809/ottoblotto180900031/111832401-single-curved-chilaca-pepper-ample-copy-space-isolated-on-white-horizontal-aspect.jpg
000022.jpg,http://preppings.com/wp-content/uploads/2014/07/chilaca.chile_.jpg
000023.jpg,https://media.istockphoto.com/photos/pasilla-chilaca-chile-peppers-picture-id966327098
000024.jpg,https://www.thespruceeats.com/thmb/oRQkQJ-HcQdLgBEI1IemlQnbV4w=/735x0/GettyImages-186590319-5c6b302f46e0fb0001b35dd6.jpg
000025.jpg,https://www.botanicalinterests.com/images/popup/0181i_Pepper-Chile-Pasilla-Bajio.jpg
000026.jpg,https://c8.alamy.com/comp/J4AEE0/chilaca-chilli-J4AEE0.jpg
000027.jpg,https://cdn2.vectorstock.com/i/1000x1000/72/76/chilaca-pepper-vector-24877276.jpg
000028.jpg,https://qph.fs.quoracdn.net/main-qimg-1107b13a51e5b9c62dac5db608058aef
000029.jpg,https://s.ecrater.com/stores/59305/562f8a6bad949_59305b.jpg
000030.jpg,https://d7hlq31pmx5mz.cloudfront.net/wp-content/uploads/Chile-Pasilla.jpg
000031.jpg,https://worldcrops.org/sites/worldcrops.org/files/crops/Chilaca_in_Queens.jpg
000032.jpg,https://thumbs.dreamstime.com/z/chilaca-pasilla-chile-peppers-paths-top-chilaca-chile-peppers-known-as-pasilla-bajio-ripe-dried-whole-pods-top-view-120550485.jpg
000033.jpg,https://previews.123rf.com/images/maxsol7/maxsol71806/maxsol7180600003/102895906-pasilla-bajio-chilaca-chili-peppers-immature-ripe-brown-dried-whole-pods.jpg
000034.jpg,https://fscomps.fotosearch.com/compc/CSP/CSP125/brown-chilaca-pasilla-chile-pepper-stock-photo__k63357819.jpg
000035.jpg,https://image.shutterstock.com/image-photo/three-chilaca-peppers-overhead-view-260nw-1182720133.jpg
000036.jpg,https://i.pinimg.com/originals/71/ca/6d/71ca6defdaef84234ca743fd0f2a6e3d.jpg
000037.jpg,https://www.pepperscale.com/wp-content/uploads/2015/12/pasilla-vs-poblano_1050-768x512.jpg
000038.jpg,https://cdn.shopify.com/s/files/1/0043/4900/1839/products/Pepper-Chilaca_3888x.jpg?v=1536619362
000039.jpg,https://i.imgur.com/EdOU9uyh.jpg
000040.jpg,https://suttons.s3.amazonaws.com/p/187510f_3.jpg
000041.jpg,https://images-na.ssl-images-amazon.com/images/I/51eM72ioPmL._SX355_.jpg
000042.jpg,https://envato-shoebox-0.imgix.net/cded/268a-2658-4c7a-9f76-c110f55a53a5/Pasilla+Bajio+Comp+1+copy.jpg?auto=compress%2Cformat&fit=max&mark=https%3A%2F%2Felements-assets.envato.com%2Fstatic%2Fwatermark2.png&markalign=center%2Cmiddle&markalpha=18&w=700&s=3e9ae12eb059499f07493c41292fe69b
000043.jpg,https://images1.novica.net/pictures/7/p357242_2a_400.jpg
000044.jpg,https://i.ebayimg.com/images/g/OA4AAMXQhpdRxOfi/s-l640.jpg
000045.jpg,https://pocketchangegourmet.com/wp-content/uploads/2013/04/Anaheim.jpg
000046.jpg,https://media.istockphoto.com/photos/brown-chilaca-pasilla-chile-peppers-paths-picture-id1001396406
000047.jpg,https://www.rareseeds.com/assets/1/14/DimRegular/Pepper-Pasilla-Bajio-LSS-299.jpg
000048.jpg,https://i2.wp.com/punkymoms.com/wp-content/uploads/2016/05/Pickles-5-2.jpg?resize=678%2C381&ssl=1
000049.jpg,https://grist.files.wordpress.com/2011/11/pepper_chart
000050.jpg,https://c8.alamy.com/comp/AE04MP/chili-pepper-paprika-capsicum-annuum-red-chilaca-chili-usa-california-AE04MP.jpg
000051.jpg,https://cdn.shopify.com/s/files/1/1420/8798/products/Pepper_hot_Chilaca_Mexican_Negro_-_Capsicum_chinense.jpg?v=1558197148
000052.jpg,https://www.magicplantfarms.com/wp-content/uploads/2016/10/Pasilla-Whole-Podds.jpg
000053.jpg,https://thumbs.dreamstime.com/z/mexican-chile-peppers-paths-arbol-pasilla-guajillo-poblano-habanero-jalapeno-clipping-112800197.jpg
000054.jpg,https://image.shutterstock.com/image-photo/three-chilaca-peppers-forming-ecology-260nw-1182720499.jpg
000055.jpg,https://www.greengardeningcookingcuring.com/Chiles/chili-chilacas.jpg
000056.jpg,https://upload.wikimedia.org/wikipedia/commons/d/d5/Pasillachiles.jpg
000057.jpg,http://img.photobucket.com/albums/v510/willard3/chilaca2-1.jpg
000058.jpg,https://www.chilipeppermadness.com/wp-content/uploads/2019/07/Cubanelle-Peppers.jpg
000059.jpg,https://www.pepperscale.com/wp-content/uploads/2015/03/cowhorn-pepper-1-768x768.jpg
000060.jpg,https://www.thespruceeats.com/thmb/n52lY4cLVTA3a9ZrOX_kaNO0Sk0=/724x483/filters:no_upscale():max_bytes(150000):strip_icc()/GettyImages-171319124-5c6b30d446e0fb00019172ec.jpg
000061.jpg,https://media.istockphoto.com/photos/pasilla-bajio-chilaca-peppers-leaves-paths-picture-id932600788
000062.jpg,https://s3-media2.fl.yelpcdn.com/bphoto/g4pQt3TkPUnWsFlaI4CVKg/o.jpg
000063.jpg,http://www.spiciefoodie.com/wp-content/wp_uploads/2016/01/ChilacaPepperSalsa.jpg
000064.jpg,https://www.spicesinc.com/images/product/large/293.jpg
000065.jpg,https://ssl.bigstockimages.com/3/4/2/large1500/243081166.jpg
000066.jpg,https://cdn.shopify.com/s/files/1/0871/0950/files/PasillaChilaca2016Front_large.gif?v=1480380572
000067.jpg,https://static.wixstatic.com/media/c9e654_56744c6624ca470b8ac2bf25b85cfd81.png/v1/fill/w_571,h_298,al_c,lg_1,q_85/c9e654_56744c6624ca470b8ac2bf25b85cfd81.webp
000068.jpg,https://www.gourmetsleuth.com/images/default-source/dictionary/chilechilacasm-jpg.jpg?sfvrsn=2
000069.jpg,https://steemitimages.com/640x0/https://i.postimg.cc/02wQSm85/IMG-6523.jpg
000070.jpg,https://www.curiouscuisiniere.com/wp-content/uploads/2018/05/Dried-Chile-Pepper-Pin.21.jpg
000071.jpg,https://image.shutterstock.com/image-photo/three-curved-green-chilaca-peppers-260nw-1182720106.jpg
000072.jpg,https://www.chaoticgenetics.com/img/product_photos/BANXPAB.4.labeled.jpg
000073.jpg,http://charleysveggies.com/wp-content/uploads/pepper-Pasilla.jpg
000074.jpg,https://www.chilipeppermadness.com/wp-content/uploads/2019/09/Numex-Joe-E-Parker.jpg
000075.jpg,https://image.shutterstock.com/display_pic_with_logo/2124014/1143375872/stock-photo-pasilla-bajio-a-dried-chilaca-peppers-or-chile-negro-single-pods-top-view-1143375872.jpg
000076.jpg,https://static1.bigstockphoto.com/9/5/2/large1500/259067206.jpg
000077.jpg,https://c8.alamy.com/comp/XCF8F2/chili-pepper-paprika-capsicum-annuum-red-chilaca-chili-plant-usa-california-XCF8F2.jpg
000078.jpg,https://upload.wikimedia.org/wikipedia/commons/6/68/Facing_heaven_chillies.jpg
000079.jpg,https://www.canr.msu.edu/peppers/uploads/images/Mexican%20capsicum%20peppers%20and%20their%20chiles.jpg
000080.jpg,http://www.spiciefoodie.com/wp-content/wp_uploads/2016/01/ChickenStwedinChilacaPepperSalsa.jpg
000081.jpg,https://previews.agefotostock.com/previewimage/medibigoff/df1b0085f87cebff95c0e4528af0a9f3/bwi-bs090472.jpg
000082.jpg,https://envato-shoebox-0.imgix.net/e593/5ff2-4c23-4f5c-9841-974e85e00c45/Chilaca+Chiles+2018+copy.jpg?auto=compress%2Cformat&fit=max&mark=https%3A%2F%2Felements-assets.envato.com%2Fstatic%2Fwatermark2.png&markalign=center%2Cmiddle&markalpha=18&w=1600&s=57cae5c12dda86ff1e378c36ee4c8442
000083.jpg,https://st3.depositphotos.com/3552261/17646/v/1600/depositphotos_176463306-stock-illustration-pasilla-chilechile-negrohot-chili-pepper.jpg
000084.jpg,https://cdn1.bigcommerce.com/server700/5mvrqhbm/products/964/images/148748/guajillo-pepper-x__80817.1515434837.1280.1280.jpg?c=2
000085.jpg,http://reneaverett.me/skinnygirl/wp-content/uploads/2015/04/1200px-Fresh_chilaca_chillies-e1429037686598.jpg
000086.jpg,http://brokeassgourmet.com/images/recipe-hero/341.jpg
000087.jpg,https://chasingchilli.com.au/wp-content/uploads/2017/04/Carolina-Reaper.png
000088.jpg,https://www.pepperscale.com/wp-content/uploads/2017/04/Poblano-Pepper-Nutrition-1024x683.jpeg
000089.jpg,https://www.tropicalplantbook.com/Herbs_and_Spices/peppers/Chilaca-pepper-400.jpg
000090.jpg,https://www.diversivore.com/wp-content/uploads/2016/06/Pasilla-Chilies-feature.jpg
000091.jpg,https://d7hlq31pmx5mz.cloudfront.net/wp-content/uploads/Chile-Pulla.jpg
000092.jpg,https://cdn.shopify.com/s/files/1/0043/4900/1839/products/Pepper-Antohi-Romanian_195x195@2x.jpg?v=1536619423
000093.jpg,http://s.ecrater.com/stores/59305/5437e7976b2be_59305b.jpg
000094.jpg,https://i.redd.it/l3inx16yk3e31.jpg
000095.jpg,https://i.pinimg.com/originals/7c/5f/70/7c5f7005e15225c93401fce22ac28703.jpg
000096.jpg,https://cdn.shopify.com/s/files/1/0871/0950/products/passilabrown_1024x1024.gif?v=1554329195
000097.jpg,https://images-na.ssl-images-amazon.com/images/I/614oMI3wSUL._SX355_.jpg
000098.jpg,https://foodal.com/wp-content/uploads/2014/07/Delicious-Vegetarian-Grilled-Stuffed-Pasilla-Peppers.jpg
000099.jpg,https://c8.alamy.com/comp/KMWP0K/chilaca-chili-pepper-KMWP0K.jpg
000100.jpg,http://www.ecoseeds.com/PEPPER21.JPG
000101.jpg,https://i.postimg.cc/c1V3PdCH/IMG-6536.jpg
000102.jpg,https://images-eu.ssl-images-amazon.com/images/I/41lh3S9wUzL.jpg
000103.jpg,https://cdn-image.foodandwine.com/sites/default/files/variety-of-chile-chilaca-blog0817.jpg
000104.jpg,https://i.ytimg.com/vi/2fChbzlRR7I/maxresdefault.jpg
000105.jpg,https://4.bp.blogspot.com/-v_Z8ynr5dBs/TjmjhGfZMgI/AAAAAAAALMU/1QsLZTeEuKE/s1600/P1090680.JPG
000106.jpg,https://comps.canstockphoto.com/pasilla-chilechile-negrohot-chili-image_csp26629278.jpg
000107.jpg,https://www.chilipeppermadness.com/wp-content/uploads/2013/09/Pequin-Peppers.jpg
000108.jpg,https://www.spicesinc.com/images/product/large/825.jpg
000109.jpg,https://static.wixstatic.com/media/105fba_91bf816c38034c8cba87fddc60ad0546.jpg/v1/fit/w_500,h_500,q_90/file.jpg
000110.jpg,https://in-sight.symrise.com/uploads/pics/chilievolution.png
000111.jpg,https://pembinavalley.hellogoodbuy.ca/system/uploads/asset/photo/233465/small_1A762630-0E74-4BC4-9DC0-67F00AEF5157.jpeg
000112.jpg,https://honest-food.net/wp-content/uploads/2019/04/chilaca-chiles.jpg
000113.jpg,http://www.ecoseeds.com/PEPPER14.JPG
000114.jpg,http://www.heliotricity.com/wp-content/uploads/2018/01/Anaheim-chile-peppers.jpg
000115.jpg,https://cdn.shopify.com/s/files/1/1420/8798/products/pepper-hot-jalapeno-m-capsicum-annuum-seeds-amkha-seed_737_large.jpg
000116.jpg,https://cdn.kiwilimon.com/recetaimagen/32637/38109.jpg
000117.jpg,https://www.curiouscuisiniere.com/wp-content/uploads/2018/02/Mexican-Chilies-Arbol-4519.21.jpg
000118.jpg,https://spicespecialist.com/spice/wp-content/uploads/pasilla-peppers-whole-chile.jpg
000119.jpg,https://cdn.shopify.com/s/files/1/0043/4900/1839/products/Pepper-Gernika_195x195@2x.jpg?v=1536619326
000120.jpg,http://www.specialtyproduce.com/sppics/263.png
000121.jpg,https://assets.epicurious.com/photos/5baa70887f6592487f97a8ea/6:4/w_1600%2Cc_limit/shutterstock_713262178.jpg
000122.jpg,https://www.spiceography.com/wp-content/uploads/2019/02/pasilla-powder-768x510.jpg
000123.jpg,http://better-produce.com/wp-content/uploads/pasilla-peppers-california.jpg
000124.jpg,http://cookingstoned.tv/how-to/all-about-chile-peppers/chile-peppers/
000125.jpg,https://www.victoriananursery.co.uk/images/800/chilli_pepper_pasilla_bajio_001.jpg
000126.jpg,http://www.johnvenaproduce.com/OCM/photogalleries/pasilla1.png
000127.jpg,https://upload.wikimedia.org/wikipedia/commons/e/e5/Chilesdearbol.jpg
000128.jpg,https://cuesa.org/sites/default/files/styles/scale_610px/public/chilaca.jpg?itok=tDMaE8lQ
000129.jpg,https://www.superhotchiles.com/wp-content/uploads/2018/04/Jamaican-Red-Mushroom-Pepper-seeds-300x225.jpg
000130.jpg,https://www.thespruceeats.com/thmb/GDKrZb5PEqBom2CDajxoQ_b27Hs=/2000x1334/filters:no_upscale():max_bytes(150000):strip_icc()/Poblano-Peppers-5808d3895f9b5805c2cb5773.jpg
000131.jpg,https://inmamamaggieskitchen.com/wp-content/uploads/2019/03/SOCIAL-Poblano-Pepper-.jpg
000132.jpg,https://www.johnnyseeds.com/dw/image/v2/BBBW_PRD/on/demandware.static/-/Sites-jss-master/default/dw9ea8c40a/images/products/vegetables/03573_01_dragons_toe.jpg?sw=280&cx=302&cy=0&cw=1196&ch=1196
000133.jpg,http://nebula.wsimg.com/020611494f3faa43146ff3ba3b7655d0?AccessKeyId=4666F146996DD20F0A74&disposition=0&alloworigin=1
000134.jpg,https://t4.ftcdn.net/jpg/01/82/09/09/500_F_182090967_kFmf3rBjJPiVffUZouIu0TgpXw6pAASl.jpg
000135.jpg,https://scontent-yyz1-1.cdninstagram.com/vp/74dcdd383a182c6b059bcaa973d621bf/5DFF30C6/t51.2885-15/sh0.08/e35/c0.178.1440.1440a/s640x640/67089449_2875863839153815_7869691473385714663_n.jpg?_nc_ht=scontent-yyz1-1.cdninstagram.com&_nc_cat=107
000136.jpg,https://patijinich.com/wp-content/uploads/2010/04/DSC_0306-1024x687.jpg
000137.jpg,https://static.wixstatic.com/media/7a419a_292a462b49494a609ea92f78a11e73eb~mv2_d_2073_2073_s_2.jpeg/v1/fill/w_763,h_763,al_c,q_90,usm_0.66_1.00_0.01/7a419a_292a462b49494a609ea92f78a11e73eb~mv2_d_2073_2073_s_2.webp
000138.jpg,https://cdn1.bigcommerce.com/server700/5mvrqhbm/products/4594/images/144623/tasmanian-black-pepper2__72287.1475553579.1280.1280.jpg?c=2
000139.jpg,https://www.mexicoinmykitchen.com/wp-content/uploads/2017/11/Morita-pepper-description.jpg
000140.jpg,https://as2.ftcdn.net/jpg/02/23/35/61/500_F_223356170_bqwy2O0Q8vH0dSnvPxqDYXPlypayn7zF.jpg
000141.jpg,https://sweetlifebake.com/wp-content/uploads/2013/03/Salsa_de_chile_chilaca-sweetlifebake.jpg
000142.jpg,http://i1166.photobucket.com/albums/q611/heebner/Me/2012%20Garden/jals726.jpg
000143.jpg,http://www.ecoseeds.com/PEPPER20.JPG
000144.jpg,http://www.thetreefarm.net/images/BucketAsianHot266x250.jpg
000145.jpg,http://www.heliotricity.com/wp-content/uploads/2018/01/Haban%CC%83ero-Peppers-on-plant.jpg
000146.jpg,http://chilliguru.uk/annuum/images/chilaca_3.jpg
000147.jpg,https://www.curiouscuisiniere.com/wp-content/uploads/2018/02/Mexican-Chilies-Ancho-4506.212.jpg
000148.jpg,https://portalvhds26k4f5tktj3ck.blob.core.windows.net/spotpics/sp50070.jpg
000149.jpg,https://www.culinaryhill.com/wp-content/uploads/2015/11/How-to-Roast-Poblano-Peppers-Culinary-Hill-2-660x660.jpg
000150.jpg,http://ploughsharesnursery.com/wp-content/uploads/2018/11/scovillecharg.jpg
000151.jpg,https://www.sustainableorganicq8.com/wp-content/uploads/2018/12/0181w_Pepper-Chile-Pasilla-Bajio-247x296.jpg
000152.jpg,https://cdn.shopify.com/s/files/1/2109/8301/products/Pasilla_Chillies_aka_Chilli_Negro_800x.jpg?v=1509220432
000153.jpg,https://www.eatlikenoone.com/wp-content/uploads/2019/08/How-are-Hatch-Chiles-Peppers-different-pin.jpg
000154.jpg,https://miro.medium.com/max/994/1*BHhBppfiM6twTK4oyoBUXA.jpeg
000155.jpg,https://scontent-yyz1-1.cdninstagram.com/vp/e38340f30bffe451a5302db06daf3e50/5E2CDDDF/t51.2885-15/sh0.08/e35/c0.76.1080.1080a/s640x640/65861294_619526558539073_3748355425146426124_n.jpg?_nc_ht=scontent-yyz1-1.cdninstagram.com&_nc_cat=105
000156.jpg,https://www.pepperscale.com/wp-content/uploads/2017/10/numex-big-jim.jpg
000157.jpg,http://www.asenzya.com/wp-content/uploads/2016/05/Chili-Ancho.png
000158.jpg,http://cdn.shopify.com/s/files/1/1766/2959/products/Pasilla_Baijo_1_600x.jpg?v=1535257715
000159.jpg,https://pocketchangegourmet.com/wp-content/uploads/2013/04/Jalapenos.jpg
000160.jpg,http://cdn.shopify.com/s/files/1/0043/4900/1839/collections/Pepper-Early-Jalapeno-1024x683_1200x1200.jpg?v=1538510381
000161.jpg,https://upload.wikimedia.org/wikipedia/commons/thumb/9/9b/Hatch_green_chile.jpg/1200px-Hatch_green_chile.jpg
000162.jpg,https://rfsdelivers.com/images/restaurant-inc/04-03/04-03-red-hot-chili-peppers.jpg
000163.jpg,https://davesgarden.com/guides/pf/thumbnail.php?image=2004/11/29/beclu727/e2e223.jpg&widht=700&height=312
000164.jpg,https://www.johnnyseeds.com/dw/image/v2/BBBW_PRD/on/demandware.static/-/Sites-jss-master/default/dwe0191610/images/products/vegetables/03572_01_roulette.jpg?sw=280&cx=488&cy=0&cw=1196&ch=1196
000165.jpg,https://www.chileplants.com/images/chiles/datil-sweet-pepper-plants-cropped.jpg
000166.jpg,https://images-na.ssl-images-amazon.com/images/I/61TZEYZOcqL._SX355_.jpg
000167.jpg,https://www.botanicalinterests.com/images/popup/3092i_Pepper-Chile-Shishito-ORG.jpg
000168.jpg,https://thespicelibrary.com.au/wp-content/uploads/2014/09/pasilla-chilli.jpg
000169.jpg,https://i.ytimg.com/vi/J1KP20XDm7I/maxresdefault.jpg
000170.jpg,http://mlm-s1-p.mlstatic.com/70-semillas-capsicum-annuum-chile-chilaca-pasilla-cod-471-17249-MLM20134105679_072014-F.jpg
000171.jpg,https://www.rareseeds.com/assets/1/14/DimRegular/Pasilla-Bajio-Pepper-web-Paul.jpg
000172.jpg,https://www.kerneliv.dk/1575-home_default/chili-pepper-thai-culinary-.jpg
000173.jpg,https://pinaenlacocina.com/wp-content/uploads/2014/04/100_5432-225x300.jpg
000174.jpg,https://cdn.grapegears.net/public/resize/index.php?w=300&h=450&src=https://cdn.grapegears.net/public/media/2013/03/801.jpg
000175.jpg,https://assets.epicurious.com/photos/5baa6af8699dbf53d1b3a6d0/4:6/w_1600%2Cc_limit/shutterstock_616671473.jpg
000176.jpg,https://assets.bonappetit.com/photos/57d310bacba257a52320da36/16:9/w_2560,c_limit/RICK-CHILIS-1-of-7.jpg
000177.jpg,https://as2.ftcdn.net/jpg/02/23/35/61/500_F_223356100_TfamN5kMgau1PGY21RDhJXbOVCY68R8S.jpg
000178.jpg,https://foodal.com/wp-content/uploads/2014/07/How-to-Make-Grilled-Stuffed-Pasilla-Peppers.jpg
000179.jpg,https://www.magicplantfarms.com/wp-content/uploads/photo-gallery/thumb/Scorpion-Chili-Pepper-Magic-Plant.jpg
000180.jpg,http://www.foodsubs.com/Photos/chilepepper-pasilla.jpg
000181.jpg,https://www.pepperscale.com/wp-content/uploads/2016/01/Bishops-Crown-Pepper-1-e1456687597547-768x512.jpg
000182.jpg,https://listcaboodle.com/wp-content/uploads/2017/11/knowyourpeppers2.jpg
000183.jpg,https://media.gettyimages.com/photos/peppers-ornamental-plant-picture-id157636081
000184.jpg,https://www.canr.msu.edu/contentAsset/image/6a529228-1e6f-42a9-b3fd-9dfe00f909d3/fileAsset/filter/Resize,Crop/resize_w/300/crop_w/300/crop_h/200/crop_x/0/crop_y/0
000185.jpg,https://i.ytimg.com/vi/AbFcXKSbrfQ/maxresdefault.jpg
000186.jpg,https://www.herbies.com.au/wp-content/uploads/images/products/p-651-pasilla-chilli.jpg
000187.jpg,https://cuesa.org/sites/default/files/styles/scale_610px/public/peppers_guide_rev.jpg?itok=6qz4uoK4
000188.jpg,https://pinaenlacocina.com/wp-content/uploads/2014/04/100_5495.jpg
000189.jpg,http://www.ecoseeds.com/PEPPER38.JPG
000190.jpg,https://www.chilipeppermadness.com/wp-content/uploads/2019/09/Temp-Pepper-Types.jpg
000191.jpg,https://www.mexicoinmykitchen.com/wp-content/uploads/2017/11/Dried-Mexican-Peppers-types.jpg
000192.jpg,http://www.heliotricity.com/wp-content/uploads/2018/01/NuMex-Heritage-Hatch-6-4-Chile-Peppers.jpg
000193.jpg,https://www.magicplantfarms.com/wp-content/uploads/photo-gallery/Chocolate-Ghost-Pepper-Plant.jpg
000194.jpg,http://www.tierravegetables.com/img/chiles_66.jpg
000195.jpg,https://delimexico.com/wp-content/uploads/2014/06/chilaca.jpg
000196.jpg,https://qph.fs.quoracdn.net/main-qimg-47e26c5f41c9929c3c28740b3323fd93
000197.jpg,https://www.mexicanplease.com/wp-content/uploads/2019/02/Pasilla-Chile-Salsa-2.jpg
000198.jpg,https://s.yimg.com/aah/mex-grocer/mexichef-chile-pasilla-pepper-paste-33.png
000199.jpg,https://www.cayennediane.com/wp-content/uploads/Ghost-Peppers-300x300.jpg
000200.jpg,https://cdn.popmenu.com/image/upload/c_limit,f_auto,h_1920,q_auto,w_1920/v1530393447/oapazzktyu092d1nui5n.jpg
000201.jpg,http://www.botint.dev-rocket.com/img/site_specific/products/0181i-Pepper-Chile-Pasilla-Bajio.jpg
000202.jpg,https://www.tongmaster.co.uk/image/cache/catalog/withoutlogo/fruit%20veg%20herb%20spice/pasilla-2048x1536.JPG
000203.jpg,https://c.shld.net/rpx/i/s/pi/mp/10160405/prod_8775069332?src=http%3A%2F%2Fd8images.com%2Fimages%2Flawn_garden%2FNDAB00BERFKBC.jpg&d=a311fc67ea03f30bd2ca6bbc8e820637c6ae001c&hei=245&wid=245&op_sharpen=1&qlt=85
000204.jpg,https://images-na.ssl-images-amazon.com/images/I/51fFoQAiCmL.jpg
000205.jpg,https://mealsbymila.com/wp-content/uploads/2019/01/IMG_4403-2-1440x1440.jpg
000206.jpg,https://garden.org/pics/2012-01-20/DanCarmona/083155.jpg
000207.jpg,https://static3.bigstockphoto.com/9/5/2/large1500/259067185.jpg
000208.jpg,https://s.yimg.com/ny/api/res/1.2/S2LmBMyHO.oZr_rEOoaeig--~A/YXBwaWQ9aGlnaGxhbmRlcjtzbT0xO3c9ODAw/http://media.zenfs.com/en-US/homerun/epicurious_289/a64b8b182bda295897c4121623692bc3
000209.jpg,https://myrealdomain.com/images/chilaca-peppers-1.png
000210.jpg,https://www.curiouscuisiniere.com/wp-content/uploads/2018/05/Dried-Chile-Pepper-450.jpg
000211.jpg,https://media.istockphoto.com/photos/green-poblano-chili-picture-id986810128?b=1&k=6&m=986810128&s=170667a&h=8MUL6bslcTvB0kHjM-D3LkgBXz0mhuHdSEruhvqZp3A=
000212.jpg,http://www.foodsubs.com/Photos/rocotochiles.jpg
000213.jpg,https://www.ukchilliseeds.co.uk/ekmps/shops/chilliwizard/images/pasilla-bajio-mexican-chilli-pepper-seeds-x-10-456-p.jpg
000214.jpg,http://wlthomas.www3.50megs.com/chilesfrescos1.jpg
000215.jpg,https://i.ebayimg.com/images/g/-SQAAOSw8wFbBRcU/s-l225.jpg
000216.jpg,https://assets.atlasobscura.com/media/W1siZiIsInVwbG9hZHMvdGhpbmdfaW1hZ2VzL2U3NDMxZjVkLTEwODUtNDY4MS1iYjg4LWFmODU4OTg0MGY2ZjlkNWVjZmE4ZDA3NTFiMzg0MF9jaGlsZW1peGVzMl9Jc2FiZWwgVG9ycmVhbGJhLmpwZyJdLFsicCIsImNvbnZlcnQiLCIiXSxbInAiLCJjb252ZXJ0IiwiLXF1YWxpdHkgODEgLWF1dG8tb3JpZW50Il0sWyJwIiwidGh1bWIiLCI1ODB4NTgwIyJdXQ/chilemixes2_Isabel%20Torrealba.jpg
000217.jpg,https://images.globalindustrial.com/images/275x275/TJG_293-3T-Chalk.jpg
000218.jpg,https://www.johnnyseeds.com/dw/image/v2/BBBW_PRD/on/demandware.static/-/Sites-jss-master/default/dwe834684b/images/products/vegetables/04004_01_nassau.jpg?sw=280&cx=302&cy=0&cw=1196&ch=1196
000219.jpg,https://pocketchangegourmet.com/wp-content/uploads/2013/04/Serranos.jpg
000220.jpg,http://www.johnvenaproduce.com/OCM/photogalleries/Cherry%20Hot%20Peppers%20-%20small.jpg
000221.jpg,https://assets.epicurious.com/photos/5aa00cbc0165770628983f3f/4:6/w_2553,h_3830,c_limit/Posole-peppers-03012018.jpg
000222.jpg,https://rfsdelivers.com/images/restaurant-inc/04-03/04-03-chili-peppers-pasilla.jpg
000223.jpg,https://inmamamaggieskitchen.com/wp-content/uploads/2019/03/Poblano-vs.-Dried-Ancho-Chile.jpg
000224.jpg,https://www.chinelos.hk/uploads/9/2/5/2/92524344/s879494318611470798_p5_i3_w800.png
000225.jpg,https://image.isu.pub/160728162401-2ecde679b455c679f3b01ad51466f9dc/jpg/page_83.jpg
000226.jpg,https://cdn.shopify.com/s/files/1/0043/4900/1839/products/Pepper-Serrano-CMYK_195x195@2x.jpg?v=1536619274
000227.jpg,http://naturaextracta.com/nextproduct/img/nextsavour/chile-chilaca.jpg
000228.jpg,https://cdn.shopify.com/s/files/1/0803/5001/products/passila-whole_94ca822e-2e68-4e9d-9bbf-4ed72fc53907_2048x.jpg?v=1519172471
000229.jpg,https://honest-food.net/wp-content/uploads/2019/04/chilaca-pork.jpg
000230.jpg,https://cdn-image.foodandwine.com/sites/default/files/hatch-chiles-xl-blog0617.jpg
000231.jpg,http://www.ecoseeds.com/PEPPER24.JPG
000232.jpg,https://as2.ftcdn.net/jpg/01/16/59/33/500_F_116593336_XjGfrPHbTT3ZLc0Rb2yWmzJ1Cewnixw6.jpg
000233.jpg,http://4.bp.blogspot.com/_V7DZNuzLe_4/TSljux03KAI/AAAAAAAAAFs/yRLCjkBErEw/s1600/Chilaca+pepper+with+Apco+chorizo.jpg
000234.jpg,https://www.thespruceeats.com/thmb/jpvFoDxV0zwJVtDtYGwwsRhWsUI=/1732x1732/filters:no_upscale():max_bytes(150000):strip_icc()/GettyImages-1125088031-5c6b318a46e0fb000165cb68.jpg
000235.jpg,https://spicyquest.com/wp-content/uploads/2013/03/red-chili-lime-cc0-300x225.jpg
000236.jpg,https://s3.amazonaws.com/cdn.botanicalinterests.com/images/thumb/0184i_Pepper-Chile-Ancho-Poblano.jpg
000237.jpg,https://cdn1.bigcommerce.com/server700/5mvrqhbm/products/2016/images/151115/pasilla_bajio_pepper2__38526.1544144276.1280.1280.jpg?c=2
000238.jpg,https://foodal.com/wp-content/uploads/2014/07/Vegetarian-Grilled-Stuffed-Pasilla-Peppers.jpg
000239.jpg,https://abseeds.com.au/wp-content/uploads/2018/11/CHILLI-JALAPENO-250x250.png
000240.jpg,https://www.chilipeppermadness.com/wp-content/uploads/2013/10/Spanish-Naga-Peppers.jpg
000241.jpg,https://cdn.shopify.com/s/files/1/0736/5693/products/Pepper_-Chilaca-Mexican-2016_1024x1024.jpg?v=1469050253
000242.jpg,https://www.vallartaeats.com/wp-content/uploads/2016/10/Mature_Chile_de_arbol_peppers-1024x768.jpg
000243.jpg,https://i.redd.it/nt4tctgkq7t31.jpg
000244.jpg,http://resizer.shared.arcpublishing.com/YvAhUMS6kD9iK_eCmivd1GOIMgU=/arc-anglerfish-arc2-prod-bonnier/public/5W6I5PAE7GE6JZ73OIHMWSY6IQ.jpg
000245.jpg,https://www.mexicoinmykitchen.com/wp-content/uploads/2017/11/Puya-pepper-description.jpg
000246.jpg,https://www.greedygourmet.com/wp-content/uploads/2019/06/pasillapepper.jpg
000247.jpg,https://upload.wikimedia.org/wikipedia/commons/thumb/6/69/BhutJolokia09_Asit.jpg/1200px-BhutJolokia09_Asit.jpg
000248.jpg,https://www.canr.msu.edu/peppers/uploads/images/Guajillo%20Pepper.jpg
000249.jpg,https://scontent-lga3-1.cdninstagram.com/vp/4ff33c4b2541351339a101fc670465be/5E1D90E5/t51.2885-15/sh0.08/e35/c0.135.1080.1080a/s640x640/67631026_126620675297192_6536677662933278850_n.jpg?_nc_ht=scontent-lga3-1.cdninstagram.com&_nc_cat=108
000250.jpg,https://t4.ftcdn.net/jpg/02/23/35/63/500_F_223356353_MrEBprTQWFA7IROFbo87fdNDdooPaX6n.jpg
000251.jpg,https://i.ytimg.com/vi/J1KP20XDm7I/hqdefault.jpg
000252.jpg,https://www.magicplantfarms.com/wp-content/uploads/2017/01/Malagueta-Pepper.jpg
000253.jpg,https://www.spicesinc.com/images/product/large/550.jpg
000254.jpg,https://abseeds.com.au/wp-content/uploads/2018/11/CHILLI-HABANERO-CHOCOLATE-250x250.png
000255.jpg,https://dorastable.files.wordpress.com/2012/08/img_2938.jpg?w=1024
000256.jpg,https://www.gourmetsleuth.com/images/default-source/dictionary/anaheim_300-jpg.jpg?sfvrsn=5
000257.jpg,https://i.etsystatic.com/12356882/r/il/1cec86/1031161776/il_570xN.1031161776_sn0k.jpg
000258.jpg,https://www.cayennediane.com/wp-content/uploads/2019/02/Arapaho-Pepper-2-300x300.jpg
000259.jpg,http://i2.wp.com/www.tartqueenskitchen.com/wp-content/uploads/2013/11/IMG_1119.jpg
000260.jpg,http://www.heliotricity.com/wp-content/uploads/2018/01/Aleppo-Chile-Peppers.jpg
000261.jpg,https://cdn.apartmenttherapy.info/image/fetch/f_auto,q_auto:eco/https%3A%2F%2Fstorage.googleapis.com%2Fgen-atmedia%2F3%2F2013%2F08%2Fa288eb8cf3b86b21fcd09e298b494c6fbe57e844.jpeg
000262.jpg,https://www.chaoticgenetics.com/img/product_photos/LEDXETP.4.jpg
000263.jpg,https://assets.bonappetit.com/photos/57d310b9cba257a52320da35/master/w_1600%2Cc_limit/undefined
000264.jpg,https://irepo.primecp.com/2016/03/269501/recipe-23940_ExtraLarge1000_ID-1528020.jpg?v=1528020
000265.jpg,https://freshisbestonbroadway.ca/wp-content/uploads/2016/09/Guajillo.jpg
000266.jpg,https://tucsonfoodie.com/wp-content/uploads/2019/07/TF-chiles-pepper-pasilla-negro-4170-1024x683.jpg
000267.jpg,http://www.ecoseeds.com/PEPPER26.JPG
000268.jpg,https://www.madeinnewmexico.com/media/catalog/product/cache/1/image/9df78eab33525d08d6e5fb8d27136e95/h/o/holy_trinity_3_pack.jpg
000269.jpg,https://st.hzcdn.com/fimgs/1352203004cab2a5_0152-w500-h375-b0-p0--.jpg
000270.jpg,https://www.ladybehindthecurtain.com/wp-content/uploads/2012/11/263.png
000271.jpg,https://s3.amazonaws.com/cdn.botanicalinterests.com/images/thumb/0269i_Pepper-Chile-Jalafuego.jpg
000272.jpg,https://www.magicplantfarms.com/wp-content/uploads/2016/09/Scorpion-Pepper-400.jpg
000273.jpg,https://images.freeimages.com/images/premium/previews/1454/14547125-close-up-of-chilaca-peppers-ripening-on-plant.jpg
000274.jpg,https://www.johnnyseeds.com/dw/image/v2/BBBW_PRD/on/demandware.static/-/Sites-jss-master/default/dw0929ef9c/images/products/vegetables/02993g_01_carmen.jpg?sw=280&cx=302&cy=0&cw=1196&ch=1196
000275.jpg,https://i.pinimg.com/originals/f7/99/d4/f799d41578b5f7e749ce6911f86a6ba4.jpg
000276.jpg,https://cdn1.bigcommerce.com/server700/5mvrqhbm/products/166/images/143822/chi_chien_pepper_n__55769.1475552360.1280.1280.JPG?c=2
000277.jpg,http://static.wixstatic.com/media/105fba_f9bd28dbbc99470ea00c5a924daec1f2.jpg/v1/fill/w_500,h_500,al_c,q_90/file.jpg
000278.jpg,https://sc01.alicdn.com/kf/UTB8RtVVXf2JXKJkSanr7613lVXae/Chilaca-Dried-Chilli.png_350x350.png
000279.jpg,https://instagram.fmia1-2.fna.fbcdn.net/vp/5847b279f294552d776429ed6b773222/5E1E3ABD/t51.2885-15/sh0.08/e35/s640x640/70787070_394955334786100_544646067896690322_n.jpg?_nc_ht=instagram.fmia1-2.fna.fbcdn.net&_nc_cat=104
000280.jpg,https://qph.fs.quoracdn.net/main-qimg-6c84e82d4e6fef9f24d2643801640f0e
000281.jpg,https://worldcrops.org/sites/worldcrops.org/files/crops/mapa-diversidad-de-chiles_1.jpg
000282.jpg,https://foodal.com/wp-content/uploads/2014/07/The-Best-Recipe-for-Grilled-Stuffed-Pasilla-Peppers.jpg
000283.jpg,https://patijinich.com/wp-content/uploads/2009/11/Chile-de-Arbol-thumb-5aa10x342-757.jpg
000284.jpg,https://www.mysequinedlife.com/MSLblog/wp-content/uploads/2018/09/how-to-roast-poblano-peppers-in-the-oven-5.jpg
000285.jpg,https://www.pepperscale.com/wp-content/uploads/2014/10/black-pearl-pepper-1-768x512.jpg
000286.jpg,https://www.chilipeppermadness.com/wp-content/uploads/2019/04/Espelette-Chili-Peppers.jpg
000287.jpg,https://agfstorage.blob.core.windows.net/misc/FP_es/2019/03/01/chilessecos.jpg
000288.jpg,http://photo.interior-designy.com/extra/nl/2017_garden/pasilla-plants.jpg
000289.jpg,https://www.thespruceeats.com/thmb/Y3QEadM1o65Fq5ZSwhSLblB96s0=/425x472/filters:no_upscale():max_bytes(150000):strip_icc()/different-hot-chili-peppers-585833251-581a887b5f9b581c0b1d58c4.jpg
000290.jpg,https://pocketchangegourmet.com/wp-content/uploads/2014/04/12-Essential-Chili-Peppers.feature.jpg
000291.jpg,http://www.heliotricity.com/wp-content/uploads/2018/01/Hot-Chile-Pepper-Guide-to-Heat-Levels.jpg
000292.jpg,https://www.canr.msu.edu/peppers/uploads/images/Aji%20Peppers.jpg
000293.jpg,https://www.kerneliv.dk/1419-home_default/chili-pepper-koral-.jpg
000294.jpg,http://www.freshpoint.com/wp-content/uploads/produce/chilacachili150.jpg
000295.jpg,https://freethoughtblogs.com/physioprof/files/2011/11/IMG_2722.jpg
000296.jpg,https://www.cayennediane.com/wp-content/uploads/Thai-Peppers-300x300.jpg
000297.jpg,https://img3.stockfresh.com/files/m/maxsol7/m/68/9563380_stock-photo-pasilla-bajio-chilaca-pepper-path.jpg
000298.jpg,https://upload.wikimedia.org/wikipedia/commons/thumb/0/03/Carolina_Reaper_pepper_pods.jpg/1200px-Carolina_Reaper_pepper_pods.jpg
000299.jpg,http://2.bp.blogspot.com/--7YM2hnJ4bY/TrxIlgPRxfI/AAAAAAAAADs/-r-g6vBGdVE/s1600/boomchilacalaca.jpeg
000300.jpg,https://www.chilliseedbank.com.au/media/catalog/product/cache/image/720x560/4c3462793ba5f87d7658a49338bdb5e2/p/a/pasillabajio_1.jpg
000301.jpg,https://www.chaoticgenetics.com/img/product_photos/LEDXETP.7.labeled.jpg
000302.jpg,https://portalvhds26k4f5tktj3ck.blob.core.windows.net/spotpics/sp51531.jpg
000303.jpg,https://i.etsystatic.com/13582424/r/il/7af120/1272009585/il_570xN.1272009585_guay.jpg
000304.jpg,https://i.pinimg.com/originals/74/d4/55/74d4556a3fab5e030f3ced63b1dedf22.jpg
000305.jpg,https://i.imgur.com/jLhSfrS.jpg
000306.jpg,https://www.nmpolitics.net/index/wp-content/uploads/2015/08/Chile_peppers-336x211.jpg?x18930
000307.jpg,https://www.vallartaeats.com/wp-content/uploads/2016/10/Poblano_Pepper-300x225.jpg
000308.jpg,http://www.diversivore.com/wp-content/uploads/2018/05/Morita-chipotle-chilies-square.jpg
000309.jpg,https://www.spicejungle.com/media/catalog/product/cache/2/image/9df78eab33525d08d6e5fb8d27136e95/d/r/dried-pasilla-negro-chile_2.jpg
000310.jpg,https://www.curiouscuisiniere.com/wp-content/uploads/2018/02/Mexican-Chilies-Pasilla-4500.21.jpg
000311.jpg,http://www.ecoseeds.com/PEPPER67.JPG
000312.jpg,http://taninos.tripod.com/caps_31.jpg
000313.jpg,https://s3.ap-southeast-1.amazonaws.com/airfrov/2017-07-02_5161.154998757.jpg
000314.jpg,https://www.ukchilliseeds.co.uk/ekmps/shops/chilliwizard/images/new-mexico-red-10-seeds-103-p[ekm]360x360[ekm].jpg
000315.jpg,https://res.cloudinary.com/popmenu/image/upload/c_fill,g_center,h_630,w_1200/v1530393447/oapazzktyu092d1nui5n.jpg
000316.jpg,https://cdn.shopify.com/s/files/1/0043/4900/1839/products/Pepper-Purple-Beauty_195x195@2x.jpg?v=1536619304
000317.jpg,http://www.foodsubs.com/Photos/driedchiles-group.jpg
000318.jpg,https://rfsdelivers.com/images/restaurant-inc/04-03/04-03-chili-peppers-serrano.jpg
000319.jpg,http://nebula.wsimg.com/6412b97d44d0aa7583643f39635dea11?AccessKeyId=F13522919F6259C8B113&disposition=0&alloworigin=1
000320.jpg,https://i.redd.it/1pxjnyx8hosz.jpg
000321.jpg,https://i.ytimg.com/vi/nsYfyRZciGo/maxresdefault.jpg
000322.jpg,https://i.ytimg.com/vi/tdvpdNpKeXM/maxresdefault.jpg
000323.jpg,https://balconygardenweb-lhnfx0beomqvnhspx.netdna-ssl.com/wp-content/uploads/2017/03/how-to-grow-pepper-in-pots-3.jpg
000324.jpg,https://www.botanicalinterests.com/images/popup/0166i_Pepper-Chile-Cayenne.jpg
000325.jpg,https://as2.ftcdn.net/jpg/02/23/35/63/500_F_223356376_QmHcMBaWye68QhpKlNlpe8suZxqoCZ4T.jpg
000326.jpg,https://goodmotherdiet.files.wordpress.com/2014/08/scoville-scale-chili-jump.jpg?w=625
000327.jpg,https://media.springernature.com/original/springer-static/image/chp%3A10.1007%2F978-3-319-97217-6_1/MediaObjects/463504_1_En_1_Fig2_HTML.png
000328.jpg,https://live.staticflickr.com/6049/6233873696_9d6d2b2857_b.jpg
000329.jpg,https://images-na.ssl-images-amazon.com/images/I/41YOunX1dXL.jpg
000330.jpg,https://sc01.alicdn.com/kf/HTB1O0WgeN1YBuNjy1zcq6zNcXXaq/HACCP-HALAL-Chilli-Chilaca-Dried-Chilli-Dried.jpg_300x300.jpg
000331.jpg,https://www.johnnyseeds.com/dw/image/v2/BBBW_PRD/on/demandware.static/-/Sites-jss-master/default/dwf1f5337d/images/products/vegetables/02592_01_mellowstar.jpg?sw=280&cx=302&cy=0&cw=1196&ch=1196
000332.jpg,https://www.flyingthekoop.com/wp-content/uploads/2016/09/9_26dnrplt.jpg
000333.jpg,https://scontent-lga3-1.cdninstagram.com/vp/786fdb66148cdaba236e4174a2d12dba/5E26A83B/t51.2885-15/sh0.08/e35/c0.114.912.912a/s640x640/69085215_378751226146536_4792531475600225094_n.jpg?_nc_ht=scontent-lga3-1.cdninstagram.com&_nc_cat=100
000334.jpg,https://i3.wp.com/pleasantpeasantcuisine.files.wordpress.com/2018/08/chilaca-peppers-1.jpg?w=748?resize=250,250
000335.jpg,https://www.magicplantfarms.com/wp-content/uploads/2016/10/Chipotle-Meco-Plant.jpg
000336.jpg,https://www.chilipeppermadness.com/wp-content/uploads/2019/05/Anaheim-Peppers.jpg
000337.jpg,https://www.cayennediane.com/wp-content/uploads/Barkers-Hot-pepper-300x300.jpg
000338.jpg,https://www.eatlikenoone.com/wp-content/uploads/2013/08/Hatch-Chiles.jpg
000339.jpg,https://foodal.com/wp-content/uploads/2014/07/Make-These-Grilled-Stuffed-Pasilla-Peppers-for-Dinner-Tonight.jpg
000340.jpg,https://www.chaoticgenetics.com/img/product_photos/BANXPAB.2.jpg
000341.jpg,https://www.mexicoinmykitchen.com/wp-content/uploads/2017/11/How-to-Cure-a-Molcajete.jpg
000342.jpg,https://assets.bonappetit.com/photos/57d310b51844fc3746142ea1/master/w_1600%2Cc_limit/undefined
000343.jpg,https://www.ricoyafoodimport.com/img/products/capsicum-annum-u1R2sQgFDXNmA8pJ9.jpg
000344.jpg,https://static.wixstatic.com/media/ae7b07_31f88426739444278bb0015a21c1570b.jpg/v1/fit/w_500,h_500,q_90/file.jpg
000345.jpg,https://www.pepperscale.com/wp-content/uploads/2016/06/holy-mole-pepper-lg.jpg
000346.jpg,https://cdn.shopify.com/s/files/1/0871/0950/products/TAMJalapenopepperpic_1024x1024.jpg?v=1566339703
000347.jpg,https://cdn11.bigcommerce.com/s-qhwi6/images/stencil/1280x1280/products/2185/2761/chilaca_red__44842__33054.1560141927.jpg?c=2?imbypass=on
000348.jpg,http://www.spiciefoodie.com/wp-content/wp_uploads/2016/01/FreshAndDriedChilacaPeppers.jpg
000349.jpg,https://t4.ftcdn.net/jpg/01/17/96/95/500_F_117969575_ykTz1qiYbNEzSPFQBMKuU13x7dSORV6F.jpg
000350.jpg,https://rincondelchili.files.wordpress.com/2012/09/pasilla1.jpg
000351.jpg,https://abseeds.com.au/wp-content/uploads/2018/11/CHILLI-PASILLA-BAJIO-250x250.png
000352.jpg,http://www.heliotricity.com/wp-content/uploads/2018/01/Aji-Panca-Hot-Peppers.jpg
000353.jpg,http://linksbee.co/wp-content/uploads/2019/05/cascabel-pepper-cascabel-pepper-taste-cascabel-pepper-scoville-scale.jpg
000354.jpg,https://images-cdn.9gag.com/photo/aBgRdXZ_700b.jpg
000355.jpg,http://www.johnvenaproduce.com/OCM/photogalleries/Italian%20Long%20Hot%20Peppers%20-%20small.jpg
000356.jpg,https://www.alrendon.com/wp-content/gallery/edible-immigrants/Chilaca-Peppers14x20%20.jpg
000357.jpg,https://www.sweetgarden.hu/uploads/images/display/13148_chilitemp.jpg
000358.jpg,http://www.ecoseeds.com/PEPPER32.JPG
000359.jpg,https://pinaenlacocina.com/wp-content/uploads/2015/04/100_1801.jpg
000360.jpg,https://www.thespruceeats.com/thmb/xlclMz2YyfNcU5rP4Ta9IAYCEOM=/3782x2454/filters:no_upscale():max_bytes(150000):strip_icc()/jalapenopeppersmarcgutierrezGettyImages-88850228-598a581b5f9b58928b26a61e.jpg
000361.jpg,https://pocketchangegourmet.com/wp-content/uploads/2013/04/Pasilla.jpg
000362.jpg,https://www.vallartaeats.com/wp-content/uploads/2016/10/Mulato_chile_pods_dried-1024x737.jpg
000363.jpg,http://www.chileros.com.mx/wp-content/uploads/2014/08/chilaca-600x400.jpg
000364.jpg,https://s3.amazonaws.com/cdn.botanicalinterests.com/images/thumb/0281i_Pepper-Chile-Padron.jpg
000365.jpg,https://i0.wp.com/redhot.la/wp-content/uploads/2017/03/Pasilla-Ancho1.jpg?fit=607%2C607&ssl=1
000366.jpg,https://live.staticflickr.com/7098/7204210766_4e05ec1eef_b.jpg
000367.jpg,https://cdn.shopify.com/s/files/1/0043/4900/1839/products/Pepper_King_of_the_North_195x195@2x.JPG?v=1547578775
000368.jpg,https://media.springernature.com/lw785/springer-static/image/chp%3A10.1007%2F978-94-007-5628-1_28/MediaObjects/308508_1_En_28_Figl_HTML.jpg
000369.jpg,http://www.foodsubs.com/Photos/mulattochile.jpg
000370.jpg,http://www.diversivore.com/wp-content/uploads/2018/05/Chinese-chilies-square.jpg
000371.jpg,https://www.cayennediane.com/wp-content/uploads/Bahamian-Bird-Pepper-300x300.jpg
000372.jpg,https://www.kerneliv.dk/1807-home_default/chili-pepper-anaheim-.jpg
000373.jpg,https://www.curiouscuisiniere.com/wp-content/uploads/2018/02/Mexican-Chilies-Chipotle-4511.21.jpg
000374.jpg,https://www.chilipeppermadness.com/wp-content/uploads/2019/08/Pasilla-Peppers.jpg
000375.jpg,https://www.chaoticgenetics.com/img/product_photos/POBXJAL.1.jpg
000376.jpg,http://2.bp.blogspot.com/_V7DZNuzLe_4/TSlfcCKAMpI/AAAAAAAAAFk/fM4aOcN8tTg/s1600/Chilaca+pepper.jpg
000377.jpg,http://resizer.shared.arcpublishing.com/DW-0Zhg326wXsuWpY37Ja-0MaqY=/arc-anglerfish-arc2-prod-bonnier/public/JCCWOGZJZ5PNRB3I3IXIWOKQ6A.jpg
000378.jpg,https://www.pepperscale.com/wp-content/uploads/2016/03/black-hungarian-pepper.jpeg
000379.jpg,https://cdn.shopify.com/s/files/1/0871/0950/products/travelerjalapenopic_1024x1024.jpg?v=1566339703
000380.jpg,https://pocketchangegourmet.com/wp-content/uploads/2013/04/Guajillo.jpg
000381.jpg,https://qph.fs.quoracdn.net/main-qimg-8116ceba8d96fed296dea59c5abaa385.webp
000382.jpg,http://www.ecoseeds.com/PEPPER17.JPG
000383.jpg,https://www.mexicoinmykitchen.com/wp-content/uploads/2017/11/Cascabel-peppers-description.jpg
000384.jpg,https://s3.amazonaws.com/cdn.botanicalinterests.com/images/thumb/3068i_Pepper-Chile-Habanero.jpg
000385.jpg,https://www.johnnyseeds.com/dw/image/v2/BBBW_PRD/on/demandware.static/-/Sites-jss-master/default/dw99681641/images/products/vegetables/03417_01_amazing2.jpg?sw=280&cx=302&cy=0&cw=1196&ch=1196
000386.jpg,https://cdn.shopify.com/s/files/1/0043/4900/1839/products/Pepper_Shishito_195x195@2x.JPG?v=1544558347
000387.jpg,http://www.johnvenaproduce.com/OCM/photogalleries/Green%20Serrano%20Peppers%20-%20small.jpg
000388.jpg,https://pics.me.me/2017-raftratngs-scoville-chile-heat-chart-scoville-heat-units-types-27710414.png
000389.jpg,https://www.curiouscuisiniere.com/wp-content/uploads/2018/02/Mexican-Chilies-Cayenne-4514.21.jpg
000390.jpg,https://www.chilipeppermadness.com/wp-content/uploads/2019/08/Banana-Peppers2.jpg
000391.jpg,https://www.kerneliv.dk/2403-home_default/chili-pepper-erotica-.jpg
000392.jpg,http://www.foodsubs.com/Photos/chilepepper-cherrybomb.jpg
000393.jpg,https://www.thespruceeats.com/thmb/cmeD1a2RRd1izLUU7enOYXrTOuc=/2000x1333/filters:no_upscale():max_bytes(150000):strip_icc()/Gettty-Mixed-Chiles-58a1a10e5f9b58819c125321.jpg
000394.jpg,https://upload.wikimedia.org/wikipedia/commons/7/7b/Naga_Viper_486_orig.jpg
000395.jpg,https://www.chaoticgenetics.com/img/product_photos/LEDXETP.3.jpg
000396.jpg,http://www.ecoseeds.com/PEPPER28.JPG
000397.jpg,https://www.magicplantfarms.com/wp-content/uploads/2017/01/Cascabel-Pepper.jpg
000398.jpg,https://www.botanicalinterests.com/images/popup/0075i_Pepper-Chile-Scotch-Bonnet-BIO.jpg
000399.jpg,https://pinaenlacocina.com/wp-content/uploads/2014/04/100_5444-300x300.jpg
000400.jpg,https://pocketchangegourmet.com/wp-content/uploads/2013/04/Chiles-de-arbol.jpg
000401.jpg,https://cdn.shopify.com/s/files/1/0043/4900/1839/products/Pepper_Padron_195x195@2x.JPG?v=1546301863
000402.jpg,https://pinaenlacocina.com/wp-content/uploads/2014/04/New-folder3.jpg
000403.jpg,http://www.johnvenaproduce.com/OCM/photogalleries/Finger%20Chile%20Peppers%20-%20small.jpg
000404.jpg,http://www.ecoseeds.com/PEPPER55.JPG
000405.jpg,https://www.chilipeppermadness.com/wp-content/uploads/2017/06/Komodo-Dragon-Peppers.jpg
000406.jpg,https://www.kerneliv.dk/26-home_default/chili-pepper-cayenne-.jpg
000407.jpg,https://www.cayennediane.com/wp-content/uploads/Fish-Pepper-300x300.jpg
000408.jpg,https://www.cayennediane.com/wp-content/uploads/Hungarian-Wax-Pepper-300x300.jpg
000409.jpg,http://www.ecoseeds.com/PEPPER31.JPG
000410.jpg,https://www.chilipeppermadness.com/wp-content/uploads/2018/10/Chili-Colorado-Chili-Peppers.jpg
000411.jpg,https://www.kerneliv.dk/1264-home_default/chili-pepper-cyklon-.jpg
000412.jpg,https://www.magicplantfarms.com/wp-content/uploads/2016/10/Scorpion-Pepper-Whole-Pods-1.jpg
000413.jpg,https://cdn.shopify.com/s/files/1/0043/4900/1839/products/Pepper-Garden-Sunshine-CMYK_195x195@2x.jpg?v=1536619340
000414.jpg,https://www.cayennediane.com/wp-content/uploads/Hidalgo-Chili-Pepper-300x300.jpg
000415.jpg,https://upload.wikimedia.org/wikipedia/commons/thumb/9/97/Scotch_bonnet_chili_pepper.jpg/1200px-Scotch_bonnet_chili_pepper.jpg
000416.jpg,https://www.chilipeppermadness.com/wp-content/uploads/2013/09/Bolivian-Rainbow-Peppers.jpg
000417.jpg,http://www.ecoseeds.com/PEPPER59.JPG
000418.jpg,https://www.kerneliv.dk/1425-home_default/chili-pepper-draky-f1-.jpg
000419.jpg,https://www.cayennediane.com/wp-content/uploads/Spanish-Naga-300x300.jpg
000420.jpg,https://www.magicplantfarms.com/wp-content/uploads/2016/09/Datil-Pepper-400-300x300.jpg
000421.jpg,https://upload.wikimedia.org/wikipedia/commons/thumb/5/50/Madame_Jeanette_and_other_chillies.jpg/1200px-Madame_Jeanette_and_other_chillies.jpg
000422.jpg,http://www.ecoseeds.com/PEPPER42.JPG
000423.jpg,https://upload.wikimedia.org/wikipedia/commons/thumb/0/03/African_red_devil_peppers.jpg/1200px-African_red_devil_peppers.jpg
000424.jpg,https://upload.wikimedia.org/wikipedia/commons/thumb/d/d2/Capsicum_annuum_-_K%C3%B6hler%E2%80%93s_Medizinal-Pflanzen-027.jpg/220px-Capsicum_annuum_-_K%C3%B6hler%E2%80%93s_Medizinal-Pflanzen-027.jpg
000425.jpg,https://upload.wikimedia.org/wikipedia/commons/thumb/d/d6/Immature_jalapeno_capsicum_annuum_var_annuum.jpeg/1200px-Immature_jalapeno_capsicum_annuum_var_annuum.jpeg
000426.jpg,https://upload.wikimedia.org/wikipedia/commons/thumb/4/4d/JalapenoPeppers.JPG/220px-JalapenoPeppers.JPG
000427.jpg,http://www.ecoseeds.com/PEPPER64.JPG
000428.jpg,https://upload.wikimedia.org/wikipedia/commons/thumb/5/58/France-Piment_d%27Espelette-2005-08-05.jpg/1200px-France-Piment_d%27Espelette-2005-08-05.jpg
000429.jpg,https://www.pepperscale.com/wp-content/uploads/2016/01/Chilaca-Pepper.jpg
000430.jpg,https://images-na.ssl-images-amazon.com/images/I/41K6-dZhzIL.jpg
000431.jpg,https://worldcrops.org/sites/worldcrops.org/files/crops/Chilaca_at_UMass-700.jpg
000432.jpg,http://www.eatmorechiles.com/chilies/MEETCHILES/chilaca.jpg
000433.jpg,https://www.chowhound.com/blog-media/2009/08/chilaca.jpg
000434.jpg,http://portalvhds26k4f5tktj3ck.blob.core.windows.net/spotpics/sp39070.jpg
000435.jpg,https://s.ecrater.com/stores/59305/562f8a6bad949_59305b.jpg
000436.jpg,https://1a1z1e22ozx83bgjsz17c6ba-wpengine.netdna-ssl.com/wp-content/uploads/2014/02/Chilaca.jpg
000437.jpg,http://www.chilepeppersrecipes.com/peppers/pepper_images/chil-none.jpg
000438.jpg,https://78.media.tumblr.com/51e1cfb15ad4a61ca2b06e7235f6644c/tumblr_mr2voa19NZ1rkq7yjo1_500.jpg
000439.jpg,http://www.spiciefoodie.com/wp-content/wp_uploads/2016/01/ChilacaPepperSalsa.jpg
000440.jpg,http://portalvhds26k4f5tktj3ck.blob.core.windows.net/spotpics/sp32722.jpg
000441.jpg,http://better-produce.com/wp-content/uploads/pasilla-peppers-california.jpg
000442.jpg,https://www.spiceography.com/wp-content/uploads/2019/02/pasilla-powder.jpg
000443.jpg,http://preppings.com/wp-content/uploads/2014/07/chilaca.chile_.jpg
000444.jpg,http://l450v.alamy.com/450v/ae04mn/chili-pepper-paprika-capsicum-annuum-red-chilaca-chili-plant-usa-california-ae04mn.jpg
000445.jpg,https://s3.amazonaws.com/cdn.botanicalinterests.com/images/popup/0181i_Pepper-Chile-Pasilla-Bajio.jpg
000446.jpg,https://thumbs.dreamstime.com/z/chilaca-chili-pepper-9237996.jpg
000447.jpg,https://www.thespruceeats.com/thmb/mgSeUTkJzobu9AzRbAKVESykI0Q=/2000x1334/filters:no_upscale():max_bytes(150000):strip_icc()/Getty-Chilaca-Chiles-5808d6773df78cbc28813246.jpg
000448.jpg,http://cdn1.bigcommerce.com/server700/5mvrqhbm/products/953/images/148210/chilaca-pepper__19358.1515433339.1280.1280.jpg
000449.jpg,https://c8.alamy.com/comp/B4P9CX/chilaca-chili-pepper-B4P9CX.jpg
000450.jpg,https://c8.alamy.com/comp/P62NB0/chilaca-chile-peppers-known-as-pasilla-bajio-when-ripe-dried-whole-pods-P62NB0.jpg
000451.jpg,https://s-media-cache-ak0.pinimg.com/736x/f4/f6/bb/f4f6bb05373ffcf84aeec9686e18693b.jpg
000452.jpg,https://c8.alamy.com/comp/X68E7W/chili-pepper-paprika-capsicum-annuum-red-chilaca-chili-usa-california-X68E7W.jpg
000453.jpg,https://worldcrops.org/sites/worldcrops.org/files/crops/Chilaca_in_Queens.jpg
000454.jpg,https://s-media-cache-ak0.pinimg.com/564x/0a/9b/40/0a9b4017139b6a807da80b44c6cbe9dc.jpg
000455.jpg,https://pocketchangegourmet.com/wp-content/uploads/2013/04/Anaheim.jpg
000456.jpg,http://cdn-image.foodandwine.com/sites/default/files/variety-of-chile-chilaca-blog0817.jpg
000457.jpg,http://www.spiciefoodie.com/wp-content/wp_uploads/2016/01/ChickenStwedinChilacaPepperSalsa.jpg
000458.jpg,http://c8.alamy.com/comp/J4AEE0/chilaca-chilli-J4AEE0.jpg
000459.jpg,https://cdn3.volusion.com/kceqm.mleru/v/vspfiles/photos/546-2T.jpg
000460.jpg,https://c8.alamy.com/comp/B0XKK0/various-chili-peppers-B0XKK0.jpg
000461.jpg,https://www.spicejungle.com/media/catalog/product/cache/2/image/480x480/9df78eab33525d08d6e5fb8d27136e95/d/r/dried-pasilla-negro-chile_2.jpg
000462.jpg,https://4.bp.blogspot.com/_V7DZNuzLe_4/TSljux03KAI/AAAAAAAAAFs/yRLCjkBErEw/s1600/Chilaca+pepper+with+Apco+chorizo.jpg
000463.jpg,http://www.eatmorechiles.com/chilies/STUDIO/studio07.jpg
000464.jpg,http://2.bp.blogspot.com/_V7DZNuzLe_4/TSlfcCKAMpI/AAAAAAAAAFk/fM4aOcN8tTg/s1600/Chilaca+pepper.jpg
000465.jpg,https://c8.alamy.com/comp/A6FN1Y/fresh-pasilla-chile-peppers-A6FN1Y.jpg
000466.jpg,https://portalvhds26k4f5tktj3ck.blob.core.windows.net/spotpics/sp50070.jpg
000467.jpg,https://www.mandycanudigit.com/wp-content/uploads/2016/09/Chilli-Pepper-Chilaca.jpg
000468.jpg,https://c8.alamy.com/comp/K1N8T3/chilaca-chilis-close-up-K1N8T3.jpg
000469.jpg,https://c8.alamy.com/comp/PBJ1K1/pasilla-bajio-a-dried-chilaca-peppers-or-chile-negro-single-pods-PBJ1K1.jpg
000470.jpg,http://i.ebayimg.com/images/i/281429310537-0-1/s-l1000.jpg
000471.jpg,https://assets.epicurious.com/photos/5baa67f17a685d1e72f1d0dc/master/w_1600%2Cc_limit/shutterstock_506756092.jpg
000472.jpg,http://l450v.alamy.com/450v/ae04mp/chili-pepper-paprika-capsicum-annuum-red-chilaca-chili-usa-california-ae04mp.jpg
000473.jpg,http://l450v.alamy.com/450v/a2ream/chilaca-chili-pepper-a2ream.jpg
000474.jpg,https://www.chilipeppermadness.com/wp-content/uploads/2019/08/Chilaca-Peppers.jpg
000475.jpg,http://www.chileplanet.eu/schede/pepper/Pasilla%20Bajio.jpg
000476.jpg,https://c8.alamy.com/comp/MNCXBE/pasilla-bajio-chili-or-chile-negro-a-dried-chilaca-pepper-whole-pods-MNCXBE.jpg
000477.jpg,https://www.marxfoods.com/images/Fresh-Pasilla-Chiles-Chilaca_FreshPasillaChilesChilaca-1.jpg
000478.jpg,https://c8.alamy.com/comp/M960J5/mexican-chile-peppers-arbol-pasilla-guajillo-poblano-habanero-jalapeno-clipping-paths-M960J5.jpg
000479.jpg,https://www.spicejungle.com/media/catalog/product/cache/2/image/480x480/9df78eab33525d08d6e5fb8d27136e95/p/a/pasilla-powder.jpg
000480.jpg,http://ecx.images-amazon.com/images/I/51vcFfaLRfL.jpg
000481.jpg,http://thumb9.shutterstock.com/display_pic_with_logo/2555974/275698136/stock-photo-pasilla-chile-chile-negro-hot-chili-pepper-fresh-dark-chilaca-peppers-275698136.jpg
000482.jpg,https://fthmb.tqn.com/kGalxapHzJ8Xt0j0JjZD16bLMHw=/960x0/filters:no_upscale()/GreenSalsa_ChilacaChilies-56a8ea353df78cf772a1e133.jpg
000483.jpg,https://images-na.ssl-images-amazon.com/images/I/51ZktuhcEVL.jpg
000484.jpg,https://c8.alamy.com/comp/M86HF4/pasilla-bajio-or-chilaca-chile-peppers-capsicum-annuum-green-clipping-M86HF4.jpg
000485.jpg,https://www.chilipeppermadness.com/wp-content/uploads/2013/09/Chile-de-Arbol-Peppers.jpg
000486.jpg,https://c8.alamy.com/comp/B0XJP0/green-chilaca-chili-pepper-B0XJP0.jpg
000487.jpg,https://i.ytimg.com/vi/nsYfyRZciGo/hqdefault.jpg
000488.jpg,https://c8.alamy.com/comp/MWET1G/pasilla-bajio-chilaca-chili-peppers-immature-ripe-brown-dried-whole-pods-MWET1G.jpg
000489.jpg,http://worldcrops.org/sites/worldcrops.org/files/crops/mapa-diversidad-de-chiles_1.jpg
000490.jpg,https://pinaenlacocina.com/wp-content/uploads/2014/04/100_5495.jpg
000491.jpg,http://i2.wp.com/www.tartqueenskitchen.com/wp-content/uploads/2013/11/IMG_1119.jpg
000492.jpg,https://2.bp.blogspot.com/-I3YWUAxe9Kc/Tyda5b91rKI/AAAAAAAAAE4/e7u-lKgMtys/s1600/jar+of+salsa.jpg
000493.jpg,https://c8.alamy.com/comp/P7CE8P/chilaca-chile-peppers-known-as-pasilla-bajio-when-ripe-dried-whole-pods-top-view-P7CE8P.jpg
000494.jpg,http://www.flyingthekoop.com/wp-content/uploads/2016/09/9_26dnrplt.jpg
000495.jpg,https://i.pinimg.com/736x/e0/38/d9/e038d985395bec288a813bdc021197ad--chiles-cleaning.jpg
000496.jpg,https://images-na.ssl-images-amazon.com/images/I/81AnO-E-hfL.jpg
000497.jpg,https://rincondelchili.files.wordpress.com/2012/09/chilli_pasilla_bajio.jpg
000498.jpg,https://rincondelchili.files.wordpress.com/2012/09/chile_chilaca1.jpg
000499.jpg,http://portalvhds26k4f5tktj3ck.blob.core.windows.net/spotpics/sp36070.jpg
000500.jpg,https://c8.alamy.com/comp/PBJ1JX/pasilla-bajio-a-dried-chilaca-peppers-or-chile-negro-single-pods-top-view-PBJ1JX.jpg
000501.jpg,https://c8.alamy.com/comp/P9DRAT/chilaca-chile-pepper-ripe-brown-whole-pod-known-as-pasilla-when-dried-P9DRAT.jpg
000502.jpg,http://www.marxfoods.com/images/Red-Anaheim-Chilies_RedAnaheimPeppers-1.jpg
000503.jpg,http://www.marxfoods.com/images/Fresh-Thai-Chilies_FreshThaiChilies-1.jpg
000504.jpg,https://c8.alamy.com/comp/JR5MT5/ancho-mulato-dark-dried-poblano-chile-peppers-whole-clipping-path-JR5MT5.jpg
000505.jpg,https://st3.depositphotos.com/3147771/19411/i/450/depositphotos_194111452-stock-photo-pasilla-chilaca-chile-pepper.jpg
000506.jpg,https://images-na.ssl-images-amazon.com/images/I/81iQlBdoWbL.jpg
000507.jpg,http://www.gourmetsleuth.com/images/pasilla.jpg
000508.jpg,http://dinnersswerved.com/wp-content/uploads/2016/09/Pasilla-vs-Ancho-3.jpg
000509.jpg,https://images-na.ssl-images-amazon.com/images/I/912rf4KoiXL.jpg
000510.jpg,https://c8.alamy.com/comp/J313R1/hot-chili-peppers-doodle-seamless-pattern-bright-cartoon-design-element-J313R1.jpg
000511.jpg,https://images-na.ssl-images-amazon.com/images/I/91hUec+WE7L.jpg
000512.jpg,https://i.pinimg.com/736x/72/da/4e/72da4e3a161e34fc1a2e645d1f460ef8--enchilada-sauce-chile.jpg
000513.jpg,https://st4.depositphotos.com/3147771/20592/i/450/depositphotos_205924618-stock-photo-pasilla-bajio-dried-chilaca-peppers.jpg
000514.jpg,https://s-media-cache-ak0.pinimg.com/736x/53/98/33/539833508a49492fcd078eef1ac94ba5.jpg
000515.jpg,https://assets.epicurious.com/photos/5baa6f39699dbf53d1b3a6d2/master/w_1600,c_limit/shutterstock_1143927128.jpg
000516.jpg,https://s-media-cache-ak0.pinimg.com/736x/c7/47/41/c74741d19e05e1bb988ded7d4fede4b4.jpg
