image,source
000001.jpg,https://www.pepperscale.com/wp-content/uploads/2014/12/chimayo-pepper-1-768x576.jpg
000002.jpg,https://www.adaptiveseeds.com/wp-content/uploads/2014/12/p-7294-hot_pepper_chimayo1.jpg
000003.jpg,https://www.superhotchiles.com/wp-content/uploads/2018/11/ChilesChimayo6-2018-1-600x400.jpg
000004.jpg,https://www.rareseeds.com/assets/1/14/DimRegular/Pepper-Chimayo-LSS-04001.jpg
000005.jpg,https://images-na.ssl-images-amazon.com/images/I/510X-N061gL.jpg
000006.jpg,https://cdn.shopify.com/s/files/1/0871/0950/products/Chimayoss2015_1024x1024.jpg?v=1548196239
000007.jpg,https://www.southernexposure.com/images/large/hot-pepper-chimayo_LRG.jpg
000008.jpg,http://cdn.shopify.com/s/files/1/0784/3297/products/Chimayo_Chile_grande.jpg?v=1453153031
000009.jpg,http://www.resilient-seeds.com/uploads/7/1/8/6/7186781/s314285247432477988_p127_i3_w572.jpeg
000010.jpg,https://i.etsystatic.com/9762701/r/il/7f5bb7/1418431571/il_570xN.1418431571_cwut.jpg
000011.jpg,https://www.chilipeppermadness.com/wp-content/uploads/2013/09/Chimayo-Pepper.jpg
000012.jpg,https://www.chileplants.com/images/chiles/chimayo-pepper-plants.jpg
000013.jpg,https://i.ytimg.com/vi/8lL_-cV0Cbo/hqdefault.jpg
000014.jpg,https://cdn1.bigcommerce.com/server700/5mvrqhbm/products/2949/images/144047/chimayo-pepper2__27842.1475552637.1280.1280.jpg?c=2
000015.jpg,https://i.ebayimg.com/images/g/f9UAAOSw3ydVsSTd/s-l400.jpg
000016.jpg,https://assets.simpleviewinc.com/simpleview/image/upload/c_limit,h_445,q_70,w_660/v1/clients/newmexico/Chiles11_9b65560d-aa72-4e43-9455-df9c636bb799.jpg
000017.jpg,https://assets.atlasobscura.com/media/W1siZiIsInVwbG9hZHMvdGhpbmdfaW1hZ2VzL2I5M2E1YmMxLTg0ZTktNDY2MC1hNmM3LTRlYTQyZWQ0ZjVmNzc1YmZhODE5MTJiZjU4YzNlN19iZSBzcGljZWQgY2hpbWF5byBwb3dkZXIuanBnIl0sWyJwIiwiY29udmVydCIsIiJdLFsicCIsImNvbnZlcnQiLCItcXVhbGl0eSA4MSAtYXV0by1vcmllbnQiXSxbInAiLCJ0aHVtYiIsIjU4MHg1ODAjIl1d/be%20spiced%20chimayo%20powder.jpg
000018.jpg,https://images-na.ssl-images-amazon.com/images/I/91XzNxD9Z7L._SX425_.jpg
000019.jpg,https://www.chili-shop24.com/media/image/1a/27/54/102159_01_600x600.jpg
000020.jpg,https://jakeseed.com/wp-content/uploads/2018/01/chimayyo-416x312.jpg
000021.jpg,https://static.wixstatic.com/media/190d5b_8d3529a67e1048ac82e1f3b2e0789197~mv2_d_3024_4032_s_4_2.jpg/v1/fill/w_480,h_640,al_c,q_85,usm_0.66_1.00_0.01/190d5b_8d3529a67e1048ac82e1f3b2e0789197~mv2_d_3024_4032_s_4_2.jpg
000022.jpg,https://s3.amazonaws.com/media.farmersmarketinstitute.org/wp-content/uploads/2019/03/11170726/Ristras_Chile_2017_SantaFe_FarmersMarket-1-960x720.jpg
000023.jpg,https://c8.alamy.com/comp/MCJNRD/chimayo-chile-pepper-a-mexican-heirloom-ripe-red-whole-pod-MCJNRD.jpg
000024.jpg,https://www.pepperworldhotshop.com/out/pictures/master/product/1/8.jpg
000025.jpg,https://cdn.shopify.com/s/files/1/0157/0808/products/IMG_1771_large.jpg?v=1360359494
000026.jpg,https://i.pinimg.com/originals/6c/33/0d/6c330d88d7285fdfe53089b7a8f60e56.jpg
000027.jpg,https://i.ebayimg.com/images/g/uPYAAOSwZddcLC38/s-l300.jpg
000028.jpg,https://images-eu.ssl-images-amazon.com/images/I/51h-26OioHL._SR600%2C315_PIWhiteStrip%2CBottomLeft%2C0%2C35_PIStarRatingFOUR%2CBottomLeft%2C360%2C-6_SR600%2C315_SCLZZZZZZZ_.jpg
000029.jpg,https://www.madeinnewmexico.com/media/catalog/product/cache/1/image/1800x/040ec09b1e35df139433887a97daa66f/c/h/chimayo.jpg
000030.jpg,https://www.adaptiveseeds.com/wp-content/uploads/2014/12/Maria-Nagy-Transylvanian-Hot-Pepper-4-340x340.jpg
000031.jpg,https://c8.alamy.com/comp/D036WM/southwestern-style-bowl-of-green-and-red-chili-peppers-on-a-rustic-D036WM.jpg
000032.jpg,https://pics.davesgarden.com/pics/2011/11/03/chimayo/885f74.jpg
000033.jpg,https://i.ytimg.com/vi/p42TS1rYM3E/hqdefault.jpg
000034.jpg,https://i.etsystatic.com/6784982/r/il/f84553/1442904839/il_570xN.1442904839_36e5.jpg
000035.jpg,https://i.etsystatic.com/7824311/r/il/440b5b/922221303/il_794xN.922221303_mpjc.jpg
000036.jpg,https://www.superhotchiles.com/wp-content/uploads/2018/04/Aleppo-Pepper-Seeds-300x225.jpg
000037.jpg,https://www.pepperseeds.eu/pub/media/catalog/product/cache/51e4881dc4e265ed9adcb710d483ab73/c/h/chili_seeds_-_chimayo.jpg
000038.jpg,https://kubrick.htvapps.com/htv-prod-media.s3.amazonaws.com/images/chile-pepper-1487891551.jpg?crop=1.00xw:1.00xh;0,0&resize=640:*
000039.jpg,http://www.heliotricity.com/images/chile_peppers/chimayo%201024x768.jpg
000040.jpg,https://c8.alamy.com/comp/R40Y36/chimayo-new-mexico-dried-red-chilies-garlands-and-a-geometric-colored-indian-blanket-R40Y36.jpg
000041.jpg,https://sites.google.com/site/chimayochile/_/rsrc/1472868555400/home/Home%20Page%20Photo.jpg?height=244&width=320
000042.jpg,https://cdn-image.foodandwine.com/sites/default/files/styles/4_3_horizontal_-_1200x900/public/1519313841/chimayo-chile-powder-FT-BLOG0218.jpg?itok=eXFbympD
000043.jpg,https://c8.alamy.com/comp/A2GKRF/usa-new-mexico-chimayo-santuario-de-chimayo-church-area-chili-pepper-A2GKRF.jpg
000044.jpg,https://vignette.wikia.nocookie.net/gardener/images/6/63/Chilli_Chimayo.jpg/revision/latest?cb=20101002164009
000045.jpg,https://envato-shoebox-0.imgix.net/5eb8/6301-93e9-4c9a-82be-b3780d00d565/Chimayo+chile-21-Edit+copy.jpg?auto=compress%2Cformat&fit=max&mark=https%3A%2F%2Felements-assets.envato.com%2Fstatic%2Fwatermark2.png&markalign=center%2Cmiddle&markalpha=18&w=700&s=6014d520ae59fd01c34f939a50f1e1c4
000046.jpg,http://www.taosmagazine.com/wp-content/uploads/2016/05/AdobeStock_24378901-1.jpeg
000047.jpg,https://imagesvc.meredithcorp.io/v3/mm/image?url=https%3A%2F%2Fstatic.onecms.io%2Fwp-content%2Fuploads%2Fsites%2F44%2F2010%2F08%2F27113349%2Fchile_web.jpg&q=85
000048.jpg,http://www.ecoseeds.com/PEPPER22.JPG
000049.jpg,https://i.etsystatic.com/12356882/r/il/bab529/1098292863/il_570xN.1098292863_9wfx.jpg
000050.jpg,http://www.tradewindsfruit.com/content/images/chimayo-pepper.jpg
000051.jpg,https://assets.atlasobscura.com/media/W1siZiIsInVwbG9hZHMvdGhpbmdfaW1hZ2VzL2NiMDIzNGRjLWI0MzYtNDE0YS1hODIyLTQ0NzAwNjM4NGJhMGU0MTJlZGU3N2VmMWIzOTc2NV9QdW1wa2luU3BpY2UyLmpwZyJdLFsicCIsImNvbnZlcnQiLCIiXSxbInAiLCJjb252ZXJ0IiwiLXF1YWxpdHkgODEgLWF1dG8tb3JpZW50Il0sWyJwIiwidGh1bWIiLCI2MDB4NDAwIyJdXQ/PumpkinSpice2.jpg
000052.jpg,https://i.pinimg.com/originals/2a/ff/bd/2affbdaf9aaae057f5c518a843c1238f.png
000053.jpg,https://i.ytimg.com/vi/DS2favxddUY/maxresdefault.jpg
000054.jpg,https://st4.depositphotos.com/3147771/19952/i/1600/depositphotos_199527170-stock-photo-mexican-chimayo-chile-peppers-ripe.jpg
000055.jpg,https://www.superhotchiles.com/wp-content/uploads/2018/09/chilesHernandez6-20181.jpg
000056.jpg,https://cdn.shopify.com/s/files/1/0871/0950/products/Chimayoristras_1024x1024.jpg?v=1544567139
000057.jpg,https://www.adaptiveseeds.com/wp-content/uploads/2014/12/Sweet-Pepper-Bacskai-Feher-3-340x340.jpg
000058.jpg,https://bbteam.com/wp-content/uploads/2019/04/chimayo-chili-pepper.jpg
000059.jpg,https://cdn11.bigcommerce.com/s-9d454/images/stencil/1280x1280/products/5022/9666/chimayo-chile-ground__25989.1299860254.jpg?c=2&imbypass=on
000060.jpg,https://images.robertharding.com/previeww/RM/RH/HORIZONTAL/767-16.jpg
000061.jpg,https://1.bp.blogspot.com/-yHFVXgZ7lkE/W4kuuhvorHI/AAAAAAAAIB0/iqTAp0pgNOEGFuuro3Y6aDO5XpoYlCSwACPcBGAYYCw/s1600/IMG_8735.jpg
000062.jpg,https://i.pinimg.com/originals/f9/28/45/f9284514caa785aaa9250f5fc3bb6690.jpg
000063.jpg,https://jakeseed.com/wp-content/uploads/2018/01/goats-weed-324x324.jpg
000064.jpg,https://i.imgur.com/Nse2DAv.jpg
000065.jpg,https://thumbs.dreamstime.com/z/chimayo-chile-pepper-mexican-heirloom-ripe-red-crossed-pod-halves-seeds-chimayo-chile-pepper-crossed-seeded-halves-114610442.jpg
000066.jpg,https://www.adaptiveseeds.com/wp-content/uploads/2017/12/pepper-aji-marchant-1-340x340.jpg
000067.jpg,http://chilifee.de/WebRoot/Store17/Shops/6785a7bf-b9bd-45fa-b711-164bd13875ab/566A/781F/C1F1/F30B/EB30/0A48/3549/1DE4/Chimayo.jpg
000068.jpg,https://ah-cms.hideawayreport.com/images/index-chimayo-new-mexico-chimayo-chile-ristras-wreath.jpg
000069.jpg,https://imgc.allpostersimages.com/img/print/posters/john-elk-iii-if-the-chile-ain-t-hot-enough-the-cook-s-not-mad-enough-new-mexican-adage-chimayo-new-mexico_a-G-2698114-4990619.jpg?w=895&h=671
000070.jpg,https://davesgarden.com/guides/pf/thumbnail.php?image=2011/11/01/chimayo/8b46fd.jpg&widht=700&height=312
000071.jpg,https://lh5.googleusercontent.com/-lTnvINrPBgc/T8xEc_wVcYI/AAAAAAAACXQ/2u7vdTG74j4/w401-h307-n-k/Chimayo%2BRed%2BPowder%2B2.JPG
000072.jpg,https://jakeseed.com/wp-content/uploads/2018/12/Nagabrains-Red-324x324.jpg
000073.jpg,http://i.imgur.com/HMBhbFZ.jpg
000074.jpg,https://assets.atlasobscura.com/article_images/63551/image.jpg
000075.jpg,http://www.taosmagazine.com/wp-content/uploads/2016/05/AdobeStock_99650349.jpeg
000076.jpg,https://c8.alamy.com/comp/A2GKT1/usa-new-mexico-chimayo-santuario-de-chimayo-church-area-chili-pepper-A2GKT1.jpg
000077.jpg,https://highlandsranchfoodie.com/wp-content/uploads/2018/10/bushel-hatch-chile-peppers.jpg
000078.jpg,http://www.potrerotradingpost.com/images/ChileProduce/5138.jpg
000079.jpg,https://www.tripsavvy.com/thmb/hycY31z5N39iqflPgeKj15LkvAc=/2121x1414/filters:fill(auto,1)/GettyImages-638984756-59744d2d22fa3a001069bfe2.jpg
000080.jpg,https://midcolumbiagardens.com/shop/89-large_default/chimayo.jpg
000081.jpg,https://www.adaptiveseeds.com/wp-content/uploads/2014/12/Korean-Hot-Pepper-2-520x520.jpg
000082.jpg,http://jandlgardens.com/xencart/images/categories/pepper%20assortment(r).JPG
000083.jpg,https://farm2.staticflickr.com/1117/1164144942_acae448762_z.jpg?zz=1
000084.jpg,https://cdn.shopify.com/s/files/1/0864/1114/products/Chimayo_Blend_web_1024x1024.jpg?v=1496604950
000085.jpg,https://images-na.ssl-images-amazon.com/images/I/61HrbQ2cbvL.jpg
000086.jpg,https://assets.atlasobscura.com/media/W1siZiIsInVwbG9hZHMvYXNzZXRzL2Q5MGFiYzk0LTE5NzItNGI1NC05N2I4LTA1ZDE1NjJjMzUwNmJjMWVmNTYzZGVlM2VkYThmOV9wZXBwZXJvbmktODgwMzMyXzE5MjAuanBnIl0sWyJwIiwiY29udmVydCIsIiJdLFsicCIsImNvbnZlcnQiLCItcXVhbGl0eSA4MSAtYXV0by1vcmllbnQiXSxbInAiLCJ0aHVtYiIsIjYwMHg0MDAjIl1d/pepperoni-880332_1920.jpg
000087.jpg,https://bloximages.chicago2.vip.townnews.com/sentinelsource.com/content/tncms/assets/v3/editorial/8/f8/8f81e5d8-4767-11e9-b36a-af0998f39c5e/5c8c162c428fa.image.jpg?resize=1200%2C899
000088.jpg,https://www.madeinnewmexico.com/media/catalog/product/cache/1/image/1800x/040ec09b1e35df139433887a97daa66f/c/h/chimayo_medium_1.jpg
000089.jpg,http://www.cliffsnotesbeerguide.com/wp-content/uploads/chimayo01.jpg
000090.jpg,https://i.ebayimg.com/images/g/AaMAAOSwY7taiKQD/s-l300.jpg
000091.jpg,https://i.pinimg.com/originals/f4/56/47/f456472f9ff1bfa7e198a16580ae914c.jpg
000092.jpg,https://www.superhotchiles.com/wp-content/uploads/2018/04/Queen-Laurie-Seeds-300x225.jpg
000093.jpg,https://shopcart.nmsu.edu/shopcontent/15/chimayoforweb.jpg
000094.jpg,https://media.istockphoto.com/photos/chimayo-chile-pepper-halved-pod-top-view-picture-id947730100
000095.jpg,https://pics.davesgarden.com/pics/2011/11/03/chimayo/879183.jpg
000096.jpg,https://philip.greenspun.com/images/pcd1680/chili-peppers-35.3.jpg
000097.jpg,https://polarsteps.s3.amazonaws.com/u_20537/c139610c-5302-4537-a357-affbb38b5a8d_C2B210CD-2772-42EA-A1F9-58EC9A58F618.jpg
000098.jpg,http://tangledbranches.com/blog/wp-content/uploads/2011/09/harvest-2011-09-04.jpg
000099.jpg,https://upload.wikimedia.org/wikipedia/commons/9/9b/Hatch_green_chile.jpg
000100.jpg,https://sharonsnaturalgardens.com/wp-content/uploads/2018/11/Chile20Pepper20-20Chimayo20Chile20Pepper20Seed.jpg
000101.jpg,https://cdn.shopify.com/s/files/1/0188/0032/products/chile-chimayo-blend-powder-heat-level-01-meta-related-collection-new-mex-red-pepper-spicepeppers-los-chileros-chilly-chiles-largest-selection-of-hot-sauce-in_532.jpg
000102.jpg,https://www.cayennediane.com/wp-content/uploads/2016/10/Palestine-TX-Hot-Pepper-Festival-2019.png
000103.jpg,https://img.mshanken.com/d/wso/Articles/2017/MC_Chile020717_1600.jpg?w=1255&q=90
000104.jpg,http://static1.squarespace.com/static/56d6081ee707eb99c729eee8/587d3e75e6f2e1953314bb03/58882aa46a496319031934b6/1547604814025/?format=1500w
000105.jpg,https://ediblephoenix.ediblecommunities.com/sites/default/files/styles/ariticle_landscape__322x214_/public/images/article/article_details/crazy-chile-farm-7_0.jpg?itok=ndS-9EZP
000106.jpg,https://pics.davesgarden.com/pics/2011/11/04/chimayo/f6fd08.jpg
000107.jpg,https://www.adaptiveseeds.com/wp-content/uploads/2014/12/Maria-Nagy-Transylvanian-Hot-Pepper-3-340x340.jpg
000108.jpg,https://rukminim1.flixcart.com/image/1664/1664/plant-seed/w/x/h/soil-me-50-chilli-yellow-long-hot-pepper-original-imaeh4uz52dhxgcc.jpeg?q=90
000109.jpg,https://i.pinimg.com/originals/93/8c/64/938c64b24a94a1175aec30d918cdae21.jpg
000110.jpg,https://www.pepperscale.com/wp-content/uploads/2014/10/hot-pepper-list-768x511.jpeg
000111.jpg,https://dynamicmedia.zuza.com/zz/m/original_/1/8/188fc9a0-693e-46ec-ad40-037ee953054a/B88184097Z.1_20180515135544_000_GDE68QV6.5-0_Super_Portrait.jpg
000112.jpg,http://www.taosmagazine.com/wp-content/uploads/2016/05/TheSpiceofNewMexico_chili.jpg
000113.jpg,https://images-na.ssl-images-amazon.com/images/I/5163fFUaY%2BL._SX425_.jpg
000114.jpg,https://sites.google.com/site/chimayochilebrosii/_/rsrc/1522281541493/ristras/Ristras_x4.jpg?height=320&width=243
000115.jpg,https://www.madeinnewmexico.com/media/catalog/product/cache/1/image/9df78eab33525d08d6e5fb8d27136e95/c/h/chimayo_duo_2.jpg
000116.jpg,https://media.gettyimages.com/photos/high-road-to-taos-chimayo-chili-ristras-for-sale-picture-id692572369
000117.jpg,http://1.bp.blogspot.com/-B0apFwnQSyE/Tk60Rmpa4eI/AAAAAAAAAdc/rZhHPPfexx0/s1600/20110819_2_ChimayoChiliPeppers.jpg
000118.jpg,https://jakeseed.com/wp-content/uploads/2018/01/hungarian-wax-324x324.jpg
000119.jpg,https://2.bp.blogspot.com/-B7gqRfUD_Lo/WLGOH6ThT9I/AAAAAAAAG0c/17nrLN6YIIkKU85blezmyOTWidF_8qisgCLcB/s1600/P1011805.JPG
000120.jpg,https://c8.alamy.com/comp/BB3XF1/na-usa-new-mexico-chimayo-rancho-de-chimayo-restraunt-red-chili-peppers-BB3XF1.jpg
000121.jpg,http://unity1.co/wp-content/uploads/2018/12/red-chile-powder-chimayo-recipes-indian-chili-substitute-bueno-sauce-from.jpg
000122.jpg,https://img.sunset02.com/sites/default/files/rancho-de-chimayo-carne-adovada-su.jpg
000123.jpg,https://www.savoryspiceshop.com/content/mercury_modules/cart/items/3/2/2/3228/chile-chimayo-variety-chile-powder-mild-1.jpg
000124.jpg,https://cdn11.bigcommerce.com/s-cg0adf/images/stencil/1280x1280/products/244/449/chimayo_dried__86616.1402565957.jpg?c=2&imbypass=on
000125.jpg,http://uspcd.org/wp-content/uploads/2019/02/red-chile-powder-natural-chilli-chili-indian-recipes-rancho-de-chimayo.jpg
000126.jpg,https://cdn.shopify.com/s/files/1/0207/8590/products/chimayo.jpg?v=1536674080
000127.jpg,http://i111.photobucket.com/albums/n160/bgpadios/Chimayopepper7-4-11.jpg
000128.jpg,https://media.istockphoto.com/photos/chili-ristra-in-new-mexico-picture-id1000292240
000129.jpg,https://cdn.shopify.com/s/files/1/1095/8052/products/Pepper_Chilaque_Rojo4_large.jpg?v=1544139313
000130.jpg,https://pics.davesgarden.com/pics/2014/02/08/chimayo/341da1.jpg
000131.jpg,https://cdn.shopify.com/s/files/1/0871/0950/products/3PackGreenRedChiles.jpg?v=1543357734
000132.jpg,https://www.chilipeppermadness.com/wp-content/uploads/2013/09/Cayenne-Peppers.jpg
000133.jpg,https://sites.google.com/site/chimayochile/_/rsrc/1499530989847/secure_shopping/products/San%20Juan%20Pods.jpg?attachauth=ANoY7co3CfvzPDUEKWikMlwW1tB9HmBSNae87i_ZwPLFXxnUeTuxgbqQCcKHUcew8lN4EtE7rV5iChTI2-zkiJla5PXMghCfnVjrzanmW-k3dhgz4fkiY1BU5jirxxX7XZtgChNXsJpsOgbFq1A233Une_IU1h3Tr2D016Uv55t21_r55SVoitocFMukwaFpYB5fBpkPnyVjDHYNcy9QxqRmu1c0aSVcVaFKfNRlWvVQ66azDuUJ5RA%3D&attredirects=0&height=309&width=400
000134.jpg,https://www.adaptiveseeds.com/wp-content/uploads/2018/12/Lady-Han-Hot-Pepper-1.jpg
000135.jpg,https://cdn.shopify.com/s/files/1/0157/0808/products/D009b_large.jpg?v=1525127391
000136.jpg,https://i.ytimg.com/vi/A99SDvNNzcI/maxresdefault.jpg
000137.jpg,https://img-aws.ehowcdn.com/600x600p/photos.demandstudios.com/getty/article/117/205/87644606_XS.jpg
000138.jpg,http://2.bp.blogspot.com/_dKok25glEy0/TTkEDfMBhDI/AAAAAAAAGfY/1AGFcMDValk/s1600/pepper-strings.jpg
000139.jpg,https://shopcart.nmsu.edu/shopcontent/15/orange-jalapeno2.jpg
000140.jpg,https://media.gettyimages.com/photos/drying-red-chili-peppers-picture-id594898518?s=612x612
000141.jpg,https://cdn.shopify.com/s/files/1/0784/3297/collections/Screen_Shot_2015-08-26_at_10.35.09_AM_1024x1024.png?v=1440606951
000142.jpg,https://images-na.ssl-images-amazon.com/images/I/51B1izMg2gL.jpg
000143.jpg,https://www.thespiceworks.co.uk/wp-content/uploads/csm/CHIMOYO_CHILLI_DRIED_WHOLE_CHILLI_PEPPERS.jpg
000144.jpg,https://i.pinimg.com/originals/18/24/cd/1824cd083676f914dacc545fcf992b7e.jpg
000145.jpg,http://www.lavozcolorado.com/photos/2016/10/PUEBLO-CD.jpg
000146.jpg,https://pics.davesgarden.com/pics/2011/11/01/chimayo/b0dd21.jpg
000147.jpg,http://i.imgur.com/YHZPqBJ.jpg
000148.jpg,http://www.takepart.com/sites/default/files/styles/large/public/chilis-janes-MAIn.jpg
000149.jpg,https://upload.wikimedia.org/wikipedia/commons/thumb/6/69/BhutJolokia09_Asit.jpg/1200px-BhutJolokia09_Asit.jpg
000150.jpg,https://i7.pngguru.com/preview/178/665/96/tabasco-pepper-birds-eye-chili-serrano-pepper-cayenne-pepper-chili-pepper-red-pepper-thumbnail.jpg
000151.jpg,http://3.bp.blogspot.com/-wtGFVitFe6k/T6hSezPfbkI/AAAAAAAABTQ/PFzYs3vSiC8/s1600/6a00e5519e7ea4883400e554d819e48833-800wi.jpg
000152.jpg,https://i.etsystatic.com/9762701/r/il/860dc5/629145615/il_570xN.629145615_axjt.jpg
000153.jpg,https://www.adaptiveseeds.com/wp-content/uploads/2018/12/Hong-Gochu-Large-Fruit-Hot-Pepper-2.jpg
000154.jpg,https://s3.amazonaws.com/media.farmersmarketinstitute.org/wp-content/uploads/2019/03/11171423/Ristras_Chile_2017_SantaFe_FarmersMarket-3-960x1280.jpg
000155.jpg,https://cdn.shopify.com/s/files/1/0060/4546/6739/files/IMG_5524_large.jpg?v=1547926001
000156.jpg,https://www.chilipeppermadness.com/wp-content/uploads/2013/09/Birds-Eye-Peppers.jpg
000157.jpg,https://assets.atlasobscura.com/media/W1siZiIsInVwbG9hZHMvdGhpbmdfaW1hZ2VzLzdkMDZmZWUyLTU0NWEtNDE2Zi04NGQwLWI0NTIzYTNkNTNmN2YxZDM3YWZiOTY4OWNhNTk1NF82MTE5MzcyNF8xNjgxNzAxNjc1NDcxMzlfMzg4OTAxMDI2MzQxMDYxNTYzNF9uLmpwZyJdLFsicCIsImNvbnZlcnQiLCIiXSxbInAiLCJjb252ZXJ0IiwiLXF1YWxpdHkgODEgLWF1dG8tb3JpZW50Il0sWyJwIiwidGh1bWIiLCI1ODB4NTgwIyJdXQ/61193724_168170167547139_3889010263410615634_n.jpg
000158.jpg,https://garden.org/pics/2017-07-07/Anderwood/0e7112.jpg
000159.jpg,https://scontent-lhr3-1.cdninstagram.com/v/t51.2885-15/e35/67651767_219046159071778_1941379099181569749_n.jpg?_nc_ht=scontent-lhr3-1.cdninstagram.com&se=8&oh=6512732889b0f7c1b4dc55c4cfce0766&oe=5E056925&ig_cache_key=MjExNDY4MDE3MDkxNjAwNzM4NA%3D%3D.2
000160.jpg,https://c8.alamy.com/comp/HNM292/new-mexico-high-road-to-taos-scenic-byway-chimayo-chili-ristras-for-HNM292.jpg
000161.jpg,https://www.taosnews.com/uploads/original/1513810632_f49e.jpg
000162.jpg,https://pics.davesgarden.com/pics/2011/11/02/chimayo/4e6439.jpg
000163.jpg,https://www.vspicery.com/wp-content/uploads/2010/08/Spice_Chimayo.jpg
000164.jpg,https://cdn.shopify.com/s/files/1/0784/3297/products/Big_Jim_Chile_2_grande.jpg?v=1453152688
000165.jpg,https://cdn.shopify.com/s/files/1/0060/4546/6739/files/IMG_0587_large.jpg?v=1548177275
000166.jpg,https://shopcart.nmsu.edu/shopcontent/15/chinese-new-year.jpg
000167.jpg,https://www.savoryspiceshop.com/content/mercury_modules/cart/items/3/2/2/3227/chile-chimayo-variety-chile-powder-hot-1.jpg
000168.jpg,https://i.ebayimg.com/images/g/tGoAAMXQVERS2Y7H/s-l300.jpg
000169.jpg,https://sukeyjumpmusic.files.wordpress.com/2015/11/img_8601.jpg
000170.jpg,https://cdn11.bigcommerce.com/s-9d454/images/stencil/350x350/products/4862/10318/california-chili-powder__69530.1333540215.jpg?c=2
000171.jpg,https://i.pinimg.com/originals/94/8f/87/948f871505b6c8179ffeef72784a3506.png
000172.jpg,https://img1.10bestmedia.com/Images/Photos/207410/p-Chiles-10-Best_54_990x660_201404231650.jpg
000173.jpg,https://cdn1.bigcommerce.com/server700/5mvrqhbm/products/166/images/143822/chi_chien_pepper_n__55769.1475552360.1280.1280.JPG?c=2
000174.jpg,https://cdn.shopify.com/s/files/1/1095/8052/products/Pepper_Shishito2_large.jpg?v=1544636299
000175.jpg,https://live.staticflickr.com/5137/5471901477_cc3c705031.jpg
000176.jpg,https://ourlomitafarm.files.wordpress.com/2016/09/img_9323.jpg?w=281&h=300
000177.jpg,http://cdn.shopify.com/s/files/1/1270/2601/products/Glen_Seeds_Heirloom_-_No_Pic_650d6910-60ae-4ab3-9b01-45a8917e087c_grande.jpg?v=1482303225
000178.jpg,https://cdn2.newsok.biz/cache/r620-3b49f5195343fcc1aee397ac9c6fce23.jpg
000179.jpg,https://img.sunset02.com/sites/default/files/styles/4_3_horizontal_inbody_900x506/public/image/noel-trujillo-of-vigils-chimayo-produce1.jpg
000180.jpg,https://lh5.googleusercontent.com/-9kOqYKIfnu0/UDxCz7Kdd0I/AAAAAAAABVU/zrqrflkHczY/s800/82712%2520garden%2520003.jpg
000181.jpg,https://cdn.shopify.com/s/files/1/0157/0808/products/1310499075_D19_large.jpeg?v=1339104883
000182.jpg,https://assets.atlasobscura.com/article_images/63553/image.jpg
000183.jpg,https://cdn2.newsok.biz/cache/large960_blur-b8116994b2a42468575a51f11c00daa1.jpg
000184.jpg,https://chef-julia.com/wp-content/uploads/2012/09/September222012303.jpg
000185.jpg,https://i5.walmartimages.com/asr/3b7c66eb-44ca-47c3-a744-40363310a84e_1.d6e8b83a41be6184da630cbc3ef49ad6.jpeg?odnHeight=450&odnWidth=450&odnBg=FFFFFF
000186.jpg,https://cdn.shopify.com/s/files/1/0784/3297/products/rnakychile_grande.png?v=1453310202
000187.jpg,https://pics.davesgarden.com/pics/2016/01/03/chimayo/c1be3a.jpg
000188.jpg,https://pbs.twimg.com/media/DdFKWWKU0AEnJgh.jpg
000189.jpg,https://www.chilipeppermadness.com/wp-content/uploads/2019/09/Yatsafusa-Peppers.jpg
000190.jpg,https://media.gettyimages.com/photos/chili-pepper-wreath-hangs-at-el-santuario-de-chimayo-picture-id148541463
000191.jpg,https://lh3.googleusercontent.com/p/AF1QipM-AW_3V39uSkmnbqLQNm26k37ADlOvAlo8tFks=s1600-w1024
000192.jpg,https://roadfood.com/wp-content/uploads/2018/12/Rancho-di-Chimayo-carne-adovada.jpg
000193.jpg,https://shopcart.nmsu.edu/shopcontent/15/cinco-de-mayo.jpg
000194.jpg,http://www.ecoseeds.com/PEPPER21.JPG
000195.jpg,https://explorepartsunknown.com/wp-content/uploads/2018/12/GettyImages-470839330.jpg?quality=95&strip=color
000196.jpg,https://cdn.shopify.com/s/files/1/1095/8052/products/Pepper_Tobasco3_large.jpg?v=1544140888
000197.jpg,https://www.thespruceeats.com/thmb/v1_M22OF7XMCKgzWa4KBcw9v-eg=/425x326/filters:no_upscale():max_bytes(150000):strip_icc()/spicy-vivid-chili-mexican-peppers-157643424-5977b413845b340011966538.jpg
000198.jpg,https://cdn.shopify.com/s/files/1/2214/9001/products/CHM_389f66cf-eb74-437b-aaf4-2b399b2141ef_300x300.jpg?v=1528165788
000199.jpg,https://www.adaptiveseeds.com/wp-content/uploads/2014/12/pepper-adaptive-early-thai-2-340x340.jpg
000200.jpg,https://i.ytimg.com/vi/Hpkzv6Ew5Mw/maxresdefault.jpg
000201.jpg,http://www.takepart.com/sites/default/files/styles/large/public/hatch-chilies-MAIN.jpg
000202.jpg,https://foodsofnations.com/wp-content/uploads/chimayo-chili-powder-mild-1.jpg
000203.jpg,https://munchies-images.vice.com/wp_upload/fire_roasting_chiles.jpg?crop=1xw%3A0.8435280189423836xh%3Bcenter%2Ccenter&resize=2000%3A*
000204.jpg,https://s3.amazonaws.com/media.farmersmarketinstitute.org/wp-content/uploads/2019/03/11171242/Ristras_Chile_2017_SantaFe_FarmersMarket-2-580x400.jpg
000205.jpg,http://firetonguefarm.com/wp-content/uploads/2016/07/Peppers-2013-2-2.jpg
000206.jpg,https://2.bp.blogspot.com/-El1WtCqBZH0/W4mPJ2E9HWI/AAAAAAAAIDQ/XiYW0MKEeWs_zMe55KP9bnzEYMUuxH_CwCEwYBhgL/s400/IMG_8830.JPG
000207.jpg,https://www.trbimg.com/img-5204a9d2/turbine/hhualjkf-recipe-db/800/16x10?q=1
000208.jpg,https://images-na.ssl-images-amazon.com/images/I/71WKuCLoGXL.SR420,420_.jpg
000209.jpg,https://1.bp.blogspot.com/-W5kP2X6ulu0/WLGN6PMnUuI/AAAAAAAAG0U/KqCih8opvcIRVYbBiHb_d_Z_tkE-8nLWwCLcB/s1600/P1011898.jpg
000210.jpg,https://media-cdn.tripadvisor.com/media/photo-s/07/86/f1/b9/hotel-chimayo-de-santa.jpg
000211.jpg,http://www.tradewindsfruit.com/content/images/habanero-pastel-pepper.jpg
000212.jpg,https://image.shutterstock.com/image-photo/pepper-on-white-background-260nw-58284715.jpg
000213.jpg,https://www.thespruceeats.com/thmb/Gn3VZGCS7L6_jzfzAIOpCEkDg5Q=/425x326/filters:no_upscale():max_bytes(150000):strip_icc()/New-Mexico-Chiles-57dd90463df78c9cce331b3e.jpg
000214.jpg,https://i.etsystatic.com/9762701/r/il/ffcc37/1371168558/il_570xN.1371168558_221t.jpg
000215.jpg,http://www.diversivore.com/wp-content/uploads/2018/05/Arbol-chilies-square.jpg
000216.jpg,https://www.hotelchimayo.com/sites/hotelchimayo.com/files/styles/content_row_images/public/website/Images/Chimayo-New-Mexico-Chile-Field-02.jpg?itok=TtCaGXfU
000217.jpg,https://unclewaynestomatoes.com/sites/default/files/Chimayo.JPG
000218.jpg,https://c8.alamy.com/comp/H9CA59/a-bunch-of-red-chili-peppers-capsicum-annuum-hanging-beside-an-image-H9CA59.jpg
000219.jpg,https://lh5.googleusercontent.com/-jMW2kNxi-f4/UDxKb6_BNCI/AAAAAAAABW8/-gWc-toyXnY/s800/82712%2520garden%2520006.jpg
000220.jpg,https://chef-julia.com/wp-content/uploads/2012/09/September222012303-478x321.jpg
000221.jpg,https://davesgarden.com/guides/pf/thumbnail.php?image=2011/11/04/chimayo/f6fd08.jpg&widht=700&height=312
000222.jpg,https://rcgormannavajogallery.com/wp-content/uploads/2016/11/chimayo-chile-1.jpg
000223.jpg,https://bloximages.newyork1.vip.townnews.com/santafenewmexican.com/content/tncms/assets/v3/editorial/d/aa/daa80b64-4a61-560c-a2e2-ee2131e66c62/5bad5b1f5a9b5.image.jpg
000224.jpg,https://www.chilipeppermadness.com/wp-content/uploads/2013/09/Jwala-Fingers-Peppers.jpg
000225.jpg,http://dogalgucler.club/wp-content/uploads//2019/03/chimayo-peppers-chili-chili-c-4-5.jpg
000226.jpg,https://t1.thpservices.com/previewimage/gallil/edd1758501347c78abd610ecb13c2a97/esy-001272320.jpg
000227.jpg,https://bloximages.chicago2.vip.townnews.com/sentinelsource.com/content/tncms/assets/v3/editorial/6/97/69745786-4767-11e9-ab62-e79c77ffea3e/5c8c160a9ee0f.image.jpg?resize=1200%2C1600
000228.jpg,https://cdn.shopify.com/s/files/1/0871/0950/products/Seed-Catalog_1024x1024.jpg?v=1566339704
000229.jpg,https://cdn8.dissolve.com/p/D256_34_002/D256_34_002_1200.jpg
000230.jpg,https://cdn.shopify.com/s/files/1/1095/8052/products/Pepper_Anjali_medium.jpg?v=1544139042
000231.jpg,https://3.bp.blogspot.com/-DRg4uVPo_pM/W2RJGqdRSBI/AAAAAAAAH6Y/PLJxnCtDWM41Z_idl1smYkHLSCsiHvgBgCLcBGAs/s1600/IMG_8380.JPG
000232.jpg,https://1.bp.blogspot.com/-hcEQeqKP_b8/WLGN_BBxP-I/AAAAAAAAG0Y/wZmzOKQFJ_cF8Or2w83HmV2qUieYA96iQCLcB/s1600/P1011797.JPG
000233.jpg,https://tahoesouth.com/wp-content/uploads/2016/01/chimayo_logo.jpg
000234.jpg,https://i2.wp.com/awaytogarden.com/wp-content/uploads/2015/01/Pepper_Tasting1.jpg?ssl=1
000235.jpg,https://thekittchen.com/wp-content/uploads/2019/04/Inn-of-Five-Graces-Santa-Fe-21-600x900.jpg
000236.jpg,https://pics.davesgarden.com/pics/2011/11/01/chimayo/3b89f3.jpg
000237.jpg,https://cdn.shopify.com/s/files/1/0060/4546/6739/files/IMG_20181208_192349_large.jpg?v=1545859461
000238.jpg,https://2.bp.blogspot.com/-2VV0l21nODo/Waos8WUdKdI/AAAAAAAASGQ/TzXZFhsygBQkiteMwW5HGvk1TePu9sksACLcBGAs/s1600/hot.jpg
000239.jpg,https://rockymountaincooking.com/wp-content/uploads/2013/09/20130928_31-1024x768.jpg
000240.jpg,https://www.hotelchimayo.com/sites/hotelchimayo.com/files/website/Images/Ristras-monaghanphoto.jpg
000241.jpg,https://cdn.shopify.com/s/files/1/0157/0808/products/TS324b_large.jpg?v=1391025748
000242.jpg,https://www.chilipeppermadness.com/wp-content/uploads/2018/08/Aci-Sivri-Cayenne-Pepper2.jpg
000243.jpg,https://live.staticflickr.com/4104/5083860161_33cc332132_b.jpg
000244.jpg,https://mjskitchen.com/wp-content/uploads/2011/09/RistraFreshWeb.jpg
000245.jpg,https://bostonglobe-prod.cdn.arcpublishing.com/resizer/sdZGUCZ5ufBSAWTegxvC8mA_q6w=/420x0/arc-anglerfish-arc2-prod-bostonglobe.s3.amazonaws.com/public/ZPZ4A2UXQMI6JI3AAGIP246CCA.jpg
000246.jpg,https://s3.amazonaws.com/media.farmersmarketinstitute.org/wp-content/uploads/2019/03/11170609/Ristra_2015_DanielQuatPhotography_SantaFe_FarmersMarket_1-960x1430.jpg
000247.jpg,https://cdn.shopify.com/s/files/1/0784/3297/products/Cayenne_Chile_1024x1024.png?v=1453152792
000248.jpg,https://o.b5z.net/i/u/2182313/i/7000B_Sriracha_Thumbnails-06.png
000249.jpg,https://previews.agefotostock.com/previewimage/medibigoff/496d2a991daef06d8b4bc2b222983de4/ssb-4163-2596.jpg
000250.jpg,https://c8.alamy.com/comp/R21APB/strings-of-dried-chile-peppers-or-ristras-hang-in-front-of-an-adobe-wall-in-chimayo-new-mexico-usa-R21APB.jpg
000251.jpg,https://cdn.shopify.com/s/files/1/1747/3807/products/CHIMAYOHERITAGE_530x.jpg?v=1542024610
000252.jpg,https://scontent-lht6-1.cdninstagram.com/vp/f8a915835da895ec7ae97ae0e9fd5aa0/5DDB4C59/t51.2885-15/sh0.08/e35/c0.135.1080.1080a/s640x640/16789121_1007721266028390_7056042732254396416_n.jpg?_nc_ht=scontent-lht6-1.cdninstagram.com&ig_cache_key=MTQ1OTQ3NDg0Mjg3MjA3MjUzNw%3D%3D.2.c
000253.jpg,https://keviniscooking.com/wp-content/uploads/2018/08/Homemade-Chili-Powder-square-500x500.jpg
000254.jpg,https://ourlomitafarm.files.wordpress.com/2016/09/photo-4.jpg?w=350&h=200&crop=1
000255.jpg,https://media.istockphoto.com/photos/chili-ristra-in-new-mexico-picture-id1000295354
000256.jpg,https://cdn.imgbin.com/25/14/19/imgbin-salsa-hatch-chimayo-new-mexico-chile-chili-pepper-others-KS1UNxpb8zcLFn8FhU3et8fHR.jpg
000257.jpg,https://photovault.com/data/comps/CSM/CSMV01P11_07.1743.jpg
000258.jpg,https://image.shutterstock.com/image-photo/red-chili-pepper-isolated-on-260nw-725368348.jpg
000259.jpg,https://cdn.shopify.com/s/files/1/1095/8052/products/Pepper_Anjali_2_large.jpg?v=1544139048
000260.jpg,https://i.ebayimg.com/images/g/-kEAAOSwU-pXtkeQ/s-l300.jpg
000261.jpg,https://media-cdn.tripadvisor.com/media/photo-s/06/e9/e2/08/sheffield-spice-tea-co.jpg
000262.jpg,https://img1.wantitall.co.za/prodimages/sriracha-salt-1-lb-bag-fire-up-your-taste-buds-spicy-sea-salt-blend-with-hot-chimayo-pepper-habanero__51KMZ36lJiL.jpg
000263.jpg,http://4.bp.blogspot.com/_3SEhkHlCw4g/TQayCE0cGHI/AAAAAAAAATg/xOEOJ5-MiGI/s1600/RanchoRistras.jpg
000264.jpg,https://www.chilipeppermadness.com/wp-content/uploads/2013/10/Spanish-Naga-Peppers.jpg
000265.jpg,http://jandlgardens.com/xencart/images/Nativo%20Chile%20on%20plant(n).JPG
000266.jpg,https://lh3.googleusercontent.com/p/AF1QipP5y2E32XNWZoHfeTJY2SvNp77VP77_-aT9xVVA=w660-h440-c
000267.jpg,https://pics.davesgarden.com/pics/2011/11/03/chimayo/957cf2.jpg
000268.jpg,https://upload.wikimedia.org/wikipedia/commons/d/df/Santuario_Chimayo.jpg
000269.jpg,https://images-na.ssl-images-amazon.com/images/I/71zP1Yu-5hL.SR420,420_.jpg
000270.jpg,https://c1.staticflickr.com/6/5694/30237360732_c8287bd345_b.jpg
000271.jpg,https://sites.google.com/site/chimayochile/_/rsrc/1472868562616/learn/Green%20Chile%20With%20Drop%20Shadow.jpg?height=320&width=293
000272.jpg,https://fastly.4sqi.net/img/general/600x600/64591343_MeB2XqvNwlApvVI0W8Ckpt7LLy9JE0XUEojPGFIh6Vc.jpg
000273.jpg,https://cdn11.bigcommerce.com/s-cg0adf/images/stencil/500x659/products/241/452/Congo_Red__49666.1402566725.jpg?c=2
000274.jpg,https://highlandsranchfoodie.com/wp-content/uploads/2019/03/hatch-chile-recipes-1-200x300.jpg
000275.jpg,http://img1.wsimg.com/isteam/ip/036567ab-653e-4ea9-9c54-062685d4c152/cookbook%203494.JPG
000276.jpg,https://saint-andrews.org/wp-content/uploads/2017/06/ChileHeader.png
000277.jpg,https://shopcart.nmsu.edu/shopcontent/15/numex-sweet3.jpg
000278.jpg,https://4.bp.blogspot.com/-u1MNM6q0XHo/WLGNuD_7o1I/AAAAAAAAG0M/ux4tXsOp2Bwuzi5At_ScHyHwJrirLozNwCLcB/s1600/P1011798.JPG
000279.jpg,https://storage.googleapis.com/wzukusers/user-15318189/images/57cc8de6f1cd6Cj2Lp2m/Casa-Chimayo-Guacamole.jpg
000280.jpg,http://1.bp.blogspot.com/-szu8tL7G4ng/U9q7Z1wNpzI/AAAAAAAAGGo/GiEJ1mnkEqQ/s1600/casachimayoingredients.jpg
000281.jpg,https://www.chililovers.nu/wp-content/uploads/2015/08/cyklon.jpg
000282.jpg,https://img1.10bestmedia.com/Images/Photos/207411/p-Chiles-10-Best-2_54_990x660_201404231650.jpg
000283.jpg,https://ediblephoenix.ediblecommunities.com/sites/default/files/styles/ariticle_landscape__322x214_/public/images/article/article_details/crazy-chile-farm-2_0.jpg?itok=KMXUwIsf
000284.jpg,http://www.cliffsnotesbeerguide.com/wp-content/uploads/chimayo06.jpg
000285.jpg,https://photos.prnewswire.com/prnfull/20160913/407229
000286.jpg,https://www.hotelchimayo.com/sites/hotelchimayo.com/files/website/Images/Chimayo-New-Mexico-Chile-Field-01.jpg
000287.jpg,https://garden.org/pics/2017-10-12/wildflowers/1c99e9.jpg
000288.jpg,https://t3.thpservices.com/previewimage/gallil/22bbd41815ddbd2c188b953f258ca025/uig-4037-39-chimayo-nm-2.jpg
000289.jpg,https://bloximages.chicago2.vip.townnews.com/pottsmerc.com/content/tncms/assets/v3/editorial/3/ee/3eec6df3-abe9-5e12-9acc-5ea2c4f053e4/5b7d889987f11.image.jpg?resize=400%2C501
000290.jpg,https://www.madeinnewmexico.com/media/catalog/product/cache/1/image/1800x/040ec09b1e35df139433887a97daa66f/t/s/tsimayo_image_new_mexican.jpg
000291.jpg,http://www.diversivore.com/wp-content/uploads/2018/05/Puya-chilies-square.jpg
000292.jpg,https://farm2.static.flickr.com/1876/43987631414_0db86baba8_b.jpg
000293.jpg,https://www.hotelloretto.com/sites/hotelloretto.com/files/styles/content_photo/public/website/Images/SantaFe/Santa-Fe-Chimayo-Heritage-Inspirations-Explore.jpg?itok=jYkCUUEw
000294.jpg,https://scontent-frx5-1.cdninstagram.com/v/t51.2885-15/e35/66428895_2446153142110103_6180648536388693454_n.jpg?_nc_ht=scontent-frx5-1.cdninstagram.com&se=7&oh=a630d6138f4f56b84c8fdc4e53b21e7b&oe=5DDADC98&ig_cache_key=MjA4NDUyMzk4MjU4OTM2NDU3OQ%3D%3D.2
000295.jpg,https://newmexiconomad.com/wp-content/uploads/2018/12/chimayo-red-chile.jpg
000296.jpg,http://www.ecoseeds.com/PEPPER40.JPG
000297.jpg,https://yardandplate.files.wordpress.com/2013/07/img_4890.jpg
000298.jpg,https://imagesvc.meredithcorp.io/v3/mm/image?url=https%3A%2F%2Fcdn-image.foodandwine.com%2Fsites%2Fdefault%2Ffiles%2Fstyles%2Fmedium_2x%2Fpublic%2Fchimayo-chile-risotto-with-shiitake-mushrooms-xl-r-200512.jpg%3Fitok%3Dm8md0EKH&w=450&c=sc&poi=face&q=85
000299.jpg,https://s3.amazonaws.com/media.santafefarmersmarket.com/wp-content/uploads/2014/08/09133144/ElJardinDeChileDeChimayo_2015_DanielQuatPhotography_SantaFe_FarmersMarket-20.jpg
000300.jpg,https://pics.davesgarden.com/pics/2011/11/04/chimayo/69b4b6.jpg
000301.jpg,https://media-cdn.tripadvisor.com/media/photo-s/06/e9/6f/c9/rancho-de-chimayo-restaurante.jpg
000302.jpg,https://rdougwicker.files.wordpress.com/2012/03/shrimp-diabla01.jpg
000303.jpg,https://c8.alamy.com/comp/A2GKRC/usa-new-mexico-chimayo-santuario-de-chimayo-church-area-chili-pepper-A2GKRC.jpg
000304.jpg,https://penderys.com/pub/media/catalog/product/cache/0f831c1845fc143d00d6d1ebc49f446a/h/t/httpswww.penderys.commediaimageschimayo-chile-powder-00326.jpg
000305.jpg,https://media.gettyimages.com/photos/new-mexico-chimayo-chile-peppers-garlic-wreath-picture-id452515222
000306.jpg,https://www.chilipeppermadness.com/wp-content/uploads/2019/09/Sonoran-Peppers.jpg
000307.jpg,https://cdn.shopify.com/s/files/1/0157/0808/products/TS325_large.jpg?v=1505433359
000308.jpg,https://assets.simpleviewinc.com/simpleview/image/upload/crm/newmexico/30472-55830_cd51379a-5056-a36a-073c9ad3a39e6e95.jpg
000309.jpg,https://i.etsystatic.com/9762701/r/il/22b6f7/1106004172/il_570xN.1106004172_teah.jpg
000310.jpg,https://saltpepperskillet.com/wp-content/uploads/chimayo-park-city-food-flatlay-horizontal.jpg
000311.jpg,https://i.ytimg.com/vi/kjGkx0x6Ris/hqdefault.jpg
000312.jpg,https://ediblemarinandwinecountry.ediblecommunities.com/sites/default/files/images/article/Screen%20Shot%202013-10-03%20at%203.26.37%20PM.png
000313.jpg,https://www.yesmagazine.org/issues/education-uprising/a-passion-for-peppers-the-movement-to-save-new-mexico-s-treasured-chiles/ChiliSecondary.jpg/image
000314.jpg,https://cdn.shopify.com/s/files/1/1747/3807/products/CHIMAYOHERITAGE3_530x.jpg?v=1542024673
000315.jpg,https://bloximages.chicago2.vip.townnews.com/telluridenews.com/content/tncms/assets/v3/editorial/6/ab/6abc6e30-36d1-11e5-9b0c-bb262aa7dae1/55ba45bbcf9c4.image.jpg?resize=400%2C258
000316.jpg,https://shopcart.nmsu.edu/shopcontent/15/hontaka2.jpg
000317.jpg,http://i25.photobucket.com/albums/c86/punkrotten/942_3778_zps529db59d.jpg
000318.jpg,https://cdn.shopify.com/s/files/1/0871/0950/products/puyapepperpicfrompkt_1024x1024.jpg?v=1554244044
000319.jpg,https://keviniscooking.com/wp-content/uploads/2015/12/Chili-Colorado-with-Potatoes1.jpg
000320.jpg,https://live.staticflickr.com/1464/23794833579_197b4f805c_b.jpg
000321.jpg,https://i1.wp.com/iamnm.com/wp-content/uploads/2015/04/Habanero-Pepper.jpg?resize=600%2C399&ssl=1
000322.jpg,https://i3.cpcache.com/merchandise/53_300x300_Front_Color-NA.jpg?Size=NA&AttributeValue=NA&region={%22name%22:%22FrontCenter%22,%22width%22:20,%22height%22:16,%22alignment%22:%22MiddleCenter%22,%22orientation%22:1,%22dpi%22:150,%22crop_x%22:0,%22crop_y%22:0,%22crop_h%22:2400,%22crop_w%22:3000,%22scale%22:0,%22template%22:{%22id%22:8519611,%22params%22:{}}}&Filters=[{%22name%22:%22background%22,%22value%22:%22ddddde%22,%22sequence%22:2}]
000323.jpg,https://beyondmeresustenance.com/wp-content/uploads/2013/11/NM-Red-Chile-Posole-1.jpg
000324.jpg,http://www.heliotricity.com/images/chile_peppers/chimayo%20480x360.jpg
000325.jpg,https://2.bp.blogspot.com/-0YA1YeEmq44/WLGPeOMTitI/AAAAAAAAG08/ZfvtmV98u9IFhtv_rxHsZ9GyCpBx1NIgwCLcB/s1600/IMG_2868.JPG
000326.jpg,https://i0.wp.com/awaytogarden.com/wp-content/uploads/2015/01/Liebesapfel.jpg?ssl=1
000327.jpg,https://www.chililovers.nu/wp-content/uploads/2015/07/thai-red-demon-247x296.jpg
000328.jpg,https://image.shutterstock.com/image-photo/chili-pepper-isolated-on-white-260nw-605693192.jpg
000329.jpg,http://hilobrow.com/wp-content/uploads/2017/02/san_pueblo_landrace-e1487106150155.jpg
000330.jpg,http://www.tradewindsfruit.com/content/images/zimbabwe_bird_pepper.jpg
000331.jpg,https://assets.atlasobscura.com/media/W1siZiIsInVwbG9hZHMvYXNzZXRzL2E2ZGEwZjBjLWVlNmMtNDgwYy05MDZjLWE1MjA5ZGRmN2VhYmI4MTA4ZTJlNmExYzQ0NmZjMV8zMjQxOTg0NDY2MV9mZTI1ZWEyNzU5X28uanBnIl0sWyJwIiwiY29udmVydCIsIi1hdXRvLW9yaWVudCAiXSxbInAiLCJ0aHVtYiIsIjg3Nng1ODQrMjYrMjgxIl0sWyJwIiwiY29udmVydCIsIi1xdWFsaXR5IDgxIC1hdXRvLW9yaWVudCJdLFsicCIsInRodW1iIiwiMzcyeDI0OCMiXV0/32419844661_fe25ea2759_o.jpg
000332.jpg,https://pics.davesgarden.com/pics/2011/11/03/chimayo/fab9d5.jpg
000333.jpg,https://static.wixstatic.com/media/c192e8_d1956b0c18db4dfc894dd8e656e0b42b~mv2_d_4928_3264_s_4_2.png/v1/fill/w_996,h_664,al_c,usm_0.66_1.00_0.01/c192e8_d1956b0c18db4dfc894dd8e656e0b42b~mv2_d_4928_3264_s_4_2.png
000334.jpg,https://i.vimeocdn.com/video/543547748_640.jpg
000335.jpg,https://cdn2.newsok.biz/cache/large960_blur-445ccd51ddb43460f82a472a158c6db2.jpg
000336.jpg,https://photos.bringfido.com/restaurants/2/4/1/25142/25142_71259.jpg?size=stack&density=2x
000337.jpg,https://afar-production.imgix.net/uploads/images/post_images/images/kamiJbEYfg/original_02262b4230c16afbc4a20ff3690d8d9e.png?1410877217?ixlib=rails-0.3.0&auto=format%2Ccompress&crop=entropy&fit=crop&h=719&q=80&w=954
000338.jpg,https://scontent-frt3-1.cdninstagram.com/v/t51.2885-15/e35/c0.135.1080.1080a/s320x320/67608499_357712421802743_6524014327374864278_n.jpg?_nc_ht=scontent-frt3-1.cdninstagram.com&oh=dc327e1ca2d92f9dce1e81b7b25d72f1&oe=5DF8ADE7&ig_cache_key=MjEyMDQ4NDMzNjE5MjAxOTg2MQ%3D%3D.2.c
000339.jpg,https://i0.wp.com/iamnm.com/wp-content/uploads/2015/04/Santa-Fe-Grande-Pepper.jpg?resize=600%2C450&ssl=1
000340.jpg,https://www.chilipeppermadness.com/wp-content/uploads/2019/06/Aleppo-Peppers.jpg
000341.jpg,https://www.savoryspiceshop.com/content/mercury_modules/recipes/2/5/7/257/chimayo-vinaigrette-284.jpg
000342.jpg,https://thekittchen.com/wp-content/uploads/2019/07/Copy-of-Copy-of-Roasted-Strawberry-Crepe-Cake-17-325x325.jpg
000343.jpg,http://4.bp.blogspot.com/-s_vQzp3OAoQ/Uc9Qh9AtQ6I/AAAAAAAAFPQ/iHN9G7lSJbM/s1600/AAA+NM+Magazine+Article.JPG
000344.jpg,https://storage.googleapis.com/wzukusers/user-15318189/images/57ccbe07edbb1Phx94Kz/Casa-Chimayo-Rib-Eye-Red-Bkgrd_d600.JPG
000345.jpg,https://s3-media0.fl.yelpcdn.com/bphoto/MgBDHEOFApWKd-OgDvo4tw/ls.jpg
000346.jpg,https://i1.wp.com/s3.amazonaws.com/s3.nmpoliticalreport.com/wp-content/uploads/2017/04/10183200/green-chile-license-plate.png?fit=523%2C400&ssl=1
000347.jpg,https://64f3af98a19fcdc38cfe-39a6ad9c1a35b5ccf200eff7491ba20a.ssl.cf1.rackcdn.com/prod_6681_11676.V1.jpg
000348.jpg,http://www.ecoseeds.com/PEPPER61.JPG
000349.jpg,https://alibi.com/image/pix_id/38389/Most-chile-is-descended-from-the-New-Mexico-No-9.jpg
000350.jpg,https://newmexiconomad.com/wp-content/uploads/2018/12/HatchChileStore11-1024x572.jpg
000351.jpg,http://res.cloudinary.com/simpleview/image/upload/v1477339813/clients/newmexico/Chile_Wagner_Farms_8_14_dm_4_1__5df03167-5457-40af-9ee5-d2e512e4c47d.jpg
000352.jpg,https://media-cdn.tripadvisor.com/media/photo-s/15/4c/51/32/our-best-baja-fish-tacos.jpg
000353.jpg,https://sites.google.com/site/chimayochilebrosii/_/rsrc/1522281541485/pinata/Ristra%20Pinata.jpg?height=320&width=297
000354.jpg,https://c1.staticflickr.com/6/5589/14902005778_02ec818a48_b.jpg
000355.jpg,https://www.davisart.com/sites/default/assets/Image/IMG_1398.jpg
000356.jpg,https://i1.wp.com/chefmimiblog.com/wp-content/uploads/2014/03/sw4.jpg?fit=568%2C613&ssl=1
000357.jpg,http://thumbor-prod-us-east-1.photo.aws.arc.pub/KBdQMbkE0pl0I8tOWlGhJoB6qfY=/arc-anglerfish-arc2-prod-bonnier/public/5S5K5OYEAZZTTDP5EKNYK6OX4I.jpg
000358.jpg,http://gonzalezconcrete.co/wp-content/uploads/2018/12/new-mexico-red-chile-powder-chili-for-sale-best-chimayo.jpg
000359.jpg,http://i111.photobucket.com/albums/n160/bgpadios/Chimayo7-16-12.jpg
000360.jpg,https://roadfood.com/wp-content/uploads/2018/12/Rancho-di-Chimayo-tortilla-appetizer.jpg
000361.jpg,https://imagesvc.meredithcorp.io/v3/mm/image?url=https%3A%2F%2Fcdn-image.foodandwine.com%2Fsites%2Fdefault%2Ffiles%2Fstyles%2F4_3_horizontal_-_1200x900%2Fpublic%2F1519313841%2Fchimayo-chiles-FT-BLOG0218.jpg%3Fitok%3D9md-zQ2g&w=400&c=sc&poi=face&q=85
000362.jpg,http://www.georgiavines.com/optimgs/seeds/unusual/capparisspinosa.jpg
000363.jpg,https://explorepartsunknown.com/wp-content/uploads/2018/12/GettyImages-161007879.jpg?quality=95&strip=color&w=1280&h=0
000364.jpg,https://image.shutterstock.com/image-photo/fresh-red-hot-pepper-on-260nw-73229356.jpg
000365.jpg,https://southwestbestbrands.com/wp-content/uploads/2018/01/816-1306-300x300.jpg
000366.jpg,https://shopcart.nmsu.edu/shopcontent/15/st.png
000367.jpg,http://www.tradewindsfruit.com/content/images/peter_pepper.jpg
000368.jpg,http://firetonguefarm.com/wp-content/uploads/2016/07/Peppers-2013-15-1.jpg
000369.jpg,https://www.curiouscuisiniere.com/wp-content/uploads/2018/05/Dried-Chile-Pepper-Pin.21.jpg
000370.jpg,http://www.ecoseeds.com/bhut2_6ftpic.JPG
000371.jpg,https://i1.wp.com/iamnm.com/wp-content/uploads/2015/04/Painted-Desert-Roasted-Pepper-Salad.jpg?resize=370%2C297&ssl=1
000372.jpg,https://cdn.shopify.com/s/files/1/0784/3297/products/Piquin_Chile_grande.jpg?v=1453154046
000373.jpg,https://docplayer.net/docs-images/70/62663971/images/4-5.jpg
000374.jpg,https://cdn.audleytravel.com/960/%7Bheight%7D/79/7996746-ristra-porch.webp
000375.jpg,http://www.tradewindsfruit.com/content/images/aji-llanero-pepper.jpg
000376.jpg,https://ediblephoenix.ediblecommunities.com/sites/default/files/styles/ariticle_landscape__322x214_/public/images/article/article_details/crazy-chile-farm-4_0.jpg?itok=zu_UaI4s
000377.jpg,https://upload.wikimedia.org/wikipedia/commons/thumb/5/50/Madame_Jeanette_and_other_chillies.jpg/1200px-Madame_Jeanette_and_other_chillies.jpg
000378.jpg,https://pearlthegurlhome.files.wordpress.com/2019/03/chimayo-2.jpg?w=546&h=728
000379.jpg,https://images.squarespace-cdn.com/content/v1/5007566ae4b077c0b1bda61a/1402371575140-KVNN8T3HLPBY39K3JKO5/ke17ZwdGBToddI8pDm48kJZ3rFfjBGiF8p2UZFBtb9gUqsxRUqqbr1mOJYKfIPR7LoDQ9mXPOjoJoqy81S2I8PaoYXhp6HxIwZIk7-Mi3Tsic-L2IOPH3Dwrhl-Ne3Z2mo3LC7Mu9KDTFiaMGPl5HF0QUYZEdzj_2Dllb2mIO4GbtxPRH917Fz9Qv_NunPol/image-asset.jpeg?format=500w
000380.jpg,https://media-cdn.tripadvisor.com/media/photo-s/05/2c/ae/b0/chimayo-chile-ristras.jpg
000381.jpg,https://highlandsranchfoodie.com/wp-content/uploads/2017/10/New-Mexiso-red-chile-ranch-dressing.png
000382.jpg,http://www.ecoseeds.com/PEPPER38.JPG
000383.jpg,https://www.sfreporter.com/resizer/r2KJHlNh8_bZLRsfSlO7fVfCX1I=/1500x0/filters:quality(100)/arc-anglerfish-arc2-prod-sfr.s3.amazonaws.com/public/DIM2ZGWJGNGAJI6ONCTHU6ST4M
000384.jpg,https://sites.google.com/site/chimayochile/_/rsrc/1472868628329/the-brothers-recipes/chili-colorado/Con%20carne.jpg
000385.jpg,https://cdn.shopify.com/s/files/1/0784/3297/products/shishitopepper_grande.jpg?v=1452617661
000386.jpg,https://i.ebayimg.com/thumbs/images/g/qcoAAOSwMEBaulft/s-l200.jpg
000387.jpg,https://upload.wikimedia.org/wikipedia/commons/thumb/d/d2/Capsicum_annuum_-_K%C3%B6hler%E2%80%93s_Medizinal-Pflanzen-027.jpg/220px-Capsicum_annuum_-_K%C3%B6hler%E2%80%93s_Medizinal-Pflanzen-027.jpg
000388.jpg,https://shopcart.nmsu.edu/shopcontent/15/april-fools2.jpg
000389.jpg,https://t1.thpservices.com/previewimage/gallil/f974ba4629c204c0ee8d63e0ff7e1d0a/uig-928-09-p4-0160v10pd.jpg
000390.jpg,http://1.bp.blogspot.com/-kjMlfidVr5Y/VKw2gKUlzFI/AAAAAAAADFo/MeAKGb8Pf8k/s1600/Chimayo%2Bristras.jpg
000391.jpg,https://highlandsranchfoodie.com/wp-content/uploads/2018/01/shrimp-quesadillas.jpg
000392.jpg,https://i.etsystatic.com/9762701/r/il/eb9d45/629043996/il_570xN.629043996_1pmb.jpg
000393.jpg,https://cdn.shopify.com/s/files/1/1095/8052/products/Pepper_Fish2_c156252d-b683-4d90-bc65-c91c3d5d50ab.jpg?v=1545075588
000394.jpg,http://www.pflanzen-traum.de/images/chimayo_4.jpg
000395.jpg,https://media-cdn.tripadvisor.com/media/photo-s/0f/d1/91/4f/stuffed-pepper-added.jpg
000396.jpg,https://www.chilipeppermadness.com/wp-content/uploads/2017/06/7-Pot-Douglah-Pepper.jpg
000397.jpg,http://www.ecoseeds.com/ancho.jpg
000398.jpg,http://www.tradewindsfruit.com/content/images/habanero_paper_lantern2.jpg
000399.jpg,http://firetonguefarm.com/wp-content/uploads/2016/06/Peppers-2013-16.jpg
000400.jpg,https://www.crushpixel.com/static12/preview2/chili-peppers-1081282.jpg
000401.jpg,https://bioone.org/ContentImages/Journals/ebot/59/1/0013-0001_2005_059_0008_GDOCCA_2.0.CO_2/graphic/i0013-0001-59-1-8-f01.gif
000402.jpg,https://pbs.twimg.com/media/ClZ4wFPVEAAbkp5.jpg
000403.jpg,https://ourlomitafarm.files.wordpress.com/2016/09/img_9329.jpg?w=225&h=300
000404.jpg,https://shopcart.nmsu.edu/shopcontent/15/bhut-jolokia.jpg
000405.jpg,https://cdn6.bigcommerce.com/s-32wtq/product_images/uploaded_images/chimayo.jpg?t=1414445572
000406.jpg,https://cdn.shopify.com/s/files/1/0784/3297/products/Jalapeno_Chile_2_grande.jpg?v=1453153829
000407.jpg,https://highlandsranchfoodie.com/wp-content/uploads/2019/04/new-mexico-braised-pork-480x270.jpg
000408.jpg,https://cyclefarm.files.wordpress.com/2012/10/chimayo-chiles.jpg
000409.jpg,https://i.ytimg.com/vi/DEXv0VzYZkU/maxresdefault.jpg
000410.jpg,https://solanaseeds.netfirms.com/chimayo1.jpg
000411.jpg,https://sites.google.com/site/chimayochile/_/rsrc/1472868566648/why-chimayo-chile/P1140341-003.JPG?height=303&width=400
000412.jpg,https://media-cdn.tripadvisor.com/media/photo-s/04/4b/60/41/rancho-de-chimayo-restaurante.jpg
000413.jpg,https://ourlomitafarm.files.wordpress.com/2016/09/img_9328.jpg?w=300&h=225
000414.jpg,https://4.bp.blogspot.com/-hvGW_jIUIPs/Vw-7zzl--tI/AAAAAAAAD4o/y1uxfKdA5SMCn3hsbdNJq2bC5uYSJr2LwCLcB/s1600/Pepper-Chimayo-LSS-0406.jpg
000415.jpg,https://www.chilipeppermadness.com/wp-content/uploads/2019/09/Puya-Peppers.jpg
000416.jpg,http://www.tradewindsfruit.com/content/images/sunrise-scorpion-pepper.jpg
000417.jpg,https://highlandsranchfoodie.com/wp-content/uploads/2018/03/easy-instant-pot-chimayo-chile-shiitake-mushroom-risotto-480x270.jpg
000418.jpg,https://ediblephoenix.ediblecommunities.com/sites/default/files/styles/ariticle_landscape__322x214_/public/images/article/article_details/crazy-chile-farm-3_0.jpg?itok=D7uglcsy
000419.jpg,http://i.imgur.com/hyd3LhP.jpg
000420.jpg,http://www.ecoseeds.com/PEPPER65.JPG
000421.jpg,https://s3.amazonaws.com/media.santafefarmersmarket.com/wp-content/uploads/2016/05/15160821/AlcantarProduce_2015_DanielQuatPhotography_SantaFe_FarmersMarket-21-250x250.jpg
000422.jpg,https://media-cdn.tripadvisor.com/media/photo-s/0a/bc/47/75/braised-pork-in-red-chili.jpg
000423.jpg,http://www.tradewindsfruit.com/content/images/santaka-pepper.jpg
000424.jpg,http://www.ecoseeds.com/PEPPER28.JPG
000425.jpg,https://cdn.shopify.com/s/files/1/0784/3297/products/NM_6_Chile_c0ed27e9-688f-459d-873b-eb2d202aff53_grande.jpg?v=1453247210
000426.jpg,https://shopcart.nmsu.edu/shopcontent/15/numex-lemon-spice.jpg
000427.jpg,http://www.tradewindsfruit.com/content/images/black-cayman-pepper.jpg
000428.jpg,https://media-cdn.tripadvisor.com/media/photo-s/07/26/fc/c5/rancho-de-chimayo-restaurante.jpg
000429.jpg,http://3.bp.blogspot.com/-_uqYkXGSZtc/TiRNaCTBfeI/AAAAAAAAAJY/jl1is9aGcX0/s1600/chimayo+corn.jpg
000430.jpg,http://www.ecoseeds.com/PEPPER64.JPG
000431.jpg,http://4.bp.blogspot.com/-Jbj7W1eC6oI/TpQ6upU5OOI/AAAAAAAAD6U/w6qF0ZP6XNs/s1600/vrata-12.jpg
000432.jpg,https://i.ytimg.com/vi/DkVe-KGmkPs/maxresdefault.jpg
000433.jpg,http://dogalgucler.club/wp-content/uploads//2019/03/chimayo-peppers-scale-peppers-6-ways-to-make-a-pepper-less-spicy.jpg
000434.jpg,http://4.bp.blogspot.com/-ha8MOczHMvI/Vfo1_xzay6I/AAAAAAAAAmo/ZMlu1IbjLz0/s1600/chile%2Bcontest.jpg
000435.jpg,http://2.bp.blogspot.com/-NXB4C09eO4o/TpQ6taEq7AI/AAAAAAAAD6M/vQEWknvig1A/s1600/vrata-8.jpg
000436.jpg,http://2.bp.blogspot.com/-ZzyJIL9uJHE/UE3kv_OQCrI/AAAAAAAAAQU/furrPVfWuJA/s1600/2012-09-03+14.53.21.jpg
000437.jpg,https://www.pepperscale.com/wp-content/uploads/2014/12/chimayo-pepper-1.jpg
000438.jpg,http://www.tradewindsfruit.com/content/images/chimayo-pepper2.jpg
000439.jpg,https://img1.etsystatic.com/111/0/7824311/il_570xN.922221301_s3ft.jpg
000440.jpg,http://www.rareseeds.com/assets/1/14/DimLarge/Pepper-Chimayo-LSS-0400.jpg
000441.jpg,http://www.tradewindsfruit.com/content/images/chimayo-pepper.jpg
000442.jpg,http://highlandsranchfoodie.com/wp-content/uploads/2013/08/ChimayohotpepperNativeSeeds.jpg
000443.jpg,http://www.southernexposure.com/images/large/hot-pepper-chimayo_LRG.jpg
000444.jpg,http://1.bp.blogspot.com/-B0apFwnQSyE/Tk60Rmpa4eI/AAAAAAAAAdc/rZhHPPfexx0/s1600/20110819_2_ChimayoChiliPeppers.jpg
000445.jpg,https://www.piedmontfarmandgarden.com/v/vspfiles/photos/PPP045-2.jpg
000446.jpg,https://www.superhotchiles.com/wp-content/uploads/2018/11/ChilesChimayo1-2018-2-600x400.jpg
000447.jpg,http://pics.davesgarden.com/pics/2008/11/25/hazelwood/a071ed.jpg
000448.jpg,https://www.adaptiveseeds.com/wp-content/uploads/2014/12/pepper_pointy_kaibi-340x272.jpg
000449.jpg,https://www.adaptiveseeds.com/wp-content/uploads/2014/12/p-7294-hot_pepper_chimayo1.jpg
000450.jpg,https://www.superhotchiles.com/wp-content/uploads/2018/11/ChilesChimayo2-2018-2-600x400.jpg
000451.jpg,http://images.fineartamerica.com/images-medium-large/chimayo-green-chile-peppers-peter-art-print-poster-gallery.jpg
000452.jpg,https://www.adaptiveseeds.com/wp-content/uploads/2017/01/pepperhotdragontongue1-340x255.jpg
000453.jpg,http://cdn.shopify.com/s/files/1/0871/0950/products/Chimayoss2015_1024x1024.jpg
000454.jpg,http://tangledbranches.com/blog/wp-content/uploads/2011/09/chimayo-fresh.jpg
000455.jpg,http://tangledbranches.com/blog/wp-content/uploads/2011/09/chimayo-dried.jpg
000456.jpg,https://www.adaptiveseeds.com/wp-content/uploads/2014/12/sunnybrook-pimento-pepper-2-340x272.jpg
000457.jpg,https://www.cayennediane.com/wp-content/uploads/2017/08/chimayo-chili.jpg
000458.jpg,https://pics.davesgarden.com/pics/2011/11/04/chimayo/69b4b6.jpg
000459.jpg,http://s3.amazonaws.com/foodshed_production/43.JPG/_v/gallery.jpg
000460.jpg,https://cdn.shopify.com/s/files/1/0871/0950/products/jalmundopepperpic_large.jpg
000461.jpg,http://pics.davesgarden.com/pics/2011/11/03/chimayo/f696ca.jpg
000462.jpg,https://cdn.shopify.com/s/files/1/0864/1114/products/Canister_Jar_54c2af0b-91c7-467b-825b-920c0b9d247e.jpg
000463.jpg,https://pics.davesgarden.com/pics/2011/11/02/chimayo/adac6f.jpg
000464.jpg,https://cdn.shopify.com/s/files/1/0864/1114/products/Chimayo_Blend_web.jpg
000465.jpg,http://pics.davesgarden.com/pics/2011/11/03/chimayo/885f74.jpg
000466.jpg,http://pics.davesgarden.com/pics/2011/11/02/chimayo/4e6439.jpg
000467.jpg,https://cdn.shopify.com/s/files/1/0871/0950/products/jalorangespiceppepperpic_large.jpg
000468.jpg,http://www.semillas.de/pepper_fruits/chimayo.jpg
000469.jpg,http://pics.davesgarden.com/pics/2011/11/03/chimayo/957cf2.jpg
000470.jpg,https://i.pinimg.com/originals/6c/33/0d/6c330d88d7285fdfe53089b7a8f60e56.jpg
000471.jpg,http://pics.davesgarden.com/pics/2011/11/03/chimayo/879183.jpg
000472.jpg,https://pics.davesgarden.com/pics/2011/11/04/chimayo/dcc867.jpg
000473.jpg,https://pics.davesgarden.com/pics/2016/09/09/chimayo/54718f.jpg
000474.jpg,http://ibobjk.info/wp-content/uploads/2019/07/chimayo-peppers-pumpkin-spice.jpg
000475.jpg,https://pics.davesgarden.com/pics/2011/11/04/chimayo/269505.jpg
000476.jpg,https://cdn2.bigcommerce.com/server2000/9d454/products/5022/images/9666/21082p__39767.1299860254.1280.1280.jpg
000477.jpg,https://chickadeesolutions-woo-6drz229racfsh09p7h.netdna-ssl.com/wp-content/uploads/2019/06/71EmTOitBOL.jpg
000478.jpg,http://ibobjk.info/wp-content/uploads/2019/07/chimayo-peppers-hot-pepper-organic.jpg
000479.jpg,http://pics.davesgarden.com/pics/2011/11/01/chimayo/af22c5.jpg
000480.jpg,https://pics.davesgarden.com/pics/2011/11/03/chimayo/f494e7.jpg
000481.jpg,https://chickadeesolutions-woo-6drz229racfsh09p7h.netdna-ssl.com/wp-content/uploads/2019/06/718WTmUzgQL.jpg
000482.jpg,https://pics.davesgarden.com/pics/2011/11/02/chimayo/2e7f2e.jpg
000483.jpg,http://n7.alamy.com/zooms/932f1afd868c4599b9de9834ba3eea46/usa-new-mexico-chimayo-santuario-de-chimayo-church-area-chili-pepper-a2gkt0.jpg
000484.jpg,http://l7.alamy.com/zooms/6ade246a4cec48abb832a39b48363ede/usa-new-mexico-chimayo-santuario-de-chimayo-church-area-chili-pepper-a2gkt5.jpg
000485.jpg,https://cdn.shopify.com/s/files/1/1523/7044/products/ChimayoRipeInHand_large.jpg
000486.jpg,http://cdn.shopify.com/s/files/1/0207/8590/products/chimayo_grande.jpg
000487.jpg,http://pics.davesgarden.com/pics/2011/11/03/chimayo/bf2fd4.jpg
000488.jpg,http://cdn.c.photoshelter.com/img-get2/I0000.4eOgT2_9ls/fit=1000x750/New-Mexico-Chile-Peppers-3632.jpg
000489.jpg,https://pics.davesgarden.com/pics/2011/11/03/chimayo/b8c656.jpg
000490.jpg,http://buoyard.club/wp-content/uploads/2019/06/chimayo-peppers-pepper-1-4-ck-rote-a-1-4-pod.jpg
000491.jpg,https://www.adaptiveseeds.com/wp-content/uploads/2016/01/hot_pepper_aji_crystal2-500x400.jpg
000492.jpg,https://pics.davesgarden.com/pics/2011/11/01/chimayo/87f6ee.jpg
000493.jpg,http://cdn.shopify.com/s/files/1/0871/0950/products/espanolass2015_large.jpg
000494.jpg,https://chickadeesolutions-woo-6drz229racfsh09p7h.netdna-ssl.com/wp-content/uploads/2019/06/71PUwQYhV9L.jpg
000495.jpg,http://pics.davesgarden.com/pics/2011/08/13/carotcruncha/82ce1a.jpg
000496.jpg,https://pics.davesgarden.com/pics/2011/11/03/chimayo/f0afad.jpg
000497.jpg,https://pics.davesgarden.com/pics/2011/11/02/chimayo/a9bb31.jpg
000498.jpg,http://ibobjk.info/wp-content/uploads/2019/07/chimayo-peppers-posted-image.jpg
000499.jpg,https://chickadeesolutions-woo-6drz229racfsh09p7h.netdna-ssl.com/wp-content/uploads/2019/06/71WAY4se17L.jpg
000500.jpg,http://www.nmgastronome.com/nm/newmexican/Images/Leona01.jpg
000501.jpg,http://www.nmgastronome.com/nm/newmexican/Images/Chimayo04.jpg
000502.jpg,http://image.yaymicro.com/rz_512x512/0/9b/red-chile-peppers-hanging-on-store-front-chimayo--new-mexico-9bf8e.jpg
000503.jpg,http://2.bp.blogspot.com/_dKok25glEy0/TTkEDfMBhDI/AAAAAAAAGfY/1AGFcMDValk/s1600/pepper-strings.jpg
000504.jpg,https://pics.davesgarden.com/pics/2014/02/08/chimayo/341da1.jpg
000505.jpg,http://ibobjk.info/wp-content/uploads/2019/07/chimayo-peppers-a-wreath-made-of.jpg
000506.jpg,http://cdn.shopify.com/s/files/1/0871/0950/products/bigjimpicss2015_large.jpg
000507.jpg,http://www.destination360.com/north-america/us/new-mexico/images/s/chimayo.jpg
000508.jpg,https://cdn.shopify.com/s/files/1/0871/0950/products/santafegrandess2015_1024x1024.jpg
000509.jpg,https://pics.davesgarden.com/pics/2011/11/03/chimayo/37a9c9.jpg
000510.jpg,http://pics.davesgarden.com/pics/2008/12/28/sunnyg/1b53db.jpg
000511.jpg,https://c8.alamy.com/comp/MCJNRE/chimayo-chile-pepper-a-mexican-heirloom-ripe-red-pod-haf-top-view-MCJNRE.jpg
000512.jpg,https://pics.davesgarden.com/pics/2011/11/01/chimayo/a5728b.jpg
000513.jpg,https://c8.alamy.com/comp/BB3XF1/na-usa-new-mexico-chimayo-rancho-de-chimayo-restraunt-red-chili-peppers-BB3XF1.jpg
000514.jpg,https://cdn.shopify.com/s/files/1/0188/0032/products/chile-chimayo-blend-powder-heat-level-01-meta-related-collection-new-mex-red-pepper-spicepeppers-los-chileros-chilly-chiles-largest-selection-of-hot-sauce-in_532_900x.jpg
000515.jpg,http://n7.alamy.com/zooms/9860ab950fa04aeb83783fd3c9b4239f/na-usa-new-mexico-chimayo-rancho-de-chimayo-restraunt-red-chili-peppers-bb3xf1.jpg
000516.jpg,http://2.bp.blogspot.com/-4Gnzb6kvS4w/UCkdk24BhCI/AAAAAAAAB6Q/9VsRLy7qVpM/s1600/Near+Chimayo+-+Earl+Shephard+-1.jpg
000517.jpg,http://files.effectsdatabase.com/gear/pics/pepper_chimayo_001.jpg
000518.jpg,https://jakeseed.com/wp-content/uploads/2018/01/chimayyo.jpg
000519.jpg,http://newmexicophotography.files.wordpress.com/2010/02/023_20.jpg
000520.jpg,https://jenpollackbianco.com/wp-content/uploads/2014/06/4V1C1676.jpg
000521.jpg,https://c8.alamy.com/comp/R21APB/strings-of-dried-chile-peppers-or-ristras-hang-in-front-of-an-adobe-wall-in-chimayo-new-mexico-usa-R21APB.jpg
000522.jpg,http://n7.alamy.com/zooms/fc0a4c652ff74738afa17295d6de99be/dried-red-chilies-chili-ristras-santa-fe-new-mexico-usa-bp4wky.jpg
000523.jpg,https://www.madeinnewmexico.com/media/catalog/product/cache/1/small_image/300x/9df78eab33525d08d6e5fb8d27136e95/s/f/sfs-chimayo-red-salsa.jpg
000524.jpg,https://c8.alamy.com/comp/EFDFJW/courtyard-wooden-cross-and-santuario-de-chimayo-chimayo-new-mexico-EFDFJW.jpg
000525.jpg,http://l7.alamy.com/zooms/968d092d8db9407fa9413f3ead558cdd/whole-dried-new-mexico-chile-pepper-f7tp5j.jpg
000526.jpg,https://c8.alamy.com/comp/PDDJXM/dried-red-chili-pepper-ristras-hanging-on-an-adobe-wall-in-chimayo-new-mexico-PDDJXM.jpg
000527.jpg,https://c8.alamy.com/comp/R21AR6/strings-of-dried-chile-peppers-or-ristras-hang-outside-a-store-in-chimayo-new-mexico-usa-R21AR6.jpg
000528.jpg,http://pics.davesgarden.com/pics/2012/06/18/chimayo/5ea6c7.jpg
000529.jpg,https://c8.alamy.com/comp/TYNHA3/exterior-and-gate-of-chimayo-sanctuary-in-chimayo-new-mexico-usa-TYNHA3.jpg
000530.jpg,https://c8.alamy.com/comp/HA4Y6T/chimay-new-mexico-el-santuario-de-chimay-HA4Y6T.jpg
000531.jpg,https://cdn.shopify.com/s/files/1/0871/0950/products/bigjimpicss2015_1024x1024.jpg
000532.jpg,https://c8.alamy.com/comp/A9H2CE/chili-pepper-ristras-chimayo-new-mexico-usa-A9H2CE.jpg
000533.jpg,https://c8.alamy.com/comp/R21APK/a-pickup-truck-filled-with-strings-of-dried-chile-peppers-or-ristras-for-sale-in-chimayo-new-mexico-usa-R21APK.jpg
000534.jpg,https://c8.alamy.com/comp/BP4WKY/dried-red-chilies-chili-ristras-santa-fe-new-mexico-usa-BP4WKY.jpg
000535.jpg,http://scottmacinnis.com/galleries/002-Rural-America/photos/New-Mexico-Chimayo_v1.jpg
000536.jpg,https://assets.atlasobscura.com/media/W1siZiIsInVwbG9hZHMvdGhpbmdfaW1hZ2VzLzIxYWQwNGQ2LTIyOGUtNDkxMi1iODU1LTRkNDhlNTU0ZTIzZGY4ODExNDc0OTVkZmVmMjEyM19Tb25vcmFuSG90RG9nX1RyaWJ1bmUgQ29udGVudCBBZ2VuY3kgTExDIDogQWxhbXkgU3RvY2sgUGhvdG8uanBnIl0sWyJwIiwiY29udmVydCIsIiJdLFsicCIsImNvbnZlcnQiLCItcXVhbGl0eSA4MSAtYXV0by1vcmllbnQiXSxbInAiLCJ0aHVtYiIsIjc4MHg1MjAjIl1d/SonoranHotDog_Tribune%20Content%20Agency%20LLC%20%3A%20Alamy%20Stock%20Photo.jpg
