image,source
000001.jpg,https://images-na.ssl-images-amazon.com/images/I/61VGSh2Om9L._SY355_.jpg
000002.jpg,https://images-na.ssl-images-amazon.com/images/I/51WNlinjYhL.jpg
000003.jpg,https://www.pepperscale.com/wp-content/uploads/2015/06/Fresno-Pepper-Substitute_2000-e1433814671617-768x512.jpeg
000004.jpg,https://images-na.ssl-images-amazon.com/images/I/41uMyRhIsIL.jpg
000005.jpg,https://www.cayennediane.com/wp-content/uploads/Fresno-Pepper-3.jpg
000006.jpg,https://images-na.ssl-images-amazon.com/images/I/513YHjrLzpL._SX425_.jpg
000007.jpg,https://www.wegmans.com/content/dam/wegmans/products/228/158228.jpg
000008.jpg,https://cdn.shopify.com/s/files/1/0871/0950/products/Fresno_1024x1024.gif?v=1548196246
000009.jpg,https://www.melissas.com/v/vspfiles/photos/1230-2T.jpg
000010.jpg,https://previews.123rf.com/images/flippo/flippo0908/flippo090800027/5391032-a-red-chili-pepper-or-fresno-pepper-on-a-white-background-with-copy-space.jpg
000011.jpg,https://www.chilipeppermadness.com/wp-content/uploads/2013/09/Fresno-Chili-Peppers.jpg
000012.jpg,http://www.specialtyproduce.com/sppics/8101.png
000013.jpg,https://edge.bonnieplants.ca/www/flaming-flare-fresno-chili-pepper.jpg
000014.jpg,https://www.thompson-morgan.com/product_images/100/optimised/CHILL-T77742-A_h.jpg
000015.jpg,https://www.gardenhoard.com/media/catalog/product/cache/1/image/650x/040ec09b1e35df139433887a97daa66f/2/0/20180923_101841.jpg
000016.jpg,https://secureservercdn.net/198.71.233.129/px1.bf0.myftpupload.com/wp-content/uploads/2016/02/Fresno-pepper-1-510x771.jpg
000017.jpg,http://www.crystalvalleyfoods.com/wp-content/uploads/2017/06/A-group-of-hot-red-peppers-or-fresno-peppers-1.jpg
000018.jpg,https://previews.123rf.com/images/azazel/azazel1610/azazel161000002/65391789-fresno-chili-pepper-red-yellow-green-fresh.jpg
000019.jpg,https://s7d5.scene7.com/is/image/CentralMarket/000318736-1?$large$&hei=416&wid=416
000020.jpg,https://www.superhotchiles.com/wp-content/uploads/2018/04/Fresno-Pepper-Seeds.jpg
000021.jpg,https://upload.wikimedia.org/wikipedia/commons/thumb/2/23/Fresno_pepper_5.jpg/800px-Fresno_pepper_5.jpg
000022.jpg,https://www.edenbrothers.com/store/media/Seeds-Vegetables/resized/SVPEP161-2_medium.jpg
000023.jpg,https://upload.wikimedia.org/wikipedia/commons/c/c7/Fresno_pepper_4.jpg
000024.jpg,http://www.johnvenaproduce.com/OCM/imageuploads/red%20fresno%20resized.jpg
000025.jpg,https://www.chileplants.com/images/chiles/fresno-pepper-plants.jpg
000026.jpg,http://better-produce.com/wp-content/uploads/red-fresno-better-produce.jpg
000027.jpg,https://images-na.ssl-images-amazon.com/images/I/71jwf55zFYL._SX355_.jpg
000028.jpg,https://i5.walmartimages.com/asr/6c27e9ad-36cc-4c1a-86c1-10f426b03cdc_1.22b6aef8afb2c3be34c90c8b16b2bf7b.jpeg?odnHeight=450&odnWidth=450&odnBg=FFFFFF
000029.jpg,https://cdn7.dissolve.com/p/D1089_172_995/D1089_172_995_1200.jpg
000030.jpg,https://d2lnr5mha7bycj.cloudfront.net/product-image/file/large_11baf5b7-295f-4591-ad3a-0091b315b0f5.jpg
000031.jpg,https://az836796.vo.msecnd.net/media/image/product/en/medium/0084321000016.jpg
000032.jpg,http://static1.squarespace.com/static/5a81ef028dd04186c434ad7e/5a81f1e6c83025351e6c2828/5a81fb709140b747d39f04e7/1565225557664/pulp-hot-sauce-fresno-pepper.png
000033.jpg,https://images-na.ssl-images-amazon.com/images/I/617jzENQc5L._SX355_.jpg
000034.jpg,https://cdn.shopify.com/s/files/1/0915/1060/products/Fresno-jalapeno-2-hot-pepper-pepper-joes.jpg?v=1462320916
000035.jpg,https://cdn.shopify.com/s/files/1/0089/1562/products/Pepper_-_Fresno_Chili_pepper_seeds_1024x1024.png?v=1458706539
000036.jpg,http://cdn.shopify.com/s/files/1/0044/7532/products/fresh-fresnos-400px_grande.jpeg?v=1536702899
000037.jpg,https://vignette.wikia.nocookie.net/recipes/images/5/5f/Fresno_chile.jpg/revision/latest?cb=20100810164029
000038.jpg,https://i.etsystatic.com/13508321/r/il/1208b4/1184854135/il_570xN.1184854135_6hj6.jpg
000039.jpg,https://cdn6.dissolve.com/p/D1089_172_998/D1089_172_998_1200.jpg
000040.jpg,http://pantrygardenherbs.azurewebsites.net/wp-content/uploads/2016/12/Pepper-Fresno-chili-Ivy-306x306.jpg
000041.jpg,https://portalvhds26k4f5tktj3ck.blob.core.windows.net/spotpics/sp46995.jpg
000042.jpg,http://images.squarespace-cdn.com/content/v1/5372cb92e4b02899e91dce7b/1457489148434-XHOR6PT3FN64MIO36Y0X/ke17ZwdGBToddI8pDm48kLxtCSPy4JIpTi2i_isI4bt7gQa3H78H3Y0txjaiv_0fDoOvxcdMmMKkDsyUqMSsMWxHk725yiiHCCLfrh8O1z5QPOohDIaIeljMHgDF5CVlOqpeNLcJ80NK65_fV7S1UbzY7ascgLIa0-QsLkQ4_PldTQLDc7Ejnun7No_ljB9UKmB-4gBnhQJQKTsVCDrKgQ/untitled-2.jpgF.jpg
000043.jpg,https://previews.123rf.com/images/tvirbickis/tvirbickis1505/tvirbickis150500126/40036715-close-up-of-red-fresno-pepper-sitting-on-wooden-table.jpg
000044.jpg,https://www.anniesannuals.com/signs/p%20-%20r/images/pepper_fresno_01.jpg
000045.jpg,https://static.artfire.com/uploads/mfs/items/20/d0/large/20d04cf8a856108c7da4b587e9f6054ceea16b711b7745a9fc501d89bc83b4e8.jpg
000046.jpg,https://i.ebayimg.com/images/g/GiQAAOSw3ypddCMP/s-l300.jpg
000047.jpg,https://cookingontheweekends.com/wp-content/uploads/2014/04/April-7-Roasted-Red-Fresno-Pepper-Pesto-Recipe2.jpg
000048.jpg,https://viridishortus.co.uk/WebRoot/Store10/Shops/70aa2b8f-78d4-4174-8951-a251ae9a4f33/5528/F102/5D05/2443/3A5E/0A48/3523/F9CF/Pepper_Hot_Fresno_m.jpg
000049.jpg,https://goodeggs1.imgix.net/product_photos/n5RU5KtsR8a0vRmxX8Qu_2018_0604_CokeFarm_FresnoChilePeppers%20%284d4cdef7561dec1b48abd23975416e490423b9fb%29.jpg?w=840&h=525&fm=jpg&q=80&fit=crop
000050.jpg,https://cmkt-image-prd.freetls.fastly.net/0.1.0/ps/2104404/910/683/m2/fpnw/wm1/owqiskr9fv5kncpadbymmmhvhzauz4reoj5mdcwg0ddacnlthxcaczkniopgk860-.jpg?1483916060&s=286fa067005c07eea7f2a62218dc6457
000051.jpg,https://comps.canstockphoto.com/hot-sweet-and-chili-pepper-varieties-stock-images_csp27512251.jpg
000052.jpg,https://previews.123rf.com/images/azazel/azazel1610/azazel161000012/65391803-fresno-chili-pepper-red-yellow-green-fresh.jpg
000053.jpg,https://t1.pixers.pics/img-c676e9e9/canvas-prints-organic-red-spicy-fresno-peppers.jpg?H4sIAAAAAAAAA42PS26EMBBErwOSodt_wwFmO0dA-MOEBDCymWSU08dMouwiZdXVpe5XKrhveZwCuLAdIcE6e78EmOalbLlPIc-foRIMCdZ9cZcKsaj4HpJLca8ayhRpqCGSC6IEq_uPsXyuY3qrXo5jzz1A5u0-PwquDJfBrRkYUgWoQGopBe86pNbwIdrU7Es8ttgwfHBs9-1GkDyz_4s1QBGk9dQqazwKawZWYBKbX8ITy5km0ogT_VNSIxJ9ljvSvFalbSzXR_W632r4I_NbQ_mCyxWUBGaAIxh1WsPlqiQzHI0amHa0s96ryTlnpkC5sl77sTiSd4a1JeULVsm5oooBAAA=
000054.jpg,https://c8.alamy.com/comp/TYPN8M/raw-red-organic-fresno-peppers-ready-to-cook-TYPN8M.jpg
000055.jpg,https://t1.pixers.pics/img-c676e9e9/posters-organic-red-spicy-fresno-peppers.jpg?H4sIAAAAAAAAA42QW07EMAxFt9NKae0kkybtAuZ3llDl1aHQR5QUGLF6XED8ISF_-CH7XF3D61bsFMHH7YgZ1jmEJcI0L9SVIccyf8RK9ZJhPdB0qRCp2t9i9nlPVSMla7gUrBOaKWHq4d3S5WrzS_V0HKkMAEW2aX4QjpIv4NcCArkGNKB6Y310QffcijE15bBbsDk0Ghv9UNim7c7wjP-DDXAE5QJ3nTMBL86MQiDBml_CF_aCml20OdE_NjUi06e9I89rRX532j6q53Sv4Q_N7xroCq436BQIA5ID5-dovN46-onknI9uQhUFolfBCqNtnNzkhXAxUuMltqTyCabLaQCMAQAA
000056.jpg,https://www.gourmetsleuth.com/images/default-source/dictionary/fresno-chiles.jpg?sfvrsn=0
000057.jpg,https://cdn1.bigcommerce.com/n-yp39j5/25jafz/products/1245/images/1465/Fresno_Chili_Peppers_21__38510.1424872602.1280.1280.jpg?c=2
000058.jpg,https://sage.blob.core.windows.net/media/575b252b596df2b43f0a2f2d_produce_fresnopeppers.1.JPG
000059.jpg,https://www.rebootedmom.com/wp-content/uploads/2019/08/IMG_0615-1.jpg
000060.jpg,http://www.wildroseheritageseed.com/uploads/4/2/2/4/42241473/s145558776392258095_p151_i4_w640.jpeg
000061.jpg,https://previews.123rf.com/images/azazel/azazel1610/azazel161000011/65391804-fresno-chili-pepper-red-yellow-green-fresh.jpg
000062.jpg,https://images.fineartamerica.com/images-medium-large-5/fresno-pepper-kevin-grant.jpg
000063.jpg,https://thumbs.dreamstime.com/z/red-fresno-pepper-15351864.jpg
000064.jpg,https://i.pinimg.com/originals/36/9e/b8/369eb8c5ad4506c9cf3e5ce7eb1d3b00.jpg
000065.jpg,https://cdn.shopify.com/s/files/1/0069/2069/9970/files/IMG_3964_large.JPG?v=1529352501
000066.jpg,https://i5.walmartimages.com/asr/92bf8170-0184-4712-b05d-d7f97f0fc89d_1.f4c8b03f63c8c7b338e952cc3bd1a0f9.jpeg?odnHeight=450&odnWidth=450&odnBg=FFFFFF
000067.jpg,https://previews.123rf.com/images/azazel/azazel1610/azazel161000010/65391802-fresno-chili-pepper-red-yellow-green-fresh.jpg
000068.jpg,https://static.wixstatic.com/media/d45f52_cb77bd9239ca4b18a4f51686f3a7752f~mv2.png/v1/fill/w_480,h_270,al_c,usm_0.66_1.00_0.01/d45f52_cb77bd9239ca4b18a4f51686f3a7752f~mv2.png
000069.jpg,https://cdn.shopify.com/s/files/1/0069/2069/9970/files/IMG_4329_large.PNG?v=1529352860
000070.jpg,https://www.rebootedmom.com/wp-content/uploads/2019/08/IMG_0624.jpg
000071.jpg,https://www.cookawesome.com/wp-content/uploads/2017/07/Fresno-Chilies.jpg
000072.jpg,https://cdn.vox-cdn.com/thumbor/SvUTollqrG-wfl_8TNZwfcplCHs=/0x0:3197x1800/1200x675/filters:focal(1344x645:1854x1155)/cdn.vox-cdn.com/uploads/chorus_image/image/60330777/1.FresnoCHILI_COVER_300DPIrgb3197x1800_chrissycurtin.0.jpg
000073.jpg,https://www.simplyseed.co.uk/user/products/Chilli%20Fresno.jpg
000074.jpg,https://st4.depositphotos.com/1692343/27828/i/1600/depositphotos_278286126-stock-photo-raw-red-organic-fresno-peppers.jpg
000075.jpg,https://comps.canstockphoto.com/organic-red-spicy-fresno-peppers-stock-photo_csp20147442.jpg
000076.jpg,https://www.norbertskitchen.com/wp-content/uploads/2017/04/SSP_3096-1024x680.jpg
000077.jpg,http://ludanproduce.com/wp-content/uploads/2019/02/Chile-Fresno.png
000078.jpg,https://image.shutterstock.com/image-photo/red-fresno-peppers-produce-stand-260nw-533257234.jpg
000079.jpg,https://i.ebayimg.com/images/g/BEoAAOSw~gRVpTp3/s-l640.jpg
000080.jpg,https://www.eatlikenoone.com/wp-content/uploads/2016/02/Fresno-Peppers.jpg
000081.jpg,https://previews.123rf.com/images/bhofack2/bhofack21906/bhofack2190600763/125784029-raw-red-organic-fresno-peppers-ready-to-cook.jpg
000082.jpg,http://cdn.shopify.com/s/files/1/0901/4616/products/Fresno_Chili1_grande.jpg?v=1537177469
000083.jpg,https://www.ntfoods.com/media/catalog/product/cache/1/image/650x/040ec09b1e35df139433887a97daa66f/3/0/3000gr_red_fresno_peppers.jpg
000084.jpg,https://i.pinimg.com/originals/7c/56/ff/7c56ffb4d64710e07cf9e7968c82c908.jpg
000085.jpg,https://comps.canstockphoto.com/organic-red-spicy-fresno-peppers-stock-photo_csp20147428.jpg
000086.jpg,https://sidwainer.com/ec/images/products/27590.jpg
000087.jpg,https://www.vegiworks.com/wp-content/uploads/bfi_thumb/Pepper-Red-Fresno-n3zh6b2qseab6uuiiu0dez31uzclekc0kjpildsv5w.jpg
000088.jpg,https://www.chili-shop24.com/media/image/e3/4b/21/9140_Fresno_600x600.jpg
000089.jpg,https://cdn.shopify.com/s/files/1/2630/8280/products/Fresno_Chile_Pepper_Seeds_600x.jpg?v=1520025800
000090.jpg,https://media.istockphoto.com/photos/orange-fresno-pepper-closeup-picture-id527477969
000091.jpg,https://c8.alamy.com/comp/TYPRAB/raw-red-organic-fresno-peppers-ready-to-cook-TYPRAB.jpg
000092.jpg,https://all-americaselections.org/wp-content/uploads/2016/10/Pepper_FlamingFlare-2-AAS2015-resize-1.jpg
000093.jpg,https://thumbs.dreamstime.com/z/fresno-chili-pepper-red-yellow-green-fresh-78271913.jpg
000094.jpg,https://previews.123rf.com/images/azazel/azazel1610/azazel161000001/65391791-fresno-chili-pepper-red-yellow-green-fresh.jpg
000095.jpg,https://upload.wikimedia.org/wikipedia/commons/c/c7/Fresno_pepper_4.jpg
000096.jpg,http://www.cayennediane.com/wp-content/uploads/Fresno-Pepper-3.jpg
000097.jpg,http://www.seriouseats.com/images/2012/01/20120129-190369-sriracha-peppers.jpg
000098.jpg,https://bonnieplants.com/wp-content/uploads/flaming-flare-fresno-chili-pepper.jpg
000099.jpg,http://viridishortus.co.uk/WebRoot/Store10/Shops/70aa2b8f-78d4-4174-8951-a251ae9a4f33/5528/F102/5D05/2443/3A5E/0A48/3523/F9CF/Fresno_Super-Hot_Chili_Pepper_2.jpg
000100.jpg,http://upload.wikimedia.org/wikipedia/commons/2/23/Fresno_pepper_5.jpg
000101.jpg,http://sanctuarysoil.com/assets/fresno-peppers.jpg
000102.jpg,http://d3bfrz6ajmxups.cloudfront.net/blog/mf/wp-content/uploads/2016/04/25153836/Fresno-Pepper-Hot.jpg
000103.jpg,http://www.crystalvalleyfoods.com/wp-content/uploads/2017/06/A-group-of-hot-red-peppers-or-fresno-peppers-1.jpg
000104.jpg,https://upload.wikimedia.org/wikipedia/commons/b/b7/Fresno_pepper_3.jpg
000105.jpg,http://assets.marthastewart.com/styles/wmax-520-highdpi/d26/fresno-peppers-158-d110163/fresno-peppers-158-d110163_vert.jpg
000106.jpg,http://cdn.shopify.com/s/files/1/0915/1060/products/Fresno-jalapeno-4-hot-pepper-pepper-joes_grande.jpg
000107.jpg,https://1.bp.blogspot.com/-DEINct-5iHk/XNEXgCIFfNI/AAAAAAAAJPI/53GSs2kgX-oBNgg4nxD_xw7_G8U88oNYwCK4BGAYYCw/s1600/Fresno%2Bpeppers%2Bon%2Bplant.jpg
000108.jpg,http://cdn.shopify.com/s/files/1/0089/1562/products/2015-05-20_1432148911_1024x1024.jpg
000109.jpg,http://portalvhds26k4f5tktj3ck.blob.core.windows.net/spotpics/sp35657.jpg
000110.jpg,https://www.piedmontfarmandgarden.com/v/vspfiles/photos/PPP074-2.jpg
000111.jpg,https://cayennediane.wpengine.com/wp-content/uploads/Fresno-Pepper.jpg
000112.jpg,https://cayennediane.wpengine.com/wp-content/uploads/Fresno-Pepper-4.jpg
000113.jpg,http://fsi.colostate.edu/wp-content/uploads/2014/03/fresnochili.jpg
000114.jpg,http://www.marxfoods.com/images/Red-Fresno-Chiles_RedFresnoPeppers-1.jpg
000115.jpg,https://media.buzzle.com/media/images-en/photos/vegetables/1200-47417950-fresno-pepper.jpg
000116.jpg,https://img0.etsystatic.com/138/0/7824311/il_fullxfull.880381834_lrgr.jpg
000117.jpg,https://texastitos.com/wp-content/uploads/2018/07/5.FresnoChili_SPOT2_300DPIrgb600x800_chrissycurtin.jpg
000118.jpg,https://friedneckbones.files.wordpress.com/2012/11/peppersauce-101.jpg
000119.jpg,https://s-media-cache-ak0.pinimg.com/736x/36/9e/b8/369eb8c5ad4506c9cf3e5ce7eb1d3b00.jpg
000120.jpg,https://thumbs.dreamstime.com/z/fresno-chili-pepper-red-yellow-green-fresh-78271913.jpg
000121.jpg,https://borderlinespicy.files.wordpress.com/2011/01/17th-st-and-girls-079.jpg
000122.jpg,https://www.seriouseats.com/images/2016/04/fresno.jpg
000123.jpg,https://dish-environment-prod-contentbucket-10u8bszryovz3.s3.amazonaws.com/assets/s3fs-public/styles/content_image_medium/public/102372630_L-to-R-banana-jalapeno-habanero-Thai-chile-serrano-poblano-Fresno-and-Anaheim-peppers-Photo-by-Meredith.jpg
000124.jpg,https://all-americaselections.org/wp-content/uploads/2016/10/Pepper_FlamingFlare-2-AAS2015-resize-1.jpg
000125.jpg,https://c8.alamy.com/comp/E154BB/organic-red-spicy-fresno-peppers-on-a-background-E154BB.jpg
000126.jpg,http://jakeseed.com/wp-content/uploads/2015/01/fresno.jpg
000127.jpg,https://c8.alamy.com/comp/X1TXX4/assorted-chili-peppers-habanero-fresno-thai-chili-santa-fe-scotch-bonnet-and-jalapeno-X1TXX4.jpg
000128.jpg,https://c8.alamy.com/comp/XB28TC/assorted-chili-peppers-habanero-fresno-thai-chili-santa-fe-scotch-bonnet-and-jalapeno-XB28TC.jpg
000129.jpg,https://c8.alamy.com/comp/XB01AJ/yellow-capsicum-and-chili-peppers-fresno-jalapeno-and-fresno-XB01AJ.jpg
000130.jpg,https://1.bp.blogspot.com/-N6IBxBTP6Fc/VD81w2Zra-I/AAAAAAAAEnQ/xgDix3a-dIk/s400/Fresno%2BPepper%2BSeeds%2B1.jpg
000131.jpg,https://c8.alamy.com/comp/E154B6/organic-red-spicy-fresno-peppers-on-a-background-E154B6.jpg
000132.jpg,https://c8.alamy.com/comp/E154BK/organic-red-spicy-fresno-peppers-on-a-background-E154BK.jpg
000133.jpg,https://static1.squarespace.com/static/5622d6ffe4b058efb0bd4468/5775812d2994ca7f1312e425/577581ef15d5db9c87f803b4/1467318774851/row+of+bottles.jpg
000134.jpg,https://c8.alamy.com/comp/XB0YT8/fresno-chili-peppers-in-a-ceramic-bowl-on-a-marble-table-on-top-view-XB0YT8.jpg
000135.jpg,https://c8.alamy.com/comp/CXENWY/a-red-fresno-pepper-on-a-white-background-CXENWY.jpg
000136.jpg,http://www.tradewindsfruit.com/content/images/fish-pepper5.jpg
000137.jpg,https://www.rebootedmom.com/wp-content/uploads/2019/08/IMG_0615-1.jpg
000138.jpg,https://s-media-cache-ak0.pinimg.com/originals/27/cc/ad/27ccad7626c8be3fbf9b07dd8cd4e312.jpg
000139.jpg,https://s3-media2.fl.yelpcdn.com/bphoto/O2m2h6bZzSYK9RXgbWaKag/o.jpg
000140.jpg,https://c8.alamy.com/comp/DMCMEG/peppers-DMCMEG.jpg
000141.jpg,http://bygabriella.co/wp-content/uploads/2016/09/SpicyPepperMarg_11-681x1024.jpg
000142.jpg,https://c8.alamy.com/comp/BPFWHE/anaheim-chili-ready-to-pick-BPFWHE.jpg
000143.jpg,https://c8.alamy.com/comp/F15330/hot-pepper-mix-in-mortar-on-white-background-F15330.jpg
000144.jpg,https://c8.alamy.com/comp/K736R0/red-hot-peppers-fresh-on-the-kitchen-table-white-background-white-K736R0.jpg
000145.jpg,https://c8.alamy.com/comp/KFWYMW/santa-ana-california-usa-24th-oct-2017-the-fresno-chili-pepper-is-KFWYMW.jpg
000146.jpg,https://c8.alamy.com/comp/F54TRE/anaheim-peppers-are-a-mild-variety-of-chili-pepper-used-in-mexican-F54TRE.jpg
000147.jpg,https://c8.alamy.com/comp/DMCMEH/peppers-DMCMEH.jpg
000148.jpg,https://c8.alamy.com/comp/DP9TPB/bundle-of-hot-pepper-varieties-of-jute-background-close-up-DP9TPB.jpg
000149.jpg,https://cdn.shopify.com/s/files/1/0915/1060/products/Fresno-jalapeno-2-hot-pepper-pepper-joes.jpg
000150.jpg,https://c8.alamy.com/comp/DRDG3H/bundle-of-hot-pepper-varieties-of-jute-background-close-up-DRDG3H.jpg
000151.jpg,https://c8.alamy.com/comp/JPTH6T/hot-red-chili-pepper-on-a-old-blue-color-wooden-table-with-place-copy-JPTH6T.jpg
000152.jpg,https://i2.wp.com/www.davidcomo.com/wp-content/uploads/2015/07/Mini-ham-sandwiches-with-fresno-pepper-jelly.jpg
000153.jpg,http://thumbs.dreamstime.com/z/red-fresno-pepper-slices-15367005.jpg
000154.jpg,https://c8.alamy.com/comp/K736NF/red-hot-peppers-fresh-on-the-kitchen-table-white-background-white-K736NF.jpg
000155.jpg,https://jakeseed.com/wp-content/uploads/2015/01/fresno1.jpg
000156.jpg,https://c8.alamy.com/comp/DRDG0P/bundle-of-hot-pepper-varieties-of-jute-background-close-up-DRDG0P.jpg
000157.jpg,https://c8.alamy.com/comp/JPTH8J/hot-red-chili-pepper-on-a-old-blue-color-wooden-table-with-place-copy-JPTH8J.jpg
000158.jpg,http://www.norbertskitchen.com/wp-content/uploads/2017/04/SSP_3171.jpg
000159.jpg,https://c8.alamy.com/comp/F1532Y/hot-pepper-mix-in-mortar-and-pestle-on-white-background-F1532Y.jpg
000160.jpg,http://suttons.s3.amazonaws.com/p/156180f_3.jpg
000161.jpg,https://c8.alamy.com/comp/JPTH85/hot-red-chili-pepper-on-a-old-blue-color-wooden-table-with-place-copy-JPTH85.jpg
000162.jpg,https://images.squarespace-cdn.com/content/v1/53fcc989e4b09024f2bcfa11/1571878293502-MMWASH098CHPCXR2T0UN/ke17ZwdGBToddI8pDm48kKUDoeD0mo3k1gqU80Jgnil7gQa3H78H3Y0txjaiv_0fDoOvxcdMmMKkDsyUqMSsMWxHk725yiiHCCLfrh8O1z5QPOohDIaIeljMHgDF5CVlOqpeNLcJ80NK65_fV7S1UaZzKbbIB6fsCYNY-avUcUxdqlLo-eT5W02H3L_j7i3iocirJjwNwxkbauT3i3vPKg/DSC_0006%2B%25282%2529.jpg
000163.jpg,https://c8.alamy.com/comp/K736T9/red-hot-peppers-fresh-on-the-kitchen-table-white-background-white-K736T9.jpg
000164.jpg,https://c8.alamy.com/comp/K736WE/red-hot-peppers-fresh-on-the-kitchen-table-white-background-white-K736WE.jpg
000165.jpg,https://roosterandwheat.files.wordpress.com/2012/10/2012-10-01_17-54-54_38.jpg
000166.jpg,http://1.bp.blogspot.com/_GVqtw4v0KyQ/TC2pDJV5N6I/AAAAAAAABck/su2hFLyTogE/s1600/peter.jpg
000167.jpg,https://images.squarespace-cdn.com/content/v1/53fcc989e4b09024f2bcfa11/1571878322523-MF1F97AN7Y8JQAUKHCQ0/ke17ZwdGBToddI8pDm48kCDnvzZDSTqrZYB0qToMReZ7gQa3H78H3Y0txjaiv_0fDoOvxcdMmMKkDsyUqMSsMWxHk725yiiHCCLfrh8O1z4YTzHvnKhyp6Da-NYroOW3ZGjoBKy3azqku80C789l0psyQQR5KrxgIm8QcotvsYtvUHnJsni5ivcu2RP0UO8zWN1uCXtq4fHLhtl5lYmmpQ/DSC_0024%2B%25285%2529.jpg
000168.jpg,https://i.pinimg.com/originals/e7/0f/8f/e70f8f6346c25496096f4041bccfdea5.jpg
000169.jpg,http://www.michaeldevore.net/wp-content/uploads/2012/01/Fresno-Pepper-2012-oil-on-linen-8x9in-20x23cm.jpg
000170.jpg,https://images.squarespace-cdn.com/content/v1/53fcc989e4b09024f2bcfa11/1571878349630-4GYPA7Q96D7GCI5U5FME/ke17ZwdGBToddI8pDm48kCDnvzZDSTqrZYB0qToMReZ7gQa3H78H3Y0txjaiv_0fDoOvxcdMmMKkDsyUqMSsMWxHk725yiiHCCLfrh8O1z4YTzHvnKhyp6Da-NYroOW3ZGjoBKy3azqku80C789l0psyQQR5KrxgIm8QcotvsYtvUHnJsni5ivcu2RP0UO8zWN1uCXtq4fHLhtl5lYmmpQ/DSC_0020%2B%25281%2529.jpg
000171.jpg,https://iheartfresno.files.wordpress.com/2010/12/photo_3.jpg
000172.jpg,https://a57.foxnews.com/a57.foxnews.com/static.foxnews.com/foxnews.com/content/uploads/2018/11/640/320/612/344/ceviche.jpg
000173.jpg,https://images.squarespace-cdn.com/content/v1/53fcc989e4b09024f2bcfa11/1571878200718-1HO9WR9A4PAOLP2GLH2H/ke17ZwdGBToddI8pDm48kCCchC7Ym3F8NrdFTQNMnbZ7gQa3H78H3Y0txjaiv_0fDoOvxcdMmMKkDsyUqMSsMWxHk725yiiHCCLfrh8O1z5QPOohDIaIeljMHgDF5CVlOqpeNLcJ80NK65_fV7S1Ub6sRqhhnNWJ_xY3MZpFZ5aKtp6DeaWCsM9hGuMrupE0DmauJlIIX8U8GDK5AlGw4w/DSC_0004%2B%25287%2529.jpg
000174.jpg,https://s-media-cache-ak0.pinimg.com/736x/67/44/fd/6744fd8423a4bd26a294dc805b5cd6e4.jpg
000175.jpg,https://maggiemindmumbles.files.wordpress.com/2012/07/fresno-chiles-1.jpg
000176.jpg,https://images.squarespace-cdn.com/content/v1/53fcc989e4b09024f2bcfa11/1571878023820-VUG0DUXY9TJSPXHDV8I3/ke17ZwdGBToddI8pDm48kJNi1IZkDk9GQeGQSutgZEV7gQa3H78H3Y0txjaiv_0fDoOvxcdMmMKkDsyUqMSsMWxHk725yiiHCCLfrh8O1z5QPOohDIaIeljMHgDF5CVlOqpeNLcJ80NK65_fV7S1UUACf-JwfvyxOBdMCIiG7PaQ4x35Mcaa8jCuMNf0BPjXMJTE_HTz9nYQd4LxmLSvQg/DSC_0029%2B%25285%2529.jpg
000177.jpg,https://cdn.vox-cdn.com/thumbor/9ZTrEDAKXvZ3ajaN-uZDHRjJVJ8=/0x0:2500x1500/1200x800/filters:focal(1050x550:1450x950)/cdn.vox-cdn.com/uploads/chorus_image/image/65538066/Layers_Opening_Menu_198.0.jpg
000178.jpg,https://michaelsweller.files.wordpress.com/2015/10/2015-09-27-18-34-40.jpg
000179.jpg,https://iheartfresno.files.wordpress.com/2010/12/salad.jpg
000180.jpg,https://cdns.abclocal.go.com/content/kfsn/images/cms/automation/vod/2920797_1280x720.jpg
000181.jpg,https://i0.wp.com/www.michaeldevore.net/wp-content/uploads/2012/01/Fresno-Pepper-2012-oil-on-linen-8x9in-20x23cm.jpg
000182.jpg,https://www.freshoffthegrid.com/wp-content/uploads/Grilled-Banh-Mi-3.jpg
000183.jpg,https://i.pinimg.com/originals/cb/18/7a/cb187aee9bdcf7c8d882792e5d7eaa5c.jpg
000184.jpg,https://images.squarespace-cdn.com/content/v1/53fcc989e4b09024f2bcfa11/1571878161640-74J308BEM3MXWCRGZAX1/ke17ZwdGBToddI8pDm48kGbYWXEqoecf3FldpBQyCMt7gQa3H78H3Y0txjaiv_0fDoOvxcdMmMKkDsyUqMSsMWxHk725yiiHCCLfrh8O1z5QPOohDIaIeljMHgDF5CVlOqpeNLcJ80NK65_fV7S1UQqRLE2veKpGMPH2ZPU3ViSsx3oRyN_MgxBeMIepvYO-7d92LC9TZ0hecJ5SzQrglQ/DSC_0022.jpg
000185.jpg,https://s3.us-east-1.wasabisys.com/kvia.com/2019/10/20190928_211136_1569730257915_39442733_ver1.0.jpg
000186.jpg,https://www.getflavor.com/wp-content/uploads/2019/10/Hot_Chili_Idaho_Potatoes_1020.jpg
000187.jpg,https://lastheplace.com/images/article-images/2019/10/20191020_172701-1.jpg
000188.jpg,https://s3.us-east-1.wasabisys.com/kvia.com/2019/10/nm-nmsu-ap-crop2_1569116590562_39401003_ver1.0.jpg
