image,source
000001.jpg,https://www.cayennediane.com/wp-content/uploads/Ghost-Peppers.jpg
000002.jpg,https://pepperhead.com/wp-content/uploads/2013/08/Ghost-Pepper.jpg
000003.jpg,https://cdn.shopify.com/s/files/1/0220/1512/products/51pfPsSOfOL.-SX425.jpg?v=1553756719
000004.jpg,https://cdn.shopify.com/s/files/1/0220/1512/products/bih-jolokia_d1c32079-6e6a-4e11-a55d-95fa6d9f564f.jpg?v=1540538767
000005.jpg,https://cdn.shopify.com/s/files/1/0915/1060/products/Ghost_peppers.jpg?v=1537388297
000006.jpg,https://thenypost.files.wordpress.com/2015/08/shutterstock_220826371.jpg?quality=90&strip=all&w=618&h=410&crop=1
000007.jpg,https://cdn.shopify.com/s/files/1/1537/5553/products/12798_1024x1024.jpg?v=1544631106
000008.jpg,https://cdn.shopify.com/s/files/1/0237/0893/products/ghost-pepper-hot-sauce-hot-sauce-sting-n-linger-438433_2048x.jpg?v=1554937819
000009.jpg,https://cdn.shopify.com/s/files/1/0972/6282/products/ghost-pepper-bhut-jolokia-100-120-days-vegetables-pinetree-garden-seeds_955_16d23b34-5310-493f-95ac-63cc3bd80f7a.jpg?v=1542838616
000010.jpg,https://www.cayennediane.com/wp-content/uploads/12-Hottest-Peppers.jpg
000011.jpg,https://images.homedepot-static.com/productImages/b9285929-cb16-41ac-9eb4-07a94460b2d7/svn/bonnie-plants-vegetable-plants-3150-64_1000.jpg
000012.jpg,https://pepperhead.com/wp-content/uploads/2016/11/Ghost-Pepper-Purple-2.jpg
000013.jpg,https://cdn.shopify.com/s/files/1/0871/0950/products/TombstoneGhost_1024x1024.gif?v=1548196385
000014.jpg,https://m.media-amazon.com/images/S/aplus-seller-content-images-us-east-1/ATVPDKIKX0DER/AQ42QI5FRDQ9I/67b75f8d-0b00-44c9-b64b-a336934d146b._CR7,0,2693,833_PT0_SX970__.jpg
000015.jpg,https://smallaxepeppers.com/wp-content/uploads/2019/05/Screen-Shot-2019-05-01-at-5.59.39-PM-1024x550.png
000016.jpg,https://cdn.shopify.com/s/files/1/0915/1060/products/ghost-pepper-bhut-jolokia-growing-hot-pepper-pepper-joes.jpg?v=1462321115
000017.jpg,https://upload.wikimedia.org/wikipedia/commons/6/69/BhutJolokia09_Asit.jpg
000018.jpg,https://www.friedas.com/wp-content/uploads/2019/05/Friedas-Ghost-Peppers.jpg
000019.jpg,https://pepperhead.com/wp-content/uploads/Ghost-Pepper-Header.jpg
000020.jpg,http://cdn.shopify.com/s/files/1/1537/5553/products/11443_grande.jpg?v=1486445042
000021.jpg,https://i5.walmartimages.com/asr/7f79e979-3ae1-429f-8bc0-d0967c69b127_1.1fed64bef003522347c6ed05d72f5f84.jpeg?odnHeight=560&odnWidth=560&odnBg=FFFFFF
000022.jpg,https://images-na.ssl-images-amazon.com/images/I/41wTRgq0QiL._SX355_.jpg
000023.jpg,https://edge.bonnieplants.com/www/uploads/20180920002452/Red-Bhut-Jolokia-Ghost-Pepper.jpg
000024.jpg,http://static.dudeiwantthat.com//img/food/candy/ghost-pepper-super-hot-candy-balls-2503.jpg
000025.jpg,https://cdn11.bigcommerce.com/s-f6cx4kq/images/stencil/1280x1280/products/135/599/ghost_pepper_collection_tyler_farms__89290.1455594380.jpg?c=2&imbypass=on
000026.jpg,https://www.asklepios-seeds.de/pub/media/catalog/product/cache/e4d64343b1bc593f1c5348fe05efa4a6/b/r/brazilian-ghost-pepper.jpg
000027.jpg,https://d1nw62gticy6e9.cloudfront.net/uploads/Yellow-Ghost-Pepper-Seeds.jpg
000028.jpg,https://www.pepperscale.com/wp-content/uploads/2014/11/ghost-pepper-vs-jalapeno-768x512.jpg
000029.jpg,https://cdn.shopify.com/s/files/1/0207/8590/products/Ghost_Pepper_E.jpg?v=1536674421
000030.jpg,https://i.etsystatic.com/8661991/r/il/58fc8a/838802777/il_570xN.838802777_62ge.jpg
000031.jpg,https://ashevillebeecharmer.com/wp-content/uploads/2015/09/ghost.jpg
000032.jpg,https://cdn.shopify.com/s/files/1/0089/1562/products/Bhut_jolokia_ghost_pepper_seeds.png?v=1485537942
000033.jpg,https://www.chilipeppermadness.com/wp-content/uploads/2018/10/Ghost-Peppers1.jpg
000034.jpg,https://images.vat19.com/firedust/ghost-pepper-fire-dust-equation.jpg
000035.jpg,https://www.trymynuts.com/thumbnail.asp?file=assets/images/da%20bomb%20ghost%20pepper%20salsa.jpg&maxx=500&maxy=0
000036.jpg,https://en.es-static.us/upl/2011/05/wiki_BhutJolokia06_Asit.jpg
000037.jpg,https://www.nrn.com/sites/nrn.com/files/styles/article_featured_standard/public/2_ghost-pepper_slide_0.png?itok=ueA9ZZi_
000038.jpg,https://neveldfel.cdn.shoprenter.hu/custom/neveldfel/image/cache/w550h550wt1/STOCK%20k%C3%A9pek/ghost.jpg?lastmod=1570271935.1482238000
000039.jpg,https://d1nw62gticy6e9.cloudfront.net/uploads/Red-Ghost-Peppers.jpg
000040.jpg,https://previews.123rf.com/images/shibu7213/shibu72131807/shibu7213180700008/104674692-bunch-of-red-bhoot-jolokia-spicy-ghost-pepper-isolated-in-white-background-with-space-for-text.jpg
000041.jpg,https://media.istockphoto.com/photos/bhut-jolika-ghost-peppers-paths-picture-id665507142?k=6&m=665507142&s=612x612&w=0&h=C7usdRjNbop0f4MSSnsc_6n0MxOXBBLWPlYuXLzlA7w=
000042.jpg,https://images-na.ssl-images-amazon.com/images/I/511fHs7BUSL._SX425_.jpg
000043.jpg,https://4.imimg.com/data4/LJ/NE/ANDROID-13190513/product-500x500.jpeg
000044.jpg,https://thenypost.files.wordpress.com/2016/10/shutterstock_481546540.jpg?quality=90&strip=all&w=618&h=410&crop=1
000045.jpg,https://imgaz2.staticbg.com/thumb/large/oaupload/banggood/images/86/A6/055f182e-68eb-4e0d-876c-bfc6583845f7.jpg
000046.jpg,https://www.snopes.com/tachyon/2016/11/Screen-Shot-2016-11-18-at-10.01.46-PM-e1479535379719.png?resize=800,452
000047.jpg,https://s3.envato.com/files/271799591/Ghost%20pepper-3-Edit%20copy.jpg
000048.jpg,https://www.aerogarden.com/media/catalog/product/optimized/e/e/eef2004b8fd57b50e969eddbe733128b/scovillescale_2.1556736167.jpg
000049.jpg,https://cdn.theatlantic.com/assets/media/img/mt/2018/05/RTXW9MF/lead_720_405.jpg?mod=1533691464
000050.jpg,https://cdn.shopify.com/s/files/1/0237/0893/products/ghost-pepper-gumballs-candy-25-count-bag-ghost-pepper-sonoran-spice-771549_2048x.jpg?v=1554938268
000051.jpg,https://cdn11.bigcommerce.com/s-qqb56hyrha/images/stencil/1280x1280/products/3640/8023/1424A__55678.1560902013.jpg?c=2&imbypass=on
000052.jpg,https://www.savoryspiceshop.com/content/mercury_modules/cart/items/2/7/3/2731/ratio6x5-600.jpg
000053.jpg,https://www.texasfood.com/images/T/ghost-m-03.jpg
000054.jpg,https://sep.yimg.com/ay/yhst-60941604558443/ghost-pepper-bhut-jolokia-ground-chili-pepper-powder-in-a-small-spice-jar-14g-2.png
000055.jpg,https://cdn11.bigcommerce.com/s-f6cx4kq/images/stencil/1280x1280/products/262/1260/peach_ghost_pepper_3_tyler_farms__37275.1551327792.jpg?c=2&imbypass=on
000056.jpg,https://images.vat19.com/ghost-pepper-gumballs/spicy-gumballs.jpg
000057.jpg,https://www.pepperscale.com/wp-content/uploads/2014/08/Ghost-Pepper-Facts-768x512.jpg
000058.jpg,https://upload.wikimedia.org/wikipedia/commons/thumb/8/8b/Bhoot_Jolokia_%28_Ghost_Chili_pepper_%29.jpg/220px-Bhoot_Jolokia_%28_Ghost_Chili_pepper_%29.jpg
000059.jpg,https://i5.walmartimages.com/asr/6e0b6d3a-c902-4498-ad90-68384da3ad22_1.e15a27486730d47c41383e57bac640ac.jpeg?odnHeight=450&odnWidth=450&odnBg=FFFFFF
000060.jpg,https://image.shutterstock.com/image-photo/fresh-ghost-peppers-260nw-219646189.jpg
000061.jpg,https://ae01.alicdn.com/kf/HTB14QbmdjfguuRjSspkq6xchpXao/200pcs-pack-Chocolate-Naga-Jolokia-Chilli-bonsais-Ghost-Pepper-Bhut-Jolokia.jpg
000062.jpg,https://i2.wp.com/yellowbirdsauce.com/wp-content/uploads/2015/07/Yellowbird-Ghost-Pepper-Condiment-Gallon.jpg?fit=2000%2C2000&ssl=1
000063.jpg,https://blogs.voanews.com/science-world/files/2018/04/4053613149_81a8f3553d_b-1024x576.jpg
000064.jpg,https://www.rareseeds.com/assets/1/14/DimRegular/pepper-bhut-jolokia--4472.jpg
000065.jpg,https://gardenguru.in/197-thickbox_default/bhut-jolokia-naga-chilli-ghost-pepper.jpg
000066.jpg,https://cdn1.bigcommerce.com/n-yp39j5/wmhmd53/products/1994/images/2217/choclate_ghost_2__92536.1514734931.1280.1280.jpg?c=2
000067.jpg,https://i1.wp.com/briggstrue.com/wp-content/uploads/2016/11/bt_ghostpepper_single_21.png?fit=487%2C619&ssl=1
000068.jpg,https://ae01.alicdn.com/kf/HTB1QgHkKpXXXXbTXpXXq6xXFXXXj/New-2015-Rare-Ghost-Pepper-India-Style-Bhut-Jolokia-Chili-100-PACK.jpg_q50.jpg
000069.jpg,https://q7i2y6d5.stackpathcdn.com/wp-content/uploads/2013/05/ghost-chili-peppers-400x400.jpg
000070.jpg,https://images-na.ssl-images-amazon.com/images/I/710NhtmmvaL._SY550_.jpg
000071.jpg,https://pepperhead.com/wp-content/uploads/2014/09/Ghost-Pepper-Peach.jpg
000072.jpg,https://www.peppersofkeywest.com/wp-content/uploads/2014/07/13721-600x600.jpg
000073.jpg,https://s.hdnux.com/photos/53/61/44/11475234/3/rawImage.jpg
000074.jpg,https://melindas.com/wp-content/uploads/2019/04/Melindas-Ghost-Pepper-Wing-Sauce.jpg
000075.jpg,https://www.garden.eco/wp-content/uploads/2018/03/when-to-pick-ghost-peppers-1.jpg
000076.jpg,http://www.chiliszoszok.hu/img/7378/293371/400x400/293371.jpg
000077.jpg,https://5.imimg.com/data5/DA/QW/CO/SELLER-25097385/organic-ghost-pepper-500x500.jpg
000078.jpg,https://patch.com/img/cdn/users/478251/2015/11/raw/20151156454a9e4c9ea.JPG
000079.jpg,https://en.es-static.us/upl/2014/06/ghost-pepper-Bhut-Jolokia.jpg
000080.jpg,http://www.feedmedearly.com/wp-content/uploads/2014/08/ghost-peppers_FeedMeDearly.jpg
000081.jpg,https://i.ebayimg.com/images/g/~Z4AAOSwXG9bK227/s-l640.jpg
000082.jpg,https://www.homeartandgarden.com/images/D/Ghost-Pepper-Bhut-Jolokia-Seedlings-from-HomeArtAndGarden.com.jpg
000083.jpg,https://cdn.hswstatic.com/gif/ghost-pepper-basket-360x240.jpg
000084.jpg,https://previews.123rf.com/images/bhofack2/bhofack21811/bhofack2181100134/111149086-raw-organic-spicy-bhut-jolokia-ghost-peppers-ready-to-cook.jpg
000085.jpg,https://chilitermesztes.files.wordpress.com/2017/05/ghost-pepper-plant-02.jpg
000086.jpg,https://ghostpepperstore.com/assets/images/driedghost.jpg
000087.jpg,https://n1.sdlcdn.com/imgs/g/1/d/Holy-Natural-Bhut-Jolokia-Ghost-SDL339399317-1-0cbcc.jpg
000088.jpg,https://adoboloco.com/wp-content/uploads/2018/07/1Pack-Hamajang-As-seen-on-hot-ones.jpg
000089.jpg,https://www.pepperscale.com/wp-content/uploads/2013/07/ghost-pepper-768x512.jpeg
000090.jpg,https://beachcitieswholesalers.com/wp-content/uploads/2018/08/2482EDITED-e1533919098854.jpg
000091.jpg,https://i0.wp.com/yellowbirdsauce.com/wp-content/uploads/2017/08/Yellowbird-Ghost-Pepper-Condiment-9-oz-1.jpg?fit=1200%2C1200&ssl=1
000092.jpg,https://imagesvc.meredithcorp.io/v3/mm/image?url=https%3A%2F%2Fcdn-image.foodandwine.com%2Fsites%2Fdefault%2Ffiles%2F.%2Fwhat-is-ghost-pepper-fwx.jpg&w=400&c=sc&poi=face&q=85
000093.jpg,https://www.ukchilliseeds.co.uk/ekmps/shops/chilliwizard/images/naga-bhut-jolokia-ghost-pepper-10-seeds-112-p.jpg
000094.jpg,https://static9.depositphotos.com/1577656/1162/i/950/depositphotos_11629901-stock-photo-ghost-pepper-or-naga-bhut.jpg
000095.jpg,https://koolaufarmers.com/wordpress/wp-content/uploads/2015/07/ghost-peppers-234849880-1000x667.jpg
000096.jpg,https://cdn.shopify.com/s/files/1/0915/1060/products/Giant-Ghost-Pepper-hot-pepper-pepper-joes.jpg?v=1462321203
000097.jpg,https://cdn10.bigcommerce.com/s-6c4pzci/products/377/images/932/IMG_0230_copy__34020.1449673920.1280.1280.jpg?c=2
000098.jpg,https://cdn1.harryanddavid.com/wcsstore/HarryAndDavid/images/catalog/16_280723_30e_01e_v2x.jpg?height=558&width=510
000099.jpg,https://i.ytimg.com/vi/xVc32G9O53Q/maxresdefault.jpg
000100.jpg,https://5.imimg.com/data5/OB/DR/MY-4555629/ghost-pepper-500x500.jpg
000101.jpg,https://i5.walmartimages.com/asr/f66c41de-fb35-449e-a690-07707c0c815c_1.ca272a475042a676c398752ca4ba020c.jpeg?odnHeight=450&odnWidth=450&odnBg=FFFFFF
000102.jpg,https://ghostlyhots.com/wp-content/uploads/2018/11/Half-pound-ghost-peppers.jpg
000103.jpg,https://chilis.hu/shop_ordered/19763/pic/chili-lexikon/ghost-chili-szellem-chili.jpg
000104.jpg,https://www.sphinxdateranch.com/pub/media/catalog/product/cache/e4d64343b1bc593f1c5348fe05efa4a6/g/h/ghost-pepper-drops.jpg
000105.jpg,https://media1.fdncms.com/riverfronttimes/imager/u/original/2988757/14876579784_de75643135_z.jpg
000106.jpg,https://www.tinroofteas.com/wp-content/uploads/2018/03/Ghost-Pepper.jpg
000107.jpg,https://d1nw62gticy6e9.cloudfront.net/uploads/Bhut-Jolokia-Pepper-Seed-Blend1.jpg
000108.jpg,https://cdn11.bigcommerce.com/s-qqb56hyrha/images/stencil/1280x1280/products/2117/5347/1587__13880.1516006927.jpg?c=2&imbypass=on
000109.jpg,https://images-na.ssl-images-amazon.com/images/I/71hu0SwzGoL._SX425_.jpg
000110.jpg,https://cdn11.bigcommerce.com/s-cb3kf/images/stencil/1200x1800/products/277/441/Bhut_Jolokia__45836.1405881184.JPG?c=2
000111.jpg,https://cdn.dribbble.com/users/2099729/screenshots/6283869/ghost.png
000112.jpg,https://i0.wp.com/growhotpeppers.com/wp-content/uploads/2017/03/hottest-pepper-bhut-jolokias.jpg?resize=1000%2C1000&ssl=1
000113.jpg,https://www.piedmontfarmandgarden.com/v/vspfiles/photos/PPP020-2.jpg
000114.jpg,https://chilis.hu/shop_ordered/19763/pic/chili-lexikon/Ghost-Pepper.jpg
000115.jpg,https://justenoughheat.com/wp-content/uploads/2016/03/GhostPepper-MedTall.jpg
000116.jpg,https://i1.wp.com/metro.co.uk/wp-content/uploads/2016/09/ghost-pepper.jpg?quality=90&strip=all&zoom=1&resize=644%2C460&ssl=1
000117.jpg,https://cdn.shopify.com/s/files/1/0188/0032/products/ghost-pepper-powder-0-5-oz-1-million-scoville-255g-spicepeppers-magic-plant-farm-chilly-chiles-largest-selection-of-hot-sauce-in-canada-flavor-ingredient_280.jpg
000118.jpg,https://sep.yimg.com/ay/yhst-60941604558443/ghost-pepper-bhut-jolokia-mash-aged-9-oz-jar-13.png
000119.jpg,https://images.theabcdn.com/i/25525384
000120.jpg,https://www.chilipeppermadness.com/wp-content/uploads/2018/10/Ghost-Peppers2.jpg
000121.jpg,https://i.ebayimg.com/images/g/jIEAAOSwlY1ZKQ8q/s-l640.jpg
000122.jpg,https://plant.daleysfruit.com.au/trees/m/Chilli-Ghost-Pepper-3656.jpeg
000123.jpg,https://img.fasttechcdn.com/682/6827203/6827203-4.jpg
000124.jpg,https://cdn11.bigcommerce.com/s-hhv2ux6/images/stencil/1280x1280/products/371/1455/Da-Bomb-Ghost-Pepper-Hot-Sauce__62286.1475858830.jpg?c=2&imbypass=on
000125.jpg,https://www.camerontradingpost.com/media/catalog/product/cache/1/image/2688x/9df78eab33525d08d6e5fb8d27136e95/i/m/img_5214.jpg
000126.jpg,https://previews.123rf.com/images/shibu7213/shibu72131805/shibu7213180500144/101641831-letter-a-alphabet-made-with-ghost-pepper-bhoot-jolokia-over-white-backgroundletter-u-alphabet-made-w.jpg
000127.jpg,https://ghostpepperstore.com/assets/images/chart.jpg
000128.jpg,https://neveldfel.cdn.shoprenter.hu/custom/neveldfel/image/cache/w550h550wt1/STOCK%20k%C3%A9pek/bhutjolokiachocolate.jpg?lastmod=1543912920.1482238000
000129.jpg,https://cdn.instructables.com/FUX/X0Q3/H2BMNSN7/FUXX0Q3H2BMNSN7.MEDIUM.jpg?auto=webp&&frame=1&crop=1.2:1&width=306
000130.jpg,https://beavertonfoods.com/wp-content/uploads/2016/03/inglehoffer-ghost-pepper-mustard-squeeze.png
000131.jpg,https://www.rnz.co.nz/assets/news_crops/77460/eight_col_ghost_peppers.jpg?1553849301
000132.jpg,https://www.ghostscream.com/wp-content/uploads/2019/09/ghost-pepper-3743479_1920.jpg
000133.jpg,https://cdn11.bigcommerce.com/s-cb3kf/images/stencil/1200x1800/products/311/2966/Ghost_Pepper_Crushed__19972.1536013342.jpg?c=2
000134.jpg,https://i.ndtvimg.com/i/2017-08/ghost-chilli-620x350_620x350_41501921823.jpg
000135.jpg,http://ushotstuff.com/images/CarolinaReaper.jpg
000136.jpg,https://www.magicplantshop.com/images/thumbnails/450/450/detailed/1/Ghost-Pepper-Flakes.png
000137.jpg,https://www.devonchilifarm.hu/wp-content/uploads/2019/02/brazilian-ghost-chilli-x-10-seeds-808-pekm360x360ekm-324x324.jpg
000138.jpg,https://a57.foxnews.com/a57.foxnews.com/static.foxnews.com/foxnews.com/content/uploads/2018/09/640/320/1862/1048/ghostpepper660_istock.jpg?ve=1&tl=1?ve=1&tl=1
000139.jpg,https://blog.sonoranspice.com/wp-content/uploads/2018/12/Ghost-Pepper-Guide-Book.jpg
000140.jpg,http://www.artsgardenideas.co.uk/shopping/images/arts-garden-ideas/Ghost%20pepper%20300.jpg
000141.jpg,https://i.etsystatic.com/19287815/d/il/8f1fb4/2002181003/il_340x270.2002181003_785v.jpg?version=0
000142.jpg,http://d1fm27ee7pjs8v.cloudfront.net/images/detailed/31/ghost-pepper.jpg
000143.jpg,http://static1.squarespace.com/static/585ae5615016e1541642491d/585b0239893fc0cc91bc321a/585c7352d482e907b83add9d/1568030442977/
000144.jpg,https://5.imimg.com/data5/OI/MX/RR/ANDROID-89534541/1562746412580-jpg-500x500.jpg
000145.jpg,https://d1nw62gticy6e9.cloudfront.net/uploads/Chocolate-Ghost-Peppers-600x600.jpg
000146.jpg,https://3.bp.blogspot.com/-r_cZEoVvwtU/XJedPNzDGII/AAAAAAAAd7A/_amJC_oHESkugu0ms9n_wFfuMKNYXHiYACLcBGAs/s1600/Daebak%2BGhost%2BPepper%2BSpicy%2BNoodles%2B1.JPG
000147.jpg,https://www.friedas.com/wp-content/uploads/2012/04/Friedas_Ghost_Chiles_Dried.jpg
000148.jpg,https://assets.atlasobscura.com/media/W1siZiIsInVwbG9hZHMvdGhpbmdfaW1hZ2VzLzEyNThhOTc2LTNjNjctNGYzYi1iZTk1LTI4YTE3ZmExODQ2MDg2ZjEyOTVjYWUxYjBjYWM1ZF9HaG9zdFBlcHBlckljZUNyZWFtX3RoYXRyZWFsZm9vZC5qcGciXSxbInAiLCJjb252ZXJ0IiwiIl0sWyJwIiwiY29udmVydCIsIi1xdWFsaXR5IDgxIC1hdXRvLW9yaWVudCJdLFsicCIsInRodW1iIiwiNTgweDU4MCMiXV0/GhostPepperIceCream_thatrealfood.jpg
000149.jpg,https://thumbor.thedailymeal.com/exBKSvyr7b35X1J8Wlq9Z-yYNG4=/870x565/filters:focal(895x597:896x598)/https://www.thedailymeal.com/sites/default/files/story/2018/CropGhostPepperiStock-842646810.jpg
000150.jpg,https://imgix.bustle.com/rehost/2016/9/13/a5f5a644-16e1-475f-a665-84178c08d21e.jpg?w=970&h=546&fit=crop&crop=faces&auto=format&q=70
000151.jpg,https://d56z4kbqgbv8m.cloudfront.net/wp-content/uploads/2019/03/Melindas-Creamy-Style-Ghost-Pepper-Wing-Sauce-e1568336358499.jpg
000152.jpg,https://www.researchgate.net/profile/Umesh_Reddy2/publication/328642596/figure/fig1/AS:687876035588097@1541013835441/Ghost-pepper-and-its-major-capsaicinoids-A-Commercially-available-dried-ripened-Ghost.png
000153.jpg,https://junglejims.com/wp-content/uploads/Ghost-pepper-966x716.jpg
000154.jpg,https://cdn.shopify.com/s/files/1/0972/6282/products/ghost-pepper-bhut-jolokia-100-120-days-vegetables-pinetree-garden-seeds_681_800x.jpg?v=1542838616
000155.jpg,https://shop.paqui.com/img/carousel/paq-002621-10.png
000156.jpg,http://jhvonline.com/clients/jhvonline/1-10-2019-1-15-41-PM-10807244.jpg
000157.jpg,http://www.cannagardening.com/sites/default/files/images/articles/default/articles-ghost-pepper-growityourself_text_3.jpg
000158.jpg,https://tvnz-news.imgix.net/content/dam/images/news/2019/03/30/chili.jpg.hashed.9b34c29d.desktop.story.share.jpg
000159.jpg,https://img.etimg.com/thumb/msid-60142685,width-640,resizemode-4,imgsize-249156/the-ghost-pepper-challenge.jpg
000160.jpg,https://justenoughheat.com/wp-content/uploads/2016/03/MikeyVSweetGhost-Bright60-MedTall.jpg
000161.jpg,https://chettys.com/wp-content/uploads/2017/12/Ghost-Peppers-1-225x300.jpg
000162.jpg,https://rukminim1.flixcart.com/image/832/832/jn4x47k0/plant-seed/t/m/5/10-jsbj10-justseeds-original-imaf9ryvxvkbf3e5.jpeg?q=70
000163.jpg,https://cdn.shopify.com/s/files/1/1875/8709/products/The-Loco-Life-Green-Ghost-Pepper_2000x.png?v=1490999905
000164.jpg,https://s.yimg.com/aah/blaircandy/gummy-ghost-pepper-hot-25.jpg
000165.jpg,https://www.chilipeppermadness.com/wp-content/uploads/2018/09/Homemade-Ghost-Pepper-Powder-Recipe1-1.jpg
000166.jpg,https://image.businessinsider.com/580677e18d83b460078b5221?width=1100&format=jpeg&auto=webp
000167.jpg,https://timedotcom.files.wordpress.com/2016/10/gettyimages-1674389361.jpg?quality=85&w=1012&h=569&crop=1
000168.jpg,https://pepperhead.com/wp-content/uploads/2013/08/Ghost-Pepper-2-247x300.jpg
000169.jpg,https://chilitermesztes.files.wordpress.com/2017/05/bhut-jolokia-hpp-web.jpg?w=371&h=278
000170.jpg,https://cdn.winsightmedia.com/platform/files/public/cspdn/loves-ghost-pepper.jpg
000171.jpg,https://www.salisburygreenhouse.com/wp-content/uploads/Bhoot_Jolokia__Ghost_Chili_pepper_-825x510.jpg
000172.jpg,https://images.freeart.com/comp/art-print/fa10712124/ghost-peppers.jpg
000173.jpg,https://www.mantality.co.za/images/detailed/297/Capeherb_ghost_chilli2.jpg
000174.jpg,http://fogwoodfood.com/wp-content/uploads/2018/02/ghostpepper-768x1024.jpg
000175.jpg,https://www.mydomaine.com/thmb/unJPOGH-LcccPbGuZ9QgtUQLOCU=/700x684/filters:no_upscale():max_bytes(150000):strip_icc()/cdn.cliqueinc.com__cache__posts__250916__hottest-peppers-in-the-world-250916-1520017613385-main.700x0c-45a8304b93be471b8aef945262cdd222-98642db468ff4fcd89b3860e13c82335.jpg
000176.jpg,https://melindas.com/wp-content/uploads/2019/06/Melindas-Ghost-Pepper-Ketchup-Squeeze.jpg
000177.jpg,https://www.marxfoods.com/images/fresh-ghost-chili-naga-bhut-jolokia_FreshGhostChiles-2.jpg
000178.jpg,https://isteam.wsimg.com/ip/b5a79bfc-a5e5-11e5-a352-842b2bfb08b1/ols/129_original/:/rs=w:600,h:600
000179.jpg,https://upload.wikimedia.org/wikipedia/commons/thumb/0/03/Carolina_Reaper_pepper_pods.jpg/1200px-Carolina_Reaper_pepper_pods.jpg
000180.jpg,https://cdn11.bigcommerce.com/s-9d454/images/stencil/608x608/products/7774/10728/bhut-jolokia-ghost-pepper-chile-flakes__64102.1540755393.jpg?c=2
000181.jpg,https://image.shutterstock.com/image-photo/set-bhut-jolokia-ghost-chili-260nw-616671434.jpg
000182.jpg,https://i.etsystatic.com/18660733/d/il/cdcc01/2004015001/il_340x270.2004015001_tc77.jpg?version=0
000183.jpg,https://thirstyquaker.com/wp-content/uploads/OL-Ghost.jpg
000184.jpg,https://www.jamestownsun.com/incoming/article2614942.ece/alternates/BASE_LANDSCAPE/3967211%2B012718.N.JS_.Gardencolumn.jpg
000185.jpg,https://cdn11.bigcommerce.com/s-cb3kf/images/stencil/1200x1800/products/239/2484/Da_bomb_salsa__72284.1517155372.jpg?c=2
000186.jpg,https://i2.wp.com/ghostpepperglass.com/wp-content/uploads/2018/03/cropped-Ghost-Pepper-Glass-FLAME-2.png?fit=602%2C602&ssl=1
000187.jpg,https://www.specialtyfood.com/media/CACHE/images/multi_image_uploader/source/c0/5b/c05b81b2aac0afdc95ab733004af4be3/ghost_updated.png
000188.jpg,https://s52be1kryk-flywheel.netdna-ssl.com/wp-content/uploads/2018/07/ghost-pepper-facts.png
000189.jpg,https://images.fastcompany.net/image/upload/w_1280,f_auto,q_auto,fl_lossy/fc/3058010-poster-p-1-making-ghost-peppers-safe.jpg
000190.jpg,https://cdn.dribbble.com/users/248849/screenshots/6270485/ghostpepper-01_2x.png
000191.jpg,https://cdn11.bigcommerce.com/s-qqb56hyrha/images/stencil/1280x1280/products/4515/7569/3622__51706.1557004053.jpg?c=2&imbypass=on
000192.jpg,http://k945.ca/wp-content/uploads/sites/7/2019/02/ghostpepper-tile-desktop-v2-850x445.jpg
000193.jpg,https://ghostpepperstore.com/assets/images/smokedghost.jpg
000194.jpg,https://townsquare.media/site/482/files/2017/11/Ghost_Pepper_Challenge.png
000195.jpg,https://suttons.s3.amazonaws.com/p/VECHI34311_3.jpg
000196.jpg,https://www.sciencemag.org/sites/default/files/styles/inline__450w__no_aspect/public/peppers_16x9_0.jpg?itok=ABz0uqbL
000197.jpg,https://cdn.shopify.com/s/files/1/0915/1060/products/customer-Ghost-pepper-Joe-Wosniak-Long-Island-hot-pepper-pepper-joes.jpg?v=1462321115
000198.jpg,http://newscenter.nmsu.edu/Photos/get/5050/full/Trinidad_Moruga.jpg
000199.jpg,https://5.imimg.com/data5/PN/EO/NK/SELLER-31336841/ghost-chili-bhoot-jalokia--500x500.jpg
000200.jpg,https://www.pepperscale.com/wp-content/uploads/2017/07/ghost-pepper-nutrition-768x576.jpeg
000201.jpg,https://cdn.pixabay.com/photo/2018/10/05/16/26/ghost-pepper-3726307_960_720.jpg
000202.jpg,https://justenoughheat.com/wp-content/uploads/2015/04/BlueberryGhost-MedTall.jpg
000203.jpg,https://www.pasolivo.com/media/catalog/product/cache/1/thumbnail/700x700/9df78eab33525d08d6e5fb8d27136e95/_/m/_mg_8891.jpg
000204.jpg,https://shop.paqui.com/img/carousel/paq-002621-30.png
000205.jpg,https://www.justchillies.co.uk/wp-content/uploads/2018/04/Rub_Black_Coffee_Ghost.png
000206.jpg,https://www.picclickimg.com/00/s/NDQ1WDY0MA==/z/U-cAAOSwD0lUbCOU/$/Carolina-Reaper-Moruga-Butch-T-Scorpion-Ghost-Pepper-Habanero-Pepper-_1.jpg
000207.jpg,https://mothership.sg/wp-content/uploads/2019/08/ghost-pepper-featured.jpg
000208.jpg,http://www.greatmidwestcheese.com/-/media/ecosystem/divisions/scusa/scusa-images/products/great-midwest/ghost-pepper-cheddar-cheese-600.ashx?revision=f7974ce3-da03-4df5-8fb0-843f153915c5
000209.jpg,http://www.magicplantshop.com/images/watermarked/1/detailed/1/Ghost-Pepper-Smoked-Flakes.jpg
000210.jpg,http://www.chiliszoszok.hu/img/7378/104496/400x400/104496.jpg
000211.jpg,https://ghostpepperglass.com/wp-content/uploads/2018/02/cropped-Ghost-Pepper-Glass-alternate-logo-2.png
000212.jpg,https://imagesvc.meredithcorp.io/v3/mm/image?url=https%3A%2F%2Fcdn-image.foodandwine.com%2Fsites%2Fdefault%2Ffiles%2Fstyles%2F4_3_horizontal_-_1200x900%2Fpublic%2Fchoir-boys-eat-ghost-peppers-ft-blog1217.jpg%3Fitok%3DRwQjC-fD&w=400&c=sc&poi=face&q=85
000213.jpg,https://www.chili-shop24.com/media/image/92/bf/8c/104202_01_720x600.jpg
000214.jpg,https://envato-shoebox-0.imgix.net/1af2/271b-caf5-4333-b222-2858b5d2a4c9/Ghost+pepper+top-2-Edit+copy.jpg?auto=compress%2Cformat&fit=max&mark=https%3A%2F%2Felements-assets.envato.com%2Fstatic%2Fwatermark2.png&markalign=center%2Cmiddle&markalpha=18&w=700&s=e7dfab4b0d0df8c54bd8cfacb5a5a870
000215.jpg,https://media.istockphoto.com/photos/bunch-of-red-bhoot-jolokia-spicy-ghost-pepper-isolated-in-white-with-picture-id993786232
000216.jpg,https://www.vernscheese.com/wp-content/uploads/2018/11/ghost-pepper-cheese-spread-7oz-pine-river-wisconsin-cscu0777.jpg
000217.jpg,https://i.ytimg.com/vi/g4iSFvcumeY/maxresdefault.jpg
000218.jpg,https://www.meijer.com/content/dam/meijer/product/0002/25/3150/21/0002253150217_0_A1C1_1200.png
000219.jpg,https://www.morgancountyseeds.com/wp-content/uploads/IMG_00951.jpg
000220.jpg,https://img.sndimg.com/food/image/upload/c_thumb,q_80,w_412,h_232/v1/img/recipes/43/83/73/picgOPBfu.jpg
000221.jpg,http://www.presidentschoice.ca/content/dam/lclonline/images/products/summer2017/3643772-new-500x500.jpg.thumb.420.420.margin.png
000222.jpg,https://assets3.thrillist.com/v1/image/1813668/size/tmg-article_default_mobile.jpg
000223.jpg,https://media.karousell.com/media/photos/products/2019/04/24/edible_plants__ghost_chilli_plant__bhut_jolokia__naga_ghost_pepper_1556111267_528f86c9_progressive.jpg
000224.jpg,https://ksr-ugc.imgix.net/assets/015/484/611/f5dfd7f6d9d96b102dd86478a5acd52f_original.jpg?ixlib=rb-2.1.0&crop=faces&w=1552&h=873&fit=crop&v=1500340250&auto=format&frame=1&q=92&s=d98a2757b37e0fac24cde6dd502384d5
000225.jpg,https://images.media-allrecipes.com/userphotos/560x315/4424104.jpg
000226.jpg,https://i.dailymail.co.uk/i/pix/2015/06/03/19/2955349200000578-0-image-a-60_1433357795998.jpg
000227.jpg,https://www.chilipeppermadness.com/wp-content/uploads/2018/10/Roasted-Ghost-Pepper-Sauce-Recipe1.jpg
000228.jpg,https://i.ebayimg.com/images/g/tloAAOSwcBhWZ5mN/s-l300.jpg
000229.jpg,https://2.bp.blogspot.com/-4-x7lhbXjxc/WKSZoiqhUmI/AAAAAAABpCk/v34kC37P780zFDDVSjocwgMJy40iyccmwCLcB/s1600/Ghost%2BChili.jpg
000230.jpg,https://dqzrr9k4bjpzk.cloudfront.net/images/7858010/981780938.jpg
000231.jpg,https://www.kut.org/sites/kut/files/styles/x_large/public/201012/ghost_chili.jpg
000232.jpg,https://www.kellogggarden.com/wp-content/uploads/2018/08/iStock-506576421.jpg
000233.jpg,https://www.empr.com/wp-content/uploads/sites/7/2018/12/peppersts576927550_1067541.png
000234.jpg,https://s3.envato.com/files/109532066/nomnomstock_1264.jpg
000235.jpg,https://i.ndtvimg.com/i/2018-04/carolina-reaper-worlds-hottest-chilli_650x400_51523325045.jpg
000236.jpg,https://cdn11.bigcommerce.com/s-f6cx4kq/images/stencil/500x659/products/147/734/white_ghost_peppers_tyler_farms__31647.1514864776.jpg?c=2
000237.jpg,http://saucesnlove.com/wp-content/uploads/2018/04/Pizza-Sauce-Ghost-Pepper_SC_15.8-Oz_2018-1.jpg
000238.jpg,http://www.ilovegrillingmeat.com/wp-content/uploads/2016/12/Homemade-Ghost-Pepper-Hot-Sauce-Recipe-b_FB-1024x538-1024x538.png
000239.jpg,https://i2.wp.com/growhotpeppers.com/wp-content/uploads/2017/03/bhut_jolokia-1.jpg?fit=667%2C1000&ssl=1
000240.jpg,https://assets.nydailynews.com/polopoly_fs/1.2835284.1476810517!/img/httpImage/image.jpg_gen/derivatives/article_750/food-ghost-chili.jpg
000241.jpg,https://image.shutterstock.com/image-photo/ghost-pepper-on-old-wooden-260nw-1149950924.jpg
000242.jpg,https://i.etsystatic.com/19074122/d/il/3a18b1/1714845180/il_340x270.1714845180_9v6o.jpg?version=0
000243.jpg,https://www.ozcf.co.za/wp-content/uploads/2013/05/Austen-Johnston-Ghost-Pepper.jpg
000244.jpg,https://millerplantfarm.com/media/zoo/images/ghost-pepper-bhut-jolokia-hot-pepper-sized_6d81c740860d5bae7af2dd51e95a82fc.jpg
000245.jpg,https://www.pasumadre.com/wp-content/uploads/2018/05/Ghost-Pepper.png
000246.jpg,https://www.worldofbuzz.com/wp-content/uploads/2019/03/set-your-mouths-on-fire-with-limited-edition-ghost-pepper-cup-noodles-for-rm5-80-at-7-eleven-world-of-buzz-7.jpg
000247.jpg,https://sanfrancisco.cbslocal.com/wp-content/uploads/sites/15116056/2016/10/ghost-peppers-better.jpg?w=1024
000248.jpg,https://www.pepperworldhotshop.com/out/pictures/master/product/1/melindas-ghost-pepper-sauce-lh224-1.jpg
000249.jpg,https://cdnph.upi.com/svc/sv/i/5291476977702/2016/1/14769793097167/Doctors-Ghost-pepper-burger-caused-hole-in-mans-esophagus.jpg
000250.jpg,https://t4.ftcdn.net/jpg/02/49/56/23/500_F_249562392_iRrYwgYhWpJWfAnHv21PYVr6ZwjkTeQ1.jpg
000251.jpg,https://thenypost.files.wordpress.com/2015/05/bhut-jolokia.jpg?quality=90&strip=all
000252.jpg,https://www.katiesbeefjerky.com/wp-content/uploads/ghost-Web-1.jpg
000253.jpg,https://ae01.alicdn.com/kf/HTB1pgjRaE_rK1Rjy0Fcq6zEvVXac/200-Green-Chinese-Pepper-Bonsai-Fresh-Sweet-Edible-Ghost-Chili-Vegetable-Plant.jpg_q50.jpg
000254.jpg,https://images.ctfassets.net/99ef2wobcp71/6ehYyTtZO8lCRaR9miiN3K/07ced12ef34e3541031c09d9696180de/almonds_fruit_ghostpepper_cherry_pkg.png
000255.jpg,https://s3-us-west-1.amazonaws.com/contentlab.studiod/getty/62618be9000745808a488546f5eeaf01.jpg
000256.jpg,https://i5.walmartimages.com/asr/e7c831f1-7e4f-4fc5-b042-7b787685fe51_1.1d75682ca549cc327b430fba03bf28fe.jpeg?odnHeight=450&odnWidth=450&odnBg=FFFFFF
000257.jpg,https://s1.ibtimes.com/sites/www.ibtimes.com/files/styles/lg/public/2016/10/18/ghost-pepper-bhut-jolokia.jpg
000258.jpg,http://www.cannagardening.com/sites/default/files/images/articles/default/articles-ghost-pepper-growityourself_text_5.jpg
000259.jpg,https://onmilwaukee.com/images/articles/re/red-rock-saloon-ghost-pepper-wings/red-rock-saloon-ghost-pepper-wings_fullsize_story1.jpg?20170813142008
000260.jpg,https://rukminim1.flixcart.com/image/704/704/jxgflow0/plant-seed/y/r/h/30-gardens-world-s-hottest-chili-pepper-naga-viper-ghost-chilli-original-imafhwgc9gwzmgmp.jpeg?q=70
000261.jpg,https://st2.depositphotos.com/6342150/9143/i/950/depositphotos_91435610-stock-photo-red-naga-ghost-pepper.jpg
000262.jpg,https://scx1.b-cdn.net/csz/news/800/2016/ghostpepperb.jpg
000263.jpg,https://www.ilasfoods.com/wp-content/uploads/2017/02/ghost-pepper-jelly-back.jpg
000264.jpg,https://www.bravotv.com/sites/bravo/files/styles/blog-post-embedded--mobile/public/the-feast-ghost-pepper-ice-cream.jpg?itok=pZIl93-U
000265.jpg,https://www.specialtyfood.com/media/CACHE/images/multi_image_uploader/source/6a/c7/6ac7ba0f72823dd6d42d1ee57e754d0f/Ghost-Pepper.jpg
000266.jpg,https://img.sndimg.com/food/image/upload/c_thumb,q_80,w_412,h_232/v1/img/recipes/43/88/88/picD9E8Fs.jpg
000267.jpg,https://thumbs.dreamstime.com/z/ghost-chili-peppers-ripe-hanging-two-green-plant-ready-harvesting-white-background-144815102.jpg
000268.jpg,https://mothership.sg/wp-content/uploads/2019/03/amirulxhilmi.jpg
000269.jpg,http://www.benitoshotsauce.com/wp-content/uploads/2018/10/Ghost-Pepper-Maple-Syrup-300x300.jpg
000270.jpg,https://hips.hearstapps.com/del.h-cdn.co/assets/16/42/2048x1365/gallery-1476995640-gettyimages-88623090.jpg?resize=480:*
000271.jpg,http://cdn.shopify.com/s/files/1/0645/7913/products/dried-ghost-pepper-1-oz_600x.jpg?v=1527138225
000272.jpg,https://www.spicejungle.com/media/catalog/product/cache/2/image/9df78eab33525d08d6e5fb8d27136e95/g/h/ghost_chile_pepper.jpg
000273.jpg,http://www.magicplantshop.com/images/watermarked/1/detailed/1/Ghost-Pepper-Flakes.jpg
000274.jpg,https://www.wisconsincheesemart.com/store/uploads/dzpro_shop_items/dzpro_shop_item_image/4514-ghost-pepper-cold-pack-jpg.jpg
000275.jpg,https://www.foxvalleyfoodie.com/wp-content/uploads/2015/10/roasted-ghost-pepper-sauce.jpg
000276.jpg,https://muchoburrito.com/wp-content/uploads/2019/10/ghost-pepper-burrito-h-en.jpg
000277.jpg,https://372buosk462gbq472l3h0wuu-wpengine.netdna-ssl.com/wp-content/uploads/2018/10/ghost-pepper-comic.jpg
000278.jpg,https://www.cayennediane.com/wp-content/uploads/2015/11/Volcano-Dust-Bhut-Jolokia-Pepper-Powder-1024x640.jpg
000279.jpg,https://www.baking-sense.com/wp-content/uploads/2016/09/ghost-pepper-a.jpg
000280.jpg,https://i0.wp.com/media.boingboing.net/wp-content/uploads/2014/06/ec0c_super_hot_candy_balls_new1.jpg?w=970
000281.jpg,https://www.luluhypermarket.com/medias/sys_master/images/images/h5c/h8a/9164247007262/Daves-Gourmet-Ghost-Pepper-Hot-Sauce-142g-1036080-01.jpg
000282.jpg,https://ghostpepperstore.com/assets/images/FreshPeppers/ChocBhut2.jpg
000283.jpg,https://images.vat19.com/ghost-pepper-hard-candies/ghost-pepper-hard-candies-heat-2.jpg
000284.jpg,https://media.gettyimages.com/photos/the-naga-chili-the-worlds-hottest-chili-in-nagaland-india-the-chili-picture-id475137595?s=612x612
000285.jpg,https://nationalpostcom.files.wordpress.com/2017/09/pepperx.jpg?quality=80&strip=all&w=670
000286.jpg,http://www.heliotricity.com/wp-content/uploads/2018/01/Ghost-Pepper-and-Trinidad-Moruga-Scorpion.jpg
000287.jpg,https://www.oceanstatejoblot.com/ccstore/v1/images/?source=/file/v5834797002674300388/products/112779_2019_ghostpeppersalsa_F.jpg&height=475&width=475
000288.jpg,https://sep.yimg.com/ay/yhst-60941604558443/dried-ghost-peppers-bhut-jolokia-chili-1-2-oz-packet-2.png
000289.jpg,https://images.homedepot-static.com/productImages/6b3b48fd-d6e6-4c19-a152-a949f2ffd892/svn/organic-vegetable-plants-p37-64_1000.jpg
000290.jpg,https://d2lnr5mha7bycj.cloudfront.net/product-image/file/large_bb474c6b-2b3e-4177-965c-76970ea98a8e.jpg
000291.jpg,http://media1.s-nbcnews.com/i/msnbc/Components/Art/HEALTH/070731/AP_INDIAS_CHILI.jpg
000292.jpg,https://res.cloudinary.com/yuppiechef/image/upload/c_lpad,f_auto,h_556,q_auto,w_556/v1/contentdocs/35913/picture20171219115638
000293.jpg,https://media.karousell.com/media/photos/products/2019/04/24/edible_plants__ghost_chilli_plant__bhut_jolokia__naga_ghost_pepper_1556111267_594594ba_progressive.jpg
000294.jpg,https://assets.atlasobscura.com/article_images/57978/image.jpg
000295.jpg,http://newscenter.nmsu.edu/Photos/get/3563/full/Renfro_Salsa.jpeg
000296.jpg,https://colonelde.com/wp-content/uploads/2017/07/Bhut-Jolokia-Whole-Ghost-Chili-5624.jpg
000297.jpg,https://www.salttable.com/wp-content/uploads/Ghost-pepper.jpg
000298.jpg,https://i.ytimg.com/vi/wt3h5RuRqBc/maxresdefault.jpg
000299.jpg,https://www.uptoboston.com/content/images/2019/09/ghost-pepper-taco-and-tequila-bar-to-open-in-savin-hill.jpg
000300.jpg,http://www.sasaniancaviar.com/wp-content/uploads/2014/07/ghost-pepper-caviar1.jpg
000301.jpg,https://i.pinimg.com/originals/7c/02/ef/7c02efe278e0c04bbb556239deb57e1e.jpg
000302.jpg,https://dqzrr9k4bjpzk.cloudfront.net/images/13989111/915449974.jpg
000303.jpg,https://www.wikihow.com/images/thumb/8/8d/Grow-Ghost-Peppers-Step-18-Version-2.jpg/aid9511228-v4-728px-Grow-Ghost-Peppers-Step-18-Version-2.jpg
000304.jpg,https://www.hot-headz.com/image/cache/data/OT-06-700x700.jpg
000305.jpg,https://www.pepperscale.com/wp-content/uploads/2014/03/ghost-pepper-vs-habanero-768x512.jpg
000306.jpg,https://www.peppersofkeywest.com/wp-content/uploads/2014/07/1375.jpg
000307.jpg,https://cranberrysweets.com/media/catalog/product/cache/1/image/363x/040ec09b1e35df139433887a97daa66f/g/h/ghostpepper750_1.jpg
000308.jpg,https://readyseteat.com/sites/g/files/qyyrlu501/files/uploadedImages/img_8218_9432.jpg
000309.jpg,https://static.wixstatic.com/media/a4de42_4ecf660018094d3b9d47c6dd698989e0~mv2.png/v1/fill/w_480,h_594,al_c,usm_0.66_1.00_0.01/a4de42_4ecf660018094d3b9d47c6dd698989e0~mv2.png
000310.jpg,https://www.garden.eco/wp-content/uploads/2018/03/how-to-dry-ghost-peppers.jpg
000311.jpg,https://middle.pngfans.com/20190526/gs/ghost-pepper-logo-png-tabasco-pepper-chili-con-car-b6c17a58f9fb1bce.jpg
000312.jpg,https://www.chilipeppermadness.com/wp-content/uploads/2016/09/Ghost-Pepper-Hot-Sauce-Recipe1.jpg
000313.jpg,https://image.shutterstock.com/image-photo/bhut-jolokia-paprika-known-ghost-600w-1144984682.jpg
000314.jpg,https://cdn2.bigcommerce.com/server5400/qhre0hjo/products/1708/images/3490/WV001__04462.1346536522.500.500.jpg?c=2
000315.jpg,https://s.yimg.com/aah/herrsnacksgifts/herr-s-ghost-pepper-potato-chips-12-6-5-oz-bags-per-case-8.png
000316.jpg,https://www.morflora.com/wp-content/uploads/2017/05/how-to-grow-ghost-peppers.jpg
000317.jpg,https://cdn11.bigcommerce.com/s-17yh0d3a3/images/stencil/1280x1280/products/203/592/BC16gp__37462.1504196853.jpg?c=2&imbypass=on
000318.jpg,https://sethlui.com/wp-content/uploads/2019/03/Ghost-Pepper-Spicy-Chicken-Noodles-4-e1553333377320-1280x720.jpg
000319.jpg,https://media.istockphoto.com/photos/close-up-of-chili-peppers-bhut-jolokia-the-hottest-pepper-in-the-picture-id1054673638?k=6&m=1054673638&s=612x612&w=0&h=sxpoL0GO2IQ9ZSfnTgrcvnh3nQlTCJV5YIDkKzIwzpo=
000320.jpg,https://osceolacheese.com/wp-content/uploads/2016/05/Ghost-Pepper-Snack-Sticks-2-830x966.jpg
000321.jpg,https://pinconningcheese.com/wp-content/uploads/Ghost-Pepper-Beef-Jerky.jpg
000322.jpg,https://cdn.shopify.com/s/files/1/3105/8454/products/Bravado-Spice-Ghost-Pepper-Blueberry-Hot-Sauce-myPanier-nutrition.jpg?v=1527632270
000323.jpg,https://n2.sdlcdn.com/imgs/g/t/c/Hot-Chilli-Pepper-Red-Bhut-SDL335433348-1-b725b.jpeg
000324.jpg,https://cdn11.bigcommerce.com/s-7c08qbh/images/stencil/1280x1280/products/1784/5124/cloister-ghost-pepper-honey__89552.1556724782.jpg?c=2&imbypass=on
000325.jpg,https://www.etonline.com/sites/default/files/styles/max_970x546/public/images/2015-06/set_ghost_pepper_challenge_640.jpg?itok=E7bvlNZ3
000326.jpg,https://shop.paqui.com/img/products/paq-002621.png
000327.jpg,https://twohealthykitchens.com/wp-content/uploads/2018/09/Sweet-and-Spicy-Pepper-Relish-Ghost-Pepper-Crop.jpg
000328.jpg,https://www.marchespublics-mtl.com/wp-content/uploads/MPM_FruitsLegumes_Piments.jpg
000329.jpg,http://jkjerky.com/wp-content/uploads/2016/06/small8.0oz_Ghost_Pepper_nobkgrnd-777x777.png
000330.jpg,https://www.rollerbites.com/wp-content/uploads/sites/238/2017/03/rollerbites-ghost-pepper-cheeseburger-300x216.jpg
000331.jpg,https://cdn11.bigcommerce.com/s-9d454/images/stencil/608x608/products/7608/10824/ghost-chile-pepper-while-bhut-jolokia__15519.1540773668.jpg?c=2
000332.jpg,https://www.906flowersandgifts.com/wp-content/uploads/2019/04/Michigan-Ghost-Pepper-Hot-Sauce-499-Made-for-906-Flowers-GIfts-e1556030677461.jpg
000333.jpg,https://photos.prnewswire.com/prnfull/20160511/366572
000334.jpg,https://irp-cdn.multiscreensite.com/6f0babed/dms3rep/multi/mobile/Ghost-Pepper-Honey.jpg
000335.jpg,https://sethlui.com/wp-content/uploads/2019/09/Ghost-Pepper-Ramen-4-e1567335389602-1280x720.jpg
000336.jpg,https://www.bravotv.com/sites/bravo/files/styles/blog-post-embedded--mobile/public/the-feast-ghost-pepper-ice-cream-promote.jpg?itok=9j8rE9Ux
000337.jpg,https://i0.wp.com/asprinkleandasplash.com/wp-content/uploads/2018/03/Pineapple-Ghost-Pepper-Hot-Sauce-2.jpg?fit=800%2C1200&ssl=1
000338.jpg,https://i2.wp.com/williamlbrownfarmmarket.com/wp-content/uploads/2019/06/P-Ghost-Pepper-Fine-Chopped-Salsa.jpg?fit=1400%2C1920&ssl=1
000339.jpg,https://www.noisywaterwinery.com/assets/images/products/pictures/Bhut-Johlokia-peppers-266x290.jpg
000340.jpg,https://1.bp.blogspot.com/-fuvn0akzfBY/XJedYGogUKI/AAAAAAAAd7Q/6huWdQrm2c4Xsrd8s4mn0yg3IQusfquTgCLcBGAs/s1600/Daebak%2BGhost%2BPepper%2BSpicy%2BNoodles%2B5.JPG
000341.jpg,https://wildwestworcester.co.nz/wp-content/uploads/2018/07/GHOST-PEPPER-HOT-SAUCE.png
000342.jpg,https://cdn.theatlantic.com/assets/media/img/mt/2016/03/AP_070704043325/lead_720_405.jpg?mod=1533691809
000343.jpg,https://plumcrazyaboutcoupons.com/wp-content/uploads/2018/09/Mrs.-Renfros-Ghost-Pepper-Salsa-BBQ-Sauce-and-Nacho-Cheese-Dip-2.jpg
000344.jpg,https://cdn.shopify.com/s/files/1/0086/6107/3986/products/Sweet_Heat_Gourmet_Pineapple_Ghost_500x.JPG?v=1558454948
000345.jpg,https://i2.wp.com/johanjohansen.dk/wp-content/uploads/2013/10/ghost-chili.jpg
000346.jpg,https://s3-ap-southeast-1.amazonaws.com/images.marketing-interactive.com/wp-content/uploads/2019/03/15182812/McD-ghost-pepper.png
000347.jpg,https://i2.wp.com/www.rockingwcheese.com/wp-content/uploads/2018/08/DSCN7104-1.png?resize=600%2C600&ssl=1
000348.jpg,https://explorers.zizira.com/wp-content/uploads/2017/07/bhut-jolokia-garlic-chutney-ghost-chilli-pepper.jpg
000349.jpg,https://imgix.bustle.com/rehost/2016/9/13/50ecb6e4-d644-4215-a809-fefc04c0eac7.jpg?w=970&h=546&fit=crop&crop=faces&auto=format&q=70
000350.jpg,https://cdn.shopify.com/s/files/1/1592/5527/articles/ghost-pepper-tamarind-steak-311823_2048x.jpg?v=1563649374
000351.jpg,https://i.etsystatic.com/8789340/d/il/93eb13/2022634981/il_340x270.2022634981_i97o.jpg?version=0
000352.jpg,https://osceolacheese.com/wp-content/uploads/2014/07/Ghost-Pepper-Salsa-830x966.jpg
000353.jpg,https://s.yimg.com/aah/yhst-60941604558443/ghost-pepper-sampler-pack-6-varieties-firehouse-freebie-12.png
000354.jpg,http://www.mantality.co.za/images/detailed/8/A5-Af-Ghost-sauce.jpg
000355.jpg,https://sep.yimg.com/ay/hotsauceworld/dave-s-gourmet-ghost-pepper-hot-sauce-gallon-128oz-1.gif
000356.jpg,https://nomageddon.com/wp-content/uploads/2015/10/Ghost-Peppers.jpg
000357.jpg,https://www.hamptonssalt.com/wp-content/uploads/2014/09/Ghost-Pepper-new-560x467.jpg
000358.jpg,https://i1.wp.com/www.oo-foodielicious.com/wp-content/uploads/2019/04/Daebak-Noodles-Ghost-Pepper-Spicy-Chicken-Cup-Blog-4.jpg?resize=800%2C573
000359.jpg,http://thecookiewriter.com/wp-content/uploads/2014/10/Roasted-Vegetable-Pizza-with-Ghost-Pepper-Sauce-3.jpg
000360.jpg,https://media-cdn.tripadvisor.com/media/photo-s/0c/ae/51/17/pepper-palace.jpg
000361.jpg,https://www.meijer.com/content/dam/meijer/product/0007/10/0705/13/0007100705130_0_A1C1_1200.png
000362.jpg,https://sheffieldspices.com/wp-content/uploads/scorpion-ghost-balsamic-hot-sauce.jpg
000363.jpg,https://ghostpepperstore.com/assets/images/FreshPeppers/RedBhut2.jpg
000364.jpg,https://highgardentea.com/wp-content/uploads/2019/08/IMG_9621-e1565201131937.jpg
000365.jpg,https://www.napoleon.com/sites/default/files/styles/large_banner_image_1200_by_560_/public/images/2019-01/featurerecipeblog-ghostpepperchili-31oct18.png?h=bde28bee&itok=U2tC0NDP
000366.jpg,https://www.wisconsincheesemart.com/uploads/dzpro_shop_items/dzpro_shop_item_thumb_image/1292ghostpepper-jpg.jpg
000367.jpg,https://cdn.shopify.com/s/files/1/0803/5001/products/Ghost-Chilli-powder_spo_2048x.jpg?v=1508613277
000368.jpg,https://www.gourmettradingstore.com/pub/media/catalog/product/cache/c687aa7517cf01e65c009f6943c2b1e9/S/K/SK140.jpg
000369.jpg,https://www.salsaexpress.com/images/Product/medium/3846.jpg
000370.jpg,https://image.shutterstock.com/image-photo/two-ghost-peppers-on-old-260nw-1149950918.jpg
000371.jpg,https://d2lnr5mha7bycj.cloudfront.net/product-image/file/large_8547689d-16ed-4046-b652-999dc4c9ca85.jpg
000372.jpg,https://www.hotsauceemporium.co.uk/uploads/products/large/psycho-pickles-onion.jpg
000373.jpg,https://brewpublic.com/wp-content/uploads/2019/07/image-of-Ghost-Pepper-Saison-courtesy-of-Ghostfish-Brewing.jpg
000374.jpg,https://www.pizzatoday.com/wp-content/uploads/2017/09/ghostpeppers.jpeg
000375.jpg,https://townsquare.media/site/504/files/2016/10/Ghost-Pepper.jpg?w=980&q=75
000376.jpg,https://i.etsystatic.com/6341016/r/il/556ff1/1482306893/il_fullxfull.1482306893_7k3f.jpg
000377.jpg,https://www.southernseason.com/media/catalog/product/cache/c687aa7517cf01e65c009f6943c2b1e9/4/7/471-0127_2.jpg
000378.jpg,http://dredgeanddrizzle.com/wp-content/uploads/2017/04/Ghost-Pepper-BBQ-Wings_FG-1280x640.jpg
000379.jpg,https://www.magicplantshop.com/images/thumbnails/450/450/detailed/1/Ghost-Pepper-Powder.png
000380.jpg,https://pepperhead.com/wp-content/uploads/2013/08/Ghost-Pepper-3-247x300.jpg
000381.jpg,https://en.es-static.us/upl/2011/05/flickr.comphotosvasenka5096408825inphotostream.jpg
000382.jpg,https://images.ezvid.com/image/upload/c_scale,f_auto,h_720,q_auto:eco,w_1280/c_scale,h_720,l_sgnyw6hhawqlyrudoowf,w_1280/white16by9_sqmvhu
000383.jpg,https://beavertonfoods.com/wp-content/uploads/2016/09/ghost-pepper-mustard-progressive-grocer-2016-editors-pick-1080x675.jpg
000384.jpg,https://beersauceshop.com/wp-content/uploads/2019/07/GetBent.jpg
000385.jpg,https://www.pepperscale.com/wp-content/uploads/2014/05/Trinidad-scorpion-vs-ghost-pepper-768x512.jpg
000386.jpg,https://images.vat19.com/covers/medium/ghost-pepper-hard-candies-cherry-2.jpg
000387.jpg,https://www.juliehasson.com/wp-content/uploads/2019/02/Ghost-Pepper-Cheese.jpg
000388.jpg,https://www.pnuts.net/images/large/515P.jpg
000389.jpg,https://bunkerhillcheese.com/images/detailed/3/ghost_pepper_smokies.png
000390.jpg,https://www.mercurynews.com/wp-content/uploads/2018/04/ghostpepper1.jpg?w=521
000391.jpg,https://www.spicejungle.com/wp/wp-content/blogs.dir/2/files/2014/08/Ghost-Chili-Salsa-300x300.jpg
000392.jpg,https://photos.prnewswire.com/prnfull/20160301/339464
000393.jpg,https://www.innit.com/public/products/images/00072736034055-KX6h0yy4ScG8KA-0_s500.jpg
000394.jpg,https://salenas.com/wp-content/uploads/ghost-pepper-sauce-salenas.jpg
000395.jpg,http://www.cannagardening.com/sites/default/files/images/articles/default/articles-ghost-pepper-growityourself_text_4.jpg
000396.jpg,https://cdn.vox-cdn.com/thumbor/YThQcNvmdbOKA5-uPKt_3E9jbiY=/0x0:1080x1080/1200x800/filters:focal(454x454:626x626)/cdn.vox-cdn.com/uploads/chorus_image/image/65362433/69498275_219745812344441_3627442141898025464_n.0.jpg
000397.jpg,https://www.cheesehouse.com/wp-content/uploads/1970/01/GhostPepperCheese2.jpg
000398.jpg,https://cdn.shopify.com/s/files/1/0915/1060/products/Live_Ghost_Pepper_plant.png?v=1549039349
000399.jpg,https://www.chewboom.com/wp-content/uploads/2019/03/TacoTime-Rolls-Up-New-Ghost-Pepper-Coconut-Shrimp-Burrito-678x381.jpg
000400.jpg,https://eatbook.sg/wp-content/uploads/2019/08/Ghost-Pepper-Cover.jpg
000401.jpg,https://img.theepochtimes.com/assets/uploads/2016/02/15/20141020-UnionSquare-SamiraBouaou-6534-700x420.jpg
000402.jpg,https://media-cdn.tripadvisor.com/media/photo-s/10/92/57/08/ghost-pepper-wings.jpg
000403.jpg,https://i2.wp.com/junkbanter.com/wp-content/uploads/2015/10/IMG_5505.jpg?fit=640%2C640
000404.jpg,https://products2.imgix.drizly.com/ci-urban-farm-fermentory-ghost-chili-kombucha-b5311b65b6229ebe.jpeg?auto=format%2Ccompress&fm=jpeg&q=20
000405.jpg,https://miro.medium.com/max/720/1*RSVU-w1QtfPyHqgSPsFCsg.jpeg
000406.jpg,https://media.istockphoto.com/photos/bhut-jolokia-ghost-peppers-paths-top-view-picture-id667760418
000407.jpg,https://www.savoryspiceshop.com/content/mercury_modules/cart/items/2/7/3/2732/chile-bhut-jolokia-ground-1.jpg
000408.jpg,https://sethlui.com/wp-content/uploads/2019/03/Ghost-Pepper-Spicy-Chicken-Noodles-2.jpg
000409.jpg,http://www.chiliszoszok.hu/img/7378/685293_altpic_1/400x400/685293_altpic_1.jpg?time=1410255404
000410.jpg,http://fogwoodfood.com/wp-content/uploads/2018/02/Ghost-pepper-jam.jpg
000411.jpg,https://www.worldofbuzz.com/wp-content/uploads/2019/03/set-your-mouths-on-fire-with-ghost-pepper-cup-noodles-for-only-rm5-80-at-7-eleven-world-of-buzz.png
000412.jpg,https://cdn1.bigcommerce.com/n-yp39j5/46ccnfl/products/117/images/304/20151103_090149__03645.1542413827.1280.1280.jpg?c=2
000413.jpg,https://www.specialtyfood.com/media/CACHE/images/multi_image_uploader/source/3f/96/3f9663f373c0e6230df267e35d0c3ea3/ghost-pepper-salsa.jpg
000414.jpg,https://www.ellsworthcheese.com/wp-content/uploads/2018/02/742863162999.jpg
000415.jpg,https://1.bp.blogspot.com/-WRCygnub_uk/XJedTFU_PwI/AAAAAAAAd7I/wHmnAmfvWjYLhcuojQZcuuavkildAqlLgCLcBGAs/s1600/Daebak%2BGhost%2BPepper%2BSpicy%2BNoodles%2B3.JPG
000416.jpg,https://www.chilipeppermadness.com/wp-content/uploads/2018/03/Bhut-Joloka-Ghost-Pepper2.jpg
000417.jpg,https://thumbs-prod.si-cdn.com/Y-OdHkwBtadIjZdYZYMtGIr52CI=/fit-in/1600x0/https://public-media.si-cdn.com/filer/Burning-Desire-peppers-631.jpg
000418.jpg,https://boomland.com/wp-content/uploads/2019/03/Satans-Ghost-Pepper-Sauce.png
000419.jpg,https://cdn.vox-cdn.com/thumbor/7VEXR6NWspENfwvVcw1yremeyfk=/229x0:5156x3695/1200x800/filters:focal(229x0:5156x3695)/cdn.vox-cdn.com/uploads/chorus_image/image/49960929/shutterstock_189889772.0.0.jpg
000420.jpg,https://cdn10.bigcommerce.com/s-fradc6/products/93/images/289/Ghost_Pepper_8oz__59882.1440914688.1280.1280.JPG?c=2
000421.jpg,https://www.chewboom.com/wp-content/uploads/2017/04/TacoTime-Introduces-New-Ghost-Pepper-Chicken-Burrito-678x381.jpg
000422.jpg,https://delysia.com/wp-content/uploads/2015/10/Delysia-Chocolatier-Ghost-Pepper-drinking-chocolate-hot-cocoa-Austin-Texas-Shop-1p.jpg
000423.jpg,https://images.solecollector.com/complex/images/c_fill,dpr_2.0,f_auto,fl_lossy,q_auto,w_680/james-harden-adidas-boost-ghost-pepper-sneakers-01_yyvvfl/james-harden-adidas-boost-ghost-pepper-sneakers-on-feet
000424.jpg,https://www.pnuts.net/images/large/Weeping_Marys_Ghost_Pepper_Peanuts.jpg
000425.jpg,https://media.karousell.com/media/photos/products/2019/04/24/edible_plants__ghost_chilli_plant__bhut_jolokia__naga_ghost_pepper_1556111267_590d37ae_progressive.jpg
000426.jpg,https://cf.shopee.com.my/file/e6b9d155120eddd606fd32799af27dfa
000427.jpg,https://4.imimg.com/data4/WW/WW/GLADMIN-/img-demopage-bhut-jolokia-thumb2-250x250.jpg
000428.jpg,https://i.pinimg.com/originals/1c/fd/2f/1cfd2f35958744884f8f01c81e56971d.jpg
000429.jpg,https://cdn11.bigcommerce.com/s-cb3kf/images/stencil/1200x1800/products/1635/3138/Dawnsos_Ghost_Pepper_Mash_XXX__82906.1547309963.JPG?c=2
000430.jpg,https://cdn11.bigcommerce.com/s-qqb56hyrha/images/stencil/original/products/2721/8016/1756__57428.1560901147.jpg
000431.jpg,https://ghostpepperstore.com/assets/images/FreshPeppers/redbhut.jpg
000432.jpg,https://d2lnr5mha7bycj.cloudfront.net/product-image/file/large_a8f2af71-e9d5-4fc6-b31c-4ac2cb7fa301.jpg
000433.jpg,https://cdn.kfc.com.my/dinein.kfc.com.my/images/promotion/detail/ghost-pepper/menu-boxmeal-m.png?13f253be59877073c41c6cdea934e128aee46e3de2d3509ad6428f01305c4430
000434.jpg,https://imgix.bustle.com/rehost/2016/9/13/927075c3-8d89-41c7-b0fd-43813bd05489.JPG?w=970&h=546&fit=crop&crop=faces&auto=format&q=70
000435.jpg,https://osceolacheese.com/wp-content/uploads/cm/data/Hickory-Smoked-Ghost-Pepper-Process-830x966.jpg
000436.jpg,https://mothership.sg/wp-content/uploads/2019/03/Untitled-design-2019-03-06T121509.390.png
000437.jpg,https://img2-azrcdn.newser.com/image/1088401-13-20161016163339.jpeg
000438.jpg,https://i5.walmartimages.com/asr/bdb1eb9c-be58-4383-bbda-b5ae07d1370a_1.1a6dd063524dcb97697b844acdd95e4d.png?odnHeight=560&odnWidth=560&odnBg=FFFFFF
000439.jpg,https://image.shutterstock.com/z/stock-photo-the-bhut-jolokia-paprika-also-known-as-ghost-pepper-ghost-chili-u-morok-red-naga-naga-jolokia-1144984676.jpg
000440.jpg,https://i.ytimg.com/vi/YzfWGj-KJ4c/maxresdefault.jpg
000441.jpg,https://cdn.shopify.com/s/files/1/0915/1060/products/Bhut-jolokia-red-yellow-hot-pepper-pepper-joes.jpg?v=1462321115
000442.jpg,https://www.savoryspiceshop.com/content/mercury_modules/recipes/4/7/2/472/ghost-pepper-salted-triple-chocolate-cookies-1379.jpg
000443.jpg,https://shawglobalnews.files.wordpress.com/2015/06/peppertrio1.jpg?quality=70&strip=all
000444.jpg,https://www.trymynuts.com/assets/images/daves-gourmet-whole-ghost-peppers.jpg
000445.jpg,https://d1nw62gticy6e9.cloudfront.net/uploads/Purple-Ghost-Peppers.jpg
000446.jpg,https://s52be1kryk-flywheel.netdna-ssl.com/wp-content/uploads/2018/07/scoville_chill-ratings.png
000447.jpg,http://www.cannagardening.com/sites/default/files/images/pagebanners/default/articles-ghost-pepper-growityourself_banner_1.jpg
000448.jpg,https://s1.dmcdn.net/v/A4QBO1LRqkF-P9-8M/x240
000449.jpg,https://media.istockphoto.com/photos/bunch-of-red-bhoot-jolokia-spicy-ghost-pepper-isolated-in-black-with-picture-id997809574
000450.jpg,https://paqui.com/wp-content/uploads/2019/08/Paqui-Tortilla-Chips_PRODUCT_GHOST-PEPPER-1-1024x597.png
000451.jpg,https://sep.yimg.com/ay/yhst-60941604558443/cooking-with-napalm-jolokia-pepper-cookbook-ghost-pepper-5.png
000452.jpg,https://cdn.shopify.com/s/files/1/0237/0893/products/ghost-pepper-fire-dust-candy-spicy-candy-sonoran-spice-435342.jpg?v=1561681175
000453.jpg,https://cdn11.bigcommerce.com/s-qqb56hyrha/images/stencil/original/products/2349/8222/6510_WM__80691.1561555838.jpg
000454.jpg,https://www.chilipeppermadness.com/wp-content/uploads/2018/10/Ghost-Pepper-Chips-Recipe3.jpg
000455.jpg,https://image.shutterstock.com/z/stock-photo-ghost-pepper-the-hottest-pepper-in-the-world-isolated-on-white-370785686.jpg
000456.jpg,https://pepperhead.com/wp-content/uploads/2013/08/Ghost-Pepper-4-247x300.jpg
000457.jpg,https://cdn.kfc.com.my/dinein.kfc.com.my/images/promotion/detail/ghost-pepper/menu-alacarte-m.png?9ec05b28933e0d2a62d939e13a9ba8e6700a912d3ed0280df05cc6bf883e60e7
000458.jpg,https://i.pinimg.com/236x/88/d4/f9/88d4f94f0f737fb238138cbeee88a93d--ghost-peppers-chilli.jpg
000459.jpg,http://www.magicplantshop.com/images/watermarked/1/detailed/1/1-Gallon-Bucket-Mash_pi77-hy.jpg
000460.jpg,https://cdn.shopify.com/s/files/1/0915/1060/products/carolina-reaper-2-hot-pepper-pepper-joes.jpg?v=1475680256
000461.jpg,https://imgix.bustle.com/uploads/image/2018/9/12/c56f3c32-85c2-4dcf-aec1-90241e8524b4-tjghost.jpg?w=970&h=546&fit=crop&crop=faces&auto=format&q=70
000462.jpg,https://images.vat19.com/covers/large/ghost-pepper-hard-candies-2.jpg
000463.jpg,https://www.savoryspiceshop.com/content/mercury_modules/cart/items/3/3/2/3320/ghost-pepper-salt-1.jpg
000464.jpg,https://5.imimg.com/data5/LG/ID/YO/SELLER-64098181/organic-bhoot-jolokia-ghost-pepper-250x250.png
000465.jpg,https://www.specialtyfood.com/media/CACHE/images/multi_image_uploader/source/8e/df/8edf1e556aca4fd1c75dd966de7a5c59/Ghost-Pepper_PIU_4.jpg
000466.jpg,https://i.ytimg.com/vi/ldrRPpcLvB0/maxresdefault.jpg
000467.jpg,https://d2lnr5mha7bycj.cloudfront.net/product-image/file/large_fa946c5f-b05b-4280-b59a-d48d63aaeea3.jpg
000468.jpg,https://www.chilipeppermadness.com/wp-content/uploads/2018/10/Ghost-Peppers.jpg
000469.jpg,https://i.ebayimg.com/images/g/VbcAAOSwx6pYnS-w/s-l640.jpg
000470.jpg,https://cdn11.bigcommerce.com/s-qqb56hyrha/images/stencil/original/products/2127/8111/7527__01234.1561164933.jpg
000471.jpg,https://ghostpepperstore.com/assets/images/FreshPeppers/PeachGhost.jpg
000472.jpg,https://rawliving.co.za/wp-content/uploads/2017/03/raw-product_Pepper-Chilli-Ghost-Chilli-Bhut-Jolokia-25.jpg
000473.jpg,https://thenypost.files.wordpress.com/2017/05/170511-ghost-pepper-eating-record-index.jpg?quality=90&strip=all
000474.jpg,https://i.ytimg.com/vi/6xY0SaHK8FA/maxresdefault.jpg
000475.jpg,https://images.vat19.com/ghost-pepper-popcorn/ghost-pepper-popcorn-microwaveable.jpg
000476.jpg,https://cdn.shopify.com/s/files/1/0915/1060/products/giant-ghosts-jeremy-bhut-jolokia-hot-pepper-pepper-joes.jpg?v=1462321203
000477.jpg,https://5.imimg.com/data5/WF/EO/MY-47192787/naga-chilli-2f-bhut-jolokia-2f-ghost-pepper-28dried-29-500x500.jpg
000478.jpg,https://www.chilipeppermadness.com/wp-content/uploads/2018/10/Roast-Carrots-Ghost-Peppers-Garlic.jpg
000479.jpg,https://image.businessinsider.com/580677e98d83b41f008b52f6?width=1200&format=jpeg
000480.jpg,https://image.shutterstock.com/image-photo/letter-r-alphabet-made-ghost-600w-1091791463.jpg
000481.jpg,https://cdn.shopify.com/s/files/1/0915/1060/products/bhut-jolokia-hot-pepper-pepper-joes.jpg?v=1462321115
000482.jpg,https://www.chilipeppermadness.com/wp-content/uploads/2018/10/Ghost-Pepper-Jelly-SHARE.jpg
000483.jpg,https://i.ytimg.com/vi/oQZnT0nJ4YY/maxresdefault.jpg
000484.jpg,https://4.imimg.com/data4/JW/NY/ANDROID-52628571/product-250x250.jpeg
000485.jpg,https://image.shutterstock.com/image-vector/bhut-jolokia-ghost-chili-pepper-600w-1150134869.jpg
000486.jpg,https://www.chilipeppermadness.com/wp-content/uploads/2018/10/Ghost-Pepper-Salsa-Recipe1.jpg
000487.jpg,https://i.ytimg.com/vi/NCKHsKACSIg/maxresdefault.jpg
000488.jpg,https://www.chilipeppermadness.com/wp-content/uploads/2015/05/Homemade-Ghost-Pepper-Chili-Hot-Sauce-Recipe2.jpg
000489.jpg,https://i.ytimg.com/vi/yrYmEBP44ng/maxresdefault.jpg
000490.jpg,https://cdn.shopify.com/s/files/1/0915/1060/products/giant-ghost-bhut-jolokia-hot-pepper-pepper-joes.jpg?v=1462321203
000491.jpg,https://cdn.shopify.com/s/files/1/0915/1060/products/customer-pepper-joes-ghost-pepper-from-Pepper-Pikker-hot-pepper.jpg?v=1462321115
000492.jpg,https://www.chilipeppermadness.com/wp-content/uploads/2019/01/Ghost-Pepper-Candied-Bacon-Recipe1.jpg
000493.jpg,https://i.ytimg.com/vi/57P_6_q9xSc/maxresdefault.jpg
000494.jpg,https://i.ytimg.com/vi/c0CVN7dJXcc/maxresdefault.jpg
000495.jpg,https://i.ytimg.com/vi/tzludu3CSaA/hqdefault.jpg
000496.jpg,https://i.ytimg.com/vi/ugGHecwsYH4/maxresdefault.jpg
000497.jpg,https://www.pepperworldhotshop.com/out/pictures/master/product/1/2(1).png
000498.jpg,https://i5.walmartimages.com/asr/71a8a36f-0706-4017-9572-e37a48efb17b_1.120897a2eebb90beb63339d0aa314138.png
000499.jpg,https://www.pepperscale.com/wp-content/uploads/2015/11/Cooking-With-Ghost-Peppers-1.jpg
000500.jpg,https://images-na.ssl-images-amazon.com/images/I/71E0EKEO1IL.jpg
000501.jpg,https://i2.wp.com/pepperhead.com/wp-content/uploads/2013/08/Ghost-Pepper.jpg
000502.jpg,http://www.cayennediane.com/wp-content/uploads/Ghost-Peppers.jpg
000503.jpg,https://1.bp.blogspot.com/-mAWcZUbYq34/VuDq4MMJQ4I/AAAAAAAAIHE/NPm-oiviihM/s1600/A%2BGHOST%2BPEPPERS.jpg
000504.jpg,https://i2.wp.com/pepperhead.com/wp-content/uploads/2016/11/Ghost-Pepper-Purple-2.jpg
000505.jpg,https://i2.wp.com/pepperhead.com/wp-content/uploads/2013/08/Ghost-Pepper-3.jpg
000506.jpg,http://s.hswstatic.com/gif/ghost-pepper-basket-orig.jpg
000507.jpg,http://growhotpeppers.com/wp-content/uploads/2017/03/hottest-pepper-bhut-jolokias-1000x1000.jpg
000508.jpg,http://i.ebayimg.com/images/i/371963486187-0-1/s-l1000.jpg
000509.jpg,https://i.ebayimg.com/images/i/302151786713-0-1/s-l1000.jpg
000510.jpg,http://www.peppersbymail.com/wp-content/uploads/simple_photo_gallery/3/SUNP0013.jpg
000511.jpg,http://i.ebayimg.com/images/i/292009224426-0-1/s-l1000.jpg
000512.jpg,https://www.pepperscale.com/wp-content/uploads/2014/03/ghost-pepper-vs-habanero.jpg
000513.jpg,https://i.ebayimg.com/images/i/292009220568-0-1/s-l1000.jpg
000514.jpg,https://s-media-cache-ak0.pinimg.com/736x/92/69/df/9269df3ebc0e9ddb598cfc5298d5b628.jpg
000515.jpg,http://www.peppersbymail.com/wp-content/uploads/2015/05/red_ghost_pepper_02.jpg
000516.jpg,https://www.chilipeppermadness.com/wp-content/uploads/2018/09/Fresh-Ghost-Pepper-Salsa-Recipe1.jpg
000517.jpg,https://cdn.trueleafmarket.com/products/seeds/pepper-hot-bhut-jolokia-ghost/pepper-hot-bhut-jolokia-ghost-seed-wm.jpg
000518.jpg,https://cdn.shopify.com/s/files/1/0207/8590/products/Ghost_Pepper_D.jpg
000519.jpg,https://cdn.shopify.com/s/files/1/0915/1060/products/Ghost_peppers.jpg
000520.jpg,https://www.chilipeppermadness.com/wp-content/uploads/2016/09/Ghost-Pepper-Hot-Sauce-Recipe1.jpg
000521.jpg,https://www.chilipeppermadness.com/wp-content/uploads/2018/10/Ghost-Pepper-Jelly-Recipe1.jpg
000522.jpg,https://images.homedepot-static.com/productImages/6b3b48fd-d6e6-4c19-a152-a949f2ffd892/svn/vegetable-plants-p37-64_1000.jpg
000523.jpg,https://www.chilipeppermadness.com/wp-content/uploads/2015/07/Pineapple-Mango-Ghost-Pepper-Hot-Sauce-Recipe3.jpg
000524.jpg,https://i1.wp.com/blog.wildpepper.com/wp-content/uploads/2017/04/iStock-502976952.jpg
000525.jpg,http://www.peppersbymail.com/wp-content/uploads/2014/11/yellow_ghost_pepper_02.jpg
000526.jpg,http://static.dudeiwantthat.com/img/food/candy/ghost-pepper-super-hot-candy-balls-2503.jpg
000527.jpg,https://s-media-cache-ak0.pinimg.com/originals/8e/ba/ed/8ebaed37260900d93f9d9de604b69eea.jpg
000528.jpg,https://spiceadvice.files.wordpress.com/2011/07/21700pjolokia2.jpg
000529.jpg,http://runawayrice.com/wp-content/uploads/2018/09/Ghost-Pepper-Bhot-Jolokia-Garden-Fresh.jpg
000530.jpg,http://hsd-wp.s3.amazonaws.com/wp-content/uploads/2015/12/13234621/21-geddes-farms-ghost-pepper-suspended.jpg
000531.jpg,http://rahiseedbank.com/wp-content/uploads/2014/07/u2.jpg
000532.jpg,http://anthropology.ua.edu/blogs/wp-content/uploads/2012/12/ghost-pepper.jpg
000533.jpg,https://chilli-seedz.com/wp-content/uploads/2017/08/Brazilian-Ghost-Pepper-Small-2.jpg
000534.jpg,https://cdn.notonthehighstreet.com/fs/86/7a/02af-d181-41b6-bc9a-0eb9a0a4f18c/original_grow-your-own-ghost-pepper-chilli-plant-kit.jpg
000535.jpg,https://3.bp.blogspot.com/-CprOXD89u9g/UJhytBSjaHI/AAAAAAAAISg/EIsUlGykYDw/s1600/chili1.jpg
000536.jpg,https://fairdinkumseeds.com/wp-content/uploads/2015/08/Bhut-Jolokia-Capsicum-Chinense-Seeds.jpg
000537.jpg,https://s-media-cache-ak0.pinimg.com/736x/52/a4/da/52a4da125d00fd2147c2e5bc1fd66012.jpg
000538.jpg,https://www.chilipeppermadness.com/wp-content/uploads/2018/03/Ghost-Pepper-Hot-Sauce-Recipe3.jpg
000539.jpg,https://chilli-seedz.com/wp-content/uploads/2017/08/Brazilian-Ghost-Pepper-Small-1-900x900.jpg
000540.jpg,https://www.chilipeppermadness.com/wp-content/uploads/2018/10/Ghost-Pepper-Chips-Recipe3.jpg
000541.jpg,https://adoboloco.com/wp-content/uploads/2015/05/IMG_0765.jpg
000542.jpg,https://www.chilipeppermadness.com/wp-content/uploads/2018/03/Ghost-Pepper-Hot-Sauce-Recipe2.jpg
000543.jpg,https://fortressofcrunchitude.files.wordpress.com/2013/08/dscn88641.jpg
000544.jpg,https://uwaffle.files.wordpress.com/2014/11/img_20141117_185927.jpg
000545.jpg,https://smallaxepeppers.com/wp-content/uploads/2018/06/IMG_8902-1.jpg
000546.jpg,https://static.thespicehouse.com/images/file/515/large_square_Ghost_Peppers__Bhut_Jolokia_Hot_Chiles__close.jpg
000547.jpg,https://fortressofcrunchitude.files.wordpress.com/2013/06/dscn7803.jpg
000548.jpg,http://i.ebayimg.com/images/i/140742257654-0-1/s-l1000.jpg
000549.jpg,https://pepperhead.com/wp-content/uploads/2013/08/Ghost-Pepper-4.jpg
000550.jpg,https://alamopeppers.com/media/catalog/product/cache/1/image/1300x1300/9df78eab33525d08d6e5fb8d27136e95/g/h/ghostpepperovendriedcombo_halfozeach_1.jpg
000551.jpg,https://pepperhead.com/wp-content/uploads/2016/11/Ghost-Pepper-Purple-4.jpg
000552.jpg,https://www.chilipeppermadness.com/wp-content/uploads/2018/03/c3562f2e9521020de502f370ac3fbe48.jpg
000553.jpg,http://4.bp.blogspot.com/-rYn9R1w1UCs/UjhDsdz2V2I/AAAAAAAAFHE/WS-mHifaXCg/s1600/ghost+pepper+macaroni+&+cheese.jpg
000554.jpg,https://52things52weeks.files.wordpress.com/2015/10/ghost-pepper-copped-ingredients.jpg
000555.jpg,http://cdn-image.foodandwine.com/sites/default/files/what-is-ghost-pepper-fwx.jpg
000556.jpg,http://buyghostpepperplants.com/wp-content/uploads/2017/03/ghost-pepper-plants.jpg
000557.jpg,http://hsd-wp.s3.amazonaws.com/wp-content/uploads/2015/12/13234624/23-geddes-farms-ghost-pepper-honey-pepper.jpg
000558.jpg,https://pepperhead.com/wp-content/uploads/2014/09/Ghost-Pepper-Peach.jpg
000559.jpg,https://alamopeppers.com/media/wysiwyg/trio-hot-chile-peppers.jpg
000560.jpg,https://s-media-cache-ak0.pinimg.com/originals/8c/f1/83/8cf183090ccad1728a5efe2db57c1e22.jpg
000561.jpg,https://i.pinimg.com/736x/aa/68/19/aa68197b512286e77a11ce7534a6405c--hot-sauce-recipes-hot-sauce-recipe-homemade.jpg
000562.jpg,https://www.pepperscale.com/wp-content/uploads/2014/11/ghost-pepper-vs-jalapeno.jpg
000563.jpg,https://cdn.shopify.com/s/files/1/0237/0893/products/ghost-pepper-hot-sauce-hot-sauce-sting-n-linger-438433_2048x.jpg
000564.jpg,https://fordtufff.files.wordpress.com/2015/02/0011.jpg
000565.jpg,https://cdn.shopify.com/s/files/1/1681/7153/products/da-bomb-ghost-pepper3.jpg
000566.jpg,https://ashevillebeecharmer.com/wp-content/uploads/2017/10/ABC_HONEY_ghostpepper_16oz.jpg
000567.jpg,https://s-media-cache-ak0.pinimg.com/736x/b1/d5/eb/b1d5ebe7d13807511dd97e07915d37f7--dried-peppers-recipes-preserving-chili-peppers.jpg
000568.jpg,https://www.thegreenhead.com/imgs/bhut-jolokia-ghost-pepper-chili-flakes-2.jpg
000569.jpg,https://i.pinimg.com/736x/6f/b2/0c/6fb20cc75cae7465e4f7a6b97086e6a3--turkey-wings-blue-cheese-sauce.jpg
000570.jpg,https://s-media-cache-ak0.pinimg.com/736x/c7/87/1a/c7871aea04d7e4d977e1df86dcefa50d.jpg
000571.jpg,https://pepperhead.com/wp-content/uploads/2016/11/Ghost-Pepper-Purple.jpg
000572.jpg,http://hsd-wp.s3.amazonaws.com/wp-content/uploads/2015/12/13234612/01-geddes-farms-ghost-pepper-honey-bottle.jpg
000573.jpg,http://4.bp.blogspot.com/-sYTy6BfuJYE/VB7x8Tng4LI/AAAAAAAADuE/2QpZt27uw18/s1600/P9210518_White%2BGhost%2Bwhite%2Bcalyx.jpg
000574.jpg,https://alamopeppers.com/media/catalog/product/cache/1/image/1300x1300/9df78eab33525d08d6e5fb8d27136e95/g/h/ghostpepperovenroastedflakes1lb_1.jpg
000575.jpg,https://ashevillebeecharmer.com/wp-content/uploads/2015/09/Asheville-Bee-Charmer-Ghost-Pepper-Honey-III.jpg
000576.jpg,https://cdn.shopify.com/s/files/1/1435/2784/products/CSB_Ghost_1200X_Group1_2048x2048.jpg
000577.jpg,https://52things52weeks.files.wordpress.com/2015/10/ghost-pepper-salsa-ingredients.jpg
000578.jpg,https://cdn.shopify.com/s/files/1/1717/1391/products/Yellowbird_Sauce_Blue_Agave_Sriracha.jpg
000579.jpg,https://pepperhead.com/wp-content/uploads/2015/04/wendys-ghost-fries.jpg
000580.jpg,https://cdn.shopify.com/s/files/1/1681/7153/products/da-bomb-ghost-pepper2.jpg
000581.jpg,https://images-na.ssl-images-amazon.com/images/I/71FotPtlscL.jpg
000582.jpg,https://i.ytimg.com/vi/Qbp_s2AG5ZU/maxresdefault.jpg
000583.jpg,http://www.peppersbymail.com/wp-content/uploads/2015/08/20160912_122617.jpg
000584.jpg,https://melindas.com/wp-content/uploads/2019/10/Melindas-Ghost-Pepper-Steak-Sauce-Case.jpg
000585.jpg,https://s-media-cache-ak0.pinimg.com/originals/c5/5e/70/c55e7056563848fd7b0ead47d8cf9187.jpg
000586.jpg,https://www.thegreenhead.com/imgs/sinister-ghost-pepper-gummy-bears-2.jpg
000587.jpg,http://hsd-wp.s3.amazonaws.com/wp-content/uploads/2015/12/13234637/36-geddes-farms-ghost-pepper-honey-wings.jpg
000588.jpg,https://i0.wp.com/yellowbirdsauce.com/wp-content/uploads/2017/08/Yellowbird-Ghost-Pepper-Condiment-9-oz-Story.jpg
000589.jpg,https://52things52weeks.files.wordpress.com/2015/10/ghost-pepper-salsa.jpg
000590.jpg,http://4.bp.blogspot.com/-lCgdal7fVD8/U9n9wxgIEFI/AAAAAAAADO0/vRoPaP-QuiQ/s1600/orange+blob_tn.jpg
000591.jpg,http://www.scottrobertsweb.com/images/daves-gourmet-ghost-pepper-sauce.jpg
000592.jpg,http://2.bp.blogspot.com/-7G-XYC6M0JA/VdgZZDuNvMI/AAAAAAAAFoY/uUVWEpuWfrE/s1600/P8190151%2BPeach%2BGhost%2BJami.jpg
000593.jpg,http://www.peppersbymail.com/wp-content/uploads/2015/09/chocolate_ghost_04.jpg
000594.jpg,https://blog.lib.uiowa.edu/eng/files/2017/10/Paranormal_PeppersGhost_square.jpg
000595.jpg,https://cdn.shopify.com/s/files/1/0796/7129/products/GHOSTPEPPER.jpg
000596.jpg,https://www.chilipeppermadness.com/wp-content/uploads/2018/07/Crispy-Grilled-Ghost-Pepper-Wings-Recipe1.jpg
000597.jpg,http://www.peppersbymail.com/wp-content/uploads/2015/09/jays-peach-ghost-scorpion.jpg
000598.jpg,http://4.bp.blogspot.com/-v12piYxupTI/VdgarutQsgI/AAAAAAAAFp4/vEJrNfSVUmc/s1600/P7140019%2BPeach%2BGhost.jpg
000599.jpg,https://travelswithmaitaitom.com/wp-content/uploads/2017/08/FullSizeRender-e1503418761570.jpg
000600.jpg,https://i2.wp.com/lolarugula.com/wp-content/uploads/2012/11/ghost_chili_salsa.jpg
000601.jpg,http://www.thegreenhead.com/imgs/sinister-ghost-pepper-gummy-bears-3.jpg
000602.jpg,https://sep.yimg.com/ay/yhst-95178242420387/ghost-pepper-t-shirt-hot-sauce-tee-taint-tingling-hot-funny-vintage-shirts-3.jpg
000603.jpg,https://i.redd.it/sruzqrk13lu31.jpg
000604.jpg,http://4.bp.blogspot.com/-Fw1QZLYA3Tk/VdgZVRbwv5I/AAAAAAAAFn8/tmUHWKLLbR0/s1600/P8190149%2BPeach%2BGhost%2BJami.jpg
000605.jpg,http://2.bp.blogspot.com/-RHovIQZf4mE/VdgZXvfKciI/AAAAAAAAFoM/T6gfs0HFLs0/s1600/P8190150%2BPeach%2BGhost%2BJami.jpg
000606.jpg,https://s-media-cache-ak0.pinimg.com/originals/c1/a4/8a/c1a48abc7a8c789998c595b0d73eea2f.jpg
000607.jpg,https://images.foxtv.com/static.fox10phoenix.com/www.fox10phoenix.com/content/uploads/2019/10/932/524/dominos-hr.jpg
000608.jpg,https://s-media-cache-ak0.pinimg.com/736x/96/d8/60/96d86019de829431cb62f089293955fe.jpg
000609.jpg,https://images-na.ssl-images-amazon.com/images/I/7126kYfkZlL._SL1385_.jpg
000610.jpg,https://52things52weeks.files.wordpress.com/2015/10/ghost-pepper-recipe-ingredients.jpg
000611.jpg,https://pepperhead.com/wp-content/uploads/2013/08/Ghost-Pepper-2.jpg
000612.jpg,http://www.thegreenhead.com/imgs/sinister-ghost-pepper-gummy-bears-1.jpg
000613.jpg,https://s-media-cache-ak0.pinimg.com/736x/b8/d2/7f/b8d27f9890f4afbbfc8ab1c738a29a8d--exotic-plants-booth-ideas.jpg
000614.jpg,https://cdn.shopify.com/s/files/1/1681/7153/products/angry-goat-pink-elephant-hotsauce1000_1024x1024.jpg
000615.jpg,https://buckethydroponics.files.wordpress.com/2016/02/kratky-ghost-pepper-roots.jpg
000616.jpg,https://i2-prod.bristolpost.co.uk/incoming/article3453179.ece/ALTERNATES/s615/1_Morrisons-Trick-or-Treat-Roulette-Pizza-2.jpg
000617.jpg,http://c7.alamy.com/comp/KH95M7/peppers-ghost-an-illusion-technique-used-in-the-theatre-to-make-a-KH95M7.jpg
000618.jpg,https://cdn5.gomag.ro/domains/mindblower/files/product/original/Sos-picant-Psycho-Juice-Ghost-Pepper-2-586-407754.jpg
000619.jpg,http://3.bp.blogspot.com/-7peOCtroGqY/VdgZY7zzLgI/AAAAAAAAFoU/7NQ9Fa-fi5U/s1600/P8190153%2BPeach%2BGhost%2BJami.jpg
000620.jpg,https://cdn.shopify.com/s/files/1/1717/1391/products/Irazu_Unholy_Trinity_Hot_Sauce.jpg
000621.jpg,https://1.bp.blogspot.com/-RftjUYH0LkM/UF38ikFX2mI/AAAAAAAAGQw/r4UM_BVHhLw/s1600/Pepper'sGhost_1-01.jpg
000622.jpg,http://images.solecollector.com/complex/image/upload/james-harden-adidas-boost-ghost-pepper-sneakers-03_otcv8y.jpg
000623.jpg,http://4.bp.blogspot.com/-TQvf_H1s0eY/UF37mgBn4XI/AAAAAAAAGP4/VjnOprBxjb0/s1600/Pepper%2527sGhost_10-01.jpg
000624.jpg,https://images.solecollector.com/complex/image/upload/james-harden-adidas-boost-ghost-pepper-sneakers-05_tpjsqj.jpg
000625.jpg,https://farm5.static.flickr.com/4551/37728606064_849d4a05b5_b.jpg
000626.jpg,http://1.bp.blogspot.com/-RftjUYH0LkM/UF38ikFX2mI/AAAAAAAAGQw/r4UM_BVHhLw/s1600/Pepper'sGhost_1-01.jpg
000627.jpg,http://www.slamdunkcentral.com/wp-content/uploads/2016/09/adidas_Crazylight_2016_Ghost_Pepper_1.jpg
000628.jpg,https://images.solecollector.com/complex/image/upload/james-harden-adidas-boost-ghost-pepper-sneakers-02_e1xbsh.jpg
000629.jpg,https://cdn.r-corona.jp/prd.rb.r-corona.jp/assets/site_files/k7oitofy/6005969/vg4f.jpg
000630.jpg,https://cdn.shopify.com/s/files/1/1717/1391/products/Irazu_Unholy_Trinity_Hot_Sauce_Wood_Box.jpg
000631.jpg,http://images.solecollector.com/complex/image/upload/james-harden-adidas-boost-ghost-pepper-sneakers-04_oczm9c.jpg
000632.jpg,http://img3.wikia.nocookie.net/__cb20120609215059/ghostrecon/images/f/f1/GRFS_Image_Render_Pepper.jpg
000633.jpg,http://hologram.se/wp-content/uploads/2016/02/ABBA-projicering.jpg
000634.jpg,https://www.superfanas.lt/application/images/Image/5_KREPSINIO_BAT/ADIDAS/20161006/adidas-Crazylight-Boost-Low-2016-Red-Ghost-Pepper-AQ7761-James-Harden-Mens-basketball-kicks-2.jpg
000635.jpg,https://d3rp5jatom3eyn.cloudfront.net/assets/images/3454/ghost-villages-pepper-kunene2016-11-170.jpg
