image,source
000001.jpg,https://www.pepperscale.com/wp-content/uploads/2018/10/hot-paper-lantern-768x670.jpg
000002.jpg,https://www.johnnyseeds.com/dw/image/v2/BBBW_PRD/on/demandware.static/-/Sites-jss-master/default/dweb49afb7/images/products/vegetables/02343g_01_hotpaperlant.jpg?sw=387&cx=302&cy=0&cw=1196&ch=1196
000003.jpg,https://www.pepperseeds.eu/pub/media/catalog/product/cache/51e4881dc4e265ed9adcb710d483ab73/h/o/hot_paper_lantern.jpg
000004.jpg,https://www.cayennediane.com/wp-content/uploads/Hot-Paper-Lantern.jpg
000005.jpg,https://www.chili-shop24.com/media/image/70/5d/6d/9198_Hot-Paper-Lantern_600x600.jpg
000006.jpg,https://images-na.ssl-images-amazon.com/images/I/51p7Ogmin9L.jpg
000007.jpg,https://www.victoriananursery.co.uk/images/800/chilli_pepper_hot_paper_lantern_001.jpg
000008.jpg,https://images-na.ssl-images-amazon.com/images/I/41C07gL9jmL.jpg
000009.jpg,https://turtletreeseed.org/wp-content/uploads/2015/10/hot-paper-latern-360x360.jpg
000010.jpg,https://gardeners.s3.amazonaws.com/p/VECAP16643_3.jpg
000011.jpg,https://www.seedparade.co.uk/172-large_default/hot-pepper-paper-lantern-10-seeds.jpg
000012.jpg,https://cdn.shopify.com/s/files/1/1696/2611/products/Hot-Paper-Lantern-Habanero-Peppes-Seeds-Capsicum-chinense_2_1024x1024_919ef28b-7b80-4c26-ae5e-76e21a5ac554_1024x1024.jpg?v=1487216753
000013.jpg,https://strictlymedicinalseeds.com/wp-content/uploads/2018/03/Hot_paper_lantern_pepper_habanero_cluster_300-300x302.jpg
000014.jpg,https://cdn.shopify.com/s/files/1/1904/8475/products/Hot_Paper_Lantern_Pepper_large_ORIGINAL.jpg?v=1526303281
000015.jpg,https://www.naturalgardening.com/images/Pepper_Paper%20Lantern_siteL.jpg
000016.jpg,http://i29.tinypic.com/wjdvft.jpg
000017.jpg,https://www.seaspringseeds.co.uk/images/stories/virtuemart/product/paper-lantern-web20.jpg
000018.jpg,http://dailyimprovisations.com/wp-content/uploads/2013/10/save-HPL-seed-hanging-ripe.jpg
000019.jpg,http://scharfundlecker.de/WebRoot/Store16/Shops/72ecc385-2423-4740-a34d-191be29dfbd6/542B/B665/57FC/DFC4/51AC/0A48/354C/6400/Hot_Paper_Lantern_Chili_Samen_peperoni_samen.png
000020.jpg,https://hotpaperlantern.com/wp-content/uploads/2018/04/hpl-logo-e1533181062298.png
000021.jpg,https://hotpaperlantern.com/wp-content/uploads/2018/04/hpl-logo-stacked.png
000022.jpg,http://dailyimprovisations.com/wp-content/uploads/2013/10/pickled-peppers-piles.jpg
000023.jpg,https://www.cherrygal.com/images/thumbs/HotPaperLanternPepper_1.jpg
000024.jpg,https://pics.davesgarden.com/pics/2010/08/20/WonderWeasel/88a636.jpg
000025.jpg,http://www.specialtyproduce.com/sppics/11095.png
000026.jpg,http://www.pflanzen-traum.de/images/paper-lantern_5.jpg
000027.jpg,https://planetasemilla.es/3125-large_default/pimiento-hot-paper-lantern.jpg
000028.jpg,https://cached.imagescaler.hbpl.co.uk/resize/scaleWidth/815/cached.offlinehbpl.hbpl.co.uk/news/ORP/Birkhahn-Moed-20180612093627750.jpg
000029.jpg,https://ae01.alicdn.com/kf/HTB1TDu2t_dYBeNkSmLyq6xfnVXai/10-12-14-16-White-Rainbow-Hot-Air-Balloon-Paper-Lantern-Lampion-Babyshower-Birthday-Party-Wedding.jpg_640x640.jpg
000030.jpg,https://www.dreschflegel-shop.de/media/image/f5/1a/86/Zy2nBun1jdjm4M_260x260.jpg
000031.jpg,https://media.licdn.com/dms/image/C4D0BAQERtCCFyypOjA/company-logo_200_200/0?e=2159024400&v=beta&t=uRxkiGLhVvst6uBHrdPNZwIUlhej-R31pi969ENaq2E
000032.jpg,https://www.dhresource.com/600x600/f2/albu/g6/M01/5B/69/rBVaR1rWGlSAa4SxAAKumYcytYA714.jpg
000033.jpg,https://strictlymedicinalseeds.com/wp-content/uploads/2018/03/Paper_lantern_pepper_1_300.jpg
000034.jpg,https://cached.imagescaler.hbpl.co.uk/resize/scaleWidth/815/cached.offlinehbpl.hbpl.co.uk/news/ORP/windsor8-29-2019-20190829081351788.jpg
000035.jpg,https://pics.davesgarden.com/pics/2010/08/21/WonderWeasel/f22cee.jpg
000036.jpg,https://media.licdn.com/dms/image/C4D1BAQHHy_vDLF7H2w/company-background_10000/0?e=2159024400&v=beta&t=jaE9ppHKJa5J32rDP4k6x38ATLviYoTYr3xYGfwczE8
000037.jpg,https://images-na.ssl-images-amazon.com/images/I/51NJm1KxROL._SY450_.jpg
000038.jpg,https://sep.yimg.com/ay/yhst-56772705332393/red-and-white-hot-air-balloon-paper-lantern-12in-12.jpg
000039.jpg,https://image.dhgate.com/0x0s/f2-albu-g5-M00-9D-EB-rBVaI1jADJGAYQuHAALn4xXmgpQ699.jpg/30cm-12inch-hanging-wedding-rainbow-lanterns.jpg
000040.jpg,https://i.servimg.com/u/f21/15/30/26/62/tm/lanter10.jpg
000041.jpg,https://d1wwyfhxuarwk4.cloudfront.net/images/products/common/inspiration/xl/9703-45-i_hot-air-balloon-paper-lantern-set-in-gold-and-white3a1013458992af9c7a975e2d661efead.jpg
000042.jpg,https://images.yswcdn.com/69997646-ql-85/800/800/aah/paperlanternstore/4-fuchsia-even-ribbing-round-paper-lantern-10-pack-77.jpg
000043.jpg,http://www.chili-samen-pflanzen.de/images/chili-paper-lantern-frucht.jpg
000044.jpg,http://i1122.photobucket.com/albums/l532/synclinorium/IMGP1314.jpg
000045.jpg,http://goodpurpose.live/wp-content/uploads/2019/07/multi-color-air-balloon-hot-paper-lantern-cheapest.jpg
000046.jpg,https://hotpaperlantern.com/wp-content/uploads/2018/09/HPL_type_black_screen.png
000047.jpg,http://dailyimprovisations.com/wp-content/uploads/2013/10/pickled-peppers-canned.jpg
000048.jpg,https://www.ohcrafts.net/images/decoration-paper-lantern-hot-air-balloons-1.jpg
000049.jpg,https://s7.orientaltrading.com/is/image/OrientalTrading/13758291?$PDP_VIEWER_IMAGE$
000050.jpg,https://cdn.shopify.com/s/files/1/2729/2104/products/Hot_Paper_Lantern_plante_1_7029fa18-68d3-46a3-9fa0-72b51fc68825_300x300.JPG?v=1536925800
000051.jpg,https://www.thedigitalenterprise.com/wp-content/uploads/2018/08/Michael-Friedin-1.jpg
000052.jpg,https://ae01.alicdn.com/kf/HTB1gWJ2QyrpK1RjSZFhq6xSdXXa7/Cylindrical-Melon-shaped-Hollow-Paper-Lanterns-Hot-Air-Balloon-for-Home-Decoration-Accessories-Hand-held-Light.jpg
000053.jpg,https://i5.walmartimages.com/asr/b3e72369-a2b3-4869-914c-b12cab376cbd_1.7d0a549a5a73d5315464f9041df177ab.jpeg?odnHeight=450&odnWidth=450&odnBg=FFFFFF
000054.jpg,https://d1alt1wkdk73qo.cloudfront.net/images/guide/4780038a40c04ea8bc8c8a460fec3cca/640x960.jpg
000055.jpg,https://www.partyswizzle.com/assets/images/06Paper/LanternNSFuchsia.jpg
000056.jpg,https://theflorist.co.uk/images/04%20DL%20Inspiration/Chillis%20-%20Some%20like%20it%20hot/Habanero-type-Hot-Paper-Lantern-chilli-design-flowers-florist.jpg
000057.jpg,https://c.shld.net/rpx/i/s/pi/mp/10181/prod_17178434219?src=http%3A%2F%2Finfo.georgejimmy.com%2Famazon%2Ftoy%2Fgj-toy274321011-little00087_sample.jpg&d=7c5b7b4a89660ef489d406ad63cf7e7cb7ccb070&?hei=64&wid=64&qlt=50
000058.jpg,https://www.cherrygal.com/images/thumbs/HotPaperLanternPepper_2.jpg
000059.jpg,http://www.ma-ya-silk.com/images/1/en32917261571_4.jpg
000060.jpg,https://www.pepperworldhotshop.com/out/pictures/master/product/1/sj130_det.jpg
000061.jpg,https://i.pinimg.com/originals/97/fc/ab/97fcab64fb4677d05f8484b722aeb97a.jpg
000062.jpg,https://i.ebayimg.com/images/g/8oQAAOSw3ihXS~aZ/s-l300.jpg
000063.jpg,https://sc02.alicdn.com/kf/HTB1yrJ5OVXXXXbVXFXXq6xXFXXXi/Hot-sale-Folding-Tissue-paper-Honeycomb-balls.jpg_350x350.jpg
000064.jpg,https://images-na.ssl-images-amazon.com/images/I/51xA18qh-KL._US500_.jpg
000065.jpg,https://cached.imagescaler.hbpl.co.uk/resize/scaleWidth/815/cached.offlinehbpl.hbpl.co.uk/news/ORP/GettyImages-157187303-20190715072606604.jpg
000066.jpg,https://www.myweddingfavors.com/images/Product/9703-45_goldlatern_scene_mwf_l.jpg
000067.jpg,https://arovane.co/wp-content/uploads/2019/05/diy-paper-lantern-floor-lamp-hot-air-balloon-centerpiece-lanterns-chinese-new-year-amazing-and-lamps-home-improvement-excellent-agreeable.jpg
000068.jpg,http://www.sailinglakecounty.com/images/57/en32986632114_2.jpg
000069.jpg,https://www.makelifelovely.com/wp-content/uploads/2014/05/Hot-Air-Balloons-from-Paper-Lanterns.jpg
000070.jpg,http://www.lacosechadelvalle.co/wp-content/uploads/2017/10/DSC_1133-10-tama%C3%B1o.jpg
000071.jpg,https://cdn.shopify.com/s/files/1/2729/2104/products/Hot_Paper_Lantern_plante_3_edb2d7c1-a3a9-4eaf-a25c-8999f3afdfe9_1024x1024@2x.JPG?v=1536925800
000072.jpg,https://cf.shopee.ph/file/50010f645c295e23b87a69439b71c5e5
000073.jpg,https://image.shutterstock.com/image-photo/beautiful-decoration-lanterns-light-night-260nw-1111137416.jpg
000074.jpg,https://www.barefootkitchenwitch.com/.a/6a00d8341ce0e353ef01348770c009970c-pi
000075.jpg,https://partytimebr.com/pub/media/catalog/product/cache/image/800x800/e9c3970ab036de70892d86c6d221abfe/2/4/242680.jpg
000076.jpg,https://drinkpaperlantern.com/wp-content/uploads/sb-instagram-feed-images/2131231231103108894_2233618767low.jpg
000077.jpg,http://pnrproperties.co/wp-content/uploads/2019/02/inch-hanging-paper-lanterns-hot-air-balloon-lantern-pure-hand-craft-birthday-party-decorations-in-from-home-garden-on-online-india.jpg
000078.jpg,https://s7.orientaltrading.com/is/image/OrientalTrading/3_6187?$PDP_VIEWER_IMAGE$
000079.jpg,https://www.balloons4you.co.nz/wp-content/uploads/2018/12/4.jpg
000080.jpg,http://dailyimprovisations.com/wp-content/uploads/2013/10/pickled-peppers-HPL-peppers-in-jar.jpg
000081.jpg,http://blog.consumercrafts.com/wp-content/uploads/2012/08/hotairballoonlantern8.jpg
000082.jpg,https://www.homeheartcraft.com/resources/Hot%20Air%20Balloon%20Paper%20Lantern%206.jpg?timestamp=1332459790754
000083.jpg,https://everything-pr.com/wp-content/uploads/2018/07/Hot-Paper-Lantern-Walker-Sands-More.jpg
000084.jpg,https://middle.pngfans.com/20190523/uu/hot-air-balloon-png-paper-lantern-clipart-943c751811e66b49.jpg
000085.jpg,https://www.linkedin.com/media-proxy/ext?w=1125&h=822&hash=dHb7nnFSgkNmnsjgY0hTosAY4zM%3D&ora=1%2CaFBCTXdkRmpGL2lvQUFBPQ%2CxAVta5g-0R6inA8Kwwwk8qKAo1u19kkJRo3RTXfhRnb1pJHVPjP2PIeDJuP150IUeC0IjwQ6YJfIPF-AV8rvcPi2OYky5Oq6dsm4YydVcVFny3lB6w
000086.jpg,https://i.etsystatic.com/17685523/d/il/384a7c/1930707194/il_340x270.1930707194_dhk9.jpg?version=0
000087.jpg,https://sep.yimg.com/ay/yhst-56772705332393/royal-blue-and-white-hot-air-balloon-paper-lantern-12in-12.jpg
000088.jpg,https://images.yswcdn.com/69997646-ql-85/800/535/aah/paperlanternstore/4-fuchsia-even-ribbing-round-paper-lantern-10-pack-98.jpg
000089.jpg,https://www.makelifelovely.com/wp-content/uploads/2014/05/Hot-Air-Balloon-Paper-Lantern-DIY.jpg
000090.jpg,https://i5.walmartimages.com/asr/ebeb4d99-6e8a-4e69-850a-3b72265d6cb0_1.919e4e4d82e2fc7c651f68fc36f01300.jpeg?odnHeight=450&odnWidth=450&odnBg=FFFFFF
000091.jpg,https://cdn.imgbin.com/15/18/14/imgbin-sky-lantern-paper-lantern-hot-air-balloon-chinese-wedding-cR72BFR2iZW92xMprsgjsmm4n.jpg
000092.jpg,https://cdn.shopify.com/s/files/1/0266/5791/products/9703-45c_hot-air-balloon-paper-lantern-set-in-gold-and-white_1024x.jpg?v=1527068655
000093.jpg,https://thispartystarted.com.au/wp-content/uploads/2017/04/Hot-Pink-paper-lantern.jpg
000094.jpg,http://triciacopenhaver.info/wp-content/uploads/2018/12/wedding-decorations-hanging-paper-lanterns-inch-hot-air-balloon.jpg
000095.jpg,http://twopurplecouches.com/wp-content/uploads/2019/06/paper-lantern-ice-cream-cones-9.jpg
000096.jpg,http://adelasa.co/wp-content/uploads/2019/05/hot-air-balloon-paper-lanterns-rainbow-printing-lantern-wedding-decoration-bedroom-hanging-birthday-party-decorations-ornament-kid-favors-diy-with.jpg
000097.jpg,https://modpodgerocksblog.com/wp-content/uploads/2014/09/hot-air-balloons9.jpg
000098.jpg,https://images.weddingfavorsunlimited.com/wedding/Extras/WS/WS-9703-45_3.jpg
000099.jpg,https://sep.yimg.com/ay/asianimportstore/14-liberty-print-fuchsia-rose-floral-pattern-paper-lantern-design-by-esper-17.jpg
000100.jpg,https://www.balloons4you.co.nz/wp-content/uploads/2018/12/Rainbow-printing-paper-lantern-30cm-hot-air-balloon-wedding-decoration-children-s-bedroom-hanging-birthday-party.jpg
000101.jpg,https://cdn.shopify.com/s/files/1/2263/5387/products/airballoon-lantern_2_300x300.jpg?v=1520166071
000102.jpg,https://img.alicdn.com/imgextra/i2/1058976315/TB2BkcaAhSYBuNjSsphXXbGvVXa_!!1058976315.jpg
000103.jpg,http://www.partypaperlantern.com/pl12387812-heart_printing_unique_shaped_paper_lantern_hot_air_balloon_customized_lovely.jpg
000104.jpg,https://i5.walmartimages.com/asr/3909138a-391b-43f4-b660-55940ccf5c67_1.f52155cadc074b1957d7d4ff662ad904.jpeg?odnHeight=450&odnWidth=450&odnBg=FFFFFF
000105.jpg,https://media.istockphoto.com/vectors/chinese-new-year-greeting-card-with-dog-emblem-vector-id871176360?k=6&m=871176360&s=612x612&w=0&h=8bQ_UvzkHdXcg4uWzFUrX0LDJKhtUpAI8B8tifVJchY=
000106.jpg,https://4.bp.blogspot.com/-X3SoLRTiAZY/WW63S1VnThI/AAAAAAAA0jc/aZfPvILvCvQxw_eUXDHHprf6x6AOn3rfACLcBGAs/s640/Hot-Air%2BBalloon%2BTutorial.jpg
000107.jpg,http://kampungqurban.co/wp-content/uploads/2019/03/sunflower-paper-lanterns-sunflower-summer-hot-summer-sightseeing-background-decorating-tips-for-renters-decorating-sugar-cookies-with-buttercream.jpg
000108.jpg,https://image.made-in-china.com/202f0j00DJQTcLIaTtpb/Hot-Floating-Water-Square-Lantern-Paper-Lanterns-Wishing-Lights-Floating-Candle-for-Party-Birthday-Wedding-Decoration.jpg
000109.jpg,http://images.squarespace-cdn.com/content/v1/52eb6882e4b09fc88a62009b/1501021637067-HD6C6M2E8MLKSFU1UP2A/ke17ZwdGBToddI8pDm48kEpkzlq0i_5NmSE9RL9-WqpZw-zPPgdn4jUwVcJE1ZvWEtT5uBSRWt4vQZAgTJucoTqqXjS3CfNDSuuf31e0tVFGxLw-OhR6fjPYgd3r2NJT54sidvHhyJhj-ZL1mAa1ltsQWGar195b-4f7CxV-eiQ/PD96.jpg
000110.jpg,http://1.bp.blogspot.com/-5HJXWpVnUGE/UFswfzzOenI/AAAAAAAAEic/hI80yP-7DBA/s1600/Hot+Air+Balloon+Paper+Lantern+11.jpg
000111.jpg,http://www.ma-ya-silk.com/images/1/en32805855058_3.jpg
000112.jpg,https://ae01.alicdn.com/kf/HTB1LKC0LpXXXXXcXXXXq6xXFXXX8/1-pc-12-Rainbow-Hot-Air-Balloon-Paper-Lantern-Birthday-Party-Wedding-Decor-Colour.jpg
000113.jpg,https://cdn.shopify.com/s/files/1/1832/6341/products/LANT_20_RED_D01_1024x1024.jpg?v=1553284558
000114.jpg,http://festivity.com.ph/wp-content/uploads/2013/07/LNPH16STRD.jpg
000115.jpg,https://p.globalsources.com/IMAGES/PDT/B0935487158/paper-lantern.jpg
000116.jpg,http://mywoodclub.com/wp-content/uploads/2019/07/hanging-paper-lights-lantern-ceiling-light-globe-holiday-living-hot-sale-led-shade-decoration-diy-lanterns-related-post.jpg
000117.jpg,https://gd.image-gmkt.com/li/767/813/1164813767.g_0-w_g.jpg
000118.jpg,https://www.wallmur.com/media/catalog/pdata/cache/1/image/1100x/115a8b/k/i/kids-wallpaper-paper-hot-air-balloon-wall-mural-paper-lantern-wa_zgt3zgz5aqz_3d_0.jpg
000119.jpg,https://5.imimg.com/data5/AE/NK/GX/SELLER-63028801/high-sky-lanterns-250x250.jpg
000120.jpg,https://cdn11.bigcommerce.com/s-9a0lbwzgd8/images/stencil/1280x1280/products/3217/5469/hot-pink-no-frills-cheap-bulk-paper-lantern2__95063.1540718077.jpg?c=2&imbypass=on
000121.jpg,http://i.imgur.com/J2UXT2c.jpg
000122.jpg,http://www.historyoflamps.com/images/historyoflamps/sky-lanterns-1-small.jpg
000123.jpg,http://thebellonthecommon.co/wp-content/uploads/2019/05/hot-air-balloon-hanging-decorations-hanging-wedding-rainbow-hanging-paper-lanterns-in-classroom.jpg
000124.jpg,https://www.homeheartcraft.com/resources/Hot%20Air%20Balloon%20Paper%20Lantern%20Logo.jpg?timestamp=1332459851163
000125.jpg,http://rataco.co/wp-content/uploads/2018/11/paper-balloon-lanterns-hot-air-balloon-lanterns-marriage-wedding-birthday-party-decoration-bar-stage-mall-nursery-corridor-lantern-charm-balloons-decorations-balloons-paper-flying-lanterns-for-sale.jpg
000126.jpg,http://www.coutureavenueparties.com/images/1657/en32931621640_2.jpg
000127.jpg,http://kurtlarvecakallar.com/wp-content/uploads/2018/12/hot-air-balloon-wedding-decorations-cm-hot-air-balloon-paper-lantern-wishing-lanterns-for-birthday-wedding-party-decor-gift-birthday-party-decoration-items-birthday-party.jpg
000128.jpg,http://www.floralsbykay.co.uk/bmz_cache/c/HOT-30cm%20Lampshade%20Paper%20Lantern%20Oriental%20Style%20Light%20Decoration%20Chinese%20%20Bamboo%20ali-97454651_1_550x550.jpg
000129.jpg,http://novahome.co/wp-content/uploads/2019/05/hanging-paper-lantern-lights-indoor-lanterns-nursery-wedding-hanging-paper-lanterns-in-classroom.jpg
000130.jpg,http://cultmedia.co/wp-content/uploads/2019/02/flying-wish-lanterns-hot-paper-sky-fly-candle-lamp-for-party-wedding-in-store-near-me-white-wishing-lantern.jpg
000131.jpg,https://busycreatingmemories.com/wp-content/uploads/2017/08/Pampers-hot-air-balloon-Twitter.png
000132.jpg,http://adelasa.co/wp-content/uploads/2019/05/hot-air-balloon-paper-lanterns-inch-white-lantern-lamp-centerpiece-pink-diy-with.jpg
000133.jpg,https://www.dhresource.com/600x600/f2/albu/g8/M01/B5/31/rBVaV1y5O5CASf2BAAEiZ6WpOZM639.jpg
000134.jpg,https://mistydaydream.com/wp-content/uploads/2017/05/1-color-chart.jpg
000135.jpg,https://www.partycamel.com/database/images/prod_6776.jpg
000136.jpg,https://www.hwtm.com/wp-content/uploads/2013/06/6-chinese-lantern-hot-air-balloon-top.jpg
000137.jpg,https://communities-wcmimages-cache.prod.postmedia.digital/images?url=https://nexus.prod.postmedia.digital/wp-content/uploads/2018/09/SF.INDONESIA-RELIGION-BUDDHISM.jpg&w=840&h=629
000138.jpg,http://thepleatedpoppy.com/wp-content/uploads/2014/08/hot-air-balloon5.jpg
000139.jpg,https://cdn2.bigcommerce.com/server5000/eezba8/products/2967/images/7388/paper_lanterns_deep_pink-white__23380.1559276971.1280.1280.jpg?c=2
000140.jpg,https://i.pinimg.com/originals/43/cf/f9/43cff98f635c7897809847ba199d633d.png
000141.jpg,https://i0.wp.com/www.lucky32.com/wp-content/uploads/2012/08/peppers.jpg?resize=600%2C460&ssl=1
000142.jpg,https://i.ytimg.com/vi/mHyAefvWpXA/maxresdefault.jpg
000143.jpg,https://images-na.ssl-images-amazon.com/images/I/41thikkTw9L.jpg
000144.jpg,https://is3-ssl.mzstatic.com/image/thumb/Podcasts123/v4/c3/19/b0/c319b03e-0ae9-374d-c7f4-621ff9c88683/mza_8052770716975844769.jpg/268x0w.jpg
000145.jpg,http://opticapereira.co/wp-content/uploads/2019/05/hot-pepper-bird-seed-paper-lantern-wild-food-additive-home-improvement.jpg
000146.jpg,https://i.shelterness.com/2017/04/02-a-hot-air-balloon-imitation-with-a-paper-lantern-and-a-glass-jar.jpg
000147.jpg,http://sigmaref.co/wp-content/uploads/2019/03/us-wedding-birthday-roof-decoration-hot-air-balloon-paper-lanterns-corridor-hanging-bar-mall-manual-paper-lantern-decorations-in-lanterns-from-paper-lantern-decorations-paper-lantern-decorating-ideas.jpg
000148.jpg,http://d2c5oomqu2hs08.cloudfront.net/wp-content/uploads/2017/04/etsy-5-web.jpg
000149.jpg,https://sc02.alicdn.com/kf/HTB1303qJFXXXXXbXXXXq6xXFXXXp/Hot-air-balloon-paper-lantern-LED-light.jpg_350x350.jpg
000150.jpg,https://previews.123rf.com/images/shibu7213/shibu72131906/shibu7213190600048/125074237-sky-lantern-lighting-by-a-pair-of-hands-holding-the-paper-hot-air-balloon-in-a-black-background.jpg
000151.jpg,http://images.tissue-paper.org/l-m/12-rainbow-air-balloon-paper-v_cDiEAjSuDFqQ.jpg
000152.jpg,https://www.partyswizzle.com/assets/images/06Paper/LanternHotAirBalloon.jpg
000153.jpg,https://cdn4.vectorstock.com/i/1000x1000/64/33/yellow-chinese-paper-lantern-icon-cartoon-style-vector-7996433.jpg
000154.jpg,https://assetscdn1.paytm.com/images/catalog/product/K/KI/KIDCRAZY-SUTRA-GEEK30070CAC32B0/1563253123825_1..jpg?imwidth=282&impolicy=hq
000155.jpg,https://upload.wikimedia.org/wikipedia/commons/9/94/SkyLanternRichy01.jpg
000156.jpg,http://joeabraham.co/wp-content/uploads/2019/02/battery-opperated-paper-lanterns-high-fashion-hot-selling-battery-operated-paper-lanterns-battery-operated-paper-lanterns-uk-battery-operated-chinese-lantern-string-lights.jpg
000157.jpg,http://nueveideas.com/wp-content/uploads/2019/01/tabasco-pepper-plant-hot-paper-lantern-pepper-plant-tabasco-pepper-plant-flower.jpg
000158.jpg,http://diyforlife.com/wp-content/uploads/2014/04/paper-lantern-hot-air-balloon.jpg
000159.jpg,https://media.thestar.com.my/Prod/153F9CF4-FEBF-4A28-A152-962C84D47E16
000160.jpg,http://housemiddleton.co/wp-content/uploads/2018/10/paper-lantern-shade-hot-air-balloon-paper-lantern-ceiling-light-shade-bedroom-fun-lamp-paper-lamp-shades-uk.jpg
000161.jpg,http://fnsab.info/wp-content/uploads/2018/11/balloon-lamp-shade-hot-air-balloon-paper-lantern-ceiling-light-shade-bedroom-fun-lamp-decor-hot-air-balloon-light-shade-uk.jpg
000162.jpg,https://images.homedepot-static.com/productImages/fb5b8d64-5801-45ed-969c-09fceccb3d04/svn/reds-pinks-lumabase-outdoor-lanterns-74404-64_300.jpg
000163.jpg,https://images.yaoota.com/gaIN84OrCGAsxwCTPsyGyhUzF4E=/trim/yaootaweb-production-ng/media/crawledproductimages/b979f5d9b3d14a6f7b95344372adc806a61b4da4.jpg
000164.jpg,https://www.kidzpartystore.com/3352-large_default/12-hot-pink-chevron-paper-lantern.jpg
000165.jpg,http://cultmedia.co/wp-content/uploads/2019/02/flying-wish-lanterns-wholesale-paper-sky-lamp-lantern-hot-air-amazon.jpg
000166.jpg,http://jbnew2018.co/wp-content/uploads/2019/04/paper-lanterns-michaels-hot-sale-paper-lantern-lamp-printed-mixed-order-balloon-lanterns-flying-lot-parachute-paper-lantern-flying-paper-lanterns-michaels.jpg
000167.jpg,http://jamtracks.co/wp-content/uploads/2019/04/hot-air-balloon-lantern-paper-craft-chinese-for-sale.jpg
000168.jpg,https://hotpaperlantern.com/wp-content/uploads/2018/09/iStock-141232584-e1536521007972.jpg
000169.jpg,http://pencol.co/wp-content/uploads/2019/05/hot-sell-paper-lanterns-with-mixed-colors-for-new-year-decoration-lot-large-size-party.jpg
000170.jpg,http://blog.darice.com/wp-content/uploads/2014/03/Supplies1.jpg
000171.jpg,https://www.partyvalue.com/media/product/d37/grad-hot-stamp-lanterns-black-silver-gold-3ct-4d9.jpg
000172.jpg,https://cms.orientaltrading.com/sites/default/files/articles/tile/desktop/2x/school-theme-the-world-is-at-your-fingertips-tile%20copy.jpg
000173.jpg,http://ericsride.org/wp-content/uploads/2019/05/hot-air-balloon-paper-lanterns-using-a-lantern-craft-party-birthday-summer-blue-white-lant.jpg
000174.jpg,https://my-test-11.slatic.net/p/514ef8c8bc57f1ddee0b9d763a806992.jpg_340x340q80.jpg_.webp
000175.jpg,https://media-api.xogrp.com/images/bd2c1f64-42c8-11e5-9816-22000aa61a3e~rs_729.h
000176.jpg,https://thumbs.dreamstime.com/z/flying-paper-lanterns-sky-lantern-also-known-as-kongming-lantern-chinese-lantern-small-hot-air-balloon-made-paper-138708679.jpg
000177.jpg,https://www.linentablecloth.com/blog/wp-content/uploads/2015/03/paperlanternhab_yellow.png
000178.jpg,http://www.itburns.de/wp-content/uploads/2014/08/Hot-Paper-Lantern-01.jpg
000179.jpg,http://carlosalbertomedina.co/wp-content/uploads/2019/06/paper-led-lanterns-lighted-paper-lanterns-for-weddings-hot-sale-battery-operated-light-up-led-led-paper-lanterns-nz-led-paper-lanterns-ebay.jpg
000180.jpg,https://www.pnglot.com/pngfile/detail/165-1656261_colored-sky-lantern-hot-air-balloon-diwali.png
000181.jpg,https://s3-ap-southeast-1.amazonaws.com/a2.datacaciques.com/00/tmp/95d565ef66e7dff9/d5ca215e2f604dd1/05d55ca7393b3eff.JPG
000182.jpg,http://d2c5oomqu2hs08.cloudfront.net/wp-content/uploads/2017/04/IMG_81273.jpg
000183.jpg,http://criptomap.com/wp-content/uploads/2019/05/paper-lantern-wedding-decorations-hot-sale-white-color-lantern-wedding-cor-round-paper-lanterns-pour-la-la-set.jpg
000184.jpg,https://cf.shopee.ph/file/265b52490f5dd0a5f3732ef5f4b42697_tn
000185.jpg,https://www.picclickimg.com/00/s/NjkzWDEwMDA=/z/I5EAAOSw5ZBWFaPS/$/Chinese-Paper-Lantern-Hot-Air-Sky-Flyer-_1.jpg
000186.jpg,https://cdn.shopify.com/s/files/1/2729/2104/products/Hot_Paper_Lantern_frukt_caf1248a-c79c-484a-abd2-a4e7eb691582_1024x1024@2x.jpg?v=1536925800
000187.jpg,https://i.etsystatic.com/8859382/r/il/2a193b/884043961/il_570xN.884043961_avwc.jpg
000188.jpg,https://www.dollartree.com/ccstore/v1/images/?source=/file/v2596478575548321677/products/252407.jpg&height=475&width=475
000189.jpg,https://media.gettyimages.com/photos/hot-air-fire-lantern-picture-id136128371
000190.jpg,http://www.paperlanternscraft.com/photo/pl17156714-light_pink_hot_air_balloon_lantern_light_10_inch_handmade_with_diy_printing.jpg
000191.jpg,https://i.shelterness.com/2017/04/05-a-purple-lantern-with-a-bakset-with-a-teddy-bear-inside.jpg
000192.jpg,https://sep.yimg.com/ay/yhst-56772705332393/hot-air-balloon-paper-lanterns-16.jpg
000193.jpg,http://tututela.com.co/wp-content/uploads/2019/01/white-paper-lantern-decorations-hot-sale-round-lantern-white-paper-lantern-for-wedding-party-decorations-sky-white-paper-lanterns-wedding-decorations.jpg
000194.jpg,https://arovane.co/wp-content/uploads/2019/05/diy-paper-lanterns-with-candles-lantern-hot-air-balloon-jellyfish-ideas-and-tutorials-home-improvement-astounding-agreeable-lant.jpg
000195.jpg,http://rakiavenue.com/wp-content/uploads/2019/03/paper-lanterns-wedding-decorations-image-is-loading-home-room-hot-air-balloon-paper-lantern-decor-paper-lanterns-wedding-decoration-ideas.jpg
000196.jpg,https://scharfundlecker.de/WebRoot/Store16/Shops/72ecc385-2423-4740-a34d-191be29dfbd6/542B/B665/57FC/DFC4/51AC/0A48/354C/6400/Hot_Paper_Lantern_Chilisamen_Gemuesesamen.png
000197.jpg,http://ii.worldmarket.com/fcgi-bin/iipsrv.fcgi?FIF=/images/worldmarket/source/77309_XXX_v1.tif&wid=500&cvt=jpeg
000198.jpg,http://www.arcbusinessaid.co.uk/images/cate_9/640/10pcslot-12-inch30cm48cm-Multicolor-Hot-Air-Balloon-Paper-Lantern-Wishing-Lanterns-for-Birthday-Wedding-Party-Decor-Gift-Lanterns-alj0.jpg
000199.jpg,https://sep.yimg.com/ay/paperlanternstore/rainbow-hot-air-balloon-paper-lanterns-31.jpg
000200.jpg,http://fikirsanat.co/wp-content/uploads/2019/08/halloween-lanterns-best-lanterns-set-to-create-memorable-decoration-hang-lamp-paper-lantern-decorations-hot-halloween-paper-lanterns-template-halloween-lanterns-paper.jpg
000201.jpg,https://www.southdevonchillifarm.co.uk/images/detailed/1/PaperLanternSeeds21100_bzua-n0.jpg
000202.jpg,https://rukminim1.flixcart.com/image/832/832/lantern/9/e/4/air-baloon-powercube-original-imaemw4rgagq3spv.jpeg?q=70
000203.jpg,https://static.vecteezy.com/system/resources/thumbnails/000/535/854/small/578Z_Graphic_187_FestaJunina_27.jpg
000204.jpg,https://ourkidthings.com/wp-content/uploads/2018/07/paper-plate-hot-air-balloon.png
000205.jpg,https://media.thestar.com.my/Prod/2686E7B5-2EBE-45CC-8744-BC3B52A9FB2C
000206.jpg,https://marketplace.canva.com/MADINZNnpOw/1/thumbnail_large/canva-balloon-fire-sky-lanterns-flying-lanterns%2C-hot-air-balloons-lantern-flies-up-highly-in-the-sky.-floating-lanterns-at-dawn-during-MADINZNnpOw.jpg
000207.jpg,http://hu.luckygoods-wedding.net/uploads/20179228/hot-sale-cheap-round-paper-green-lantern38154293988.jpg
000208.jpg,https://pbs.twimg.com/media/DuFZUe0W4AA_9LK.jpg
000209.jpg,http://www.fullahotair.com/images/dolplant.jpg
000210.jpg,https://c8.alamy.com/comp/AA66D1/view-of-temple-in-korea-across-lake-with-coloured-paper-lantern-in-AA66D1.jpg
000211.jpg,https://i5.walmartimages.com/asr/4a51bee1-56df-4955-bdac-3ac67e936468_1.83ca8f258638055acc39012fb2cca6af.jpeg?odnHeight=450&odnWidth=450&odnBg=FFFFFF
000212.jpg,https://cdn.shopify.com/s/files/1/2263/5387/products/airballoon-lantern_300x300.jpg?v=1520166061
000213.jpg,https://chinesenewyear.imgix.net/assets/images/lantern-festival/chinese-new-year-lantern-festival-lantern-riddles.jpg?q=50&w=750&auto=format
000214.jpg,https://www.lovelakeliving.com/wp-content/uploads/2019/02/hot-air-balloon-party-decorations-17.jpg
000215.jpg,https://photo2.craftgawker.com/wp-content/uploads/craft/2016/06/404280.jpg
000216.jpg,http://partyonline24.com/image/cache/catalog/party-supplies/party-accessories/hanging-hot-air-balloon-paper-lantern-party-decorations-blue-500x500.jpg
000217.jpg,http://2.bp.blogspot.com/-cKmx7BLmtVw/TqXuI0nUj_I/AAAAAAAAB4M/PqrC2jRLjAo/s1600/SANY0067.JPG
000218.jpg,http://www.coutureavenueparties.com/images/1657/en32931621640-193.jpg
000219.jpg,https://img.alicdn.com/imgextra/i4/TB1hTIcFVXXXXaWaXXXXXXXXXXX_!!0-item_pic.jpg
000220.jpg,https://middle.pngfans.com/20190701/ih/hot-air-balloon-png-sky-lantern-clipart-25feb436071028a5.jpg
000221.jpg,http://diyforlife.com/wp-content/uploads/2014/04/paper-lantern-hot-air-balloon-instructions.jpg
000222.jpg,http://www.paperlanternscraft.com/photo/pl22399132-diy_new_cartoon_dragon_multicolor_handmade_hanging_paper_lantern.jpg
000223.jpg,https://www.cleverpatch.com.au/Images/StepImages/step_thumb-Lantern-Hot-Air-Balloon-Step_91003_7.1398756726.jpg
000224.jpg,https://5.imimg.com/data5/XP/XF/NF/SELLER-38951135/decorative-make-a-wish-hot-air-balloon-paper-sky-lantern-250x250.jpg
000225.jpg,https://cdn.shopify.com/s/files/1/0653/8459/products/2GD38_5S_Q_8A_X_PE4_N_580x.jpg?v=1524468161
000226.jpg,https://a1.amlimg.com/OTUwYmJlMTE2NTMwN2VkNWNjODIxNWVjZThiZDMwNWY3J43PFljfNrSE0tb88qc1aHR0cDovL21lZGlhLmFkc2ltZy5jb20vZTA0YTM3MWM0MzY5ZmMwMTJjYTE4YThiZTRmZTZhY2Y2ZDI1MWViN2FlNmRjYjEyMWFkMTg4Y2ExMjdmOThiOS5qcGd8fHx8fHwyMjl4MjkyfGh0dHA6Ly93d3cuYWR2ZXJ0cy5pZS9zdGF0aWMvaS93YXRlcm1hcmsucG5nfHx8.jpg
000227.jpg,https://cdn.shopify.com/s/files/1/2637/4194/files/sky-lantern.jpg?10175143749583048615
000228.jpg,https://i.cbc.ca/1.1685228.1491838075!/httpImage/image.jpg_gen/derivatives/16x9_780/hundreds-of-taiwanese-release-sky-lanterns-on-saturday-january-28-2012-in-new-taipei-city-taiwan.jpg
000229.jpg,https://uptodateinteriors.com/wp-content/uploads/2015/06/flowers.jpg
000230.jpg,https://i2.nicepik.com/files/955/939/582/china-wind-lantern-tourism-thumb.jpg
000231.jpg,https://strictlymedicinalseeds.com/wp-content/uploads/2017/07/Pepper_aji_sivn_tray_300.jpg
000232.jpg,http://novahome.co/wp-content/uploads/2019/05/image-of-rainbow-hot-air-balloon-decorations-hanging-9-hanging-paper-lanterns-in-classroom.jpg
000233.jpg,http://www.balloonsale.us/images/Balloon-Shaped-Paper-Lantern/appleGreen-Air-Balloon-Shaped-Paper-Lantern.jpg
000234.jpg,https://media.gettyimages.com/photos/low-angle-view-of-illuminated-lantern-against-sky-at-night-picture-id1059867538?s=612x612
000235.jpg,http://thepleatedpoppy.com/wp-content/uploads/2014/08/IMG_9448.jpg
000236.jpg,http://instory.co/wp-content/uploads/2019/04/new-rainbow-paper-lantern-hot-air-balloon-wedding-decoration-bedroom-hanging-birthday-party-decorations-ornament.jpg
000237.jpg,https://image.made-in-china.com/2f0j00rjIQgGOJhcqz/Small-Wholesale-Order-of-Paper-Lanterns-Different-Colors-and-Sizes-Option.jpg
000238.jpg,https://www.partycamel.com/database/images/ex_prod_6288.jpg
000239.jpg,https://png.pngtree.com/png-vector/20190511/ourmid/pngtree-festa-junina-illustration-with-party-flags-and-paper-lantern-on-yellow-png-image_1032420.jpg
000240.jpg,https://simside.co/wp-content/uploads/2019/07/diy-paper-lantern-fish-string-lights-hot-air-balloon-centerpiece-how-to-make-a-night-lamp-out-of-pendant-home-improvement-amazing-image-5a97d31d65f.jpg
000241.jpg,http://farm9.staticflickr.com/8395/8632222817_741110247f_o.png
000242.jpg,https://assetscdn1.paytm.com/images/catalog/product/K/KI/KIDRANDOM-HOT-AANIL10284055A6C5C08/1568201143124_0..jpg?imwidth=282&impolicy=hq
000243.jpg,http://grupamedialna.info/wp-content/uploads/2019/03/hanging-hot-air-balloon-paper-lantern-wedding-party-birthday-decorations-kids-gift-themed-decor.jpg
000244.jpg,https://c7.uihere.com/files/2/350/546/sky-lantern-paper-lantern-light-sky-lantern-thumb.jpg
000245.jpg,http://balkansblacksea.org/wp-content/uploads/2018/10/hot-air-balloon-gift-basket-centerpiece-for-baby-shower-centerpieces-ideas-cute-diy.jpg
000246.jpg,http://itsfit.co/wp-content/uploads/2019/08/halloween-lanterns-new-lanterns-pumpkin-lantern-ghost-bat-spider-pattern-paper-hanging-light-lamp-holiday-party-decorations-hot-halloween-paper-lanterns-template-halloween-lanterns-for-sale.jpg
000247.jpg,https://res.cloudinary.com/theeventmill/image/fetch/c_pad,f_auto,dpr_auto,w_1200,h_768/https://s3-ap-southeast-2.amazonaws.com/assets.theeventmill.com.au/app/uploads/2019/07/16000339/517wOx3HmuL._SL500_AC_SS350_.jpg
000248.jpg,https://images.weddingfavorsunlimited.com/wedding/WS-9703-45.jpg
000249.jpg,https://comps.gograph.com/red-chinese-traditional-paper-lantern_gg101447916.jpg
000250.jpg,https://busycreatingmemories.com/wp-content/uploads/2017/08/Pampers-Hot-air-Balloon-Diaper-Cake-FInal-32-of-43.jpg
000251.jpg,http://krishnaimpex.co/wp-content/uploads/2019/07/outdoor-paper-lanterns-hanging-lantern-lights-hot-led-light-white-balloon-handicraft-for-patio.jpg
000252.jpg,https://my-test-11.slatic.net/p/cfaaeb7c42d4e4a92d06f6c4f2349458.jpg_340x340q80.jpg_.webp
000253.jpg,http://valreas.info/wp-content/uploads/2019/04/white-paper-lanterns-with-lights-large-lantern-light-the-night.jpg
000254.jpg,http://www2.pictures.lonny.com/mp/jgbB8wxnMM8l.jpg
000255.jpg,https://rukminim1.flixcart.com/image/612/612/k0vbgy80/lantern/5/d/v/s41-stylin-original-imafkjgv4gvyyfrj.jpeg?q=70
000256.jpg,https://cdn11.bigcommerce.com/s-lkc0hzn/images/stencil/1280x1280/products/117/5112/Lantern_Catalog__91369.1463975233.jpg?c=2
000257.jpg,http://hiphopbae.co/wp-content/uploads/2019/05/hanging-hot-air-balloon-vintage-paper-lantern-home-improvement.jpg
000258.jpg,https://cdn.shopify.com/s/files/1/0081/5628/2937/products/il_fullxfull.1482757566_kove_300x300.jpg?v=1538508440
000259.jpg,http://cdn.cnn.com/cnnnext/dam/assets/180409173951-pingxi-5.jpg
000260.jpg,http://lamppedia.net/wp-content/uploads/2018/09/Paxcoo-12-Pack-Paper-Lanterns.jpg
000261.jpg,http://layersnlinks.co/wp-content/uploads/2019/04/paper-lantern-candles-hot-air-balloon-biodegradable-paper-lanterns-with-candles-with-factory-price-paper-lantern-holders-paper-lantern-candle-flying.jpg
000262.jpg,https://lansdowneplants.co.uk/wp-content/uploads/2018/03/hot-paper-lantern.jpg
000263.jpg,https://www.homeheartcraft.com/resources/Hot%20Air%20Balloon%20Paper%20Lantern%2013.jpg?timestamp=1332459755885
000264.jpg,http://wpmedia.news.nationalpost.com/2013/07/lanterns-1.jpg?w=620
000265.jpg,https://contestimg.wish.com/api/webimage/59e843e60d188275c6659c4b-large.jpg?cache_buster=71e9a5d93897341aa897515eb92ddfe7
000266.jpg,https://blog.dollartree.com/wp-content/uploads/2017/06/hotair-balloon-centerpiece-692x362.jpg
000267.jpg,http://leakpapa.co/wp-content/uploads/2019/04/red-and-black-paper-lanterns-red-hot-round-sky-paper-lanterns-lamp-wedding-birthday-party-decoration-red-black-paper-lanterns.jpg
000268.jpg,http://designlanguage.co/wp-content/uploads/2019/01/paper-lanterns-dollar-tree-lantern-hot-air-balloon-my-crafts-this-is-made-from-items-from-the-dollar-tree-how-lowes-home-improvement-near-me-home-improvement-cast-now-2019.jpg
000269.jpg,https://image.shutterstock.com/image-illustration/seamless-pattern-sky-lanterns-isolated-260nw-494100118.jpg
000270.jpg,http://images.jdmagicbox.com/comp/guwahati/i3/pwfl1510025440c1y3i3/catalogue/paulppy-lanterns-guwahati-zf5ie.jpg
000271.jpg,http://jplotus.info/wp-content/uploads/2019/04/paper-lantern-lights-flying-paper-balloon-lanterns-report-an-abuse-for-sky-wishing-lantern-new-year-wedding-lamp-flying-hot-paper-balloon-lanterns.jpg
000272.jpg,https://images-na.ssl-images-amazon.com/images/I/510rV-ZhYFL._US500_.jpg
000273.jpg,https://thespinoff.co.nz/wp-content/uploads/2018/12/22.jpg
000274.jpg,https://thecraftingchicks.com/wp-content/uploads/2018/09/hello-kitty-party-46.jpg
000275.jpg,https://www.re-foundobjects.com/store/products/thumb_images/3a19f104.jpg
000276.jpg,http://eng.taiwan.net.tw/att/event/2ab2e3b9-226c-4390-8616-44a3c06716dd.jpg
000277.jpg,https://www.familyholiday.net/wp-content/uploads/2017/12/03-a-coral-hot-air-balloon-centerpiece-with-a-gilded-mason-jar-and-flowers.jpg
000278.jpg,http://qurbanmilenial.co/wp-content/uploads/2019/05/paper-lantern-chandelier-paper-lanterns-are-the-perfect-way-to-perk-up-an-event-space-a-hot-trend-and-seen-so-many-fun-ways-to-use-them-you-can-use-lanterns-with-paper-lantern-chandelier-diy.jpg
000279.jpg,https://cleverpatch.com.au/Images/ProductImages/500/12931.jpg
000280.jpg,https://belianterbaik.aseanpriceblog.org/cf/1050/cdn/HLB1KQQnX6DuK1RjSszdq6xGLpXao/1-pcs-Hot-Sale-White-Chinese-Paper-lampion-Lanterns-Assorted-Sizes-Round-Paper-Lanterns-Wedding-Party.jpg
000281.jpg,http://nagyker.holnembolt.hu/images/shop/products/formadobozos-puzzle-the-hot-air-balloon-1-djeco-7270-1552290765-1.jpg
000282.jpg,http://www.scheidelandsullivan.com/image/cache/data/category_14/amscan-international-249000-10-12-cm-black-hot-stamped-paper-lanterns-41rnn1g8s-1308-500x500_0.jpg
000283.jpg,https://images-na.ssl-images-amazon.com/images/I/71VAHqvm-lL._SX425_.jpg
000284.jpg,https://cdn.shopify.com/s/files/1/0995/4160/products/Romance_1024x.jpg?v=1526351954
000285.jpg,http://www.electrostatic-magicltd.co.uk/images/cate_9/640/10Pcs-12-Inch-Paper-Lanterns-Party-Decorations-Hanging-Paper-Lantern-Wedding-Hot-Air-Balloon-Shape-Hanging-Lantern-Supplies-vti0.jpg
000286.jpg,http://onweekend.co/wp-content/uploads/2019/05/paper-lanterns-flying-lot-white-hot-air-balloon-flying-wish-paper-lanterns-for-wedding-outdoor-event-party-supplies-paper-lanterns-that-fly-paper-lanterns-for-flying.jpg
000287.jpg,http://blog.consumercrafts.com/wp-content/uploads/2013/05/hotairballoon12sm.jpg
000288.jpg,https://garden.spoonflower.com/c/1276931/r/s/d-i-21/ZbAYFExjuaanCN8Bm_FxWjlqKLcWwEXbOKM/1276931-hot-air-balloons-by-allisonkreftdesigns.jpg
000289.jpg,https://cdn.shopclues.com/images/thumbnails/1460/320/320/aakashbuttiakashbuttiskylanternsskykandilflyinglanternparachutefireballoonChinesethailanternsuniqueitems1381372147.jpg
000290.jpg,https://www.lcndstore.com/media/catalog/product/cache/1/image/450x450/9df78eab33525d08d6e5fb8d27136e95/s/k/sky_lanterns_1.jpg
000291.jpg,https://cdn.shopify.com/s/files/1/1487/2774/products/sky-lantern.jpg?v=1564523962
000292.jpg,http://opesports.co/wp-content/uploads/2019/03/table-paper-lanterns-table-centerpieces-using-paper-lanterns-table-decorations-with-paper-lanterns.jpg
000293.jpg,http://www.lacosechadelvalle.co/wp-content/uploads/2017/10/IMG-20170830-WA0040.jpg
000294.jpg,https://ae01.alicdn.com/kf/HTB1hyOQDVuWBuNjSszbq6AS7FXaR.jpg
000295.jpg,https://clptc.co/wp-content/uploads/2019/05/flying-candle-lanterns-how-to-make-balloon-chinese-asda-lot-multicolored-handmade-hot-air-home-improvement-delightful.jpg
000296.jpg,https://images-na.ssl-images-amazon.com/images/I/41Eld4RGPHL.jpg
000297.jpg,http://thoughtfulapp.co/wp-content/uploads/2019/06/paper-lantern-light-medium-size-of-lamp-shade-adapter-how-to-make-handmade-shades-hot-air-lights-from.jpg
000298.jpg,http://edisubaru.co/wp-content/uploads/2019/08/oversized-paper-lantern-hot-sale-pink-lanterns-wholesale-wedding-decorative-round-blue-giant-star.jpg
000299.jpg,https://owips.com/sites/default/files/styles/225x120/public/clipart/paper-lantern-clipart/251862/paper-lantern-clipart-tanglung-251862-6008711.jpg?itok=i8WWQkum
000300.jpg,https://decoratorist.com/wp-content/uploads/joyeful-journey-diy-paper-lantern-hot-air-balloons-195271.jpg
000301.jpg,https://cdn.shopify.com/s/files/1/0653/8459/products/XLVBQA_SQBBR_S11Z_SQ8_580x.jpg?v=1524455207
000302.jpg,https://www.mypenang.gov.my/uploads/eventpage/4/images/693_97.jpg
000303.jpg,http://www.vermontsownproducts.com/uploads/1/8/9/5/18951651/s878348685703243391_p44_i1_w640.jpeg
000304.jpg,https://i.pinimg.com/originals/24/1c/47/241c475c62a71f2b2829ebba1e8443f4.jpg
000305.jpg,https://4.bp.blogspot.com/-_UZLAyWg1O8/TfrKpp9wKAI/AAAAAAAAPcA/YeUL89V6v-M/s1600/DSC06258.JPG
000306.jpg,http://i2.wp.com/www.bridalguide.com/sites/default/files/article-images/PHOTO-OF-THE-DAY/floating-paper-lanterns-2.jpg?resize=600%2C600
000307.jpg,http://city-sentinel.com/wp-content/uploads/2018/05/COM-WaterLatern-hoto1.jpg
000308.jpg,https://cf.shopee.ph/file/6246941de50adeacceae575db60c4555_tn
000309.jpg,https://www.insideasiatours.com/blog/wp-content/uploads/2015/04/dsc06189-510x383.jpg
000310.jpg,https://hotpaperlantern.com/wp-content/uploads/2019/05/Mobile-BG@3x-e1559053630869.png
000311.jpg,https://www.dhresource.com/600x600/f2/albu/g4/M01/DD/4B/rBVaEFmvVqKAOiN9AAVx9tfT1-E149.jpg
000312.jpg,https://discountpartywarehouse.com.au/media/catalog/product/cache/f7f5e7a735b23263dc4290696ba1b506/6/4/64242_1.jpg
000313.jpg,https://cdn.instructables.com/FIP/QHF6/HWQN0OS9/FIPQHF6HWQN0OS9.LARGE.jpg?auto=webp&&frame=1&width=1024&height=1024&fit=bounds
000314.jpg,https://www.gannett-cdn.com/-mm-/12a23b3c8fcd38991cc9f2f22095cc2ebceefe3f/c=0-218-4290-2642/local/-/media/2015/08/07/DetroitFreePress/DetroitFreePress/635745841923375260-ThinkstockPhotos-466887942.jpg?width=3200&height=1680&fit=crop
000315.jpg,http://www.fullahotair.com/images/geolant.jpg
000316.jpg,http://laflare.co/wp-content/uploads/2019/03/beehive-paper-lanterns-fuchsia-pink-hot-pink-beehive-paper-lanterns-inch-x-inch.jpg
000317.jpg,https://cdn.shopify.com/s/files/1/0014/5634/1052/products/P1030951_-_Version_2_1024x1024@2x.progressive.jpg?v=1521814788
000318.jpg,https://previews.123rf.com/images/gasparij/gasparij1611/gasparij161100050/68690888-orange-paper-sky-flaming-lantern-flying-lantern-floating-lantern-hot-air-balloon-is-flying-with-a-ca.jpg
000319.jpg,http://3.bp.blogspot.com/-ehyyj_oHn38/TqXtvo4-aOI/AAAAAAAAB3s/zH4LGqPGICs/s1600/SANY0060.JPG
000320.jpg,http://cdn.shopify.com/s/files/1/2927/2664/products/blue-hot-blown-artisan-murano-glass-cristallo-baloton-lantern-lighting-612307-3_1024x1024.jpg?v=1525819753
000321.jpg,https://c8.alamy.com/comp/PXXNGW/a-paper-lantern-hangs-high-above-a-wedding-providing-beautiful-decor-PXXNGW.jpg
000322.jpg,https://cdn1.eyeem.com/thumb/0bc45151ed410a92a686021e7db61387d07b44d9-1558024887611/w/750
000323.jpg,https://2ljj7534egiuveknztxvbfxi-wpengine.netdna-ssl.com/wp-content/uploads/2016/08/24110_B-300x300.jpg
000324.jpg,https://i.ytimg.com/vi/lf-v2Fg7OSM/maxresdefault.jpg
000325.jpg,http://i.imgur.com/BMdIOtb.jpg
000326.jpg,http://www.floralsbykay.co.uk/bmz_cache/9/HOT-30cm%20Lampshade%20Paper%20Lantern%20Oriental%20Style%20Light%20Decoration%20Chinese%20%20Bamboo%20ali-97454651_550x550.jpg
000327.jpg,http://adhiewebdesign.com/wp-content/uploads/2018/11/chinese-lantern-for-sale-new-hot-paper-sky-flying-wedding-decoration-lanterns-south-africa-in-trinidad.jpg
000328.jpg,http://www.pimentasartesanais.com.br/produtos/g_capsicum_hot_paper_lantern-gd.jpg
000329.jpg,https://p.globalsources.com/IMAGES/PDT/BIG/324/B0935515324.jpg
000330.jpg,https://imgs.heart.co.uk/images/60264?crop=16_9&width=660&relax=1&signature=Iesa1xD8c25OF0_uLYUYpW9JNOE=
000331.jpg,https://static-01.daraz.pk/p/mdc/603d3b19447c820b8b48b45a9029c998.jpg_340x340q80.jpg_.webp
000332.jpg,https://cdn.chv.me/images/thumbnails/10LED-Halloween-Paper-Lantern-2AYv0I_n.jpeg.thumb_400x400.jpg
000333.jpg,https://st3.depositphotos.com/4817991/19528/v/600/depositphotos_195284398-stock-video-many-raw-lantern-light-hanging.jpg
000334.jpg,https://sc02.alicdn.com/kf/HTB14oLdb.gQMeJjy0Ffq6zddXXan/Cheap-chinese-hot-air-balloon-paper-lantern.jpg_350x350.jpg
000335.jpg,https://d22ir9aoo7cbf6.cloudfront.net/wp-content/uploads/sites/4/2015/11/Lantern.000.jpg
000336.jpg,http://adelasa.co/wp-content/uploads/2019/05/hot-air-balloon-paper-lanterns-lantern-lampshade-ceiling-light-wedding-party-decor-pink-stripes-with-diy-ballo.jpg
000337.jpg,https://i.ebayimg.com/images/g/9X8AAOSwi5hbtdBr/s-l300.jpg
000338.jpg,https://www.consciousjourneys.com/wp-content/uploads/2016/03/Tazaungdaing-6.jpg
000339.jpg,https://sep.yimg.com/ay/yhst-56772705332393/bubblegum-and-white-hot-air-balloon-paper-lantern-16in-9.gif
000340.jpg,https://postmediacalgaryherald2.files.wordpress.com/2017/09/glow-neil-zeller.jpg?quality=80&strip=all&w=371&h=277&crop=1
000341.jpg,https://scharfundlecker.de/WebRoot/Store16/Shops/72ecc385-2423-4740-a34d-191be29dfbd6/542B/B665/57FC/DFC4/51AC/0A48/354C/6400/Hot_Paper_Lantern_Pepper_seeds.png
000342.jpg,https://images.yaoota.com/akF2BstnCtHuB5Ef4GLr5Gcqdk8=/trim/yaootaweb-production-ng/media/crawledproductimages/0bc7e6dd3c7bac40fa19a74b33ae91ab71c66ad6.jpg
000343.jpg,http://blog.darice.com/wp-content/uploads/2014/03/Painted-Paper-Lantern.jpg
000344.jpg,http://novahome.co/wp-content/uploads/2019/05/roll-over-image-to-zoom-in-hot-air-balloon-hanging-decorations-hanging-paper-lanterns-in-classroom.jpg
000345.jpg,http://www.balloonsale.us/images/Balloon-Paper-Lantern/Orange-Air-Balloon-Paper-Lantern.jpg
000346.jpg,https://www.picclickimg.com/d/l400/pict/273549316053_/Santa-Claus-Hot-Air-Balloon-Paper-Lantern-Lampshade.jpg
000347.jpg,https://cdn.imgbin.com/0/2/24/imgbin-flag-of-the-united-states-sky-lantern-paper-lantern-united-states-ZPW0UKQuHRs6WdS5pm8xCYxJy.jpg
000348.jpg,https://media.gettyimages.com/videos/hand-releasing-hot-air-paper-lantern-up-to-the-sky-in-yi-peng-chiang-video-id870714580?s=640x640
000349.jpg,https://www.linentablecloth.com/blog/wp-content/uploads/2015/03/DIY-Hot-Air-Balloon-Featured-Image.jpg
000350.jpg,https://www.balloons4you.co.nz/wp-content/uploads/2018/12/Paper-Hot-Balloon-Latern-Flowers-2.jpg
000351.jpg,https://img3.stockfresh.com/files/e/elmiko/m/40/4154793_stock-photo-hot-air-balloon-in-sky-seamless-background.jpg
000352.jpg,http://www.coutureavenueparties.com/images/1657/en32931621640_7.jpg
000353.jpg,https://thumbs.dreamstime.com/z/cute-japanese-paper-lantern-ghost-image-137034708.jpg
000354.jpg,https://img.alicdn.com/imgextra/i2/TB1nk5RKVXXXXXXXVXXXXXXXXXX_!!0-item_pic.jpg
000355.jpg,https://arovane.co/wp-content/uploads/2019/05/diy-paper-lantern-hot-air-balloon-centerpiece-lanterns-tangled-us-5-off-white-round-ball-wedding-party-hanging-decor-favor-wall-shelf-in.jpg
000356.jpg,https://simside.co/wp-content/uploads/2019/07/diy-paper-lantern-centerpieces-planets-lamp-dimensional-2-a-piece-of-rainbow-home-improvement-winsome-drop-dead-gorgeous.jpg
000357.jpg,https://i.etsystatic.com/18320419/r/il/dc24f1/1680044886/il_570xN.1680044886_df4f.jpg
000358.jpg,http://www.craftaholicsanonymous.net/wp-content/uploads/2014/05/hot-air-balloon-party-3.jpg
000359.jpg,https://wts.com/wts.de/publishing-articles/sport_freizeit/image-thumb__5905__article-teaser/lampion.jpeg
000360.jpg,http://www.paperlanternscraft.com/photo/pt24465830-14_inch_16_inch_rainbow_hot_air_balloon_paper_lantern_for_party_lamp.jpg
000361.jpg,https://cdn.shopify.com/s/files/1/2729/2104/products/Hot_Paper_Lantern_plante_5_0f3551d6-38f0-4923-95e1-510a639b09b7_1024x1024@2x.JPG?v=1536925800
000362.jpg,http://cdn.shopify.com/s/files/1/0247/3630/1141/products/10pcs-lot-Multicolor-Paper-Chinese-wishing-lantern-Flying-hot-air-balloon-Fire-Sky-lantern-Decor-Birthday_3976a175-1aca-4d04-b79e-11a8cb646cb5_600x.jpg?v=1568796266
000363.jpg,https://www.homeheartcraft.com/resources/Hot%20Air%20Balloon%20Paper%20Lantern%202.jpg?timestamp=1332459607959
000364.jpg,https://rukminim1.flixcart.com/image/832/832/lantern/v/k/e/slsso09spmo0c4-singh-xpress-original-imaedb5qq5fxqxc9.jpeg?q=70
000365.jpg,https://images.yswcdn.com/69997646-ql-85/630/800/aah/paperlanternstore/purple-rainbow-hot-air-balloon-paper-lantern-47.jpg
000366.jpg,https://media.edutopia.org/styles/responsive_2880px_16x9/s3/masters/2019-10/a2918ir1021.jpg
000367.jpg,https://images-na.ssl-images-amazon.com/images/I/71H%2B7MuKx9L._SX466_.jpg
000368.jpg,http://thepleatedpoppy.com/wp-content/uploads/2014/08/hot-air-balloons4.jpg
000369.jpg,https://cdn11.bigcommerce.com/s-9a0lbwzgd8/images/stencil/500x659/products/3635/9023/12EVP-RP-10LED-CM-moonbright-12-hot-pink-paper-lantern-remote-controlled-led-lights-10-pack-combo-kit-5__02783.1550592632.jpg?c=2
000370.jpg,http://www.arcbusinessaid.co.uk/images/cate_9/640/18Pack-White-Pink-Hot-Pink-Paper-Lantern-Lampshades-for-Wedding-Birthday-Bridal-Shower-Party-Decoration-Lanterns-lrk0.jpg
000371.jpg,https://images-na.ssl-images-amazon.com/images/I/51011md4NOL._US500_.jpg
000372.jpg,http://d2c5oomqu2hs08.cloudfront.net/wp-content/uploads/2017/04/IMG_8127.jpg
000373.jpg,http://www.lacosechadelvalle.co/wp-content/uploads/2017/10/DSC_1110-4-tama%C3%B1o-300x300.jpg
000374.jpg,https://ae01.alicdn.com/kf/HTB17.tUa5frK1RjSspbq6A4pFXaG/Zilue-1pcs-Rainbow-Lantern-Hot-Air-Balloon-Paper-Lantern-Kids-Birthday-Party-Wedding-Decor-27-Colours.jpg
000375.jpg,https://5.imimg.com/data5/AU/BS/MY-38708383/paper-hot-air-balloon-500x500.jpg
000376.jpg,https://images-na.ssl-images-amazon.com/images/I/41K6Eh1MvRL.jpg
000377.jpg,https://image.shutterstock.com/image-photo/lanterns-front-blue-sky-space-260nw-1482552557.jpg
000378.jpg,https://busycreatingmemories.com/wp-content/uploads/2017/08/Pampers-Hot-air-Balloon-Diaper-Cake-FInal-38-of-43.jpg
000379.jpg,https://assetscdn1.paytm.com/images/catalog/product/K/KI/KIDCRAZY-SUTRA-GEEK300703A1829D9/1563253125423_1..jpg?imwidth=282&impolicy=hq
000380.jpg,https://cdn.shopify.com/s/files/1/0653/8459/products/VV_2LIXIM_V_01WJHOTIO_580x.jpg?v=1524451605
000381.jpg,http://blog.consumercrafts.com/wp-content/uploads/2013/05/How-to-make-a-hot-air-balloon-Crafts-Unleashed.jpg
000382.jpg,https://image-store.slidesharecdn.com/169097a1-0cdf-43f7-95de-02dbdee93cb1-large.png
000383.jpg,https://cdn.star2.com/wp-content/uploads/2015/04/B2D8CC79B2B544B5BAFC214ADDB80C4B.jpg
000384.jpg,https://i.ytimg.com/vi/x2buh9TQxS8/maxresdefault.jpg
000385.jpg,https://cms.orientaltrading.com/sites/default/files/projects/tile/desktop/2x/diy-hot-air-bulletin-board-card.jpg
000386.jpg,https://cdn4.vectorstock.com/i/1000x1000/47/13/sex-shop-hot-pepper-and-strawberry-vector-12584713.jpg
000387.jpg,https://www.dhresource.com/0x0/f2/albu/g5/M01/AD/23/rBVaI1hGUUaAOnCyAAeEDeodoZA926.jpg
000388.jpg,https://c8.alamy.com/comp/PRX83D/balloon-fire-flying-lanterns-hot-air-balloons-lantern-flies-up-highly-in-the-sky-PRX83D.jpg
000389.jpg,https://cf.shopee.com.my/file/f6a5fa06bb3fd61cc54cdbe0d43c2ea9_tn
000390.jpg,https://previews.123rf.com/images/bruceau/bruceau1501/bruceau150100010/35866534-sky-lantern-also-known-as-kongming-lantern-or-chinese-lantern-is-a-small-hot-air-balloon-made-of-pap.jpg
000391.jpg,https://i.pinimg.com/originals/74/87/0d/74870d434369bb5c408b904912b7e731.jpg
000392.jpg,https://sc01.alicdn.com/kf/HTB1w13rNXXXXXXzXVXXq6xXFXXXv/200136014/HTB1w13rNXXXXXXzXVXXq6xXFXXXv.jpg
000393.jpg,https://i.ebayimg.com/images/g/A1MAAOSwGIRXbeeU/s-l300.jpg
000394.jpg,https://hotpaperlantern.com/wp-content/uploads/2019/08/fsli_mobile.png
000395.jpg,https://cdn.imgbin.com/22/8/24/imgbin-hot-air-balloon-air-travel-flight-paper-lantern-hot-air-balloon-brown-and-multicolored-hot-air-balloon-art-iM5Tyc1GuxsirUUM08NZz32G3.jpg
000396.jpg,https://images.weddingfavorsunlimited.com/wedding/Extras/WS/WS-9703-45_6.jpg
000397.jpg,http://dailyimprovisations.com/wp-content/uploads/2013/05/pepper-in-pot-hot-paper-lantern-mature-plants-2011.jpg
000398.jpg,https://www.picclickimg.com/d/l400/pict/112909479170_/1Pc-12-Rainbow-Hot-Air-Balloon-Paper-Lantern.jpg
000399.jpg,https://www.balloons4you.co.nz/wp-content/uploads/2018/12/1-1.jpg
000400.jpg,http://novahome.co/wp-content/uploads/2019/05/hanging-decoration-for-classroom-hanging-paper-lanterns-in-classroom.jpg
000401.jpg,https://i.shelterness.com/2017/04/06-diapers-with-a-blue-paper-lantern-centerpiece-for-a-boys-baby-shower.jpg
000402.jpg,https://arovane.co/wp-content/uploads/2019/05/diy-paper-lantern-hot-air-balloon-centerpiece-lanterns-tutorial-for-diwali-hello-kitty-the-crafting-chicks-home-improvement-drop-dead-gorgeous-p.jpg
000403.jpg,http://www.floralsbykay.co.uk/bmz_cache/4/Rainbow%20printing%20paper%20lantern%2030cm%20hot%20air%20balloon%20wedding%20decoration%20children39s%20bedroom%20hanging%20birthday%20party%20decorations%20ali-90059368_2_547x550.jpg
000404.jpg,https://p.globalsources.com/IMAGES/PDT/BIG/428/B1167589428.jpg
000405.jpg,https://thumbs.dreamstime.com/z/lanterns-gion-festival-kyoto-japan-picture-lantern-decorated-float-matsuri-held-hot-summer-every-float-has-decorated-95113503.jpg
000406.jpg,http://adelasa.co/wp-content/uploads/2019/05/hot-air-balloon-paper-lanterns-lantern-craft-uk-centerpiece.jpg
000407.jpg,http://www.coutureavenueparties.com/images/1657/en32931621640_5.jpg
000408.jpg,https://rukminim1.flixcart.com/image/612/612/jog2nbk0/lantern/x/f/h/sl-sa-skyasia-original-imafawz76mukghdh.jpeg?q=70
000409.jpg,https://www.homeheartcraft.com/resources/Hot%20Air%20Balloon%20Paper%20Lantern%205.jpg?timestamp=1332459693117
000410.jpg,https://media.gettyimages.com/photos/hot-air-fire-lantern-closeup-at-yee-peng-festival-picture-id136128410
000411.jpg,http://i1205.photobucket.com/albums/bb434/Spicegeist/July%202011/P1160557.jpg
000412.jpg,http://www.balloonsale.us/images/Balloon-Paper-Lantern/Bule-Air-Balloon-Paper-Lantern.jpg
000413.jpg,https://sep.yimg.com/ay/yhst-56772705332393/black-and-white-hot-air-balloon-paper-lantern-12in-12.jpg
000414.jpg,https://www.buletinmutiara.com/wp-content/uploads/2018/12/DEV_1847.jpg
000415.jpg,https://www.linentablecloth.com/blog/wp-content/uploads/2015/03/paperlanternhab_materials.png
000416.jpg,https://images-na.ssl-images-amazon.com/images/I/41WyPCj36BL.jpg
000417.jpg,https://ae01.alicdn.com/kf/HTB1fgQsbPuhSKJjSspmq6AQDpXaJ/30cm-40cm-Rainbow-Hot-Air-Balloon-Paper-Lantern-Balls-Kids-Birthday-Party-Wedding-Decoration-DIY-Hanging.jpg
000418.jpg,https://www.dhresource.com/600x600/f2/albu/g4/M00/99/4B/rBVaEFmw3SWAVu4mAAGNAHsRGHA164.jpg
000419.jpg,https://i5.walmartimages.com/asr/f75e0940-765e-4dc8-8698-96a23635b7d0_1.4bea08a5b2b383aab7751f3ad8d7774a.jpeg?odnHeight=450&odnWidth=450&odnBg=FFFFFF
000420.jpg,https://images.yswcdn.com/69997646-ql-85/603/799/aah/paperlanternstore/turquoise-rainbow-hot-air-balloon-paper-lantern-45.jpg
000421.jpg,https://image.shutterstock.com/image-photo/group-paper-lanterns-hanging-together-260nw-41625586.jpg
000422.jpg,http://thepleatedpoppy.com/wp-content/uploads/2014/08/hot-air-balloons6.jpg
000423.jpg,https://i.pinimg.com/originals/b0/55/10/b05510b1a4aafa7817cbf077745f85cc.jpg
000424.jpg,https://busycreatingmemories.com/wp-content/uploads/2017/08/Pampers-Hot-air-Balloon-Diaper-Cake-FInal-40-of-43.jpg
000425.jpg,https://hotpaperlantern.com/wp-content/uploads/2019/05/HPL_type_white_screen.png
000426.jpg,http://blog.consumercrafts.com/wp-content/uploads/2013/05/hotairballoon02sm.jpg
000427.jpg,https://sc01.alicdn.com/kf/HTB1cZ9XLpXXXXcKaXXXq6xXFXXXa/200136014/HTB1cZ9XLpXXXXcKaXXXq6xXFXXXa.jpg
000428.jpg,https://p.globalsources.com/IMAGES/PDT/BIG/333/B0935515333.jpg
000429.jpg,https://www.picclickimg.com/00/s/ODAwWDgwMA==/z/jDQAAOSwjDZYeItR/$/12-Home-Room-Hot-Air-Balloon-Paper-Lantern-_1.jpg
000430.jpg,https://cms.orientaltrading.com/sites/default/files/steps/wide/desktop/2x/paper-lantern-decorating-idea-1.jpg
000431.jpg,https://cf.shopee.ph/file/265b52490f5dd0a5f3732ef5f4b42697
000432.jpg,https://i.ebayimg.com/00/s/ODAwWDgwMA==/z/RYgAAOSwOKZZlp90/$_12.JPG?set_id=880000500F
000433.jpg,https://thumbs.dreamstime.com/b/paper-lantern-icon-white-background-simple-element-illustration-cultures-concept-symbol-design-141324083.jpg
000434.jpg,https://thumbnail.imgbin.com/9/2/15/imgbin-light-sky-lantern-paper-lantern-light-KprHmMEV4tgKaFCQfuZaTHnPc_t.jpg
000435.jpg,http://www.balloonsale.us/images/Cartoon-Balloon-Lanterns/Orange-Cartoon-Hot-Air-Balloon-Paper-Lantern-for-Kids-Room-Decoration.jpg
000436.jpg,https://sep.yimg.com/ay/yhst-56772705332393/pineapple-and-white-hot-air-balloon-paper-lantern-12in-9.gif
000437.jpg,https://www.balloons4you.co.nz/wp-content/uploads/2018/12/Paper-Hot-Balloon-Latern-Blue-Rainbow-1.jpg
000438.jpg,https://static.toiimg.com/thumb/msid-71777428,width-1070,height-580,imgsize-113822,resizemode-6,overlay-toi_sw,pt-32,y_pad-40/photo.jpg
000439.jpg,https://images-na.ssl-images-amazon.com/images/I/41BFOB5gXvL.jpg
000440.jpg,https://www.homeheartcraft.com/resources/Hot%20Air%20Balloon%20Paper%20Lantern%204.jpg?timestamp=1332459664249
000441.jpg,https://www.linentablecloth.com/blog/wp-content/uploads/2015/03/paperlanternhab_3.png
000442.jpg,https://images.yswcdn.com/69997646-ql-85/606/800/aah/paperlanternstore/pink-rainbow-hot-air-balloon-paper-lantern-46.jpg
000443.jpg,https://i.pinimg.com/originals/53/69/85/5369850a592c1b2d7590ea1ada075d28.jpg
000444.jpg,https://i.ytimg.com/vi/AmB5DcCYc7U/maxresdefault.jpg
000445.jpg,http://dailyimprovisations.com/wp-content/uploads/2013/05/pepper-in-pot-hot-paper-lantern-pot-planted.jpg
000446.jpg,https://ak7.picdn.net/shutterstock/videos/613657/thumb/1.jpg
000447.jpg,https://p.globalsources.com/IMAGES/PDT/BIG/327/B0935515327.jpg
000448.jpg,https://i5.walmartimages.com/asr/d38fd6ef-b13c-4ded-8914-300204d7cbcc_1.3cb82676535dd47f040ce1d141e5fcfc.jpeg
000449.jpg,https://thumbs.dreamstime.com/z/balloon-fire-sky-lantern-flying-lanterns-hot-air-balloons-flies-up-highly-101966106.jpg
000450.jpg,https://hotpaperlantern.com/wp-content/uploads/2019/02/ed-boldsteps-1280x561.png
000451.jpg,https://www.picclickimg.com/d/l400/pict/173919942542_/Chinese-Sky-Lanterns-Flying-Paper-Kongming-Lantern.jpg
000452.jpg,http://www.balloonsale.us/images/Balloon-Paper-Lantern/Bule-Rainbow-Air-Balloon-Paper-Lantern.jpg
000453.jpg,https://thumbnail.imgbin.com/16/25/3/imgbin-jack-o-lantern-sky-lantern-paper-lantern-hot-air-balloon-light-NCZAbWJ9L1rhkutMN1SXdp6kT_t.jpg
000454.jpg,https://sep.yimg.com/ay/yhst-56772705332393/nude-and-white-hot-air-balloon-paper-lantern-12in-9.gif
000455.jpg,https://busycreatingmemories.com/wp-content/uploads/2017/08/Pampers-Hot-air-Balloon-Diaper-Cake-FInal-43-of-43.jpg
000456.jpg,https://i.pinimg.com/originals/26/aa/45/26aa458898f37d93d1dcb7ba629b592b.jpg
000457.jpg,https://images-na.ssl-images-amazon.com/images/I/41AqyPmVVUL.jpg
000458.jpg,https://i5.walmartimages.com/asr/f8abd38f-9283-42c8-b0de-8c26c5cc20ed_1.8dbe85b886cedff212b6d5272929aafc.jpeg?odnHeight=560&odnWidth=560&odnBg=FFFFFF
000459.jpg,https://www.homeheartcraft.com/resources/Hot%20Air%20Balloon%20Paper%20Lantern%203.jpg?timestamp=1332459633740
000460.jpg,http://dailyimprovisations.com/wp-content/uploads/2013/10/save-HPL-seed-splayed.jpg
000461.jpg,https://images.yswcdn.com/69997646-ql-85/670/800/aah/paperlanternstore/8-fuchsia-honeycomb-ball-lanterns-3-pack-38.jpg
000462.jpg,https://cf.shopee.ph/file/3651bceea251e7a95c693e2cf4beb930
000463.jpg,https://i.ytimg.com/vi/xY0vPPgVdcA/hqdefault.jpg
000464.jpg,https://boyuzatma.co/wp-content/uploads/2018/12/china-lampions-luxus-hot-1pc-chinese-paper-lantern-birthday-wedding-party-decor-t-of-china-lampions.jpg
000465.jpg,http://www.balloonsale.us/images/Cartoon-Balloon-Lanterns/Red-Cartoon-Hot-Air-Balloon-Paper-Lantern-for-Kids-Room-Decoration.jpg
000466.jpg,https://hotpaperlantern.com/wp-content/uploads/2019/05/SABRE_1500x1500-640x640.png
000467.jpg,http://www.coutureavenueparties.com/images/1657/en32931621640_4.jpg
000468.jpg,https://busycreatingmemories.com/wp-content/uploads/2017/08/Pampers-Hot-air-Balloon-Diaper-Cake-FInal-41-of-43.jpg
000469.jpg,https://cf.shopee.com.my/file/4a4924b7f6f8369a6f9caedb34a8bb96
000470.jpg,https://sep.yimg.com/ay/yhst-56772705332393/led-torch-silk-lanterns-7.jpg
000471.jpg,https://i5.walmartimages.com/asr/93255f3e-0a32-42b2-892d-c7322cc71b8e_1.2b7be2d4d50ab96373a3a59aebdf394a.jpeg?odnHeight=2000&odnWidth=2000&odnBg=ffffff
000472.jpg,https://images-na.ssl-images-amazon.com/images/I/41Tzfho--bL.jpg
000473.jpg,https://i.ytimg.com/vi/t-R2jXVMkw0/hqdefault.jpg
000474.jpg,https://hotpaperlantern.com/wp-content/uploads/2019/08/StrangerThings-Article_1500x1500-640x640.jpg
000475.jpg,https://i.pinimg.com/564x/4e/25/de/4e25ded605c86c307f3dae6ea7bccde1.jpg
000476.jpg,https://sep.yimg.com/ay/yhst-56772705332393/petunia-purple-and-white-hot-air-balloon-paper-lantern-12in-9.gif
000477.jpg,https://images-na.ssl-images-amazon.com/images/I/51d9kUZypgL.jpg
000478.jpg,https://i.ytimg.com/vi/GhzkYjYDqDI/maxresdefault.jpg
000479.jpg,https://papermatrix.files.wordpress.com/2012/02/mobile-001-a.jpg
000480.jpg,https://images-na.ssl-images-amazon.com/images/I/41KBUlASauL.jpg
000481.jpg,https://i.ytimg.com/vi/KF9pRu-AaU8/maxresdefault.jpg
000482.jpg,https://www.wunderstore.co.uk/images/Time-to-Sparkle/Time-to-Sparkle-TtS-Tissue-Paper-Round-Lanterns-LampShade-Lamp-Shade-Wedding-Birthday-Party-Decoration-Metal-Silver,12-(30cm)-10pcs-1841128829.jpg
000483.jpg,http://dailyimprovisations.com/wp-content/uploads/2013/05/pepper-in-pot-potulaca-and-night-phlox.jpg
000484.jpg,http://dailyimprovisations.com/wp-content/uploads/2013/07/portulaca-from-seed-day-vs-night-pot.jpg
000485.jpg,https://sc01.alicdn.com/kf/HTB1mIOvSXXXXXcaXFXXq6xXFXXXM.jpg
000486.jpg,https://upload.wikimedia.org/wikipedia/commons/9/94/SkyLanternRichy01.jpg
000487.jpg,https://s-media-cache-ak0.pinimg.com/736x/fb/f5/3d/fbf53de128c143ca4ae11343b40d32e0.jpg
000488.jpg,https://i.pinimg.com/originals/78/66/cb/7866cb3e00d1b3b83e08bc53b810de8b.jpg
000489.jpg,http://ep.yimg.com/ay/paperlanternstore/20-fuchsia-hot-pink-round-paper-lantern-crisscross-ribbing-hanging-light-not-included-4.jpg
000490.jpg,http://3.bp.blogspot.com/-NLbdzHA529s/TsnfQLXZv7I/AAAAAAAACd4/Ca64d0ZhgWk/s1600/paperlanternhotairballoons_2b.jpg
000491.jpg,https://www.tigerfeetparty.com/csi/1376256/i/pzi/64242web.jpg
000492.jpg,http://1.bp.blogspot.com/-9G8BPxQWkrA/Tsne5JaLCLI/AAAAAAAACdw/Vn62EZKVId4/s1600/paperlanternhotairballoons_1b.jpg
000493.jpg,http://2.bp.blogspot.com/-TLlc0mxQmjg/Tsn-sBEvGNI/AAAAAAAACfQ/Mxb--f4LFN0/s1600/paperlanternhotairballoon_inst4.jpg
000494.jpg,https://d1wwyfhxuarwk4.cloudfront.net/images/products/common/white/xl/9703-45-w_hot-air-balloon-paper-lantern-set-in-gold-and-whiteccc3504f5f5440eaea9a2654bbffe5d1.jpg
000495.jpg,https://images.weddingfavorsunlimited.com/wedding/Extras/WS/WS-9703-45_8.jpg
000496.jpg,https://cdn.shopify.com/s/files/1/0163/3546/products/baby_blue_hot_air_balloon_paper_lantern.jpg
000497.jpg,http://blog.darice.com/wp-content/uploads/2014/03/Supplies1.jpg
000498.jpg,https://cdn.shopify.com/s/files/1/0163/3546/products/baby_pink_hot_air_balloon_paper_lantern.jpg
000499.jpg,https://cdn.beau-coup.com/products/7655/105835-500.jpg
000500.jpg,https://sep.yimg.com/ay/paperlanternstore/6-fuchsia-hot-pink-round-paper-lantern-even-ribbing-hanging-decoration-57.jpg
000501.jpg,http://craftandcreativity.com/blog/wp-content/uploads/2013/11/paperlanternhotairballon6.jpg
000502.jpg,http://chilibaron.ch/images/stories/virtuemart/product/Habanero_Hot_Paper_Lantern.jpg
000503.jpg,http://craftandcreativity.com/blog/wp-content/uploads/2013/11/paperlanternhotairballon1.jpg
000504.jpg,http://g02.a.alicdn.com/kf/HTB1yl3JIVXXXXcBXVXXq6xXFXXXP/10Pcs-lot-Hot-Air-Balloon-Paper-Lantern-12-inch-for-Wedding-Party-Birthday-Craft-Garden-Decoration.jpg
000505.jpg,https://ae01.alicdn.com/kf/HTB1J6ETJVXXXXaOXFXXq6xXFXXXV/10pcs-lot-12-inch-30cm-48cm-Multicolor-Hot-Air-Balloon-Paper-Lantern-Wishing-Lanterns-for-Birthday.jpg
000506.jpg,http://blog.darice.com/wp-content/uploads/2014/03/Storing-the-Paper-Lantern-Hot-Air-Balloon1.jpg
000507.jpg,http://i.ebayimg.com/images/i/282114512365-0-1/s-l1000.jpg
000508.jpg,http://4.bp.blogspot.com/-O76Npzm0THk/Tsnz7o1ptWI/AAAAAAAACeQ/tvs6R1s4610/s1600/paperlanternhotairballoon_instr1.jpg
000509.jpg,http://www.eusmile.com/gallary/OT00814P/orangeandgreen.jpg
000510.jpg,https://cdn.pricearchive.org/images/aliexpress.com/32762258242/lanterne-boule-chinoise-Hot-5pcs-lot-16-40cm-Traditional-Chinese-Paper-Lanterns-For-Wedding-Party-pendant.jpg
000511.jpg,http://craftandcreativity.com/blog/wp-content/uploads/2013/11/paperlanternhotairballon21.jpg
000512.jpg,http://craftandcreativity.com/blog/wp-content/uploads/2013/11/paperlanternhotairballon4.jpg
000513.jpg,http://www.makelifelovely.com/wp-content/uploads/2014/05/Hot-Air-Balloons-from-Paper-Lanterns.jpg
000514.jpg,http://4.bp.blogspot.com/-Mc55C1OklYE/TsncD27QkiI/AAAAAAAACdg/k6VcViqAZuA/s1600/paperlanternhotairballoons_3.jpg
000515.jpg,http://4.bp.blogspot.com/-KQPLrLR2-a0/TsnzwdB-oGI/AAAAAAAACeI/VMwb1V1lseU/s1600/paperlanternhotairballoon_instr2.jpg
000516.jpg,http://partyonline24.com/image/catalog/party-supplies/party-accessories/hanging-hot-air-balloon-paper-lantern-party-decorations-blue.jpg
000517.jpg,https://i.pinimg.com/736x/f3/31/93/f3319322c3f21c0a393759486cc7d201--paper-lanterns-hot-air-balloons.jpg
000518.jpg,http://lovinghere.com/wp-content/uploads/2015/09/DIY-HOT-AIR-BALLOON-FROM-PAPER-LANTERN.jpg
000519.jpg,https://i.pinimg.com/736x/4c/30/c5/4c30c56c1f92b7aa129f85779bb2b219--white-lanterns-paper-lanterns.jpg
000520.jpg,http://blog.darice.com/wp-content/uploads/2014/03/Paper-Lantern-Hot-Air-Balloon-Strings.jpg
000521.jpg,http://blog.weddingstar.com/wp-content/uploads/weddingstar_9703-45_hot-air-balloon-paper-lantern-set-free-download-1920x1080.jpg
000522.jpg,https://i.pinimg.com/736x/10/a3/a2/10a3a279eec263378c051e4804fae1cc--paper-lanterns-boy-shower.jpg
000523.jpg,https://chilli-seedz.com/wp-content/uploads/2016/06/Paper-Lantern-Close-Up-900x900.jpg
000524.jpg,http://lovinghere.com/wp-content/uploads/2015/09/DIY-HOT-AIR-BALLOON-FROM-PAPER-LANTERN-2.jpg
000525.jpg,https://chilli-seedz.com/wp-content/uploads/2016/06/Paper-Lantern-Label-900x900.jpg
000526.jpg,https://cdn.shopify.com/s/files/1/0163/3546/products/14_inches_light_blue_paper_lantern_1024x1024.jpg
000527.jpg,https://i.pinimg.com/736x/58/62/bf/5862bfedb1a312d7b0cdf3d15c0e81aa--balloon-centerpieces-centrepieces.jpg
000528.jpg,http://dailyimprovisations.com/wp-content/uploads/2013/05/pepper-in-pot-hot-paper-lantern-mature-plants-2011.jpg
000529.jpg,https://img.alicdn.com/bao/uploaded/TB1V.L2eqagSKJjy0FaXXb0dpXa.jpg
000530.jpg,https://s-media-cache-ak0.pinimg.com/736x/c4/61/4a/c4614aae087ab127b941955aeaea18d5--vintage-chinese-lanterns-garden-lanterns.jpg
000531.jpg,http://2.bp.blogspot.com/-BJhcO9CAEzw/Tsn85yO1p1I/AAAAAAAACe4/GTaLue0UWV0/s1600/paperlanternhotairballoon_inst3.jpg
000532.jpg,https://i.pinimg.com/736x/67/92/e3/6792e362c81aeae262219a4b3ef4573e--balloon-birthday-balloon-decorations.jpg
000533.jpg,https://i1.wp.com/www.makelifelovely.com/wp-content/uploads/2014/05/Hot-Air-Balloon-Paper-Lantern-DIY.jpg
000534.jpg,https://i.pinimg.com/originals/04/43/20/044320b5958c91322866a0220008eb42.jpg
000535.jpg,http://4.bp.blogspot.com/-CeX54dAEojg/TsnzSykWTsI/AAAAAAAACeA/vfdCBw4S5hg/s1600/paperlanterninstr1.jpg
000536.jpg,https://cdn.shopify.com/s/files/1/0163/3546/products/baby_shower_air_balloon_lantern.jpg
000537.jpg,http://partyonline24.com/image/catalog/party-supplies/party-accessories/hanging-hot-air-balloon-paper-lantern-party-decorations-green.jpg
000538.jpg,https://i.pinimg.com/736x/02/84/06/028406fefad062ab1be4eea6ef175212--paper-lanterns-hot-air-balloons.jpg
000539.jpg,http://4.bp.blogspot.com/-TjyPITQWRL0/Tsn7tBGTy8I/AAAAAAAACew/du-YUskHB2U/s1600/paperlanterninstr2.jpg
000540.jpg,http://partyonline24.com/image/catalog/party-supplies/party-accessories/hanging-hot-air-balloon-paper-lantern-party-decorations-red.jpg
000541.jpg,http://4.bp.blogspot.com/-OcmUGbqmitA/Tsn-Pzuqp0I/AAAAAAAACfI/zCtZR2tdhg0/s1600/paperlanterninstr3.jpg
000542.jpg,https://i.pinimg.com/originals/5c/66/ba/5c66ba20286971a31978be6a2d383d5a.jpg
000543.jpg,http://g01.a.alicdn.com/kf/HTB15dMkMVXXXXcwXFXXq6xXFXXXc/New-12inch-17Colors-Rainbow-Paper-Lantern-font-b-Hot-b-font-font-b-Air-b-font.jpg
000544.jpg,http://4.bp.blogspot.com/-rhZ5Dczd1XU/UCathkIcw6I/AAAAAAAAAlY/3Pm4SO1y63I/s1600/IMG_4999.jpg
000545.jpg,https://i.pinimg.com/736x/ae/57/b8/ae57b8a9ef7b625a88e5e24daa571325--paper-lanterns-scrapbook-paper.jpg
000546.jpg,https://i.pinimg.com/736x/1d/75/d9/1d75d991ba1ed963463ca06f3d0b158b--balloon-birthday-parties-balloon-party.jpg
000547.jpg,https://i.pinimg.com/736x/c9/06/82/c90682dd56cdb7a5847bdef56a756142--wedding-table-numbers-wedding-tables.jpg
000548.jpg,https://img-aws.ehowcdn.com/default/cme/cme_public_images/www_ehow_com/cdn-write.demandstudios.com/upload/image/3A/F0/73C498EB-34C7-4AA3-B496-1E70A241F03A/73C498EB-34C7-4AA3-B496-1E70A241F03A.jpg
000549.jpg,http://1.bp.blogspot.com/-wlVUbT5Jj-4/UCatkFOQbqI/AAAAAAAAAlg/Vc8v5pjvKRs/s1600/IMG_5003.jpg
000550.jpg,https://solanaseeds.netfirms.com/hotpaperlantern5.jpg
000551.jpg,https://c8.alamy.com/comp/PRX848/balloon-fire-flying-lanterns-hot-air-balloons-lantern-flies-up-highly-in-the-sky-PRX848.jpg
000552.jpg,http://www.oitems.com/images/Balloon-Shaped-Paper-Lantern/Pink-Air-Balloon-Shaped-Paper-Lantern.jpg
000553.jpg,https://ae01.alicdn.com/kf/HTB11W59JVXXXXbDXXXXq6xXFXXXH/HOT-Big-Chinese-font-b-KONGMING-b-font-Lanterns-Fly-Sky-Candle-Lamp-Flying-Wishing-Paper.jpg
000554.jpg,http://3.bp.blogspot.com/-_xD4XOFr4y4/UCatrjtC7iI/AAAAAAAAAlw/LBTAtZYU3hE/s1600/IMG_5031.jpg
000555.jpg,https://cdn.shopify.com/s/files/1/0648/0267/products/L86592.jpg
000556.jpg,https://i.pinimg.com/originals/7f/25/4f/7f254f6e4b8bfc3ebae2848f8376d6ca.jpg
000557.jpg,https://s-media-cache-ak0.pinimg.com/736x/93/cc/d1/93ccd1eb1e11c1f034c8120c56667984--owl-lantern-owl-nursery.jpg
000558.jpg,https://sc01.alicdn.com/kf/HTB1CpKBKVXXXXcJaXXXq6xXFXXXt/Chinese-round-paper-lanterns-Party-Stars-Perfect.jpg
000559.jpg,https://ae01.alicdn.com/kf/HTB1vOP5SXXXXXX.aXXXq6xXFXXXu/Hot-8pcs-Tiffany-Set-Paper-Crafts-Tissue-Pom-Pom-White-Round-Paper-Lanterns-Wedding-Party-Decoration.jpg
000560.jpg,http://4.bp.blogspot.com/-l6DgNGKDU_k/UCatmcYww0I/AAAAAAAAAlo/mXaTI6H50ec/s1600/IMG_5015.jpg
000561.jpg,http://i1.wp.com/www.makelifelovely.com/wp-content/uploads/2014/05/Hot-Air-Balloon-Paper-Lantern-DIY.jpg
000562.jpg,https://i.pinimg.com/originals/f6/46/6b/f6466ba3d2898ceae4ea0f95f7a957d6.jpg
000563.jpg,https://s-media-cache-ak0.pinimg.com/736x/a8/fd/46/a8fd46a8da2766a9e349d69759d23317.jpg
000564.jpg,http://3.bp.blogspot.com/-oHCnNupEM1o/TnaqA7KKMKI/AAAAAAAAAd8/QL13F0iapq4/s1600/cloud-pendant-light-materials.jpg
000565.jpg,https://allthatsinteresting.com/wordpress/wp-content/uploads/2011/06/yi-peng-lanterns-in-sky.jpg
000566.jpg,http://www.sellingshelf.com/gallery/tem5/OS759-A-B-tem5-3.jpg
000567.jpg,https://bloximages.chicago2.vip.townnews.com/themorningsun.com/content/tncms/assets/v3/editorial/d/45/d4579544-f4fb-11e9-aced-af19014cdaa6/5daf4dda8d58e.image.jpg
000568.jpg,https://myrealdomain.com/images/lantern-festival-clipart-7.jpg
000569.jpg,https://content.instructables.com/FYD/L2YN/K226F8HZ/FYDL2YNK226F8HZ.LARGE.jpg
000570.jpg,https://content.instructables.com/FF9/LGOA/K226F8HX/FF9LGOAK226F8HX.LARGE.jpg
000571.jpg,https://content.instructables.com/FLI/ZQO2/K226F8HY/FLIZQO2K226F8HY.LARGE.jpg
000572.jpg,https://mirvac-cdn-prd.azureedge.net/-/media/Project/Mirvac/Retail/Base-Retail-Site/Images/National-Retailer-Offers/BedBathNTableChristmas192160x1080.jpg
000573.jpg,https://myrealdomain.com/images/lantern-festival-clipart-9.jpg
000574.jpg,https://content.instructables.com/FE0/5IO7/K226F8IC/FE05IO7K226F8IC.LARGE.jpg
000575.jpg,https://myrealdomain.com/images/lantern-festival-clipart-6.jpg
