image,source
000001.jpg,https://cdn11.bigcommerce.com/s-q83qdckkjh/images/stencil/1280x1280/products/1065/3036/Lemon-Drop-PepperBC__99187.1519262099.jpg?c=2&imbypass=on
000002.jpg,https://www.cayennediane.com/wp-content/uploads/Aji_Limo-Plant.jpg
000003.jpg,https://d1nw62gticy6e9.cloudfront.net/uploads/Lemon-Drop-Pepper-Seeds.jpg
000004.jpg,https://www.pepperscale.com/wp-content/uploads/2014/10/lemon-drop-pepper_1-768x576.jpg
000005.jpg,https://www.rareseeds.com/assets/1/14/DimRegular/Pepper_Lemon_Drop_IMG_4208.JPG
000006.jpg,https://images-na.ssl-images-amazon.com/images/I/61PVDt1jXmL._SX355_.jpg
000007.jpg,https://i.etsystatic.com/6562529/r/il/8b546b/1355782907/il_794xN.1355782907_hb59.jpg
000008.jpg,https://www.superhotchiles.com/wp-content/uploads/2018/04/Aji-Lemon-Drop-Pepper-Seeds.jpg
000009.jpg,https://cdn.shopify.com/s/files/1/0860/2016/products/Lemon_Drop_1024x1024.jpg?v=1482769227
000010.jpg,https://www.magicgardenseeds.com/pics/mgs/CAP15/1000/Aj%C3%AD-lim%C3%B3n-Lemon-Drop-Pepper-(Capsicum-baccatum).jpg
000011.jpg,https://www.chili-shop24.com/media/image/33/71/13/21ac174398df83e6004302412d7fab7c_600x600.jpg
000012.jpg,https://cdn.shopify.com/s/files/1/0871/0950/products/Aji-Lemon-Pepper-Seeds_1024x1024.jpg?v=1548196202
000013.jpg,https://images-na.ssl-images-amazon.com/images/I/91dgtUXWFYL._SX425_.jpg
000014.jpg,https://i.etsystatic.com/12846395/r/il/b72de6/1264682180/il_570xN.1264682180_nywa.jpg
000015.jpg,http://cdn.shopify.com/s/files/1/0679/7951/products/Lemon-Drop-Chilli-0413_grande.jpeg?v=1415543367
000016.jpg,https://upload.wikimedia.org/wikipedia/commons/b/b8/C_baccatum_lemon_drop_fruit.jpg
000017.jpg,https://i.etsystatic.com/6221434/r/il/e578de/1439139540/il_794xN.1439139540_qqag.jpg
000018.jpg,https://i.ebayimg.com/images/g/VfQAAOSwJ6JdBrIl/s-l300.jpg
000019.jpg,https://cdn11.bigcommerce.com/s-f6cx4kq/images/stencil/1280x1280/products/166/619/aji_lemon_pepper_plants_at_Tyler_Farms_pepper_seeds__60302.1499094749.jpg?c=2&imbypass=on
000020.jpg,https://cdn.mr-fothergills.co.uk/product-images/op/z/26431z.jpg
000021.jpg,https://cdn.shopify.com/s/files/1/0915/1060/products/Yellow-Lemon-Drop-Hot-Lemon-Pepper-Plant-Pepper-Joes.jpg?v=1461956205
000022.jpg,https://images-na.ssl-images-amazon.com/images/I/61KBZE%2Bg1pL._SX425_.jpg
000023.jpg,https://www.rareseeds.com/assets/1/14/DimRegular/Pepper-Lemon-Drop-DSC00457_1.jpg
000024.jpg,https://cdn11.bigcommerce.com/s-f6cx4kq/images/stencil/1280x1280/products/154/625/ripe_Lemon_drop_aji_lemon_pepper_at_tyler_farms_2__88045.1499098308.jpg?c=2&imbypass=on
000025.jpg,https://www.fataliiseeds.net/wp-content/uploads/fromoldsite/lemon_drop_mature_001-800x800.jpg
000026.jpg,https://www.chilliseedbank.com.au/media/catalog/product/cache/image/720x560/4c3462793ba5f87d7658a49338bdb5e2/a/j/aji_limon.jpg
000027.jpg,http://images.squarespace-cdn.com/content/v1/5735d59937013b249142df1a/1473086765413-VH51TDXWOJOCHDEVR1CD/ke17ZwdGBToddI8pDm48kIyvoTDOqK6tuLbY8s33gHl7gQa3H78H3Y0txjaiv_0fDoOvxcdMmMKkDsyUqMSsMWxHk725yiiHCCLfrh8O1z5QPOohDIaIeljMHgDF5CVlOqpeNLcJ80NK65_fV7S1UTzjvHSAOXjnTxN2sJb-n4pP61BYfWtluh1bxbCEA7ounr1xKjsq_-rO8kOgOtwYvw/IMG_7230.JPG
000028.jpg,https://images.sellersourcebook.com/users/143753/lemon_drop_pepper_3.jpg?1480143253
000029.jpg,https://cdn.shopify.com/s/files/1/1122/4336/products/Lemon_Drop_4_large.jpg?v=1455809957
000030.jpg,https://www.linsfood.com/wp-content/uploads/2018/09/Aji-Limo-LinsFood.jpg
000031.jpg,https://www.chileplants.com/images/chiles/lemon-drop-pepper-plants.jpg
000032.jpg,https://plantswithapurpose.net/wp-content/uploads/2018/05/20170926_185506-1-e1538588915304.jpg
000033.jpg,https://external-preview.redd.it/egMCb7tDwrjX1RF82gWgAAczwrR53VGNZ-HGduUO_V0.jpg?auto=webp&s=11f38e0d319a3d981174c729051f8f22f6848f50
000034.jpg,http://www.magicgardenseeds.co.uk/pics/xJnvJGlld7k-1IQLgB1j2Wo1c_AGChRQ8HoqJnLSsvFKqx2-uPBsZfM_DlFiceKI/CAP15_420_1.jpg?res=high
000035.jpg,https://i.ebayimg.com/images/g/yP0AAOSwa9xajvmK/s-l640.jpg
000036.jpg,https://images-na.ssl-images-amazon.com/images/I/619FdE4EVVL._SX425_.jpg
000037.jpg,https://www.chilipeppermadness.com/wp-content/uploads/2013/09/Aji-Lemon-Drop-Pepper.jpg
000038.jpg,https://www.chillibritain.co.uk/image/cache/catalog/Plants/lemon%20drop%20pod-500x500.jpg
000039.jpg,https://cdn2.bigcommerce.com/server2000/25208/products/168/images/380/lemon_drop__89064.1363183828.600.600.jpg?c=2
000040.jpg,https://cdn.shopify.com/s/files/1/1654/8555/products/164a_-_Lemon_Drop_800x.jpg?v=1551453055
000041.jpg,http://cdn.shopify.com/s/files/1/0011/9514/7364/products/il_fullxfull.1015990914_n6t3_708c4955-3eb8-41f2-a35f-8b5e16d8c641_1200x1200.jpg?v=1542950493
000042.jpg,http://www.spicegarden.eu/WebRoot/StoreLES/Shops/62431129/5BAA/0644/48F1/5E0F/56B6/0A0C/6D06/E7C1/chili_hot_lemon.JPG
000043.jpg,https://i.ytimg.com/vi/dGTi_MKbs-Q/hqdefault.jpg
000044.jpg,https://cdn1.bigcommerce.com/server700/5mvrqhbm/products/1898/images/151233/aji_lemon_drop_pepper2__25809.1548802794.1280.1280.JPG?c=2
000045.jpg,https://seaspringplants.co.uk/wp-content/uploads/2016/02/Lemon-drop-we-20.jpg
000046.jpg,https://www.kitchengardenseeds.com/media/catalog/product/cache/1/thumbnail/0dc2d03fe217f8c83829496872af24a0/c/h/chile-ajilimo1-w.jpg
000047.jpg,https://i.etsystatic.com/17447389/r/il/bb6365/1778848815/il_570xN.1778848815_mknp.jpg
000048.jpg,https://www.chillibritain.co.uk/image/cache/catalog/Plants/Lemon%20Drop%20Chilli%20Plant%20ebay-500x500.jpg
000049.jpg,https://chilli-seedz.com/wp-content/uploads/2017/11/Tepin-x-Lemon-Drop-Small-900x900.jpg
000050.jpg,https://images-na.ssl-images-amazon.com/images/I/71o0D6s9zQL._SL1500_.jpg
000051.jpg,https://previews.123rf.com/images/maxsol7/maxsol71709/maxsol7170900035/85767750-aji-lemon-drop-chile-peppers-capsicum-baccatum-whole-chopped-halved-in-piles-clipping-paths-for-each.jpg
000052.jpg,https://i.etsystatic.com/6562529/r/il/aac258/862909221/il_570xN.862909221_foql.jpg
000053.jpg,https://www.picclickimg.com/d/l400/pict/302948642946_/25-Organic-Heirloom-Lemon-Drop-Premium-Pepper-Seeds-S.jpg
000054.jpg,https://previews.123rf.com/images/maxsol7/maxsol71711/maxsol7171100022/91038144-dried-aji-lemon-drop-pepper-capsicum-baccatum-.jpg
000055.jpg,https://www.seriouseats.com/images/20110526-153368-lemon-drop-chile-peppers-post.jpg
000056.jpg,https://i.ebayimg.com/images/g/gDAAAOxy-o5R30yK/s-l300.jpg
000057.jpg,https://www.premierseedsdirect.com/wp-content/uploads/2019/02/114293067.jpg
000058.jpg,https://static.wixstatic.com/media/d45f52_cb2a542e71874adb8ee901b4e4f1caf7~mv2_d_4672_2628_s_4_2.jpg/v1/fill/w_480,h_270,al_c,q_85,usm_0.66_1.00_0.01/d45f52_cb2a542e71874adb8ee901b4e4f1caf7~mv2_d_4672_2628_s_4_2.jpg
000059.jpg,https://www.seedsnsuch.com/wp-content/uploads/2018/11/SnS_LemonDrop-1.jpg
000060.jpg,https://static.wixstatic.com/media/9bc169_116b00a75dca43fda9ebef1c89b101d0~mv2.jpg/v1/fill/w_660,h_768,al_c,lg_1,q_85/9bc169_116b00a75dca43fda9ebef1c89b101d0~mv2.jpg
000061.jpg,https://www.pepperworldhotshop.com/out/pictures/master/product/1/sb032-biohotlemon-1-canva.jpg
000062.jpg,http://www.chilliranch.co.uk/uploads/8/9/1/4/89145906/s633158856162072056_p20_i13_w640.jpeg
000063.jpg,http://rahiseedbank.com/wp-content/uploads/2014/07/l7.jpg
000064.jpg,http://www.organicseed.co.za/368-984-thickbox/lemon-drop-pepper.jpg
000065.jpg,https://images-na.ssl-images-amazon.com/images/I/51G3ujPH9FL._SX425_.jpg
000066.jpg,https://previews.123rf.com/images/maxsol7/maxsol71708/maxsol7170800009/83353282-aji-lemon-drop-or-aji-limon-pepper-capsicum-baccatum-fruits-leaves-flower-exploded-view-design-eleme.jpg
000067.jpg,https://www.seedwise.com/assets/uploads/listings/main/54cd8bc4b8d87.jpg
000068.jpg,https://www.plantasia.co.uk/images/stories/virtuemart/product/sku_cp08.jpg
000069.jpg,https://i.pinimg.com/originals/14/31/85/1431854838675166a9a46fd18f7a1c7d.jpg
000070.jpg,https://static.wixstatic.com/media/1e0cca_c328839fc2a647a19d8d550d3d8fcc5a.jpg/v1/fill/w_480,h_640,al_c,q_85,usm_0.66_1.00_0.01/1e0cca_c328839fc2a647a19d8d550d3d8fcc5a.jpg
000071.jpg,https://www.seaspringseeds.co.uk/images/stories/virtuemart/product/Lemon_Drop_4d19b991a5de1.jpg
000072.jpg,http://1.bp.blogspot.com/-T_fGYCzXL6E/UBaSZgeNf3I/AAAAAAAAAP4/NxMV1MKEmQ0/s1600/lemondrop3.jpg
000073.jpg,https://i.redd.it/s01ng06t2h6z.jpg
000074.jpg,https://c8.alamy.com/comp/G00RRN/chilli-lemon-drop-G00RRN.jpg
000075.jpg,https://static.wixstatic.com/media/d45f52_683bd4b90b864db09639714644764680~mv2_d_4672_2628_s_4_2.jpg/v1/fill/w_784,h_441,al_c,q_90/d45f52_683bd4b90b864db09639714644764680~mv2_d_4672_2628_s_4_2.webp
000076.jpg,https://linsfood.com/wp-content/uploads/2016/08/Aji-Limon.jpg
000077.jpg,https://croatianseeds-store.com/images/stories/virtuemart/product/lemon%20drop.jpg
000078.jpg,https://previews.123rf.com/images/maxsol7/maxsol71709/maxsol7170900032/85531705-aji-lemon-drop-chile-peppers-capsicum-baccatum-shadow-separated.jpg
000079.jpg,https://i.ebayimg.com/images/g/IHQAAOSw5wJdBO8y/s-l400.jpg
000080.jpg,https://thechillifactory.com/images/products/cropped_IMG_5095.jpg
000081.jpg,https://pepperheadsforlife.com/wp-content/uploads/2014/04/lemon-drop-peppers.jpg
000082.jpg,https://cdn1.bigcommerce.com/n-yp39j5/wmhmd53/products/1743/images/1931/Limon__82770.1388430403.1280.1280.JPG?c=2
000083.jpg,https://cdn.propagationplace.co.uk/pp/wp-content/uploads/Chilli-Pepper-Lemon-Drop-Plants-1-1000x1000.jpg
000084.jpg,https://i.ebayimg.com/images/g/9QIAAOSwBOlagQkO/s-l300.jpg
000085.jpg,https://www.pepperscale.com/wp-content/uploads/2015/06/aji-amarillo_1500px-e1433814734489.jpeg
000086.jpg,https://c8.alamy.com/comp/E8DN3C/aji-limon-chillies-aka-the-peruvian-lemon-drop-pepper-capsicum-baccatum-E8DN3C.jpg
000087.jpg,https://s3.amazonaws.com/cdn.totallytomato.com/images/popup/03055.jpg
000088.jpg,https://www.kitchengardenseeds.com/media/catalog/product/cache/1/thumbnail/0dc2d03fe217f8c83829496872af24a0/c/h/chile-ajilimo2-w.jpg
000089.jpg,https://i.pinimg.com/originals/74/11/7b/74117baee845ab9a127c00da040e312f.jpg
000090.jpg,https://image.shutterstock.com/image-photo/lemon-drop-pepper-peru-aji-600w-1078758770.jpg
000091.jpg,https://i.pinimg.com/736x/aa/a5/d1/aaa5d15a063faaa090ad872d64f427b1.jpg
000092.jpg,https://www.picclickimg.com/00/s/NjMzWDUwMA==/z/YNoAAOSweBtajvl9/$/20-Hot-Chili-Pepper-Seeds-LEMON-DROP-Vegetable-_1.jpg
000093.jpg,https://i.redd.it/auh8xyb5oam11.jpg
000094.jpg,https://cdn.shopify.com/s/files/1/1145/1260/products/aji-lemon-drop-2_large.jpg?v=1560536647
000095.jpg,https://static.wixstatic.com/media/92db72_cf46e296bed74fe0bb8b450f11e17471~mv2_d_4032_2268_s_2.jpg/v1/fit/w_498,h_280,q_90/file.jpg
000096.jpg,https://i.imgur.com/9eATjDL.jpg
000097.jpg,https://previews.123rf.com/images/adamgolabek/adamgolabek1504/adamgolabek150400050/38573770-low-poly-lemon-drop-pepper.jpg
000098.jpg,https://image.shutterstock.com/image-photo/chili-lemon-drop-peppers-harvesting-260nw-1236876514.jpg
000099.jpg,https://boomerangdave.files.wordpress.com/2013/09/ldj1a.jpg
000100.jpg,https://i.ebayimg.com/images/g/HBkAAOxyRNJShtcm/s-l400.jpg
000101.jpg,https://i.redd.it/isqa84fteoj11.jpg
000102.jpg,https://cdn.webshopapp.com/shops/60827/files/24541887/lemon-drop.jpg
000103.jpg,https://www.publicdomainpictures.net/pictures/230000/nahled/lemon-drops.jpg
000104.jpg,https://preview.ibb.co/kHrSxv/0710171509.jpg
000105.jpg,https://hudsonvalleyseed.com/media/catalog/product/cache/2/small_image/300x300/9df78eab33525d08d6e5fb8d27136e95/o/r/organic_lemon_drop_hot_pepper_vegetable_seeds.jpg
000106.jpg,http://www.organicseed.co.za/368-983-thickbox/lemon-drop-pepper.jpg
000107.jpg,https://heritageseedmarket.com/wp-content/uploads/2017/08/lemon-drop-BHS-324x300.jpg
000108.jpg,http://3.bp.blogspot.com/-Q1wMMXrhNU4/ULzhfVEPlOI/AAAAAAAAHms/YupeD7853AY/s1600/lemon+pepper.jpg
000109.jpg,https://www.dhresource.com/600x600/f2/albu/g4/M00/D5/1F/rBVaEVdbzIWAdbhzAACrPpsI-ug175.jpg
000110.jpg,https://previews.agefotostock.com/previewimage/medibigoff/0390c6208b76348d0d3f0c4b676efe72/aam-aaes30539.jpg
000111.jpg,https://www.edenproject.com/shop/sites/default/files/Lemon-Drop-Chilli-Seeds.jpg
000112.jpg,https://cathytesta.files.wordpress.com/2018/10/a-pepper-plants-copywrite-c-testa_0004.jpg?w=590
000113.jpg,https://c8.alamy.com/comp/X4N7TB/isolated-lemon-drop-pepper-X4N7TB.jpg
000114.jpg,https://i.pinimg.com/originals/4e/75/89/4e7589afe5c83975a5b09952c5583e90.jpg
000115.jpg,https://kitchen-garden.be/wp-content/uploads/Lemon-Drop-Pepper.jpg
000116.jpg,https://image.shutterstock.com/image-photo/lemon-drop-pepper-peru-aji-260nw-1088182571.jpg
000117.jpg,https://www.gardentags.com/profile/jnjl/images/244078/750/capsicum-baccatum-lemon-drop.jpeg
000118.jpg,http://www.organicseed.co.za/368-982-thickbox/lemon-drop-pepper.jpg
000119.jpg,https://cdn.shopify.com/s/files/1/1145/1260/products/primo-x-lemon-drop-2_large.jpg?v=1557511730
000120.jpg,https://www.crystalgraphicsimages.com/template/cffazgeda_largest.jpg
000121.jpg,https://suttons.s3.amazonaws.com/p/156030f_3.jpg
000122.jpg,https://www.pepperworldhotshop.com/out/pictures/master/product/1/lemondroppflanze_pj102.jpg
000123.jpg,https://i.imgur.com/Lzc6JzX.jpg
000124.jpg,https://d2lnr5mha7bycj.cloudfront.net/product-image/file/large_759f551c-0397-4284-88df-9a8a5a691ad6.jpg
000125.jpg,https://cdn.shopify.com/s/files/1/1022/5071/products/aji-pepper-lemon-drop-pepper-seeds-a-k-a-aji-limo-or-aji-limon-heirloom-pepper-from-peru-a-good-flavor-medium-hot-and-versatile-4_1024x1024.jpg?v=1565029578
000126.jpg,https://st4.depositphotos.com/15009716/21014/i/1600/depositphotos_210148388-stock-photo-closeup-of-yellow-lemon-drop.jpg
000127.jpg,https://www.chili-shop24.com/media/image/cf/ab/e5/9516_1_oT_600x600.jpg
000128.jpg,https://c8.alamy.com/comp/E8DN40/aji-limon-chillies-aka-the-peruvian-lemon-drop-capsicum-baccatum-growing-E8DN40.jpg
000129.jpg,https://chilliworkshop.co.uk/wp-content/uploads/2019/04/Lemon-drops.gif
000130.jpg,https://www.conoverfarm.com/wp-content/uploads/2019/01/Dried-Peppers-Lemon-Drop.jpg
000131.jpg,https://hudsonvalleyseed.com/media/catalog/product/cache/2/image/800x600/9df78eab33525d08d6e5fb8d27136e95/l/e/lemon_drop.jpg
000132.jpg,https://www.kitchengardenseeds.com/media/catalog/product/cache/1/thumbnail/0dc2d03fe217f8c83829496872af24a0/c/h/chile-ajilimo5-w.jpg
000133.jpg,https://www.superhotchiles.com/wp-content/uploads/2018/06/Aji_Lemon_Drop_3.jpg
000134.jpg,https://www.kitchengardenseeds.com/media/catalog/product/cache/1/thumbnail/0dc2d03fe217f8c83829496872af24a0/c/h/chile-ajilimo3-w.jpg
000135.jpg,https://www.cherrygal.com/images/thumbs/PepperLemonDrop.jpg
000136.jpg,https://aji.io/wp-content/uploads/2015/05/aji-lemon-drop-01-825x510.jpg
000137.jpg,http://static1.squarespace.com/static/5826bb149de4bb1fe2e102ad/583d3636e4fcb5082fe40788/5c0539fb562fa72a984901ba/1557084915802/lemon+drop+lr.jpg
000138.jpg,https://www.la-maison-de-cordelia.com/application/files/6815/0277/8412/Lemon_Drop_Chillies_Edited.jpg
000139.jpg,https://i.imgur.com/9awHmhE.jpg
000140.jpg,https://cathytesta.files.wordpress.com/2018/10/a-pepper-plants-copywrite-c-testa_0007.jpg?w=590
000141.jpg,https://i.pinimg.com/originals/d0/bf/53/d0bf53175902056fde167745a0579684.png
000142.jpg,https://i.imgur.com/pOUWBMo.jpg
000143.jpg,https://i.ytimg.com/vi/A5JzIpR5ySY/maxresdefault.jpg
000144.jpg,https://static.wixstatic.com/media/d45f52_72fc3074fb814fd5bd77a707df78d6d3~mv2_d_4672_2628_s_4_2.jpg/v1/fill/w_784,h_441,al_c,q_90/d45f52_72fc3074fb814fd5bd77a707df78d6d3~mv2_d_4672_2628_s_4_2.webp
000145.jpg,https://masdudiable.files.wordpress.com/2010/01/chilli_lemondrop-cu.jpg?w=584
000146.jpg,http://vcoinpro.co/wp-content/uploads/2019/09/lemon-pepper-plants-lemon-drop-pepper-plants-lemon-drop-pepper-plant-size.jpg
000147.jpg,https://upload.wikimedia.org/wikipedia/commons/8/8c/Dried_lemon_drop_peppers_on_white_background.jpg
000148.jpg,https://cdn.imgbin.com/8/10/23/imgbin-lemon-drop-pepper-peruvian-cuisine-fruit-food-5-de-mayo-zuw5u14KBptnPD5YT4xxzHDnF.jpg
000149.jpg,https://petalsandwings.files.wordpress.com/2014/09/chili-pepper-38-1-lemon-drop.jpg
000150.jpg,https://i.pinimg.com/originals/e5/e0/26/e5e02625aa8790b633254b187c341042.jpg
000151.jpg,https://static.wixstatic.com/media/92db72_435efac408194a4598fd49e0e62ad937~mv2.jpg/v1/fit/w_498,h_498,q_90/file.jpg
000152.jpg,http://www.doublehelixfarms.com/sites/default/files/pepper%20lemon%20drop1.jpg
000153.jpg,https://preview.ibb.co/hovvHv/0710171510.jpg
000154.jpg,https://garden.org/pics/2013-09-19/Paul2032/62aef3-300.jpg
000155.jpg,https://plantswithapurpose.net/wp-content/uploads/2018/05/20180418_192256-1-e1538589421253.jpg
000156.jpg,https://www.gardentags.com/profile/nickyd513/images/853391/750/capsicum-baccatum-lemon-drop.jpeg
000157.jpg,https://4.bp.blogspot.com/-rLOXgauYWHk/ViOgivrPnlI/AAAAAAAAB0A/UliwxKmfGh0/s1600/IMG_3876.JPG
000158.jpg,http://itsara.co/wp-content/uploads/2019/04/sweet-drop-pepper-seeds-lemon-drop-seeds-pepper-hut.jpg
000159.jpg,https://www.fataliiseeds.net/wp-content/uploads/fromoldsite/tepinxld-800x800.jpg
000160.jpg,https://sep.yimg.com/ay/yhst-134474119746231/aji-limon-aka-lemon-drop-4.gif
000161.jpg,https://c8.alamy.com/comp/J4AEDG/lemon-drop-chilli-J4AEDG.jpg
000162.jpg,https://www.doublestarfarms.com/wp-content/uploads/2017/09/chili-lemondroppepper.jpg
000163.jpg,https://i.imgur.com/g5YEMu9.jpg
000164.jpg,https://thumbs.dreamstime.com/z/fresh-assorted-chili-peppers-red-orange-yellow-hot-wooden-table-viewed-above-habanero-lemon-drop-thai-chilli-pepper-124504937.jpg
000165.jpg,https://as1.ftcdn.net/jpg/01/83/18/36/500_F_183183617_GTr4Ibj73RTpDjYP4VGz8micmdO9dKsk.jpg
000166.jpg,http://3.bp.blogspot.com/-2iZDxa3Az-A/T-5hYajjX1I/AAAAAAAAclU/6g_z6PPnUtM/s1600/IMG_8349.JPG
000167.jpg,https://scontent-sea1-1.cdninstagram.com/v/t51.2885-15/e35/67408996_2621578691220425_7598216296821239268_n.jpg?_nc_ht=scontent-sea1-1.cdninstagram.com&se=7&oh=103f0161c989d61f49bc92dad835574c&oe=5E0F1950&ig_cache_key=MjExNDg1MjQwMjI1MDE1OTE0Mw%3D%3D.2
000168.jpg,https://i.redd.it/kzo30ob5t9o31.jpg
000169.jpg,https://www.picclickimg.com/d/l400/pict/123907478909_/CHILLI-Criolla-Sella-10-Seeds-PERUVIAN-MILD-HOT.jpg
000170.jpg,https://image.shutterstock.com/image-photo/chili-lemon-drop-peppers-harvesting-260nw-1236876526.jpg
000171.jpg,https://www.seriouseats.com/recipes/images/20110526-153141-lemon-drop-hot-sauce.jpg
000172.jpg,https://www.la-maison-de-cordelia.com/application/files/thumbnails/small/9914/9837/4270/Lemon_Drop_Chillies_and_Cayenne_Chillies.jpg
000173.jpg,https://img.fromrussia.com/media/catalog/product/cache/1/image/9df78eab33525d08d6e5fb8d27136e95/1/8/182702.jpg
000174.jpg,http://howstrange.me/wp-content/uploads/2019/01/lemon-drop-pepper-salsa-recipe.jpg
000175.jpg,https://thesnailofhappiness.files.wordpress.com/2013/09/imgp1534.jpg
000176.jpg,https://allfoodeverything.files.wordpress.com/2014/11/20141112-dsc_9012.jpg
000177.jpg,https://cmkt-image-prd.freetls.fastly.net/0.1.0/ps/3238160/910/607/m1/fpnw/wm0/badge-.jpg?1505208018&s=b214ae8012b1341932b65433ad9ad7f0
000178.jpg,https://www.biolib.cz/IMG/GAL/262297.jpg
000179.jpg,https://c8.alamy.com/comp/CNW413/peruvian-hot-pepper-aji-pepper-aji-habanero-chili-lemon-drop-hot-lemon-CNW413.jpg
000180.jpg,https://kitchen-garden.be/wp-content/uploads/Lemon-Drop-pepper-1.jpg
000181.jpg,http://www.michis-tomatensamen.de/WebRoot/Store18/Shops/61597262/490C/D382/6D96/52E0/6F9C/C0A8/2936/480B/chililemondropst.jpg
000182.jpg,https://i.pinimg.com/474x/3d/02/c6/3d02c6bb2003e1ce1cb60f16d55b8eca--lemon-drops-bright-yellow.jpg
000183.jpg,https://www.chillibritain.co.uk/image/cache/catalog/Plants/lemon%20drop%20plug%20web-500x500.jpg
000184.jpg,https://static.theydrawandcook.com/uploads/cook/illustrations/images/8887/standard/DanielaGlassop-LemonDropHotPepper.jpg?1476405347
000185.jpg,https://i.ebayimg.com/images/g/wOYAAOSwcqBZozXd/s-l300.jpg
000186.jpg,https://www.kitchengardenseeds.com/media/catalog/product/cache/1/thumbnail/0dc2d03fe217f8c83829496872af24a0/c/h/chile-ajilimo4-w.jpg
000187.jpg,https://www.biolib.cz/IMG/GAL/262296.jpg
000188.jpg,http://gluecolombia.com.co/wp-content/uploads/2019/04/lemon-drop-pepper-organic-lemon-drop-pepper-lemon-drop-pepper-sauce-recipe-lemon-drop-pepper-review.jpg
000189.jpg,https://i0.wp.com/durandtsheirloomseeds.co.za/wp-content/uploads/2018/04/Aji-Lemon-drop-Chilli.jpg?fit=600%2C393
000190.jpg,https://uharvest.ca/shop/images/pepper-lemon-drop-2a.jpg
000191.jpg,https://cdn.shopify.com/s/files/1/1022/5071/products/aji-pepper-lemon-drop-pepper-seeds-a-k-a-aji-limo-or-aji-limon-heirloom-pepper-from-peru-a-good-flavor-medium-hot-and-versatile-5_1024x1024.jpg?v=1565029578
000192.jpg,https://i.ytimg.com/vi/63LSPBW3u3o/maxresdefault.jpg
000193.jpg,https://thumbs.dreamstime.com/z/fresh-chili-peppers-red-orange-yellow-hot-wooden-table-viewed-above-habanero-lemon-drop-cayenne-thai-bunch-mixed-124505006.jpg
000194.jpg,https://cdn.shopify.com/s/files/1/2961/7124/products/lemon_drops_1024x1024.jpg?v=1517649567
000195.jpg,http://millenniumfarms.bizland.com/sitebuildercontent/sitebuilderpictures/hotlemon.jpg
000196.jpg,https://image.shutterstock.com/display_pic_with_logo/6387/1078758764/stock-photo-lemon-drop-pepper-from-peru-aji-limo-capsicum-frutescens-l-1078758764.jpg
000197.jpg,https://t3.ftcdn.net/jpg/01/24/12/20/500_F_124122085_oL90z06EK7OncWBsLAwwmzPUJ4MKy8jc.jpg
000198.jpg,https://i.redd.it/mnchqkn14gp11.jpg
000199.jpg,https://c8.alamy.com/comp/X7J7PM/peruvian-hot-pepper-aji-pepper-aji-habanero-chili-lemon-drop-hot-lemon-capsicum-baccatum-hot-chili-pepper-red-and-green-X7J7PM.jpg
000200.jpg,http://i445.photobucket.com/albums/qq173/ArmadilloLC/IMG_9361.jpg
000201.jpg,https://media.istockphoto.com/photos/the-lemon-drop-medium-hot-yellow-chili-pepper-picture-id472082574
000202.jpg,https://www.organiclea.org.uk/wp-content/uploads/Lemon-drop-chilli.jpg
000203.jpg,http://ucanr.edu/blogs/EatLocal/blogfiles/38700_original.jpg
000204.jpg,https://kitchen-garden.be/wp-content/uploads/Lemon-Drop-fruits-1.jpg
000205.jpg,https://i.imgur.com/0MTnGfm.jpg
000206.jpg,https://acimg.auctivacommerce.com/imgdata/0/3/1/0/5/7/webimg/7109983.jpg
000207.jpg,http://gluecolombia.com.co/wp-content/uploads/2019/04/lemon-drop-pepper-organic-lemon-drop-pepper-seeds-vegetables-seeds-garden-supplies-lemon-drop-pepper-germination-time-lemon-drop-pepper-salsa-recipe.jpg
000208.jpg,https://thumbs.dreamstime.com/z/closeup-fresh-chili-peppers-red-orange-yellow-hot-viewed-above-habanero-lemon-drop-thai-cayenne-different-124473997.jpg
000209.jpg,https://tbn.bidorbuy.co.za/image/fetch/dpr_1.0,f_auto,t_btbnx/https://img.bidorbuy.co.za/image/upload/user_images/565/1429565/160702112221_Lemon-drop-pepper_lg.jpg
000210.jpg,http://www.peppergal.com/files/1917422/uploaded/64520074_edited.jpg
000211.jpg,https://rockymountainvinegar.com/wp-content/uploads/2019/07/Salmon-Pic-600x338.jpg
000212.jpg,https://www.chillibritain.co.uk/image/cache/catalog/Pods/lemon%20drop%20pods%2010g-500px-500x500.jpg
000213.jpg,https://www.picclickimg.com/d/l400/pict/372749952738_/10-Aji-Lemon-Drop-chilli-seeds.jpg
000214.jpg,https://previews.agefotostock.com/previewimage/medibigoff/06f6b91b9edbe5dbd60f605a5abc22f5/bwi-bs178559.jpg
000215.jpg,https://i.ytimg.com/vi/mQjW-HtT20o/hqdefault.jpg
000216.jpg,http://gluecolombia.com.co/wp-content/uploads/2019/04/lemon-drop-pepper-details-about-lemon-drop-pepper-seeds-lemon-drop-pepper-plant-lemon-drop-pepper-chili-recipe.jpg
000217.jpg,https://images.assetsdelivery.com/compings_v2/adamgolabek/adamgolabek1504/adamgolabek150400049.jpg
000218.jpg,https://thumbs.dreamstime.com/z/three-varieties-hot-chili-peppers-red-habanero-thai-peppers-yellow-lemon-drop-chilli-peppers-wooden-table-viewed-124504954.jpg
000219.jpg,http://i1248.photobucket.com/albums/hh482/TenthRung/Hot%20Peppers/100_1646_zps08258ae1.jpg
000220.jpg,https://c8.alamy.com/comp/R21241/collection-of-hot-chilli-peppers-on-black-background-lemon-drop-carolina-reaper-bolivian-rainbow-satan-tears-satan-drops-bishop-crown-R21241.jpg
000221.jpg,https://cdn.copymethat.com/media/orig_lemon_drop_fermented_hot_sauce_20190515160516080254oq0euk.jpg
000222.jpg,https://http2.mlstatic.com/frete-gratis-10-sementes-de-pimenta-lemon-drop-pepper-aji-D_NQ_NP_971577-MLB29284573697_012019-O.jpg
000223.jpg,http://i.imgur.com/PryrCyv.png
000224.jpg,https://images-na.ssl-images-amazon.com/images/I/41sTfKrSKLL.jpg
000225.jpg,http://growpepperseeds.com/wp-content/uploads/2019/06/biq3-300x225.jpg
000226.jpg,https://www.peperzadenwinkel.be/shops/chilizaden/613675-1.jpg
000227.jpg,https://www.picclickimg.com/d/l400/pict/263828157368_/USA-HEIRLOOM-Organic-Tobasco-Pepper-25-200-seeds.jpg
000228.jpg,https://upload.wikimedia.org/wikipedia/commons/6/62/Lemon-Drop.jpg
000229.jpg,https://ssl.c.photoshelter.com/img-get/I0000uIpEVbDeyGQ/s/750/750/150913-022-Chilli-Peruvian-Lemon-Drop.jpg
000230.jpg,http://helpinghandsyangon.org/wp-content/uploads/2019/09/demon-red-chilli-loads-of-chillies-chocolate-cayenne-demon-red-super-chilli-lemon-drop-and-orange-demon-red-chilli-pepper.jpg
000231.jpg,https://kitchen-garden.be/wp-content/uploads/Nepali-Pepper.jpg
000232.jpg,https://scontent-atl3-1.cdninstagram.com/vp/745841a008d9f89841fc692378775a2d/5E0B3A8E/t51.2885-15/e35/s480x480/69086295_953210031688169_7289965017865971392_n.jpg?_nc_ht=scontent-atl3-1.cdninstagram.com&_nc_cat=105
000233.jpg,https://sanctuarygardener.files.wordpress.com/2013/11/baby-lemon-drop-peppers-10nov13-sg.jpg
000234.jpg,https://i.imgur.com/Qzo1IC9.jpg
000235.jpg,http://1.bp.blogspot.com/-ov8_AM7Ipys/UArFSV2nqUI/AAAAAAAABRU/K1qtsBJ4rZo/s1600/Basket+of+Lemon+Drop+Peppers.JPG
000236.jpg,https://www.kentchillifarm.co.uk/wp-content/uploads/2017/09/5xaji-limon.jpg
000237.jpg,https://i.imgur.com/YCNwsV0.jpg
000238.jpg,https://previews.123rf.com/images/maxsol7/maxsol71708/maxsol7170800001/83353273-aji-lemon-drop-or-aji-limon-pepper-capsicum-baccatum-fruits-leaves-flower-clipping-path.jpg
000239.jpg,https://i.ebayimg.com/thumbs/images/m/mWKdMDCgi3UXbf0v7Dthesg/s-l225.jpg
000240.jpg,https://image.shutterstock.com/image-photo/lemon-drop-pepper-peru-aji-600w-1088186579.jpg
000241.jpg,https://hudsonvalleyseed.com/media/catalog/product/cache/2/image/700x/040ec09b1e35df139433887a97daa66f/l/e/lemon_drop_hot_pepper_web.png
000242.jpg,https://static2.bigstockphoto.com/3/0/2/large1500/203557381.jpg
000243.jpg,https://cartloom.s3.amazonaws.com/worldofchillies/120445_a7fac03f2241d8c803bd382f4b6fb1e6_orig.jpg
000244.jpg,http://thehotpepper.com/uploads/monthly_07_2017/post-9609-0-10930400-1499715417.png
000245.jpg,https://i.redd.it/htyxxats6vl31.jpg
000246.jpg,https://italianchilli.com/184-large_default/dried-hot-lemon-drop.jpg
000247.jpg,https://media.istockphoto.com/photos/red-pepper-and-lemon-drop-in-the-water-picture-id511468402
000248.jpg,https://alchetron.com/cdn/santa-fe-grande-pepper-ad8479fb-2760-41ff-b82a-2bdff9303d0-resize-750.jpg
000249.jpg,https://thesnailofhappiness.files.wordpress.com/2016/09/imgp0757.jpg?w=300&h=225
000250.jpg,https://www.chillibritain.co.uk/image/cache/catalog/Plants/lemon%20drop%20plant%20web-500x500.jpg
000251.jpg,https://i.ytimg.com/vi/GtRWYtjVBz0/maxresdefault.jpg
000252.jpg,https://www.picclickimg.com/d/l400/pict/263997107891_/USA-Aji-Lemon-Pepper-25-200-seeds-HEIRLOOM-Edible.jpg
000253.jpg,https://www.hydroponics.eu/officinal-medical-vegetables-and-chilli-pepper-seeds/chilli-seeds-bank/vogliapiccante-pepper-seeds-lemon-drop~Img_Principale_34058.jpg
000254.jpg,https://tbn.bidorbuy.co.za/image/fetch/dpr_1.0,f_auto,t_btbnx/https://img.bidorbuy.co.za/image/upload/v1520360270/user_images/613/2942613/180306201741_WP_20180303_08_05_39_Pro.jpg
000255.jpg,http://3.bp.blogspot.com/-y_rGkVHUBnQ/UArFbX3ruBI/AAAAAAAABRc/X9rJhBb4058/s1600/2012_0212hotsauce0001.JPG
000256.jpg,https://previews.agefotostock.com/previewimage/medibigoff/e65e59bb613ef968a7c7de7d0027393d/bwi-bs019292.jpg
000257.jpg,https://cdn.shopify.com/s/files/1/1145/1260/products/reaper-lemon-drop-2_large.jpg?v=1561140143
000258.jpg,https://www.premierseedsdirect.com/wp-content/uploads/2017/02/41581524-2-300x300.jpg
000259.jpg,https://c8.alamy.com/comp/EBJENW/peruvian-hot-pepper-aji-pepper-aji-habanero-chili-lemon-drop-hot-lemon-EBJENW.jpg
000260.jpg,http://i1321.photobucket.com/albums/u553/Bunnykiller187/CAM00753_zps2e2bb915.jpg
000261.jpg,https://amyskitchenblogblog.files.wordpress.com/2017/10/img_0231.jpg?w=495&h=660
000262.jpg,https://cdn3.volusion.com/yvznc.kdwpz/v/vspfiles/photos/YEM19206-3.jpg
000263.jpg,https://www.picclickimg.com/d/l400/pict/254360501033_/30-Lemon-Pepper-or-Lemon-Drop-Aji-Lemon-Limon.jpg
000264.jpg,http://www.everythingbutwine.com/images/1667t.jpg
000265.jpg,https://kitchen-garden.be/wp-content/uploads/Calcutta-Long-Pepper.jpg
000266.jpg,https://scontent-yyz1-1.cdninstagram.com/vp/a655e9d0a4add68b6d8414ce749727de/5DF4DB7C/t51.2885-15/sh0.08/e35/c0.135.1080.1080a/s640x640/68767980_2280063245544068_7482713345227307316_n.jpg?_nc_ht=scontent-yyz1-1.cdninstagram.com
000267.jpg,https://i.ytimg.com/vi/23wWAhnPQnk/maxresdefault.jpg
000268.jpg,https://peppercreekfarms.com/wp-content/uploads/2017/08/Lemon-Drop-Rim-Dipper.jpg
000269.jpg,https://alchetron.com/cdn/fatalii-a37b101d-2ae2-45b9-944e-a088c45fcfd-resize-750.jpeg
000270.jpg,https://cdn.shopify.com/s/files/1/1523/7044/products/AjiLemonDrop_large.jpg?v=1475895043
000271.jpg,https://dogwooddays.files.wordpress.com/2016/09/dsc_0109-2.jpg?w=820&h=312&crop=1
000272.jpg,http://vinlandvalleynursery.com/wp-content/uploads/pepper-group.jpg
000273.jpg,https://thumbs.dreamstime.com/z/bowl-fresh-mixed-chili-peppers-red-orange-yellow-hot-peppers-wooden-table-viewed-above-habanero-lemon-drop-thai-124505005.jpg
000274.jpg,https://dogwooddays.files.wordpress.com/2016/09/img_4770.jpg?w=306&h=230
000275.jpg,https://i.imgur.com/lEYMkis.jpg
000276.jpg,https://cdn.websites.hibu.com/17877cee51294afba1d4f42cd8c86467/dms3rep/multi/mobile/2167LemonDrop-1024x768.jpg
000277.jpg,http://chesapeakepepperco.com/wp-content/uploads/2015/10/LemonDrop-700w-150919.jpg
000278.jpg,https://t3.ftcdn.net/jpg/01/82/97/14/500_F_182971462_6Y4G9Bt57Rt2j7iwL0m7gnyGgd97YwFU.jpg
000279.jpg,https://static.lufa.com/uploads/blog/2949_Aj--lemon-pepper-Lufa-Farms-Ahuntsic.jpg
000280.jpg,https://i.ebayimg.com/images/g/JnYAAOxyuPtRA-tx/s-l300.jpg
000281.jpg,https://previews.agefotostock.com/previewimage/medibigoff/2a011b1906b48a0455a65b2929817622/bwi-bs178558.jpg
000282.jpg,http://i279.photobucket.com/albums/kk136/AlabamaJack/070908a001.jpg
000283.jpg,https://www.fataliiseeds.net/wp-content/uploads/2018/07/smooth_white2-1-324x413.jpg
000284.jpg,http://www.chiliwiki.fi/images/thumb/4/4d/Lemon_Drop_kyps%C3%A4n%C3%A4.jpg/350px-Lemon_Drop_kyps%C3%A4n%C3%A4.jpg
000285.jpg,https://garden-tags-live.s3-accelerate.amazonaws.com/merriterri_1464075027802.jpeg
000286.jpg,https://scontent-yyz1-1.cdninstagram.com/vp/da36180bea705755373a5e4bc2c76720/5E2FFAB8/t51.2885-15/sh0.08/e35/c0.135.1080.1080a/s640x640/71194002_2399537006766132_8637199164123854538_n.jpg?_nc_ht=scontent-yyz1-1.cdninstagram.com&_nc_cat=100
000287.jpg,https://www.premierseedsdirect.com/wp-content/uploads/2017/02/41581546-2-300x300.jpg
000288.jpg,https://m.blog.hu/fo/foolchili/image/termekek/lemon_drop/blogra01.jpg
000289.jpg,https://tibchili.hu/wp-content/uploads/2019/05/lemon-drop.jpg
000290.jpg,https://scontent-lax3-1.cdninstagram.com/v/t51.2885-15/sh0.08/e35/s750x750/69561755_499138170884441_170264991746107320_n.jpg?_nc_ht=scontent-lax3-1.cdninstagram.com&_nc_cat=105&oh=d0913b03c2f093ba5dff9ee8edfe52ab&oe=5DFE5817&ig_cache_key=MjEyOTI1OTY0MTg5MzQwMDU0MA%3D%3D.2
000291.jpg,http://www.brownenvelopeseeds.com/v/vspfiles/photos/Lemon-Drop-chillie-2.jpg
000292.jpg,http://www.thechilliking.com/wp-content/uploads/2013/09/Indoor-Lemon-Drop.jpg
000293.jpg,https://sanctuarygardener.files.wordpress.com/2014/11/harvest-lemon-drop-peppers-14nov14-sg.jpg
000294.jpg,http://www.peppersmack.com/uploads/products/WEBProductLemonDust.jpg
000295.jpg,https://ecs7.tokopedia.net/img/cache/700/product-1/2015/5/24/92676/92676_de5cd3e6-0172-11e5-a783-0e6d87772fba.jpg
000296.jpg,https://www.picclickimg.com/d/l400/pict/183503869416_/40-Aji-Limon-Lemon-Drop-Pepper-Heirloom-Seeds.jpg
000297.jpg,http://www.peppersmack.com/uploads/menus/head03b.png
000298.jpg,https://i.imgur.com/sJNtnXC.jpg
000299.jpg,https://tibchili.hu/wp-content/uploads/2019/04/57-500x383.jpg
000300.jpg,https://kingfisher.scene7.com/is/image/Kingfisher/5011567360679_02
000301.jpg,https://cat-rails-production2.s3.amazonaws.com/uploads/auction/item/image/213915/H11_Hot_.JPG
000302.jpg,http://thehotpepper.com/uploads/monthly_10_2012/post-2730-0-68510600-1349304126.jpg
000303.jpg,https://previews.agefotostock.com/previewimage/medibigoff/184e7faeee86eda8e7e92c4934e5a347/bwi-bs178554.jpg
000304.jpg,https://i.imgur.com/rOFFijV.jpg
000305.jpg,https://i.pinimg.com/236x/e6/66/66/e666662e13ba7b5a3f6d6749d1f6ff20--vegetables.jpg
000306.jpg,https://www.chaoticgenetics.com/img/product_photos/LEDXETP.4.jpg
000307.jpg,https://sanctuarygardener.files.wordpress.com/2014/10/harvest-lemon-drop-peppers-11oct14-sg.jpg?w=584&h=575
000308.jpg,http://followingadream.weebly.com/uploads/1/3/5/2/13528296/4929677_orig.jpg
000309.jpg,https://www.chillibritain.co.uk/image/cache/catalog/Powder/lemon%20drop%20powder%20web-500x500.jpg
000310.jpg,https://scontent-msp1-1.cdninstagram.com/vp/1e143f12ae8c5fbb280a6a2fee5438bd/5E25F2C6/t51.2885-15/e35/s480x480/70478283_2742871209069856_8874588704163349645_n.jpg?_nc_ht=scontent-msp1-1.cdninstagram.com&_nc_cat=104
000311.jpg,https://previews.123rf.com/images/molka/molka1607/molka160700033/61406838-yellow-fresh-picked-lemon-drop-chili.jpg
000312.jpg,https://backyard-eden.com/wp-content/uploads/2018/05/Caribbean-red-habanero-370x270.png
000313.jpg,https://scontent-frx5-1.cdninstagram.com/vp/780c9383ebb333eef687baf0b01a4341/5DEA58BE/t51.2885-15/fr/e15/s1080x1080/64244022_140713787031802_2446265362281344571_n.jpg?_nc_ht=scontent-frx5-1.cdninstagram.com
000314.jpg,https://ecs7.tokopedia.net/img/cache/700/product-1/2016/9/8/11866939/11866939_cf9ab0e1-ff21-4065-89ff-54876fd66534.jpg
000315.jpg,https://kitchen-garden.be/wp-content/uploads/10c-Lemon-Drop.jpg
000316.jpg,http://www.drybranchranch.com/uploads/1/1/0/4/11045026/7332013.jpg
000317.jpg,https://images-na.ssl-images-amazon.com/images/I/4197TAupOlL._SR600%2C315_PIWhiteStrip%2CBottomLeft%2C0%2C35_PIStarRatingONE%2CBottomLeft%2C360%2C-6_SR600%2C315_SCLZZZZZZZ_.jpg
000318.jpg,https://i.ytimg.com/vi/OkmGl62o854/hqdefault.jpg
000319.jpg,https://i.redd.it/neszk569w76z.jpg
000320.jpg,http://i.imgur.com/9umQNhg.jpg
000321.jpg,http://ourwaytoeat.com/wp-content/uploads/2012/08/lemon-drop-pepper.jpg
000322.jpg,https://hudsonvalleyseed.com/media/catalog/product/cache/2/image/800x600/9df78eab33525d08d6e5fb8d27136e95/l/e/lemon_drop_hot_pepper.jpg
000323.jpg,https://m.blog.hu/fo/foolchili/image/termekek/lemon_drop/blogra02.jpg
000324.jpg,https://www.pepperscale.com/wp-content/uploads/2016/01/Bishops-Crown-Pepper-e1456687870144-300x201.jpg
000325.jpg,https://upload.wikimedia.org/wikipedia/commons/thumb/6/69/BhutJolokia09_Asit.jpg/1200px-BhutJolokia09_Asit.jpg
000326.jpg,https://weloveshon.com/i-west/LemonDrop.jpg
000327.jpg,http://image.izettle.com/product/1024/vWrQYM4REei7W6d10shatQ-o9heEOIqEeiGM-nF30rZvQ.jpeg
000328.jpg,http://www.thechilewoman.com/shop/images/Lemondrop.jpeg
000329.jpg,http://mylemondroplife.com/wp-content/uploads/2017/05/cinco7.jpg
000330.jpg,http://followingadream.weebly.com/uploads/1/3/5/2/13528296/3184372_orig.jpg
000331.jpg,https://i2.wp.com/www.thriftyjinxy.com/wp-content/uploads/2018/01/Cranberry-Lemon-Drop-Martini.jpg
000332.jpg,https://www.premierseedsdirect.com/wp-content/uploads/2017/02/PEPPER-HOT-HABANERO-TOBAGO-SEASONING-300x300.jpg
000333.jpg,https://sanctuarygardener.files.wordpress.com/2014/09/harvest-31aug14-sg.jpg
000334.jpg,https://www.chaoticgenetics.com/img/product_photos/LEDXETP.7.labeled.jpg
000335.jpg,https://www.dhresource.com/0x0/f2/albu/g5/M00/0A/B8/rBVaI1hFGqGAfZAYAACB_g-PO4E249.jpg
000336.jpg,http://blog.mr-fothergills.co.uk/site/wp-content/uploads/2017/09/chili-2-225x300.jpg
000337.jpg,https://www.pngkit.com/png/full/261-2618158_lemon-drop-pepper.png
000338.jpg,https://cdn11.bigcommerce.com/s-f6cx4kq/product_images/uploaded_images/lemon-drop-tyler-farms.jpg
000339.jpg,https://www.watsonandpratts.co.uk/imglib/737f4698-8448-4f66-9f2d-be7e351a8acc/400_400/Welshhomestead_Smokery_Lemon_Drop_Chilli_Jam.jpg
000340.jpg,https://ecs7.tokopedia.net/img/cache/700/product-1/2018/8/30/27650073/27650073_4b467393-7da2-40b5-9794-a739f29b7b14_500_500
000341.jpg,https://previews.agefotostock.com/previewimage/medibigoff/064f3620dbdbee777676935921195c6f/bwi-blw047641.jpg
000342.jpg,http://www.essenceofafrica.ug/images/stk/Exotic-Chili-Peppers.jpg
000343.jpg,https://farm5.staticflickr.com/4486/37729794152_9cd840d992_b.jpg
000344.jpg,https://www.chillies4u.co.uk/wp-content/uploads/2018/02/fatalii-300x300.jpg
000345.jpg,https://alchetron.com/cdn/peter-pepper-73f6874c-5070-46fa-a5ee-ea1a968907b-resize-750.jpeg
000346.jpg,https://media-cdn.tripadvisor.com/media/photo-s/13/07/b3/2c/pepper-salmon.jpg
000347.jpg,https://c1.neweggimages.com/NeweggImage/ProductImage/A00Y_1_20180607500552106.jpg
000348.jpg,https://linsfood.com/wp-content/uploads/2016/08/Swordfish-Raspberry-Ceviche.jpg
000349.jpg,https://live.staticflickr.com/8046/29709108326_022f7fef3e_b.jpg
000350.jpg,http://followingadream.weebly.com/uploads/1/3/5/2/13528296/4763520_orig.jpg
000351.jpg,http://image.izettle.com/product/1024/bNZwlmxKEemWmkQL4C_I_Q-DB4e5nrPEemAd_PElotkUQ.png
000352.jpg,https://i.redd.it/7du8srz62gs11.jpg
000353.jpg,https://gardeners.s3.amazonaws.com/p/SuperPlug_3.jpg
000354.jpg,https://welaughwecrywecook.files.wordpress.com/2013/04/lemon-drop-martini-raspberries-and-red-pepper-spicy-hummus-027.jpg
000355.jpg,https://suttons.s3.amazonaws.com/p/PotPlant_3.jpg
000356.jpg,http://www.peppersmack.com/images/logo.png
000357.jpg,http://i223.photobucket.com/albums/dd215/ckunke002/IMAG0153_zpscb42795f.jpg
000358.jpg,https://www.growingintexas.com/uploads/1/8/9/8/18987655/published/img-1358.jpg?1563829352
000359.jpg,https://www.kitchengardenseeds.com/media/catalog/product/cache/1/thumbnail/0dc2d03fe217f8c83829496872af24a0/3/6/3615_chile_pepper_aji_limo_x_3.jpg
000360.jpg,https://welaughwecrywecook.files.wordpress.com/2013/04/lemon-drop-martini-raspberries-and-red-pepper-spicy-hummus-018.jpg
000361.jpg,https://www.chillibritain.co.uk/image/cache/catalog/Powder/lemon-drop-powder-shaker-500px-500x500.jpg
000362.jpg,http://www.thechilliking.com/wp-content/uploads/2013/10/Aji-Lemon-Mango-Sauce.jpg
000363.jpg,https://upload.wikimedia.org/wikipedia/commons/thumb/5/50/Madame_Jeanette_and_other_chillies.jpg/1200px-Madame_Jeanette_and_other_chillies.jpg
000364.jpg,https://architectsridebicycles.files.wordpress.com/2016/11/580ca-img_1469.jpg
000365.jpg,https://sanctuarygardener.files.wordpress.com/2015/09/harvest-serrano-lemon-drop-peppers-7sep15-sg.jpg?w=593
000366.jpg,https://www.co-opliving.com/wp-content/uploads/2018/03/Lemon-Drop-PeppersCMYK.jpg
000367.jpg,https://i0.wp.com/www.thechillidiaries.co.uk/blog/wp-content/uploads/2016/10/20161008_134555_PerfectlyClear-01-e1475932385707.jpeg?fit=624%2C351&ssl=1
000368.jpg,https://sanctuarygardener.files.wordpress.com/2014/07/harvest-lemon-drop-peppers-10jul14-sg.jpg
000369.jpg,https://alchetron.com/cdn/capsicum-baccatum-f9516a45-51ac-4a6e-8b58-8eb3758a4ac-resize-750.jpeg
000370.jpg,https://cdn.shopify.com/s/files/1/0188/0032/products/clamlube-potion-no-3-zing-bling-hot-sauce-habanero-pepper-heat-level-03-lemon-drop-meta-related-collection-woodys-chilly-chiles-largest-selection-of-in-canada_610.jpg
000371.jpg,https://previews.agefotostock.com/previewimage/medibigoff/e172f531ad29048175216fd3f5acd4c3/bwi-b050592.jpg
000372.jpg,https://untappd.akamaized.net/site/assets/images/temp/badge-beer-default.png
000373.jpg,https://www.velish.com/uploads/2/0/1/8/20186097/s439217522357904904_p69_i3_w1588.png
000374.jpg,https://i0.wp.com/img1.etsystatic.com/213/2/7421242/il_fullxfull.1394042625_osxi.jpg?w=600
000375.jpg,https://cdn3.volusion.com/yvznc.kdwpz/v/vspfiles/photos/YEM19206-2T.jpg
000376.jpg,https://static1.squarespace.com/static/5826bb149de4bb1fe2e102ad/583d3636e4fcb5082fe40788/583d4aa5e6f2e18631e29803/1557084845650/?format=1000w
000377.jpg,https://static1.squarespace.com/static/5bb4446bca525b6118e913d4/t/5be0d4df2b6a280b612f081c/1555599514337/?format=1500w
000378.jpg,https://i.ytimg.com/vi/gRbGfV1ATlQ/maxresdefault.jpg
000379.jpg,http://seedlibrary.org/wp/wp-content/uploads/2013/12/Slide1.jpg
000380.jpg,https://scontent-lhr3-1.cdninstagram.com/v/t51.2885-15/e35/41483679_533315857110036_3594064296598788894_n.jpg?_nc_ht=scontent-lhr3-1.cdninstagram.com&se=8&oh=e38f00512bb5fe80d7977c31c23d4d02&oe=5DF28B55&ig_cache_key=MTg3ODI5ODIyNTM2MzQ0MjUxNw%3D%3D.2
000381.jpg,https://images-eu.ssl-images-amazon.com/images/I/4112QuotrnL.jpg
000382.jpg,https://welaughwecrywecook.files.wordpress.com/2013/04/lemon-drop-martini-raspberries-and-red-pepper-spicy-hummus-024.jpg
000383.jpg,http://1.bp.blogspot.com/-2DSASb2YcM0/Vd9-FenRNjI/AAAAAAAABvs/kdlMN0dU1C0/s1600/pepper-scovill-unit-measurements.jpg
000384.jpg,https://media.gettyimages.com/photos/lemon-drop-peppers-picture-id523711870?s=612x612
000385.jpg,http://threedaughtersfarm.com/wp/wp-content/uploads/2013/01/IMG_0490.jpg
000386.jpg,https://d1nw62gticy6e9.cloudfront.net/uploads/Lemon-Drop-Pepper-Seeds.jpg
000387.jpg,https://www.magicgardenseeds.com/pics/CVOvnciYcx0FEJHCrI4xICdYqKV_5WlwWoll_DlpW3l1-1iSE_-ARssqdmXbpj1Q/CAP15_1000.jpg
000388.jpg,https://img0.etsystatic.com/126/0/6562529/il_fullxfull.861052370_fkpw.jpg
000389.jpg,http://www.rareseeds.com/assets/1/14/DimLarge/Lemon-drop-Pepper.jpg
000390.jpg,https://img0.etsystatic.com/050/0/7824311/il_570xN.670554410_k2zz.jpg
000391.jpg,https://cayennediane.wpengine.com/wp-content/uploads/Aji_Limo-Plant.jpg
000392.jpg,https://img1.etsystatic.com/128/0/7574460/il_570xN.905340855_rb40.jpg
000393.jpg,https://petalsandwings.files.wordpress.com/2012/10/lemon-drop-pepper-1.jpg
000394.jpg,http://www.organicseed.co.za/368-984-thickbox/lemon-drop-pepper.jpg
000395.jpg,https://sanctuarygardener.files.wordpress.com/2013/11/baby-lemon-drop-peppers-10nov13-sg.jpg
000396.jpg,https://suttons.s3.amazonaws.com/p/156030f_3.jpg
000397.jpg,https://sanctuarygardener.files.wordpress.com/2014/07/harvest-lemon-drop-peppers-10jul14-sg.jpg
000398.jpg,https://kitchen-garden.be/wp-content/uploads/Lemon-Drop-Pepper.jpg
000399.jpg,https://img.etsystatic.com/il/8b546b/1355782907/il_fullxfull.1355782907_hb59.jpg
000400.jpg,http://sanctuarygardener.files.wordpress.com/2013/06/lemon-drop-pepper-first-15jun13.jpg
000401.jpg,http://sanctuarygardener.files.wordpress.com/2013/11/lemon-drop-pepper-plant-8nov13-sg.jpg
000402.jpg,https://seedsnsuch-qb2qm0z.netdna-ssl.com/wp-content/uploads/2014/09/SnS_LemonDrop.jpg
000403.jpg,https://sanctuarygardener.files.wordpress.com/2014/07/lemon-drop-peppers-23jul14-sg.jpg
000404.jpg,https://cdn11.bigcommerce.com/s-q83qdckkjh/images/stencil/1000x1000/products/1065/3036/Lemon-Drop-PepperBC__99187.1519262099.jpg
000405.jpg,http://farm4.staticflickr.com/3738/9551564411_0fe150ffc0_o.jpg
000406.jpg,http://suttons.s3.amazonaws.com/p/VECHI29445_3.jpg
000407.jpg,https://sanctuarygardener.files.wordpress.com/2014/10/harvest-lemon-drop-peppers-11oct14-sg.jpg
000408.jpg,https://cdn.shopify.com/s/files/1/1122/4336/products/Lemon_Drop_2_1024x1024.jpg
000409.jpg,http://www.premierseedsdirect.com/wp-content/uploads/2017/11/41581640-1.jpg
000410.jpg,https://sanctuarygardener.files.wordpress.com/2013/08/lemon-drop-peppers-10aug13.jpg
000411.jpg,https://sanctuarygardener.files.wordpress.com/2013/10/harvest-23oct13.jpg
000412.jpg,https://aji.io/wp-content/uploads/2015/05/aji-lemon-drop-01.jpg
000413.jpg,https://hudsonvalleyseed.com/media/catalog/product/cache/2/image/800x600/9df78eab33525d08d6e5fb8d27136e95/o/r/organic_lemon_drop_hot_pepper_vegetable_seeds.jpg
000414.jpg,https://sanctuarygardener.files.wordpress.com/2015/09/lemon-drop-peppers-serranos-in-dehydrator-sg.jpg
000415.jpg,https://i.pinimg.com/originals/2c/b2/54/2cb254e31e8818595e1fa5f6411295ca.jpg
000416.jpg,https://sanctuarygardener.files.wordpress.com/2013/10/pepper-harvest-3.jpg
000417.jpg,https://cdn.shopify.com/s/files/1/1122/4336/products/Lemon_Drop_3_large.jpg
000418.jpg,https://sanctuarygardener.files.wordpress.com/2014/09/lemon-drop-pepper-jam-3sep14-sg.jpg
000419.jpg,https://sanctuarygardener.files.wordpress.com/2014/10/lemon-drop-peppers-for-2014-fair-sg.jpg
000420.jpg,https://www.kitchengardenseeds.com/media/catalog/product/cache/1/thumbnail/0dc2d03fe217f8c83829496872af24a0/c/h/chile-ajilimo5-w.jpg
000421.jpg,https://s-media-cache-ak0.pinimg.com/736x/4e/75/89/4e7589afe5c83975a5b09952c5583e90.jpg
000422.jpg,https://sanctuarygardener.files.wordpress.com/2013/08/lemon-drop-pepper-30jul13.jpg
000423.jpg,http://hudsonvalleyseed.com/media/catalog/product/cache/2/image/800x600/9df78eab33525d08d6e5fb8d27136e95/l/e/lemon_drop_hot_pepper.jpg
000424.jpg,http://sanctuarygardener.files.wordpress.com/2013/11/lemon-drop-peppers-dehydrating-sg.jpg
000425.jpg,https://www.kitchengardenseeds.com/media/catalog/product/cache/1/thumbnail/0dc2d03fe217f8c83829496872af24a0/c/h/chile-ajilimo3-w.jpg
000426.jpg,https://sanctuarygardener.files.wordpress.com/2013/10/lemon-drop-pepper-plant-20oct13.jpg
000427.jpg,https://sanctuarygardener.files.wordpress.com/2014/08/lemon-drop-peppers-in-dehydrator-12aug14-sg.jpg
000428.jpg,https://hudsonvalleyseed.com/media/catalog/product/cache/2/image/800x600/9df78eab33525d08d6e5fb8d27136e95/l/e/lemon_drop_bowl_2.jpg
000429.jpg,https://sanctuarygardener.files.wordpress.com/2014/11/lemon-drop-peppers-8nov14-sg.jpg
000430.jpg,http://media-cache-ak0.pinimg.com/736x/25/c5/60/25c5602e0fbd694f8fe11f43cd1a5577.jpg
000431.jpg,http://millenniumfarms.bizland.com/sitebuildercontent/sitebuilderpictures/hotlemon.jpg
000432.jpg,http://www.htpepper.com/wp-content/uploads/2015/11/AjiLemon01.jpg
000433.jpg,https://cdn.shopify.com/s/files/1/0871/0950/products/AjiLimoFlexpacketpic_1024x1024.jpg
000434.jpg,http://hudsonvalleyseed.com/media/catalog/product/cache/2/thumbnail/9df78eab33525d08d6e5fb8d27136e95/i/m/img_2518.jpg
000435.jpg,https://thecatspajama.com/media/catalog/product/cache/1/image/9df78eab33525d08d6e5fb8d27136e95/e/d/ed00386y_main.jpg
000436.jpg,https://delectationoftomatoes.files.wordpress.com/2012/11/pepper-aji-limon-11-20-2012-a.jpg
000437.jpg,https://66.media.tumblr.com/d9fede1ea83cbe24fe159ac2a8a31e46/tumblr_pam9wdYxZR1vvwl0ho1_1280.jpg
000438.jpg,https://sanctuarygardener.files.wordpress.com/2014/09/harvest-31aug14-sg.jpg
000439.jpg,http://n7.alamy.com/zooms/08e8d85a8f5b41f39c92e90ebd88ed1c/peruvian-hot-pepper-aji-pepper-aji-habanero-chili-lemon-drop-hot-lemon-ebjenw.jpg
000440.jpg,https://uharvest.ca/shop/images/pepper-lemon-drop-2a.jpg
000441.jpg,https://i.pinimg.com/originals/de/d0/b2/ded0b2f7cc91e0a15146226a90e48c4e.jpg
000442.jpg,https://s-media-cache-ak0.pinimg.com/736x/81/18/a2/8118a2663054b571095e3a8aca1d04fd.jpg
000443.jpg,https://plantswithapurpose.net/wp-content/uploads/2018/05/20180418_192909-e1538589515338.jpg
000444.jpg,https://cdn11.bigcommerce.com/s-q83qdckkjh/images/stencil/1280x1280/products/1065/3041/Lemon-Drop-Pepper4BC__74316.1519350905.jpg
000445.jpg,https://plantswithapurpose.net/wp-content/uploads/2018/05/20170926_185506-e1526775963333.jpg
000446.jpg,https://sanctuarygardener.files.wordpress.com/2014/11/lemon-drop-peppers-1st-place-2014-sg.jpg
000447.jpg,http://c7.alamy.com/comp/EBK837/peruvian-hot-pepper-aji-pepper-aji-habanero-chili-lemon-drop-hot-lemon-EBK837.jpg
000448.jpg,https://welaughwecrywecook.files.wordpress.com/2013/04/lemon-drop-martini-raspberries-and-red-pepper-spicy-hummus-027.jpg
000449.jpg,http://welaughwecrywecook.files.wordpress.com/2013/04/lemon-drop-martini-raspberries-and-red-pepper-spicy-hummus-018.jpg
000450.jpg,http://c8.alamy.com/comp/K5W52N/aji-lemon-drop-chile-peppers-capsicum-baccatum-whole-chopped-halved-K5W52N.jpg
000451.jpg,https://c8.alamy.com/comp/X0TBDD/peruvian-hot-pepper-aji-pepper-aji-habanero-chili-lemon-drop-hot-lemon-capsicum-baccatum-noodles-with-pepper-X0TBDD.jpg
000452.jpg,https://c8.alamy.com/comp/X0HDHR/peruvian-hot-pepper-aji-pepper-aji-habanero-chili-lemon-drop-hot-lemon-capsicum-baccatum-var-pendulum-fruits-in-a-basket-X0HDHR.jpg
000453.jpg,https://plantswithapurpose.net/wp-content/uploads/2018/05/20170926_185500-e1538588840600.jpg
000454.jpg,https://petalsandwings.files.wordpress.com/2014/09/chili-pepper-38-1-lemon-drop.jpg
000455.jpg,https://sanctuarygardener.files.wordpress.com/2013/08/lemon-drop-pepper-leaves-18aug13.jpg
000456.jpg,https://c8.alamy.com/comp/CNR8PH/peruvian-hot-pepper-aji-pepper-aji-habanero-chili-lemon-drop-hot-lemon-CNR8PH.jpg
000457.jpg,https://sanctuarygardener.files.wordpress.com/2015/06/pepper-lemon-drop-seedling-30may15-sg.jpg
000458.jpg,https://plantswithapurpose.net/wp-content/uploads/2018/05/20180418_192246-e1538589360537.jpg
000459.jpg,https://plantswithapurpose.net/wp-content/uploads/2018/05/20170926_185800-e1538588988184.jpg
000460.jpg,https://iamgoingdown.files.wordpress.com/2010/10/lemon-pepper-fish.jpg
000461.jpg,https://petalsandwings.files.wordpress.com/2014/09/chili-pepper-55-korean.jpg
000462.jpg,https://sanctuarygardener.files.wordpress.com/2014/07/harvest-22jul14-sg.jpg
000463.jpg,https://i.pinimg.com/736x/be/e7/6c/bee76c3a657464bebcccef5d9b574a21--lemon-pepper-lemon-drops.jpg
000464.jpg,https://c8.alamy.com/comp/CNR8PP/peruvian-hot-pepper-aji-pepper-aji-habanero-chili-lemon-drop-hot-lemon-CNR8PP.jpg
000465.jpg,https://www.chillibritain.co.uk/image/cache/catalog/Powder/lemon drop web-1600x1600.jpg
000466.jpg,https://plantswithapurpose.net/wp-content/uploads/2018/05/20170926_185811-1-e1538589074819.jpg
000467.jpg,http://sanctuarygardener.files.wordpress.com/2013/10/lemon-drop-pepper-plant-13oct13.jpg
000468.jpg,https://s-media-cache-ak0.pinimg.com/736x/65/b6/79/65b679abfa583f5d19f8883c25cf11e7.jpg
000469.jpg,https://c8.alamy.com/comp/EBN290/peruvian-hot-pepper-aji-pepper-aji-habanero-chili-lemon-drop-hot-lemon-EBN290.jpg
000470.jpg,http://welaughwecrywecook.files.wordpress.com/2013/04/lemon-drop-martini-raspberries-and-red-pepper-spicy-hummus-017.jpg
000471.jpg,https://sanctuarygardener.files.wordpress.com/2015/02/damping-off-lemon-drop-peppers-sg.jpg
000472.jpg,https://realitychekk.files.wordpress.com/2019/10/honey-lemon-black-pepper-and-ginger-tea.jpg
000473.jpg,https://alineaphile.com/uploads/recipes/P1100151.jpg
000474.jpg,https://c8.alamy.com/comp/EBJENW/peruvian-hot-pepper-aji-pepper-aji-habanero-chili-lemon-drop-hot-lemon-EBJENW.jpg
000475.jpg,https://petalsandwings.files.wordpress.com/2014/09/chili-pepper-20-1-sikkim.jpg
000476.jpg,http://n7.alamy.com/zooms/558813d266f54e478940b773ef153081/peruvian-hot-pepper-aji-pepper-aji-habanero-chili-lemon-drop-hot-lemon-ebk837.jpg
000477.jpg,https://www.meatfreemondays.com/wp-content/uploads/2019/10/Vegan-prawn-cocktail-RS-N.jpg
000478.jpg,https://s-media-cache-ak0.pinimg.com/736x/42/60/c2/4260c215084980610f1a9752b02f0455--lemon-basil-fresh-basil.jpg
000479.jpg,http://www.recipeswithessentialoils.com/wp-content/uploads/2015/12/winter-diffuser-blend-ideas.jpg
000480.jpg,https://www.myketokitchen.com/wp-content/uploads/2019/10/Low-Carb-Salt-Pepper-Squid.jpg
000481.jpg,https://www.perfectpuree.com/wp-content/uploads/2019/10/TPPNV-Alex-Valencia-Pulque-de-Guayaba-PHOTO-CREDIT-Alex-Valencia-FALL-2019.jpg
000482.jpg,https://alineanewb.files.wordpress.com/2013/04/054.jpg
000483.jpg,https://s3.amazonaws.com/bncore/wp-content/uploads/2019/10/forno-napoli-review-gee-7.jpg
000484.jpg,https://media.nbcsandiego.com/images/1200*675/House+1+Front.jpg
000485.jpg,https://media.nbcsandiego.com/images/652*367/RAW+CVPD+COMMUNICATIONS+CENTER.jpg
000486.jpg,https://www.thespruceeats.com/thmb/89tZIHOkWNriAQCQxM8Uw8KquNg=/960x0/filters:no_upscale():max_bytes(150000):strip_icc()/air-fryer-wings-4771525-08-3ca9ffdc8757475d8965daa4854e20fa.jpg
000487.jpg,https://essentialoilbenefits.com/wp-content/uploads/2019/10/Plantar-Fasciitis-_eo-recipes1.jpg
000488.jpg,http://thedivinemissmommy.com/wp-content/uploads/2019/10/Creamy-Three-Cheese-Spaghetti-1024x512.jpg
000489.jpg,http://cdn.shopify.com/s/files/1/1454/9374/articles/Green_Beans_Macro_Shot2_1024x1024.jpg
