image,source
000001.jpg,https://www.pepperscale.com/wp-content/uploads/2017/08/Mexibell-Pepper-768x383.jpg
000002.jpg,https://edge.bonnieplants.com/www/uploads/20180920003951/mexibell-pepper.jpg
000003.jpg,https://www.gourmetseed.com/image/cache/catalog/products/M/mexibell_pepper-1024x1024.jpg
000004.jpg,https://i.pinimg.com/originals/93/b0/ef/93b0ef407992954310338d48d297917f.jpg
000005.jpg,https://www.pepperseeds.eu/pub/media/catalog/product/cache/51e4881dc4e265ed9adcb710d483ab73/c/h/chili_seeds_-_mexibell_improved.jpg
000006.jpg,https://isteam.wsimg.com/ip/ed03018b-a3e3-11e4-ab0f-14feb5d39f6a/ols/228_original/:/rs=w:600,h:600
000007.jpg,http://www.sproutswyo.com/uploads/2/7/8/2/27829043/s329859440226174507_p409_i3_w298.jpeg
000008.jpg,https://cdn10.bigcommerce.com/s-2drwt2az/products/7287/images/53471/maxibell__46673.1493261909.500.659.jpg?c=2
000009.jpg,https://all-americaselections.org/wp-content/uploads/2016/10/Pepper_Mexibelle-1988-poorquality.jpg
000010.jpg,https://i.pinimg.com/originals/da/51/0e/da510eb1b95749c1f1e4c1d313cef580.jpg
000011.jpg,https://all-americaselections.org/wp-content/uploads/2016/10/PepperMexiBell.120.jpg
000012.jpg,https://images-na.ssl-images-amazon.com/images/I/61dt%2BOugh6L._SL1000_.jpg
000013.jpg,http://4.bp.blogspot.com/_VkhUI3T6V4M/TG5wRa8SDlI/AAAAAAAAAFQ/De0Yu8d04-4/s1600/understanding-the-SCOVILLE-scale.jpeg
000014.jpg,https://all-americaselections.org/wp-content/uploads/2016/10/Pepper_Mexibelle-1988.jpg
000015.jpg,https://www.pepperscale.com/wp-content/uploads/2019/05/Are-bell-peppers-spicy-768x536.jpg
000016.jpg,http://cdn.shopify.com/s/files/1/1523/7044/products/Mexibell_1024x1024.jpg?v=1475910151
000017.jpg,https://edge.bonnieplants.com/www/uploads/20180920004026/bonnie-s-green-bell-pepper-480x360.jpg
000018.jpg,https://images.homedepot-static.com/productImages/d4bdd924-104c-433e-973e-1c39e1448810/svn/bonnie-plants-vegetable-plants-2902-c3_1000.jpg
000019.jpg,https://edge.bonnieplants.com/www/uploads/20180920002452/Red-Bhut-Jolokia-Ghost-Pepper.jpg
000020.jpg,https://davesgarden.com/guides/pf/thumbnail.php?image=2005/06/27/Farmerdill/4b430d.jpg&widht=700&height=312
000021.jpg,https://i.ytimg.com/vi/ktbP-PeamIg/maxresdefault.jpg
000022.jpg,https://img-aws.ehowcdn.com/600x600p/s3-us-west-1.amazonaws.com/contentlab.studiod/getty/6456f99027b0498c9941e1cec1a7c09b
000023.jpg,https://img.sndimg.com/food/image/upload/c_thumb,q_80,w_412,h_232/v1/img/recipes/10/02/80/picGWDI19.jpg
000024.jpg,http://www.mastergardenerssandiego.com/guides/gr/BellPepper-B.jpg
000025.jpg,https://pics.davesgarden.com/pics/2005/07/29/Farmerdill/a341b7.jpg
000026.jpg,https://www.seedsbydesign.com/_ccLib/image/plants/THUM-1103.jpg
000027.jpg,http://static1.squarespace.com/static/5c1bdd8d5b409bd35451a3fd/5c363124f950b79527b052b5/5c3cfbe7352f536ec7d637da/1547500819687/peppers_red_maxibell.png?format=1500w
000028.jpg,https://bloximages.chicago2.vip.townnews.com/journalstar.com/content/tncms/assets/v3/editorial/3/3b/33b89df9-945c-5c74-b62f-927a47a4abb2/502a99efe5daa.image.jpg
000029.jpg,https://scontent-iad3-1.cdninstagram.com/vp/43f0736452e0b6f0fb9ba676e8b070a0/5E39F485/t51.2885-15/sh0.08/e35/s640x640/66439059_2430726863828965_8588752324862981043_n.jpg?_nc_ht=scontent-iad3-1.cdninstagram.com&_nc_cat=101
000030.jpg,https://q7i2y6d5.stackpathcdn.com/wp-content/uploads/2010/06/pepper-ground-400x533.jpg
000031.jpg,https://m.media-amazon.com/images/I/51fb3FPcwfL._SR500,500_.jpg
000032.jpg,https://bloximages.chicago2.vip.townnews.com/journalstar.com/content/tncms/assets/v3/editorial/5/2e/52eef8df-97a2-5782-9329-d22f2e4e9d9f/502a99ef35b6e.image.jpg
000033.jpg,https://www.pepperscale.com/wp-content/uploads/2017/07/cajun-belle-pepper-768x768.jpg
000034.jpg,http://www.donlsmith.net/mbell08-29-16.jpg
000035.jpg,https://www.chilipeppermadness.com/wp-content/uploads/2013/09/Poblano-Peppers2.jpg
000036.jpg,https://farm4.static.flickr.com/3524/3792783143_8194387989_b.jpg
000037.jpg,https://www.edamam.com/web-img/1c6/1c6b39491874c831d5af60836bd9a8ee.jpg
000038.jpg,https://pbs.twimg.com/media/CpVUXEXWcAAudtc.jpg
000039.jpg,https://st.hzcdn.com/fimgs/4482591904b0f2e3_2661-w500-h375-b0-p0--.jpg
000040.jpg,https://www.seedsnsuch.com/wp-content/uploads/2018/11/Pep_Mexibell_cmyk-1.jpg
000041.jpg,https://i.redd.it/22dkog7uowg11.jpg
000042.jpg,https://s3.amazonaws.com/cdn.totallytomato.com/images/thumb/03763.jpg
000043.jpg,https://cdn10.bigcommerce.com/s-2drwt2az/products/16546/images/50266/hot-pepper-mix__09234.1493259637.500.659.jpg?c=2
000044.jpg,https://www.wikihow.com/images/thumb/a/ab/Preserve-Seeds-from-Bell-Peppers-Step-1.jpg/aid5487478-v4-728px-Preserve-Seeds-from-Bell-Peppers-Step-1.jpg
000045.jpg,https://www.seedsnsuch.com/wp-content/uploads/2018/11/Pep_Habanero_cmyk-1.jpg
000046.jpg,https://www.premierseedsdirect.com/wp-content/uploads/2017/02/41581535-2-300x300.jpg
000047.jpg,https://hips.hearstapps.com/hmg-prod.s3.amazonaws.com/images/raw-green-organic-cubanelle-peppers-royalty-free-image-1061828022-1558536368.jpg?crop=0.667xw:1.00xh;0.136xw,0&resize=480:*
000048.jpg,https://i.ebayimg.com/images/g/iU0AAOSwbe5aiJ~x/s-l300.jpg
000049.jpg,https://greenbeanconnection.files.wordpress.com/2017/04/peppers-varieties-burgundy-bell-yellow-monsters-fish-chile-numex-twilight.jpg?w=584
000050.jpg,http://joelgehringer.com/blog/wp-content/uploads/2014/10/peppers1.gif
000051.jpg,https://www.meijer.com/content/dam/meijer/product/0071/53/3943/11/0071533943113_0_A1C1_1200.png
000052.jpg,https://s3.eu-west-2.amazonaws.com/growinginteractive/blog/ripe-peppers-2x.jpg
000053.jpg,https://s3.amazonaws.com/cdn.totallytomato.com/images/popup/03056.jpg
000054.jpg,https://hips.hearstapps.com/hmg-prod.s3.amazonaws.com/images/hot-sweet-and-chili-pepper-varieties-royalty-free-image-474683586-1558535763.jpg?crop=0.667xw:1.00xh;0.0927xw,0.00244xh&resize=640:*
000055.jpg,https://img1.wsimg.com/isteam/ip/4b23a689-0998-41e2-9a7d-5fa6e029e141/7341bd50-4d00-406d-a761-dfead17964ff.jpg/:/rs=w:1280
000056.jpg,http://www.sproutswyo.com/uploads/2/7/8/2/27829043/s329859440226174507_p402_i1_w640.jpeg
000057.jpg,https://i.redd.it/tdw591cfi3k11.jpg
000058.jpg,https://i217.photobucket.com/albums/cc65/Dapapadon/Garden%202009/213.jpg?width=250&height=250&crop=1:1,smart
000059.jpg,https://pbs.twimg.com/media/DDz7FD4XkAARaOC.jpg
000060.jpg,https://farm2.staticflickr.com/1804/29115632938_1120c41d1a_b.jpg
000061.jpg,https://i.pinimg.com/736x/86/fb/91/86fb912a065b1ff47acc293a1742838c.jpg
000062.jpg,https://www.seedman.com/image/jf645.jpg
000063.jpg,https://c1.staticflickr.com/9/8039/7939410226_cf26581b25_m.jpg
000064.jpg,http://rozylowicz.com/graphics/newmexico/pepper-yearn-for-burn.jpg
000065.jpg,https://assets.epicurious.com/photos/5baa6af8699dbf53d1b3a6d0/4:6/w_1600%2Cc_limit/shutterstock_616671473.jpg
000066.jpg,https://cdn11.bigcommerce.com/s-tevsl/images/stencil/1280x1280/products/814/1478/5333_Med_Hot_Hung_Banana_F1_Hot_Banana_Pepper__26160.1434739763.jpg?c=2&imbypass=on
000067.jpg,https://www.davids-garden-seeds-and-products.com/images/bastan.jpg
000068.jpg,https://cdn.shopify.com/s/files/1/0915/1060/files/hot-pepper-saplings-pepper-joes-1.jpg?18131046600594029238
000069.jpg,https://garden.org/pics/2018-08-14/Newyorkrita/e2e4b1.jpg
000070.jpg,https://www.piedmontfarmandgarden.com/v/vspfiles/photos/PPP222-4.jpg?v-cache=1366092667
000071.jpg,https://littlesproutslearning.co/wp-content/uploads/2017/09/jalapeno-peppers-2708676_1920.jpg
000072.jpg,https://q7i2y6d5.stackpathcdn.com/wp-content/uploads/2012/08/black-pepper-stem1.jpg
000073.jpg,https://assets.bonappetit.com/photos/57aca727f1c801a1038bc688/1:1/w_400%2Cc_limit/jalapeno-pickled-peppers-3.jpg
000074.jpg,https://images-na.ssl-images-amazon.com/images/I/612riH6wIUL._SL500_AC_SS350_.jpg
000075.jpg,https://cdn.shopify.com/s/files/1/0901/4616/products/Chili_Jamaica_Red_Habanero1_large.jpg?v=1537112998
000076.jpg,http://box5382.temp.domains/~tomwarn1/nikontom/wp-content/uploads/2015/08/IMG_1386-800x600.jpg
000077.jpg,https://simplelivingcountrygal.com/wp-content/uploads/2018/05/jalapeno-pepper.jpg
000078.jpg,https://www.seedsbydesign.com/_ccLib/image/plants/THUM-1981.jpg
000079.jpg,https://www.chilipeppermadness.com/wp-content/uploads/2018/08/Tiburon-Hybrid-Poblano-Type-Chili-Pepper2.jpg
000080.jpg,https://i2.wp.com/countrysidegardens.biz/wp-content/uploads/2015/10/peppers.png?fit=650%2C650&ssl=1
000081.jpg,https://www.wellgrowseeds.com/wp-content/uploads/2016/05/Pepper-Cajun-Belle1-500x650.jpg
000082.jpg,https://edge.bonnieplants.com/www/uploads/20180920003726/cubanelle-pepper1-480x360.jpg
000083.jpg,https://plantfreak.files.wordpress.com/2012/04/pepper_balloon.jpg
000084.jpg,https://www.thespruceeats.com/thmb/t86bnU7DB4Fv6SbjUydRQdyfzOk=/1943x1457/smart/filters:no_upscale()/490013339-56a30dfd3df78cf7727b9e9a.jpg
000085.jpg,https://foodieandwine.com/wp-content/uploads/2018/07/Pickled_peppers.jpg
000086.jpg,https://i.imgur.com/DMFej8a.jpg
000087.jpg,https://gardenoracle.com/assets/fruit-chili-italian-roaster-lg.jpg
000088.jpg,https://assets.bonappetit.com/photos/57aca71d1b334044149750da/1:1/w_400%2Cc_limit/spicy-confit-chiles.jpg
000089.jpg,https://image.slidesharecdn.com/orgcomapassionforchilipeppers-110904181805-phpapp01/95/org-com-a-passion-for-chili-peppers-7-728.jpg?cb=1315160349
000090.jpg,https://scontent-frx5-1.cdninstagram.com/vp/9770f76252ccac3d01cb39fba0a41f09/5DE4206E/t51.2885-15/e35/67472302_1244988155686685_3552810762987727240_n.jpg?_nc_ht=scontent-frx5-1.cdninstagram.com
000091.jpg,https://barefeetinthekitchen.com/wp-content/uploads/2013/05/mexican-stuffed-bell-peppers-3.jpg
000092.jpg,https://www.ambitiouskitchen.com/wp-content/uploads/2012/04/YoC-Stuffed-Peppers-1.jpg
000093.jpg,https://casaveneracion.com/wp-content/uploads/2009/11/bell-pepper-1.jpg
000094.jpg,https://cdn.momsdish.com/wp-content/uploads/2018/10/IMG_4367-683x1024.jpg
000095.jpg,https://hips.hearstapps.com/hmg-prod.s3.amazonaws.com/images/fresh-bell-peppers-royalty-free-image-507033344-1558536146.jpg?crop=0.672xw:1.00xh;0.110xw,0&resize=480:*
000096.jpg,http://2.bp.blogspot.com/-ppb33OWYjD4/T53rKLcCz2I/AAAAAAAAANA/A9fBtRES_U0/s1600/IMG_2889.JPG
000097.jpg,http://www.wellington.cc/sites/default/files/Mexi-Bell%20Pepper%20pic101217.JPG
000098.jpg,https://www.skinnytaste.com/wp-content/uploads/2012/09/Santa-Fe-Turkey-Stuffed-Peppers-550x825.jpg
000099.jpg,https://www.strawberryblondiekitchen.com/wp-content/uploads/2018/03/Mexican-Stuffed-Peppers-2950_680px-683x1024.jpg
000100.jpg,https://media.spokesman.com/photos/2011/09/07/foo_07salsa2b.jpg
000101.jpg,https://www.gimmethelodown.com/uploads/1/2/0/2/120296345/published/c5e9f1dc-756f-4f0b-a388-51e1d6ca447b.jpg?250
000102.jpg,https://newmexi.co/wp-content/uploads/NMX_BlogCover_Recipe_Oct2019-730x419-1160x665.jpg
000103.jpg,https://thelocalpalate.com/wp-content/uploads/2015/08/Peppers1.jpg
000104.jpg,https://foolproofliving.com/wp-content/uploads/2019/07/Mexican-Stuffed-Peppers-Recipe.jpg
000105.jpg,http://www.fieryfoodscentral.com/wp-content/uploads/2008/07/gypsy.jpg
000106.jpg,https://www.theshabbycreekcottage.com/wp-content/uploads/2015/04/beef-taco-bell-peppers.jpg
000107.jpg,https://garden.org/pics/2013-08-17/Paul2032/4ad754.jpg
000108.jpg,https://images.media-allrecipes.com/userphotos/250x250/3900613.jpg
000109.jpg,https://assets.simplyrecipes.com/wp-content/uploads/2009/08/marinated-roasted-red-bell-peppers-vertical-b-640.jpg
000110.jpg,https://images-gmi-pmc.edge-generalmills.com/628fc990-ae63-41ef-8bdf-1dc166acd195.jpg
000111.jpg,https://www.tasteofhome.com/wp-content/uploads/2017/10/Mexican-Beef-Stuffed-Peppers_exps157665_ESC3139121C03_29_6bC_RMS-2.jpg
000112.jpg,https://www.spendwithpennies.com/wp-content/uploads/2019/03/L-pin-Mexican-Stuffed-Peppers.jpg
000113.jpg,http://joelgehringer.com/blog/wp-content/uploads/2015/09/2015_puny_pepper1.jpg
000114.jpg,https://slapdashmom.com/wp-content/uploads/2018/06/weight-watchers-stuffed-peppers.png
000115.jpg,https://i1.wp.com/www.thehomesteadgarden.com/wp-content/uploads/2013/05/peppers.jpg?fit=600%2C398&ssl=1
000116.jpg,https://preview.redd.it/tdw591cfi3k11.jpg?overlay-align=bottom,left&crop=1200:628.272251309,smart&overlay-height=15p&overlay=%2Fwatermark%2Ft5_2tlk9.png%3Fs%3D9067d0581b95e7707651dbba993c3ac10b12a86f&width=1200&height=628.272251309&auto=webp&s=90bd9271ef5d9f8e937e652846d3a2790c6ac597
000117.jpg,https://i1.wp.com/thecompletesavorist.com/wp-content/uploads/2015/09/msb-long.jpg?ssl=1
000118.jpg,https://i2.wp.com/kaseytrenum.com/wp-content/uploads/2018/11/Keto-Mexican-Stuffed-Peppers-2.jpg?resize=735%2C1103&ssl=1
000119.jpg,http://www.gingerlovesgarlic.com/wp-content/uploads/2016/11/finisheddish-750x800.jpg
000120.jpg,https://i2.wp.com/wellplated.com/wp-content/uploads/2019/08/Mexican-Stuffed-Peppers-Tasty-600x845.jpg
000121.jpg,https://aggieskitchen.com/wp-content/uploads/2015/09/Mini_Mexican_Stuffed_Peppers-5.jpg
000122.jpg,http://tiaskitchen.com/wp-content/uploads/2014/09/Slow-Cooker-Mexi-Potato-Casserole-Portrait-v6.jpg
000123.jpg,https://3.bp.blogspot.com/-Ceuh9KStNjc/WUQJjGIJJ-I/AAAAAAAAJHw/XpXXCubY6UUdyhuNPcppIJriEzrvboG0ACLcBGAs/s1600/vegetarian%2Bstuffed%2Bbell%2Bpeppers.JPG
000124.jpg,https://savorandsavvy.com/wp-content/uploads/2017/11/Mexican-Stuffed-Peppers-Vegetarian-3.jpg
000125.jpg,https://i.pinimg.com/originals/3b/a0/70/3ba070dbc2843daf592eefff7c46e144.jpg
000126.jpg,http://everythingjoes.com/wp-content/uploads/2018/01/20180115_180535-e1517084328375.jpg
000127.jpg,https://www.aspicyperspective.com/wp-content/uploads/2017/02/cheesy-broccoli-rice-stuffed-peppers-2.jpg
000128.jpg,https://foolproofliving.com/wp-content/uploads/2019/07/Spicy-Stuffed-Bell-Peppers-Ground-Beef.jpg
000129.jpg,https://upload.wikimedia.org/wikipedia/commons/8/86/Habanero_closeup_edit2.jpg
000130.jpg,https://image.slidesharecdn.com/pakistanscenarioofchilliproduction-190107121212/95/pakistan-chilli-production-scenario-by-tariq-sarwar-awan-food-technologist-1-638.jpg?cb=1546863414
000131.jpg,https://assets.simplyrecipes.com/wp-content/uploads/2009/08/marinated-roasted-red-bell-peppers-horiz-640.jpg
000132.jpg,https://multipassionmama.files.wordpress.com/2018/02/img_0395-e1519664714707.jpg?w=825
000133.jpg,https://i1.wp.com/kaseytrenum.com/wp-content/uploads/2018/11/Keto-Mexican-Stuffed-Peppers-8.jpg?resize=500%2C500&ssl=1
000134.jpg,https://i.ytimg.com/vi/8yog_jq7lVA/hqdefault.jpg
000135.jpg,https://skagway.com/wp-content/uploads/2019/04/Mexi-Co.-pepper.jpeg
000136.jpg,https://cdn.doordash.com/media/restaurant/cover/RomansMexicaliGrill5050HUNTINGTONBEACHCA.png
000137.jpg,https://i0.wp.com/farm5.static.flickr.com/4093/4887552079_a200a2c49b.jpg?resize=500%2C333
000138.jpg,https://casaveneracion.com/wp-content/uploads/2009/11/bell-pepper-3.jpg
000139.jpg,https://lh3.googleusercontent.com/-kiH-858Hg0M/TY0oYvB_lTI/AAAAAAAAAIc/qBq9G_oURYM/s1600/2011_02_24_3218.JPG
000140.jpg,https://www.mommyhatescooking.com/wp-content/uploads/2010/08/peppers-480x360.jpg
000141.jpg,https://wildflourskitchen.com/wp-content/uploads/2017/06/Pan-Fried-Mexi-Corn.png
000142.jpg,https://www.cayennediane.com/wp-content/uploads/2016/10/Palestine-TX-Hot-Pepper-Festival-2019.png
000143.jpg,http://4.bp.blogspot.com/-im1oR_qBQhE/T8VlocbFUvI/AAAAAAAAIPs/RQSiXGv0Mc8/s1600/IMG_4804.JPG
000144.jpg,http://recipeofhealth.com/images/recipes_new_struct_id/medium/83/838/83857/mexi-ground-beef-chili-macaroni-casserole.jpg
000145.jpg,http://www.lowcarbsisters.com/wp-content/uploads/2016/04/long-2-1.png
000146.jpg,https://static.wixstatic.com/media/efb6ad_910fcb6ca882472b80f0320e2616c72a~mv2.jpg/v1/fill/w_768,h_575,al_c,lg_1,q_85/efb6ad_910fcb6ca882472b80f0320e2616c72a~mv2.jpg
000147.jpg,https://dinnerthendessert.com/wp-content/uploads/2017/09/Mexican-Stuffed-Peppers.jpg
000148.jpg,https://s3-us-west-1.amazonaws.com/contentlab.studiod/getty/0a6c17fbefb249a48774f00dfb73a85b
000149.jpg,https://katroserichards.files.wordpress.com/2013/02/mexiquinoastuffedavo.jpg
000150.jpg,https://all-americaselections.org/wp-content/uploads/2017/01/PepperChili-Pie-5.jpg
000151.jpg,https://firstlookthencook.files.wordpress.com/2010/03/mexi-soup.jpg
000152.jpg,https://www.fromvalerieskitchen.com/wordpress/wp-content/uploads/2016/01/Mexican-Stuffed-Peppers-1080-049.jpg
000153.jpg,https://www.theshabbycreekcottage.com/wp-content/uploads/2015/04/slow-cooker-bell-peppers.jpg
000154.jpg,https://media.gettyimages.com/photos/selling-red-peppers-at-the-market-zitacuaro-mexi-picture-id163692087
000155.jpg,https://www.lifeissweeterbydesign.com/wp-content/uploads/2018/01/Weight-Watchers-Slow-Cooker-Stuffed-Peppers-Pin.jpg
000156.jpg,https://img.sndimg.com/food/image/upload/v1/img/recipes/70/36/pic67x4TT.jpg
000157.jpg,https://i2.wp.com/wellplated.com/wp-content/uploads/2019/08/Authentic-Mexican-Stuffed-Peppers-600x814.jpg
000158.jpg,https://savorandsavvy.com/wp-content/uploads/2017/11/Mexican-Stuffed-Peppers-Vegetarian-1-700x1050.jpg
000159.jpg,https://www.thespruceeats.com/thmb/HfohhZernex8ET_pxcyTRWc8KCk=/1500x1080/filters:fill(auto,1)/peppers-black-beans-57bba9783df78c87634f7fb5.jpg
000160.jpg,http://www.gimmesomeoven.com/wp-content/uploads/2015/04/5-Ingredient-Mexican-Quinoa-Stuffed-Peppers-32-1.jpg
000161.jpg,https://static.wixstatic.com/media/2ef5b1_5637bfb22f414087a960bb522c802dfc~mv2_d_1776_2418_s_2.jpg/v1/fill/w_1776,h_2418,al_c,q_85/2ef5b1_5637bfb22f414087a960bb522c802dfc~mv2_d_1776_2418_s_2.jpg
000162.jpg,https://dev-recipes.instantpot.com/wp-content/uploads/2017/08/Bell-Pepper-Potato-Stir-Fry-Instant-Pot-16.9.jpg?x19846
000163.jpg,https://www.savoryspiceshop.com/content/mercury_modules/cart/items/2/7/3/2739/chile-crushed-red-pepper-flakes-1.jpg
000164.jpg,https://cdn.shopify.com/s/files/1/0020/2129/4150/files/Taco_Salad_Stir_Fry_1024x1024.JPG?v=1555894664
000165.jpg,https://www.rareseeds.com/assets/1/14/DimRegular/Pepper_Craigs_Grande_Jalapeno_HPP150_LSS_000_1976.JPG
000166.jpg,https://i.ytimg.com/vi/Hm4JYPL4bIo/maxresdefault.jpg
000167.jpg,https://peasandcrayons.com/wp-content/uploads/2016/09/fridge-pickled-jalapeno-peppers-recipe-8875.jpg
000168.jpg,https://multipassionmama.files.wordpress.com/2018/02/img_0393-e1519663902556.jpg?w=825
000169.jpg,http://img1.wsimg.com/isteam/ip/b06d15fc-924b-4a2e-98b4-b8f23ee1f90a/a19358f8-d730-42a2-86b4-ef44ff603358.jpg
000170.jpg,http://www.jalapenomadness.com/images/gardening/plant1.jpg
000171.jpg,https://goop.com/wp-content/uploads/2019/04/SWEET-POTATOS-X4_0370-FNL-1024x780.jpg
000172.jpg,https://littlesproutslearning.co/wp-content/uploads/2017/09/9-Ways-to-Use-Excess-Hot-Peppers-from-the-Garden.jpg
000173.jpg,https://www.skinnytaste.com/wp-content/uploads/2012/09/Skinny-Santa-Fe-Turkey-Stuffed-Peppers-550x804.jpg
000174.jpg,https://thelocalpalate.com/wp-content/uploads/2015/08/peppers-on-plate_1_jwb-600x600.jpg
000175.jpg,https://cdn11.bigcommerce.com/s-tevsl/images/stencil/500x659/products/812/3363/5429_Golden_Dagger_F1_Pepper__43714.1540322094.jpg?c=2
000176.jpg,https://www.seedman.com/image/trn953.jpg
000177.jpg,https://www.tasteofhome.com/wp-content/uploads/2017/10/Mexican-Stuffed-Peppers_EXPS_HC17_48810_C12_16_7b-696x696.jpg
000178.jpg,https://greenbeanconnection.files.wordpress.com/2017/03/peppers-california-wonder-changing-color-eden-brothers.jpg?w=300&h=300
000179.jpg,https://edge.bonnieplants.com/www/uploads/20180920003958/cajun-belle-pepper-480x360.jpg
000180.jpg,https://www.healthyseasonalrecipes.com/wp-content/uploads/2016/01/low-carb-stuffed-mexican-peppers-1.jpg
000181.jpg,https://www.premierseedsdirect.com/wp-content/uploads/2017/11/pepper-Hot-Fresno-300x300.jpg
000182.jpg,https://simplelivingcountrygal.com/wp-content/uploads/2018/05/bell-pepper.jpg
000183.jpg,https://www.wise-bar.com/wp-content/uploads/2018/12/mexi_choco.jpg
000184.jpg,https://upload.wikimedia.org/wikipedia/commons/c/c9/Stuffed_pepper.jpg
000185.jpg,https://i.redd.it/4eqd2tdq9t311.jpg
000186.jpg,https://all-americaselections.org/wp-content/uploads/2016/10/PepperMariachi.120-500x500.jpg
000187.jpg,https://www.hazzardsgreenhouse.com/Merchant2/graphics/00000015/P7024.jpg
000188.jpg,https://i.ebayimg.com/images/g/zRcAAOSwwZtag6Lw/s-l300.jpg
000189.jpg,https://www.pepperseeds.eu/pub/media/catalog/product/cache/51e4881dc4e265ed9adcb710d483ab73/c/h/chili_seeds_-_jalapeno_emerald_fire..jpg
000190.jpg,https://barefeetinthekitchen.com/wp-content/uploads/2017/09/BUSHS-Hearty-Pepper-Chili-10-1-of-1-1024x731.jpg
000191.jpg,https://www.piedmontfarmandgarden.com/v/vspfiles/photos/PPP078-2T.jpg?v-cache=1366092667
000192.jpg,https://cf-images.us-east-1.prod.boltdns.net/v1/static/1033249144001/45f9a5f6-0be9-476a-80de-9b55b51c7abb/8a987ded-0da4-4aec-9374-f0faa2f79421/1280x720/match/image.jpg
000193.jpg,https://chili.tummelsta.se/wp-content/uploads/2017/07/IMG_5269-300x300.jpg
000194.jpg,http://www.fooduniversity.com/foodu/produce_c/producereference/Resources/Field%20Veg/peppers/image/bell_vidi.jpg
000195.jpg,https://www.seedsbydesign.com/_ccLib/image/plants/THUM-2001.jpg
000196.jpg,https://www.wikihow.com/images/thumb/2/20/Freeze-Bell-Peppers-Step-1.jpg/aid3949195-v4-728px-Freeze-Bell-Peppers-Step-1.jpg
000197.jpg,https://i0.wp.com/ae01.alicdn.com/kf/HTB1yUdePVXXXXXNaXXXq6xXFXXXE/200pcs-bag-vegetable-fruit-Garden-Carolina-mix-chilli-bonsai-plant-potted-Ghost-font-b-Pepper-b.jpg?crop=5,2,900,500&quality=2886
000198.jpg,https://imgv2-2-f.scribdassets.com/img/document/308684010/298x396/38b56e91f2/1460989844?v=1
000199.jpg,https://macore.com/categories/stream_tag/D5V2710.jpg
000200.jpg,http://www.guidetobelize.info/images/habaneros_species.jpg
000201.jpg,https://davesgarden.com/guides/pf/thumbnail.php?image=2017/12/20/Farmerdill/941200.jpg&widht=700&height=312
000202.jpg,http://joelgehringer.com/blog/wp-content/uploads/2014/10/peppers2.gif
000203.jpg,https://d1doqjmisr497k.cloudfront.net/-/media/mccormick-us/recipes/mccormick/m/800/mexican-stuffed-peppers.jpg
000204.jpg,https://www.seedsnsuch.com/wp-content/uploads/2018/11/redbull-1-500x412.jpg
000205.jpg,http://i317.photobucket.com/albums/mm366/nomad0311/2010Garden004-1.jpg
000206.jpg,https://4.bp.blogspot.com/-AjRmIJ-kjlM/WgWUgaTRqqI/AAAAAAAAJ2E/6Uv-UPv98as6s6k-mjUnH6RmGDwmd5bXQCLcBGAs/s1600/Tam%2BJalapeno%2B20170710_062501.jpg
000207.jpg,https://www.davids-garden-seeds-and-products.com/images/blackhungarian.jpg
000208.jpg,https://hips.hearstapps.com/hmg-prod.s3.amazonaws.com/images/raw-green-organic-poblano-peppers-royalty-free-image-639871580-1558536966.jpg?crop=0.667xw:1.00xh;0,0&resize=480:*
000209.jpg,https://cdn.shopify.com/s/files/1/2630/8280/products/56adb216282fbe6ce787d87afb417dc0_600x.jpg?v=1512948059
000210.jpg,https://i0.wp.com/thecompletesavorist.com/wp-content/uploads/2015/09/msb-title.jpg?ssl=1
000211.jpg,https://dontwastethecrumbs.com/wp-content/uploads/2015/08/DIY-Hot-Sauce-3.jpg
000212.jpg,http://box5382.temp.domains/~tomwarn1/nikontom/wp-content/uploads/2015/07/IMG_1410-800x600.jpg
000213.jpg,http://i1342.photobucket.com/albums/o763/skullbiker/367F63EC-39C8-4443-A514-391112F3AA86_zpsgqfclt5o.jpg
000214.jpg,http://sunsetgh.com/wp-content/uploads/2019/02/Pepper-Garden-Salsa_PCOSunset.png
000215.jpg,https://www.fromvalerieskitchen.com/wordpress/wp-content/uploads/2016/01/Mexican-Stuffed-Peppers-1080-099.jpg
000216.jpg,https://www.healthyseasonalrecipes.com/wp-content/uploads/2016/01/low-carb-stuffed-mexican-peppers-14.jpg
000217.jpg,https://img.sndimg.com/food/image/upload/c_thumb,q_80,w_412,h_232/v1/img/recipes/70/36/pic67x4TT.jpg
000218.jpg,http://www.sproutswyo.com/uploads/2/7/8/2/27829043/s329859440226174507_p1095_i1_w248.jpeg
000219.jpg,https://rickyandlucysgreenhouse.com/wp-content/uploads/2014/02/Lucys-Sweet-Heat.jpg
000220.jpg,https://www.homesteadingtoday.com/proxy.php?image=http%3A%2F%2Fi710.photobucket.com%2Falbums%2Fww109%2Fcowcreekgeeks%2Fjalapeno1.jpg&hash=e2d1c326d368fe2546b7b7170b78c0dd
000221.jpg,https://site-752375.mozfiles.com/files/752375/medium/51300702_2182038252057498_7998868416859471872_n.jpg
000222.jpg,https://i.imgur.com/fSkE8Nn.jpg
000223.jpg,https://www.chillisgalore.co.uk/images/diary/2000/numex.jpg
000224.jpg,http://www.fieryfoodscentral.com/wp-content/uploads/2008/07/superchili.jpg
000225.jpg,https://houseofyumm.com/wp-content/uploads/2015/08/Stuffed-Peppers-9logoname.jpg
000226.jpg,http://recipeofhealth.com/images/recipes_new_struct_id/medium/138/1389/138975/mexi-egg-scramble-skillet.jpg
000227.jpg,https://www.pepperscale.com/wp-content/uploads/2017/08/carmen-pepper-300x300.jpg
000228.jpg,https://cdn11.bigcommerce.com/s-cg0adf/images/stencil/500x659/products/1160/2984/Cherry_Bomb__63242.1540639144.jpg?c=2
000229.jpg,https://macore.com/categories/stream_tag/D3V5221.jpg
000230.jpg,https://www.seedman.com/image/pep249.jpg
000231.jpg,http://wahsegavalleyfarm.typepad.com/.a/6a00d83519315253ef014e8b0fde08970d-400wi
000232.jpg,https://s3.amazonaws.com/cdn.totallytomato.com/images/thumb/03790.jpg
000233.jpg,https://www.canr.msu.edu/contentAsset/image/23ceacaa-e132-41a0-9d0d-fe90964e15f4/fileAsset/filter/Resize,Crop,Jpeg/resize_w/300/crop_w/300/crop_h/200/crop_x/0/crop_y/0/jpeg_q/50
000234.jpg,https://assets.epicurious.com/photos/5baa67f17a685d1e72f1d0dc/4:6/w_1600%2Cc_limit/shutterstock_506756092.jpg
000235.jpg,https://www.thechilewoman.com/shop/images/Jalapeno.jpg
000236.jpg,https://www.premierseedsdirect.com/wp-content/uploads/2017/02/41581722-300x300.jpg
000237.jpg,https://bloximages.chicago2.vip.townnews.com/journalstar.com/content/tncms/assets/v3/editorial/0/5b/05bf1dfc-2cfe-5796-afdf-446ee78afab2/502a99f5e71a7.image.jpg
000238.jpg,http://dutchsgreenhouse.com/wp-content/uploads/2017/06/Vegetable-Plants-1.jpg
000239.jpg,https://cdn.shopify.com/s/files/1/1523/7044/products/Escamillo_large.jpg?v=1512944544
000240.jpg,http://wlkr.org/wp-content/uploads/2009/05/img_4227.jpg
000241.jpg,https://lh3.googleusercontent.com/v-TmC-rSvW0oMxBRPZaCu_F28mhMI4i0e2Kwj1yjvTO5xhrY4g_Ch9WdlyGyUrGcTPN7UrGTRp_cN7hzbPCmKXG55ZIX0PsQ8zmg2g=w360-l68
000242.jpg,https://usercontent1.hubstatic.com/7001246_f520.jpg
000243.jpg,http://i465.photobucket.com/albums/rr16/lonestarson/Photo0043.jpg
000244.jpg,https://www.sugarfreemom.com/wp-content/uploads/2013/10/pepperpoppers4.jpg
000245.jpg,https://scontent-lga3-1.cdninstagram.com/vp/ca784f8d074f1282fb214d410d4ae657/5DE8611D/t51.2885-15/sh0.08/e35/s640x640/62602888_133383837897045_4705019479798559126_n.jpg?_nc_ht=scontent-lga3-1.cdninstagram.com
000246.jpg,https://garden.org/pics/2018-08-08/Newyorkrita/bda256.jpg
000247.jpg,https://d1k5w7mbrh6vq5.cloudfront.net/images/cache/0e/85/4d/0e854d8d74d9fc368f397c2329738b2a.jpg
000248.jpg,https://cdn11.bigcommerce.com/s-tevsl/images/stencil/500x659/products/810/1483/5371_Mesilla_F1_Hot_Cayenne_Pepper__00301.1434740502.jpg?c=2
000249.jpg,https://www.piedmontfarmandgarden.com/v/vspfiles/photos/PPP023-2.jpg?v-cache=1366092667
000250.jpg,https://i.redd.it/ihjcwqq2l1611.jpg
000251.jpg,https://www.fataliiseeds.net/wp-content/uploads/2019/09/hungarian_hot_wax34468-324x594.jpg
000252.jpg,https://q7i2y6d5.stackpathcdn.com/wp-content/uploads/2017/04/pepper-spot.jpg
000253.jpg,https://scontent-lga3-1.cdninstagram.com/vp/49ef36e0cf88e9f6d2d39610bc82f1c0/5E145934/t51.2885-15/sh0.08/e35/s640x640/19121894_138956723340518_4899156829612802048_n.jpg?_nc_ht=scontent-lga3-1.cdninstagram.com
000254.jpg,http://phelangardens.com/wp-content/uploads/2011/04/pepperCarmen_PCOAASelections.jpg
000255.jpg,https://www.chilipeppermadness.com/wp-content/uploads/2018/05/Picadillo-Stuffed-Poblano-Peppers-Roasting-Poblanos1.jpg
000256.jpg,https://s3.amazonaws.com/cdn.hpsseed.com/images/thumb/03182.jpg
000257.jpg,https://cdn10.bigcommerce.com/s-2drwt2az/products/25978/images/71803/peterpepper2__20683.1556374731.500.659.jpg?c=2
000258.jpg,https://www.seedsbydesign.com/_ccLib/image/plants/THUM-2003.jpg
000259.jpg,https://thumbs.ebaystatic.com/d/l225/m/mGkWppw51lrhMa7qnDi4YDA.jpg
000260.jpg,https://chili.tummelsta.se/wp-content/uploads/2017/07/IMG_8216.jpg
000261.jpg,https://pbs.twimg.com/media/DDz7HxaW0AEUZyz.jpg
000262.jpg,https://c1.staticflickr.com/4/3890/15075334579_f7b7b17d54_n.jpg
000263.jpg,https://wahsegavalleyfarm.typepad.com/.a/6a00d83519315253ef0154346f3c49970c-400wi
000264.jpg,https://www.thespruceeats.com/thmb/J0ilpt01kPXFmPHfwNxO5CIyMeg=/425x326/filters:no_upscale():max_bytes(150000):strip_icc()/hot-tabasco-sauce-in-a-bowl-639452256-b01bcd31b67d4f498c4a9875e5e9d60a.jpg
000265.jpg,http://www.fooduniversity.com/foodu/produce_c/producereference/Resources/Field%20Veg/peppers/BellPepper/Bell%20Peppers%20B.jpg
000266.jpg,https://greenbeanconnection.files.wordpress.com/2017/03/pepper-hot-cayenne-blend-eden-brothers.jpg?w=300&h=300
000267.jpg,https://previews.123rf.com/images/martinfredy/martinfredy1706/martinfredy170600152/81853780-growing-or-pepper-in-the-garden-spicy-spice.jpg
000268.jpg,https://i0.wp.com/ae01.alicdn.com/kf/HTB1hrJUazzuK1Rjy0Fpq6yEpFXaD/Promotion-Jalapeno-Chichimeca-font-b-Chilli-b-font-font-b-Pepper-b-font-bonsai-100-Pcs.jpg?crop=5,2,900,500&quality=2886
000269.jpg,http://whatskpcooking.com/wp-content/uploads/2010/10/Mexican-Stuffed-Bell-Peppers.jpg
000270.jpg,https://usercontent1.hubstatic.com/7001250_f520.jpg
000271.jpg,https://images.media-allrecipes.com/userphotos/560x315/2508674.jpg
000272.jpg,https://seedsnsuch-qb2qm0z.netdna-ssl.com/wp-content/uploads/2018/11/mexican-sunset-hybrid-500x445.jpg
000273.jpg,https://www.wikihow.com/images/thumb/c/c7/Freeze-Bell-Peppers-Step-0-preview-Version-2.jpg/1000px-nowatermark-Freeze-Bell-Peppers-Step-0-preview-Version-2.jpg
000274.jpg,https://houseofyumm.com/wp-content/uploads/2015/08/Stuffed-Peppers-5logo.jpg
000275.jpg,https://2.bp.blogspot.com/-JlZf3v3oXE0/WgR9_n3LxcI/AAAAAAAAJzA/Y1p6CcHph4gB91BpTIZpvDHut8PMTdIlgCLcBGAs/s1600/Naga%2Bmorich%2B20170903_122047.jpg
000276.jpg,https://simplelivingcountrygal.com/wp-content/uploads/2018/05/banana-pepper.jpg
000277.jpg,https://scontent-atl3-1.cdninstagram.com/vp/dd8004ab63bf0a691d86cc008b2f5c72/5E1ED23D/t51.2885-15/e35/s480x480/924127_1669820979900035_402753519_n.jpg?_nc_ht=scontent-atl3-1.cdninstagram.com&_nc_cat=111
000278.jpg,https://assets.bonappetit.com/photos/57acbb251b3340441497513b/1:1/w_400%2Cc_limit/grilled-chicken-wings-with-shishito-peppers-and-herbs.jpg
000279.jpg,https://media.spokesman.com/photos/2015/10/02/SRX_PEPPERS.JPG.jpg
000280.jpg,https://cdn.shopify.com/s/files/1/2630/8280/products/c9fb97c3947629b68037dd170a99d572_600x.jpg?v=1512947003
000281.jpg,https://hips.hearstapps.com/ghk.h-cdn.co/assets/15/21/1432068149-84477557.jpg
000282.jpg,https://edge.bonnieplants.com/www/uploads/20180920003742/giant-marconi-pepper-web.jpg
000283.jpg,http://tequilaaficionado.com/wp-content/uploads/2017/06/HeatScale-257x300.jpg
000284.jpg,https://s3.amazonaws.com/mygardenlife.com/plant-library/thumb/1257_20.jpg
000285.jpg,https://site-752375.mozfiles.com/files/752375/medium/51779257_2181144535480203_8269298515801276416_n.jpg
000286.jpg,https://img-aws.ehowcdn.com/600x600p/photos.demandstudios.com/getty/article/88/29/86537829_XS.jpg
000287.jpg,https://barefeetinthekitchen.com/wp-content/uploads/2011/06/bell-peppers-1tbsp.jpg
000288.jpg,https://pics.davesgarden.com/pics/2014/02/10/Farmerdill/5874ad.jpg
000289.jpg,https://i.ytimg.com/vi/Ayg6smHNBIw/maxresdefault.jpg
000290.jpg,http://www.sproutswyo.com/uploads/2/7/8/2/27829043/s329859440226174507_p1474_i1_w500.jpeg
000291.jpg,http://sunsetgh.com/wp-content/uploads/2016/02/PepperHabanero_PCOJen.jpg
000292.jpg,https://scontent-cdg2-1.cdninstagram.com/vp/f46fa6aad674cc03c93b60aecbbbb745/5DEA4165/t51.2885-15/e35/12965710_514608938733288_135349733_n.jpg?_nc_ht=scontent-cdg2-1.cdninstagram.com&se=7&ig_cache_key=MTIzNDkxNDQwOTk3Njk0NjA5NQ%3D%3D.2
000293.jpg,http://www.fieryfoodscentral.com/wp-content/uploads/2008/07/yellow_wax.jpg
000294.jpg,http://joelgehringer.com/blog/wp-content/uploads/2014/10/peppers4.gif
000295.jpg,http://www.donlsmith.net/cuke09-25-16.jpg
000296.jpg,https://cdn11.bigcommerce.com/s-cg0adf/images/stencil/500x659/products/673/1237/Hungarian_Not_Wax_after_2_weeks__30702.1448476719.gif?c=2
000297.jpg,https://all-americaselections.org/wp-content/uploads/2016/11/Pepper-Mad-Hatter-F1-500x500.jpg
000298.jpg,https://macore.com/categories/stream_tag/D4V5253.jpg
000299.jpg,https://www.pepperscale.com/wp-content/uploads/2017/09/apache-pepper-300x225.jpg
000300.jpg,http://i1342.photobucket.com/albums/o763/skullbiker/E2444EF9-7E8C-46B1-8302-14145777E18C_zpsgbwj5as7.jpg
000301.jpg,https://www.healthyseasonalrecipes.com/wp-content/uploads/2016/01/low-carb-stuffed-mexican-peppers-4.jpg
000302.jpg,https://www.seedman.com/image/jf572.jpg
000303.jpg,https://www.picclickimg.com/00/s/MTIwMFgxNjAw/z/-TcAAOSwM7Zbm7n~/$/100-mixed-chilli-seeds-mild-to-hot-to-_1.jpg
000304.jpg,https://s3.amazonaws.com/cdn.totallytomato.com/images/thumb/03080.jpg
000305.jpg,https://assets.epicurious.com/photos/5baa644112c8f517ba93335e/6:4/w_1600%2Cc_limit/shutterstock_233373640.jpg
000306.jpg,https://garden.org/pics/2018-08-08/Newyorkrita/a8542d.jpg
000307.jpg,https://www.davids-garden-seeds-and-products.com/images/lantern.jpg
000308.jpg,https://i.pinimg.com/236x/e3/39/92/e339921bc19eecbda695efb35a87ecaa.jpg
000309.jpg,https://cdn11.bigcommerce.com/s-tevsl/images/stencil/500x659/products/2283/3484/5481_Jalapeno_Sweet_Pepper__30097.1542041163.jpg?c=2
000310.jpg,https://q7i2y6d5.stackpathcdn.com/wp-content/uploads/2014/11/pepper-plants.jpg
000311.jpg,https://casaveneracion.com/wp-content/uploads/2009/11/bell-pepper-2.jpg
000312.jpg,http://www.myspicesage.com/blog/images/iStock_000011161571XSmall[1]CayennePepper.jpg
000313.jpg,http://www.fooduniversity.com/foodu/produce_c/producereference/Resources/Field%20Veg/peppers/image/jingle_bell.jpg
000314.jpg,https://seedsnsuch-qb2qm0z.netdna-ssl.com/wp-content/uploads/2013/10/Pep_Anaheim-Chili_cmyk-300x300.jpg
000315.jpg,https://st.hzcdn.com/fimgs/0a02b79504cb787f_0801-w240-h320-b0-p0--.jpg
000316.jpg,https://3.bp.blogspot.com/-26_JmrYxQQ4/WgWTvrLIsmI/AAAAAAAAJ14/QiylLhoMx48H84s_5ehhK4SYEWGa16-DACLcBGAs/s1600/Tam%2BJalapeno%2B20170819_172912.jpg
000317.jpg,https://s3.amazonaws.com/mygardenlife.com/plant-library/thumb/7708_12.jpg
000318.jpg,https://www.seedsbydesign.com/_ccLib/image/plants/THUM-1111.jpg
000319.jpg,https://hips.hearstapps.com/hmg-prod.s3.amazonaws.com/images/organic-green-jalapeno-peppers-royalty-free-image-485602222-1558537160.jpg?crop=1.00xw:0.667xh;0,0.228xh&resize=480:*
000320.jpg,https://cdn.shopify.com/s/files/1/1523/7044/products/Carmen_large.jpg?v=1503283262
000321.jpg,https://cdn.shopify.com/s/files/1/2630/8280/products/d2b57f0a72ddfbd69766f3afb2a67d5f_600x.jpg?v=1512948268
000322.jpg,https://www.piedmontfarmandgarden.com/v/vspfiles/photos/PPP067-2T.jpg
000323.jpg,https://greenbeanconnection.files.wordpress.com/2017/04/edible-flowers.jpg?w=584
000324.jpg,https://www.premierseedsdirect.com/wp-content/uploads/2017/11/62850327-2-300x300.jpg
000325.jpg,https://thumbs.ebaystatic.com/d/l225/m/m80L_WeIutpQmRegyvT7IHA.jpg
000326.jpg,https://www.wikihow.com/images/thumb/9/93/Freeze-Bell-Peppers-Step-2.jpg/aid3949195-v4-728px-Freeze-Bell-Peppers-Step-2.jpg
000327.jpg,https://edge.bonnieplants.com/www/uploads/20180920004003/sweet-banana-pepper-480x360.jpg
000328.jpg,https://i0.wp.com/ae01.alicdn.com/kf/HTB1x9YkKpXXXXbPXpXXq6xXFXXXc/New-2015-Rare-Ghost-font-b-Pepper-b-font-India-Style-Bhut-font-b-Jolokia-b.jpg?crop=5,2,900,500&quality=2886
000329.jpg,https://www.fataliiseeds.net/wp-content/uploads/2019/08/mini_brown_rocoto3465-324x453.jpg
000330.jpg,https://www.thespruceeats.com/thmb/ItAbnKJVPuFsTvdv9_uD6qVE98w=/425x326/filters:no_upscale():max_bytes(150000):strip_icc()/GettyImages-613727526-5c004fd246e0fb0001886fea.jpg
000331.jpg,http://box5382.temp.domains/~tomwarn1/nikontom/wp-content/uploads/2015/08/TPW2995_crop.jpg
000332.jpg,https://www.sproutswyo.com/uploads/2/7/8/2/27829043/s329859440226174507_p869_i1_w340.jpeg
000333.jpg,https://i.ytimg.com/vi/DcJh-3N5YZw/maxresdefault.jpg
000334.jpg,https://www.thechilewoman.com/shop/images/SFgrande.jpeg
000335.jpg,https://bloximages.chicago2.vip.townnews.com/journalstar.com/content/tncms/assets/v3/editorial/8/94/89450025-3555-5fe8-bdcf-d993f6761308/502a99f293d16.image.jpg
000336.jpg,https://assets.bonappetit.com/photos/57ae35c3f1c801a1038bd128/1:1/w_400%2Cc_limit/POACHED-EGGS-IN-RED-PEPPER-SAUCE.jpg
000337.jpg,https://macore.com/categories/stream_tag/D5V5253.jpg
000338.jpg,https://littlesproutslearning.co/wp-content/uploads/2015/07/peppers-and-carrots-from-childrens-garden.jpg
000339.jpg,http://i1342.photobucket.com/albums/o763/skullbiker/image_zpsdoimtmju.jpeg
000340.jpg,http://www.fieryfoodscentral.com/wp-content/uploads/2008/07/longredcay.jpg
000341.jpg,https://www.seedman.com/image/trn822.jpg
000342.jpg,https://preview.redd.it/4eqd2tdq9t311.jpg?overlay-align=bottom,left&crop=1200:628.272251309,smart&overlay-height=15p&overlay=%2Fwatermark%2Ft5_2tlk9.png%3Fs%3D9067d0581b95e7707651dbba993c3ac10b12a86f&width=1200&height=628.272251309&auto=webp&s=797af7d452f25cb9b92fbe9029ff6ea437b06207
000343.jpg,https://cdn11.bigcommerce.com/s-cg0adf/images/stencil/500x659/products/697/1267/Black_Hungarian__33047.1448709346.jpg?c=2
000344.jpg,https://pics.davesgarden.com/pics/2011/11/02/chimayo/e69d43.jpg
000345.jpg,http://sunsetgh.com/wp-content/uploads/2016/02/PepperGoldenCaliforniaWonder_PCOSeedsByDesignViaBHC.jpg
000346.jpg,http://www.donlsmith.net/pobpep10-29-16.jpg
000347.jpg,https://www.davids-garden-seeds-and-products.com/images/madhatter.jpg
000348.jpg,https://www.healthyseasonalrecipes.com/wp-content/uploads/2016/01/low-carb-stuffed-mexican-peppers-9.jpg
000349.jpg,https://s3.amazonaws.com/cdn.totallytomato.com/images/thumb/03002.jpg
000350.jpg,https://assets.epicurious.com/photos/5baa70887f6592487f97a8ea/6:4/w_1600%2Cc_limit/shutterstock_713262178.jpg
000351.jpg,https://www.chilipeppermadness.com/wp-content/uploads/2013/09/Poblano-Peppers1-e1528488581974.jpg
000352.jpg,https://cdn11.bigcommerce.com/s-tevsl/products/831/images/1482/5365_Mariachi_F1_Asst._Hot_Pepper__52904.1434739954.380.380.jpg?c=2
000353.jpg,https://pbs.twimg.com/media/Bvv3bHyIcAISujY.jpg
000354.jpg,https://q7i2y6d5.stackpathcdn.com/wp-content/uploads/2013/07/pepper-wilt.jpg
000355.jpg,https://3.bp.blogspot.com/-G9sV0iZUisY/WgWpZ9v4uHI/AAAAAAAAJ6E/Zb_-xZq00089rser1_dnUlD1NXS3I549ACLcBGAs/s1600/Trinidad%2Bdouglah%2B20170920_093452.jpg
000356.jpg,https://all-americaselections.org/wp-content/uploads/2016/10/Pepper_CajunBelle-3-2010AAS.jpg
000357.jpg,https://i.pinimg.com/236x/0f/8b/e9/0f8be91fa5bc72b473f5c54f9b7116da.jpg
000358.jpg,https://i1.wp.com/joelgehringer.com/blog/wp-content/uploads/2015/05/2015_peppers_05_01_bell.jpg?resize=350%2C200
000359.jpg,http://phelangardens.com/wp-content/uploads/2018/03/PepperGypsy_PCOAAS.jpg
000360.jpg,https://i0.wp.com/ae01.alicdn.com/kf/HTB1N8bHkx3IL1JjSZPfq6ArUVXaM/100Pc-Super-font-b-Giant-b-font-font-b-Pepper-b-font-bonsai-font-b-Red.jpg?crop=5,2,900,500&quality=2886
000361.jpg,https://www.fataliiseeds.net/wp-content/uploads/fromoldsite/clavo_red_001-800x800-324x324.jpg
000362.jpg,https://s3.amazonaws.com/cdn.hpsseed.com/images/thumb/03149.jpg
000363.jpg,https://www.seedsbydesign.com/_ccLib/image/plants/THUM-1938.jpg
000364.jpg,https://www.thespruceeats.com/thmb/Ac_-fImAFVDRvihSR9YYCWfP3lE=/425x326/filters:no_upscale():max_bytes(150000):strip_icc()/142570105-56a30e115f9b58b7d0d03292.jpg
000365.jpg,https://www.sproutswyo.com/uploads/2/7/8/2/27829043/s329859440226174507_p1511_i1_w640.jpeg
000366.jpg,https://s3.eu-west-2.amazonaws.com/growinginteractive/blog/caloro-pepper-2x.jpg
000367.jpg,https://seedsnsuch-qb2qm0z.netdna-ssl.com/wp-content/uploads/2018/11/mosquetero-1-500x458.jpg
000368.jpg,https://greenbeanconnection.files.wordpress.com/2017/03/pepper-buddha-bowl-with-red-peppers.jpg?w=584
000369.jpg,https://assets.bonappetit.com/photos/57acb10153e63daf11a4d968/1:1/w_400%2Cc_limit/sweet-and-spicy-chile-pepper-jelly.jpg
000370.jpg,https://cdn.shopify.com/s/files/1/2630/8280/products/d8d90351a9db637141fd815c7b6d1ffd_600x.jpg?v=1512948097
000371.jpg,https://www.premierseedsdirect.com/wp-content/uploads/2017/02/41581646-2-300x300.jpg
000372.jpg,https://www.seedman.com/image/trn672.jpg
000373.jpg,https://edge.bonnieplants.com/www/uploads/20180920004028/anaheim-hot-pepper-480x360.jpg
000374.jpg,https://all-americaselections.org/wp-content/uploads/2017/11/Pepper-habanero-Roulette-500x500.jpg
000375.jpg,https://hips.hearstapps.com/hmg-prod.s3.amazonaws.com/images/raw-organic-yellow-banana-peppers-royalty-free-image-583847130-1558536431.jpg?crop=0.612xw:0.920xh;0,0.0803xh&resize=480:*
000376.jpg,http://www.donlsmith.net/pobpep08-25-16.jpg
000377.jpg,http://www.fieryfoodscentral.com/wp-content/uploads/2008/07/jalapenos.jpg
000378.jpg,https://i.ytimg.com/vi/43l88CAaEOk/hqdefault.jpg
000379.jpg,https://macore.com/categories/stream_tag/D5V2830.jpg
000380.jpg,https://s3.amazonaws.com/cdn.totallytomato.com/images/thumb/03084.jpg
000381.jpg,https://cdn.shopify.com/s/files/1/1523/7044/products/LipstickPimentoRipeInHandBlurry_large.jpg?v=1475909672
000382.jpg,http://box5382.temp.domains/~tomwarn1/nikontom/wp-content/uploads/2017/10/20171029_101055-800x450.jpg
000383.jpg,https://pbs.twimg.com/media/CpNwoMXWAAEeCzu.jpg
000384.jpg,https://cdn11.bigcommerce.com/s-cg0adf/images/stencil/500x659/products/727/1309/Bulgarian_carrot__54748.1448724384.jpg?c=2
000385.jpg,http://www.englishcountrygardensusa.com/uploads/2/0/8/9/20899964/8986475.jpg
000386.jpg,https://2.bp.blogspot.com/-Ceh7WPr0kNc/W3qgK7-6BDI/AAAAAAAALMU/txZKt3_0fCcum5PMu6Ujy9HbNfXL2JUDACLcBGAs/s1600/Tam%2BJalapeno%2B20180812_183024.jpg
000387.jpg,https://cdn11.bigcommerce.com/s-tevsl/images/stencil/500x659/products/2347/3559/5349_Semi-Hot_Hungarian_Blocky_F1_Pepper__61133.1542047684.jpg?c=2
000388.jpg,https://i.pinimg.com/originals/9c/44/ee/9c44eecb16a747780114fe93e8335eee.jpg
000389.jpg,https://assets.epicurious.com/photos/5aa00cbc0165770628983f3f/4:6/w_2553,h_3830,c_limit/Posole-peppers-03012018.jpg
000390.jpg,https://www.davids-garden-seeds-and-products.com/images/kabal.jpg
000391.jpg,http://joelgehringer.com/blog/wp-content/uploads/2015/09/2015_puny_pepper2.jpg
000392.jpg,https://i0.wp.com/ae01.alicdn.com/kf/HTB1qCUUsEQIL1JjSZFhq6yDZFXaf/Buy-Hot-Chili-Semente-60pcs-Plant-Bhut-font-b-Jolokia-b-font-Vegetables-Pucker-Butt-font.jpg?crop=5,2,900,500&quality=2886
000393.jpg,https://www.sproutswyo.com/uploads/2/7/8/2/27829043/s329859440226174507_p1678_i1_w640.jpeg
000394.jpg,https://macore.com/categories/stream_tag/D5V5250.jpg
000395.jpg,https://www.seedsnsuch.com/wp-content/uploads/2018/11/giantaconcagua-1-500x304.jpeg
000396.jpg,https://www.fataliiseeds.net/wp-content/uploads/fromoldsite/hawaiian3346-800x800-324x324.jpg
000397.jpg,https://s3.amazonaws.com/cdn.hpsseed.com/images/thumb/03789.jpg
000398.jpg,https://external-preview.redd.it/3xpMxcjG3V17eNHwIL34UsT-vIoS9AXK-3Cc5fAEsxc.jpg?auto=webp&s=01dc283cfb833cfc274fafffa58018b078284f37
000399.jpg,https://cdn.shopify.com/s/files/1/2630/8280/products/861fcf570eb8b34705311bbd132a144f_600x.jpg?v=1512947555
000400.jpg,https://assets.bonappetit.com/photos/57aca6f21b334044149750d7/1:1/w_400%2Cc_limit/charred-padron-chiles-and-squid-salad.jpg
000401.jpg,http://i1342.photobucket.com/albums/o763/skullbiker/image_zpsko4xhi7a.jpeg
000402.jpg,http://sunsetgh.com/wp-content/uploads/2016/02/PepperBellwithCuteStuffRed_PCOVal.jpg
000403.jpg,https://bloximages.chicago2.vip.townnews.com/journalstar.com/content/tncms/assets/v3/editorial/0/3a/03a6e190-e815-5222-a642-6f08570da9c2/502a99f0b6d4b.image.jpg
000404.jpg,https://www.wikihow.com/images/thumb/4/4a/Freeze-Bell-Peppers-Step-9.jpg/aid3949195-v4-728px-Freeze-Bell-Peppers-Step-9.jpg
000405.jpg,https://www.seedman.com/image/trn647.jpg
000406.jpg,https://hips.hearstapps.com/hmg-prod.s3.amazonaws.com/images/close-up-of-green-red-and-orange-bell-peppers-royalty-free-image-622418542-1558536290.jpg?crop=0.667xw:1.00xh;0.333xw,0&resize=480:*
000407.jpg,https://www.premierseedsdirect.com/wp-content/uploads/2017/02/41581733-300x300.jpg
000408.jpg,https://st.hzcdn.com/fimgs/0302bc7504cb787d_0799-w240-h320-b0-p0--.jpg
000409.jpg,https://cdn11.bigcommerce.com/s-tevsl/images/stencil/500x659/products/2211/3309/5310_Mad_Hatter_F1_v2_Pepper__07257.1540313664.jpg?c=2
000410.jpg,https://cdn11.bigcommerce.com/s-cg0adf/images/stencil/500x659/products/1257/3330/maris_Biber__10946.1552816188.jpg?c=2
000411.jpg,https://www.seedsbydesign.com/_ccLib/image/plants/THUM-1918.jpg
000412.jpg,https://s3.amazonaws.com/cdn.totallytomato.com/images/popup/03031.jpg
000413.jpg,https://pepperdatabase.org/images/avatars/3.jpg
000414.jpg,https://3.bp.blogspot.com/-tOrIR3-8Ga8/WgWU3plcV1I/AAAAAAAAJ2M/_YioaRmOQ2gqTOoCJ7CsWytaoc1nfiyygCLcBGAs/s1600/Tam%2BJalapeno%2B20170821_115902.jpg
000415.jpg,https://assets.epicurious.com/photos/5baa663433a94b3f7788825a/6:4/w_1600%2Cc_limit/shutterstock_510309472.jpg
000416.jpg,https://pbs.twimg.com/media/CLUrdnsWwAU5VFm.jpg
000417.jpg,https://i0.wp.com/ae01.alicdn.com/kf/HTB15Pj7KeGSBuNjSspbq6AiipXat/Promotion-Jalapeno-Chichimeca-font-b-Chilli-b-font-font-b-Pepper-b-font-bonsai-100-Pcs.jpg?crop=5,2,900,500&quality=2886
000418.jpg,https://s3.amazonaws.com/cdn.hpsseed.com/images/thumb/03134.jpg
000419.jpg,http://www.sproutswyo.com/uploads/2/7/8/2/27829043/s329859440226174507_p1675_i1_w450.jpeg
000420.jpg,http://www.donlsmith.net/pobpot09-19-16.jpg
000421.jpg,https://www.seedsnsuch.com/wp-content/uploads/2018/11/hot-peppers-slider-1-500x500.jpg
000422.jpg,https://cdn.shopify.com/s/files/1/2630/8280/products/Poblano_Ancho_Pepper_large.jpg?v=1518222107
000423.jpg,https://macore.com/categories/stream_tag/D5V2770.jpg
000424.jpg,https://i.ytimg.com/vi/nhTJu8EkWvA/maxresdefault.jpg
000425.jpg,https://www.wikihow.com/images/thumb/a/a2/Preserve-Seeds-from-Bell-Peppers-Step-3.jpg/aid5487478-v4-728px-Preserve-Seeds-from-Bell-Peppers-Step-3.jpg
000426.jpg,https://conflictedracer.files.wordpress.com/2012/06/11-peppers.jpg
000427.jpg,http://phelangardens.com/wp-content/uploads/2019/03/Tomato-Midnight-Snack_PCOAAS.jpg
000428.jpg,https://all-americaselections.org/wp-content/uploads/2016/10/PepperSuperChili.120-500x500.jpg
000429.jpg,https://hips.hearstapps.com/hmg-prod.s3.amazonaws.com/images/bird-chilli-isolated-on-white-background-royalty-free-image-855683732-1558537631.jpg?crop=0.709xw:0.993xh;0.112xw,0.00242xh&resize=480:*
000430.jpg,https://cdn.shopify.com/s/files/1/1523/7044/products/BarkerRipeInHand.jpg?v=1475896125
000431.jpg,https://www.hazzardsgreenhouse.com/Merchant2/graphics/00000015/P2861.jpg
000432.jpg,https://2.bp.blogspot.com/-p5QXmId1hdI/WgR9r20Bw7I/AAAAAAAAJy8/eTztWLQdt7kEHq57_VvoOlqxLqnDCOhgACLcBGAs/s1600/Naga%2Bmorich%2B20170903_121827.jpg
000433.jpg,https://cdn11.bigcommerce.com/s-tevsl/images/stencil/500x659/products/1587/2288/5483_Numex_Joe_E._Parker_Standard_Hot_Pepper__50728.1438192978.jpg?c=2
000434.jpg,https://cdn11.bigcommerce.com/s-cg0adf/images/stencil/500x659/products/1293/3492/Mojo_Red__79695.1552826398.jpg?c=2
000435.jpg,https://www.premierseedsdirect.com/wp-content/uploads/2017/02/41581599-300x300.jpg
000436.jpg,http://yonderfarms.com/Yonder_Farms/Vegetables_files/Media/Tabasco_peppers/thumb.jpg
000437.jpg,https://www.seedsbydesign.com/_ccLib/image/plants/THUM-1152.jpg
000438.jpg,http://www.donlsmith.net/canna02.jpg
000439.jpg,https://greenbeanconnection.files.wordpress.com/2017/03/pepper-colorful-decorative-ristras.jpg?w=200&h=300
000440.jpg,https://s3.amazonaws.com/cdn.totallytomato.com/images/thumb/03083.jpg
000441.jpg,https://seedsnsuch-qb2qm0z.netdna-ssl.com/wp-content/uploads/2013/10/Pep_Ancho_101_cmyk-300x300.jpg
000442.jpg,https://s3.amazonaws.com/cdn.hpsseed.com/images/thumb/03068.jpg
000443.jpg,https://i0.wp.com/ae01.alicdn.com/kf/HTB1xPNQXpzsK1Rjy1Xbq6xOaFXav/Hot-selling-10pcs-Bhut-font-b-Jolokia-b-font-India-ghost-font-b-pepper-b-font.jpg?crop=5,2,900,500&quality=2886
000444.jpg,https://cdn.shopify.com/s/files/1/2630/8280/products/bigJim_large.jpg?v=1518025264
000445.jpg,https://www.wikihow.com/images/thumb/b/bd/Freeze-Bell-Peppers-Step-3.jpg/aid3949195-v4-728px-Freeze-Bell-Peppers-Step-3.jpg
000446.jpg,http://sunsetgh.com/wp-content/uploads/2016/02/PepperCayenne_PCOJen.jpg
000447.jpg,https://cdn.shopify.com/s/files/1/1523/7044/products/NuMexMirasol.jpg?v=1475911387
000448.jpg,http://www.sproutswyo.com/uploads/2/7/8/2/27829043/s329859440226174507_p1089_i1_w640.jpeg
000449.jpg,http://www.englishcountrygardensusa.com/uploads/2/0/8/9/20899964/7837242.jpg
000450.jpg,https://www.seedman.com/image/jf707.jpg
000451.jpg,https://s3.amazonaws.com/cdn.totallytomato.com/images/thumb/03012.jpg
000452.jpg,https://hips.hearstapps.com/hmg-prod.s3.amazonaws.com/images/basket-of-farmers-market-red-fresno-chili-peppers-royalty-free-image-1038379104-1558537386.jpg?crop=0.578xw:0.868xh;0.0793xw,0.101xh&resize=480:*
000453.jpg,https://www.premierseedsdirect.com/wp-content/uploads/2017/02/41581627-300x300.jpg
000454.jpg,https://cdn11.bigcommerce.com/s-cg0adf/images/stencil/500x659/products/706/1284/Barak__32855.1448711662.jpg?c=2
000455.jpg,https://1.bp.blogspot.com/-QbiWjH2xa8s/WgWqR6n_7kI/AAAAAAAAJ6U/jFuUyu9f4NgmYtVboT5DUJOJHLmR2czzwCLcBGAs/s1600/Trinidad%2Bdouglah%2B20170920_093636.jpg
000456.jpg,http://www.donlsmith.net/mbellpot02-08-24-16.jpg
000457.jpg,https://cdn.shopify.com/s/files/1/2630/8280/products/d62f255e98f3fd46f69bcad5f68efc71_large.jpg?v=1512949266
000458.jpg,https://www.seedsbydesign.com/_ccLib/image/plants/THUM-1988.jpg
000459.jpg,https://seedsnsuch-qb2qm0z.netdna-ssl.com/wp-content/uploads/2013/09/Red_Savina_Habanero_8-12-13_cmyk.jpg
000460.jpg,https://i0.wp.com/ae01.alicdn.com/kf/HLB1kUBhaEvrK1RjSspcq6zzSXXa8/200pcs-bag-New-Rare-Chili-Bonsai-Ghost-font-b-Pepper-b-font-Plant-Imported-Vegetables-India.jpg?crop=5,2,900,500&quality=2886
000461.jpg,https://cdn.shopify.com/s/files/1/1523/7044/products/Fish.jpg?v=1475908750
000462.jpg,https://s3.amazonaws.com/cdn.totallytomato.com/images/thumb/03008.jpg
000463.jpg,https://aristonorganic.files.wordpress.com/2013/11/p9220408.jpg?w=600
000464.jpg,https://cdn11.bigcommerce.com/s-cg0adf/images/stencil/500x659/products/700/1272/Mushroom_Yellow__97725.1448709856.jpg?c=2
000465.jpg,https://www.sproutswyo.com/uploads/2/7/8/2/27829043/s329859440226174507_p1676_i1_w225.jpeg
000466.jpg,http://www.donlsmith.net/mbellpot03-22-17.jpg
000467.jpg,https://www.premierseedsdirect.com/wp-content/uploads/2017/02/41581666-300x300.jpg
000468.jpg,https://cdn11.bigcommerce.com/s-tevsl/product_images/uploaded_images/pepper-category.jpg
000469.jpg,https://i0.wp.com/ae01.alicdn.com/kf/HTB1Y4ZPqTtYBeNjy1Xdq6xXyVXam/Best-Artificial-TM-font-b-Chilli-b-font-String-Hot-font-b-Peppers-b-font-Hanging.jpg?crop=5,2,900,500&quality=2886
000470.jpg,https://cdn.shopify.com/s/files/1/2630/8280/products/7c2c523a2e4c0cc23a106dd306e329fc_large.jpg?v=1512948266
000471.jpg,https://www.seedsnsuch.com/wp-content/uploads/2018/11/numex-1-500x500.jpg
000472.jpg,https://cdn.shopify.com/s/files/1/1523/7044/products/Cayenne.jpg?v=1475899485
000473.jpg,https://cdn11.bigcommerce.com/s-cg0adf/images/stencil/500x659/products/1213/3143/Carolina_Reaper_Chocolate__97136.1547311378.jpg?c=2
000474.jpg,https://www.seedman.com/image/pep750.jpg
000475.jpg,http://www.donlsmith.net/mbellpot12-03-16.jpg
000476.jpg,https://4.bp.blogspot.com/-0-Paj7zNlkw/W3qfzfF2huI/AAAAAAAALMM/GLUuDMO_Vk4Ebfwu1gSgzwz3wfr2PzCnQCLcBGAs/s1600/Tam%2BJalapeno%2B20180812_183145.jpg
000477.jpg,https://www.seedsbydesign.com/_ccLib/image/plants/THUM-323.jpg
000478.jpg,https://www.seedsnsuch.com/wp-content/uploads/2018/11/Pep_Chiltepin_cmyk-1.jpg
000479.jpg,http://yonderfarms.com/Yonder_Farms/Vegetables_files/Media/Pepper20-20Garden20Salsa/thumb.jpg
000480.jpg,https://i0.wp.com/ae01.alicdn.com/kf/HTB1IQdkgbGYBuNjy0Foq6AiBFXa5/1SET-2in1-font-b-Pepper-b-font-Chili-Bell-Jalapeno-Corer-Seed-Remover-font-b-Green.jpg?crop=5,2,900,500&quality=2886
000481.jpg,https://www.premierseedsdirect.com/wp-content/uploads/2017/02/41581652-2-300x300.jpg
000482.jpg,http://www.donlsmith.net/cuke09-15-16.jpg
000483.jpg,https://3.bp.blogspot.com/-Jn5wc4KdPMA/WfcdSeCNRHI/AAAAAAAAJrM/Tie9VnOvzEkJfkaGuhZJvuikVc1V4HRPgCLcBGAs/s1600/Cola%2Bde%2Brata%2B20170822_190008.jpg
000484.jpg,https://s3.amazonaws.com/cdn.totallytomato.com/images/thumb/03178.jpg
000485.jpg,https://cdn11.bigcommerce.com/s-cg0adf/images/stencil/500x659/products/713/1293/Numex_Sandia__40411.1448719815.JPG?c=2
000486.jpg,https://www.seedsnsuch.com/wp-content/uploads/2018/11/prettynsweet-1-500x500.jpg
000487.jpg,https://www.premierseedsdirect.com/wp-content/uploads/2017/02/41582219-300x300.jpg
000488.jpg,https://s3.amazonaws.com/cdn.totallytomato.com/images/thumb/00008.jpg
000489.jpg,http://www.donlsmith.net/grnpep08-25-16.jpg
000490.jpg,https://1.bp.blogspot.com/-Wt8ViNWAsqY/WgWm8w0mlsI/AAAAAAAAJ5g/adDMTuBa_poxxIMs114x6mAsiSRnoevuQCLcBGAs/s1600/Scotch%2Bbonnet%2Btrinidad%2Bred%2B20170818_080435.jpg
000491.jpg,https://www.premierseedsdirect.com/wp-content/uploads/2017/02/41581708-2-300x300.jpg
000492.jpg,https://www.hazzardsgreenhouse.com/Merchant2/graphics/00000015/P9879.jpg
000493.jpg,https://www.seedman.com/image/pep385.jpg
000494.jpg,http://yonderfarms.com/Yonder_Farms/Vegetables_files/Media/66282/thumb.jpg
000495.jpg,https://www.premierseedsdirect.com/wp-content/uploads/2017/02/41581689-300x300.jpg
000496.jpg,http://www.donlsmith.net/cukepepper08-04-16.jpg
000497.jpg,https://www.picclickimg.com/d/l400/pict/401151126693_/Kings-Seeds-Pepper-Sweet-New-Ace.jpg
000498.jpg,https://www.seedsnsuch.com/wp-content/uploads/2018/11/newace-1-500x402.jpg
000499.jpg,https://cdn11.bigcommerce.com/s-cg0adf/images/stencil/500x659/products/717/1299/Numex_Pinata__98467.1448720987.jpg?c=2
000500.jpg,http://farm4.staticflickr.com/3035/5864660714_2e79077619.jpg
000501.jpg,https://bonnieplants.com/wp-content/uploads/mexibell-pepper.jpg
000502.jpg,https://www.mygardenlife.com/uploads/2011/10/7269_13.jpg
000503.jpg,https://www.gourmetseed.com/image/cache/catalog/products/M/mexibell_pepper-1024x1024.jpg
000504.jpg,http://davesgarden.com/guides/pf/thumbnail.php?image=2005/06/27/Farmerdill/4b430d.jpg
000505.jpg,https://www.pepperscale.com/wp-content/uploads/2017/08/Mexibell-Pepper.jpg
000506.jpg,http://pics.davesgarden.com/pics/2005/06/27/Farmerdill/4b430d.jpg
000507.jpg,http://pics.davesgarden.com/pics/2005/07/29/Farmerdill/a341b7.jpg
000508.jpg,https://pics.davesgarden.com/pics/2011/11/02/chimayo/399146.jpg
000509.jpg,http://img.sndimg.com/food/image/upload/w_614,h_461,c_fit/v1/img/recipes/10/02/80/picGWDI19.jpg
000510.jpg,http://pics.davesgarden.com/pics/2011/11/02/chimayo/e69d43.jpg
000511.jpg,http://img.sndimg.com/food/image/upload/w_614,h_461,c_fit/v1/img/recipes/10/02/80/picX8Faom.jpg
000512.jpg,https://www.mediterranpiac.com/images/product_images/popup_images/round_of_hungary.jpg
000513.jpg,https://www.piedmontfarmandgarden.com/v/vspfiles/photos/PPP121-2.jpg
000514.jpg,https://farm2.staticflickr.com/1804/29115632938_1120c41d1a_b.jpg
000515.jpg,https://www.cayennediane.com/wp-content/uploads/The-Scoville-Scale.jpg
000516.jpg,https://www.pepperscale.com/wp-content/uploads/2017/07/cajun-belle-pepper-1024x1024.jpg
000517.jpg,https://cdn3.bigcommerce.com/s-2drwt2az/products/7287/images/53471/maxibell__46673.1493261909.500.659.jpg
000518.jpg,http://www.piedmontfarmandgarden.com/v/vspfiles/photos/PPP024-5.jpg
000519.jpg,http://4.bp.blogspot.com/-6hdNatSCbbs/UiF7qSMpYeI/AAAAAAAAAIE/s_uqFE7qiQ4/s1600/20130727_141341.jpg
000520.jpg,http://www.piedmontfarmandgarden.com/v/vspfiles/photos/PPP024-7.jpg
000521.jpg,http://www.ell.gr/PEPPERS/Capsicum%20annuum%20Ancho%20San%20Luis%20Mexican%20Large.jpg
000522.jpg,http://sunsetgh.com/wp-content/uploads/2016/02/PepperHabanero_PCOJen.jpg
000523.jpg,https://s-media-cache-ak0.pinimg.com/236x/9c/44/ee/9c44eecb16a747780114fe93e8335eee.jpg
000524.jpg,https://seedsnsuch-qb2qm0z.netdna-ssl.com/wp-content/uploads/2013/10/Pep_Mexibell_cmyk.jpg
000525.jpg,https://www.davids-garden-seeds-and-products.com/images/felicity.jpg
000526.jpg,http://img.sndimg.com/food/image/upload/w_614,h_461,c_fit/v1/img/recipes/10/02/80/picKvjdh8.jpg
000527.jpg,http://i2.wp.com/bonnieplants.com/wp-content/uploads/carmen-italian-sweet-pepper.jpg
000528.jpg,http://www.donlsmith.net/mbell08-29-16.jpg
000529.jpg,http://www.donlsmith.net/cuke08-29-16.jpg
000530.jpg,http://www.ell.gr/PEPPERS/Espanola%20Pepper.jpg
000531.jpg,http://www.chilipepper.de/pictures/galerie/mexibell_ancho_opt.jpg
000532.jpg,https://thumb1.shutterstock.com/display_pic_with_logo/2281850/411565060/stock-photo-growing-the-bell-peppers-capsicum-unripe-peppers-in-the-vegetable-garden-411565060.jpg
000533.jpg,http://phelangardens.com/wp-content/uploads/2011/04/pepperbelltype_pcojen.jpg
000534.jpg,http://www.chilipepper.de/pictures/galerie/mexibell_opt.jpg
000535.jpg,http://www.donlsmith.net/miguel.jpg
000536.jpg,http://www.piedmontfarmandgarden.com/v/vspfiles/photos/PPP024-8.jpg
000537.jpg,http://phelangardens.com/wp-content/uploads/2019/03/Pepper-Orange-Blaze_PCOAAS-300x300.jpg
000538.jpg,http://all-americaselections.org/wp-content/uploads/2016/10/PepperSuperChili.120-500x500.jpg
000539.jpg,https://bloximages.chicago2.vip.townnews.com/journalstar.com/content/tncms/assets/v3/editorial/5/2e/52eef8df-97a2-5782-9329-d22f2e4e9d9f/502a99ef35b6e.image.jpg
000540.jpg,http://sunsetgh.com/wp-content/uploads/2016/02/PepperCayenne_PCOJen.jpg
000541.jpg,https://www.seedsbydesign.com/_ccLib/image/plants/THUM-1124.jpg
000542.jpg,http://www.chilipepper.de/pictures/galerie/tepin_opt.jpg
000543.jpg,http://www.donlsmith.net/aero6mbell08-24-16.jpg
000544.jpg,https://cdn10.bigcommerce.com/s-2drwt2az/products/940/images/49132/melon-metki-painted-serpent-melon-oml105-lss-190__29572.1493326271.190.250.jpg
000545.jpg,http://www.piedmontfarmandgarden.com/v/vspfiles/photos/PPP086-6.jpg
000546.jpg,http://www.chilipepper.de/pictures/galerie/giant_thai_3_opt.jpg
000547.jpg,https://i.pinimg.com/originals/d6/11/fc/d611fcaf73a2bf799e932a594953abe6.jpg
000548.jpg,https://bloximages.chicago2.vip.townnews.com/journalstar.com/content/tncms/assets/v3/editorial/1/dd/1ddc53b8-acf5-11e2-af02-0019bb2963f4/50298ac360fe7.image.jpg
000549.jpg,http://seedsnsuch-qb2qm0z.netdna-ssl.com/wp-content/uploads/2014/09/SnS_SweetHeat-300x300.jpg
000550.jpg,http://phelangardens.com/wp-content/uploads/2011/04/pepperGiantMarconi_PCOAASelections.jpg
000551.jpg,https://www.piedmontfarmandgarden.com/v/vspfiles/photos/PPP023-2.jpg
000552.jpg,https://www.davids-garden-seeds-and-products.com/images/flamingflare.jpg
000553.jpg,https://spacity.locallygrown.net/files/product/image/41337/original/Coop_mexibell.jpg
000554.jpg,http://www.chilipepper.de/pictures/galerie/orange_habanero_2_opt.jpg
000555.jpg,https://s3.amazonaws.com/cdn.totallytomato.com/images/thumb/03786.jpg
000556.jpg,http://4.bp.blogspot.com/-hs-3bC415PM/UiF7r0RuTbI/AAAAAAAAAIM/98s6CxbvekQ/s320/20130625_171542.jpg
000557.jpg,http://www.chilipepper.de/pictures/galerie/balkon_1_opt.jpg
000558.jpg,http://phelangardens.com/wp-content/uploads/2011/04/pepperCarmen_PCOAASelections.jpg
000559.jpg,http://www.grow-it-organically.com/images/container-jalapeno8-l.jpg
000560.jpg,https://s3.amazonaws.com/cdn.totallytomato.com/images/thumb/03038.jpg
000561.jpg,https://i.redd.it/tdw591cfi3k11.jpg
000562.jpg,https://www.chillisgalore.co.uk/images/diary/2000/mexibell.jpg
000563.jpg,http://phelangardens.com/wp-content/uploads/2018/03/PepperGypsy_PCOAAS.jpg
000564.jpg,http://2.bp.blogspot.com/-yAimYna8B4U/UiF7fWHR2MI/AAAAAAAAAH8/ebY6p9vvLIs/s1600/20130510_174514.jpg
000565.jpg,http://www.chilipepper.de/pictures/galerie/giant_thai_4_gross_opt.jpg
000566.jpg,https://s3.amazonaws.com/cdn.totallytomato.com/images/thumb/03746.jpg
000567.jpg,http://www.ell.gr/PEPPERS/Pasilla%20Pepper.jpg
000568.jpg,http://phelangardens.com/wp-content/uploads/2011/04/pepperhabanero_pcojen.jpg
000569.jpg,https://s3.amazonaws.com/cdn.totallytomato.com/images/thumb/03059.jpg
000570.jpg,http://www.chilipepper.de/pictures/galerie/peter_pepper_leine_opt.jpg
000571.jpg,https://s3.amazonaws.com/cdn.totallytomato.com/images/thumb/03054.jpg
000572.jpg,http://www.chilipepper.de/pictures/galerie/ancho_gruppe_opt.jpg
000573.jpg,http://www.chilipepper.de/pictures/galerie/peter_pepper_eigene_opt.jpg
000574.jpg,https://s3.amazonaws.com/cdn.totallytomato.com/images/thumb/03057.jpg
000575.jpg,http://www.blackgold.bz/wp-content/uploads/2013/02/summer-vegetables-peppers-jessie-keith.jpg
000576.jpg,http://www.chilipepper.de/pictures/galerie/giant_thai_1_opt.jpg
000577.jpg,http://www.chilipepper.de/pictures/galerie/yatsafusa_opt.jpg
000578.jpg,http://www.ell.gr/PEPPERS/Rocotillo%20Pepper.jpg
000579.jpg,http://www.chilipepper.de/pictures/galerie/thai_hot_opt.jpg
000580.jpg,https://s3.amazonaws.com/cdn.totallytomato.com/images/thumb/03053.jpg
000581.jpg,http://www.chilipepper.de/pictures/galerie/sammlung_tisch_opt.jpg
000582.jpg,http://www.reimerseeds.com/Images/products/hotpepper/hotpepperM/Merah_Hot_Pepper_seeds.jpg
000583.jpg,http://www.chilipepper.de/pictures/galerie/jingle_bell_opt.jpg
000584.jpg,http://www.chilipepper.de/pictures/galerie/super_shepard_4_opt.jpg
000585.jpg,https://s3.amazonaws.com/cdn.totallytomato.com/images/thumb/03062.jpg
000586.jpg,http://www.chilipepper.de/pictures/galerie/giant_thai_5_opt.jpg
000587.jpg,http://www.chilipepper.de/pictures/galerie/ancho_gruppe_real_opt.jpg
000588.jpg,https://rukaspepper.files.wordpress.com/2014/07/cropped-10503583_10203922266594548_2049638754_o.jpg
000589.jpg,http://otriunfense.com.br/wp-content/uploads/2014/04/pimenta-do-bode.jpg
000590.jpg,http://www.chilipepper.de/pictures/galerie/balkon_2_opt.jpg
000591.jpg,http://www.donlsmith.net/jalpepseed.jpg
000592.jpg,http://www.donlsmith.net/dahlia07-29-16.jpg
000593.jpg,http://i0.statig.com.br/fw/90/d5/26/90d526mkw43p48ble7vum3hm6.jpg
000594.jpg,http://www.cayennediane.com/wp-content/uploads/2017/03/300x250-HSB-Sidebar-Ad-Spring17.jpg
000595.jpg,http://www.donlsmith.net/peppot01-25-17.jpg
000596.jpg,https://www.seedsbydesign.com/_ccLib/image/plants/THUM-307.jpg
000597.jpg,http://blackgold.bz/wp-content/uploads/2017/08/summer-vegetables-peppers-jessie-keith-SMALL.jpg
000598.jpg,http://www.donlsmith.net/mbellseed02.jpg
000599.jpg,http://all-americaselections.org/wp-content/uploads/2016/10/MarigoldOrangeJubilee.120-500x500.jpg
