image,source
000001.jpg,https://www.pepperseeds.eu/pub/media/catalog/product/cache/b56a9049443cfaeedfe24666b14227c1/b/i/big_jim.jpg
000002.jpg,https://megyeri.cdn.shoprenter.hu/custom/megyeri/image/cache/w900h900wt1/product/Z%C3%B6lds%C3%A9g%20pal%C3%A1nta/paprika/numex_big_jim_orias_chilli.jpg?lastmod=1562758827.1567958905
000003.jpg,https://secureservercdn.net/198.71.233.129/px1.bf0.myftpupload.com/wp-content/uploads/2016/02/Numex-Big-Jim-Chili.jpg?time=1570534232
000004.jpg,https://cdn.shopify.com/s/files/1/0915/1060/products/Big_Jim2.jpg?v=1535124049
000005.jpg,https://www.seeds-gallery.shop/5669-large_default/numex-big-jim-seeds.jpg
000006.jpg,https://seedsnsuch-qb2qm0z.netdna-ssl.com/wp-content/uploads/2018/11/Pep_Big_Jim_cmyk-1.jpg
000007.jpg,https://www.southernexposure.com/images/large/hot-pepper-numex-big-jim_LRG.jpg
000008.jpg,https://www.chili-shop24.com/media/image/3f/d6/f4/9372_NuMexBigJim_600x600.jpg
000009.jpg,https://www.victoriananursery.co.uk/images/800/sq_chilli_pepper_numex_heritage_big_jim_003.jpg
000010.jpg,http://cdn.shopify.com/s/files/1/0679/7951/products/Big-Jim_79031_grande.jpeg?v=1414361886
000011.jpg,https://cdn.shopify.com/s/files/1/0955/4450/products/big_jim1_1024x1024.jpg?v=1546605463
000012.jpg,http://chilifee.de/WebRoot/Store17/Shops/6785a7bf-b9bd-45fa-b711-164bd13875ab/5723/2461/DEE3/6553/C83B/0A48/3549/9E23/Numex_Big_Jim_2.jpg
000013.jpg,https://www.exotic-seeds.store/5670-home_default/numex-big-jim-seeds.jpg
000014.jpg,https://images-na.ssl-images-amazon.com/images/I/51LgXozV63L.jpg
000015.jpg,https://cdn.shopify.com/s/files/1/1523/7044/products/HeritageBigJimRipeInHand2_2_large.jpg?v=1475630375
000016.jpg,https://cdn10.bigcommerce.com/s-2drwt2az/products/1308/images/53199/pepperbigjim__53871.1493261733.500.659.jpg?c=2
000017.jpg,https://www.superhotchiles.com/wp-content/uploads/2018/04/NuMex-Big-Jim-Pepper-plants.jpg
000018.jpg,https://cdn.shopify.com/s/files/1/0200/5036/products/00253-03_740x.jpg?v=1462944750
000019.jpg,https://thehippyseedcompany.com/wp-content/uploads/2017/06/Big-Jim-7.jpg
000020.jpg,https://cdn.webshopapp.com/shops/60827/files/22476933/numex-big-jim.jpg
000021.jpg,https://tbn.bidorbuy.co.za/image/fetch/dpr_1.0,f_auto,t_btbnx/https://cdn.shopify.com/s/files/1/0200/5036/products/00253-01.jpg%3Fv=1462944750
000022.jpg,https://www.gardenhoard.com/media/catalog/product/cache/1/image/650x/040ec09b1e35df139433887a97daa66f/2/0/20180923_101855.jpg
000023.jpg,https://cdn11.bigcommerce.com/s-tevsl/images/stencil/500x659/products/862/1512/5482_Neu_Mex_Big_Jim_Pepper__72255.1434985037.jpg?c=2&imbypass=on
000024.jpg,http://www.feldoncentral.com/garden/photos/d/1671-2/NuMex+Big+Jim.jpg
000025.jpg,https://www.premierseedsdirect.com/wp-content/uploads/2017/02/41581751-2-600x800.jpg
000026.jpg,http://www.wildcapsicum.org/wp-content/uploads/2016/07/NuMex-Big-Jim-730x360.jpg
000027.jpg,https://cdn1.bigcommerce.com/server700/5mvrqhbm/products/1917/images/151284/numex_big_jim_pepper_n__03444.1549997748.1280.1280.jpg?c=2
000028.jpg,https://previews.123rf.com/images/maxsol7/maxsol71707/maxsol7170700025/82510338-numex-big-jim-green-chile-peppers-whole-new-mexico-pod-type-capsicum-annuum-clipping-paths.jpg
000029.jpg,https://cdn2.bigcommerce.com/server2000/xbzs5402/products/490/images/3665/Pepper_big_jim_pepper__95670.1432322001.1280.1280.jpg?c=2
000030.jpg,https://croatianseeds-store.com/images/stories/virtuemart/product/NumexBigJim.jpg
000031.jpg,https://i.pinimg.com/474x/65/83/5d/65835d7fb6254f4aa8d037991be175ad--capsicum-annuum-paprika.jpg
000032.jpg,https://cdn.shopify.com/s/files/1/0871/0950/products/NuMexBigJimPic_1024x1024.jpg?v=1560291710
000033.jpg,https://www.magicgardenseeds.com/pics/mgs/1164/420/Anaheim-Chili-Pepper-'Big-Jim'-(Capsicum-annuum).jpg?res=high
000034.jpg,https://i.ebayimg.com/images/g/K6MAAOSwp5JWVQRw/s-l400.jpg
000035.jpg,http://www.spicegarden.eu/WebRoot/StoreLES/Shops/62431129/5051/D9BA/BE0F/9577/2891/C0A8/29C3/79EF/chili_big_jim.JPG
000036.jpg,https://www.premierseedsdirect.com/wp-content/uploads/2017/02/Pepper-Hot-Big-Jim.jpg
000037.jpg,https://www.nicholsgardennursery.com/store/avactis-images/PepperNumexBigJim.jpg
000038.jpg,https://cdn.shopify.com/s/files/1/0871/0950/products/bigjiminhand_9374f1fa-2be0-4d66-8c55-c5c484e182a4_1024x1024.jpg?v=1548196299
000039.jpg,https://i.ytimg.com/vi/vTDV88ldgsM/maxresdefault.jpg
000040.jpg,https://previews.123rf.com/images/maxsol7/maxsol71708/maxsol7170800025/83551758-numex-big-jim-green-chile-peppers-whole-new-mexico-pod-type-capsicum-annuum-clipping-paths-shadow-se.jpg
000041.jpg,https://www.hazzardsgreenhouse.com/Merchant2/graphics/00000015/P6812.jpg
000042.jpg,https://wildcapsicum.org/wp-content/uploads/2016/07/NuMex-Big-Jim.jpg
000043.jpg,https://i5.walmartimages.com/asr/e1733021-7986-4d87-bb89-ee3dcb12e8e5_1.b604c88f58df9b97d998b975bf373ec2.jpeg?odnHeight=450&odnWidth=450&odnBg=FFFFFF
000044.jpg,https://upload.wikimedia.org/wikipedia/commons/1/12/C_annuum_big_jim_fruits.jpg
000045.jpg,https://cdn11.bigcommerce.com/s-cg0adf/images/stencil/1280x1280/products/669/1233/Big_Jim__87813.1448473377.gif?c=2&imbypass=on
000046.jpg,https://i1.wp.com/durandtsheirloomseeds.co.za/wp-content/uploads/2018/04/Numex_big_jim.jpg?fit=500%2C564
000047.jpg,https://www.piedmontfarmandgarden.com/v/vspfiles/photos/PPP023-2.jpg?v-cache=1366092667
000048.jpg,https://images-na.ssl-images-amazon.com/images/I/51-SLAB-1GL._AC_SY400_.jpg
000049.jpg,https://vignette.wikia.nocookie.net/gardener/images/d/d1/Chilli_NuMex_big_jim.jpg/revision/latest?cb=20101002165620
000050.jpg,https://chilli-seedz.com/wp-content/uploads/2017/08/P1010421-Edit-Edit-Edit-2.jpg
000051.jpg,https://www.pepperworldhotshop.com/out/pictures/master/product/1/numexbigjimpflanze_pj114.jpg
000052.jpg,https://www.westwindseeds.com/v/vspfiles/photos/peph-050-2.jpg
000053.jpg,https://garden.org/pics/2013-10-04/Paul2032/20eaef.jpg
000054.jpg,https://cdn.shopify.com/s/files/1/0076/4107/1714/products/db886943b66da4247e436a4d13f81ad0_d6251fbc-f1d0-4767-9927-489f9d7daa58_1024x1024@2x.jpg?v=1541114795
000055.jpg,http://www.michis-tomatensamen.de/WebRoot/Store18/Shops/61597262/4830/4496/1A23/0FC5/0207/C0A8/28BD/8F2D/peppernumexbigjimsteffi.jpg
000056.jpg,https://cdn.shopify.com/s/files/1/1523/7044/products/HeritageBigJimRipeInHand_large.jpg?v=1475896476
000057.jpg,https://i.etsystatic.com/11929338/r/il/120437/982274608/il_794xN.982274608_fp1r.jpg
000058.jpg,https://www.pepperscale.com/wp-content/uploads/2017/10/numex-big-jim-768x512.jpg
000059.jpg,https://thumbs.dreamstime.com/z/numex-big-jim-green-chile-path-pepper-whole-new-mexico-pod-type-capsicum-annuum-clipping-96823082.jpg
000060.jpg,https://i.ebayimg.com/images/g/YTwAAOSwYxBaHyJk/s-l300.jpg
000061.jpg,https://image.shutterstock.com/image-photo/fresh-red-numex-big-jim-600w-753684976.jpg
000062.jpg,https://cdn.shopify.com/s/files/1/1095/8052/products/Pepper_NuMex_Big_Jim.jpg?v=1544140228
000063.jpg,https://ae01.alicdn.com/kf/HTB1zZSvXe6sK1RjSsrbq6xbDXXa3/Super-Numex-Big-Jim-Chili-Pepper-Bonsai-organik-Numex-Pepper-Pot-Tanaman-100-Pcs-Sayuran-Pemenang.jpg_640x640.jpg
000064.jpg,https://previews.123rf.com/images/maxsol7/maxsol71707/maxsol7170700024/82510332-numex-big-jim-green-chile-peppers-whole-new-mexico-pod-type-capsicum-annuum-clipping-paths.jpg
000065.jpg,https://i.pinimg.com/originals/1d/bf/e8/1dbfe840beed2b2faee94d643e0553f6.jpg
000066.jpg,https://c8.alamy.com/comp/JR5MTX/numex-big-jim-green-chile-peppers-whole-new-mexico-pod-type-capsicum-JR5MTX.jpg
000067.jpg,https://http2.mlstatic.com/sementes-numex-big-jim-pimenta-gigante-guinness-frete-gratis-D_NQ_NP_777515-MLB25255693175_122016-F.jpg
000068.jpg,https://davesgarden.com/guides/pf/thumbnail.php?image=2004/07/25/Terry/1b16d2.jpg&widht=700&height=312
000069.jpg,https://live.staticflickr.com/4030/4477490654_45280d1e46_b.jpg
000070.jpg,https://c8.alamy.com/comp/JT5JF3/numex-big-jim-green-chile-peppers-whole-new-mexico-pod-type-capsicum-JT5JF3.jpg
000071.jpg,https://www.odlingsklubben.se/wp-content/uploads/2016/12/Numex_Big_Jim_-5.jpg
000072.jpg,http://shop.urlmuellers.at/WebRoot/Store/Shops/es108527_urlmuellers_shop/493D/69D4/5CD7/4342/86CB/50ED/8961/A82B/24_m.JPG
000073.jpg,https://www.seeds-gallery.shop/5671-home_default/sporoi-piperia-numex-big-jim.jpg
000074.jpg,https://www.cayennediane.com/wp-content/uploads/2018/08/NuMex-Big-Jim-1.jpg
000075.jpg,https://livingseeds.co.za/image-smp/numex-big-jimcontainer-gardening_10099_500x500.jpg
000076.jpg,https://st3.depositphotos.com/3147771/16265/i/1600/depositphotos_162655684-stock-photo-numex-big-jim-slices-paths.jpg
000077.jpg,https://www.wildcapsicum.org/wp-content/uploads/2016/07/NuMex-Big-Jim-Chili.jpg
000078.jpg,https://www.chili-seminka.cz/1880-large_default/numex-big-jim-semena.jpg
000079.jpg,https://www.chilibaron.ch/images/stories/virtuemart/product/big_jim.jpg
000080.jpg,https://www.legrainier.com/wp-content/uploads/PIM29165.jpg
000081.jpg,https://admin.marketwagon.com/uploads/153118406220180709_185603.jpg
000082.jpg,https://media.istockphoto.com/photos/numex-big-jim-green-chile-path-picture-id823379458
000083.jpg,https://www.soflor.com.br/wp-content/uploads/2014/02/sementes-de-pimenta-big-jim-numex-5803-e1495811511229.jpg
000084.jpg,https://image.shutterstock.com/image-photo/numex-big-jim-green-chile-600w-689948704.jpg
000085.jpg,https://media.gettyimages.com/photos/ripening-giant-chilli-numex-big-jim-pepper-which-can-grow-to-twelve-picture-id129288479
000086.jpg,https://cdn.shopify.com/s/files/1/1420/8798/products/pepper-hot-numex-big-jim-capsicum-annuum-seeds-amkha-seed_415.jpg?v=1535012309
000087.jpg,https://static.wixstatic.com/media/f1c6cd_3f0e15b48ceb4fa581bfb0de07aacde1~mv2_d_3120_4160_s_4_2.jpg/v1/fill/w_996,h_1330,al_c,q_85,usm_0.66_1.00_0.01/f1c6cd_3f0e15b48ceb4fa581bfb0de07aacde1~mv2_d_3120_4160_s_4_2.jpg
000088.jpg,https://garden.org/pics/2013-10-04/Paul2032/f72642.jpg
000089.jpg,https://cdn.shopify.com/s/files/1/0871/0950/products/Wyoming-Hatch-Chiles_bd9a5e3a-117a-45cf-acd3-82229a38ab5c_1024x1024.jpg?v=1548196301
000090.jpg,https://cmkt-image-prd.freetls.fastly.net/0.1.0/ps/3004680/300/200/m1/fpnw/wm0/badge-.jpg?1500629955&s=43372887a6a841ff3bc89d3bf5ad5c6a
000091.jpg,http://www.skinareus.com/eBay%20Seeds/images%203/numex%20pepper%202%20m.jpg
000092.jpg,http://chili-pepper.com.ua/image/cache/catalog/Tovary/semena/numex_big_jim-500x500.jpg
000093.jpg,https://d1yn1kh78jj1rr.cloudfront.net/image/preview/HGBXqNWJ4jp6rrwcj/storyblocks-numex-big-jim-green-chile-peppers-sliced-or-diced-new-mexico-pod-type-capsicum-annuum-clipping-paths-shadow-separated_SiDlJ2kwV_SB_PM.jpg
000094.jpg,https://assets.listia.com/photos/10a55eeb02399b19b9b3/original.png?s=320x320m&sig=0bd053a3897f1e97&ts=1421945156
000095.jpg,https://www.chilliseedbank.com.au/media/catalog/product/cache/image/720x560/4c3462793ba5f87d7658a49338bdb5e2/b/i/big_jim_400x400.jpg
000096.jpg,https://kupsicaj.cz/959-thickbox_default/numex-big-jim-obri-chilli-papricky-semena-mirne-palivych-chilli-papricek-10-ks.jpg
000097.jpg,https://scontent-atl3-1.cdninstagram.com/vp/7db87ba48854778918e279c3459a79bc/5E1A5E0D/t51.2885-15/e35/s480x480/71890608_401632557441062_7920085679472579533_n.jpg?_nc_ht=scontent-atl3-1.cdninstagram.com&_nc_cat=102
000098.jpg,http://lifeseedcompany.com/sites/default/files/styles/large/public/Pepper%20-%20Big%20Jim.jpg?itok=iYXCK1GW
000099.jpg,https://i.pinimg.com/originals/97/1c/bb/971cbb07e19b4ae3ad1002fa2b937452.jpg
000100.jpg,http://www.jungleseeds.co.uk/contents/media/capsicumbigjim2.jpg
000101.jpg,https://pics.davesgarden.com/pics/2008/07/14/melody/ecaa0a.jpg
000102.jpg,https://www.matelma.com/img/tuinadvies/uploads/1565858459-255954.jpg
000103.jpg,http://plantium.ru/image/catalog/seeds/peppers/annuum/numex/big-jim/numex-big-jim-plantium.ru.jpg
000104.jpg,https://cdn.myshoptet.com/usr/www.levnasemena.cz/user/shop/big/1205_chilli-papricky-numex-big-jim-10-semen.jpg?5625e900
000105.jpg,https://scontent-lax3-1.cdninstagram.com/vp/79c9c3af16f0ccaaee85c1ccf2c93361/5DDEE876/t51.2885-15/sh0.08/e35/s640x640/66397345_1369437323223267_7444290465779464409_n.jpg?_nc_ht=scontent-lax3-1.cdninstagram.com
000106.jpg,https://www.cilicen.si/240-large_default/numex-big-jim-10-semen.jpg
000107.jpg,https://farm4.staticflickr.com/3131/3209330469_5a5d665066_b.jpg
000108.jpg,https://c8.alamy.com/comp/JX5WHT/roasted-hatch-green-chile-pepper-numex-big-jim-whole-pod-unpeeled-JX5WHT.jpg
000109.jpg,https://i.ytimg.com/vi/S6p-4Da1SAc/maxresdefault.jpg
000110.jpg,https://www.australianseed.com/persistent/catalogue_images/products/chilli-big-jim.jpg
000111.jpg,https://i.ebayimg.com/images/g/UmwAAOxyVLNSp0G1/s-l300.jpg
000112.jpg,https://www.tomatofifou.fr/images/stories/virtuemart/product/numex-big-jim-27%20ao%C3%BBt%202019-2.jpg
000113.jpg,https://www.vreeken.nl/afbv/208950-peper-numex-big-jim.jpg
000114.jpg,https://ekzotomat.in.ua/image/cache/catalog/big-jim/20180812_141026-800x598.jpg
000115.jpg,https://cpi.nmsu.edu/wp-content/uploads/sites/60/2016/06/BigJim1-300x214.jpg
000116.jpg,https://thumbs.dreamstime.com/z/numex-big-jim-green-chiles-numex-big-jim-green-chile-peppers-sliced-diced-new-102400456.jpg
000117.jpg,https://jakeseed.com/wp-content/uploads/2015/01/bigjim-300x225.jpg
000118.jpg,https://img.tradera.net/medium/109/312892109_68b85638-75a2-4015-883a-3abe7341f639.jpg
000119.jpg,https://www.irinas-shop.de/images/P262_vv%20Nu_Mex_Big_Jim_Paprika_Bild_c.jpg
000120.jpg,https://www.fruitlent.nl/afbeeldingen/pepers/numex_big_jim/numex_big_jim2.jpg
000121.jpg,https://http2.mlstatic.com/30-sementes-numex-big-jim-chili-pepper-pimenta-gigante-mudas-D_NQ_NP_891482-MLB26378882376_112017-F.jpg
000122.jpg,https://www.gourmetseed.com/image/cache/catalog/products/B/big_jim_numex_pepper-600x315.jpg
000123.jpg,http://www.erbeincucina.it/schede/numexbigjim4.jpg
000124.jpg,http://tuincentrumholland.com/8962-thickbox_default/peperzaad-numex-big-jim.jpg
000125.jpg,https://www.tomatofifou.fr/images/stories/virtuemart/product/numex-big-jim-27%20ao%C3%BBt%202019-4.jpg
000126.jpg,https://www.irinas-shop.de/imagemagic.php?img=images/P262_v%20Nu_Mex_Big_Jim_Paprika_Bild_c.jpg&w=250&h=615&page=prod_info
000127.jpg,http://img0098.psstatic.com/109995134_40-numex-big-jim-mild-hot-pepper-seeds-500-25k-shu-grows.jpg
000128.jpg,https://www.gaertnerei-bender.de/images/stories/Capsicum_annuum/Capsicum_annuum_Big_Jim_Chili_002.jpg
000129.jpg,http://tomodori.com/images/Piments/numex_big_jim_0.jpg
000130.jpg,https://www.pepperfriends.org/uploads/numex-big-jim/001/numex-big-jim_001_frutto_05.jpg
000131.jpg,https://i.ebayimg.com/00/s/MTAyNFg3MjY=/z/RCUAAOSwFyxdcBQi/$_72.JPG
000132.jpg,http://thumb1.zeppy.io/d/l400/pict/173729859153/chili-samen-scotch-bonnet-16-korn-sg-10-pepperoni-hot-scharf
000133.jpg,http://www.hazelnet.org/cookbook/14/chilli/peppers/jim.jpg
000134.jpg,http://www.ecologicstation.com/wp-content/uploads/2010/09/DSCF7713-300x225.jpg
000135.jpg,https://www.peperoncino.org/wp-content/uploads/2018/11/big-jim.jpg
000136.jpg,https://d3el53au0d7w62.cloudfront.net/wp-content/uploads/2016/03/19/life07_jd_13mar_1chile_CMYK.jpg
000137.jpg,https://egorova.club/wp-content/uploads/2019/03/best-big-jim-peppers.jpg
000138.jpg,https://dum-dilna-zahrada.inzon.cz/rostliny/15-palive-chilli-papricky-numex-big-jim-10-semen-517284/fotografie/61531_360x270.jpg
000139.jpg,https://archiwum.allegro.pl/image//imagesNEW/big/22fd0b87b2a840928c9db5a597fad0e9181c6760483ad10472cc5c54b9642716
000140.jpg,http://tomaten-chilis.de/shop/images/product_images/popup_images/841_0.jpg
000141.jpg,http://www.worldofchillies.com/offsiteclub/superhotchillies/chilli-pepper-institute/files/stacks_image_162.jpg
000142.jpg,http://www.southernexposure.com/images/culture/numex-big-jim-pepper.jpg
000143.jpg,http://www.pepperfriends.org/uploads/numex-big-jim/001/numex-big-jim_001_frutto_02.jpg
000144.jpg,https://cdn.shopify.com/s/files/1/0871/0950/products/bigjimseedlings_13d4103b-857c-4112-8e3e-010124f5a9a8_1024x1024.gif?v=1548196299
000145.jpg,https://static.kupindoslike.com/Cili-Numex-Big-Jim-seme_slika_XL_42044181.jpg
000146.jpg,http://www.chili-barbecue.de/wp/wp-content/uploads/2014/11/renate_big_jim.jpg
000147.jpg,https://www.fruitlent.nl/afbeeldingen/pepers/numex_big_jim/numex_big_jim3.jpg
000148.jpg,https://i.etsystatic.com/8657432/r/il/9ec9ac/908089403/il_570xN.908089403_rtae.jpg
000149.jpg,http://www.erbeincucina.it/schede/numexbigjim3.jpg
000150.jpg,https://www.picclickimg.com/d/l400/pict/173828854650_/Chili-Samen-NuMex-Big-Jim-15.jpg
000151.jpg,https://i.ytimg.com/vi/qYESYus7TVk/maxresdefault.jpg
000152.jpg,https://images-na.ssl-images-amazon.com/images/I/51bAH1SHTPL.jpg
000153.jpg,https://www.nicholsgardennursery.com/store/avactis-images/thumb_BasilAroma.jpg
000154.jpg,https://pics.davesgarden.com/pics/2004/07/25/Terry/1b16d2.jpg
000155.jpg,https://www.upstartsorganicseedlings.com/wp-content/uploads/2015/08/Numex-Big-Jim.jpg
000156.jpg,https://www.salsa-piccante.it/443-large_default/graines-de-piment-numex-big-jim.jpg
000157.jpg,http://semences-partage.net/images/uploads/reddroopy/1375190685-palette_numex%20big%20jim_1707.jpg
000158.jpg,http://tomodori.com/images/Piments/numex_big_jim_1.jpg
000159.jpg,https://thumbs.dreamstime.com/z/numex-big-jim-green-chiles-numex-big-jim-green-chile-peppers-sliced-diced-new-102400116.jpg
000160.jpg,https://garden.org/pics/2012-01-21/DanCarmona/72424b.jpg
000161.jpg,https://i.ebayimg.com/images/i/262072625444-0-1/s-l600.jpg
000162.jpg,https://t4.ftcdn.net/jpg/01/74/47/79/240_F_174477971_eZwtAp1LMbCcRWSfbseWaAu6AhqPTQDx.jpg
000163.jpg,https://journals.ashs.org/view/journals/hortsci/48/5/full-657tbl1.jpg
000164.jpg,https://www.tomatofifou.fr/images/stories/virtuemart/product/numex-big-jim-26%20ao%C3%BBt%202019.jpg
000165.jpg,https://glassgardenshop.com/wp-content/uploads/2017/09/%D8%A8%D8%B0%D8%B1-%D9%81%D9%84%D9%81%D9%84-%D8%AA%D9%86%D8%AF-%D8%A8%DB%8C%DA%AF-%D8%AC%DB%8C%D9%85-NuMex-Big-Jim-Pepper-%D9%81%D8%B1%D9%88%D8%B4%DA%AF%D8%A7%D9%87-%DA%AF%D9%84%D8%B3-%DA%AF%D8%A7%D8%B1%D8%AF%D9%86-11.jpg
000166.jpg,https://http2.mlstatic.com/pimenta-numex-big-jim-in-natura-pack-500-grs-frescas-D_NQ_NP_533211-MLB20506493820_122015-F.jpg
000167.jpg,https://www.gaertnerei-bender.de/images/stories/Capsicum_annuum/Capsicum_annuum_Big_Jim_Chili_1.jpg
000168.jpg,http://www.pimentsforts.com/images/2011/big_jim_14_sept_1.jpg
000169.jpg,https://charts.camelcamelcamel.com/us/B0046CB8OK/new.png?force=1&zero=0&w=364&h=437&desired=false&legend=0&ilt=1&tp=all&fo=0&lang=en
000170.jpg,https://st.hzcdn.com/fimgs/7bc2cf5f04cb798c_1071-w500-h334-b0-p0--.jpg
000171.jpg,https://www.wildcapsicum.org/wp-content/uploads/2016/07/NuMex-Big-Jim-Bl%C3%BCte.jpg
000172.jpg,https://1.bp.blogspot.com/-Qv-cOI5fZCk/W_lX022Rv3I/AAAAAAAAINY/cnOgxy9xUoQ0HgebaPb-9lHScmlu94-8gCLcBGAs/s1600/P7150468.JPG
000173.jpg,http://i783.photobucket.com/albums/yy115/DutchPeppers/Peppers%2018-08-2010/NumexBigJim18-08-10.jpg
000174.jpg,https://elholandespicante.com/shop/wp-content/uploads/2016/10/chiles-big-jim.jpg
000175.jpg,https://korpnastet.files.wordpress.com/2013/04/chilipeppar-numex-big-jim.jpg?w=584
000176.jpg,https://ekzotomat.in.ua/image/cache/catalog/big-jim/20180718_145028-800x598.jpg
000177.jpg,https://jakeseed.com/wp-content/uploads/2017/12/bigjim1-324x324.jpg
000178.jpg,https://i.pinimg.com/originals/9e/c3/91/9ec3911f409b49ee197c5f27bc3c3b0c.jpg
000179.jpg,https://media.gettyimages.com/photos/pepper-picture-id135570497?s=612x612
000180.jpg,https://i.ebayimg.com/images/g/vR0AAOSw4DJYfd99/s-l500.jpg
000181.jpg,https://www.vreeken.nl/afb3/x250/208950-peper-numex-big-jim.jpg
000182.jpg,https://aces.nmsu.edu/pubs/research/horticulture/RR792/images/Fig_13_NuMexHeritageBigJim3.jpg
000183.jpg,https://www.ess.fi/incoming/2015/08/18/1277809.jpg/ALTERNATES/w980/1277809.jpg
000184.jpg,https://i.ebayimg.com/images/g/~LQAAOSw0e9Ut8r4/s-l300.jpg
000185.jpg,http://www.dave-dewitt.com/wp-content/uploads/2014/02/Big-Jim-Pods.jpg
000186.jpg,https://scontent-yyz1-1.cdninstagram.com/vp/bf6205bb74bfe41c98825113fcf07d98/5DFC18E7/t51.2885-15/sh0.08/e35/s640x640/67419431_2275183762550585_4759989824471853523_n.jpg?_nc_ht=scontent-yyz1-1.cdninstagram.com
000187.jpg,https://3.bp.blogspot.com/-5Y2b-vLh9UY/W_lX0nxRGSI/AAAAAAAAINU/0X9fBYEc5HEIxG-Z6EShhg1dvLDurqPPgCLcBGAs/s1600/P7140464.JPG
000188.jpg,http://img.tapatalk.com/d/14/03/28/urudurut.jpg
000189.jpg,https://www.newmexicoriveradventures.com/wp-content/uploads/2017/08/Red-and-Green-300x200.jpg
000190.jpg,http://kitchenspice.ca/wp-content/uploads/2018/11/numexbigjim.png
000191.jpg,http://chilipepper-shop.com/image/cache/catalog/products/numex-big-jim-pepper-3-500x500.jpg
000192.jpg,https://i.etsystatic.com/20424980/d/il/111696/1965520670/il_340x270.1965520670_mu9w.jpg?version=0
000193.jpg,https://i.ytimg.com/vi/9v7vovhWqLA/hqdefault.jpg
000194.jpg,https://archiwum.allegro.pl/image//imagesNEW/big/1011032ad55ea34f9175db8bd227e25a7b48dcc9338b6de34452bdcd4ad0b340
000195.jpg,http://tomaten-chilis.de/shop/images/product_images/popup_images/841_2.jpg
000196.jpg,https://statich.smokingmeatforums.com/9/9f/9f246725_NuMex%20Heritage%206-4.jpg
000197.jpg,https://fashion-style.club/wp-content/uploads/2019/01/offers-big-jim-pepper-heat.jpg
000198.jpg,http://www.erbeincucina.it/public/0354numexbigjim.jpg
000199.jpg,https://3.bp.blogspot.com/-Lepg4qjaHKw/WdpPDiWo6FI/AAAAAAABueE/wlB2gq4Zte8-KowcjNWA93d970yGtVCAACKgBGAs/s1600/Challock6.JPG
000200.jpg,http://thumb2.zeppy.io/d/l400/pict/173711574048/chili-samen-tricolor-variegata-16-korn-sg-7-pepperoni-hot-pepper
000201.jpg,https://www.trovaperme.it/images/eNo9T8FKAzEU_Bpza5qXzTaJsEgPCtWKiBfxsoTs22Tb7iYkqbX9ercqwhuYGQZmni8l3i6Xie7xsA-B2jAuE-bhgjT6eGfDcSrp3AyFjJisN1PZdA0IwRWHilhT0IV0vnqVAAbkNHTFN-ZYAvE4OF9--TAah42fy_JNtb7hD_P9eHmBR5rzYfGnzGguYbrO-E_MZDNDwO4cbYyfqy3dRUfy4KZGvFSv-x3lp3u5rp7V4-HD8-0Tgw4ddW-nErJIXdvC-5dYkIxmfuG6lcmVVqA1ZxJWLdR1pZlmoLSSLfCacahJ6HtMc7iXmnUIaJTVrOedMgq4Ql5rKXvW22_Szmdh/plentree_250_seed_of_numex_big_jim_peperoncini.jpg
000202.jpg,http://lh4.ggpht.com/Chilepeppar/SDHdO38vj5I/AAAAAAAAAkA/_ehGn_cune0/s800/DSC_0042.JPG
000203.jpg,https://scontent-lax3-1.cdninstagram.com/vp/b908fd2a8343dbca7102763191a76479/5DD47577/t51.2885-15/e35/s480x480/66514113_711503425957638_5760312847045868910_n.jpg?_nc_ht=scontent-lax3-1.cdninstagram.com
000204.jpg,https://beta.theglobeandmail.com/ece-images/a31/life/travel/destinations/article35067762.ece/BINARY/w620/chilenewmexico22tr14.jpg
000205.jpg,http://www.tomaten-gerdes.de/WebRoot/Store16/Shops/78267191/5746/2173/7458/B5DA/3BE9/C0A8/2ABB/D32E/20150914_210515.jpg
000206.jpg,http://plantium.ru/image/catalog/seeds/peppers/annuum/santa-fe-grande/santa-fe-grande-plantium.ru.jpg
000207.jpg,https://slideplayer.com/slide/1654108/7/images/10/Commercial+Cultivars+%E2%80%98NuMex+Big+Jim%E2%80%99+%E2%80%98NuMex+Sandia%E2%80%99+Released+in+1975.jpg
000208.jpg,https://www.premierseedsdirect.com/wp-content/uploads/2017/02/41579611-300x300.jpg
000209.jpg,https://www.chilisorte.de/fotos/Capsicum-578-620x380.jpg
000210.jpg,https://http2.mlstatic.com/sementes-numex-big-jim-chili-pepper-pimenta-gigante-p-mudas-D_NQ_NP_900615-MLB26378903557_112017-F.webp
000211.jpg,https://st.hzcdn.com/fimgs/6142c9e904cb7944_0998-w240-h359-b0-p0--.jpg
000212.jpg,http://www.kauaigrown.org/images/vendors/large/79-01-1357849114.jpg
000213.jpg,https://macore.com/categories/stream_tag/D4V5243.jpg
000214.jpg,https://ekzotomat.in.ua/image/cache/catalog/big-jim/20180811_072909-800x598.jpg
000215.jpg,https://glassgardenshop.com/wp-content/uploads/2017/09/%D8%A8%D8%B0%D8%B1-%D9%81%D9%84%D9%81%D9%84-%D8%AA%D9%86%D8%AF-%D8%A8%DB%8C%DA%AF-%D8%AC%DB%8C%D9%85-NuMex-Big-Jim-Pepper-%D9%81%D8%B1%D9%88%D8%B4%DA%AF%D8%A7%D9%87-%DA%AF%D9%84%D8%B3-%DA%AF%D8%A7%D8%B1%D8%AF%D9%86-8.jpg
000216.jpg,https://i.pinimg.com/originals/ab/8a/a5/ab8aa574075f5126574f769fa56ac220.jpg
000217.jpg,http://shrani.si/f/16/pY/18AMXpKH/numexbigjim.jpg
000218.jpg,https://www.tomatofifou.fr/images/stories/virtuemart/product/numex-big-jim-20%20septembre%202019.jpg
000219.jpg,https://www.pepperscale.com/wp-content/uploads/2015/03/cowhorn-pepper-1.jpg
000220.jpg,http://www.pimentsforts.com/images/2011/big_jim_09_juin_1.jpg
000221.jpg,http://semences-partage.net/images/uploads/reddroopy/1375190662-Numex%20Big%20Jim%200301_0805_1.jpg
000222.jpg,https://myaustriacloud.files.wordpress.com/2014/02/numex-big-jim.jpg
000223.jpg,http://img0134.psstatic.com/189124751_seeds-and-things-numex-big-jim-chile-pepper-10-seeds---.jpg
000224.jpg,https://i.ytimg.com/vi/WGJCOovJzAQ/maxresdefault.jpg
000225.jpg,http://i.imgur.com/6UO2tPy.jpg?1
000226.jpg,http://gallery.site.hu/d/15613779-1/CIMG0298.JPG
000227.jpg,https://pics.davesgarden.com/pics/2011/11/03/chimayo/83e64f.jpg
000228.jpg,https://ekzotomat.in.ua/image/cache/catalog/big-jim/20180811_072805-800x598.jpg
000229.jpg,http://tomaten-chilis.de/shop/images/product_images/popup_images/841_1.jpg
000230.jpg,https://i.pinimg.com/originals/a5/a9/32/a5a93233694fe6e1e5b96143918c0176.jpg
000231.jpg,http://lh3.ggpht.com/Chilepeppar/SDHc2n8vj3I/AAAAAAAAAj0/YGA21yfBcFk/s800/DSC_0044.JPG
000232.jpg,http://www.erbeincucina.it/schede/numexbigjim1.jpg
000233.jpg,http://www.pimentsforts.com/images/2011/big_jim_26_mai_2.jpg
000234.jpg,https://images.slideplayer.com/13/3760819/slides/slide_53.jpg
000235.jpg,https://glassgardenshop.com/wp-content/uploads/2017/09/%D8%A8%D8%B0%D8%B1-%D9%81%D9%84%D9%81%D9%84-%D8%AA%D9%86%D8%AF-%D8%A8%DB%8C%DA%AF-%D8%AC%DB%8C%D9%85-NuMex-Big-Jim-Pepper-%D9%81%D8%B1%D9%88%D8%B4%DA%AF%D8%A7%D9%87-%DA%AF%D9%84%D8%B3-%DA%AF%D8%A7%D8%B1%D8%AF%D9%86-4.jpg
000236.jpg,https://i.etsystatic.com/8657432/d/il/9ec9ac/908089403/il_340x270.908089403_rtae.jpg?version=0
000237.jpg,http://thumb3.zeppy.io/d/l400/pict/173867827584/chili-jungpflanze-thai-orange-hot-chili-sg-8-pepperoni-hot-scharf-pflanze
000238.jpg,https://i.ytimg.com/vi/GgSHNUuhz1Y/maxresdefault.jpg
000239.jpg,http://www.erbeincucina.it/public/0289bigjim.jpg
000240.jpg,http://i270.photobucket.com/albums/jj111/troutlord/abba.jpg
000241.jpg,https://www.pepperfriends.org/uploads/numex-big-jim/001/numex-big-jim_001_pianta_03.jpg
000242.jpg,https://glassgardenshop.com/wp-content/uploads/2017/09/%D8%A8%D8%B0%D8%B1-%D9%81%D9%84%D9%81%D9%84-%D8%AA%D9%86%D8%AF-%D8%A8%DB%8C%DA%AF-%D8%AC%DB%8C%D9%85-NuMex-Big-Jim-Pepper-%D9%81%D8%B1%D9%88%D8%B4%DA%AF%D8%A7%D9%87-%D8%A8%D8%B0%D8%B1-%DA%AF%D9%84%D8%B3-%DA%AF%D8%A7%D8%B1%D8%AF%D9%86-1.jpg
000243.jpg,http://www.pimentsforts.com/images/2011/big_jim_30_mai_1.jpg
000244.jpg,http://i783.photobucket.com/albums/yy115/DutchPeppers/Peppers%2018-08-2010/NagaJolokia18-08-10.jpg
000245.jpg,https://ekzotomat.in.ua/image/cache/catalog/big-jim/20180812_140936-800x598.jpg
000246.jpg,http://i.ebayimg.com/images/g/Dj0AAOSwyZ5Uma6m/s-l300.jpg
000247.jpg,http://www.erbeincucina.it/schede/numexbigjim2.jpg
000248.jpg,https://www.pepperfriends.org/uploads/numex-big-jim/001/numex-big-jim_001_frutto_04.jpg
000249.jpg,http://www.pimentsforts.com/images/2011/big_jim_30_mai_2.jpg
000250.jpg,http://i949.photobucket.com/albums/ad338/drinkinbrews/peppers%20and%20shiz/306451_10150307770348808_708938807_7902395_1672547212_n.jpg
000251.jpg,https://i.ebayimg.com/images/i/123722483428-0-1/s-l600.jpg
000252.jpg,https://images-na.ssl-images-amazon.com/images/I/51vEOhlfkJL._SL500_AC_SS350_.jpg
000253.jpg,https://www.chili-shop24.de/media/image/39/20/7d/102393_01_600x600.jpg
000254.jpg,http://www.erbeincucina.it/public/0354bigjimrelleno.jpg
000255.jpg,http://www.pimentsforts.com/images/2011/big_jim_17_juin_3.jpg
000256.jpg,https://ekzotomat.in.ua/image/cache/catalog/big-jim/20180812_141046-800x598.jpg
000257.jpg,https://ekzotomat.in.ua/image/cache/catalog/big-jim/20180812_141102-800x598.jpg
000258.jpg,https://www.picclickimg.com/d/l400/pict/263359052374_%E2%9C%B6%E2%9C%B6%E2%9C%B6-10-Semi-Seeds-DI-PEPERONCINO-NUMEX-JALMUNDO.jpg
000259.jpg,https://ekzotomat.in.ua/image/cache/catalog/big-jim/20180812_141321-800x598.jpg
000260.jpg,http://www.pimentsforts.com/images/2011/big_jim_03_aout_1.jpg
000261.jpg,https://seedsnsuch-qb2qm0z.netdna-ssl.com/wp-content/uploads/2018/11/Pep_Big_Jim_cmyk-1.jpg
000262.jpg,http://www.chileplanet.eu/schede/pepper/NuMex%20Big%20Jim-2.jpg
000263.jpg,http://vignette3.wikia.nocookie.net/gardener/images/d/d1/Chilli_NuMex_big_jim.jpg
000264.jpg,https://static.webshopapp.com/shops/060827/files/022476925/numex-big-jim.jpg
000265.jpg,http://www.wildcapsicum.org/wp-content/uploads/2016/07/NuMex-Big-Jim-Paprika.jpg
000266.jpg,https://1a1z1e22ozx83bgjsz17c6ba-wpengine.netdna-ssl.com/wp-content/uploads/2018/08/NuMex-Big-Jim-1.jpg
000267.jpg,http://www.wildcapsicum.org/wp-content/uploads/2016/07/NuMex-Big-Jim-Chili.jpg
000268.jpg,https://static.webshopapp.com/shops/060827/files/022476931/numex-big-jim.jpg
000269.jpg,http://chilifee.de/WebRoot/Store17/Shops/6785a7bf-b9bd-45fa-b711-164bd13875ab/5723/2461/DEE3/6553/C83B/0A48/3549/9E23/Numex_Big_Jim_2.jpg
000270.jpg,https://static.webshopapp.com/shops/060827/files/022476933/numex-big-jim.jpg
000271.jpg,http://pics.davesgarden.com/pics/2011/11/03/chimayo/f696ca.jpg
000272.jpg,https://cdn6.bigcommerce.com/s-ji1ms5/products/972/images/6525/P6812__72188.1444301129.1280.1280.jpg
000273.jpg,http://plantium.ru/image/cache/catalog/seeds/peppers/annuum/numex/big-jim/numex-big-jim-plantium.ru-600x600.jpg
000274.jpg,https://static.webshopapp.com/shops/060827/files/022476927/numex-big-jim.jpg
000275.jpg,http://www.wildcapsicum.org/wp-content/uploads/2016/07/NuMex-Big-Jim-730x360.jpg
000276.jpg,https://www.chili-shop24.de/media/image/thumbnail/9372_NuMexBigJim_720x600.jpg
000277.jpg,https://1a1z1e22ozx83bgjsz17c6ba-wpengine.netdna-ssl.com/wp-content/uploads/NuMex-Big-Jim.jpg
000278.jpg,http://www.wildcapsicum.org/wp-content/uploads/2016/07/NuMex-Big-Jim-Paprika-1024x765.jpg
000279.jpg,https://www.pepperscale.com/wp-content/uploads/2017/10/numex-big-jim.jpg
000280.jpg,https://pics.davesgarden.com/pics/2008/07/14/melody/ecaa0a.jpg
000281.jpg,https://www.mopeppers.at/media/image/product/48/md/numex-big-jim.jpg
000282.jpg,https://chili-pepper.com.ua/image/cache/catalog/Tovary/semena/numex_big_jim-500x500.jpg
000283.jpg,http://www.wildcapsicum.org/wp-content/uploads/2016/07/NuMex-Big-Jim-Blüte-1024x768.jpg
000284.jpg,http://vivis-chili.dk/wp-content/gallery/numex-big-jim/numex-heritage-big-jim-umodne-frugter.jpg
000285.jpg,http://mlb-d1-p.mlstatic.com/numex-big-jim-chili-pepper-pimenta-gigante-sementes-p-mudas-564201-MLB20292577426_052015-F.jpg
000286.jpg,https://www.seeds-gallery.shop/5670-home_default/graines-de-piment-chili-numex-big-jim.jpg
000287.jpg,http://vivis-chili.dk/wp-content/gallery/numex-big-jim/numex-heritage-big-jim-38-uger.jpg
000288.jpg,https://www.seeds-gallery.shop/5672-medium_default/numex-big-jim-seeds.jpg
000289.jpg,https://cdn.shopify.com/s/files/1/1095/8052/products/Pepper_NuMex_Big_Jim.jpg
000290.jpg,http://5c3ae8def513233997a7-e87978aaae5cf97349d88697fd53e4c9.r77.cf1.rackcdn.com/24101_300.jpg
000291.jpg,http://www.griechische-pflanzen-und-samen.de/WebRoot/Store17/Shops/61827386/48C9/129A/EC33/DE31/CA24/C0A8/28BD/8D52/chili_0020_numexbigjim.jpg
000292.jpg,https://www.seeds-gallery.shop/5669-home_default/numex-big-jim-seeds.jpg
000293.jpg,https://cdn6.bigcommerce.com/s-yaozho/products/4580/images/12222/numexbigjimchilipepper3__79703.1483502539.1280.1280.jpg
000294.jpg,http://tuincentrumholland.com/8962-thickbox_default/peperzaad-numex-big-jim.jpg
000295.jpg,https://cdn.shopify.com/s/files/1/1523/7044/products/HeritageBigJimRipeInHand_large.jpg
000296.jpg,https://cdn.webshopapp.com/shops/60827/files/22476923/numex-big-jim.jpg
000297.jpg,http://www.chileplanet.eu/schede/pepper/NuMex%20Big%20Jim-1.jpg
000298.jpg,http://vivis-chili.dk/wp-content/gallery/numex-big-jim/numex-heritage-big-jim-26-uger.jpg
000299.jpg,https://cdn.shopify.com/s/files/1/0915/1060/products/Big_Jim2_grande.jpg
000300.jpg,https://cdn.shopify.com/s/files/1/0955/4450/products/big_jim1_large.jpg
000301.jpg,http://www.piedmontfarmandgarden.com/v/vspfiles/photos/PPP023-2.jpg
000302.jpg,http://vivis-chili.dk/wp-content/gallery/numex-big-jim/numex-heritage-big-jim-modnende-frugter.jpg
000303.jpg,http://www.westwindseeds.com/v/vspfiles/photos/peph-050-2.jpg
000304.jpg,http://www.magicgardenseeds.ch/pics/oypixpF3psuqCe21lDq9K23_x9WMihTm9pHBH76DQozbrIC-WRQnGKOpIEReCv1T/1164_1000.jpg
000305.jpg,https://cdn.shopify.com/s/files/1/0915/1060/products/Big_Jim1_grande.jpg
000306.jpg,http://vivis-chili.dk/wp-content/gallery/numex-big-jim/numex-heritage-big-jim-umodne-frugter-2.jpg
000307.jpg,https://www.seeds-gallery.shop/5671-home_default/sementes-de-pimenta-big-jim-numex.jpg
000308.jpg,http://vivis-chili.dk/wp-content/gallery/numex-big-jim/numex-heritage-big-jim-14-uger.jpg
000309.jpg,https://www.fruitlent.nl/afbeeldingen/pepers/numex_big_jim/numex_big_jim2.jpg
000310.jpg,https://chilibaron.ch/images/stories/virtuemart/product/big_jim.jpg
000311.jpg,http://vivis-chili.dk/wp-content/gallery/numex-big-jim/numex-heritage-big-jim-voksen-plante.jpg
000312.jpg,http://vivis-chili.dk/wp-content/gallery/numex-big-jim/numex-heritage-big-jim-29-uger.jpg
000313.jpg,http://vivis-chili.dk/wp-content/gallery/numex-big-jim/numex-heritage-big-jim-hoesten.jpg
000314.jpg,http://thumb7.shutterstock.com/display_pic_with_logo/2124014/689759491/stock-photo-numex-big-jim-green-chile-peppers-whole-new-mexico-pod-type-capsicum-annuum-clipping-paths-689759491.jpg
000315.jpg,http://vivis-chili.dk/wp-content/gallery/numex-big-jim/numex-heritage-big-jim-20-uger.jpg
000316.jpg,https://img.bidorbuy.co.za/image/upload/user_images/805/1734805/1734805_140116092723_big_jim.jpg
000317.jpg,http://vivis-chili.dk/wp-content/gallery/numex-big-jim/numex-heritage-big-jim-35-uger.jpg
000318.jpg,https://c8.alamy.com/comp/JJR4X4/numex-big-jim-green-chile-peppers-whole-new-mexico-pod-type-capsicum-JJR4X4.jpg
000319.jpg,https://tienda.lombricesdecalifornia.com/2721-large_default/semillas-de-chile-numex-big-jim-capsicum-annuum.jpg
000320.jpg,http://www.gaertnerei-bender.de/images/stories/Capsicum_annuum/Capsicum_annuum_Big_Jim_Chili_1.jpg
000321.jpg,https://c8.alamy.com/comp/JX5WHT/roasted-hatch-green-chile-pepper-numex-big-jim-whole-pod-unpeeled-JX5WHT.jpg
000322.jpg,http://www.pimentsforts.com/images_ref/big_jim_mure.jpg
000323.jpg,http://vivis-chili.dk/wp-content/gallery/numex-big-jim/numex-heritage-big-jim-meget-lille.jpg
000324.jpg,http://vivis-chili.dk/wp-content/gallery/numex-big-jim/numex-heritage-big-jim-32-uger.jpg
000325.jpg,http://www.gaertnerei-bender.de/images/stories/Capsicum_annuum/Capsicum_annuum_Big_Jim_Chili_002.jpg
000326.jpg,http://chilis.scovillejunkies.de/wp-content/uploads/2010/09/numexbigjim03.jpg
000327.jpg,http://vivis-chili.dk/wp-content/gallery/numex-big-jim/numex-heritage-big-jim.jpg
000328.jpg,https://static.wixstatic.com/media/f1c6cd_3f0e15b48ceb4fa581bfb0de07aacde1~mv2_d_3120_4160_s_4_2.jpg
000329.jpg,http://i.ebayimg.com/images/i/282259323394-0-1/s-l1000.jpg
000330.jpg,http://i324.photobucket.com/albums/k323/plantamundo/BigChili2.jpg
000331.jpg,http://www.pimentsforts.com/images/2011/big_jim_17_juin_1.jpg
000332.jpg,https://www.soflor.com.br/wp-content/uploads/2014/02/sementes-de-pimenta-big-jim-numex-0172-e1495811080208-300x300.jpg
000333.jpg,http://www.pimentsforts.com/images/2012/big_jim_31_mai_2.jpg
000334.jpg,http://www.pimentsforts.com/images/2012/big_jim_21_juin_2.jpg
000335.jpg,http://c8.alamy.com/comp/JT5JF8/numex-big-jim-green-chile-peppers-sliced-or-diced-new-mexico-pod-type-JT5JF8.jpg
000336.jpg,https://www.soflor.com.br/wp-content/uploads/2014/02/sementes-de-pimenta-big-jim-numex-5175-e1495811359400.jpg
000337.jpg,http://c7.alamy.com/comp/JT5JFB/numex-big-jim-green-chile-peppers-whole-new-mexico-pod-type-capsicum-JT5JFB.jpg
000338.jpg,http://chilis.scovillejunkies.de/wp-content/uploads/2010/09/numexbigjim01.jpg
000339.jpg,http://vivis-chili.dk/wp-content/gallery/numex-big-jim/numex-heritage-big-jim-blomst.jpg
000340.jpg,https://www.soflor.com.br/wp-content/uploads/2014/02/sementes-de-pimenta-big-jim-numex-8347-e1495810907618.jpg
000341.jpg,https://www.gourmetseed.com/image/cache/catalog/products/B/big_jim_numex_pepper-1024x1024.jpg
000342.jpg,http://www.pimentsforts.com/images/2011/big_jim_30_mai_1.jpg
000343.jpg,https://thumbs.dreamstime.com/b/numex-big-jim-green-chiles-paths-top-view-chile-peppers-whole-new-mexico-pod-type-capsicum-annuum-clipping-shadow-separated-97305644.jpg
000344.jpg,https://www.irinas-shop.de/images/P262_vv%20Nu_Mex_Big_Jim_Paprika_Bild_c.jpg
000345.jpg,https://www.seeds-gallery.shop/801-large_default/semi-di-peperoncino-chili-numex-big-jim.jpg
000346.jpg,http://www.pimentsforts.com/images/2011/big_jim_07_sept_2.jpg
000347.jpg,https://www.seeds-gallery.shop/1045-large_default/sementes-de-pimenta-big-jim-numex.jpg
000348.jpg,http://c8.alamy.com/comp/JT5JF7/numex-big-jim-green-chile-peppers-sliced-or-diced-new-mexico-pod-type-JT5JF7.jpg
000349.jpg,https://s-media-cache-ak0.pinimg.com/736x/4f/dc/15/4fdc15c615fcd61895a59b54a4317dc4--hatch-chili-green-chilis.jpg
000350.jpg,http://c7.alamy.com/comp/JMA45N/numex-big-jim-green-chile-pepper-whole-new-mexico-pod-type-capsicum-JMA45N.jpg
000351.jpg,https://www.soflor.com.br/wp-content/uploads/2014/02/sementes-de-pimenta-big-jim-numex-0917-e1498505933247-300x300.jpg
000352.jpg,http://www.svenlittkowski.name/v/Lib/Nature/MyFarm/Capsicum%20(Peppers%20and%20Chilies)/2014-04-25/Photo2126.jpg
000353.jpg,https://c8.alamy.com/comp/JT5JF3/numex-big-jim-green-chile-peppers-whole-new-mexico-pod-type-capsicum-JT5JF3.jpg
000354.jpg,https://www.exotic-seeds.store/5669-home_default/sementes-de-pimenta-big-jim-numex.jpg
000355.jpg,http://www.pimentsforts.com/images/2012/big_jim_19_juillet_3.jpg
000356.jpg,http://www.pimentsforts.com/images/2011/pots_41.jpg
000357.jpg,https://www.soflor.com.br/wp-content/uploads/2014/02/sementes-de-pimenta-big-jim-numex-0172-e1495811080208.jpg
000358.jpg,https://www.soflor.com.br/wp-content/uploads/2014/02/sementes-de-pimenta-big-jim-numex-3240-e1495811485428-300x300.jpg
000359.jpg,https://www.soflor.com.br/wp-content/uploads/2014/02/sementes-de-pimenta-big-jim-numex-7930-e1495811639887-300x300.jpg
000360.jpg,http://www.pimentsforts.com/images/2012/big_jim_20_sept_2.jpg
000361.jpg,https://c8.alamy.com/comp/JR5MTX/numex-big-jim-green-chile-peppers-whole-new-mexico-pod-type-capsicum-JR5MTX.jpg
000362.jpg,http://www.pimentsforts.com/images/2012/big_jim_16_aout_4.jpg
