image,source
000001.jpg,https://cdn1.bigcommerce.com/server700/5mvrqhbm/products/4389/images/150572/piquillo-pepper__69702.1522258039.451.395.jpg?c=2
000002.jpg,https://www.chilipeppermadness.com/wp-content/uploads/2019/04/Piquillo-Peppers2.jpg
000003.jpg,http://www.spicegarden.eu/WebRoot/StoreLES/Shops/62431129/4E2E/DC06/DB1E/3D7A/41F1/C0A8/28B8/0C70/Piquillo.jpg
000004.jpg,http://saltandwind.com/media/_versions/recipes/stuffed-piquillo-peppers-recipe_h_large.jpg
000005.jpg,https://www.homemadeitaliancooking.com/wp-content/uploads/2018/06/baked_peppers.jpg
000006.jpg,https://www.pepperscale.com/wp-content/uploads/2016/04/Piquillo-Peppers-768x510.jpg
000007.jpg,https://images.tienda.com/is/image/LaTienda/pq-15?wid=1087&qlt=60
000008.jpg,https://d1alt1wkdk73qo.cloudfront.net/images/guide/9ae4dcc02c12400182370d20862d5ed6/640x478_ac.jpg
000009.jpg,https://images-na.ssl-images-amazon.com/images/I/814xTQnXJlL._SL1500_.jpg
000010.jpg,https://images-na.ssl-images-amazon.com/images/I/71FfZJmEr1L._SL1500_.jpg
000011.jpg,https://cdn.shopify.com/s/files/1/0025/8002/1309/products/PR03002-salcedo-soria-navarrico-whole-piquillo-peppers-lodosa-390g-brindisa_600x600.jpg?v=1548868632
000012.jpg,https://www.chilipeppermadness.com/wp-content/uploads/2019/04/Piquillo-Peppers1.jpg
000013.jpg,https://www.thepaellacompany.co.uk/user/products/large/peppers-with-garlic.jpg
000014.jpg,https://upload.wikimedia.org/wikipedia/commons/b/b7/Piquillo_Peppers.jpg
000015.jpg,https://www.halfbakedharvest.com/wp-content/uploads/2015/03/Cheesy-Avocado-Crab-Stuffed-Piquillo-Pepper-Ciabatta-Pizzette%E2%80%99s-with-Sriracha-Aioli-2.jpg
000016.jpg,http://www.specialtyproduce.com/sppics/8593.png
000017.jpg,http://cdn.shopify.com/s/files/1/1908/7773/products/Dantza_Red_Sweet_Peppers_1200x1200.jpg?v=1536938982
000018.jpg,https://ii2.worldmarket.com/fcgi-bin/iipsrv.fcgi?FIF=/images/worldmarket/source/78407_XXX_v1.tif&wid=480&cvt=jpeg
000019.jpg,https://www.foodswinesfromspain.com/spanishfoodwine/wcm/idc/groups/public/documents/imagen/mde4/nzk3/~edisp/img2018797208.png
000020.jpg,https://images.tienda.com/is/image/LaTienda/pq-04?wid=1087&qlt=60
000021.jpg,https://cdn-image.foodandwine.com/sites/default/files/styles/medium_2x/public/201401-xl-chorizo-and-braised-kale-stuffed-piquillo-peppers.jpg?itok=o90NZsIc
000022.jpg,https://i5.walmartimages.com/asr/1968ac9e-c483-408e-924b-3778925266e3_1.1a5184b8a64d7b0bf6ba3d56a2e6e58f.jpeg?odnHeight=450&odnWidth=450&odnBg=FFFFFF
000023.jpg,https://www.ibreatheimhungry.com/wp-content/uploads/2016/09/stuffedpeppers3small-493x700.jpg
000024.jpg,https://www.thecitycook.com/articles/2014-08-20-what-s-fabulous-piquillo-peppers/_res/id=Pictures/index=2/000086.jpg
000025.jpg,https://www.spanishtable.com/mm5/graphics/00000001/do%20piquillos.jpg
000026.jpg,https://cdn.shopify.com/s/files/1/0871/0950/products/Piquilloppepperpktpic_1024x1024.jpg?v=1548800726
000027.jpg,https://store.pastene.com/152-large_default/piquillo-peppers-12oz-jar.jpg
000028.jpg,https://caputos.com/wp-content/uploads/2016/07/Matiz_Organic_Piquillo_Peppers__10071-768x768.jpg
000029.jpg,http://www.gdaysouffle.com/wp-content/uploads/2018/05/Piquillo-5-of-5-1-of-1.jpg
000030.jpg,https://cdn-image.myrecipes.com/sites/default/files/styles/medium_2x/public/image/recipes/ck/07/08/stuffed-peppers-ck-1646428-x.jpg?itok=Qe0-Sf2p
000031.jpg,https://www.cilantroandcitronella.com/wp-content/uploads/2019/08/Stuffed-Piquillo-Peppers-6-Cilantro-and-Citronella-300x300-300x240.jpg
000032.jpg,https://www.pepperscale.com/wp-content/uploads/2016/05/piquillo-pepper-sauce-768x512.jpeg
000033.jpg,https://foodandstyle.com/wp-content/uploads/2009/11/IMG_0186-Piquillo-peppers-750.jpg
000034.jpg,https://blog.williams-sonoma.com/wp-content/uploads/2014/01/WS_VOD_Piquila_8405.jpg
000035.jpg,https://images.tienda.com/is/image/LaTienda/pq-17?wid=1000&qlt=60
000036.jpg,https://cdn-image.foodandwine.com/sites/default/files/styles/medium_2x/public/bncbook2013-xl-chilled-piquillo-pepper-soup-with-fresh-bean-salad_0.jpg?itok=73DpDvyU
000037.jpg,http://starfinefoods.com/wp-content/uploads/Piquillo-Pepper-Pesto.jpg
000038.jpg,https://thecheerfulkitchen.com/wp-content/uploads/2019/03/IMG_1545.jpg
000039.jpg,http://images.media-allrecipes.com/userphotos/960x960/3758616.jpg
000040.jpg,https://mommyshomecooking.com/wp-content/uploads/2014/01/piquillo-pepper-preserve.jpg
000041.jpg,https://www.proportionalplate.com/wp-content/uploads/2018/02/Peruvian-Roasted-Chicken-with-Piquillo-Pepper-Pesto-Post.jpg
000042.jpg,https://images-na.ssl-images-amazon.com/images/I/71VY7f%2BWzML._SX425_.jpg
000043.jpg,https://www.lagrandeepicerie.com/dw/image/v2/BBWG_PRD/on/demandware.static/-/Sites-lge-master-catalog/default/dwce4fbabd/images/DIS/3234750022136_1.jpg?sw=680&sh=680&sm=fit
000044.jpg,https://images.tienda.com/is/image/LaTienda/pq-18?wid=1000&qlt=60
000045.jpg,https://www.gastronomiavasca.net/uploads/image/file/4389/w700_pimiento_del_piquillo.jpg
000046.jpg,https://www.calidadgourmet.com/wp-content/uploads/2017/09/p-5948-Pimientos-del-Piquillo-de-Lodosa.jpg
000047.jpg,https://www.edenbrothers.com/store/media/Seeds-Vegetables/resized/SVPEP170-3_medium.jpg
000048.jpg,https://yourspanishcorner.com/4271-thickbox_default/pimientos-del-piquillo-enteros-extra.jpg
000049.jpg,https://www.cucinaandamore.com/pub/media/magefan_blog/2016/05/img_0882.jpg
000050.jpg,https://i.ytimg.com/vi/aeUwIPKeFz0/maxresdefault.jpg
000051.jpg,http://www.specialtyproduce.com/sppics/4138.png
000052.jpg,https://previews.123rf.com/images/tonobalaguer/tonobalaguer1703/tonobalaguer170300743/73357666-pinchos-filled-pimientos-piquillo-pepper-tapas-pintxos-from-spain-food.jpg
000053.jpg,https://www.robertsandspeight.co.uk/images/shop/more/900x900_392_108c0d74b02c7f4c2b028de203f8ed37_1562597894Untitled2.jpg
000054.jpg,https://www.rachaelrayshow.com/sites/default/files/styles/video_1920x1080/public/images/2017-12/1749985694001_5686521067001_5686428989001-vs.jpg?itok=2zcdJQJn
000055.jpg,https://www.igourmet.com/images/productsLG/493.jpg
000056.jpg,https://www.foodrepublic.com/wp-content/uploads/2017/10/pepperskewers.jpg
000057.jpg,https://www.proportionalplate.com/wp-content/uploads/2019/09/Step-by-Step-Piquillo-Peppers.jpg
000058.jpg,https://www.laespanolameats.com/2270-home_default/piquillo-pepper-in-strips-2500gr-bajamar.jpg
000059.jpg,https://www.spanishpassionfoods.co.uk/wp-content/uploads/2018/01/piquillo-pepper-chutney.jpg
000060.jpg,https://previews.123rf.com/images/tonobalaguer/tonobalaguer1703/tonobalaguer170300680/73300036-pinchos-filled-pimientos-piquillo-pepper-tapas-pintxos-from-spain-food.jpg
000061.jpg,https://www.rachaelraymag.com/.image/t_share/MTUyOTMxODU0Nzk2NzI3MzAz/piquillo-pepper-chicken-with-spanish-rice-0407.jpg
000062.jpg,https://www.fortunasausage.com/v/vspfiles/photos/VPP-2.jpg
000063.jpg,http://cdn.shopify.com/s/files/1/0111/1729/7722/products/navarrico-piquillo-peppers-strips-bowl-side.jpg?v=1568219592
000064.jpg,https://www.thespanishsuper.com/3087-large_default/whole-piquillo-pepper-260-g-drained-net-weight.jpg
000065.jpg,http://3.bp.blogspot.com/-MNrOGNAwGjQ/UeRWyA4nEAI/AAAAAAAABK0/fuMm8ezU9Q4/s1600/Piquillo+Pepper+Dressing+and+Dip+071513Piquillo+Pepper+Dressing+and+Dip+071513.jpg
000066.jpg,https://www.cucinaandamore.com/pub/media/magefan_blog/2016/05/img_0878.jpg
000067.jpg,https://www.thespanishhamper.co.uk/wp-content/uploads/2013/12/Piquillo-Peppers-The-Spanish-Hamper.jpg
000068.jpg,https://www.seriouseats.com/recipes/images/2015/04/20150418-piquillo-peppers-tuna-tapas-easy-5-1500x1125.jpg
000069.jpg,https://www.chatelaine.com/wp-content/uploads/2012/07/Ox-and-Angela-s-grilled-flatiron-steak-with-piquillo-pepper-confit-0-l.jpg
000070.jpg,https://s.yimg.com/aah/mex-grocer/roland-whole-piquillo-pepper-16.png
000071.jpg,https://cdn11.bigcommerce.com/s-hd6k9/images/stencil/2048x2048/products/1444/4172/19TAKEAWAY_SPAN-master675__00556.1470158742.jpg?c=2
000072.jpg,https://www.laespanolameats.com/1357-thickbox_default/bajamar-piquillo-pepper-pieces-marinated-in-olive-oil-garlic-10oz.jpg
000073.jpg,https://blog.markethallfoods.com/images/recipes/tuna-pimenton-stuffed-piquillo-peppers-500x500.jpg
000074.jpg,https://images.tienda.com/is/image/LaTienda/se-182?wid=1087&qlt=60
000075.jpg,https://cdn.shopify.com/s/files/1/0187/3780/articles/Piquillo_Pepper_Tomato_Soup_-_vegan_2048x.JPG?v=1548082768
000076.jpg,https://ii3.worldmarket.com/fcgi-bin/iipsrv.fcgi?FIF=/images/worldmarket/source/77332_XXX_v1.tif&wid=480&cvt=jpeg
000077.jpg,https://images-na.ssl-images-amazon.com/images/I/5131t4afPAL._SX425_.jpg
000078.jpg,https://jetimages.jetcdn.net/md5/01066b95b2f196b504cf324c0d83b15b?odnBound=576
000079.jpg,https://delicioso.co.uk/wp-content/uploads/2018/07/Piquillo-pepper-art-1-1024x683.jpg
000080.jpg,http://simpleveganblog.com/wp-content/uploads/2015/02/Simple-vegan-Piquillo-pepper-pasta-gluten-free-3.jpg
000081.jpg,http://starfinefoods.com/wp-content/uploads/Grilled-Salmon-with-Pineapple-Piquillo-Pepper-Salsa2.jpg
000082.jpg,http://cdn.shopify.com/s/files/1/0843/3557/products/Navarrico_Piquillos_enteros2_grande.jpg?v=1527254072
000083.jpg,https://image.shutterstock.com/image-photo/pinchos-filled-pimientos-piquillo-pepper-260nw-617171327.jpg
000084.jpg,https://www.culinarycollective.com/wp-content/uploads/2015/06/MZpiquillos_gallery.jpg
000085.jpg,https://stfoodie365.com/wp-content/uploads/2018/12/asparaguspiquillosalad.jpg
000086.jpg,https://assets.bonappetit.com/photos/57b016f8f1c801a1038bd670/16:9/w_1000,c_limit/piquillo-pepper-and-sardine-tartines.jpg
000087.jpg,https://www.bkfoods.com/media/Products/ss_size1/425977.jpg
000088.jpg,https://www.eatlivetravelwrite.com/wp-content/uploads/2013/09/DSC_2733.jpg
000089.jpg,https://library.kissclipart.com/20190901/bjw/kissclipart-pimiento-piquillo-pepper-red-natural-foods-bell-pe-ef0de010865f338f.png
000090.jpg,https://beyondmeresustenance.com/wp-content/uploads/2016/12/stuffed-piquillo-peppers-6-1-500x500.jpg
000091.jpg,http://farm3.static.flickr.com/2372/3531828739_e6abee8848.jpg
000092.jpg,https://www.pepperscale.com/wp-content/uploads/2016/04/Piquillo-Pepper-Substitute-768x511.jpeg
000093.jpg,http://www.dlizia.com/wp-content/uploads/2017/09/Confited-Piquillo-pepper-1.jpg
000094.jpg,https://photos.bigoven.com/recipe/hero/smoky-tomato-piquillo-pepper-carrot.jpg?h=500&w=500
000095.jpg,https://cdn0.woolworths.media/content/wowproductimages/large/261309.jpg
000096.jpg,https://leitesculinaria.com/wp-content/uploads/fly-images/232696/meat-stuffed-peppers-fp-400x400-c.jpg
000097.jpg,https://i-love-png.com/images/roullettefruit.png
000098.jpg,https://www.superhotchiles.com/wp-content/uploads/2018/05/Lodosa_3-600x400.jpg
000099.jpg,https://hips.hearstapps.com/del.h-cdn.co/assets/cm/15/10/54f68710ebf21_-_200901_omag_food_peppers_400x400.jpg
000100.jpg,https://www.presidentschoice.ca/content/dam/lclonline/images/recipes/pc_basilchickenandpiquillopepperpanini_r_500x500.jpg.thumb.405.430.margin.png
000101.jpg,https://static.onecms.io/wp-content/uploads/sites/39/2019/09/20230413/p_RU308474.jpg
000102.jpg,https://www.johnnyseeds.com/dw/image/v2/BBBW_PRD/on/demandware.static/-/Sites-jss-master/default/dw62e79171/images/products/vegetables/03380_02_biquinho_red.jpg?sw=280&cx=302&cy=0&cw=1196&ch=1196
000103.jpg,http://marxfood.com/wp-content/uploads/mf-Iberico-Shoulder-Eye-Steaks-Piquillo-Pepper-Parsley-Feature-1200x800.jpg
000104.jpg,https://www.homesweetjones.com/wp-content/uploads/2014/06/Goat-Cheese-Stuffed-Piquillo-Peppers.jpg
000105.jpg,https://d2lnr5mha7bycj.cloudfront.net/product-image/file/large_d48f2b2f-1a23-461a-8e71-6fc3eddc5d63.JPG
000106.jpg,https://photos.bigoven.com/recipe/hero/goat-cheese-stuffed-piquillo-pepper.jpg?h=500&w=500
000107.jpg,https://imagesvc.meredithcorp.io/v3/mm/image?url=https%3A%2F%2Fcdn-image.foodandwine.com%2Fsites%2Fdefault%2Ffiles%2Fstyles%2Fmedium_2x%2Fpublic%2F201210-xl-creamy-piquillo-pepper-and-chickpea-soup-with-chicken.jpg%3Fitok%3DtgmQZFbf&w=450&c=sc&poi=face&q=85
000108.jpg,https://files.meilleurduchef.com/mdc/photo/recipe/chocolate-cake-cherry-chilli/chocolate-cake-cherry-chilli-640.jpg
000109.jpg,https://cdn11.bigcommerce.com/s-hd6k9/images/stencil/2048x2048/products/1450/4194/269eb9f4629f14ad5a280cff67c09803__58868.1470228082.jpg?c=2
000110.jpg,https://www.foodswinesfromspain.com/spanishfoodwine/wcm/idc/groups/public/documents/imagen/mde4/nzk3/~edisp/img2018797207.png
000111.jpg,http://www.homesweetjones.com/wp-content/uploads/2014/06/Chicken-with-Piquillo-Pepper-Salsa-and-Saffron-Rice-Vertical.jpg
000112.jpg,https://ls.imgix.net/Recipes/Thumbnails/come-dine-with-me-aus-s2-schezwan-salmon-piquillo-tuna-ortiz-crouton-with-smoked-tomato-sorbet.jpg?w=400&h=200&auto=compress,format&fit=crop
000113.jpg,https://dqzrr9k4bjpzk.cloudfront.net/images/9357036/814093586.jpg
000114.jpg,https://1.bp.blogspot.com/-Rd8UxeLKBFE/XE4KCj5TrGI/AAAAAAAAyM4/E3_nuzesaQs9L2Zb800BgwEkfc0R2A3zwCLcBGAs/s1600/Warm%2BStuffed%2BPiquillo%2BPepper%2BBruschetta%2B%25283%2529.JPG
000115.jpg,http://cdn.shopify.com/s/files/1/1022/5071/products/other-seeds-bulbs-25-spanish-piquillo-peppers-seeds-little-beaks-c-annuum-sweet-spicy-heirloom-2_1024x1024.jpg?v=1568493043
000116.jpg,https://www.fragata.co.uk/wp-content/uploads/2018/08/26-Fragata-Piquillo-Pepper-stuffed-Olives.png
000117.jpg,http://letlex.com/images/detailed/5/0007874200742_A.jpg
000118.jpg,https://chefshop.com/GetImage.ashx?Path=%7E%2FAssets%2FProductImages%2F3521-Piquillo-Pepper-Stuffed-Olives.jpg&maintainAspectRatio=true&maxHeight=480&maxWidth=480
000119.jpg,http://www.junedarville.com/wp-content/uploads/2015/12/2015-12-25-11.32.00-1-200x300.jpg
000120.jpg,https://cdnprod.mafretailproxy.com/cdn-cgi/image/format=auto,onerror=redirect/sys-master-prod/hcf/hc9/9087154683934/17015_main.jpg_480Wx480H
000121.jpg,https://images.tienda.com/is/image/LaTienda/se-181?wid=1087&qlt=60
000122.jpg,https://www.cucinaandamore.com/pub/media/magefan_blog/2016/05/img_0880.jpg
000123.jpg,https://cdn.shopify.com/s/files/1/0070/4620/1459/products/71XCKnhL21L._SL1500.jpg?v=1530268249
000124.jpg,http://www.simplyscratch.com/wp-content/uploads/2015/05/Grilled-Steak-with-Piquillo-Pepper-Pesto-l-SimplyScratch.com-4.jpg
000125.jpg,https://i2.wp.com/spaingourmetcanada.com/wp-content/uploads/2018/07/Relish-min-min.jpg?fit=600%2C600&ssl=1
000126.jpg,https://www.delallo.com/shop/media/catalog/product/cache/1/image/9df78eab33525d08d6e5fb8d27136e95/7/0/70081.jpg
000127.jpg,https://cdnprod.mafretailproxy.com/cdn-cgi/image/format=auto,onerror=redirect/sys-master-prod/h9e/h0a/8948932608030/1259743_main.jpg_480Wx480H
000128.jpg,https://cookingbythebook.com/wp-content/uploads/2019/04/wc-Piquillo-Peppers-441x700.jpg
000129.jpg,https://thumbs.dreamstime.com/z/vegetable-piquillo-pepper-paprika-peperoncini-112042329.jpg
000130.jpg,http://bodegasomalo.com/wp-content/uploads/2014/03/Pimientos-Piquillo-Bodegas-Senorio-Somalo-La-Rioja-01-510x652.jpg
000131.jpg,http://simpleveganblog.com/wp-content/uploads/2015/02/Simple-vegan-Piquillo-pepper-pasta-gluten-free-2.jpg
000132.jpg,https://cdn.imgbin.com/0/15/25/imgbin-habanero-piquillo-pepper-red-bell-pepper-cayenne-pepper-bell-pepper-red-red-bell-pepper-6YETW2UPXpb5AnGTMR3zARLU9.jpg
000133.jpg,https://c8.alamy.com/comp/X566CB/pinchos-filled-pimientos-piquillo-pepper-tapas-pintxos-from-spain-food-X566CB.jpg
000134.jpg,https://i1.wp.com/www.natachasanzcaballero.com/wp-content/uploads/2019/10/DSC_0557web.jpg?resize=744%2C1116
000135.jpg,http://weirdcombinations.com/wp-content/uploads/2011/04/goat-cheese-stuffed-piquillo-pepper-appetizers.jpg?x43967
000136.jpg,https://media1.popsugar-assets.com/files/thumbor/9SqMFR4eY1dNgqDgexfM6wFjqF8/fit-in/2048xorig/filters:format_auto-!!-:strip_icc-!!-/2016/01/06/056/n/1922195/3fbefd15358fc630_TJs-Red-Pepper-Quinoa-Spread/i/Piquillo-Pepper-Quinoa-Spread-3.jpg
000137.jpg,http://marxfood.com/wp-content/uploads/mf-BasilGoatCheeseStuffedPiquillos-Feature.jpg
000138.jpg,https://i.pinimg.com/originals/51/08/98/5108986e9cc6ab0902f6a5b3f8491653.jpg
000139.jpg,http://static1.squarespace.com/static/516daa43e4b0633e7b266917/5176d9fce4b086d3112dd6b9/5ac00bf26d2a73e772ab7543/1522794862525/boquerones.jpg?format=1500w
000140.jpg,http://www.candispro.com/wp-content/uploads/2015/03/P40.jpg
000141.jpg,https://images.squarespace-cdn.com/content/v1/539cc58be4b03916d1da4907/1528119226716-BLTI2B4V2UDAGWYQ9UPJ/ke17ZwdGBToddI8pDm48kHImmY-STbGMM98nIk_9AZR7gQa3H78H3Y0txjaiv_0fDoOvxcdMmMKkDsyUqMSsMWxHk725yiiHCCLfrh8O1z5QHyNOqBUUEtDDsRWrJLTmzUsryC7riGV7bTeYhg5Ses1H6flwmx9lBywbnbPpZh2V-ICpy9th-MYvLWmDoJxA/Arugula%2C+Peach%2C+Piquillo+Pepper+Salad
000142.jpg,https://www.gourmetsleuth.com/images/default-source/dictionary/piquillo-pepper.jpg?sfvrsn=7
000143.jpg,https://cf-images.us-east-1.prod.boltdns.net/v1/static/1033249144001/9007ad06-de0c-4f47-a9ff-5783177cadcf/eab5eae8-bc6d-4def-b97e-ca17d8d5e9b1/1280x720/match/image.jpg
000144.jpg,https://deliciousspanishfood.com/wp-content/uploads/2018/08/Pimientos-de-piquillo-2.jpg
000145.jpg,https://c7.uihere.com/files/316/271/637/piquillo-pepper-habanero-tabasco-pepper-cayenne-pepper-capsicum-red-pepper.jpg
000146.jpg,http://cdn.shopify.com/s/files/1/1043/3552/products/M2_grande.jpg?v=1566786070
000147.jpg,http://www.trbimg.com/img-5893ace4/turbine/os-et-piquillo-pepper-recipe-20170202
000148.jpg,https://c8.alamy.com/comp/R3EX5T/close-up-many-bright-red-berries-of-piquillo-pepper-in-sunlight-on-green-leaves-background-R3EX5T.jpg
000149.jpg,http://www.celorrio.com/sites/default/files/13032_1.jpg
000150.jpg,https://www.superhotchiles.com/wp-content/uploads/2018/05/Cristal_3-600x400.jpg
000151.jpg,https://www.wegmans.com/content/dam/wegmans/products/559/295559.jpg
000152.jpg,https://3.bp.blogspot.com/-CV4hDn92-rQ/XE4KPLeBGAI/AAAAAAAAyM8/2viRROFIFVM4WMu0eZgIznGoGgUV4R-jACLcBGAs/s1600/Warm%2BStuffed%2BPiquillo%2BPepper%2BBruschetta%2B%252813%2529.JPG
000153.jpg,https://media-cdn.tripadvisor.com/media/photo-s/0e/b0/a5/dc/canapes-boquerones-piquillo.jpg
000154.jpg,https://cdn-image.foodandwine.com/sites/default/files/styles/medium_2x/public/bolla0715-xl-creamy-piquillo-pepper-hummus-with-caramelized-cauliflower.jpg?itok=YcCSzw1u
000155.jpg,https://cdn11.bigcommerce.com/s-p82jn6co/products/5088/images/2318/30651.jpg__84516.1499279666.500.750.jpg?c=2
000156.jpg,http://happyveggie.weebly.com/uploads/4/2/7/8/42788543/2299710_orig.jpg
000157.jpg,https://cdn.imgbin.com/0/22/10/imgbin-piquillo-pepper-pimiento-bell-pepper-stuffing-chili-pepper-peppers-bZgZZp7sViscZHm2Pw8PMp4AY.jpg
000158.jpg,https://i2.wp.com/www.natachasanzcaballero.com/wp-content/uploads/2019/10/DSC_0570web.jpg?resize=744%2C1116
000159.jpg,https://st4.depositphotos.com/1013907/22988/i/1600/depositphotos_229889104-stock-photo-stuffed-piquillo-peppers-cod.jpg
000160.jpg,https://assets.marthastewart.com/styles/wmax-520-highdpi/d26/cheese-toast-0611mld107229/cheese-toast-0611mld107229_sq.jpg?itok=zg3Q6deo
000161.jpg,http://kanesrestaurant.com/wp-content/uploads/2016/04/Kanes-Family-Restaurant-Recipe-for-Mushroom-Ragout-with-Spinach-Venison-Stuffed-Piquillo-Pepper.jpg
000162.jpg,https://banner2.kisspng.com/20190715/rpf/kisspng-habanero-piquillo-pepper-serrano-pepper-birds-eye-chili-entdecken-kotnyi-5d2cee428d0f40.5679229215632256665778.jpg
000163.jpg,https://www.rachaelraymag.com/.image/t_share/MTQzMjU4OTI2Nzg5NzY0OTcz/spicy-spanish-mini-meat-loaves-and-piquillo-pepper-rice.jpg
000164.jpg,https://foodummiestochefs.files.wordpress.com/2019/07/img_1364-4.jpg
000165.jpg,https://i.ytimg.com/vi/hl4o0MHDq-g/maxresdefault.jpg
000166.jpg,https://i1.wp.com/dinnersdishesanddesserts.com/wp-content/uploads/2015/05/Paquillo-Pepper-and-Goat-Cheese-Crostini-2.jpg?ssl=1
000167.jpg,https://i7.pngguru.com/preview/547/809/213/habanero-piquillo-pepper-jalapeno-serrano-pepper-tabasco-pepper-red-capsicum.jpg
000168.jpg,https://cdn.apartmenttherapy.info/image/fetch/f_jpg,q_auto:eco,c_fill,g_auto,w_1500,ar_16:9/https%3A%2F%2Fstorage.googleapis.com%2Fgen-atmedia%2F3%2F2011%2F07%2F2911d20859d041356ce1210d41e65b6240c4c177.jpeg
000169.jpg,https://foxeslovelemons.com/wp-content/uploads/2015/09/Roasted-Lemon-Shrimp-Cocktail-with-Piquillo-Pepper-Dip-3-600x899.jpg
000170.jpg,https://www.spanishpassionfoods.co.uk/wp-content/uploads/2017/12/piquillo-pepper-confit.jpg
000171.jpg,https://imagesvc.meredithcorp.io/v3/mm/image?url=https%3A%2F%2Fcdn-image.myrecipes.com%2Fsites%2Fdefault%2Ffiles%2Fstyles%2Fmedium_2x%2Fpublic%2Fimage%2Frecipes%2Fhl%2Fshrimp-piquillo-peppers-xl.jpg%3Fitok%3DMlmJGq7v&w=450&c=sc&poi=face&q=85
000172.jpg,https://diethood.com/wp-content/uploads/2016/07/Cara-Mia-Piquillo-Peppers.jpg
000173.jpg,https://mpng.pngfly.com/20190630/bv/kisspng-piquillo-pepper-chili-pepper-bell-pepper-cayenne-p-5d1968c4576a56.8274457815619463083581.jpg
000174.jpg,https://digitalcontent.api.tesco.com/v1/media/ghs/snapshotimagehandler_270648787/d86a6b12f3639ece9195fcbdb965a5846aa094447d545b54278db2b94251ee9f/05057008510982/snapshotimagehandler_270648787.jpeg?h=540&w=540
000175.jpg,https://image.shutterstock.com/image-photo/pinchos-filled-pimientos-piquillo-pepper-260nw-594785597.jpg
000176.jpg,https://toriavey.com/images/2010/02/MG_0579-1-555x740.jpg
000177.jpg,https://s3-eu-west-2.amazonaws.com/medditeraneandirect/wp-content/uploads/2017/11/01093450/Doc1-page0001-1.jpg
000178.jpg,https://p7.hiclipart.com/preview/926/302/416/habanero-serrano-pepper-jalapexf1o-birds-eye-chili-piquillo-pepper-green-pepper-pepper.jpg
000179.jpg,https://c7.uihere.com/files/675/790/338/habanero-piquillo-pepper-bird-s-eye-chili-tabasco-pepper-jalapeno-chile-pepper.jpg
000180.jpg,https://cdn10.bigcommerce.com/s-60yzq6/products/3783/images/12440/IMG_4565__31134.1559314704.1280.1280.jpg?c=2
000181.jpg,https://www.ocado.com/productImages/813/81365011_1_640x640.jpg?identifier=df8dc24d588e24cef41ac2dec20dd776
000182.jpg,http://www.missionkitchensf.com/wp-content/uploads/2012/11/IMG_0110-1024x1024.jpg
000183.jpg,http://www.missionkitchensf.com/wp-content/uploads/2012/11/IMG_1486-1024x1024-1024x585.jpg
000184.jpg,http://www.zencancook.com/wp-content/uploads/2009/07/piquillo2.jpg
000185.jpg,http://www.the2fionas.com/assets/images/blog/piquillo-1.jpg
000186.jpg,https://simplespanishfood.typepad.com/.a/6a013487d45991970c014e894547d4970d-pi
000187.jpg,http://evolvingmotherhood.com/wp-content/uploads/2010/05/IMG_9653.jpg
000188.jpg,https://mommyshomecooking.com/wp-content/uploads/2015/03/Green-Rice-and-Taquitos-with-Piquillo-Pepper-Crema-1-700x980.jpg
000189.jpg,https://cf-images.us-east-1.prod.boltdns.net/v1/static/1033249144001/ce17f277-9d25-4112-80e5-1ff9f7ecd55f/f8a0f03b-f0c9-4a49-806b-68a9afd68fe2/1280x720/match/image.jpg
000190.jpg,https://www.sbs.com.au/food/sites/sbs.com.au.food/files/styles/full/public/salt-cod.jpg?itok=6nM82PY7
000191.jpg,https://thefoodieslarder.com/wp-content/uploads/2017/07/roasted-piquillo-pepper-garlic-prawns-760x445.jpg
000192.jpg,https://www.zingermanscommunity.com/wp-content/uploads/2011/12/piquillo-pepper.jpg
000193.jpg,https://delicioso.co.uk/wp-content/uploads/2018/07/Slivced-Piquillo-Peppers-1024x683.jpg
000194.jpg,https://alexandracooks.com/wp-content/uploads/2008/08/roastedredpeppers.jpg
000195.jpg,https://c7.uihere.com/files/446/481/314/habanero-piquillo-pepper-tabasco-pepper-cayenne-pepper-capsicum-paprika.jpg
000196.jpg,https://vegagelconservas.com/801-home_default/whole-piquillo-pepper-in-jar-460ml-count-1624f.jpg
000197.jpg,https://www.superhotchiles.com/wp-content/uploads/2018/09/ChilesChilhuacleRojo7-2018.jpg
000198.jpg,https://ecomercioagrario.com/wp-content/uploads/2015/11/Piquillo-Lodosa-Total-845x321.jpg
000199.jpg,https://www.bellota-bellota.com/792/piquillo-pepper-paste.jpg
000200.jpg,https://blog.qualifirst.com/wp-content/uploads/2018/04/Crispy-Vegan-Bites-with-Piquillo-Pepper-Quinoa-and-Basil-Salsa.jpg
000201.jpg,https://www.aline-made.com/wp-content/uploads/2019/01/How-To-Roast-Red-Peppers-6-500x500.jpg
000202.jpg,https://www.belazu.com/wp-content/uploads/IMG_0117-min-800x533.jpg
000203.jpg,http://www.cooksgazette.com/wp-content/uploads/2019/02/PiquilloPepper1-690x505.jpg?x46705
000204.jpg,http://www.joseandres.com/img/news/cache/news_item/teaser_image/387-309-232f-63009ec504ef30545f7394a57e46b86e
000205.jpg,https://i.pinimg.com/originals/3b/61/6e/3b616e8025f7c15897f751a095fb612c.jpg
000206.jpg,https://media.blueapron.com/recipes/2456/square_newsletter_images/1500659446-8-0012-2411/821_FPV_Veg-Paella_74289_WEB_SQ_hi_res.jpg
000207.jpg,https://pintxos.es/wp-content/uploads/2018/07/Pintxo-bar-xarma-piquillo-parrilla-emulsion-piquillo-donostia-san-sebastian-specialist.jpg
000208.jpg,https://realhousemoms.com/wp-content/uploads/Sausage-Stuffed-Cherry-Peppers-HERO.jpg
000209.jpg,https://sgfm.elcorteingles.es/SGFM/dctm/MEDIA03/201801/25/00113301101542____1__600x600.jpg
000210.jpg,http://impexmedrano.com/images/stories/PIQUILLO/piq250.png
000211.jpg,https://middle.pngfans.com/20190504/hk/chili-paprika-png-piquillo-pepper-birds-eye-chili-a5c2b5a784c86f0c.jpg
000212.jpg,https://p7.hiclipart.com/preview/483/415/698/tabasco-pepper-piquillo-pepper-serrano-pepper-cayenne-pepper-malagueta-pepper-pepper.jpg
000213.jpg,https://iwillnoteatoysters.com/wp-content/uploads/2015/06/Steak_Salad-2.jpg
000214.jpg,https://images.tienda.com/is/image/LaTienda/ol-51?wid=1087&qlt=60
000215.jpg,https://www.hellomagazine.com/imagenes/cuisine/recipes/200908051782/piquillo/pepper/chorizo/0-2-677/2677-b.jpg
000216.jpg,https://elegant-foods-images.s3.amazonaws.com/uploads/product/photo/4763/peppers14.jpg
000217.jpg,https://tastykitchen.com/recipes/wp-content/uploads/sites/2/2011/02/IMG_0442A-410x273.jpg
000218.jpg,https://i2.wp.com/secretseedcartel.com/wp-content/uploads/2018/08/najerano.jpg?fit=851%2C960&ssl=1
000219.jpg,http://images.media-allrecipes.com/userphotos/960x960/5450435.jpg
000220.jpg,https://i0.wp.com/dinnersdishesanddesserts.com/wp-content/uploads/2015/05/Paquillo-Pepper-and-Goat-Cheese-Crostini.jpg?ssl=1
000221.jpg,http://www.simplyscratch.com/wp-content/uploads/2015/05/Grilled-Steak-with-Piquillo-Pepper-Pesto-l-SimplyScratch.com-15.jpg
000222.jpg,https://www.goodfood.com.au/content/dam/images/4/b/p/7/e/image.related.articleLeadwide.380x214.4bomz.png/1457407885013.jpg
000223.jpg,https://media-cdn.tripadvisor.com/media/photo-s/0b/e6/21/39/tuna-stuffed-piquillo.jpg
000224.jpg,https://lukangourmet.com/wp-content/uploads/2018/10/pepechup-familia.jpg
000225.jpg,https://recetasdecocinafaciles.net/wp-content/uploads/2018/04/Piquillos-rellenos-de-bacalao-desmigado.jpg
000226.jpg,https://www.deliciousmagazine.co.uk/wp-content/uploads/2018/09/441545-1-eng-GB_goats-cheese-and-piquillo-pepper-croquettes-768x1153.jpg
000227.jpg,https://idahopotato.com/cache/1a1e16eae6e067790ee5549b3f89335d_w720.jpg
000228.jpg,https://ecomercioagrario.com/wp-content/uploads/2015/11/Piquillo-Lodosa-Total-1030x687.jpg
000229.jpg,http://4.bp.blogspot.com/_1dT_nwxc580/TBhDhFg1HGI/AAAAAAAAAO4/ZKoAmW3ByQ4/s640/Piquillo+Peppers+with+Chorizo+and+Chevre.png
000230.jpg,https://image.shutterstock.com/image-photo/background-piquillo-peppers-lodosa-spain-260nw-541326775.jpg
000231.jpg,http://www.candispro.com/wp-content/uploads/2015/03/P42.jpg
000232.jpg,http://i0.wp.com/www.amyglaze.com/wp-content/uploads/2013/03/DSC_0195.jpg
000233.jpg,https://i1.wp.com/nevernothungry.com/wp-content/uploads/2017/11/Pimento-Cheese-1.jpg?resize=720%2C429&ssl=1
000234.jpg,https://s3.amazonaws.com/finecooking.s3.tauntonclud.com/app/uploads/2017/04/18172530/051102052-03-cauliflower-soup-recipe-main.jpg
000235.jpg,https://res.cloudinary.com/hksqkdlah/image/upload/ar_1:1,c_fill,dpr_2.0,f_auto,fl_lossy.progressive.strip_profile,g_faces:auto,q_auto:low,w_344/2191_sfs-stuffed-pork-tenderloin-015-article
000236.jpg,https://thumbs.dreamstime.com/z/stuffed-piquillo-peppers-spanish-cuisine-pimientos-del-rellenos-de-bacalao-red-cod-cream-sauce-44367515.jpg
000237.jpg,http://www.traderjoesreviews.com/wp-content/uploads/2015/12/piquillo-pepper-quinoa-spread.jpg
000238.jpg,http://simpleveganblog.com/wp-content/uploads/2015/02/Simple-vegan-Piquillo-pepper-pasta-gluten-free.jpg
000239.jpg,https://i-love-png.com/images/jalapec3b1o_red.png
000240.jpg,http://www.foodfiesta.ie/uploads/1/2/8/7/12873918/5739086_orig.jpg
000241.jpg,https://www.watergatebay.co.uk/media/1236/butternut-squash-piquillo-pepper-feta-rocket-and-pomegranate-salad.jpg?anchor=center&mode=crop&width=1440&height=960&format=jpg&rnd=131914397900000000
000242.jpg,https://files.meilleurduchef.com/mdc/photo/recipe/brioche-french-toast-raspberry/brioche-french-toast-raspberry-1200.jpg
000243.jpg,https://lindysez.com/wp-content/uploads/2013/02/Crab-Cake-1-575x262.jpg
000244.jpg,https://mpng.pngfly.com/20180629/lge/kisspng-bird-s-eye-chili-piquillo-pepper-serrano-pepper-ja-5b36af5e69a855.6667343915303104944328.jpg
000245.jpg,https://t4.ftcdn.net/jpg/01/39/66/75/240_F_139667581_ssmTZaDUPMzHQfO2AzJClSVI02DEf8TN.jpg
000246.jpg,https://i0.wp.com/spryliving.com/wp-content/uploads/2013/03/portobello-mushroom-wraps-buffalo-mozzarella-piquillo-peppers-spry.jpg?resize=670%2C405&ssl=1
000247.jpg,https://previews.123rf.com/images/ivusakzkrabice/ivusakzkrabice1812/ivusakzkrabice181200058/113373178-pepper-capsicum-annuum-jalapeno-chilli-hot-peppers-group-of-green-and-red-fruits-on-wooden-table-in-.jpg
000248.jpg,https://www.mealgarden.com/media/cache/99/c7/99c7fd636a7d9f882f9e71b860bf29f0.jpg
000249.jpg,http://www.edelices.co.uk/media/catalog/product/cache/6/thumbnail/9df78eab33525d08d6e5fb8d27136e95/p/i/piment-espagne-piquillo-zoom.jpg
000250.jpg,http://clipart-library.com/images_k/pepper-transparent/pepper-transparent-13.jpg
000251.jpg,https://cdn.shopify.com/s/files/1/0187/3780/products/Pan-Seared_Piquillo_Pepper_stuffed_with_Goat_Cheese_-_Donostia_Foods_2048x.JPG?v=1569253457
000252.jpg,https://i7.pngguru.com/preview/536/702/431/hotan-piquillo-pepper-jujube-walnut-dried-fruit-plate-gourmet-dates-walnuts.jpg
000253.jpg,http://www.cooksgazette.com/wp-content/uploads/2019/02/PequilloPepper2-690x505.jpg?x46705
000254.jpg,https://www.nomadistribution.com.au/images/stories/virtuemart/product/17.jpg
000255.jpg,https://espanafascinante.com/wp-content/uploads/imagen_blog_gastronomia_pimientos-del-piquillo_1.jpg
000256.jpg,https://www.peclavender.com/wp-content/uploads/2014/09/Piquillo-Peppers1.jpg
000257.jpg,https://www.viru.com.pe/wp-content/uploads/2019/08/viru-product-conservas-pimiento-piquillo.jpg
000258.jpg,https://diethood.com/wp-content/uploads/2016/07/Piquillo-Peppers.jpg
000259.jpg,https://img.bestrecipes.com.au/9XGmqXYx/br/2017/03/piquillo-pepper-quiche-with-wholemeal-olive-oil-crust-recipe-520714-1.jpeg
000260.jpg,https://get.wallhere.com/photo/natural-foods-vegetable-local-food-peperoncini-chili-pepper-malagueta-pepper-piquillo-pepper-paprika-bell-peppers-and-chili-peppers-pimiento-produce-bell-pepper-tabasco-pepper-red-bell-pepper-peppers-nightshade-family-cayenne-pepper-italian-sweet-pepper-food-ingredient-spice-bird's-eye-chili-capsicum-potato-and-tomato-genus-serrano-pepper-habanero-chili-jalapeno-924287.jpg
000261.jpg,https://pbs.twimg.com/media/CiXtWBXWEAEY40f.jpg
000262.jpg,https://www.laespanolameats.com/2258-home_default/piquillo-pepper-in-strips-780grs-bajamar.jpg
000263.jpg,https://cdn.imgbin.com/9/10/4/imgbin-bird-s-eye-chili-piquillo-pepper-chile-de-rbol-recipe-tabasco-pepper-others-gYnPq8JUw3GDJcZ5ehUMRJg2L.jpg
000264.jpg,http://www.jamonshop.es/image/cache/data/products/gourmet/conservas-serrano/serrano-pq00-pimiento-piquillo-2-600x600.jpg
000265.jpg,http://www.zencancook.com/wp-content/uploads/2010/07/Pizza-with-Chorizo-Piquillo-Pepper-Sweet-Onions-Aged-Manchego-2.jpg
000266.jpg,https://lepetiteats.com/wp-content/uploads/2018/07/IMG_0355.jpg
000267.jpg,http://www.dlizia.com/wp-content/uploads/2017/08/Piquillo-pepper-Whole-1-244x325.jpg
000268.jpg,https://www.spainatm.com/wp-content/uploads/2014/05/pimientos-rellenos.jpg
000269.jpg,https://flockler.com/thumbs/sites/192/tortilla_s0x768_q60_noupscale.jpg
000270.jpg,https://ca-times.brightspotcdn.com/dims4/default/f1213be/2147483647/strip/true/crop/300x425+0+0/resize/840x1190!/quality/90/?url=https%3A%2F%2Fca-times.brightspotcdn.com%2Fe3%2Fc2%2F3496cf36cc4e4293101a6e9245cf%2Flat-dipping-j0m464nc20090810101304
000271.jpg,http://www.gerialsa.com/modules/smartblog/images/101-single-default.jpg
000272.jpg,https://c8.alamy.com/comp/D09YRE/stuffed-piquillo-peppers-with-wild-rice-and-prawns-recipe-available-D09YRE.jpg
000273.jpg,https://i5.walmartimages.com/asr/e8d45f92-ed1e-4b6a-bcb8-f68fa6287354_1.44791194147e6453acd3ca4025bc3eb1.jpeg?odnHeight=450&odnWidth=450&odnBg=FFFFFF
000274.jpg,https://www.theanthonykitchen.com/wp-content/uploads/2017/10/4d8ffe_eb5c90fd42804949bc3273455c9e678a-mv2_d_3024_4032_s_4_2-4.jpg
000275.jpg,http://i1.wp.com/cali-zona.com/wp-content/uploads/2017/06/3U9A0479-1.jpg
000276.jpg,https://imagesvc.meredithcorp.io/v3/mm/image?url=https%3A%2F%2Fcdn-image.myrecipes.com%2Fsites%2Fdefault%2Ffiles%2Fstyles%2Fmedium_2x%2Fpublic%2Fimage%2Frecipes%2Fcl%2F12%2F12%2Fcrispy-chicken-piquillo-pepper-sauce-cl-x.jpg%3Fitok%3Dx-MT--IH&w=450&c=sc&poi=face&q=85
000277.jpg,http://www.junedarville.com/wp-content/uploads/2016/08/Bestand-29-08-16-22-50-56.jpg
000278.jpg,https://i.ytimg.com/vi/emwJ0l7jWi4/hqdefault.jpg
000279.jpg,https://img.favpng.com/5/13/18/chicken-katsu-bell-pepper-chili-pepper-piquillo-pepper-png-favpng-nk26ftvYGhG5n6NH6aK1R6KGX_t.jpg
000280.jpg,https://www.bascofinefoods.com/spanish-recipes-wpfiles/wp-content/uploads/2017/08/presa_iberica_burger_with_piquillo_peppers_and_manchego_cheese-1-e1505548064263.jpg
000281.jpg,https://worldcuisine.guru/wp-content/uploads//2019/10/Cod-stuffed-pepper-recipe-500x500.jpg
000282.jpg,https://i.redd.it/mit9t5rcedhz.png
000283.jpg,https://snackinginthekitchen.files.wordpress.com/2011/07/img_2552.jpg
000284.jpg,https://www.irishtimes.com/polopoly_fs/1.2773182.1473157988!/image/image.jpg_gen/derivatives/landscape_620/image.jpg
000285.jpg,https://static.wixstatic.com/media/246386_4806b6a3fd2d4ffda8e9c76347c20513~mv2.jpg/v1/fit/w_800,h_400,al_c,q_80/file.png
000286.jpg,https://irepo.primecp.com/2016/03/259261/recipe-7327_Large400_ID-1455333.jpg?v=1455333
000287.jpg,https://www.edamam.com/web-img/d55/d550bf3651bcbf3d0d4ee7ee53ed3b0f.jpg
000288.jpg,http://chefideas.es/wp-content/uploads/2019/04/pimientos.jpg
000289.jpg,https://2.bp.blogspot.com/-8jIhs9uvKTY/W8u3oq7inpI/AAAAAAAAw_4/Or6IfksXIiI-OgqM_wRR4OfQQYQETjkAwCLcBGAs/s1600/Barcelona%2BDay%2B4%2B102.JPG
000290.jpg,https://poboylivinrich.files.wordpress.com/2012/11/piquillo-pepper-and-chickpea-soup-2.jpg
000291.jpg,https://www.spain-recipes.com/images/pimientos-piquillo-rellenos.jpg
000292.jpg,http://veggies.co.uk/wp-content/uploads/2014/03/mands_piq_prod.jpg
000293.jpg,https://library.kissclipart.com/20180830/ylq/kissclipart-pepper-png-clipart-piquillo-pepper-bird-s-eye-chil-e194cc58b5ea5121.jpg
000294.jpg,https://www.southernexposure.com/images/large/pepper-sweet-napoleon_LRG.jpg
000295.jpg,http://tapastogo.com.es/wp-content/uploads/2014/07/tapa02-pimientos-845x420.jpg
000296.jpg,https://vegagelconservas.com/799-home_default/strips-piquillo-pepper-in-jar-314ml.jpg
000297.jpg,http://cdn.shopify.com/s/files/1/0111/1729/7722/articles/timthumb_6ddaf9c9-b516-426c-b9ac-d2190a43a6f8.jpg?v=1531316463
000298.jpg,http://numnums.com/guestimages/medium/190-2014-08-12-12-05-08-44-crab-cakes-hands-on-gourmet-7565.jpg
000299.jpg,https://rgarciaandsons.com/wp-content/uploads/2012/12/el-Navarrico-Pimientos-Del-Piquillo-De-Lodosa-En-Tiras-Extra-220g-450x355.jpg
000300.jpg,https://upload.wikimedia.org/wikipedia/commons/6/68/Facing_heaven_chillies.jpg
000301.jpg,https://www.robertsandspeight.co.uk/images/shop/more/200x200_391_099ea9b74d3d34a71a768fba17e11a95_1562597830Untitled.jpg
000302.jpg,https://c7.uihere.com/files/163/289/210/habanero-piquillo-pepper-tabasco-pepper-bell-pepper-cayenne-pepper-colombian-folklore.jpg
000303.jpg,https://media.blueapron.com/recipes/2870/square_newsletter_images/1520289239-1-0014-9123/0409_2PP_Sheet-Pan-Chicken_2726_WEB_SQ_hi_res.jpg
000304.jpg,https://thefoodieslarder.com/wp-content/uploads/2017/07/pasta-salad-400x400.jpg
000305.jpg,https://www.tastymediterraneo.com/wp-content/uploads/2015/08/tasty-mediterraneo-toast-egg-potatos-piquillos.jpg
000306.jpg,http://mattikaarts.com/blog/wp-content/uploads/2007/06/crw_9793_small.jpg
000307.jpg,https://716f24d81edeb11608aa-99aa5ccfecf745e7cf976b37d172ce54.ssl.cf1.rackcdn.com/butternut-squash--piquillo-pepper-2188524l1.jpg
000308.jpg,https://jamiegeller.com/.image/t_share/MTY1NTI0ODk0MDYyMDI3ODAz/warm-piquillo-peppers-with-goat-cheese-california-raisins-and-moscatel-vinaigrette.jpg
000309.jpg,https://www.rnz.co.nz/assets/news_crops/77460/eight_col_ghost_peppers.jpg?1553849301
000310.jpg,https://cdn.mos.cms.futurecdn.net/Jjx3BCDwPnUoEDskaUyaqS-320-80.jpg
000311.jpg,https://i2.wp.com/dinnersdishesanddesserts.com/wp-content/uploads/2015/05/Paquillo-Pepper-and-Goat-Cheese-Crostini-3.jpg?fit=800%2C533&ssl=1
000312.jpg,http://impexmedrano.com/images/stories/PIQUILLO/piq_ent_314.png
000313.jpg,https://afar-production.imgix.net/uploads/images/post_images/images/Es5t9KoPJ2/original_open-uri20131012-7057-alzu06?1383829764?ixlib=rails-0.3.0&auto=format%2Ccompress&crop=entropy&fit=crop&h=719&q=80&w=954
000314.jpg,https://www.fedcoseeds.com/seeds/seeds_images/3764.jpg
000315.jpg,https://image.shutterstock.com/image-photo/pinchos-filled-pimientos-piquillo-pepper-260nw-608270789.jpg
000316.jpg,https://www.foodswinesfromspain.com/spanishfoodwine/wcm/idc/groups/public/documents/imagen/mde3/nzm2/~edisp/img2017736474.jpg
000317.jpg,https://p7.clipartsky.com/preview/704/703/676/habanero-piquillo-pepper-bell-pepper-tabasco-pepper-cayenne-pepper-sweet-pepper-thumbnail.jpg
000318.jpg,https://s.yimg.com/aah/amigofoods/viter-pimientos-del-piquillo-extra-7oz-13.gif
000319.jpg,http://recipes.pfgc.com/recimages/Chipotle_Goat_Cheese_A.jpg
000320.jpg,https://images.food52.com/bh4Rz5vWHrES4O-bz1HswiFPLVU=/1200x900/d1d6e23b-355a-4b2c-a81e-40743865eebd--roasted-red-peppers-1.jpg
000321.jpg,https://media.gettyimages.com/photos/piquillo-red-peppers-stuffed-with-fromage-frais-picture-id1012491940?s=612x612
000322.jpg,https://cdn.shopify.com/s/files/1/0871/0950/products/Piquillopktpic_grande.jpg?v=1548800726
000323.jpg,http://ecx.images-amazon.com/images/I/51UEE6f6PkL.jpg
000324.jpg,https://ichef.bbci.co.uk/food/ic/food_16x9_832/recipes/piedmontese_peppers_40938_16x9.jpg
000325.jpg,https://cdn.shopify.com/s/files/1/0084/4179/0528/products/Copy_of_Piquillo-Pepper_-Cabbage-_-Lentils-_-package---resized--label_1024x1024@2x.jpeg?v=1556297416
000326.jpg,https://www.seedsavers.org/site/img/seo-images/0162-apple-pepper-organic.jpg
000327.jpg,https://previews.123rf.com/images/tonobalaguer/tonobalaguer1703/tonobalaguer170300659/73357041-pinchos-burgos-morcilla-with-padron-pepper-tapas-pintxos-from-spain-food.jpg
000328.jpg,https://i0.wp.com/www.natachasanzcaballero.com/wp-content/uploads/2017/02/DSC_0913-2web.jpg?w=425&h=642
000329.jpg,https://thecroquetterie.com/wp-content/uploads/2017/04/Garlic-Piquillo-Peppers-450x399.png
000330.jpg,http://danceofsaucepans.com/wp-content/uploads/2014/03/Spanish-Burger-with-Piquillo-peppers-and-Manchego.jpg
000331.jpg,https://www.aline-made.com/wp-content/uploads/2019/01/How-To-Roast-Red-Peppers-6-683x1024.jpg
000332.jpg,https://www.panamseed.com/dispthumb.aspx?imgsize=Display&imageid=159487
000333.jpg,https://ferpineiro.files.wordpress.com/2012/02/picture-8.jpg
000334.jpg,https://cdn.imgbin.com/10/11/16/imgbin-bird-s-eye-chili-piquillo-pepper-chile-de-rbol-serrano-pepper-tabasco-pepper-others-de9SrwcNrXShvG2HnMLGCnpF7.jpg
000335.jpg,http://www.simplyscratch.com/wp-content/uploads/2015/04/Grilled-Steak-with-Piquillo-Pepper-Pesto-l-SimplyScratch.com-2.jpg
000336.jpg,https://foodmatch.com/assets/product_images/D0110-3-1.jpg
000337.jpg,https://www.rachaelrayshow.com/sites/default/files/styles/768x768/public/images/2017-12/1749985694001_5686521067001_5686428989001-vs.jpg?itok=J0chVU5O
000338.jpg,https://i5.walmartimages.com/asr/cb595770-de1e-460c-80ce-14f67ef37544_1.2f0dc10d3cf7c7a67142f2edb36925d5.jpeg?odnHeight=450&odnWidth=450&odnBg=FFFFFF
000339.jpg,https://www.laespanolameats.com/2547-home_default/bajamar-whole-red-piquillo-peppers-13oz.jpg
000340.jpg,https://c8.alamy.com/comp/KN907W/pinchos-filled-pimientos-piquillo-pepper-tapas-pintxos-from-spain-KN907W.jpg
000341.jpg,http://simpleveganblog.com/wp-content/uploads/2015/02/Simple-vegan-Piquillo-pepper-pasta-gluten-free-5.jpg
000342.jpg,http://2.bp.blogspot.com/--2gqU3f9Ug4/Usnh-mNIgTI/AAAAAAAAElo/MCXCPnrPXO4/s1600/DSCF3813.JPG
000343.jpg,https://mpng.pngfly.com/20180925/pgv/kisspng-birds-eye-chili-piquillo-pepper-chile-de-rbol-s-get-inspired-elliotts-living-spaces-5baa7e3532eaf3.8521815815379000852086.jpg
000344.jpg,https://i-love-png.com/images/red-paprika-rotating_h_q4i7zx__f0009.png
000345.jpg,https://s3.amazonaws.com/finecooking.s3.tauntonclud.com/app/uploads/5447/05/24171443/051102100-01-piquillo-peppers_xlg.jpg
000346.jpg,http://www.carolinejbeck.com/wp-content/uploads/2019/08/untitled-48_bb91c78c0d084c9289310ad2d94e2893-1.jpg
000347.jpg,https://www.rareseeds.com/assets/1/14/DimRegular/pepper-bhut-jolokia--4472.jpg
000348.jpg,http://lh5.ggpht.com/ABrueMWDMJZV85P-n6RWgVHhWcmJvy1aCOGK1mASIuLhkxLinlPnAUjAcGbBL1BsyUy02J6H17-JI2pwq6zLmYzALA=s800
000349.jpg,https://img.favpng.com/8/10/20/serrano-pepper-piquillo-pepper-cayenne-pepper-friggitello-bell-pepper-png-favpng-cj0tBTAuMp8Y99n0HLFE6HGG7_t.jpg
000350.jpg,https://cdn-image.foodandwine.com/sites/default/files/styles/medium_2x/public/200909-xl-piquillo-pepper-num-pangs.jpg?itok=cHzbcijW
000351.jpg,https://www.johnnyseeds.com/dw/image/v2/BBBW_PRD/on/demandware.static/-/Sites-jss-master/default/dwe0191610/images/products/vegetables/03572_01_roulette.jpg?sw=280&cx=488&cy=0&cw=1196&ch=1196
000352.jpg,https://i2.wp.com/gratefulgrazer.com/wp-content/uploads/2017/08/stuffed-peppers-feat-image-final.png?fit=680%2C900&ssl=1
000353.jpg,https://www.savoryexperiments.com/wp-content/uploads/2017/06/Sausage-Stuffed-Cherry-Peppers-FB.jpg
000354.jpg,https://www.friedas.com/wp-content/uploads/2019/05/Friedas-Ghost-Peppers.jpg
000355.jpg,https://www.knkx.org/sites/kplu/files/styles/medium/public/201409/093014TB_Invasive-1.jpeg
000356.jpg,https://img.etimg.com/thumb/msid-63697299,width-640,resizemode-4,imgsize-184266/feeling-the-chillis.jpg
000357.jpg,https://cdn.shopify.com/s/files/1/0187/3780/products/Cantabrian_anchovies_with_piquillo_peppers_on_garlic_toast_-_small_2304cb25-fbfa-4050-a327-b7c9880f4c53_300x.jpg?v=1569253457
000358.jpg,http://www.celorrio.com/sites/default/files/13014c_0.jpg
000359.jpg,https://www.chilipeppermadness.com/wp-content/uploads/2017/06/Komodo-Dragon-Peppers.jpg
000360.jpg,https://c7.uihere.com/files/262/782/335/birds-eye-chili-serrano-pepper-chile-de-xe1rbol-piquillo-pepper-cayenne-pepper-red-pepper-material-thumb.jpg
000361.jpg,https://1.bp.blogspot.com/-f2RHE2ouE40/XE4KtZVzs5I/AAAAAAAAyNY/9pW9kDtlRqoDP4Ffu3Op-CiUk3gds9cxACLcBGAs/s1600/Warm%2BStuffed%2BPiquillo%2BPepper%2BBruschetta%2B%25286%2529.JPG
000362.jpg,https://photos.bigoven.com/recipe/hero/roasted-chorizo-with-smoked-piquill.jpg?h=500&w=500
000363.jpg,https://s3-media2.fl.yelpcdn.com/bphoto/hmXB6Jt8XcKf3QAXWNOorA/o.jpg
000364.jpg,https://beyondmeresustenance.com/wp-content/uploads/2016/12/stuffed-piquillo-peppers-4.jpg
000365.jpg,https://media.gettyimages.com/photos/piquillo-peppers-with-smoked-salmon-picture-id126028298?s=612x612
000366.jpg,https://www.superhotchiles.com/wp-content/uploads/2018/04/Trinidad-7-Pot-CARDI-Strain-Hot-Pepper-seeds-300x225.jpg
000367.jpg,https://p7.hiclipart.com/preview/351/706/378/piquillo-pepper-bell-pepper-chili-pepper-vegetable-cayenne-pepper-savoy-cabbage.jpg
000368.jpg,http://www.zencancook.com/wp-content/uploads/2010/07/Pizza-with-Chorizo-Piquillo-Pepper-Sweet-Onions-Aged-Manchego-1.jpg
000369.jpg,http://nbclatino.files.wordpress.com/2013/01/piquillo-pepper.jpg
000370.jpg,https://diethood.com/wp-content/uploads/2016/07/tomato-soup-pin-e1469981679804.jpg
000371.jpg,https://www.ocado.com/productImages/675/67567011_0_640x640.jpg?identifier=b6168fc50d5dcc50245857e530d2c415
000372.jpg,https://media-cdn.tripadvisor.com/media/photo-s/06/da/09/3e/squid-with-linguini-and.jpg
000373.jpg,https://image.shutterstock.com/image-photo/pinchos-filled-pimientos-piquillo-pepper-260nw-600998969.jpg
000374.jpg,http://www.junedarville.com/wp-content/uploads/2014/11/Bacalao-a-la-Vizcaina9-200x300.jpg
000375.jpg,https://library.kissclipart.com/20190525/bkq/kissclipart-habanero-piquillo-pepper-tabasco-pepper-bell-peppe-054d5e99c88bb76b.png
000376.jpg,https://cdn.shopify.com/s/files/1/0025/8002/1309/articles/9._Tapas_party_Morcilla-stuffed_with-piquillo_3585_1.jpg?v=1537338945
000377.jpg,https://upload.wikimedia.org/wikipedia/commons/thumb/0/03/Carolina_Reaper_pepper_pods.jpg/1200px-Carolina_Reaper_pepper_pods.jpg
000378.jpg,https://cdn.imgbin.com/1/0/19/imgbin-habanero-chile-de-rbol-bird-s-eye-chili-serrano-pepper-piquillo-pepper-others-9HkTKrgQF8D0D9QVWs46Zwdv2.jpg
000379.jpg,http://2.bp.blogspot.com/__KIQtLwViM4/S0j-_3Cc4MI/AAAAAAAAB-c/W_cvEuMmzuU/s400/olives+tapas.jpg
000380.jpg,https://img.favpng.com/23/20/13/bell-pepper-plum-tomato-piquillo-pepper-vegetable-png-favpng-7haJsiFReGaUT55bNXKhHHtMZ_t.jpg
000381.jpg,https://c8.alamy.com/comp/XC5PCA/del-piquillo-peppers-stuffed-with-quinoapeas-and-pine-nutsparsley-cream-sauce-XC5PCA.jpg
000382.jpg,https://media.blueapron.com/recipes/2188/square_newsletter_images/1489527325-4-0003-6656/320-FPF-Crispy-Cod-Sandwiches-31034_WEB_SQ_hi_res.jpg
000383.jpg,https://cdn.apartmenttherapy.info/image/fetch/f_jpg,q_auto:eco,c_fill,g_auto,w_1500,ar_1:1/https%3A%2F%2Fstorage.googleapis.com%2Fgen-atmedia%2F3%2F2010%2F10%2Fc8d7a21cf3ec734cb99f9e36566baca021daa48f.jpeg
000384.jpg,http://www.simplyscratch.com/wp-content/uploads/2015/05/Grilled-Steak-with-Piquillo-Pepper-Pesto-l-SimplyScratch.com-6.jpg
000385.jpg,https://i.pinimg.com/originals/5d/d0/8c/5dd08c732c8ccf2ad3aa5a4c21804f4c.jpg
000386.jpg,https://www.rareseeds.com/assets/1/14/DimRegular/Pepper-Chocolate-Habanero-Hpp136-DSC00397_11.jpg
000387.jpg,https://mpng.pngfly.com/20190220/pip/kisspng-piquillo-pepper-habanero-yellow-pepper-tabasco-pep-peppers-png-search-png-5c6d68d02d7197.3575122215506741281861.jpg
000388.jpg,http://www.natachasanzcaballero.com/wp-content/uploads/2017/02/DSC_0946webFEATURE.jpg
000389.jpg,https://www.chilipeppermadness.com/wp-content/uploads/2019/06/Dorset-Naga-Pepper.jpg
000390.jpg,https://cdn.shopify.com/s/files/1/0187/3780/products/Pintxo_pronto_-_Bonito_del_Norte_tuna_piquillo_pepper_aioli_manzanilla_olive_2048x.jpg?v=1569253457
000391.jpg,https://diethood.com/wp-content/uploads/2016/07/Piquillo-Pepper-Soup.jpg
000392.jpg,https://c7.uihere.com/files/356/408/1021/bird-s-eye-chili-piquillo-pepper-serrano-pepper-tabasco-pepper-cayenne-pepper-chili-spice.jpg
000393.jpg,https://media-cdn.tripadvisor.com/media/photo-s/06/02/39/8d/porcini-crusted-escolar.jpg
000394.jpg,https://icon2.kisspng.com/20180224/fbq/kisspng-hotan-piquillo-pepper-ginger-tea-jujube-congee-dates-5a918f7e285886.9870961515194888941653.jpg
000395.jpg,https://imagesvc.meredithcorp.io/v3/mm/image?url=https%3A%2F%2Fcdn-image.foodandwine.com%2Fsites%2Fdefault%2Ffiles%2Fstyles%2Fmedium_2x%2Fpublic%2F200311-r-xl-beef-sirloin-with-piquillo-peppers-and-capers.jpg%3Fitok%3Dh_wXGzN9&w=450&c=sc&poi=face&q=85
000396.jpg,https://image.shutterstock.com/image-photo/detail-spanish-piquillo-pepper-260nw-1496832767.jpg
000397.jpg,https://www.cucinaandamore.com/pub/media/magefan_blog/2016/09/screen-shot-2016-09-30-at-9-07-32-am.png
000398.jpg,https://thumbs.dreamstime.com/z/red-pepper-tapas-spain-27583136.jpg
000399.jpg,https://p7.hiclipart.com/preview/284/698/521/habanero-piquillo-pepper-tabasco-pepper-cayenne-pepper-yellow-pepper-vegetable.jpg
000400.jpg,https://i.pinimg.com/originals/60/7b/00/607b0016c2d097a134b05cf59b6b48a3.jpg
000401.jpg,https://3.bp.blogspot.com/-m7xvoFr6BXY/XE4KYCLt4LI/AAAAAAAAyNU/C71WUZ-TR8sygCuhiEG4yDGldNZt-Z6lwCEwYBhgL/s1600/Warm%2BStuffed%2BPiquillo%2BPepper%2BBruschetta%2B%25288%2529.JPG
000402.jpg,https://c8.alamy.com/comp/D06HWD/stuffed-piquillo-peppers-with-wild-rice-and-prawns-recipe-available-D06HWD.jpg
000403.jpg,https://mpng.pngfly.com/20190620/sht/kisspng-piquillo-pepper-habanero-serrano-pepper-birds-eye-5d0c4b9b05e3f2.7603283915610868750241.jpg
000404.jpg,https://i-love-png.com/images/pepper_png3235.png
000405.jpg,https://cdn.imgbin.com/14/11/4/imgbin-habanero-chile-de-rbol-piquillo-pepper-serrano-pepper-jalape-o-pimenton-paprika-Arq5sBN4Tq3Pf6VYNuDsRTy7H.jpg
000406.jpg,http://www.simplyscratch.com/wp-content/uploads/2015/04/Grilled-Steak-with-Piquillo-Pepper-Pesto-l-SimplyScratch.com-3.jpg
000407.jpg,https://images.tienda.com/is/image/LaTienda/pq-11?wid=840&op_sharpen=1
000408.jpg,http://4.bp.blogspot.com/_Iliv2lrdSOo/SwhWbP2hinI/AAAAAAAAAEY/nkoQvPLOVWo/s1600/image0001.jpg
000409.jpg,https://imagesvc.meredithcorp.io/v3/mm/image?url=https%3A%2F%2Fcdn-image.foodandwine.com%2Fsites%2Fdefault%2Ffiles%2Fstyles%2Fmedium_2x%2Fpublic%2F1459261213%2Fmarinated-piquillo-peppers-and-whipped-eggplant-toasts-XL-RECIPE0516.jpg%3Fitok%3DQQjbw5K_&w=450&c=sc&poi=face&q=85
000410.jpg,https://media-cdn.tripadvisor.com/media/photo-s/0d/ed/fb/6d/salt-cod-croquetas-piquillo.jpg
000411.jpg,http://www.junedarville.com/wp-content/uploads/2015/12/2015-12-25-09.42.26.jpg
000412.jpg,https://i-love-png.com/images/pepper.png
000413.jpg,https://img.favpng.com/2/23/4/piquillo-pepper-cayenne-pepper-chili-powder-flavor-recipe-png-favpng-9M327EBAe9f649eBXZqcZK8dP_t.jpg
000414.jpg,https://www.chilipeppermadness.com/wp-content/uploads/2015/10/7-Pot-Barrackapore2.jpg
000415.jpg,https://image.shutterstock.com/image-photo/looking-red-peppers-cook-piquillo-260nw-1387497779.jpg
000416.jpg,https://i.pinimg.com/originals/3a/65/e1/3a65e1e777dfde35569035e24fb9577d.jpg
000417.jpg,http://1.bp.blogspot.com/_FL66goStEQU/TLXsA02tCCI/AAAAAAAAEro/EosDepsCJug/s640/PiquilloNumPangs_500cut.jpg
000418.jpg,https://media-cdn.tripadvisor.com/media/photo-s/07/d1/61/97/barrafina.jpg
000419.jpg,https://www.cucinaandamore.com/pub/media/magefan_blog/2016/09/img_2194.jpg
000420.jpg,https://cdn.imgbin.com/3/8/8/imgbin-piquillo-pepper-pickled-egg-fresh-del-monte-produce-del-monte-foods-beetroot-vegetable-4JdiQuWkyVUMyjmgpn4Kp1Y82.jpg
000421.jpg,https://mpng.pngfly.com/20180513/egq/kisspng-habanero-piquillo-pepper-serrano-pepper-capsicum-a-5af84589793879.7287239115262201694965.jpg
000422.jpg,https://image.shutterstock.com/image-photo/stuffed-red-piquillo-peppers-spanish-260nw-396128707.jpg
000423.jpg,https://c8.alamy.com/comp/A70FTR/whole-piquillo-pepper-A70FTR.jpg
000424.jpg,https://i-love-png.com/images/reb-bell-pepper-png-2.png
000425.jpg,https://img.favpng.com/24/2/7/birds-eye-chili-serrano-pepper-piquillo-pepper-cayenne-pepper-habanero-png-favpng-djEyBsJ2GJ1bcP9ayasjhF3Yy_t.jpg
000426.jpg,https://images.tienda.com/is/image/LaTienda/pq-12?wid=840&op_sharpen=1
000427.jpg,https://i.pinimg.com/originals/4d/84/98/4d84985401783f42ab99ebcd576fbaeb.jpg
000428.jpg,https://1.bp.blogspot.com/-6STZucuZz90/WzP6tqAsseI/AAAAAAAAH9c/2h_zQouNFisEzhgT5nRVFD_hyTbpQSUYgCEwYBhgL/s1600/eggplant%2Broll-ups%25281%2529.jpg
000429.jpg,https://c8.alamy.com/comp/C8E3PD/ossau-iraty-and-del-piquillo-pepper-pays-basque-open-sandwich-C8E3PD.jpg
000430.jpg,https://media-cdn.tripadvisor.com/media/photo-s/0b/12/16/9c/crispy-blood-sausage.jpg
000431.jpg,https://mpng.pngfly.com/20190630/bio/kisspng-piquillo-pepper-bell-pepper-aldi-chili-pepper-pepp-5d19846b8fa2f9.0191676415619533875883.jpg
000432.jpg,https://i-love-png.com/images/hotthree.png
000433.jpg,https://cdn.shopify.com/s/files/1/0187/3780/products/Donostia_Foods_bonito_tuna_piquillo_pepper_manzanilla_olive_and_aioli_2_-_Instagram_2048x.jpg?v=1547827043
000434.jpg,https://i.pinimg.com/736x/ea/65/40/ea6540d28f1df4f0a203a6e3107a3df0.jpg
000435.jpg,https://mpng.pngfly.com/20180919/zzb/kisspng-piquillo-pepper-birds-eye-chili-serrano-pepper-be-5ba2a17a09c9e9.3664012215373848260401.jpg
000436.jpg,https://media-cdn.tripadvisor.com/media/photo-s/08/b9/5e/78/white-mountain-cider.jpg
000437.jpg,https://cdn-image.foodandwine.com/sites/default/files/styles/medium_2x/public/201109-xl-grilled-sardines-with-piquillo-pepper-sauce.jpg?itok=u5CXFa6h
000438.jpg,http://2.bp.blogspot.com/_199EeBv3IgM/TFM_vKDABjI/AAAAAAAAAHU/1Voe6uQuczk/s320/DSCN1868.JPG
000439.jpg,http://www.simplyscratch.com/wp-content/uploads/2015/05/Grilled-Steak-with-Piquillo-Pepper-Pesto-l-SimplyScratch.com-7.jpg
000440.jpg,https://media-cdn.tripadvisor.com/media/photo-s/06/5e/e8/51/crossings.jpg
000441.jpg,https://media-cdn.tripadvisor.com/media/photo-s/06/cf/f1/9e/paella-with-braised-duck.jpg
000442.jpg,https://i.pinimg.com/originals/49/90/7f/49907f9d312c205686639f0f8fcaba10.jpg
000443.jpg,https://media-cdn.tripadvisor.com/media/photo-s/06/28/61/56/la-taberna-giralda.jpg
000444.jpg,http://www.simplyscratch.com/wp-content/uploads/2015/05/Grilled-Steak-with-Piquillo-Pepper-Pesto-l-SimplyScratch.com-22.jpg
000445.jpg,http://www.spicegarden.eu/WebRoot/StoreLES/Shops/62431129/4E2E/DC06/DB1E/3D7A/41F1/C0A8/28B8/0C70/Piquillo.jpg
000446.jpg,https://www.pepperscale.com/wp-content/uploads/2016/04/Piquillo-Peppers.jpg
000447.jpg,http://www.halfbakedharvest.com/wp-content/uploads/2015/03/Cheesy-Avocado-Crab-Stuffed-Piquillo-Pepper-Ciabatta-Pizzette%E2%80%99s-with-Sriracha-Aioli-2.jpg
000448.jpg,https://blog.williams-sonoma.com/wp-content/uploads/2014/01/WS_VOD_Piquila_8405.jpg
000449.jpg,http://saltandwind.com/media/_versions/recipes/stuffed-piquillo-peppers-recipe_h_big.jpg
000450.jpg,https://www.homemadeitaliancooking.com/wp-content/uploads/2018/06/baked_peppers.jpg
000451.jpg,http://i2.wp.com/cali-zona.com/wp-content/uploads/2014/09/Piquillo-Pepper-and-Manchego-Pesto.jpg
000452.jpg,https://www.delallo.com/shop/media/catalog/product/cache/1/image/9df78eab33525d08d6e5fb8d27136e95/7/0/70080.jpg
000453.jpg,https://cdn.shopify.com/s/files/1/0111/1729/7722/products/whole-piquillo-peppers-jar_2048x2048.jpg
000454.jpg,http://cdn1.bigcommerce.com/server700/5mvrqhbm/products/4389/images/150572/piquillo-pepper__69702.1522258039.1280.1280.jpg
000455.jpg,http://www.seriouseats.com/recipes/assets_c/2015/04/20150418-piquillo-peppers-tuna-tapas-easy-5-thumb-1500xauto-421883.jpg
000456.jpg,http://i0.wp.com/cali-zona.com/wp-content/uploads/2017/06/3U9A0515.jpg
000457.jpg,http://i0.wp.com/cali-zona.com/wp-content/uploads/2014/09/Piquillo-Pepper-Pesto.jpg
000458.jpg,http://cali-zona.com/wp-content/uploads/2015/04/Red-Lentil-Piquillo-Bisque.jpg
000459.jpg,http://www.simplyscratch.com/wp-content/uploads/2015/04/Grilled-Steak-with-Piquillo-Pepper-Pesto-l-SimplyScratch.com-2.jpg
000460.jpg,https://www.laespanolameats.com/525-thickbox_default/bajamar-whole-red-piquillo-peppers-6oz.jpg
000461.jpg,http://www.evolvingcatherine.com/wp-content/uploads/2010/05/IMG_1931.jpg
000462.jpg,http://www.simplyscratch.com/wp-content/uploads/2015/05/Grilled-Steak-with-Piquillo-Pepper-Pesto-l-SimplyScratch.com-6.jpg
000463.jpg,http://cdn3.volusion.com/g6p9s.xrde9/v/vspfiles/photos/PQ-03-3.jpg
000464.jpg,https://bigoven-res.cloudinary.com/image/upload/goat-cheese-stuffed-piquillo-pepper.jpg
000465.jpg,http://twinswithoriginality.files.wordpress.com/2013/10/img_2566.jpg
000466.jpg,https://lunya.co.uk/wp-content/uploads/2013/11/DeliProducts-4521.jpg
000467.jpg,http://www.simplyscratch.com/wp-content/uploads/2015/05/Grilled-Steak-with-Piquillo-Pepper-Pesto-l-SimplyScratch.com-19.jpg
000468.jpg,https://cdn.shopify.com/s/files/1/0111/1729/7722/products/leyenda-whole-piquillo-peppers-1kg_311491a0-53a7-45cb-9d1a-d52dc0b1abb1_2048x2048.jpg
000469.jpg,http://cdn-image.foodandwine.com/sites/default/files/1459261213/marinated-piquillo-peppers-and-whipped-eggplant-toasts-XL-RECIPE0516.jpg
000470.jpg,https://www.pepperscale.com/wp-content/uploads/2015/03/poblano-pepper-substitute.jpg
000471.jpg,http://www.simplyscratch.com/wp-content/uploads/2015/05/Grilled-Steak-with-Piquillo-Pepper-Pesto-l-SimplyScratch.com-7.jpg
000472.jpg,https://lunya.co.uk/wp-content/uploads/2013/11/piquillo-peppers-loose1.jpg
000473.jpg,https://www.laespanolameats.com/1348-thickbox_default/bajamar-piquillo-peppers-stuffed-with-hake-shrimp.jpg
000474.jpg,https://www.delallo.com/shop/media/catalog/product/cache/1/image/1800x/040ec09b1e35df139433887a97daa66f/7/0/70081.jpg
000475.jpg,http://www.simplyscratch.com/wp-content/uploads/2015/05/Grilled-Steak-with-Piquillo-Pepper-Pesto-l-SimplyScratch.com-5.jpg
000476.jpg,http://www.missionkitchensf.com/wp-content/uploads/2012/11/IMG_1486-1024x1024.jpg
000477.jpg,http://www.simplyscratch.com/wp-content/uploads/2015/05/Grilled-Steak-with-Piquillo-Pepper-Pesto-l-SimplyScratch.com-8.jpg
000478.jpg,https://ferpineiro.files.wordpress.com/2012/01/img_0135.jpg
000479.jpg,http://www.simplyscratch.com/wp-content/uploads/2015/05/Grilled-Steak-with-Piquillo-Pepper-Pesto-l-SimplyScratch.com-20.jpg
000480.jpg,http://www.simplyscratch.com/wp-content/uploads/2015/05/Grilled-Steak-with-Piquillo-Pepper-Pesto-l-SimplyScratch.com-9.jpg
000481.jpg,https://lasdelicias.co.uk/wp-content/uploads/imported/Diamir-Roasted-Piquillo-Peppers-Extra-185-g-B004447UPG-2.jpg
000482.jpg,http://2.bp.blogspot.com/-SkKCSO9rWe4/VbkWO1R2DSI/AAAAAAAAIfQ/51B_Bt7jXU4/s1600/Peppers%2Bstuffed%2Bwith%2Btuna%2B7.jpg
000483.jpg,https://cms.splendidtable.org/sites/default/files/styles/w2000/public/Piquillo-Pepper-Stuffed-Chicken-Photo---Steve-Legao-LEDE.jpg
000484.jpg,http://images.media-allrecipes.com/userphotos/960x960/3758616.jpg
000485.jpg,https://c8.alamy.com/comp/H8MBCY/red-piquillo-peppers-stuffed-with-cod-basque-spanish-cuisine-H8MBCY.jpg
000486.jpg,http://img.21food.com/20110609/product/1306504716776.jpg
000487.jpg,https://c8.alamy.com/comp/X80GA4/manchego-piquillo-pepper-mac-n-cheese-topped-with-marcona-almonds-served-with-arugula-and-white-wine-photographed-on-a-white-plaster-background-X80GA4.jpg
000488.jpg,https://www.laespanolameats.com/2258-home_default/piquillo-pepper-in-strips-780grs-bajamar.jpg
000489.jpg,http://i1.wp.com/ocmomdining.com/wp-content/uploads/2014/02/italian-sausage-stuffed-piquillo-pepper.jpg
000490.jpg,http://img.21food.com/20110609/product/1306259303191.jpg
000491.jpg,https://c8.alamy.com/comp/D8WCGW/piquillo-peppers-stuffed-with-quinoa-and-mackerel-D8WCGW.jpg
000492.jpg,https://www.thouswell.com/wp-content/uploads/2016/02/roasted-piquillo-pepper-deviled-eggs.jpg
000493.jpg,http://taste-spain.co.uk/wp-content/uploads/2016/04/Pimi-piquillo-en-caja.jpg
000494.jpg,https://www.cucinaandamore.com/pub/media/magefan_blog/2016/05/img_0882.jpg
000495.jpg,https://c8.alamy.com/comp/XCAAXH/manchego-piquillo-pepper-mac-n-cheese-topped-with-marcona-almonds-served-with-arugula-and-white-wine-photographed-on-a-white-plaster-background-XCAAXH.jpg
000496.jpg,https://4.bp.blogspot.com/-eXRON40VTDk/UU30tlbVqaI/AAAAAAAAAZQ/O05n-LGO7bg/s1600/Fotos+021.jpg
000497.jpg,https://cdn.shopify.com/s/files/1/0561/3553/products/ES-151_Spanish_Tuna_with_a_Piquillo_Pepper_by_Serrats.jpg
000498.jpg,https://c8.alamy.com/comp/D09YT9/stuffed-piquillo-peppers-with-wild-rice-and-prawns-recipe-available-D09YT9.jpg
000499.jpg,https://s-media-cache-ak0.pinimg.com/736x/c4/92/a6/c492a6422f3f2de7205e290d3bab63d6.jpg
000500.jpg,https://www.thouswell.com/wp-content/uploads/2016/02/DSC_1061.jpg
000501.jpg,http://www.thouswell.co/wp-content/uploads/2016/02/DSC_1054.jpg
000502.jpg,https://www.cucinaandamore.com/pub/media/catalog/product/p/i/piquillo_peppers_whole_roasted_large_01.jpg
000503.jpg,https://i.pinimg.com/originals/e9/0d/eb/e90debdc7f9235bb8431ff43ab5aef8e.jpg
000504.jpg,https://c8.alamy.com/comp/KN907W/pinchos-filled-pimientos-piquillo-pepper-tapas-pintxos-from-spain-KN907W.jpg
000505.jpg,https://c8.alamy.com/comp/B5G9EH/fresh-piquillo-peppers-for-sale-in-the-town-of-saint-jean-de-luz-pyrenees-B5G9EH.jpg
000506.jpg,https://c8.alamy.com/comp/BDC3J0/small-red-and-green-bell-pepper-texture-calabria-south-of-italy-BDC3J0.jpg
000507.jpg,http://c8.alamy.com/comp/KN9TG4/grilled-beef-tenderloin-with-piquillo-peppers-and-caramelized-shallots-KN9TG4.jpg
000508.jpg,https://s-media-cache-ak0.pinimg.com/736x/f2/c6/d3/f2c6d31acc1a6138f13ba4b783c396d2.jpg
000509.jpg,https://cdn8.bigcommerce.com/s-p82jn6co/images/stencil/1280x1280/products/7656/6872/46313__41131.1523761370.jpg
000510.jpg,http://www.gayot.com/blog/wp-content/uploads/2011/01/hanger-steak.jpg
000511.jpg,http://i1.wp.com/cali-zona.com/wp-content/uploads/2014/09/3U9A2491-1.jpg
000512.jpg,https://cdn.shopify.com/s/files/1/0111/1729/7722/products/piquillo-peppers-tin_1000x1000.jpg
000513.jpg,https://sugarpeppercooks.files.wordpress.com/2013/07/salt-cod-d.jpg
000514.jpg,https://sugarpeppercooks.files.wordpress.com/2013/07/salt-cod-e.jpg
000515.jpg,http://www.simplyscratch.com/wp-content/uploads/2015/05/Grilled-Steak-with-Piquillo-Pepper-Pesto-l-SimplyScratch.com-21.jpg
000516.jpg,https://cdn.shopify.com/s/files/1/0561/3553/products/ES-226_Hida_Roasted_Peppers_with_Fried_Tomato_12_oz._340_g.jpg
000517.jpg,https://c8.alamy.com/comp/XAD9FA/grilled-beef-tenderloin-with-piquillo-peppers-and-caramelized-shallots-XAD9FA.jpg
000518.jpg,http://www.simplyscratch.com/wp-content/uploads/2015/05/Grilled-Steak-with-Piquillo-Pepper-Pesto-l-SimplyScratch.com-12.jpg
000519.jpg,http://thatssowildcat.com/wp-content/uploads/2017/07/04-Avec-Dates.jpg
000520.jpg,https://www.joyfulhealthyeats.com/wp-content/uploads/2015/05/Southwestern-Turkey-Burgers-with-Guacamole-and-Piquillo-Pepper-Aioli-3.jpg
000521.jpg,https://assets.bakker.com/ProductPics/810x978/88261-00-BAKI_20140702082033.jpg
000522.jpg,http://cdn.shopify.com/s/files/1/0187/3780/products/Banderillas_with_Whole_Gherkin_-_Donostia_Foods_-_2.jpg
000523.jpg,http://assets.marthastewart.com/styles/wmax-520-highdpi/d26/cheese-toast-0611mld107229/cheese-toast-0611mld107229_vert.jpg
000524.jpg,https://www.joyfulhealthyeats.com/wp-content/uploads/2015/05/Southwestern-Turkey-Burgers-with-Guacamole-and-Piquillo-Pepper-Aioli.jpg
000525.jpg,https://media.blueapron.com/recipes/2456/square_newsletter_images/1500659446-8-0012-2411/821_FPV_Veg-Paella_74289_WEB_SQ_hi_res.jpg
000526.jpg,https://www.happiesttraveling.com/wp-content/uploads/2019/10/Toledo-tapas-e1571331213686-1024x768.jpg
000527.jpg,https://images.squarespace-cdn.com/content/v1/5b6adde1d274cbbc58932b0c/1571336592216-MRVVANDAQQBHG7M84Y7O/ke17ZwdGBToddI8pDm48kM1qremb7Ls37zvOpUlXFxFZw-zPPgdn4jUwVcJE1ZvWQUxwkmyExglNqGp0IvTJZUJFbgE-7XRK3dMEBRBhUpyNdBRL4LMDxiIaq3JJthZTcucY-Z3n09bwP_S9f_xILyS3loG5KTnpdHvwWR-dhpQ/Leeds19-IbericaDinner%234.jpg
000528.jpg,http://www.plaidandpaleo.com/wp-content/uploads/2014/04/bacon-wrapped-dates_plaidandpaleo-2.jpg
000529.jpg,https://images.squarespace-cdn.com/content/v1/5b6adde1d274cbbc58932b0c/1571336587498-8J0B11JIT7BJ1EIQ7RAM/ke17ZwdGBToddI8pDm48kM1qremb7Ls37zvOpUlXFxFZw-zPPgdn4jUwVcJE1ZvWQUxwkmyExglNqGp0IvTJZUJFbgE-7XRK3dMEBRBhUpyNdBRL4LMDxiIaq3JJthZTcucY-Z3n09bwP_S9f_xILyS3loG5KTnpdHvwWR-dhpQ/Leeds19-IbericaDinner%233.jpg
000530.jpg,http://www.pathosolives.co.uk/wp-content/uploads/2019/09/Yellow-Roasted-Peppers-6-x-2.5kg-Tin-PATHOS-VEG002.jpg
000531.jpg,https://images.squarespace-cdn.com/content/v1/5b6adde1d274cbbc58932b0c/1571336597348-HMAP4NB1L3IH1D8C2CZ0/ke17ZwdGBToddI8pDm48kM1qremb7Ls37zvOpUlXFxFZw-zPPgdn4jUwVcJE1ZvWQUxwkmyExglNqGp0IvTJZUJFbgE-7XRK3dMEBRBhUpyNdBRL4LMDxiIaq3JJthZTcucY-Z3n09bwP_S9f_xILyS3loG5KTnpdHvwWR-dhpQ/Leeds19-IbericaDinner%235.jpg
000532.jpg,https://images.squarespace-cdn.com/content/v1/5737d0e6b6aa607768e085af/1543856548257-509YDPQO8V1TV0K7T740/ke17ZwdGBToddI8pDm48kD6Z1Sf_VrlyQ09vCDqs80tZw-zPPgdn4jUwVcJE1ZvWhcwhEtWJXoshNdA9f1qD7Xj1nVWs2aaTtWBneO2WM-tRd3mTVcc7LqvpWm9qdcsy9Q2ykIDdeZaNFEqb5zzIKA/cresta-di-gallo.jpg
000533.jpg,https://images.squarespace-cdn.com/content/v1/5b6adde1d274cbbc58932b0c/1571336601860-4N6W30ABR7DUYT6Q3N1I/ke17ZwdGBToddI8pDm48kM1qremb7Ls37zvOpUlXFxFZw-zPPgdn4jUwVcJE1ZvWQUxwkmyExglNqGp0IvTJZUJFbgE-7XRK3dMEBRBhUpyNdBRL4LMDxiIaq3JJthZTcucY-Z3n09bwP_S9f_xILyS3loG5KTnpdHvwWR-dhpQ/Leeds19-IbericaDinner%236.jpg
000534.jpg,https://andershusa.com/wp-content/uploads/2019/10/esquina-modern-spanish-tapas-in-singapore-playful-tasting-menu-restaurant-review-food-foodie-eat-eating-dining-best-tips-recommendation-guide-travel-2016-9.jpg
000535.jpg,https://bigseventravel.com/wp-content/uploads/2019/10/wine-819x1024.jpg
000536.jpg,https://d2u8towkwolubl.cloudfront.net/wp-content/uploads/2019/08/BraisedBeef_3C2A7689_F.jpg
000537.jpg,http://ocmomdining.com/wp-content/uploads/2014/02/italian-sausage-stuffed-piquillo-pepper.jpg
000538.jpg,http://img.21food.com/20110609/product/1307124013301.jpg
