image,source
000001.jpg,https://www.mexicanplease.com/wp-content/uploads/2018/01/poblano-breakfast-potatoes-pepper.jpg
000002.jpg,https://www.highmowingseeds.com/media/catalog/product/cache/f24fe076cc2f73119e7261920a5836c5/2/7/2795.jpg
000003.jpg,https://edge.bonnieplants.com/www/uploads/20180920004012/poblano-ancho-hot-pepper.jpg
000004.jpg,https://basilandbubbly.com/wp-content/uploads/2017/01/roasted-poblano-2.jpg
000005.jpg,https://media.blueapron.com/stories/275/main_images/20150130-1751-14411-2910/Beauty_20-_20Poblano_20Pepper_20-_207894_medium.jpg
000006.jpg,https://www.dinneratthezoo.com/wp-content/uploads/2019/05/stuffed-poblano-peppers-4.jpg
000007.jpg,https://www.isabeleats.com/wp-content/uploads/2019/08/poblano-peppers-009-small.jpg
000008.jpg,https://www.chilipeppermadness.com/wp-content/uploads/2013/09/Poblano-Peppers2.jpg
000009.jpg,https://www.pepperscale.com/wp-content/uploads/2015/03/poblano-pepper-substitute-768x432.jpg
000010.jpg,https://media.mercola.com/assets/images/foodfacts/poblano-pepper-nutrition-facts.jpg
000011.jpg,https://i2.wp.com/redmeatlover.com/wp-content/uploads/2015/04/untitled-2337-21.jpg
000012.jpg,https://s.yimg.com/aah/mex-grocer/fresh-chile-poblano-peppers-54.png
000013.jpg,https://www.meijer.com/content/dam/meijer/product/0000/00/0047/05/0000000047050_a1c1_1200.png
000014.jpg,https://www.thespruceeats.com/thmb/5fK3CjKElm3tazx0fa3G2QCtV_8=/960x0/filters:no_upscale():max_bytes(150000):strip_icc()/GettyImages-639871580-5c67140746e0fb000123cb63.jpg
000015.jpg,https://images-na.ssl-images-amazon.com/images/I/71MOMV6xbbL._SX425_.jpg
000016.jpg,https://www.mexicanplease.com/wp-content/uploads/2016/12/roasted-poblano-soup-six-poblano-peppers-after-roasting.jpg
000017.jpg,http://www.ocutribeta.org/uploads/4/6/0/5/46053599/s291667440435199893_p41_i1_w387.jpeg
000018.jpg,https://www.pepperscale.com/wp-content/uploads/2017/04/Poblano-Pepper-Nutrition-768x512.jpeg
000019.jpg,https://www.burpee.com/dw/image/v2/ABAQ_PRD/on/demandware.static/-/Sites-masterCatalog_Burpee/default/dw563ae634/Images/Product%20Images/prod000800/prod000800.jpg?sw=320&sh=378&sm=fit
000020.jpg,https://worldcrops.org/sites/worldcrops.org/files/crops/Poblano_peppers_in_S._Deerfield_-_550.JPG
000021.jpg,https://cdn11.bigcommerce.com/s-a9b4a/images/stencil/2048x2048/products/114/168/poblano__24151.1287795050.JPG?c=2
000022.jpg,https://s3.amazonaws.com/finecooking.s3.tauntonclud.com/app/uploads/2017/04/24171802/ING-poblanos-pepper-main.jpg
000023.jpg,https://onlyglutenfreerecipes.com/wp-content/uploads/2016/05/roasted-stuffed-poblano-peppers.w2-1-1.jpg
000024.jpg,https://i5.walmartimages.com/asr/d5805f54-ccba-440a-a73c-1f47a56fca12_1.17cbe45fef678754efdc98e365207640.jpeg?odnHeight=450&odnWidth=450&odnBg=FFFFFF
000025.jpg,https://www.mexicanplease.com/wp-content/uploads/2015/10/fresh-chili-peppers-with-scoville-rating.jpg
000026.jpg,https://i1.wp.com/www.foodrepublic.com/wp-content/uploads/2015/04/unnamed_3.png?fit=700%2C394&ssl=1
000027.jpg,https://upload.wikimedia.org/wikipedia/commons/f/f6/Poblano_Pepper.jpg
000028.jpg,https://www.culinaryhill.com/wp-content/uploads/2015/11/How-to-Roast-Poblano-Peppers-Culinary-Hill-2-660x660.jpg
000029.jpg,https://www.aerogarden.com/media/catalog/product/optimized/9/1/91c0adc8706fef1e3da4d84bf26987b4/01_poblanopeppers_swatches.1556736339.jpg
000030.jpg,https://cdn.shopify.com/s/files/1/0083/4602/products/organic_poblano_pepper_01.jpg?v=1520539123
000031.jpg,https://www.rareseeds.com/assets/1/14/DimRegular/Pepper-Poblano-IMG_5277.jpg
000032.jpg,https://cleanfoodcrush.com/wp-content/uploads/2019/09/Clean-Taco-Stuffed-Poblano-Peppers.jpg
000033.jpg,https://www.plaidandpaleo.com/wp-content/uploads/2016/07/breakfast-poblano-peppers_plaidandpaleo.jpg
000034.jpg,https://blog.paleohacks.com/wp-content/uploads/2017/08/SCHEMA-PHOTO-Easy-Meaty-Stuffed-Poblano-Peppers.jpg
000035.jpg,https://www.tastefulgarden.com/images/garden/poblanos650_md.jpg
000036.jpg,https://www.wegmans.com/content/dam/wegmans/products/060/37060.jpg
000037.jpg,https://www.terraskitchen.com/media/wysiwyg/recipes/TK_326_Step2.jpg
000038.jpg,http://www.aspicyperspective.com/wp-content/uploads/2011/08/Stuffed-Poblano-Peppers-with-Red-Pepper-Puree-9.jpg
000039.jpg,https://minimalistbaker.com/wp-content/uploads/2015/10/VEGAN-Stuffed-Poblano-Peppers-Full-of-healthy-ingredients-and-SO-satisfying-plantbased-vegan-glutenfree-recipe-mexican-dinner.jpg
000040.jpg,https://cdn11.bigcommerce.com/s-a9b4a/images/stencil/2048x2048/products/1782/3700/Ancho_Pepper__91332.1545968291.jpg?c=2
000041.jpg,https://www.chipotle.com/content/dam/chipotle/global-site-design/en/menu/ingredients/poblano-pepper/grid/poblano-pepper@3x.png
000042.jpg,https://i0.wp.com/butteryourbiscuit.com/wp-content/uploads/2018/09/roasted-poblano-pepper-beef-chili-6.jpg?resize=1024%2C1024&ssl=1
000043.jpg,http://cdn.shopify.com/s/files/1/0038/9405/0868/products/Pepper_Capsicum_PoblanoPeppers_1024x1024.jpg?v=1553124643
000044.jpg,https://images.homedepot-static.com/productImages/38ebdb2c-0ec3-4f5b-964e-06ed0acb8682/svn/ferry-morse-vegetable-herb-seeds-2052-64_1000.jpg
000045.jpg,https://www.chilipeppermadness.com/wp-content/uploads/2018/05/Picadillo-Stuffed-Poblano-Peppers-Peeling-Poblanos.jpg
000046.jpg,https://d104wv11b7o3gc.cloudfront.net/wp-content/uploads/2016/10/chicken-poblano-cream-sauce-2-1.jpg
000047.jpg,https://i2.wp.com/eatpraygetwell.com/wp-content/uploads/2018/02/stuffedpoblano-peppers-1-of-1.jpg?fit=960%2C636&ssl=1
000048.jpg,https://thekittchen.com/wp-content/uploads/2015/12/Eggs-in-Poblano-Pepper-Boats.jpg
000049.jpg,https://www.magicgardenseeds.com/pics/mgs/CAP09/2/1000/Chile-ancho-poblano-pepper-(Capsicum-anuum)_2.jpg
000050.jpg,https://www.sandiegoseedcompany.com/wp-content/uploads/2017/06/Pepper-Ancho-Pablano-960x6401.jpg
000051.jpg,https://cdn.shopify.com/s/files/1/0089/1562/files/Poblano_Pepper_c64f094e-6471-41ef-b444-5b422aa34558.jpg?23850
000052.jpg,https://cdn.shopify.com/s/files/1/0915/1060/products/ancho.poblano-600-Ancho-or-Poblano.jpg?v=1457056646
000053.jpg,https://cdn11.bigcommerce.com/s-f6cx4kq/images/stencil/500x659/products/90/1149/poblano_pepper_2__96198.1549159100.jpg?c=2
000054.jpg,https://images-na.ssl-images-amazon.com/images/I/818M33oIpEL._SX425_.jpg
000055.jpg,https://www.callmepmc.com/wp-content/uploads/2018/05/Poblano-Pepper-Chili-Rellenos-Casserole-recipe.jpg
000056.jpg,https://i.pinimg.com/originals/7e/2d/66/7e2d66d66c8372ba5555581385dd040c.jpg
000057.jpg,http://www.gingerandtoastedsesame.com/wp-content/uploads/2013/08/Stuffed-Poblano-Peppers-1.jpg
000058.jpg,https://www.budgetbytes.com/wp-content/uploads/2010/02/Stuffed20Poblanos202.jpg
000059.jpg,https://www.slenderkitchen.com/sites/default/files/styles/feed_list_xs_1x/public/recipe_images/mexican-zucchini-and-peppers.jpg
000060.jpg,https://www.themountainkitchen.com/wp-content/uploads/2019/05/egg-stuffed-poblano-pepper-boats-0.jpg
000061.jpg,https://cdn.shopify.com/s/files/1/1985/8415/products/Fresh_Poblano_Pepper_1400x.jpg?v=1560133308
000062.jpg,https://dorastable.com/wp-content/uploads/2017/03/vegan-tuna-stuffed-poblano5-845x321.jpg
000063.jpg,https://vegetablegrowersnews.com/wp-content/uploads/2018/03/poblanopepper-1024x680.jpg
000064.jpg,https://media.mercola.com/assets/images/foodfacts/poblano-pepper-fb.jpg
000065.jpg,http://idorderthat.com/wp-content/uploads/2015/01/Poblano-Pepper.jpg
000066.jpg,https://www.growjoy.com/store/pc/catalog/poblano_pepper_plant_137_detail.jpg
000067.jpg,https://www.lecremedelacrumb.com/wp-content/uploads/2018/09/stuffed-poblano-peppers-105.jpg
000068.jpg,https://www.neseed.com/wp-content/uploads/2016/08/31990-Poblano-Hot-Pepper.jpg
000069.jpg,https://www.tablefortwoblog.com/wp-content/uploads/2017/06/creamy-poblano-and-chicken-soup-recipe-photos-tablefortwoblog-2.jpg
000070.jpg,https://www.oscseeds.com/wp-content/uploads/2018/10/osc1924-275x380.jpg
000071.jpg,https://www.chilipeppermadness.com/wp-content/uploads/2018/03/569585164bf57f8a1e8703b19497bdbc.jpg
000072.jpg,https://healthyrecipesblogs.com/wp-content/uploads/2014/04/stuffed-poblano-peppers-square.jpg
000073.jpg,https://www.aspicyperspective.com/wp-content/uploads/2015/10/creamy-poblano-pepper-soup-7.jpg
000074.jpg,https://s3.amazonaws.com/finecooking.s3.tauntonclud.com/app/uploads/2008/12/24115351/Poblanos-Stuffed-with-Cheddar-and-Chicken-73805-wide.jpg
000075.jpg,https://d2lnr5mha7bycj.cloudfront.net/product-image/file/large_d7550d06-460c-41f8-88fb-7692aaf4ae17.jpg
000076.jpg,https://floridagardenseeds.com/images/store/ancho-poblano-pepper-1.jpg
000077.jpg,https://www.victoryseeds.com/thumbnail.asp?file=assets/images/vegetables/pepper_ancho.jpg&maxx=450&maxy=450
000078.jpg,http://www.fromthepod.com/uploads/headers/149305_Grilled-Poblano-Peppers-and-Cheese-Header.jpg
000079.jpg,http://cdn.shopify.com/s/files/1/0784/3297/products/scan_003_grande.jpg?v=1449077882
000080.jpg,https://www.closetcooking.com/wp-content/uploads/2008/05/Roasted-Cauliflower-and-Poblano-Pepper-Soup.jpg
000081.jpg,https://i.ytimg.com/vi/t5TD_UBr5ls/maxresdefault.jpg
000082.jpg,https://previews.123rf.com/images/ribeiroantonio/ribeiroantonio1805/ribeiroantonio180500057/101431594-the-poblano-pepper-is-a-type-of-capsicum-annuum-it-is-a-mild-chili-originated-from-the-state-of-pueb.jpg
000083.jpg,http://debishawcrossblog.com/wp-content/uploads/2013/02/IMG_0076.jpg
000084.jpg,http://cdn.shopify.com/s/files/1/0860/2016/products/ancho_grande.jpeg?v=1512499108
000085.jpg,https://mexicanappetizersandmore.com/eggs-in-poblano-pepper-boats/20180504_175753/
000086.jpg,https://www.biscuitsandburlap.com/wp-content/uploads/2019/09/poblano-pepper-1.jpg
000087.jpg,https://www.wikihow.com/images/thumb/c/ca/Roast-Poblano-Peppers-Step-7.jpg/aid9316394-v4-728px-Roast-Poblano-Peppers-Step-7.jpg
000088.jpg,https://foodal.com/wp-content/uploads/2014/08/Slow-Cooked-Black-Beans-and-Poblano-Pepper-Baked-Taquitos-Cover.jpg
000089.jpg,http://www.myinvisiblecrown.com/wp-content/uploads/2012/10/poblano_peppers-1024x680.jpg
000090.jpg,https://i.etsystatic.com/11519553/r/il/b49a9a/1512507988/il_794xN.1512507988_pi3m.jpg
000091.jpg,https://images.sellersourcebook.com/users/143753/ancho_poblano-chilli-pepper.jpg
000092.jpg,https://40aprons.com/wp-content/uploads/2017/08/whole30-enchiladas-1-700x1050.jpg
000093.jpg,https://images-gmi-pmc.edge-generalmills.com/75cebe33-8da5-44b8-83be-c8dc914095cb.jpg
000094.jpg,https://img-aws.ehowcdn.com/620x500/s3-us-west-1.amazonaws.com/contentlab.studiod/getty/cache.gettyimages.com/4e066d81659045bba0e8005a69ba977d.jpg
000095.jpg,https://inmamamaggieskitchen.com/wp-content/uploads/2019/03/SOCIAL-Poblano-Pepper-.jpg
000096.jpg,https://cdn.lifesambrosia.com/wp-content/uploads/chorizo-stuffed-poblano-peppers-1200x795.jpg
000097.jpg,https://cdn.shopify.com/s/files/1/0736/5693/products/Pepper_Ancho_Poblano_1024x1024.jpg?v=1483126738
000098.jpg,https://dorastable.com/wp-content/uploads/2016/11/poblano-hummus-2-845x321.jpg
000099.jpg,https://wendypolisi.com/wp-content/uploads/2015/08/stuffed-poblano-pepper-recipe1.jpg
000100.jpg,https://gardenandgun.com/wp-content/uploads/2018/05/GG0318_WhatsinSeason_01-1100x790.jpg
000101.jpg,https://www.edenbrothers.com/store/media/Seeds-Vegetables/resized/SVPEP112-1_medium.jpg
000102.jpg,http://kitchenconfidante.com/wp-content/uploads/2016/06/Grilled-Corn-and-Poblano-Salad-www.kitchenconfidante.com-057.jpg
000103.jpg,https://www.magicgardenseeds.com/pics/mgs/CAP02/1000/Poblano-Mulato-chili-pepper-(Capsicum-annuum).jpg
000104.jpg,http://cdn.shopify.com/s/files/1/1063/1756/products/PepperPoblano_1200x1200.jpg?v=1551225081
000105.jpg,http://assets.wholefoodsmarket.com/recipes/2233/460/290/2233.jpg
000106.jpg,https://media.istockphoto.com/photos/three-green-poblano-pepper-picture-id919778244
000107.jpg,https://res.cloudinary.com/teepublic/image/private/s--VaxVjsKE--/t_Resized%20Artwork/c_fit,g_north_west,h_954,w_954/co_eae0c7,e_outline:48/co_eae0c7,e_outline:inner_fill:48/co_ffffff,e_outline:48/co_ffffff,e_outline:inner_fill:48/co_bbbbbb,e_outline:3:1000/c_mpad,g_center,h_1260,w_1260/b_rgb:eeeeee/c_limit,f_jpg,h_630,q_90,w_630/v1467729304/production/designs/571081_1.jpg
000108.jpg,https://irepo.primecp.com/2016/03/267351/recipe-14524_Large400_ID-1505080.jpg?v=1505080
000109.jpg,https://www.wholesomelicious.com/wp-content/uploads/2015/09/Baked-Mac-and-Cheese-with-Poblano-Peppers.jpg
000110.jpg,http://www.makingthymeforhealth.com/wp-content/uploads/2016/06/Stuffed-Poblano-Pepper-Skillet_-700x1018.jpg
000111.jpg,https://greenblender.com/smoothies/wp-content/uploads/2016/01/poblano-pepper-pick-me-up-1-960x540.jpg
000112.jpg,https://www.chipotle.com/content/dam/chipotle/global-site-design/en/menu/ingredients/poblano-pepper/panel/poblano-desktop@2x.jpg
000113.jpg,https://i1.wp.com/www.spanglishspoon.com/wp-content/uploads/2015/03/Baked-poblano-peppers-with-mushrooms-12-1.jpg?fit=3318%2C2212&ssl=1
000114.jpg,https://image.shutterstock.com/image-photo/poblano-peppers-260nw-247872721.jpg
000115.jpg,https://www.healthbenefitstimes.com/9/uploads/2016/08/Poblano-pepper-Capsicum-annuum.jpg
000116.jpg,https://nourishedkitchen.com/wp-content/uploads/2013/02/sweet-potato-soup-1-of-1.jpg
000117.jpg,https://lh4.ggpht.com/_aP4DPESR2ps/TKJ8Yo5L3dI/AAAAAAAAA8M/YnmxUnXR1wM/Poblanos1_thumb%5B3%5D.jpg?imgmax=800
000118.jpg,https://sasquatchsoil.co/wp-content/uploads/2016/08/organic_poblano_pepper_02.jpg
000119.jpg,https://delimexico.com/wp-content/uploads/2014/06/semillasdechilepoblano.png
000120.jpg,https://i.ytimg.com/vi/YH8bA0r4HMA/maxresdefault.jpg
000121.jpg,https://specsonline.com/wp-content/uploads/2018/13/000000004705.jpg
000122.jpg,https://i1.wp.com/mexicanmademeatless.com/wp-content/uploads/2016/11/EnchiladasVerdes_OaxacaCheese_PoblanoPeppers01.jpg?fit=1000%2C669
000123.jpg,https://www.slenderkitchen.com/sites/default/files/styles/data_share/public/recipe_images/cheesy-stuffed-poblano-pepper.jpg
000124.jpg,https://www.westwindseeds.com/v/vspfiles/photos/peph-010-2.jpg
000125.jpg,https://q7i2y6d5.stackpathcdn.com/wp-content/uploads/2018/03/poblano-1-400x400.jpg
000126.jpg,https://cdn.loveandlemons.com/wp-content/uploads/2016/06/IMG_2016_05_05_07752.jpg
000127.jpg,http://homesteadlifestyle.com/wp-content/uploads/2019/01/how-to-grow-poblano-peppers.jpg
000128.jpg,https://www.devonchilifarm.hu/wp-content/uploads/2019/01/Ancho-Poblano-Chili-mag-324x324.jpg
000129.jpg,https://images-na.ssl-images-amazon.com/images/I/51FZ54L0MuL._SR600%2C315_PIWhiteStrip%2CBottomLeft%2C0%2C35_PIStarRatingTHREE%2CBottomLeft%2C360%2C-6_SR600%2C315_ZA(6%20Reviews)%2C445%2C291%2C400%2C400%2Carial%2C12%2C4%2C0%2C0%2C5_SCLZZZZZZZ_.jpg
000130.jpg,http://cdn.shopify.com/s/files/1/1022/5071/products/chocolate-poblano-pepper-seeds-capsicum-annuum-also-called-mulato-isleno-popular-chilies-in-mexico-2_1024x1024.jpg?v=1565027783
000131.jpg,https://media2.popsugar-assets.com/files/thumbor/WZxUvQ8BvdDc22px_bvOouVqtlQ/fit-in/550x550/filters:format_auto-!!-:strip_icc-!!-/2011/01/03/1/192/1922195/cb77b30e59cb975c_DSC_0826.jpg
000132.jpg,https://www.keyingredient.com/media/cb/52/627d91d385b11eb251f8aaad6a12a31256a9.jpg/rh/creamy-poblano-pepper-soup.jpg
000133.jpg,https://www.yummly.com/images/Rice-with-Poblano-Pepper-Strips-and-Corn-recipe-530552
000134.jpg,https://imgs.michaels.com/MAM/assets/1/3C806BFAE43F48829D51D9995CDC917A/img/6C707E750F56486EBC346AAA561A827C/10131587_1.jpg?fit=inside|540:540
000135.jpg,https://www.isabeleats.com/wp-content/uploads/2019/09/poblano-pepper-vs-jalapeno.jpg
000136.jpg,https://sage.blob.core.windows.net/media/5798f36660a676ff897440cf_produce-poblanopepper-1.jpg
000137.jpg,https://lh6.ggpht.com/_aP4DPESR2ps/SfJ4HkQ9NaI/AAAAAAAAAlA/wb9DJ-Rt3jA/poblano1_thumb%5B2%5D.jpg?imgmax=800
000138.jpg,https://i1.wp.com/theheritagecook.com/wp-content/uploads/2013/08/Corn-Chowder-Salad-8-2013-16.jpg?resize=798%2C900&ssl=1
000139.jpg,https://www.mxfoods.co.uk/ImageHandler/178435w600h600/poblac-2-jpg?sequence=178435&width=600&height=600
000140.jpg,http://better-produce.com/wp-content/uploads/poblano-pepper-better-produce.jpg
000141.jpg,https://i1.wp.com/gratefulgrazer.com/wp-content/uploads/2019/08/I6-black-bean-stuffed-poblanos-with-cilantro-lime-avocado-sauce-35.jpg?w=980&ssl=1
000142.jpg,https://d2lnr5mha7bycj.cloudfront.net/product-image/file/large_2e1b90d5-57de-46de-9a74-07d3a2d4fd64.jpg
000143.jpg,https://www.callmepmc.com/wp-content/uploads/2018/03/How-to-peel-poblano-peppers.jpg
000144.jpg,https://previews.123rf.com/images/photolady/photolady1207/photolady120700006/14550625-poblano-pepper-growing-in-the-garden.jpg
000145.jpg,https://i.ebayimg.com/images/g/fv8AAOSw9gRaAsT2/s-l300.jpg
000146.jpg,https://www.therusticfoodie.com/wp-content/uploads/2017/09/Roasted-Poblano-and-Avocado-Everything-Sauce.jpg
000147.jpg,https://i2.wp.com/www.lemonthymeandginger.com/wp-content/uploads/2017/04/571Poblano-Cream-Sauce.jpg?resize=600%2C908&ssl=1
000148.jpg,https://i0.wp.com/flavorthemoments.com/wp-content/uploads/2019/09/poblano-pepper-prep-2.jpg?resize=600%2C899&ssl=1
000149.jpg,https://www.chefs-garden.com/TheChefsGarden/media/TCG/Product-Detail-Images/Peppers/Pablano/Peppers-Pablano-Isolated.jpg?width=360&height=450
000150.jpg,http://www.thebakingfairy.net/wp-content/uploads/2015/01/DSC04898edt.png
000151.jpg,https://tastykitchen.com/recipes/wp-content/uploads/sites/2/2013/03/Oven-Roasted-Poblano-Pepper-Soup-by-A-Beautiful-Bite-on-March-28-2013-410x273.jpg
000152.jpg,https://images.media-allrecipes.com/userphotos/560x315/448246.jpg
000153.jpg,https://www.pepperscale.com/wp-content/uploads/2016/09/Poblano-Pepper-Planting-768x404.jpg
000154.jpg,https://www.azgrabaplate.com/wp-content/uploads/Steak-Tacos-with-Poblano-Pepper-Strips-and-Cream-Sauce-Rajas-con-Crema3.jpg
000155.jpg,https://i.pinimg.com/600x315/d3/f7/e3/d3f7e35026861a3ae8500a9d4f627ae6.jpg
000156.jpg,https://assets.epicurious.com/photos/5baa6f39699dbf53d1b3a6d2/master/w_5760,h_3840,c_limit/shutterstock_1143927128.jpg
000157.jpg,https://images.eatthismuch.com/site_media/img/90196_simmyras_2ce82d3c-1c36-4deb-a78a-7cd136067fed.png
000158.jpg,https://i1.wp.com/www.sandravalvassori.com/wp-content/uploads/2019/07/Jerk-Chicken-21970.jpg?resize=336%2C504
000159.jpg,https://smhttp-ssl-17653.nexcesscdn.net/media/catalog/product/cache/1/thumbnail/9df78eab33525d08d6e5fb8d27136e95/s/n/snv8406_1x.jpg
000160.jpg,https://ob8qxdtnu3-flywheel.netdna-ssl.com/wp-content/uploads/2010/09/Stuffed-Poblano-Peppers.jpg
000161.jpg,https://gardenerd.com/wp-content/uploads/2013/07/IMG_5367.jpg
000162.jpg,https://cdn.accentuate.io/11567267958/4169615409270/2.3.3.5_img0_poblano_pepper_tacos.jpg?1600x814
000163.jpg,https://cdn1.zonacooks.com/wp-content/uploads/2018/12/Chicken-Cheese-Stuffed-Poblano-Peppers-Recipe-for-Two-1.jpg
000164.jpg,https://plantinstructions.com/wp-content/uploads/2018/06/poblano-pepper-plant-1024x683.jpg
000165.jpg,https://minimalistbaker.com/wp-content/uploads/2013/10/Poblano-Pepper.jpg
000166.jpg,https://i.etsystatic.com/6221434/r/il/8ca160/933953164/il_794xN.933953164_r6kk.jpg
000167.jpg,https://i1.wp.com/masterofhort.com/wp-content/uploads/2012/11/poblano3.jpg
000168.jpg,https://sc02.alicdn.com/kf/HTB10evDJVXXXXcIXpXXq6xXFXXXg/Poblano-Pepper-Fresh-also-called-Pasilla-2010.jpg_350x350.jpg
000169.jpg,http://experiencemayahuel.com/wp-content/uploads/2015/11/mayahuel-poblano-chile.jpg
000170.jpg,https://www.themountainkitchen.com/wp-content/uploads/2014/05/oven-roasted-poblano-chili-peppers-1-1024x576.jpg
000171.jpg,https://thevegan8.com/wp-content/uploads/2015/05/poblanopeppersoup-1-of-1.jpg
000172.jpg,https://ministryofcurry.com/wp-content/uploads/2017/10/IMG_0038.jpg
000173.jpg,http://old.tetontrekker.com/wp-content/uploads/2019/02/img_3442-624x376.jpg
000174.jpg,https://live.staticflickr.com/1908/30848303977_bd8ec0c467_b.jpg
000175.jpg,https://render.fineartamerica.com/images/rendered/default/print/5.375/8.000/break/images-medium-5/poblano-pepper-tarick-foteh.jpg
000176.jpg,https://www.riceland.com/uploads/pages/poblano_pepper_and_brown_rice_soup_-_up_close.jpg
000177.jpg,https://www.pacificfoods.com/wp-content/uploads/2019/03/Organic-Poblano-Pepper-Corn-Chowder-17oz-1.png
000178.jpg,https://media.blueapron.com/recipes/1533/recipe_steps/6836/20160304-1626-4-3546/2P_020216_3_R_030216_4_MushroomKaleQuesadilla-5699.jpg?width=512
000179.jpg,https://www.weightwatchers.com/images/1033/dynamic/foodandrecipes/2011/10/HominyPoblanoPepperSaute_068_xl.jpg
000180.jpg,https://dinnerthendessert.com/wp-content/uploads/2018/02/Creamy-Chicken-Poblano-Pepper-Soup-688x1032.jpg
000181.jpg,https://gullosgc.com/wp-content/uploads/2019/05/ancho-villa.jpg
000182.jpg,https://www.plantshospital.com/wp-content/uploads/2019/02/poblano-pepper-benefits.jpg
000183.jpg,https://www.louisianacookin.com/wp-content/uploads/2017/04/PoblanoPepper_Web.jpg
000184.jpg,https://spinachtiger.com/wp-content/uploads/2013/07/313.jpg
000185.jpg,https://www.veggiegardener.com/wp-content/uploads/2009/03/poblano_p.png
000186.jpg,http://www.intersavia.com/images/semillas/pimiento/poblano-ISSP003/pimiento-poblano_01.jpg
000187.jpg,http://cdn.shopify.com/s/files/1/1022/5071/products/chocolate-poblano-pepper-seeds-capsicum-annuum-also-called-mulato-isleno-popular-chilies-in-mexico-1_630x630.jpg?v=1565027782
000188.jpg,https://www.dinneratthezoo.com/wp-content/uploads/2019/05/stuffed-poblano-peppers-5.jpg
000189.jpg,https://www.thechunkychef.com/wp-content/uploads/2017/01/Smoky-Beef-and-Poblano-Chili-6.jpg
000190.jpg,https://www.couponclippingcook.com/wp-content/uploads/2012/05/7-Poblano-Pepper-and-Chicken-640x499.jpg
000191.jpg,https://www.chefs-garden.com/TheChefsGarden/media/TCG/Product-Detail-Images/Peppers/Pablano/Peppers-Pablano-Size-Grid.jpg?width=360&height=450
000192.jpg,https://lynnecurry.com/content/uploads/whole-raw-poblano-pepper-closeup-610x915.jpg
000193.jpg,http://www.therusticfork.com/wp-content/uploads/2016/09/Roasted-Poblano-Pepper-Crema-1.jpg
000194.jpg,https://houseofnasheats.com/wp-content/uploads/2018/05/Grilled-Poblano-Pepper-Southwest-Burgers-1386.jpg
000195.jpg,https://www.kawvalleygreenhouses.com/uploads/images/580x700/8c7c6762456a49cf9c7aeba7abcc121a.jpg
000196.jpg,https://www.curiouscuisiniere.com/wp-content/uploads/2014/02/DSCF6516.2.jpg
000197.jpg,https://i2.wp.com/s3.amazonaws.com/chiots/wp-content/uploads/2017/09/homegrown-poblano-peppers-3.jpg?resize=450%2C675&ssl=1
000198.jpg,https://c8.alamy.com/comp/PGNEGC/poblano-pepper-plant-capsicum-annuum-at-wagner-farm-community-garden-in-glenview-illinois-usa-PGNEGC.jpg
000199.jpg,https://cdn.davidwolfe.com/wp-content/uploads/2018/01/Poblano-Pepper-Benefits-FI.jpg
000200.jpg,https://brenhaas.com/wp-content/uploads/2016/10/poblano_pepper.jpg
000201.jpg,http://1.bp.blogspot.com/-qfuvTdT4YVo/VFkGkD1qJuI/AAAAAAAABHM/WbOyLM_tNvo/s1600/038.JPG
000202.jpg,https://chilimania.hu/wp-content/uploads/Ancho-Poblano-chili-paprika-mag-15-szem.jpg
000203.jpg,https://lh3.googleusercontent.com/fO70SS2HbrQdZwlaR5ODtcTyhBORpODkBnjc76JU3DLv5mDhiTFndoRXWNEkYwIL8SegokEfvWNHUYvh5Ad2h3hGTTiPospvOTXNcw=w600-l68
000204.jpg,http://www.parkswholesaleplants.com/wp-content/uploads/2009/02/Tiburon-Poblano-Pepper.jpg
000205.jpg,https://cdn.kiwilimon.com/recetaimagen/33368/th5-640x426-38721.jpg
000206.jpg,http://1.bp.blogspot.com/-6wPhYe6lPLg/U4ObeGOnYxI/AAAAAAAAWhg/6mlm0Xxi_rY/s1600/052714maaf-creamypoblanosoup02.jpg
000207.jpg,https://cdn1.thegraciouswife.com/wp-content/uploads/2017/05/Creamy-Roasted-Poblano-Dip-Recipe-7.jpg
000208.jpg,https://peachdish.cdn.prismic.io/peachdish/c649a013ac967adce5d76d780573def68cf2ba8b_bowl_of_poblano_peppers.jpg
000209.jpg,https://www.farmstarliving.com/images/az/foods/Poblano%20Pepper_1422472430.jpg
000210.jpg,https://media.istockphoto.com/photos/chopped-poblano-pepper-on-white-picture-id906867256
000211.jpg,https://www.nicholsgardennursery.com/store/avactis-images/PepperPoblano.jpg
000212.jpg,http://mextrade.co.uk/wp-content/uploads/2015/12/DSC00866.jpg
000213.jpg,https://media.gettyimages.com/photos/chile-poblano-chili-picture-id1065073064?s=612x612
000214.jpg,https://mylifecookbook.com/wp-content/uploads/2019/08/chicken-poblano-stuffed-L.jpg
000215.jpg,https://www.pngtube.com/myfile/detail/330-3300953_pepper-transparent-one-poblano-pepper.png
000216.jpg,https://nanasbloomers.com/wp-content/uploads/2017/10/pepper-Poblanos-8.12.jpg
000217.jpg,https://i2.wp.com/healthishfoodie.com/wp-content/uploads/2017/10/DSCN0997.jpg?fit=1779%2C2244
000218.jpg,https://comps.canstockphoto.co.uk/sliced-poblano-ancho-pepper-paths-stock-images_csp63349357.jpg
000219.jpg,https://3.bp.blogspot.com/-WeOjuo8JWMI/VBNYhQUihVI/AAAAAAAAG30/XpZWXQPnpUA/s1600/Skinny%2Bpoblano%2Bpepper%2B%26%2Bcorn%2Bchowder.jpg
000220.jpg,http://cdn.sheknows.com/articles/2012/05/chefmom-stuffed-poblano-pepper.jpg
000221.jpg,https://cdn1.zonacooks.com/wp-content/uploads/2018/12/Chicken-Cheese-Stuffed-Poblano-Peppers-Recipe-for-Two-5.jpg
000222.jpg,http://www.familyfoodonthetable.com/wp-content/uploads/2015/03/Poblano-pepper.png
000223.jpg,https://i1.wp.com/butteryourbiscuit.com/wp-content/uploads/2018/09/chicken-and-cheese-stuffed-poblano-peppers-5.jpg?resize=680%2C1020&ssl=1
000224.jpg,https://media.mercola.com/assets/images/foodfacts/poblano-pepper-healthy-recipes.jpg
000225.jpg,https://thumbs.dreamstime.com/z/poblano-pepper-poblano-pepper-fork-102108430.jpg
000226.jpg,https://images-na.ssl-images-amazon.com/images/I/41VKjkWlwSL._SR600%2C315_PIWhiteStrip%2CBottomLeft%2C0%2C35_SCLZZZZZZZ_.jpg
000227.jpg,https://i.ytimg.com/vi/-avXhfj6VlA/maxresdefault.jpg
000228.jpg,https://www.mymetabolicmeals.com/wp-content/uploads/2017/09/raw-peppers.jpg
000229.jpg,https://i2.wp.com/whipandwander.com/wp-content/uploads/2018/09/Stuffed-Poblano-Peppers-2.jpg?resize=680%2C680&ssl=1
000230.jpg,http://www.freshpoint.com/wp-content/uploads/produce/pasillaii.jpg
000231.jpg,https://i2.wp.com/www.artfuldishes.com/wp-content/uploads/2017/03/roasting-peppers-1.jpg?resize=1070%2C749
000232.jpg,https://goodeggs1.imgix.net/product_photos/s54a6QsKTqCDFAfFiVyS_Peppers_Poblano%20%286c45e2f7527560b5514865bc8d8343311ed7bb67%29%20%281%29.jpg?w=840&h=525&fm=jpg&q=80&fit=crop
000233.jpg,https://hotspicyandskinnydotcom.files.wordpress.com/2012/09/poblano-chiles-2.jpg
000234.jpg,https://houseofnasheats.com/wp-content/uploads/2018/05/Grilled-Poblano-Pepper-Southwest-Burgers-1324.jpg
000235.jpg,https://i1.wp.com/www.fooddiaryofacitygirl.com/wp-content/uploads/2019/08/1fd2bea0-1a36-475b-adf0-7bd95c9d789d.jpg?resize=623%2C624&ssl=1
000236.jpg,https://www.riceland.com/uploads/pages/poblano_pepper_and_brown_rice_soup_-_main.jpg
000237.jpg,https://isteam.wsimg.com/ip/ed03018b-a3e3-11e4-ab0f-14feb5d39f6a/ols/237_original/:/rs=w:600,h:600
000238.jpg,http://1.bp.blogspot.com/-yWlvkZHzdUw/Vg2k2V8xDmI/AAAAAAAAB0I/2SWmkIxmY3w/s1600/Stuffed%2BPoblano%2BPepper%2B4.JPG
000239.jpg,https://i.ytimg.com/vi/OZ5xINvlYpQ/maxresdefault.jpg
000240.jpg,https://www.mysequinedlife.com/MSLblog/wp-content/uploads/2018/09/how-to-roast-poblano-peppers-in-the-oven-5.jpg
000241.jpg,https://i0.wp.com/anncavittfisher.com/wp-content/uploads/2019/04/Poblano-pepper-raw-w2.jpg?ssl=1
000242.jpg,https://static.wixstatic.com/media/883d86_5e06fd48cc4c43ca8d0cff37a9442516~mv2.png/v1/fill/w_562,h_432,al_c,lg_1/883d86_5e06fd48cc4c43ca8d0cff37a9442516~mv2.png
000243.jpg,https://www.diabetesfoodhub.org/system/thumbs/system/images/recipes/RecId_814_Plantains_SaboresDeCuba_022618_4131098897.jpg
000244.jpg,http://images.media-allrecipes.com/userphotos/960x960/3758222.jpg
000245.jpg,https://i0.wp.com/onfcoop.wpengine.com/wp-content/uploads/2016/08/poblano-pepper.png?resize=1041%2C680
000246.jpg,https://www.mexicanplease.com/wp-content/uploads/2016/12/roasted-poblano-soup-poblano-after-half-hour.jpg
000247.jpg,https://sage.blob.core.windows.net/media/57d9c0f271abb2ae73cd59c8_produce-ogpoblanopepper-1.jpg
000248.jpg,https://foodal.com/wp-content/uploads/2014/08/Black-Beans-and-Poblano-Pepper-Baked-Taquitos-Pin.jpg
000249.jpg,https://www.platingsandpairings.com/wp-content/uploads/2019/03/stuffed-poblano-peppers-3.jpg
000250.jpg,https://www.thecraftedsparrow.com/wp-content/uploads/2014/03/Potato-and-Poblano-Pepper-Burritos1.jpg
000251.jpg,https://cdn.shopify.com/s/files/1/2586/9918/products/51p_2B0Wk4LdL._SL1000_cf3e0d37-5989-4fc9-934c-5ef932f33f6e_530x@2x.jpg?v=1544771243
000252.jpg,http://4.bp.blogspot.com/-6on4Su9cJm0/TjeRCUOFQpI/AAAAAAAAJHg/pwVG8Xeaqag/s1600/poblano%2Bpepper%2Bhalved.jpg
000253.jpg,https://hispanickitchen.com/wp-content/uploads/2017/07/Empanadas-de-Rajas_1500-700x500.jpg
000254.jpg,https://mexicanappetizersandmore.com/wp-content/uploads/2017/09/The-Best-Roasted-Poblano-Bean-Dip-3.jpg
000255.jpg,https://www.delcarmenfruits.com/images/products/vegetables/poblando-pepper-organic-supplier-proveedor-IQF-puree.jpg
000256.jpg,https://1.bp.blogspot.com/-KMR8SaNKIv4/UnqNxmhEeMI/AAAAAAAAFgc/VnH-cJl-WQY/s1600/White+Chicken+Chili.JPG
000257.jpg,https://images.reference.com/amg-cms-reference-images/prod/poblano-pepper-look-like_17868f565a3532da.jpg?width=760&height=411&fit=crop
000258.jpg,http://kneadtocook.com/wp-content/uploads/2012/05/IMG_8901.jpg
000259.jpg,https://worldcrops.org/sites/worldcrops.org/files/crops/Poblano_peppers_in_Patcuaro_-_550.JPG
000260.jpg,https://www.tablefortwoblog.com/wp-content/uploads/2017/06/creamy-poblano-and-chicken-soup-recipe-photos-tablefortwoblog-3.jpg
000261.jpg,https://www.naturalgardening.com/images/pepper_poblano_orig_L.jpg
000262.jpg,https://s3.amazonaws.com/sfc-dynamic-content/gallery/3371/original/wGPdlG1rQ42xUlzkp8FS2A.jpg
000263.jpg,http://www.grandeproduce.com/wp-content/uploads/2017/09/poblanos.jpg
000264.jpg,https://nbclatino.files.wordpress.com/2012/08/best-poblano-pepper-21.jpg?w=640
000265.jpg,https://inmamamaggieskitchen.com/wp-content/uploads/2019/03/How-hot-are-chiles.jpg
000266.jpg,https://www.twopeasandtheirpod.com/wp-content/uploads/2014/02/Stuffed-Peppers1.jpg
000267.jpg,https://dinnerthendessert.com/wp-content/uploads/2018/02/Creamy-Chicken-Poblano-Pepper-Soup-2-688x973.jpg
000268.jpg,https://i1.wp.com/platein28.com/wp-content/uploads/2019/05/Happy-Poblano-Pepper-Person-e1558711325762.jpeg?fit=740%2C866&ssl=1
000269.jpg,https://www.chili-shop24.com/media/image/95/59/99/9127_1_Ancho-Poblano_600x600.jpg
000270.jpg,https://t4.ftcdn.net/jpg/02/64/60/67/240_F_264606716_XmgnJqXbMAUAbAvAuK99uRhOvJM2Yfsv.jpg
000271.jpg,https://i0.wp.com/www.tasty-lowcarb.com/wp-content/uploads/2019/05/Cover-Shot-f14-83.jpg?resize=1140%2C500&ssl=1
000272.jpg,http://recipefiction.com/wp-content/uploads/2015/09/broiled-poblano-peppers.jpg
000273.jpg,https://www.gourmetsleuth.com/images/default-source/dictionary/poblano_slide-jpg.jpg?sfvrsn=4
000274.jpg,https://www.lemonsforlulu.com/wp-content/uploads/2019/04/Taco-Stuffed-Poblano-Peppers-7-700x1050.jpg
000275.jpg,https://www.thechili.life/wp-content/uploads/2017/08/capsicum_annuum_poblano_chile_indoor-growing-768x1024.jpg
000276.jpg,https://www.beeflovingtexans.com/wp-content/uploads/2017/06/Roasted-poblano-burger-w-pepper-jack-cheese-1500x650.jpg
000277.jpg,https://www.cindystable.com/cache/com_zoo/images/eggs-poblano_1394e71ee48cad85863bccfd34654ce4.JPG
000278.jpg,https://www.capgenseeds.com/images/productos/pimientos/cobalto/pimiento-cobalto-2.jpg
000279.jpg,https://www.grubmarket.com/images/thumb/grubmarketproduce/4574021411_new_organic_poblano_pepper.jpg
000280.jpg,https://reluctantentertainer.com/wp-content/uploads/2018/01/Stuffed-Poblano-Peppers-with-Spanish-Style-Rice-8-700x1049.jpg
000281.jpg,https://www.pacificfoods.com/wp-content/uploads/2019/03/Organic-Poblano-Pepper-Corn-Chowder-17oz-2.jpg
000282.jpg,https://d104wv11b7o3gc.cloudfront.net/wp-content/uploads/2019/05/stuffed-poblano-peppers-ground-beef-7.jpg
000283.jpg,https://girlwiththeironcast.com/wp-content/uploads/2019/07/7DA65736-5871-4565-BC89-CB595F28E2A2-837x1024.jpg
000284.jpg,https://www.rachaelraymag.com/.image/t_share/MTYxMzAzMzE4NjI5NjU2NTQw/poblano-pepper-jack-pizzas-with-avocado-101904532.jpg
000285.jpg,https://live.staticflickr.com/4042/4273709851_4ea13432e0.jpg
000286.jpg,http://tetontrekker.com/wp-content/uploads/2019/02/IMG_3452.jpg
000287.jpg,https://cdn.thehealthybutcher.com/images/P.cache.x1/PeppersVegetable_94075_Poblano_Pepper_Single.jpg
000288.jpg,https://img1.wsimg.com/isteam/ip/5907b179-b8b3-4629-b7b1-944ea658a42e/POBLONO%20PEPPERS%20RAW.jpg/:/cr=t:0%25,l:0%25,w:100%25,h:100%25/rs=w:1280
000289.jpg,https://6sd6hj41ya-flywheel.netdna-ssl.com/wp-content/uploads/2018/02/goodall-1.jpg
000290.jpg,https://www.aerogarden.com/wp/wp-content/uploads/2019/06/Poblano.jpg
000291.jpg,https://i.etsystatic.com/14438497/r/il/0b67a1/1247736057/il_fullxfull.1247736057_frqg.jpg
000292.jpg,https://previews.123rf.com/images/maxsol7/maxsol71701/maxsol7170100047/69401578-immature-sliced-poblano-pepper-capsicum-annuum-also-called-ancho-when-ripe-new-mexico-numex-chile-cl.jpg
000293.jpg,https://www.fattofitchick.com/wp-content/uploads/2017/04/Keto-Mexican-Poblano-Pepper-with-Spanish-Cauli-Rice-and-Two-Cremas.jpg
000294.jpg,http://farm4.static.flickr.com/3624/3427708730_cb35c399a7_b.jpg
000295.jpg,https://i.redd.it/z0uq4sqvjq831.jpg
000296.jpg,https://www.cookingforkeeps.com/wp-content/uploads/2019/01/Creamy-Poblano-Pasta-7-1.jpg
000297.jpg,https://townsquare.media/site/65/files/2018/09/chocolate-chip-cookie-go.jpg?w=980&q=75
000298.jpg,https://informationalcuisine.com/wp-content/uploads/2019/07/Stuffed-Poblano-Pepper-with-Mango-Salsa-300x220.png
000299.jpg,https://www.the-girl-who-ate-everything.com/wp-content/uploads/2015/05/TheGirlWhoAteEverything_ChileRellenoFlautas_Step2_Horizontal-1024x768.jpg
000300.jpg,https://cdn.shopify.com/s/files/1/2630/8280/products/Poblano_Ancho_Pepper_250x.jpg?v=1518222107
000301.jpg,https://keto-daily.com/wp-content/uploads/2019/06/Keto-Poblano-Poppers-Recipe.jpg
000302.jpg,https://www.tasteofhome.com/wp-content/uploads/2018/06/Easy-Stuffed-Poblanos_EXPS_SDAS18_174773_D03_29__1b-696x696.jpg
000303.jpg,http://stmedia.stimg.co/ows_144198743898816.jpg?fit=crop&crop=faces
000304.jpg,https://i.ebayimg.com/images/g/7WcAAOSwoGxcoM4P/s-l300.jpg
000305.jpg,https://www.gannett-cdn.com/-mm-/b9e0d0fb7a942a7df18baa51b58f8b1fac1a920e/c=0-92-1800-1109/local/-/media/2015/03/20/Phoenix/Phoenix/635624598121967376-Pic-3-Corn-Saute.jpg?width=3200&height=1680&fit=crop
000306.jpg,https://joaniesimon.com/wp-content/uploads/2019/04/Chicken-Stuffed-Poblano-Peppers-3.jpg
000307.jpg,https://www.thespruceeats.com/thmb/MV82nAHS2aljqi_y5G3Cz-WLDGc=/960x0/filters:no_upscale():max_bytes(150000):strip_icc()/PoblanoPepperRelish-56b7433b5f9b5829f837eb0a.jpg
000308.jpg,https://gardenerd.com/wp-content/uploads/2013/09/IMG_5579.jpg
000309.jpg,https://st3.depositphotos.com/1001459/19547/i/1600/depositphotos_195472430-stock-photo-chili-pepper-poblano.jpg
000310.jpg,http://static1.squarespace.com/static/54f26c32e4b09389aa381106/550a0d52e4b0d34e8f580eda/59ccd7f2c534a582e86f7ab1/1508763442784/Del+Stroufe+Potato+corn+%26+Pablano+Pepper+Taquitos.jpg?format=1500w
000311.jpg,https://i.pinimg.com/originals/d7/f9/83/d7f983735672e57e857fb23cf6ebd3af.jpg
000312.jpg,https://www.budgetbytes.com/wp-content/uploads/2013/06/2-roasted-peppers.jpg
000313.jpg,https://www.pookspantry.com/wp-content/uploads/2016/01/11-edit.jpg
000314.jpg,https://i.imgur.com/1PABSEi.jpg
000315.jpg,https://i1.wp.com/www.britinthesouth.com/wp-content/uploads/2017/03/red-poblanos.png
000316.jpg,https://www.awickedwhisk.com/wp-content/uploads/2014/12/Poblano-Chicken-Risotto-683x1024.jpg
000317.jpg,https://www.friendsschoolplantsale.com/sites/default/files/styles/square_480/public/images/variety/V-Pepper-Baron-Johnnys.jpg?itok=8dtbIgt8
000318.jpg,https://www.tasteandtellblog.com/wp-content/uploads/2010/11/Poblano-Pepper-Slider-Burgers-tasteandtellblog.com-2-600x900.jpg
000319.jpg,http://s3.amazonaws.com/foodcare-images/recipe_dishes/pictures/000/146/553/medium/1396651322?1396651321
000320.jpg,https://img-aws.ehowcdn.com/877x500p/s3-us-west-1.amazonaws.com/contentlab.studiod/getty/cache.gettyimages.com/aa7a11caec1f42a08fd56b2d90835da9.jpg
000321.jpg,http://ingeval.co/wp-content/uploads/2019/03/poblano-pepper-plants-carrot-pepper-plant-poblano-pepper-seeds-canada-poblano-pepper-plant-spacing.jpg
000322.jpg,https://elkstonefarm.com/wp-content/uploads/2016/09/Poblano-pepper.jpg
000323.jpg,https://cdn.shopify.com/s/files/1/0934/6252/products/poblano_620x.jpg?v=1545506248
000324.jpg,https://fthmb.tqn.com/CHSdtXNL1b3joBRmKR691eDQSlQ=/2500x1875/filters:fill(auto,1)/poblano-2500-56a210213df78cf772718b39.jpg
000325.jpg,http://4.bp.blogspot.com/_pS5j6jtk378/TSmlgn1AdFI/AAAAAAAAMNA/Y1Bgrqs4njE/s1600/IMG_6289.JPG
000326.jpg,http://www.flik-usa.com/images/uploads/blog/_articleLandscape/stuffed-poblanos-2.jpg
000327.jpg,https://internationalmenu.com/wp-content/uploads/2017/09/img_7468-321x232.jpg
000328.jpg,https://media-cdn.tripadvisor.com/media/photo-s/10/14/4e/77/guild-house-dinner-july.jpg
000329.jpg,https://www.myvalue365.com/upload_images/product/tiny/1502465563-poblano-pepper.jpg
000330.jpg,https://image.shutterstock.com/image-photo/single-poblano-pepper-isolated-against-260nw-539050234.jpg
000331.jpg,https://www.piedmontfarmandgarden.com/v/vspfiles/photos/PPP144-2T.jpg?v-cache=1366092667
000332.jpg,https://thelatinkitchen.com/sites/default/files/styles/recipe-big/public/main/888/chile_relleno_de_quinoa.pv_5.jpg?itok=M8ztwoMf
000333.jpg,https://idahopotato.com/cache/9a56d8058adeb8b15e04c8b6ebbc49ec_w720.jpg
000334.jpg,https://i1.wp.com/eatroamlive.com/wp-content/uploads/2017/10/El-Mero-MEro-Roasted-Poblano-Pepper.jpg?ssl=1
000335.jpg,https://photo.foodgawker.com/wp-content/uploads/2019/08/3476614.jpg
000336.jpg,https://c8.alamy.com/comp/KX2RBW/preparing-to-chop-freshly-rinsed-and-poblano-pepper-with-seeds-removed-KX2RBW.jpg
000337.jpg,https://4b88jq3r6efj3m2kjq2ft5hh-wpengine.netdna-ssl.com/wp-content/uploads/peppers.jpg
000338.jpg,https://static3.bigstockphoto.com/0/4/2/large1500/240199558.jpg
000339.jpg,http://myhumbleopinion.info/wp-content/uploads/2019/02/what-to-do-with-poblano-peppers-from-garden-a-dish-with-three-uncooked-peppers-poblano-pepper-garden.jpg
000340.jpg,http://macho-libre.com/wp-content/uploads/2019/02/ChilePoblano.jpg
000341.jpg,https://cookieandkate.com/images/2018/10/portobello-and-poblano-fajitas-2.jpg
000342.jpg,https://www.gardenfork.tv/wp-content/uploads/2012/10/IMG_80371.jpg
000343.jpg,https://www.pepperscale.com/wp-content/uploads/2016/03/Poblano-Vs.-Jalapeno-768x512.jpeg
000344.jpg,http://www.tastycasserole.com/oven-roasted-pulled-bbq-chicken-cheese-jalapeno-recipe/lidow_2018629130145/
000345.jpg,https://klcode-images.imgix.net/1484265934poblanopepper.jpg?auto=compress
000346.jpg,http://ludanproduce.com/wp-content/uploads/2019/02/Chile-Ancho.png
000347.jpg,https://data.thefeedfeed.com/recommended/post_2661152.jpeg
000348.jpg,https://www.cookingforkeeps.com/wp-content/uploads/2019/01/Creamy-Poblano-Pasta-5-1.jpg
000349.jpg,https://www.mainstreetseedandsupply.com/v/vspfiles/photos/VSPEPAB-2T.jpg
000350.jpg,https://www.thechili.life/wp-content/uploads/2017/08/capsicum_annuum_poblano_chili-pepper_indoor-growing-1024x768.jpg
000351.jpg,https://i1.wp.com/integrativenutritionrecipes.com/wp-content/uploads/2017/10/poblano-pepper-prepped.jpeg?resize=375%2C375&ssl=1
000352.jpg,https://thekittchen.com/wp-content/uploads/2017/08/Beef-Stuffed-Poblano-Pepper-Recipe.jpg
000353.jpg,https://cookinglsl.com/wp-content/uploads/2016/05/skirt-steak-poblano-peppers-tacos-2-1.jpg
000354.jpg,http://www.hobbyandcook.com/wp-content/uploads/2018/01/Scramble-Eggs-With-Poblano-Pepper1-1.png
000355.jpg,https://www.bodegasanmarcos.us/wp-content/uploads/2015/11/poblanos.png
000356.jpg,https://www.threeolivesbranch.com/wp-content/uploads/2018/02/Corn-Poblano-Cheddar-Frittata-5.jpg
000357.jpg,http://media.gettyimages.com/photos/poblano-pepper-isolated-with-a-white-background-picture-id906866794?s=170667a&w=1007
000358.jpg,https://joaniesimon.com/wp-content/uploads/2019/04/Chicken-Stuffed-Poblano-Peppers-7.jpg
000359.jpg,https://juliassimplysouthern-com.exactdn.com/wp-content/uploads/COVER-1-Green-stuffed-Poblano-pepper-with-a-southwest-chicken-black-bean-and-corn-with-cheese-mixture-Stuffed-pepper-recipe-with-poblanos-Amazing-Delicious-Easy-Julias-Simply-Southern.jpg?strip=all&lossy=1&resize=1080%2C1329&ssl=1
000360.jpg,https://www.isabeleats.com/wp-content/uploads/2019/08/how-to-roast-poblano-peppers-small-4.jpg
000361.jpg,https://www.twopeasandtheirpod.com/wp-content/uploads/2014/02/Stuffed-Peppers2.jpg
000362.jpg,https://ketocookingchristian.com/wp-content/uploads/2019/01/Creamy-Chicken-Poblano-Keto-and-Low-Carb.png
000363.jpg,https://www.lemonsforlulu.com/wp-content/uploads/2019/04/Taco-Stuffed-Poblano-Peppers-9-700x1050.jpg
000364.jpg,https://aggieskitchen.com/wp-content/uploads/2017/05/5-Ingredient-Stuffed-Turkey-Black-Bean-Poblanos-2-640x960.jpg
000365.jpg,https://i2.wp.com/www.artfuldishes.com/wp-content/uploads/2017/03/roasting-peppers-6.jpg?resize=1093%2C699
000366.jpg,https://alittleandalot.com/wp-content/uploads/2018/01/600-Stuffed-Poblano-Peppers-10.jpg
000367.jpg,http://www.smithfield.com/wp-content/uploads/NewRecipe_936x398_PoblanoPepper.jpg
000368.jpg,https://media-cdn.tripadvisor.com/media/photo-s/12/e7/e9/f9/grilled-poblano-pepper.jpg
000369.jpg,https://render.fineartamerica.com/images/rendered/medium/print/images-medium-5/poblano-pepper-shawna-rowe.jpg
000370.jpg,http://semiseriouschefs.com/wp-content/uploads/2017/05/20170528_1456420-e1496119528319.jpg
000371.jpg,http://www.simplyscratch.com/wp-content/uploads/2014/04/Bacon-Potato-+-Poblano-Breakfast-Skillet-l-www.SimplyScratch.com-poblano-pepper-collage.jpg
000372.jpg,https://4.bp.blogspot.com/-YpDMB00_Vtk/UKB3BLTB4rI/AAAAAAAAJSM/ohyZ07Vy8hg/s1600/Torta+de+Rajas+y+Champi%C3%B1ones+Prep+1.jpg
000373.jpg,https://plantinstructions.com/wp-content/uploads/2018/06/poblano-pepper-harvest.jpg
000374.jpg,https://i0.wp.com/www.goodthymekitchen.com/wp-content/uploads/2016/10/poblano1.jpg?resize=1537%2C2049
000375.jpg,https://as2.ftcdn.net/jpg/01/21/99/99/500_F_121999944_5GOIpM5mxGMYgkPkmF5L1tk6vTf1I0pD.jpg
000376.jpg,https://www.thechunkychef.com/wp-content/uploads/2014/11/Poblano-Potato-Chowder-PIN2.jpg
000377.jpg,https://www.lecremedelacrumb.com/wp-content/uploads/2018/09/stuffed-poblano-peppers-104.jpg
000378.jpg,https://i5.walmartimages.com/asr/d6ccf119-9725-49a9-8ceb-4188938cac0a_1.5d01c2e8693343dbe9d93eeedcd2bb08.jpeg?odnHeight=450&odnWidth=450&odnBg=FFFFFF
000379.jpg,https://highlandsranchfoodie.com/wp-content/uploads/2013/01/Chicken-and-Cheese-Soup.jpg
000380.jpg,https://www.emilyenchanted.com/wp-content/uploads/2018/02/Chicken-Stuffed-Poblano-Pepper.jpg
000381.jpg,https://media.istockphoto.com/photos/poblano-pepper-sliced-picture-id903330290
000382.jpg,https://cdn.sunbasket.com/f769f017-de7a-41cb-9b42-19b16754902f.jpeg
000383.jpg,https://search.chow.com/thumbnail/1230/0/www.chowstatic.com/assets/2018/05/recipes_bghd.jpg
000384.jpg,https://images.unsplash.com/photo-1527251528030-80d769a580a9?ixlib=rb-1.2.1&ixid=eyJhcHBfaWQiOjEyMDd9&w=1000&q=80
000385.jpg,https://www.chilipeppermadness.com/wp-content/uploads/2018/05/Picadillo-Stuffed-Poblano-Peppers-Roasting-Poblanos1.jpg
000386.jpg,https://www.mexicanplease.com/wp-content/uploads/2016/09/wet-poblano-burrito-roasting-poblanos.jpg
000387.jpg,https://www.yummly.com/images/Grilled-Panela-Cheese-with-Poblano-Pepper-Strips-recipe-519004
000388.jpg,https://beansriceeverythingnice.weebly.com/uploads/3/9/4/5/39457765/32-sauce-from-side-close_orig.jpg
000389.jpg,http://bevcooks.com/wp-content/uploads/2016/09/DSC_0148-2.jpg
000390.jpg,https://www.jessicagavin.com/wp-content/uploads/2019/05/types-of-peppers-pasilla-600x400.jpg
000391.jpg,https://i0.wp.com/www.foodhuntress.com/wp-content/uploads/2015/10/60.1.jpg
000392.jpg,https://www.creative-culinary.com/wp-content/uploads/poblano-corn-soup-2.jpg
000393.jpg,https://i1.wp.com/gigglesgobblesandgulps.com/wp-content/uploads/2015/05/poblano-pepper-dip4-thumb.jpg?fit=680%2C350&ssl=1
000394.jpg,https://images.media-allrecipes.com/userphotos/250x250/766041.jpg
000395.jpg,https://infoodmarketing.com/wp-content/uploads/2017/03/Waffles_418FINAL.jpg
000396.jpg,https://www.acozykitchen.com/wp-content/uploads/2018/02/CharredCornQuesoFundido-3.jpg
000397.jpg,https://www.tasteandtellblog.com/wp-content/uploads/2010/11/Poblano-Pepper-Slider-Burgers-tasteandtellblog.com-1-600x900.jpg
000398.jpg,https://i0.wp.com/theforkingtruth.com/wp-content/uploads/2018/08/fullsizeoutput_6fe7.jpeg
000399.jpg,https://nanasbloomers.com/wp-content/uploads/2017/10/pepper-poblano3.jpg
000400.jpg,https://www.rareseeds.com/assets/1/14/DimRegular/Poblano-Pepper.jpg
000401.jpg,https://www.capgenseeds.com/images/productos/pimientos/selenio/pimiento-selenio-2.jpg
000402.jpg,https://media2.s-nbcnews.com/j/newscms/2015_25/639586/cornpudding-today-tease-150619_e2164e43fa95682bc9dbdf764ffec37b.today-inline-large.jpg
000403.jpg,http://www.theartoflivingbeautifully.net/wp-content/uploads/2017/10/Roasted_Poblano_Soup_McKinney_Texas-1-1024x768.jpg
000404.jpg,http://4.bp.blogspot.com/-Gn5HayXz3xg/U4Oblum3yPI/AAAAAAAAWho/yFFlDxA9dL8/s1600/052714maaf-creamypoblanosoup03.jpg
000405.jpg,https://savoryspin.com/wp-content/uploads/2017/07/Easy-Eggplant-Curry-With-Pablano-peppers.jpg
000406.jpg,https://thumbs.dreamstime.com/z/green-poblano-ancho-pepper-paths-also-called-ripe-dried-capsicum-annuum-new-mexico-numex-chile-clipping-shadow-separated-92228157.jpg
000407.jpg,http://1.bp.blogspot.com/-K6KRbojiE2g/Vj-CgtiHfsI/AAAAAAAAeyI/foIJMZ5EN8I/s1600/poblano%2Bpepper%2Broasted.jpg
000408.jpg,https://previews.agefotostock.com/previewimage/medibigoff/4106fc06761824141a8c7143e804d0fa/a18-914635.jpg
000409.jpg,https://s3-media4.fl.yelpcdn.com/bphoto/JrskpV8c6nHvW0_Q2yCSFA/o.jpg
000410.jpg,https://alittleandalot.com/wp-content/uploads/2018/01/600-Stuffed-Poblano-Peppers-4.jpg
000411.jpg,https://comps.canstockphoto.com/poblano-chili-peppers-chile-capsicum-stock-images_csp5300425.jpg
000412.jpg,https://i1.wp.com/thecompletesavorist.com/wp-content/uploads/2016/03/pksp-served.jpg?ssl=1
000413.jpg,https://i0.wp.com/www.britinthesouth.com/wp-content/uploads/2017/03/bhfm.png
000414.jpg,https://thelatinkitchen.com/sites/default/files/styles/article_main_image/public/main/888/poblano_pepper-shutterstock.jpg?itok=5HXyC-kW
000415.jpg,http://images.media-allrecipes.com/userphotos/960x960/5324448.jpg
000416.jpg,https://img-global.cpcdn.com/001_recipes/6561057192017920/751x532cq70/poblano-pepper-grilled-cheese-recipe-main-photo.jpg
000417.jpg,https://hispanickitchen.com/wp-content/uploads/2016/09/Poblano_Pizza-700x500.jpg
000418.jpg,https://www.spicejungle.com/media/catalog/product/cache/2/image/9df78eab33525d08d6e5fb8d27136e95/d/r/dried_mulato_chiles_2_2.jpg
000419.jpg,https://asimplepantry.com/wp-content/uploads/2014/11/Roasted-Poblano-Soup-5.png
000420.jpg,http://www.makingthymeforhealth.com/wp-content/uploads/2016/09/Roasted-Poblano-Corn-Chowder-9.jpg
000421.jpg,https://images-na.ssl-images-amazon.com/images/I/5162NUY8nlL._SX425_.jpg
000422.jpg,https://juliewatsonyoga.com/wp-content/uploads/2017/11/IMG_5778-1400x600@2x.jpg
000423.jpg,https://image.zmenu.com/menupic/2870807/w_20190629231112907181.jpeg
000424.jpg,https://littlefamilyadventure.com/wp-content/uploads/2014/04/Shrimp-Stuffed-Poblano-Peppers-1.jpg
000425.jpg,https://cdn.kiwilimon.com/recetaimagen/34583/th5-640x426-40126.jpg
000426.jpg,http://cdn.shopify.com/s/files/1/0124/0717/7280/products/ancho-pablano-2_1200x1200.jpg?v=1546752509
000427.jpg,https://loveonaplate.net/wp-content/uploads/2019/02/StuffedPepperSoup_feature_1600-1200x550.jpg
000428.jpg,http://www.rickbayless.com/wp-content/uploads/2014/09/Red-Poblano570x315.jpg
000429.jpg,https://www.kawvalleygreenhouses.com/uploads/images/580x700/8af0e5713d6048528a81142c9e09dd96.jpg
000430.jpg,https://www.macheesmo.com/wp-content/uploads/2012/07/breakfast-stuffed-peppers-1-1.jpg
000431.jpg,http://www.tastycasserole.com/wp-content/uploads/2018/06/lidow_2018629125920692.jpg
000432.jpg,https://1.bp.blogspot.com/_L_3iC0zfdoo/S1esTMoLZtI/AAAAAAAASNw/uTypGLFRUtY/s400/IMG_7622.JPG
000433.jpg,https://dailypainters.com/artists/Connie-Chadwell/paintings/full/2018/760/poblano_pepper___still_life_painting.jpg
000434.jpg,https://www.aashpazi.com/dishes/recipes/stuffed-poblano-pepper-photo.png
000435.jpg,https://highlandsranchfoodie.com/wp-content/uploads/2016/09/chile-rellano-pumpkin-mole.jpg
000436.jpg,https://www.whatsfordinner.com/wp-content/uploads/2017/05/main-mexican-sausage-poblano-peppers-960x540.jpg
000437.jpg,https://www.alberteve.com/image/cache/catalog/pablanoPepperWeb1-1080x1.jpeg
000438.jpg,http://www.spiciefoodie.com/blogimages/2014/08/SteakPoblanoFajitas01.jpg
000439.jpg,https://assets.marthastewart.com/styles/wmax-1500/d29/poblano-cheese-corn-mld107744/poblano-cheese-corn-mld107744_sq.jpg?itok=kAWrO2Ia
000440.jpg,https://savorysweetlife.com/wp-content/uploads/2014/09/Poblano-Peppers-and-Eggs.jpg
000441.jpg,http://saltandwind.com/media/_versions/recipes/aida-mollenkamp-chicken-poblano-chili-recipe_h_big.jpg
000442.jpg,https://www.callmepmc.com/wp-content/uploads/2018/03/How-to-peel-and-roast-poblano-peppers-labell.jpg
000443.jpg,http://www.latinofoodie.com/pages/wp-content/uploads/2015/11/Horizontal-1-Kale-and-Roasted-Butternut-Squash-Stuffed-Poblano-Pepper.jpg
000444.jpg,https://previews.123rf.com/images/maxsol7/maxsol71701/maxsol7170100043/69401579-immature-whole-poblano-pepper-capsicum-annuum-also-called-ancho-when-ripe-new-mexico-numex-chile-cli.jpg
000445.jpg,https://grfresh.us/wp-content/themes/grFreshUS/assets/images/single-products/poblano-peppers.jpg
000446.jpg,https://www.thecraftedsparrow.com/wp-content/uploads/2014/03/Potato-and-Poblano-Pepper-Burritos-6.jpg
000447.jpg,https://d2lnr5mha7bycj.cloudfront.net/product-image/file/large_ca3dbdba-6742-4ded-9165-f0205372af35.jpg
000448.jpg,https://t1.thpservices.com/previewimage/gallil/3c9958bfcb8ca54b06005dd2cd9b6796/esy-022183555.jpg
000449.jpg,https://dinnerthendessert.com/wp-content/uploads/2018/02/Creamy-Chicken-Poblano-Pepper-Soup-4-688x853.jpg
000450.jpg,https://www.healthbenefitstimes.com/9/gallery/poblano-pepper/Poblano-pepper-plant.jpg
000451.jpg,https://cdn10.bigcommerce.com/s-yaozho/products/2942/images/12886/chili_pepper_tiburon_2__27062.1483991583.300.300.jpg?c=2
000452.jpg,https://st3.depositphotos.com/3147771/14704/i/1600/depositphotos_147043953-stock-photo-ripe-ancho-poblano-pepper-top.jpg
000453.jpg,https://copykat.com/wp-content/uploads/2014/11/Soup-Ingredients.jpg
000454.jpg,https://familyfoodandtravel.com/wp-content/uploads/2015/10/Poblano-Pepper-Broccoli-and-Chicken-casserole-2.jpg
000455.jpg,https://s3-media1.fl.yelpcdn.com/bphoto/sRzsC-7gKW97C6UPW5FU3w/o.jpg
000456.jpg,https://t3.ftcdn.net/jpg/01/81/68/34/240_F_181683425_cyPRwVgjXWnjo0D7Vj3GCD66x99sEETg.jpg
000457.jpg,https://i2.wp.com/gigglesgobblesandgulps.com/wp-content/uploads/2015/05/poblano-pepper-dip4.jpg?ssl=1
000458.jpg,https://d1nw62gticy6e9.cloudfront.net/uploads/Poblano-Pepper-Seeds.jpg
000459.jpg,https://upload.wikimedia.org/wikipedia/commons/9/9e/PasillaKnife.jpg
000460.jpg,https://www.dinneratthezoo.com/wp-content/uploads/2019/05/stuffed-poblano-peppers-3.jpg
000461.jpg,https://images.eatthismuch.com/site_media/img/336004_adamprimi_55326f8e-cb96-4124-964f-4e8501a65d31.png
000462.jpg,https://i1.wp.com/www.andicakes.com/wp-content/uploads/2011/03/Poblano-Pepper-Onion-and-cheese-empanada.jpg
000463.jpg,https://inmamamaggieskitchen.com/wp-content/uploads/2017/09/Sliced-and-Diced-Roasted-Poblano.jpg
000464.jpg,https://assets.bonappetit.com/photos/57e3f9a3bf7e91497a10e71c/master/pass/ttar_poblanopepper_v.jpg
000465.jpg,https://res.cloudinary.com/teepublic/image/private/s--E-PSlqcS--/c_crop,x_10,y_10/c_fit,w_776/c_crop,g_north_west,h_1100,w_554,x_111,y_-235/l_upload:v1452885561:production:blanks:gawvl5gka1pqwssxidw5/fl_layer_apply,g_north_west,x_-361,y_-312/b_rgb:6e2229/c_limit,f_jpg,h_630,q_90,w_630/v1467728866/production/designs/571076_1.jpg
000466.jpg,https://gardenerd.com/wp-content/uploads/2013/07/IMG_5222.jpg
000467.jpg,https://ericasrecipes.com/wp-content/uploads/2014/05/Poblano-Pepper-and-Pepperjack-Popovers-4W.jpg
000468.jpg,https://www.themountainkitchen.com/wp-content/uploads/2014/05/oven-roasted-poblano-chili-peppers-2-1-1024x609.jpg
000469.jpg,https://image.shutterstock.com/image-photo/sliced-poblano-pepper-on-plate-260nw-327055445.jpg
000470.jpg,https://lh4.ggpht.com/_OaYG005JPDs/S4rTFQo4qzI/AAAAAAAAA7Y/onsPNgEmtSc/s640/Stuffed%20Poblanos.jpg
000471.jpg,http://2.bp.blogspot.com/-7Kvjn1MDyT0/TjeSMIAsYzI/AAAAAAAAJHw/PItDf3R4RyA/s1600/poblano%2Bpepper%2Bhalved%2Band%2Bseeded.jpg
000472.jpg,https://houseofnasheats.com/wp-content/uploads/2018/05/Grilled-Poblano-Pepper-Southwest-Burgers-1380.jpg
000473.jpg,https://www.mysequinedlife.com/MSLblog/wp-content/uploads/2019/09/healthy-stuffed-poblano-peppers-7a.jpg
000474.jpg,https://foodal.com/wp-content/uploads/2014/08/Slow-Cooked-Black-Beans-and-Poblano-Pepper-Baked-Taquitos-3.jpg
000475.jpg,https://girlwiththeironcast.com/wp-content/uploads/2019/07/IMG_8086-1024x883.jpg
000476.jpg,https://res.cloudinary.com/mealthy1/image/upload/ar_16:11,c_fill,f_auto,h_600,q_auto:best,w_800/v1506700650/Quinoa-stuffed-poblano-peppers_acikz8.png
000477.jpg,https://www.slenderkitchen.com/sites/default/files/styles/feed_list_xs_1x/public/recipe_images/poblano-pepper-pinto-bean-tostadas.jpg
000478.jpg,https://i0.wp.com/butteryourbiscuit.com/wp-content/uploads/2018/09/roasted-poblano-pepper-beef-chili-9.jpg?fit=680%2C1020&ssl=1&resize=350%2C200
000479.jpg,https://hotspicyandskinnydotcom.files.wordpress.com/2012/09/dsc030061.jpg
000480.jpg,https://www.lemonsforlulu.com/wp-content/uploads/2019/04/Stuffed-Poblano-Pepper-PIN.jpg
000481.jpg,https://live.staticflickr.com/3065/3013334712_2ed0cc4cee.jpg
000482.jpg,https://media.blueapron.com/recipes/22064/square_newsletter_images/1557848207-33-0051-3983/0617_W2_Tacos_1289_Square_Web_hi_res.jpg
000483.jpg,https://i.pinimg.com/originals/57/de/65/57de6505e43e1aaf24ca6cfe3cb74a94.jpg
000484.jpg,https://media.istockphoto.com/photos/fresh-poblano-pepper-isolated-picture-id869363708
000485.jpg,https://thevegan8.com/wp-content/uploads/2015/02/PicMonkey-Collage.jpg
000486.jpg,https://www.chilipeppermadness.com/wp-content/uploads/2018/08/Cream-Cheese-Stuffed-Poblano-Peppers-RECIPE1.jpg
000487.jpg,https://www.thechili.life/wp-content/uploads/2017/08/capsicum_annuum_poblano_chile-pepper_grow-tent-fertilizer-size-big-1024x588.jpg
000488.jpg,https://media-cdn.tripadvisor.com/media/photo-s/0e/6b/29/94/poblano-chicken-a-roasted.jpg
000489.jpg,https://render.fineartamerica.com/images/rendered/search/canvas-print/8.000/8.000/mirror/break/images/artworkimages/medium/1/poblano-pepper-edward-fielding-canvas-print.jpg
000490.jpg,https://comps.canstockphoto.ca/poblano-chili-peppers-chile-capsicum-stock-photo_csp5347742.jpg
000491.jpg,https://c8.alamy.com/comp/W5EKKB/sliced-green-poblano-pepper-on-white-background-W5EKKB.jpg
000492.jpg,https://i0.wp.com/platein28.com/wp-content/uploads/2019/05/Stirring-poblano-peppers-onion-and-garlic.jpg?fit=740%2C987&ssl=1
000493.jpg,https://mexicanappetizersandmore.com/wp-content/uploads/2018/01/20171208_152609-1.jpg
000494.jpg,https://thumbs.dreamstime.com/z/pepper-mexican-hot-chili-peppers-colorful-mix-habanero-poblano-pepper-mexican-hot-chili-peppers-colorful-mix-habanero-poblano-131181338.jpg
000495.jpg,https://media.gettyimages.com/photos/green-poblano-pepper-picture-id72664815?s=612x612
000496.jpg,https://previews.123rf.com/images/westhimal/westhimal1305/westhimal130500279/19978076-poblano-pepper-capsicum-annuum-a-mild-chili-pepper-from-mexico-turning-red-and-hotter-when-ripe-serv.jpg
000497.jpg,https://www.thechunkychef.com/wp-content/uploads/2015/03/Roasted-Corn-Salsa-Collage-2.jpg
000498.jpg,https://www.isabeleats.com/wp-content/uploads/2019/09/roasted-poblano-peppers-process.jpg
000499.jpg,https://www.thecraftedsparrow.com/wp-content/uploads/2014/03/Potato-and-Poblano-Pepper-Burritos-5.jpg
000500.jpg,https://d2lnr5mha7bycj.cloudfront.net/product-image/file/primary_5c60ddb7-29b1-495a-af47-9971507c536a.png
000501.jpg,http://www.tastycasserole.com/oven-roasted-pulled-bbq-chicken-cheese-jalapeno-recipe/lidow_201862913826512/
000502.jpg,https://image.shutterstock.com/image-photo/poblano-pepper-sliced-on-white-260nw-251887486.jpg
000503.jpg,http://www.myinvisiblecrown.com/wp-content/uploads/2012/10/crawfish_stuffed_poblano_pepper.jpg
000504.jpg,https://foodal.com/wp-content/uploads/2014/08/Slow-Cooked-Black-Beans-and-Poblano-Pepper-Baked-Taquitos-2.jpg
000505.jpg,https://i.ytimg.com/vi/OUeyLEkQ1Ok/maxresdefault.jpg
000506.jpg,https://st3.depositphotos.com/3147771/14704/i/1600/depositphotos_147043767-stock-photo-ripe-ancho-poblano-pepper-top.jpg
000507.jpg,https://inmamamaggieskitchen.com/wp-content/uploads/2019/03/Poblano-vs.-Dried-Ancho-Chile.jpg
000508.jpg,https://girlwiththeironcast.com/wp-content/uploads/2019/07/41A36865-1248-418B-AB4D-B55A3442003A-819x1024.jpg
000509.jpg,https://dinnerthendessert.com/wp-content/uploads/2018/02/Creamy-Chicken-Poblano-Pepper-Soup-FB.jpg
000510.jpg,https://houseofnasheats.com/wp-content/uploads/2018/05/Grilled-Poblano-Pepper-Southwest-Burgers-1330.jpg
000511.jpg,https://lh3.ggpht.com/_OaYG005JPDs/S4rTAX2DclI/AAAAAAAAA7A/x4AtzX5Q5Bk/s640/prepped%20poblanos.jpg
000512.jpg,https://cheeseandweim.files.wordpress.com/2019/03/img_5283-title-image.jpg?w=676
000513.jpg,https://media.blueapron.com/recipes/22613/ingredient_images/1568312564-34-0007-0077/1014_ING_LAUREN_2PRE07_large_feature.png
000514.jpg,https://www.mexicanplease.com/wp-content/uploads/2016/12/corn-and-poblano-soup-deseeding-poblanos.jpg
000515.jpg,https://3.bp.blogspot.com/-f_Z6RTLM33o/W8zsXd1Ib-I/AAAAAAAAMMo/oJQ7qYrxL4QaztamDQ1vCW_YBSzwHA7fQCLcBGAs/s320/IMG_6885.JPG
000516.jpg,https://www.callmepmc.com/wp-content/uploads/2015/09/Sloppy-Joe-Stuffed-Poblano-Peppers-3w.jpg
000517.jpg,https://www.lemonsforlulu.com/wp-content/uploads/2019/04/Taco-Stuffed-Poblano-Peppers-6-700x1050.jpg
000518.jpg,https://www.pepperscale.com/wp-content/uploads/2013/06/jalapeno-pepper-1-1024x576.jpg
000519.jpg,https://live.staticflickr.com/3038/2571010294_e941475b16_b.jpg
000520.jpg,https://media.istockphoto.com/photos/sliced-poblano-pepper-with-bowl-picture-id902647442
000521.jpg,https://www.chilipeppermadness.com/wp-content/uploads/2015/08/How-to-Grill-Poblano-Peppers4.jpg
000522.jpg,https://media-cdn.tripadvisor.com/media/photo-s/0e/18/4b/f6/roasted-poblano-pepper.jpg
000523.jpg,https://i.pinimg.com/originals/1e/06/e5/1e06e5a00fae62b42e827dfc8b2d38af.png
000524.jpg,https://images-na.ssl-images-amazon.com/images/I/71sQYuPbBWL._SX425_.jpg
000525.jpg,https://mexicanappetizersandmore.com/wp-content/uploads/2017/09/The-Best-Roasted-Poblano-Bean-Dip-2.jpg
000526.jpg,https://thumbs.dreamstime.com/z/poblano-chili-peppers-two-ready-roasting-34307516.jpg
000527.jpg,https://www.thecraftedsparrow.com/wp-content/uploads/2014/03/Potato-and-Poblano-Pepper-Burritos-10.jpg
000528.jpg,https://media.gettyimages.com/photos/close-up-of-poblano-chilies-picture-id106298529?s=612x612
000529.jpg,https://c8.alamy.com/comp/XC9Y81/poblano-chili-peppers-chile-capsicum-annuum-XC9Y81.jpg
000530.jpg,https://st3.depositphotos.com/8857146/17114/i/1600/depositphotos_171146188-stock-photo-fresh-organic-mexican-poblano-pepper.jpg
000531.jpg,https://previews.123rf.com/images/westhimal/westhimal1501/westhimal150100265/35284808-poblano-pepper-capsicum-annuum-cultivar-from-puebla-in-mexico-also-known-as-ancho-chille-with-bellpe.jpg
000532.jpg,https://girlwiththeironcast.com/wp-content/uploads/2019/07/IMG_2102-1024x974.jpg
000533.jpg,https://hudsonvalleyseed.com/media/catalog/product/cache/2/image/800x600/9df78eab33525d08d6e5fb8d27136e95/i/m/img_4982.jpg
000534.jpg,https://inmamamaggieskitchen.com/wp-content/uploads/2019/03/Poblano-Pepper-PINTEREST-200x300.jpg
000535.jpg,https://www.mexicanplease.com/wp-content/uploads/2016/09/wet-poblano-burrito-poblanos-after-roasting.jpg
000536.jpg,http://4.bp.blogspot.com/_tyHKcXbPr20/TEdM8lM4TWI/AAAAAAAAAjA/o5sBEywOJuQ/s1600/poblano+chili+and+corn+risotto+3+small.jpg
000537.jpg,https://www.budgetbytes.com/wp-content/uploads/2013/06/1-oiled-poblanos.jpg
000538.jpg,https://i.ytimg.com/vi/OvpUdXUJYfk/maxresdefault.jpg
000539.jpg,https://www.chilipeppermadness.com/wp-content/uploads/2018/08/Tiburon-Hybrid-Poblano-Type-Chili-Pepper2.jpg
000540.jpg,https://image.shutterstock.com/image-photo/fresh-cut-poblano-pepper-slices-600w-1181669824.jpg
000541.jpg,https://media.istockphoto.com/photos/chopped-poblano-pepper-picture-id906867412
000542.jpg,https://media-cdn.tripadvisor.com/media/photo-s/10/d3/5d/a1/stuffed-poblano-pepper.jpg
000543.jpg,https://66.media.tumblr.com/7364095507a2634df14179a31de58e82/tumblr_ouakkaCAtG1vi0h78o2_500.jpg
000544.jpg,https://i.pinimg.com/originals/1c/b6/f5/1cb6f5ee32bb035e1d057a24ca4bd761.jpg
000545.jpg,https://d2lnr5mha7bycj.cloudfront.net/product-image/file/large_f3c145a4-8cfc-41dd-b125-60de3d00a84e.jpg
000546.jpg,https://www.pepperscale.com/wp-content/uploads/2015/12/pasilla-vs-poblano_1050-768x512.jpg
000547.jpg,https://foodal.com/wp-content/uploads/2014/08/Slow-Cooked-Black-Beans-and-Poblano-Pepper-Baked-Taquitos-6-1.jpg
000548.jpg,https://st3.depositphotos.com/3147771/14756/i/1600/depositphotos_147568485-stock-photo-ripe-ancho-poblano-pepper-paths.jpg
000549.jpg,https://media.istockphoto.com/photos/poblano-pepper-picture-id956525814
000550.jpg,https://www.thecraftedsparrow.com/wp-content/uploads/2014/03/Potato-and-Poblano-Pepper-Burritos-3.jpg
000551.jpg,https://thumbs.dreamstime.com/z/poblano-peppers-7902556.jpg
000552.jpg,https://previews.123rf.com/images/westhimal/westhimal1501/westhimal150100182/35179810-poblano-pepper-capsicum-annuum-cultivar-from-puebla-in-mexico-also-known-as-ancho-chille-with-bellpe.jpg
000553.jpg,https://media-cdn.tripadvisor.com/media/photo-s/0e/6b/5e/53/poblano-chicken-roasted.jpg
000554.jpg,https://www.chilipeppermadness.com/wp-content/uploads/2018/11/Roasted-Poblano-Soup-Recipe1.jpg
000555.jpg,https://i.pinimg.com/originals/23/47/1e/23471ee0c72c61e777243fc358ef5ce4.png
000556.jpg,https://image.shutterstock.com/image-photo/whole-fresh-raw-poblano-pepper-450w-740312356.jpg
000557.jpg,http://3.bp.blogspot.com/_tyHKcXbPr20/TEdNBIY5ieI/AAAAAAAAAjY/eGI9t-Fz80c/s1600/poblano+chili+and+corn+risotto+small.jpg
000558.jpg,https://media.istockphoto.com/photos/poblano-peppers-picture-id919778618
000559.jpg,https://www.chilipeppermadness.com/wp-content/uploads/2018/03/How-to-Grill-Poblano-Peppers1.jpg
000560.jpg,https://media-cdn.tripadvisor.com/media/photo-s/0a/87/f0/9a/poblano-pepper-stuffed.jpg
000561.jpg,https://media.istockphoto.com/photos/chopped-whole-and-half-poblano-pepper-on-white-background-picture-id906868252
000562.jpg,https://i.pinimg.com/originals/b0/fc/52/b0fc5290709144cd5149364f84f34cb5.jpg
000563.jpg,https://www.chilipeppermadness.com/wp-content/uploads/2018/03/How-to-Grill-Poblano-Peppers3.jpg
000564.jpg,https://previews.123rf.com/images/mindstormphoto/mindstormphoto1805/mindstormphoto180501515/101939176-stack-of-red-poblano-peppers-for-sale-in-market.jpg
000565.jpg,https://media.istockphoto.com/photos/chopped-poblano-pepper-picture-id868623544?k=6&m=868623544&s=612x612&w=0&h=oPxGnFi7K31yxBFV8QD1v1WEjwR81qFrdYwQkzqfFTY=
000566.jpg,https://i.pinimg.com/originals/79/2c/00/792c0022c6a4855f55aa5a9d76867abf.jpg
000567.jpg,https://image.shutterstock.com/image-photo/crates-chile-poblano-pepper-chiles-600w-647291602.jpg
000568.jpg,https://www.mexicanplease.com/wp-content/uploads/2015/10/fresh-chili-peppers-with-scoville-rating.jpg
000569.jpg,http://basilandbubbly.com/wp-content/uploads/2017/01/roasted-poblano-2.jpg
000570.jpg,https://www.willcookforfriends.com/wp-content/uploads/2016/03/Chorizo-and-Black-Bean-Stuffed-Poblano-Peppers-web-3.jpg
000571.jpg,https://fthmb.tqn.com/CHSdtXNL1b3joBRmKR691eDQSlQ=/2500x1875/filters:fill(auto,1)/poblano-2500-56a210213df78cf772718b39.jpg
000572.jpg,https://i2.wp.com/redmeatlover.com/wp-content/uploads/2015/04/untitled-2337-21.jpg
000573.jpg,http://masterofhort.com/wp-content/uploads/2012/11/poblano3.jpg
000574.jpg,https://www.halfbakedharvest.com/wp-content/uploads/2013/08/Roasted-Cherry-Couscous-and-Brie-stuffed-Poblano-Peppers-6.jpg
000575.jpg,https://www.lecremedelacrumb.com/wp-content/uploads/2018/09/stuffed-poblano-peppers-105.jpg
000576.jpg,https://i1.wp.com/theunmanlychef.com/wp-content/uploads/2015/06/17786328629_73d26cff40_k.jpg
000577.jpg,https://thelittlegsp.files.wordpress.com/2013/04/stuffed-poblano-peppers-2.jpg
000578.jpg,https://breadandtortillas.files.wordpress.com/2013/03/dsc_0454.jpg
000579.jpg,http://masterofhort.com/wp-content/uploads/2012/11/poblano4.jpg
000580.jpg,http://masterofhort.com/wp-content/uploads/2012/11/starts.jpg
000581.jpg,https://thelittlegsp.files.wordpress.com/2013/04/stuffed-poblano-peppers-before-melting.jpg
000582.jpg,http://masterofhort.com/wp-content/uploads/2012/11/poblano1.jpg
000583.jpg,https://images.media-allrecipes.com/userphotos/960x960/3758222.jpg
000584.jpg,https://cdn.loveandlemons.com/wp-content/uploads/2016/06/IMG_2016_05_05_07774-1.jpg
000585.jpg,http://bevcooks.com/wp-content/uploads/2017/01/pepper-1.jpg
000586.jpg,https://www.ambitiouskitchen.com/wp-content/uploads/2015/12/December-Photoshoot-38.jpg
000587.jpg,https://cdn.loveandlemons.com/wp-content/uploads/2016/07/IMG_2016_05_05_07774-crop.jpg
000588.jpg,http://2.bp.blogspot.com/-MwP2TEGlVY8/UsH9Y7wwzcI/AAAAAAAAO0I/TL3F7-7To0o/s1600/Rajas+con+Crema_Roasted+Poblano+Strips+w+Cream+1_LCDL.jpg
000589.jpg,http://paleomg.com/wp-content/uploads/2011/09/poblano-peppers.jpg
000590.jpg,https://3.bp.blogspot.com/-c0iLzDFA8ew/WM7_0o3rUFI/AAAAAAAAGY4/jcLKTvargscJfxvaLrblE7SOss3KdwIqACLcB/s1600/DSCN8552.jpg
000591.jpg,https://cdn.loveandlemons.com/wp-content/uploads/2016/06/IMG_2016_05_05_07752.jpg
000592.jpg,http://1.bp.blogspot.com/-1aUA_0anmoY/UlIyj-F7-GI/AAAAAAAAgcw/19LvL-_RdJQ/s1600/IMG_8080-1-2.jpg
000593.jpg,http://www.simplecomfortfood.com/wp-content/uploads/2015/08/stuffed-poblano-pepper-high.jpg
000594.jpg,https://recipeland.com/images/r/20998/7c8e10c77a2077b9826f_1024.jpg
000595.jpg,https://4.bp.blogspot.com/-SnwASNmS45w/WM7wedGoHHI/AAAAAAAAGYo/Xvjy0j28vso3CyNotzYMBYTOm5xZnGvYwCLcB/s1600/DSCN8536.jpg
000596.jpg,http://dishdish.us/wp-content/uploads/2016/05/filled-poblano-pepper-with-.jpg
000597.jpg,https://www.chilipeppermadness.com/wp-content/uploads/2018/08/Cream-Cheese-Stuffed-Poblano-Peppers-RECIPE1.jpg
000598.jpg,https://keviniscooking.com/wp-content/uploads/2015/01/Quinoa-Chicken-Stuffed-Poblano-Chiles-with-Green-Chile-Cream-Sauce7.jpg
000599.jpg,https://minimalistbaker.com/wp-content/uploads/2015/10/VEGAN-Stuffed-Poblano-Peppers-Full-of-healthy-ingredients-and-SO-satisfying-plantbased-vegan-glutenfree-recipe-mexican-dinner.jpg
000600.jpg,https://www.chilipeppermadness.com/wp-content/uploads/2018/05/Picadillo-Stuffed-Poblano-Peppers-Recipe1.jpg
000601.jpg,http://1.bp.blogspot.com/-SEq3pnBaq_w/UYmjWgLb5vI/AAAAAAAARrE/-tMJ_gwS-rw/s1600/Roasted+Poblano+Mac+and+Cheese4.jpg
000602.jpg,https://minimalistbaker.com/wp-content/uploads/2015/10/DELICIOUS-VEGAN-Stuffed-Poblano-Peppers-10-HEALTHY-ingredients-and-SO-satisfying-plantbased-vegan-glutenfree-recipe-mexican-dinner.jpg
000603.jpg,https://i.pinimg.com/originals/9d/74/32/9d7432c18fa443098942ebbb3155a1b0.jpg
000604.jpg,http://4.bp.blogspot.com/-MzSrVL4zQmY/UbYiUvVIH7I/AAAAAAAAAIw/1u9kYaHojhw/s1600/PPepper2.jpg
000605.jpg,https://tmbidigitalassetsazure.blob.core.windows.net/secure/RMS/attachments/37/1200x1200/exps130833_SD153321B01_30_4b.jpg
000606.jpg,http://likeinmexico.files.wordpress.com/2013/05/img_1461.jpg
000607.jpg,http://www.cocinacalifornia.com/wp-content/uploads/2013/03/Poblano32-e1365475482112.jpg
000608.jpg,https://i1.wp.com/fixmealittlelunch.com/wp-content/uploads/2016/11/red-and-green-relish.jpg
000609.jpg,http://www.seriouseats.com/images/2014/10/20141013-white-chicken-chili-food-lab-03.jpg
000610.jpg,http://www.thedefineddish.com/wp-content/uploads/2015/12/IMG_2767-1024x1024.jpg
000611.jpg,https://minimalistbaker.com/wp-content/uploads/2015/10/AMAZING-VEGAN-Stuffed-Poblano-Peppers-10-HEALTHY-ingredients-and-SO-satisfying-plantbased-vegan-glutenfree-recipe-mexican-dinner.jpg
000612.jpg,https://www.chilipeppermadness.com/wp-content/uploads/2018/03/Cajun-Shrimp-Stuffed-Poblano-Peppers3.jpg
000613.jpg,https://shecookshecleans.files.wordpress.com/2011/11/poblano-pepper-3.jpg
000614.jpg,https://cdn.loveandlemons.com/wp-content/uploads/2016/06/IMG_2016_05_05_07767-2.jpg
000615.jpg,http://www.halfbakedharvest.com/wp-content/uploads/2017/08/Lightened-Up-Salsa-Verde-Chicken-Stuffed-Poblano-Peppers-1.jpg
000616.jpg,https://i2.wp.com/fixmealittlelunch.com/wp-content/uploads/2016/11/cranberry-relish.jpg
000617.jpg,https://gourmetmemoirs.files.wordpress.com/2011/07/corn-poblano-chilequiles.jpg
000618.jpg,https://i.pinimg.com/originals/15/f8/74/15f874632f15012727ec2963ef82dad1.jpg
000619.jpg,https://minimalistbaker.com/wp-content/uploads/2015/10/DELICIOUS-Vegan-Stuffed-Poblano-Peppers-with-brown-rice-and-pinto-beans-10-HEALTHY-ingredients-and-so-satisfying-vegan-glutenfree-recipe.jpg
000620.jpg,https://i.ytimg.com/vi/cbvnNjqWxN4/maxresdefault.jpg
000621.jpg,https://ablogaboutfood.files.wordpress.com/2013/01/pasilla-chile.jpg
000622.jpg,https://dinnerthendessert.com/wp-content/uploads/2018/02/Creamy-Chicken-Poblano-Pepper-Soup.jpg
000623.jpg,http://1.bp.blogspot.com/-OuaQxXCCRz4/UkgOxR1QTaI/AAAAAAAAOQI/AzRLuXWe_aQ/s1600/Baked_Poblano_Pepper_Flautas_de_Rajas_con_Requeson_LCDL.jpg
000624.jpg,http://1.bp.blogspot.com/_xq7sJIZ7jq0/S7It6LDA7OI/AAAAAAAAAcI/xeN4zusroqk/s1600/DSC_1030.jpg
000625.jpg,https://i1.wp.com/www.goodthymekitchen.com/wp-content/uploads/2016/10/poblano3.jpg
000626.jpg,https://s-media-cache-ak0.pinimg.com/736x/a3/9e/f4/a39ef458b320e01ce19e5a62f6eb92e7.jpg
000627.jpg,https://thelittlegsp.files.wordpress.com/2013/04/stuffed-poblano-peppers.jpg
000628.jpg,http://modernlittlevictories.com/wp-content/uploads/2016/05/img_9904.jpg
000629.jpg,https://www.chilipeppermadness.com/wp-content/uploads/2015/07/Cajun-Shrimp-Stuffed-Poblano-Peppers1B.jpg
000630.jpg,https://www.savoryexperiments.com/wp-content/uploads/2013/08/Bacon-Wrapped-BBQ-Chicken-Stuffed-Chile-Peppers-Recipe-7.jpg
000631.jpg,https://i.pinimg.com/736x/6f/2c/a6/6f2ca6df1760b8faa8046feaea819aea--stuffed-poblano-peppers-beef-stuffed-pablano-pepper-recipe.jpg
000632.jpg,https://512foodblog.files.wordpress.com/2011/02/picture-001.jpg
000633.jpg,http://1.bp.blogspot.com/-k_sD3D2f1A8/UYmjL0pgcGI/AAAAAAAARq0/gvQajOQ_VAI/s1600/Roasted+Poblano+Mac+and+Cheese2.jpg
000634.jpg,http://4.bp.blogspot.com/-vhCF-3WUz2E/UYwnbpoEwrI/AAAAAAAARts/J4sUpWuD_GM/s1600/Roasted+Poblano+Mac+and+Cheese8.jpg
000635.jpg,https://www.beeflovingtexans.com/wp-content/uploads/2019/09/queso_poblano_hero-web-1500x650.jpg
000636.jpg,https://images.media-allrecipes.com/userphotos/4498855.jpg
000637.jpg,https://recetinas.com/wp-content/uploads/2019/10/crema-de-chile-poblano-con-queso.jpg
000638.jpg,https://vinceli420.files.wordpress.com/2010/10/rajas-de-chile-poblano1.jpg
000639.jpg,https://buttoni.files.wordpress.com/2013/03/chicken-chile-relleno-casserole.jpg
000640.jpg,https://www.cocinavital.mx/wp-content/uploads/2017/08/chile-rellenos-mariscos.jpg
000641.jpg,https://www.chowstatic.com/assets/2015/10/31603_egg_stuffed_poblanos.jpg
000642.jpg,https://www.cocinavital.mx/wp-content/uploads/2017/08/chile-poblano-con-camarones.jpg
000643.jpg,http://mmmole.com/wp-content/uploads/2017/03/vegan-tuna-stuffed-poblano5.jpg
000644.jpg,https://static.promodescuentos.com/pepperpdimages/threads/thread_full_screen/default/372386_1.jpg
000645.jpg,https://www.cocinavital.mx/wp-content/uploads/2018/02/chile_poblano_con_relleno_mixto.jpg
000646.jpg,https://quincykitchen.files.wordpress.com/2019/10/img_4223.jpg
000647.jpg,https://assets.vogue.com/photos/59974303068a3216afff9eb0/master/w_2560%2Cc_limit/00-lede-mole-sauce.jpg
000648.jpg,https://www.cape-demo-appliances.co.za/wp-content/uploads/2019/10/Turkey-Stuffed-Poblanos-with-Avocado-Crema-web-4-715x675.jpg
000649.jpg,http://mmmole.com/wp-content/uploads/2016/04/enchiladas-verdes-4.jpg
000650.jpg,https://www.chowstatic.com/assets/2014/09/29565_chiles_rellenos-3000x2000.jpg
