image,source
000001.jpg,https://www.chili-shop24.com/media/image/97/e9/1e/9264_Roatan-Pumpkin-Habaner_600x600.jpg
000002.jpg,https://www.pepperscale.com/wp-content/uploads/2017/10/roatan-pumpkin-habanero-768x432.jpg
000003.jpg,https://images-na.ssl-images-amazon.com/images/I/51BPUHFlEdL._SX466_.jpg
000004.jpg,https://images-na.ssl-images-amazon.com/images/I/51gNSlSMIfL._SX466_.jpg
000005.jpg,https://i.ytimg.com/vi/zEFRlJkfDG0/maxresdefault.jpg
000006.jpg,http://www.chillipikanterie.cz/img/uploads/hires/habanero_roatan_pumpkin1.jpg
000007.jpg,https://images-na.ssl-images-amazon.com/images/I/810b%2BgJgB2L._SL1500_.jpg
000008.jpg,https://www.superhotchiles.com/wp-content/uploads/2018/07/Roatan_Pumpkin_Habanero_1-600x400.jpg
000009.jpg,https://cdn.shopify.com/s/files/1/0220/1512/products/CP_019_-_Roatan_Pumpkin_Habanero_grande.jpg?v=1540538335
000010.jpg,https://i.ytimg.com/vi/TaBd6nxofQg/maxresdefault.jpg
000011.jpg,https://easyhydro.co.uk/wp-content/uploads/2019/02/habpeach.jpg
000012.jpg,http://vivis-chili.dk/wp-content/uploads/2012/02/Habanero-Roatan-Pumpkin.jpg
000013.jpg,https://cdn.shopify.com/s/files/1/1145/1260/products/habanero-roatan-pumpkin_large.jpg?v=1561140526
000014.jpg,https://www.idroponica.it/sementi-officinali-e-di-peperoncino/semi-di-peperoncino-piccante/semi-di-peperoncino-roatan-pumpkin-habanero~Img_Principale_25288.jpg
000015.jpg,https://cdn.shopify.com/s/files/1/1145/1260/products/habanero-el-remo-7_large.jpg?v=1568397524
000016.jpg,https://cdn.shopify.com/s/files/1/0022/5764/9776/products/kM5sAM6_283f6ac7-5b48-44ee-8f45-cebb82313666_300x300.jpg?v=1556390019
000017.jpg,https://i.ytimg.com/vi/APzYeZ2IpWU/maxresdefault.jpg
000018.jpg,https://s22.postimg.cc/natllwrbl/image.jpg
000019.jpg,https://i.pinimg.com/736x/34/fc/e5/34fce56400f45b3a37e3580119ffb588.jpg
000020.jpg,https://s.ecrater.com/stores/136729/4d1a724e8ffa3_136729b.jpg
000021.jpg,https://www.pepperscale.com/wp-content/uploads/2018/07/habanero-peach-768x768.jpg
000022.jpg,http://www.chillipikanterie.cz/img/uploads/habanero_roatan_pumpkin.png
000023.jpg,http://i.imgur.com/yP68Er7.jpg
000024.jpg,https://www.pepperscale.com/wp-content/uploads/2016/05/Peruvian-White-Habanero.jpg
000025.jpg,https://www.seedwise.com/assets/uploads/listings/main/54cd4709b4ddf.jpg
000026.jpg,https://live.staticflickr.com/3930/15393697776_c76a5ae07e_b.jpg
000027.jpg,https://www.chili-shop24.com/media/image/fe/c6/3a/9185_HabaneroCaribbeanRed1_600x600.jpg
000028.jpg,https://i.ytimg.com/vi/KKl_jRaYZZ8/maxresdefault.jpg
000029.jpg,https://i.etsystatic.com/12356882/r/il/9de6a2/1704563087/il_794xN.1704563087_ruzh.jpg
000030.jpg,http://cdn.shopify.com/s/files/1/0022/5764/9776/collections/pepperplant1_1200x1200.jpg?v=1556385875
000031.jpg,https://images.media-allrecipes.com/userphotos/250x250/3999714.jpg
000032.jpg,https://sc02.alicdn.com/kf/HTB1i.opHkCWBuNjy0Faq6xUlXXaG.jpg
000033.jpg,https://www.pepperscale.com/wp-content/uploads/2013/07/habanero-pepper-1-768x432.jpg
000034.jpg,http://i.imgur.com/H9YY47El.jpg
000035.jpg,https://cdn.shopify.com/s/files/1/0220/1512/products/scotch_bonnet_800x.jpg?v=1553757212
000036.jpg,https://i.etsystatic.com/12356882/r/il/d8f053/1614103676/il_570xN.1614103676_6gt1.jpg
000037.jpg,https://i.ytimg.com/vi/BTCCSm0XiFw/maxresdefault.jpg
000038.jpg,https://i.pinimg.com/736x/bc/c9/9e/bcc99e1f914f093bb7207b8c13651312.jpg
000039.jpg,https://www.chillies4u.co.uk/wp-content/uploads/2018/02/7Pot-Jonah.jpg
000040.jpg,https://i.pinimg.com/originals/31/dd/0a/31dd0a2a6abb5a7af23b418d5f2e992d.jpg
000041.jpg,https://www.semillas.de/pepper_fruits/habanero_big_sun.jpg
000042.jpg,https://www.ethno-botanik.org/fotos/7-Pot-Orange-Yellow-810x538.jpg
000043.jpg,https://cdn.shopify.com/s/files/1/0220/1512/products/CP_099_-_Amazon_Chile_Roma_23f6ae95-968e-4ea5-ad68-94b4dcb475d4_800x600.jpg?v=1540538398
000044.jpg,https://cdn.shopify.com/s/files/1/0901/4616/products/Chili_Scotch_Bonnet1_large.jpg?v=1537177432
000045.jpg,https://www.chillies4u.co.uk/wp-content/uploads/2019/09/Hab-Roatan-Pumpkin-300x300.jpg
000046.jpg,https://www.mikelsimon.com/img/p/1/9/1/191-large_default.jpg
000047.jpg,https://media.karousell.com/media/photos/products/2019/05/09/082420_226258511_thumbnail_progressive_thumbnail.jpg
000048.jpg,https://upload.wikimedia.org/wikipedia/commons/8/86/Habanero_closeup_edit2.jpg
000049.jpg,https://pepperhead.com/wp-content/uploads/2016/11/Giant-White-Habanero.jpg
000050.jpg,http://1.bp.blogspot.com/-rhJG7lJ94No/UEaem4uW5WI/AAAAAAAAM7A/wTaSps7hHJU/s1600/Roatan+Pumpkin+peppers.bmp
000051.jpg,https://www.chili-shop24.com/media/image/38/c7/65/9310_Habanero-Zavory-Red_600x600.jpg
000052.jpg,https://cdn.shopify.com/s/files/1/1145/1260/products/habanero-Oxkutzcabian-orange_large.jpg?v=1560536847
000053.jpg,http://i.imgur.com/Fw6BdpY.jpg
000054.jpg,https://sc02.alicdn.com/kf/HTB1FOmZNXXXXXXqaXXXq6xXFXXXW.jpg
000055.jpg,https://i.pinimg.com/236x/48/42/63/4842630bc540d23a74ad7c07cc875f30--capsicum-chinense-chiles.jpg
000056.jpg,https://0901.static.prezi.com/preview/v2/pfyzdn4cfjfhur5u4agsnqbgfd6jc3sachvcdoaizecfr3dnitcq_3_0.png
000057.jpg,http://2.bp.blogspot.com/-FirLQgKbUeo/UEZ3bt20UvI/AAAAAAAAM6c/DNbCBDy3ENQ/s320/Trinidad+Scorpion+Pepper.bmp
000058.jpg,https://i.redd.it/pvm6esb1y6i21.jpg
000059.jpg,https://upload.wikimedia.org/wikipedia/commons/thumb/9/94/PimentadeCheiroDSC2011.jpg/580px-PimentadeCheiroDSC2011.jpg
000060.jpg,https://limdongcheol.files.wordpress.com/2010/10/sbonnets.jpg
000061.jpg,https://cdn.shopify.com/s/files/1/0220/1512/products/CP_102_-_Red_Dominican_Habanero_800x.jpg?v=1540538401
000062.jpg,https://www.pepperscale.com/wp-content/uploads/2015/03/manzano-pepper_lg.jpg
000063.jpg,https://www.chili-shop24.com/media/image/39/99/4d/9191_1_Habanero-Big-Sun_600x600.jpg
000064.jpg,https://i.ytimg.com/vi/DIIrC31HAo0/hqdefault.jpg
000065.jpg,https://www.semillas.de/pepper_fruits/habanero_brown2.jpg
000066.jpg,http://yumminz.com/wp-content/uploads/2014/09/fractal-peppercrop-2014.jpg
000067.jpg,http://www.pepperfriends.com/forum/uploads/monthly_05_2011/post-1041-1304729499.jpg
000068.jpg,https://cdn.shopify.com/s/files/1/1145/1260/products/sandras-giant-orange-2_large.jpg?v=1568397602
000069.jpg,https://www.ethno-botanik.org/fotos/Capsicum-Habanero.jpg
000070.jpg,https://www.picclickimg.com/d/l400/pict/233107295626_/10x-Golden-Habanero-Chilli-Seeds-Vegetables-Plant-Garden.jpg
000071.jpg,https://i0.wp.com/www.gannett-cdn.com/-mm-/042060225bc586ec21bc48425d665c6ee499306d/c=8-0-3831-2160&r=x1683&c=3200x1680/local/-/media/2017/04/25/Bergen/NorthJersey/636287265610789287-PumpkinHabaneroCameronBowman-2-.jpg?w=600
000072.jpg,https://i.etsystatic.com/12356882/r/il/6eaa31/1689701407/il_794xN.1689701407_93gm.jpg
000073.jpg,http://www.pepperfriends.com/forum/uploads/monthly_05_2011/post-1041-1304729530.jpg
000074.jpg,https://chili.tummelsta.se/wp-content/uploads/2017/07/IMG_8216.jpg
000075.jpg,https://chillipepperseeds.ca/image/cache/catalog/edited%202019hot/IMG_9609-500x500.JPG
000076.jpg,https://www.pepperscale.com/wp-content/uploads/2013/07/pimento-pepper.jpg
000077.jpg,https://cdn.shopify.com/s/files/1/0022/5764/9776/files/C3o94DG_1_600x600@2x.jpg?v=1534357018
000078.jpg,https://cdn.shopify.com/s/files/1/0220/1512/products/CP_355_-_3_Lobos_Yellow_800x600.jpg?v=1540538561
000079.jpg,https://upload.wikimedia.org/wikipedia/commons/thumb/b/bd/BhutJolokia11_Asit.jpg/580px-BhutJolokia11_Asit.jpg
000080.jpg,https://i.ytimg.com/vi/pReWtTUUJIE/maxresdefault.jpg
000081.jpg,http://i1321.photobucket.com/albums/u553/Bunnykiller187/CAM01158_zps00817d7f.jpg
000082.jpg,https://sc01.alicdn.com/kf/HTB16ABMNXXXXXanXFXXq6xXFXXXS.jpg
000083.jpg,https://cdn.shopify.com/s/files/1/1145/1260/products/scotch-bonnet-elysium-oxide-mustard-3_large.jpg?v=1567188570
000084.jpg,https://www.chillies4u.co.uk/wp-content/uploads/2019/09/Beaver-Dam-1-300x300.jpg
000085.jpg,https://static.easyhydro.co.uk/wp-content/uploads/2019/02/anaheimchilipepper-300x300.jpg
000086.jpg,http://www.foodgypsy.ca/wp-content/uploads/2010/07/Roatan-Mangiamo-005a1.jpg
000087.jpg,https://i.pinimg.com/236x/73/45/cb/7345cbc1f801e45ad91e8b67d6e43b02--escabeche-yellow-chili-peppers.jpg
000088.jpg,https://www.ubuy.za.com/productimg/?image=aHR0cHM6Ly9tLm1lZGlhLWFtYXpvbi5jb20vaW1hZ2VzL0kvODFTSm9Ld0RnYkwuX0FDX1VTMjE4Xy5qcGc.jpg
000089.jpg,https://2.bp.blogspot.com/-Z5PsxIGskVQ/Wkjbiy95oQI/AAAAAAAAEWc/8K7SYi6EHc4-demzULYQnfBplvGybwNaQCLcBGAs/s1600/Habanero%2BRed%2BSavina%2Bperpper%2Breview.jpg
000090.jpg,https://scontent-frt3-1.cdninstagram.com/v/t51.2885-15/sh0.08/e35/p750x750/67280249_500795014024560_7088626431757724077_n.jpg?_nc_ht=scontent-frt3-1.cdninstagram.com&oh=a3adce0e204182c1a198539557c8abb1&oe=5DF17F48&ig_cache_key=MjEwMzIwNzEyNzIzMDY0MTg0MQ%3D%3D.2
000091.jpg,https://upload.wikimedia.org/wikipedia/commons/thumb/7/77/Pots_of_Trinidad_Scorpion.jpg/290px-Pots_of_Trinidad_Scorpion.jpg
000092.jpg,https://www.chili-shop24.com/media/image/cd/c6/ec/9294_Habanero-Batusta_720x600.jpg
000093.jpg,https://www.ethno-botanik.org/fotos/Morovars-Yellow-810x538.jpg
000094.jpg,https://pbs.twimg.com/profile_images/1074141119183798272/b0iducjL.jpg
000095.jpg,http://i608.photobucket.com/albums/tt162/JungleRain_Chilli/BahamianGoatPepper.jpg
000096.jpg,https://www.chili-shop.org/chili_samen/hintergrundbilder/hintergrund_6.jpg
000097.jpg,https://www.semillas.de/pepper_fruits/green_habanero.jpg
000098.jpg,http://i608.photobucket.com/albums/tt162/JungleRain_Chilli/RoatanPumpkinyellow.jpg
000099.jpg,https://www.mikelsimon.com/img/p/2/1/9/219-large_default.jpg
000100.jpg,https://i.etsystatic.com/20824757/d/il/dae2e8/2009663413/il_340x270.2009663413_mskr.jpg?version=0
000101.jpg,https://i.imgur.com/gKzd2ZI.jpg
000102.jpg,http://i608.photobucket.com/albums/tt162/JungleRain_Chilli/BhutJolokiaxPimentadeNeydef2pimentaElisaGrn.jpg
000103.jpg,https://pbs.twimg.com/media/EGM-uJHXYAYY8-L.jpg
000104.jpg,https://www.pepperscale.com/wp-content/uploads/2016/01/cherry-bomb-pepper_1-768x576.jpg
000105.jpg,https://cdn.shopify.com/s/files/1/1145/1260/products/fogon_large.jpg?v=1567188389
000106.jpg,https://www.chillies4u.co.uk/wp-content/uploads/2019/02/Harold-st-barts-hab-300x300.jpg
000107.jpg,https://upload.wikimedia.org/wikipedia/commons/thumb/1/1d/Capsicum_chinense_habanero_chocolate_fruits.jpg/290px-Capsicum_chinense_habanero_chocolate_fruits.jpg
000108.jpg,https://thumbs.dreamstime.com/b/mexico-yucatan-peninsula-mexican-food-tapas-tacos-tortilla-playa-del-carmen-cancun-fried-shrimp-guacamole-113383833.jpg
000109.jpg,https://www.ubuy.za.com/productimg/?image=aHR0cHM6Ly9tLm1lZGlhLWFtYXpvbi5jb20vaW1hZ2VzL0kvOTFodThwUXFXLUwuX0FDX1VTMjE4Xy5qcGc.jpg
000110.jpg,https://media.karousell.com/media/photos/products/2019/03/21/cherry_tomato_seeds_1553124894_6b3d04d5.jpg
000111.jpg,https://upload.wikimedia.org/wikipedia/commons/thumb/e/ea/Habanero_orange.JPG/580px-Habanero_orange.JPG
000112.jpg,https://www.semillas.de/pepper_fruits/habanero_ebony_giant2.jpg
000113.jpg,https://www.ethno2.ethno-botanik.org/Capsicum/Papa-Joes-Scotch-Bonnet/Fotos/300/Papa-Joes-Scotch-Bonnet--2.jpg
000114.jpg,https://chili.tummelsta.se/wp-content/uploads/2017/07/IMG_5283.jpg
000115.jpg,https://chillipepperseeds.ca/image/cache/catalog/edited%202019hot/IMG_6925-500x500.JPG
000116.jpg,https://image.spreadshirtmedia.com/image-server/v1/mp/products/T347A1MPA2978PT17X0Y36D1009770684FS3958/views/1,width=378,height=378,appearanceId=1,backgroundColor=F2F2F2,modelId=2564,crop=list,version=1569416819,modelImageVersion=1569231545/roatan-honduras-womens-t-shirt.jpg
000117.jpg,https://i.pinimg.com/originals/8f/13/cb/8f13cb358bdb060bd5d201d2f914fe72.jpg
000118.jpg,http://i608.photobucket.com/albums/tt162/JungleRain_Chilli/TrinidadScorpionxPimentaMorango.jpg
000119.jpg,https://i.etsystatic.com/8726099/c/485/385/236/232/il/5a25d3/1054153212/il_340x270.1054153212_n1do.jpg
000120.jpg,https://i.ytimg.com/vi/pReWtTUUJIE/hqdefault.jpg
000121.jpg,http://i.imgur.com/9adU9xy.jpg
000122.jpg,https://timsfoodobsession.files.wordpress.com/2016/09/20160206_141109.jpg?w=400&h=225
000123.jpg,https://chilionlinebestellen.de/wp-content/uploads/2019/04/102173_01_720x600jpgfeedId31781kf8898d604c4a3a078c36cf9b331e05a19eb8fb86.jpeg
000124.jpg,https://cdn.shopify.com/s/files/1/1145/1260/products/maldivian-heart-purple-bhut_large.jpg?v=1565965369
000125.jpg,https://media.karousell.com/media/photos/products/2019/03/17/fig_plant_adam_1552816631_147775f6.jpg
000126.jpg,https://pbs.twimg.com/profile_images/927995567891820544/aOH4t9aD_400x400.jpg
000127.jpg,https://static.easyhydro.co.uk/wp-content/uploads/2019/02/bangalore.jpg
000128.jpg,https://i2.wp.com/www.sanpedroscoop.com/wp-content/uploads/2017/05/habaneros-600x600.jpg?resize=600%2C600
000129.jpg,https://i3.cpcache.com/merchandise/4_300x300_Front_Color-White.jpg?Size=Large&AttributeValue=NA&region={%22name%22:%22FrontCenter%22,%22width%22:10,%22height%22:6.037234,%22alignment%22:%22TopCenter%22,%22orientation%22:0,%22dpi%22:100,%22crop_x%22:0,%22crop_y%22:0,%22crop_h%22:600,%22crop_w%22:1000,%22scale%22:0,%22template%22:{%22id%22:104693943,%22params%22:{}}}&Filters=[{%22name%22:%22background%22,%22value%22:%22ddddde%22,%22sequence%22:2}]
000130.jpg,https://www.chillies4u.co.uk/wp-content/uploads/2019/09/Bonnets-300x300.jpg
000131.jpg,https://www.ubuy.za.com/productimg/?image=aHR0cHM6Ly9tLm1lZGlhLWFtYXpvbi5jb20vaW1hZ2VzL0kvODFuT3NhU0o3RkwuX0FDX1VTMjE4Xy5qcGc.jpg
000132.jpg,https://www.pepperscale.com/wp-content/uploads/2015/07/Peppadew-Pepper.jpeg
000133.jpg,http://vivis-chili.dk/wp-content/gallery/devils-tongue-yellow-runde-2/devils-tongue-yellow-3-uger.jpg
000134.jpg,https://upload.wikimedia.org/wikipedia/commons/thumb/7/79/Pimiento_campanilla.jpg/290px-Pimiento_campanilla.jpg
000135.jpg,http://i608.photobucket.com/albums/tt162/JungleRain_Chilli/LuizaYellowPumpkin2.jpg
000136.jpg,https://upload.wikimedia.org/wikipedia/commons/thumb/3/38/Red_savina_cropped.jpg/580px-Red_savina_cropped.jpg
000137.jpg,https://i.pinimg.com/236x/a1/3d/cd/a13dcdb4bf3798369772ae50438ff62c--chilli.jpg
000138.jpg,https://www.semillas.de/pepper_fruits/carolina_yellow.jpg
000139.jpg,http://i608.photobucket.com/albums/tt162/JungleRain_Chilli/7potpodred2.jpg
000140.jpg,https://www.ethno-botanik.org/fotos/Habanero-Red-Dominica-8.jpg
000141.jpg,https://chili.tummelsta.se/wp-content/uploads/2018/01/IMG_5299.jpg
000142.jpg,https://scontent-bru2-1.cdninstagram.com/vp/d2e7b78f1749b47c48e0b491f289726c/5E1B4F87/t51.2885-15/e35/s1080x1080/70440163_132583154786990_9132609059315019151_n.jpg?_nc_ht=scontent-bru2-1.cdninstagram.com&_nc_cat=102&ig_cache_key=MjE0Njc2NjAwNjk0ODAzMjI5OQ%3D%3D.2
000143.jpg,https://i.redd.it/fpsict0a4eh21.jpg
000144.jpg,https://i.etsystatic.com/7206000/d/il/d3a35c/1984975531/il_340x270.1984975531_oyk4.jpg?version=0
000145.jpg,https://i0.wp.com/4.bp.blogspot.com/-Pjksma7Ilmc/TtzHZpNeqRI/AAAAAAAADD0/tb9CTsDxtPQ/s1600/IMG_6482.JPG
000146.jpg,http://i1321.photobucket.com/albums/u553/Bunnykiller187/CAM01513_zps0c43baf4.jpg
000147.jpg,https://cdn.shopify.com/s/files/1/1145/1260/products/scotch-bonnet-beth-boyd_large.jpg?v=1565965397
000148.jpg,https://media.karousell.com/media/photos/products/2019/03/01/bidara_plants_fruiting_now_1551453047_56f8090e.jpg
000149.jpg,https://www.chillies4u.co.uk/wp-content/uploads/2019/09/Big-Caramel-Mama-e1568714983314-300x300.jpg
000150.jpg,http://2.bp.blogspot.com/-FirLQgKbUeo/UEZ3bt20UvI/AAAAAAAAM6c/DNbCBDy3ENQ/w1200-h630-p-k-no-nu/Trinidad+Scorpion+Pepper.bmp
000151.jpg,https://c8.alamy.com/comp/PBHG0C/blossom-end-rot-on-tomato-costoluto-fiorentino-the-problem-is-caused-by-calcium-deficiency-PBHG0C.jpg
000152.jpg,http://image.cleveland.com/home/cleve-media/width620/img/insideout_impact/photo/8927889-standard.jpg
000153.jpg,https://is4.revolveassets.com/images/p4/n/d/BAIL-WQ117_V1.jpg
000154.jpg,https://static.wixstatic.com/media/5071f3_79dcb944ff0447c0b3d9350b10c022eb~mv2.jpg/v1/fill/w_452,h_605,al_c,lg_1,q_80/5071f3_79dcb944ff0447c0b3d9350b10c022eb~mv2.webp
000155.jpg,https://i.ytimg.com/vi/3r65RPfiUPs/maxresdefault.jpg
000156.jpg,http://www.stefan-schaefer.de/include/hg/hintergrund.jpg
000157.jpg,https://dizzybusyandhungry.com/wp-content/uploads/2019/09/brazilian-fish-stew-make-marinade.jpg
000158.jpg,https://chilionlinebestellen.de/wp-content/uploads/2019/04/102464_01_720x600jpgfeedId31781keab5074275cdec62bc09ab193ca768077acfe613.jpeg
000159.jpg,https://image.shutterstock.com/image-photo/sop-ikan-kakap-makassar-means-260nw-1292360842.jpg
000160.jpg,https://www.semillas.de/pepper_fruits/habanero_capuchino3.jpg
000161.jpg,http://i608.photobucket.com/albums/tt162/JungleRain_Chilli/RedMayan2.jpg
000162.jpg,https://images-na.ssl-images-amazon.com/images/I/71LQj6RUxcL.SS400.jpg
000163.jpg,https://upload.wikimedia.org/wikipedia/commons/thumb/3/3c/Datil.jpg/580px-Datil.jpg
000164.jpg,https://www.ubuy.za.com/productimg/?image=aHR0cHM6Ly9tLm1lZGlhLWFtYXpvbi5jb20vaW1hZ2VzL0kvOTFlbGFUM09aK0wuX0FDX1VTMjE4Xy5qcGc.jpg
000165.jpg,https://i.pinimg.com/236x/a7/e5/ab/a7e5ab21e8031686c3122d6b61d5950b--lemon-drops-the-lemons.jpg
000166.jpg,https://chili.tummelsta.se/wp-content/uploads/2017/07/IMG_5269.jpg
000167.jpg,http://i.imgur.com/V9oCWgG.jpg
000168.jpg,https://www.ethno-botanik.org/fotos/7-Pot-Jonah-810x538.jpg
000169.jpg,https://www.pepperscale.com/wp-content/uploads/2014/10/hot-pepper-list-768x511.jpeg
000170.jpg,https://preview.redd.it/fpsict0a4eh21.jpg?overlay-align=bottom,left&overlay-pad=8,16&crop=540:282.722513089,smart&overlay-height=0.10&overlay=%2Fv9vyirk6hl221.png%3Fs%3Db466421949eb723078743745ce6421609d7a9c66&width=540&height=282.722513089&auto=webp&s=0795f36736153b30795ecf33f72c18330e75f2a0
000171.jpg,https://www.legrainier.com/wp-content/uploads/PIM29423.jpg
000172.jpg,https://i3.cpcache.com/merchandise/244_300x300_Front_Color-Black.jpg?Size=Small&AttributeValue=NA&region={%22name%22:%22FrontCenter%22,%22width%22:10.0049,%22height%22:6.040189,%22alignment%22:%22TopCenter%22,%22orientation%22:0,%22dpi%22:200,%22crop_x%22:0,%22crop_y%22:0,%22crop_h%22:1200,%22crop_w%22:2000,%22scale%22:0,%22template%22:{%22id%22:104693942,%22params%22:{}}}&Filters=[{%22name%22:%22background%22,%22value%22:%22ddddde%22,%22sequence%22:2}]
000173.jpg,https://upload.wikimedia.org/wikipedia/commons/thumb/3/3b/Madame_Jeanette_chili.jpg/290px-Madame_Jeanette_chili.jpg
000174.jpg,https://rlv.zcache.com.au/halloween_pumpkin_just_hexing_white_t_shirt-r0f0bcdde1863429bbf44c837ab109bf7_k2gml_307.jpg
000175.jpg,https://i2.wp.com/3.bp.blogspot.com/-BGdIEzkI8hc/TtzDvBTdeVI/AAAAAAAADDc/fybwkd9-ct0/s1600/IMG_5278.JPG
000176.jpg,https://q-xx.bstatic.com/xdata/images/hotel/max500/154273635.jpg?k=f9aa836832bbb4547adee4bbdbefcef56221d5e7e723db7b821a193cf203a29b&o=
000177.jpg,https://media.karousell.com/media/photos/products/2019/05/18/vegetables_seeds__butterhead_lettuce__1558155427_f69b6f07.jpg
000178.jpg,http://www.wallogreen.com/green/1883/coloquinte-en-melange.jpg
000179.jpg,https://images-na.ssl-images-amazon.com/images/I/41OntA6KC4L._SS500_.jpg
000180.jpg,https://cdn.shopify.com/s/files/1/1145/1260/products/frontera-sweet_large.jpg?v=1565965344
000181.jpg,https://childfreelifeadventures.com/wp-content/uploads/2015/05/vegetable-gardening-1024x768.jpg
000182.jpg,https://chillipepperseeds.ca/image/cache/catalog/edited%202019hot/IMG_7395-1-500x500.JPG
000183.jpg,https://farm4.staticflickr.com/3885/14909412179_bf6e22b6e3_n.jpg
000184.jpg,https://www.chillies4u.co.uk/wp-content/uploads/2019/09/Cherry-Bomb-300x300.jpg
000185.jpg,http://i608.photobucket.com/albums/tt162/JungleRain_Chilli/OrangeMushroom2.jpg
000186.jpg,https://i.ytimg.com/vi/EfO94mzLAxM/maxresdefault.jpg
000187.jpg,https://i.ebayimg.com/images/g/rhMAAOSwFV9Xw0VF/s-l300.jpg
000188.jpg,https://is4.revolveassets.com/images/p4/n/d/BAIL-WQ117_V2.jpg
000189.jpg,https://static.artfire.com/uploads/mfs/items/2e/53/large/2e530eef5b8a8da284ff52a09931bcf97743da7c3cfab81a2096f6553e651c21.png
000190.jpg,https://www.semillas.de/pepper_fruits/habanero_pastel.jpg
000191.jpg,http://www.foodgypsy.ca/wp-content/uploads/2010/10/Mrs.-Dolse-Conner-Roatan-FG.jpg
000192.jpg,https://i.etsystatic.com/17374083/d/il/3ffee8/1982841616/il_340x270.1982841616_88z1.jpg?version=0
000193.jpg,https://q-xx.bstatic.com/xdata/images/hotel/max500/61232322.jpg?k=f22c40f3722a7c6b031d97aa5031303ed6509580a125dd9a39a345829a0c0182&o=
000194.jpg,https://i.pinimg.com/originals/45/6e/86/456e8690ea67010ab99788b50bab73d8.jpg
000195.jpg,https://image.shutterstock.com/image-photo/sweet-pumpkin-cake-dessert-cream-260nw-8429329.jpg
000196.jpg,https://upload.wikimedia.org/wikipedia/commons/thumb/e/ee/Facing_heaven_chili.jpg/580px-Facing_heaven_chili.jpg
000197.jpg,https://c8.alamy.com/comp/D5AKRP/pumpkin-rot-on-white-background-D5AKRP.jpg
000198.jpg,https://cms.hostelworld.com/hwblog/wp-content/uploads/sites/2/2019/05/CentralAmerica1-642x875.jpg
000199.jpg,https://chilionlinebestellen.de/wp-content/uploads/2019/04/9128_Grenada-Tobago-Seasoni_720x600jpgfeedId31781k7af72524c6e8b11b27a0540f66cd7bc4ac29feea.jpeg
000200.jpg,https://scontent-cdg2-1.cdninstagram.com/v/t51.2885-15/e35/69583338_2953974001279976_4275664410364593839_n.jpg?_nc_ht=scontent-cdg2-1.cdninstagram.com&_nc_cat=108&se=7&oh=5f6ead1cd01a215a55621af46f391eb2&oe=5E2467EA&ig_cache_key=MjEzMDIzNTkwOTM1NzE2NDU0Nw%3D%3D.2&_nc_ig_catcb=1
000201.jpg,https://images-na.ssl-images-amazon.com/images/I/41UhkZ3saLL._SS500_.jpg
000202.jpg,https://resizer.otstatic.com/v2/photos/wide-huge/25836750.jpg
000203.jpg,https://upload.wikimedia.org/wikipedia/commons/thumb/f/f0/Capsicum_chinense_Fatalii_crop.jpg/290px-Capsicum_chinense_Fatalii_crop.jpg
000204.jpg,http://i.imgur.com/ideFcbn.jpg
000205.jpg,https://i.ytimg.com/vi/tqSP_nxiico/maxresdefault.jpg
000206.jpg,https://farm3.staticflickr.com/2896/14831679274_62da37f60c_n.jpg
000207.jpg,https://dietitianinroatan.files.wordpress.com/2013/11/p1020527.jpg?w=512&h=287
000208.jpg,https://media.karousell.com/media/photos/products/2018/08/26/coriander_seed_1535283657_78c8006b.jpg
000209.jpg,https://scontent-yyz1-1.cdninstagram.com/v/t51.2885-15/e35/s480x480/66113625_355708525098315_3109252893171771143_n.jpg?_nc_ht=scontent-yyz1-1.cdninstagram.com&oh=abb8dc27fdd8672e849934d8c255bd93&oe=5E14F8EE&ig_cache_key=MjA5NzQ4MzY2OTEwMzM2MzgxNg%3D%3D.2
000210.jpg,https://img.esteem.ws/gal27en3px.jpg
000211.jpg,http://www.pepperfriends.com/forum/uploads/monthly_05_2011/post-1041-1304730062.jpg
000212.jpg,https://img.youtube.com/vi/sAMO6BNUUCQ/0.jpg
000213.jpg,http://www.wallogreen.com/green/1894/courge-decorative-halloween.jpg
000214.jpg,https://i0.wp.com/bocabotanas.com/wp-content/uploads/2019/03/chicken-1.jpg?ssl=1
000215.jpg,https://www.chillies4u.co.uk/wp-content/uploads/2019/09/Habanero-Tabaquite-300x300.jpg
000216.jpg,https://chillipepperseeds.ca/image/cache/catalog/edited%202019hot/IMG_9446-500x500.JPG
000217.jpg,https://scontent-yyz1-1.cdninstagram.com/vp/55742c0258bf9240b51f3d3e79db4799/5E2EE561/t51.2885-15/sh0.08/e35/c0.135.1080.1080a/s640x640/67321626_370574073838973_4844607951098566153_n.jpg?_nc_ht=scontent-yyz1-1.cdninstagram.com&_nc_cat=105
000218.jpg,https://ayearcookingtheworld.files.wordpress.com/2016/11/img_3154.jpg?w=765&h=380&crop=1
000219.jpg,https://thumbs.dreamstime.com/b/yucatan-woodpecker-looking-food-perched-tree-roatan-honduras-92205712.jpg
000220.jpg,https://www.ethno-botanik.org/fotos/7-Pot-Primo-Orange-810x538.jpg
000221.jpg,https://i0.wp.com/c8.alamy.com/comp/X4Y6JY/habanero-red-savina-X4Y6JY.jpg?w=215
000222.jpg,https://i0.wp.com/www.sanpedroscoop.com/wp-content/uploads/2016/06/Maria3-1-800x600.jpg?resize=625%2C469
000223.jpg,https://rlv.zcache.com.au/halloween_pumpkin_hexing_spells_t_shirt-r26a0784c56994298bef3c6de7c28f051_65yeu_307.jpg?rvtype=content
000224.jpg,https://images-na.ssl-images-amazon.com/images/I/51%2BU5JVmmOL._SL1268_.jpg
000225.jpg,https://www.ubuy.za.com/productimg/?image=aHR0cHM6Ly9tLm1lZGlhLWFtYXpvbi5jb20vaW1hZ2VzL0kvODFYRERJMG04NUwuX0FDX1VTMjE4Xy5qcGc.jpg
000226.jpg,https://3.cdnpt.com/Destinations/30/30/Cozumel-3134263676-L.jpg
000227.jpg,https://limdongcheol.files.wordpress.com/2010/10/chili-chilli-cheong-ryang-s63051111.jpg
000228.jpg,https://i.etsystatic.com/19582545/d/il/0b0a45/1829719893/il_340x270.1829719893_2v43.jpg?version=0
000229.jpg,https://static.artfire.com/uploads/mfs/items/ac/dc/large/acdc68d3cf2aae7f474a94fd3a2a2b1ad80d35cbef2c5524f26ae22a6c06ea0a.png
000230.jpg,https://image.shutterstock.com/image-photo/vegetable-fruit-gram-260nw-1298112187.jpg
000231.jpg,http://i608.photobucket.com/albums/tt162/JungleRain_Chilli/7potpodBrain2.jpg
000232.jpg,https://is4.revolveassets.com/images/p4/n/d/NYTR-WR9_V3.jpg
000233.jpg,http://strawberryjampackedlife.files.wordpress.com/2010/04/dsc019621.jpg?w=604
000234.jpg,https://i2.wp.com/bocabotanas.com/wp-content/uploads/2019/07/IMG_0646.jpg?fit=2048%2C1066&ssl=1
000235.jpg,https://i.pinimg.com/originals/59/06/1f/59061fca79f202bcb3d5614275473930.jpg
000236.jpg,https://www.semillas.de/pepper_fruits/habanero_guadalupe.jpg
000237.jpg,https://upload.wikimedia.org/wikipedia/commons/thumb/3/3c/Dorset_Naga_Peppers.jpg/580px-Dorset_Naga_Peppers.jpg
000238.jpg,https://images.otstatic.com/prod/26335534/1/huge.jpg
000239.jpg,https://image.isu.pub/160501223752-d191cfaf4053eaedd585f9f1b584420f/jpg/page_1.jpg
000240.jpg,https://i.ytimg.com/vi/dBjgFDtrHu4/maxresdefault.jpg
000241.jpg,https://chilionlinebestellen.de/wp-content/uploads/2019/04/104140_01_720x600jpgfeedId31781k13ef0c4fa519648183c17ff358352f9c46a83175.jpeg
000242.jpg,http://i1202.photobucket.com/albums/bb380/paulgrif/2015%20plant%20out/_DSC2930a_zpso9gvc0oc.jpg
000243.jpg,http://www.foodgypsy.ca/wp-content/uploads/2010/08/roatan-Thirsty-turtle-013a1-430x244.jpg
000244.jpg,https://upload.wikimedia.org/wikipedia/commons/thumb/e/e5/Chilesdearbol.jpg/290px-Chilesdearbol.jpg
000245.jpg,https://cdn-image.foodandwine.com/sites/default/files/1553530717/Classic-Ceviche-with-Red-Snapper-FT-recipe0519.jpg
000246.jpg,https://images.r.cruisecritic.com/news/2018/06/Indochine.jpg
000247.jpg,https://cdn.shopify.com/s/files/1/1145/1260/products/bahamian-beast-red_large.jpg?v=1567188257
000248.jpg,https://images-na.ssl-images-amazon.com/images/I/61NM7e082aL._SL1000_.jpg
000249.jpg,https://c8.alamy.com/comp/D5AKTP/pumpkin-rot-on-white-background-D5AKTP.jpg
000250.jpg,http://www.pepperfriends.com/forum/uploads/monthly_05_2011/post-1041-1305332454.jpg
000251.jpg,https://images.digitalofficepro.com/rjthkb/decoration-halloween-holidays-concept-powerpoint-template-m.jpg
000252.jpg,https://www.chillies4u.co.uk/wp-content/uploads/2019/09/Carrot-Jolokia-300x300.jpg
000253.jpg,https://www.chilli-forum.cz/app.php/gallery/image/54896/medium
000254.jpg,https://media.karousell.com/media/photos/products/2019/04/18/rotala_wallichi_1555572445_dfa831d7.jpg
000255.jpg,https://pepperhead.com/wp-content/uploads/2016/12/Brown-Moruga-Scorpion-e1529503753338-247x300.jpg
000256.jpg,https://childfreelifeadventures.com/wp-content/uploads/2016/07/Edmonds-Farmers-Market-1.jpg
000257.jpg,https://cms.hostelworld.com/hwblog/wp-content/uploads/sites/2/2019/05/GettyImages-937533732.jpg
000258.jpg,https://static.wixstatic.com/media/d32494_329089ba209348f0a2443537e5f45362.jpg/v1/fill/w_563,h_387,al_c,q_80/d32494_329089ba209348f0a2443537e5f45362.webp
000259.jpg,https://image.spreadshirtmedia.com/image-server/v1/mp/products/T812A317MPA3140PT17X20Y27D1009713446FS4906/views/1,width=378,height=378,appearanceId=317,backgroundColor=F2F2F2,modelId=115,crop=list,version=1569416855,modelImageVersion=1564482842/roatan-honduras-mens-premium-t-shirt.jpg
000260.jpg,https://i0.wp.com/3.bp.blogspot.com/-l-nKngxoCFk/TtzGkUG44HI/AAAAAAAADDk/eitRBfcr-JE/s1600/IMG_6484.JPG
000261.jpg,https://www.ethno-botanik.org/fotos/7-Pot-7-390x261-2.jpg
000262.jpg,https://theurbenlife.files.wordpress.com/2016/11/fullsizerender-121.jpg
000263.jpg,http://www.wallogreen.com/green/1323/courgette-verte-belor-f1.jpg
000264.jpg,https://www.garlicandzest.com/wp-content/uploads/2017/06/conch-fritters-24.jpg
000265.jpg,https://www.stlmag.com/downloads/163880/download/73819-Seevers.jpg?cb=661efef72bf057319c35057a9946dd90
000266.jpg,https://i.etsystatic.com/9221580/d/il/ae4f12/1871476307/il_340x270.1871476307_3ytk.jpg?version=0
000267.jpg,https://image.shutterstock.com/image-photo/baking-dish-roasted-fish-red-260nw-1325488763.jpg
000268.jpg,https://farm4.staticflickr.com/3881/14647439258_a88afc8c45_n.jpg
000269.jpg,https://upload.wikimedia.org/wikipedia/commons/thumb/5/5c/Peter_pepper%2CCapsicum_annuum_var._annuum_1.jpg/580px-Peter_pepper%2CCapsicum_annuum_var._annuum_1.jpg
000270.jpg,https://ayearcookingtheworld.files.wordpress.com/2016/10/fullsizeoutput_10da.jpeg?w=220&h=294
000271.jpg,http://coralbeachvillage.com/wp-content/uploads/2015/03/Diving-e1425488252335.png
000272.jpg,https://i1.wp.com/liveforlivemusic.com/wp-content/uploads/2014/01/Music-Festival-500x332.jpg?fit=500%2C332&ssl=1
000273.jpg,https://cdn.fashiola.co.uk/L621619382/funny-halloween-emoji-witch-nerd-face-tee-gifts-ideas-t-shirt.jpg
000274.jpg,https://image.isu.pub/190111215543-6ef0bd114292ecde3ee52c1fd5a8b59c/jpg/page_1.jpg
000275.jpg,https://timsfoodobsession.files.wordpress.com/2016/09/capture.jpg?w=640&h=464
000276.jpg,https://t4.thpservices.com/previewimage/gallil/429eb3f3faa6d5d6b22c5266edd6f84f/ibr-2105581.jpg
000277.jpg,https://www.semillas.de/pepper_fruits/black_habanero3.jpg
000278.jpg,http://i.imgur.com/90lsjhA.jpg
000279.jpg,https://limdongcheol.files.wordpress.com/2010/10/reserve_halloween09_large-01.png?w=584
000280.jpg,https://static.artfire.com/uploads/mfs/items/20/22/large/2022734f6e45ddd4f3e28953f380544e237fae2091762467ac72d2c7ef35ec58.png
000281.jpg,https://images.getbento.com/accounts/1c4b985ab0f6460136b24bb2df4eed34/mediausers/custom_fields_galleries/images/Ja9aStExRfCMOibMvx6B_X2zTlIgSmExZro4n35wV_PLP_7273.jpg?w=1200&fit=crop&auto=compress,format&h=600
000282.jpg,https://images.otstatic.com/prod/26444762/1/huge.jpg
000283.jpg,http://semences-partage.net/images/uploads/sveltana/1378800785-Habanero%20roatan%20pumpkin%20-%205843.jpg
000284.jpg,https://images.r.cruisecritic.com/news/2018/06/indochine2.jpg
000285.jpg,http://www.foodgypsy.ca/wp-content/uploads/2010/08/Hole-in-the-Wall-126a1-430x244.jpg
000286.jpg,https://yucatanliving.com/site/assets/files/9423/aaaworkinggringos.1151x460.jpg
000287.jpg,https://c8.alamy.com/comp/S16DWK/happy-jackolantern-S16DWK.jpg
000288.jpg,https://rlv.zcache.com.au/halloween_pumpkin_just_hexing_casting_spells_t_shirt-ra2ed13b34fb44886b20d7b846d095342_k2grj_307.jpg?rvtype=content
000289.jpg,https://www.chillies4u.co.uk/wp-content/uploads/2019/09/Numex-Orange-Spice-300x300.jpg
000290.jpg,https://media.karousell.com/media/photos/products/2019/04/14/chilli_plant_1555238188_19656f55.jpg
000291.jpg,http://i608.photobucket.com/albums/tt162/JungleRain_Chilli/BhutJolokiaxHabaneroRedMayan10.jpg
000292.jpg,https://upload.wikimedia.org/wikipedia/commons/thumb/2/26/Cubanelle_Peppers.jpg/290px-Cubanelle_Peppers.jpg
000293.jpg,https://pepperhead.com/wp-content/uploads/2016/12/Datil2-e1529503975903-247x300.jpg
000294.jpg,https://i0.wp.com/tacogirl.com/wp-content/uploads/2015/05/P3150109.jpg?fit=640%2C480&ssl=1
000295.jpg,https://timeincsecure-a.akamaihd.net/rtmp_uds/1660653193/201710/694/1660653193_5598025382001_5596879076001-vs.jpg?pubId=1660653193&videoId=5596879076001
000296.jpg,http://www.cruiseserver.net/images/news/news_co_costa_neoriviera.jpg
000297.jpg,https://chillipepperseeds.ca/image/cache/catalog/edited%202019hot/IMG_8188-500x500.JPG
000298.jpg,https://i.ytimg.com/vi/PjHLXY5yqqk/maxresdefault.jpg
000299.jpg,https://childfreelifeadventures.com/wp-content/uploads/2014/11/Thanksgiving-2013-086-cropped.jpg
000300.jpg,https://is4.revolveassets.com/images/p4/n/d/JOIE-WD382_V3.jpg
000301.jpg,https://image.shutterstock.com/image-photo/horizontal-color-view-red-green-260nw-5637235.jpg
000302.jpg,https://i0.wp.com/www.sanpedroscoop.com/wp-content/uploads/2015/04/cashews.jpg
000303.jpg,https://images-na.ssl-images-amazon.com/images/I/91kgQEyGPHL._AC_UL200_SR200,200_.jpg
000304.jpg,https://images.media-allrecipes.com/userphotos/799568.jpg
000305.jpg,https://scontent-iad3-1.cdninstagram.com/vp/b278522b255cfbf9ba353a63b7fb4d37/5E094EE1/t51.2885-15/sh0.08/e35/s640x640/69359674_874537169599248_2146434748367288575_n.jpg?_nc_ht=scontent-iad3-1.cdninstagram.com&_nc_cat=100
000306.jpg,https://upload.wikimedia.org/wikipedia/commons/thumb/5/54/Pementos_de_Padron.jpg/580px-Pementos_de_Padron.jpg
000307.jpg,http://www.cruiseserver.net/images/news/news_no_encore_moments.jpg
000308.jpg,https://media-cdn.tripadvisor.com/media/photo-s/05/e3/88/09/jungle-cafe-utila-honduras.jpg
000309.jpg,https://i.etsystatic.com/11031825/d/il/a248ee/887270896/il_340x270.887270896_a237.jpg?version=0
000310.jpg,https://ayearcookingtheworld.files.wordpress.com/2016/06/img_0030.jpg?w=392&h=294
000311.jpg,https://www.ethno-botanik.org/fotos/Aji-Umba-810x542.jpg
000312.jpg,https://www.semillas.de/pepper_fruits/habanero_ebony_giant.jpg
000313.jpg,https://image.spreadshirtmedia.com/image-server/v1/mp/products/T348A261MPA3200PT17X50Y19D1014099785FS9900/views/1,width=800,height=800,appearanceId=261,backgroundColor=F2F2F2,modelId=362,crop=list,version=1565936391,modelImageVersion=1554720008/pray-for-honduras-by-cc-arts-designs-womens-v-neck-t-shirt.jpg
000314.jpg,https://media-cdn.tripadvisor.com/media/photo-s/06/21/3e/09/deliciosamentebonito.jpg
000315.jpg,https://media.karousell.com/media/photos/products/2019/02/27/aloe_vera_plant_1551261791_f4b4b10e.jpg
000316.jpg,http://i.imgur.com/ZhCmp9H.jpg
000317.jpg,https://image.isu.pub/180725162306-f69bf42274fe893269b8b13a7f15e24f/jpg/page_1.jpg
000318.jpg,http://farm8.staticflickr.com/7415/9263571476_5bf4e8b106_z.jpg
000319.jpg,https://pbs.twimg.com/media/EGX7f09VAAAVj14.jpg
000320.jpg,http://coralbeachvillage.com/wp-content/uploads/2015/03/Dolphin-1024x347.png
000321.jpg,https://static.artfire.com/uploads/mfs/items/a0/5e/large/a05e7868da1efc6de735f4eab164f9951252468babb2968f3c77d951bfe37d50.png
000322.jpg,https://cdn.shopify.com/s/files/1/1145/1260/products/fatalii_large.jpg?v=1567188385
000323.jpg,https://yt3.ggpht.com/a-/AAuE7mC6KRZw6zf2kdDWjqyB7KmmbiOqdMa3hwARhw=s400-mo-c-c0xffffffff-rj-k-no
000324.jpg,https://q-xx.bstatic.com/xdata/images/hotel/max500/14419127.jpg?k=b208013c86395860eadd2d975c02381069f3a670542514779f236fb01b466524&o=
000325.jpg,https://upload.wikimedia.org/wikipedia/commons/thumb/6/63/Capsicum_chinense_%27Naga_morich%27_-_MHNT_Borderouge.jpg/290px-Capsicum_chinense_%27Naga_morich%27_-_MHNT_Borderouge.jpg
000326.jpg,https://viewfinder.expedia.com/wp-content/uploads/2015/12/ristra-size_1230x400.jpeg
000327.jpg,https://www.chillies4u.co.uk/wp-content/uploads/2018/02/golden-bullet-1-300x300.jpg
000328.jpg,https://chillipepperseeds.ca/image/cache/catalog/edited%202019hot/IMG_6917-500x500.JPG
000329.jpg,http://i608.photobucket.com/albums/tt162/JungleRain_Chilli/BhutJolokiachocolatex7potpodyellowV1F34.jpg
000330.jpg,https://cms.hostelworld.com/hwblog/wp-content/uploads/sites/2/2019/05/CentralAmerica2-835x875.jpg
000331.jpg,https://theurbenlife.com/wp-content/uploads/2016/11/fullsizerender-111.jpg
000332.jpg,https://c1.staticflickr.com/4/3929/15389410456_43db12795c_z.jpg
000333.jpg,http://www.wallogreen.com/green/2159/chicon-witloof-de-bruxelles.jpg
000334.jpg,http://www.tiangue-biodiversidad.com/files/cont_planta/photo/15/Fruto%20abierto%20Anona%20reticulata.jpg
000335.jpg,https://pepperhead.com/wp-content/uploads/2016/12/Top-10-Hottest-Seed-Collection-247x300.jpg
000336.jpg,https://limdongcheol.files.wordpress.com/2010/10/ccbeef-vindaloo-4.jpg
000337.jpg,https://c8.alamy.com/comp/H6BDGF/blossom-end-rot-on-tomato-cornue-des-andes-provence-france-H6BDGF.jpg
000338.jpg,https://upload.wikimedia.org/wikipedia/commons/thumb/0/01/Trinidadscorpion.jpg/580px-Trinidadscorpion.jpg
000339.jpg,http://www.cruiseserver.net/images/news/news_no_just_goods.jpg
000340.jpg,https://www.semillas.de/pepper_fruits/black_habanero2.jpg
000341.jpg,http://subirimagen.infojardin.com/sube-fotos/images/bwy1310897630e.JPG
000342.jpg,https://image.shutterstock.com/image-photo/close-on-whole-red-snapper-260nw-1325488778.jpg
000343.jpg,https://chilionlinebestellen.de/wp-content/uploads/2019/04/9255_Aji-Limo_720x600jpgfeedId31781k580de2b8197c574821bd5d064cb79d7ddec92754.jpeg
000344.jpg,https://limdongcheol.files.wordpress.com/2010/10/ccbeef-vindaloo-4.jpg?w=584
000345.jpg,https://media-cdn.tripadvisor.com/media/photo-s/05/f1/6c/b7/jungle-cafe-utila-honduras.jpg
000346.jpg,https://chilionlinebestellen.de/wp-content/uploads/2019/04/3091_Heinz-1350_720x600jpgfeedId31781k2097b0ecc935ecc80010a15895058cc40244f466.jpeg
000347.jpg,https://cdn.shopify.com/s/files/1/1145/1260/products/sandras-gnarly-orange_large.jpg?v=1565965394
000348.jpg,https://images.r.cruisecritic.com/news/2018/06/la-te.jpg
000349.jpg,https://theurbenlife.files.wordpress.com/2016/11/fullsizerender-171.jpg
000350.jpg,https://i2.wp.com/bocabotanas.com/wp-content/uploads/2019/05/IMG_5104.jpg?ssl=1
000351.jpg,https://cms.hostelworld.com/hwblog/wp-content/uploads/sites/2/2019/05/Chicken-Bus.jpg
000352.jpg,http://www.cruiseserver.net/images/news/news_no_wonder_awaits.jpg
000353.jpg,https://i3.cpcache.com/merchandise/244_300x300_Front_Color-Navy.jpg?Size=Small&AttributeValue=NA&region={%22name%22:%22FrontCenter%22,%22width%22:10,%22height%22:1.786713,%22alignment%22:%22MiddleCenter%22,%22orientation%22:0,%22dpi%22:200,%22crop_x%22:0,%22crop_y%22:0,%22crop_h%22:400,%22crop_w%22:2000,%22scale%22:0,%22template%22:{%22id%22:118574599,%22params%22:{}}}
000354.jpg,https://www.semillas.de/pepper_fruits/aji_habanero.jpg
000355.jpg,https://farm1.staticflickr.com/519/19562097171_cace48a328_z.jpg
000356.jpg,http://coralbeachvillage.com/wp-content/uploads/2015/03/Food.png
000357.jpg,https://thumbs.dreamstime.com/b/delicious-food-inside-plastic-trays-served-traditional-mayan-restaurant-playa-del-carmen-mexico-delicious-food-inside-109291309.jpg
000358.jpg,https://rlv.zcache.ca/im_a_vegetarian_funny_cartoon_poster-r111646df3eeb45589ab348613b645046_ei3ri_8byvr_307.jpg
000359.jpg,https://pbs.twimg.com/media/EFfwOyxUUAIkDix.jpg
000360.jpg,http://www.foodgypsy.ca/wp-content/uploads/2015/07/Lemon-Garlic-Chicken-Lead-Food-Gypsy.jpg
000361.jpg,https://i1.wp.com/www.sanpedroscoop.com/wp-content/uploads/2017/05/IMG_29111-01-800x600.jpeg?resize=625%2C469
000362.jpg,https://image.isu.pub/170307195032-9066ac0b7e5e494d966718d237fda3f8/jpg/page_1_thumb_large.jpg
000363.jpg,https://upload.wikimedia.org/wikipedia/commons/thumb/5/58/France-Piment_d%27Espelette-2005-08-05.jpg/290px-France-Piment_d%27Espelette-2005-08-05.jpg
000364.jpg,https://chillipepperseeds.ca/image/cache/catalog/edited%202019hot/IMG_7408-500x500.JPG
000365.jpg,https://media.karousell.com/media/photos/products/2019/05/04/_seedling__rainforest_pepper_1556952270_189c0e3a.jpg
000366.jpg,https://media-cdn.tripadvisor.com/media/photo-s/05/f1/6c/cb/jungle-cafe-utila-honduras.jpg
000367.jpg,https://image.spreadshirtmedia.com/image-server/v1/mp/products/T461A1MPA3234PT17X49Y38D1017467002FS2462/views/1,width=378,height=378,appearanceId=1,backgroundColor=F2F2F2,modelId=2600,crop=list,version=1550304461,modelImageVersion=1551693668/honduras-womens-organic-t-shirt.jpg
000368.jpg,http://i1056.photobucket.com/albums/t375/SolipsistSupernova/IMG_5081.jpg
000369.jpg,https://i.etsystatic.com/12356882/r/il/0bcddc/1328055690/il_570xN.1328055690_altn.jpg
000370.jpg,https://limdongcheol.files.wordpress.com/2010/10/persimmon-fruit-hong-shi.jpg?w=584
000371.jpg,https://cms.hostelworld.com/hwblog/wp-content/uploads/sites/2/2019/05/Capture-1.jpg
000372.jpg,https://upload.wikimedia.org/wikipedia/commons/thumb/b/ba/Chilhuacle_negro_cut.jpg/580px-Chilhuacle_negro_cut.jpg
000373.jpg,https://www.chillies4u.co.uk/wp-content/uploads/2019/09/Carboruga-Red-300x300.jpg
000374.jpg,https://dietitianinroatan.files.wordpress.com/2013/11/p1020530.jpg?w=512&h=287
000375.jpg,https://media.karousell.com/media/photos/products/2019/04/27/172100_226251302_thumbnail_progressive_thumbnail.jpg
000376.jpg,https://i3.cpcache.com/product/2038159205/Roatan_Honduras_Organic_Kids_T-Shirt_300x300.jpg?height=300&width=300&qv=90&side=front&Filters=[{%22name%22:%22background%22,%22value%22:%22ddddde%22,%22sequence%22:2}]
000377.jpg,https://childfreelifeadventures.com/wp-content/uploads/2015/09/Pumpkin-carving-party-2013-034-1024x693.jpg
000378.jpg,https://static.artfire.com/uploads/mfs/items/ce/df/large/cedf05e7f7e44e28259c815d4c74c25739fffe43b161fe63382d5446ee67a0e5.png
000379.jpg,https://image.shutterstock.com/image-photo/local-food-lobster-red-snapper-260nw-628689491.jpg
000380.jpg,http://i608.photobucket.com/albums/tt162/JungleRain_Chilli/IMG_5270.jpg
000381.jpg,https://rlv.zcache.ca/camp_banner-rbac420e3ad0640279d0b78527cc2d162_jj051_307.jpg?rlvnet=1
000382.jpg,http://s57.radikal.ru/i156/1302/12/11e96ab2d022.jpg
000383.jpg,https://i2.wp.com/www.sanpedroscoop.com/wp-content/uploads/2017/05/scoville-scale-426x600.jpg?resize=426%2C600
000384.jpg,https://image.isu.pub/170307194936-c27a6a92a5974ca5b70a573975e6a8a0/jpg/page_1.jpg
000385.jpg,https://www.semillas.de/pepper_fruits/habanero_el_remo.jpg
000386.jpg,https://chillipepperseeds.ca/image/cache/catalog/edited%202019hot/IMG_9919-500x500.JPG
000387.jpg,https://media.karousell.com/media/photos/products/2019/02/15/big_chilli_plants_with_chillis_1550219966_12eefaad.jpg
000388.jpg,https://upload.wikimedia.org/wikipedia/commons/thumb/7/76/Habanero.jpg/1200px-Habanero.jpg
000389.jpg,http://i778.photobucket.com/albums/yy67/Valleyman_bucket/2013-GARDEN/ScotchBonnet_zps7570870b.jpg
000390.jpg,https://i.ytimg.com/vi/7QpPpRsdsPo/hqdefault.jpg
000391.jpg,https://image.spreadshirtmedia.com/image-server/v1/mp/products/T347A231MPA2978PT17X22Y13D1018981546FS2187/views/1,width=378,height=378,appearanceId=231,backgroundColor=F2F2F2,modelId=2564,crop=list,version=1565757568,modelImageVersion=1551791379/bandera-honduras-womens-t-shirt.jpg
000392.jpg,http://www.foodgypsy.ca/wp-content/uploads/2011/02/DSC_4368a1-430x244.jpg
000393.jpg,https://cms.hostelworld.com/hwblog/wp-content/uploads/sites/2/2019/05/tikal-2917724_1280-1.jpg
000394.jpg,https://www.chillies4u.co.uk/wp-content/uploads/2018/02/Purple-jalapen%CC%83o--300x300.jpg
000395.jpg,http://coralbeachvillage.com/wp-content/uploads/2015/03/Whale-Shark.png
000396.jpg,https://childfreelifeadventures.com/wp-content/uploads/2015/05/Biwa-Portland-6-1024x768.jpg
000397.jpg,https://dietitianinroatan.files.wordpress.com/2013/11/p1020525.jpg?w=512&h=287
000398.jpg,https://limdongcheol.files.wordpress.com/2010/10/naga_jolokia.jpg?w=250&h=300
000399.jpg,https://upload.wikimedia.org/wikipedia/commons/thumb/6/62/Tabasco_peppers.JPG/580px-Tabasco_peppers.JPG
000400.jpg,http://i1202.photobucket.com/albums/bb380/paulgrif/2015%20plant%20out/_DSC2869a_zpsusbjgfon.jpg
000401.jpg,https://i.ytimg.com/vi/sAMO6BNUUCQ/maxresdefault.jpg
000402.jpg,https://media.karousell.com/media/photos/products/2019/04/27/biquinho_yellow_seeds_1556355625_00e07b1b.jpg
000403.jpg,https://i3.cpcache.com/product/244266279/Cayman_Islands_T-Shirt_300x300.jpg?height=300&width=300&qv=90&side=front&Filters=[{%22name%22:%22background%22,%22value%22:%22ddddde%22,%22sequence%22:2}]
000404.jpg,http://www.wallogreen.com/green/1315/courge-musquee-divers-muscade-de-provence.jpg
000405.jpg,https://i1.wp.com/www.sanpedroscoop.com/wp-content/uploads/2015/11/IMG_67981.jpg
000406.jpg,https://chillipepperseeds.ca/image/cache/catalog/edited%202019hot/IMG_2931-500x500.JPG
000407.jpg,http://www.cruiseserver.net/images/news/news_pr_discovery_princess.jpg
000408.jpg,https://image.isu.pub/141211224008-cc7ab192aae626dea3080015b78290f2/jpg/page_1.jpg
000409.jpg,https://is4.revolveassets.com/images/p4/n/d/MAAJ-WX298_V4.jpg
000410.jpg,https://lh6.googleusercontent.com/-cHil0S-BevI/VFChn9seIbI/AAAAAAAAAmU/NEgo7tafnGI/s1280/IMAG0418%2520c%2520%25D0%25BF%25D0%25BE%25D0%25B4%25D0%25BF%25D0%25B8%25D1%2581%25D1%258F%25D0%25BC%25D0%25B8.jpg
000411.jpg,https://image.shutterstock.com/image-photo/homemade-seared-red-snapper-mango-260nw-1087829129.jpg
000412.jpg,https://static.artfire.com/uploads/mfs/items/4f/36/large/4f36fbcba7bc69346718e79c41fdb2f8e84a4efcb0023200d5d2b072d5bb5421.png
000413.jpg,https://www.chillies4u.co.uk/wp-content/uploads/2019/09/Helix-Nebula-300x300.jpg
000414.jpg,https://cms.hostelworld.com/hwblog/wp-content/uploads/sites/2/2019/05/Capture.jpg
000415.jpg,https://rlv.zcache.com.au/halloween_pumpkin_just_hexing_casting_spells_t_shirt-ra2ed13b34fb44886b20d7b846d095342_k2grj_307.jpg
000416.jpg,http://i608.photobucket.com/albums/tt162/JungleRain_Chilli/IMG_5268.jpg
000417.jpg,https://dietitianinroatan.files.wordpress.com/2013/11/p1020551.jpg?w=512&h=287
000418.jpg,https://i1.wp.com/www.sanpedroscoop.com/wp-content/uploads/2017/05/IMG_2929-01-450x600.jpeg?resize=450%2C600
000419.jpg,https://www.semillas.de/pepper_fruits/black_stinger.jpg
000420.jpg,https://childfreelifeadventures.com/wp-content/uploads/2015/10/Orcas-Island-248-1024x768.jpg
000421.jpg,https://media.karousell.com/media/photos/products/2019/04/12/heliconia_plant_1555060597_afd6f02f.jpg
000422.jpg,https://limdongcheol.files.wordpress.com/2010/10/200px-blairsauceslogo.jpg?w=584
000423.jpg,http://www.cruiseserver.net/images/news/news_cc_dorian_relief.jpg
000424.jpg,http://i608.photobucket.com/albums/tt162/JungleRain_Chilli/DevilsTonguewhitef3.jpg
000425.jpg,https://is4.revolveassets.com/images/p4/n/d/JOIE-WD382_V1.jpg
000426.jpg,https://www.chillies4u.co.uk/wp-content/uploads/2019/09/Purple-Cayenne-300x300.jpg
000427.jpg,https://is4.revolveassets.com/images/p4/n/d/FEEL-WR30_V2.jpg
000428.jpg,https://static.artfire.com/uploads/mfs/items/4b/56/large/4b56906ffe57f20e06d1f0700eca62ada7daf1510eea202a165a21f3654fd532.png
000429.jpg,https://childfreelifeadventures.com/wp-content/uploads/2015/10/Orcas-Island-263-927x1024.jpg
000430.jpg,https://travelbugart.files.wordpress.com/2017/05/img_72111.jpg
000431.jpg,https://image.shutterstock.com/image-photo/reef-colorful-varieties-coral-sponges-260nw-11102170.jpg
000432.jpg,https://www.semillas.de/pepper_fruits/chocolate_habanero_long2.jpg
000433.jpg,https://cms.hostelworld.com/hwblog/wp-content/uploads/sites/2/2019/05/5683443904_74f8d22f1c_b.jpg
000434.jpg,https://i2.wp.com/www.sanpedroscoop.com/wp-content/uploads/2015/11/IMG_6774.jpg
000435.jpg,https://dietitianinroatan.files.wordpress.com/2013/11/p1020553.jpg?w=512&h=287
000436.jpg,http://www.pepperfriends.com/forum/uploads/monthly_2017_10/S.png.38241c1e14b7812831fdbe6bbb8ac189.png
000437.jpg,https://media.karousell.com/media/photos/products/2019/04/16/thyme_plant_pr_0301_10_mlg_1555394391_e8252006.jpg
000438.jpg,https://static.artfire.com/uploads/mfs/items/f9/1f/large/f91f0a9a004090a6f2abd047efb55b561bb861798b03d39b27ca6445ed337ffa.png
000439.jpg,https://images-na.ssl-images-amazon.com/images/I/81DeIftMDOL._AC_UL200_SR200,200_.jpg
000440.jpg,http://www.cruiseserver.net/images/news/news_vi_downton_abbey.jpg
000441.jpg,https://i.ebayimg.com/thumbs/images/g/YYYAAOSwLyVZxQ-E/s-l225.jpg
000442.jpg,https://cms.hostelworld.com/hwblog/wp-content/uploads/sites/2/2019/05/turtle-1958058_1280.jpg
000443.jpg,https://informationcradle.com/america/wp-content/uploads/2019/07/sebi-300x212.jpg
000444.jpg,https://media.karousell.com/media/photos/products/2018/12/19/mulberry_plant_cutting_1545179663_a21688b9.jpg
000445.jpg,https://thefitbridesmaid.files.wordpress.com/2010/04/dsc01966.jpg
000446.jpg,https://i1.wp.com/www.sanpedroscoop.com/wp-content/uploads/2015/04/IMG_2404.jpg
000447.jpg,https://images-na.ssl-images-amazon.com/images/I/51xF9A3mC4L._SS500_.jpg
000448.jpg,http://www.foodgypsy.ca/wp-content/uploads/2010/08/Texas-friends-Cuba-1-015a-430x244.jpg
000449.jpg,https://is4.revolveassets.com/images/p4/n/d/NYTR-WR9_V1.jpg
000450.jpg,https://static.artfire.com/uploads/mfs/items/c3/1d/large/c31db20639b71476431d26acb2988d4a1db84a8cded960515425efea509de56e.jpg
000451.jpg,https://is4.revolveassets.com/images/p4/n/d/FEEL-WR30_V1.jpg
000452.jpg,http://coralbeachvillage.com/wp-content/uploads/2015/03/Snorkel-1024x565.png
000453.jpg,https://cms.hostelworld.com/hwblog/wp-content/uploads/sites/2/2019/05/5078509265_7c2b9bc885_b.jpg
000454.jpg,https://childfreelifeadventures.com/wp-content/uploads/2015/10/halloween-in-seattle-pumpkin-patch.jpg
000455.jpg,https://images-na.ssl-images-amazon.com/images/I/91kaP9Uy7gL._SL1500_.jpg
000456.jpg,https://dietitianinroatan.files.wordpress.com/2013/10/2013-08-27-08-58-18.jpg?w=512&h=382
000457.jpg,https://theurbenlife.files.wordpress.com/2016/11/roatanchristmastree1.jpg
000458.jpg,http://www.foodgypsy.ca/wp-content/uploads/2010/10/Cuba-Havana-2-124a11-430x244.jpg
000459.jpg,https://farm6.staticflickr.com/5474/9263568962_85c1ec5a9b_z.jpg
000460.jpg,https://i.ebayimg.com/thumbs/images/g/P5gAAOSwqbxZ6lcs/s-l225.jpg
000461.jpg,https://static.artfire.com/uploads/mfs/items/3f/95/large/3f9522fc295c6a7aa30bc1bdb80fed3e8e1247926da0b54f53c6ac20ed59e749.png
000462.jpg,https://www.pepperfriends.org/dbpf/apf2.png
000463.jpg,https://cms.hostelworld.com/hwblog/wp-content/uploads/sites/2/2019/05/honduras-1032398_1280.jpg
000464.jpg,https://media-cdn.tripadvisor.com/media/photo-s/05/e3/87/e1/jungle-cafe-utila-honduras.jpg
000465.jpg,https://is4.revolveassets.com/images/p4/n/d/BAIL-WQ117_V4.jpg
000466.jpg,https://farm4.staticflickr.com/3818/19557860715_fd44ea7573_z.jpg
000467.jpg,https://dietitianinroatan.files.wordpress.com/2013/10/2013-08-27-11-09-26.jpg?w=512&h=382
000468.jpg,https://static.artfire.com/uploads/mfs/items/f0/b7/large/f0b7e84ef4caa91ce1b42e060b71a39cb922287f166fc1c58ddf59e0a4e09031.jpg
000469.jpg,https://theurbenlife.files.wordpress.com/2016/11/fullsizerender-201.jpg
000470.jpg,https://cms.hostelworld.com/hwblog/wp-content/uploads/sites/2/2019/05/costa-rica-2400159_1280.jpg
000471.jpg,https://is4.revolveassets.com/images/p4/n/d/JOIE-WD382_V2.jpg
000472.jpg,https://media-cdn.tripadvisor.com/media/photo-s/05/e3/87/f6/jungle-cafe-utila-honduras.jpg
000473.jpg,http://www.foodgypsy.ca/wp-content/uploads/2010/10/Chef-Endy-Reeves-Roatan-FG-430x244.jpg
000474.jpg,http://coralbeachvillage.com/wp-content/uploads/2015/03/Brooke-Blog-291x300.png
000475.jpg,https://static.artfire.com/uploads/mfs/items/03/d7/large/03d7aefb491c733d553d8222a868d50b5d39059ac2a559700fdcfea043196ac2.jpg
000476.jpg,https://cms.hostelworld.com/hwblog/wp-content/uploads/sites/2/2019/05/frog-2475906_1280.jpg
000477.jpg,https://i2.wp.com/www.sanpedroscoop.com/wp-content/uploads/2018/11/Maria-Fruit-San-Pedro-10-e1542753168204.jpg?ssl=1
000478.jpg,https://is4.revolveassets.com/images/p4/n/d/MAAJ-WX298_V2.jpg
000479.jpg,https://farm1.staticflickr.com/283/18935304684_bb6e1b7b9b_z.jpg
000480.jpg,http://www.foodgypsy.ca/wp-content/uploads/2011/01/Texas-friends-Cuba-1-002a1-430x244.jpg
000481.jpg,https://farm3.staticflickr.com/2870/9260800635_3072af64eb_z.jpg
000482.jpg,https://childfreelifeadventures.com/wp-content/uploads/2015/09/Pumpkin-carving-party-2013-039-951x1024.jpg
000483.jpg,http://www.cruiseserver.net/images/news/news_no_Kelly_Clarkson.jpg
000484.jpg,https://childfreelifeadventures.com/wp-content/uploads/2015/09/Pumpkin-carving-party-2013-029-1024x768.jpg
000485.jpg,http://www.cruiseserver.net/images/news/news_rc_Odyssey_of_the_Seas_steel.jpg
000486.jpg,https://childfreelifeadventures.com/wp-content/uploads/2015/09/Pumpkin-carving-party-2013-032-1024x768.jpg
000487.jpg,http://www.cruiseserver.net/images/news/news_pr_prag_shah.jpg
000488.jpg,http://vivis-chili.dk/wp-content/gallery/habanero-roatan-pumpkin/habanero-roatan-pumpkin-lyse-midningsfarver.jpg
000489.jpg,http://www.lb2tb.no/content.php?getimage=aHR0cHM6Ly9zMy1tZWRpYTIuZmwueWVscGNkbi5jb20vYnVwaG90by9VS3NTOFBvNlV5YmRjaVkzdVdNbkV3L28uanBn
000490.jpg,http://secondshilohbaptistchurch.org/backup.php?getimage=aHR0cDovLzEuYnAuYmxvZ3Nwb3QuY29tLy1YbWo1X0UydXBORS9VZ18tbmJvTW9sSS9BQUFBQUFBQU8tMC9jaU42c0xVc3NjNC9zMTYwMC8yMDEzLTA4LTE3KzE4LjM0LjI4LmpwZw==
000491.jpg,https://www.pepperscale.com/wp-content/uploads/2017/10/roatan-pumpkin-habanero.jpg
000492.jpg,http://vivis-chili.dk/wp-content/gallery/habanero-roatan-pumpkin/habanero-roatan-pumpkin.jpg
000493.jpg,https://www.superhotchiles.com/wp-content/uploads/2018/07/Roatan_Pumpkin_Habanero_1-600x400.jpg
000494.jpg,https://www.superhotchiles.com/wp-content/uploads/2018/07/Roatan_Pumpkin_Habanero_9-600x400.jpg
000495.jpg,https://www.superhotchiles.com/wp-content/uploads/2018/07/Roatan_Pumpkin_Habanero_2-600x400.jpg
000496.jpg,https://www.superhotchiles.com/wp-content/uploads/2018/07/Roatan_Pumpkin_Habanero_7-600x400.jpg
000497.jpg,https://i.ytimg.com/vi/TaBd6nxofQg/maxresdefault.jpg
000498.jpg,https://www.pepperscale.com/wp-content/uploads/2017/10/roatan-pumpkin-habanero-150x150.jpg
000499.jpg,http://www.exotic-plants.de/auktionsbilder/Chili_Roatan_Pumpkin_Habanero_small.jpg
000500.jpg,https://images-na.ssl-images-amazon.com/images/I/41VhPAPbNcL._SL160_.jpg
000501.jpg,https://www.superhotchiles.com/wp-content/uploads/2018/07/Roatan_Pumpkin_Habanero_8-600x400.jpg
000502.jpg,https://images-na.ssl-images-amazon.com/images/I/51HBSeaFr4L._SL500_AC_SS350_.jpg
000503.jpg,http://www.chillipikanterie.cz/img/uploads/hires/habanero_roatan_pumpkin1.jpg
000504.jpg,https://www.superhotchiles.com/wp-content/uploads/2018/07/Roatan_Pumpkin_Habanero_4-600x400.jpg
000505.jpg,http://www.semillas.de/pepper_fruits/roatan_pumpkin_habanero.jpg
000506.jpg,https://images-na.ssl-images-amazon.com/images/I/51rAygjEIeL._SS40_.jpg
000507.jpg,https://www.superhotchiles.com/wp-content/uploads/2018/07/Roatan_Pumpkin_Habanero_16-600x400.jpg
000508.jpg,https://www.chili-shop24.de/media/image/thumbnail/9264_Roatan-Pumpkin-Habaner_720x600.jpg
000509.jpg,https://www.idroponica.it/sementi-officinali-e-di-peperoncino/semi-di-peperoncino-piccante/semi-di-peperoncino-roatan-pumpkin-habanero~Img_Principale_25288.jpg
000510.jpg,https://images-na.ssl-images-amazon.com/images/I/51scvBPdksL._SS40_.jpg
000511.jpg,http://vivis-chili.dk/wp-content/gallery/habanero-roatan-pumpkin/habanero-roatan-pumpkin-8-uger.jpg
000512.jpg,https://images-na.ssl-images-amazon.com/images/I/81b9TK8JqsL._AC_UL160_SR160,160_.jpg
000513.jpg,https://images-na.ssl-images-amazon.com/images/I/51o0oR4QfyL._SS40_.jpg
000514.jpg,http://vivis-chili.dk/wp-content/gallery/habanero-roatan-pumpkin-runde-2/habanero-roatan-pumpkin-9-uger.jpg
000515.jpg,http://vivis-chili.dk/wp-content/gallery/habanero-roatan-pumpkin/habanero-roatan-pumpkin-voksen-plante.jpg
000516.jpg,http://semences-partage.net/images/uploads/sveltana/1378800785-Habanero%20roatan%20pumpkin%20-%205843.jpg
000517.jpg,https://www.superhotchiles.com/wp-content/uploads/2018/07/Roatan_Pumpkin_Habanero_5-600x400.jpg
000518.jpg,http://vivis-chili.dk/wp-content/gallery/habanero-roatan-pumpkin/habanero-roatan-pumpkin-26-uger.jpg
000519.jpg,https://www.legrainier.com/wp-content/uploads/PIM29423.jpg
000520.jpg,http://vivis-chili.dk/wp-content/gallery/habanero-roatan-pumpkin/habanero-roatan-pumpkin-lyse-midningsfarver.jpg
000521.jpg,http://vivis-chili.dk/wp-content/gallery/habanero-roatan-pumpkin/habanero-roatan-pumpkin-17-uger.jpg
000522.jpg,http://i.imgur.com/7T6YgG8.jpg
000523.jpg,http://vivis-chili.dk/wp-content/gallery/habanero-roatan-pumpkin/habanero-roatan-pumpkin-blomst.jpg
000524.jpg,http://vivis-chili.dk/wp-content/gallery/habanero-roatan-pumpkin/habanero-roatan-pumpkin-14-uger.jpg
000525.jpg,https://i.pinimg.com/originals/1f/1b/97/1f1b978725c7fbb9bb89c294f8120c30.jpg
000526.jpg,http://vivis-chili.dk/wp-content/gallery/habanero-roatan-pumpkin/habanero-roatan-pumpkin-23-uger.jpg
000527.jpg,https://images-na.ssl-images-amazon.com/images/I/711-GB2bHnL._AC_UL160_SR160,160_.jpg
000528.jpg,http://vivis-chili.dk/wp-content/gallery/habanero-roatan-pumpkin/habanero-roatan-pumpkin-20-uger.jpg
000529.jpg,http://vivis-chili.dk/wp-content/gallery/habanero-roatan-pumpkin/habanero-roatan-pumpkin-29-uger.jpg
000530.jpg,https://images-na.ssl-images-amazon.com/images/I/618YAP0R8pL._AC_UL160_SR160,160_.jpg
000531.jpg,http://vivis-chili.dk/wp-content/gallery/habanero-roatan-pumpkin-runde-2/habanero-roatan-pumpkin-12-uger.jpg
000532.jpg,http://semences-partage.net/images/uploads/sveltana/1378800685-Habanero%20green%20-%205841.jpg
000533.jpg,https://chili.tummelsta.se/wp-content/uploads/2018/07/89921244.jpg
000534.jpg,http://semences-partage.net/images/uploads/sveltana/1378800649-Habanero%20green%20-%205628.jpg
000535.jpg,http://s.ecrater.com/stores/136729/4d1a724e8ffa3_136729b.jpg
000536.jpg,http://semences-partage.net/images/uploads/sveltana/1378800823-Habanero%20yellow%20-%205844.jpg
000537.jpg,https://cdn.shopify.com/s/files/1/1145/1260/products/habanero-roatan-pumpkin_large.jpg
000538.jpg,https://easyhydro.co.uk/wp-content/uploads/2019/02/habpeach.jpg
000539.jpg,http://semences-partage.net/images/uploads/sveltana/1378800600-7%20pod%20burgundy%20-%205716.jpg
000540.jpg,https://www.semillas.de/pepper_fruits/CGN20803.jpg
000541.jpg,https://www.semillas.de/pepper_fruits/riot3.jpg
000542.jpg,https://www.superhotchiles.com/wp-content/uploads/2018/04/Ugandan-Habanero-Seeds-rare-300x225.jpg
000543.jpg,https://www.pepperscale.com/wp-content/uploads/2018/07/habanero-peach.jpg
000544.jpg,https://www.pepperscale.com/wp-content/uploads/2016/05/Peruvian-White-Habanero-150x150.jpg
000545.jpg,https://www.semillas.de/pepper_flowers/purple_habanero.jpg
000546.jpg,http://vivis-chili.dk/wp-content/uploads/2012/02/Habanero-Peach1.jpg
000547.jpg,https://www.semillas.de/pepper_fruits/purple_habanero.jpg
000548.jpg,https://www.semillas.de/pepper_fruits/rocotillo.jpg
000549.jpg,https://images-na.ssl-images-amazon.com/images/I/51GyE3sOraL._SL500_AC_SS350_.jpg
000550.jpg,http://vivis-chili.dk/wp-content/uploads/2013/07/Habanero-White.jpg
000551.jpg,http://semences-partage.net/images/uploads/sveltana/1378800518-Jay's peach ghost scorpion - 5710.jpg
000552.jpg,https://cdn.shopify.com/s/files/1/1145/1260/products/habanero-peruvian-white_large.jpg
000553.jpg,http://vivis-chili.dk/wp-content/uploads/2012/02/Habanero-Yellow-Bumpy.jpg
000554.jpg,http://semences-partage.net/images/uploads/sveltana/1378800258-Bhut%20jolokia%20purple%20-%205736.jpg
000555.jpg,https://s.ecrater.com/stores/136729/4d1a71777977c_136729b.jpg
000556.jpg,http://vivis-chili.dk/wp-content/uploads/2013/07/Habanero-White-150x150.jpg
000557.jpg,http://semences-partage.net/images/uploads/sveltana/1378800290-Bhut%20jolokia%20purple%20-%205738.jpg
000558.jpg,http://semences-partage.net/images/uploads/sveltana/1378800956-Aji%20dulce%20amarillo%20-%205717.jpg
000559.jpg,http://semences-partage.net/images/uploads/sveltana/1378800492-Jay%27s%20peach%20ghost%20scorpion%20-5621%20%281%29.jpg
000560.jpg,http://semences-partage.net/images/uploads/sveltana/1378800412-Bhut%20jolokia%20peach%20-%205617.jpg
000561.jpg,http://semences-partage.net/images/uploads/sveltana/1378800320-Bhut%20jolokia%20purple%20-%205744.jpg
000562.jpg,https://www.semillas.de/pepper_flowers/rocotillo.jpg
000563.jpg,https://cdn.shopify.com/s/files/1/0220/1512/products/Extra_mama-julie-strawberry-apple-ghost-pepper_front_800x.jpg
000564.jpg,https://www.semillas.de/pepper_fruits/scotch_bonnet_MOA.jpg
000565.jpg,http://vivis-chili.dk/wp-content/uploads/2012/02/Habanero-Zavory-moden-frugt.jpg
000566.jpg,http://pics.davesgarden.com/pics/2007/05/29/causticmuse/7968e6.jpg
000567.jpg,https://cdn.shopify.com/s/files/1/1145/1260/products/jays-red-ghost-scorpion_large.jpg
000568.jpg,https://cdn.shopify.com/s/files/1/1145/1260/products/habanada_large.jpg
000569.jpg,https://images-na.ssl-images-amazon.com/images/I/41aH66WM6cL._SL160_.jpg
000570.jpg,https://www.semillas.de/thumbs/scotch_bonnet_MOA.jpg
000571.jpg,https://www.semillas.de/pepper_fruits/pimiento_africano.jpg
000572.jpg,https://cdn.shopify.com/s/files/1/1145/1260/products/mako-kokoo_large.jpg
000573.jpg,http://semences-partage.net/images/uploads/sveltana/1378801287-Baiana%20roxa%20da%20Tela%20-%205739%20%281%29.jpg
000574.jpg,http://3.bp.blogspot.com/-Qndk7vjIxyc/TeImK9cnGaI/AAAAAAAAEqk/PgmMkpJlHmo/s400/canario_I.jpg
000575.jpg,https://acimg.auctivacommerce.com/imgdata/0/1/4/8/9/9/webimg/1453101.jpg
000576.jpg,http://vivis-chili.dk/wp-content/uploads/2012/02/Habanero-Laranjada-Grande-moden-frugt.jpg
000577.jpg,https://www.semillas.de/pepper_fruits/west_indian_yellow.jpg
000578.jpg,http://vivis-chili.dk/wp-content/uploads/2012/01/Holy-Mole1.jpg
000579.jpg,http://semences-partage.net/images/uploads/sveltana/1378802168-Yelitza - 5651.jpg
000580.jpg,https://www.mikelsimon.com/img/p/2/6/4/264-home_default.jpg
000581.jpg,http://vivis-chili.dk/wp-content/uploads/2012/01/Habanero-Chocolate.jpg
000582.jpg,http://vivis-chili.dk/wp-content/uploads/2013/12/Jalapeno-Master-moden-frugt.jpg
000583.jpg,https://cdn.shopify.com/s/files/1/1145/1260/products/fogon_large.jpg
000584.jpg,https://cdn.shopify.com/s/files/1/1145/1260/products/gator-jigsaw-6_large.jpg
000585.jpg,http://vivis-chili.dk/wp-content/uploads/2014/01/Jalapeno-Coyame-moden-frugt.jpg
000586.jpg,https://i.pinimg.com/736x/00/60/2b/00602bc2748c89fafd8a349ad038696e--naga-morich-capsicum-chinense.jpg
000587.jpg,http://vivis-chili.dk/wp-content/uploads/2013/12/Jalapeno-Colima-moden-frugt-150x150.jpg
000588.jpg,http://vivis-chili.dk/wp-content/uploads/2014/02/Jalapeno-Pequis-moden-frugt-150x150.jpg
000589.jpg,http://vivis-chili.dk/wp-content/uploads/2013/12/Jalapeno-Colima-moden-frugt.jpg
000590.jpg,http://i1202.photobucket.com/albums/bb380/paulgrif/2015%20plant%20out/IMG_0385a_zps0cjlg6hj.jpg
000591.jpg,http://s.ecrater.com/stores/136729/4d1a2204c65f2_136729f.jpg
000592.jpg,http://vivis-chili.dk/wp-content/uploads/2013/11/Jalapeno-Mammoth-moden-frugt.jpg
