image,source
000001.jpg,https://www.pepperscale.com/wp-content/uploads/2016/03/rocoto-pepper-1-768x509.jpg
000002.jpg,https://i2.wp.com/www.permablitz.net/wp-content/uploads/2017/04/Rocoto.jpg?fit=3888%2C2592&ssl=1
000003.jpg,https://www.chilipeppermadness.com/wp-content/uploads/2019/09/Rocoto-Peppers.jpg
000004.jpg,https://images-na.ssl-images-amazon.com/images/I/41AFDYYY10L.jpg
000005.jpg,http://cdn.shopify.com/s/files/1/1063/1756/products/Red_Rocoto_Pepper_1200x1200.jpg?v=1551225157
000006.jpg,https://www.chilipeppermadness.com/wp-content/uploads/2018/03/Rocoto-Chili-Pepper2.jpg
000007.jpg,https://www.anniesannuals.com/signs/b%20-%20c/images/capiscum_pubescens2.jpg
000008.jpg,http://www.specialtyproduce.com/sppics/15222.png
000009.jpg,https://www.cayennediane.com/wp-content/uploads/rocoto-1.jpg
000010.jpg,https://images-na.ssl-images-amazon.com/images/I/71xP0OLIYUL._SX425_.jpg
000011.jpg,https://sc01.alicdn.com/kf/UT8wP_IXzFXXXagOFbX7/Dehydrated-Rocoto-Powder-Rocoto-Deshidratado-en-Polvo.jpg_350x350.jpg
000012.jpg,https://thehippyseedcompany.com/wp-content/uploads/2017/06/Rocoto-Red-25.jpg
000013.jpg,https://previews.123rf.com/images/maxsol7/maxsol71711/maxsol7171100017/89835958-rocoto-manzano-rojo-chile-peppers-capsicum-pubescens-clipping-paths-for-each.jpg
000014.jpg,https://cdn11.bigcommerce.com/s-f6cx4kq/products/131/images/1174/manzano_rocoto_pepper_tyler_farms__77398.1550361659.490.588.jpg?c=2
000015.jpg,https://www.superhotchiles.com/wp-content/uploads/2018/04/Red-Rocoto-Hot-Pepper-seeds.jpg
000016.jpg,https://previews.123rf.com/images/maxsol7/maxsol71711/maxsol7171100014/89754360-rocoto-chile-peppers-capsicum-pubescens-different-cultivars-.jpg
000017.jpg,https://i.ebayimg.com/images/g/-SQAAOSw8w1YBvsb/s-l400.jpg
000018.jpg,https://upload.wikimedia.org/wikipedia/commons/thumb/c/cd/Capsicum_pubescens_%28Rocoto%29.JPG/1200px-Capsicum_pubescens_%28Rocoto%29.JPG
000019.jpg,https://i.etsystatic.com/18891878/r/il/860020/1682659736/il_570xN.1682659736_ptzy.jpg
000020.jpg,https://croatianseeds-store.com/images/stories/virtuemart/product/arequipa%20giant7.jpg
000021.jpg,http://perudelights.com/wp-content/uploads/2012/04/rocotos.jpg
000022.jpg,http://cuzcoeats.com/wp-content/uploads/2012/03/DSC_00401-1-1024x687.jpg
000023.jpg,https://www.melissas.com/v/vspfiles/photos/1422-2T.jpg
000024.jpg,https://www.chileseeds.co.uk/wp-content/uploads/2016/10/Rocoto_LaPlazlSeeds.jpg
000025.jpg,http://www.spicegarden.eu/WebRoot/StoreLES/Shops/62431129/512C/FACD/8C67/21F2/61C7/C0A8/29BA/E36B/Rocoto_Manzano.JPG
000026.jpg,https://images-na.ssl-images-amazon.com/images/I/51ffqvj3sHL.jpg
000027.jpg,https://aji.io/wp-content/uploads/2016/08/peru-bitdumi-rocoto-03.jpg
000028.jpg,https://www.thespruceeats.com/thmb/1-uOL2jPBiI3zwpLXY3Dq2yMesk=/5312x3984/filters:fill(auto,1)/close-up-of-red-bell-peppers-at-market-692955489-5887d7433df78c2ccda27bf6.jpg
000029.jpg,https://static.wixstatic.com/media/d45f52_8b15511a05d1435ca85c4803163784c3~mv2.png/v1/fill/w_480,h_313,al_c,usm_0.66_1.00_0.01/d45f52_8b15511a05d1435ca85c4803163784c3~mv2.png
000030.jpg,https://www.productoslasarita.com/wp-content/uploads/2018/01/rocoto.jpg
000031.jpg,https://blog.amigofoods.com/wp-content/uploads/2011/07/rocoto-pepper-peruvian.jpg
000032.jpg,https://www.chileplants.com/images/chiles/rocoto-red-pepper-plants.jpg
000033.jpg,https://www.magicgardenseeds.com/pics/mgs/CAP17/1/1000/Rocoto-(Capsicum-pubescens)-Chili-pepper_1.jpg
000034.jpg,http://croatianseeds-store.com/images/stories/virtuemart/product/Rocotoorange3%20(1).jpg
000035.jpg,https://ca-times.brightspotcdn.com/dims4/default/b24983c/2147483647/strip/true/crop/600x338+0+31/resize/1200x675!/quality/90/?url=https%3A%2F%2Fca-times.brightspotcdn.com%2F53%2F5b%2F2f63fd9881b835d91badca74a38f%2Fla-xpm-photo-2013-may-07-la-lh-rocoto-manzano-chile-20130507
000036.jpg,https://i.ytimg.com/vi/twQiJRkUfYU/maxresdefault.jpg
000037.jpg,https://static.wixstatic.com/media/d45f52_d4ea9345f93a4b2c98a2ee64d78e11ec~mv2.png/v1/crop/x_217,y_0,w_726,h_614/fill/w_560,h_474,al_c,q_90/aji%20largo%20(7).webp
000038.jpg,https://www.plant-world-seeds.com/images/item_images/000/007/725/large_square/capsicum_pubescens.jpg?1554747843
000039.jpg,https://www.pepperscale.com/wp-content/uploads/2015/03/manzano-pepper-2.jpg
000040.jpg,https://www.picclickimg.com/d/l400/pict/132854624181_/25-Aji-Lucento-Rocoto-Pepper-Seeds.jpg
000041.jpg,https://upload.wikimedia.org/wikipedia/commons/b/b1/01_rocoto_perupair.jpg
000042.jpg,https://www.agrihortico.com/wp-content/uploads/2019/07/be28adfff47893c4519c1307dc6b8866.jpg
000043.jpg,https://plant.daleysfruit.com.au/trees/m/Chilli-Rocoto-Tree-3690.jpeg
000044.jpg,http://roppongiservices.com/agroapoyo/wp-content/uploads/2018/05/aji-ultimo-900x900.jpg
000045.jpg,https://sc01.alicdn.com/kf/HTB14Wq_XojrK1RkHFNRq6ySvpXah/40-000-SHU-Spicy-Rocoto-Pepper-Sauce.jpg_350x350.jpg
000046.jpg,http://www.specialtyproduce.com/sppics/16993.png
000047.jpg,https://www.thespruceeats.com/thmb/VDTsuJaaZ6Xa2dhE1SowE_NxmBg=/960x0/filters:no_upscale():max_bytes(150000):strip_icc()/GettyImages-90117225-5976db63af5d3a00117448ca.jpg
000048.jpg,https://isteam.wsimg.com/ip/4193f652-6843-4aa1-a8d3-82a921ab685e/ols/4298_original/:/rs=w:600,h:600
000049.jpg,https://fscomps.fotosearch.com/compc/AGE/AGE066/red-chillis-peppers-rocoto-capsicum-stock-photo__a93-887167.jpg
000050.jpg,https://www.anniesannuals.com/signs/b%20-%20c/images/capiscum_pubescens_golden.jpg
000051.jpg,https://www.sherckseeds.com/wp-content/uploads/2018/11/IMG_9990.jpg
000052.jpg,http://www.organicseed.co.za/47-177-large/rocoto-pepper.jpg
000053.jpg,https://i.imgur.com/VW2Budd.jpg
000054.jpg,https://pantrygardenherbs.com/wp-content/uploads/2017/01/Pepper-Rocoto-red.jpg
000055.jpg,http://i823.photobucket.com/albums/zz156/beaglestorm/2011%20Chile%20Pods%20and%20Tests/2011-10-09_00-13-03_152.jpg
000056.jpg,https://cdn.shopify.com/s/files/1/1513/9476/products/IMG_3608_1024x1024.jpg?v=1485405201
000057.jpg,https://peruvianchili.com/wp-content/uploads/rocotos.jpg
000058.jpg,https://www.researchgate.net/publication/322733025/figure/fig1/AS:610673507725313@1522607318480/The-intense-red-color-in-rocoto-pepper-fruits-Evidence-of-physiological-maturation-stage.png
000059.jpg,http://edelalon.com/blog/wp-content/uploads/2014/09/rocoto_havest.jpg
000060.jpg,https://c8.alamy.com/comp/KH816N/rocoto-manzano-rojo-chile-pepper-capsicum-pubescens-clipping-path-KH816N.jpg
000061.jpg,https://cdn.shopify.com/s/files/1/0099/6897/5931/products/Rocoto_Pepper_300x300.jpg?v=1537318628
000062.jpg,https://www.brigman.it/media/catalog/product/cache/2/image/1200x1200/9df78eab33525d08d6e5fb8d27136e95/p/a/pasta_rocoto.jpg
000063.jpg,https://thumbs.dreamstime.com/z/rocoto-hot-pepper-rocoto-chili-used-peruvian-cuisine-as-seasoning-meals-spicy-accompaniment-container-117835619.jpg
000064.jpg,https://www.fataliiseeds.net/wp-content/uploads/2019/09/rocoto_manzano_ollanta_rojo223.jpg
000065.jpg,https://healthylife.werindia.com/wp-content/uploads/2019/07/carolina-reper-rocoto-chilis-healthylife-werindia-600x357.jpg
000066.jpg,https://i.ebayimg.com/images/g/S4sAAOSwPTlb2M9d/s-l300.jpg
000067.jpg,https://growingchilliesbook.files.wordpress.com/2015/10/rocoto-red-web.jpg
000068.jpg,https://facefoodmag.com/wp-content/uploads/2018/09/melon-ceviche-rocoto-pepper-sorbet.jpg
000069.jpg,https://s.yimg.com/aah/amigofoods/peru-chef-salsa-de-rocoto-con-aji-limo-red-hot-pepper-with-limo-chili-glass-jar-10-5-oz-40.gif
000070.jpg,https://i.ytimg.com/vi/vUPu2CxFyRY/maxresdefault.jpg
000071.jpg,https://2.bp.blogspot.com/-CIDMKVR8RPg/Vowe0vgKNII/AAAAAAAAF9U/cJKJcPzORks/s1600/rocoto-pepper-hairs.jpg
000072.jpg,https://aji.io/wp-content/uploads/2016/08/peru-bitdumi-rocoto-01-825x510.jpg
000073.jpg,https://www.pepperseeds.eu/pub/media/catalog/product/cache/51e4881dc4e265ed9adcb710d483ab73/r/o/rocoto_red.jpg
000074.jpg,https://i.pinimg.com/originals/ba/04/5c/ba045cdb8129147225d23bc563930234.jpg
000075.jpg,https://croatianseeds-store.com/images/stories/virtuemart/product/rocoto%20red1.jpg
000076.jpg,https://www.picclickimg.com/d/l400/pict/143012122719_/25-Cuzco-Manzano-Rojo-Rocoto-Pepper-Seeds.jpg
000077.jpg,https://www.chili-shop24.com/media/image/fd/61/79/100744_01_1280x1280.jpg
000078.jpg,https://m-garden.eu/img/4242/rocsuk_altpic_2/rocsuk_altpic_2.jpg?time=1521979687
000079.jpg,https://image.shutterstock.com/image-photo/rocoto-red-260nw-595230998.jpg
000080.jpg,http://www.rocoto.com/wp-content/gallery/rocoto/img_5609.jpg
000081.jpg,https://i5.walmartimages.com/asr/e59611b8-5f26-4a13-af8f-dac2e6426949_1.86936d3b6b38e16970188143e4e25391.jpeg?odnHeight=450&odnWidth=450&odnBg=FFFFFF
000082.jpg,https://previews.123rf.com/images/maxsol7/maxsol71711/maxsol7171100039/91038193-manzano-chile-peppers-rocoto-capsicum-pubescens-fruit-green-red-split-shadow-separated.jpg
000083.jpg,https://uchuwasi.com/images/com_hikashop/upload/pict4267.jpg
000084.jpg,https://images.squarespace-cdn.com/content/v1/53ff70a4e4b0e1f6ca3c8204/1414440877839-44I3REFORW8HISMLBA44/ke17ZwdGBToddI8pDm48kKcMxR0SJPBFbTVkwlQlgbRZw-zPPgdn4jUwVcJE1ZvWQUxwkmyExglNqGp0IvTJZUJFbgE-7XRK3dMEBRBhUpxtlxp-br1ZQt_OL9DrccLOcaa5YTWYBJR8foBOSLPdkH8xqv4gPKbrDF256whKX8o/Chile+Caballo%2C+Rocoto+Chile.JPG?format=500w
000085.jpg,https://trademe.tmcdn.co.nz/photoserver/full/419231453.jpg
000086.jpg,https://www.superhotchiles.com/wp-content/uploads/2018/04/Red-Rocoto-Pepper-Plants-.jpg
000087.jpg,https://cdn.shopify.com/s/files/1/1654/8555/products/140a_-_Red_Rocoto_530x@2x.jpeg?v=1551270351
000088.jpg,https://www.secretsfinefood.com/pub/media/catalog/product/cache/c687aa7517cf01e65c009f6943c2b1e9/r/o/rocoto.jpg
000089.jpg,https://images-na.ssl-images-amazon.com/images/I/41RSnJkQKKL._SL500_AC_SS350_.jpg
000090.jpg,https://kitchenwrangler.com/wp-content/uploads/2017/06/Peruvian-rocoto-style-stuffed-pepper-1.jpg
000091.jpg,https://i2.wp.com/yougrowgirl.com/wp-content/uploads/pepper_redrocoto.jpg?fit=450%2C304
000092.jpg,https://chiporro.com/wp-content/uploads/2018/03/chiporro-rocoto-pepper-hot-sauce-5oz-200x778-1.png
000093.jpg,https://sites.google.com/site/knowyourvegetables/_/rsrc/1284113863176/know-your-peppers/know-your-rocoto-pepper/Rocoto%20Peppers%2001.jpg
000094.jpg,http://www.spicegarden.eu/WebRoot/StoreLES/Shops/62431129/5480/4C2B/3A72/3BA7/3001/C0A8/2BBC/65A2/Rocoto_peron.JPG
000095.jpg,http://www.rocoto.com/wp-content/uploads/2010/09/01_rocoto2.jpg
000096.jpg,https://weheartrecipes-com.s3.amazonaws.com/recipes/6034/photos/213edd5faf1e8f0b31b886daa48fb05d-details.jpg
000097.jpg,https://i.etsystatic.com/17951386/r/il/51e0ee/1878516430/il_570xN.1878516430_g9bv.jpg
000098.jpg,https://www.seaspringseeds.co.uk/images/stories/virtuemart/product/rocoto-long-20web.jpg
000099.jpg,http://www.magicplantshop.com/images/watermarked/1/detailed/1/Rocoto-Mash-Jar.jpg
000100.jpg,http://howtoperu.com/wp-content/uploads/2016/07/aji_rocoto_peru_chili.jpg
000101.jpg,https://thumbs.dreamstime.com/z/rocoto-hot-pepper-rocoto-chili-used-peruvian-cuisine-as-seasoning-meals-spicy-accompaniment-container-117835663.jpg
000102.jpg,http://perudelights.com/wp-content/uploads/2012/12/ROCOTO-21.jpg
000103.jpg,https://cdn.shopify.com/s/files/1/0915/1060/products/rocoto_on_plant.jpg?v=1518794718
000104.jpg,https://www.semillas.de/pepper_fruits/rocoto_big_brown.jpg
000105.jpg,https://wacse.org/wp-content/uploads/2017/08/20170524_210134.jpg
000106.jpg,https://media-cdn.tripadvisor.com/media/photo-s/0a/af/b1/31/avocado-mousse-75-chocolate.jpg
000107.jpg,https://i.redd.it/wmjw5l0s5vh11.jpg
000108.jpg,https://www.sherckseeds.com/wp-content/uploads/2018/11/IMG_9672.jpg
000109.jpg,https://sanctuarygardener.files.wordpress.com/2013/09/ceviche-rocoto-peppers.jpg
000110.jpg,https://www.chili-shop24.com/media/image/7f/6d/c5/9009-Capsicum-pubescens-Man_600x600.jpg
000111.jpg,https://cdn.shopify.com/s/files/1/0871/0950/products/Orange-Rocoto-Pepper-Bloom_1024x1024.jpg?v=1548196293
000112.jpg,https://growingchilliesbook.files.wordpress.com/2015/10/rocoto-chunk-web.jpg?w=640
000113.jpg,https://2.bp.blogspot.com/-__7gceeMtcE/VowepWaWDDI/AAAAAAAAF9M/X_9r0qN4vbU/s1600/RedRocottoPeppers.jpg
000114.jpg,https://www.magicgardenseeds.co.uk/pics/mgs/CAP17/1000/Rocoto-(Capsicum-pubescens)-Chili-pepper.jpg
000115.jpg,https://c8.alamy.com/comp/TC9XM0/peruvian-rocoto-var-manzano-on-a-white-background-TC9XM0.jpg
000116.jpg,https://kbimages1-a.akamaihd.net/3736d631-3fe0-4bba-8e56-238fc5094502/353/569/90/False/his-majesty-the-rocoto-pepper.jpg
000117.jpg,https://imagesvc.meredithcorp.io/v3/mm/image?url=https%3A%2F%2Fcdn-image.foodandwine.com%2Fsites%2Fdefault%2Ffiles%2Fstyles%2F4_3_horizontal_-_1200x900%2Fpublic%2F1501873866%2Fvariety-of-chile-peppers-rocoto-FT-BLOG0817.jpg%3Fitok%3DgYTwqM_Y&w=400&c=sc&poi=face&q=85
000118.jpg,https://c1.staticflickr.com/3/2651/3879273923_1c6df324f2_b.jpg
000119.jpg,https://www.chilliseedbank.com.au/media/catalog/product/cache/image/720x560/4c3462793ba5f87d7658a49338bdb5e2/r/o/roccottored_1.jpg
000120.jpg,https://comps.canstockphoto.com/peruvian-hot-pepper-called-rocoto-with-picture_csp5756651.jpg
000121.jpg,https://d2lnr5mha7bycj.cloudfront.net/product-image/file/large_c18f60a2-d96f-437c-bbb8-ed5120544257.jpg
000122.jpg,https://cdn.shopify.com/s/files/1/0188/0032/products/incas-food-rocoto-pepper-paste-7-5oz-heat-level-04-meta-related-collection-spicepeppers-chilly-chiles-largest-selection-of-hot-sauce-in-canada-fruit-preserve_834.jpg
000123.jpg,https://thumbs.dreamstime.com/z/rocoto-hot-pepper-rocoto-chili-used-peruvian-cuisine-as-seasoning-meals-spicy-accompaniment-container-117835731.jpg
000124.jpg,http://thehotpepper.com/uploads/monthly_04_2018/post-9588-0-69818300-1523034522.jpeg
000125.jpg,https://www.kitchenwrangler.com/wp-content/uploads/2017/06/Peruvian-rocoto-style-stuffed-pepper-11.jpg
000126.jpg,https://s.ecrater.com/stores/285071/514369872aef3_285071n.jpg
000127.jpg,https://dks22p812qygs.cloudfront.net/UserFiles/ib_product/15329716655b5f4a91b0c67-338x501.jpg
000128.jpg,https://farm2.static.flickr.com/1890/44431224562_8f59f4598c_b.jpg
000129.jpg,https://i.ebayimg.com/images/g/WxIAAOSwb15b6wSI/s-l300.jpg
000130.jpg,https://wholesomeharvest.files.wordpress.com/2014/10/mg_6686.jpg
000131.jpg,https://www.pepperworldhotshop.com/out/pictures/master/product/1/sa101_det.jpg
000132.jpg,https://static.wixstatic.com/media/63266b_3f5897c67f934473ab66379363ffb2f8~mv2.png/v1/fill/w_640,h_390/63266b_3f5897c67f934473ab66379363ffb2f8~mv2.png
000133.jpg,https://www.chileseeds.co.uk/wp-content/uploads/2016/10/Rocoto-Cabe_Gandol_ChilliSeeds.jpg
000134.jpg,https://www.semillas.de/pepper_fruits/giant_rocoto2.jpg
000135.jpg,http://www.jubileehealthplace.org/wp-content/uploads/2014/11/habaneros-700x400.jpg
000136.jpg,https://knowmadadventures.com/travelers-blog/peruvian-cuisine/rocoto-relleno/
000137.jpg,https://thehippyseedcompany.com/wp-content/uploads/2018/04/yellow-rocoto-11.jpg
000138.jpg,https://www.magicplantfarms.com/wp-content/uploads/2016/10/Rocoto-Mash-.jpg
000139.jpg,https://pepperheadsforlife.com/wp-content/uploads/2015/01/orange-rocoto-pepper.jpg
000140.jpg,https://cdn.shopify.com/s/files/1/0151/1051/products/Peru_Food_Rocoto_Red_Pepper_Halves_20_oz_800x.png?v=1561608289
000141.jpg,https://image.isu.pub/160720215029-119316ba79b78144323d2834874cff15/jpg/page_1_thumb_large.jpg
000142.jpg,https://media-cdn.tripadvisor.com/media/photo-s/03/46/27/8e/el-rocoto.jpg
000143.jpg,https://www.chileplants.com/images/chiles/rocoto-yellow-pepper-plants.jpg
000144.jpg,https://farm6.staticflickr.com/5487/11410718513_944b092060_z.jpg
000145.jpg,https://www.gourmetsleuth.com/images/food/manzano_250-jpg.jpg?sfvrsn=2
000146.jpg,https://sc01.alicdn.com/kf/HTB1vvLDJVXXXXcaXpXXq6xXFXXXJ/Rocoto-Hot-Pepper.jpg_350x350.jpg
000147.jpg,https://images.fineartamerica.com/images-medium-large/sliced-rocoto-chilli-frank-yuwono.jpg
000148.jpg,https://pics.davesgarden.com/pics/2005/02/24/Love2Troll/2fa7a4.jpg
000149.jpg,http://www.spicegarden.eu/WebRoot/StoreLES/Shops/62431129/55FF/F6C9/1044/A776/ACEB/C0A8/2BB9/1A11/rocoto_amarillo.JPG
000150.jpg,https://st2.depositphotos.com/3996371/7717/i/950/depositphotos_77179175-stock-photo-red-green-and-yellow-chilli.jpg
000151.jpg,https://www.picclickimg.com/d/l400/pict/143157492515_/25-San-Pedro-Orange-Rocoto-Pepper-Seeds.jpg
000152.jpg,http://lacostanerarestaurant.com/components/com_wordpress/wp/wp-content/uploads/2017/09/rocoto-relleno.jpg
000153.jpg,https://cdn.shopify.com/s/files/1/1509/4360/products/Rocoto_15_oz_Ingredients_800x.jpg?v=1503834413
000154.jpg,http://kitchengardenselfsufficiency.com/wp-content/uploads/2013/05/100_0240.jpg
000155.jpg,http://www.cuzcoeats.com/wp-content/uploads/2012/03/DSC_00561.jpg
000156.jpg,https://dqzrr9k4bjpzk.cloudfront.net/images/12715247/1089894419.jpg
000157.jpg,https://i0.wp.com/drystonegarden.com/wp-content/uploads/2010/08/rocotopepper.jpg
000158.jpg,https://garden.org/pics/2014-01-26/DanCarmona/ac2baf.jpg
000159.jpg,https://www.fataliiseeds.net/wp-content/uploads/fromoldsite/rocoto_riesen_yellow1-800x800.jpg
000160.jpg,https://cdn.hungryonion.org/original/3X/2/1/218640fdf5b072259d0fe776584accc468ea0e12.jpeg
000161.jpg,https://images-na.ssl-images-amazon.com/images/I/91SGsDzSrvL._SX425_.jpg
000162.jpg,https://trademe.tmcdn.co.nz/photoserver/tq/1070635919.jpg
000163.jpg,http://cdn.shopify.com/s/files/1/2961/7124/products/pepper_-_red_rocoto_1200x1200.jpg?v=1517649954
000164.jpg,https://www.firelandfoods.at/shop/images/product_images/original_images/707-RocotoMontufar.jpg
000165.jpg,http://www.organicseed.co.za/47-177-thickbox/rocoto-pepper.jpg
000166.jpg,https://imgv2-1-f.scribdassets.com/img/document/412665154/original/875dc77d4a/1569495074?v=1
000167.jpg,https://image.shutterstock.com/image-photo/rocoto-pepper-on-white-background-260nw-1512009548.jpg
000168.jpg,https://www.pepperseeds.eu/pub/media/catalog/product/cache/51e4881dc4e265ed9adcb710d483ab73/r/o/rocoto_orange.jpg
000169.jpg,https://blog.amigofoods.com/wp-content/uploads/2019/09/Peruvian-Rocoto-relleno-preparation.jpg
000170.jpg,https://www.secretsfinefood.com/pub/media/catalog/product/cache/c687aa7517cf01e65c009f6943c2b1e9/r/o/rocotopaste.jpg
000171.jpg,https://i.etsystatic.com/12356882/r/il/11ce6f/1188274353/il_570xN.1188274353_nvyu.jpg
000172.jpg,https://thumbs.dreamstime.com/z/rocoto-hot-pepper-rocoto-chili-used-peruvian-cuisine-as-seasoning-meals-spicy-accompaniment-container-117835532.jpg
000173.jpg,https://cdn.foodsofnations.com/wp-content/uploads/2018/08/incas_rocotto.jpg
000174.jpg,https://latindeli.com.au/wp-content/uploads/2019/06/IncasFood_HotPepperRocoto.jpg
000175.jpg,https://static.wixstatic.com/media/41d1f8_5ca805b84f424e699ec54e80977f73ce~mv2.jpg/v1/fill/w_853,h_480,al_c,q_85,usm_0.66_1.00_0.01/41d1f8_5ca805b84f424e699ec54e80977f73ce~mv2.webp
000176.jpg,https://d1ql6nygpmad1t.cloudfront.net/media/catalog/product/cache/2b4d21b90ad5abb98380bc0a709a4ac8/b/a/base_0812125008713.jpg
000177.jpg,https://www.superhotchiles.com/wp-content/uploads/2018/04/Broome-Chile-Plants-300x225.jpg
000178.jpg,https://www.hydroponics.eu/officinal-medical-vegetables-and-chilli-pepper-seeds/chilli-seeds-bank/rocoto-ecuadorian-red-10-x-pepper-seeds~Img_Principale_25363.jpg
000179.jpg,https://cdn.videosofproducts.com/products/videos/thumbnails/B01ETYTX9G.jpg
000180.jpg,https://www.organiclea.org.uk/wp-content/uploads/Rocoto-900x600.jpg
000181.jpg,https://cdn.shopify.com/s/files/1/1654/8555/products/140e_-_Red_Rocoto_530x@2x.jpeg?v=1551270351
000182.jpg,https://media.gettyimages.com/photos/hot-chili-pepper-rocoto-ii-chilla-picture-id471997166
000183.jpg,https://images-na.ssl-images-amazon.com/images/I/61rXhaYUs3L.jpg
000184.jpg,https://assets.epicurious.com/photos/5baa6af8699dbf53d1b3a6d0/4:6/w_1600%2Cc_limit/shutterstock_616671473.jpg
000185.jpg,https://upload.wikimedia.org/wikipedia/commons/6/6d/Rocoto_Pepper_Plant.jpg
000186.jpg,https://thechillifactory.com/images/products/cropped_IMG_7505.jpg
000187.jpg,https://vignette.wikia.nocookie.net/chilipeps/images/f/fd/Pube-Scens.jpg/revision/latest?cb=20180108234755
000188.jpg,http://2.bp.blogspot.com/-_IuDm8xEms4/UGnWil0FJrI/AAAAAAAADsE/CtoMqRUJbwM/s1600/rocoto+pepper+550x824.jpg
000189.jpg,https://garden.org/pics/2015-02-04/wildflowers/6be5a2.jpg
000190.jpg,https://cdn.shopify.com/s/files/1/1022/5071/products/red-manzano-pepper-rocoto-apple-chilli-capsicum-pubescens-can-live-for-over-15-years-4_1024x1024.jpg?v=1565031050
000191.jpg,https://cdn1.bigcommerce.com/server700/5mvrqhbm/products/4793/images/146563/brown-rocoto-pepper__33405.1477156760.1280.1280.jpg?c=2
000192.jpg,https://cdn.webshopapp.com/shops/60827/files/26994925/image.jpg
000193.jpg,https://media.istockphoto.com/photos/still-life-of-rocoto-chili-and-sweet-pepper-comparative-sizes-picture-id964930476
000194.jpg,https://pbs.twimg.com/media/EEiMbVgX4AImUEE.jpg
000195.jpg,https://www.myvalue365.com/upload_images/product/1539456170-inca%60s-food-hot-pepper-aji-rocoto.jpeg
000196.jpg,http://chilliguru.uk/pubescens/images/minimix_2.jpg
000197.jpg,https://images-na.ssl-images-amazon.com/images/I/41x2OGzqipL.01_SL500_.jpg
000198.jpg,https://vivaair.cdn.prismic.io/vivaair/a39e907240856bb49a773100785a8e44a713b2a2_rocoto-relleno.jpg
000199.jpg,https://d2lnr5mha7bycj.cloudfront.net/product-image/file/large_cbcbfa0b-306a-476e-9e98-1fa2806ce59c.png
000200.jpg,https://images-na.ssl-images-amazon.com/images/I/51aT3KVa51L.jpg
000201.jpg,https://static.wixstatic.com/media/528091_7a958acee20940ed90e48669c4417a4a~mv2.jpg/v1/fill/w_460,h_280,al_c,q_80,usm_0.66_1.00_0.01/aji-de-rocoto-1.webp
000202.jpg,https://www.chili-shop24.com/media/image/96/e0/48/ae42d42527b00c93901bc184fdb457fb_600x600.jpg
000203.jpg,https://images2.minutemediacdn.com/image/upload/c_crop,h_1192,w_2121,x_0,y_111/f_auto,q_auto,w_1100/v1554931859/shape/mentalfloss/21583-istock-474683586.jpg
000204.jpg,https://render.fineartamerica.com/images/rendered/square-product/small/images-medium-large/sliced-rocoto-chilli-frank-yuwono.jpg
000205.jpg,https://growingchilliesbook.files.wordpress.com/2015/10/rocoto-red-sliced-web.jpg
000206.jpg,https://atflya.gr/sites/default/files/ajirocoto_eshop.jpg
000207.jpg,https://i5.walmartimages.com/asr/ff490cbd-0a3e-4232-96e9-b8ee1f3ce166_1.a4dc125e202d934ea8996b02cd2743aa.png?odnHeight=450&odnWidth=450&odnBg=FFFFFF
000208.jpg,https://aji.io/wp-content/uploads/2016/05/costa-rican-yellow-rocoto-01-825x510.jpg
000209.jpg,https://www.fireworksfoods.com.au/images/stories/virtuemart/product/incanto%20rocoto%20halves%20jar%20567g.jpg
000210.jpg,https://envato-shoebox-0.imgix.net/6e66/baa8-400c-4f3a-b2f1-87d422b90ee9/Rocoto+canario-13-Edit+copy.jpg?auto=compress%2Cformat&fit=max&mark=https%3A%2F%2Felements-assets.envato.com%2Fstatic%2Fwatermark2.png&markalign=center%2Cmiddle&markalpha=18&w=700&s=4de8f3cbfae07ea1d5abc8cd3cce9c15
000211.jpg,https://www.hazzardsgreenhouse.com/Merchant2/graphics/00000015/P1117.jpg
000212.jpg,https://static.wixstatic.com/media/e9f541_359dae02497d47b198a7e27d124989a7~mv2.jpg/v1/fill/w_630,h_473,al_c,q_80,usm_0.66_1.00_0.01/e9f541_359dae02497d47b198a7e27d124989a7~mv2.jpg
000213.jpg,https://t3.thpservices.com/previewimage/gallil/6c874d0da060fdfb9dc2fcc0173e91ca/esy-042561567.jpg
000214.jpg,https://plant.daleysfruit.com.au/ml/rocoto-tree-chilli-1262.jpeg
000215.jpg,https://www.firedragonchillies.co.nz/wp-content/uploads/2012/03/King-Naga-600x600.jpg
000216.jpg,https://www.pepperworldhotshop.com/out/pictures/master/product/1/318_0.jpg
000217.jpg,http://www.sciencefriday.com/wp-content/uploads/2016/08/Rocoto.png
000218.jpg,https://s.hdnux.com/photos/01/00/07/77/16809949/3/gallery_medium.jpg
000219.jpg,https://d1ql6nygpmad1t.cloudfront.net/media/catalog/product/cache/2b4d21b90ad5abb98380bc0a709a4ac8/B/a/Base_041331092180.jpg
000220.jpg,http://cravingsinamsterdam.com/wp-content/uploads/2016/09/IMG_3206.jpg
000221.jpg,https://cdn.shopify.com/s/files/1/1509/4360/products/Rocoto_15_oz_Frente_1024x.jpg?v=1503834413
000222.jpg,https://cdn.tasteatlas.com/images/dishes/937139fdffb84422b4131fab3690a18b.jpg?w=600&h=450
000223.jpg,https://scontent-lht6-1.cdninstagram.com/vp/44713204c981d859e718b96be5636800/5DB92016/t51.2885-15/e35/62654462_115949523002105_6434009995241212644_n.jpg?_nc_ht=scontent-lht6-1.cdninstagram.com&se=7&ig_cache_key=MjA3NDYwOTg2OTgwMDkzMTE5Ng%3D%3D.2
000224.jpg,https://www.productoslasarita.com/wp-content/uploads/2017/10/slide_02.jpg
000225.jpg,https://www.innit.com/public/products/images/00729955567993-feTCly1S5yPIg-0_s500.jpg
000226.jpg,http://i20.photobucket.com/albums/b221/MavicaMedic/01%202015%20GardenWeb/Chili%20Pod%20Pix/PI593622_zps86bhhgsa.jpg
000227.jpg,https://3.bp.blogspot.com/-s7H7ySzcFpc/WlIjMFHtiMI/AAAAAAABJfA/_YuQvsnNhT4u4QNo9QifJ4Y7huzI9qRlQCKgBGAs/s1600/IMG_2342.JPG
000228.jpg,http://cdn.shopify.com/s/files/1/0151/1051/products/Inca_s_Food_Aji_Rocoto_Rocoto_Hot_Pepper_20oz_1024x.png?v=1561609651
000229.jpg,http://cdn.shopify.com/s/files/1/0019/9884/8099/products/346645-fc2d0069c1ae4b50a41b6aad454f162a_1200x1200.png?v=1551869153
000230.jpg,https://media-cdn.tripadvisor.com/media/photo-s/0e/a1/b5/f4/red-mullet-hot-ceviche.jpg
000231.jpg,https://716f24d81edeb11608aa-99aa5ccfecf745e7cf976b37d172ce54.ssl.cf1.rackcdn.com/purple-potato-tuna-and-rocoto-1896955l1.jpg
000232.jpg,http://canopybridge.com/wp-content/uploads/2015/06/rocotoaj%C3%AD.jpg
000233.jpg,https://kitchenwrangler.com/wp-content/uploads/2017/06/Peruvian-rocoto-style-stuffed-pepper-12.jpg
000234.jpg,https://www.exotic-seeds.store/5919-home_default/rocoto-manzano-brown-seeds.jpg
000235.jpg,https://chilli-seedz.com/wp-content/uploads/2018/07/ROCOTO-Torpedo-Orange.jpg
000236.jpg,https://scontent-yyz1-1.cdninstagram.com/vp/f95ae7e915cb5e17b09e2fbef1793117/5DD50BBF/t51.2885-15/sh0.08/e35/s640x640/66235697_2377271759153392_6249358229372817293_n.jpg?_nc_ht=scontent-yyz1-1.cdninstagram.com
000237.jpg,http://thehotpepper.com/uploads/monthly_07_2019/post-11500-0-04401600-1563234792.jpg
000238.jpg,https://www.peruvian-grocery-shop.com/395-tm_home_default/piment-rocoto-peruvien-en-puree-locoto-arezzo-cuisine-peruvienne-perou.jpg
000239.jpg,https://cdn.webshopapp.com/shops/60827/files/44611576/image.jpg
000240.jpg,http://taste-of-peru.com/wp-content/uploads/2018/02/rocoto-relleno-so-delicous.jpg
000241.jpg,http://capricegourmet.com.pe/wp-content/uploads/2018/05/aji-rocoto2-3.jpg
000242.jpg,http://edelalon.com/blog/wp-content/uploads/2014/09/rocoto.jpg
000243.jpg,https://static1.bigstockphoto.com/3/1/2/large1500/213599776.jpg
000244.jpg,http://globaltableadventure.com/wp-content/uploads/2012/09/rocoto-pepper-peru.jpg
000245.jpg,http://iofferhelp.info/wp-content/uploads/2018/06/rocoto-pepper-pepper-capsicum-vegetable-fruit-gardening-for-the-desert-environment-rocoto-pepper-plant.jpg
000246.jpg,https://previews.123rf.com/images/michelepautasso/michelepautasso1402/michelepautasso140200003/26094707-the-red-chilli-pepper-from-peru-called-rocoto.jpg
000247.jpg,https://www.filepicker.io/api/file/PHZbuK78SSiUHUqXGHXm/convert?fit=crop&w=640&rotate=exif&quality=90&cache=true
000248.jpg,https://i.ytimg.com/vi/oD4McqEw2Yo/hqdefault.jpg
000249.jpg,http://drystonegarden.com/wp-content/uploads/2010/11/pepperrocoto.jpg
000250.jpg,https://images.megapixl.com/4059/40590053.jpg
000251.jpg,https://images-eu.ssl-images-amazon.com/images/I/51kICpoANcL.jpg
000252.jpg,http://www.eatmorechiles.com/chilies/MEETCHILES/manzano.jpg
000253.jpg,https://foodsofnations.com/wp-content/uploads/aji-rocoto-super-picante-hotter-molido-paste.png
000254.jpg,https://www.grubbee.co.uk/restaurant-image/1055857
000255.jpg,https://live.staticflickr.com/1975/45072449721_2eeb47fa81_b.jpg
000256.jpg,https://i.pinimg.com/originals/42/9d/7a/429d7a2334ff4a080e3740ce340aad7f.jpg
000257.jpg,https://www.innit.com/public/products/images/00729955568563-feTCly1S5yPIg-0_s500.jpg
000258.jpg,https://pics.davesgarden.com/pics/2010/09/20/carotcruncha/9a42ea.jpg
000259.jpg,https://peruvianfood.com/wp-content/uploads/cache/images/rocoto-relleno-big/rocoto-relleno-big-686668351.jpg
000260.jpg,https://ua.all.biz/img/ua/catalog/12737470.jpg
000261.jpg,https://portalvhds26k4f5tktj3ck.blob.core.windows.net/spotpics/sp47842.jpg
000262.jpg,http://cuzcoeats.com/wp-content/uploads/2012/12/DSC_04601-e1355762580825.jpg
000263.jpg,http://www.magicplantshop.com/images/watermarked/1/detailed/1/1-Gallon-Bucket-Mash_75sv-6j.jpg
000264.jpg,http://ploughsharesnursery.com/wp-content/uploads/2018/11/marzano.jpg
000265.jpg,https://i1.wp.com/drystonegarden.com/wp-content/uploads/2010/08/rocotoplant.jpg
000266.jpg,https://www.420magazine.com/community/gallery/harvest-4-outdoor-rocoto-peppers.1600664/full
000267.jpg,https://static.wixstatic.com/media/e9f541_1e4e02cdfd7b4738b0886bd650f04919~mv2.jpg/v1/fill/w_630,h_473,al_c,q_80,usm_0.66_1.00_0.01/e9f541_1e4e02cdfd7b4738b0886bd650f04919~mv2.jpg
000268.jpg,https://66.media.tumblr.com/f08bb9127a0ecbaa863b604fa7e46594/tumblr_onge5vedGF1t7uvlqo1_400.jpg
000269.jpg,https://farm66.static.flickr.com/65535/48711204187_dc0a4368d1_b.jpg
000270.jpg,https://as1.ftcdn.net/jpg/00/29/27/70/500_F_29277048_WGESJCEDbs9wxbJR7qydFdll0Ah3EZWa.jpg
000271.jpg,https://static.independent.co.uk/s3fs-public/thumbnails/image/2017/10/05/15/purple-pot-salad.jpg?w968h681
000272.jpg,https://foodle.pro/meals-images/2019-08-10-12-49-13-1aa755c8fac098e4cfc7427ed22ed681.jpg
000273.jpg,http://www.fooduniversity.com/foodu/produce_c/producereference/Resources/Field%20Veg/peppers/Poblano/yellow_rocoto.jpg
000274.jpg,https://s3-media2.fl.yelpcdn.com/bphoto/Nw4bS-MOLdR0KHIJrtYdzg/348s.jpg
000275.jpg,http://pronasel.com.pe/eng/wp-content/uploads/sites/2/2015/03/cremaderocoto-400x290.jpg
000276.jpg,https://pfaf.org/Admin/PlantImages/CapsicumPubescens.jpg
000277.jpg,https://cdn.shopify.com/s/files/1/0178/0760/5860/products/IMG-20190326-1614562_grande.jpg?v=1553638776
000278.jpg,https://i.etsystatic.com/17951386/r/il/f8b6ce/1779468676/il_570xN.1779468676_qqhn.jpg
000279.jpg,https://steemitimages.com/640x0/https://preview.ibb.co/etJcim/27651089_10156416109884505_1760226273_o.jpg
000280.jpg,https://t3.ftcdn.net/jpg/02/07/23/36/240_F_207233615_nljZcnjrAadY1THdFRrGgX10R1EMWRRA.jpg
000281.jpg,https://thechillifactory.com/images/products/IMG_7508.jpg
000282.jpg,http://www.thechilliking.com/wp-content/uploads/2012/09/Rocoto-Red-Chilli-Flower.jpg
000283.jpg,https://media.gettyimages.com/photos/rocoto-relleno-de-arequipa-picture-id531106806
000284.jpg,https://worldfood.guide/media/dishes/stuffed_peppers_4280-med.jpg
000285.jpg,http://cdn-image.myrecipes.com/sites/default/files/image/recipes/ck/12/11/ceviche-criollo-leche-de-tigre-ck-x.jpg
000286.jpg,http://img.21food.com/20110609/product/1305722324359.jpg
000287.jpg,https://www.limaeasy.com/images/jreviews/159_salsa-rocoto1-1339905027.jpg
000288.jpg,http://taninos.tripod.com/rocotajiamarillo.jpg
000289.jpg,https://images.getbento.com/accounts/cbf932b4583f16a6c84f37a989386a04/media/images/97363mediaDSC_0019.jpg?w=600&fit=max&auto=compress,format&h=600
000290.jpg,http://www.rocoto.com/oldsite/99novrocoto1.JPG
000291.jpg,https://d3i71xaburhd42.cloudfront.net/5f065295e3a49772d8ea8e8e8d01128bdab966ba/4-Table3-1.png
000292.jpg,http://www.chiliszoszok.hu/img/7378/677107/400x400/677107.jpg
000293.jpg,https://assets.epicurious.com/photos/5baa644112c8f517ba93335e/6:4/w_1600%2Cc_limit/shutterstock_233373640.jpg
000294.jpg,https://static8.depositphotos.com/1013907/821/i/450/depositphotos_8219013-stock-photo-stuffed-peppers.jpg
000295.jpg,https://cdn1.bigcommerce.com/server700/5mvrqhbm/products/2976/images/146469/rocoto_aji_largo_pepper__14576.1477156590.1280.1280.jpg?c=2
000296.jpg,https://www.chilliseedbank.com.au/media/catalog/product/cache/image/720x560/4c3462793ba5f87d7658a49338bdb5e2/r/o/roccottoyellow.jpg
000297.jpg,https://pbs.twimg.com/media/D1juhqiW0AAj0co.jpg
000298.jpg,https://image.shutterstock.com/image-photo/rocoto-hot-chili-peppers-260nw-1159777570.jpg
000299.jpg,https://www.420magazine.com/community/gallery/orange-rocoto-manzano-pepper-plant.1596661/full
000300.jpg,https://cdn.shopify.com/s/files/1/0871/0950/files/Manzano-Orange-Rocoto-Seeds-Cool-weather-Pepper-for-Partial-Shade.jpg?v=1542144084
000301.jpg,https://croatianseeds-store.com/images/stories/virtuemart/product/rocoto%20yellow.jpg
000302.jpg,https://cdn.shopify.com/s/files/1/1654/8555/products/140f_-_Red_Rocoto_530x@2x.jpeg?v=1551270351
000303.jpg,https://static.wixstatic.com/media/434bb6_21cf25501dc24781b0ce8756ef1be8b7~mv2_d_3214_3889_s_4_2.jpg/v1/fill/w_498,h_602,al_c,q_90/file.jpg
000304.jpg,https://static.wixstatic.com/media/38e93d_f6481f73d7884570b4d979ffcd7525d4~mv2.png/v1/fill/w_431,h_682,al_c,lg_1/38e93d_f6481f73d7884570b4d979ffcd7525d4~mv2.png
000305.jpg,https://az439100.vo.msecnd.net/200/uMG2SHaJz0WuhAa-I7U1IA_200.jpg?t=1557216639
000306.jpg,https://upload.wikimedia.org/wikipedia/commons/thumb/6/69/BhutJolokia09_Asit.jpg/1200px-BhutJolokia09_Asit.jpg
000307.jpg,https://wholesomeharvest.files.wordpress.com/2014/09/mg_2988.jpg
000308.jpg,https://s3-media4.fl.yelpcdn.com/bphoto/nw2duvZabdkL_fuN9-QcdQ/348s.jpg
000309.jpg,http://cdn.shopify.com/s/files/1/0645/7913/products/Rocoto_600x.JPG?v=1527138017
000310.jpg,https://www.pepperseeds.eu/pub/media/catalog/product/cache/b56a9049443cfaeedfe24666b14227c1/c/h/chili_seeds_-rocoto_desert_peach.jpg
000311.jpg,https://4dhaq449z2r3zxjaimau6714-wpengine.netdna-ssl.com/wp-content/uploads/2014/02/peruvian-cuisine-728x485.jpg
000312.jpg,https://i0.wp.com/www.sippitysup.com/wp-content/uploads/2014/09/scallopcevicheSQ2.jpg?fit=333%2C333&ssl=1
000313.jpg,http://i39.photobucket.com/albums/e191/kaeleschkilef/Pepper%20Pods%202009/IMG_0011.jpg
000314.jpg,https://farm66.staticflickr.com/65535/46974838335_11c7995664_b.jpg
000315.jpg,https://thumbs.dreamstime.com/z/peruvian-rocoto-chili-peppers-extremely-hot-pepper-looks-like-small-bell-pepper-ranked-scoville-40508495.jpg
000316.jpg,https://ak.picdn.net/offset/photos/53bade785a10fc50d2d00490/medium/offset_117676.jpg
000317.jpg,https://shop.r10s.jp/kyodai/cabinet/kyodai01/11760.jpg
000318.jpg,https://scontent-yyz1-1.cdninstagram.com/vp/3d33546606037a56da881272a0d12ccc/5E24638E/t51.2885-15/sh0.08/e35/s640x640/67350878_196943191294887_7619125314576539087_n.jpg?_nc_ht=scontent-yyz1-1.cdninstagram.com&_nc_cat=103
000319.jpg,https://renforth.net/backup.php?getimage=aHR0cDovL2Nkbi5za2ltLmdzL2ltYWdlL3VwbG9hZC9jX2ZpbGwsZHByXzEuMCx3Xzk0MC92MTQ1NjMzNzg5OC9tc2kvMTg3MjQ5MzM1X203OWRyeS5qcGc=
000320.jpg,https://wearecocina.files.wordpress.com/2018/01/rocoto.jpg?w=1024&h=683
000321.jpg,https://d1doqjmisr497k.cloudfront.net/-/media/schwartz/recipes/2000x1125/peruvian_chicken_with_creamy_rocoto_and_fresh_green_chilli_lime_sauce_2000.jpg?vd=20180522T020508Z&hash=5E2581C2A637274B1C9E041B9BE23AB2CD3F3405
000322.jpg,http://www.thechilliking.com/wp-content/uploads/2012/09/Rocoto-Red-Pod-Ripening.jpg
000323.jpg,https://comps.canstockphoto.com/rocoto-lat-capsicum-pubescens-hot-picture_csp5692607.jpg
000324.jpg,https://farm4.static.flickr.com/3189/2861021882_779de7276d.jpg
000325.jpg,https://www.bud.nl/images/nieuws/2018/Peruaanse_specialties/Rocoto_verkleind.jpg
000326.jpg,https://www.superhotchiles.com/wp-content/uploads/2018/04/Helix-Nebula-Chile-Plants-300x225.jpg
000327.jpg,http://howtoperu.com/wp-content/uploads/2016/07/aji-amarillo_chili_peru.jpg
000328.jpg,https://i.ytimg.com/vi/vdCtIWOOQ-c/maxresdefault.jpg
000329.jpg,https://www.piedmontfarmandgarden.com/v/vspfiles/photos/PPP152-2.jpg
000330.jpg,https://media-cdn.tripadvisor.com/media/photo-s/0a/af/b1/22/avocado-mousse-75-chocolate.jpg
000331.jpg,http://caespiura.org/wp-content/uploads/2019/03/aji-1.jpg
000332.jpg,https://www.chili-shop24.com/media/image/92/03/b0/102244_01_600x600.jpg
000333.jpg,https://garden.org/pics/2014-08-03/wildflowers/66a519-300.jpg
000334.jpg,https://i.ebayimg.com/images/g/ORUAAOSwMg5b6aDt/s-l300.jpg
000335.jpg,http://www.fieryfoodscentral.com/wp-content/uploads/2008/06/rocoto_red-copy.jpg
000336.jpg,https://fatalii.net/bradley/peruvian.jpg
000337.jpg,https://i0.wp.com/tropicsgourmet.com/wp-content/uploads/2014/05/Rocoto-Panama.jpg?fit=800%2C531
000338.jpg,https://www.compassandfork.com/wp-content/uploads/2016/01/Peruvian-Stuffed-Peppers-Direct-from-Arequipa.jpg
000339.jpg,https://www.semillas.de/pepper_fruits/brown_rocoto.jpg
000340.jpg,https://isteam.wsimg.com/ip/4193f652-6843-4aa1-a8d3-82a921ab685e/ols/4299_original/:/rs=w:600,h:600
000341.jpg,https://static.wixstatic.com/media/b60d8f_6f62438e930e4f2aa9c132d8980c27ce~mv2.jpg/v1/fit/w_300,h_300,al_c,q_80/file.jpg
000342.jpg,https://www.picclickimg.com/d/l400/pict/132853537646_/25-Pineapple-Rocoto-Pepper-Seeds.jpg
000343.jpg,https://previews.agefotostock.com/previewimage/medibigoff/78d26e4f7ae17e1cb47de454b135ad1e/a93-887179.jpg
000344.jpg,https://www.kitchenwrangler.com/wp-content/uploads/2017/06/Peruvian-rocoto-style-stuffed-pepper-8.jpg
000345.jpg,https://upload.wikimedia.org/wikipedia/commons/e/e1/Peru_-_Cusco_098_-_Peruvian_rocoto_peppers_%287360325120%29.jpg
000346.jpg,https://scontent-atl3-1.cdninstagram.com/vp/8d6b01d7db7b9f0d6fef7950ab4f078a/5E317144/t51.2885-15/e35/s480x480/67682276_2695195103845874_8314394608234791143_n.jpg?_nc_ht=scontent-atl3-1.cdninstagram.com&_nc_cat=102
000347.jpg,https://previews.123rf.com/images/michelepautasso/michelepautasso1402/michelepautasso140200017/26094687-the-red-chilli-pepper-from-peru-called-rocoto.jpg
000348.jpg,http://www.kitchenepiphanies.com/wp-content/uploads/2018/06/DSC_0024-2-700x467.jpg
000349.jpg,https://www.limaeasy.com/images/jreviews/222_rocoto2-1340073822.jpg
000350.jpg,https://www.fataliiseeds.net/wp-content/uploads/2019/09/rocoto-san-pedro-amarillo2363.jpg
000351.jpg,https://media.istockphoto.com/photos/still-life-of-rocoto-chili-and-sweet-pepper-comparative-sizes-picture-id964932566
000352.jpg,https://onedaycafe.files.wordpress.com/2013/03/dsc02782.jpg
000353.jpg,https://foodsofnations.com/wp-content/uploads/2018/08/INCAS_SUPER_PICANTE.jpg
000354.jpg,https://www.peruvian-grocery-shop.com/839-tm_home_default/rocoto-spicy-liquid-sauce-pepperes-seasoning-arequipa-peru.jpg
000355.jpg,https://www.magicplantfarms.com/wp-content/uploads/2017/01/Rocoto.jpg
000356.jpg,https://static.wixstatic.com/media/e9f541_1d27b0c271a04446875b5c0d591bd244~mv2.jpg/v1/fill/w_630,h_473,al_c,q_80,usm_0.66_1.00_0.01/e9f541_1d27b0c271a04446875b5c0d591bd244~mv2.jpg
000357.jpg,https://c1.staticflickr.com/3/2641/3880071682_fd2a471ca4_b.jpg
000358.jpg,https://chilefacts.nmsu.edu/images/rocotos.jpg
000359.jpg,https://i.etsystatic.com/15354167/r/il/85f4d6/1809396355/il_570xN.1809396355_15ge.jpg
000360.jpg,https://c8.alamy.com/comp/KJ5HGE/manzano-chile-pepper-or-rocoto-capsicum-pubescens-fruit-clipping-path-KJ5HGE.jpg
000361.jpg,http://cdn.shopify.com/s/files/1/1509/4360/articles/rocoto_relleno_1024x1024.jpg?v=1561390979
000362.jpg,http://www.cuzcoeats.com/wp-content/uploads/2012/03/DSC_00382.jpg
000363.jpg,https://cdn.videosofproducts.com/products/videos/thumbnails/B003OO41O0.jpg
000364.jpg,https://image.shutterstock.com/image-photo/red-chilli-pepper-peru-called-260nw-177963875.jpg
000365.jpg,https://growingchilliesbook.files.wordpress.com/2015/10/rocotoflower.jpg?w=675
000366.jpg,https://assets.epicurious.com/photos/5aa00cbc0165770628983f3f/16:9/w_2560%2Cc_limit/Posole-peppers-03012018.jpg
000367.jpg,https://s3-media2.fl.yelpcdn.com/bphoto/Kynl5ZGbbOkRCVucaYVmXA/348s.jpg
000368.jpg,https://cdn.shopify.com/s/files/1/1654/8555/products/140g_-_Red_Rocoto_530x@2x.jpeg?v=1551270351
000369.jpg,https://farm1.static.flickr.com/806/41256378441_4cacc442ea_b.jpg
000370.jpg,https://www.innit.com/public/products/images/00023545201855-0Q1t9SyRz3tUJw-0_s500.jpg
000371.jpg,http://www.rocoto.com/wp-content/gallery/de-seeding-aji-amarillo/img_0736.jpg
000372.jpg,https://thumbs.dreamstime.com/z/rocoto-peruvian-hot-pepper-peru-lot-flavour-very-south-coastal-peru-76568486.jpg
000373.jpg,https://as1.ftcdn.net/jpg/01/86/89/22/500_F_186892215_C9euYfarK2dgfKlBQmKbNlK4aspry4k1.jpg
000374.jpg,http://howtoperu.com/wp-content/uploads/2016/07/aji-mirasol_pepper_peru.jpg
000375.jpg,https://www.pepperworldhotshop.com/out/pictures/master/product/1/rocoto-aji-largo.jpg
000376.jpg,http://i38.photobucket.com/albums/e146/novapepperfarmer/Mobile%20Uploads/20161113_161923_zps8ls3ezyw.jpg
000377.jpg,https://pbs.twimg.com/media/EDTssBRW4AAQ498.jpg
000378.jpg,https://media.gettyimages.com/photos/hot-chili-pepper-rocoto-catamayo-red-picture-id472287192?s=170667a
000379.jpg,https://aji.io/wp-content/uploads/2016/08/peru-bitdumi-rocoto-04.jpg
000380.jpg,http://www.thechilliking.com/wp-content/uploads/2012/09/Rocoto-Red-Pod.jpg
000381.jpg,https://media.istockphoto.com/photos/red-hot-chili-rocoto-catamayo-picture-id921870354
000382.jpg,https://media-cdn.tripadvisor.com/media/photo-s/0e/a1/b5/f3/red-mullet-hot-ceviche.jpg
000383.jpg,https://garden.org/pics/2018-08-29/wildflowers/ccca81-300.jpg
000384.jpg,https://i.ytimg.com/vi/9ysyl3tAHIE/hqdefault.jpg
000385.jpg,http://2.bp.blogspot.com/-_IuDm8xEms4/UGnWil0FJrI/AAAAAAAADsE/CtoMqRUJbwM/w1200-h630-p-k-no-nu/rocoto+pepper+550x824.jpg
000386.jpg,https://st3.depositphotos.com/3147771/17437/i/1600/depositphotos_174379886-stock-photo-green-manzano-chile-rocoto-c.jpg
000387.jpg,https://www.pepperscale.com/wp-content/uploads/2017/10/chiltepin-pepper.jpeg
000388.jpg,https://www.superhotchiles.com/wp-content/uploads/2018/04/NuMex-Orange-Spice-Jalapeno-Plants-300x225.jpg
000389.jpg,https://www.fataliiseeds.net/wp-content/uploads/fromoldsite/rocoto_rio_huallago-800x800.jpg
000390.jpg,https://thechillifactory.com/images/products/cropped_IMG_0418.jpg
000391.jpg,https://previews.123rf.com/images/michelepautasso/michelepautasso1402/michelepautasso140200014/26094684-the-red-chilli-pepper-from-peru-called-rocoto.jpg
000392.jpg,https://www.peruvian-grocery-shop.com/428/frozen-rocoto-chilli-el-plebeyo.jpg
000393.jpg,https://t2.thpservices.com/previewimage/gallil/a6771c885443d8eb0604365a968357d7/sof-60116046.jpg
000394.jpg,https://www.picclickimg.com/d/l400/pict/143231868996_/25-Korean-Gochu-Pepper-Seeds.jpg
000395.jpg,https://knowmadadventures.com/travelers-blog/peruvian-cuisine/peru-tours-1/
000396.jpg,https://www.semillas.de/pepper_fruits/brown_rocoto2.jpg
000397.jpg,https://i.etsystatic.com/14236181/r/il/d0afec/1389934329/il_570xN.1389934329_t8ub.jpg
000398.jpg,https://live.staticflickr.com/4137/4782153920_0b39642e20_b.jpg
000399.jpg,https://www.kitchenwrangler.com/wp-content/uploads/2017/06/Peruvian-rocoto-style-stuffed-pepper-7.jpg
000400.jpg,https://s.yimg.com/aah/amigofoods/sibarita-rocotin-picante-salsa-de-rocoto-rocoto-pepper-sauce-net-wt-8-82oz-43.gif
000401.jpg,http://www.cuzcoeats.com/wp-content/uploads/2012/12/DSC_0546.jpg
000402.jpg,https://static.wixstatic.com/media/e9f541_aa8b5a8a20a44b2cbcc525bf28908489~mv2.jpg/v1/fill/w_630,h_473,al_c,q_80,usm_0.66_1.00_0.01/e9f541_aa8b5a8a20a44b2cbcc525bf28908489~mv2.jpg
000403.jpg,https://sinpolaris.files.wordpress.com/2012/01/img_2925.jpg
000404.jpg,https://farm3.static.flickr.com/2438/3826480741_73694db670_b.jpg
000405.jpg,https://pics.davesgarden.com/pics/2010/08/12/carotcruncha/34d0c7.jpg
000406.jpg,https://sc02.alicdn.com/kf/HTB1sd.Fi6nD8KJjSspb762bEXXaI/ROCOTO-HOT-CHILI-PEPPER-PASTE-OEM-gochujang.png_300x300.jpg
000407.jpg,https://cdn.shopify.com/s/files/1/0871/0950/files/Black-seeds-of-shade-tolerant-pepper-Manzano-Rocoto_large.jpg?v=1519340306
000408.jpg,https://pbs.twimg.com/media/DD2fro-XcAAk1hR.jpg
000409.jpg,http://www.rocoto.com/wp-content/gallery/rocoto/99septrocoto2.jpg
000410.jpg,https://media.istockphoto.com/photos/red-hot-chili-rocoto-catamayo-picture-id921870532
000411.jpg,https://growingchilliesbook.files.wordpress.com/2015/10/rocoto-green-1.jpg
000412.jpg,https://s3-media1.fl.yelpcdn.com/bphoto/xsQ4V--i6iQT0gWftunWDg/348s.jpg
000413.jpg,https://4.bp.blogspot.com/-cAfkrDAgvGE/WgWZdIm18rI/AAAAAAAAJ3U/4KEG4LAJjx0GML9JuWeIX5KML0lbukFWgCLcBGAs/s1600/Rocoto%2Baji%2Blargo%2B20170824_080234.jpg
000414.jpg,https://cdn.shopify.com/s/files/1/1654/8555/products/140b_-_Red_Rocoto_530x@2x.jpeg?v=1551270351
000415.jpg,https://i.ytimg.com/vi/HgntQ9f1WXI/maxresdefault.jpg
000416.jpg,https://media-cdn.tripadvisor.com/media/photo-s/0e/a1/b5/e4/avocado-mousse-75-chocolate.jpg
000417.jpg,https://garden.org/pics/2014-01-26/DanCarmona/35c494.jpg
000418.jpg,https://www.kitchenwrangler.com/wp-content/uploads/2017/06/Peruvian-rocoto-style-stuffed-pepper-3.jpg
000419.jpg,https://www.fataliiseeds.net/wp-content/uploads/fromoldsite/peruvian_giallo_arancio-800x800-324x324.jpg
000420.jpg,https://www.picclickimg.com/d/l400/pict/133140001417_/25-Yellow-Rocoto-Pepper-Seeds.jpg
000421.jpg,https://www.semillas.de/pepper_fruits/rocoto_sukanya.jpg
000422.jpg,https://www.superhotchiles.com/wp-content/uploads/2018/04/Chile-de-Agua-Pepper-Plants-300x225.jpg
000423.jpg,https://s.yimg.com/aah/amigofoods/peru-chef-salsa-de-rocoto-red-hot-pepper-sauce-net-wt-300-g-2.gif
000424.jpg,https://c1.staticflickr.com/8/7312/11441130045_f1fbde69d8_z.jpg
000425.jpg,http://i38.photobucket.com/albums/e146/novapepperfarmer/Mobile%20Uploads/20161113_160546_zpsfqti7cfg.jpg
000426.jpg,https://croatianseeds-store.com/images/stories/virtuemart/product/rocotorio1.jpg
000427.jpg,https://previews.123rf.com/images/ildipapp/ildipapp1103/ildipapp110300084/9088201-peruvian-hot-salsa-made-of-a-red-pepper-called-rocoto-which-is-visible-in-the-background-selective-f.jpg
000428.jpg,https://static.wixstatic.com/media/e9f541_aff17d5bfe784380837d20073432ae20~mv2.jpg/v1/fill/w_630,h_473,al_c,q_80,usm_0.66_1.00_0.01/e9f541_aff17d5bfe784380837d20073432ae20~mv2.jpg
000429.jpg,http://cuzcoeats.com/wp-content/uploads/2013/02/DSC_0497-840x440.jpg
000430.jpg,https://media.istockphoto.com/photos/red-hot-chili-rocoto-catamayo-picture-id921871512
000431.jpg,http://www.rocoto.com/wp-content/gallery/rocoto/rocoto5yrground.jpg
000432.jpg,https://i.ytimg.com/vi/ggdSzQkFSg0/hqdefault.jpg
000433.jpg,https://pbs.twimg.com/media/EElRV7zXUAoFsfr.jpg
000434.jpg,https://sanctuarygardener.files.wordpress.com/2014/11/kale-8nov14.jpg?w=584
000435.jpg,https://media-cdn.tripadvisor.com/media/photo-s/01/5f/8a/83/rocoto-pepper.jpg
000436.jpg,https://www.fataliiseeds.net/wp-content/uploads/2018/07/smooth_white2-1-324x413.jpg
000437.jpg,https://live.staticflickr.com/658/20481862580_105f97a846_b.jpg
000438.jpg,http://4.bp.blogspot.com/-QR3OhZhsQdg/UGnWqjvGBQI/AAAAAAAADsM/sE3EPar7BBE/s1600/october+harvest+550x366.jpg
000439.jpg,https://farm5.staticflickr.com/4416/36399721043_0fe94142bb_b.jpg
000440.jpg,https://www.semillas.de/pepper_fruits/rocoto_oculto.jpg
000441.jpg,https://media.istockphoto.com/photos/peruvian-food-rocoto-relleno-a-filled-pepper-with-meal-and-cheese-picture-id1019653372
000442.jpg,https://www.picclickimg.com/d/l400/pict/143353269970_/25-Arequipa-Amarillo-Rocoto-Pepper-Seeds.jpg
000443.jpg,https://i.ytimg.com/vi/YqMd-gX0yY4/hqdefault.jpg
000444.jpg,https://www.fataliiseeds.net/wp-content/uploads/fromoldsite/champion_matur4989-800x800-324x324.jpg
000445.jpg,https://media-cdn.tripadvisor.com/media/photo-s/10/b0/cd/2e/stuffed-rocoto-peppers.jpg
000446.jpg,http://i1318.photobucket.com/albums/t651/Nigel_Carter/Peruvian-red-rocoto-250x250_zps0a249540.jpg
000447.jpg,https://pbs.twimg.com/media/DQozQA7WkAE2CgW.jpg
000448.jpg,https://previews.123rf.com/images/michelepautasso/michelepautasso1402/michelepautasso140200019/26094689-the-red-chilli-pepper-from-peru-called-rocoto.jpg
000449.jpg,https://wilkes888.files.wordpress.com/2013/09/lima-london-restaurant-14.jpg
000450.jpg,https://3.bp.blogspot.com/--2TWk4H079E/WEWqRlVcGwI/AAAAAAAAJAs/efmAmOc_j3YKxvYaFqim-VIYeuZM0fBgACLcB/s1600/IMG_0355.JPG
000451.jpg,https://www.semillas.de/pepper_fruits/rocoto_gelbe_riesen.jpg
000452.jpg,http://www.rocoto.com/wp-content/gallery/de-seeding-aji-amarillo/img_0740.jpg
000453.jpg,https://live.staticflickr.com/7427/10662499566_2269b2fd0a_b.jpg
000454.jpg,https://i.ytimg.com/vi/sZfRDnxKapI/maxresdefault.jpg
000455.jpg,https://media.istockphoto.com/photos/brown-rocoto-chile-c-pubescens-paths-top-picture-id875561120
000456.jpg,https://farm2.staticflickr.com/1877/29432458107_f60e551045_c.jpg
000457.jpg,https://pbs.twimg.com/media/DgARKgDX0AENR3c.jpg
000458.jpg,https://media-cdn.tripadvisor.com/media/photo-s/0e/a1/b6/2f/tuna-nikkei-yellowfin.jpg
000459.jpg,http://www.rocoto.com/wp-content/gallery/de-seeding-aji-amarillo/img_0757.jpg
000460.jpg,https://sanctuarygardener.files.wordpress.com/2014/08/harvest-chili-peppers-9aug14-sg.jpg
000461.jpg,https://live.staticflickr.com/7233/7371794834_68ee2fa70b_b.jpg
000462.jpg,https://www.semillas.de/pepper_fruits/rocoto_arequipa_yellow_giant.jpg
000463.jpg,https://i.ytimg.com/vi/G8bXz_rZBlU/maxresdefault.jpg
000464.jpg,http://4.bp.blogspot.com/_KoOXe4Cvrss/ScSPwoc_rFI/AAAAAAAAADk/Sj_58N57qpI/s400/RedRocoto_Pepper-Hot.jpg
000465.jpg,https://media.istockphoto.com/photos/red-rocoto-hot-pepper-picture-id964884608
000466.jpg,https://media-cdn.tripadvisor.com/media/photo-s/0e/a1/b5/d4/lucuma-fruit-ice-cream.jpg
000467.jpg,https://pbs.twimg.com/media/DgPF6EKV4AAEciJ.jpg
000468.jpg,http://www.rocoto.com/oldsite/rocotolobes.jpg
000469.jpg,https://live.staticflickr.com/643/21677078480_d0fc08b4a8_b.jpg
000470.jpg,http://i1060.photobucket.com/albums/t441/sherburn1/IMG_3278.jpg
000471.jpg,https://i.ytimg.com/vi/dIwKaHP-nkg/maxresdefault.jpg
000472.jpg,https://pbs.twimg.com/media/DQWiUT1WkAAtMLq.jpg
000473.jpg,https://www.picclickimg.com/d/l400/pict/143291045499_/25-Aji-Rainforest-Pepper-Seeds.jpg
000474.jpg,https://www.semillas.de/pepper_fruits/yellow_rocoto2.jpg
000475.jpg,https://media.istockphoto.com/photos/rocoto-picture-id477476317
000476.jpg,http://1.bp.blogspot.com/-z2S7hf84USc/ULR9n-qzGgI/AAAAAAAAAC8/FKU8J8lKlAY/s1600/bij%2B021.jpg
000477.jpg,https://live.staticflickr.com/4391/36347450512_f4f6faefae_b.jpg
000478.jpg,https://www.fataliiseeds.net/wp-content/uploads/2019/09/rocoto-san-pedro-amarillo235-324x214.jpg
000479.jpg,https://pbs.twimg.com/profile_images/839292328443588609/XmMZn9hO.jpg
000480.jpg,https://media-cdn.tripadvisor.com/media/photo-s/12/f2/13/0f/avocado-mousse-75-chocolate.jpg
000481.jpg,http://i1378.photobucket.com/albums/ah106/lobothp/DSC_0417_zps07an4lnu.jpg
000482.jpg,https://i.ytimg.com/vi/twQiJRkUfYU/hqdefault.jpg
000483.jpg,https://3.bp.blogspot.com/-luBYycT3fj4/WkgT1x6v0EI/AAAAAAAAEPs/cdjJtB1QNYcRnoPskTYimSiP49HM3t7kQCLcBGAs/s1600/Rocoto%2BYellow%2Bchilli.jpg
000484.jpg,https://farm5.staticflickr.com/4437/37204871132_3b95191e54_b.jpg
000485.jpg,https://media-cdn.tripadvisor.com/media/photo-s/07/b0/9f/0d/maido.jpg
000486.jpg,https://live.staticflickr.com/4135/4782154750_795dc76ba3_b.jpg
000487.jpg,https://pbs.twimg.com/media/DLpwt7vVAAA2geQ.jpg
000488.jpg,https://i.imgur.com/26Sh1hd.jpg
000489.jpg,https://media-cdn.tripadvisor.com/media/photo-s/0e/a1/b5/ed/lamb-cutlets-lavender.jpg
000490.jpg,https://www.picclickimg.com/d/l400/pict/153433839538_/Aji-Chili-Pepper-Amarillo-25-original-seeds-from.jpg
000491.jpg,https://media-cdn.tripadvisor.com/media/photo-s/03/1b/6a/5d/zingaro.jpg
000492.jpg,http://thehotpepper.com/uploads/monthly_09_2015/post-11500-0-14873700-1443583073.jpg
000493.jpg,https://media-cdn.tripadvisor.com/media/photo-s/0e/c9/cd/7d/rocotino-rocoto-pepper.jpg
000494.jpg,http://www.chileplanet.eu/schede/pepper/Rocoto%20Red.jpg
000495.jpg,https://sanctuarygardener.files.wordpress.com/2013/07/rocoto-pepper-7jul13.jpg
000496.jpg,https://www.chilipeppermadness.com/wp-content/uploads/2018/03/Rocoto-Chili-Pepper2.jpg
000497.jpg,https://www.chilipeppermadness.com/wp-content/uploads/2018/03/be28adfff47893c4519c1307dc6b8866.jpg
000498.jpg,https://www.pepperscale.com/wp-content/uploads/2016/03/rocoto-pepper-1-1024x679.jpg
000499.jpg,http://www.chileplanet.eu/schede/pepper/Rocoto%20Red-2.jpg
000500.jpg,https://www.pepperscale.com/wp-content/uploads/2016/02/Capsicum_pubescens_Rocoto-1.jpg
000501.jpg,https://www.cayennediane.com/wp-content/uploads/Rocoto-Pepper.jpg
000502.jpg,https://aji.io/wp-content/uploads/2016/08/peru-bitdumi-rocoto-03.jpg
000503.jpg,https://aji.io/wp-content/uploads/2016/08/peru-bitdumi-rocoto-02.jpg
000504.jpg,https://wholesomeharvest.files.wordpress.com/2014/10/mg_6686.jpg
000505.jpg,https://fthmb.tqn.com/CiT6a76VQZ2tqz2W6raTTdBImSA=/960x0/filters:no_upscale()/GettyImages-90117225-5976db63af5d3a00117448ca.jpg
000506.jpg,https://sanctuarygardener.files.wordpress.com/2013/07/rocoto-pepper-28jun13.jpg
000507.jpg,https://sanctuarygardener.files.wordpress.com/2013/09/ceviche-rocoto-peppers.jpg
000508.jpg,https://cdn.thehippyseedcompany.com/wp-content/uploads/2017/06/Rocoto-Red-25.jpg
000509.jpg,https://sanctuarygardener.files.wordpress.com/2014/11/rocoto-pepper-fruit-8nov14-sg.jpg
000510.jpg,https://sanctuarygardener.files.wordpress.com/2013/08/rocoto-pepper-30jul13.jpg
000511.jpg,https://www.magicgardenseeds.com/pics/FCFzF2etox67JRhcn39Lkn6G3oy4lfFmaTOQHWOwTY-GTgqoXR-DaimOKcpuShf_/CAP17_1000_1.jpg
000512.jpg,https://aji.io/wp-content/uploads/2016/08/peru-bitdumi-rocoto-01.jpg
000513.jpg,https://www.magicgardenseeds.com/pics/eo4FaIwtJj21q6gPBt-uT7APLhCFFUb7bDJExQ4lhbB5gMDu0Wyvh2WToPxmhApLLjsReFho0UsKhYgzUEPnCw/CAP17_1000.jpg
000514.jpg,http://cuzcoeats.com/wp-content/uploads/2012/03/DSC_00401-1-1024x687.jpg
000515.jpg,https://wholesomeharvest.files.wordpress.com/2014/09/mg_2988.jpg
000516.jpg,http://cdn.sheknows.com/articles/2014/10/KMiner/peppers/181442307.jpg
000517.jpg,https://aji.io/wp-content/uploads/2016/05/costa-rican-yellow-rocoto-01.jpg
000518.jpg,https://chiporro.com/wp-content/uploads/2018/03/rocoto-5-oz.jpg
000519.jpg,https://sanctuarygardener.files.wordpress.com/2014/05/rocoto-pepper-flower-23may14-sg.jpg
000520.jpg,https://www.magicgardenseeds.com/pics/mgs/CAP17/2/1000/Rocoto-(Capsicum-pubescens)-Chili-pepper_2.jpg
000521.jpg,https://i2.wp.com/drystonegarden.com/wp-content/uploads/2010/11/pepperrocoto.jpg
000522.jpg,http://drystonegarden.com/wp-content/uploads/2010/08/rocotopepper.jpg
000523.jpg,https://aji.io/wp-content/uploads/2016/05/costa-rican-yellow-rocoto-03.jpg
000524.jpg,http://www.rocoto.com/wp-content/gallery/rocoto/img_5609.jpg
000525.jpg,https://i.etsystatic.com/7824311/r/il/44b1c3/546867306/il_fullxfull.546867306_1wuq.jpg
000526.jpg,https://eweck1.files.wordpress.com/2017/08/wp-image-1382398237.jpg
000527.jpg,https://sanctuarygardener.files.wordpress.com/2014/06/rocoto-pepper-fruiting-15jun14-sg.jpg
000528.jpg,https://sanctuarygardener.files.wordpress.com/2013/08/rocoto-pepper-turning-red-24aug13.jpg
000529.jpg,https://sanctuarygardener.files.wordpress.com/2013/09/ceviche-sliced-rocoto.jpg
000530.jpg,https://aji.io/wp-content/uploads/2016/08/peru-bitdumi-rocoto-04.jpg
000531.jpg,http://2.bp.blogspot.com/-_IuDm8xEms4/UGnWil0FJrI/AAAAAAAADsE/CtoMqRUJbwM/s1600/rocoto+pepper+550x824.jpg
000532.jpg,http://edelalon.com/blog/wp-content/uploads/2014/09/rocoto.jpg
000533.jpg,https://thumbs.dreamstime.com/z/peruvian-hot-pepper-called-rocoto-18604085.jpg
000534.jpg,https://sanctuarygardener.files.wordpress.com/2013/10/rocoto-pepper-flowers-20oct13.jpg
000535.jpg,http://cdn-image.foodandwine.com/sites/default/files/styles/4_3_horizontal_-_1200x900/public/1501873866/variety-of-chile-peppers-rocoto-FT-BLOG0817.jpg
000536.jpg,http://cravingsinamsterdam.com/wp-content/uploads/2016/09/IMG_3206.jpg
000537.jpg,https://pics.davesgarden.com/pics/2010/08/12/carotcruncha/34d0c7.jpg
000538.jpg,https://wholesomeharvest.files.wordpress.com/2014/10/mg_6474.jpg
000539.jpg,https://thumbs.dreamstime.com/z/rocoto-peruvian-hot-pepper-18357781.jpg
000540.jpg,https://www.semillas.de/pepper_fruits/rocoto_big_brown.jpg
000541.jpg,https://upload.wikimedia.org/wikipedia/commons/a/ac/Rocoto_relleno._Sol_de_mayo%2C_Arequipa.jpg
000542.jpg,http://sanctuarygardener.files.wordpress.com/2013/05/rocoto-pepper-buds-26may13.jpg
000543.jpg,https://www.semillas.de/pepper_fruits/rocoto_aji_largo.jpg
000544.jpg,http://upload.wikimedia.org/wikipedia/commons/5/50/Rocoto.jpg
000545.jpg,https://sanctuarygardener.files.wordpress.com/2013/09/rocoto-pepper-plant-15sep13.jpg
000546.jpg,https://www.semillas.de/pepper_fruits/rocoto_san_isidro2.jpg
000547.jpg,https://www.semillas.de/pepper_fruits/rocoto_guatemalan_orange.jpg
000548.jpg,https://res.cloudinary.com/dyx4yhvoq/image/upload/v1551472437/5c5209f74dee820019191f05/dxohehv6rtddrarygkoj.jpg
000549.jpg,http://www.cuzcoeats.com/wp-content/uploads/2012/03/DSC_0039.jpg
000550.jpg,https://thumbs.dreamstime.com/z/cutting-peruvian-hot-pepper-called-rocoto-18604122.jpg
000551.jpg,https://st3.depositphotos.com/3147771/17351/i/1600/depositphotos_173510998-stock-photo-rocoto-chile-peppers-c-pubescens.jpg
000552.jpg,https://www.semillas.de/pepper_fruits/rocoto_arequipa_giant.jpg
000553.jpg,http://sanctuarygardener.files.wordpress.com/2013/06/rocoto-pepper-flowers-15jun13.jpg
000554.jpg,https://i.imgur.com/b8ZiESV.jpg
000555.jpg,https://sanctuarygardener.files.wordpress.com/2014/11/rocoto-pepper-plant-16nov14-sg.jpg
000556.jpg,https://www.semillas.de/pepper_fruits/rocoto_marlene.jpg
000557.jpg,http://3.bp.blogspot.com/_mfuggyMhLXs/TT-7qElXMzI/AAAAAAAABHA/jmrXnK4HeXA/s1600/DSC_2264a.jpg
000558.jpg,https://chiporro.com/wp-content/uploads/2018/03/rocoto-hot-sauce-on-display.jpg
000559.jpg,https://agringoslifeincusco.files.wordpress.com/2013/02/img_8977.jpg
000560.jpg,http://i.ebayimg.com/images/i/111234155299-0-1/s-l1000.jpg
000561.jpg,https://assets.epicurious.com/photos/5baa601d7a685d1e72f1d0da/master/w_1600%2Cc_limit/shutterstock_754049899.jpg
000562.jpg,https://images-na.ssl-images-amazon.com/images/I/41XDBaYlqmL.jpg
000563.jpg,https://upload.wikimedia.org/wikipedia/commons/e/e1/Peru_-_Cusco_098_-_Peruvian_rocoto_peppers_%287360325120%29.jpg
000564.jpg,http://thehotpepper.com/uploads/monthly_02_2019/post-11406-0-72596300-1549532060.jpg
000565.jpg,https://symantecservicecorps.files.wordpress.com/2014/03/rocoto-relleno.jpg
000566.jpg,http://perudelights.com/wp-content/uploads/2012/04/rocoto-cover.jpg
000567.jpg,https://www.semillas.de/pepper_fruits/rocoto_manzano_rojo2.jpg
000568.jpg,https://image.isu.pub/160720215029-119316ba79b78144323d2834874cff15/jpg/page_1.jpg
000569.jpg,https://rocotopepper.files.wordpress.com/2011/08/b2.jpg
000570.jpg,http://c7.alamy.com/comp/KH83W6/brown-rocoto-chile-peppers-capsicum-pubescens-clipping-paths-for-each-KH83W6.jpg
000571.jpg,https://gomadnomad.com/wp-content/uploads/2014/05/Rocoto.jpg
000572.jpg,http://thumbs.dreamstime.com/z/rocoto-38084543.jpg
000573.jpg,https://vintagekitty.com/wp-content/uploads/2017/07/Roasted-Red-Pepper-Enchilada-Sauce-0378-Web.jpg
000574.jpg,https://3.bp.blogspot.com/-1_xRZwA77Gg/UieQAoiAJsI/AAAAAAAARaI/d8-_oAz-2X4/s1600/rocoto+relleno.jpg
000575.jpg,https://wholesomeharvest.files.wordpress.com/2014/10/mg_5929.jpg
000576.jpg,http://www.cuzcoeats.com/wp-content/uploads/2012/03/DSC_00382.jpg
000577.jpg,http://4.bp.blogspot.com/-tHE5UjcaF4M/TqVch5dFf-I/AAAAAAAAA2s/WT4JPw7lFoI/s1600/pepper.jpg
000578.jpg,http://croatianseeds-store.com/images/stories/virtuemart/product/rocoto%20yellow6.jpg
000579.jpg,https://s-media-cache-ak0.pinimg.com/736x/8e/88/39/8e88398a10e3d1fca64d5e5ea86dca1b.jpg
000580.jpg,https://www.semillas.de/pepper_fruits/yellow_rocoto2.jpg
000581.jpg,https://static.kupindoslike.com/Rocoto-Manzano-Amarillo-Chili-pepper-20-semenki_slika_O_87558705.jpg
000582.jpg,https://cdn.shopify.com/s/files/1/0915/1060/products/rocoto_on_plant.jpg
000583.jpg,http://2.bp.blogspot.com/-15cRRowK8-g/TqVd5Sz50vI/AAAAAAAAA24/bFmK4pojWjg/s1600/pepper1.jpg
000584.jpg,http://drystonegarden.com/wp-content/uploads/2011/03/rocotopeppers3211.jpg
000585.jpg,https://s-media-cache-ak0.pinimg.com/736x/41/ac/63/41ac636103d4a2d54ae9f0ec5a467662.jpg
000586.jpg,http://www.bountifulseeds.com/230-thickbox/rocoto-yellow-chilli-pepper-seeds.jpg
000587.jpg,https://rocotopepper.files.wordpress.com/2011/08/b1.jpg
000588.jpg,http://vintagekitty.com/wp-content/uploads/2017/07/Roasted-Red-Pepper-Enchilada-Sauce-0316-Web.jpg
000589.jpg,https://c8.alamy.com/comp/PEJ551/peruvian-food-rocoto-relleno-a-filled-pepper-with-meal-and-cheese-PEJ551.jpg
000590.jpg,https://i2.wp.com/www.pepperinfo.com/wp-content/uploads/2018/06/Rocoto-cross-pod-test1.jpg
000591.jpg,http://i.ebayimg.com/images/i/111192282377-0-1/s-l1000.jpg
000592.jpg,http://2.bp.blogspot.com/_Ki9asHYL6IA/TKTGloNI0pI/AAAAAAAAE18/I6-lR9n1OCo/s1600/Final+Download+045.jpg
000593.jpg,https://media.buzzle.com/media/images-en/gallery/vegetables/1200-530009487-chili-pepper-in-bowl.jpg
000594.jpg,https://i.imgur.com/XM3Urvj.jpg
000595.jpg,http://3.bp.blogspot.com/_Ki9asHYL6IA/TKTGeGbV8PI/AAAAAAAAE14/JpjcynamdrM/s1600/Final+Download+081.jpg
000596.jpg,http://croatianseeds-store.com/images/stories/virtuemart/product/arequipa%20giant7.jpg
000597.jpg,http://1.bp.blogspot.com/-Ibp2APJRecE/UaHtNc-x7II/AAAAAAAAA-U/2RrFhgeSHEg/s1600/Img_2855_tn.jpg
000598.jpg,https://images.squarespace-cdn.com/content/v1/5acd5b31f407b409c638be6a/1571095932903-GM80390B4NMRRFYWTA06/ke17ZwdGBToddI8pDm48kFWxnDtCdRm2WA9rXcwtIYR7gQa3H78H3Y0txjaiv_0fDoOvxcdMmMKkDsyUqMSsMWxHk725yiiHCCLfrh8O1z5QPOohDIaIeljMHgDF5CVlOqpeNLcJ80NK65_fV7S1UcTSrQkGwCGRqSxozz07hWZrYGYYH8sg4qn8Lpf9k1pYMHPsat2_S1jaQY3SwdyaXg/peruvian-dishes-food-guide-18.jpg
000599.jpg,http://thegrubdaily.files.wordpress.com/2013/02/ceviche-limeno.jpg
000600.jpg,https://a57.foxnews.com/a57.foxnews.com/static.foxnews.com/foxnews.com/content/uploads/2018/11/640/320/612/344/ceviche.jpg
000601.jpg,https://images.squarespace-cdn.com/content/v1/5acd5b31f407b409c638be6a/1571095879932-7JKZ1YJAW71FF6B0QHI2/ke17ZwdGBToddI8pDm48kFWxnDtCdRm2WA9rXcwtIYR7gQa3H78H3Y0txjaiv_0fDoOvxcdMmMKkDsyUqMSsMWxHk725yiiHCCLfrh8O1z5QPOohDIaIeljMHgDF5CVlOqpeNLcJ80NK65_fV7S1UcTSrQkGwCGRqSxozz07hWZrYGYYH8sg4qn8Lpf9k1pYMHPsat2_S1jaQY3SwdyaXg/peruvian-dishes-food-guide-8.jpg
000602.jpg,https://images.squarespace-cdn.com/content/v1/5acd5b31f407b409c638be6a/1571095868755-KGEE38SEFHWI8397T5YH/ke17ZwdGBToddI8pDm48kNu93_l1Rc0JoXikXAEKHf17gQa3H78H3Y0txjaiv_0fDoOvxcdMmMKkDsyUqMSsMWxHk725yiiHCCLfrh8O1z5QHyNOqBUUEtDDsRWrJLTmDJyaVitQ06bkWUY0OMxkmN-bdz7wg8la12Me-ub45vBE5029s6uMXtkNCzVgxK8m/peruvian-dishes-food-guide-6.jpg
000603.jpg,https://wholesomeharvest.files.wordpress.com/2014/09/mg_2989.jpg
000604.jpg,https://images.craigslist.org/01212_foabTDHCsyS_600x450.jpg
