image,source
000001.jpg,https://www.pepperscale.com/wp-content/uploads/2017/08/rooster-spur-pepper-768x410.jpg
000002.jpg,https://cdn1.bigcommerce.com/server700/5mvrqhbm/products/1882/images/143710/rooster-spur-pepper__11176.1475552235.1280.1280.jpg?c=2
000003.jpg,https://www.pepperseeds.eu/pub/media/catalog/product/cache/b56a9049443cfaeedfe24666b14227c1/c/h/chili_seeds_-_rooster_spur.jpg
000004.jpg,https://www.seaspringseeds.co.uk/images/stories/virtuemart/product/Rooster_Spur_4cecaf8a7f20e.jpg
000005.jpg,https://www.rareseeds.com/assets/1/14/DimRegular/Rooster-Spur-Pepper-Web.jpg
000006.jpg,https://www.chileplants.com/images/chiles/rooster-spur-pepper-plants.jpg
000007.jpg,https://i.ebayimg.com/images/g/W6MAAOSwI8laS-rt/s-l300.jpg
000008.jpg,https://images-na.ssl-images-amazon.com/images/I/61WFm-UEIUL._SX425_.jpg
000009.jpg,https://images-na.ssl-images-amazon.com/images/I/51I-EinaBOL.jpg
000010.jpg,https://www.planetnatural.com/wp-content/uploads/2013/03/pepper-rooster-spur.jpg
000011.jpg,https://i.etsystatic.com/7526380/r/il/0810b1/512212276/il_570xN.512212276_peiv.jpg
000012.jpg,https://cdn.shopify.com/s/files/1/0955/4450/products/rooster_spur1_1024x1024.jpg?v=1478527949
000013.jpg,https://static.artfire.com/uploads/mfs/items/e2/a9/large/e2a9be3c478bba2b0a64dc3aea81378d5aa82d77664fef69358dd86ad108bd56.jpg
000014.jpg,https://images-na.ssl-images-amazon.com/images/I/71CTjx%2BC9-L._SL1500_.jpg
000015.jpg,https://cdn.shopify.com/s/files/1/0043/4900/1839/products/Pepper-Rooster-Spur_300x300.jpg?v=1536619282
000016.jpg,https://i.ytimg.com/vi/T914g35bxak/hqdefault.jpg
000017.jpg,https://www.piedmontfarmandgarden.com/v/vspfiles/photos/PPP158-2.jpg?v-cache=1366092667
000018.jpg,https://plants.tagawagardens.com/Content/Images/Photos/F776-17.jpg
000019.jpg,http://cosmeticsurgeryinsydney.co/wp-content/uploads/2019/04/rooster-spur-pepper-rooster-spur-rooster-spur-pepper-recipes-rooster-spur-pepper-plants.jpg
000020.jpg,https://www.pepperscale.com/wp-content/uploads/2015/11/super-chili-pepper_2-e1456720037603.jpeg
000021.jpg,https://seaspringplants.co.uk/wp-content/uploads/2016/02/Rooster-Spur-20.jpg
000022.jpg,https://cdn.apartmenttherapy.info/image/fetch/f_jpg,q_auto:eco,c_fill,g_auto,w_1500,ar_16:9/https%3A%2F%2Fstorage.googleapis.com%2Fgen-atmedia%2F3%2F2010%2F06%2F2f5f0f307e6b06d3e37c4202f5c203f641660e03.jpeg
000023.jpg,http://i870.photobucket.com/albums/ab262/roguejim/2014%20GLOG/IMG_20140720_121730_279_zpsbef569f5.jpg
000024.jpg,https://images-na.ssl-images-amazon.com/images/I/41Y-lrZoyyL.jpg
000025.jpg,http://nontondramakorea.co/wp-content/uploads/2019/04/rooster-spur-pepper-rooster-spur-pepper-sausage-recipe-rooster-spur-pepper-plants.jpg
000026.jpg,https://davesgarden.com/guides/pf/thumbnail.php?image=2006/01/17/aries44/cf4383.jpg&widht=700&height=312
000027.jpg,https://www.seedsavers.org/site/img/seo-images/1431-maules-red-hot-pepper.jpg
000028.jpg,https://i.pinimg.com/originals/ba/84/ab/ba84aba851fb8a0b749c64341a22f521.jpg
000029.jpg,https://3.bp.blogspot.com/-9_QO7gSvYXI/WavSMoh1bYI/AAAAAAAAiUE/i7S_KcPTxSkETqKNguuq8jKFKqVIbgzIgCLcBGAs/s320/rooster%2Bspur.jpg
000030.jpg,https://i.pinimg.com/originals/75/10/20/751020d8ba2138f491909e0e152beff5.jpg
000031.jpg,https://www.seedsavers.org/site/img/seo-images/1299-joes-long-pepper.jpg
000032.jpg,https://images-na.ssl-images-amazon.com/images/I/41eehQ6DNsL._SX425_.jpg
000033.jpg,http://www.michis-tomatensamen.de/WebRoot/Store18/Shops/61597262/490C/D4E1/E685/C63B/98CD/C0A8/2936/7984/635_rooster_spur_pepper.jpg
000034.jpg,https://live.staticflickr.com/3640/3356866577_7f17d2c58c_b.jpg
000035.jpg,https://live.staticflickr.com/3047/2843761860_b032c90a7c_z.jpg
000036.jpg,http://4.bp.blogspot.com/-Uyj4OCFQUgI/VKquuKYdu9I/AAAAAAAABbc/vfH-A9FuwmE/s1600/chilitemp.jpg
000037.jpg,https://ssl.c.photoshelter.com/img-get/I0000KLVSOes369c/s/500/400/HS41-018a.jpg
000038.jpg,https://www.pepperseeds.eu/pub/media/catalog/product/cache/b56a9049443cfaeedfe24666b14227c1/c/h/chili_seeds_-_aji_golden_2.jpg
000039.jpg,https://ssl.c.photoshelter.com/img-get/I0000xX_8ckWEo0w/s/500/400/HS41-017c.jpg
000040.jpg,https://www.planetnatural.com/wp-content/uploads/2013/03/pepper-aurora-215x215.jpg
000041.jpg,https://i.ebayimg.com/images/g/~-MAAOSwA3dYXAly/s-l300.jpg
000042.jpg,https://www.seedsavers.org/site/img/seo-images/0235-cyklon-pepper-organic.jpg
000043.jpg,http://images.squarespace-cdn.com/content/v1/5bec5104e74940a99f172b82/1542406593642-ND8XM4H5DG4NVN5KS0L9/ke17ZwdGBToddI8pDm48kKJB1S_OYgf8QOuWhOT91md7gQa3H78H3Y0txjaiv_0fDoOvxcdMmMKkDsyUqMSsMWxHk725yiiHCCLfrh8O1z5QHyNOqBUUEtDDsRWrJLTm1v6GcKqh6mrhfxzW2tqo70pjm7bKIwzjvK1v5MkS8bgFeGBP9M1uQGPvxC8evuKs/IMG_1874.jpg
000044.jpg,https://www.seaspringseeds.co.uk/images/stories/virtuemart/product/dscf0171.jpg
000045.jpg,https://i.etsystatic.com/7526380/d/il/baea0c/1340812765/il_340x270.1340812765_9q0n.jpg?version=0
000046.jpg,http://box5382.temp.domains/~tomwarn1/nikontom/wp-content/uploads/2015/08/IMG_1386-800x600.jpg
000047.jpg,https://bloximages.newyork1.vip.townnews.com/victoriaadvocate.com/content/tncms/assets/v3/editorial/b/96/b96c2c89-7439-5122-846b-2591fb99b36d/5a9026e92a73f.image.jpg?resize=1200%2C1262
000048.jpg,http://www.sunshine-seeds.de/thumbs/Tomate_Sweet-Casaday.jpg
000049.jpg,https://c8.alamy.com/comp/K40PDE/cayenne-pepper-chili-spur-pepper-long-fed-pepper-spur-pepper-K40PDE.jpg
000050.jpg,https://pics.davesgarden.com/pics/2008/02/10/mysteriousgreenthumb/84f74d.jpg
000051.jpg,https://images-na.ssl-images-amazon.com/images/I/51vmXb8LVjL._SS500_.jpg
000052.jpg,http://cdn.shopify.com/s/files/1/0043/4900/1839/collections/Pepper-Early-Jalapeno-1024x683_1200x1200.jpg?v=1538510381
000053.jpg,https://www.edenproject.com/shop/sites/default/files/Rooster-spur-chilli-seeds.jpg
000054.jpg,https://s1.nyt.com/timesmachine/pages/1/1982/06/23/230145_360W.png
000055.jpg,http://i0.wp.com/d1nw62gticy6e9.cloudfront.net/uploads/Long_Red_Think_Cayenne_Pepper_Seeds.jpg
000056.jpg,https://i.pinimg.com/originals/1d/43/67/1d43670fb84bb3a8fac4cc61aca7deb0.jpg
000057.jpg,https://live.staticflickr.com/3431/3302399490_c213d3b5f7_b.jpg
000058.jpg,http://3.bp.blogspot.com/-czsf5qm1UZ8/UPHjNpHmycI/AAAAAAAAG5w/tn-s1MBdc0Y/s1600/DSCN1146.JPG
000059.jpg,https://www.seedsavers.org/site/img/seo-images/1618-martins-carrot-pepper-organic.jpg
000060.jpg,https://chasingchilli.com.au/wp-content/uploads/2017/04/Carolina-Reaper.png
000061.jpg,http://www.alexpepper.it/wp-content/uploads/2016/03/Rooster-spur.png
000062.jpg,https://cdn.shopify.com/s/files/1/0955/4450/products/ilica6_large.jpg?v=1537404063
000063.jpg,https://cdn.shopify.com/s/files/1/0043/4900/1839/products/Pepper-Serrano-CMYK_195x195@2x.jpg?v=1536619274
000064.jpg,https://i.etsystatic.com/7526380/r/il/512139/1309449588/il_794xN.1309449588_nzht.jpg
000065.jpg,https://cbillet.files.wordpress.com/2012/04/cimg2798.jpg
000066.jpg,https://m.blog.hu/ge/gerillagasztro/image/vizjeles/rooster_spur_1.jpg
000067.jpg,http://tiandebg.info/data/rooster-plants/images/rooster-plants-country-rooster-garden-stake-rooster-spur-pepper-plants-and-length-of-time-to-bloom.jpg
000068.jpg,https://www.pepperscale.com/wp-content/uploads/2016/06/prairie-fire-pepper-768x638.jpg
000069.jpg,https://kcdgarden.com/varieties/207/download_20180330_114209.jpeg?width=730&height=500&mode=crop&format=jpg&quality=65
000070.jpg,https://pbs.twimg.com/media/DQS7kiCWsAEXkNS.jpg
000071.jpg,https://i.ytimg.com/vi/RANBo1M9y7I/hqdefault.jpg
000072.jpg,https://www.seedman.com/image/jf645.jpg
000073.jpg,https://www.sunshine-seeds.de/thumbs/Tomate_Tomatoberry.jpg
000074.jpg,https://chillisgalore.co.uk/images/diary/2003/rooster2.jpg
000075.jpg,https://i.redd.it/tdp1lo1wwuk31.jpg
000076.jpg,https://bloximages.newyork1.vip.townnews.com/victoriaadvocate.com/content/tncms/assets/v3/editorial/e/67/e6723844-556d-5c1c-9ece-d807d570fb99/5a9026e7a9e91.image.jpg?resize=1200%2C1329
000077.jpg,http://www.erbeincucina.it/schede/roosterspur4.jpg
000078.jpg,https://www.seedman.com/image/jf597.jpg
000079.jpg,http://i0.wp.com/cdn.shopify.com/s/files/1/2918/4630/products/Image_1_735ad721-83dd-400d-9330-61460f65529c.jpg?lb=300,300,ffffff
000080.jpg,https://netbutik.fuglebjerggaard.dk/wp-content/uploads/cm/rooster-spur-let4.jpg
000081.jpg,https://scontent-vie1-1.cdninstagram.com/v/t51.2885-15/sh0.08/e35/s640x640/66183718_467085514143784_1188011450476151094_n.jpg?_nc_ht=scontent-vie1-1.cdninstagram.com&_nc_cat=104&oh=7dd11fd9463571bb399a9b0014cc5f98&oe=5E287898&ig_cache_key=MjEwMjQyODM1NDU4MDg0NjM2Ng%3D%3D.2
000082.jpg,https://scontent-lax3-1.cdninstagram.com/vp/f1064eb7e5dcafa4068c725d85639613/5E318912/t51.2885-15/sh0.08/e35/c0.135.1080.1080a/s640x640/23099205_542556519419984_5990274596643799040_n.jpg?_nc_ht=scontent-lax3-1.cdninstagram.com&_nc_cat=108
000083.jpg,https://images.dailykos.com/images/631274/large/c1f0e11d79d6ade2a48a0fa91ee78434.jpg?1547250969
000084.jpg,http://tangledbranches.com/blog/wp-content/uploads/2018/08/562887_339415909477329_2033679040_n_339415909477329-300x300.jpg
000085.jpg,https://www.thoughtco.com/thmb/UwpMLo9eMa6RQwz-ZuxNdbK0YOk=/768x0/filters:no_upscale():max_bytes(150000):strip_icc()/chilli-3724773_1920-ddfce7e623be47d2bf6ee5c4e2d8e7f0.jpg
000086.jpg,https://www.piedmontfarmandgarden.com/v/vspfiles/photos/PPP013-6.jpg?v-cache=1366092667
000087.jpg,https://i.redd.it/6p9yilin7l231.jpg
000088.jpg,https://www.chilli-forum.cz/app.php/gallery/image/57732/medium
000089.jpg,https://i.imgur.com/mSCRvoU.jpg
000090.jpg,https://image.shutterstock.com/image-photo/cayenne-pepper-chili-spur-long-260nw-661815331.jpg
000091.jpg,https://pics.davesgarden.com/pics/2008/02/26/mysteriousgreenthumb/fdecf7.jpg
000092.jpg,https://i.etsystatic.com/7526380/r/il/76d3d2/1340271155/il_794xN.1340271155_1923.jpg
000093.jpg,https://www.edenproject.com/shop/sites/default/files/styles/product_thumbnail__small_/public/Fire-chilli-seeds.jpg?itok=OUcpkRAt&timestamp=1527254092
000094.jpg,http://www.jubileehealthplace.org/wp-content/uploads/2014/11/peppers-at-market-700x400.jpg
000095.jpg,https://www.pepperscale.com/wp-content/uploads/2014/10/hot-pepper-list-768x511.jpeg
000096.jpg,https://www.cayennediane.com/wp-content/uploads/2016/10/Palestine-TX-Hot-Pepper-Festival-2019.png
000097.jpg,https://i.ytimg.com/vi/QY5KC7-pU2g/maxresdefault.jpg
000098.jpg,https://i.ebayimg.com/images/g/dF0AAOSwKGpa9jcZ/s-l640.jpg
000099.jpg,http://chilishop-werder.com/WebRoot/Store28/Shops/43e01a20-424a-48d1-a48b-85eeddc548ec/59E7/21EC/08B0/EEAC/244C/0A48/3671/0A58/rooster_spur_neu.jpg
000100.jpg,https://kcdgarden.com/varieties/406/IMG_2160.JPG?width=480&height=400&mode=crop&format=jpg&quality=55
000101.jpg,https://image.shutterstock.com/image-photo/cayenne-pepper-chili-spur-long-260nw-656191126.jpg
000102.jpg,http://dishingjh.com/wp-content/uploads/2013/07/IMG_4301-300x361.jpg
000103.jpg,https://i.pinimg.com/474x/4c/c9/49/4cc94920a40892ec32ac7bac3ec685d6--piri-piri-chilis.jpg
000104.jpg,https://c8.alamy.com/comp/F1MJKX/rooster-is-checking-out-his-spurs-F1MJKX.jpg
000105.jpg,http://www.peppergal.com/files/1917422/uploaded/Quadrato%20de%20Asti%20Giallo.JPG
000106.jpg,https://upload.wikimedia.org/wikipedia/commons/thumb/5/50/Madame_Jeanette_and_other_chillies.jpg/1200px-Madame_Jeanette_and_other_chillies.jpg
000107.jpg,https://scontent-lht6-1.cdninstagram.com/vp/daa5c8301371e7ec0caa8c718520e49b/5DF291F5/t51.2885-15/e35/67118798_2296043603783780_5502356003739766746_n.jpg?_nc_ht=scontent-lht6-1.cdninstagram.com
000108.jpg,https://www.planetnatural.com/wp-content/uploads/2013/03/pepper-fish-215x215.jpg
000109.jpg,https://www.chilipeppermadness.com/wp-content/uploads/2017/05/Growing-Chili-Peppers-Indoors.jpg
000110.jpg,https://c1.staticflickr.com/4/3083/3253935533_5f93dcfa90.jpg
000111.jpg,http://i1188.photobucket.com/albums/z414/Karl_Pappas/Hot%20Sauce/Roosterspursjalepanocayenecherrypeppersgarlicandonion.jpg
000112.jpg,http://thumb3.zeppy.io/d/l400/pict/143204266377/100-super-giant-long-chilli-organic-chili-seeds-red-hot-pepper-seed-for-planting
000113.jpg,https://i.imgur.com/yePThv8_d.jpg?maxwidth=640&shape=thumb&fidelity=medium
000114.jpg,https://seaspringplants.co.uk/wp-content/uploads/2018/03/Killian3-web20-300x300.jpg
000115.jpg,https://www.chilipeppermadness.com/wp-content/uploads/2019/03/Peri-Peri-Sauce-INGREDIENTS.jpg
000116.jpg,http://cdn.dmtmag.com/files/aT00MTA1NTImcD01MSZ2PTQmY21kPXYmc2lnPWY5YTkwZTAyMWNkMTMxMzA2ZmZiOWU5OGE2MTE4Y2Jh/-w-450-80.jpg
000117.jpg,https://chillisgalore.co.uk/images/diary/2003/tabasco2.jpg
000118.jpg,https://farm5.static.flickr.com/4052/4526797089_cb122fdcc7_b.jpg
000119.jpg,https://www.pepperseeds.eu/pub/media/catalog/product/cache/51e4881dc4e265ed9adcb710d483ab73/c/h/chili_seeds_-_red_rocket.jpg
000120.jpg,http://www.sunshine-seeds.de/thumbs/tomate_cherokee-purple.jpg
000121.jpg,https://s3.eu-west-1.amazonaws.com/westdean.assets.d3r.com/images/gallery600/197979-chillies-grown-westdeangardens-1-.jpg
000122.jpg,http://img1.wsimg.com/isteam/ip/80ca2e76-5224-4ef1-bf11-0965514a1189/c990a297-bcd2-4523-b737-2fc71ebbb3c4.jpg
000123.jpg,https://cdn.shopify.com/s/files/1/0915/1060/files/FreeSeeds1_large.jpg?v=1482249506
000124.jpg,http://i1.wp.com/floridafoodandfarm.com/wp-content/uploads/2017/01/1393067571_b0d26c0d34_b.jpg?lb=300,300,ffffff
000125.jpg,https://2ucloq3z4wn48w1h11mb5302-wpengine.netdna-ssl.com/wp-content/uploads/pepper-sauce-after-aging-460x460.jpg
000126.jpg,https://digginginthedriftless.files.wordpress.com/2010/09/73-types.gif?w=376&h=282
000127.jpg,https://www.picclickimg.com/d/l400/pict/251269683922_/HOT-Florida-Grove-Pepper-Seeds-From-100-Organic.jpg
000128.jpg,https://cdn.shopify.com/s/files/1/0043/4900/1839/products/Pepper-Purple-Cayenne-CMYK_195x195@2x.jpg?v=1536619296
000129.jpg,https://i.imgur.com/OjTb4LH.jpg
000130.jpg,https://www.seedman.com/image/5039.jpg
000131.jpg,https://scontent-lax3-1.cdninstagram.com/vp/a06a43c73c89fd738f6481356a09b4c2/5E3D2C6D/t51.2885-15/sh0.08/e35/s640x640/69552226_486818625489066_9111448864603430923_n.jpg?_nc_ht=scontent-lax3-1.cdninstagram.com&_nc_cat=106
000132.jpg,https://cdn.shopify.com/s/files/1/0955/4450/products/marconi4_large.jpg?v=1547401201
000133.jpg,https://bloximages.newyork1.vip.townnews.com/victoriaadvocate.com/content/tncms/assets/v3/editorial/f/f4/ff44ca68-a497-5181-9fbf-4cc14b8c4e92/5a9026e7282a2.image.jpg?resize=1200%2C1299
000134.jpg,http://cdn.shopify.com/s/files/1/1022/5071/products/pepper-rooster-spur-organic-capsicum-annuum-mississippi-heirloom-grown-by-the-ainsworth-family-for-over-100-years-2_1024x1024.jpg?v=1565030604
000135.jpg,https://images.dailykos.com/images/631275/large/Charleston-pepper.jpg?1547250995
000136.jpg,https://www.seedsavers.org/site/img/seo-images/0001-chervena-chushka-pepper-organic.jpg
000137.jpg,http://vcmga.org/yahoo_site_admin/assets/images/09Aug03NuMexTwilightPepper.228191431_std.jpg
000138.jpg,https://www.edenproject.com/shop/sites/default/files/styles/product_thumbnail__small_/public/Dorset-naga-seeds.jpg?itok=gaxjLHwl&timestamp=1525087360
000139.jpg,https://www.piedmontfarmandgarden.com/v/vspfiles/photos/PPP015-3.jpg?v-cache=1366092667
000140.jpg,http://i475.photobucket.com/albums/rr114/bbowles55/peppers%20and%20guns%202012/082.jpg?t=1340404520
000141.jpg,http://www.erbeincucina.it/schede/roosterspur3.jpg
000142.jpg,https://kcdgarden.com/varieties/380/gplus409817098.jpg?width=480&height=400&mode=crop&format=jpg&quality=55
000143.jpg,https://www.sheblogs.eu/wp-content/uploads/2017/10/kafteri-piperia-Rooster-spur-940x651.jpg
000144.jpg,https://i1.wp.com/www.studiomichaelino.com/wp-content/uploads/2016/11/Zebras-Squared-5x7w.jpg?w=580&h=414&ssl=1
000145.jpg,https://www.dorsetmagazine.co.uk/polopoly_fs/1.3124217.1387374538!/image/771561646.jpg_gen/derivatives/landscape_1024/771561646.jpg
000146.jpg,https://image.jimcdn.com/app/cms/image/transf/none/path/sb5e5472221c33acc/image/i082c621ce3722232/version/1553311236/image.png
000147.jpg,https://i.etsystatic.com/12764433/r/il/a6adb3/1814998684/il_794xN.1814998684_fceq.jpg
000148.jpg,https://rawsomedairy.com/wp-content/uploads/2014/07/image.jpg
000149.jpg,http://mobetterhot.com/images/RoosterSpur.jpg
000150.jpg,https://upload.wikimedia.org/wikipedia/commons/9/98/Horseshoe_Crab_in_Si_Racha.jpg
000151.jpg,http://howtoperu.com/wp-content/uploads/2016/07/aji-amarillo_chili_peru.jpg
000152.jpg,https://www.planetnatural.com/wp-content/uploads/2013/03/marconi-pepper.jpg
000153.jpg,https://i.ibb.co/jwgF2jy/100-3578.jpg
000154.jpg,https://www.buzzle.com/img/articleImages/512434-1668-38.jpg
000155.jpg,https://pbs.twimg.com/media/EEgOnvpXYAAZsoy.jpg
000156.jpg,https://us.123rf.com/450wm/ronnarong/ronnarong1801/ronnarong180100133/93123893-colorful-mix-of-chili-pappers-on-white-background-.jpg?ver=6
000157.jpg,https://backroadsliving.com/wp-content/uploads/2014/01/Rooster-Spurs.jpg
000158.jpg,http://thumb3.zeppy.io/d/l400/pict/273960253919/curly-black-real-rooster-spur-3
000159.jpg,https://c8.alamy.com/comp/E6RGE8/a-dark-rooster-with-a-red-comb-marching-on-a-dirt-track-E6RGE8.jpg
000160.jpg,http://hobbyfarms.com.s3-us-west-2.amazonaws.com/image_transfer/blog/sue/aggressive-roosters_400.jpg
000161.jpg,https://www.salsa-piccante.it/517-large_default/graines-de-piment-rooster-spur.jpg
000162.jpg,https://i0.wp.com/www.alexpepper.it/wp-content/uploads/2016/02/MONKEY-FACE-RED.jpg?zoom=2.625&resize=362%2C362
000163.jpg,https://cdn-image.myrecipes.com/sites/default/files/styles/4_3_horizontal_-_900x675/public/three-pepper-chowchow-sl.jpg?itok=AtadMUaW
000164.jpg,https://www.gapphotos.com/images/WebPreview/0029/0029638.jpg
000165.jpg,https://www.pepperscale.com/wp-content/uploads/2017/04/Tangerine-Dream-Pepper.jpg
000166.jpg,https://www.marshalls-seeds.co.uk/images/products/product_11920_large.jpg
000167.jpg,https://seaspringplants.co.uk/wp-content/uploads/2016/01/Bengle-Naga-web2-300x300.jpg
000168.jpg,https://tse2.mm.bing.net/th?id=OIP.kjB9IdetOdpOrpyDuL8C3gAAAA
000169.jpg,https://m.blog.hu/bu/budapestgerillagasztro/image/cayenne_sweet.jpg
000170.jpg,https://s3.eu-west-1.amazonaws.com/westdean.assets.d3r.com/images/gallery600/197973-the-glasshouses-provide-the-best-climate-for-growing-the-pencil-cayenne-chillies.jpg
000171.jpg,https://bigoven-res.cloudinary.com/image/upload/w_300,c_fill,h_250/cranberry-relish-f2aa80.jpg
000172.jpg,https://www.sheshedbackyard.com/images/scale/l200/pict/163479290140_1.jpg
000173.jpg,https://chillisgalore.co.uk/images/diary/2003/criollasella2.jpg
000174.jpg,http://howtoperu.com/wp-content/uploads/2016/07/aji_rocoto_peru_chili.jpg
000175.jpg,https://static-blog.mypetchicken.com/wp-content/uploads/2015/09/MG_3063-e1442411095374.jpg
000176.jpg,https://www.seedman.com/image/pep750.jpg
000177.jpg,https://assets.marthastewart.com/styles/wmax-570/d41/quick-harissa-chicken-wings-8133-7fcc2fa2/quick-harissa-chicken-wings-8133-7fcc2fa2_sq.jpg
000178.jpg,http://img0050.psstatic.com/127774354_amazoncom-pepper-rooster-spur-patio-lawn-garden.jpg
000179.jpg,http://www.gogreenmeridian.com/uploads/2/1/0/2/21022500/img-3254_3_orig.jpg
000180.jpg,http://1.bp.blogspot.com/_Oyjs043Crqg/TQgtDgF2sjI/AAAAAAAAJZM/pQaC-w8CW-I/s1600/Black+Pearl+Ornamental+pepper+Seed+extraction+12-13-2010-1.jpg
000181.jpg,https://i.ytimg.com/vi/f1wTdptBemI/maxresdefault.jpg
000182.jpg,https://image.shutterstock.com/image-photo/cutting-cocks-spur-outgrowth-bone-260nw-672859633.jpg
000183.jpg,https://farm5.static.flickr.com/4083/5049267252_3959fe1736_b.jpg
000184.jpg,https://qph.fs.quoracdn.net/main-qimg-09552e8ba7c9ca361fc6ce9e82af85af.webp
000185.jpg,https://i5.walmartimages.com/asr/9207c41f-50b7-4921-ab21-7d15622c5bb9_1.b7f7848fc397f716f8daeaec7e37bf42.jpeg?odnHeight=450&odnWidth=450&odnBg=FFFFFF
000186.jpg,http://i873.photobucket.com/albums/ab300/romy6/IMG_5528_zps06844926.jpg
000187.jpg,https://backyardchickenchatter.com/wp-content/uploads/2019/10/Big-Rooster-spurs.png
000188.jpg,https://www.pepperscale.com/wp-content/uploads/2015/11/Medusa-Pepper-1-e1456719037887.jpeg
000189.jpg,http://i259.photobucket.com/albums/hh296/buckyrant/peachtree.jpg
000190.jpg,https://chillisgalore.co.uk/images/diary/2003/lipstick2.jpg
000191.jpg,https://boarsheadpcb.files.wordpress.com/2015/07/rogers-berries-logo.jpg
000192.jpg,https://imgix.ttcdn.co/i/product/original/0/218402-69294e17757549a490f4ae8695e7c458.mpo?q=75&auto=format%2Ccompress&w=300
000193.jpg,https://images.manmadediy.com/iy1IaIBg-XZ0nHCYvQ88AyLRasA=/800x0/filters:no_upscale()/https://assets.manmadediy.com/photos/35019/best-hot-sauces-1-7original.jpg
000194.jpg,https://www.glueandglitter.com/wp-content/uploads/2011/07/How-to-Make-Hot-Sauce-from-Dried-Peppers.jpg
000195.jpg,http://www.johnstonplants.com/images/vegies/rooster_spur.JPG
000196.jpg,http://sun4living.com/wp-content/uploads/2014/08/IMG_9085.jpg
000197.jpg,http://www.erbeincucina.it/schede/roosterspur2.jpg
000198.jpg,https://cdn.shopify.com/s/files/1/0955/4450/products/alma_paprika3_large.jpg?v=1551476222
000199.jpg,https://www.nypl.org/sites/default/files/seed_library_logo.png
000200.jpg,https://imgc.allpostersimages.com/img/canvas/posters/111chemodan111-poster-with-a-detailed-diagram-of-butchering-rooster_a-G-12961241-4986170.jpg?w=671&h=894
000201.jpg,https://i.pinimg.com/originals/97/94/db/9794db4c127bcf1edf656443f97200a7.jpg
000202.jpg,https://shop.tottenhamhotspur.com/persImages/views/07_MT11AW18-00002.jpg
000203.jpg,https://www.glueandglitter.com/wp-content/uploads/2011/07/Dried-Pepper-Hot-Sauce-533x800.jpg
000204.jpg,http://shop-handmade.craftcompany.com/media/products/yardbirds/salt-pepper/lucky-kitty.jpg
000205.jpg,https://i.ytimg.com/vi/bkO6C0wI0Ec/hqdefault.jpg
000206.jpg,https://seaspringplants.co.uk/wp-content/uploads/2016/02/spike2-web-300x300.jpg
000207.jpg,http://www.txindependence.org/sources/c/Cockspur//large_SRM1994-15.3.png
000208.jpg,https://www.planetnatural.com/wp-content/uploads/2015/05/habanero-pepper-215x215.jpg
000209.jpg,https://www.seedsavers.org/site/img/seo-images/0146-derksen-pepper-organic.jpg
000210.jpg,https://chasingchilli.com.au/wp-content/uploads/2019/04/break-binge-eating.png
000211.jpg,https://img.jofogas.hu/images/Porcelan_so_es_bors_szoro__kakas_par_120931452813794.jpg
000212.jpg,https://www.gapphotos.com/images/WebPreview/0029/0029563.jpg
000213.jpg,http://howtoperu.com/wp-content/uploads/2016/07/aji-limo_chili_peru.jpg
000214.jpg,https://img.buzzfeed.com/video-api-prod/assets/83a815ec331347ce8246929c7f18bc9d/BFV6579_Spicy-Sichuan-Chicken_Thumb.jpg
000215.jpg,https://cdn.shopify.com/s/files/1/0043/4900/1839/products/Pepper_King_of_the_North_195x195@2x.JPG?v=1547578775
000216.jpg,https://i.ibb.co/PrXMbKh/100-3588.jpg
000217.jpg,https://www.reluctantgourmet.com/wp-content/uploads/2016/05/g_mashed_sweet_potatoes_peppers.jpg
000218.jpg,https://awkwardbotany.files.wordpress.com/2015/07/isolation-tents_2.jpg
000219.jpg,https://2.bp.blogspot.com/-vDWmJLGxtak/Ue_83qmvG2I/AAAAAAAACOg/B4CkIA_CN-4/s1600/crowing+contest.JPG
000220.jpg,https://cdn.shopify.com/s/files/1/0657/2031/products/rooster-salt-and-pepper-shakers_grande.png?v=1468510496
000221.jpg,https://site-752375.mozfiles.com/files/752375/medium/51079053_2180517195542937_2201976668338257920_n.jpg
000222.jpg,http://www.sunshine-seeds.de/thumbs/Capsicum_black-olive1.jpg
000223.jpg,https://qph.fs.quoracdn.net/main-qimg-5ebdd1fe3e9645a91d45c62d5ddbf9d7.webp
000224.jpg,https://adoboloco.com/wp-content/uploads/2018/07/COCKCO-ADOBOLOCO-MOCKUP.jpg
000225.jpg,https://i2.wp.com/www.studiomichaelino.com/wp-content/uploads/2016/09/Sol-Hot-Goghw.jpg?w=580&h=403&ssl=1
000226.jpg,https://i1.wp.com/thepioneerwoman.com/wp-content/uploads/2013/12/11632721705_6ca0893c6d_z.jpg?resize=630%2C419
000227.jpg,https://www.piedmontfarmandgarden.com/v/vspfiles/photos/PPP279-2.jpg
000228.jpg,https://unicornshirts.net/images/2019/10/Olney-Springs-Colorado-vintage-shirt-1.jpg
000229.jpg,https://cdn.shopify.com/s/files/1/0002/9389/6228/products/GR0081_250x250@2x.jpg?v=1560872805
000230.jpg,https://www.carolinafarmstewards.org/wp-content/uploads/2017/08/Pickled-tomatoes-and-cukes.jpg
000231.jpg,https://d3i71xaburhd42.cloudfront.net/b1242fda4b8b857ef08919e23856b53730e6ceb1/4-Figure2-1.png
000232.jpg,https://images.manmadediy.com/pESWaqb6UVrk9PJsWSbbVJQF0Hc=/800x0/filters:no_upscale()/https://assets.manmadediy.com/photos/35024/20181018_0484original.jpg
000233.jpg,https://cdn-image.myrecipes.com/sites/default/files/styles/marquee_large_2x/public/candy-citrus-peels-mr.jpg?itok=XjPLo9Se
000234.jpg,http://i1169.photobucket.com/albums/r502/ABondServant/6-11-12%20Pepper%20Auction/IMG_0016.jpg
000235.jpg,https://live.staticflickr.com/3613/3357691152_96aece61ae_b.jpg
000236.jpg,https://www.chilipeppermadness.com/wp-content/uploads/2019/03/Peri-Peri-Sauce-Recipe1.jpg
000237.jpg,http://lh3.ggpht.com/-pHvpbLWu9bU/UjxXyJSWJXI/AAAAAAAAKIk/ZuSfUeS8KNw/DSC_0133_thumb%25255B2%25255D.jpg?imgmax=800
000238.jpg,https://images.mentalfloss.com/sites/default/files/styles/insert_main_wide_image/public/fear-the-bird-_0.png
000239.jpg,https://boomland.com/wp-content/uploads/2019/03/Roaster-Spice-300x300.png
000240.jpg,https://cdn.vox-cdn.com/thumbor/LpiAtmr-gsJd0QJywJSQUSpl5Ak=/0x0:1099x733/1400x1400/filters:focal(0x0:1099x733):format(jpeg)/cdn.vox-cdn.com/uploads/chorus_image/image/6648231/cockfighting-promo-lede.0.jpg
000241.jpg,http://dishingjh.com/wp-content/uploads/2013/07/IMG_4309.jpg
000242.jpg,https://cdn.shopify.com/s/files/1/0062/2592/0067/products/l45ahptot-0-1_2019-07-20_23-56-59_fIogkBtn4s_300x300.jpg?v=1563663891
000243.jpg,https://image.shutterstock.com/image-photo/large-red-chili-spur-pepper-260nw-712322857.jpg
000244.jpg,https://ksr-ugc.imgix.net/assets/000/393/654/1afd69e0b32b2868a8d885a807b88fd6_original.png?ixlib=rb-2.1.0&w=680&fit=max&v=1361146825&auto=format&gif-q=50&lossless=true&s=52bc429c3eaf7020dd3a8367b0f1b3ac
000245.jpg,https://www.christies.com/img/LotImages/2019/NYR/2019_NYR_16779_0328_000(a_pair_of_white_cockerels_qianlong_period).jpg?mode=max&h=340
000246.jpg,https://cdn.shopify.com/s/files/1/0955/4450/products/sweet_chocolate1_large.jpg?v=1469570837
000247.jpg,https://i0.wp.com/growanstede.com/wp-content/uploads/2019/07/Delivery-2.png?fit=770%2C770&ssl=1
000248.jpg,https://images.prod.meredith.com/product/9cac221d9755a9b32e4e12bb0a72e5f8/1511674226098/l/toland-home-garden-koi-collection-decorative-doormat-blue-fish-pond
000249.jpg,https://localfoodconnect.org.au/wp-content/uploads/2018/11/railway33.jpg
000250.jpg,https://media-prideofmaui.netdna-ssl.com/blog/wp-content/uploads/2017/01/Top-15-Beaches-in-Maui_001_Charlie-Young-Beach.jpg
000251.jpg,https://rlv.zcache.com.au/red_pepper_diva_cartoon_pattern_belt_buckle-r954fca38a3834b2ab486bf4fc324b080_fedq0_8byvr_307.jpg
000252.jpg,https://i.ytimg.com/vi/OuGpQVA0ld8/maxresdefault.jpg
000253.jpg,https://www.3cr.org.au/sites/default/files/show/user157/images/Red_jungle_fowl.png
000254.jpg,https://as2.ftcdn.net/jpg/02/34/23/83/500_F_234238309_S1Muet7DcmPWcB0Xgp22DpvIybwLbfxu.jpg
000255.jpg,https://www.pepperscale.com/wp-content/uploads/2016/09/NuMex-Centennial.jpg
000256.jpg,https://instagram.fist1-2.fna.fbcdn.net/vp/1f00b3aed05ea0156b1776671bfcef48/5E34FBA1/t51.2885-15/sh0.08/e35/c0.134.1080.1080a/s640x640/14726413_1136892219698387_8102525249230209024_n.jpg?_nc_ht=instagram.fist1-2.fna.fbcdn.net&_nc_cat=111
000257.jpg,https://static-blog.mypetchicken.com/wp-content/uploads/2015/08/MG_0600a.jpg
000258.jpg,https://images1.novica.net/pictures/4/p362041_2_400.jpg
000259.jpg,https://i0.wp.com/thepioneerwoman.com/wp-content/uploads/2013/12/11633110914_93c4280659_z.jpg?resize=630%2C419
000260.jpg,http://www.mentxaka.com/wp-content/uploads/2014/07/Sterling-Silver-Large-Shell-Salt-and-Pepper-with-Shell-Spoons1.jpg
000261.jpg,https://www.rockrecipes.com/wp-content/uploads/2016/06/Peri-Peri-Sauce-on-Portugese-Chicken-e1502033831519.jpg
000262.jpg,http://www.pawinskiphotography.com/public/lth/0002.jpg
000263.jpg,https://static.wixstatic.com/media/a0ab5bea0117449aba37d5dcaeed31ef.jpg/v1/fill/w_640,h_478,al_c,q_80,usm_0.66_1.00_0.01/a0ab5bea0117449aba37d5dcaeed31ef.webp
000264.jpg,https://i.ytimg.com/vi/RuB5azXVNTQ/maxresdefault.jpg
000265.jpg,https://bigoven-res.cloudinary.com/image/upload/w_300,c_fill,h_250/relish.jpg
000266.jpg,https://images.dailykos.com/images/619760/large/20181207_164206.jpg?1544225519
000267.jpg,https://hungrybeargreece.files.wordpress.com/2018/02/rooster.jpg?w=341&h=228
000268.jpg,https://m.blog.hu/bl/blogkocsma/image/.external/.thumbs/7c501d017b15c32aa5be01390140574f_e1b1c3ea48a3c07745d4b1e5a2e14014.jpg
000269.jpg,https://www.glueandglitter.com/wp-content/uploads/2011/07/Soaking-Peppers-and-Garlic.jpg
000270.jpg,https://seaspringplants.co.uk/wp-content/uploads/2016/01/Early_Jalpeno-300x300.jpg
000271.jpg,https://i.pinimg.com/236x/42/fc/e1/42fce15a4b8e4528196a5b59672d8fba--pepper-live-pepper-seeds.jpg
000272.jpg,https://www.seedsavers.org/site/img/seo-images/0140-1-ausilio-thin-skin-italian-pepper-organic.jpg
000273.jpg,https://i.ytimg.com/vi/FBFZ6dOg7L4/hqdefault.jpg
000274.jpg,https://d2xu66ewh619r5.cloudfront.net/wordpress/wp-content/uploads/2017/12/cropped-red-rooster-trading-company-hdr.png
000275.jpg,https://en.es-static.us/upl/2010/06/crowing_rooster.jpeg
000276.jpg,https://cdn5.eyeem.com/thumb/9930d7e3e9700e0ac95fd5f0a6b8edd4094e845a-1490169738503/w/750
000277.jpg,http://howtoperu.com/wp-content/uploads/2016/07/aji_charapita_chili_pepper_peru.jpg
000278.jpg,http://www.gogreenmeridian.com/uploads/2/1/0/2/21022500/editor/fullsizerender.jpg?1546875068
000279.jpg,https://s3.eu-west-1.amazonaws.com/westdean.assets.d3r.com/images/gallery600/196076-fairy-lights-variety-of-chilli.jpg
000280.jpg,http://www.flyinggoosebrand.com/wp-content/uploads/2019/04/Jackfruit-Tacos.jpg
000281.jpg,https://d3awvtnmmsvyot.cloudfront.net/api/file/cd628AryQWWYdpy9rBR3
000282.jpg,https://www.theprairiehomestead.com/wp-content/uploads/2019/07/smartmockups_jybo07aq-2.png
000283.jpg,https://www.fifteenspatulas.com/wp-content/uploads/2016/01/Potato-Gratin-Fifteen-Spatulas-1-640x427.jpg
000284.jpg,https://i0.wp.com/growanstede.com/wp-content/uploads/2019/07/Delivery-2-header.png?resize=770%2C425&ssl=1
000285.jpg,https://www.shannonassociates.com/copyrighted/artists/lamont/fs/foodchains_1090511.jpg
000286.jpg,https://m.media-amazon.com/images/I/51dx4iehBxL._AC_UL320_.jpg
000287.jpg,https://s3-media4.fl.yelpcdn.com/bphoto/WSIrqvY7EFHHXMQuLJh_AA/258s.jpg
000288.jpg,http://richard.ritornell.at/bilder/ikea.jpg
000289.jpg,https://www.chilipeppermadness.com/wp-content/uploads/2019/03/Peri-Peri-Sauce-Recipe2.jpg
000290.jpg,https://content.api.news/v3/images/bin/cb68f77f0745254c655eed4faa19f091?width=650
000291.jpg,https://media-cdn.tripadvisor.com/media/photo-s/17/92/e8/64/photo0jpg.jpg
000292.jpg,https://chairish-prod.freetls.fastly.net/image/product/sized/2f5dd9e5-7fcc-4649-9c5d-5246fbfc5f3f/berthold-muller-antique-rococo-sterling-silver-repousse-salt-and-pepper-shakers-a-pair-8585?aspect=fit&width=640&height=640
000293.jpg,https://articles.extension.org//sites/default/files/styles/feature/public/ChickensInSnow-banner.jpg
000294.jpg,https://site-752375.mozfiles.com/files/752375/medium/51779257_2181144535480203_8269298515801276416_n.jpg
000295.jpg,https://www.planetnatural.com/wp-content/uploads/2013/03/chocolate-pepper-215x215.jpg
000296.jpg,https://www.thoughtco.com/thmb/HCK0wklz_j0toXD60tDbEFmFUPE=/400x0/filters:no_upscale():max_bytes(150000):strip_icc()/machu-pichu-in-peru-956326314-5b68effec9e77c0050c50c50.jpg
000297.jpg,https://cdn.shopify.com/s/files/1/1436/6192/products/6470631c6b350ed4f5086386b8786ceb2afa8efc_300x.jpg?v=1534757427
000298.jpg,http://www.kitpaulsonglass.com/uploads/2/6/5/4/26540471/header_images/1526249459.jpg
000299.jpg,https://www.groworganic.com/organic-gardening/images/posts/videos/_thumb/Intro-pvfs.jpg
000300.jpg,https://chillisgalore.co.uk/images/diary/2003/rocoto3.jpg
000301.jpg,https://s3.eu-west-1.amazonaws.com/westdean.assets.d3r.com/images/blog_listing450/225076-decorated-tent-chilli-fiesta-1280-x-720-image-credit-barney-poole.jpg
000302.jpg,https://kjzz.org/sites/default/files/styles/lead_story_aspect_switcher/public/field/image/MadresBuscadoras.jpg?itok=RYw1DIHh
000303.jpg,http://i1169.photobucket.com/albums/r502/ABondServant/6-11-12%20Pepper%20Auction/IMG_0018.jpg
000304.jpg,https://www.backyardchickens.com/content/type/61/id/7116784/width/350/height/700
000305.jpg,http://thumb3.zeppy.io/d/l400/pict/183821373963/charles-wysocki-peppercricket-grove-collector-plate-gingernut-valley-inn-2
000306.jpg,https://d2xu66ewh619r5.cloudfront.net/wordpress/wp-content/uploads/2016/04/manual-coffee-grinder-made-in-the-usa-400x480.jpg
000307.jpg,https://cdn.shopify.com/s/files/1/0043/4900/1839/products/Pepper-Gernika_195x195@2x.jpg?v=1536619326
000308.jpg,https://images.bidsquare.com/item/m/2296/2296836.jpeg?t=1EMFR2
000309.jpg,https://grungery.hu/wp-content/uploads/2019/06/IMG_3333-2-480x384.jpeg
000310.jpg,https://www.smkw.com/media/catalog/product/cache/ce53e5931f12ba7d2cc972b9b0001982/h/r/hr002.jpg
000311.jpg,https://instagram.frix2-1.fna.fbcdn.net/vp/a68d04aad2554eb4c5fe33babcb00f85/5DC8568C/t51.2885-15/sh0.08/e35/s640x640/66105935_680050485804605_1914980451909876399_n.jpg?_nc_ht=instagram.frix2-1.fna.fbcdn.net
000312.jpg,https://www.picclickimg.com/d/l400/pict/293013466852_/Pretty-Chickens-Roosters-Multi-Color-Salt-Pepper.jpg
000313.jpg,https://cdn.shopify.com/s/files/1/0955/4450/products/surmeli1_large.jpg?v=1486089932
000314.jpg,https://travellina.hu/wp-content/uploads/2017/06/hawaii_kauai3-1024x768.jpg
000315.jpg,http://richard.ritornell.at/bilder/perc.jpg
000316.jpg,https://i2.wp.com/roadsandkingdoms.com/uploads/2015/01/S252282.jpg?ssl=1&w=680&quality=95&strip=color
000317.jpg,http://mobetterhot.com/images/IMAGESOON.jpg
000318.jpg,https://image.isu.pub/181016211118-6b0ba44d2c6b763eec47c9626acff912/jpg/page_1_thumb_large.jpg
000319.jpg,https://mmorrow.com/img/mm041319.jpg
000320.jpg,https://www.spendwithpennies.com/wp-content/uploads/2013/12/mmmm-fried-dill-pickles-480x270.jpg
000321.jpg,https://bobbiezen.files.wordpress.com/2012/09/collardgreens.jpg?w=1024&h=768
000322.jpg,http://www.antiquearchaeology.com/images/slider/slide-rooster-patch-hat-2019-sm.jpg
000323.jpg,https://i.guim.co.uk/img/media/fad492c13c6c4d93f4f83eb27095103b6bb9f19f/0_452_4367_2620/master/4367.jpg?width=605&quality=85&auto=format&fit=max&s=aa68e0b318fce626ddd5e5fcb3f9fb6f
000324.jpg,https://cms.qz.com/wp-content/uploads/2017/03/screen-shot-2017-03-20-at-10-11-17-pm.png?w=1400&strip=all&quality=75
000325.jpg,http://1.bp.blogspot.com/-ESDRKoethlA/TkwDMUa9uAI/AAAAAAAAEnU/3-uVaJvMXBE/s1600/DSCN8740.JPG
000326.jpg,https://medias.bestwestern.fr/props_iceportal/97369/65599092_XL.jpg
000327.jpg,https://images.getbento.com/accounts/33fbe379b6cc1b429f071b90f3ebf203/media/images/69155breakfast_served_11-3.png?w=1000&fit=max&auto=compress,format&h=1000
000328.jpg,https://media.sandhills.com/img.axd?id=5119188177&wid=&p=&ext=&w=0&h=0&t=&lp=&c=True&wt=False&sz=Max&rt=0&checksum=R7W9T9O4oeVIYN7urAdjXgWh1%2FDNf2hS
000329.jpg,https://images.media-allrecipes.com/userphotos/560x315/745665.jpg
000330.jpg,https://i.vimeocdn.com/video/671366319.webp?mw=1600&mh=901&q=70
000331.jpg,https://www.theprairiehomestead.com/wp-content/uploads/sb-instagram-feed-images/2139574228628940715_446098322low.jpg
000332.jpg,https://ecdn.teacherspayteachers.com/thumbitem/The-Scoville-Scale-Word-Find-4601814-1559309940/original-4601814-2.jpg
000333.jpg,https://static.wixstatic.com/media/84770f_eef9331997c9488ca7bfb6ad39dce3fd~mv2_d_5395_3597_s_4_2.jpg/v1/crop/x_0,y_93,w_5395,h_3504/fill/w_980,h_380,al_c,q_85,usm_0.66_1.00_0.01/84770f_eef9331997c9488ca7bfb6ad39dce3fd~mv2_d_5395_3597_s_4_2.webp
000334.jpg,https://www.pepperscale.com/wp-content/uploads/2015/08/numex-twilight-1.jpg
000335.jpg,https://di2ponv0v5otw.cloudfront.net/posts/2019/09/10/5d77fbab19c15758ff2436a3/s_5d77fbd9152812d2f1755c9b.jpg
000336.jpg,https://assets-vinterior-1.vinterior.co/uploads/listing_image/image/2089118/medium_pair-of-solid-brass-cockerels_0.jpg
000337.jpg,https://cfcdn.zulily.com/images/cache/product/290x348/113784/zu22821305_main_tm1419883080.jpg
000338.jpg,https://cdn0.rubylane.com/_pod/item/1330508/76741/Pair-Art-Deco-Steuben-Glass-Roosters-pic-1A-2048%3A10.10-88-f.jpg
000339.jpg,https://image.shutterstock.com/image-photo/two-roosters-preparing-fight-pasture-260nw-1475107649.jpg
000340.jpg,https://i.dailymail.co.uk/i/pix/2012/10/18/article-2219715-159000BA000005DC-934_634x436.jpg
000341.jpg,https://images.dailykos.com/images/619510/large/20181206_180946.jpg?1544149801
000342.jpg,https://3cc0da2a053d21d179cb-cf345b1f3c18a5f83a029b69e4c01816.ssl.cf2.rackcdn.com/rr-104684-p1.jpg
000343.jpg,https://is4-ssl.mzstatic.com/image/thumb/Purple123/v4/c3/8a/6c/c38a6cc1-2a3d-6704-1888-61d102f31a8f/pr_source.png/300x0w.jpg
000344.jpg,https://i0.wp.com/roadsandkingdoms.com/uploads/2015/01/DSF2101.jpg?ssl=1&w=680&quality=95&strip=color
000345.jpg,https://imagesvc.meredithcorp.io/v3/mm/image?url=https%3A%2F%2Fcdn-image.myrecipes.com%2Fsites%2Fdefault%2Ffiles%2Fstyles%2Fmedium_2x%2Fpublic%2Fimage%2Frecipes%2Fay%2F11%2F05%2Fchicken-wings-ay-x.jpg%3Fitok%3DImZQu2Ux&w=450&c=sc&poi=face&q=85
000346.jpg,https://m.blog.hu/bl/blogkocsma/image/.external/.thumbs/7d04d85ab473aaaa3af8629536e24645_e1b1c3ea48a3c07745d4b1e5a2e14014.jpg
000347.jpg,https://www.groworganic.com/organic-gardening/images/posts/articles/_thumb/freezing-fruit-lead1280x720.jpg
000348.jpg,https://thumbor.forbes.com/thumbor/711x475/https://blogs-images.forbes.com/davidthier/files/2019/06/Capture-8-1200x803.jpg?width=960
000349.jpg,http://upload.wikimedia.org/wikipedia/en/9/9f/ESPOLON,_blanco_and_reposado.jpeg
000350.jpg,https://s3-us-west-2.amazonaws.com/hobbyfarms.com/wp-content/uploads/2016/01/27160648/Martok_180.jpg
000351.jpg,https://images.manmadediy.com/8Hr4lsVyZ13unmn_gaZAXgOXElk=/800x0/filters:no_upscale()/https://assets.manmadediy.com/photos/35023/best-hot-sauces-1-11original.jpg
000352.jpg,https://static.independent.co.uk/s3fs-public/thumbnails/image/2018/02/22/11/brawl.jpg
000353.jpg,https://media.sandhills.com/img.axd?id=5119367173&wid=&p=&ext=&w=0&h=0&t=&lp=&c=True&wt=False&sz=Max&rt=0&checksum=WXDGJZWZjqL2%2BrSy%2Fv74o58iZnppJ1TU
000354.jpg,https://www.seedsavers.org/site/img/seo-images/1178-tollis-sweet-italian-pepper-organic.jpg
000355.jpg,https://bellacoola.ca/wp-content/uploads/2018/04/roostermenu.jpg
000356.jpg,https://www.reluctantgourmet.com/wp-content/uploads/2017/08/roasted_garlic_butter_corn.jpg
000357.jpg,https://seaspringplants.co.uk/wp-content/uploads/2019/01/Holy-Peak3-web20-300x300.jpg
000358.jpg,https://kimsfabric.store/wp-content/uploads/2019/07/KF-logo-test-75.jpg
000359.jpg,https://i.ibb.co/vj9DCNz/100-3580.jpg
000360.jpg,http://whenis.club/wp-content/uploads/2019/08/rooster-spur-pepper-rooster-spur-pepper-seeds.jpg
000361.jpg,https://s3.amazonaws.com/cdn.fancyflours.com/images/large/38PH98.jpg
000362.jpg,http://cdn.shopify.com/s/files/1/1115/6230/t/31/assets/slide-1-image.jpg?27863
000363.jpg,https://geekhub.hu/wp-content/uploads/2019/03/SC78828.jpg
000364.jpg,https://cdn.shopify.com/s/files/1/2867/7886/products/41950db1fdb47510c9cc22497a061e09_300x300.jpg?v=1564162116
000365.jpg,https://i.dailymail.co.uk/i/pix/2016/06/15/20/35516F0B00000578-3643404-image-m-48_1466017984854.jpg
000366.jpg,http://silviegoldmark.com/img/chicken-rooster-278x235.jpg
000367.jpg,https://www.mmorrow.com/img/CRAIG_MICHAEL.jpg
000368.jpg,https://www.glueandglitter.com/wp-content/uploads/2011/07/dried-japones-pepper.jpg
000369.jpg,https://www.coursehero.com/net-assets/lit/infographic_fb/724.jpg
000370.jpg,https://images-eu.ssl-images-amazon.com/images/I/51wgjqre2IL.jpg
000371.jpg,https://i.ytimg.com/vi/n7K2KZdUrxg/maxresdefault.jpg
000372.jpg,https://events.kcrw.com/wp-content/uploads/2019/09/Broken-Record-Live-1920x1080-400x225.png
000373.jpg,https://www.visitflorida.com/content/dam/visitflorida/en-us/images/travelideas/DeSoto-mckechnie-listicle-tearoom_HERO.jpg
000374.jpg,https://media-cdn.tripadvisor.com/media/photo-s/16/ee/5c/05/photo0jpg.jpg
000375.jpg,https://images.homedepot-static.com/productImages/9f357fe6-46fb-46d6-a6d2-1ea1ebfd02e1/svn/white-litton-lane-sculptures-58380-44_600.jpg
000376.jpg,https://images.prod.meredith.com/content/281474979907340/634443
000377.jpg,https://i.ytimg.com/vi/iUWlIhw8xTI/hqdefault.jpg
000378.jpg,https://www.thespruceeats.com/thmb/FKeDY4NgGWRehQ_HqAo4VjoDnRw=/1500x1000/filters:no_upscale():max_bytes(150000):strip_icc()/pastrami-04-5c251a5e46e0fb0001eb915a.jpg
000379.jpg,https://fanatics.frgimages.com/FFImage/thumb.aspx?i=/productimages/_209000/FF_209495_xl.jpg&w=340
000380.jpg,https://www.planetnatural.com/wp-content/uploads/2013/03/pepper-chocolate-beauty-215x215.jpg
000381.jpg,https://geekhub.hu/wp-content/uploads/2019/03/SC78828_1-555x713.jpg
000382.jpg,https://i0.wp.com/www.studiomichaelino.com/wp-content/uploads/2016/09/DarkStarofKohlrabiw.jpg?w=336&h=240&ssl=1
000383.jpg,http://lorempixel.com/1024/600/
000384.jpg,https://store-images.s-microsoft.com/image/apps.9887.13510798882801755.665a2ae5-2f50-4992-b53f-cf39bc5b4fa4.1e607be7-e7e1-4045-bb07-1dcdeffadd55?mode=scale&q=90&h=300&w=300
000385.jpg,https://www.smkw.com/media/catalog/product/cache/ce53e5931f12ba7d2cc972b9b0001982/h/r/hr5003rh175.jpg
000386.jpg,https://www.visitflorida.com/content/dam/visitflorida/en-us/images/florida-events/florida-yearly-events-calendar/HoggetownMedievalFairejanuary.jpg.1020.680.imagerendition
000387.jpg,https://cdn2.eyeem.com/thumb/34a081b163fcc8db80cc0ff4bf7ebff05e95b06c-1522586771622/w/600
000388.jpg,https://cdn.shopify.com/s/files/1/0955/4450/products/purple_beauty1_1024x1024.jpg?v=1483223522
000389.jpg,https://www.rockrecipes.com/wp-content/uploads/2016/06/Better-than-Nandos-Peri-Peri-Wings-with-title-text-480x360.jpg
000390.jpg,http://richard.ritornell.at/bilder/saint.jpg
000391.jpg,https://www.chilipeppermadness.com/wp-content/uploads/2018/06/Cajun-Shrimp-Stuffed-Poblano-Peppers1B-500x500.jpg
000392.jpg,https://qph.fs.quoracdn.net/main-qimg-387daec98053a89feb761cb38cdf38de.webp
000393.jpg,https://chillisgalore.co.uk/images/diary/2003/plants3.jpg
000394.jpg,https://image.shutterstock.com/image-photo/capsicum-annuum-cayenne-pepper-chili-260nw-733632415.jpg
000395.jpg,http://howtoperu.com/wp-content/uploads/2016/07/aji-panca-fresh-and-dry_chilis_peru.jpg
000396.jpg,https://images.dailykos.com/images/619789/large/20181207_183251.jpg?1544229906
000397.jpg,http://3.bp.blogspot.com/-Oy634VLmgBY/Ta99ARiwY8I/AAAAAAAAADg/SAr0A-kDdc4/s1600/100_3809.JPG
000398.jpg,https://www.groworganic.com/organic-gardening/images/posts/videos/_thumb/drip-irrigation-soaker-hose.jpg
000399.jpg,https://static-blog.mypetchicken.com/wp-content/uploads/2015/08/MG_0578a.jpg
000400.jpg,https://cdn.shopify.com/s/files/1/0043/4900/1839/products/Pepper-Purple-Beauty_195x195@2x.jpg?v=1536619304
000401.jpg,https://seaspringplants.co.uk/wp-content/uploads/2016/01/Fairy-Lightsa-web20-300x300.jpg
000402.jpg,https://images.manmadediy.com/RSMKelhrqHXZ5oRdeJ1UnMxl2t4=/800x0/filters:no_upscale()/https://assets.manmadediy.com/photos/35017/best-hot-sauces-1-5original.jpg
000403.jpg,https://www.glueandglitter.com/wp-content/uploads/2011/07/Soaking-Peppers.jpg
000404.jpg,https://www.pepperscale.com/wp-content/uploads/2017/03/chilly-chili.jpg
000405.jpg,https://i.ytimg.com/vi/GH0ol75iQMQ/maxresdefault.jpg
000406.jpg,https://www.smkw.com/media/catalog/product/cache/ce53e5931f12ba7d2cc972b9b0001982/h/r/hri061bc.jpg
000407.jpg,https://d2xu66ewh619r5.cloudfront.net/wordpress/wp-content/uploads/2019/05/coffeesock-reusable-filter-400x480.jpg
000408.jpg,https://www.planetnatural.com/wp-content/uploads/2013/03/thai-pepper-215x215.jpg
000409.jpg,https://rawsomedairy.com/wp-content/uploads/2014/01/009-300x300.jpg
000410.jpg,https://www.seedman.com/image/jf707.jpg
000411.jpg,https://cdn.shopify.com/s/files/1/0955/4450/products/napoleon4_large.jpg?v=1478527841
000412.jpg,https://www.groworganic.com/organic-gardening/images/posts/videos/_thumb/drip-irrigation-emitterline.jpg
000413.jpg,https://static-blog.mypetchicken.com/wp-content/uploads/2015/08/MG_0181a.jpg
000414.jpg,https://www.piedmontfarmandgarden.com/v/vspfiles/photos/PPP140-2.jpg?v-cache=1366092667
000415.jpg,https://chillisgalore.co.uk/images/diary/2003/criollasella1.jpg
000416.jpg,https://seaspringplants.co.uk/wp-content/uploads/2016/02/Joes-Long-web20-300x300.jpg
000417.jpg,https://www.glueandglitter.com/wp-content/uploads/2011/07/Pouring-Vinegar.jpg
000418.jpg,http://i1169.photobucket.com/albums/r502/ABondServant/6-11-12%20Pepper%20Auction/IMG_0019.jpg
000419.jpg,https://image.shutterstock.com/image-photo/cayenne-pepper-chili-long-fed-260nw-349238516.jpg
000420.jpg,https://cdn.vox-cdn.com/thumbor/eQLdbvRSmictwHs0EFdk9KUZyLQ=/512x512/cdn.vox-cdn.com/profile_images/3686531/IMG_1252.jpg
000421.jpg,https://i.ytimg.com/vi/eaj7OHB8yA8/maxresdefault.jpg
000422.jpg,https://d2xu66ewh619r5.cloudfront.net/wordpress/wp-content/uploads/2014/06/red-rooster-home-brew-kit-400x480.png
000423.jpg,https://cdn.shopify.com/s/files/1/0043/4900/1839/products/Pepper-Anaheim_195x195@2x.jpg?v=1536619536
000424.jpg,https://www.smkw.com/media/catalog/product/cache/ce53e5931f12ba7d2cc972b9b0001982/h/r/hr312mop.jpg
000425.jpg,https://www.planetnatural.com/wp-content/uploads/2013/03/bell-pepper-215x215.jpg
000426.jpg,https://www.rockrecipes.com/wp-content/uploads/2016/06/Peri-Peri-Sauce-e1502033870505.jpg
000427.jpg,https://i2.wp.com/roadsandkingdoms.com/uploads/2015/01/S292300.jpg?ssl=1&w=1300&quality=95&strip=color
000428.jpg,https://yt3.ggpht.com/a/AGF-l78hM3-_-YKr7ICBAq9X2YWxiLS-9ca2pYAU9w=s900-c-k-c0xffffffff-no-rj-mo
000429.jpg,http://lh3.ggpht.com/-pHvpbLWu9bU/UjxXyJSWJXI/AAAAAAAAKIk/ZuSfUeS8KNw/w1200-h630-p-k-no-nu/DSC_0133_thumb%25255B2%25255D.jpg?imgmax=800
000430.jpg,https://miro.medium.com/max/1200/1*R11GVf-PHZDTSqhSYMIHug.jpeg
000431.jpg,https://static-blog.mypetchicken.com/wp-content/uploads/2015/08/MG_0597rooster.jpg
000432.jpg,https://content.api.news/v3/images/bin/14d6ec327dbda1001a7f32ba0dc26b34?width=316
000433.jpg,https://www.seedman.com/image/trn953.jpg
000434.jpg,https://resources.stuff.co.nz/content/dam/images/1/x/m/o/l/v/image.related.StuffBigHeadline.418x220.1wtybq.11gn2s.png/1572096264099.jpg
000435.jpg,https://www.seedsavers.org/site/img/seo-images/1343A-king-of-the-north-pepper-organic.jpg
000436.jpg,https://www.glueandglitter.com/wp-content/uploads/2011/07/Blender-Hot-Sauce.jpg
000437.jpg,https://cdn.shopify.com/s/files/1/0955/4450/products/Corbaci5_large.jpg?v=1518288024
000438.jpg,https://image.shutterstock.com/image-vector/vector-illustration-black-silhouette-rooster-260nw-545937127.jpg
000439.jpg,https://seaspringplants.co.uk/wp-content/uploads/2016/02/Fire-pack-292x300.jpg
000440.jpg,http://i1169.photobucket.com/albums/r502/ABondServant/6-11-12%20Pepper%20Auction/IMG_0015.jpg
000441.jpg,https://www.study-in-germany.de/medien/studyin.de/menschen-gruppen-gesichter/fittosize__620_0_d2c92f821b661634253d5d6baf9cf35f__z3_8027_copy_638x334px.jpg
000442.jpg,https://upload.wikimedia.org/wikipedia/commons/0/0f/2018_0129_Sriracha_Mayo_Sauce.jpg
000443.jpg,https://www.howtoperu.com/wp-content/themes/peru/images/home/new-logo.png
000444.jpg,https://www.mavs.com/wp-content/uploads/2019/10/TeamHero-Video-Poster-v2.jpg
000445.jpg,https://www.smkw.com/media/catalog/product/cache/ce53e5931f12ba7d2cc972b9b0001982/h/r/hri054.jpg
000446.jpg,https://www.chilipeppermadness.com/wp-content/uploads/2018/09/Peri-Peri-Chicken-Legs-Recipe1.jpg
000447.jpg,https://www.moviequotesandmore.com/wp-content/uploads/true-grit-2010.jpg
000448.jpg,https://d2xu66ewh619r5.cloudfront.net/wordpress/wp-content/uploads/2013/11/crush-grinders-pepper-400x480.jpg
000449.jpg,https://i5.walmartimages.com/asr/5b8c2567-5e3e-4d5c-9a3b-2cb682be53ce_1.565185e8b572c5f1b66c3755f61b48a4.jpeg
000450.jpg,https://content.api.news/v3/images/bin/24cadc5b733e41c412b59d6887f36319?width=650
000451.jpg,https://www.goldderby.com/wp-content/uploads/2019/10/matt-damon-movies-ranked.jpg?w=620&h=360&crop=1
000452.jpg,https://wgbh.brightspotcdn.com/dims4/default/199c21e/2147483647/strip/true/crop/2048x1117+0+124/resize/990x540!/quality/70/?url=http%3A%2F%2Fcdn-news.wgbh.org%2Fs3fs-public%2FCopy%20of%20Lemoult1.jpg
000453.jpg,https://www.rockrecipes.com/wp-content/uploads/2017/01/rock-recipes-logo-620.jpg
000454.jpg,https://www.planetnatural.com/wp-content/uploads/2013/03/pepper-sheepnose-215x215.jpg
000455.jpg,http://1.bp.blogspot.com/_NfXJJ5-l9BA/THwSul64sLI/AAAAAAAABP8/QiM3T4vEzoc/s1600/DSC06921.JPG
000456.jpg,https://kjzz.org/sites/default/files/migrant-journey-top-banner-NEW-20190823.jpg
000457.jpg,https://www.seedman.com/image/trn647.jpg
000458.jpg,https://static-blog.mypetchicken.com/wp-content/uploads/2015/08/MG_0600.jpg
000459.jpg,https://www.goldderby.com/wp-content/uploads/2019/10/matt-damon-movies-ranked-The-Talented-Mr-Ripley.jpg?w=620&h=360&crop=1
000460.jpg,https://i2.wp.com/roadsandkingdoms.com/uploads/2015/01/head11.jpg?ssl=1&w=1300&quality=95&strip=color
000461.jpg,https://cdn.shopify.com/s/files/1/0955/4450/products/feherozon3_large.jpg?v=1519493630
000462.jpg,https://seaspringplants.co.uk/wp-content/uploads/2016/01/Dorset-Naga-classic-20-300x300.jpg
000463.jpg,https://i.ytimg.com/vi/nz8ZTzByuiA/maxresdefault.jpg
000464.jpg,https://content.api.news/v3/images/bin/a7459cb75a7168a28f1b34e59f40512f?width=316
000465.jpg,https://www.mavs.com/wp-content/uploads/2019/07/JalenBrunson_Slate_NoSponsor-2.png
000466.jpg,https://image.shutterstock.com/image-photo/capsicum-annuum-cayenne-pepper-chili-260nw-1034958712.jpg
000467.jpg,http://www.thepulpiteer.com/peppers/october4/tabasco.jpg
000468.jpg,https://www.seedsavers.org/site/img/seo-images/0044A-marconi-red-pepper-organic.jpg
000469.jpg,https://www.howtoperu.com/wp-content/uploads/2019/08/discover-huacachina-mobile.jpg
000470.jpg,https://www.smkw.com/media/catalog/product/cache/ce53e5931f12ba7d2cc972b9b0001982/h/r/hri062_inblock.jpg
000471.jpg,https://www.chilipeppermadness.com/wp-content/uploads/2019/03/Peri-Peri-Sauce-Recipe3.jpg
000472.jpg,http://www.seaspringseeds.co.uk/blog/wp-content/uploads/2013/01/Charleston-Hot.jpg
000473.jpg,https://scontent-frt3-1.cdninstagram.com/vp/d4323c7f2e04ef319ea9c4a62fa10501/5E1C9CF2/t51.2885-15/sh0.08/e35/c0.135.1080.1080a/s640x640/57952107_582504025582641_3822885561787361965_n.jpg?_nc_ht=scontent-frt3-1.cdninstagram.com&_nc_cat=109
000474.jpg,https://content.api.news/v3/images/bin/3ea9cb321548793d27dde355557b0021?width=650
000475.jpg,https://www.rockrecipes.com/wp-content/uploads/2018/10/ROCK-RECIPES-COOKIE-COOKBOOK-FOR-SITE-HEADER.png
000476.jpg,https://i1.wp.com/www.studiomichaelino.com/wp-content/uploads/2016/09/PurpleHerbalPulsa.jpg?w=288&h=206&ssl=1
000477.jpg,https://chillisgalore.co.uk/images/diary/2003/earlyjalapeno2.jpg
000478.jpg,https://www.planetnatural.com/wp-content/uploads/2013/03/cayenne-pepper1.jpg
000479.jpg,https://s1.nyt.com/timesmachine/pages/1/1982/06/23/229340_360W.png
000480.jpg,https://cdn.vox-cdn.com/thumbor/VgiIQ1rs23vQb2KTOa0PZ4Zigyw=/1400x788/filters:format(jpeg)/cdn.vox-cdn.com/uploads/chorus_asset/file/10272633/usa_today_10509362.jpg
000481.jpg,https://www.seedman.com/image/pep249.jpg
000482.jpg,https://static-blog.mypetchicken.com/wp-content/uploads/2015/08/MG_0597a.jpg
000483.jpg,https://www.goldderby.com/wp-content/uploads/2019/10/Downsizing.jpg?w=620&h=360&crop=1
000484.jpg,https://seaspringplants.co.uk/wp-content/uploads/2016/01/cat-chilli-veg.jpg
000485.jpg,https://www.visitflorida.com/content/dam/visitflorida/en-us/images/cities/mexico-beach/2019-mb/rom_LMXB16.jpg
000486.jpg,https://d2xu66ewh619r5.cloudfront.net/wordpress/wp-content/uploads/2011/11/red-rooster-coffee-dripstand-400x480.jpg
000487.jpg,http://i1169.photobucket.com/albums/r502/ABondServant/6-11-12%20Pepper%20Auction/IMG_0017.jpg
000488.jpg,https://i.dailymail.co.uk/i/pix/2016/06/14/10/354151F100000578-0-image-a-4_1465895801201.jpg
000489.jpg,http://lh5.ggpht.com/-qy2Z6gg0pWY/UjxXzc7HvII/AAAAAAAAKI0/R3ISKvhYd34/DSC_0134_thumb%25255B2%25255D.jpg?imgmax=800
000490.jpg,https://www.smkw.com/media/catalog/product/cache/ce53e5931f12ba7d2cc972b9b0001982/h/r/hri003s_combo.jpg
000491.jpg,https://www.howtoperu.com/wp-content/uploads/2019/07/image-9.png
000492.jpg,http://www.seaspringseeds.co.uk/blog/wp-content/uploads/2013/01/Untitled-33.jpg
000493.jpg,https://i.ytimg.com/vi/eKosR4xSVsI/maxresdefault.jpg
000494.jpg,http://howstrange.me/wp-content/uploads/2019/07/rooster-spur-pepper-image-0-heat-scale.jpg
000495.jpg,https://content.api.news/v3/images/bin/dce7468eb2e2c9cc989f15a1acee14bc?width=650
000496.jpg,https://cdn.vox-cdn.com/thumbor/6xzayJqoPy79MbJ9FBMEckZPXNs=/0x12:2939x1551/fit-in/1200x630/cdn.vox-cdn.com/uploads/chorus_asset/file/10272637/usa_today_10509362.jpg
000497.jpg,https://chillisgalore.co.uk/images/diary/2003/earlyjalapeno1.jpg
000498.jpg,https://static-blog.mypetchicken.com/wp-content/uploads/2015/08/MG_0578ahen.jpg
000499.jpg,https://seaspringplants.co.uk/wp-content/uploads/2016/02/Super-Tramp-web20cm-300x300.jpg
000500.jpg,https://www.smkw.com/media/catalog/product/cache/ce53e5931f12ba7d2cc972b9b0001982/h/r/hr302gpb.gif
000501.jpg,http://searchluke.info/wp-content/uploads/2018/02/rooster-spur-pepper-growing-rooster-spur-pepper.jpg
000502.jpg,https://www.howtoperu.com/wp-content/uploads/2019/06/spent-50-less-native.jpg
000503.jpg,https://i1.wp.com/www.studiomichaelino.com/wp-content/uploads/2016/09/HarvestStarTriofoW.jpg?w=240&h=240&crop=1&ssl=1
000504.jpg,https://1.bp.blogspot.com/-MdmbxS8dwxY/XbNH0ECiKYI/AAAAAAAANlk/9_xQfLtJL6IPuSaVbgr8FqRRLq2DfM7NQCNcBGAsYHQ/s320/20191023_163524.jpg
000505.jpg,http://thehotpepper.com/uploads/gallery/album_29/gallery_2730_29_70337.jpg
000506.jpg,https://upload.wikimedia.org/wikipedia/commons/thumb/d/de/HBO_logo.svg/1200px-HBO_logo.svg.png
000507.jpg,https://chillisgalore.co.uk/images/diary/2003/jalagiant2.jpg
000508.jpg,http://howstrange.me/wp-content/uploads/2019/07/rooster-spur-pepper-growing.jpg
000509.jpg,https://www.planetnatural.com/wp-content/uploads/2015/03/bullnose-pepper-215x215.jpg
000510.jpg,https://www.smkw.com/media/catalog/product/cache/ce53e5931f12ba7d2cc972b9b0001982/s/f/sf19251ds.jpg
000511.jpg,https://www.howtoperu.com/wp-content/uploads/2019/04/machu-picchu-ticket-native.jpg
000512.jpg,https://1.bp.blogspot.com/-sWasP-Agxno/XbNIillZjTI/AAAAAAAANl8/2etkwLL_fpUSFZEfeiaao1ZvvqtxGGuwQCNcBGAsYHQ/s320/20191023_163732.jpg
000513.jpg,https://i.ytimg.com/vi/URPPQi903ZY/maxresdefault.jpg
000514.jpg,https://image.shutterstock.com/image-photo/chillispicycayenne-pepper-chili-spur-long-260nw-616081973.jpg
000515.jpg,http://howstrange.me/wp-content/uploads/2019/07/rooster-spur-pepper-jimmy-sausage-recipe.jpg
000516.jpg,https://upload.wikimedia.org/wikipedia/commons/thumb/9/9a/Lakut_Suwanprasop%2C_Owner_of_Gold_Medal_Sriracha_Sauce.jpg/220px-Lakut_Suwanprasop%2C_Owner_of_Gold_Medal_Sriracha_Sauce.jpg
000517.jpg,https://i.ytimg.com/vi/5WnvnPjq2tc/maxresdefault.jpg
000518.jpg,http://searchluke.info/wp-content/uploads/2018/02/rooster-spur-pepper-secret-to-youth-spice-it-up-rooster-spur-pepper-seed.jpg
000519.jpg,https://www.howtoperu.com/wp-content/uploads/2019/04/bus-beating-air-native.jpg
000520.jpg,https://www.seedman.com/image/pep385.jpg
000521.jpg,http://3.bp.blogspot.com/-v1qzf2zIivM/UZvqsHGjoQI/AAAAAAAAHOY/SM8vfX_598M/s1600/DSCN5175.jpg
000522.jpg,https://www.howtoperu.com/wp-content/uploads/2019/04/secrets-native.jpg
000523.jpg,http://howstrange.me/wp-content/uploads/2019/07/rooster-spur-pepper-bulk-sale-seeds-plant-them-or-re-sell-sausage.jpg
000524.jpg,https://www.seedman.com/image/trn646.jpg
000525.jpg,https://www.howtoperu.com/wp-content/uploads/2019/04/gettting-from-lima-to-machu-picchu-native.jpg
000526.jpg,https://image.shutterstock.com/image-photo/white-cock-on-green-lawn-260nw-1397724440.jpg
000527.jpg,https://i.ytimg.com/vi/pTdXCVfGlPA/maxresdefault.jpg
000528.jpg,https://i.ytimg.com/vi/_QQZbi5jKXg/hqdefault.jpg
000529.jpg,https://3.bp.blogspot.com/-BrwV1Nhz9Do/V7xYLDEQBBI/AAAAAAAAHVE/pKGRcZCrXD83ElwJO5_VW6I_lVvSUEv9QCK4B/s1600/2.jpg
000530.jpg,https://upload.wikimedia.org/wikipedia/commons/thumb/4/4f/Tommy_Lee_Jones_2017.jpg/1200px-Tommy_Lee_Jones_2017.jpg
000531.jpg,https://i.ytimg.com/vi/wPVdbWJZook/maxresdefault.jpg
000532.jpg,https://www.seedsavers.org/site/img/seo-images/1467-rooster-spur-pepper-organic.jpg
000533.jpg,https://img0.etsystatic.com/031/0/7526380/il_570xN.512214444_gajr.jpg
000534.jpg,https://www.seaspringseeds.co.uk/images/stories/virtuemart/product/Rooster_Spur_4cecaf8a7f20e.jpg
000535.jpg,http://pics.davesgarden.com/pics/2009/03/29/melody/d68e75.jpg
000536.jpg,http://www.rareseeds.com/assets/1/14/DimLarge/Rooster-Spur-Pepper-Web.jpg
000537.jpg,https://www.pepperscale.com/wp-content/uploads/2017/08/rooster-spur-pepper.jpg
000538.jpg,http://www.rareseeds.com/assets/1/14/DimRegular/Hot-Pepper-Rooster-Spur-42910-BTS-DSC00235.jpg
000539.jpg,http://img0.etsystatic.com/044/0/7824311/il_570xN.530153286_jiet.jpg
000540.jpg,https://www.piedmontfarmandgarden.com/v/vspfiles/photos/PPP158-2.jpg
000541.jpg,https://pics.davesgarden.com/pics/2008/02/10/mysteriousgreenthumb/84f74d.jpg
000542.jpg,https://img0.etsystatic.com/039/0/7526380/il_570xN.512212276_peiv.jpg
000543.jpg,http://www.rareseeds.com/assets/1/14/DimRegular/HPP188-Rooster-Spur.jpg
000544.jpg,http://i1188.photobucket.com/albums/z414/Karl_Pappas/Phonpics248.jpg
000545.jpg,https://www.chileplants.com/images/chiles/rooster-spur-pepper-plants.jpg
000546.jpg,https://images-na.ssl-images-amazon.com/images/I/61WFm-UEIUL._SY300_QL70_.jpg
000547.jpg,https://pics.davesgarden.com/pics/2006/01/17/aries44/cf4383.jpg
000548.jpg,http://qscaping.com/Content/Images/Photos/F776-17.jpg
000549.jpg,https://www.pepperscale.com/wp-content/uploads/2017/08/rooster-spur-pepper-150x150.jpg
000550.jpg,http://i.ebayimg.com/images/i/231205864611-0-1/s-l1000.jpg
000551.jpg,http://cdn1.bigcommerce.com/server700/5mvrqhbm/products/1882/images/143710/rooster-spur-pepper__11176.1475552235.451.395.jpg
000552.jpg,http://i.ebayimg.com/images/g/MEQAAOSw3KFWgaTd/s-l300.jpg
000553.jpg,https://static.artfire.com/uploads/mfs/items/0a/78/large/0a781c5aa09b74916d19b76d78e9e883eec7fd15c5fe384f9eb0d98169081591.jpg
000554.jpg,https://img1.etsystatic.com/010/0/5732189/il_570xN.456044307_9pry.jpg
000555.jpg,https://pics.davesgarden.com/pics/2008/02/10/mysteriousgreenthumb/74c02f.jpg
000556.jpg,http://www.chilefoundry.com/wp-content/gallery/sea-spring-seeds-2010/roosterspur.jpg
000557.jpg,http://i870.photobucket.com/albums/ab262/roguejim/2014%20GLOG/IMG_20140720_121730_279_zpsbef569f5.jpg
000558.jpg,https://img1.etsystatic.com/025/0/7526380/il_570xN.512276537_nwcx.jpg
000559.jpg,http://www.seaspringseeds.co.uk/images/stories/peppers/friars%20hat.jpg
000560.jpg,https://cdn1.bigcommerce.com/server700/5mvrqhbm/products/1882/images/143710/rooster-spur-pepper__11176.1475552235.50.50.jpg
000561.jpg,https://img1.etsystatic.com/023/0/7526380/il_570xN.512277653_erkb.jpg
000562.jpg,http://farm4.staticflickr.com/3115/2843763588_f4aa1c6e45_z.jpg
000563.jpg,https://img0.etsystatic.com/028/0/7526380/il_340x270.509479006_bf2p.jpg
000564.jpg,https://www.planetnatural.com/wp-content/uploads/2017/04/buttercruch-lettuce-215x215.jpg
000565.jpg,https://www.planetnatural.com/wp-content/uploads/2017/04/red-express-cabbage-215x215.jpg
000566.jpg,https://img0.etsystatic.com/028/0/7526380/il_340x270.506752758_6k3t.jpg
000567.jpg,http://farm4.staticflickr.com/3543/3681852488_950a94c452_z.jpg
000568.jpg,https://3.bp.blogspot.com/-JPFmqY1aQZs/WavQso4DSVI/AAAAAAAAiT4/cLx9Dm99iL4in5tUPOg3U0z4DTQUjqq5gCLcBGAs/s1600/cayenne.jpg
000569.jpg,http://tangledbranches.com/blog/wp-content/uploads/2018/08/562887_339415909477329_2033679040_n_339415909477329-300x300.jpg
000570.jpg,https://c1.staticflickr.com/5/4138/4939051820_aff163c44c_b.jpg
000571.jpg,https://s-media-cache-ak0.pinimg.com/236x/1d/43/67/1d43670fb84bb3a8fac4cc61aca7deb0.jpg
000572.jpg,https://img0.etsystatic.com/011/0/7526380/il_340x270.448345428_1ud3.jpg
000573.jpg,http://www.erbeincucina.it/schede/roosterspur3.jpg
000574.jpg,http://www.chilipepper.de/pictures/galerie/ancho_gruppe_real_opt.jpg
000575.jpg,http://www.erbeincucina.it/schede/roosterspur2.jpg
000576.jpg,http://www.chilipepper.de/pictures/galerie/giant_thai_5_opt.jpg
000577.jpg,https://www.edenproject.com/shop/sites/default/files/styles/product_thumbnail__small_/public/Rooster-spur-chilli-seeds.jpg
000578.jpg,http://www.reimerseeds.com/Images/products/hotpepper/hotpepperR/Royal-Black-Peppers.jpg
000579.jpg,https://img.etsystatic.com/il/61aca6/1389195153/il_340x270.1389195153_3lkn.jpg
000580.jpg,https://img1.etsystatic.com/160/0/7824311/il_340x270.1120338199_obdm.jpg
000581.jpg,http://sun4living.com/wp-content/uploads/2014/08/IMG_9085-300x225.jpg
000582.jpg,https://thumb9.shutterstock.com/display_pic_with_logo/178635960/762294112/stock-photo-capsicum-annuum-cayenne-pepper-chili-spur-pepper-long-red-pepper-spur-pepper-an-outstanding-762294112.jpg
000583.jpg,http://4.bp.blogspot.com/_ILj063cmQsU/TCv45O0CDhI/AAAAAAAAACI/86N31aSephE/s1600/Spurs_Web.jpg
000584.jpg,https://i.pinimg.com/originals/68/0c/d6/680cd602c72560f48334471ef38752d0.jpg
000585.jpg,https://img0.etsystatic.com/175/2/6358066/il_340x270.1151022548_167q.jpg
000586.jpg,https://m.blog.hu/bu/budapestgerillagasztro/image/bellpepper_red.jpg
000587.jpg,https://static3.mypetchicken.com/images/chickenPix/large/Studio_Spurs_L.jpg
000588.jpg,http://www.reimerseeds.com/Images/products/hotpepper/hotpepperT/Thai-Giant-Peppers.jpg
000589.jpg,https://img1.etsystatic.com/124/0/12813357/il_340x270.1059928207_3kao.jpg
000590.jpg,https://img0.etsystatic.com/122/0/5447882/il_340x270.1044771722_7log.jpg
000591.jpg,https://img1.etsystatic.com/135/0/5315584/il_340x270.1093091989_8z0q.jpg
000592.jpg,http://www.reimerseeds.com/Images/products/hotpepper/hotpepperT/Takanotsume-Peppers.jpg
000593.jpg,http://www.tradewindsfruit.com/content/images/sunrise-scorpion-pepper2.jpg
000594.jpg,https://thumb7.shutterstock.com/display_pic_with_logo/182709064/792434041/stock-photo-cayenne-pepper-chili-spur-pepper-long-fed-pepper-spur-pepper-capsicum-annuum-linn-var-792434041.jpg
000595.jpg,https://img1.etsystatic.com/054/0/10202855/il_340x270.722608051_7lpu.jpg
000596.jpg,https://img1.etsystatic.com/134/1/12891350/il_340x270.1018317187_ilco.jpg
000597.jpg,https://img0.etsystatic.com/188/0/6155765/il_340x270.1268577214_4mi2.jpg
000598.jpg,https://3.bp.blogspot.com/-v1qzf2zIivM/UZvqsHGjoQI/AAAAAAAAHOY/SM8vfX_598M/s1600/DSCN5175.jpg
000599.jpg,https://img0.etsystatic.com/166/0/5161806/il_340x270.1173608290_krjg.jpg
000600.jpg,https://upload.wikimedia.org/wikipedia/commons/1/15/Serranochilis.jpg
000601.jpg,https://thumb9.shutterstock.com/display_pic_with_logo/177563032/656191126/stock-photo-cayenne-pepper-chili-spur-pepper-long-fed-pepper-spur-pepper-fresh-market-in-thailand-656191126.jpg
000602.jpg,https://cdn.shopify.com/s/files/1/0955/4450/products/surmeli1_large.jpg
000603.jpg,https://thumb7.shutterstock.com/display_pic_with_logo/162253476/779171131/stock-photo-close-up-african-spurred-tortoise-resting-in-the-garden-slow-life-africa-spurred-tortoise-779171131.jpg
000604.jpg,https://www.piedmontfarmandgarden.com/v/vspfiles/photos/PPP043-4.jpg
000605.jpg,https://www.piedmontfarmandgarden.com/v/vspfiles/photos/PPP097-2.jpg
000606.jpg,https://www.edenproject.com/shop/sites/default/files/styles/product_thumbnail__small_/public/Draky-chilli-pepper-seeds.jpg
000607.jpg,https://img0.etsystatic.com/201/0/14113803/il_340x270.1255608760_8jks.jpg
000608.jpg,http://www.seedsavers.org/site/img/SEO%20Images/0406-quadrato-asti-giallo-pepper-organic.jpg
000609.jpg,https://thumb7.shutterstock.com/display_pic_with_logo/161052454/1019507521/stock-photo-spur-winged-lapwing-1019507521.jpg
000610.jpg,https://www.spoonsandsneakers.com/wp-content/uploads/2018/09/photography-8-5-1024x768.jpg
000611.jpg,http://www.reimerseeds.com/Images/products/hotpepper/hotpepperP/Purple_Prince_Hot_Peppers_Seeds.jpg
000612.jpg,https://thumb7.shutterstock.com/display_pic_with_logo/162253476/1023143575/stock-photo-african-spurred-tortoise-at-burrow-entrance-geochelone-sulcata-in-hollow-the-african-spurred-1023143575.jpg
000613.jpg,https://thumb1.shutterstock.com/display_pic_with_logo/347803/222074668/stock-photo-riding-spur-on-white-background-222074668.jpg
000614.jpg,http://3.bp.blogspot.com/-i_n7QmCilQc/TY9Jm22AAwI/AAAAAAAAE4o/nFXRFGSvREY/s1600/IMG_2235.jpg
000615.jpg,http://st.hzcdn.com/simgs/855130d007eeafa5_4-7199/rustic-salt-and-pepper-shakers-and-mills.jpg
000616.jpg,http://3.bp.blogspot.com/-9oZhAZBEtfg/TY9KXBvirWI/AAAAAAAAE5g/gkILXstb7DU/s1600/IMG_2256.jpg
000617.jpg,https://c8.alamy.com/comp/HW0TG1/a-scuba-diver-explores-the-groove-and-spur-coral-formations-at-cypress-HW0TG1.jpg
000618.jpg,https://thumb1.shutterstock.com/display_pic_with_logo/2775364/344043560/stock-photo-x-ray-image-of-calcaneus-shows-heel-spur-syndrome-oblique-view-344043560.jpg
