image,source
000001.jpg,https://www.cayennediane.com/wp-content/uploads/Sandia.jpg
000002.jpg,https://cdn.shopify.com/s/files/1/0871/0950/files/hatch-chile-seeds.jpg?v=1488574228
000003.jpg,https://www.superhotchiles.com/wp-content/uploads/2018/04/NuMex-Sandia-Pepper-Seeds.jpg
000004.jpg,https://cdn1.bigcommerce.com/server700/5mvrqhbm/products/1847/images/151281/sandia_pepper_350__75479.1549997297.451.395.jpg?c=2
000005.jpg,https://www.chilipeppermadness.com/wp-content/uploads/2019/09/Sandia-Pepper.jpg
000006.jpg,https://cdn.shopify.com/s/files/1/0871/0950/files/pepper-seeds-for-sale.jpg?v=1484074741
000007.jpg,https://www.pepperseeds.eu/pub/media/catalog/product/cache/b56a9049443cfaeedfe24666b14227c1/c/h/chili_seeds_numex_sandia.jpg
000008.jpg,https://images-na.ssl-images-amazon.com/images/I/5138Jm8-FoL.jpg
000009.jpg,https://edge.bonnieplants.com/www/uploads/20180920004009/sandia-hot-pepper.jpg
000010.jpg,https://davesgarden.com/guides/pf/thumbnail.php?image=2010/01/05/JenGro65/2fae8c.jpg&widht=700&height=312
000011.jpg,https://www.superhotchiles.com/wp-content/uploads/2018/04/Nu-Mex-Sandia-Select-Chile-Seeds.jpg
000012.jpg,https://www.chileplants.com/images/chiles/sandia-pepper-plants.jpg
000013.jpg,https://cdn.shopify.com/s/files/1/0871/0950/products/NuMexSandiaSelectWaterWeb_1024x1024.jpg?v=1549405341
000014.jpg,http://cdn.shopify.com/s/files/1/0784/3297/products/Sandia_Hot_Chile_grande.jpg?v=1453154517
000015.jpg,https://images-na.ssl-images-amazon.com/images/I/515G7fmawSL._SX425_.jpg
000016.jpg,https://www.gourmetseed.com/image/cache/catalog/products/S/sandia_pepper-1024x1024.jpg
000017.jpg,https://cdn.shopify.com/s/files/1/0871/0950/products/Goat-Horn-Peppers-Seeds-sandia-seed_1024x1024.jpg?v=1548196251
000018.jpg,https://www.westwindseeds.com/v/vspfiles/photos/peph-070-2.jpg
000019.jpg,https://cdn.shopify.com/s/files/1/1523/7044/products/SandiaSelect_large.jpg?v=1475912602
000020.jpg,https://images-na.ssl-images-amazon.com/images/I/61%2BvCbZIkPL._SX425_.jpg
000021.jpg,https://www.gannett-cdn.com/-mm-/648bf38138ac6a50e541be5fd6a1dcff11246b97/c=0-216-2473-1613/local/-/media/2016/01/14/TXNMGroup/LasCruces/635883972040023430-NuMex-Chile.jpg?width=3200&height=1680&fit=crop
000022.jpg,https://cdn10.bigcommerce.com/s-ji1ms5/products/969/images/6528/P6813__53051.1444301561.1280.1280.jpg?c=2
000023.jpg,https://cmkt-image-prd.global.ssl.fastly.net/0.1.0/ps/4149446/910/512/m2/fpnw/wm1/cqb2f4v6judy8dr2midqofpvhtjnthws46bv4lt3p0hjri7iprk4khqgzbhutgfz-.jpg?1521362154&s=c77a1c7ba15b0149495f970b47aa1494
000024.jpg,http://newscenter.nmsu.edu/Photos/get/6435/full/NuMex.jpg
000025.jpg,https://image.ibb.co/bWNgxc/Hot_pepper_harvest.jpg
000026.jpg,http://www.lakevalleyseed.com/wp-content/uploads/2016/12/237-Pepper-Sandia-web-big-217x300.jpg
000027.jpg,https://i.pinimg.com/originals/d4/a4/18/d4a418dc272c7c9c0ac2b23d52299666.jpg
000028.jpg,https://img.goldbelly.com/uploads/product_image/image/12750/fresh-hatch-green-chiles-hot.8943da6cfde53ee799192a5bb15249dc.jpg?ixlib=rails-3.0.2&w=258&h=258
000029.jpg,https://www.madeinnewmexico.com/media/catalog/product/cache/1/image/9df78eab33525d08d6e5fb8d27136e95/1/8/18-decorated-ristra.jpg
000030.jpg,https://i.ebayimg.com/images/g/kToAAOSw5cNYh8rj/s-l300.jpg
000031.jpg,https://www.fataliiseeds.net/wp-content/uploads/fromoldsite/sandia-640x640.jpg
000032.jpg,https://www.chilliseedbank.com.au/media/catalog/product/cache/image/265x265/0f3e1646ecda558b57e1ecc136e0eef6/s/a/sandia_chile.jpg
000033.jpg,https://upload.wikimedia.org/wikipedia/commons/9/9b/Hatch_green_chile.jpg
000034.jpg,https://www.oscseeds.com/wp-content/uploads/2018/12/osc1923-1024x1024.jpg
000035.jpg,https://cdn.shopify.com/s/files/1/0871/0950/products/redbhutjolokia2_1024x1024.jpg?v=1548800674
000036.jpg,http://www.focusnewmexico.com/images/variety.jpg
000037.jpg,https://edge.bonnieplants.com/www/uploads/20180920002209/lunchbox-red-pepper.jpg
000038.jpg,https://st4.depositphotos.com/3147771/19603/i/1600/depositphotos_196038464-stock-photo-hatch-sandia-chile-pepper-ripe.jpg
000039.jpg,https://s3.amazonaws.com/mygardenlife.com/plant-library/full/7269_1.jpg
000040.jpg,https://www.chilipeppermadness.com/wp-content/uploads/2019/02/Big-Jiim-Chili-Peppers2.jpg
000041.jpg,https://i.pinimg.com/originals/fb/2c/61/fb2c616fa27d8b0dd2137fb40f293619.jpg
000042.jpg,https://c8.alamy.com/comp/MNCXBX/hatch-sandia-chile-pepper-halves-ripe-red-top-view-capsicum-annuum-numex-new-mexican-pod-type-MNCXBX.jpg
000043.jpg,http://www.ecoseeds.com/PEPPER20.JPG
000044.jpg,https://www.denverpost.com/wp-content/uploads/2016/05/20120419__20120422_E10_TR22HATCHp1.jpg?w=600
000045.jpg,https://i.etsystatic.com/8657432/r/il/37198b/1714497351/il_570xN.1714497351_lp4z.jpg
000046.jpg,https://sierravistagrowers.net/sites/default/files/Untitled-1%20copy.jpg
000047.jpg,https://www.madeinnewmexico.com/media/catalog/product/cache/1/image/9df78eab33525d08d6e5fb8d27136e95/2/4/24-inch-sandia-ristra.jpg
000048.jpg,https://i1.wp.com/www.ledgrowlightshq.co.uk/wp-content/uploads/Sandia-day-96-2.jpg?resize=1067%2C800
000049.jpg,https://previews.123rf.com/images/maxsol7/maxsol71803/maxsol7180300045/98875847-numex-sandia-chile-peppers-nm-hatch-chili-.jpg
000050.jpg,https://cdn-image.foodandwine.com/sites/default/files/hatch-chiles-xl-blog0617.jpg
000051.jpg,https://preview.ibb.co/cUUBxc/Pepper_Harvest_IMG_6342.jpg
000052.jpg,https://www.pepperworldhotshop.com/out/pictures/master/product/1/numex_sandia_sc117_1.jpg
000053.jpg,https://static.wixstatic.com/media/d1612d_eb312517ecc84c61b3d6ba073b7b247c~mv2.jpg/v1/fill/w_400,h_400,al_c,lg_1,q_80/hatch-harvest_edited.webp
000054.jpg,https://www.chili-shop24.com/media/image/7f/15/4c/9196_NuMex-Sandia_600x600.jpg
000055.jpg,https://pantrygardenherbs.com/wp-content/uploads/2016/12/Pepper-Bhut-Jolokia-sandia-seed-co-2-e1485385771753.jpg
000056.jpg,https://hatch-chile-peppers.com/wp-content/uploads/2016/07/hatch-chile-peppers-650.jpg
000057.jpg,https://heritageseedmarket.com/wp-content/uploads/2016/07/sandia-ripe-BHS.jpg
000058.jpg,http://i.imgur.com/vgnJuvw.jpg
000059.jpg,https://share-ng.sandia.gov/news/resources/news_releases/images/2012/food_peppers.jpg
000060.jpg,https://i1.wp.com/iamnm.com/wp-content/uploads/2015/04/Cayenne-Pepper.jpg?resize=592%2C444&ssl=1
000061.jpg,https://cdn11.bigcommerce.com/s-cg0adf/images/stencil/1280x1280/products/1087/2703/Numex_Sandia__87503.1521487221.png?c=2&imbypass=on
000062.jpg,https://fivethirtyeight.com/wp-content/uploads/2014/10/ap10092918710.jpg?w=575
000063.jpg,https://www.pepperscale.com/wp-content/uploads/2014/10/hot-pepper-list-768x511.jpeg
000064.jpg,https://cdn.shopify.com/s/files/1/0871/0950/products/Green-Chile-Seeds-Barkers-Hot-Pepper_787b4c92-ce23-42f1-9dd7-9e79fcbba159_1024x1024.jpg?v=1543357846
000065.jpg,https://pics.davesgarden.com/pics/2010/01/05/JenGro65/2fae8c.jpg
000066.jpg,https://c.shld.net/rpx/i/s/pi/mp/10160405/prod_8774364432?src=http%3A%2F%2Fd8images.com%2Fimages%2Flawn_garden%2FNDAB0066RISMI.jpg&d=d02278655126f799b113e2514fe8bc93ff7b5b28&?hei=64&wid=64&qlt=50
000067.jpg,https://i.pinimg.com/originals/09/46/e5/0946e5d780811b9594ed8ff8cb18617b.jpg
000068.jpg,https://werd509.files.wordpress.com/2014/11/wp_20141012_003.jpg
000069.jpg,https://www.secospice.com/content/images/chile_poster_1(2).jpg
000070.jpg,https://ssl.c.photoshelter.com/img-get/I0000ees1fhPBs8g/s/750/750/Hot-Peppers-36350.jpg
000071.jpg,http://i.imgur.com/7XYy3i6.jpg
000072.jpg,https://nicksgardencenter.com/wp-content/uploads/2019/06/apache.jpg
000073.jpg,https://www.chilipeppermadness.com/wp-content/uploads/2013/09/Espanola-Pepper.jpg
000074.jpg,https://c8.alamy.com/comp/M9Y197/green-chili-pepper-slices-or-rings-sliced-numex-nm-hatch-chiles-clipping-paths-M9Y197.jpg
000075.jpg,https://pantrygardenherbs.com/wp-content/uploads/2017/01/Pepper-Carolina-Reaper-Sandia-Seed-Co.jpg
000076.jpg,http://resizer.shared.arcpublishing.com/_TtUMp1uI2ZijHVxCTo1ymr0s_Q=/arc-anglerfish-arc2-prod-bonnier/public/HJI2AK2MBFL7ZVP3Z6J52LHEJM.jpg
000077.jpg,https://thumbs.dreamstime.com/b/numex-sandia-select-chile-peppers-c-annuum-green-clipping-path-each-numex-sandia-green-chiles-paths-112007952.jpg
000078.jpg,https://www.thespruceeats.com/thmb/8BhgzxHDta2ggZq8AQaQPdRHlfA=/725x482/filters:no_upscale():max_bytes(150000):strip_icc()/GettyImages-186590319-5c6b302f46e0fb0001b35dd6.jpg
000079.jpg,https://cdn.shopify.com/s/files/1/2214/9001/products/sandia_300x300.jpg?v=1528160087
000080.jpg,https://farm4.staticflickr.com/3005/2651919216_9b1f37885a_z.jpg?zz=1
000081.jpg,https://edge.bonnieplants.com/www/uploads/20180920004028/anaheim-hot-pepper-480x360.jpg
000082.jpg,https://static.wixstatic.com/media/139de8_0ba844a1bd99427bb8e84fefa357bcf1~mv2.jpg/v1/fill/w_630,h_883,al_c,q_85,usm_0.66_1.00_0.01/139de8_0ba844a1bd99427bb8e84fefa357bcf1~mv2.jpg
000083.jpg,https://shopcart.nmsu.edu/shopcontent/15/numexlascrucescayenne.jpg
000084.jpg,https://www.mexicanplease.com/wp-content/uploads/2019/09/Hatch-Green-Chiles.jpg
000085.jpg,https://pics.me.me/peppers-ad-i-world-sandia-seed-mpany-a-new-and-38505523.png
000086.jpg,https://mjskitchen.com/wp-content/uploads/2011/09/RedGreenWeb.jpg
000087.jpg,https://www.krismcg.com/uploads/2/0/0/1/20012655/5141971_orig.jpg
000088.jpg,https://www.cayennediane.com/wp-content/uploads/Spanish-Naga-300x300.jpg
000089.jpg,https://www.tripsavvy.com/thmb/hycY31z5N39iqflPgeKj15LkvAc=/2121x1414/filters:fill(auto,1)/GettyImages-638984756-59744d2d22fa3a001069bfe2.jpg
000090.jpg,https://images.fineartamerica.com/images-medium-large-5/sandia-chile-ristras-richard-and-ellen-thane.jpg
000091.jpg,https://25wxih3lxatn2okzkn1cr69o-wpengine.netdna-ssl.com/wp-content/uploads/16_07231-copy-1024x684.jpg
000092.jpg,http://www.ecoseeds.com/PEPPER21.JPG
000093.jpg,http://sandiachile.bravesites.com/files/resized/104724/470;351;c6e25dc83562ec7a4385a0471b13aef86171adfa.jpg
000094.jpg,https://pbs.twimg.com/media/CprvoOnWgAAYwIz.jpg
000095.jpg,https://d3el53au0d7w62.cloudfront.net/wp-content/uploads/2017/09/10/educ_jd_11sep_chile2-400x262.jpg
000096.jpg,https://scontent-frt3-1.cdninstagram.com/v/t51.2885-15/e15/c0.90.720.720a/s320x320/67730128_484730928984388_3246438918413372767_n.jpg?_nc_ht=scontent-frt3-1.cdninstagram.com&oh=e665c0d6e5eeb4509b72f518525f72e2&oe=5E12DB32&ig_cache_key=MjExNTYwMjQwMzQ3MzYwMTk3NQ%3D%3D.2.c
000097.jpg,https://chewtheworld.com/wp-content/uploads/2016/06/gochugaru-substitute-sandia-pepper.jpg
000098.jpg,http://www.freshplaza.com/2017/0721/Nu_Mex_Sandia_1-1024x1024.jpg
000099.jpg,https://static.wixstatic.com/media/d1612d_6b2f956ea4b246dc96ed5a9c80a68368~mv2.jpg/v1/fill/w_273,h_268,fp_0.50_0.50,q_90/d1612d_6b2f956ea4b246dc96ed5a9c80a68368~mv2.jpg
000100.jpg,https://i.ytimg.com/vi/E6izr8tJznI/hqdefault.jpg
000101.jpg,https://cdn11.bigcommerce.com/s-bd54d/images/stencil/2048x2048/products/39/418/12_inch_ristra__13271.1565231598.jpg?c=2
000102.jpg,https://www.gannett-cdn.com/presto/2019/07/28/PNM2/f79d6121-22d2-42ac-9e87-b3c667a86320-AP19206613793808.jpg?width=540&height=&fit=bounds&auto=webp
000103.jpg,https://i1.wp.com/www.ledgrowlightshq.co.uk/wp-content/uploads/Sandia-day-96-3.jpg?resize=1067%2C800
000104.jpg,https://cdn.shopify.com/s/files/1/1523/7044/products/Sandia_large.jpg?v=1475912500
000105.jpg,https://cdn1.bigcommerce.com/server700/5mvrqhbm/products/963/images/148221/new_mexico_pepper__37964.1515433342.1280.1280.JPG?c=2
000106.jpg,https://static.wixstatic.com/media/139de8_fc9ce7e2355e4cdba64d1c3c6bd6f384~mv2_d_1700_2200_s_2.jpg
000107.jpg,https://unclewaynestomatoes.com/sites/default/files/Espanola%20IMG_1513.JPG
000108.jpg,http://cosebuone.info/wp-content/uploads/2019/07/hatch-chile-seeds-green.jpg
000109.jpg,http://25wxih3lxatn2okzkn1cr69o-wpengine.netdna-ssl.com/wp-content/uploads/16_07169-copy-300x278.jpg
000110.jpg,https://www.seedsbydesign.com/_ccLib/image/plants/THUM-1918.jpg
000111.jpg,https://dta0yqvfnusiq.cloudfront.net/tortillaflats/2017/06/TotillaFlats-ChileSauce-Blog-59443eba0887c.jpg
000112.jpg,https://www.superhotchiles.com/wp-content/uploads/2018/04/Piment-De-Espelette-Chile-Plants-300x225.jpg
000113.jpg,https://cdn.shopify.com/s/files/1/0784/3297/products/Anaheim-Chile-Six-Seven-Inches_large.jpg?v=1452617353
000114.jpg,http://www.dave-dewitt.com/wp-content/uploads/2014/02/Sandia-236x300.jpg
000115.jpg,https://nicksgardencenter.com/wp-content/uploads/2019/06/jalaps.jpg
000116.jpg,https://cdn.shopify.com/s/files/1/0871/0950/products/santa-fe-peppers-seeds_1024x1024.jpg?v=1543962521
000117.jpg,https://i0.wp.com/denvergreenchili.com/wp-content/uploads/2012/04/SandiaChiles1-240x200.jpg
000118.jpg,https://img-aws.ehowcdn.com/350x235p/s3-us-west-1.amazonaws.com/contentlab.studiod/getty/769d9df2870e48c1a68bc757014108f4.jpg
000119.jpg,https://i.etsystatic.com/8657432/r/il/a634b5/1714497245/il_794xN.1714497245_3o04.jpg
000120.jpg,https://st.hzcdn.com/fimgs/a172a23004cb407e_8718-w240-h320-b0-p0--.jpg
000121.jpg,https://www.madeinnewmexico.com/media/catalog/product/cache/1/image/9df78eab33525d08d6e5fb8d27136e95/3/_/3_hots_1.jpg
000122.jpg,https://macore.com/categories/stream_tag/B3V2770.jpg
000123.jpg,https://i.pinimg.com/originals/bf/48/aa/bf48aa794e23c0d17c72171d91dccf46.jpg
000124.jpg,https://pdtimg-vcdn.1outlets.com/img-vCDN/sem3-idn.s3-website-us-east-1.amazonaws.com/983df9a9245ccd08c7cd56e299b92e28,0.jpg.jpg
000125.jpg,https://www.chilipeppermadness.com/wp-content/uploads/2019/09/Temp-Pepper-Types.jpg
000126.jpg,https://img-aws.ehowcdn.com/600x600p/photos.demandstudios.com/getty/article/88/29/86537829_XS.jpg
000127.jpg,https://www.rareseeds.com/assets/1/14/DimRegular/Fish-Pepper.jpg
000128.jpg,https://www.meijer.com/content/dam/meijer/product/0071/53/3943/21/0071533943210_0_A1C1_1200.png
000129.jpg,https://www.cayennediane.com/wp-content/uploads/Barkers-Hot-pepper-300x300.jpg
000130.jpg,https://shellsfeed.com/wp-content/uploads/2019/06/705641992126.jpg
000131.jpg,http://bizjournals.co/wp-content/uploads/2019/04/hatch-green-seeds-best-hot-pepper-images-on-for-sale-chile-can-you-eat.jpg
000132.jpg,https://edge.bonnieplants.com/www/uploads/20180920003546/New-Mexico-6-4L-v1.jpg
000133.jpg,http://www.ecoseeds.com/pepper13.JPG
000134.jpg,https://sandia.gov/plato3d/_assets/images/Light-2.png
000135.jpg,https://www.picclickimg.com/d/l400/pict/233318066853_/100-New-Mexico-Sandia-Pepper-Seeds%C2%A0-Free-Shipping.jpg
000136.jpg,https://c.shld.net/rpx/i/s/pi/mp/10160405/prod_8775024632?src=http%3A%2F%2Fd8images.com%2Fimages%2Flawn_garden%2FNDAB00A1DECGE.jpg&d=693bcf46c943857aa347674c330768f836a140e4&?hei=64&wid=64&qlt=50
000137.jpg,https://aces.nmsu.edu/pubs/_h/H240/images/Fig_01_peppers.jpg
000138.jpg,https://www.mexicanplease.com/wp-content/uploads/2019/09/Hatch-Green-Chiles-from-New-Mexico.jpg
000139.jpg,https://bloximages.chicago2.vip.townnews.com/eacourier.com/content/tncms/assets/v3/editorial/3/2f/32f07606-ebf0-11e1-a027-001a4bcf887a/503427a11ae24.image.jpg
000140.jpg,https://pantrygardenherbs.com/wp-content/uploads/2017/01/Pepper-Peruvian-White-Lightning-sandia-seed-e1484700638329.jpg
000141.jpg,https://static.wixstatic.com/media/d1612d_e5e62667503541c79a7f2ff2c612521d~mv2.jpg/v1/fill/w_380,h_520,al_c,lg_1,q_80/hatch.webp
000142.jpg,https://alibi.com/image_size/sizer.php?filename=%2Fusers%2Fnucity%2Fpublic_html%2Ftest.alibi.com%2Fhelios2%2Fuploads%2Fevent-219161%2Ffiya.jpg&height=1280&image_height=746&image_width=560&width=960
000143.jpg,https://live.staticflickr.com/7553/15663554766_c0507b6fbc_b.jpg
000144.jpg,http://www.citybuyz.com/wp-content/uploads/2017/07/Roasting-Red-579x579.jpg
000145.jpg,https://pueblochile.org/newsite/wp-content/uploads/2018/10/colorado_pueblo-chile-and-frijoles-festival_qvtbjj8xgnyym5ck4hi3_w970-1-498x238.jpg
000146.jpg,https://www.sandiacasino.com/wp-content/uploads/2019/09/1920x1080_AsianCuisine.jpg
000147.jpg,https://pbs.twimg.com/media/CprvoOnXEAEUDQt.jpg
000148.jpg,https://barefeetinthekitchen.com/wp-content/uploads/2019/04/2019-Princess-Cruises-Sandia-En-Fuego-4-1-of-1.jpg
000149.jpg,https://s2.dmcdn.net/dAL5J/x240-7ap.jpg
000150.jpg,https://d3el53au0d7w62.cloudfront.net/wp-content/uploads/2016/03/19/life07_jd_13mar_1chile_CMYK-485x600.jpg
000151.jpg,https://s3.envato.com/files/242932857/Capsicum%20Annuum%20leaves%20-%20USA%20copy.jpg
000152.jpg,https://www.santafehoney.com/uploads/2/3/5/4/23541888/s768674400834717788_p31_i5_w2000.jpeg
000153.jpg,https://www.tripsavvy.com/thmb/xFTWdI441tdCngOnCbeJpHFIfq8=/350x0/filters:no_upscale():max_bytes(150000):strip_icc()/serrano-chiles-597a1be6af5d3a0011a56435.jpg
000154.jpg,http://ecx.images-amazon.com/images/I/41YXNtz7-WL._SL960_AA960_.jpg
000155.jpg,https://www.sheknows.com/wp-content/uploads/2018/08/kgtpeklbu7ewbwezjjji.jpeg?w=695&h=391&crop=1
000156.jpg,https://cookingripe.files.wordpress.com/2012/09/calavacitas-015.jpg
000157.jpg,https://static.wixstatic.com/media/139de8_5b317df64be1439e921bf8387310e268~mv2.jpg/v1/fill/w_632,h_903/139de8_5b317df64be1439e921bf8387310e268~mv2.jpg
000158.jpg,http://alexandergarcia.co/wp-content/uploads/2019/06/hatch-green-chile-seeds-hatch-pepper-seeds-hatch-green-hatch-green-chile-seeds-australia.jpg
000159.jpg,http://regiohochzeit.info/wp-content/uploads/2019/05/new-seeds-holy-trinity-3-pack-mexico-chili-peppers-dried.jpg
000160.jpg,https://i.ytimg.com/vi/GBaej8KmIi4/hqdefault.jpg
000161.jpg,http://acimgroup.info/wp-content/uploads/2019/01/hatch-green-chile-seeds-hot-pepper-seeds-green-seeds-hatch-seeds-hatch-red-hatch-green-chile-seeds-australia.jpg
000162.jpg,https://cdn11.bigcommerce.com/s-bd54d/images/stencil/2048x2048/products/53/414/natristra_24__90426.1564535129.jpg?c=2
000163.jpg,https://media-cdn.tripadvisor.com/media/photo-s/09/43/a2/49/santa-fe-honey-salon.jpg
000164.jpg,https://www.beeflovingtexans.com/wp-content/uploads/2017/08/Beef-Hatch-Roll-Ups-plated-1000x650.jpg
000165.jpg,http://res.cloudinary.com/simpleview/image/upload/v1499443789/clients/albuquerque/mm_ristra_151_d62ab2dc-85fd-4d2d-9588-0ee76d6cede5.jpg
000166.jpg,http://www.chileriver.com/images/grchile.jpg
000167.jpg,https://st.hzcdn.com/fimgs/03d216be04cb41a8_3052-w240-h320-b0-p0--.jpg
000168.jpg,https://cdn.thingiverse.com/renders/a9/c3/be/64/7f/853b832e207617271423742f17eeb7dd_preview_featured.jpeg
000169.jpg,https://nicksgardencenter.com/wp-content/uploads/2019/06/cayenne.jpg
000170.jpg,https://www.thespruceeats.com/thmb/n52lY4cLVTA3a9ZrOX_kaNO0Sk0=/724x483/filters:no_upscale():max_bytes(150000):strip_icc()/GettyImages-171319124-5c6b30d446e0fb00019172ec.jpg
000171.jpg,https://www.seriouseats.com/2018/03/20160707-mexican-pantry-guajillo-vicky-wasik-2-1500x1125.jpg
000172.jpg,http://i111.photobucket.com/albums/n160/bgpadios/CzechoslovakianBlack8-2-11.jpg
000173.jpg,https://scontent-lax3-1.cdninstagram.com/vp/b43f7c5cb2a48b60085ecd0bfdca9ada/5E252274/t51.2885-15/e15/c0.90.720.720a/s640x640/69769302_471026163497470_812636899540410021_n.jpg?_nc_ht=scontent-lax3-1.cdninstagram.com&_nc_cat=110
000174.jpg,https://images-na.ssl-images-amazon.com/images/I/51cuLe8TQpL.jpg
000175.jpg,http://sandiachile.bravesites.com/files/resized/104725/726;542;8b21a37e196661cf49258de251d26c1901f20dfa.jpg
000176.jpg,https://goodmotherdiet.files.wordpress.com/2014/08/hot-pepper-flakes7.jpg
000177.jpg,http://www.ijdesign.com/blog/wp-content/uploads/2015/11/Screen-Shot-2015-11-11-at-9.39.37-AM.png
000178.jpg,https://c8.alamy.com/comp/AHN69F/sandia-chilli-strings-new-mexico-AHN69F.jpg
000179.jpg,https://macore.com/categories/stream_tag/EB2V2770.jpg
000180.jpg,https://cdn.shopify.com/s/files/1/0871/0950/products/Aji-Lemon-Pepper-Seeds_1024x1024.jpg?v=1548196202
000181.jpg,http://mrigayadham.co/wp-content/uploads/2018/10/hatch-green-chile-seeds-green-seeds-from-hatch-chili-seeds-hatch-green-chile-seeds-for-sale.jpg
000182.jpg,https://snworksceo.imgix.net/tdl/ba942b89-37ef-4194-b6ed-e9ee4dd80338.sized-1000x1000.jpg?w=1000
000183.jpg,https://untappd.akamaized.net/site/assets/images/temp/badge-beer-default.png
000184.jpg,https://scontent-frt3-2.cdninstagram.com/v/t51.2885-15/e35/c257.0.565.565a/s320x320/66652938_2300109636752403_5779941714763126804_n.jpg?_nc_ht=scontent-frt3-2.cdninstagram.com&oh=f1c7c1e6ac024ad4381676d1bfcc1f2b&oe=5DD979C0&ig_cache_key=MjEwNzU0Mzc0OTM1ODcxMjUwNw%3D%3D.2.c
000185.jpg,https://www.spicesinc.com/Images/product/medium/1938.jpg
000186.jpg,https://i.ytimg.com/vi/fhbRma9EZx8/hqdefault.jpg
000187.jpg,https://www.fiestaspices.com/wp-content/uploads/2016/07/10272.jpg
000188.jpg,http://alkalinehealthandbeauty.co/wp-content/uploads/2019/04/anaheim-pepper-plant-pepper-seeds.jpg
000189.jpg,http://www.abqyav.com/uploads/1/0/3/3/103314898/picfxfile_2.jpg
000190.jpg,https://i.pinimg.com/originals/a5/f4/d5/a5f4d54bd25de36858ee486a918acdcc.png
000191.jpg,http://img0024.psstatic.com/154040877_amazoncom-organic-numex-sandia-chile-pepper---50-seeds-.jpg
000192.jpg,https://www.seedsbydesign.com/_ccLib/image/plants/THUM-2001.jpg
000193.jpg,https://i0.wp.com/denvergreenchili.com/wp-content/uploads/2012/04/Hatch-Hot-1-200x2451.jpg?resize=200%2C245
000194.jpg,https://images-na.ssl-images-amazon.com/images/I/517RB9Fbh9L.jpg
000195.jpg,https://www.chilipeppermadness.com/wp-content/uploads/2019/09/Sonoran-Peppers.jpg
000196.jpg,https://chettys.com/wp-content/uploads/2017/11/Scoville-Chart-1024x608.jpg
000197.jpg,https://farm5.static.flickr.com/4095/4887408688_5371992b4e_b.jpg
000198.jpg,https://dta0yqvfnusiq.cloudfront.net/tortillaflats/2017/06/roberta-sorge-127446-593b03820f63d.jpg
000199.jpg,https://www.smallfootprintfamily.com/wp-content/uploads/blossom-end-rot.jpg
000200.jpg,https://live.staticflickr.com/7311/13118686545_992dd460c7_b.jpg
000201.jpg,http://kochegarov.info/wp-content/uploads/2019/05/lunchbox-orange-bell-sweet-pepper-seeds-in-sri-lanka-mini.jpg
000202.jpg,https://www.superhotchiles.com/wp-content/uploads/2018/04/Kostadinov-Striated-Pepper-seeds-300x225.jpg
000203.jpg,https://patch.com/img/cdn/users/190189/2011/09/raw/62401450d42d1f6a7f4472105a7e0697.jpg
000204.jpg,https://www.maukisunfarm.com/wp-content/uploads/2018/02/IMG_20180213_110043-1.jpg
000205.jpg,https://www.mexicanplease.com/wp-content/uploads/2019/09/Roasted-Hatch-Chile-Salsa-3.jpg
000206.jpg,https://pueblochile.org/newsite/wp-content/uploads/2016/08/pueblochile-img1.jpg
000207.jpg,https://www.researchgate.net/profile/Gurjinder_Baath/publication/303831728/figure/tbl2/AS:667943511810050@1536261551094/to-flowering-of-five-chile-pepper-cultivars-under-the-effect-of-different-salinity-levels.png
000208.jpg,https://mjskitchen.com/wp-content/uploads/2011/09/RedGreenSinglesWeb.jpg
000209.jpg,https://www.madeinnewmexico.com/media/catalog/product/cache/1/small_image/280x/9df78eab33525d08d6e5fb8d27136e95/1/2/12-inch-sandia-2.jpg
000210.jpg,http://stroyka.co/wp-content/uploads/2019/04/hatch-green-chile-seeds-wwwsandiacom-s-hatch-green-chile-sunflower-seeds.jpg
000211.jpg,https://www.sandia.gov/cities/_assets/images/features/food.jpg
000212.jpg,http://junglemodern.co/wp-content/uploads/2019/06/bell-pepper-seeds-can-eat-bell-pepper-seeds-chickens-eat-bell-pepper-seeds-bell-pepper-seeds-turning-brown.jpg
000213.jpg,https://cdn.videosofproducts.com/products/videos/thumbnails/B01N6NTO2W.jpg
000214.jpg,https://i1.wp.com/sunsetsewanee.wpengine.com/wp-content/uploads/2017/09/Dried-Red-Sandia-Ristra-400x600.jpg?resize=650%2C975
000215.jpg,https://thamesandhudson.com/media/catalog/product/cache/93642dc84a5997d49cee91e7cb73e92f/9/7/9780500021835_in09_an-anarchy-of-chillies.jpg
000216.jpg,https://www.rareseeds.com/assets/1/14/DimRegular/Pepper-Fish-Pepper-2090.jpg
000217.jpg,https://i.ytimg.com/vi/DcMrsK10jKg/maxresdefault.jpg
000218.jpg,https://barefeetinthekitchen.com/wp-content/uploads/2019/04/2019-Princess-Cruises-Sandia-En-Fuego-1-1-of-1-1024x731.jpg
000219.jpg,https://aces.nmsu.edu/pubs/_h/H240/images/Fig_02_bells.jpg
000220.jpg,https://www.cayennediane.com/wp-content/uploads/Hungarian-Wax-Pepper-300x300.jpg
000221.jpg,https://media.istockphoto.com/photos/risras-of-sandia-chili-drying-on-a-porch-picture-id464481984
000222.jpg,https://www.airbnb.com/google_place_photo?photoreference=CmRaAAAAN3_JPIcT7AVFiIZNOH5lAx-pBl45vXFwvoxnA6QtDJ9RADfoL36olcri3OCFonifiRvOxpO9hgwIJO3L4knuB_Sgca7qFZQ7fuzv2fhszj8Cxg2i9BzkjenL4buagAuWEhC11Y53PfPidrhkgxhLlyzuGhT5CgSTU_kH5WTEhXcdRlQPW3aY1A&maxwidth=800&maxheight=800&place_id=1795876
000223.jpg,https://scontent-lax3-1.cdninstagram.com/vp/a5e6ef62411b191751d228fdf322b058/5DDD1929/t51.2885-15/e35/57506339_428061404437828_6656172387678975682_n.jpg?_nc_ht=scontent-lax3-1.cdninstagram.com
000224.jpg,http://www.ecoseeds.com/PEPPER67.JPG
000225.jpg,https://scontent-yyz1-1.cdninstagram.com/vp/c59f50a492b3cc4f1e13951dee6afc25/5DEBD73B/t51.2885-15/sh0.08/e35/s640x640/60948524_452156185562000_3065762334643481597_n.jpg?_nc_ht=scontent-yyz1-1.cdninstagram.com
000226.jpg,http://www.wiveswithknives.net/wp-content/uploads/2011/09/P9090005.jpg
000227.jpg,http://2.bp.blogspot.com/_m7--1EOQoh4/S_BsZIWXJsI/AAAAAAAAAho/qYgcJFQkJFY/s1600/Sandia.jpg
000228.jpg,https://i0.wp.com/www.ledgrowlightshq.co.uk/wp-content/uploads/hydroponic-vegetables-featured.jpg?fit=1920%2C1169
000229.jpg,https://nicksgardencenter.com/wp-content/uploads/2019/06/banana.jpg
000230.jpg,http://i111.photobucket.com/albums/n160/bgpadios/Sandia7-16-12.jpg
000231.jpg,https://ferdelpromotions.com/wp-content/uploads/2019/01/870027-web.png
000232.jpg,https://edge.bonnieplants.com/www/uploads/20180920003945/carmen-italian-sweet-pepper-480x360.jpg
000233.jpg,http://beeflovingtexans.com/wp-content/uploads/2017/08/Hatch-and-Poblano-Peppers-roasted.jpg
000234.jpg,https://ksr-ugc.imgix.net/assets/026/199/456/46e586bddfd001d6ba84cacff7c9cab8_original.jpg?ixlib=rb-2.1.0&crop=faces&w=1024&h=576&fit=crop&v=1566313287&auto=format&frame=1&q=92&s=f1e331166e6287c22b75f278ffecda27
000235.jpg,https://www.pepperscale.com/wp-content/uploads/2014/10/hatch-pepper.jpeg
000236.jpg,https://cdn.shopify.com/s/files/1/0871/0950/products/tabasco_1024x1024.jpg?v=1548800743
000237.jpg,https://www.thespruceeats.com/thmb/cxrDVAXXWvtM54C3JbahWtq5V3c=/3408x2167/filters:no_upscale():max_bytes(150000):strip_icc()/Getty-Habanero-Peppers-57c08e303df78cc16e61c75c.jpg
000238.jpg,https://www.elitereaders.com/wp-content/uploads/2019/08/new-mexico-chile-first-fruiting-plant-NASA-2-1200x799.jpg
000239.jpg,https://macore.com/categories/stream_tag/A5V2770.jpg
000240.jpg,https://d2xcq4qphg1ge9.cloudfront.net/assets/477967/3458350/original_Carolina_Reapers_with_Glow.png
000241.jpg,http://www.horsingaroundinla.com/wp-content/uploads/2013/09/1LaSandiaCRF2.jpg
000242.jpg,https://media-cdn.tripadvisor.com/media/photo-s/10/37/0d/c9/pimiento-del-padron.jpg
000243.jpg,https://upload.wikimedia.org/wikipedia/commons/thumb/5/50/Madame_Jeanette_and_other_chillies.jpg/1200px-Madame_Jeanette_and_other_chillies.jpg
000244.jpg,http://bizjournals.co/wp-content/uploads/2019/04/hatch-chile-seeds-mild-green.jpg
000245.jpg,https://whatagirleats.com/wp-content/uploads/2013/07/IMG_9184.jpg
000246.jpg,http://sandiachile.bravesites.com/files/packed/1wefanscc25vyhb8pjhafy2yeqegc0w0rfneokw9fv9shk1uisdnt3wqwte9e4r6hiug97t04x40xfc6nvpll9z4cdcznr8lcuu9pj2864dr8ltu25hs0piozuasfln4nuhpw6v2tdnv6guuzcntuew8m5mbtxml.jpg
000247.jpg,https://cdn4.gbot.me/photos/ca/bL/1418610559/Roasted_Pepper-Sandiago_s_Mexican_Grill_-20000000008410247-500x375.jpg
000248.jpg,https://s3-media1.fl.yelpcdn.com/bphoto/YdskS9u5_-reJWLYpJAJtw/348s.jpg
000249.jpg,https://c8.alamy.com/comp/BE2JCC/usa-hatch-new-mexico-hot-chile-peppers-sold-fresh-and-raw-BE2JCC.jpg
000250.jpg,https://live.staticflickr.com/4109/35378670280_f13e3b9c51_b.jpg
000251.jpg,https://pbs.twimg.com/media/CprvoXQWEAArXWM.jpg
000252.jpg,https://i.pinimg.com/originals/64/17/18/64171811e34f080bd37426894aa62d3b.png
000253.jpg,https://cdn11.bigcommerce.com/s-bd54d/images/stencil/2048x2048/products/52/425/1ftristra__78575.1565307336.jpg?c=2
000254.jpg,https://q7i2y6d5.stackpathcdn.com/wp-content/uploads/2017/04/pepper-spot-400x271.jpg
000255.jpg,https://29wkm811f99p44g2q12pv2jz-wpengine.netdna-ssl.com/wp-content/uploads/img_4589-280x280.jpg
000256.jpg,https://i.ytimg.com/vi/2lnNyRWy_4A/hqdefault.jpg
000257.jpg,https://www.greenprofit.com/ProductImage.aspx?pid=180
000258.jpg,http://1.bp.blogspot.com/_i6gAhljPmks/Sq75daKTfDI/AAAAAAAAAHM/MkgXQdXUk10/s320/9-8+-09+058.JPG
000259.jpg,http://resizer.shared.arcpublishing.com/aUbLZ_ACBYR7kG5r10sxOdqufwo=/arc-anglerfish-arc2-prod-bonnier/public/YZUOJOQN3DZD3QRSR4PXS6SUYM.jpg
000260.jpg,https://s.yimg.com/aah/mex-grocer/pelon-peloneta-chamoy-con-sandia-48.png
000261.jpg,https://i.ytimg.com/vi/yRsUCa4qPyA/maxresdefault.jpg
000262.jpg,https://www.seedsbydesign.com/_ccLib/image/plants/THUM-315.jpg
000263.jpg,https://www.picclickimg.com/00/s/OTE2WDY1MA==/z/RqIAAOSw0JpV5513/$/25-NEW-MEXICO-BIG-JIM-PEPPER-SEEDS-HEIRLOOM-_1.jpg
000264.jpg,https://www.picclickimg.com/d/l400/pict/172708061331_/Big-Bang-Chocolate-Naga-Chilli-Pepper-Seeds-x.jpg
000265.jpg,http://www.tastewiththeeyes.com/wp-content/uploads/2013/09/IMG_1368.jpg
000266.jpg,https://scontent-yyz1-1.cdninstagram.com/vp/ca1ecfbe42d08e5cebe82ad6fc313a8f/5E1C8A4E/t51.2885-15/sh0.08/e35/c0.180.1440.1440a/s640x640/61200851_2347316352209926_3033905600653797642_n.jpg?_nc_ht=scontent-yyz1-1.cdninstagram.com&_nc_cat=110
000267.jpg,https://cdn.5280.com/2014/03/lasandiarelleno-375x250.jpg
000268.jpg,https://www.chilipeppermadness.com/wp-content/uploads/2013/09/Birds-Eye-Peppers.jpg
000269.jpg,https://www.candycentral.com/images/D/d_4814.jpg
000270.jpg,https://st.hzcdn.com/fimgs/92b282dd04cb2df7_1725-w240-h320-b0-p0--.jpg
000271.jpg,https://static.wixstatic.com/media/139de8_4d820b8cc32c452395d7dc03645f67cf~mv2_d_2929_3797_s_4_2.jpg/v1/fill/w_630,h_817,al_c,q_85,usm_0.66_1.00_0.01/139de8_4d820b8cc32c452395d7dc03645f67cf~mv2_d_2929_3797_s_4_2.jpg
000272.jpg,https://img-aws.ehowcdn.com/350x235p/s3-us-west-1.amazonaws.com/contentlab.studiod/getty/7ede4b3ea212438b8ffbdd3b4cebc2f8.jpg
000273.jpg,http://i0.wp.com/cdn.shopify.com/s/files/1/0871/0950/files/SUPER-HOT-PEPPERS-SEEDS.jpg?w=250
000274.jpg,https://dulcelandia.com/wp-content/uploads/2018/05/Karla_Gomiking_Sandia_Tray.jpg
000275.jpg,http://online.anyflip.com/cnbj/brja/files/thumb/1.jpg?1558475882
000276.jpg,https://scontent-cdt1-1.cdninstagram.com/v/t51.2885-15/e35/s320x320/66468017_335766484040280_5138041924533059509_n.jpg?_nc_ht=scontent-cdt1-1.cdninstagram.com&oh=6a1c911993bb84561648b53544cfcb4b&oe=5DC9AEAC&ig_cache_key=MjEwMTk0MjE1MzI1MjI4NTEzNA%3D%3D.2
000277.jpg,https://static-25.sinclairstoryline.com/resources/media/48382d30-f6ac-4301-8489-6ba01519f9ff-smallScale_IMG_8956.JPG?1551464640346
000278.jpg,https://c.shld.net/rpx/i/s/pi/mp/10160405/prod_8775125332?src=http%3A%2F%2Fd8images.com%2Fimages%2Flawn_garden%2FNDAB00A6TQD3I.jpg&d=1b04964736371c324c20364727766d2e14fdda52&?hei=64&wid=64&qlt=50
000279.jpg,http://img1.wsimg.com/isteam/ip/6fa5112a-31ab-4a23-b75e-13da06121e2c/AJC.png
000280.jpg,https://1.bp.blogspot.com/-ZRVZnu6SiOw/Tjene8trxbI/AAAAAAAAHDQ/0AUM1r3_Hb8/s1600/Sandia%20logo.jpg
000281.jpg,https://www.oregonlive.com/resizer/LeuhnnSZoFWStVQ_zloOWTXKlVk=/1200x0/advancelocal-adapter-image-uploads.s3.amazonaws.com/image.oregonlive.com/home/olive-media/width2048/img/foodday_impact/photo/fdchilesjpg-db57b8da3dd1d4e6.jpg
000282.jpg,https://1gefveutdgo3vvqrh2rnkg71-wpengine.netdna-ssl.com/wp-content/uploads/2019/04/011192417606-300x300.jpg
000283.jpg,https://ih1.redbubble.net/image.574711192.4263/mug,travel,x1000,center-pad,750x1000,f8f8f8.u1.jpg
000284.jpg,https://scontent-lga3-1.cdninstagram.com/vp/2665e311729deb809caf7d85d6edd435/5E1691F4/t51.2885-15/sh0.08/e35/s640x640/67882706_398138130823326_6111957567858260026_n.jpg?_nc_ht=scontent-lga3-1.cdninstagram.com&_nc_cat=106
000285.jpg,https://www.kingadow.com/wp-content/uploads/2016/07/Related-Items-1024x429.png
000286.jpg,https://www.milkandpepper.com/1070-home_default/t-shirt-sandia.jpg
000287.jpg,https://mjskitchen.com/wp-content/uploads/2012/09/Red-Chile-Sause-Web.jpg
000288.jpg,https://alibi.com/image/pix_id/38697/image.jpg
000289.jpg,https://image.jimcdn.com/app/cms/image/transf/dimension=1920x400:format=jpg/path/s84a123eb330efaa3/image/ie864c9bc29ef00af/version/1391444118/image.jpg
000290.jpg,http://coronaseeds.com/wp-content/uploads/2016/11/WatDenver.jpg
000291.jpg,https://a57.foxnews.com/a57.foxnews.com/static.foxnews.com/foxnews.com/content/uploads/2018/09/640/320/1862/1048/carolinareaperistock.jpg?ve=1&tl=1?ve=1&tl=1
000292.jpg,https://www.researchgate.net/profile/Gurjinder_Baath/publication/303831728/figure/tbl1/AS:667943511810048@1536261551070/of-water-salinity-levels-on-germination-and-mean-germination-time-of-seeds-of-five.png
000293.jpg,http://static.fmgsuite.com/media/images/e6d4fd9b-7098-4717-b4a7-eb3bc5de6f8c.png
000294.jpg,https://www.sandiacasino.com/wp-content/uploads/2018/10/thurshan_buffet.png
000295.jpg,https://hips.hearstapps.com/esq.h-cdn.co/assets/cm/15/06/54d1bace50c35_-_more-charred-green-chiles.jpg?resize=480:*
000296.jpg,https://www.mexicanplease.com/wp-content/uploads/2019/09/Hatch-Green-Chile-Enchiladas.jpg
000297.jpg,http://sandiaprincess.es/wp-content/uploads/2018/03/receta_princess_02.png
000298.jpg,https://image.jimcdn.com/app/cms/image/transf/none/path/sae8ab384b75a8f60/image/i77f88cdb2814f120/version/1565202963/image.gif
000299.jpg,https://i2.wp.com/www.conorbofin.com/wp-content/uploads/2013/06/mango-and-lime-lassi-2-of-7.jpg?resize=1060%2C643
000300.jpg,https://www.rareseeds.com/assets/1/14/DimRegular/Pepper-Fish-Pepper-HPP122-web.jpg
000301.jpg,http://topfinance247.info/wp-content/uploads/2018/08/red-peppers-seeds-goat-horn-seed-company-red-pepper-seeds-not-sprouting.jpg
000302.jpg,https://scontent-lga3-1.cdninstagram.com/vp/c45616ed55eaba14082adc927f2d47e5/5E1ED6E2/t51.2885-15/e15/c106.0.868.868a/s640x640/69360565_1335056829987298_1040610367922036708_n.jpg?_nc_ht=scontent-lga3-1.cdninstagram.com&_nc_cat=110
000303.jpg,https://img.interempresas.net/fotos/645589.jpeg
000304.jpg,https://nicksgardencenter.com/wp-content/uploads/2019/06/Thai-Hot-Pepper.jpg
000305.jpg,http://www.artnet.com/WebServices/images/ll00059lldUO5GFgk2qCfDrCWvaHBOcPSBE/francisco-dosamantes-sandia.jpg
000306.jpg,https://cdn-image.foodandwine.com/sites/default/files/1568054266/Apple-Orchard-Apple-Picking-Tools-FT-Blog0919.jpg
000307.jpg,https://cdn.videosofproducts.com/products/videos/thumbnails/B017JJQG3Y.jpg
000308.jpg,http://www.mesasdecultivoonline.com/shop/374-large_default/kit-trasplante-de-sandia.jpg
000309.jpg,https://s3-media3.fl.yelpcdn.com/bphoto/hjyXBcmq68gFLITducTseQ/o.jpg
000310.jpg,http://www.ecoseeds.com/PEPPER14.JPG
000311.jpg,https://i.ytimg.com/vi/A_8JS7Y4uj4/hqdefault.jpg
000312.jpg,https://www.superhotchiles.com/wp-content/uploads/2018/04/Zapotec-Jalapeno-Pepper-Plants-300x225.jpg
000313.jpg,https://greenboxsl.com/wp-content/themes/greenbox/assets/images/G70/G70_Sandia_2018.jpg
000314.jpg,http://25wxih3lxatn2okzkn1cr69o-wpengine.netdna-ssl.com/wp-content/uploads/16_07188-copy-300x200.jpg
000315.jpg,https://i0.wp.com/greenandpepperfood.com/wp-content/uploads/2017/06/RECETA-SALUDABLE-gazpacho-de-sandia-green-and-pepper-food-.jpg?resize=1184%2C1776&ssl=1
000316.jpg,http://www.nmchili.com/images/Redchilesandia.jpg
000317.jpg,https://images.squarespace-cdn.com/content/v1/569bd6095a5668a5944e055c/1553277517712-CUNFV67MM38MAILQCNGZ/ke17ZwdGBToddI8pDm48kE1rwGu-k3hRDAdgN-Y5guJZw-zPPgdn4jUwVcJE1ZvWQUxwkmyExglNqGp0IvTJZUJFbgE-7XRK3dMEBRBhUpwWhKWtUPcUkV9LVxf3TbTuMfacGPDjV1YvyBFc4neMPReXjvzxwdkGEsqNNyx4LAU/image-asset.jpeg
000318.jpg,http://img1.wsimg.com/isteam/ip/8976a0b2-6419-476e-b775-2c5e91ba3676/E7401681-D6C9-4D7E-AB4C-965C36E61678.jpeg
000319.jpg,https://www.rijkzwaan.hu/sites/default/files/styles/image_450x450/public/varieties/18396_RZBR150903_005_Studio.jpg?itok=L2Nn6jqe
000320.jpg,http://emmague.club/wp-content/uploads/2019/03/purple-bell-peppers---seeds-for-purple-peppers-and-heirloom-tomatoes.jpg
000321.jpg,https://1.bonami.hu/images/products/f2/db/f2db5023b84a779aa94d6d24d9bf8e1f080f4228-1000x1000.jpeg
000322.jpg,https://assets.simpleviewinc.com/simpleview/image/upload/c_fill,h_652,q_75,w_977/v1/clients/albuquerque/MP_Red_GreenRoasted_40116c28-281f-4c91-ad01-db49e22e4c70.jpg
000323.jpg,http://www.chm.bris.ac.uk/motm/chilli/img5.gif
000324.jpg,https://empressofdirt.net/wp-content/uploads/C9-Seed-Starting-Success-v1.jpg
000325.jpg,https://edge.bonnieplants.com/www/uploads/20180920003953/jalapeno-hot-pepper-480x360.jpg
000326.jpg,https://farm2.static.flickr.com/1664/25964923082_4529b3e43b_b.jpg
000327.jpg,https://www.sheknows.com/wp-content/uploads/2018/08/25-PIN-Peppers.png
000328.jpg,https://www.mango.org/wp-content/uploads/2017/12/179_1514018808-large.jpg
000329.jpg,https://i.pinimg.com/originals/03/69/69/0369692525763627e56bb69aaf17bd4f.jpg
000330.jpg,http://sandiachile.bravesites.com/files/resized/95626/cropped/0;0;520;520;400;400;13d2455bcf4fa1c19618be3f08129a27eb1d21be.jpg
000331.jpg,https://macore.com/categories/stream_tag/D5V2770.jpg
000332.jpg,https://scontent-cdt1-1.cdninstagram.com/v/t51.2885-15/sh0.08/e35/s750x750/66258594_2259223427509404_3171745963544923622_n.jpg?_nc_ht=scontent-cdt1-1.cdninstagram.com&oh=13f11ea17c28fe6130d4e88624f200c2&oe=5DDFFCCB&ig_cache_key=MjEwMTA5MDAwODg3MzI1MDY5Mg%3D%3D.2
000333.jpg,https://bmexdi064h-flywheel.netdna-ssl.com/wp-content/uploads/2014/09/How-to-roast-chiles-foodiecrush.com-152.jpg
000334.jpg,https://www.vaposeleccion.com/cordoba/11008-large_default/the-alchemist-juice-calippoo-extreme-sandia-50-ml-shake-vape.jpg
000335.jpg,http://www.taher.com/wp-content/uploads/2017/08/cafe_600.jpg
000336.jpg,https://dta0yqvfnusiq.cloudfront.net/tortillaflats/2017/06/spice-up-your-dinner-593b04f375827.jpeg
000337.jpg,https://jackscandy.com/media/catalog/product/cache/c687aa7517cf01e65c009f6943c2b1e9/1/0/10928.jpg
000338.jpg,https://www.madeinnewmexico.com/media/catalog/product/cache/1/small_image/280x/9df78eab33525d08d6e5fb8d27136e95/1/2/12-inch-chile-piquin-ristra_2.jpg
000339.jpg,https://www.lekue.com/media/catalog/product/cache/7/small_image/440x/9df78eab33525d08d6e5fb8d27136e95/s/a/sandia_01.jpg
000340.jpg,https://mlsvc01-prod.s3.amazonaws.com/c1a5599c201/8a286f27-4d54-435c-a985-e1b4dd0b0c11.jpg?ver=1549997478000
000341.jpg,https://scontent-frx5-1.cdninstagram.com/vp/31fe88569c739432b06af6137012d1ad/5DD9FE6B/t51.2885-15/e35/49616191_364648391032613_1114585036653923254_n.jpg?_nc_ht=scontent-frx5-1.cdninstagram.com
000342.jpg,https://www.cayennediane.com/wp-content/uploads/2019/02/Arapaho-Pepper-2-300x300.jpg
000343.jpg,https://st.hzcdn.com/fimgs/e182b06004cb2def_1717-w240-h319-b0-p0--.jpg
000344.jpg,https://images.slideplayer.com/13/3760819/slides/slide_53.jpg
000345.jpg,https://whatagirleats.com/wp-content/uploads/2013/07/Photo-24.jpg
000346.jpg,https://ctl.s6img.com/society6/img/vFMJhwbC3Z-juu1TFNC0A-R9g7M/h_264,w_264/tshirts/women/greybg/black/~artwork,bg_FFFFFFFF,fw_3305,fh_5101,fx_690,fy_965,iw_1919,ih_2715/s6-original-art-uploads/society6/uploads/misc/0730f75707b548dcbc47c238a814b6de/~~/la-sandia986265-tshirts.jpg
000347.jpg,https://thumbs.dreamstime.com/z/fruit-salad-food-market-sliced-watermelon-pineapple-fruit-salad-food-market-sliced-watermelon-pineapple-121365700.jpg
000348.jpg,http://media.bizj.us/view/img/10141122/screen-shot-2016-09-01-at-50504-pm*400xx1028-1028-0-0.png
000349.jpg,https://fivethirtyeight.com/wp-content/uploads/2014/10/barry-jester-scoville-table.png
000350.jpg,https://www.chilipeppermadness.com/wp-content/uploads/2013/09/Jwala-Fingers-Peppers.jpg
000351.jpg,https://previews.123rf.com/images/massonforstock/massonforstock1707/massonforstock170700856/82193098-above-view-at-watermelon-and-chili-pepper-with-lemons-on-green-background.jpg
000352.jpg,https://c.shld.net/rpx/i/s/pi/mp/10160405/prod_8774295432?src=http%3A%2F%2Fd8images.com%2Fimages%2Flawn_garden%2FNDAB009YJ10E8.jpg&d=862c875ab734a0eb1fb1cf7af4ee4efa2e77fa02&?hei=64&wid=64&qlt=50
000353.jpg,https://farm1.staticflickr.com/734/22022470255_15eb46a34c_b.jpg
000354.jpg,https://i2.wp.com/www.conorbofin.com/wp-content/uploads/2013/06/mango-and-lime-lassi-3-of-7.jpg?resize=1060%2C685
000355.jpg,http://online.anyflip.com/cnbj/brja/files/thumb/2.jpg?1558475882
000356.jpg,https://www.seedsbydesign.com/_ccLib/image/plants/THUM-2003.jpg
000357.jpg,https://mjonesllc.com/wp-content/uploads/2018/04/Sandia.jpg
000358.jpg,https://images.discerningassets.com/image/upload/q_auto/c_fit,h_600,w_600/v1557933244/Sandia_Red_Chilis_c6zyol.jpg
000359.jpg,https://barefeetinthekitchen.com/wp-content/uploads/2019/04/2019-Princess-Cruises-Sandia-En-Fuego-8-1-of-1-731x1024.jpg
000360.jpg,https://scontent-atl3-1.cdninstagram.com/vp/590aa6412559d9edc8e159c50c63e296/5E1B7C49/t51.2885-15/e35/c0.135.1080.1080a/s480x480/37868144_462318900904627_3514814588652617728_n.jpg?_nc_ht=scontent-atl3-1.cdninstagram.com&_nc_cat=107
000361.jpg,https://myeverydayeats.files.wordpress.com/2016/11/img_01801.jpg?w=825
000362.jpg,http://drummersgardencenter.com/assets/uploads/2019/03/Pepper-Scoville-List.jpg
000363.jpg,http://www.mexicancandys.com/wp-content/uploads/2016/11/DSC_0024.jpg
000364.jpg,https://catalog.21buttons.com/eb6bbb5400475efadbf87ecb9627cbdf68dc7fc8.smedium.jpg
000365.jpg,http://whorde.co/wp-content/uploads/2019/05/popular-pepper-seed-assortment-wholesale-varieties-packets-company-grass-suppliers-buy-bulk-sweet-and-mild-peppers.jpg
000366.jpg,https://d3d7qmccklvqbw.cloudfront.net/wp-content/uploads/2019/03/14104825/elicit-cocktail-menu-021919-1.png
000367.jpg,https://di2ponv0v5otw.cloudfront.net/posts/2019/06/17/5d081c8a689ebc19edaa7891/s_5d081ca2b146cc6f7db6ea9d.jpg
000368.jpg,https://www.rijkzwaan.hu/sites/default/files/styles/image_450x450/public/varieties/6186_RZES160712_006_Kidman%20RZ.jpg?itok=rdZISMOX
000369.jpg,http://pueblochile.org/newsite/wp-content/uploads/2017/03/pga-logo-footer-2.png
000370.jpg,http://1.bp.blogspot.com/-kjMlfidVr5Y/VKw2gKUlzFI/AAAAAAAADFo/MeAKGb8Pf8k/s1600/Chimayo%2Bristras.jpg
000371.jpg,http://imavex.vo.llnwd.net/o18//clients/sandia/images/Weddings/WeddingCatalog-Sandia_2014_noprices5.jpg
000372.jpg,https://aces.nmsu.edu/pubs/research/horticulture/RR792/images/Fig_03_Sandia.jpg
000373.jpg,http://www.tjcandy.com/local/images/items/jumbo/IT000004.jpg
000374.jpg,https://ctl.s6img.com/society6/img/GemD8GZbKI2qTpXDF8w_msflO2A/h_264,w_264/coasters/front/~artwork,fw_2400,fh_2400,iw_2400,ih_2400,tw_2x,th_2x/s6-original-art-uploads/society6/uploads/misc/5938990ec81340019e8acad71b715f9b/~~/watermelon-domino-coasters.jpg
000375.jpg,https://www.playamesa.com/wp-content/uploads/2019/03/tacos-opt-min.jpg
000376.jpg,https://cdn.flippenterprise.net/flyers/807ddfc3-7f88-4ae5-a51d-709dde3f4aa5/3_1_3.jpg
000377.jpg,https://cdn.shopify.com/s/files/1/0871/0950/files/When-to-pick-peppers.jpg?v=1533758997
000378.jpg,http://stmarysartcenter.org/wp-content/uploads/2013/05/IMG_7999.jpg
000379.jpg,https://wearecocina.files.wordpress.com/2018/01/chile.jpg?w=1024&h=683
000380.jpg,https://m.media-amazon.com/images/I/31bXWCVaqXL._AC_UL320_.jpg
000381.jpg,http://cdn.pastemagazine.com/www/articles/sandia.jpg
000382.jpg,https://www.agroboca.com/uploads/products/sandia.jpg
000383.jpg,https://www.superhotchiles.com/wp-content/uploads/2018/04/Chile-de-Agua-Pepper-Plants-300x225.jpg
000384.jpg,https://i2.wp.com/greenandpepperfood.com/wp-content/uploads/2017/06/RECETA-FACIL-jugo-de-sandia-green-and-pepper-food.jpg?ssl=1
000385.jpg,https://st3.depositphotos.com/5416398/17430/v/1600/depositphotos_174304594-stock-illustration-sweet-juicy-slice-of-watermelon.jpg
000386.jpg,https://i.ebayimg.com/images/g/roYAAOSwuqRdNyP2/s-l300.jpg
000387.jpg,http://www.ecoseeds.com/PEPPER24.JPG
000388.jpg,http://hatchvalleychilepeppers.com/wp-content/uploads/2010/08/sandia_mhot.jpg
000389.jpg,http://nameera.co/wp-content/uploads/2019/09/gifts-for-gardeners-who-have-everything-gift-cards-amazon-uk-etsy.jpg
000390.jpg,https://nicksgardencenter.com/wp-content/uploads/2019/06/de-arbol.jpg
000391.jpg,http://i111.photobucket.com/albums/n160/bgpadios/AjiChinchisRocotillos.jpg
000392.jpg,https://higueralproduce.com/v2/images/png/02-Productos/04-Chile.png
000393.jpg,https://m.media-amazon.com/images/I/61A+MuBa5pL._AC_UL320_.jpg
000394.jpg,https://img-aws.ehowcdn.com/600x600p/photos.demandstudios.com/getty/article/178/224/75287835_XS.jpg
000395.jpg,https://www.pepperscale.com/wp-content/uploads/2013/09/what-is-crushed-red-pepper-768x513.jpg
000396.jpg,https://www.thespruceeats.com/thmb/GDKrZb5PEqBom2CDajxoQ_b27Hs=/2000x1334/filters:no_upscale():max_bytes(150000):strip_icc()/Poblano-Peppers-5808d3895f9b5805c2cb5773.jpg
000397.jpg,https://pbs.twimg.com/media/CprvoV3WAAA2pOh.jpg
000398.jpg,https://cdn.shopify.com/s/files/1/0076/4107/1714/files/HCS_Logo_1934x.png?v=1541113376
000399.jpg,http://beeflovingtexans.com/wp-content/uploads/2017/08/Beef-Hatch-roll-up-sliced-close-up-e1502830043885.jpg
000400.jpg,https://media-cdn.tripadvisor.com/media/photo-s/0c/1a/2a/18/sandia-y-queso-panela.jpg
000401.jpg,https://i1.wp.com/www.ledgrowlightshq.co.uk/wp-content/uploads/Sandia-day-96-1.jpg?resize=1067%2C800
000402.jpg,https://www.chilipeppermadness.com/wp-content/uploads/2019/09/Naga-Viper-Peppers.jpg
000403.jpg,https://assets.simpleviewinc.com/simpleview/image/fetch/c_fill,h_396,q_75,w_704/https://assets.simpleviewinc.com/simpleview/image/upload/crm/albuquerque/Sandiago-s-10-3c3f48a65056a36_3c3f4a2e-5056-a36a-09ab9a5393926247.jpg
000404.jpg,https://macore.com/categories/stream_tag/C2V2770.jpg
000405.jpg,https://m.media-amazon.com/images/I/91yFZL8qs8L._AC_UL320_.jpg
000406.jpg,https://alibi.com/image_size/sizer.php?filename=%2Fusers%2Fnucity%2Fpublic_html%2Ftest.alibi.com%2Fhelios2%2Fuploads%2Fevent-315197%2F58a56d8d.jpg&height=1599&image_height=448&image_width=560&width=1999
000407.jpg,https://www.seedsbydesign.com/_ccLib/image/plants/THUM-323.jpg
000408.jpg,https://www.cayennediane.com/wp-content/uploads/2016/10/Palestine-TX-Hot-Pepper-Festival-2019.png
000409.jpg,https://st.hzcdn.com/fimgs/e9c22fec04cb41cd_4134-w240-h320-b0-p0--.jpg
000410.jpg,https://i.ytimg.com/vi/KzPFJ8QEsAc/maxresdefault.jpg
000411.jpg,https://s3-media2.fl.yelpcdn.com/bphoto/plV8nsr6o2zzkDHo5G1Nww/348s.jpg
000412.jpg,https://d3el53au0d7w62.cloudfront.net/wp-content/uploads/2018/08/08/a01_jd_09aug_chile-1.jpg
000413.jpg,https://img.yumpu.com/10392511/1/358x503/89-eurofresh-distribution.jpg?quality=85
000414.jpg,https://edge.bonnieplants.com/www/uploads/20180920004026/bonnie-s-green-bell-pepper-480x360.jpg
000415.jpg,https://mjskitchen.com/wp-content/uploads/2011/09/RistraFreshWeb.jpg
000416.jpg,https://img.deusm.com/informationweek/2014/03/1114144/microsoft-fed-summit-3.4.14-Kashcroppedjpeg.jpg
000417.jpg,https://cdn.shopify.com/s/files/1/0871/0950/products/Fatali-Hot-Pepper-Seeds_1024x1024.jpg?v=1548196246
000418.jpg,https://static.wixstatic.com/media/139de8_4ac8f2bc3b7b478fbf41a3d01446459a~mv2_d_2952_2952_s_4_2.jpg
000419.jpg,http://www.ecoseeds.com/PEPPER17.JPG
000420.jpg,http://newscenter.nmsu.edu/Photos/get/11660/full/Sandia_Seed_Steward_chile_pepper.jpg
000421.jpg,https://barefeetinthekitchen.com/wp-content/uploads/2019/04/2019-Princess-Cruises-Sandia-En-Fuego-7-1-of-1-1024x731.jpg
000422.jpg,https://3.bp.blogspot.com/-I8av0UYdskM/XGF1EwN_awI/AAAAAAAAEO4/wtDB6bcVJboTvcJZyazqYj-Zju2atbJ_ACLcBGAs/s1600/hot%2Bpepper%2Bseeds.jpg
000423.jpg,http://sandiachile.bravesites.com/files/resized/105414/cropped/0;0;576;389;400;270;7dee024e1c9a7cb026f2b781c973dacfc1ff81cf.jpg
000424.jpg,https://ctl.s6img.com/society6/img/OTy1eUYWcqF09ToSfMMrgYetAxw/w_1500/stickers/2x2/transparent/lifestyle/~artwork,bg_FFFFFFFF,opthreshold_50p,fw_1800,fh_1800,fy_-373,iw_1800,ih_2545/s6-original-art-uploads/society6/uploads/misc/e9b41cc06edc4bd7b4e200fea0c3c713/~~/watermelon-fruit-sandia-stickers.jpg
000425.jpg,http://i111.photobucket.com/albums/n160/bgpadios/SandiaChilhuacleAmarillo.jpg
000426.jpg,https://www.calligraphersguild.org/Graceful/2007HM/hm-Chilton.jpg
000427.jpg,https://m.media-amazon.com/images/I/619ezO7JvLL._AC_UL320_.jpg
000428.jpg,https://nicksgardencenter.com/wp-content/uploads/2019/06/mirasol.jpg
000429.jpg,https://www.mexicanplease.com/wp-content/uploads/2017/04/homemade-chorizo-chili-peppers-deseeded.jpg
000430.jpg,https://thaixican.files.wordpress.com/2009/08/cropped-red_chili.jpg
000431.jpg,https://i.ebayimg.com/images/g/yMAAAOSweW5VWf4U/s-l300.jpg
000432.jpg,https://www.pepperscale.com/wp-content/uploads/2014/04/PepperScale-Cover_website-sidebar-e1420987132570.jpg
000433.jpg,https://pueblochile.org/newsite/wp-content/uploads/2017/03/5893b2fc11c5d-kelsen-498x305.jpg
000434.jpg,https://www.superhotchiles.com/wp-content/uploads/2018/04/Moshi-Pepper-Seeds-300x225.jpg
000435.jpg,https://media-cdn.tripadvisor.com/media/photo-s/0e/70/35/61/hotel-vogue.jpg
000436.jpg,https://www.thespruceeats.com/thmb/xlclMz2YyfNcU5rP4Ta9IAYCEOM=/3782x2454/filters:no_upscale():max_bytes(150000):strip_icc()/jalapenopeppersmarcgutierrezGettyImages-88850228-598a581b5f9b58928b26a61e.jpg
000437.jpg,https://macore.com/categories/stream_tag/C3V2770.jpg
000438.jpg,https://www.chilipeppermadness.com/wp-content/uploads/2019/07/Cubanelle-Peppers.jpg
000439.jpg,https://static.wixstatic.com/media/139de8_8a8e967f9e774bf0a6a2fd21d8b88794~mv2_d_2052_1918_s_2.jpg/v1/fill/w_630,h_589,al_c,q_85,usm_0.66_1.00_0.01/139de8_8a8e967f9e774bf0a6a2fd21d8b88794~mv2_d_2052_1918_s_2.jpg
000440.jpg,https://i.ytimg.com/vi/1gCOorXSgAY/maxresdefault.jpg
000441.jpg,https://i1.wp.com/www.ledgrowlightshq.co.uk/wp-content/uploads/Sandia-day-22.jpg?resize=800%2C1067
000442.jpg,https://s3-media3.fl.yelpcdn.com/bphoto/TBb2pyB9pPD92uxt87RgyQ/258s.jpg
000443.jpg,https://alibi.com/image_size/sizer.php?filename=%2Fusers%2Fnucity%2Fpublic_html%2Ftest.alibi.com%2Fhelios2%2Fuploads%2Fevent-239065%2Fe403b8a6.jpg&height=1875&image_height=207&image_width=306&width=2775
000444.jpg,https://www.picclickimg.com/d/l400/pict/112239477299_/Sweet-Pepper-Seed-Combo-Pack-50-Diff-Types-Every.jpg
000445.jpg,https://aces.nmsu.edu/pubs/_h/H240/images/Fig_03_jalapenos.jpg
000446.jpg,http://www.ecoseeds.com/PEPPER26.JPG
000447.jpg,https://www.cayennediane.com/wp-content/uploads/2014/06/Aci-Sivri-Pepper-300x300.jpg
000448.jpg,https://live.staticflickr.com/3841/14660063107_b7bc8155e3_z.jpg
000449.jpg,https://pbs.twimg.com/media/CvkyacbUEAAxa0u.jpg
000450.jpg,https://sites.google.com/site/laufferrattlers/_/rsrc/1411142168456/school-news/thegardenclub/100_3559%20-%20Copy.JPG?height=240&width=320
000451.jpg,https://barefeetinthekitchen.com/wp-content/uploads/2020/04/Sandia-en-Fuego-488x1024.jpg
000452.jpg,https://nicksgardencenter.com/wp-content/uploads/2019/06/mariachi.jpg
000453.jpg,https://media-cdn.tripadvisor.com/media/photo-s/0b/a7/98/9a/gazpacho-de-sandia-y.jpg
000454.jpg,https://xpromo.frooition.com/170047/281363840061_A.jpg
000455.jpg,https://www.seedsbydesign.com/_ccLib/image/plants/THUM-1988.jpg
000456.jpg,https://www.sandiacasino.com/wp-content/uploads/2018/11/SUN-442-A-600x332-Online-WEBSITE.jpg
000457.jpg,https://www.chilipeppermadness.com/wp-content/uploads/2019/09/Malagueta-Peppers.jpg
000458.jpg,https://static.wixstatic.com/media/139de8_69a084b0037246c7942a2ebb9abb85f2~mv2_d_2400_1950_s_2.jpg/v1/fill/w_632,h_514/139de8_69a084b0037246c7942a2ebb9abb85f2~mv2_d_2400_1950_s_2.jpg
000459.jpg,https://www.thespruceeats.com/thmb/QQbQkdhtAOkmWVP96qfFt_JegPI=/425x326/filters:no_upscale():max_bytes(150000):strip_icc()/red_chlii_peppers_161140809-585037ea3df78c491e931237.jpg
000460.jpg,https://i2.wp.com/www.ledgrowlightshq.co.uk/wp-content/uploads/Sweet-Pepper-day-96-2.jpg?resize=800%2C1067
000461.jpg,http://www.ecoseeds.com/PEPPER52.JPG
000462.jpg,http://i111.photobucket.com/albums/n160/bgpadios/Sandia11.jpg
000463.jpg,https://st.hzcdn.com/fimgs/5bc21b8704cb41cf_4134-w240-h320-b0-p0--.jpg
000464.jpg,https://macore.com/categories/stream_tag/C1V2770.jpg
000465.jpg,https://www.chilipeppermadness.com/wp-content/uploads/2013/10/Spanish-Naga-Peppers.jpg
000466.jpg,https://pbs.twimg.com/media/CS6l5kbXIAAzY6r.jpg
000467.jpg,https://macore.com/categories/stream_tag/A1V2770.jpg
000468.jpg,https://www.thespruceeats.com/thmb/3m16ZyyVqk2ON0Fw6oc0KO1ila0=/425x326/filters:no_upscale():max_bytes(150000):strip_icc()/tex-mex-pepper-42015-586baf1d5f9b586e02f381e7.jpg
000469.jpg,https://media-cdn.tripadvisor.com/media/photo-s/0e/6b/7f/1b/sandia-a-la-plancha-con.jpg
000470.jpg,http://www.ecoseeds.com/PEPPER55.JPG
000471.jpg,https://nicksgardencenter.com/wp-content/uploads/2019/06/hot-cherry-peps.jpg
000472.jpg,https://static.wixstatic.com/media/139de8_e53bafa0467848748f754c7ab43877e3~mv2.png/v1/fill/w_630,h_630,al_c,usm_0.66_1.00_0.01/139de8_e53bafa0467848748f754c7ab43877e3~mv2.png
000473.jpg,http://bodenal.co/wp-content/uploads/2019/02/hatch-chile-seeds-hatch-green-seeds-hatch-green-seeds.jpg
000474.jpg,https://www.superhotchiles.com/wp-content/uploads/2018/04/Black-Hungarian-Pepper-Seeds-300x225.jpg
000475.jpg,https://media-cdn.tripadvisor.com/media/photo-s/11/b8/5a/1d/photo0jpg.jpg
000476.jpg,https://nicksgardencenter.com/wp-content/uploads/2019/06/red-cap-mushroom.jpg
000477.jpg,https://www.chilipeppermadness.com/wp-content/uploads/2013/09/Pequin-Peppers.jpg
000478.jpg,https://pbs.twimg.com/media/ECSHOEqVAAA9-Fh.jpg
000479.jpg,https://www.thespruceeats.com/thmb/2QvWWiDQu2F69E9IkHQazy765X4=/425x326/filters:no_upscale():max_bytes(150000):strip_icc()/stuffed-green-peppers-ground-beef-rice-3061372-5065_Hero-5b589e9346e0fb0071b5469e.jpg
000480.jpg,http://www.ecoseeds.com/PEPPER5.JPG
000481.jpg,http://i111.photobucket.com/albums/n160/bgpadios/Sandiapepper6-27-11.jpg
000482.jpg,https://aces.nmsu.edu/pubs/_e/E324/images/dreamstimelarge_164603_opt.jpg
000483.jpg,https://macore.com/categories/stream_tag/A2V2770.jpg
000484.jpg,https://nicksgardencenter.com/wp-content/uploads/2019/06/peppers-on-table.jpg
000485.jpg,http://www.ecoseeds.com/ancho.jpg
000486.jpg,https://media-cdn.tripadvisor.com/media/photo-s/0b/4f/59/22/deliciosa-sandia-y-arugula.jpg
000487.jpg,https://www.chilipeppermadness.com/wp-content/uploads/2013/09/Hidalgo-Peppers.jpg
000488.jpg,https://macore.com/categories/stream_tag/C4V2770.jpg
000489.jpg,https://nicksgardencenter.com/wp-content/uploads/2019/06/habs.jpg
000490.jpg,http://www.ecoseeds.com/hung.yellow.wax.GIF
000491.jpg,https://nicksgardencenter.com/wp-content/uploads/2019/06/red-beauty.jpg
000492.jpg,https://www.chilipeppermadness.com/wp-content/uploads/2019/05/Anaheim-Peppers.jpg
000493.jpg,http://www.ecoseeds.com/PEPPER42.JPG
000494.jpg,https://nicksgardencenter.com/wp-content/uploads/2019/06/california-wonder.jpg
000495.jpg,http://www.ecoseeds.com/PEPPER59.JPG
000496.jpg,https://i.pinimg.com/originals/31/8e/a3/318ea386c1c9c63a176128e8e2017ae6.jpg
000497.jpg,http://i.ebayimg.com/images/i/300945902216-0-1/s-l1000.jpg
000498.jpg,https://i.pinimg.com/originals/5c/dd/a0/5cdda0c17548d08d4ba26cfaf72d78cf.jpg
000499.jpg,https://bonnieplants.com/wp-content/uploads/sandia-hot-pepper.jpg
000500.jpg,https://i.pinimg.com/originals/26/ba/ad/26baadaea39c6f430b84c3c629b5e6d5.jpg
000501.jpg,https://www.chilipeppermadness.com/wp-content/uploads/2019/09/Sandia-Pepper.jpg
000502.jpg,https://cdn.shopify.com/s/files/1/0871/0950/products/chochabss2015_large.jpg
000503.jpg,http://newscenter.nmsu.edu/Photos/get/8349/full/NuMex%20Chile.jpg
000504.jpg,http://smhttp.81389.nexcesscdn.net/809CE2F/nmsmall/media/catalog/product/cache/1/image/9df78eab33525d08d6e5fb8d27136e95/1/8/18-decorated-ristra.jpg
000505.jpg,https://cdn.shopify.com/s/files/1/0871/0950/products/poblanoss2015_1024x1024.jpg
000506.jpg,http://newscenter.nmsu.edu/Photos/get/6435/full/NuMex.jpg
000507.jpg,https://www.gourmetseed.com/image/cache/catalog/products/S/sandia_pepper-1024x1024.jpg
000508.jpg,https://cdn.shopify.com/s/files/1/0871/0950/products/NuMexTwilightWeb_1024x1024.jpg
000509.jpg,https://cdn.shopify.com/s/files/1/0871/0950/products/goathornweb_2f230246-435f-4762-b973-c3282ca3adde_1024x1024.jpg
000510.jpg,https://cdn.shopify.com/s/files/1/0871/0950/products/calwonderss2015_1024x1024.jpg
000511.jpg,https://cdn.shopify.com/s/files/1/0871/0950/products/thaihotss2015_1024x1024.jpg
000512.jpg,https://cdn.shopify.com/s/files/1/0871/0950/products/aanaheimss2015_e7d68a35-3e62-45b5-8601-c624ab6f3b08_1024x1024.jpg
000513.jpg,http://smhttp.81389.nexcesscdn.net/809CE2F/nmsmall/media/catalog/product/cache/1/image/1800x/040ec09b1e35df139433887a97daa66f/2/4/24-inch-sandia-ristra.jpg
000514.jpg,http://smhttp.81389.nexcesscdn.net/809CE2F/nmsmall/media/catalog/product/cache/1/image/9df78eab33525d08d6e5fb8d27136e95/1/2/12-inch-sandia-2.jpg
000515.jpg,https://cdn.shopify.com/s/files/1/0871/0950/products/Shishitopic_1024x1024.jpg
000516.jpg,https://www.madeinnewmexico.com/media/catalog/product/cache/1/image/1800x/040ec09b1e35df139433887a97daa66f/1/8/18-inch-sandia-ristra.jpg
000517.jpg,https://image.ibb.co/bWNgxc/Hot_pepper_harvest.jpg
000518.jpg,https://share.sandia.gov/news/resources/news_releases/images/2012/food_peppers.jpg
000519.jpg,https://cdn.shopify.com/s/files/1/0871/0950/products/HatchGLumbreXHotWeb_9bf813dd-583a-4b09-9257-e9130013efbf_1024x1024.jpg
000520.jpg,http://cdn.shopify.com/s/files/1/0871/0950/products/whitehabss2015_e2425ebf-30f3-46af-a137-1dd92c8b2331_large.jpg
000521.jpg,https://cdn.shopify.com/s/files/1/0871/0950/products/nm64ss2015_a795428d-7994-4048-a0f8-510dbba38cee_1024x1024.jpg
000522.jpg,https://cdn.shopify.com/s/files/1/0871/0950/products/hatchredss2015_1024x1024.jpg
000523.jpg,https://cdn.shopify.com/s/files/1/0871/0950/products/GiantMarconiWeb_1024x1024.jpg
000524.jpg,https://cdn.shopify.com/s/files/1/0871/0950/products/HatchRedXHotJunie_1024x1024.jpg
000525.jpg,http://cdn.shopify.com/s/files/1/0871/0950/products/santafegrandess2015_large.jpg
000526.jpg,https://cdn.shopify.com/s/files/1/0871/0950/products/goat-horn-pepper-seeds-Sandia-Seed-Drying-For-Pepper-Flakes_1024x1024.jpg
000527.jpg,http://cdn.shopify.com/s/files/1/0871/0950/products/sandiahotss2015_83f3514c-a3fe-4581-8e14-884a6107dd30_large.jpg
000528.jpg,https://cdn.shopify.com/s/files/1/0871/0950/products/JawalWeb_1024x1024.jpg
000529.jpg,https://cdn.shopify.com/s/files/1/0871/0950/products/HatchGMedBigJmWeb_1024x1024.jpg
000530.jpg,https://i.pinimg.com/736x/ca/d3/07/cad30780c3f87301695a8b159186c1a0.jpg
000531.jpg,https://cdn.shopify.com/s/files/1/0871/0950/products/Shishito-Pepper-Seeds_0e81c4b0-613d-4f1a-ae85-b0d787db6a95_1024x1024.jpg
000532.jpg,https://cdn.shopify.com/s/files/1/0871/0950/products/anaheimbasket_5f33223e-7439-4184-a066-b7c5e22b357e_1024x1024.jpg
000533.jpg,https://cdn.shopify.com/s/files/1/0871/0950/products/sweethungarianss2015_1024x1024.jpg
000534.jpg,http://cdn.shopify.com/s/files/1/0871/0950/products/JimmyNardelloWeb_large.jpg
000535.jpg,https://cdn.shopify.com/s/files/1/0871/0950/products/goat-horn-pepper-seeds-plants-Sandia-Seed_1024x1024.jpg
000536.jpg,http://cdn.shopify.com/s/files/1/0871/0950/products/Chimayoss2015_1024x1024.jpg
000537.jpg,https://cdn.shopify.com/s/files/1/0871/0950/products/HatchGHotDblXWeb_1024x1024.jpg
000538.jpg,http://cdn.shopify.com/s/files/1/0871/0950/products/padronss2015_large.jpg
000539.jpg,https://cdn.shopify.com/s/files/1/0871/0950/products/HatchGXHotBarkerWeb_1024x1024.jpg
000540.jpg,https://cdn.shopify.com/s/files/1/0871/0950/products/Mini-Orange-Bell-Pepper-Seeds-Sandia-Seed_1024x1024.jpg
000541.jpg,http://cdn.shopify.com/s/files/1/0871/0950/products/espanolass2015_large.jpg
000542.jpg,https://cdn.shopify.com/s/files/1/0871/0950/products/bhutyellowweb_1024x1024.jpg
000543.jpg,https://cdn.shopify.com/s/files/1/0871/0950/products/serranoss2015_1024x1024.jpg
000544.jpg,https://img3.unchienenville.com/5589-thickbox_atch/t-shirt-pour-chien-sandia-milk-and-pepper.jpg
000545.jpg,https://i.pinimg.com/736x/e7/97/d2/e797d2b0945bc48ada241bbf90582ea6.jpg
000546.jpg,http://www.slowburningpassion.com/wp-content/uploads/2015/10/Roasted-Nu-Mex-Sandia-Peppers.jpg
000547.jpg,https://cdn.shopify.com/s/files/1/0871/0950/products/jalorangespiceppepperpic_1024x1024.jpg
000548.jpg,https://cdn.shopify.com/s/files/1/0871/0950/products/lemonspicepepperpic_large.jpg
000549.jpg,https://i.pinimg.com/originals/10/ff/31/10ff31a5007920c843c1327a9f7cb8f0.jpg
000550.jpg,https://img2.unchienenville.com/5590-thickbox_atch/t-shirt-pour-chien-sandia-milk-and-pepper.jpg
000551.jpg,https://petbutik.pl/9283-thickbox_default/bawelniana-letnia-koszulka-dla-psa-milkpepper-sandia.jpg
000552.jpg,https://cdn.shopify.com/s/files/1/0871/0950/products/mirasolweb_copy_c7f5d4bb-7969-4243-85e4-bb27bfc5b276_1024x1024.jpg
000553.jpg,https://i.pinimg.com/736x/10/c8/8d/10c88d4ff0e7e2182e932fa1010be360.jpg
000554.jpg,https://cdn.shopify.com/s/files/1/0871/0950/files/Carolina-Reaper-Hot-Sauce-Recipe_large.jpg
000555.jpg,https://c8.alamy.com/comp/M9Y19F/numex-sandia-chile-peppers-nm-hatch-chili-clipping-paths-M9Y19F.jpg
000556.jpg,https://cdn.shopify.com/s/files/1/0871/0950/products/Seed-Catalog_1024x1024.jpg
000557.jpg,https://www.mascoboutique.com/8734-thickbox_default/camiseta-sandia.jpg
000558.jpg,https://cdn.shopify.com/s/files/1/0871/0950/products/BishopCrownRedweb_large.jpg
000559.jpg,https://www.milkandpepper.com/1067-large_default/t-shirt-sandia.jpg
000560.jpg,https://cdn.shopify.com/s/files/1/0871/0950/files/Carolina-Reaper-Seeds_7a4d4b48-a4a1-467c-a900-ef73c3d6ad15.jpg
000561.jpg,https://c8.alamy.com/comp/M7WJKG/numex-sandia-select-chile-peppers-c-annuum-green-clipping-path-for-M7WJKG.jpg
000562.jpg,https://www.chien-de-luxe.com/1215-thickbox_default/tshirt-pour-chien-sandia-milkpepper.jpg
000563.jpg,https://www.chien-de-luxe.com/1214-large_default/tshirt-pour-chien-sandia-milkpepper.jpg
000564.jpg,https://static.promodescuentos.com/pepperpdimages/threads/thread_full_screen/default/372651_2.jpg
000565.jpg,https://petbutik.pl/9286-thickbox_default/bawelniana-letnia-koszulka-dla-psa-milkpepper-sandia.jpg
000566.jpg,https://cdn.shopify.com/s/files/1/0871/0950/products/whitehabss2015_e2425ebf-30f3-46af-a137-1dd92c8b2331_1024x1024.jpg
000567.jpg,https://cdn.shopify.com/s/files/1/0871/0950/products/JawalWeb_large.jpg
000568.jpg,https://cdn.shopify.com/s/files/1/0871/0950/products/HatchGXHotBarkerWeb_large.jpg
000569.jpg,http://cdn.shopify.com/s/files/1/0871/0950/products/Shishito-Pepper-Seeds_large.jpg
000570.jpg,http://presleyspantry.com/wp-content/uploads/2011/06/IMG_5044.jpg
