image,source
000001.jpg,https://cdn.thehippyseedcompany.com/wp-content/uploads/2017/06/Santa-Fee-Grande-7.jpg
000002.jpg,https://edge.bonnieplants.com/www/uploads/20180920004007/santa-fe-grande-hot-pepper.jpg
000003.jpg,https://cdn.shopify.com/s/files/1/0871/0950/products/santa-fe-peppers-seeds_1024x1024.jpg?v=1543962521
000004.jpg,http://cdn.shopify.com/s/files/1/1766/2959/products/Santa_Fe_1_600x.jpg?v=1535257929
000005.jpg,https://www.rareseeds.com/assets/1/14/DimRegular/Pepper-Santa-Fe-Grande-IMG_6079.jpg
000006.jpg,http://d3d71ba2asa5oz.cloudfront.net/12001418/images/pepper-hot-santa-fe-grande.jpg?refresh
000007.jpg,https://images-na.ssl-images-amazon.com/images/I/51Go0tLqkQL._SX466_.jpg
000008.jpg,https://cdn.shopify.com/s/files/1/0089/1562/products/700xshutterstock_132281360_1024x1024.jpg?v=1458694880
000009.jpg,https://www.edenbrothers.com/store/media/Seeds-Vegetables/resized/SVPEP140-1_medium.jpg
000010.jpg,https://images-na.ssl-images-amazon.com/images/I/718JPTcc-tL._SX425_.jpg
000011.jpg,https://www.pepperseeds.eu/pub/media/catalog/product/cache/51e4881dc4e265ed9adcb710d483ab73/s/a/santa_fe_grande.jpg
000012.jpg,https://www.rareseeds.com/assets/1/14/DimRegular/Pepper-Santa-Fe-Grande-LSS-0384.jpg
000013.jpg,https://i.ytimg.com/vi/KYx2nV-wi4g/maxresdefault.jpg
000014.jpg,https://www.devonchilifarm.hu/wp-content/uploads/2019/01/Santa-Fe-Grande.jpg
000015.jpg,https://i.etsystatic.com/6784982/r/il/6261f8/1436025801/il_570xN.1436025801_rwww.jpg
000016.jpg,https://i.etsystatic.com/6406277/r/il/af746a/1834886088/il_794xN.1834886088_pgk5.jpg
000017.jpg,https://cdn10.bigcommerce.com/s-yaozho/products/4597/images/12206/chili_Pepper-Santa-Fe-Grande__86567.1483489885.600.600.jpg?c=2
000018.jpg,http://cdn.shopify.com/s/files/1/1698/1675/products/Pepper_Hot_Santa_Fe_Grande_1024x1024.jpg?v=1536940989
000019.jpg,https://www.mopeppers.at/media/image/product/79/lg/santa-fe-grande_1.jpg
000020.jpg,https://www.everwilde.com/media/1000/resized/Santa-Fe-Grande-Hot-Pepper-01_medium.gif
000021.jpg,https://images-na.ssl-images-amazon.com/images/I/51jdqRXqyyL.jpg
000022.jpg,https://images-na.ssl-images-amazon.com/images/I/51LgJSl-SRL._SX425_.jpg
000023.jpg,https://www.seeds-gallery.shop/7174-large_default/hot-chilli-pepper-seeds-santa-fe-grande-guero.jpg
000024.jpg,https://my-test-11.slatic.net/original/aca13b64f686570d6371256e56084ff0.jpg_340x340q80.jpg_.webp
000025.jpg,https://cdn.nurserylive.com/images/stories/virtuemart/product/resized/nurserylive-Pepper-Santa-fe-Grande_600x600.png
000026.jpg,https://i.etsystatic.com/19074122/r/il/a24bf7/1762308031/il_570xN.1762308031_tmgg.jpg
000027.jpg,https://images-na.ssl-images-amazon.com/images/I/51SXWdS7ivL._SX425_.jpg
000028.jpg,https://heritageseedmarket.com/wp-content/uploads/2018/01/santa-fe-grande-4-BHS.jpg
000029.jpg,https://c1.neweggimages.com/ProductImage/A93A_1_20190409273067362.jpg
000030.jpg,https://images-na.ssl-images-amazon.com/images/I/51CrRUXYn9L._SX466_.jpg
000031.jpg,https://www.westwindseeds.com/v/vspfiles/photos/peph-080-2.jpg
000032.jpg,https://vignette.wikia.nocookie.net/gardener/images/d/dd/Chilli_Santa_fe_grande.jpg/revision/latest?cb=20101002170821
000033.jpg,https://cdn1.bigcommerce.com/server700/5mvrqhbm/products/1567/images/150101/santa_fe_grande_pepper_350__80957.1522257948.451.395.jpg?c=2
000034.jpg,https://www.exotic-seeds.store/7177-home_default/hot-chilli-pepper-seeds-santa-fe-grande-guero.jpg
000035.jpg,https://images.prod.meredith.com/product/95dcfea2c9a60df882d9004bd68e0612/1516258981310/l/burpee-santa-fe-grande-hot-pepper-seeds-30-seeds
000036.jpg,https://images.homedepot-static.com/productImages/d92ce5c4-9fa6-4b7e-a0ad-c7f080b01806/svn/milpero-vegetable-herb-seeds-78007-6-64_1000.jpg
000037.jpg,https://www.chileplants.com/images/chiles/santa-fe-grande-pepper-plants.jpg
000038.jpg,http://www.hellomojo.in/wp-content/uploads/2018/05/SVPEP142-1.jpg
000039.jpg,https://acimg.auctivacommerce.com/imgdata/0/1/4/8/9/9/webimg/15234416.jpg
000040.jpg,https://cdn.shopify.com/s/files/1/1420/8798/products/pepper-sweethot-santa-fe-grande-capsicum-annuum-seeds-amkha-seed_604.jpg?v=1535012613
000041.jpg,https://www.hydroponics.eu/officinal-medical-vegetables-and-chilli-pepper-seeds/chilli-seeds-bank/vogliapiccante-pepper-seeds-santa-fe-gran~Img_Principale_34062.jpg
000042.jpg,https://rukminim1.flixcart.com/image/832/832/jfr57rk0/plant-seed/7/w/r/30-chilli-pepper-santa-fe-grande-hybrid-vegetables-seed-1-packet-original-imaf44fnsmrzyzjb.jpeg?q=70
000043.jpg,https://cdn.shopify.com/s/files/1/0034/1917/7060/products/pepper-hot-mix-vegetable-sow-easy-mckenzie-seeds_-_Copy_1400x.jpg?v=1553980928
000044.jpg,https://i.ebayimg.com/images/g/E4IAAOSwAaJZ~cJt/s-l500.jpg
000045.jpg,http://www.lakevalleyseed.com/wp-content/uploads/2016/12/1976-Pepper-Santa-Fe-Grande-web-big-217x300.jpg
000046.jpg,https://pics.davesgarden.com/pics/2007/05/15/aries44/9ae7e8.jpg
000047.jpg,http://cdn.shopify.com/s/files/1/1596/8337/products/santra_fe_grande_mine_800x.jpg?v=1557573710
000048.jpg,http://rahiseedbank.com/wp-content/uploads/2014/07/s16.jpg
000049.jpg,https://www.premierseedsdirect.com/wp-content/uploads/2017/02/41581694.jpg
000050.jpg,https://cdn1.bigcommerce.com/n-yp39j5/25jafz/products/643/images/1305/pepper_santa_fr_grande__79852.1390498083.220.220.jpg?c=2
000051.jpg,https://secureservercdn.net/198.71.233.129/px1.bf0.myftpupload.com/wp-content/uploads/2016/02/Santa-Fe-Pepper.jpg?time=1570239508
000052.jpg,https://static.greatbigcanvas.com/images/singlecanvas_thick_none/panoramic-images/santa-fe-grande-hot-peppers-on-bush,2131549.jpg?max=1000
000053.jpg,https://i.ebayimg.com/images/g/RAsAAOSw9mFWHKOi/s-l300.jpg
000054.jpg,https://thechillifactory.com/images/products/cropped_IMG_6592.jpg
000055.jpg,https://rangeviewseeds.com.au/1680-large_default/chilli-chili-santa-fe-grande.jpg
000056.jpg,https://i.ebayimg.com/images/g/8i8AAOSw2gxY1w2B/s-l500.jpg
000057.jpg,https://static.wixstatic.com/media/d70aab_922f98c8354a45eeb0578119514a7981~mv2.jpg/v1/fill/w_480,h_321,al_c,q_85,usm_0.66_1.00_0.01/d70aab_922f98c8354a45eeb0578119514a7981~mv2.jpg
000058.jpg,https://sep.yimg.com/ay/yhst-74381645246355/santa-fe-grande-pepper-6.gif
000059.jpg,https://jakeseed.com/wp-content/uploads/2017/12/santafe.jpg
000060.jpg,https://i.pinimg.com/originals/b2/15/7f/b2157f0a4319adb1a294a797650f3357.jpg
000061.jpg,https://i.ytimg.com/vi/rncchgj-Qfg/maxresdefault.jpg
000062.jpg,https://ae01.alicdn.com/kf/HTB1S11bXnHuK1RkSndVq6xVwpXa0/Vegetables-pepper-bonsai-50pcs-SANTA-FE-GRANDE-COLORFUL-MILD-PROLIFIC-PRODUCER-Potted-plants.jpg
000063.jpg,https://www.oscseeds.com/wp-content/uploads/2018/12/osc1922-1024x1024.jpg
000064.jpg,https://cdn.shopify.com/s/files/1/0942/8734/products/571167337.411414.jpg?v=1549474688
000065.jpg,https://s3.amazonaws.com/mygardenlife.com/plant-library/full/4327_20.jpg
000066.jpg,https://www.picclickimg.com/00/s/NDUwWDYwMA==/z/veEAAOSw5VFWHKO4/$/30-ORGANICALLY-GROWN-Santa-Fe-Grande-Mild-Hot-_1.jpg
000067.jpg,https://s.ecrater.com/stores/160211/4c9309629d62f_160211n.jpg
000068.jpg,https://c8.alamy.com/comp/TCJJKA/bellevue-washington-usa-heirloom-santa-fe-grande-hot-pepper-plant-TCJJKA.jpg
000069.jpg,http://www.michis-tomatensamen.de/WebRoot/Store18/Shops/61597262/4F23/1277/624B/EE43/9ADF/C0A8/28B8/C9D4/chilisantefest_m.jpg
000070.jpg,https://c8.alamy.com/comp/TCJJJY/bellevue-washington-usa-heirloom-santa-fe-grande-hot-pepper-plant-TCJJJY.jpg
000071.jpg,http://preppings.com/wp-content/uploads/2015/08/SantaFeChileGrande.jpg
000072.jpg,https://cdn.thehippyseedcompany.com/wp-content/uploads/2017/06/Santa-Fee-Grande-9-262x328.jpg
000073.jpg,https://www.innit.com/public/products/images/00748159404439-wf4rQSyMzPqOIQ-0_s500.jpg
000074.jpg,https://images.fineartamerica.com/images-medium-large-5/santa-fe-grande-hot-peppers-on-bush-panoramic-images.jpg
000075.jpg,https://1.bp.blogspot.com/-iMd8OuedkmA/WaWFNQC1i1I/AAAAAAAAHQg/2DEadkpiWa4T-CoEHn1Iajv2qb2ny1uWwCLcBGAs/s1600/peppers2.jpg
000076.jpg,https://www.sierravistagrowers.net/sites/default/files/peppers_0.jpg
000077.jpg,https://i5.walmartimages.com/asr/db2e0f42-b23e-4e08-9ef5-5fa81ef4207f_1.cfa4e6dbf3442a8efebb5b10a98150a9.gif?odnHeight=450&odnWidth=450&odnBg=FFFFFF
000078.jpg,https://f.allegroimg.com/s512/03ee9b/ace5e74448d8be5d6120b0796e0f/SANTA-FE-GRANDE-Papryka-Chili-DUZY-PLON-Nasiona
000079.jpg,https://www.chili-shop24.com/media/image/d7/8d/42/9395_SantaFe_720x600.jpg
000080.jpg,https://edge.bonnieplants.com/www/uploads/20180920003742/giant-marconi-pepper-web-480x360.jpg
000081.jpg,https://www.devonchilifarm.hu/wp-content/uploads/2019/01/Chilli-Challenge-Gy%C5%B1jtem%C3%A9ny-324x324.jpg
000082.jpg,https://sc02.alicdn.com/kf/HTB19OJNnwDD8KJjy0Fdq6AjvXXaU/500-700-SHU-Santa-Fe-Grande-Chili.jpg_350x350.jpg
000083.jpg,https://i.pinimg.com/originals/36/51/8d/36518dec084650284494733a8d003db0.jpg
000084.jpg,https://i.pinimg.com/originals/b6/61/72/b66172365d405efb274e7426fbfb3a63.jpg
000085.jpg,https://pics.davesgarden.com/pics/2011/08/13/carotcruncha/82ce1a.jpg
000086.jpg,https://media.gettyimages.com/photos/yellow-santa-fe-grande-chili-peppers-picture-id926762408
000087.jpg,https://cdn.shopify.com/s/files/1/0871/0950/products/SantaFeGrande_1024x1024.jpg?v=1543506902
000088.jpg,https://flowerseeds.co.nz/image/cache/catalog/santa-fe-grande-pepper-15-sporoi-71-630x552.jpg
000089.jpg,https://www.chilipeppermadness.com/wp-content/uploads/2019/09/Santa-Fe-Grande-Pepper.jpg
000090.jpg,https://i.etsystatic.com/14438497/r/il/72199c/1204458218/il_fullxfull.1204458218_aki0.jpg
000091.jpg,https://s3.amazonaws.com/plants-map-prod/image/plant_pics/avatars/000/002/240/large/image_312.jpg?1462445060
000092.jpg,http://1.bp.blogspot.com/-qXb2G6CTnd8/UCXNF2LX7iI/AAAAAAAAA5Q/UxZAz1VikOU/s1600/IMG_5486.JPG
000093.jpg,https://cdn11.bigcommerce.com/s-f6cx4kq/images/stencil/1280x1280/products/87/445/santa_fe_grande_pepper_tyler_farms__25026.1407178894.jpg?c=2&imbypass=on
000094.jpg,https://www.seeds-gallery.shop/2979-home_default/santa-fe-grande-guero-chili-samen.jpg
000095.jpg,https://edge.bonnieplants.com/www/uploads/20180920003724/habanro-golden-pepper-480x360.jpg
000096.jpg,http://www.ecoseeds.com/pepper13.JPG
000097.jpg,https://cdn.shopify.com/s/files/1/0161/9332/products/1035_1024x1024.jpg?v=1558263580
000098.jpg,https://rukminim1.flixcart.com/image/832/832/jgjq0sw0/plant-seed/b/t/y/40-ash-gourd-mithai-petha-and-chilli-pepper-santa-fe-grande-original-imaf4qghhphr6e2k.jpeg?q=70
000099.jpg,https://bg-foods-medium.s3.amazonaws.com/trappeys/about/SantaFeGrande.jpg
000100.jpg,https://cf.shopee.ph/file/b9233e0ed74d39014b60b5d9d611b40e
000101.jpg,https://media02.stockfood.com/wmpreviews/MTU1NzE3MTA3/11978239-A-Sorte-Santa-Fe-Grande-chilli-pepper.jpg
000102.jpg,https://sep.yimg.com/ay/yhst-74381645246355/santa-fe-grande-pepper-3.gif
000103.jpg,http://www.ecoseeds.com/PEPPER56.JPG
000104.jpg,https://edge.bonnieplants.com/www/uploads/20180920003953/jalapeno-hot-pepper-480x360.jpg
000105.jpg,https://http2.mlstatic.com/santa-fe-grande-chili-pepper-pimenta-sementes-para-mudas-D_NQ_NP_695059-MLB31466054449_072019-F.webp
000106.jpg,https://www.tomatofifou.com/images/stories/virtuemart/product/santa-fe-grande-pepper-19%20septembre%202018-44.jpg
000107.jpg,https://rukminim1.flixcart.com/image/832/832/jgjq0sw0/plant-seed/a/v/g/65-ash-gourd-mithai-petha-and-chilli-pepper-santa-fe-grande-original-imaf4qghwdqxdbzr.jpeg?q=70
000108.jpg,https://assets.marthastewart.com/styles/wmax-520-highdpi/d34/mld105489_0510_palmsprings_peppers/mld105489_0510_palmsprings_peppers_sq.jpg?itok=FSvBVqsX
000109.jpg,https://secureservercdn.net/198.71.233.109/7zg.b5f.myftpupload.com/wp-content/uploads/2017/04/santefepeppers-lrg.jpg
000110.jpg,https://edge.bonnieplants.com/www/uploads/20180920004027/big-bertha-bell-pepper-480x360.jpg
000111.jpg,https://i0.wp.com/stutzmans.com/catalog/wp-content/uploads/2015/03/sante-fe.gif?fit=500%2C500
000112.jpg,http://i.imgur.com/rZM0ZFS.jpg
000113.jpg,http://www.tomatenundanderes.at/Tagebuch-Fotos/Santa_Fe_Grande_2.jpg
000114.jpg,https://edge.bonnieplants.com/www/uploads/20180920003954/golden-cayenne-pepper-480x360.jpg
000115.jpg,https://migardener.com/wp-content/uploads/images/products/p-1640-317529792.jpg
000116.jpg,https://vignette.wikia.nocookie.net/recipes/images/a/a3/SantaFeGrandeChile.jpg/revision/latest?cb=20080516004125
000117.jpg,https://pics.davesgarden.com/pics/2007/04/05/aries44/e270eb.jpg
000118.jpg,https://cdn.shopify.com/s/files/1/0022/5764/9776/products/santafe_450x.jpg?v=1546816307
000119.jpg,http://www.4seasonsseeds.com.au/WebRoot/ecshared01/Shops/4seasons_seeds/506A/B57E/7A24/D3A1/CD16/AC10/0041/787D/chilli_-_santa_fe_grand_-_23-4-13-029web.JPG
000120.jpg,https://pbs.twimg.com/media/DbnYCItWAAAi1EP.jpg
000121.jpg,https://cf.shopee.ph/file/6358709241652aacdf3229a7a2eb5e4f_tn
000122.jpg,https://edge.bonnieplants.com/www/uploads/20180920004012/poblano-ancho-hot-pepper-480x360.jpg
000123.jpg,http://www.prestoimages.net/store30/rd6368/6368_pd1175813_1.jpg
000124.jpg,https://d2lnr5mha7bycj.cloudfront.net/product-image/file/large_85035e79-2275-447e-ac5e-00fb0cac6539.jpg
000125.jpg,https://garden.org/pics/2012-01-19/DanCarmona/2ffacc-300.jpg
000126.jpg,https://jakeseed.com/wp-content/uploads/2016/10/toro-pepper-324x324.jpg
000127.jpg,https://ci.lnwfile.com/u18obe.jpg
000128.jpg,https://shopcart.nmsu.edu/shopcontent/15/santafegrande.jpg
000129.jpg,https://image.shutterstock.com/image-photo/santa-fe-grande-pepper-on-260nw-1165413814.jpg
000130.jpg,https://cdn.shopify.com/s/files/1/1022/5071/products/pepper-santa-fe-grande-hot-peppers-also-known-as-guero-organically-grown-4_1024x1024.jpg?v=1565030618
000131.jpg,https://unclewaynestomatoes.com/sites/default/files/Santa%20Fe%20Grande%20IMG_1330.JPG
000132.jpg,https://44hobbyfarm.files.wordpress.com/2015/10/img_0946.jpg
000133.jpg,https://q7i2y6d5.stackpathcdn.com/wp-content/uploads/2015/06/hot-pepper-398x600.jpg
000134.jpg,https://cdn.shopify.com/s/files/1/0089/1562/files/Pepper_-_Santa_Fe_Grande_seeds_medium_medium.png?16828
000135.jpg,https://1.bp.blogspot.com/-_4v6h20p1Uk/WaWFNFMxhnI/AAAAAAAAHQY/yGhSmnUo96sV-2BLXJ_p6NM1Qb7behKMQCLcBGAs/s1600/peppers1.jpg
000136.jpg,https://upload.wikimedia.org/wikipedia/commons/thumb/2/26/Cubanelle_Peppers.jpg/280px-Cubanelle_Peppers.jpg
000137.jpg,https://i.ytimg.com/vi/sE_xKIvA8Yc/maxresdefault.jpg
000138.jpg,http://www.modestoseeds.com/v1/vegetables/op_in/pepper/images/santefegrande.jpg
000139.jpg,https://www.skinnytaste.com/wp-content/uploads/2012/09/Santa-Fe-Turkey-Stuffed-Peppers-550x825.jpg
000140.jpg,https://edge.bonnieplants.com/www/uploads/20180920004021/garden-salsa-hot-pepper-480x360.jpg
000141.jpg,https://i5.walmartimages.com/asr/de20e3d9-857b-46ae-98d4-ece97b193391_1.430d6d8eaf5725beef324893a0d5b32c.jpeg?odnHeight=450&odnWidth=450&odnBg=FFFFFF
000142.jpg,http://www.tomatenundanderes.at/Tagebuch-Fotos/Santa_Fe_Grande_3.jpg
000143.jpg,https://www.devonchilifarm.hu/wp-content/uploads/2019/01/Espelette-type-Chilli-Seeds-Capsicum-anuum-Gorria-324x324.jpg
000144.jpg,http://2.bp.blogspot.com/_sMmdXW6XKcs/TMc0GI7SGYI/AAAAAAAAACQ/1rIlAG5hbY4/s1600/Santa+Fe+Grande.JPG
000145.jpg,http://www.hotwinterhotsauce.com/uploads/1/5/9/3/15930756/s416374885531905770_p12_i6_w640.jpeg
000146.jpg,https://upload.wikimedia.org/wikipedia/commons/3/37/Trinidad_Moruga_Scorpion.jpg
000147.jpg,https://www.devonchilifarm.hu/wp-content/uploads/2019/01/Fresh-Carolina-Reaper-Red-324x324.jpg
000148.jpg,https://bg-foods-medium.s3.amazonaws.com/trappeys/heros/Mobile%20header%20small.jpg
000149.jpg,https://pepperheadsforlife.com/wp-content/uploads/2010/12/santa-fe-grande-pepper.jpg
000150.jpg,https://upload.wikimedia.org/wikipedia/commons/9/9b/Hatch_green_chile.jpg
000151.jpg,https://heritageseedmarket.com/wp-content/uploads/2018/01/corno-di-capra-BHS-324x324.jpg
000152.jpg,https://billiggro.dk/1171-large_default/santa-fe-grande-chili-fro-.jpg
000153.jpg,https://chasingchilli.com.au/wp-content/uploads/2017/04/Carolina-Reaper.png
000154.jpg,https://skinnypancakes.files.wordpress.com/2014/09/img_0105.jpg
000155.jpg,http://4.bp.blogspot.com/-FzoG1D9bUus/TfBsqWd8aEI/AAAAAAAAAKQ/VzzEyjJYpGw/s1600/Peppers+6-8.jpg
000156.jpg,https://img.ruten.com.tw/s2/4/bd/34/21516077857076_888.jpg
000157.jpg,https://s3.amazonaws.com/plants-map-prod/image/plant_pics/avatars/000/018/211/large/image.jpg?1462533665
000158.jpg,http://www.chilibaron.ch/images/stories/virtuemart/product/Santa_Fe_Grande.jpg
000159.jpg,https://bg-foods-medium.s3.amazonaws.com/trappeys/about/Jalapeno.jpg
000160.jpg,https://images.homedepot-static.com/productImages/a85aae7e-7e6a-42a7-8cfe-3347b82119b5/svn/burpee-vegetable-herb-seeds-66688-64_1000.jpg
000161.jpg,https://www.piedmontfarmandgarden.com/v/vspfiles/photos/PPP160-2.jpg
000162.jpg,http://www.santafecattleco.com/Nacho%20Grande.png
000163.jpg,https://signofthesauce.com/wp-content/uploads/2017/10/Santa-Fe-Chili-Pepper-Chili-Pepper.jpg
000164.jpg,https://www.thedailymeal.com/sites/default/files/story/2016/shutterstock_299659514.jpg
000165.jpg,http://ideas.oggardenonline.com/thumbnail/da/2018-vegetables/santa-fe-grande-hot-pepper.jpg
000166.jpg,http://www.ecoseeds.com/PEPPER14.JPG
000167.jpg,http://www.tradewindsfruit.com/content/images/santaka-pepper.jpg
000168.jpg,https://edge.bonnieplants.com/www/uploads/20180920004000/mucho-nacho-jalapeno-hot-pepper-480x360.jpg
000169.jpg,http://2.bp.blogspot.com/_sMmdXW6XKcs/TMc0GI7SGYI/AAAAAAAAACQ/1rIlAG5hbY4/w1200-h630-p-k-no-nu/Santa+Fe+Grande.JPG
000170.jpg,https://www.hotwinterhotsauce.com/uploads/1/5/9/3/15930756/4886398_orig.jpg
000171.jpg,https://image.shutterstock.com/image-photo/dried-red-chili-peppers-santa-260nw-1069376279.jpg
000172.jpg,https://www.sfreporter.com/resizer/fyXbLbitrLJBKR6bxuhfD3wzKnY=/1500x0/filters:quality(100)/s3.amazonaws.com/arc-wordpress-client-uploads/sfr/wp-content/uploads/2017/10/25094718/10-New-Baking-Company-1.jpg
000173.jpg,https://img.tradera.net/medium/634/294086634_f12dff62-4fe6-425b-802b-29492c415b64.jpg
000174.jpg,https://i0.wp.com/iamnm.com/wp-content/uploads/2015/04/Santa-Fe-Grande-Pepper.jpg?resize=600%2C450&ssl=1
000175.jpg,https://bg-foods-medium.s3.amazonaws.com/trappeys/about/TabascoPepper.jpg
000176.jpg,https://www.letsgrow.dk/wp-content/uploads/2014/07/santa-fe-grande.jpg
000177.jpg,https://44hobbyfarm.files.wordpress.com/2015/09/img_1621.jpg?w=300&h=225
000178.jpg,https://www.pepperscale.com/wp-content/uploads/2017/02/peperone-di-senise-e1486858956795.jpg
000179.jpg,https://mojepomidory.pl/2790-home_default/papryka-santa-fe-grande.jpg
000180.jpg,https://farm7.staticflickr.com/6148/6005163651_95476fe226_b.jpg
000181.jpg,https://www.chilipeppermadness.com/wp-content/uploads/2019/09/Temp-Pepper-Types.jpg
000182.jpg,https://backyard-eden.com/wp-content/uploads/2018/05/lemon-drop-pepper-hot-pepper-backyard-eden-370x270.jpg
000183.jpg,https://www.pepperscale.com/wp-content/uploads/2014/10/hot-pepper-list-768x511.jpeg
000184.jpg,http://i111.photobucket.com/albums/n160/bgpadios/SerranoTampiquenoingarden8-31-11.jpg
000185.jpg,https://www.rareseeds.com/assets/1/14/DimLarge/Pepper-Chinese-Five-Color-LSS-0410.jpg
000186.jpg,http://growveg.info/images/uploads/118/2015.11/DSC07330.68211.jpg
000187.jpg,https://bg-foods-medium.s3.amazonaws.com/trappeys/about/CayennePepper.jpg
000188.jpg,https://seedsandplants.co.za/wp-content/uploads/2017/03/Chilli_BhutJolokia3.jpg
000189.jpg,https://davesgarden.com/guides/pf/thumbnail.php?image=2006/03/29/aries44/3d6855.jpg&widht=700&height=312
000190.jpg,https://image.shutterstock.com/image-photo/red-peppers-santa-fe-new-260nw-1218824830.jpg
000191.jpg,https://edge.bonnieplants.com/www/uploads/20180920002214/pequin-chili-pepper-iStock.jpg
000192.jpg,https://images.media-allrecipes.com/userphotos/560x315/2513802.jpg
000193.jpg,https://wolfpeachfarm.files.wordpress.com/2016/07/s-f-g.jpg?w=656
000194.jpg,https://www.tomatofifou.fr/images/stories/virtuemart/product/santa-fe-grande-pepper-19%20septembre%202018-3.jpg
000195.jpg,http://www.tomatenundanderes.at/Tagebuch-Fotos/Santa_Fe_Grande_1.jpg
000196.jpg,https://c1.staticflickr.com/5/4351/36265050202_3759af35d1_b.jpg
000197.jpg,https://static.onecms.io/wp-content/uploads/sites/34/2013/08/19030652/santa-fe-grande-peppers-165-d110163_vert.jpg
000198.jpg,https://images.homedepot-static.com/productImages/55cde6cd-f764-43c4-b36a-0e9ef9b4b967/svn/stover-vegetable-herb-seeds-79078-6-64_1000.jpg
000199.jpg,https://www.thechilewoman.com/shop/images/SFgrande.jpeg
000200.jpg,https://s3.amazonaws.com/plants-map-prod/image/plant_pics/avatars/000/001/966/large/image_252.jpg?1462444774
000201.jpg,http://www.ecoseeds.com/PEPPER20.JPG
000202.jpg,https://jakeseed.com/wp-content/uploads/2015/01/manzano-324x324.jpg
000203.jpg,https://www.rogersgardens.com/wp-content/uploads/2019/02/lemon_drop.23132643_std.jpg
000204.jpg,https://sep.yimg.com/ca/I/yhst-134474119746231_2253_41195969
000205.jpg,https://64f3af98a19fcdc38cfe-39a6ad9c1a35b5ccf200eff7491ba20a.ssl.cf1.rackcdn.com/prod_24999_12339.V1.jpg
000206.jpg,https://www.barney.dk/wp-content/uploads/2016/06/IMG_1253.jpg
000207.jpg,http://www.loganzenner.com/wp-content/uploads/2016/10/Tabby-F1-300x300.jpg
000208.jpg,https://www.peperoncino.org/wp-content/uploads/2018/11/Santa_Fe_Grande.jpg
000209.jpg,https://www.seedsbydesign.com/_ccLib/image/plants/THUM-1939.jpg
000210.jpg,https://backyard-eden.com/wp-content/uploads/2018/04/bhut-jolokia-ghost-pepper-backyard-eden-370x270.jpg
000211.jpg,https://3.allegroimg.com/original/0366f3/a880d3e74b27aebd06012ff4f993
000212.jpg,https://cdn.shopify.com/s/files/1/0119/6277/7659/products/57_c5776d5d-eb5d-47d3-8e78-2a2e800c7581_grande.jpg?v=1540393047
000213.jpg,https://www.chillisgalore.co.uk/images/diary/2005/santfegrande2.jpg
000214.jpg,https://www.rareseeds.com/assets/1/14/DimLarge/Pepper-Hot-Tabasco-HPP106-LSS-000_6902.jpg
000215.jpg,https://lineaverdeonline.it/wp-content/uploads/2018/02/img_5533.jpg
000216.jpg,https://i.ytimg.com/vi/wCE8iZsm8vs/maxresdefault.jpg
000217.jpg,https://ae01.alicdn.com/kf/HTB1PSCbXjnuK1RkSmFPq6AuzFXap/Vegetables-pepper-bonsai-50pcs-SANTA-FE-GRANDE-COLORFUL-MILD-PROLIFIC-PRODUCER-Potted-plants.jpg
000218.jpg,http://www.ecoseeds.com/PEPPER26.JPG
000219.jpg,https://kokopelli-semences.fr/media/cache/resolve/shop_product_large_thumbnail_2x/p5215-1.jpg
000220.jpg,https://image.shutterstock.com/image-photo/santa-fe-peppers-growing-my-260nw-1435890224.jpg
000221.jpg,http://i.imgur.com/gBt1f.jpg
000222.jpg,http://growveg.info/images/uploads/118/2015.11/DSC07331.98072.jpg
000223.jpg,https://s3.amazonaws.com/plants-map-prod/image/plant_pics/avatars/000/015/226/large/image.jpg?1462525199
000224.jpg,https://i1.wp.com/iamnm.com/wp-content/uploads/2015/04/Jalapeno-Pepper.jpg?resize=600%2C401&ssl=1
000225.jpg,https://www.tripsavvy.com/thmb/hycY31z5N39iqflPgeKj15LkvAc=/2121x1414/filters:fill(auto,1)/GettyImages-638984756-59744d2d22fa3a001069bfe2.jpg
000226.jpg,https://www.seedsbydesign.com/_ccLib/image/plants/THUM-1981.jpg
000227.jpg,http://www.loganzenner.com/wp-content/uploads/2016/10/Pageant-F1-300x300.jpg
000228.jpg,http://www.cliffsnotesbeerguide.com/wp-content/uploads/chimayo01.jpg
000229.jpg,https://bg-foods-medium.s3.amazonaws.com/trappeys/about/Pepperoncini.jpg
000230.jpg,https://image.shutterstock.com/image-photo/red-hot-chili-peppers-santa-260nw-1241099059.jpg
000231.jpg,https://littlelagarden.files.wordpress.com/2013/07/p1020458.jpg
000232.jpg,https://i.ytimg.com/vi/zSw_wf_FOHM/maxresdefault.jpg
000233.jpg,https://www.goldberg-gartenschatz.com/media/catalog/product/cache/7/image/9df78eab33525d08d6e5fb8d27136e95/c/h/chili-santa-fe-grande-001.jpg
000234.jpg,https://www.chilipeppermadness.com/wp-content/uploads/2019/09/Sonoran-Peppers.jpg
000235.jpg,https://www.rareseeds.com/assets/1/14/dimregular/spice-jalapeno-pepper-series1.jpg
000236.jpg,http://www.ecoseeds.com/PEPPER17.JPG
000237.jpg,https://s3.amazonaws.com/plants-map-prod/image/plant_pics/avatars/000/003/428/large/photo_203_7.JPG?1462447738
000238.jpg,https://www.seedsbydesign.com/_ccLib/image/plants/THUM-1918.jpg
000239.jpg,https://cdn.shopify.com/s/files/1/0934/6252/products/chile_temperature_chart_04_a3afb62d-d8eb-4246-b188-0d6fcc186929_620x.jpg?v=1545506061
000240.jpg,http://i.imgur.com/ibXpw3F.jpg
000241.jpg,https://cdn2.shopify.com/s/files/1/0196/8750/6020/products/41R8XDmJ8-L._UL1500_1052x700.jpg?v=1551902685
000242.jpg,https://jakeseed.com/wp-content/uploads/2017/12/italian-wax-324x324.jpg
000243.jpg,https://www.meijer.com/content/dam/meijer/product/0071/53/3943/21/0071533943215_0_A1C1_1200.png
000244.jpg,https://www.tomatofifou.fr/images/stories/virtuemart/product/santa-fe-grande-02%20septembre%202018-2.jpg
000245.jpg,https://cdn.shopify.com/s/files/1/0871/0950/products/Seed-Catalog_1024x1024.jpg?v=1566339704
000246.jpg,https://www.thechilewoman.com/shop/images/Jalapeno.jpg
000247.jpg,https://s3-us-west-1.amazonaws.com/demeter-assets/images/seeds/deae68e88f97402be986416ee18c6ad6_Santa_Fe_Grande_Pepper_0.jpg
000248.jpg,https://upload.wikimedia.org/wikipedia/commons/thumb/5/50/Madame_Jeanette_and_other_chillies.jpg/1200px-Madame_Jeanette_and_other_chillies.jpg
000249.jpg,https://i.ytimg.com/vi/3ptEEuocUI4/maxresdefault.jpg
000250.jpg,https://cdn.shopify.com/s/files/1/0119/6277/7659/products/57_f6853a3d-5f48-4faa-8846-e28ccf7c8b22_grande.jpg?v=1540392933
000251.jpg,https://shopcart.nmsu.edu/shopcontent/15/veterans-day.jpg
000252.jpg,http://maidokonline.com/product/1466565017-Grotefoto-7ZP4FBGU.jpg
000253.jpg,https://scontent-yyz1-1.cdninstagram.com/vp/8227da3fcd2574eaa1cdba04c0e72e59/5DFCE775/t51.2885-15/e15/c0.90.720.720a/s640x640/65773727_145345243197437_2005266046104602065_n.jpg?_nc_ht=scontent-yyz1-1.cdninstagram.com&_nc_cat=105
000254.jpg,https://i.guim.co.uk/img/static/sys-images/Guardian/Pix/pictures/2011/6/10/1307700269182/Gardens-Chillies-006.jpg?width=1200&height=630&quality=85&auto=format&fit=crop&overlay-align=bottom%2Cleft&overlay-width=100p&overlay-base64=L2ltZy9zdGF0aWMvb3ZlcmxheXMvdGctZGVmYXVsdC5wbmc&enable=upscale&s=8671cd7b7486381a0448712d7c02f586
000255.jpg,https://shopcart.nmsu.edu/shopcontent/15/cinco-de-mayo.jpg
000256.jpg,https://portalvhds26k4f5tktj3ck.blob.core.windows.net/spotpics/sp46406.jpg
000257.jpg,https://backyard-eden.com/wp-content/uploads/2018/05/Pasilla-bajio-pepper-backyard-eden-370x270.jpg
000258.jpg,https://www.rareseeds.com/assets/1/14/dimregular/pepper-hot-datil-lss-dsc_6934.jpg
000259.jpg,https://edge.bonnieplants.com/www/uploads/20180920003943/dragon-cayenne-pepper.jpg
000260.jpg,http://www.ecoseeds.com/PEPPER5.JPG
000261.jpg,https://ae01.alicdn.com/kf/HTB1kQ9OIFXXXXXXapXXq6xXFXXXP/150-SANTA-FE-GRANDE-Guero-Chili-PEPPER-Capsicum-Seeds.jpg
000262.jpg,https://scontent-lga3-1.cdninstagram.com/vp/339aa07769f4173b6fe64dd10edd6c5b/5DD0AC5A/t51.2885-15/e35/s480x480/66607752_350509389208030_5722086587203183472_n.jpg?_nc_ht=scontent-lga3-1.cdninstagram.com&ig_cache_key=MjA5NTkxNTgxOTY5NDc2NzE3MQ%3D%3D.2
000263.jpg,http://i111.photobucket.com/albums/n160/bgpadios/SantaFeGrande8-31-11.jpg
000264.jpg,https://www.seedsbydesign.com/_ccLib/image/plants/THUM-1111.jpg
000265.jpg,https://www.burpee.com/dw/image/v2/ABAQ_PRD/on/demandware.static/-/Sites-masterCatalog_Burpee/default/dw3ab5d4bc/Images/Product%20Images/prod000825/prod000825.jpg?sw=265&sh=312&sm=fit
000266.jpg,https://i.ytimg.com/vi/8czlxQAJtgw/maxresdefault.jpg
000267.jpg,https://bg-foods-medium.s3.amazonaws.com/trappeys/about/Serrano.jpg
000268.jpg,https://www.rogersgardens.com/wp-content/uploads/2019/02/Bhut-Jolokia-%E2%80%9CRed-Ghost%E2%80%9D-e1551293549900.jpg
000269.jpg,http://res.cloudinary.com/sagacity/image/upload/c_crop,h_515,w_692,x_8,y_10/c_scale,w_640/v1396736800/14a72d37bb31db7a3d3e028224069a91_large_ygtf6p.jpg
000270.jpg,https://scontent-sjc3-1.cdninstagram.com/v/t51.2885-15/e35/s320x320/67787998_150205036072434_7636116079452026537_n.jpg?_nc_ht=scontent-sjc3-1.cdninstagram.com&oh=979f9036c75130f456da8a3dc4ff8615&oe=5E016DA9&ig_cache_key=MjExOTMxMDE0MDY3ODE2Nzc5MQ%3D%3D.2
000271.jpg,https://image.shutterstock.com/image-photo/chili-peppers-sale-market-santa-260nw-1309121044.jpg
000272.jpg,https://upload.wikimedia.org/wikipedia/commons/thumb/0/03/Carolina_Reaper_pepper_pods.jpg/1200px-Carolina_Reaper_pepper_pods.jpg
000273.jpg,https://shopcart.nmsu.edu/shopcontent/15/orange-jalapeno2.jpg
000274.jpg,http://ideas.oggardenonline.com/thumbnail/id/2018-vegetables/santa-fe-grande-hot-pepper.jpg
000275.jpg,https://media.karousell.com/media/photos/products/2018/08/01/sante_fe_grande_hot_pepper_1533117689_53d87294_progressive.jpg
000276.jpg,http://www.ecoseeds.com/PEPPER67.JPG
000277.jpg,http://www.loganzenner.com/wp-content/uploads/2017/01/8620-300x300.jpg
000278.jpg,https://www.rareseeds.com/assets/1/14/dimregular/apocalype-scorpion.jpg
000279.jpg,https://www.tomatofifou.fr/images/stories/virtuemart/product/santa-fe-grande-02%20septembre%202018-3.jpg
000280.jpg,https://www.oyster.com/wp-content/uploads/sites/35/2019/05/santa-fe-new-mexico-v16693724-1440-1024x683.jpg
000281.jpg,http://www.heliotricity.com/wp-content/uploads/2018/01/Anaheim-chile-peppers.jpg
000282.jpg,https://www.seedsbydesign.com/_ccLib/image/plants/THUM-1152.jpg
000283.jpg,https://bg-foods-medium.s3.amazonaws.com/trappeys/about/CherryPepper.jpg
000284.jpg,https://aggie-horticulture.tamu.edu/newsletters/hortupdate/hortupdate_archives/2007/jul07/ChilePepper.jpg
000285.jpg,https://www.pepperseeds.eu/pub/media/catalog/product/cache/b56a9049443cfaeedfe24666b14227c1/s/u/super_chili.jpg
000286.jpg,https://upload.wikimedia.org/wikipedia/commons/c/c7/Fresno_pepper_4.jpg
000287.jpg,http://www.heliotricity.com/wp-content/uploads/2018/01/Haban%CC%83ero-Peppers-on-plant.jpg
000288.jpg,https://www.rogersgardens.com/wp-content/uploads/2019/02/hot-pepper-anaheim_LRG-800x800.jpg
000289.jpg,https://image.shutterstock.com/image-photo/red-hot-chili-peppers-santa-260nw-1409029820.jpg
000290.jpg,https://images-eu.ssl-images-amazon.com/images/I/41s6KA0DmqL.jpg
000291.jpg,https://www.tomatofifou.fr/images/stories/virtuemart/product/santa-fe-grande-21%20ao%C3%BBt%202018.jpg
000292.jpg,https://www.odlingsklubben.se/wp-content/uploads/2016/12/Santa_Fe_Grande-2.jpg
000293.jpg,https://render.fineartamerica.com/images/rendered/medium/tote-bag/images-medium-5/santa-fe-grande-hot-peppers-on-bush-panoramic-images.jpg
000294.jpg,https://www.rareseeds.com/assets/1/14/dimregular/spice-jalapeno-pepper-series2.jpg
000295.jpg,https://images.homedepot-static.com/productImages/c1897672-592f-4b39-b737-96203e766bbb/svn/gurney-s-vegetable-herb-seeds-09519-64_400.jpg
000296.jpg,https://www.chilipeppermadness.com/wp-content/uploads/2013/09/Espanola-Pepper.jpg
000297.jpg,http://shop.urlmuellers.at/WebRoot/Store/Shops/es108527_urlmuellers_shop/493D/6CC6/CB10/278C/FAA6/50ED/8961/B25D/36.JPG
000298.jpg,http://1.bp.blogspot.com/-sjRx5Ji9ol0/TgoIvnSz8eI/AAAAAAAAJ3g/fLC4kiKyNgQ/s1600/picsay-1309280451.jpg
000299.jpg,https://2486634c787a971a3554-d983ce57e4c84901daded0f67d5a004f.ssl.cf1.rackcdn.com/las-palomas-hotel-in-santa-fe/media/cache/LasPalomas-SantaFe-FarmersMarket-5911f4af003df-480x300.jpg
000300.jpg,https://www.seedsbydesign.com/_ccLib/image/plants/THUM-1938.jpg
000301.jpg,http://www.ecoseeds.com/PEPPER55.JPG
000302.jpg,https://backroads-web.s3.amazonaws.com/images/trips/2018/slideshow/secondary/BNMI-santefe-taos-bike-tour-10.jpg
000303.jpg,http://vivis-chili.dk/wp-content/gallery/santa-fe-grande/santa-fe-grande-fine-modningsfarver.jpg
000304.jpg,https://i.ebayimg.com/images/i/111687970093-0-1/s-l600.jpg
000305.jpg,https://c1.staticflickr.com/7/6209/6076473494_7fe236e4aa_b.jpg
000306.jpg,https://ae01.alicdn.com/kf/HTB1pUSaXiYrK1Rjy0Fdq6ACvVXab/Vegetables-pepper-bonsai-50pcs-SANTA-FE-GRANDE-COLORFUL-MILD-PROLIFIC-PRODUCER-Potted-plants.jpg
000307.jpg,https://image.shutterstock.com/image-photo/unripe-cubanelle-pepper-santa-fe-260nw-1472998601.jpg
000308.jpg,http://www.heliotricity.com/wp-content/uploads/2018/01/NuMex-Heritage-Hatch-6-4-Chile-Peppers.jpg
000309.jpg,https://pbs.twimg.com/media/ChukVoLW0AALJKW.jpg
000310.jpg,https://unclewaynestomatoes.com/sites/default/files/styles/large/public/Sante%20fe%20Grande%20-%20Hazzard%27s.jpg?itok=aYo4crT9
000311.jpg,https://upload.wikimedia.org/wikipedia/commons/thumb/9/9b/Capsicum_-Chili_-_Peperoncino_-_Il_Viagra_Calabrese_-_Calabria_-_Italy_-_July_17th_2013_-_02.jpg/1200px-Capsicum_-Chili_-_Peperoncino_-_Il_Viagra_Calabrese_-_Calabria_-_Italy_-_July_17th_2013_-_02.jpg
000312.jpg,https://heritageseedmarket.com/wp-content/uploads/2018/01/santa-fe-3-BHS-350x350.jpg
000313.jpg,https://weloveshon.com/i-west/Pepper-1.jpg
000314.jpg,https://www.pepperscale.com/wp-content/uploads/2014/11/ancho-pepper_1-1024x680.jpg
000315.jpg,https://cdn.shopify.com/s/files/1/0871/0950/products/jalorangespiceppepperpic_1024x1024.jpg?v=1548800707
000316.jpg,https://www.irinas-shop.de/images/P246_vvv%20Santa%20Fe%20Grande%20Chili%20Bild_c.jpg
000317.jpg,https://dta0yqvfnusiq.cloudfront.net/tortillaflats/2017/06/TotillaFlats-ChileSauce-Blog-59443eba0887c.jpg
000318.jpg,https://ekzotomat.in.ua/image/cache/catalog/santa-fe-grande/20180812_140713-800x598.jpg
000319.jpg,http://i.imgur.com/cM55Cdn.jpg
000320.jpg,https://chilitermesztes.files.wordpress.com/2017/11/szc3a1rc3adtott_chili3.jpg?w=616
000321.jpg,http://cdn.shopify.com/s/files/1/0934/6252/products/every_pepper_listed_1200x630.jpg?v=1545506248
000322.jpg,https://cdn.shopify.com/s/files/1/3105/8454/products/Hot-Winter-Sante-Fe-Grande-myPanier-_main.jpg?v=1528337010
000323.jpg,https://www.chilipeppermadness.com/wp-content/uploads/2013/10/Diablo-Grande-Peppers.jpg
000324.jpg,http://www.heliotricity.com/wp-content/uploads/2018/01/Infinity-Chili-Pepper.jpg
000325.jpg,https://www.tomatofifou.fr/images/stories/virtuemart/product/santa-fe-grande-12%20avril%202018-5.jpg
000326.jpg,http://www.cripplecreekcreationsinc.com/uploads/7/4/6/6/7466399/s520218686269416041_p2_i1_w1025.jpeg
000327.jpg,https://shopcart.nmsu.edu/shopcontent/15/numex-lemon-spice.jpg
000328.jpg,http://www.hotwinterhotsauce.com/uploads/1/5/9/3/15930756/s416374885531905770_p12_i3_w640.jpeg
000329.jpg,https://image.shutterstock.com/image-photo/ripe-jalapeno-pepper-orange-unripe-260nw-1472996348.jpg
000330.jpg,https://imagesvc.meredithcorp.io/v3/mm/image?url=https%3A%2F%2Fimg1.cookinglight.timeinc.net%2Fsites%2Fdefault%2Ffiles%2Fstyles%2Fmedium_2x%2Fpublic%2Fimage%2F2017%2F08%2Fmain%2Fslow-cooker-santa-fe-meatloaf-1709p78.jpg%3Fitok%3DHXEYxvkf&w=450&c=sc&poi=face&q=85
000331.jpg,https://www.pepperscale.com/wp-content/uploads/2013/10/chipotle-pepper-1-768x513.jpeg
000332.jpg,https://dashndelish.com/wp-content/uploads/2018/08/hipstamaticphoto-555726444.126530.jpg
000333.jpg,https://farm5.staticflickr.com/4117/4880417124_5da6839ac8_b.jpg
000334.jpg,https://images-eu.ssl-images-amazon.com/images/I/51n2jE%2Bfs6L.jpg
000335.jpg,https://www.picclickimg.com/d/l400/pict/320589790724_%F0%9F%94%A5-%F0%9F%8C%B6%EF%B8%8F-TAM-Jalapeno-Chili-s%C3%BC%C3%9F-f%C3%BCr-Kinder.jpg
000336.jpg,https://www.thespruceeats.com/thmb/evOS_iZQ-JXKQ-pjnmFim4MGmjM=/425x326/filters:no_upscale():max_bytes(150000):strip_icc()/GettyImages-495634572-968c1621a8a843f999f9282af85c9a64.jpg
000337.jpg,https://www.seedsbydesign.com/_ccLib/image/plants/THUM-1170.jpg
000338.jpg,https://cdn.shopify.com/s/files/1/0119/6277/7659/products/57_f102d3a9-9634-4fe6-aabc-6040c2ede508_grande.jpg?v=1540393081
000339.jpg,https://file1.hpage.com/002789/98/bilder/58_santa_fe_grande_fruechte_3.jpg
000340.jpg,https://www.rareseeds.com/assets/1/14/DimLarge/Pepper-Chocolate-Bhut-Jolokia-LSS-2811.jpg
000341.jpg,https://cdn.shopify.com/s/files/1/0871/0950/products/puyapepperpicfrompkt_1024x1024.jpg?v=1554244044
000342.jpg,https://upload.wikimedia.org/wikipedia/commons/thumb/8/8e/Chile_pequin_fruit_and_flower_closeup.jpg/1200px-Chile_pequin_fruit_and_flower_closeup.jpg
000343.jpg,http://www.tradewindsfruit.com/content/images/habanero-pastel-pepper.jpg
000344.jpg,https://www.vreeken.nl/afbv/209380-peper-sarena-sante-fe-grande.jpg
000345.jpg,https://www.rareseeds.com/assets/1/14/DimLarge/Haskorea-pepper.jpg
000346.jpg,https://static.mercadoshops.com/santa-fe-grande-chili-pepper-pimenta-sementes-frete-gratis_iZ1076249895XsZ49319539XpZ7XfZ49319539-1274505390-7XvZgrandexIM.jpg?v=master-20190826_083842
000347.jpg,https://farm7.staticflickr.com/6147/6005714464_2b260c94d8_b.jpg
000348.jpg,https://www.healthbenefitstimes.com/9/uploads/2013/06/Habanero-chili-pepper.jpg
000349.jpg,https://www.thespruceeats.com/thmb/au9VP_glQVxMKi4eIgt8zk9nYWA=/425x326/filters:no_upscale():max_bytes(150000):strip_icc()/GettyImages-183060953-587e52ee5f9b584db3ee1415.jpg
000350.jpg,http://i.imgur.com/nmGjnZh.jpg
000351.jpg,https://www.seedsbydesign.com/_ccLib/image/plants/THUM-2003.jpg
000352.jpg,http://www.ecoseeds.com/hung.yellow.wax.GIF
000353.jpg,http://www.atriscocafe.com/image/36553454.jpg
000354.jpg,https://www.seedsbydesign.com/_ccLib/image/plants/THUM-1988.jpg
000355.jpg,https://image.shutterstock.com/image-photo/jalapeno-pepper-santa-fe-on-260nw-1472997011.jpg
000356.jpg,https://shopcart.nmsu.edu/shopcontent/15/april-fools2.jpg
000357.jpg,http://www.hellomojo.in/wp-content/uploads/2018/05/kakbiznes.ru_20130206022527_golabad-capsicum_annuum3-300x300.jpg
000358.jpg,https://bg-foods-medium.s3.amazonaws.com/trappeys/placeholders/Trappeys-share-image.jpg
000359.jpg,https://www.lnwdropship.com/assets/lnwf/ci.lnwfile.com/_resize_images/600/600/xg/0k/qz.jpg
000360.jpg,https://www.picclickimg.com/d/l400/pict/253225809010_/463-KINGS-PREMIER-QUALITY-purple-serano-hot-chilli.jpg
000361.jpg,http://www.ecoseeds.com/PEPPER64.JPG
000362.jpg,https://st.hzcdn.com/fimgs/0982800504cb407f_8718-w240-h320-b0-p0--.jpg
000363.jpg,http://ecotomato.ru/image/cache/data/PEPPER%20HOT/Santa%20Fe%20Grande%202-310x310.jpg
000364.jpg,https://shopcart.nmsu.edu/shopcontent/15/st.png
000365.jpg,http://resizer.shared.arcpublishing.com/e2aYCVLkZpA1driMVtChryRB2LE=/arc-anglerfish-arc2-prod-bonnier/public/HNAMON4BRNUXEFNFWIVHJVSWMM.jpg
000366.jpg,https://www.chilipeppermadness.com/wp-content/uploads/2019/08/Bell-Peppers.jpg
000367.jpg,http://ideas.oggardenonline.com/thumbnail/ms/2018-vegetables/santa-fe-grande-hot-pepper.jpg
000368.jpg,https://www.seedsbydesign.com/_ccLib/image/plants/THUM-323.jpg
000369.jpg,http://www.gotproduce.us/images/z6.png
000370.jpg,http://www.tradewindsfruit.com/content/images/chimayo-pepper2.jpg
000371.jpg,http://www.heliotricity.com/wp-content/uploads/2018/01/Aji-Panca-Hot-Peppers.jpg
000372.jpg,https://upload.wikimedia.org/wikipedia/commons/thumb/9/97/Scotch_bonnet_chili_pepper.jpg/1200px-Scotch_bonnet_chili_pepper.jpg
000373.jpg,http://www.gourmethaven.dk/billeder/1/3141.jpg
000374.jpg,https://image.shutterstock.com/image-photo/red-hot-chili-peppers-santa-260nw-1409030966.jpg
000375.jpg,http://res.cloudinary.com/simpleview/image/upload/v1523473552/clients/newmexico/hatch_header_808a6195-eab3-47f5-ba77-149ab62f70ee.jpg
000376.jpg,http://www.ecoseeds.com/PEPPER59.JPG
000377.jpg,http://i.imgur.com/bYCq2q9.jpg
000378.jpg,https://www.seedsbydesign.com/_ccLib/image/plants/THUM-331.jpg
000379.jpg,http://www.heliotricity.com/wp-content/uploads/2018/01/Shipka-Hot-Chile-Peppers.jpg
000380.jpg,https://upload.wikimedia.org/wikipedia/commons/f/f6/Poblano_Pepper.jpg
000381.jpg,http://www.tradewindsfruit.com/content/images/aji-llanero-pepper.jpg
000382.jpg,https://shopcart.nmsu.edu/shopcontent/15/pumpin-spice-jalapeno.jpg
000383.jpg,http://www.heliotricity.com/wp-content/uploads/2018/01/Haban%CC%83ero-Peppers-with-seeds.jpg
000384.jpg,http://kufy.info/wp-content/uploads/2019/03/hot-pepper-forum-me-since-i-have-the-time-to-get-into-bagging-or-saving-pepper-seed-but-i-am-in-awe-of-many-of-you-on-this-forum-that-grow-dozens-of-varieties-red-hot-chili-peppers-forum-assago.jpg
000385.jpg,https://shopcart.nmsu.edu/shopcontent/15/bhut-jolokia.jpg
000386.jpg,http://i.imgur.com/buZavgN.jpg
000387.jpg,https://farm7.static.flickr.com/6180/6194402176_b1b831b7a8.jpg
000388.jpg,https://www.rareseeds.com/assets/1/14/dimregular/spice-jalapeno-pepper-series.jpg
000389.jpg,https://pbs.twimg.com/media/EDf-7jUUcAAP5vZ.jpg
000390.jpg,https://www.chililovers.nu/wp-content/uploads/2015/07/scorpion-f1.jpg
000391.jpg,https://chili-shop.org/seiten/fotos/santa_fe_grande_0.jpg
000392.jpg,https://ekzotomat.in.ua/image/cache/catalog/santa-fe-grande/20180812_140631-800x598.jpg
000393.jpg,http://monkey.simonmacdonald.me/wp-content/uploads/chillies2.png
000394.jpg,https://www.cilicen.si/293-large_default/santa-fe-grande-10-semen.jpg
000395.jpg,http://www.tradewindsfruit.com/content/images/malaysian-goronong-pepper.jpg
000396.jpg,http://www.ecoseeds.com/PEPPER62.JPG
000397.jpg,https://chili-shop.org/seiten/fotos/santa_fe_grande_1.jpg
000398.jpg,https://upload.wikimedia.org/wikipedia/commons/thumb/d/d6/Immature_jalapeno_capsicum_annuum_var_annuum.jpeg/1200px-Immature_jalapeno_capsicum_annuum_var_annuum.jpeg
000399.jpg,https://media.gettyimages.com/photos/chili-peppers-for-sale-at-a-farmers-market-picture-id94283222
000400.jpg,https://shopcart.nmsu.edu/shopcontent/15/hontaka2.jpg
000401.jpg,https://ekzotomat.in.ua/image/cache/catalog/santa-fe-grande/20180812_140732-800x598.jpg
000402.jpg,https://thumbs.ebaystatic.com/d/l480/pict/162950070034.jpg
000403.jpg,https://upload.wikimedia.org/wikipedia/commons/thumb/0/03/African_red_devil_peppers.jpg/1200px-African_red_devil_peppers.jpg
000404.jpg,http://i.imgur.com/m1sh3Tb.jpg
000405.jpg,https://lh3.googleusercontent.com/ylI1J2rc-EEuPY3VSNIMM8lIj9-i6X7GXHKinWNTvRg=w376-h667-no
000406.jpg,https://shopcart.nmsu.edu/shopcontent/15/datil3.png
000407.jpg,https://i.ebayimg.com/images/g/AJ4AAOSwsspbig6z/s-l400.jpg
000408.jpg,https://images-na.ssl-images-amazon.com/images/I/51V6Cy%2B5G9L._SR600%2C315_PIWhiteStrip%2CBottomLeft%2C0%2C35_SCLZZZZZZZ_.jpg
000409.jpg,https://bg-foods-medium.s3.amazonaws.com/trappeys/about/BananaPepper.jpg
000410.jpg,https://i.ebayimg.com/images/g/9FUAAOSw1-dbcgJO/s-l300.jpg
000411.jpg,https://shopcart.nmsu.edu/shopcontent/15/chinese-new-year.jpg
000412.jpg,https://i.etsystatic.com/11519553/r/il/68dd21/1685625475/il_794xN.1685625475_d5q1.jpg
000413.jpg,https://i.ebayimg.com/images/g/rB8AAOSwJ2pb6I1P/s-l300.jpg
000414.jpg,https://www.picclickimg.com/d/l400/pict/283393875603_/25-Semi-Peperoncino-piccante-Variet%C3%A0-Anaheim-Chili-Hot.jpg
000415.jpg,https://i.ebayimg.com/images/g/fKwAAOSwe-FU33Te/s-l400.jpg
000416.jpg,http://www.heliotricity.com/wp-content/uploads/2018/01/Chilaca-Chile-Peppers.jpg
000417.jpg,http://demandware.edgesuite.net/sits_pod38/dw/image/v2/ABAQ_PRD/on/demandware.static/-/Sites-masterCatalog_Burpee/default/dwd505e7e2/Images/Product Images/prod002809/prod002809.jpg
000418.jpg,https://bonnieplants.com/wp-content/uploads/santa-fe-grande-hot-pepper.jpg
000419.jpg,http://pics.davesgarden.com/pics/2011/11/03/chimayo/957cf2.jpg
000420.jpg,https://www.pepperscale.com/wp-content/uploads/2017/05/santa-fe-grande-pepper.jpg
000421.jpg,https://www.southdevonchillifarm.co.uk/images/detailed/1/SGseeds1100.jpg
000422.jpg,https://www.rareseeds.com/assets/1/14/DimLarge/Pepper-Santa-Fe-Grande-IMG_6079.jpg
000423.jpg,http://www.rareseeds.com/assets/1/14/DimRegular/Pepper-Santa-Fe-Grande-LSS-0384.jpg
000424.jpg,http://www.rareseeds.com/assets/1/14/DimLarge/Santa-Fe-Grande-HPP119-web-.jpg
000425.jpg,http://i.ebayimg.com/images/i/190827428986-0-1/s-l1000.jpg
000426.jpg,https://cdn.thehippyseedcompany.com/wp-content/uploads/2017/06/Santa-Fee-Grande-7.jpg
000427.jpg,https://cdn.shopify.com/s/files/1/1698/1675/products/Pepper_Hot_Santa_Fe_Grande.jpg
000428.jpg,http://www.tradewindsfruit.com/content/images/santa_fe_grande_pepper.jpg
000429.jpg,https://cdn.shopify.com/s/files/1/0871/0950/products/santafegrandepeppersFIELD_1024x1024.jpg
000430.jpg,http://img.photobucket.com/albums/v163/MizTortuga/Peppers2007/HotPeppers2007-2.jpg
000431.jpg,http://ecx.images-amazon.com/images/I/51GhNa5lmsL._SY300_QL70_.jpg
000432.jpg,https://cdn.shopify.com/s/files/1/1766/2959/products/Santa_Fe_1_2048x.jpg
000433.jpg,http://pics.davesgarden.com/pics/2007/05/15/aries44/9ae7e8.jpg
000434.jpg,http://cdn.shopify.com/s/files/1/0089/1562/products/700xshutterstock_163683887_1024x1024.jpg
000435.jpg,http://migardener.com/wp-content/uploads/images/products/p-1640-317529792.jpg
000436.jpg,http://cdn.shopify.com/s/files/1/0089/1562/products/Pepper_-_Santa_Fe_Grande_seeds_0e14f41a-0298-4fa8-8a62-264811d0c79f_1024x1024.jpg
000437.jpg,http://pics.davesgarden.com/pics/2007/04/05/aries44/e270eb.jpg
000438.jpg,https://www.premierseedsdirect.com/wp-content/uploads/2017/02/41581694.jpg
000439.jpg,https://rareflowers.co.uk/image/cache/catalog/santa-fe-grande-pepper-15-sporoi-71-630x552.jpg
000440.jpg,http://i.ebayimg.com/images/i/151184630203-0-1/s-l1000.jpg
000441.jpg,https://cdn.thehippyseedcompany.com/wp-content/uploads/2017/06/Santa-Fee-Grande-9.jpg
000442.jpg,https://images-na.ssl-images-amazon.com/images/I/41ZOu2oSayL._SY300_QL70_.jpg
000443.jpg,http://cdn.shopify.com/s/files/1/1420/8798/products/pepper-sweethot-santa-fe-grande-capsicum-annuum-seeds-amkha-seed_604_1200x1200.jpg
000444.jpg,https://hortikart.com/wp-content/uploads/2016/03/omaxe-pepper-santa-fe-grande-1.jpg
000445.jpg,http://cdn.shopify.com/s/files/1/0089/1562/products/700xshutterstock_132281360_1024x1024.jpg
000446.jpg,https://s-media-cache-ak0.pinimg.com/236x/a5/69/47/a5694729f0e5bd0c2add20706395ee43.jpg
000447.jpg,https://img1.etsystatic.com/122/0/11226248/il_570xN.864397723_edl8.jpg
000448.jpg,http://pics.davesgarden.com/pics/2011/08/13/carotcruncha/82ce1a.jpg
000449.jpg,https://i.pinimg.com/originals/9a/67/de/9a67de8507396d251288d9a517cb8aa2.jpg
000450.jpg,http://www.bountifulseeds.com/99-thickbox/santa-fe-grande-chilli-pepper-seeds.jpg
000451.jpg,http://cdn.shopify.com/s/files/1/0089/1562/products/700xshutterstock_765814_1024x1024.jpg
000452.jpg,http://cdn.shopify.com/s/files/1/0089/1562/products/page_ae48cdf1-d2c7-45a5-b982-ed182994a756_1024x1024.jpg
000453.jpg,http://www.chileplants.com/images/chiles/santa-fe-grande-pepper-seeds.jpg
000454.jpg,http://pics.davesgarden.com/pics/2011/11/03/chimayo/37a9c9.jpg
000455.jpg,http://cdn.shopify.com/s/files/1/0871/0950/products/santafegrandess2015_large.jpg
000456.jpg,https://iamnm.com/wp-content/uploads/2015/04/Santa-Fe-Grande-Pepper-600x450.jpg
000457.jpg,http://pleasuresandpastimes.com/wp-content/uploads/2018/01/Santa-Fe-Grande-Chli.jpg
000458.jpg,http://cdn.shopify.com/s/files/1/0089/1562/products/Pepper_-_Santa_Fe_Grande_seeds_1_1024x1024.jpg
000459.jpg,https://www.seeds-gallery.shop/2979-home_default/hot-chilli-pepper-seeds-santa-fe-grande-guero.jpg
000460.jpg,https://www.seeds-gallery.shop/7174-home_default/hot-chilli-pepper-seeds-santa-fe-grande-guero.jpg
000461.jpg,http://eliotseats.com/wp-content/uploads/2013/08/2013-08-25-17.33.09.jpg
000462.jpg,http://cdn.shopify.com/s/files/1/0089/1562/products/Pepper_-_Santa_Fe_Grande_seeds_3_1024x1024.jpg
000463.jpg,https://www.edenbrothers.com/store/media/Seeds-Vegetables/ss_size1/SVPEP133-1.jpg
000464.jpg,http://davesgarden.com/guides/pf/thumbnail.php?image=2006/03/29/aries44/3d6855.jpg
000465.jpg,https://cdn.shopify.com/s/files/1/1681/7153/products/hot-winter-santa-fe_2048x.jpg
000466.jpg,https://www.seeds-gallery.shop/2958-large_default/hot-chilli-pepper-seeds-santa-fe-grande-guero.jpg
000467.jpg,http://preppings.com/wp-content/uploads/2015/08/SantaFeChileGrande.jpg
000468.jpg,http://media-cache-ak0.pinimg.com/236x/1f/4e/fd/1f4efddb7c1bbd751a4003e54b94094b.jpg
000469.jpg,http://www.kingseeds.com.mx/img/productos/chile_picoso_caloro_santa_fe.jpg
000470.jpg,http://www.healthbenefitstimes.com/9/uploads/2013/06/Pepper-Mariachi-F1.jpg
000471.jpg,https://jakeseed.com/wp-content/uploads/2017/12/santafe.jpg
000472.jpg,https://cdn1.bigcommerce.com/server700/5mvrqhbm/products/1488/images/149860/shishito-pepper2-s__42700.1519534903.451.395.jpg
000473.jpg,https://i2.wp.com/bonnieplants.com/wp-content/uploads/serrano-hot-pepper.jpg
000474.jpg,https://i0.wp.com/blueroseweb.com/blog-gardening/santa-fe-grande-pepper-cut-down.jpg
000475.jpg,http://www.edenbrothers.com/store/media/Seeds-Vegetables/SVPEP142-1.jpg
000476.jpg,https://i.pinimg.com/736x/f6/78/35/f678355e1a1ee0003b98bb3e9c984715.jpg
000477.jpg,https://lifeshelives.com/wp-content/uploads/2017/02/IMG_7323-1024x683.jpg
000478.jpg,http://www.tradewindsfruit.com/content/images/sheepnose_pepper.jpg
000479.jpg,https://s-media-cache-ak0.pinimg.com/236x/9a/67/de/9a67de8507396d251288d9a517cb8aa2.jpg
000480.jpg,http://www.maidokonline.com/product/1458800604-rZM0ZFS.jpg
000481.jpg,https://cdn.shopify.com/s/files/1/1681/7153/products/hot-winter-orleans_large.jpg
000482.jpg,https://img0.etsystatic.com/035/0/6784982/il_340x270.647628460_hith.jpg
000483.jpg,https://roadscholar-iv-prod.azureedge.net/publishedmedia/4y4c5mqauijl7h85fad4/11005-on-the-road-in-northern-new-mexico-best-of-santa-fe-taos-albuquerque-pepper-wreath-lghoz.jpg
000484.jpg,https://littlelagarden.files.wordpress.com/2013/07/p1020458.jpg
000485.jpg,http://4.bp.blogspot.com/-Ne27tGkjJYM/U8lQXisg8UI/AAAAAAAAAEc/hejDFmHKKdk/s1600/SACALA+SCOVILLE.jpg
000486.jpg,https://s-media-cache-ak0.pinimg.com/736x/3d/ed/e8/3dede8aa562666c7390b501a2e4d016b.jpg
000487.jpg,http://demandware.edgesuite.net/sits_pod38/dw/image/v2/ABAQ_PRD/on/demandware.static/-/Sites-masterCatalog_Burpee/default/dwd505e7e2/Images/Product%20Images/prod002809/prod002809.jpg
000488.jpg,http://www.burpee.com/dw/image/v2/ABAQ_PRD/on/demandware.static/-/Sites-masterCatalog_Burpee/default/dwd505e7e2/Images/Product%20Images/prod002809/prod002809.jpg
000489.jpg,https://s-media-cache-ak0.pinimg.com/736x/1f/04/6b/1f046b3d7bf3beea775da58cfbbcd810.jpg
000490.jpg,http://carlitos-pepper-seeds.weebly.com/uploads/1/2/5/7/12575781/7841002.jpg
000491.jpg,http://www.plantamundo.com/adm/fotos/Pepper%20Santa%20Fe%20Grande.jpg
