image,source
000001.jpg,https://i.ebayimg.com/images/g/hPAAAOSw7R9cS6eQ/s-l300.jpg
000002.jpg,https://www.volimljuto.com/wp-content/uploads/2019/09/Siling_Labuyo_krug.jpg
000003.jpg,https://images-na.ssl-images-amazon.com/images/I/51xXbHw53DL.01_SL500_.jpg
000004.jpg,https://i.pinimg.com/originals/c4/08/69/c40869c447f13b7506c86b7600518a50.jpg
000005.jpg,https://www.atayala.com/uploads/images/11059/photo181_large.jpg?cb=1487562549
000006.jpg,http://oroseeds.com/wp-content/uploads/2019/02/download-2-3.png
000007.jpg,https://garden.org/pics/2017-09-07/e4wd4312/ad8ec5.jpg
000008.jpg,https://akabanebussan.com/wp-content/uploads/2018/09/62011.jpg
000009.jpg,http://kalusugan.ph/wp-content/uploads/2015/06/sili.jpg
000010.jpg,https://ph-test-11.slatic.net/original/d83453b4a8966314a0e4b5da9b8942b5.jpg_340x340q80.jpg_.webp
000011.jpg,https://media.karousell.com/media/photos/products/2019/09/10/hot_chili_pepper_cayenne_siling_labuyo_1568110913_421b921a0_progressive
000012.jpg,https://i.ytimg.com/vi/T1T6OUJLjqA/maxresdefault.jpg
000013.jpg,http://images.summitmedia-digital.com/yummyph/images/2018/09/19/silinglabuyo.jpg
000014.jpg,https://live.staticflickr.com/5609/30521955864_a58bfac89d_b.jpg
000015.jpg,https://www.agriculture.com.ph/wp-content/uploads/2019/09/26SilingLabuyo-759x500.jpg
000016.jpg,https://ph-test-11.slatic.net/shop/6f521e7933e0d4bb622ef9db203ca4a8.jpeg
000017.jpg,http://www.allripe.com.au/media/user/assessments/266/image.jpg
000018.jpg,https://pngimage.net/wp-content/uploads/2018/06/siling-labuyo-png-.png
000019.jpg,https://cdn.shopify.com/s/files/1/1120/9400/products/THE_chili_back_475x980.jpg?v=1561645378
000020.jpg,https://cdn2-img.pressreader.com/pressdisplay/docserver/getimage.aspx?regionKey=mcLfBK8VTuLw5unPoWPdZA%3D%3D
000021.jpg,https://i2.wp.com/www.philippinesdailyphotos.com/wp-content/uploads/yapb_cache/sili.2rtt1iim66qs8gk84gsosw0w8.6ylu316ao144c8c4woosog48w.th.jpeg?resize=460%2C282
000022.jpg,https://scontent-yyz1-1.cdninstagram.com/vp/59c2811d8c5daac5c11d6115a534fd72/5DF869E9/t51.2885-15/sh0.08/e35/s640x640/65835819_483021292258309_4560372351124659216_n.jpg?_nc_ht=scontent-yyz1-1.cdninstagram.com
000023.jpg,http://2018.manilaspeak.com/wp-content/uploads/2015/08/Chit-Juan-Looking-For-More-Chefs-More-Farmers-rare-siling-labuyo-Aug15-1024x1024.jpg
000024.jpg,https://gallery.kissclipart.com/20181212/qkw/kissclipart-chilli-vector-png-clipart-tabasco-pepper-serrano-p-6f3db3ec605d251f.jpg
000025.jpg,https://scontent-yyz1-1.cdninstagram.com/vp/90a339e4459eaa26f749fd4b60282b34/5E189624/t51.2885-15/sh0.08/e35/s640x640/67719779_2443890142540745_6807526484277870623_n.jpg?_nc_ht=scontent-yyz1-1.cdninstagram.com&_nc_cat=105
000026.jpg,https://d1alt1wkdk73qo.cloudfront.net/images/guide/6867c55d3ab24f67a6c5382a07cb554f/600x540_ac.jpg
000027.jpg,https://media.karousell.com/media/photos/products/2019/07/11/234020_238497873_2841f923.jpg
000028.jpg,https://panlasangpinoy.com/wp-content/uploads/2011/10/scoville-scale.jpg
000029.jpg,https://d1k5w7mbrh6vq5.cloudfront.net/images/cache/8e/98/49/8e9849f1d395caa6539c3e48c0b7bcb8.jpg
000030.jpg,https://www.clovegarden.com/ingred/img/cp_sililab01h.jpg
000031.jpg,https://www.pinclipart.com/picdir/middle/138-1380828_chili-pepper-clipart-21-buy-clip-art-siling.png
000032.jpg,https://i2.wp.com/www.globalgranary.life/wp-content/uploads/2016/04/thumb_IMG_0082_1024.jpg?resize=620%2C404
000033.jpg,https://photoniompong.files.wordpress.com/2016/01/patiswithsili_ompong.jpg
000034.jpg,https://i.etsystatic.com/13464141/r/il/85e0de/1235150406/il_570xN.1235150406_fj6k.jpg
000035.jpg,https://i.redd.it/fer5d73vxye31.jpg
000036.jpg,http://www.specialtyproduce.com/sppics/14441.png
000037.jpg,http://images.summitmedia-digital.com/realliving/resize/images/2018/09/17/SILINEW-WIDE.webp
000038.jpg,https://www.boopolo.com/wp-content/uploads/2019/02/IMG_2864_edit.jpg
000039.jpg,https://images-na.ssl-images-amazon.com/images/I/51kykTrV1aL.jpg
000040.jpg,https://i5.walmartimages.com/asr/a3c6c468-196a-440b-bd22-4141711b2c7b_1.fcc7a3179904e8f433faf91330790fb9.jpeg?odnHeight=560&odnWidth=560&odnBg=FFFFFF
000041.jpg,https://media-cdn.tripadvisor.com/media/photo-s/14/5e/82/13/siling-labuyo-calamansi.jpg
000042.jpg,https://www.picclickimg.com/00/s/MTIwMFgxNjAw/z/L4UAAOSw8gVYBnfc/$/15-Seeds-Siling-Labuyo-Pepper-Filipino-_1.jpg
000043.jpg,https://miro.medium.com/max/10067/1*XcxNap_zCX8Cn7c3syJkpA.jpeg
000044.jpg,https://cf.shopee.ph/file/1d900e9373a6ff93fd9e7edfef6de7e7_tn
000045.jpg,https://cdn1.foap.com/images/35ca0047-715c-49a1-8c11-37bf9b78c8dc/w640.jpg?1532597585
000046.jpg,https://i.ebayimg.com/images/g/moEAAOSww7tb87GV/s-l300.jpg
000047.jpg,https://makadto.files.wordpress.com/2013/11/wpid-sili_wm.jpg?w=630
000048.jpg,https://upload.wikimedia.org/wikipedia/commons/thumb/9/94/Toyo_at_kalamansi_%28toyomansi%29_with_siling_labuyo_%28Philippines%29_01.jpg/970px-Toyo_at_kalamansi_%28toyomansi%29_with_siling_labuyo_%28Philippines%29_01.jpg
000049.jpg,https://upload.wikimedia.org/wikipedia/commons/thumb/3/3d/Siling_dogdogan.jpg/400px-Siling_dogdogan.jpg
000050.jpg,https://i0.wp.com/www.filamstore.com/wp-content/uploads/2016/12/mama-sita-siling-labuyo-red-hot-pepper-sauce.jpg?fit=375%2C375&ssl=1
000051.jpg,http://unofoodsinc.com/wp-content/uploads/2014/12/Buenas-Hot-Pepper-Siling-Labuyo.jpg
000052.jpg,http://images.summitmedia-digital.com/yummyph/images/2018/09/15/labuyo-container-plants-vegetables-fruits.jpg
000053.jpg,https://www.boopolo.com/wp-content/uploads/2019/03/2019_0316_152301_006edit3-640x365.jpg
000054.jpg,https://www.ilikeithot.eu/wp-content/uploads/2019/03/siling_labuyo.jpg
000055.jpg,https://2.bp.blogspot.com/-A10gbDe-R4c/WYaHN6wvj3I/AAAAAAAAA4E/l_o36SDQxLElaBL9TNRTCWqcc4snzlyGQCLcBGAs/s1600/siling-labuyo-seedling-and-management.png
000056.jpg,https://scontent-atl3-1.cdninstagram.com/vp/6ac58eec694df51ce0576648420573f1/5DCE6F5A/t51.2885-15/e35/66293629_534807313724104_7077880195171466315_n.jpg?_nc_ht=scontent-atl3-1.cdninstagram.com
000057.jpg,https://www.adastrapacific.co.uk/wp-content/uploads/2019/06/buenas-hot-pepper-siling-labuyo-11852-p-1.png
000058.jpg,https://herbmed72.files.wordpress.com/2017/05/si.jpg?w=750
000059.jpg,http://cnnphilippines.com/.imaging/mte/demo-cnn-new/750x450/dam/cnn/2018/9/10/Siling-Labuyo_CNNPH.jpg/jcr:content/Siling-Labuyo_CNNPH.jpg
000060.jpg,https://ph-test-11.slatic.net/p/bf252bfa8e08fa4ab3b1b6394c75eb0a.jpg_340x340q80.jpg_.webp
000061.jpg,https://steemitimages.com/0x0/https://files.steempeak.com/file/steempeak/jaxiq/NDDvFjj7-IMG-07819fcd2029d80364ab03a8005624ce-V.jpg
000062.jpg,https://ph-test-11.slatic.net/p/959bc7598b327ac77879b2c017ff92dd.jpg
000063.jpg,https://scontent-ort2-1.cdninstagram.com/vp/20389d48217af56d87f65eaaaf2c74b2/5E38CC24/t51.2885-15/sh0.08/e35/s640x640/69310119_157581755308813_5781057320461069135_n.jpg?_nc_ht=scontent-ort2-1.cdninstagram.com&_nc_cat=101
000064.jpg,https://rlv.zcache.com/siling_labuyo_or_red_chili_coaster-r47dfc990a7454d34a37840b2734ac215_x7jy0_8byvr_540.jpg
000065.jpg,https://www.volimljuto.com/wp-content/uploads/2019/01/web.jpg
000066.jpg,https://cdn.shopify.com/s/files/1/1022/5071/products/other-seeds-bulbs-pepper-siling-labuyo-10-seeds-filipino-bird-s-eye-chili-very-rare-super-hot-7_1024x1024.jpg?v=1565030624
000067.jpg,https://scontent-frt3-1.cdninstagram.com/v/t51.2885-15/e35/s320x320/67585183_129903101590417_3300851918526801281_n.jpg?_nc_ht=scontent-frt3-1.cdninstagram.com&oh=9ce2a6e9c1b90fa73fda28d36988e096&oe=5DD5863D&ig_cache_key=MjA5MTkwOTMwODM1MTM4MTgzNw%3D%3D.2
000068.jpg,https://i.pinimg.com/736x/52/2f/36/522f36f1a70e25785abba8a7fda629b8.jpg
000069.jpg,https://enacademic.com/pictures/enwiki/84/Thai_hot_peppers.jpg
000070.jpg,http://www.newsflash.org/2004/02/00001/000089682.jpg
000071.jpg,https://images-na.ssl-images-amazon.com/images/I/51TfwLmXXkL.jpg
000072.jpg,https://images-na.ssl-images-amazon.com/images/I/616tXzF-cpL._SS500_.jpg
000073.jpg,http://chili-papricice.com/wp-content/uploads/2017/02/20170806_120137.jpg
000074.jpg,http://fitriteincorporated.com/wp-content/uploads/2017/06/MAYNILA-Hot-Pepper.jpg
000075.jpg,https://pbs.twimg.com/media/DyETO1DW0AEeQyp.jpg
000076.jpg,http://pbs.twimg.com/media/DqtqNeRUcAA_44X.jpg
000077.jpg,https://66.media.tumblr.com/cac4aa1126893e4ad3c4ae45bda921a4/tumblr_inline_ovwkcahzVM1uz0ikm_540.jpg
000078.jpg,https://www.glorious-food-glossary.com/cms/images/DSCN6244VegetableFarmintheCitySPCPH.jpg
000079.jpg,https://live.staticflickr.com/5764/22748274810_d4c4e8eb38_b.jpg
000080.jpg,https://makadto.files.wordpress.com/2013/11/wpid-eggseedlings_wm.jpg
000081.jpg,https://image.shutterstock.com/image-photo/legazpi-philippines-june-1-2015-260nw-338724503.jpg
000082.jpg,https://pics.davesgarden.com/pics/2017/09/02/e4wd4312/47e2ba.jpg
000083.jpg,https://scontent-yyz1-1.cdninstagram.com/vp/bc571dfb86858582f5562d5266869159/5E0B3C11/t51.2885-15/sh0.08/e35/s640x640/64828637_383268742546785_8020259595519848145_n.jpg?_nc_ht=scontent-yyz1-1.cdninstagram.com
000084.jpg,https://i3.ytimg.com/vi/2VGkwzPe1Kg/0.jpg
000085.jpg,https://scontent-frx5-1.cdninstagram.com/v/t51.2885-15/e35/c135.0.810.810a/s320x320/67812251_531186787643580_7837405789313903082_n.jpg?_nc_ht=scontent-frx5-1.cdninstagram.com&oh=ca9533728eebebca1d4685f6a7a34ecf&oe=5E060BE5&ig_cache_key=MjExOTUyMTAxNjQ4NTM2MjE0Ng%3D%3D.2.c
000086.jpg,http://sharwintee.com/wp-content/uploads/2018/02/labuyo.jpg
000087.jpg,https://scontent-lax3-2.cdninstagram.com/vp/5da539557641e997e751e99889886e3f/5DF11536/t51.2885-15/e35/s480x480/46506792_576952719396062_698862773604786717_n.jpg?_nc_ht=scontent-lax3-2.cdninstagram.com
000088.jpg,https://image.shutterstock.com/image-photo/karen-chilli-peppers-thai-native-260nw-1257642487.jpg
000089.jpg,https://pngimage.net/wp-content/uploads/2018/06/siling-labuyo-png-4.png
000090.jpg,https://media-cdn.tripadvisor.com/media/photo-s/11/cd/af/b0/buffalo-wings.jpg
000091.jpg,https://i2.wp.com/lakbaybaguio.com/wp-content/uploads/siling-labuyo-cheesecake.jpg
000092.jpg,https://c7.uihere.com/files/443/472/1021/herb-leaf-drumstick-tree-siling-labuyo-cayenne-pepper-leaf.jpg
000093.jpg,https://i.ytimg.com/vi/1rED66kl9Yc/maxresdefault.jpg
000094.jpg,https://steemitimages.com/DQme5jmLA4QqNEisSGcED9y8SaNYL8iSkBgUZLAfjekSMqk/image.jpeg
000095.jpg,http://fitriteincorporated.com/wp-content/uploads/2017/06/Siling-Labuyo.jpg
000096.jpg,https://d1k5w7mbrh6vq5.cloudfront.net/images/cache/b4/33/e2/b433e2ccdf066c8a0a79296a368a0ae6.jpg
000097.jpg,https://static.burket.ph/fit-in/320x320/041PV9II.jpeg
000098.jpg,https://i1.wp.com/www.filamstore.com/wp-content/uploads/2017/01/lucky-me-spicy-beef-mami-siling-labuyo.jpg?fit=600%2C600&ssl=1
000099.jpg,https://i0.wp.com/homeorganicph.com/wp-content/uploads/2017/07/sili-collage.jpg?resize=616%2C616
000100.jpg,http://www.marketmanila.com/wp-content/uploads/2012/04/199.jpg
000101.jpg,https://scontent-lga3-1.cdninstagram.com/vp/8579f47675435e5319e35168b8fd6e2e/5E31FA4F/t51.2885-15/sh0.08/e35/s640x640/18580103_1568097406555590_3973965164033605632_n.jpg?_nc_ht=scontent-lga3-1.cdninstagram.com&_nc_cat=106
000102.jpg,https://scontent.cdninstagram.com/vp/6ec36d167c7a588c91e0d90ec94134cf/5DD0B9C7/t51.2885-15/e35/s480x480/65835154_149524642861350_2335298071596205821_n.jpg?_nc_ht=scontent-ort2-2.cdninstagram.com
000103.jpg,https://cf.shopee.ph/file/1dc4635fa2afd2ba2deb3b52ce337c02
000104.jpg,https://www.asianinamericamag.com/wp-content/uploads/2015/04/AsianInAmericaEggsInCurryTopHorizCam-e1428785149648.jpg
000105.jpg,https://scontent-yyz1-1.cdninstagram.com/vp/f66d58670b89d43d386f93ee901af714/5E3019C7/t51.2885-15/sh0.08/e35/s640x640/66715911_1408714029294659_681731155786534889_n.jpg?_nc_ht=scontent-yyz1-1.cdninstagram.com&_nc_cat=111
000106.jpg,http://www.panlasangpinoymeatrecipes.com/wp-content/uploads/red_hot_pepper_sauce.jpg
000107.jpg,https://scontent-lax3-1.cdninstagram.com/vp/102c58f12d237afa4a57be0e1dc41707/5E0D8845/t51.2885-15/sh0.08/e35/s640x640/61789958_450729625713253_1694964054708203657_n.jpg?_nc_ht=scontent-lax3-1.cdninstagram.com
000108.jpg,https://i.etsystatic.com/8738539/d/il/638483/1799132867/il_340x270.1799132867_qqq6.jpg?version=0
000109.jpg,http://www.orientalsuper-mart.com/ourstore/images/items/FlorenceHotPeppers.jpg
000110.jpg,https://static.kupindoslike.com/Siling-Labuyo-Chili-pepper-20-semenki_slika_O_73978197.jpg
000111.jpg,http://pilipinomirror.com/wp-content/uploads/2018/09/SILING-LABUYO.jpg
000112.jpg,https://lh4.ggpht.com/bKLa3oqAVjbAMu6xcWPLimadUvpi6P-EUrcLKr5arr69raSHM5pz05C9rcRku2ZeiYAgGdLd8pRI94lNk8qY=s1200
000113.jpg,https://scontent-sjc3-1.cdninstagram.com/vp/0943234d08606966ffc5c34d52da0926/5E041E55/t51.2885-15/e35/s320x320/69227706_195498784775553_1307562520190493095_n.jpg?_nc_ht=scontent-sjc3-1.cdninstagram.com&_nc_cat=109
000114.jpg,https://www.pinoy-entrepreneur.com/wp-content/uploads/2010/01/hot-chili.jpg
000115.jpg,https://photoniompong.files.wordpress.com/2016/01/bulalo_ompong.jpg
000116.jpg,https://upload.wikimedia.org/wikipedia/commons/1/10/Cagayan_de_Oro_sawsawan_%28dipping_sauce%29_ingredients_-_Calamansi_and_Siling_labuyo.jpg
000117.jpg,https://images-na.ssl-images-amazon.com/images/I/5109x-D31JL._SR600%2C315_PIWhiteStrip%2CBottomLeft%2C0%2C35_SCLZZZZZZZ_.jpg
000118.jpg,https://lh4.googleusercontent.com/-zDf2xgmohbs/TupF52SKeZI/AAAAAAAABCY/L3OPxRsj79o/s800/100111%252520Sili.jpg
000119.jpg,https://cdn.shopify.com/s/files/1/1022/5071/products/pepper-seeds-siling-labuyo-filipino-bird-s-eye-chili-very-rare-super-hot-4_1024x1024.jpg?v=1565030571
000120.jpg,https://i.ytimg.com/vi/0i4eMdLUvk8/hqdefault.jpg
000121.jpg,https://upload.wikimedia.org/wikipedia/commons/b/b6/Siling_labuyo.jpg
000122.jpg,https://66.media.tumblr.com/f69c89ef19869f22f73a0725f4e7d128/tumblr_o0zebm8BOA1qaw1doo1_1280.jpg
000123.jpg,https://images-na.ssl-images-amazon.com/images/I/51rHEYnt-pL._SX425_.jpg
000124.jpg,https://casaveneracion.com/wp-content/uploads/2019/06/tinapa-550x413.jpg
000125.jpg,https://pbs.twimg.com/media/CroM6ODWYAAt9-C.jpg
000126.jpg,https://www.youngforest.ca/images/images/siling_labuyo.jpg
000127.jpg,https://1.bp.blogspot.com/-yNUgfwlaPWs/W5NKZ33dXUI/AAAAAAAAB3g/oHBCl7s9mQUhoFPWROlO0KQK1q8Vm5mzACLcBGAs/s1600/Crock%2BPot%2BCatalina%2BChicken%2B%252822%2529.jpg
000128.jpg,http://www.chili-barbecue.de/wp/wp-content/uploads/2016/01/siling_labuyo.jpg
000129.jpg,http://nhymbe.net/wp-content/uploads/2012/03/IMG_2354-1024x520.jpg
000130.jpg,https://chrissantosra.files.wordpress.com/2015/08/3.jpg?w=611&h=591
000131.jpg,http://4.bp.blogspot.com/-PRO9c6oIWSM/Tkoa1R_2A5I/AAAAAAAADTs/pXFCMxGcbyM/s1600/IMG_0037.JPG
000132.jpg,http://pbs.twimg.com/profile_images/511055166468931584/Wqiprx5v_200x200.jpeg
000133.jpg,https://thumbnail.imgbin.com/22/1/13/imgbin-cayenne-pepper-chili-pepper-red-pepper-G1ZifypzqkDu9Z1ANgiaCn4x6_t.jpg
000134.jpg,https://farm5.static.flickr.com/4111/5605134914_12c541f975_b.jpg
000135.jpg,https://tse2.mm.bing.net/th?id=OIP.tKUWLaAxEzdi-iwIDLM-VADhEs
000136.jpg,https://www.asianinamericamag.com/wp-content/uploads/2014/06/AsianInAmericaPaksingDemonyuTopBJune2014-e1402554896757.jpg
000137.jpg,https://www.chilisorte.de/fotos/Capsicum-285.jpg
000138.jpg,https://qph.fs.quoracdn.net/main-qimg-d739f17c04aa6b4ed01382a5df0f1e87.webp
000139.jpg,https://www.buyandsellph.com/files.db/items/large/TBGZCBFVJbHQZGBJDbCQQcbB1.jpg
000140.jpg,https://i.imgur.com/9sqXpgQ.jpg
000141.jpg,https://i.ytimg.com/vi/OLP6oIKDif0/hqdefault.jpg
000142.jpg,https://media-cdn.tripadvisor.com/media/photo-s/14/40/ef/6b/photo4jpg.jpg
000143.jpg,http://agriculturetips.top/images/farms.jpg
000144.jpg,https://scontent-yyz1-1.cdninstagram.com/vp/e8bf071f88be9601b5a3cae43cc4d0b7/5E1ED9F2/t51.2885-15/sh0.08/e35/s640x640/70088604_1540177822774011_5651617049923148886_n.jpg?_nc_ht=scontent-yyz1-1.cdninstagram.com&_nc_cat=103
000145.jpg,http://aseanews.net/wp-content/uploads/2018/09/7.3-2.jpg
000146.jpg,https://live.staticflickr.com/3143/2309611282_07b77517e2_z.jpg
000147.jpg,https://cdn.shopify.com/s/files/1/2395/6057/products/PDT-09-HotsOz-Acika-Rev2_ddb78843-8495-4ae7-b3a8-5829f935a5b5_300x300.jpg?v=1546339277
000148.jpg,https://i3.ytimg.com/vi/LozETFwAi0Y/0.jpg
000149.jpg,https://scontent-yyz1-1.cdninstagram.com/vp/3795d69ae3242820a84df665e65e4d9f/5DFF7165/t51.2885-15/sh0.08/e35/s640x640/67238455_896311980726709_3024680162815826836_n.jpg?_nc_ht=scontent-yyz1-1.cdninstagram.com&_nc_cat=101
000150.jpg,https://images.summitmedia-digital.com/yummyph/images/2017/02/02/chili-scoville-infographic.jpg
000151.jpg,https://d1alt1wkdk73qo.cloudfront.net/images/guide/235b2ad468494c74845238a816b7099b/640x960.jpg
000152.jpg,https://philnews.ph/wp-content/uploads/2018/09/Gretchen-Ho.jpg
000153.jpg,https://2.bp.blogspot.com/-pbRyEpBJjf0/W5nbFEJgwPI/AAAAAAAAA6w/BbovYChIMGEEHQaOXrHWOmtmlXBYBm-AQCLcBGAs/s640/Capture.PNG
000154.jpg,https://cdn3.foap.com/images/acce1fa8-3e81-4e88-affe-6698e953c650/w640.jpg?1524298551
000155.jpg,http://conceptnewscentral.com/wordpress/wp-content/uploads/2018/09/tarsee-8.jpg
000156.jpg,https://media.karousell.com/media/photos/products/2019/09/12/170635_251029101_thumbnail_progressive_thumbnail.jpg
000157.jpg,http://chili-balkon.de/bilder/siling1021-1.jpg
000158.jpg,https://scontent-frt3-2.cdninstagram.com/vp/69f9476f625a54e3941addc87d14a7c2/5E1629B8/t51.2885-15/e35/49906808_320779328553302_371580212198766654_n.jpg?_nc_ht=scontent-frt3-2.cdninstagram.com
000159.jpg,https://i2.wp.com/philippineone.com/wp-content/uploads/2019/09/download-5.jpg?resize=565%2C416&ssl=1
000160.jpg,http://www.easyrock.com.ph/wp-content/uploads/2018/09/EASY-ROCK-MANILA-FOOD-ARTICLE-9-21-2018-SUBSTITUTE-FOR-SILING-LABUYO-3.png
000161.jpg,https://images.kupujemprodajem.com//photos/oglasi/1/99/65858991/big-65858991_5bd81bef4f2f58-7770145020181027_103013.jpg
000162.jpg,https://scontent.cdninstagram.com/vp/b7d31c7a628f0dde523cba7448d56f03/5DBE5670/t51.2885-15/e35/s480x480/61542981_1247344448761403_3899321058466661223_n.jpg?_nc_ht=scontent-sea1-1.cdninstagram.com
000163.jpg,https://listimg.pinclipart.com/picdir/s/489-4893970_chile-pepper-veggies-my-ftestickers-freetoedit-clipart.png
000164.jpg,http://dessertcomesfirst.com/wp-content/uploads/403089854_f12298456f.jpg
000165.jpg,https://scontent-frt3-1.cdninstagram.com/v/t51.2885-15/sh0.08/e35/p750x750/69470191_163123481531127_2411674599035198721_n.jpg?_nc_ht=scontent-frt3-1.cdninstagram.com&_nc_cat=103&oh=00d1071be18c1f28f9370be05a019cf4&oe=5E3A2489&ig_cache_key=MjEyNTIzOTA3NTQ2NzM0ODQzMg%3D%3D.2
000166.jpg,https://cdn1.eyeem.com/thumb/0dd6f1474fb208bf14bb0dee4d46307ae5260ae1-1547126051970/w/900
000167.jpg,https://scontent-atl3-1.cdninstagram.com/vp/c0f8d762b0eec53b27fa78a0cdec9ed6/5DBFEB4E/t51.2885-15/e35/p1080x1080/58409894_2303425519899311_8039841942943952744_n.jpg?_nc_ht=scontent-atl3-1.cdninstagram.com
000168.jpg,https://www.agriculture.com.ph/wp-content/uploads/2019/02/P_20180620_161456_DF-1-e1550190155734-420x746.jpg
000169.jpg,https://scontent-atl3-1.cdninstagram.com/vp/8322584f663de2851e40747a0615b2e4/5E3D229A/t51.2885-15/e35/s480x480/70581311_2361849427201991_2096059876370338007_n.jpg?_nc_ht=scontent-atl3-1.cdninstagram.com&_nc_cat=111
000170.jpg,https://www.toko4all.nl/storage/images/uploads//Siling-Labuyo-340-gr-Monika-EN.jpg
000171.jpg,https://scontent-yyz1-1.cdninstagram.com/vp/53b1c060759b0fb423597f18c7191fdb/5E31E88E/t51.2885-15/sh0.08/e35/c0.135.1080.1080a/s640x640/67675400_157520898656247_4638245687757080365_n.jpg?_nc_ht=scontent-yyz1-1.cdninstagram.com&_nc_cat=103
000172.jpg,https://akabanebussan.com/wp-content/uploads/2018/09/62010-500x500.jpg
000173.jpg,http://scheisser.net/wp-content/uploads/2014/12/wpid-dsc_0157.jpg
000174.jpg,https://d1k5w7mbrh6vq5.cloudfront.net/images/cache/8a/ce/8d/8ace8d433b7b1dcbae6a458d82e9b2f4.jpg
000175.jpg,https://upload.wikimedia.org/wikipedia/commons/thumb/6/6c/Siling_pangsigang_unchopped_and_chopped.jpg/320px-Siling_pangsigang_unchopped_and_chopped.jpg
000176.jpg,http://www.manilaspeak.com/wp-content/uploads/2017/12/Chit-Juan-Looking-for-the-rare-and-hard-to-find-siling-labuyo-2017Dec1.jpg
000177.jpg,https://i.etsystatic.com/17552738/d/il/37c653/1650946903/il_340x270.1650946903_f5bi.jpg?version=0
000178.jpg,https://www.volimljuto.com/wp-content/uploads/2019/09/Siling_Labuyo_paket-300x300.jpg
000179.jpg,https://d3i71xaburhd42.cloudfront.net/b14d103b6a21cc474fe3f5d0b0fc6c7a9f579700/2-Table1-1.png
000180.jpg,https://cdn.shopify.com/s/files/1/1120/9400/products/THE_chili_900x.jpg?v=1561645378
000181.jpg,https://cf.shopee.ph/file/b9354370d006cc49cd9dc27ddbeabfe4_tn
000182.jpg,https://entertainment.inquirer.net/wp-content/blogs.dir/6/files/2018/09/Pokwang-2.jpg
000183.jpg,https://pbs.twimg.com/media/EDNvuuNXUAEjx4Q.jpg
000184.jpg,https://m.media-amazon.com/images/I/91lZVtr6QjL._AC_UL320_.jpg
000185.jpg,https://i1.wp.com/www.bitesized.ph/wp-content/uploads/2016/09/SILING-LABUYO-HOT-CHOCO.png?fit=953%2C714&ssl=1
000186.jpg,https://cdn2-img.pressreader.com/pressdisplay/docserver/getimage.aspx?regionKey=qsS2ZRnVISjyd23X7iQvDQ%3D%3D
000187.jpg,https://i0.wp.com/8list.ph/wp-content/uploads/2018/09/Sili-Labuyo.png?zoom=2.625&fit=1160%2C609&ssl=1
000188.jpg,https://chiliforum.hot-pain.de/media/dwarf-white-siling-labuyo.28883/full?d=1501204365
000189.jpg,https://jboygonzalessj.files.wordpress.com/2015/06/2014-12-25-12-46-54.jpg
000190.jpg,https://scontent-yyz1-1.cdninstagram.com/vp/3bc662099386a5c64b346e0d13ae2da3/5E32B6CE/t51.2885-15/sh0.08/e35/c179.0.722.722a/s640x640/69650528_236457880631571_6536753197084011834_n.jpg?_nc_ht=scontent-yyz1-1.cdninstagram.com&_nc_cat=103
000191.jpg,http://oroseeds.com/wp-content/uploads/2019/02/244994833_adf585a4-2c83-4d71-899f-bb7f21478d1f.jpg
000192.jpg,http://pbarp.homedns.org/garden/whiteHabanero.jpg
000193.jpg,http://www.pepper.ph/wp-content/uploads/2017/01/Guide_to_Sawsawan_For_Pinoy_Dish_Inasal-2-of-10.jpg
000194.jpg,http://4.bp.blogspot.com/-2M7N6kqUNxE/Vk6fo5Y5BiI/AAAAAAAADXI/HdbEc6aaBTk/s1600/IMGP8241.JPG
000195.jpg,https://pbs.twimg.com/media/DtYGr1UU0AAJ7-X.jpg
000196.jpg,https://sa.kapamilya.com/absnews/abscbnnews/media/2018/business/09/10/20180910-vegetables.jpg
000197.jpg,https://pinoyanikanik.files.wordpress.com/2011/11/100_71283.jpg
000198.jpg,https://vebolife.com/wp-content/uploads/2018/01/chili.jpg
000199.jpg,http://flavorsoflife.com.ph/wp-content/uploads/2013/06/IMG_4175-copy-246x300.jpg
000200.jpg,http://3.bp.blogspot.com/-o-bW5gZJPK4/U99pWGF3HHI/AAAAAAAAB8E/p-4rAwZAzVk/s1600/Fotor0804190342.jpg
000201.jpg,http://www.cheeseanything.com/uploads/images//1460697924IMG_1146.jpg
000202.jpg,https://coconuts.co/public/field/image/kamias_from_sallylyngestrella.blogspot.com_.jpg
000203.jpg,https://live.staticflickr.com/2330/2171548599_4a22be3292_z.jpg
000204.jpg,https://media.karousell.com/media/photos/products/2018/09/13/134823_189751347_thumbnail_progressive_thumbnail.jpg
000205.jpg,https://i.imgur.com/mpLljt0.jpg?2
000206.jpg,https://i0.wp.com/virtualpinoy.com/wp-content/uploads/2019/04/Sili2.png?resize=465%2C324
000207.jpg,https://cdn.shopify.com/s/files/1/1022/5071/products/other-seeds-bulbs-pepper-siling-labuyo-10-seeds-filipino-bird-s-eye-chili-very-rare-super-hot-5_1024x1024.jpg?v=1565030623
000208.jpg,https://media-cdn.tripadvisor.com/media/photo-s/11/cd/af/be/crispy-fried-turingan.jpg
000209.jpg,https://c8.alamy.com/comp/J68RRF/legaspi-city-philippines-19th-may-2017-hot-aw-sa-kaonan-is-an-annual-J68RRF.jpg
000210.jpg,https://www.theasiancookshop.co.uk/ekmps/shops/asiancookshop/images/lucky-me-cup-noodles-spicy-bulalo-beef-flavour-13094-p[ekm]233x300[ekm].png
000211.jpg,https://i.ytimg.com/vi/0i4eMdLUvk8/maxresdefault.jpg
000212.jpg,https://v2.onestore.ph/uploads/product_image/product_518_1.jpg
000213.jpg,https://cdn-vz-info.ecomparemo.com/wordpress-media/2018/09/iphone-Xs-2048x1072.jpg
000214.jpg,http://www.marketmanila.com/wp-content/uploads/2009/11/127.jpg
000215.jpg,https://i.pinimg.com/originals/b6/b5/40/b6b5402b608e817e564247659ffc7214.jpg
000216.jpg,https://img.alicdn.com/bao/uploaded/TB1a0V_jgfH8KJjy1zcXXcTzpXa.jpg
000217.jpg,https://business.mb.com.ph/wp-content/uploads/2017/01/nelly-favis-villafuerte-e1508493955169.jpg
000218.jpg,https://yt3.ggpht.com/a/AGF-l7_F033JmvmaIBxs_fgb0ElQY6LqYwEYrApNYQ=s900-c-k-c0xffffffff-no-rj-mo
000219.jpg,https://www.asianinamericamag.com/wp-content/uploads/2015/03/AsianInAmericaTokwaGorengTopDarkerPic-e1425755616950.jpg
000220.jpg,https://iamacleaneater.com/wp-content/uploads/2017/09/Pili_Spicy_Back.jpg
000221.jpg,https://i0.wp.com/homeorganicph.com/wp-content/uploads/2017/08/siling-labuyo2.jpg?resize=616%2C530
000222.jpg,https://i1.wp.com/www.bitesized.ph/wp-content/uploads/2019/08/35578978022_019490da98_o.jpg?resize=500%2C331&ssl=1
000223.jpg,https://imgv2-2-f.scribdassets.com/img/document/258794771/original/1ba1054648/1464735752
000224.jpg,https://images04.foap.com/images/c862e570-af25-4bfb-9f3b-b82ee4b49acb/nilagang-baboy-boiled-pork-soup-w-vegetables-this-dish-is-commonly-served-for-lunch-or-dinner-on-regular-days-nilagang-baboy-is-eaten-with-steamed-white-rice-and-is-best-served-with-patis-fish-sauce-and-siling-labuyo-birds-eye-chili.jpg?filename=w1280&dw=960
000225.jpg,https://images-na.ssl-images-amazon.com/images/I/51erxYTwXQL._SS500_.jpg
000226.jpg,http://www.asianfoods.jp/uploads/products/462010.png
000227.jpg,https://scontent-lga3-1.cdninstagram.com/vp/0e056a49caa76d30b599e00cc5f02a57/5E283CFD/t51.2885-15/sh0.08/e35/s640x640/67609343_215541512766172_4940859257063657684_n.jpg?_nc_ht=scontent-lga3-1.cdninstagram.com&_nc_cat=104
000228.jpg,https://images.summitmedia-digital.com/yummyph/images/2016/10/25/spicyketchup-main.jpg
000229.jpg,https://scontent-frx5-1.cdninstagram.com/vp/89dda889a0f9db2c7e838e74e32bba3f/5E146158/t51.2885-15/e35/c0.0.1439.1439/s320x320/67527125_2915011905235666_509061197296213507_n.jpg?_nc_ht=scontent-frx5-1.cdninstagram.com
000230.jpg,https://scontent-frt3-1.cdninstagram.com/v/t51.2885-15/e35/s320x320/51588793_361303458056233_6296745787582336921_n.jpg?_nc_ht=scontent-frt3-1.cdninstagram.com&oh=c5726ba4c889d763964b861c1187e81b&oe=5DF42311&ig_cache_key=MTk5MTg2NDYwMzg1NzM4NzI1NA%3D%3D.2
000231.jpg,https://static.kupindoslike.com/Siling-Labuyo-Chili-pepper-20-semenki_slika_O_73978201.jpg
000232.jpg,https://66.media.tumblr.com/429653270006ecebaccd6fc952bf5d3a/tumblr_ot4v2feSdu1udj794o1_1280.jpg
000233.jpg,https://farm2.static.flickr.com/1965/44414328635_96f42b4483_b.jpg
000234.jpg,http://media.philstar.com/images/the-philippine-star/lifestyle/food-and-leisure/20151105/theo-philo-dark-chocolate.jpg
000235.jpg,https://i0.wp.com/layogcountryfarm.com/wp-content/uploads/2015/09/sili-instagram.jpg?ssl=1
000236.jpg,https://amikvs.org/pages/wp-content/uploads/2019/06/red-spicy-chili-labuyo-pepper-576x1024.jpg
000237.jpg,https://www.glorious-food-glossary.com/cms/images/BOPIS2.jpg
000238.jpg,http://balita.net.ph/wp-content/uploads/2018/09/DAVE-VERIDIANO-copy-2.jpg
000239.jpg,http://scheisser.net/wp-content/uploads/2014/12/wpid-dsc_0156.jpg
000240.jpg,https://images.kupujemprodajem.com//photos/oglasi/1/99/65858991/big-65858991_5b8f9b56b0ce38-27975184siling-2.jpg
000241.jpg,https://i1.wp.com/www.mamasguiderecipes.com/wp-content/uploads/2017/06/FB_IMG_1496709913915.jpg?fit=898%2C1274&ssl=1
000242.jpg,http://www.easyrock.com.ph/wp-content/uploads/2018/09/EASY-ROCK-MANILA-FOOD-ARTICLE-9-21-2018-SUBSTITUTE-FOR-SILING-LABUYO-2.png
000243.jpg,https://4.bp.blogspot.com/-OzUuJ9OP_kA/WgWkdcLjmPI/AAAAAAAAJ48/fo60aW3ZU5sNJ9Ztefm1GYz6CXy9vNKpACLcBGAs/s1600/siling%2Blabuyo2.jpg
000244.jpg,https://casaveneracion.com/wp-content/uploads/2019/06/roast-duck-550x413.jpg
000245.jpg,https://d1k5w7mbrh6vq5.cloudfront.net/images/cache/bc/3d/5e/bc3d5e317f6932e7cea74cf4567c0f9e.jpg
000246.jpg,https://images.squarespace-cdn.com/content/v1/5314f61ee4b08cb68819fc06/1415979926394-VC1JNDLTMPA1R77Y63JZ/ke17ZwdGBToddI8pDm48kO7Rg1Gpu728H4UqxUIfecJZw-zPPgdn4jUwVcJE1ZvWQUxwkmyExglNqGp0IvTJZamWLI2zvYWH8K3-s_4yszcp2ryTI0HqTOaaUohrI8PICj5SdZHY9KUswDgTH3eH8sP5PrkY15Dr7CE2CPSRiTEKMshLAGzx4R3EDFOm1kBS/image-asset.jpeg
000247.jpg,https://imgv2-2-f.scribdassets.com/img/document/245062599/original/66110f2874/1552395290?v=1
000248.jpg,https://scontent-yyz1-1.cdninstagram.com/vp/5213cf6e0ae89a26c799a624bb8eba52/5E3142E9/t51.2885-15/sh0.08/e35/c213.0.654.654a/s640x640/66829307_509122843238596_4776240661656230652_n.jpg?_nc_ht=scontent-yyz1-1.cdninstagram.com&_nc_cat=104
000249.jpg,https://makadto.files.wordpress.com/2015/06/wpid-sililabuyoleaves.jpg?w=640&h=360
000250.jpg,http://www.manilaspeak.com/wp-content/uploads/2014/03/Did-you-know-siling-labuyo-is-endangered.png
000251.jpg,https://cf.shopee.ph/file/b9ece119af5421cc49f0a1a0c7268002_tn
000252.jpg,https://chrissantosra.files.wordpress.com/2015/08/13.jpg?w=300
000253.jpg,https://pbs.twimg.com/media/ClvEGZKWIAAfNSu.jpg
000254.jpg,https://live.staticflickr.com/5750/21553714875_50af6951de_b.jpg
000255.jpg,https://chiliforum.hot-pain.de/media/dwarf-white-siling-labuyo.28881/full?d=1501204365
000256.jpg,https://www.agriculture.com.ph/wp-content/uploads/2019/09/28SilingLabuyo-744x381.jpg
000257.jpg,http://advantage-intl.com/wp-content/uploads/2013/09/PhilippinesToronto-002.jpg
000258.jpg,http://nomnomclub.com/wp-content/uploads/2016/03/Mama-Sitas-Mga-Kwentong-Pagkain-Recipes.jpg
000259.jpg,https://i.ytimg.com/vi/npTN3hdBKH4/maxresdefault.jpg
000260.jpg,https://media-cdn.tripadvisor.com/media/photo-s/14/40/ef/69/photo2jpg.jpg
000261.jpg,https://scontent.cdninstagram.com/vp/e4fb0b5288bba589e98589f7e49cd696/5DEAF1C2/t51.2885-15/e35/s480x480/41994213_560421964415059_5860717730266318078_n.jpg?_nc_ht=scontent-frt3-1.cdninstagram.com
000262.jpg,https://c8.alamy.com/comp/J68RPJ/legaspi-city-philippines-19th-may-2017-hot-aw-sa-kaonan-is-an-annual-J68RPJ.jpg
000263.jpg,https://scontent-msp1-1.cdninstagram.com/vp/3f3541e2955e57a0b48b07119cb8a017/5E33CE3D/t51.2885-15/e35/s480x480/20759360_121019681807955_8518732980649197568_n.jpg?_nc_ht=scontent-msp1-1.cdninstagram.com&_nc_cat=103
000264.jpg,https://img.youtube.com/vi/lpAkYgI1a8o/0.jpg
000265.jpg,http://i140.photobucket.com/albums/r38/picstor77/SilingLabuyo.jpg
000266.jpg,https://i.pinimg.com/originals/23/81/b6/2381b651b10b7631df2fe578f71ca09b.jpg
000267.jpg,http://www.marketmanila.com/wp-content/uploads/2011/04/156.jpg
000268.jpg,https://i.etsystatic.com/19210371/d/il/d624bd/1923693739/il_340x270.1923693739_3pno.jpg?version=0
000269.jpg,https://www.volimljuto.com/wp-content/uploads/2018/08/Siling_labuyo-VolimLjuto-300x300.jpg
000270.jpg,https://farm3.static.flickr.com/2133/3533360948_43b34b11b1_b.jpg
000271.jpg,https://www.picclickimg.com/d/l400/pict/293167201196_/30-Chili-Seeds-Of-Bird%E2%80%99s-Eye-White-Chili.jpg
000272.jpg,https://www.pinclipart.com/picdir/big/179-1797237_open-siling-labuyo-clipart.png
000273.jpg,https://qph.fs.quoracdn.net/main-qimg-5338afcb4d885b39491b9ba9960b53c5
000274.jpg,https://d1k5w7mbrh6vq5.cloudfront.net/images/cache/0a/c4/9e/0ac49e82e2d591f6a4a78a11dd3d6d76.jpg
000275.jpg,http://upload.wikimedia.org/wikipedia/commons/thumb/2/26/Chile_pepper_-_Red.jpg/300px-Chile_pepper_-_Red.jpg
000276.jpg,http://images.summitmedia-digital.com/yummyph/images/2018/05/21/1612_HomemadeChiliOil-640.jpg
000277.jpg,https://alchetron.com/cdn/kinilaw-c788dc8c-3d68-40f1-a586-294029708e5-resize-750.jpeg
000278.jpg,https://media.karousell.com/media/photos/products/2019/08/07/075037_244207938_thumbnail_progressive_thumbnail.jpg
000279.jpg,https://pbs.twimg.com/media/DJe_JMzX0AEPUEQ.jpg
000280.jpg,https://steemitimages.com/640x0/https://img.esteem.ws/wu9nj4bcx0.jpg
000281.jpg,https://farm8.staticflickr.com/7139/7517307130_fd5e7f2648_c.jpg
000282.jpg,https://images.kupujemprodajem.com//photos/oglasi/1/99/65858991/big-65858991_5bd81bee96d2d4-3524619220181027_103030.jpg
000283.jpg,https://sa.kapamilya.com/absnews/abscbnnews/media/2017/trending/06/14/061417-halohalo.jpg
000284.jpg,https://scontent-yyz1-1.cdninstagram.com/vp/fc9d1c8fa3eb419f29015ab723d068fc/5E36CC15/t51.2885-15/sh0.08/e35/s640x640/70744096_467537893839764_3082321516535172385_n.jpg?_nc_ht=scontent-yyz1-1.cdninstagram.com&_nc_cat=108
000285.jpg,https://i.ytimg.com/vi/MdcuDs6rFJM/maxresdefault.jpg
000286.jpg,https://images-na.ssl-images-amazon.com/images/I/517W2secnKL._SS500_.jpg
000287.jpg,https://photographsandimages.files.wordpress.com/2010/06/image573.jpg?w=584
000288.jpg,https://66.media.tumblr.com/fd05653c3f26e6f5d2c63b75bde4bec6/tumblr_os5h7kxKfa1tojp5fo1_1280.jpg
000289.jpg,https://i.pinimg.com/originals/80/5b/38/805b38e3ce497008101ecfeafb0ed8b4.jpg
000290.jpg,https://media-cdn.tripadvisor.com/media/photo-s/11/cd/a9/b6/strawberry-shake-with.jpg
000291.jpg,https://www.asianinamericamag.com/wp-content/uploads/2015/02/AsianInAmericaAdobongHitoSideEnhanced-e1424380361891.jpg
000292.jpg,http://www.manilaspeak.com/wp-content/uploads/2016/08/Chit-Juan-Backyard-Farming-Made-Simple-backyard-garden-in-Nueva-Ecija-2016Aug19-300x225.jpg
000293.jpg,https://c8.alamy.com/comp/J68RJD/legaspi-city-philippines-19th-may-2017-hot-aw-sa-kaonan-is-an-annual-J68RJD.jpg
000294.jpg,https://chiliforum.hot-pain.de/media/dwarf-white-siling-labuyo.28882/full?d=1501204365
000295.jpg,http://www.marketmanila.com/wp-content/uploads/2011/04/158.jpg
000296.jpg,http://1.bp.blogspot.com/_mFOwZEbfLiw/TVIp-UKGHKI/AAAAAAAAAFg/3ljlH0qVQII/s1600/Sambalas-DF.jpg
000297.jpg,https://cf.shopee.ph/file/a5240a974ab2648c00603c778acb4a91_tn
000298.jpg,https://live.staticflickr.com/8248/8539550911_8ae4c73cc5_b.jpg
000299.jpg,https://casaveneracion.com/wp-content/uploads/2015/01/pork-chicken-pineapple-stew2-550x413.jpg
000300.jpg,https://scontent-lga3-1.cdninstagram.com/vp/b3e3d9286ab7213cc19dc2b8576697c6/5E1EB551/t51.2885-15/sh0.08/e35/c154.0.772.772a/s640x640/66224635_182863896055542_4434102561311880439_n.jpg?_nc_ht=scontent-lga3-1.cdninstagram.com&_nc_cat=106
000301.jpg,http://images.gmanews.tv/webpics/2018/04/640_ZZZ_041918_manny_pinol_2018_04_19_14_24_43.jpg
000302.jpg,https://images.kupujemprodajem.com//photos/oglasi/1/99/65858991/big-65858991_5b8f9b570a4680-20554911siling-4.jpg
000303.jpg,https://www.volimljuto.com/wp-content/uploads/2019/09/Siling_Labuyo_polaicijelo-300x300.jpg
000304.jpg,https://d1k5w7mbrh6vq5.cloudfront.net/images/cache/71/8a/cb/718acb751aa79c1fc559b7fed1b2c1c8.jpg
000305.jpg,https://i.etsystatic.com/7824311/r/il/dba71c/702227856/il_794xN.702227856_it5v.jpg
000306.jpg,https://pbs.twimg.com/media/DMzTpwaVQAAnjb1.jpg
000307.jpg,https://i.pinimg.com/originals/d3/79/93/d379933eec949fc7b8db1b31b36ea592.jpg
000308.jpg,https://scontent-yyz1-1.cdninstagram.com/vp/536686cb18d1ccf4d1f92493ace86038/5E19601E/t51.2885-15/sh0.08/e35/s640x640/71702409_1119388338452065_3837193444164954773_n.jpg?_nc_ht=scontent-yyz1-1.cdninstagram.com&_nc_cat=101
000309.jpg,http://images.summitmedia-digital.com/yummyph/images/01-02-03_2012_recipes/03-2012_yummy-ph_recipe_image_sweet-labuyo-chili-sauce_main.jpg
000310.jpg,https://media-cdn.tripadvisor.com/media/photo-s/11/cd/af/a9/slow-cooked-pork-ribs.jpg
000311.jpg,https://upload.wikimedia.org/wikipedia/commons/thumb/6/69/BhutJolokia09_Asit.jpg/1200px-BhutJolokia09_Asit.jpg
000312.jpg,http://www.marketmanila.com/wp-content/uploads/2013/07/IMG_5957.jpg
000313.jpg,https://farm5.staticflickr.com/4011/4248396902_81ed8483b1_b.jpg
000314.jpg,https://images.kupujemprodajem.com//photos/oglasi/1/99/65858991/big-65858991_5b8f9b56d8fa08-64858236siling-3.jpg
000315.jpg,https://tonite.abante.com.ph/wp-content/uploads/ABANTE-jinri-park.jpg
000316.jpg,https://d1k5w7mbrh6vq5.cloudfront.net/images/cache/c1/8b/51/c18b516834aebfcdff0c2931bbe7c5ae.jpg
000317.jpg,https://i.ytimg.com/vi/l6WjyCOmgI0/hqdefault.jpg
000318.jpg,https://images.summitmedia-digital.com/yummyph/images/2018/09/15/labuyo-container-plants-vegetables-fruits-3.jpg
000319.jpg,https://scontent-yyz1-1.cdninstagram.com/vp/d0c09dbb1c2164d785b10d4f0f95aa51/5E1BCBF7/t51.2885-15/sh0.08/e35/s640x640/14565016_183460278763046_2690799678118690816_n.jpg?_nc_ht=scontent-yyz1-1.cdninstagram.com&_nc_cat=102
000320.jpg,https://media-cdn.tripadvisor.com/media/photo-s/11/cd/a9/ae/chocolate-frappe-with.jpg
000321.jpg,http://www.marketmanila.com/wp-content/uploads/2012/04/1100.jpg
000322.jpg,https://scontent-yyz1-1.cdninstagram.com/vp/3eed9ce4868dfc84d2df4ea66477cd37/5E1FF967/t51.2885-15/sh0.08/e35/s640x640/69967409_236700430632682_4879677554480650665_n.jpg?_nc_ht=scontent-yyz1-1.cdninstagram.com&_nc_cat=110
000323.jpg,https://c8.alamy.com/comp/J68T6Y/legaspi-city-philippines-19th-may-2017-hot-aw-sa-kaonan-is-an-annual-J68T6Y.jpg
000324.jpg,https://pbs.twimg.com/media/CVvQomrVEAIWzSw.jpg
000325.jpg,https://upload.wikimedia.org/wikipedia/commons/d/d2/Capsicum_annuum_-_K%C3%B6hler%E2%80%93s_Medizinal-Pflanzen-027.jpg
000326.jpg,https://i.redd.it/gy2w6yrmssz01.png
000327.jpg,https://thethreegreatblessings.files.wordpress.com/2017/07/img_84561.png?w=720
000328.jpg,https://i.ytimg.com/vi/yYr6Z9EZWzw/hqdefault.jpg
000329.jpg,https://live.staticflickr.com/204/497933145_c1a9d12fd1_z.jpg
000330.jpg,https://media-cdn.tripadvisor.com/media/photo-s/0a/9b/d1/53/tsokolate-with-siling.jpg
000331.jpg,https://images.summitmedia-digital.com/yummyph/images/2019/07/29/andoks-spicy-dokito-001.jpg
000332.jpg,https://d1k5w7mbrh6vq5.cloudfront.net/images/cache/7c/d6/5b/7cd65b6170dfef0ceeeee985e493fa01.jpg
000333.jpg,https://scontent-yyz1-1.cdninstagram.com/vp/a06294d10f78a3bc512b6dab877adfad/5E182678/t51.2885-15/sh0.08/e35/c0.179.1440.1440a/s640x640/69827426_509495726292631_2197709457932733331_n.jpg?_nc_ht=scontent-yyz1-1.cdninstagram.com&_nc_cat=107
000334.jpg,https://pbs.twimg.com/media/ClvEEDRWYAA2fsA.jpg
000335.jpg,https://i.ytimg.com/vi/h3qTiHK9OFk/maxresdefault.jpg
000336.jpg,https://upload.wikimedia.org/wikipedia/commons/thumb/5/50/Madame_Jeanette_and_other_chillies.jpg/1200px-Madame_Jeanette_and_other_chillies.jpg
000337.jpg,https://media-cdn.tripadvisor.com/media/photo-s/11/cd/af/b8/chicken-parmigiana.jpg
000338.jpg,https://media-cdn.tripadvisor.com/media/photo-s/14/40/ef/68/photo1jpg.jpg
000339.jpg,https://i.ytimg.com/vi/7BtUagRhPFo/maxresdefault.jpg
000340.jpg,http://www.marketmanila.com/wp-content/uploads/2011/04/157.jpg
000341.jpg,https://pbs.twimg.com/media/DwGpjfeWwAE65Q9.jpg
000342.jpg,https://pbs.twimg.com/media/CmnJ1kuWYAAeft5.jpg
000343.jpg,https://i.ytimg.com/vi/PnE1lMaYJ4w/maxresdefault.jpg
000344.jpg,https://scontent-yyz1-1.cdninstagram.com/vp/b367eb38f7a747a47458c0e2dd3d4769/5E1E3389/t51.2885-15/sh0.08/e35/s640x640/69031534_2408892005893280_3502537470853412327_n.jpg?_nc_ht=scontent-yyz1-1.cdninstagram.com&_nc_cat=108
