image,source
000001.jpg,https://edge.bonnieplants.com/www/uploads/20180920003636/thai-hot-pepper.jpg
000002.jpg,https://www.cayennediane.com/wp-content/uploads/Thai-Peppers.jpg
000003.jpg,https://cdn.shopify.com/s/files/1/0915/1060/products/thai-sun_pepper-hot-pepper-pepper-joes.jpg?v=1457044659
000004.jpg,https://cdn1.bigcommerce.com/server700/5mvrqhbm/products/5400/images/150739/white-thai-pepper__70003.1522258071.1280.1280.jpg?c=2
000005.jpg,https://cdn.shopify.com/s/files/1/0972/6282/products/super-thai-pepper-f1-hybrid-71-days-vegetables-pinetree-garden-seeds_489.jpg?v=1542836900
000006.jpg,https://images.homedepot-static.com/productImages/83dc9e19-e57d-4b2f-81cb-c15e3aa4e4ec/svn/bonnie-plants-vegetable-plants-3300-64_1000.jpg
000007.jpg,https://www.chilipeppermadness.com/wp-content/uploads/2019/04/Thai-Peppers.jpg
000008.jpg,https://www.rareseeds.com/assets/1/14/DimRegular/Pepper_Hot_Thai_Burapa_HPP127_LSS_000_6971.JPG
000009.jpg,https://www.aerogarden.com/media/catalog/product/cache/1/image/85e4522595efc69f496374d01ef2bf13/t/h/thaipepper_swatches_1.1556735391.jpg
000010.jpg,https://i5.walmartimages.ca/images/Large/836/388/6000196836388.jpg
000011.jpg,https://s3.amazonaws.com/cdn0.gurneys.com/images/500/64587A_1.jpg
000012.jpg,https://i0.wp.com/www.seed-bank.ca/wp-content/uploads/thai-chili-pepper-1.gif?fit=500%2C500&ssl=1
000013.jpg,https://static.artfire.com/uploads/mfs/items/e7/4b/large/e74b3931c2fa9d4b3adab56855e24ba8fc31daf894d0cc841c9c258dbe0196ee.jpg
000014.jpg,https://www.adaptiveseeds.com/wp-content/uploads/2014/12/pepper-adaptive-early-thai-2.jpg
000015.jpg,https://images.homedepot-static.com/productImages/2bcbd3b6-8f86-4d96-a186-728837409d14/svn/burpee-vegetable-herb-seeds-54176-64_1000.jpg
000016.jpg,https://images-na.ssl-images-amazon.com/images/I/41HZVe-avIL.jpg
000017.jpg,https://www.pepperscale.com/wp-content/uploads/2013/07/thai-pepper-768x513.jpg
000018.jpg,https://previews.123rf.com/images/amamka/amamka1808/amamka180802008/107203272-bird-s-eye-chilli-thai-pepper.jpg
000019.jpg,http://images.squarespace-cdn.com/content/v1/585ae5615016e1541642491d/1538600588066-UYHH3JE1MOAJOUZ54JGX/ke17ZwdGBToddI8pDm48kEbpNpz_g84ww2Q11MA-atpZw-zPPgdn4jUwVcJE1ZvWEtT5uBSRWt4vQZAgTJucoTqqXjS3CfNDSuuf31e0tVFBtEgj52mM8uXJqXwNJ9DglJgC4wo-TZ2620CX9P9wUp1zDMfxjoXGDCxwz3Y9Vxg/dried-thai.JPG
000020.jpg,https://cdn1.bigcommerce.com/server700/5mvrqhbm/products/1947/images/145557/thai_yellow_pepper_350__85831.1476733266.451.395.jpg?c=2
000021.jpg,https://i.ebayimg.com/images/g/ZJ8AAOSwUjxag59s/s-l300.jpg
000022.jpg,https://strictlymedicinalseeds.com/wp-content/uploads/2018/03/Pepper_pong_sri_fruits_300.jpg
000023.jpg,https://i.redd.it/bo1cwg5uw1411.jpg
000024.jpg,https://importfood.com/media/zoo/images/thai-chiles-122116_74df42c3b8a453bf4c7851bbf250709a.jpg
000025.jpg,https://images-na.ssl-images-amazon.com/images/I/51sn-u2fxRL._SX425_.jpg
000026.jpg,https://www.seedsavers.org/site/img/seo-images/1301-thai-hot-pepper.jpg
000027.jpg,https://www.johnnyseeds.com/dw/image/v2/BBBW_PRD/on/demandware.static/-/Sites-jss-master/default/dw1361dba3/images/products/vegetables/03772_01_kristian.jpg?sw=387&cx=344&cy=154&cw=1042&ch=1042
000028.jpg,https://portalvhds26k4f5tktj3ck.blob.core.windows.net/spotpics/sp46134.jpg
000029.jpg,https://thehippyseedcompany.com/wp-content/uploads/2017/07/Thai-Hot.jpg
000030.jpg,https://image.shutterstock.com/image-photo/red-chili-pepper-isolated-on-260nw-764950246.jpg
000031.jpg,https://cdn.shopify.com/s/files/1/0089/1562/files/Thai_Hot_Pepper_e5475454-751c-4c92-9788-995c4334824d.jpg?23854
000032.jpg,https://www.rareseeds.com/assets/1/14/DimRegular/Thai_Red_chili.jpg
000033.jpg,https://previews.123rf.com/images/smuay/smuay1210/smuay121000010/16108729-outstanding-red-pepper-among-green-pepper-bird-chilli-or-thai-pepper-.jpg
000034.jpg,https://i1.wp.com/www.peppersbymail.com/wp-content/uploads/2018/10/thai-red-02.jpg?fit=2100%2C1960
000035.jpg,https://www.pepperscale.com/wp-content/uploads/2015/07/Thai-pepper-substitute-768x510.jpg
000036.jpg,https://c8.alamy.com/comp/DXDDH9/hot-thai-red-chili-peppers-on-table-DXDDH9.jpg
000037.jpg,https://www.superhotchiles.com/wp-content/uploads/2018/04/Orange-Thai-Pepper-Seeds.jpg
000038.jpg,https://images-na.ssl-images-amazon.com/images/I/81TyWYrWK-L._SL1500_.jpg
000039.jpg,https://i.ebayimg.com/images/g/AHIAAOSwvApZ6YnD/s-l300.jpg
000040.jpg,https://www.superhotchiles.com/wp-content/uploads/2018/09/ChilesYellowThai4-2018.jpg
000041.jpg,https://www.templeofthai.com/images/products/x8400000120.jpg.pagespeed.ic.gaoIrIUah9.jpg
000042.jpg,https://images-na.ssl-images-amazon.com/images/I/61ZvZS4oWkL._SX355_.jpg
000043.jpg,http://www.specialtyproduce.com/sppics/9992.png
000044.jpg,https://upload.wikimedia.org/wikipedia/commons/3/32/Thai_peppers.jpg
000045.jpg,https://www.spicejungle.com/media/catalog/product/cache/2/image/9df78eab33525d08d6e5fb8d27136e95/d/r/dried-thai-chiles_2.jpg
000046.jpg,https://www.planetnatural.com/wp-content/uploads/2015/03/thai-chili-pepper.jpg
000047.jpg,https://n2.sdlcdn.com/imgs/f/9/z/Red-Bird-Eye-Chilli-Seeds-SDL774664703-1-3e10f.jpeg
000048.jpg,https://www.featurepics.com/StockImage/20090309/thai-chili-pepper-plant-stock-picture-1106792.jpg
000049.jpg,https://www.superhotchiles.com/wp-content/uploads/2018/11/ChilesBlackThai4-2018-1-600x450.jpg
000050.jpg,https://static.artfire.com/uploads/mfs/items/17/51/large/1751650addd55085f852b8e8de03d4ffbe89a6d35db6c90b45c28c47be574f67.jpg
000051.jpg,https://previews.123rf.com/images/tinyb76/tinyb761810/tinyb76181000038/110558989-food-concept-chili-padi-bird-s-eye-chili-thai-pepper-and-red-chili-on-bamboo-tray-with-copy-space.jpg
000052.jpg,https://portalvhds26k4f5tktj3ck.blob.core.windows.net/spotpics/sp46762.jpg
000053.jpg,https://i.ebayimg.com/images/g/WhgAAOSw671dOHbH/s-l300.jpg
000054.jpg,https://www.cayennediane.com/wp-content/uploads/Thai-Sun-4.jpg
000055.jpg,https://i1.wp.com/www.peppersbymail.com/wp-content/uploads/2018/08/purple_thai_01.jpg?fit=3264%2C2448
000056.jpg,https://images-na.ssl-images-amazon.com/images/I/91qVRC6bQ8L._SY450_.jpg
000057.jpg,https://www.aerogarden.com/media/catalog/product/optimized/f/b/fbf3fd4494af8da770fddbefbba0d92e/fan_thaipepper_7pod_800.1556736059.jpg
000058.jpg,https://cdn.shopify.com/s/files/1/0220/1512/products/giant_thai_pepper_seeds_cdc28f8b-cfa1-43cb-9ba8-8d3d002fa3f9.jpg?v=1540538636
000059.jpg,https://comps.canstockphoto.com/raw-organic-red-thai-peppers-picture_csp46224518.jpg
000060.jpg,https://cdn1.bigcommerce.com/server700/5mvrqhbm/products/4703/images/150634/thai-bird-pepper-s__93062.1522258051.1280.1280.jpg?c=2
000061.jpg,https://previews.123rf.com/images/isomwang/isomwang1610/isomwang161000002/66013172-chilli-padi-bird-s-eye-chilli-bird-chilli-thai-pepper.jpg
000062.jpg,https://i.ebayimg.com/images/g/P-AAAOSw0RlbtMru/s-l400.jpg
000063.jpg,https://images-na.ssl-images-amazon.com/images/I/51-WzojMOhL.jpg
000064.jpg,https://www.piedmontfarmandgarden.com/v/vspfiles/photos/PPP135-2.jpg?v-cache=1366092667
000065.jpg,https://i.etsystatic.com/9854804/r/il/b343b6/1297977457/il_570xN.1297977457_6j69.jpg
000066.jpg,https://www.chileplants.com/images/chiles/thai-hot-ornamental-pepper-plants.jpg
000067.jpg,https://sc02.alicdn.com/kf/HTB1MJWcKFXXXXaeXFXXq6xXFXXXW/Hot-Thai-Pepper-Seeds-Green-Red-Pepper.jpg
000068.jpg,https://rukminim1.flixcart.com/image/832/832/j4a6ykw0/plant-seed/j/3/p/25-white-bird-eye-chilli-seeds-kanthari-mulaku-thai-pepper-tiny-original-imaev7kcunudvhgh.jpeg?q=70
000069.jpg,https://i0.wp.com/www.peppersbymail.com/wp-content/uploads/2018/08/IMG_0212.jpg?fit=3264%2C2448
000070.jpg,https://ae01.alicdn.com/kf/HTB1vLtRXcnrK1RjSspkq6yuvXXaN/Heirloom-Thai-Sun-Sexy-Pornographic-Chili-Pepper-Capsicum-annuum-Ornamental-Chili-bonsai-100PCS-Mini-Hot-Pepper.jpg
000071.jpg,https://previews.123rf.com/images/isomwang/isomwang1610/isomwang161000006/66013175-green-chilli-padi-bird-s-eye-chilli-bird-chilli-thai-pepper.jpg
000072.jpg,https://st4.depositphotos.com/13581410/19617/i/1600/depositphotos_196175908-stock-photo-thai-pepper-morning-sunrise-other.jpg
000073.jpg,https://www.chileplants.com/images/chiles/thai-giant-pepper-plants.jpg
000074.jpg,https://i.ytimg.com/vi/hHhJeiX7tDE/maxresdefault.jpg
000075.jpg,http://www.thaipepperproducts.com/images/slider/REAL/2.jpg
000076.jpg,https://www.ukchilliseeds.co.uk/ekmps/shops/chilliwizard/images/hot-thai-pepper-611-p.jpg
000077.jpg,http://cdn.shopify.com/s/files/1/1196/4148/products/scoville-scale-pepper-is_a8886cba-d221-40b5-a078-c990833394fc_grande.png?v=1464725843
000078.jpg,https://suttons.s3.amazonaws.com/p/156200f_3.jpg
000079.jpg,https://i1.wp.com/herewegrowmaine.com/wp-content/uploads/2018/03/AERO508_1.jpg?fit=398%2C398&ssl=1
000080.jpg,https://thumbs.dreamstime.com/z/chilli-padi-bird-s-eye-thai-pepper-dark-bown-wooden-128837671.jpg
000081.jpg,https://www.magicgardenseeds.com/pics/mgs/CAP05/1000/Thai-pepper-'Prik-Khee-Noo'-(Capsicum-frutescens).jpg
000082.jpg,https://cdn.thehippyseedcompany.com/wp-content/uploads/2018/03/Brown-Thai-and-Black-Thai.jpg
000083.jpg,https://comps.canstockphoto.ca/chilli-padi-birds-eye-chilli-bird-stock-photograph_csp68888194.jpg
000084.jpg,https://www.picclickimg.com/d/l400/pict/273332726638_/Thai-Pepper-100-Pcs-Seeds-Red-chili-Hot.jpg
000085.jpg,https://i.pinimg.com/originals/68/25/0b/68250b3815114e02cf944c91fbf47dbb.jpg
000086.jpg,https://static-01.daraz.pk/p/eebea7d30f894a241a90e5592c585fc0.jpg_340x340q80.jpg_.webp
000087.jpg,https://i.etsystatic.com/11519553/r/il/409645/1667553963/il_570xN.1667553963_fxe9.jpg
000088.jpg,https://img.grouponcdn.com/deal/8TF92AUm37kfgHj29Qdj/by-700x420/v1/c700x420.jpg
000089.jpg,https://img.alicdn.com/imgextra/i2/2153654620/TB2dZxiXoziFuJjSZPhXXc5JXXa_!!2153654620.jpg
000090.jpg,https://i.ebayimg.com/images/g/P4wAAOSw-CpX-cHs/s-l400.jpg
000091.jpg,https://cdn.shopify.com/s/files/1/1696/2611/products/Pong-Sri-Thai-Pepper-Seeds-Capsicum-frutescens_2_1024x1024.jpg?v=1499822957
000092.jpg,https://previews.123rf.com/images/tinyb76/tinyb761810/tinyb76181000036/110558974-food-concept-chili-padi-bird-s-eye-chili-thai-pepper-and-red-chili-on-bamboo-tray-with-copy-space.jpg
000093.jpg,https://thumbs.dreamstime.com/z/bird-s-eye-chilli-thai-pepper-close-up-134559645.jpg
000094.jpg,https://www.marionskitchen.com/wp-content/uploads/2019/03/Thai-Pepper-Garlic-Chicken-Noodles1-1024x1024.jpg
000095.jpg,https://comps.canstockphoto.com/red-and-green-birds-eye-chili-on-bird-picture_csp59303079.jpg
000096.jpg,https://images-na.ssl-images-amazon.com/images/I/615YQC5PoXL.jpg
000097.jpg,https://mannootu.sirv.com/WP_stratfordinnashland.com/2016/08/Thai-Pepper.jpg
000098.jpg,https://www.plantsofdistinction.co.uk/stock/mweb/img001432.jpg
000099.jpg,https://cdn2.bigcommerce.com/server2000/xbzs5402/products/491/images/3664/Pepper_hot_thai_pepper__71833.1432321981.1280.1280.jpg?c=2
000100.jpg,http://nebula.wsimg.com/b9da444631f28195cb1d717be4a0d089?AccessKeyId=4C3D4030FB7EC5F83077&disposition=0&alloworigin=1
000101.jpg,https://i.ebayimg.com/images/g/LsQAAOSwCGVX-cHi/s-l400.jpg
000102.jpg,http://ecx.images-amazon.com/images/I/41Et3e1HTlL.jpg
000103.jpg,https://spicetrekkers.com//upload/share/thai-chili.jpg
000104.jpg,https://bloximages.newyork1.vip.townnews.com/theadvocate.com/content/tncms/assets/v3/editorial/1/2a/12a795f8-53d2-5634-8fe2-50a1ee272983/57980e9fd00ce.image.jpg?resize=1200%2C900
000105.jpg,https://importfood.com/images/com_yoorecipe/22/cropped-neua-pad-prik-5l.jpg
000106.jpg,https://comps.canstockphoto.ca/chilli-padi-birds-eye-chilli-bird-stock-photo_csp68913048.jpg
000107.jpg,https://portalvhds26k4f5tktj3ck.blob.core.windows.net/spotpics/sp45610.jpg
000108.jpg,https://c1.neweggimages.com/ProductImage/A93A_1_201904091645095754.jpg
000109.jpg,https://previews.123rf.com/images/isomwang/isomwang1610/isomwang161000001/66013170-chilli-padi-bird-s-eye-chilli-bird-chilli-thai-pepper-on-threshing-basket.jpg
000110.jpg,https://www.adaptiveseeds.com/wp-content/uploads/2014/12/p-7324-hot_pepper_korean1.jpg
000111.jpg,https://i.ytimg.com/vi/xLX6j2iVpiY/maxresdefault.jpg
000112.jpg,https://www.superhotchiles.com/wp-content/uploads/2018/04/Black-Thai-pepper-plants.jpg
000113.jpg,https://c8.alamy.com/comp/C6KYG4/thai-pepper-basil-and-kaffir-lime-leaves-ingredients-for-green-curry-C6KYG4.jpg
000114.jpg,https://www.herbco.com/images/ChiliPeppersWEB.jpg
000115.jpg,http://www.creativefarmer.in/image/cache/Images/Product/PImages/CFVEG-17-0000072V1-500x500.jpg
000116.jpg,https://images-na.ssl-images-amazon.com/images/I/A1Mrew90siL._SX425_.jpg
000117.jpg,https://assets.simpleviewinc.com/simpleview/image/upload/c_fill,h_537,q_50,w_1084/v1/clients/omaha/hqdefault_077cdbf0-7124-4109-bdaa-b8ebc04ba842.jpg
000118.jpg,https://live.staticflickr.com/7261/7454960866_49b259b1fd_b.jpg
000119.jpg,https://www.mysanfranciscokitchen.com/wp-content/uploads/2015/09/thai-pepper.jpg
000120.jpg,https://harvest-fresh.ca/wp-content/uploads/2016/02/red-thai-new-web--1024x682.png
000121.jpg,https://munchpak.com/media/catalog/product/cache/image/700x700/e9c3970ab036de70892d86c6d221abfe/d/o/doritos-thai-pepper-chicken.jpg
000122.jpg,https://media-cdn.tripadvisor.com/media/photo-s/0e/a8/c2/5c/pad-thai.jpg
000123.jpg,https://steemitimages.com/640x0/https://img.esteem.ws/y354fs3rrf.jpg
000124.jpg,https://www.chilipeppermadness.com/wp-content/uploads/2019/04/Thai-Chili-Peppers.jpg
000125.jpg,https://st4.depositphotos.com/15130236/22261/i/1600/depositphotos_222616196-stock-photo-chilli-padi-bird-eye-chilli.jpg
000126.jpg,https://rukminim1.flixcart.com/image/300/300/j4a6ykw0/plant-seed/n/2/p/25-red-bird-eye-chilli-seeds-kanthari-mulaku-thai-pepper-tiny-original-imaev7vrsbv9nvfj.jpeg?q=90
000127.jpg,https://cdn.shopclues.com/images/thumbnails/90286/320/320/13270189051OTjK7A9dL1514634179.jpg
000128.jpg,https://image.shutterstock.com/image-photo/single-one-red-hot-chili-260nw-187525268.jpg
000129.jpg,https://i.pinimg.com/originals/82/46/4d/82464d84920dc789b60a8c5d49b7d8e7.jpg
000130.jpg,https://comps.canstockphoto.com/ripe-red-thai-peppers-stock-photo_csp33950127.jpg
000131.jpg,https://noshingwiththenolands.com/wp-content/uploads/2017/03/Thai-Pepper-Shrimp-Curry-3-Custom.jpg
000132.jpg,https://images.fineartamerica.com/images-medium-large-5/dried-thai-chili-peppers-fat-tony.jpg
000133.jpg,http://www.thaipepper.net/images/splash-padthai.jpg
000134.jpg,https://assets.simpleviewinc.com/simpleview/image/fetch/c_fill,h_553,q_75,w_1105/https://assets.simpleviewinc.com/simpleview/image/upload/crm/omaha/thaipepper_chicken0_3d9e676d-5056-a36a-09f482b8cf66825b.jpg
000135.jpg,https://media-cdn.tripadvisor.com/media/photo-s/08/a3/ae/dc/spicy-seafood-rice-chicken.jpg
000136.jpg,https://thumbs.dreamstime.com/z/capsicum-annuum-bird-s-eye-chilli-thai-pepper-herbals-have-green-chili-red-depth-field-copyspace-brown-bambo-bamboo-109534338.jpg
000137.jpg,http://thehotpepper.com/uploads/monthly_11_2012/post-5119-0-89162500-1353446468.jpg
000138.jpg,https://i.etsystatic.com/9854804/r/il/8a57f1/1297977599/il_570xN.1297977599_dqrg.jpg
000139.jpg,https://cdn.shopify.com/s/files/1/0972/6282/products/super-thai-pepper-f1-hybrid-71-days-vegetables-pinetree-garden-seeds_469_2000x.jpg?v=1542836900
000140.jpg,https://media.istockphoto.com/photos/hot-thai-red-chili-peppers-on-table-picture-id468346085?k=6&m=468346085&s=612x612&w=0&h=W9_-bMv3pBS2BwStchgeNNOOHMMDfxMZKVAHqWE9mew=
000141.jpg,https://imgc.artprintimages.com/img/print/ripe-red-thai-peppers-display_u-l-f89jao0.jpg?h=550&w=550&background=fbfbfb
000142.jpg,https://i0.wp.com/www.latebloomershow.com/wp-content/uploads/2016/11/kk_lb-orange-Thai-peppers.jpg?resize=611%2C343
000143.jpg,https://media-cdn.tripadvisor.com/media/photo-s/10/dc/4a/f1/20171003-133043-largejpg.jpg
000144.jpg,https://i.dlpng.com/static/png/1611478-chili-con-carne-chili-pepper-thai-cuisine-capsicum-pad-thai-pepper-chili-pepper-png-900_700_preview.png
000145.jpg,https://previews.123rf.com/images/amamka/amamka1808/amamka180802054/107203317-bird-s-eye-chilli-thai-pepper.jpg
000146.jpg,https://1.bp.blogspot.com/-kpsLo_yfdxM/XLYZaDTa35I/AAAAAAAAY6Q/A5z1F62z1_svqrplSxElcOluKNv7MysIgCLcBGAs/s1600/0002981_birds-eye-demon-chilli-10-seeds_550.jpeg
000147.jpg,https://www.marionskitchen.com/wp-content/uploads/2019/02/Thai-Pepper-Garlic-Steak-e1552630391694.jpg
000148.jpg,https://images-na.ssl-images-amazon.com/images/I/61Gzdg9hhkL._SX425_.jpg
000149.jpg,https://gardeningwormcomposting.com/wp-content/uploads/2018/01/Dried-Thai-Ornamental-Peppers-300x295.jpg
000150.jpg,https://www.melissas.com/v/vspfiles/photos/1148-2T.jpg
000151.jpg,https://thumbs.dreamstime.com/z/colorful-chili-bird-s-eye-chilli-thai-pepper-lot-have-green-red-multi-color-background-112749829.jpg
000152.jpg,https://c8.alamy.com/comp/KDR1YM/hot-chilli-paprika-chilli-padi-birds-eye-chilli-bird-chilli-thai-pepper-KDR1YM.jpg
000153.jpg,https://comps.gograph.com/ripe-red-thai-pepper-fresh-vegetable-natural-product-cooking-ingredient-organic-food-flat-vector-design_gg110072874.jpg
000154.jpg,http://elitelux.co/wp-content/uploads/2019/02/thai-pepper-scoville-scale-pepper-red-cayenne-pepper-scoville-scale-thai-dragon-pepper-scoville-rating.jpg
000155.jpg,https://st3.depositphotos.com/12611120/18889/i/1600/depositphotos_188895846-stock-photo-colorful-chili-birds-eye-chilli.jpg
000156.jpg,http://www.junedarville.com/wp-content/uploads/2014/09/Pepper-Steak-Recipe.jpg
000157.jpg,https://img-aws.ehowcdn.com/350x235p/photos.demandstudios.com/getty/article/251/1/78369072_XS.jpg
000158.jpg,https://petalsandwings.files.wordpress.com/2019/03/chili-pepper-1.jpg
000159.jpg,https://lh6.ggpht.com/9_4yc4kmcrJYrtBkSHoYM5mzRJZqUjYNEuqOhG06UC55VeLfkSapXNrU4kDfYoa7XfB7ksSLEhhGye9740eD=s580
000160.jpg,https://static3.thaitable.com/images/ingredient/5green-thai-chili-peppers.jpg
000161.jpg,https://cdn11.bigcommerce.com/s-bwxmf7sxqg/images/stencil/500x659/products/263/1678/120_white_pepper_1__99602.1511247850.jpg?c=2
000162.jpg,http://www.specialtyproduce.com/sppics/12845.png
000163.jpg,https://www.backyardnature.net/n/13/131110ps.jpg
000164.jpg,https://thaipepperwoodlanddotcom.files.wordpress.com/2019/09/somtumkap-1.jpg?w=683
000165.jpg,https://i.etsystatic.com/11226248/d/il/099772/797989783/il_340x270.797989783_j98t.jpg?version=0
000166.jpg,https://www.superhotchiles.com/wp-content/uploads/2019/06/ChilesThaiDragon6-2018-1.jpg
000167.jpg,https://www.seedsbydesign.com/_ccLib/image/plants/DETA-1138.jpg
000168.jpg,https://cdn.shopify.com/s/files/1/0076/4339/8233/products/peppercorn_300x300.jpg?v=1548511180
000169.jpg,https://previews.123rf.com/images/ungpaoman/ungpaoman1809/ungpaoman180900427/109136763-chilli-padi-bird-s-eye-chilli-bird-chilli-thai-pepper.jpg
000170.jpg,https://media.istockphoto.com/photos/raw-organic-red-thai-peppers-picture-id661971562?k=6&m=661971562&s=612x612&w=0&h=NWV290UjVrPSi84ZEGAIiOiKJHHxmW6uLvEAWqkS13Y=
000171.jpg,https://media.gettyimages.com/photos/closeup-of-thai-pepper-plant-picture-id1177970508?s=612x612
000172.jpg,https://www.plant-world-seeds.com/images/item_images/000/004/921/large_square/ORANGE_THAI_PEPPER1.JPG?1495392523
000173.jpg,https://image.shutterstock.com/image-photo/thai-pepper-chilli-padi-450w-409539100.jpg
000174.jpg,http://www.diningoutwithrobbalon.com/wp-content/uploads/Chinatown_ThaiBasilShrimp.jpg
000175.jpg,https://www.johnnyseeds.com/dw/image/v2/BBBW_PRD/on/demandware.static/-/Sites-jss-master/default/dwaeb419d6/images/products/vegetables/03773_01_kilian.jpg?sw=387&cx=518&cy=120&cw=1036&ch=1036
000176.jpg,https://images-na.ssl-images-amazon.com/images/I/71Qr4iQmSLL._SX425_.jpg
000177.jpg,https://cdn.shopify.com/s/files/1/0972/6282/products/super-thai-pepper-f1-hybrid-71-days-vegetables-pinetree-garden-seeds_112_2000x.jpg?v=1542836900
000178.jpg,https://s3-media1.fl.yelpcdn.com/bphoto/ZRjY8-FGkJk7D7zd1bRcGA/ls.jpg
000179.jpg,https://as2.ftcdn.net/jpg/01/30/64/09/500_F_130640946_y8ZKpOOasCU7gRNRwpOykC92SYD1Hsw6.jpg
000180.jpg,https://chilli-seedz.com/wp-content/uploads/2016/06/Black-Thai-TQ-Ripening-2-900x900.jpg
000181.jpg,https://live.staticflickr.com/1433/1019700676_08f47b2554_z.jpg
000182.jpg,https://upload.wikimedia.org/wikipedia/commons/b/bd/Thai_pepper_primo_piano.jpg
000183.jpg,https://media.gettyimages.com/photos/red-hot-chilli-mix-picture-id185099259?s=612x612
000184.jpg,https://cdn.doordash.com/media/restaurant/cover/ThaiPepper_8714_sun_vallery_CA.png
000185.jpg,https://i0.wp.com/www.rightreading.com/toms_garden/thai-hot-chiles/thai-chiles-2.jpg?resize=435%2C326
000186.jpg,https://kcdgarden.com/varieties/103/IMG_7134.JPG?width=730&height=500&mode=crop&format=jpg&quality=65
000187.jpg,https://c8.alamy.com/comp/HAEXEM/hot-thai-peppers-in-red-orange-and-green-colors-are-seen-together-HAEXEM.jpg
000188.jpg,https://media-cdn.tripadvisor.com/media/photo-s/06/b0/7e/39/chicken-pad-thai.jpg
000189.jpg,https://comps.canstockphoto.co.uk/dry-hot-chillis-background-red-chilli-stock-image_csp64303164.jpg
000190.jpg,https://davesgarden.com/guides/pf/thumbnail.php?image=2014/02/22/zinniared/d8a3d0.jpg&widht=700&height=312
000191.jpg,http://www.thaipepperproducts.com/images/slider/ABOUTeng.jpg
000192.jpg,https://previews.123rf.com/images/kedsirin/kedsirin1507/kedsirin150700075/42555243-cayenne-pepper-chili-spur-pepper-long-fed-pepper-spur-pepper-chilli-padi-bird-s-eye-chilli-bird-chil.jpg
000193.jpg,https://www.dhresource.com/0x0/f2/albu/g6/M00/DC/A5/rBVaSFql5VCAQv_cAAQkSaueDZw860.jpg
000194.jpg,https://st4.depositphotos.com/20827338/22862/i/1600/depositphotos_228622364-stock-photo-chilli-padi-thai-pepper-tree.jpg
000195.jpg,https://www.marionskitchen.com/wp-content/uploads/2019/02/Thai-Pepper-Garlic-Prawn-Noodles1-1024x1024.jpg
000196.jpg,http://g02.a.alicdn.com/kf/HTB1kx8Zr7CWBuNjy0Faq6xUlXXaQ.jpg
000197.jpg,https://live.staticflickr.com/8168/7454967682_428f91b1da_b.jpg
000198.jpg,https://www.rareseeds.com/assets/1/14/DimRegular/peppers-thai-burapa-IMG_4415.jpg
000199.jpg,https://image.shutterstock.com/image-photo/thai-pepper-morning-sunrisethe-other-600w-741516580.jpg
000200.jpg,https://imageresizer.static9.net.au/WKZ_q172Ozxqc9sFr0_UTmRKfAI=/600x338/smart/https%3A%2F%2Fprod.static9.net.au%2Ffs%2F96648e97-5b79-4e87-975e-7b198683257f
000201.jpg,https://www.naturefresh.ca/wp-content/uploads/NFF-Bell-Pepper-Thai-Salad-V3.jpg
000202.jpg,http://www.thaipepperhouston.com/images/thai-pepper-logo.png
000203.jpg,https://i2.wp.com/www.twincities.com/wp-content/uploads/2019/10/ThaiPepperGrilledSkewers.png?fit=620%2C9999px&ssl=1
000204.jpg,https://media.istockphoto.com/photos/red-thai-pepper-picture-id178534728
000205.jpg,https://cdn.doordash.com/media/restaurant/cover/MikadoThaiPepperRestaurant6466ArdmorePA.png
000206.jpg,https://c8.alamy.com/comp/KDR1YE/hot-chilli-paprika-chilli-padi-birds-eye-chilli-bird-chilli-thai-pepper-KDR1YE.jpg
000207.jpg,https://images.sellersourcebook.com/users/143753/1_yellow_thai_plant.jpg?1483077531
000208.jpg,http://www.junedarville.com/wp-content/uploads/2014/09/Pepper-Steak-Recipe4.jpg
000209.jpg,https://i.ytimg.com/vi/bYVgIGjEQ00/hqdefault.jpg
000210.jpg,https://i.etsystatic.com/16476486/d/il/5f2526/1944182411/il_340x270.1944182411_nadt.jpg?version=0
000211.jpg,https://media-cdn.tripadvisor.com/media/photo-s/0e/db/c5/cb/crispy-pad-thai-and-the.jpg
000212.jpg,https://www.foxvalleyfoodie.com/wp-content/uploads/2015/09/homemade-asian-pepper-sauce.jpg
000213.jpg,https://previews.123rf.com/images/tbur88/tbur881105/tbur88110500045/9479773-a-single-red-thai-pepper-isolated-on-a-clean-white-background-.jpg
000214.jpg,https://i.pinimg.com/originals/58/07/be/5807be5e40ddcce1d10b00d974518b22.jpg
000215.jpg,https://image.shutterstock.com/display_pic_with_logo/189311530/1454207141/stock-photo-capsicum-annuum-chilli-padi-bird-s-eye-chilli-bird-chilli-thai-pepper-chili-peppers-1454207141.jpg
000216.jpg,http://cdn.shopify.com/s/files/1/1351/6403/products/61177145_grande.jpg?v=1468621381
000217.jpg,https://cdn2.vectorstock.com/i/thumb-large/23/91/ripe-red-thai-pepper-fresh-vegetable-natural-vector-23552391.jpg
000218.jpg,http://2.bp.blogspot.com/-oBkV1BhUjtQ/UlNCRFyy1KI/AAAAAAAAESg/qe2R4giBkig/s1600/6659.jpg
000219.jpg,https://image.shutterstock.com/z/stock-photo-thai-pepper-chilli-padi-409539100.jpg
000220.jpg,http://thaipepperashland.com/files/image_stack_img_p24_n1.png
000221.jpg,https://i.ebayimg.com/images/g/QRgAAOxyLchRxRoI/s-l300.jpg
000222.jpg,https://thumbs.dreamstime.com/z/red-green-color-chilli-padi-bird-s-eye-thai-pepper-its-tree-isolated-white-background-145554603.jpg
000223.jpg,https://raster-static.postmates.com/?url=com.postmates.img.prod.s3.amazonaws.com%2F2cbacc95-1894-4a77-a0e7-4b3aea988bd5%2Forig.jpg&quality=85&w=500&h=0&mode=auto&format=webp&v=4
000224.jpg,https://assets3.thrillist.com/v1/image/2823053/size/gn-gift_guide_variable_c;jpeg_quality=20.jpg
000225.jpg,http://www.khiewchanta.com/images/green-pepper.jpg
000226.jpg,https://st2.depositphotos.com/6247624/9316/i/950/depositphotos_93161802-stock-photo-thai-pepper-chilli-padi-birds.jpg
000227.jpg,https://bramptonist.com/wp-content/uploads/2018/01/thai-pepper-brampton.png
000228.jpg,https://www.marionskitchen.com/wp-content/uploads/2019/03/Thai-Pepper-Garlic-Steak-4-e1552623088995.jpg
000229.jpg,https://i.ytimg.com/vi/YKa4Q38IXfY/maxresdefault.jpg
000230.jpg,https://i1.wp.com/www.twincities.com/wp-content/uploads/2019/10/ThaiPepperPanangCurryWPork.jpg?fit=620%2C9999px&ssl=1
000231.jpg,https://media.istockphoto.com/photos/raw-organic-red-thai-peppers-picture-id661972208?k=6&m=661972208&s=612x612&w=0&h=WUF1cku4XIq5QxSVPjtugxDYAj04E_bBV_FR1ut2LmE=
000232.jpg,http://www.doublehelixfarms.com/sites/default/files/Pepper%20Thai%20Sweet%203.jpg
000233.jpg,http://www.consumergroup.com/palms/peppers/IMG_0159.jpg
000234.jpg,https://i.etsystatic.com/18660733/d/il/07db39/1948444878/il_340x270.1948444878_5y3a.jpg?version=0
000235.jpg,https://petalsandwings.files.wordpress.com/2012/10/thai-pepper-2.jpg
000236.jpg,https://image.shutterstock.com/display_pic_with_logo/3848381/468763313/stock-photo-chilli-padi-bird-s-eye-chilli-bird-chilli-thai-pepper-and-capsicum-annuum-in-basket-468763313.jpg
000237.jpg,https://healthythairecipes.com/wp-content/uploads/2016/11/SweetChiliPamelo2-min-1028x1039.jpg
000238.jpg,https://c8.alamy.com/comp/H44F7X/chilli-padi-birds-eye-chilli-bird-chilli-thai-pepper-on-threshing-H44F7X.jpg
000239.jpg,https://sc01.alicdn.com/kf/HTB1nMK6QpXXXXcLXXXXq6xXFXXX5.jpg
000240.jpg,https://i5.walmartimages.com/asr/e40773c9-6707-4465-b0f9-02f1caf4cbab_1.005f7bbef4c98aced64961c973c71074.jpeg?odnHeight=450&odnWidth=450&odnBg=FFFFFF
000241.jpg,https://previews.123rf.com/images/nateemee/nateemee1512/nateemee151200041/50422342-thai-pepper-chilli-padi-bird-s-eye-chilli-bird-chilli-on-old-wooden-table.jpg
000242.jpg,https://b.zmtcdn.com/data/pictures/6/16885816/4abe89478b7448832ed85b37d524b0f3_featured_v2.jpg
000243.jpg,https://pepperheadsforlife.com/wp-content/uploads/2010/12/thai-pepper-shu.jpg
000244.jpg,https://soulsbyfarm.files.wordpress.com/2012/07/thai-hot-pepper-growing-plant.jpg
000245.jpg,https://s3-media2.fl.yelpcdn.com/bphoto/Bawr-aps6tOQYRAWwY2TEw/o.jpg
000246.jpg,https://c1.staticflickr.com/9/8190/8080494267_a8dba94e48_z.jpg
000247.jpg,https://cdn1.bigcommerce.com/server700/5mvrqhbm/products/5641/images/151032/thai-pepper-golden-n-s__85867.1541808299.1280.1280.jpg?c=2
000248.jpg,https://b.zmtcdn.com/data/menus/421/17735421/a90570ddd80af66e4fe8d4ca3f18b8c4.jpg
000249.jpg,https://image.shutterstock.com/image-photo/thai-pepper-birds-eye-chili-260nw-1446301532.jpg
000250.jpg,http://www.heirloom-organics.com/images/polaroid/nonhybrid-thaihot.gif
000251.jpg,https://image.freepik.com/free-photo/food-concept-chili-padi-bird-s-eye-chili-thai-pepper-red-chili-bamboo-tray_42124-575.jpg
000252.jpg,http://www.latebloomersfarm.com/wp-content/uploads/2018/11/green_ring_of_fire.jpg
000253.jpg,https://importfood.com/media/zoo/images/lobo-pepper-garlic-large_e325e39898d3b27dada9512c16629c2e.jpg
000254.jpg,https://media-cdn.tripadvisor.com/media/photo-s/02/ca/74/65/thai-pepper.jpg
000255.jpg,https://m.media-amazon.com/images/I/61l19lA6CKL._SR500,500_.jpg
000256.jpg,https://thumbs.dreamstime.com/z/thai-pepper-chilli-padi-bird-s-eye-chilli-bird-chilli-old-red-paprika-peppers-wooden-background-76006269.jpg
000257.jpg,https://i1.wp.com/www.peppersbymail.com/wp-content/uploads/2018/08/white_thai.jpg?fit=3264%2C2448
000258.jpg,https://i.etsystatic.com/7824311/r/il/42ef01/530326002/il_794xN.530326002_a280.jpg
000259.jpg,http://www.gonation.biz/web-og/thai-pepper.jpg
000260.jpg,https://i.ytimg.com/vi/82HBgEHbJSE/maxresdefault.jpg
000261.jpg,https://i.ebayimg.com/images/g/nbQAAOSwSlBY37en/s-l300.jpg
000262.jpg,https://healthythairecipes.com/wp-content/uploads/2019/04/Copycat-Starbucks-Sous-Vide-Egg-Bites-Egg-White-Red-Spicy-Thai-Pepper.jpg
000263.jpg,http://nebula.wsimg.com/212007ad59f516066b9ef93e1d06d619?AccessKeyId=4C3D4030FB7EC5F83077&disposition=0&alloworigin=1
000264.jpg,https://images.happycow.net/venues/1024/48/95/hcmp48952_548842.jpeg
000265.jpg,https://image.shutterstock.com/display_pic_with_logo/4279660/510846775/stock-photo-hot-chilli-paprika-chilli-padi-bird-s-eye-chilli-bird-chilli-thai-pepper-in-a-basket-at-the-510846775.jpg
000266.jpg,https://mlealol3dz3u.i.optimole.com/w:auto/h:auto/q:auto/https://www.bellylaughliving.com/wp-content/uploads/2018/03/10bu8ulzqxo01.jpg
000267.jpg,https://ae01.alicdn.com/kf/HTB1tycCJWSWBuNjSsrbq6y0mVXaf/Heirloom-200pcs-lot-Thai-Sun-Hot-Pepper-Capsicum-Annuum-Ornamental-Chili-Bonsai-Plant-Mini-Hot-Pepper.jpg
000268.jpg,https://ih1.redbubble.net/image.575406871.4367/dc,1200x1200,twin,bed.1.jpg
000269.jpg,https://c8.alamy.com/comp/S1BBE7/spicy-thai-peppers-by-kr-S1BBE7.jpg
000270.jpg,https://media.istockphoto.com/photos/thai-pepper-chilli-padi-birds-eye-chilli-bird-chilli-picture-id590626998
000271.jpg,http://www.chilepeppersrecipes.com/peppers/pepper_images/thai-green-pile.jpg
000272.jpg,https://previews.123rf.com/images/chercvc999/chercvc9991804/chercvc999180400222/100067143-thai-pepper-green-isolated-on-white-background-.jpg
000273.jpg,https://fastly.4sqi.net/img/general/200x200/1623379_EnhYMRRjmB1hilmHW8ZyJTQwpVEdLnC33JrfsvyynUg.jpg
000274.jpg,https://petalsandwings.files.wordpress.com/2012/10/thai-pepper-5.jpg
000275.jpg,https://patch.com/img/cdn/users/1413701/2012/09/raw/59ed58d7f783bf7f4666d2768dbf6158.jpg
000276.jpg,https://i.pinimg.com/originals/6a/50/f4/6a50f4c726b9ceee2f80e7f425663418.jpg
000277.jpg,https://ediblecravings.files.wordpress.com/2014/01/thai-pepper-chicken-chop.jpg
000278.jpg,https://b.zmtcdn.com/data/menus/963/17266963/e75767c751d5a5a99b8d4f8e2864b7dc.jpg
000279.jpg,https://cdn3.vectorstock.com/i/1000x1000/98/22/hot-chili-or-thai-pepper-isolated-sketch-vector-26869822.jpg
000280.jpg,https://s3-media1.fl.yelpcdn.com/bphoto/WzNcn2Vm35HuckDNyL19OA/ls.jpg
000281.jpg,https://kcdgarden.com/varieties/103/images/Houston%20White%20Thai%20Cluster%20chili%202.JPG?width=400&height=270&mode=crop&format=jpg&quality=65
000282.jpg,https://fastly.4sqi.net/img/general/200x200/19193683_xfaG_LBETA_rvzppWtVWY_hkiMb37GT-WzuJRRlCEqI.jpg
000283.jpg,https://pics.davesgarden.com/pics/2005/03/25/kennedyh/dd0a8b.jpg
000284.jpg,http://www.thaipepperhouston.com/images/hot_tofu-u903.jpg
000285.jpg,http://res.cloudinary.com/simpleview/image/upload/v1499960921/clients/omaha/Thai_Pepper_2__453ef0fa-9e0a-4a85-9b22-b870925ef4be.jpg
000286.jpg,https://i1.wp.com/www.foodinspires.com/wp-content/uploads/2013/03/pepper-pickle.jpg?resize=508%2C381
000287.jpg,https://upload.wikimedia.org/wikipedia/commons/e/e4/Thai_hot_peppers.jpg
000288.jpg,https://cdn.doordash.com/media/restaurant/cover/Thai_Pepper_Logo.png
000289.jpg,https://i.ytimg.com/vi/tDO4-R-RXYk/maxresdefault.jpg
000290.jpg,https://www.thaipepperct.com/images/logo.png
000291.jpg,https://media.istockphoto.com/photos/red-chili-pepper-isolated-on-a-white-background-picture-id669723394?k=6&m=669723394&s=612x612&w=0&h=QzfA9FpVYAEwhc7aMuvB-07S-ceyzlVOdUMZ0bhX-IE=
000292.jpg,https://mailtribune.com/resources/media/530efa7e-f403-49f0-97c6-65e36c9578c3-large16x9_entertainment160729983ar0oyxzjsubyuhw.jpg?1522869948981
000293.jpg,http://i1122.photobucket.com/albums/l532/synclinorium/IMGP1178.jpg
000294.jpg,http://www.ecoseeds.com/PEPPER40.JPG
000295.jpg,https://media-cdn.tripadvisor.com/media/photo-s/0e/db/c5/ca/crispy-pad-thai-and-the.jpg
000296.jpg,https://image.shutterstock.com/display_pic_with_logo/4104367/733394086/stock-photo-thai-pepper-in-morning-sunrise-with-dew-the-other-thai-pepper-names-as-chilli-padi-bird-s-eye-733394086.jpg
000297.jpg,https://importfood.com/images/features/thai-long-pepper/deeplee_longpepper_2l.jpg
000298.jpg,https://media.gettyimages.com/photos/indonesia-jakarta-glodok-chinatown-market-scene-red-chile-peppers-picture-id453188904?s=612x612
000299.jpg,https://previews.123rf.com/images/bhofack2/bhofack21602/bhofack2160200211/51625758-hot-green-thai-chili-pepper-in-a-bowl.jpg
000300.jpg,https://www.kitazawaseed.com/graphics/plant_images/240x240/352_thaipepper_w.jpg
000301.jpg,http://nebula.wsimg.com/5e094f260b0390805387e9c61a90db29?AccessKeyId=4C3D4030FB7EC5F83077&disposition=0&alloworigin=1
000302.jpg,https://32lxcujgg9-flywheel.netdna-ssl.com/wp-content/uploads/2015/09/Thai-Curry-Roasted-Red-Pepper-Soup-1.jpg
000303.jpg,https://www.marionskitchen.com/wp-content/uploads/2019/03/Thai-Pepper-Garlic-Steak-19-819x1024.jpg
000304.jpg,https://st4.depositphotos.com/13581410/19617/i/1600/depositphotos_196175818-stock-photo-thai-pepper-morning-sunrise-other.jpg
000305.jpg,https://image.shutterstock.com/display_pic_with_logo/180897936/1085942879/stock-photo-chilli-chilli-in-the-garden-chilli-garden-capsicum-annuum-chilli-padi-thai-pepper-thailand-1085942879.jpg
000306.jpg,https://i.shgcdn.com/305b6543-5f59-44f5-bea4-5aae05868b51/-/format/auto/-/preview/3000x3000/-/quality/lighter/
000307.jpg,https://www.aerogarden.com/media/catalog/product/cache/1/image/1800x/6b9ffbf72458f4fd2d3cb995d92e8889/c/u/custom_thai-pepper_2_1_1.1556735619.jpg
000308.jpg,https://www.picclickimg.com/00/s/NTAwWDUwMA==/z/XlkAAOSwZVlXqJzK/$/50pcs-Thai-Sun-Hot-Pepper-Capsicum-Annuum-Ornamental-_1.jpg
000309.jpg,https://d7hlq31pmx5mz.cloudfront.net/wp-content/uploads/thailand-pepper.jpg
000310.jpg,https://c8.alamy.com/comp/BH5HWW/spicy-stir-fry-wild-pork-with-young-thai-pepper-and-basil-moo-pad-BH5HWW.jpg
000311.jpg,http://www.eat-the-heat.com/wp-content/uploads/2017/11/Thai-hot-pepper.jpg
000312.jpg,http://pakistanhydroponics.com/wp-content/uploads/2018/11/FREE-SEEDS-OF-BISHOPS-HATPEPPER-MAD-HATTER-PEPPER-BISHOPS-TAIL-PEPPER-CAYENNE-PEPPER-BIRDS-EYE-PEPPER-HOT-THAI-PEPPER-SPINACH-PEPPER-BISHOPS-CROWN-PAKISTAN-HYDROPONICS-2.jpg
000313.jpg,https://as1.ftcdn.net/jpg/01/29/68/74/500_F_129687471_EKH1RtM35JDtexohfenmyVqD46dgndQs.jpg
000314.jpg,https://chilepeppers.com/static/img/thumb/thai-pepper.jpg
000315.jpg,http://4.bp.blogspot.com/-Uyj4OCFQUgI/VKquuKYdu9I/AAAAAAAABbc/vfH-A9FuwmE/s1600/chilitemp.jpg
000316.jpg,https://www.visitlubbock.org/wp-content/uploads/2017/11/004___08014.jpg
000317.jpg,https://previews.agefotostock.com/previewimage/medibigoff/e2ae4cbb78fb08fb12c191749ad30047/ssb-4168-1779.jpg
000318.jpg,https://wsptldr.files.wordpress.com/2019/10/2019_10thaipepper.jpg?w=840
000319.jpg,https://i5.walmartimages.com/asr/9e8e8d76-3147-4d4e-b42a-dba45fc22e16_7.148b17649d3cac8bd3ed43101d30c6e6.jpeg?odnHeight=450&odnWidth=450&odnBg=FFFFFF
000320.jpg,https://heirloomseedvault.com/wp-content/uploads/2018/01/Thai-Hot-Chili-Pepper-seed.jpg
000321.jpg,http://jackie-es.com/wp-content/uploads/2011/01/IMG_1403.jpg
000322.jpg,https://oanhtutquan.info/wp-content/uploads/2019/08/thai-hot-pepper-plant-thai-hot-pepper-plant-when-to-pick.jpg
000323.jpg,https://image.shutterstock.com/image-photo/selected-focus-guinea-pepperchilli-padibirds-600w-1205146540.jpg
000324.jpg,http://www.superhotpeppers.ca/uploads/3/4/8/6/34864362/thai-red-3_orig.jpg
000325.jpg,https://smhttp-ssl-17653.nexcesscdn.net/media/catalog/product/cache/1/thumbnail/9df78eab33525d08d6e5fb8d27136e95/p/e/peppers-thai2.jpg
000326.jpg,https://soulsbyfarm.files.wordpress.com/2012/09/thai-hot-pepper-plant.jpg
000327.jpg,https://b.zmtcdn.com/data/pictures/3/17266963/28abac8cfab729024bed2f71849dc485_featured_v2.jpg
000328.jpg,https://www.chewoutloud.com/wp-content/uploads/2017/05/Thai-Basil-chicken-with-Peppers-1.jpg
000329.jpg,https://cdn.doordash.com/media/restaurant/cover/Thai_Pepper_Restaurant__Lounge_Fort_Walton_Beach.png
000330.jpg,https://i.pinimg.com/originals/9a/d0/10/9ad0103354daae984a4e4ad548b83abe.jpg
000331.jpg,http://jackie-es.com/wp-content/uploads/2011/01/IMG_1334-225x300.jpg
000332.jpg,https://media-cdn.tripadvisor.com/media/photo-s/10/05/36/f8/thai-pepper.jpg
000333.jpg,http://www.thaifoodandtravel.com/blog/wp-content/uploads/fs2/saltpepper_nahmjim.jpg
000334.jpg,https://res.cloudinary.com/paleoleap/image/upload/f_auto,q_70/v1432882483/j-paleo/sweet-thai-chicken-main.jpg
000335.jpg,https://i1.wp.com/www.peppersbymail.com/wp-content/uploads/2018/10/orange-thai.jpg?resize=324%2C324
000336.jpg,https://t3.ftcdn.net/jpg/02/26/29/74/500_F_226297423_fVSJr2hV8UjKAxVrMi32Eg7xd4LNyHBU.jpg
000337.jpg,http://e-thaifood.com/128-home_default/hot-thai-pepper-seeds-red-and-green.jpg
000338.jpg,https://st4.depositphotos.com/15130236/29607/i/1600/depositphotos_296070644-stock-photo-chilli-padi-bird-eye-chilli.jpg
000339.jpg,https://assets.simpleviewinc.com/simpleview/image/upload/c_fill,h_480,q_50,w_640/v1/clients/omaha/Thai_Pepper_golden_flowers_1_7f530b0f-b10b-42fe-92f7-a0685cb8016e.jpg
000340.jpg,https://nanasbloomers.com/wp-content/uploads/2017/10/pepper-thai-chili.jpg
000341.jpg,http://www.vegetable-gardening-with-lorraine.com/images/500x333HotPeppesrwm-2.jpg
000342.jpg,https://s3-media2.fl.yelpcdn.com/bphoto/ipbbpU2PvSBcCkL6_M1npQ/o.jpg
000343.jpg,https://media.istockphoto.com/photos/dry-chilli-padi-birds-eye-chilli-bird-chilli-thai-pepper-picture-id604926884
000344.jpg,https://images-eu.ssl-images-amazon.com/images/I/51PM9Y3zGkL.jpg
000345.jpg,http://www.allfourburners.com/wp-content/uploads/33.jpg
000346.jpg,http://d2by9dx2k0n1tg.cloudfront.net/menus/3/3854/public.jpg?1302015301
000347.jpg,http://nebula.wsimg.com/1a58daf8adc97b480c178c81c7c954ab?AccessKeyId=4C3D4030FB7EC5F83077&disposition=0&alloworigin=1
000348.jpg,https://d1alt1wkdk73qo.cloudfront.net/images/guide/55ea1f8c0d02449cb30dd47abe3c39c5/640x960.jpg
000349.jpg,http://www.homegrown-peppers.com/wp-content/uploads/2009/04/thai-hot-pepper-20090419.jpg
000350.jpg,https://www.thethaipepper.com/images/ThaiPepper.jpg
000351.jpg,https://s3-media3.fl.yelpcdn.com/bphoto/rtlCxAaN9lZTmP-S-e6nPg/o.jpg
000352.jpg,https://cdn.shopify.com/s/files/1/1623/0125/products/Mah_Kwan_wild_pepper_open.jpg?v=1527284979
000353.jpg,https://image.shutterstock.com/image-photo/tree-thai-pepper-jinda-chillis-260nw-1485982655.jpg
000354.jpg,https://www.whats4eats.com/files/meats-nua-pad-prik-wikipedia-Radman1-4x3.jpg
000355.jpg,https://thumbs.dreamstime.com/z/jalapeno-green-thai-pepper-22066283.jpg
000356.jpg,http://www.junedarville.com/wp-content/uploads/2014/09/Pepper-Steak-Recipe5.jpg
000357.jpg,https://www.chilipeppermadness.com/wp-content/uploads/2018/03/051a22dde3b372e5c058fbc303756df4.jpg
000358.jpg,https://st.hzcdn.com/fimgs/21b2f59e04b0e858_9962-w500-h666-b0-p0--.jpg
000359.jpg,https://ca-times.brightspotcdn.com/dims4/default/4a51272/2147483647/strip/true/crop/600x401+0+0/resize/840x561!/quality/90/?url=https%3A%2F%2Fca-times.brightspotcdn.com%2F8b%2F8e%2F68bb6d3f86618009941449df7f07%2Ftn-dpt-xpm-photo-2012-08-08-tn-hbi-0809-gourmet-20120808
000360.jpg,https://www.supermeal.pk/ext-resources/cropped-images/000/126/000126857_thai-basil-beef-with-rice.jpg
000361.jpg,http://www.cityplaza.com/~/media/Images/Cityplaza/Restaurants/Thai-Pepper/ThaiPepper-L.ashx?h=400&la=en&w=600&hash=15C8B97319E7B1E962B897C4E1AD299EEC2468E6
000362.jpg,https://live.staticflickr.com/6200/6056197364_a7d768680c_b.jpg
000363.jpg,http://www.thaipeppersunland.com/images/page-06.jpg
000364.jpg,https://pics.davesgarden.com/pics/2014/02/22/zinniared/d8a3d0.jpg
000365.jpg,https://images.cdn4.stockunlimited.net/preview1300/red-thai-pepper_1811726.jpg
000366.jpg,http://www.auntiearwenspices.com/uploads/3/9/3/2/39324425/s481935874840761183_p539_i1_w640.jpeg
000367.jpg,https://media.gettyimages.com/photos/thai-peppers-and-other-ingredients-picture-id170632310?s=612x612
000368.jpg,http://thaipepperashland.com/veggie/files/image_512_331.jpg
000369.jpg,https://images.media-allrecipes.com/userphotos/560x315/6493583.jpg
000370.jpg,https://i4.ypcdn.com/blob/90cb9c78c545f3dde7f41d295ef0e0c05bb70391_400x260_crop.jpg
000371.jpg,https://fastly.4sqi.net/img/general/200x200/654140_15j4_EEY7WSH_ZMmR9pQ6GwZqxnbxZqCA_uNtLeyOi8.jpg
000372.jpg,https://s3-media4.fl.yelpcdn.com/bphoto/m07sy2ZFZ_8CajniWXh3XA/l.jpg
000373.jpg,https://i.ytimg.com/vi/SVg1BiKNjF4/maxresdefault.jpg
000374.jpg,http://www.ecoseeds.com/pepper84.JPG
000375.jpg,https://static7.orstatic.com/userphoto/photo/Q/KQ1/043D4U25BEFA8EFF216C8Bpx.jpg
000376.jpg,https://i.pinimg.com/736x/35/94/87/35948706bc277fc5351aca2a2cc5d7b1.jpg
000377.jpg,https://www.aerogarden.com/media/catalog/product/optimized/d/7/d7572a4ce9443ebac164ca7621fe7780/04_9pod_thaipepper2_bounty_800x800.1556736084.jpg
000378.jpg,http://www.chilepeppersrecipes.com/peppers/pepper_images/thai-red-pile.jpg
000379.jpg,https://healthythairecipes.com/wp-content/uploads/2016/10/DSCN3523-min.jpg
000380.jpg,https://images-na.ssl-images-amazon.com/images/I/71go8ulbU4L._SY679_.jpg
000381.jpg,https://soulsbyfarm.files.wordpress.com/2012/08/thai-hot-pepper-plant.jpg
000382.jpg,http://www.thaipepperofmilford.com/images/diningfront.jpg
000383.jpg,http://www.ashlandchamber.com/images/imagemanager/2016ThaiPepperLogo.jpg
000384.jpg,http://thaipeppersnc.us/thaipeppers%20logo.JPG
000385.jpg,http://disman.co/wp-content/uploads/2018/12/thai-chili-plants-details-about-sun-hot-pepper-capsicum-ornamental-chili-seeds-bonsai-plant-thai-hot-chilli-plants-thai-chili-peppers-recipes.jpg
000386.jpg,http://www.ashlandchamber.com/images/imagemanager/2016ThaiPepper4.jpg
000387.jpg,https://unclewaynestomatoes.com/sites/default/files/Thai%20Super%20fruit%20handIMG_1380.JPG
000388.jpg,https://nanasbloomers.com/wp-content/uploads/2017/10/pepper-thai-2.jpg
000389.jpg,https://media-cdn.tripadvisor.com/media/photo-s/03/ce/e8/15/thai-pepper.jpg
000390.jpg,https://media.istockphoto.com/photos/scattered-spicy-red-thai-chili-peppers-picture-id486320644?k=6&m=486320644&s=612x612&w=0&h=bUBcs7HpPpcm5jauAe7SOtOTK7sSzyWCFJVcUih34W0=
000391.jpg,http://sales.maughanii.com/images/zz_aloe/s_A_RW15_THAI_PEPPER.jpg
000392.jpg,http://i234.photobucket.com/albums/ee86/mseesco1995/006.jpg
000393.jpg,https://www.marionskitchen.com/wp-content/uploads/2019/01/Thai-Pepper-Garlic-Prawn-Noodles-17-819x1024.jpg
000394.jpg,https://cdn.shopify.com/s/files/1/1623/0125/products/GT_18_1-star.jpg?v=1535221927
000395.jpg,http://www.junedarville.com/wp-content/uploads/2014/09/Pepper-Steak-Recipe3.jpg
000396.jpg,https://www.gannett-cdn.com/-mm-/33d97f8a03d5ea06baca0f7a30eca34c8bd87643/r=500x281/local/-/media/2016/08/27/TreasureCoast/T0015225415--824737.JPG
000397.jpg,https://desidine2go.com/wp-content/uploads/2015/12/thaipepperfriedrice.jpeg
000398.jpg,https://bloximages.newyork1.vip.townnews.com/theadvocate.com/content/tncms/assets/v3/editorial/1/ef/1efb94ca-036f-5bed-9d5c-c7133ce7b00e/57980ea506592.image.jpg?resize=1200%2C900
000399.jpg,https://static.wixstatic.com/media/a9441e_bec78a15fed94f0fbc75d1faffa1a79c~mv2.jpg/v1/fill/w_640,h_422,al_c,q_80,usm_0.66_1.00_0.01/a9441e_bec78a15fed94f0fbc75d1faffa1a79c~mv2.webp
000400.jpg,http://www.thaipeppersunland.com/images/page-07.jpg
000401.jpg,https://garden.spoonflower.com/?designs=57569&formula=ripfq&size=xs=d-i
000402.jpg,https://static1.bigstockphoto.com/0/6/1/large1500/160620290.jpg
000403.jpg,https://cdn.shortpixel.ai/client/q_lossy,ret_img,w_800/https://www.urbanorganicyield.com/wp-content/uploads/2019/09/Thai-Peppers.jpg
000404.jpg,http://rivista-cdn.mainlinetoday.com/opener_Mikado-Interior.jpg?ver=1446478244
000405.jpg,https://www.organicauthority.com/.image/t_share/MTU5MzMwNTk0NTE3ODg2MTY2/drizzle-it-up-with-diy-spicy-thai-pepper-honey.jpg
000406.jpg,https://www.cooksinfo.com/wp-content/uploads/thai-hot-ornamental.jpg
000407.jpg,http://www.tradewindsfruit.com/content/images/pimiento_de_padron_pepper2.JPG
000408.jpg,https://s3-media2.fl.yelpcdn.com/bphoto/alTIrGyCzD8LyzgPTv1lEw/o.jpg
000409.jpg,https://restaurantimages.menuism.com/bwz8MI8pKr34N5eJe7eb4F-thai-pepper-640x480.JPG
000410.jpg,http://www.sedanfloral.com/_ccLib/image/plants/DETA-185.jpg
000411.jpg,https://www.tokkoro.com/picsup/2430698-raw-organic-red-thai-peppers.jpg
000412.jpg,http://3.bp.blogspot.com/-td6mwSZgklE/UtdO93nmAqI/AAAAAAAAlUM/Uqlh2RBYTaI/s1600/1508102_10151885742315920_2073560549_n.jpg
000413.jpg,https://d6ozfheqtj1tz.cloudfront.net/ChIJRWeN0Edy5IkR3RnX5AtyDGo/5b36145fdc1b4.jpg
000414.jpg,https://static6.orstatic.com/userphoto/photo/I/ELZ/02VWED22EF3E5FC58E97ABpx.jpg
000415.jpg,https://i.ytimg.com/vi/YkI2KD35UhI/maxresdefault.jpg
000416.jpg,https://b.zmtcdn.com/data/menus/283/17467283/e9591433b586b554b91a34c38fc6b5b4.jpg
000417.jpg,https://www.freshcityfarms.com/imagefly/w550-h367-c/resources/media/images/recipes/6636202289_e5246ba144_z2_69f.jpg
000418.jpg,https://vignette.wikia.nocookie.net/gardener/images/f/fa/Chilli_Thai_yellow.jpg/revision/latest?cb=20101002170822
000419.jpg,http://thaipepperashland.com/veggie/files/slideshowImage_367.jpg
000420.jpg,https://healthythairecipes.com/wp-content/uploads/2016/04/chilli-pepper-449_1280-300x225.jpg
000421.jpg,https://fastly.4sqi.net/img/general/200x200/103476040_2m9q7QmzlZfd7srQqunGqBsppbCVxOdCbH9paItJXcA.jpg
000422.jpg,https://static.beyondmenu.com/UploadFiles/21274/SlideShow/20111113093955.jpg
000423.jpg,https://www.picclickimg.com/00/s/MTIwMFgxNjAw/z/ECYAAOSw-7RVGfEg/$/THAI-WHITE-CHILI-PEPPER-RARE-HEIRLOOM-STRAIN-EXTREMELY-_1.jpg
000424.jpg,https://i.etsystatic.com/10242517/r/il/482288/1773863362/il_794xN.1773863362_m6nb.jpg
000425.jpg,https://media.istockphoto.com/photos/food-concept-chili-padi-birds-eye-chili-thai-pepper-and-red-chili-on-picture-id1053089700?b=1&k=6&m=1053089700&s=170667a&h=knwVYorKUeQANtuOVJdnECF0WDE-6-yrKB-RhdyGLe4=
000426.jpg,https://www.gannett-cdn.com/-mm-/c9e9a56724fd3dd01864c445201ba1c90a64ae8f/c=74-0-525-338/local/-/media/2016/08/27/TreasureCoast/T0015225401--282005.JPG?width=534&height=401&fit=crop
000427.jpg,https://st2.depositphotos.com/1226172/10972/i/950/depositphotos_109723948-stock-photo-red-hot-thai-peppers-souvenirs.jpg
000428.jpg,https://i.pinimg.com/originals/62/3c/ef/623cefbb9dc6a7cb869c9370e7344213.jpg
000429.jpg,https://pbs.twimg.com/media/EBxLdkdXUAAuMns.jpg
000430.jpg,https://media.gettyimages.com/photos/thai-pepper-on-spoon-wood-background-picture-id650137440
000431.jpg,http://www.thaifoodandtravel.com/blog/wp-content/uploads/fs/saltpepper_poda.jpg
000432.jpg,https://upload.wikimedia.org/wikipedia/commons/c/cb/Beef_with_fresh_Thai_pepper_%40_T%C3%AAte_%C3%A0_T%C3%AAte_%40_Paris_%2833776769325%29.jpg
000433.jpg,http://media-api.theknot.com/images/d253dc93-ec96-44b4-90c0-1011eadbcd6a~rs_768.h?quality=75
000434.jpg,https://media-cdn.tripadvisor.com/media/photo-s/16/e1/08/c0/singapore-noodles-front.jpg
000435.jpg,http://d2by9dx2k0n1tg.cloudfront.net/menus/26/26334/public.jpg?1407423705
000436.jpg,https://res.cloudinary.com/twenty20/private_images/t_watermark-criss-cross-10/v1539005280000/photosp/857426ee-e36a-41a7-b135-0d04925eeb26/stock-photo-food-orange-hot-peel-chili-pepper-spicy-thai-birds-eye-chili-857426ee-e36a-41a7-b135-0d04925eeb26.jpg
000437.jpg,https://www.visitlubbock.org/wp-content/uploads/2017/11/003___08008.jpg
000438.jpg,https://assets.simpleviewinc.com/simpleview/image/fetch/c_fill,h_553,q_75,w_1105/https://assets.simpleviewinc.com/simpleview/image/upload/crm/omaha/thaipepper_springrolls0_3d9e52e0-5056-a36a-09a9c09c3cdd730b.jpg
000439.jpg,http://www.letseat.at/system/menu_item_photos/133059/original/6ac9375a5b53b998a8a0.jpg?1520058374
000440.jpg,https://naturallyella.com/wp-content/uploads/2015/09/Thai-Curry-Roasted-Red-Pepper-Soup-4.jpg
000441.jpg,http://nebula.wsimg.com/87c7391c701d925540311021d7fd2720?AccessKeyId=4C3D4030FB7EC5F83077&disposition=0&alloworigin=1
000442.jpg,https://townsquare.media/site/157/files/2018/11/Thai-Pepper-2.jpg?w=980&q=75
000443.jpg,https://hisharvestgroup.com/wp-content/uploads/2016/09/Thai-Pepper.jpeg
000444.jpg,https://assets3.thrillist.com/v1/image/2823056/size/gn-gift_guide_variable_c;jpeg_quality=20.jpg
000445.jpg,https://thumbs.dreamstime.com/z/thai-chili-peppers-spicy-red-tiny-cuisine-cooking-food-59602828.jpg
000446.jpg,https://importfood.com/media/zoo/images/white-pepper-powder_8d7b899eb5ed428baf0917f187866369.jpg
000447.jpg,https://s3-media1.fl.yelpcdn.com/bphoto/t0xjtaZ3Pl3FPChiy_ftZQ/348s.jpg
000448.jpg,https://cdn.copymethat.com/media/orig_thai_pepper_garlic_chicken_noodles_201903121403215262536iqh96.jpg
000449.jpg,https://harvest-fresh.ca/wp-content/uploads/2016/02/green-thai-web-1024x682.png
000450.jpg,https://irepo.primecp.com/2014/09/198025/RecipeLion-Default-Category-Image---plate_Large500_ID-755986.jpg?v=755986
000451.jpg,http://instantpage.co/wp-content/uploads/2019/04/dried-chili-in-glass-spice-preserve-bottle-are-found-mostly-southeast-the-chillies-rather-small-red-green-or-orange-thai-pepper-substitute.jpg
000452.jpg,https://i2.wp.com/foodiegardener.com/wp-content/uploads/2014/08/Thai-peppers-hot-spicy-indian-thai-vietnamese-recipes-foodiegardener-379x625.jpg?resize=379%2C625
000453.jpg,https://patch.com/img/cdn/users/130878/2011/05/raw/e98555a0b0249d08fc4bbf6553fe8f36.jpg
000454.jpg,https://i0.wp.com/www.lubbockintheloop.com/wp-content/uploads/2012/08/thaipep.jpg?fit=591%2C464
000455.jpg,https://www.usmenuguide.com/thaipepperappetizer.jpg
000456.jpg,https://www.gardenanalyst.com/wp-content/uploads/2017/03/bunch-of-thai-peppers-225x300.jpg
000457.jpg,https://asianinspirations.com.au/wp-content/uploads/2018/12/R01627_Thai_Deep_Fried_Fish_with_Garlic_Pepper_Sauce-619x412.jpg
000458.jpg,https://i.ytimg.com/vi/sCu87RUYW8A/hqdefault.jpg
000459.jpg,https://live.staticflickr.com/8318/8042279886_31c64c6694_b.jpg
000460.jpg,http://www.52houstondates.com/wp-content/uploads/2013/12/Honda-CB360-100.jpg
000461.jpg,https://portalvhds26k4f5tktj3ck.blob.core.windows.net/spotpics/sp47009.jpg
000462.jpg,https://t4.ftcdn.net/jpg/02/54/40/19/500_F_254401923_BCyxdbOqVOR5lYvORTL88oQjMQROOGzQ.jpg
000463.jpg,https://b.zmtcdn.com/data/menus/188/17634188/96281380fd215d6da0875aa94dfbed79.jpg
000464.jpg,http://www.eat-the-heat.com/wp-content/uploads/2017/11/Thai-Nam-Jim-2.jpg
000465.jpg,https://www.homemadefoodjunkie.com/wp-content/uploads/2015/10/IMG_0193-1024x742.jpg
000466.jpg,https://petalsandwings.files.wordpress.com/2014/09/chili-pepper-41-1-yellow-thai.jpg
000467.jpg,http://thepioneerwoman.com/wp-content/uploads/2011/03/5572969276_84d77fda04_z.jpg
000468.jpg,https://www.sheknows.com/wp-content/uploads/2018/08/187249335_m79dry.jpeg
000469.jpg,https://media.istockphoto.com/photos/hot-thai-red-chili-peppers-on-table-picture-id469004217?k=6&m=469004217&s=612x612&w=0&h=O91GqlG-x-RjCWdEN2ojrDp62x6JKyyKdXvPXZHsMWk=
000470.jpg,https://image.shutterstock.com/image-photo/chilli-garden-capsicum-annuumchilli-padithai-600w-1085942876.jpg
000471.jpg,https://media.gettyimages.com/photos/red-thai-peppers-picture-id678817089?s=612x612
000472.jpg,https://fastly.4sqi.net/img/general/200x200/F21d16EJNdTRCYB8OyB4N6dq9DIJnagNJwkfn2ld2xc.jpg
000473.jpg,https://i2.wp.com/www.peppersbymail.com/wp-content/uploads/2018/10/thai-yellow-large.jpg?resize=324%2C324
000474.jpg,http://jackie-es.com/wp-content/uploads/2011/01/IMG_1339.jpg
000475.jpg,http://pakistanhydroponics.com/wp-content/uploads/2018/01/Red-Marconi-Etiuda-Canary-Yellow-Monster-Red-Skin-Hungarian-Hot-Wax-Jalapeno-Hot-Thai-Peppers.jpg
000476.jpg,http://i0.wp.com/lubbockmenu.com/wp-content/uploads/2015/12/Thai-Pepper-Restaurant-Menu-4.jpg?fit=618%2C1024
000477.jpg,https://cdn.shopify.com/s/files/1/0572/9569/products/Thi_Pepper_1024x1024@2x.jpg?v=1526704755
000478.jpg,http://www.ashlandchamber.com/images/imagemanager/2016ThaiPepper2.jpg
000479.jpg,https://cdn.shopify.com/s/files/1/0065/9950/8053/products/image_cd32bc89-be54-4f46-b497-f03ff76fdc07.jpg?v=1560184103
000480.jpg,https://thumbs.dreamstime.com/z/fresh-thai-chilli-peppers-bangkok-market-20775389.jpg
000481.jpg,https://as2.ftcdn.net/jpg/01/19/82/21/500_F_119822168_i8ybxc0nVxmyjaTmvvSffoySMk6xc6VB.jpg
000482.jpg,https://nicholsgardennursery.files.wordpress.com/2007/10/thai-pepper-and-basil.jpg
000483.jpg,https://garden.org/pics/2018-07-12/BirdieMama/1b370e.jpg
000484.jpg,https://www.superhotchiles.com/wp-content/uploads/2018/04/Leutschauer-Paprika-Plants-300x225.jpg
000485.jpg,http://i2.wp.com/lubbockmenu.com/wp-content/uploads/2015/12/Thai-Pepper-Restaurant-Menu-1.jpg?fit=527%2C1024
000486.jpg,http://alohafromoregon.com/images/PJ/plumginger.jpg
000487.jpg,https://static.onecms.io/wp-content/uploads/sites/34/2013/08/19030646/red-thai-peppers-154-d110163_vert.jpg
000488.jpg,https://www.chillihead.co.za/image/cache/data/thaiorange-500x500.jpg
000489.jpg,http://jhvonline.com/clients/jhvonline/1-10-2019-1-15-41-PM-10807244.jpg
000490.jpg,https://ae01.alicdn.com/kf/HTB1X14KPpXXXXb_XFXXq6xXFXXXi/Heirloom-Thai-Sun-Hot-Pepper-Capsicum-annuum-Ornamental-Chili-bonsai-100-pcs-Mini-Hot-Pepper-plant.jpg
000491.jpg,https://www.picclickimg.com/d/l400/pict/312585088451_/Beautiful-Color-Organic-Thai-Pepper-20-Seeds-Red.jpg
000492.jpg,http://www.thaipepperofmilford.com/images/information2.jpg
000493.jpg,https://static6.orstatic.com/userphoto/photo/N/IBU/03MC6T7121EB9A8892ADFDpx.jpg
000494.jpg,https://41nbc.com/wp-content/uploads/2018/01/THAI-PEPPER-696x392.jpg
000495.jpg,https://s3.amazonaws.com/spoonflower/public/design_thumbnails/0005/7569/rrOrange_peppers_pix_shop_preview.png
000496.jpg,https://www.dhresource.com/0x0/f2/albu/g5/M01/60/91/rBVaI1i21lOABBwmAAFE2H9G1F0936.jpg
000497.jpg,https://i1.wp.com/herewegrowmaine.com/wp-content/uploads/2018/03/AERO507_1.jpg?fit=398%2C398&ssl=1&resize=350%2C200
000498.jpg,http://nebula.wsimg.com/3a1e8fd30ae9d0a51476087f5cb7838d?AccessKeyId=4C3D4030FB7EC5F83077&disposition=0&alloworigin=1
000499.jpg,http://www.omahathaipepper.com/uploads/3/4/5/1/34519504/chilis_orig.jpg
000500.jpg,https://restaurantimages.menuism.com/aER2E40s8r3BAqaby-ekYc-sushi-roll-mikado-thai-pepper-640x480.jpg
000501.jpg,https://fastly.4sqi.net/img/general/200x200/19193683_TAvogD2UzBY_kMN0cUCARIVyKy9BA85YrR7UyVzUzBE.jpg
000502.jpg,https://images.squarespace-cdn.com/content/v1/51f7fb1ee4b03d20c9b4c34b/1376169534480-92IGG3OTJ7C9O8DMJDK2/ke17ZwdGBToddI8pDm48kPHNjsYpx4uLYjRCPTQsl-9Zw-zPPgdn4jUwVcJE1ZvWEtT5uBSRWt4vQZAgTJucoTqqXjS3CfNDSuuf31e0tVEGn9_9F-uRd_PH1X2-2avdjnkkvvpEFJtsWhqbuOw8zGoEX6IFd7cw3CTJz6d6fnc/thai-pepper-asparagus.jpg
000503.jpg,https://cdn.shopify.com/s/files/1/0076/4339/8233/products/lobo-pepper-garlic-seasoning_300x300.jpg?v=1560257870
000504.jpg,https://i0.wp.com/www.nigerianlazychef.com/wp-content/uploads/2015/05/IMG_2592-2.jpg
000505.jpg,https://t3.ftcdn.net/jpg/02/17/62/44/500_F_217624461_ywh0ZQ9zYT0uIthTczjKfNkzANN9aAmP.jpg
000506.jpg,https://image.shutterstock.com/image-photo/cili-padi-birds-eye-chilli-600w-573187033.jpg
000507.jpg,http://thaipepperashland.com/veggie/files/gallery_image_340.jpg
000508.jpg,https://www.pepperscale.com/wp-content/uploads/2013/07/thai-peppers_lg.jpg
000509.jpg,https://howtocookthai.com/wp-content/uploads/2018/11/DSC_0362-650x340.jpg
000510.jpg,https://b.zmtcdn.com/data/reviews_photos/5ae/48299b64fb7346d0ffe77ebc39ca65ae_1566494596.jpg?fit=around%7C200%3A200&crop=200%3A200%3B%2A%2C%2A
000511.jpg,https://i.pinimg.com/originals/1e/2b/92/1e2b92b6fdb901ce67e3e9de41e4d8a9.jpg
000512.jpg,https://media-cdn.tripadvisor.com/media/photo-s/07/67/06/8f/beautiful-presentation.jpg
000513.jpg,https://i2.ypcdn.com/blob/f1f67fcd934866d1efe188c507e80aaa4211e0f0_400x260_crop.jpg
000514.jpg,https://i.imgur.com/OHJJJQz.png
000515.jpg,https://as2.ftcdn.net/jpg/01/56/34/45/500_F_156344530_OdRcZ4pLUN60ggLoVe5HingmdGw9cUmr.jpg
000516.jpg,http://mariecameronstudio.com/wp-content/uploads/2013/09/Eco-Feast-at-Love-Apple-Farm-long-yellow-peppers-Thai-Golden-or-Banana-Marie-Cameron-2013.jpg
000517.jpg,https://live.staticflickr.com/3588/3402337170_d8e4b9b3d7_z.jpg
000518.jpg,https://s3-media2.fl.yelpcdn.com/bphoto/G-AvAcwQIvFreVVQGxsUMw/258s.jpg
000519.jpg,https://img.wonderhowto.com/img/34/64/63593893621267/0/oops-food-too-spicy-heres-fix.w1456.jpg
000520.jpg,https://cdn1.vectorstock.com/i/thumb-large/17/15/cream-soup-with-lobster-vanilla-flowers-and-chili-vector-16521715.jpg
000521.jpg,http://gardenguide.co/wp-content/uploads/2019/03/thai-chili-pepper-heat-scale-chili-pepper-heat-index-always-good-to-have-home-improvement-loans-ohio-home-improvement-neighbor.jpg
000522.jpg,https://amazing-bangkok.com/en/amzbkk/wp-content/uploads/spicy-foods01.jpg
000523.jpg,https://img.lovepik.com/element/40096/1583.png_300.png
000524.jpg,https://img1.wsimg.com/isteam/stock/46608/:/cr=t:0%25,l:0%25,w:66.67%25,h:100%25/rs=w:365,h:365,cg:true
000525.jpg,https://fastly.4sqi.net/img/general/200x200/11822324_kqZpcuN0_Y-cvTpeYKEAy0AAydgzHrd69VNiD37uapc.jpg
000526.jpg,https://cigraf.com.co/wp-content/uploads/2019/09/scoville-scale-thai-chili-image-via-scoville-scale-thai-bird-chili.jpg
000527.jpg,https://www.usmenuguide.com/thaipepperseafood.jpg
000528.jpg,https://ashland.oregon.localsguide.com/wp-content/uploads/2009/02/plaza-inn-suites-at-ashland.jpg
000529.jpg,https://unclewaynestomatoes.com/sites/default/files/Ascent.JPG
000530.jpg,https://images-wixmp-ed30a86b8c4ca887773594c2.wixmp.com/f/21b1aa43-7633-4b34-ae30-643f3f0cf61f/d6rdhrb-fe3b29bb-5b92-4734-9595-14e50160ebde.jpg/v1/fill/w_1024,h_683,q_75,strp/thai_pepper_steak_by_charnarose_d6rdhrb-fullview.jpg?token=eyJ0eXAiOiJKV1QiLCJhbGciOiJIUzI1NiJ9.eyJzdWIiOiJ1cm46YXBwOjdlMGQxODg5ODIyNjQzNzNhNWYwZDQxNWVhMGQyNmUwIiwiaXNzIjoidXJuOmFwcDo3ZTBkMTg4OTgyMjY0MzczYTVmMGQ0MTVlYTBkMjZlMCIsIm9iaiI6W1t7ImhlaWdodCI6Ijw9NjgzIiwicGF0aCI6IlwvZlwvMjFiMWFhNDMtNzYzMy00YjM0LWFlMzAtNjQzZjNmMGNmNjFmXC9kNnJkaHJiLWZlM2IyOWJiLTViOTItNDczNC05NTk1LTE0ZTUwMTYwZWJkZS5qcGciLCJ3aWR0aCI6Ijw9MTAyNCJ9XV0sImF1ZCI6WyJ1cm46c2VydmljZTppbWFnZS5vcGVyYXRpb25zIl19._9NHIs22vexThvV2R8hkbpNddGuL3KdwNdhd8hCeS68
000531.jpg,https://fairfaxgardening.org/wp-content/uploads/2019/02/thai-peppers.jpg
000532.jpg,https://adoboloco.com/wp-content/uploads/2014/06/Adoboloco-Thai-Chili-Seed-Saving-extracted.jpg
000533.jpg,http://www.tradewindsfruit.com/content/images/orange_thai_hot_pepper.jpg
000534.jpg,https://patch.com/img/cdn/users/130878/2011/05/raw/bb653d16a2a2b81f26e5d9e6fc81a296.jpg
000535.jpg,https://media-cdn.tripadvisor.com/media/photo-s/09/92/f3/71/thai-pepper.jpg
000536.jpg,https://qph.fs.quoracdn.net/main-qimg-c46eeaaa96e8afed3df9b3e300492d02
000537.jpg,https://media.gettyimages.com/photos/raw-organic-green-thai-peppers-picture-id688742218?b=1&k=6&m=688742218&s=612x612&w=0&h=HXQ2hbrLhbKFpbeKj2gBrGHbRS8zO45xctvyDMkF79U=
000538.jpg,https://cf.shopee.com.my/file/1574227fe9dce67c0582e906ac6a3047
000539.jpg,https://cdn.usarestaurants.info/assets/uploads/97c1f596d2c72e542b41125fb32fd6f0_-united-states-california-los-angeles-county-los-angeles-147847-thai-pepper-restauranthtm.jpg
000540.jpg,https://www.adaptiveseeds.com/wp-content/uploads/2018/12/early-thai-pepper-Banner-small-1024x359.jpg
000541.jpg,https://images.squarespace-cdn.com/content/v1/52ebe335e4b07ba809109c6b/1408912779440-RI506N042ZBMN0L3VNUV/ke17ZwdGBToddI8pDm48kM200G2qv0Mh1BB8Qp24n2MUqsxRUqqbr1mOJYKfIPR7LoDQ9mXPOjoJoqy81S2I8N_N4V1vUb5AoIIIbLZhVYxCRW4BPu10St3TBAUQYVKcppzNFt0a0RlaEBmyApc4C3Mc9NnbwlavnI_e6sE9w-RK6b2IOiinFDI6i-uW0ugH/chillies
000542.jpg,https://s3.amazonaws.com/spoonflower/public/design_thumbnails/0005/7569/rrOrange_peppers_pix_preview.png
000543.jpg,https://arcturusproject.files.wordpress.com/2015/10/thai-pepper.jpg
000544.jpg,http://i1267.photobucket.com/albums/jj551/bparker49/20140419_235359_zpse8yyyg41.jpg
000545.jpg,http://www.specialtyproduce.com/sppics/9645.png
000546.jpg,https://s3-media3.fl.yelpcdn.com/bphoto/NY0CUATye8K66zHkd9IcEg/o.jpg
000547.jpg,https://image.zmenu.com/large/125610/20140529115553020640.jpg
000548.jpg,https://assets3.thrillist.com/v1/image/1805930/size/tl-stack_mobile.jpg
000549.jpg,https://i.ytimg.com/vi/-cQb79aWJNs/maxresdefault.jpg
000550.jpg,https://raster-static.postmates.com/?url=https%3A%2F%2Fd1725r39asqzt3.cloudfront.net%2F10d8e1bb-c81b-4473-ba2a-526d97f93765%2Forig.jpg&quality=85&w=640&h=0&mode=auto&format=webp&v=4
000551.jpg,https://b.zmtcdn.com/data/reviews_photos/bbe/0e02f19b7cc4d83329bb6bc9d4a4bbbe_1504969213.jpg?fit=around%7C200%3A200&crop=200%3A200%3B%2A%2C%2A
000552.jpg,https://cdn.doordash.com/media/restaurant/cover/ThaiPepperCuisine3361SanDiegoCA92123.png
000553.jpg,https://www.thespicedlife.com/wp-content/uploads/2014/08/20140805-IMG_9352.jpg
000554.jpg,https://garden2kitchennet.files.wordpress.com/2017/08/garden-red-thai-peppers-full-on-bush-sept-17-1.jpg?w=676
000555.jpg,https://fastly.4sqi.net/img/general/200x200/NsdQuyv4wzoX6qMUul_uXLGN6GVvN_HhnxRxQyr1JdQ.jpg
000556.jpg,https://www.dhresource.com/0x0s/f2-albu-g5-M00-17-C7-rBVaI1kk5Y2AWV_OAAE6kiU7wbk852.jpg/heirloom-100pcs-lot-thai-sun-hot-pepper-capsicum.jpg
000557.jpg,https://www.homewetbar.com/blog/wp-content/uploads/2014/06/thai-peppers-300x225.jpg
000558.jpg,https://assets.simpleviewinc.com/simpleview/image/upload/c_fill,h_480,q_50,w_640/v1/clients/omaha/2_Thai_Pepper_interior_1_a5819128-0124-43a0-8ca9-0258d8fb5b27.jpg
000559.jpg,https://i2.wp.com/www.aiyarathaicafe.com/wp-content/uploads/2015/10/IMG_3562.jpg?fit=3264%2C2448&ssl=1
000560.jpg,https://www.usmenuguide.com/thaipepperfood1.jpg
000561.jpg,http://nebula.wsimg.com/bfc67c9db69bf1541e853aa3a3807d20?AccessKeyId=4C3D4030FB7EC5F83077&disposition=0&alloworigin=1
000562.jpg,https://x-default-stgec.uplynk.com/ausw/slices/e1a/1020d6d1597347248f5d62c059a4c7e3/e1a230e9c6b646b581f40ae53832bf92/poster_04990de651d349f58b1fba8f69becfb2.jpg
000563.jpg,https://www.superhotchiles.com/wp-content/uploads/2018/04/Urfa-Biber-Chile-Pepper-Plants-300x225.jpg
000564.jpg,https://img.freepik.com/free-photo/thai-pepper-green-one-isolated-white-background_42547-1228.jpg?size=626&ext=jpg
000565.jpg,https://upload.wikimedia.org/wikipedia/commons/0/0e/Thai_Peppers_%2810600667606%29.jpg
000566.jpg,https://upload.wikimedia.org/wikipedia/commons/thumb/6/69/BhutJolokia09_Asit.jpg/1200px-BhutJolokia09_Asit.jpg
000567.jpg,https://thepaleopanda.com/wp-content/uploads/2015/03/IMG_7150.jpg
000568.jpg,https://t3.ftcdn.net/jpg/02/43/88/04/500_F_243880428_aMLaPewlb2JMpZBzVwdUBwuBOyzbfAP5.jpg
000569.jpg,https://www.picclickimg.com/d/l400/pict/312706641517_/20-Very-Rare-Mini-Thai-Pepper-Seeds-Extremely-HOT.jpg
000570.jpg,https://restaurantimages.menuism.com/d1KP7G0s4r3BrFaby-ekYc-sashimi-mikado-thai-pepper-640x480.jpg
000571.jpg,https://live.staticflickr.com/116/256743858_5a316663f2_b.jpg
000572.jpg,https://vegetarianirvana.files.wordpress.com/2012/10/img_2158-003.jpg
000573.jpg,https://image1.masterfile.com/getImage/NjAwLTAxOTU0NjU2ZW4uMDAwMDAwMDA=ALvqh9/600-01954656en_Masterfile.jpg
000574.jpg,https://b.zmtcdn.com/data/reviews_photos/c71/4971c6f15ff04095ae66d0643ba39c71.jpg?fit=around%7C200%3A200&crop=200%3A200%3B%2A%2C%2A
000575.jpg,https://assets3.thrillist.com/v1/image/1421461/size/tmg-venue_carousel_mobile.jpg
000576.jpg,https://fastly.4sqi.net/img/general/200x200/29095813_csnzrcwBNw8_pSTc3E9lR6OKMbWXHJOZbs8weOvnJJM.jpg
000577.jpg,https://portalvhds26k4f5tktj3ck.blob.core.windows.net/spotpics/sp49418.jpg
000578.jpg,https://athens.locallygrown.net/files/product/image/20448/original/Thai_Peppers.jpg?1350615905
000579.jpg,https://i.ytimg.com/vi/jYLtOqutW0A/maxresdefault.jpg
000580.jpg,https://media.gettyimages.com/photos/thai-pepper-and-basil-picture-id995770872?s=612x612
000581.jpg,https://fastly.4sqi.net/img/general/200x200/4733711_hzsNwg2Yjrh_x5kBlFJnMlqYDGQOHDX47aSagmFhplc.jpg
000582.jpg,https://live.staticflickr.com/6117/6262153948_9e766ebbc6_b.jpg
000583.jpg,https://fastly.4sqi.net/img/general/200x200/268911_F6F3Bl3Klw_6rtth7_7TZKiSIE7m5fla_OInQqzhFRs.jpg
000584.jpg,https://s3-media2.fl.yelpcdn.com/bphoto/BOFO2SvEr9Tq5Rs239YxwQ/258s.jpg
000585.jpg,https://live.staticflickr.com/1185/743152025_5305753b5d_z.jpg
000586.jpg,http://2.bp.blogspot.com/-nHsmgPVYepg/UBP94GxxdhI/AAAAAAAAAAw/S5q66RNJ450/s1600/4.jpg
000587.jpg,http://nebula.wsimg.com/996f1bffdc608ae173de35a64c91a938?AccessKeyId=4C3D4030FB7EC5F83077&disposition=0&alloworigin=1
000588.jpg,https://s3-media3.fl.yelpcdn.com/bphoto/sQEKdHMg0TUJgC3j8U5_0Q/258s.jpg
000589.jpg,https://fastly.4sqi.net/img/general/200x200/744732_nbgQxJHhZj-GLL1ct1vJV8R5YRFaskMvYHN5td8wRJw.jpg
000590.jpg,https://i.ytimg.com/vi/0FcxubgUkwI/maxresdefault.jpg
000591.jpg,https://b.zmtcdn.com/data/menus/378/17244378/0a72fc506f261d6077ba1fca444b032f.jpg
000592.jpg,https://fastly.4sqi.net/img/general/600x600/2057633_1jPbI44kMUA9gydAUSrsYmIoewbHvnDyHRkOjuNQ2iQ.jpg
000593.jpg,https://b.zmtcdn.com/data/reviews_photos/0fe/4e78a779157b58f08d812095d875c0fe_1478629191.jpg?fit=around%7C200%3A200&crop=200%3A200%3B%2A%2C%2A
000594.jpg,https://b.zmtcdn.com/data/menus/816/16885816/9c67ff25417ecb6ba54cd70cd035cd9d.jpg
000595.jpg,https://b.zmtcdn.com/data/menus/189/16952189/05a19ca2118e92b597eb589ffd0ed0a4.jpg
000596.jpg,https://b.zmtcdn.com/data/menus/822/16851822/565f2e14b8ec9d3524b263316d0557e5.jpg
000597.jpg,http://www.allfourburners.com/wp-content/uploads/23.jpg
000598.jpg,https://b.zmtcdn.com/data/reviews_photos/784/4dc956e6045d6c69848656ee73f52784.jpg?fit=around%7C200%3A200&crop=200%3A200%3B%2A%2C%2A
000599.jpg,http://www.cayennediane.com/wp-content/uploads/ThaiSun.jpg
000600.jpg,http://3.bp.blogspot.com/-QMvtVybVeKo/Ty7XVEQsaXI/AAAAAAAAAE4/LbprzuvrL5o/s1600/IMG_7357.jpg
000601.jpg,https://www.chilipeppermadness.com/wp-content/uploads/2019/04/Thai-Peppers.jpg
000602.jpg,https://i1.wp.com/bonnieplants.com/wp-content/uploads/thai-hot-pepper.jpg
000603.jpg,https://borderlinespicy.files.wordpress.com/2011/02/17th-st-and-girls-115.jpg
000604.jpg,https://petalsandwings.files.wordpress.com/2012/10/thai-pepper-2.jpg
000605.jpg,https://i0.wp.com/www.lubbockintheloop.com/wp-content/uploads/2012/08/ThaiPepFeature.jpg
000606.jpg,https://cayennediane.wpengine.com/wp-content/uploads/Thai-Sun-4.jpg
000607.jpg,https://petalsandwings.files.wordpress.com/2012/10/thai-pepper-5.jpg
000608.jpg,https://www.pepperscale.com/wp-content/uploads/2013/07/thai-pepper.jpg
000609.jpg,https://www.pepperscale.com/wp-content/uploads/2015/07/Thai-pepper-substitute.jpg
000610.jpg,https://cdn.shopify.com/s/files/1/0915/1060/products/thai-sun_pepper-hot-pepper-pepper-joes_grande.jpg
000611.jpg,https://1rxbfb2hflyo2jt6jd3f6sjr-wpengine.netdna-ssl.com/wp-content/uploads/2014/11/PP659-3.jpg
000612.jpg,http://cdn.shopify.com/s/files/1/0011/2341/8172/products/PP659-2_1024x1024.jpg
000613.jpg,https://1rxbfb2hflyo2jt6jd3f6sjr-wpengine.netdna-ssl.com/wp-content/uploads/2014/11/PP659-1.jpg
000614.jpg,http://3.bp.blogspot.com/_F1_W2nM7klQ/TIQHdTEfmSI/AAAAAAAAA04/MXqTACad4is/s1600/Thai+dragon+pepper+plant+-+DSC03516.jpg
000615.jpg,https://photos1.blogger.com/blogger/3494/2122/1600/pepper%20plant.jpg
000616.jpg,https://www.jjlawnserviceinc.com/wp-content/uploads/2014/11/IMG_4810.jpg
000617.jpg,http://www.peppersbymail.com/wp-content/uploads/2018/10/tiny-red-thai-peppers.jpg
000618.jpg,https://borderlinespicy.files.wordpress.com/2011/02/17th-st-and-girls-080.jpg
000619.jpg,https://petalsandwings.files.wordpress.com/2014/09/chili-pepper-48-1-thai.jpg
000620.jpg,http://www.peppersbymail.com/wp-content/uploads/2018/08/white_thai.jpg
000621.jpg,https://petalsandwings.files.wordpress.com/2012/10/purira-pepper-4.jpg
000622.jpg,http://media-cache-ak0.pinimg.com/736x/d2/45/81/d2458109a651b0763f2cff869e46acf5.jpg
000623.jpg,https://petalsandwings.files.wordpress.com/2012/10/carribean-red-pepper-1.jpg
000624.jpg,https://sanctuarygardener.files.wordpress.com/2013/06/pepperoncini-like-chili-peppers.jpg
000625.jpg,http://www.microfluo.net/863-thickbox_default/thai-chili-pepper-rawit.jpg
000626.jpg,https://petalsandwings.files.wordpress.com/2014/09/chili-pepper-41-1-yellow-thai.jpg
000627.jpg,http://4.bp.blogspot.com/-Nuxb6GDEGoQ/To0lexzcd9I/AAAAAAAALek/wN5ucmX9iK8/s1600/pepper2.jpg
000628.jpg,http://tanthairestaurant.com/yahoo_site_admin/assets/images/Thai_food_2.353112343.jpg
000629.jpg,https://petalsandwings.files.wordpress.com/2014/09/chili-pepper-20-1-sikkim.jpg
000630.jpg,https://petalsandwings.files.wordpress.com/2012/10/bhut-jolokia-1.jpg
000631.jpg,https://www.blossomvinegars.com/wp-content/uploads/2019/10/spicycocktail.jpg
000632.jpg,https://pigletinportugal.files.wordpress.com/2012/08/jalopenosinpots1.jpg
000633.jpg,https://www.blossomvinegars.com/wp-content/uploads/2019/10/moscowmule.jpg
000634.jpg,https://borderlinespicy.files.wordpress.com/2011/02/17th-st-and-girls-156.jpg
000635.jpg,http://www.tradewindsfruit.com/content/images/long-black-habanero-pepper.jpg
000636.jpg,https://petalsandwings.files.wordpress.com/2014/09/chili-pepper-59-1-purira.jpg
000637.jpg,https://2.bp.blogspot.com/-6I8ZtNaM-6s/WIYyeQjuDhI/AAAAAAAAFYM/6K_nkVaWAhUO_ReNrw-v2am00Ap-Bo4RgCLcB/s1600/thai-stuffed-peppers_chicago-jogger-7.jpg
000638.jpg,http://www.eatinglv.com/wordpress/wp-content/gallery/thai-pepper/thai-pepper-013-large.jpg
000639.jpg,http://flavorexplosions.com/blog/wp-content/uploads/2008/10/dsc_8857.jpg
000640.jpg,https://ilovethaicooking.files.wordpress.com/2015/08/img_4027.jpg
000641.jpg,http://2.bp.blogspot.com/-TZVzCtSZ-nY/Ty7XbC570_I/AAAAAAAAAFI/EHo_AMDtviw/s1600/IMG_7733.jpg
000642.jpg,http://2.bp.blogspot.com/-sC-g8RBiW5k/TkIVekW5Y2I/AAAAAAAAJQI/BqKFQXrRhnY/s1600/IMG_4101.jpg
000643.jpg,https://i.pinimg.com/originals/c0/cb/1a/c0cb1a5edd9b5cad379ff111b4ac0a36.jpg
000644.jpg,https://c8.alamy.com/comp/HY37Y3/raw-organic-red-thai-peppers-in-a-bowl-HY37Y3.jpg
000645.jpg,https://ae01.alicdn.com/kf/HTB1nSPNKVXXXXb3XpXXq6xXFXXXD/Heirloom-font-b-Thai-b-font-Sun-Hot-font-b-Pepper-b-font-Capsicum-annuum-Ornamental.jpg
000646.jpg,https://healthythairecipes.com/wp-content/uploads/2015/07/IMG_04061.jpg
000647.jpg,https://culinarycompost.files.wordpress.com/2009/08/img_4670-thai-birds-eye-chili-peppers.jpg
000648.jpg,https://importfood.com/images/recipe/thai_pepper_steak_neua_pad_prik/4.jpg
000649.jpg,https://thumbs.dreamstime.com/z/thai-chili-peppers-spicy-red-tiny-cuisine-cooking-food-59602828.jpg
000650.jpg,https://c8.alamy.com/comp/HY37XR/raw-organic-red-thai-peppers-in-a-bowl-HY37XR.jpg
000651.jpg,http://chili-papricice.com/wp-content/uploads/2015/10/20151025_223715.jpg
000652.jpg,https://grillgirl.com/wp-content/uploads/2012/06/szechuan-pepper-wings-thai-peanut-chicken-1-of-1.jpg
000653.jpg,https://ilovethaicooking.files.wordpress.com/2015/08/img_4039.jpg
000654.jpg,https://2.bp.blogspot.com/-hiy0zlZ8SoQ/V4XmPaRIu5I/AAAAAAAAkTo/-SE1wNRWMW072wuJwkOXo6WJtvXXyKS6gCLcB/s1600/Food%2BPic%2B006.jpg
000655.jpg,https://i.pinimg.com/736x/e1/91/f2/e191f258ae5b5ec96f1139b8ffcc4b45--chili-garlic-sauce-garlic-sauce-recipes.jpg
000656.jpg,http://www.microfluo.net/864-thickbox_default/thai-chili-pepper-rawit.jpg
000657.jpg,https://ilovethaicooking.files.wordpress.com/2022/11/img_0052.jpg
000658.jpg,http://www.eatyourtarteout.com/wp-content/uploads/2013/04/img_6676.jpg
000659.jpg,http://www.justusfourblog.com/wp-content/uploads/2013/09/Red-Curry-Pepper-Close-Up_wm.jpg
000660.jpg,https://i.pinimg.com/736x/5d/99/fb/5d99fb1e5a182b041f5eee268aca1c63--types-of-chili-peppers-thai-chili-peppers.jpg
000661.jpg,http://photos1.blogger.com/blogger/3494/2122/1600/thai%20basil%20fill.jpg
000662.jpg,https://i.pinimg.com/736x/34/3c/14/343c1409057eaa983459e659c03b65f9--asain-food-simplicity.jpg
000663.jpg,https://s3-media3.fl.yelpcdn.com/buphoto/9b8GHJkuimINJB_eTnM_OA/o.jpg
000664.jpg,http://oldworldgardenfarms.files.wordpress.com/2013/04/fertile-soil.jpg
000665.jpg,https://ilovethaicooking.files.wordpress.com/2022/11/img_0050.jpg
000666.jpg,https://s-media-cache-ak0.pinimg.com/736x/37/94/7a/37947a0091f49da453d771736179d69d.jpg
000667.jpg,https://ilovethaicooking.files.wordpress.com/2022/11/img_0048.jpg
000668.jpg,https://www.chilipeppermadness.com/wp-content/uploads/2019/10/Thai-Curry-Shrimp-SQ.jpg
000669.jpg,https://importfood.com/images/recipe/thai_pepper_steak_neua_pad_prik/3.jpg
000670.jpg,https://minimalistbaker.com/wp-content/uploads/2016/03/INSANELY-Delicious-1-Pot-Yellow-Thai-Curry-with-Mango-Red-Pepper-and-Cashews-vegan-glutenfree-curry-recipe.jpg
000671.jpg,http://theorganicrabbit.com/wp-content/uploads/2015/09/stirfry.jpg
000672.jpg,https://s-media-cache-ak0.pinimg.com/736x/83/2c/cc/832ccc2408a885ee3e82d4b435d0595a.jpg
000673.jpg,https://i.pinimg.com/originals/da/b4/bb/dab4bb0edfd0fb29091845fd749a9802.jpg
000674.jpg,https://i.pinimg.com/originals/ca/cc/f7/caccf751090c1a52185347f2f3f5b8e9.jpg
000675.jpg,http://3.bp.blogspot.com/-Y726MrE2OSk/T5GFX4-yD3I/AAAAAAAAAy4/oNkidWjaB7U/s1600/thaiMangoSalad3.jpg
000676.jpg,http://theorganicrabbit.com/wp-content/uploads/2015/09/veggiescut.jpg
000677.jpg,https://s-media-cache-ak0.pinimg.com/736x/98/de/82/98de82e9a554d51ce8406a835b635222.jpg
000678.jpg,https://s-media-cache-ak0.pinimg.com/736x/a8/85/a4/a885a43f8a99d96849eafffbaa188218--thai-recipes-cucumber-recipes.jpg
000679.jpg,https://fittingintovegan.files.wordpress.com/2015/08/pad-thai-quinoa-stuffed-peppers-46.jpg
000680.jpg,https://highheelgourmet.files.wordpress.com/2014/10/thai-fried-pork-with-garlic-and-pepper-moo-todd-kratiam-phrik-thai-by-the-high-heel-gourmet-9.jpg
000681.jpg,https://www.marionskitchen.com/wp-content/uploads/2019/10/Thai-style-prawn-toast4.jpg
000682.jpg,https://www.marionskitchen.com/wp-content/uploads/2019/10/Thai-Son-in-law-Eggs4.jpg
000683.jpg,https://minimalistbaker.com/wp-content/uploads/2016/03/INSANELY-Delicious-Yellow-Thai-Curry-with-Mango-Red-Pepper-and-Cashews-vegan-glutenfree-curry-recipe-easy.jpg
000684.jpg,https://cdn.i-scmp.com/sites/default/files/styles/og_image_scmp_cooking/public/d8/images/2019/10/17/mer57728349.jpg
000685.jpg,https://janaspice.files.wordpress.com/2012/03/img_0542.jpg
000686.jpg,http://1.bp.blogspot.com/-lIKz2eDTAp8/TkIVssHvBxI/AAAAAAAAJQQ/cqRySXV9uf4/s1600/IMG_4110.jpg
000687.jpg,https://media.blueapron.com/recipes/1310/square_newsletter_images/20150729-1913-47-9222/2P_072815_3_ChickenPadKeeMao_20-_20013SQ_hi_res.jpg
000688.jpg,https://www.rightfoods.com/wp-content/uploads/3-1-600x750.jpg
000689.jpg,http://jeanetteshealthyliving.com/wp-content/uploads/2011/11/ThaiStirFryChickenWithBasil1_edited-1-1024x801.jpg
000690.jpg,https://3.bp.blogspot.com/-EDXBoEiZwH8/WUwql-3sK1I/AAAAAAAAFz4/UL8kMwvM7To2OHTxGd_4shjJlBmGotfIwCEwYBhgL/s1600/thai%2Bchicken%2Bsalad%2B%2528panera%2Bcopycat%25293.jpg
000691.jpg,https://ilovethaicooking.files.wordpress.com/2022/11/dscn2545.jpg
000692.jpg,http://theorganicrabbit.com/wp-content/uploads/2015/09/thailast.jpg
000693.jpg,http://1.bp.blogspot.com/-yGJLK43BWaE/TkIVSUVPaGI/AAAAAAAAJQE/r8A4WiCdMzw/s1600/IMG_4099.jpg
000694.jpg,https://highheelgourmet.files.wordpress.com/2014/10/thai-fried-pork-with-garlic-and-pepper-moo-todd-kratiam-phrik-thai-by-the-high-heel-gourmet.jpg
000695.jpg,https://entengvince.files.wordpress.com/2011/06/thai-at-silk-black-pepper-soft-shell-crab-01.jpg
000696.jpg,https://www.rightfoods.com/wp-content/uploads/3-1-1080x675.jpg
000697.jpg,https://i.pinimg.com/736x/cc/5f/38/cc5f3833a2434d772781732474bad394--curry-seasoning-curry-sauce.jpg
000698.jpg,https://mahatmarice.com/wp-content/uploads/2019/05/Pad-Thai-Fried-Rice-w-Japanese-Omelet.jpg
000699.jpg,https://s-media-cache-ak0.pinimg.com/736x/ca/cc/f7/caccf751090c1a52185347f2f3f5b8e9--thai-basil-chicken-pepper-recipes.jpg
000700.jpg,https://almondandthehazelnut.com/wp-content/uploads/2019/10/ccookingfotophoto-13.jpg
000701.jpg,https://k8643br9gv-flywheel.netdna-ssl.com/wp-content/uploads/2015/09/THAI-INSPIRED-GROUND-TURKEY-STIR-FRY-WITH-BASIL-AND-PEPPERS-LOW-CARB-1.jpg
000702.jpg,https://www.verywellfit.com/thmb/GmF_U5Nq1BjdfycOfXI3d_Dk6bE=/1932x1932/smart/filters:no_upscale()/swimming-for-strength-5a1f1aa296f7d000191518a3.jpg
000703.jpg,http://blog.katescarlata.com/wp-content/uploads/2012/08/bite-size-chix.jpg
000704.jpg,https://highheelgourmet.files.wordpress.com/2014/10/thai-fried-pork-with-garlic-and-pepper-moo-todd-kratiam-phrik-thai-by-the-high-heel-gourmet-19.jpg
000705.jpg,https://highheelgourmet.files.wordpress.com/2014/10/thai-fried-pork-with-garlic-and-pepper-moo-todd-kratiam-phrik-thai-by-the-high-heel-gourmet-17.jpg
000706.jpg,https://highheelgourmet.files.wordpress.com/2014/10/thai-fried-pork-with-garlic-and-pepper-moo-todd-kratiam-phrik-thai-by-the-high-heel-gourmet-10.jpg
000707.jpg,http://3.bp.blogspot.com/-LNLoJKWkxN8/Unq-23PN2EI/AAAAAAAACt4/UQ5fadm5Rj0/s1600/Thai+Lettuce+Wraps.jpg
000708.jpg,https://sparkpeo.hs.llnwd.net/e2/guid/Stuffed-Bell-Peppers/859da7d9-e2b9-48a9-8e89-1ee1527d7b78.jpg
