image,source
000001.jpg,https://www.pepperscale.com/wp-content/uploads/2016/04/tien-tsin-pepper-768x614.jpg
000002.jpg,https://images-na.ssl-images-amazon.com/images/I/417zCVPJ4rL.jpg
000003.jpg,https://i.etsystatic.com/7824311/r/il/4941d0/576917956/il_794xN.576917956_9cqh.jpg
000004.jpg,http://d1f7geppf3ca7.cloudfront.net/origin/365823/1454377491836_tientsinpepperpic.jpg
000005.jpg,https://i.etsystatic.com/19582545/r/il/f1d7d7/1853278989/il_570xN.1853278989_s860.jpg
000006.jpg,https://cdn1.bigcommerce.com/server700/5mvrqhbm/products/4109/images/144532/tien-tsin-pepper-n__01847.1475553469.1280.1280.jpg?c=2
000007.jpg,https://i1.wp.com/i.imgur.com/rmdUxU0l.jpg?w=525
000008.jpg,https://www.spicesinc.com/images/product/large/1938.jpg
000009.jpg,https://i.ytimg.com/vi/Zwf9XdpFFQU/maxresdefault.jpg
000010.jpg,http://cdn.shopify.com/s/files/1/0604/1077/products/Tien_Tsin_Chiles_600px-1_600x.jpg?v=1537995700
000011.jpg,https://www.chilipeppermadness.com/wp-content/uploads/2019/09/Temp-Pepper-Types.jpg
000012.jpg,https://i.ebayimg.com/images/g/ej4AAOSwTQtZ6dUQ/s-l300.jpg
000013.jpg,https://cdn.shopify.com/s/files/1/1326/4013/products/Peppers_Dried_Tien_Tsin_681b2578-2185-4753-90ea-1a6fa62a4b16.jpg?v=1547740197
000014.jpg,https://www.cayennediane.com/wp-content/uploads/Tien-Tsin-1.jpg
000015.jpg,https://images-na.ssl-images-amazon.com/images/I/514zyngBMsL.jpg
000016.jpg,https://sc02.alicdn.com/kf/HTB1lJuPKFXXXXbAXFXXq6xXFXXX7/Tianjin-Tien-Tsin-Dried-Chili-Chili-Club.jpg
000017.jpg,http://www.chilepeppersrecipes.com/peppers/pepper_images/tien-tsin-none.jpg
000018.jpg,http://cdn.shopify.com/s/files/1/0226/1751/files/chiles_a0a4f320-ab6a-416d-94ba-80629caec48c_grande.jpg?16315853634825874310
000019.jpg,https://www.penzeys.com/media/3730/tien_tsin_peppers_1oz_bag.jpg?v=28
000020.jpg,http://www.spicegarden.eu/WebRoot/StoreLES/Shops/62431129/5803/50CA/7711/F2E6/60EB/C0A8/2BB9/228A/Tientsin_pepper_02.JPG
000021.jpg,https://images-na.ssl-images-amazon.com/images/I/81rOn3XhARL._SL1284_.jpg
000022.jpg,https://cdna2.zoeysite.com/Adzpo594RQGDpLcjBynL1z/cache=expiry:31536000//auto_image/compress/https://s3.amazonaws.com/zcom-media/sites/a0i0L00000SdTMqQAN/media/catalog/product/M/a/Madelinetosh_Pashmina_Yarn_Tian_Tsin_Pepper_441.jpg
000023.jpg,https://cdn.shopify.com/s/files/1/0777/7311/products/Tsin_Tien_Pepper_LR_9bd07747-7e9a-4678-9f4d-d0f45ba7060b.png?v=1527292929
000024.jpg,https://www.spicesinc.com/Images/product/medium/2603.jpg
000025.jpg,https://cdn.shoplightspeed.com/shops/610808/files/10403655/madelinetosh-asap-tien-tsin-pepper.jpg
000026.jpg,https://sheffieldspices.com/wp-content/uploads/2016/02/tien-tsin-chile-peppers.jpg
000027.jpg,https://cdn11.bigcommerce.com/s-as7xynj/images/stencil/1280x1280/products/15473/38072/MT-Tosh-Sock-Tien-Tsin-Pepper-swp17717_image1__48567.1567109139.jpg?c=2&imbypass=on
000028.jpg,https://cdn.shopify.com/s/files/1/0777/7311/products/Tien_Tsin_Pepper_-_High_Twist_b4472117-7625-40cf-b3dc-a4003940988c.png?v=1529704640
000029.jpg,https://www.atlanticpantry.com/wp-content/uploads/2019/05/dried-red-chilli-5-lb-1-600x600.jpg
000030.jpg,https://cdn.shoplightspeed.com/shops/610808/files/10403883/madelinetosh-home-tien-tsin-pepper.jpg
000031.jpg,http://farm5.static.flickr.com/4074/4861239981_09e39e5600.jpg
000032.jpg,https://i.etsystatic.com/7824311/r/il/9f00c2/536942188/il_570xN.536942188_bpgb.jpg
000033.jpg,https://cdn11.bigcommerce.com/s-as7xynj/images/stencil/1280x1280/products/15375/38433/MT-Tosh-DK-Tien-Tsin-Pepper-swp17843_image1__33302.1567193834.jpg?c=2&imbypass=on
000034.jpg,http://1.bp.blogspot.com/_OPKpPIV_46E/SQ8RsjzBQXI/AAAAAAAAC9c/l-UwW7wZxOw/s400/Oct+22+%28Wed%29+--+Oct+24+%28Fri%29+028.jpg
000035.jpg,http://farm5.static.flickr.com/4094/4861859920_3f86b5ab98.jpg
000036.jpg,https://cdn.shoplightspeed.com/shops/605874/files/9247940/madelinetosh-madelinetosh-tosh-merino-light-holo-g.jpg
000037.jpg,https://www.jimmybeanswool.com/secure-html/productImages/80000/82695Large_f413.jpg
000038.jpg,https://www.fabulousyarn.com/madelintosh/TMLHOLO/TML-HOLO-TIENTSIN/TML-HOLO-TIENTSIN1200.jpg
000039.jpg,https://www.jimmybeanswool.com/secure-html/productImages/80000/82835Large_4abb.jpg
000040.jpg,https://sc02.alicdn.com/kf/HTB1iuRXNXXXXXaNaXXXq6xXFXXXT/1988722/HTB1iuRXNXXXXXaNaXXXq6xXFXXXT.jpg
000041.jpg,https://woolandcompany.blob.core.windows.net/madelinetosh/tien%20tsin%20pepper.jpg
000042.jpg,http://image.made-in-china.com/2f0j00mCuaKtYFLOqZ/Dried-Tientsin-Chillis.jpg
000043.jpg,https://images.squarespace-cdn.com/content/v1/56c4ae8f9f7266b5563d0199/1544019506850-TJ71250D45Y7HX5LPL9L/ke17ZwdGBToddI8pDm48kM2mfoiS_pYtPcHcd6wDuS4UqsxRUqqbr1mOJYKfIPR7LoDQ9mXPOjoJoqy81S2I8N_N4V1vUb5AoIIIbLZhVYy7Mythp_T-mtop-vrsUOmeInPi9iDjx9w8K4ZfjXt2dqrlL4WrJe1wrgSDtY_lEFYWqffZbinL5EuXJtG4qB_7CjLISwBs8eEdxAxTptZAUg/Screen+Shot+2018-12-05+at+9.18.07+AM.png
000044.jpg,https://cdn11.bigcommerce.com/s-as7xynj/images/stencil/1280x1280/products/15405/31692/MT-BFL-Sock-Tien-Tsin-Pepper-swp17675_image1__92952.1534170622.jpg?c=2&imbypass=on
000045.jpg,https://www.theloopyewe.com/asset/catalog-entry-photo/f911467d-224b-c9ed-fd0b-ca1b6cc2e058~v3-702x702.jpg
000046.jpg,https://i.pinimg.com/originals/1a/6e/2e/1a6e2eecd0c78e4c5ac9873eb44fafeb.jpg
000047.jpg,https://i.redd.it/9045xio4e3l21.jpg
000048.jpg,https://images-na.ssl-images-amazon.com/images/I/41hjtc6zCIL._SS500_.jpg
000049.jpg,http://farm5.static.flickr.com/4073/4861239847_735c2905a9.jpg
000050.jpg,https://cdn.foodsofnations.com/wp-content/uploads/tien-tsin-chinese-chili-peppers-1.jpg
000051.jpg,https://cdn.shoplightspeed.com/shops/605874/files/9758726/madelinetosh-tosh-dk-tien-tsin-pepper.jpg
000052.jpg,http://gernot-katzers-spice-pages.com/pictures/caps_56.jpg
000053.jpg,https://s3-media1.fl.yelpcdn.com/bphoto/4pUcsiQz3argykZLnsR3YA/348s.jpg
000054.jpg,https://s7d5.scene7.com/is/image/CentralMarket/001644392-1?$large$&hei=416&wid=416
000055.jpg,https://i.ebayimg.com/images/g/Iu0AAOSw7OdcCx6G/s-l300.jpg
000056.jpg,http://cdn.shopify.com/s/files/1/1022/5071/products/tien-tsin-chili-peppers-chinese-red-peppers-tianjin-pepper-capsicum-annuum-asian-vegetable-3_1024x1024.jpg?v=1565031906
000057.jpg,https://cdn.i-scmp.com/sites/default/files/styles/1200x800/public/d8/images/methode/2019/07/29/3f1eaffe-aec3-11e9-a61f-bc570b50c4e7_image_hires_102620.jpg?itok=DIBTRM0A&v=1564367186
000058.jpg,https://www.theloopyewe.com/asset/catalog-entry-photo/dad62d27-a94e-a303-6668-f318d5da5cf2~v3-702x702.jpg
000059.jpg,http://kokoscorner.typepad.com/.a/6a00d8354766ee53ef0128779287c5970c-500wi
000060.jpg,http://ecx.images-amazon.com/images/I/51M%2BKOvsT8L.jpg
000061.jpg,https://www.chilipeppermadness.com/wp-content/uploads/2013/09/Pequin-Peppers.jpg
000062.jpg,https://kristoscooks.files.wordpress.com/2017/10/schili.jpg
000063.jpg,https://farm66.staticflickr.com/65535/48261041341_16744209e4_b.jpg
000064.jpg,https://www.yarnoverberlin.de/stores/yarnoverberlin/img/madelinetosh-merino-light-garn-tien-tsin-pepper-HSmQmP.jpg
000065.jpg,http://i.imgur.com/wLY2Ralg.jpg
000066.jpg,https://www.theyarnattic.com/v/vspfiles/photos/MTTVTIEN-2T.jpg
000067.jpg,https://chasingchilli.com.au/wp-content/uploads/2017/04/Carolina-Reaper.png
000068.jpg,https://www.penzeys.com/media/3703/sanaam_peppers_1oz_bag.jpg?v=28
000069.jpg,https://cdn.shopify.com/s/files/1/0007/7774/8546/products/Tien_Tsin_Chiles_900x.jpg?v=1521989045
000070.jpg,https://image.made-in-china.com/202f0j00uAOTWgHEgerM/100-Pure-Red-Pepper-Natural-Bulk-Dried-Chili-Powder.jpg
000071.jpg,http://www.beachesliving.ca/beacheslife/wp-content/uploads/2018/07/Chili-Peppers-.jpg
000072.jpg,https://www.pepperscale.com/wp-content/uploads/2017/09/chinese-5-color-pepper-768x573.jpg
000073.jpg,https://static.spacecrafted.com/f69a70dec9ec4f3bb3d00f3cbdcfe1fe/i/de27100073ca4163bb9dce688fd702a4/1/4SoifmQp45JMgBnHgiPBA/Aleppo%20Chiles.jpg
000074.jpg,https://sc01.alicdn.com/kf/HTB1uwOEoNHI8KJjy1zbq6yxdpXaF/HALAL-KOSHER-HACCP-FDA-3-6cm-Tien.jpg_300x300.jpg
000075.jpg,https://i.ytimg.com/vi/Ix2FjTb8vh4/maxresdefault.jpg
000076.jpg,https://i.pinimg.com/originals/90/e4/13/90e413fa4973c44177919b3a544a57d9.jpg
000077.jpg,https://explorepartsunknown.com/wp-content/uploads/2017/08/scotch_bonnet1.jpg?quality=95&strip=color&w=2400&h=0
000078.jpg,https://66.media.tumblr.com/a73049988c08c3e2a4561d23bf1c8c4d/tumblr_inline_p4gujgfoRP1ra3pkn_1280.jpg
000079.jpg,https://cdn.shopify.com/s/files/1/0226/1751/files/chilesdearbol_1_grande.jpg?61485501594036256
000080.jpg,https://cdn.shopify.com/s/files/1/0007/7774/8546/products/Japones_Chiles_900x.jpg?v=1521986542
000081.jpg,https://res.cloudinary.com/simpleview/image/upload/v1516740572/clients/richmondbc-refresh/hearsayit_35f1373c-366e-405a-974d-eb1410768ee6.jpg?fit=600%2C1024&ssl=1
000082.jpg,https://www.theyarnattic.com/v/vspfiles/photos/MTTMLTIEN-2T.jpg
000083.jpg,http://farm5.static.flickr.com/4120/4861859876_49c64f83d1.jpg
000084.jpg,http://64thstreetspecialties.com/images/peppers.jpg
000085.jpg,https://scontent-frt3-1.cdninstagram.com/v/t51.2885-15/sh0.08/e35/s750x750/67186237_135039481051605_823642891824346809_n.jpg?_nc_ht=scontent-frt3-1.cdninstagram.com&oh=2868da9602de4f7be35afa7d8dd30088&oe=5E137C41&ig_cache_key=MjEwNjA2MDgwNTg5MzA2MzY3Nw%3D%3D.2
000086.jpg,https://upload.wikimedia.org/wikipedia/commons/thumb/5/50/Madame_Jeanette_and_other_chillies.jpg/1200px-Madame_Jeanette_and_other_chillies.jpg
000087.jpg,https://cdn.shopify.com/s/files/1/1022/5071/products/other-seeds-bulbs-tien-tsin-chili-pepper-seeds-capsicum-annuum-pronounced-tea-in-sin-asian-heirloom-5_1024x1024.jpg?v=1565031904
000088.jpg,https://d36tnp772eyphs.cloudfront.net/blogs/1/2019/01/Red-and-green-ripe-chillies-in-plant-garden-with-sunlight.jpg
000089.jpg,https://st.hzcdn.com/fimgs/8412a48d04af7c95_6839-w500-h666-b0-p0--.jpg
000090.jpg,http://2.bp.blogspot.com/_O-YzngQZ4d8/SorXOplTiVI/AAAAAAAAFz4/Ha_PdrAyT4c/s400/spicy+ginger+ramen+069.jpg
000091.jpg,https://www.chilipeppermadness.com/wp-content/uploads/2019/08/Bishops-Crown-Peppers.jpg
000092.jpg,http://www.bibsnbobs.co.uk/triviafile/Pclips/Scotch.jpg
000093.jpg,https://s23991.pcdn.co/wp-content/uploads/2019/04/sichuan-chile-oil.jpg
000094.jpg,https://www.buzzle.com/img/articleImages/512434-1668-38.jpg
000095.jpg,https://cdn11.bigcommerce.com/s-as7xynj/images/stencil/1280x1280/products/15450/32707/MT-Merino-Light-Tien-Tsin-Peppe-swp17822_image1__71829.1538175743.jpg?c=2&imbypass=on
000096.jpg,https://plantfreak.files.wordpress.com/2012/04/2-medusa-ornamental-pepper.jpg
000097.jpg,https://d1ralsognjng37.cloudfront.net/74dbd2e3-2bfd-49e7-8de3-1ac5aa75b9ca
000098.jpg,http://www.heliotricity.com/wp-content/uploads/2018/01/Aji-Panca-Hot-Peppers.jpg
000099.jpg,http://enacademic.com/pictures/enwiki/82/Red_savina_cropped.jpg
000100.jpg,https://www.jimmybeanswool.com/secure-html/productExtraImages/80000/84082Large_3c1d.jpg
000101.jpg,https://t3.thpservices.com/previewimage/gallil/9f304cefa21fc9b57e58bfafde195655/esy-034166381.jpg
000102.jpg,https://www.pepperscale.com/wp-content/uploads/2014/10/hot-pepper-list-768x511.jpeg
000103.jpg,https://www.picclickimg.com/d/l400/pict/333241522864_/Organic-Rainbow-Bell-Pepper-mixd-colour-vegetable-seeds.jpg
000104.jpg,https://static.spacecrafted.com/f69a70dec9ec4f3bb3d00f3cbdcfe1fe/i/e7d2f0d0eba84e5d9bbd20cf7a93db70/1/4SoifmQp45JMgBnHgiPBA/Mulato%20Chiles.jpg
000105.jpg,http://4.bp.blogspot.com/_86CXY9iVCno/SSN9UfaR__I/AAAAAAAAAgw/bRCNCZUvdQk/s320/DSC02072.JPG
000106.jpg,https://www.ncsli.org/images/WebImages/Metrologist/July_Metrologist_chili.jpg
000107.jpg,https://i.ytimg.com/vi/eVlcJr0_a5Q/hqdefault.jpg
000108.jpg,https://sheffieldspices.com/wp-content/uploads/2013/09/ancho-chile-peppers-whole-dried.jpg
000109.jpg,https://external-preview.redd.it/HiUqhP3R2KJrjuhBPslm27pr4inZqGn4Akga8yqqbUM.jpg?width=1200&height=628.272251309&auto=webp&s=c5e350d0f80f8aeb4b437f6d9c35f50c3179d857
000110.jpg,http://www.heliotricity.com/wp-content/uploads/2018/01/Aleppo-Chile-Peppers.jpg
000111.jpg,https://cdn.shopify.com/s/files/1/0604/1077/products/New_Mexican_Red_Chiles5_600px-5_2048x.jpg?v=1537835104
000112.jpg,https://vignette.wikia.nocookie.net/chilipeps/images/e/e5/Chilesdearbol.jpg/revision/latest?cb=20140811210835
000113.jpg,http://theabcchef.com/wp-content/uploads/2015/07/IMG_1588ED.jpg
000114.jpg,https://cdn.foodsofnations.com/wp-content/uploads/2018/06/aji_amarillo_whole-247x296.jpg
000115.jpg,https://images-na.ssl-images-amazon.com/images/I/61%2BoxvIQ6gL._SS500_.jpg
000116.jpg,https://www.cayennediane.com/wp-content/uploads/Ghost-Peppers-300x300.jpg
000117.jpg,https://i.pinimg.com/474x/9a/fd/f1/9afdf1f87bf336ed757d6a16c57a7628.jpg
000118.jpg,https://norecipes.com/wp-content/uploads/2014/06/recipemongolian-beef.1024x1024.jpg
000119.jpg,http://madhill.powweb.com/flavor/images/madhill_buy_tapien.jpg
000120.jpg,https://d36tnp772eyphs.cloudfront.net/blogs/1/2019/01/Mexican-hot-chili-colorful-peppers-a-mix-of-habanero-poblano-serrano-jalapeno-and-sweet-1200x853.jpg
000121.jpg,http://gernot-katzers-spice-pages.com/pictures/caps_81.jpg
000122.jpg,https://s23991.pcdn.co/wp-content/uploads/2013/05/chile-garlic-sauce-fi.jpg
000123.jpg,https://image.made-in-china.com/202f0j00RwFTWmDhrMzv/100-Pure-Red-Pepper-Natural-Bulk-Dried-Chili-Powder.jpg
000124.jpg,https://www.telegraph.co.uk/content/dam/food-and-drink/2018/01/25/Untitled-1_trans_NvBQzQNjv4Bqeo_i_u9APj8RuoebjoAHt0k9u7HhRJvuo-ZLenGRumA.jpg?imwidth=450
000125.jpg,https://st.hzcdn.com/fimgs/2c72bbd804af7c90_6834-w240-h291-b0-p0--.jpg
000126.jpg,https://www.spicesinc.com/images/product/large/1936.jpg
000127.jpg,https://assets.simpleviewinc.com/simpleview/image/upload/c_limit,h_1200,q_75,w_1200/v1/clients/richmondbc-refresh/Screen_Shot_2014_08_22_at_3_33_02_PM_253e767b-6308-4612-8ace-8600cf4a56f0.png
000128.jpg,http://www.bibsnbobs.co.uk/triviafile/Pclips/Cayenne.jpg
000129.jpg,https://i0.wp.com/ae01.alicdn.com/kf/HTB16Wt2Kr1YBuNjSszhq6AUsFXab/100-Pcs-Brazilian-Cherry-font-b-Chili-b-font-Hot-font-b-Pepper-b-font-Bonsai.jpg?crop=5,2,900,500&quality=2886
000130.jpg,https://sc02.alicdn.com/kf/HTB1bCaLXJHO8KJjSZFtq6AhfXXaU/Export-Dried-Cayenne-Chili-Pepper-Red-Hot.jpg_300x300.jpg
000131.jpg,https://s3-media2.fl.yelpcdn.com/bphoto/9GbtLQWCkBdPH3SiiX530Q/348s.jpg
000132.jpg,https://i.etsystatic.com/19582545/c/754/598/0/351/il/f1d7d7/1853278989/il_340x270.1853278989_s860.jpg
000133.jpg,https://www.chilipeppermadness.com/wp-content/uploads/2013/09/Jwala-Fingers-Peppers.jpg
000134.jpg,https://anitaboom.files.wordpress.com/2014/09/lombok1.jpg
000135.jpg,http://static1.squarespace.com/static/5b4f41e196e76f286102ccf0/5bc364a6c83025dddf329c66/5bdadae321c67c69e6b9d585/1566146010991/CP-chillies.jpg?format=1500w
000136.jpg,https://cdn.shopify.com/s/files/1/1326/4013/products/Peppers_Dried_Aji_Panca_137119eb-c758-45f3-b2c1-17a709df2fb1_480x.jpg?v=1547739703
000137.jpg,https://u.tfstatic.com/restaurant_photos/754/55754/169/612/tien-tsin-food-a7d99.jpg
000138.jpg,http://www.lavozcolorado.com/PICS/5131_1.jpg
000139.jpg,http://photos.demandstudios.com/getty/article/241/42/168775855.jpg
000140.jpg,https://cdn3.volusion.com/qcojg.rtpuo/v/vspfiles/photos/MTTDKTIEN-2T.jpg?1567859211
000141.jpg,https://images-na.ssl-images-amazon.com/images/I/41YDWZQtWNL.jpg
000142.jpg,https://www.picclickimg.com/d/l400/pict/202713577681_/10-Pcs-x-90-Seeds-Bird-Chilli-Pepper.jpg
000143.jpg,https://u.tfstatic.com/restaurant_photos/754/55754/169/612/tien-tsin-menu-f5789.jpg
000144.jpg,http://i.imgur.com/2In9mC0h.jpg
000145.jpg,https://www.simplyrecipes.com/wp-content/uploads/2010/06/kung-pao-chicken-horiz-a-1200.jpg
000146.jpg,http://www.heliotricity.com/wp-content/uploads/2018/01/Haban%CC%83ero-Peppers-on-plant.jpg
000147.jpg,https://simplysockyarn.typepad.com/.a/6a00d83452e09e69e201b7c94a7dc9970b-pi
000148.jpg,http://theabcchef.com/wp-content/uploads/2014/07/IMG_0893edited-768x1024.jpg
000149.jpg,http://www.burn-blog.com/wp-content/uploads/2017/11/downloadsml_00303_s_10af9tmk750269.jpg
000150.jpg,http://i.imgur.com/Z6dlOdB.jpg
000151.jpg,https://pbs.twimg.com/media/D3BQGxuWsAcC8ZF.jpg
000152.jpg,https://i.ytimg.com/vi/jomgnWoUrco/maxresdefault.jpg
000153.jpg,https://i.ebayimg.com/images/g/mywAAOSwI8lZ6Ypy/s-l300.jpg
000154.jpg,https://norecipes.com/wp-content/uploads/2014/06/mongolian-beef.1024x1024.jpg
000155.jpg,https://www.theloopyewe.com/asset/catalog-entry-photo/ec7d4561-6b34-2680-92c3-db36fad595e1~v3-702x702.jpg
000156.jpg,https://www.daringgourmet.com/wp-content/uploads/2013/01/Kung-Pao-Chicken-2-1.jpg
000157.jpg,https://onmilwaukee.com/images/articles/bu/burning-through-brew-city-sze-chuan/burning-through-brew-city-sze-chuan_fullsize_story1.jpg?1572070413
000158.jpg,https://cdn.foodsofnations.com/wp-content/uploads/2018/08/aleppo-247x296.jpg
000159.jpg,https://66.media.tumblr.com/a02eec1c4a2a7d8c60e980d409b25eeb/tumblr_p2fg3odyPU1rl2kjno1_1280.jpg
000160.jpg,https://www.pepperscale.com/wp-content/uploads/2017/04/Tangerine-Dream-Pepper-300x207.jpg
000161.jpg,https://cdn.shopify.com/s/files/1/0226/1751/files/anaheims_grande.jpg?11288970553642049827
000162.jpg,https://d1ralsognjng37.cloudfront.net/6c7469f3-669e-4a81-95d6-4b0b6ca8462a
000163.jpg,https://ls.imgix.net/factsheets/thumbnails/McCormickChilliArticle.jpg?w=640&h=360&auto=compress,format&fit=crop
000164.jpg,https://www.spicesinc.com/Images/product/medium/1126.jpg
000165.jpg,http://farm5.static.flickr.com/4079/4861240021_5ced17389d.jpg
000166.jpg,https://www.tarazu.com/image/cache/catalog/Products/Herbs/67-228x228.jpg
000167.jpg,https://d1doqjmisr497k.cloudfront.net/-/media/mcflavoursolutionsca/flavour-trends/three_chili_obsession_2017.jpg?vd=20180710T135630Z&hash=7B65BDB8FC0EE9BB42E74ADCF31B55542CEF9A95
000168.jpg,https://smhttp-ssl-32478-organiclifestylemagazine.nexcesscdn.net/wp-content/uploads/2014/05/Cayenne-1400x500.jpg
000169.jpg,https://www.diversivore.com/wp-content/uploads/2019/06/Pico-de-Gallo-mobile-banner.jpg
000170.jpg,https://i2.wp.com/olives-n-okra.com/wp-content/uploads/2012/03/2184.jpg?ssl=1
000171.jpg,http://gernot-katzers-spice-pages.com/pictures/caps_67.jpg
000172.jpg,https://s3-media3.fl.yelpcdn.com/bphoto/6idxq9EvEhGEep_QZMJj8g/348s.jpg
000173.jpg,https://www.jimmybeanswool.com/secure-html/productExtraImages/80000/84365Large_6c3e.jpg
000174.jpg,https://bigoven-res.cloudinary.com/image/upload/w_300,c_fill,h_250/stir-fried-spicy-ginger-shrimp-84c1d9.jpg
000175.jpg,https://www.weddingspicefavors.com/wp/wp-content/uploads/2017/09/Corned-Beef.jpg
000176.jpg,https://i2.wp.com/trialbyfryer.com/wp-content/uploads/2018/09/20180908_124307.jpg?resize=765%2C574&ssl=1
000177.jpg,https://image.made-in-china.com/202f0j00gJBEOdsalcuC/Wholesale-Sterilized-Dried-Chili-Powder.jpg
000178.jpg,https://farm66.static.flickr.com/65535/48261150032_e7e0a3efb5_b.jpg
000179.jpg,https://www.chilipeppermadness.com/wp-content/uploads/2017/06/Komodo-Dragon-Peppers.jpg
000180.jpg,http://2.bp.blogspot.com/_OPKpPIV_46E/SQ8SXxldG-I/AAAAAAAAC9s/ymBWhaJNhDg/s400/Oct+22+%28Wed%29+--+Oct+24+%28Fri%29+045.jpg
000181.jpg,https://bloximages.newyork1.vip.townnews.com/postandcourier.com/content/tncms/assets/v3/editorial/b/98/b98238f8-347e-11e8-8979-1f30cd1836b6/5abedd5fbdc43.image.jpg?resize=1200%2C800
000182.jpg,https://img-global.cpcdn.com/001_recipes/785d407233e129d2/751x532cq70/spicy-bourbon-chicken-recipe-main-photo.jpg
000183.jpg,http://box5382.temp.domains/~tomwarn1/nikontom/wp-content/uploads/2015/08/TPW2972-e1439114635492-532x800.jpg
000184.jpg,https://static.spacecrafted.com/f69a70dec9ec4f3bb3d00f3cbdcfe1fe/i/b1ebd48e03e249cba7510caf73a0673a/1/4SoifmQp45JMgBnHgiPBA/Guajillo%20Chiles.jpg
000185.jpg,https://cdn.shopify.com/s/files/1/0297/6261/products/tien_tsin_pepper_68283115-0df5-4973-80bd-84c117bb7d9a_grande.jpg?v=1547227644
000186.jpg,https://s3.amazonaws.com/com.niches.production/niche_pages/square_images/000/000/929/giantc/Chile_Pepper_Oil_Foam.JPG
000187.jpg,http://www.bibsnbobs.co.uk/triviafile/Pclips/Pimento.jpg
000188.jpg,https://raster-static.postmates.com/?url=com.postmates.img.prod.s3.amazonaws.com/08715602-b568-4d9d-8054-d11cc17f37b5/orig.jpg&quality=90&w=1500&h=900&mode=crop&format=jpg&v=4
000189.jpg,http://d1f7geppf3ca7.cloudfront.net/origin/365823/image_636435909374246216.jpg
000190.jpg,https://obs.line-scdn.net/0hpK_r78BKL2RiCwQ-N_JQM1tdLAtRZzxnBj1-ejJlcVAaOT02Vz00CkENJVEYPmg6DDllA0VOcARJM25lVjk/w644
000191.jpg,https://i0.wp.com/ae01.alicdn.com/kf/HTB1awEQKXuWBuNjSszbq6AS7FXa6/1000-Pcs-Many-Kinds-font-b-Pepper-b-font-Bonsai-Giant-font-b-Chili-b-font.jpg?crop=5,2,900,500&quality=2886
000192.jpg,https://cdn-image.foodandwine.com/sites/default/files/styles/medium_2x/public/1465328456/spicy-pork-stir-fry-XL-RECIPE0716.jpg?itok=4rcMlO0S
000193.jpg,https://www.picclickimg.com/d/l400/pict/322833452128_/50Pcs-Ghost-Pepper-Seeds-Premium-Organic-Non-GMO-Freshly.jpg
000194.jpg,https://img0.etsystatic.com/140/0/7824311/il_340x270.1053552078_tkx2.jpg
000195.jpg,https://sc01.alicdn.com/kf/HTB1FyUhXnlYBeNjSszcq6zwhFXaX/Yunnan-Qiubei-Pepper-Red-Chili-Chaotian-Cayenne.jpg
000196.jpg,https://www.diversivore.com/wp-content/uploads/2016/06/Chinese-chilies-feature.jpg
000197.jpg,https://i.ytimg.com/vi/D9-XWwkDRRk/0.jpg
000198.jpg,https://www.101cookingfortwo.com/wp-content/uploads/2012/10/General-Tso-Chicken-on-white-plate-1000.jpg
000199.jpg,https://d36tnp772eyphs.cloudfront.net/blogs/1/2019/01/Plants-of-habanero-scotch-cap-chili-pepper-with-fruit.jpg
000200.jpg,https://3.bp.blogspot.com/-WN9UamNGrSM/V9rU2VCuNsI/AAAAAAAASS8/9Eu3ZB5k3C4Q5lEgZBKL61r1aRluSnaKQCLcB/s1600/File%2BSep%2B15%252C%2B11%2B02%2B30%2BAM.jpeg
000201.jpg,https://www.simplyrecipes.com/wp-content/uploads/2008/11/broccoli-beef-horiz-800-440x293.jpg
000202.jpg,https://www.telegraph.co.uk/content/dam/food-and-drink/2018/01/30/original_fiery-scotch-bonnet_trans%2B%2BqVzuuqpFlyLIwiB6NTmJwfSVWeZ_vEN7c6bHu2jJnT8.jpg
000203.jpg,https://www.cookedperfect.com/wp-content/uploads/sites/239/2016/06/cooked-perfect-recipe-meatball-stuffed-peppers-2.jpg
000204.jpg,https://site-752375.mozfiles.com/files/752375/medium/51300702_2182038252057498_7998868416859471872_n.jpg
000205.jpg,https://images.food52.com/JDBjWadE_LLJ6_wsKAksO4YLKLI=/1200x900/8ba091ca-7bec-44fd-961a-2738c5b906a0--image.jpg
000206.jpg,https://chefspencil.com/wp-content/uploads/49.jpg
000207.jpg,https://cdn.shopify.com/s/files/1/0604/1077/products/De_Arbol_Chiles4_600px-4_2048x.jpg?v=1537557635
000208.jpg,https://i.imgur.com/jLhSfrS.jpg
000209.jpg,http://madhill.powweb.com/flavor/images/madhill_buy_teinsin.jpg
000210.jpg,https://www.loopknittingshop.com/images/productoption/Tosh%20DK%20Fatal%20Attraction%20646%20at%20Loop%20London-1560340531.thumb.jpg
000211.jpg,https://www.seriouseats.com/recipes/images/2014/03/20140228-spicy-stir-fried-beef-with-leeks-and-onion-primary.jpg
000212.jpg,https://scontent-frx5-1.cdninstagram.com/vp/e7a55be47e1a43c83503006cb914d1ac/5E214F7E/t51.2885-15/e35/69714944_368773347362506_2451554569616860696_n.jpg?_nc_ht=scontent-frx5-1.cdninstagram.com&_nc_cat=110
000213.jpg,https://www.ncsli.org/images/WebImages/Metrologist/Article%20Photos/July%202012%20chili%20stand.jpg
000214.jpg,https://s7d5.scene7.com/is/image/CentralMarket/001850771-1?$large$&hei=324&wid=324
000215.jpg,https://www.fabulousyarn.com/madelintosh/TMLHOLO/TML-HOLO-JADE/TML-HOLO-JADE1200.jpg
000216.jpg,https://i0.wp.com/buzzyfoods.com/wordpress/wp-content/uploads/2013/03/01aPeppersJarbfLO.jpg
000217.jpg,https://restaurants-static.skipthedishes.com/images/resized/item-fae4fde6b5339e79a645.jpg
000218.jpg,https://i.ytimg.com/vi/IAX5DBLBulI/maxresdefault.jpg
000219.jpg,https://i.etsystatic.com/10996863/r/il/51331d/1045608374/il_794xN.1045608374_ar8y.jpg
000220.jpg,https://d1doqjmisr497k.cloudfront.net/-/media/clubhouse-for-chef/articles/mccormickflavourforecast2014125thanniversaryedition.jpg?vd=20190517T184100Z&hash=C880D523505224D396714B9BE367F9A63F64DD13
000221.jpg,https://img.sndimg.com/food/image/upload/c_thumb,q_80,w_412,h_232/v1/img/recipes/45/45/2/3v8T842zQzSx5JtrrJ5A_download_20180403_202006.jpg
000222.jpg,https://browniesandbeer.files.wordpress.com/2018/03/img_1151.jpg?w=391&h=391
000223.jpg,https://res.cloudinary.com/simpleview/image/upload/v1516740572/clients/richmondbc-refresh/Screen_Shot_2014_08_22_at_3_39_35_PM_7e21acc1-cb7a-476c-bce0-d956defba0ba.png?fit=600%2C1024&ssl=1
000224.jpg,https://cookingwithcancer.org/images/com_joomrecipe/906/cropped-Pineapple_and_Cheese_Honey_Cake.jpg
000225.jpg,https://i0.wp.com/blog.themalamarket.com/wp-content/uploads/2014/06/sichuan-sampler.jpg?resize=1024%2C768&ssl=1
000226.jpg,https://c8.alamy.com/comp/RE9JYR/contributions-a-la-flore-de-la-chine-comprenant-les-algues-marines-recoltees-en-chine-et-les-florules-de-shang-hai-tche-fou-et-tien-tsin-botany-botany-botany-botany-marine-algae-please-note-that-these-images-are-extracted-from-scanned-page-images-that-may-have-been-digitally-enhanced-for-readability-coloration-and-appearance-of-these-illustrations-may-not-perfectly-resemble-the-original-work-debeaux-jean-odon-1826-1910-debeaux-jean-odon-1826-1910-algues-marines-recoltees-en-chine-debeaux-jean-odon-1826-1910-florule-de-shang-hai-debeaux-jean-odon-1826-1910-f-RE9JYR.jpg
000227.jpg,http://www.eatsleepknit.com/images/shop/product/0fabd7140afd44eb1d1468f247ae3ca7.png
000228.jpg,https://i2.wp.com/www.exploreventure.com/wp-content/uploads/2016/09/Avocado_300x400_1015.jpg?resize=300%2C400
000229.jpg,https://i.ebayimg.com/images/g/DYMAAOSwVP5b~LSY/s-l1600.jpg
000230.jpg,https://www.savoryspiceshop.com/images/maps/china.jpg
000231.jpg,http://www.heliotricity.com/wp-content/uploads/2018/01/NuMex-Heritage-Hatch-6-4-Chile-Peppers.jpg
000232.jpg,https://i.pinimg.com/736x/59/9a/f0/599af074b551165c82d1bca60c886b90--exotic-plants-the-heat.jpg
000233.jpg,http://gernot-katzers-spice-pages.com/pictures/caps_f5.jpg
000234.jpg,https://scontent-lga3-1.cdninstagram.com/vp/5facd0586f59182543d002321e8bca91/5E3DB5A4/t51.2885-15/sh0.08/e35/s640x640/59178180_2307597876121233_2240089876841185643_n.jpg?_nc_ht=scontent-lga3-1.cdninstagram.com&_nc_cat=109
000235.jpg,http://nicole-jacobson.com/backup.php?getimage=aHR0cHM6Ly9pLmRhaWx5bWFpbC5jby51ay8xcy8yMDE5LzA0LzE5LzEyLzEyNDc0MjgwLTY5Mzk3MzktaW1hZ2UtYS0xMzVfMTU1NTY3MzQ2Njk2NS5qcGc=
000236.jpg,https://cdn2-img.pressreader.com/pressdisplay/docserver/getimage.aspx?regionKey=5koAQAp2UesohZJpDE31tA%3D%3D
000237.jpg,https://cdn.shopify.com/s/files/1/0007/7774/8546/products/Peppercorns_Szechuan_900x.jpg?v=1521897692
000238.jpg,https://www.360flavorandspice.com/store2/wp-content/uploads/2017/09/pickling.jpg
000239.jpg,https://i1.wp.com/trialbyfryer.com/wp-content/uploads/2018/09/20180908_120942.jpg?w=379&h=284&ssl=1
000240.jpg,https://66.media.tumblr.com/92e1d92f23f4cd8192441cb0f0f3628c/tumblr_inline_p4gujgHO3Q1ra3pkn_1280.jpg
000241.jpg,http://img1.wsimg.com/isteam/ip/95a35c7f-015f-4385-b5ed-fd4b4099350f/8699e1d9-cd40-4519-934b-9c52073410c9.jpg
000242.jpg,http://chattygourmet.com/wp-content/uploads/2011/03/recipe411.jpg
000243.jpg,https://images.squarespace-cdn.com/content/v1/56c4ae8f9f7266b5563d0199/1550675994608-8K23RP0R9KZYMRYOUCGQ/ke17ZwdGBToddI8pDm48kDHPSfPanjkWqhH6pl6g5ph7gQa3H78H3Y0txjaiv_0fDoOvxcdMmMKkDsyUqMSsMWxHk725yiiHCCLfrh8O1z4YTzHvnKhyp6Da-NYroOW3ZGjoBKy3azqku80C789l0mwONMR1ELp49Lyc52iWr5dNb1QJw9casjKdtTg1_-y4jz4ptJBmI9gQmbjSQnNGng/BASIL_Chicken.jpg
000244.jpg,https://kathynle.files.wordpress.com/2019/03/47575065_10156826544699264_6266452139216732160_o.jpg?w=463&h=463
000245.jpg,https://i.gifer.com/VWHq.gif
000246.jpg,https://s3-media2.fl.yelpcdn.com/bphoto/3hBdbGA3pAEKF0M4p7WY1Q/348s.jpg
000247.jpg,https://st.hzcdn.com/fimgs/21e2876904af7c94_6838-w240-h320-b0-p0--.jpg
000248.jpg,http://i.imgur.com/yUgI1Kdh.jpg
000249.jpg,https://raster-static.postmates.com/?url=https%3A%2F%2Fd1725r39asqzt3.cloudfront.net%2Fee747290-c1c0-4846-8a86-88c1ac4d1b95%2Forig.png&quality=85&w=640&h=0&mode=auto&format=jpg&v=4
000250.jpg,https://www.chilipeppermadness.com/wp-content/uploads/2013/10/Spanish-Naga-Peppers.jpg
000251.jpg,https://www.daringgourmet.com/wp-content/uploads/2019/05/Kung-Pao-Chicken-Collage-Pinterest.jpg
000252.jpg,https://plantfreak.files.wordpress.com/2012/04/pepper_balloon.jpg
000253.jpg,https://payload.cargocollective.com/1/7/241954/3413585/ginsburg_pepper%20packets.jpg
000254.jpg,https://c8.alamy.com/comp/RE9JYM/contributions-a-la-flore-de-la-chine-comprenant-les-algues-marines-recoltees-en-chine-et-les-florules-de-shang-hai-tche-fou-et-tien-tsin-botany-botany-botany-botany-marine-algae-actes-de-la-soc-lin-de-brd-fimdu-tche-fou-pl-ii-bucqaoj-ad-nt-de!-yperus-sinensis-0-debeaux-mc-cuy-mouse-orand-nalurj-please-note-that-these-images-are-extracted-from-scanned-page-images-that-may-have-been-digitally-enhanced-for-readability-coloration-and-appearance-of-these-illustrations-may-not-perfectly-resemble-the-original-work-debeaux-jean-odon-1826-1910-debeaux-jean-RE9JYM.jpg
000255.jpg,https://www.picclickimg.com/d/l400/pict/263829454601_/Mild-JALAPENO-PEPPER-25-Hand-Selected-Heirloom-Organic.jpg
000256.jpg,https://stripedspatula.com/wp-content/uploads/2019/01/general-tsos-chicken-7.jpg
000257.jpg,http://2.bp.blogspot.com/-wYJXytRN6-w/TkJEUQlmWCI/AAAAAAAAEP8/efBRwDA9QNY/s1600/Fullscreen+capture+8102011+43804+PM.jpg
000258.jpg,https://i0.wp.com/ae01.alicdn.com/kf/HTB1tcf7c6fguuRjSspkq6xchpXak/New-Arrival-200-Pcs-Giant-Spices-Rainbow-font-b-Chili-b-font-Hot-font-b-Pepper.jpg?crop=5,2,900,500&quality=2886
000259.jpg,https://cdn.shopify.com/s/files/1/1326/4013/products/Peppers_Dried_Ancho_480x.jpg?v=1537950794
000260.jpg,https://u.tfstatic.com/restaurant_photos/754/55754/169/612/tien-tsin-food-c3b6f.jpg
000261.jpg,https://preview.redd.it/9045xio4e3l21.jpg?overlay-align=bottom,left&crop=923:483.246073298,smart&overlay-height=15p&overlay=%2Fwatermark%2Ft5_2tlk9.png%3Fs%3D9067d0581b95e7707651dbba993c3ac10b12a86f&width=923&height=483.246073298&auto=webp&s=5e55eb45c040d65183d14cc6e280cee8a7d02c03
000262.jpg,http://www.bibsnbobs.co.uk/triviafile/Pclips/Pepperoncini.jpg
000263.jpg,http://www.datilsensation.com/uploads/3/7/8/1/37810827/4711130.jpg?412
000264.jpg,http://foodmack.com/wp-content/uploads/2015/06/IMG_5883-600x900.jpg
000265.jpg,http://d13z1xw8270sfc.cloudfront.net/origin/365823/1481305763665_newmexpeppers.jpg
000266.jpg,https://kokoscorner.typepad.com/.a/6a00d8354766ee53ef0120a88ff16e970b-pi
000267.jpg,https://media.timeout.com/images/102769063/image.jpg
000268.jpg,https://u.tfstatic.com/restaurant_photos/754/55754/169/612/tien-tsin-matsal-cd0c9.jpg
000269.jpg,https://cdn.shopify.com/s/files/1/0777/7311/products/Venti_Dragon_Mocha_1cee4adc-f380-42c1-973f-7ab76a8dd69e_grande.jpg?v=1519421311
000270.jpg,https://d26vuck1qo29uk.cloudfront.net/uploads/products/f40143090d0d028dd715f86ead953df1.jpg
000271.jpg,https://stripedspatula.com/wp-content/uploads/2019/01/asian-pantry-10.jpg
000272.jpg,https://www.fabulousyarn.com/madelintosh/TMLHOLO/TML-HOLO-WHISKEYBARREL/TML-HOLO-WHISKEYBARREL1200.jpg
000273.jpg,https://www.pepperscale.com/wp-content/uploads/2017/04/Ancho-BBQ-Sauce-300x200.jpeg
000274.jpg,https://live.staticflickr.com/3573/4611706840_1dc6c60fbc_z.jpg
000275.jpg,https://omnivorescookbook.com/wp-content/uploads/2015/02/1704_Dan-Dan-Noodles_006.jpg
000276.jpg,https://cdn.foodsofnations.com/wp-content/uploads/2018/08/maras-247x296.jpg
000277.jpg,http://gernot-katzers-spice-pages.com/pictures/caps_s6.jpg
000278.jpg,https://www.loopknittingshop.com/images/productoption/Merino%20Light%20Garlic%20Onion%20719%20at%20Loop%20London-1560036229.thumb.jpg
000279.jpg,http://www.heliotricity.com/wp-content/uploads/2018/01/Anaheim-chile-peppers.jpg
000280.jpg,https://www.easytourchina.com/images/Photo/enjoy-the-hot-spicy-food-in-china/p643_d20140603163236.jpg
000281.jpg,https://www.spicesinc.com/Images/product/medium/4025.jpg
000282.jpg,http://www.eatsleepknit.com/images/shop/product/7061556fa4cb63fac3573e8e8ab69d62.png
000283.jpg,https://www.chilipeppermadness.com/wp-content/uploads/2013/09/Chimayo-Pepper.jpg
000284.jpg,https://c8.alamy.com/comp/RE9JYC/contributions-a-la-flore-de-la-chine-comprenant-les-algues-marines-recoltees-en-chine-et-les-florules-de-shang-hai-tche-fou-et-tien-tsin-botany-botany-botany-botany-marine-algae-actes-de-l-soc-lirde-borb-florde-tien-tsin-plli-please-note-that-these-images-are-extracted-from-scanned-page-images-that-may-have-been-digitally-enhanced-for-readability-coloration-and-appearance-of-these-illustrations-may-not-perfectly-resemble-the-original-work-debeaux-jean-odon-1826-1910-debeaux-jean-odon-1826-1910-algues-marines-recoltees-en-chine-debeaux-jean-odon-1826-1910-RE9JYC.jpg
000285.jpg,https://www.picclickimg.com/d/l400/pict/183600837943_/Pimiento-De-Padron-Capsicum-Annuum-Spanish-Hot-Chili.jpg
000286.jpg,http://i.imgur.com/WK9EAWjh.jpg
000287.jpg,https://www.telegraph.co.uk/content/dam/food-and-drink/2018/01/25/14005011_0_640x640_trans%2B%2BqVzuuqpFlyLIwiB6NTmJwfSVWeZ_vEN7c6bHu2jJnT8.jpg
000288.jpg,https://cdn.shopify.com/s/files/1/0297/6261/products/seaglass-tosh-dk_grande_5cb4f2b9-592d-4fdc-9e45-85928b924f67_grande.jpg?v=1547227866
000289.jpg,https://external-preview.redd.it/BWdqlsucNnVtTvpEFXW5Kv5W36T_nbLhlSfjFeWlScw.jpg?width=640&crop=smart&auto=webp&s=7de651bc28c8f5f0a6e0133b4d77f4f69ba122a1
000290.jpg,https://sheffieldspices.com/wp-content/uploads/2017/12/new-mexico-hot-red-crushed-green-chile.jpg
000291.jpg,https://i.ytimg.com/vi/UaW8UzydPZA/hqdefault.jpg
000292.jpg,https://66.media.tumblr.com/b8d706f14fb89a711c762127f11eff72/tumblr_p1k1nnGLL01rl2kjno1_1280.jpg
000293.jpg,https://duyt4h9nfnj50.cloudfront.net/resized/1536609787910-w2880-50.jpg
000294.jpg,http://www.bibsnbobs.co.uk/triviafile/Pclips/Poblano.jpg
000295.jpg,https://i0.wp.com/ae01.alicdn.com/kf/HTB1R2zbaEvrK1RjSspcq6zzSXXad/200PCS-Giant-Long-font-b-Hot-b-font-font-b-Pepper-b-font-Bonsai-Plants-Red.jpg?crop=5,2,900,500&quality=2886
000296.jpg,https://www.cayennediane.com/wp-content/uploads/Barkers-Hot-pepper-300x300.jpg
000297.jpg,https://s3-media2.fl.yelpcdn.com/bphoto/ZBMppQ5ef3h3PMNR2bGyaQ/348s.jpg
000298.jpg,https://cdn.shopify.com/s/files/1/0604/1077/products/Goat_Horn_600px-10_2048x.jpg?v=1550623721
000299.jpg,https://www.diversivore.com/wp-content/uploads/2016/06/Pasilla-Chilies-feature.jpg
000300.jpg,https://static.spacecrafted.com/f69a70dec9ec4f3bb3d00f3cbdcfe1fe/i/ae43f021646749589b15681d0a02d5cb/1/4SoifmQp45JMgBnHgiPBA/Pasilla%20Negro%20Chiles.jpg
000301.jpg,https://image.made-in-china.com/202f0j00umyQWYLKnMze/100-Pure-Red-Pepper-Natural-Bulk-Dried-Chili-Powder.jpg
000302.jpg,https://restaurants-static.skipthedishes.com/images/resized/item-3dda5bc5ed27c062e691.jpg
000303.jpg,http://box5382.temp.domains/~tomwarn1/nikontom/wp-content/uploads/2015/06/IMG_1321-e1435507405489-600x800.jpg
000304.jpg,https://cdn.foodsofnations.com/wp-content/uploads/aji-costeno-peppers-dry-1-247x296.jpg
000305.jpg,https://www.penzeys.com/media/6975/peri_peri_chicken.jpg?v=28
000306.jpg,https://stripedspatula.com/wp-content/uploads/2019/01/general-tsos-chicken-social.jpg
000307.jpg,https://plantfreak.files.wordpress.com/2012/04/01_rocoto3.jpg?w=584
000308.jpg,https://cdn11.bigcommerce.com/s-as7xynj/images/stencil/200x200/products/14917/38012/MT-Tosh-Sock-Silence-Was-Golden-swp17199_image1__03060.1567108704.jpg?c=2
000309.jpg,https://u.tfstatic.com/restaurant_photos/754/55754/169/612/tien-tsin-matsal2-465c1.jpg
000310.jpg,https://www.fabulousyarn.com/madelintosh/TMLHOLO/TML-HOLO-GROUPWOTHWHITE/TML-HOLO-GROUPWOTHWHITE1200.jpg
000311.jpg,https://i.ytimg.com/vi/foNjh15FhsA/hqdefault.jpg?custom=true&w=168&h=94&stc=true&jpg444=true&jpgq=90&sp=68&sigh=njKNQQIfNhdwOpYknZYqWRwbTAA
000312.jpg,https://cdn.shopify.com/s/files/1/0007/7774/8546/products/Shichimi_Togarashi_900x.jpg?v=1522079761
000313.jpg,https://c8.alamy.com/comp/P771PC/english-704-tien-tsin-volunteers-indian-troops-and-english-bluejackets-1900-english-captions-on-album-page-tien-tsin-volunteers-peanut-baricade-on-bund-tien-tsin-building-destroyed-by-shells-tien-tsin-volunteers-at-their-raice-ie-rice-baricade-tien-tsin-railway-station-indian-troops-on-the-march-bengal-lancers-english-blue-jackets-on-the-lookout-ph-coll-241b4a-g-subjects-lctgm-volunteers-china-tianjin-barricades-china-tianjin-war-damage-china-tianjin-railroad-stations-china-tianjin-lancers-indian-china-tianjin-horses-china-tianjin-sailors-briti-P771PC.jpg
000314.jpg,https://www.spicesinc.com/Images/product/medium/291.jpg
000315.jpg,https://www.jimmybeanswool.com/secure-html/productImages/85000/85124Large_242e.jpg
000316.jpg,http://gernot-katzers-spice-pages.com/pictures/caps_84.jpg
000317.jpg,https://d1725r39asqzt3.cloudfront.net/fd04f0d1-837f-49e1-9d3a-e48ff7b6ad67/orig.jpg
000318.jpg,https://preview.redd.it/kyvtc5arj0l31.jpg?width=640&crop=smart&auto=webp&s=dc97f41812b3508ea586d41b3a0f7e6bdc61fee2
000319.jpg,https://www.chilipeppermadness.com/wp-content/uploads/2013/09/Tabasco-Peppers.jpg
000320.jpg,https://66.media.tumblr.com/b1c5dc69c953a7dc45aa02a16cedf793/tumblr_o4vuk8LLIc1r21edwo5_250.jpg
000321.jpg,https://kokoscorner.typepad.com/.a/6a00d8354766ee53ef0128779293f4970c-500wi
000322.jpg,https://www.picclickimg.com/d/l400/pict/383110450602_/50-Red-Ecuadorian-DEVILS-Breath-Pepper-Seeds-Hot.jpg
000323.jpg,https://www.pepperscale.com/wp-content/uploads/2017/04/Capsaicin-To-Lose-Weight-300x200.jpeg
000324.jpg,http://www.heliotricity.com/wp-content/uploads/2018/01/Infinity-Chili-Pepper.jpg
000325.jpg,https://cdn.shopify.com/s/files/1/0297/6261/products/silverfox_tosh_dk_2_grande_grande_6390c56b-0d2c-4354-8718-cb7805e337e4_grande.jpeg?v=1547227866
000326.jpg,https://st.hzcdn.com/fimgs/828290e004af7c86_6825-w240-h319-b0-p0--.jpg
000327.jpg,http://www.bibsnbobs.co.uk/triviafile/Pclips/Rocoto.jpg
000328.jpg,https://i2.wp.com/blog.themalamarket.com/wp-content/uploads/2014/02/tianshuimian.jpg?ssl=1
000329.jpg,https://res.cloudinary.com/simpleview/image/upload/v1516740572/clients/richmondbc-refresh/Screen_Shot_2014_08_22_at_3_39_51_PM_b2dcad18-8ad3-4d21-b453-65a373eb744b.png?fit=600%2C1024&ssl=1
000330.jpg,https://www.cayennediane.com/wp-content/uploads/Bahamian-Bird-Pepper-300x300.jpg
000331.jpg,http://www.eatsleepknit.com/images/shop/product/074d04e6d1f081f50cc282eed33e3e86.png
000332.jpg,https://www.diversivore.com/wp-content/uploads/2016/06/Guajillo-Chilies-feature.jpg
000333.jpg,https://www.telegraph.co.uk/content/dam/food-and-drink/2018/01/25/SS_SCS260-80152-1496355697-500-659_trans%2B%2BedkAEilW4a0ZEdF_CvTIr1-CIQPZG3ofWTor4UojCgk.jpg
000334.jpg,https://i0.wp.com/ae01.alicdn.com/kf/HTB1exPXbizxK1RkSnaVq6xn9VXaz/150pcs-Long-font-b-Pepper-b-font-Bonsai-Giant-font-b-Chili-b-font-Plants-Sweet.jpg?crop=5,2,900,500&quality=2886
000335.jpg,https://s3-media4.fl.yelpcdn.com/bphoto/uKNFi71mXPBHzOsr1tJp_A/348s.jpg
000336.jpg,https://restaurants-static.skipthedishes.com/images/resized/item-0c4055f5e8d5655a3962.jpg
000337.jpg,https://static.spacecrafted.com/f69a70dec9ec4f3bb3d00f3cbdcfe1fe/i/f6687d19de7748b69700f07249c621ff/1/4SoifmQp45JMgBnHgiPBA/Habanero%20Chiles.jpg
000338.jpg,https://cdn11.bigcommerce.com/s-as7xynj/images/stencil/200x200/products/17617/38146/MT-Pashmina-Those-Martian-Chron-swp19934_image1__23414.1567109720.jpg?c=2
000339.jpg,http://box5382.temp.domains/~tomwarn1/nikontom/wp-content/uploads/2015/06/IMG_1316-1024x768.jpg
000340.jpg,https://www.penzeys.com/media/6977/spicey_chicken_salad.jpg?v=28
000341.jpg,https://plantfreak.files.wordpress.com/2012/04/dsc_1441_banner.jpeg
000342.jpg,https://www.jimmybeanswool.com/secure-html/productImages/20000/24787Large_d1e5.jpg
000343.jpg,http://gernot-katzers-spice-pages.com/pictures/caps_65.jpg
000344.jpg,https://www.pepperscale.com/wp-content/uploads/2014/04/PepperScale-Cover_website-sidebar-e1420987132570.jpg
000345.jpg,https://cdn.foodsofnations.com/wp-content/uploads/korean-red-pepper-powder-gochugaru-1-247x296.jpg
000346.jpg,https://66.media.tumblr.com/ed741c9c30577fe2dcda252302f30d8e/tumblr_p2cios0Il01rl2kjno1_1280.jpg
000347.jpg,https://www.chilipeppermadness.com/wp-content/uploads/2013/09/Birds-Eye-Peppers.jpg
000348.jpg,https://c8.alamy.com/comp/RE9JYF/contributions-a-la-flore-de-la-chine-comprenant-les-algues-marines-recoltees-en-chine-et-les-florules-de-shang-hai-tche-fou-et-tien-tsin-botany-botany-botany-botany-marine-algae-bunas-tctieliensis-0-debeaux-grand-nsliur-c-roum-aui-please-note-that-these-images-are-extracted-from-scanned-page-images-that-may-have-been-digitally-enhanced-for-readability-coloration-and-appearance-of-these-illustrations-may-not-perfectly-resemble-the-original-work-debeaux-jean-odon-1826-1910-debeaux-jean-odon-1826-1910-algues-marines-recoltees-en-chine-debeaux-jean-odon-1826-RE9JYF.jpg
000349.jpg,https://styles.redditmedia.com/t5_2s1qd/styles/communityIcon_b201znwta0q11.jpg?format=pjpg&s=90d7632a54c44fac5d58c8c5af4a41e016b5b1d4
000350.jpg,http://www.heliotricity.com/wp-content/uploads/2018/01/Fresno-chile-pepper.jpg
000351.jpg,http://www.bibsnbobs.co.uk/triviafile/Pclips/Habanero.jpg
000352.jpg,https://cdn.shopify.com/s/files/1/0007/7774/8546/products/Gochu_Garu_900x.jpg?v=1521986388
000353.jpg,https://res.cloudinary.com/simpleview/image/upload/v1516740571/clients/richmondbc-refresh/Screen_Shot_2014_08_22_at_3_33_16_PM_b479b4fa-b5a7-4ce4-9071-479e7d18c8c4.png?fit=600%2C1024&ssl=1
000354.jpg,https://www.diversivore.com/wp-content/uploads/2016/06/Mulato-Chilies-feature.jpg
000355.jpg,https://www.cayennediane.com/wp-content/uploads/Tabasco-Peppers-300x300.jpg
000356.jpg,https://sheffieldspices.com/wp-content/uploads/2015/03/Chile-Green-Chimayo-Crushed-Medium.jpg
000357.jpg,https://i0.wp.com/ae01.alicdn.com/kf/HTB1JnDORXXXXXcEXXXXq6xXFXXX7/Penis-Chili-Red-font-b-Hot-b-font-Peter-font-b-Pepper-b-font-Bonsai-100.jpg?crop=5,2,900,500&quality=2886
000358.jpg,https://www.telegraph.co.uk/content/dam/food-and-drink/2018/01/25/15195477_trans_NvBQzQNjv4Bqeo_i_u9APj8RuoebjoAHt0k9u7HhRJvuo-ZLenGRumA.jpg?imwidth=480
000359.jpg,https://s3-media2.fl.yelpcdn.com/bphoto/UezTawcIxDSCTNt9mRWdEg/348s.jpg
000360.jpg,http://i.imgur.com/zSZZk5Fh.jpg
000361.jpg,https://simplysockyarn.typepad.com/.a/6a00d83452e09e69e201bb09ed4a1c970d-pi
000362.jpg,http://sc02.alicdn.com/kf/HTB1c1_7X_JYBeNjy1zeq6yhzVXaJ/1988722/HTB1c1_7X_JYBeNjy1zeq6yhzVXaJ.jpg
000363.jpg,https://www.picclickimg.com/d/l400/pict/333164488305_/Siling-labuyo-Birds-Eye-Chili-pepper-seeds-50.jpg
000364.jpg,http://box5382.temp.domains/~tomwarn1/nikontom/wp-content/uploads/2015/06/IMG_1324-1024x768.jpg
000365.jpg,https://www.fabulousyarn.com/madelintosh/TMLHOLO/TML-HOLO-JADEDDREAMS/TML-HOLO-JADEDDREAMS1200.jpg
000366.jpg,https://plantfreak.files.wordpress.com/2012/04/dsc_0112.jpg
000367.jpg,https://www.jimmybeanswool.com/secure-html/productImages/25000/25716Large_6585.jpg
000368.jpg,https://static.spacecrafted.com/f69a70dec9ec4f3bb3d00f3cbdcfe1fe/i/f765ef745a214a0faf0e1520642ff3fd/1/4SoifmQp45JMgBnHgiPBA/Chipotle%20Meco%20Chiles.jpg
000369.jpg,https://image.made-in-china.com/202f0j00VwQEHNlqZCzM/ISO-Top-Quality-Organic-Food-Grade-Sweet-Pepper-Powder.jpg
000370.jpg,https://www.chilipeppermadness.com/wp-content/uploads/2019/09/Sandia-Pepper.jpg
000371.jpg,https://cdn.foodsofnations.com/wp-content/uploads/salemme-pepper-ground-winner-of-2008-hot-pepper-award-1-247x296.jpg
000372.jpg,https://66.media.tumblr.com/1be30b2691061396926a0d5af5712794/tumblr_o4vuk8LLIc1r21edwo4_1280.png
000373.jpg,https://c8.alamy.com/comp/P771T4/english-739-scenes-after-the-relief-of-tientsin-1900-english-captions-on-album-page-after-relief-of-tien-tsin-russian-cossacs-ie-cossacks-and-sailors-victoria-rd-tien-tsin-indian-soldiers-at-their-barraks-ie-barracks-wool-warehouses-or-go-downs-used-as-barracks-tien-tsin-japanese-guarding-a-deserted-village-near-railway-station-tien-tsin-loot-from-chinese-city-indulged-in-by-all-later-forbidden-by-british-provost-marshall-under-threat-of-shooting-if-caught-american-camp-english-camp-ph-coll-241b39a-f-subjects-lctgm-war-damage-china-tianjin-soldiers-russia-P771T4.jpg
000374.jpg,https://restaurants-static.skipthedishes.com/images/resized/item-fdd217e7cbd97fdc9186.jpg
000375.jpg,http://gernot-katzers-spice-pages.com/pictures/caps_i8.jpg
000376.jpg,https://www.cayennediane.com/wp-content/uploads/Spanish-Naga-300x300.jpg
000377.jpg,http://www.bibsnbobs.co.uk/triviafile/Pclips/Paprika.jpg
000378.jpg,https://sheffieldspices.com/wp-content/uploads/2017/12/new-mexico-chiles-whole-dried.jpg
000379.jpg,https://preview.redd.it/692lbgppx4p31.jpg?width=640&crop=smart&auto=webp&s=7f7258cceea138215f88c831b86627bbe115452f
000380.jpg,https://i0.wp.com/ae01.alicdn.com/kf/HTB1lYCjXjnuK1RkSmFPq6AuzFXaI/100Bonsai-Pack-Sweet-font-b-Pepper-b-font-Bonsai-font-b-Can-b-font-Edible-font.jpg?crop=5,2,900,500&quality=2886
000381.jpg,https://www.diversivore.com/wp-content/uploads/2016/06/Chipotle-Peppers-featured.jpg
000382.jpg,https://cdn11.bigcommerce.com/s-as7xynj/images/stencil/200x200/products/12786/37854/MT-Twist-Lt-Bronze-Age-swp15022_image1__15050.1567107750.jpg?c=2
000383.jpg,https://cdn.shopify.com/s/files/1/0007/7774/8546/products/Fennel_Seeds_900x.jpg?v=1521896618
000384.jpg,https://s3-media4.fl.yelpcdn.com/bphoto/vZ0H4bB_0Sy8mZcerFKoFw/348s.jpg
000385.jpg,https://www.chilipeppermadness.com/wp-content/uploads/2013/09/Espanola-Pepper.jpg
000386.jpg,http://www.heliotricity.com/wp-content/uploads/2017/10/cubanelle-peppers.jpg
000387.jpg,https://www.pepperscale.com/wp-content/uploads/2018/10/the-spicery-at-pepperscale-banner_336x100.png
000388.jpg,http://box5382.temp.domains/~tomwarn1/nikontom/wp-content/uploads/2015/06/IMG_1323-1024x768.jpg
000389.jpg,https://plantfreak.files.wordpress.com/2012/04/img2074b.jpg
000390.jpg,https://i.ytimg.com/vi/tz3OcH1DFS4/maxresdefault.jpg
000391.jpg,https://www.cayennediane.com/wp-content/uploads/Jwala-Pepper-300x300.jpg
000392.jpg,http://www.bibsnbobs.co.uk/triviafile/Pclips/Chilli%20Scale.gif
000393.jpg,https://i0.wp.com/ae01.alicdn.com/kf/HTB198ccM3HqK1RjSZFPq6AwapXan/200Pcs-Brazilian-font-b-Chili-b-font-Hot-font-b-Pepper-b-font-Bonsai-Ubatuba-Cambuci.jpg?crop=5,2,900,500&quality=2886
000394.jpg,https://cdn11.bigcommerce.com/s-as7xynj/images/stencil/200x200/products/15471/38070/MT-Tosh-Sock-The-Uncola-swp17715_image1__76463.1567109124.jpg?c=2
000395.jpg,https://plantfreak.files.wordpress.com/2012/04/dsc_7769.jpg
000396.jpg,https://www.chilipeppermadness.com/wp-content/uploads/2019/09/Rocoto-Peppers.jpg
000397.jpg,https://66.media.tumblr.com/76d1fdd1367accb5927c47f8a4d74c01/tumblr_otiisgZt0X1r44q44o1_500.jpg
000398.jpg,http://gernot-katzers-spice-pages.com/pictures/caps_96.jpg
000399.jpg,http://www.heliotricity.com/wp-content/uploads/2018/01/Shipka-Bulgarian-Carrot-Hot-Chile-Peppers.jpg
000400.jpg,http://box5382.temp.domains/~tomwarn1/nikontom/wp-content/uploads/2015/06/IMG_1317-1024x768.jpg
000401.jpg,https://cdn11.bigcommerce.com/s-as7xynj/images/stencil/200x200/products/12765/37833/MT-Tosh-DK-Snake-swp15001_image1__71063.1567107586.jpg?c=2
000402.jpg,https://plantfreak.files.wordpress.com/2012/04/chiltepin-pepper-plant.jpg
000403.jpg,https://sheffieldspices.com/wp-content/uploads/2015/12/urfa-biber-chile-pepper.jpg
000404.jpg,http://www.bibsnbobs.co.uk/triviafile/Pclips/Tabasco.jpg
000405.jpg,https://www.cayennediane.com/wp-content/uploads/Hidalgo-Chili-Pepper-300x300.jpg
000406.jpg,http://gernot-katzers-spice-pages.com/pictures/caps_79.jpg
000407.jpg,http://www.bibsnbobs.co.uk/triviafile/Pclips/Serrano.jpg
000408.jpg,https://s3-media1.fl.yelpcdn.com/bphoto/IGmdzrKq79Gcl5S66KsqjA/o.jpg
000409.jpg,https://i0.wp.com/ae01.alicdn.com/kf/HLB1xu0CXUjrK1RkHFNRq6ySvpXat/Genuine-Fresh-Rare-Red-Carolina-Reaper-font-b-Pepper-b-font-bonsai-font-b-hot-b.jpg?crop=5,2,900,500&quality=2886
000410.jpg,https://i0.wp.com/ae01.alicdn.com/kf/HTB1jWnfXojrK1RkHFNRq6ySvpXaG/120-Pcs-Bonsai-Cherry-font-b-Pepper-b-font-Bonsai-Sweet-Red-Cherry-Great-Annual-Organic.jpg?crop=5,2,900,500&quality=2886
000411.jpg,https://i0.wp.com/ae01.alicdn.com/kf/HTB1Vj04aOnrK1RjSsziq6xptpXa9/100-Pcs-Mixed-Hot-font-b-Chili-b-font-Sweet-Bell-Hot-font-b-Pepper-b.jpg?crop=5,2,900,500&quality=2886
000412.jpg,http://www.heliotricity.com/wp-content/uploads/2018/01/Shipka-Hot-Chile-Peppers.jpg
000413.jpg,http://www.heliotricity.com/wp-content/uploads/2018/01/Scotch-Bonnet-Chile-Pepper.jpg
000414.jpg,https://www.pepperscale.com/wp-content/uploads/2016/04/tien-tsin-pepper.jpg
000415.jpg,https://images-na.ssl-images-amazon.com/images/I/417zCVPJ4rL._SL160_.jpg
000416.jpg,https://img0.etsystatic.com/027/0/7824311/il_570xN.576917956_9cqh.jpg
000417.jpg,http://files.recipetips.com/images/glossary/c/chili_tientsin.jpg
000418.jpg,http://cdn1.bigcommerce.com/server700/5mvrqhbm/products/4109/images/144532/tien-tsin-pepper-n__01847.1475553469.451.395.jpg
000419.jpg,http://www.chilepeppersrecipes.com/peppers/pepper_images/tien-tsin-none.jpg
000420.jpg,https://img0.etsystatic.com/027/0/7824311/il_570xN.536942188_bpgb.jpg
000421.jpg,http://www.abqtopten.com/blog/wp-content/uploads/2012/05/Tien-Tsin-Peppers.jpg
000422.jpg,http://www.scottrobertsweb.com/images/Tien-Tsin-pepper.jpg
000423.jpg,http://www.spicesinc.com/images/product/large/1938.jpg
000424.jpg,https://img0.etsystatic.com/031/0/7824311/il_570xN.576917964_ewi6.jpg
000425.jpg,http://gernot-katzers-spice-pages.com/pictures/caps_56.jpg
000426.jpg,https://i.redd.it/iwkgvya583l21.jpg
000427.jpg,https://img0.etsystatic.com/140/0/7824311/il_340x270.1053552078_tkx2.jpg
000428.jpg,https://1a1z1e22ozx83bgjsz17c6ba-wpengine.netdna-ssl.com/wp-content/uploads/Tien-Tsin-1-300x300.jpg
000429.jpg,http://cdn1.bigcommerce.com/server700/5mvrqhbm/products/2995/images/144064/yellow_point_pepper__82869.1475552662.200.175.jpg
000430.jpg,https://static.thespicehouse.com/images/file/1173/large_square_Tien_Tsin_Chinese_Hot_Red_Chile_Peppers__close_2.jpg
000431.jpg,https://www.chilipeppermadness.com/wp-content/uploads/2018/10/Chilhuacle-Amarillo-Chili-Pepper1.jpg
000432.jpg,https://img1.etsystatic.com/155/0/7824311/il_340x270.1120321789_2x1q.jpg
000433.jpg,https://img.etsystatic.com/il/5bfb57/828627896/il_340x270.828627896_nm92.jpg
000434.jpg,http://farm5.static.flickr.com/4074/4861239981_09e39e5600.jpg
000435.jpg,http://farm5.static.flickr.com/4094/4861859920_3f86b5ab98.jpg
000436.jpg,https://www.penzeys.com/media/1543/generic_main_pot_spice.jpg
000437.jpg,http://www.bibsnbobs.co.uk/triviafile/Pclips/Tien.jpg
000438.jpg,http://www.heliotricity.com/images/chile_peppers/tien%20tsin2%20500x332.jpg
000439.jpg,https://www.chilipeppermadness.com/wp-content/uploads/2018/12/Cowhorn-Chili-Peppers1.jpg
000440.jpg,https://img.etsystatic.com/il/60836c/514127157/il_340x270.514127157_p0fx.jpg
000441.jpg,https://www.chilipeppermadness.com/wp-content/uploads/2018/07/Brain-Strain-Chili-Pepper1.jpg
000442.jpg,http://d13z1xw8270sfc.cloudfront.net/origin/365823/1454377491836_tientsinpepperpic.jpg
000443.jpg,http://image.made-in-china.com/2f0j00mCuaKtYFLOqZ/Dried-Tientsin-Chillis.jpg
000444.jpg,http://www.chilepeppersrecipes.com/peppers/pepper_thumbnails/tien-tsin.jpg
000445.jpg,https://sheffieldspices.com/wp-content/uploads/2016/02/tien-tsin-chile-peppers-300x300.jpg
000446.jpg,https://www.chilipeppermadness.com/wp-content/uploads/2018/11/Aji-Amarillo-Chili-Peppers1.jpg
000447.jpg,https://www.chilipeppermadness.com/wp-content/uploads/2018/07/Aji-Cito-Chili-Pepper1.jpg
000448.jpg,http://cdn.shopify.com/s/files/1/1326/4013/products/Peppers_Dried_Tien_Tsin_681b2578-2185-4753-90ea-1a6fa62a4b16_1024x1024.jpg
000449.jpg,https://img0.etsystatic.com/122/0/7824311/il_340x270.1053551642_hmmu.jpg
000450.jpg,https://www.fabulousyarn.com/madelintosh/TMLHOLO/TML-HOLO-TIENTSIN/TML-HOLO-TIENTSIN350.jpg
000451.jpg,https://i.etsystatic.com/8799340/c/2400/1905/0/0/il/fbb2cf/1367192957/il_340x270.1367192957_gtte.jpg
000452.jpg,https://www.chilipeppermadness.com/wp-content/uploads/2018/07/Aji-Habanero-Chili-Pepper1.jpg
000453.jpg,https://www.theloopyewe.com/asset/catalog-entry-photo/dad62d27-a94e-a303-6668-f318d5da5cf2~v3-702x702.jpg
000454.jpg,https://img1.etsystatic.com/134/0/7824311/il_340x270.1100121667_l48p.jpg
000455.jpg,http://2.bp.blogspot.com/-wYJXytRN6-w/TkJEUQlmWCI/AAAAAAAAEP8/efBRwDA9QNY/s1600/Fullscreen+capture+8102011+43804+PM.jpg
000456.jpg,https://www.jimmybeanswool.com/secure-html/productImages/80000/83023Large_7273.jpg
000457.jpg,http://cdn.shopify.com/s/files/1/0226/1751/files/chiles_a0a4f320-ab6a-416d-94ba-80629caec48c_grande.jpg
000458.jpg,https://static.thespicehouse.com/images/file/822/small_Tien_Tsin_Chinese_Hot_Red_Chile_Peppers__close.jpg
000459.jpg,http://4.bp.blogspot.com/-YhH1AQhGENA/TkJEbV_qRRI/AAAAAAAAEQA/--budsHjqgQ/s1600/Fullscreen+capture+8102011+43952+PM.jpg
000460.jpg,https://img1.etsystatic.com/214/0/12059393/il_340x270.1431876307_77lr.jpg
000461.jpg,https://cdn.shopify.com/s/files/1/0007/7774/8546/products/Tien_Tsin_Chiles_600x.jpg
000462.jpg,https://i0.wp.com/olives-n-okra.com/wp-content/uploads/2012/03/2172.jpg
000463.jpg,http://img.21food.com/20110609/descript/1305723631015.jpg
000464.jpg,https://cdn.shopify.com/s/files/1/1326/4013/products/Peppers_Flakes_Aleppo_480x.jpg
000465.jpg,https://www.cayennediane.com/wp-content/uploads/Tien-Tsin-2.jpg
000466.jpg,http://picknit.es/7427-large_default/tosh-merino-light-tien-tsin-pepper.jpg
000467.jpg,https://farm5.static.flickr.com/4079/4861240021_5ced17389d.jpg
000468.jpg,http://img.21food.com/20110609/product/1305723631109.jpg
000469.jpg,https://cdn3.volusion.com/qcojg.rtpuo/v/vspfiles/photos/MTTMLTIEN-2.jpg
000470.jpg,https://img1.etsystatic.com/184/0/8381382/il_340x270.1461448087_6jc1.jpg
000471.jpg,https://www.pepperscale.com/wp-content/uploads/2017/04/Schezwan-Sauce.jpg
000472.jpg,http://img.21food.com/20110609/product/1307446862960.jpg
000473.jpg,https://sc02.alicdn.com/kf/HTB1lJuPKFXXXXbAXFXXq6xXFXXX7/Tianjin-Tien-Tsin-Dried-Chili-Chili-Club.jpg
000474.jpg,https://www.chilipeppermadness.com/wp-content/uploads/2018/07/Hawaiian-Sweet-Hot-Chili-Peppers1.jpg
000475.jpg,http://thehotpepper.com/uploads/monthly_01_2017/post-8700-0-41112100-1483237105.jpg
000476.jpg,https://i.etsystatic.com/14465295/c/2250/1786/0/709/il/16e539/1449514704/il_340x270.1449514704_ph19.jpg
000477.jpg,https://i.etsystatic.com/10288187/r/il/007446/1262805246/il_340x270.1262805246_edgr.jpg
000478.jpg,https://cdn.shoplightspeed.com/shops/610808/files/10403914/262x276x2/madelinetosh-silk-merino-tien-tsin-pepper-disconti.jpg
000479.jpg,https://i.etsystatic.com/11714786/r/il/ae6bef/1536434184/il_340x270.1536434184_93wf.jpg
000480.jpg,https://img.etsystatic.com/il/67619e/1085017065/il_340x270.1085017065_35gi.jpg
000481.jpg,https://cdn2.bigcommerce.com/n-nr1m3w/as7xynj/products/15405/images/31692/MT-BFL-Sock-Tien-Tsin-Pepper-swp17675_image1__92952.1534206640.400.400.jpg
000482.jpg,https://1.bp.blogspot.com/-ecRYtrHBR48/Wim9Inm1lHI/AAAAAAAAAHw/N6nANJbtk2EgTIRXRZgBio5-4EO_6FMawCLcBGAs/s320/MAD-TOSH-TIEN-TSIN-PEPPER-TMOL_999f4fc2-cffe-47bc-a9c6-3c17cb3e7efd.jpg
000483.jpg,https://kristoscooks.files.wordpress.com/2017/10/tien_tsin_peppers_1oz_bag.jpg
000484.jpg,https://img0.etsystatic.com/046/0/9933593/il_340x270.688909666_hw2q.jpg
000485.jpg,https://img0.etsystatic.com/158/0/15175687/il_340x270.1206978154_9e54.jpg
000486.jpg,https://img1.etsystatic.com/187/0/7877556/il_340x270.1465554093_lxzd.jpg
000487.jpg,http://www.growyouthful.com/images/cayenne_pepper.jpg
000488.jpg,https://cdn.shoplightspeed.com/shops/610808/files/10403810/262x276x2/madelinetosh-tosh-sport-tien-tsin-pepper.jpg
000489.jpg,https://www.theloopyewe.com/asset/catalog-entry-photo/f911467d-224b-c9ed-fd0b-ca1b6cc2e058~v2-210x130.jpg
000490.jpg,http://2.bp.blogspot.com/_O-YzngQZ4d8/SorXOplTiVI/AAAAAAAAFz4/Ha_PdrAyT4c/s400/spicy+ginger+ramen+069.jpg
000491.jpg,https://i.etsystatic.com/10064235/c/1267/1006/10/149/il/9c5540/1388504863/il_340x270.1388504863_evgm.jpg
000492.jpg,https://img0.etsystatic.com/027/0/7824311/il_340x270.576917956_9cqh.jpg
000493.jpg,https://1.bp.blogspot.com/-ecRYtrHBR48/Wim9Inm1lHI/AAAAAAAAAHw/N6nANJbtk2EgTIRXRZgBio5-4EO_6FMawCLcBGAs/s1600/MAD-TOSH-TIEN-TSIN-PEPPER-TMOL_999f4fc2-cffe-47bc-a9c6-3c17cb3e7efd.jpg
000494.jpg,http://img.21food.com/20110609/product/1307446848085.jpg
000495.jpg,https://2.bp.blogspot.com/_O-YzngQZ4d8/SorXOplTiVI/AAAAAAAAFz4/Ha_PdrAyT4c/s400/spicy+ginger+ramen+069.jpg
000496.jpg,https://d36tnp772eyphs.cloudfront.net/blogs/1/2019/01/Red-and-green-ripe-chillies-in-plant-garden-with-sunlight.jpg
000497.jpg,https://blaknissan.files.wordpress.com/2016/11/spices-brad-nixon-5595.jpg
000498.jpg,http://cdn.shopify.com/s/files/1/0226/1751/files/anaheims_grande.jpg
000499.jpg,https://cdn.shopify.com/s/files/1/1196/1408/products/MadTosh_Sock_Beautiful_Liar_500x500.jpg
000500.jpg,http://2.bp.blogspot.com/_O-YzngQZ4d8/SorXOplTiVI/AAAAAAAAFz4/Ha_PdrAyT4c/w1200-h630-p-k-no-nu/spicy+ginger+ramen+069.jpg
000501.jpg,http://nyonyarecipe.com/wp-content/uploads/2014/05/2014-05-18-rice-porrisgw.jpg
000502.jpg,http://l7.alamy.com/zooms/99d4f0d6d52f43f39d92161e2635d1fe/general-montauban-resindence-and-headquarters-in-tien-tsin-china-cwt36g.jpg
000503.jpg,http://l7.alamy.com/zooms/33644f6854634f67a474e4b57370dbd9/emperor-chi-hoang-from-the-tsin-dynasty-he-burnt-all-chinese-books-hn2mth.jpg
000504.jpg,https://c8.alamy.com/comp/FB6975/chinese-hot-red-chile-peppers-with-chicken-and-vegetables-filled-frame-FB6975.jpg
000505.jpg,https://c8.alamy.com/comp/B7NKK6/bridge-and-temple-on-repulse-bay-hong-kong-china-B7NKK6.jpg
