image,source
000001.jpg,https://www.cayennediane.com/wp-content/uploads/Trinidad_Scorpion_Butch_T1.jpg
000002.jpg,https://images-na.ssl-images-amazon.com/images/I/712tl6l0mXL._SL1500_.jpg
000003.jpg,https://cdn11.bigcommerce.com/s-f6cx4kq/images/stencil/1280x1280/products/287/1367/trinidad_scorpion_butch_t_tyler_farms__45952.1559619976.jpg?c=2&imbypass=on
000004.jpg,https://images-na.ssl-images-amazon.com/images/I/71xEuAW37JL._SY550_.jpg
000005.jpg,https://pepperhead.com/wp-content/uploads/2012/10/Butch-T.jpg
000006.jpg,https://www.pepperscale.com/wp-content/uploads/2017/07/trinidad-scorpion-butch-t-768x432.jpg
000007.jpg,https://d1nw62gticy6e9.cloudfront.net/uploads/Trinidad-Scorpion-Pepper-Seeds.jpg
000008.jpg,http://www.chiliszoszok.hu/img/7378/984751/400x400/984751.jpg
000009.jpg,https://upload.wikimedia.org/wikipedia/commons/d/d9/Trinidad_Scorpion_Butch_T_Pepper.JPG
000010.jpg,https://thehippyseedcompany.com/wp-content/uploads/2017/06/Butch-T-Scorpion-3.jpg
000011.jpg,https://cdn.shopify.com/s/files/1/0915/1060/products/Butch-T-Trinidad-Scoprion-plant-hot-pepper-pepper-joes.jpg?v=1462321501
000012.jpg,http://rahiseedbank.com/wp-content/uploads/2014/07/tr7.jpg
000013.jpg,https://www.chilipeppermadness.com/wp-content/uploads/2019/04/Trinidad-Scorpion-Peppers.jpg
000014.jpg,http://rahiseedbank.com/wp-content/uploads/2014/07/0_0.jpg
000015.jpg,https://cdn.shopify.com/s/files/1/0915/1060/products/BTR-Butch-T-Reaper-Scorpion-5-hot-pepper-Pepper-Joes.jpg?v=1462304941
000016.jpg,https://www.chili-shop24.com/media/image/d5/14/5f/8035b24682d810bc7be90b278ee7eee4_600x600.jpg
000017.jpg,https://cdn.shopify.com/s/files/1/0200/5036/products/1893957_130331084041_01812_740x.jpeg?v=1421773381
000018.jpg,https://thechillifactory.com/images/products/Trinidad_Scorpion_hottest_Chilli_MACRO_3112.jpg
000019.jpg,https://cdn.frooition.com/170047/images/pepper+hot+Trinidad+Scorpion+Butch+T.jpg
000020.jpg,https://chilis.hu/shop_ordered/19763/pic/chili-lexikon/trinidad-scorpion-butch-t.jpg
000021.jpg,https://www.ukchilliseeds.co.uk/ekmps/shops/chilliwizard/images/butch-t-reaper-x-10-seeds-trinidad-scorpion-butch-t-x-carolina-reaper--1007-p.jpg
000022.jpg,https://images-na.ssl-images-amazon.com/images/I/41A7XjXFE1L.jpg
000023.jpg,https://cdn.shopify.com/s/files/1/0915/1060/products/yellow-trinidad-scorpion-hot-pepper-joes.jpg?v=1462386284
000024.jpg,https://cdn.shopify.com/s/files/1/0871/0950/products/TrinButchT_1024x1024.gif?v=1548196394
000025.jpg,https://cdn10.bigcommerce.com/s-2drwt2az/products/4978/images/54085/pics100512tsbutcht1__56775.1493262336.500.659.jpg?c=2
000026.jpg,https://m-garden.eu/img/4242/scomorubt_altpic_1/scomorubt_altpic_1.jpg?time=1543304877
000027.jpg,https://i.etsystatic.com/18029576/r/il/6ebd86/1595801941/il_570xN.1595801941_cahm.jpg
000028.jpg,https://pepperhead.com/wp-content/uploads/2018/07/Trinidad-Scorpion-Butch-T.jpg
000029.jpg,https://italianchilli.com/12-large_default/trinidad-scorpion-butch-t-seeds.jpg
000030.jpg,https://www.ukchilliseeds.co.uk/ekmps/shops/chilliwizard/images/trinidad-scorpion-butch-t-yellow-x-10-seeds-279-p.jpg
000031.jpg,http://2dtnsubps0540qg7d3ztb6a1.wpengine.netdna-cdn.com/files/2014/04/20-Trinidad-Scorpion-Butch-T-1250000-Scovilles.jpg
000032.jpg,http://rahiseedbank.com/wp-content/uploads/2014/07/t116.jpg
000033.jpg,https://images-na.ssl-images-amazon.com/images/I/51AMjVYB91L._SX425_.jpg
000034.jpg,http://www.spicegarden.eu/WebRoot/StoreLES/Shops/62431129/55EE/AF3D/25BC/BD9A/B455/C0A8/2BB8/A533/Trinidad_Scorpion_butch_t.JPG
000035.jpg,https://i0.wp.com/www.peppersbymail.com/wp-content/uploads/2015/06/SUNP0009.jpg?fit=1280%2C960
000036.jpg,https://cdn11.bigcommerce.com/s-cg0adf/images/stencil/1280x1280/products/451/742/trinidad_Scorpion__22952.1431704687.jpg?c=2
000037.jpg,https://c8.alamy.com/comp/J4AED2/trinidad-scorpion-butch-t-dorset-naga-J4AED2.jpg
000038.jpg,https://i.ebayimg.com/images/g/wIAAAOSwB9xXOnrw/s-l300.jpg
000039.jpg,https://cdn.shopify.com/s/files/1/1513/9476/products/IMG_1413_1024x1024.jpg?v=1475031396
000040.jpg,https://cdn.shopify.com/s/files/1/2174/6775/products/product-image-788314532_1024x1024_2x_bf7a98fc-c2d0-47c4-b8b4-39d11e847910_300x300.jpg?v=1557227002
000041.jpg,https://www.chilliseedbank.com.au/media/catalog/product/cache/image/720x560/4c3462793ba5f87d7658a49338bdb5e2/b/u/butchtonplant_3.jpg
000042.jpg,https://c8.alamy.com/comp/J4AECK/trinidad-scorpion-butch-t-chilli-J4AECK.jpg
000043.jpg,https://upload.wikimedia.org/wikipedia/commons/7/77/Pots_of_Trinidad_Scorpion.jpg
000044.jpg,https://cdn.imgbin.com/0/9/7/imgbin-habanero-capsicum-annuum-var-acuminatum-trinidad-scorpion-butch-t-pepper-trinidad-moruga-scorpion-carolina-reaper-others-VtQxkZ5rHsi6K4xrjBMRrHyWF.jpg
000045.jpg,https://markdaviesseeds.co.uk/content/images/thumbs/0002888_50-seeds-trinidad-scorpion-butch-t-chilli_550.jpeg
000046.jpg,https://www.pepperseeds.eu/pub/media/catalog/product/cache/b56a9049443cfaeedfe24666b14227c1/t/r/trinidad_scorpion_butch_taylor_1.jpg
000047.jpg,https://static.wixstatic.com/media/efd343_481c3d5be97f4d03a7fd9efb9153fe30~mv2.jpg/v1/fill/w_480,h_480,al_c,q_85,usm_0.66_1.00_0.01/efd343_481c3d5be97f4d03a7fd9efb9153fe30~mv2.jpg
000048.jpg,https://www.piedmontfarmandgarden.com/v/vspfiles/photos/PPP233-2.jpg?v-cache=1390151047
000049.jpg,https://cdn.shopify.com/s/files/1/0027/7227/1149/products/see888butch_400x.jpg?v=1561613508
000050.jpg,https://www.chileseeds.co.uk/wp-content/uploads/2016/10/TrinidadScorpionChillisauce.jpg
000051.jpg,https://live.staticflickr.com/3667/12879797943_1a358c54ea_b.jpg
000052.jpg,https://images.fineartamerica.com/images/artworkimages/mediumlarge/1/trinidad-scorpion-butch-t-my-scoville.jpg
000053.jpg,https://i.imgur.com/kxwxXEJ.jpg
000054.jpg,https://www.chili-shop24.com/media/image/5b/d5/b4/9539_1_oT_600x600.jpg
000055.jpg,https://live.staticflickr.com/2918/13933065038_a78a18a904_b.jpg
000056.jpg,https://chilli-seedz.com/wp-content/uploads/2015/07/Butch-T-Chilli-Pepper-Seeds.jpg
000057.jpg,https://images-na.ssl-images-amazon.com/images/I/61Yc8EF31wL._SX425_.jpg
000058.jpg,https://thumbs.dreamstime.com/z/hottest-pepper-world-trinidad-scorpion-butch-t-83538935.jpg
000059.jpg,https://www.asklepios-seeds.de/pub/media/catalog/product/cache/e4d64343b1bc593f1c5348fe05efa4a6/t/r/trinidad-scorpion-butch-t.jpg
000060.jpg,https://cdn.shopify.com/s/files/1/0188/0032/products/cp-115-trinidad-douglah-x-scorpion-butch-t-chocolate-select-strain-pepper-seeds-heat-level-11-puckerbutt-company-chilly-chiles-largest-selection-of-hot-sauce_737.jpg
000061.jpg,http://cdn.shopify.com/s/files/1/0011/9514/7364/products/il_fullxfull.788449560_bokt_c1164fbc-c177-4885-9ef0-601eee0ead04_1200x1200.jpg?v=1542950525
000062.jpg,https://i.pinimg.com/originals/e4/28/11/e4281103c74e4c14da835024fe633433.gif
000063.jpg,http://cdn.shopify.com/s/files/1/1022/5071/products/trinidad-scorpion-butch-t-guinness-world-record-holder-3_1024x1024.jpg?v=1565032001
000064.jpg,https://i.etsystatic.com/9911861/r/il/c122f7/708412606/il_570xN.708412606_lbsd.jpg
000065.jpg,https://www.picclickimg.com/00/s/NTM2WDUwMQ==/z/GTAAAOSwQTVV~YM1/$/COMBO-PACK-Ghost-pepper-Carolina-Reaper-Trinidad-Scorpion-_1.jpg
000066.jpg,https://i.ytimg.com/vi/vm0vF7oUbMI/maxresdefault.jpg
000067.jpg,https://thumbs.dreamstime.com/z/hottest-pepper-world-trinidad-scorpion-butch-t-83538065.jpg
000068.jpg,https://i.ebayimg.com/00/s/MTAyNFgxMDI0/z/1Y4AAOSwz~JdNJdY/$_86.JPG
000069.jpg,https://cdn1.bigcommerce.com/server700/5mvrqhbm/products/2940/images/144042/trinidad_scorpion_butch_t_pepper__59878.1475552631.1280.1280.jpg?c=2
000070.jpg,https://nomadicimagery.com/wp-content/uploads/Butch-T-Chili-Pepper-World8217s-Spiciest-Chilies-4849-900x616.jpg
000071.jpg,https://tbn.bidorbuy.co.za/image/fetch/dpr_1.0,f_auto,t_btbnx/https://www.gggmall.co.za/image/catalog/Great%20Outdoors/Seeds/trinidad-scorpion-butch-t.jpg
000072.jpg,https://i.ebayimg.com/images/g/O3QAAOSw8NlczDo0/s-l300.jpg
000073.jpg,http://www.chiliszoszok.hu/img/7378/824615_altpic_1/400x400/824615_altpic_1.jpg?time=1544005110
000074.jpg,https://trademe.tmcdn.co.nz/photoserver/full/581386055.jpg
000075.jpg,https://nomadicimagery.com/wp-content/uploads/Trinidad-Scorpion-Butch-T-Chili-11904-600x900.jpg
000076.jpg,https://ghostpepperstore.com/assets/images/FreshPeppers/TScorpButchT.jpg
000077.jpg,https://cdn.shopify.com/s/files/1/1145/1260/products/trinidad-scorpion-butcht-yellow-1_large.jpg?v=1561139657
000078.jpg,https://www.pepperworldhotshop.com/out/pictures/master/product/1/trinidad_scorpion_butch_tchilipflanze_pj354.jpg
000079.jpg,https://kcdgarden.com/varieties/33/Butch%20T.jpg?width=730&height=500&mode=crop&format=jpg&quality=65
000080.jpg,https://trademe.tmcdn.co.nz/photoserver/full/675674482.jpg
000081.jpg,https://c8.alamy.com/comp/J4AECP/trinidad-scorpion-butch-t-J4AECP.jpg
000082.jpg,https://mpng.pngfly.com/20180505/iae/kisspng-hot-sauce-buffalo-wing-trinidad-moruga-scorpion-tr-5aede34adefe33.4377638315255396589134.jpg
000083.jpg,https://www.botanix.com/gpc/_media/Image/2018417132532/trinidad-scorpion-piment-pepper_660x0.jpg
000084.jpg,https://homeogarden.com/wp-vrtlarstvo/uploads/2018/01/trinidad-scorpion-butch-t-homeogarden-800x800.jpg
000085.jpg,https://upload.wikimedia.org/wikipedia/commons/3/37/Trinidad_Moruga_Scorpion.jpg
000086.jpg,http://i823.photobucket.com/albums/zz156/beaglestorm/THP%20Photos/TrinidadScorpionBUTCH-Interior.jpg
000087.jpg,https://static.wixstatic.com/media/d45f52_2850de6784844a9c8c11ffb2dbb76bb6~mv2_d_4672_2628_s_4_2.jpg/v1/fill/w_480,h_270,al_c,q_85,usm_0.66_1.00_0.01/d45f52_2850de6784844a9c8c11ffb2dbb76bb6~mv2_d_4672_2628_s_4_2.jpg
000088.jpg,https://cdn.imgbin.com/2/22/19/imgbin-chili-pepper-infinity-chili-trinidad-moruga-scorpion-trinidad-scorpion-butch-t-pepper-naga-morich-bhut-jolokia-5V9tjbFLPtr8VQhwXm1ij1hmJ.jpg
000089.jpg,https://www.picclickimg.com/d/l400/pict/251979334068_/25-TRINIDAD-SCORPION-BUTCH-T-Hot-Pepper-Seeds.jpg
000090.jpg,https://i1.wp.com/www.littlechillishop.com/wp-content/uploads/2017/01/IMG_01011.jpg?fit=747%2C1328
000091.jpg,https://www.scovilla.com/media/image/98/6d/62/900025_TrinidadScorpionButchTYellow_600x600.jpg
000092.jpg,https://www.tessgruun.eu/shops/tessgruun/zpetgtsbtr-peper-trinidad-scorpion-butch-t-rood-5.jpg
000093.jpg,https://chilis.hu/shop_ordered/19763/pic/chili-lexikon/a-20-legerosebb-chili-paprika/Naga-Viper.jpg
000094.jpg,http://www.chileplants.com/images/chiles/trinidad-scorpion-chocolate-pepper-seeds-cropped.jpg
000095.jpg,https://i.pinimg.com/originals/0e/33/91/0e33917274a7aca1e9dc76b1a8543680.jpg
000096.jpg,https://www.bmorespicy.com/wp-content/uploads/imported/3/100-Seeds-Trinidad-Scorpion-BUTCH-T-Worlds-Hottest-WHOLESALE-PRICE-RARE-Pepper-171571869943-4.jpg
000097.jpg,http://justpicked.com/files/project/items/peppers/3_TrinidadScorpionButchT141013.jpg
000098.jpg,https://i.ebayimg.com/images/g/aK0AAOSwboVXOnx7/s-l300.jpg
000099.jpg,https://i.etsystatic.com/12846395/r/il/94e3eb/1311905799/il_570xN.1311905799_cbis.jpg
000100.jpg,https://i2.wp.com/metro.co.uk/wp-content/uploads/2014/03/wpid-article-1311151519272-0d15145700000578-789981_636x430.jpg?quality=90&strip=all&zoom=1&resize=540%2C365
000101.jpg,https://m-garden.eu/img/4242/scobtye/scobtye.jpg?time=1543304908
000102.jpg,https://www.foodandwine.hu/wp-content/uploads/2011/07/trinidadscorpionbutcht_hottestchillie_1.jpg
000103.jpg,https://www.hydroponics.eu/officinal-medical-vegetables-and-chilli-pepper-seeds/chilli-seeds-bank/trinidad-scorpion-butch-t-10-x-pepper-seeds~Img_Principale_25301.jpg
000104.jpg,http://rahiseedbank.com/wp-content/uploads/2014/07/ts4.jpg
000105.jpg,https://i.ytimg.com/vi/yu0sTuIAF1M/maxresdefault.jpg
000106.jpg,https://c.shld.net/rpx/i/s/pi/mp/22664/prod_4815733927?src=http%3A%2F%2Fd3d71ba2asa5oz.cloudfront.net%2F12001418%2Fimages%2F%2524%28kgrhqr%252c%21jie%252bdqh4-3qbqi%28qp8v%252b%21%257e%257e60_57.jpg&d=5da9a1358e4b55254aaeb8fa544a6de783745382&?hei=64&wid=64&qlt=50
000107.jpg,https://i3.wp.com/pepperhead.com/wp-content/uploads/2012/10/Butch-T-3.jpg
000108.jpg,https://live.staticflickr.com/8112/8643675659_1a4c21f2d3_b.jpg
000109.jpg,https://www.pepperworldhotshop.com/out/pictures/master/product/1/24.png
000110.jpg,https://www.semillas.de/pepper_fruits/primo_x_butch_t.jpg
000111.jpg,https://www.australiangeographic.com.au/wp-content/uploads/2018/06/Trinidad-Scorpion-butch-t.jpg
000112.jpg,https://thumbs.dreamstime.com/z/hottest-pepper-world-trinidad-scorpion-butch-t-83539770.jpg
000113.jpg,https://mpng.pngfly.com/20180405/xiw/kisspng-chili-pepper-trinidad-moruga-scorpion-capsicum-ann-chilly-5ac6acd2c22d99.2603165915229698107954.jpg
000114.jpg,https://static.wixstatic.com/media/efd343_785637347504427298c6b6c447f61f05~mv2.png/v1/fill/w_480,h_480,al_c,usm_0.66_1.00_0.01/efd343_785637347504427298c6b6c447f61f05~mv2.png
000115.jpg,https://www.chileplants.com/images/chiles/trinidad-scorpion-yellow-fresh-peppers-cropped.jpg
000116.jpg,https://cdn11.bigcommerce.com/s-cg0adf/images/stencil/1280x1280/products/1332/3676/TSBT_Yellow__56950.1555751518.jpg?c=2&imbypass=on
000117.jpg,http://4.bp.blogspot.com/-ORfN_E3NuLI/Ti9hmH-ZEHI/AAAAAAAAADQ/jcowOail2AU/s1600/4971086216_2eae138c40.jpg
000118.jpg,https://www.picclickimg.com/00/s/Mzc1WDUwMA==/z/ju0AAOxyWmxSVJIl/$T2eC16dHJGYFFlNd5PZ1BSVJIkfguw~~/Trinidad-Scorpion-Butch-T-Chilli-Powder-Nuclear-_1.jpg
000119.jpg,https://image.shutterstock.com/image-photo/closeup-green-chilli-trinidad-scorpion-600w-379709785.jpg
000120.jpg,https://c8.alamy.com/comp/J4AEEE/trinidad-scorpion-butch-t-J4AEEE.jpg
000121.jpg,https://s-media-cache-ak0.pinimg.com/736x/c6/b1/29/c6b129bf93288ba4d5a8548d943a8a02.jpg
000122.jpg,https://pbs.twimg.com/media/DnenQhjVAAEwaq6.jpg
000123.jpg,http://cdn.allrefer.com/images/2015/07/1280px-bhut-jolokia09-360x270.jpg
000124.jpg,https://foodyoushouldtry.com/wp-content/uploads/2018/09/6.-Trinidad-Scorpion-Butch-T-1024x576.jpg
000125.jpg,https://www.5semen.cz/img/products/5131.jpg
000126.jpg,http://peppermaster.com/product/images/tscorpion.gif
000127.jpg,https://www.pepperworldhotshop.com/out/pictures/master/product/1/carolinareaper(23).jpg
000128.jpg,https://i.pinimg.com/originals/23/d2/06/23d2065a3076e578a9469c4499b8d545.jpg
000129.jpg,https://thehippyseedcompany.com/wp-content/uploads/2017/07/Dried-Butch-T-Scorpion.jpg
000130.jpg,https://cdn.imgbin.com/20/7/25/imgbin-chili-pepper-birds-eye-chili-serrano-pepper-poblano-trinidad-scorpion-butch-t-pepper-fresh-pepper-vLJe1QAYPAB9SS1jwEcayq7en.jpg
000131.jpg,https://farmachili.pl/wp-content/uploads/IMG_20180716_221912-768x576.jpg
000132.jpg,http://www.bountifulseeds.com/200-large/trinidad-scorpion-butch-t-chilli-pepper-seeds.jpg
000133.jpg,https://www.exotic-plants.de/auktionsbilder/Chili_Trinidad_Scorpion_Butch_T_Strain1.jpg
000134.jpg,https://live.staticflickr.com/3934/15484588088_e4911de7c7_b.jpg
000135.jpg,http://www.pimentasnucleares.com/wp-content/uploads/2017/11/16.jpg
000136.jpg,http://rahiseedbank.com/wp-content/uploads/2014/07/s12.jpg
000137.jpg,https://2ecffd01e1ab3e9383f0-07db7b9624bbdf022e3b5395236d5cf8.ssl.cf4.rackcdn.com/Product-800x800/673a901c-6c83-4848-9ac4-d6622938a310.jpg
000138.jpg,https://flowerseeds.co.nz/image/cache/catalog/trinidad-scorpion-piperia-6-sporoi-a4987-630x552.jpg
000139.jpg,https://s4.reutersmedia.net/resources/r/?m=02&d=20110425&t=2&i=396959286&w=780&fh=&fw=&ll=&pl=&sq=&r=2011-04-25T125048Z_01_BTRE73O0ZOU00_RTROPTP_0_INDONESIA-ECONOMY-CHILLIS
000140.jpg,https://www.chiligrowshop.cz/resize/e/1200/1200/files/chili-zive-16/-7231689.jpg
000141.jpg,https://images-na.ssl-images-amazon.com/images/I/71jTqXNI4tL._SL1500_.jpg
000142.jpg,https://hotsaucefever.com/images/chiles/trinidad_scorpion_chilli.jpg
000143.jpg,http://chilifee.de/WebRoot/Store17/Shops/6785a7bf-b9bd-45fa-b711-164bd13875ab/5792/0AB3/85A9/F736/456A/0A48/3549/D490/IMG_1137_k.jpg
000144.jpg,https://images-na.ssl-images-amazon.com/images/I/61dlAnS1%2B%2BL._SX425_.jpg
000145.jpg,https://i823.photobucket.com/albums/zz156/beaglestorm/THP%20Photos/TrinidadScorpionBUTCH.jpg
000146.jpg,https://www.semillas.de/pepper_fruits/trinidad_scorpion_butch_t_yellow.jpg
000147.jpg,https://i1.wp.com/www.littlechillishop.com/wp-content/uploads/2017/03/IMG_1578.jpg?fit=5184%2C3456
000148.jpg,https://pepperhead.com/wp-content/uploads/2016/12/Trinidad-Scorpion-Butch-T-Powder.jpg
000149.jpg,https://cdn11.bigcommerce.com/s-cg0adf/images/stencil/1280x1280/products/845/3091/Trinidad_Scorpion_Butch_T_Red__93041.1546260519.jpg?c=2&imbypass=on
000150.jpg,https://http2.mlstatic.com/sementes-d-pimenta-trinidad-scorpion-butch-t-bhut-jolokia-D_NQ_NP_14604-MLB197768749_929-O.jpg
000151.jpg,https://c8.alamy.com/comp/F17HF2/the-trinidad-scorpion-butch-t-pepper-is-extremely-hot-credit-scott-F17HF2.jpg
000152.jpg,http://images.australialisted.com/nlarge/worlds_hottest_chilli_seeds_trinidad_scorpion_butch_t_s_19913091.jpg
000153.jpg,https://images.bonanzastatic.com/afu/images/8d82/2123/e6fb_4381718422/il_fullxfull.1018931075_r6bd.jpg
000154.jpg,https://i.imgur.com/nHZYHKQ.jpg
000155.jpg,https://cdn.shopify.com/s/files/1/1523/7044/products/TrinidadScorpionButchT_large.jpg?v=1480882155
000156.jpg,https://i.ytimg.com/vi/K8TQqKBtnus/maxresdefault.jpg
000157.jpg,https://diningguide.hu/wp-content/uploads/2017/09/85646903_xl.jpg
000158.jpg,http://cdn3.volusion.com/vjzhc.mtcoz/v/vspfiles/photos/BUT-2.jpg
000159.jpg,http://i823.photobucket.com/albums/zz156/beaglestorm/THP%20Photos/TrinidadScorpion-ButchT.jpg
000160.jpg,https://thumbs.dreamstime.com/z/hottest-pepper-world-trinidad-scorpion-butch-t-83538022.jpg
000161.jpg,https://i.pinimg.com/originals/95/f4/b0/95f4b0685ad275dbcaa838d7b4096e08.jpg
000162.jpg,https://www.cayennediane.com/wp-content/uploads/12-Hottest-Peppers-1000x640.jpg
000163.jpg,https://i.redd.it/00sd3ya1c9i31.jpg
000164.jpg,https://c7.uihere.com/files/235/504/960/carolina-reaper-chili-pepper-bhut-jolokia-scoville-unit-trinidad-moruga-scorpion-peppers-thumb.jpg
000165.jpg,https://chillisgalore.co.uk/images/diary/2012/butchT3.jpg
000166.jpg,https://cdn.shopify.com/s/files/1/1523/7044/products/DouglahXButchTScorpion_large.jpg?v=1475803761
000167.jpg,http://i1.wp.com/pbs.twimg.com/media/DmvEhmRXsAEkw1o.jpg?lb=800,800,ffffff
000168.jpg,http://rahiseedbank.com/wp-content/uploads/2014/07/w1.jpg
000169.jpg,https://static.wixstatic.com/media/1e0cca_e5aa72aa85b34f219555208645c12255.jpg/v1/fill/w_480,h_360,al_c,q_85,usm_0.66_1.00_0.01/1e0cca_e5aa72aa85b34f219555208645c12255.jpg
000170.jpg,https://4.bp.blogspot.com/-ARj4gT6zkbU/WHr4NP92D5I/AAAAAAAABZ4/1RO-TkQJwCQNibuocx7NQq7Aq_CUS37SwCPcB/s1600/IMG_8487.jpg
000171.jpg,http://www.seaspringseeds.co.uk/blog/wp-content/uploads/2012/02/DSC_0228.jpg
000172.jpg,http://chili-papricice.com/wp-content/uploads/2014/03/20151012_174606.jpg
000173.jpg,http://robedebal.info/wp-content/uploads/2018/11/trinadad-scorpion-seeds-x-scorpion-butch-t-seeds-organic-fresh-x-butch-t-trinidad-scorpion-chilli-seeds.jpg
000174.jpg,https://i0.wp.com/growitcatchitcookit.com/wp-content/uploads/2017/04/20170522_172942.jpg?fit=1200%2C1078&ssl=1&resize=350%2C200
000175.jpg,https://cdn.shortpixel.ai/client/to_webp,q_lossy,ret_img,w_636/https://www.ghostpepperfarms.com/wp-content/uploads/2019/08/trinidad-scorpion-butch-t.png
000176.jpg,http://nounchi.info/wp-content/uploads/2019/02/scorpion-pepper-plant-scorpion-pepper-plants-scorpion-pepper-plant-plants-scorpion-butch-t-scorpion-plants-scorpion-pepper-plants-for-scorpion-pepper-plants-trinidad-scorpion-pepper-plant-care.jpg
000177.jpg,https://postmediaottawacitizen2.files.wordpress.com/2014/11/a-selection-of-hot-peppers-from-matthew-vandenbergs-rideau-p.jpg
000178.jpg,http://www.pepperfriends.com/forum/uploads/gallery/album_160/gallery_1644_160_24444.jpg
000179.jpg,https://thumbs.dreamstime.com/z/hottest-pepper-world-trinidad-scorpion-butch-t-83538345.jpg
000180.jpg,https://i.ytimg.com/vi/QEEIf79cacc/maxresdefault.jpg
000181.jpg,http://ozspice.com/345/trinidad-scorpion-butch-t-.jpg
000182.jpg,https://www.magicplantfarms.com/wp-content/uploads/2016/09/Scorpion-Pepper-400.jpg
000183.jpg,https://live.staticflickr.com/8148/7475487754_f722f0faf4_b.jpg
000184.jpg,https://fesaja-versand.de/images/product_images/original_images/chili-trinidad-scorpion-butch-t-samen-03.jpg
000185.jpg,https://image.shutterstock.com/image-photo/red-ghost-chili-peppers-on-260nw-188615699.jpg
000186.jpg,https://c8.alamy.com/comp/J4AECN/trinidad-scorpion-butch-t-chilli-J4AECN.jpg
000187.jpg,http://rahiseedbank.com/wp-content/uploads/2014/07/t37.jpg
000188.jpg,https://www.seminka-chilli.cz/fotografie/max/trinidad-scorpion-butch-taylor-131-4.jpg
000189.jpg,https://cdn.foodbeast.com/content/uploads/2016/12/Scorpion-Fresh.jpg
000190.jpg,https://www.foodandwine.hu/wp-content/uploads/2011/07/450x364-alg_naga_viper_pepper.jpg
000191.jpg,http://wouldbank.info/wp-content/uploads/2018/11/trinidad-scorpion-pepper-plant-yellow-butch-t-scorpion-hot-pepper-pepper-trinidad-scorpion-pepper-plant-care.jpg
000192.jpg,https://www.shaggkvist.se/wp-content/uploads/trinidad_b_t_4.jpg?lang=en
000193.jpg,https://www.firedragonchillies.co.nz/wp-content/uploads/2012/03/Yellow-Bhuts-2-500x500.jpg
000194.jpg,https://i.redd.it/3eecq21eene21.jpg
000195.jpg,http://www.rareseeds.com/assets/1/14/DimLarge/Trinidad-Scorpion-Hot-Pepper.jpg
000196.jpg,https://www.chileplants.com/images/chiles/trinidad-scorpion-pepper-plants-cropped.jpg
000197.jpg,https://i1.wp.com/chiki-chili.hu/wp-content/uploads/2016/06/Trinidad-Scorpion-Butch-T-4.jpg
000198.jpg,http://www.getagro.com.au/uploads/ad_picture/thumbs/TrinidadScorpionButchT.jpg
000199.jpg,https://images.fineartamerica.com/images/artworkimages/mediumlarge/2/trinidad-scorpion-donny-ramsoondar.jpg
000200.jpg,https://fiverr-res.cloudinary.com/images/t_main1,q_auto,f_auto/gigs/1537861/original/fiverrbutcht/send-you-10-trinidad-scorpion-butch-t-seeds-with-instructions.jpg
000201.jpg,https://www.selfsufficientculture.com/attachments/trinidad-scorpion-butch-t-world-record-holder-jpg.382/
000202.jpg,https://chilishop-werder.com/WebRoot/Store28/Shops/43e01a20-424a-48d1-a48b-85eeddc548ec/59E9/B93C/DB1F/3710/0891/0A48/3671/5EB5/Trinidad_Scorpion_Butch_T.Pflanze_ml.jpg
000203.jpg,https://chillipepperseeds.ca/image/cache/catalog/edited%202019hot/IMG_9619-500x500.JPG
000204.jpg,https://static.wixstatic.com/media/d45f52_0fe261a2201e4ec19919487801219c3f~mv2_d_4672_2628_s_4_2.jpg/v1/fill/w_644,h_360,al_c,q_90/d45f52_0fe261a2201e4ec19919487801219c3f~mv2_d_4672_2628_s_4_2.webp
000205.jpg,https://cdn.shopify.com/s/files/1/1272/6713/articles/butcht_1200x800_1f40b89e-a70c-4072-a2fe-3a88f4ad9f41_2048x.jpg?v=1539255342
000206.jpg,https://www.firedragonchillies.co.nz/wp-content/uploads/2018/07/padron-peppers-500x500.jpg
000207.jpg,https://www.prestigeshop.hu/storage/pictures/598c6e41a0a1ftrinidad-scorpion-butch-t-chili-powder.jpg
000208.jpg,https://images-eu.ssl-images-amazon.com/images/I/31HDqDIumBL.jpg
000209.jpg,http://www.chiliszoszok.hu/img/7378/270200_altpic_3/400x400/270200_altpic_3.jpg?time=1510486178
000210.jpg,https://1.bp.blogspot.com/-mXDZy9GFdUo/WHr4MbnftiI/AAAAAAAABZ4/Coy4vNqNtmI0MVOE_NqO447XDkmAGOT5ACPcB/s1600/IMG_8484.jpg
000211.jpg,https://cdn.shopify.com/s/files/1/0188/0032/products/chili-klaus-chips-trinidad-scorpion-butch-t-heat-level-08-meta-related-collection-munchies-pepper-snacks-chilly-chiles-largest-selection-of-hot-sauce-in-canada_577.jpg
000212.jpg,http://www.chileplanet.eu/img/Trinidad%20scorpion%20Butch%20T-2.jpg
000213.jpg,https://www.chilli-semena.cz/user/7416/upload/stuff/resized/2684233_600-600.jpg
000214.jpg,http://img0094o.psstatic.com/125260665_trinidad-scorpion-pepper---butch-t---hottest-15-seeds-.jpg
000215.jpg,https://images-eu.ssl-images-amazon.com/images/I/5123m3dt-xL.jpg
000216.jpg,https://www.picclickimg.com/d/l400/pict/153620328518_/50-Trinidad-Scorpion-Pepper-BUTCH-Worlds-Hottest-Chilli.jpg
000217.jpg,https://sc01.alicdn.com/kf/HTB1qEtSNXXXXXcHXpXXq6xXFXXXT.jpg
000218.jpg,https://fesaja-versand.de/images/product_images/original_images/chili-trinidad-scorpion-butch-t-samen-01.jpg
000219.jpg,https://chillisgalore.co.uk/images/diary/2012/butchT2.jpg
000220.jpg,https://i.ytimg.com/vi/LfAnL6RkTHU/maxresdefault.jpg
000221.jpg,https://www.foodandwine.hu/wp-content/uploads/2011/07/news-worlds-spiciest-pepper-x-630x448.jpg
000222.jpg,https://www.seminka-chilli.cz/fotografie/max/trinidad-scorpion-butch-taylor-131-3.jpg
000223.jpg,https://www.igourmet.com/images/topics/trinidad-moruga-scorpion-hot-sauce.jpg
000224.jpg,https://www.cayennediane.com/wp-content/uploads/Trinidad_Moruga_Scorpion1.jpg
000225.jpg,https://cdn11.bigcommerce.com/s-cg0adf/images/stencil/1280x1280/products/1217/3151/TSBT__43926.1549203680.jpg?c=2&imbypass=on
000226.jpg,https://c8.alamy.com/comp/J4AECR/trinidad-scorpion-butch-t-J4AECR.jpg
000227.jpg,http://rahiseedbank.com/wp-content/uploads/2014/07/s31.jpg
000228.jpg,https://c1.staticflickr.com/9/8284/7724340448_eb39f717d0_c.jpg
000229.jpg,https://i2.wp.com/infernoz.co.za/wp-content/uploads/2019/09/Trinidad-Scorpion-Butch-125ml-johny-hexburg.jpg?fit=550%2C733&ssl=1
000230.jpg,https://www.chili-shop24.com/media/image/78/44/b2/7002_600x600.jpg
000231.jpg,https://thumbs.dreamstime.com/z/hottest-pepper-world-trinidad-scorpion-butch-t-83538337.jpg
000232.jpg,https://www.chileseeds.co.uk/wp-content/uploads/2016/10/trinidadscorpionbutchtchillipowder.jpg
000233.jpg,https://www.semillas.de/pepper_fruits/douglahT_x.jpg
000234.jpg,https://bedziepieklo.pl/images/bedziepieklo/0-1000/Papryka-Trinidad-Scorpion-Butch-T-suszona-w-calosci-30g_%5B297%5D_480.jpg
000235.jpg,https://cdn.imgbin.com/15/5/21/imgbin-trinidad-moruga-scorpion-scoville-unit-chili-pepper-trinidad-scorpion-butch-t-pepper-dried-figs-TYH4NDt9M3nGPUeug61NtnDc1.jpg
000236.jpg,http://www.johnstonplants.com/images/peppers/Trinidad-Moruga-Sc_2140472b.jpg
000237.jpg,https://images-na.ssl-images-amazon.com/images/I/61U3XRgXPCL.jpg
000238.jpg,https://1.bp.blogspot.com/-1b__0EHTzQE/VqiZWzqdLoI/AAAAAAAABF8/2-egQMQfbJ4TAYyfgn4DhEeL6y8UvuzNgCPcB/s1600/IMG_7920.jpg
000239.jpg,https://www.pepperscale.com/wp-content/uploads/2015/01/naga-morich_lg.jpg
000240.jpg,http://i1.wp.com/d3d71ba2asa5oz.cloudfront.net/12001418/images/trinidadscorpionpepper.jpg?w=800
000241.jpg,https://scontent-cdt1-1.cdninstagram.com/v/t51.2885-15/e35/s320x320/51075997_169635530687815_4093501379035871634_n.jpg?_nc_ht=scontent-cdt1-1.cdninstagram.com&oh=f8eaefb8af3489afbc213338789eda9b&oe=5DD5DDE3&ig_cache_key=MTk4MDUzNzQyNDU4OTM4MDg3OA%3D%3D.2
000242.jpg,http://www.chiliszoszok.hu/img/7378/270200/400x400/270200.jpg
000243.jpg,https://buyseed.net/wp-content/uploads/2018/02/buyseed.net-garden41-1-451.jpg
000244.jpg,https://texashillcountry.com/wp-content/uploads/20729332_1872259229467220_5068765247981652895_n-400x242.jpg
000245.jpg,https://cdn11.bigcommerce.com/s-cb3kf/images/stencil/1200x1800/products/1834/3452/Matouks_Trinidad_Scorpion_Sauce__17446.1565560309.jpg?c=2
000246.jpg,https://www.firedragonchillies.co.nz/wp-content/uploads/2014/11/IMG_0682-600x600.jpg
000247.jpg,https://i.imgur.com/ly2lGCh.jpg
000248.jpg,http://www.chileplanet.eu/img/Moruga%20Scorpion-.jpg
000249.jpg,https://66.media.tumblr.com/66ae1807955576597508b51aedf12564/8c4a3f14d0976522-c2/s500x750/a73ee1aebd742e5fa101e11ba5e215fbe5975cc9.jpg
000250.jpg,https://www.chilipeppermadness.com/wp-content/uploads/2014/06/Scoville-Heat-Unit-Scale-1.jpg
000251.jpg,https://www.theasiancookshop.co.uk/ekmps/shops/asiancookshop/images/dried-whole-trinidad-scorpion-butch-t-chillies-10832-p.jpg
000252.jpg,http://www.asmundtorp.com/129-large_default/trinidad-scorpion-butch-t.jpg
000253.jpg,https://i0.wp.com/ajamaicaexperience.com/wp-content/uploads/2016/09/Scott-bonnet-Peppers_and_thyme.jpg?resize=1080%2C675&ssl=1
000254.jpg,https://chilitalu.ee/wp-content/uploads/2016/02/Trinidad-Scorpion-Butch-T-Yellow-2.jpg
000255.jpg,https://static.ffx.io/images/$width_375%2C$height_211/t_crop_fill/q_86%2Cf_auto/f0b178fcfb9d11b4c61fa70f8bf68c0f402a9105
000256.jpg,https://c8.alamy.com/comp/F17HEM/the-trinidad-scorpion-butch-t-pepper-is-extremely-hot-credit-scott-F17HEM.jpg
000257.jpg,https://upload.wikimedia.org/wikipedia/commons/d/da/Trinidad_Scorpion_Butch_T_Pepper_%28cropped_square%29.JPG
000258.jpg,https://www.bioking.com.pl/25-thickbox/papryka-trinidad-scorpion-butch-t-rozsada.jpg
000259.jpg,https://www.foodandwine.hu/wp-content/uploads/2011/07/maxresdefault-1.jpg
000260.jpg,http://www.avril-paradise.com/wp-content/uploads/2018/06/inspiring-left-is-a-naga-viper-right-is-a-trinidad-scorpion-pepper-scorpion-pepper-plants.jpg
000261.jpg,https://www.blowoutcards.com/wp/wp-content/uploads/2018/08/2.jpg
000262.jpg,https://peppermaster.com/wp-content/uploads/2013/01/pepper-mortar-pestle1.jpg
000263.jpg,http://www.chillipikanterie.cz/img/uploads/hires/trinidad_scorpion_butch_t1.jpg
000264.jpg,https://i.ebayimg.com/00/s/MTAyNFg5NDA=/z/~z8AAOSw5BVdNJdr/$_86.JPG
000265.jpg,https://i.redd.it/zwvak9kp7qiy.jpg
000266.jpg,http://oratechng.com/wp-content/uploads/2019/01/trinidad-scorpion-pepper-plant-scorpion-pepper-plant-scorpion-butch-t-pepper-the-free-encyclopedia-hot-pepper-plants-of-the-scorpion-pepper-plant-trinidad-moruga-scorpion-pepper-plants-for-sale.jpg
000267.jpg,https://annegerrish.files.wordpress.com/2012/02/trinidad-scorpion-butch-t-pepper1.jpg
000268.jpg,https://cdn11.bigcommerce.com/s-f6cx4kq/images/stencil/500x659/products/123/399/trinidad_scorpion_butch_t_pepper_tyler_farms__03719.1407098185.jpg?c=2
000269.jpg,https://archiwum.allegro.pl/image//imagesNEW/big/4cc568938905cbbd1787502e85d1c6a7a435c1d1eb532e850f3d76b38b583ebd
000270.jpg,http://virageso.gportal.hu/portal/virageso/image/gallery/1350929400_13.jpg
000271.jpg,https://i7.pngguru.com/preview/693/856/14/trinidad-moruga-scorpion-chili-pepper-trinidad-scorpion-butch-t-pepper-bhut-jolokia-capsicum-annuum-mayon-volcano-thumbnail.jpg
000272.jpg,https://www.seminka-chilli.cz/fotografie/max/trinidad-scorpion-butch-taylor-131-1.jpg
000273.jpg,http://img0103o.psstatic.com/155947985_10-trinidad-scorpion-butch-t-strain10-bhut-jolokia-ghost.jpg
000274.jpg,https://www.kitchengadgetreview.com/wp-content/uploads/2019/03/healthy-oils-1-e1557362295771.jpg
000275.jpg,https://www.chileseeds.co.uk/wp-content/uploads/2016/10/white_bhut_jolokia_jw_strain_chilli_seeds.jpg
000276.jpg,https://c7.uihere.com/files/141/982/440/sweet-and-chili-peppers-hot-sauce-trinidad-scorpion-butch-t-pepper-bhut-jolokia-hot-sauce-day.jpg
000277.jpg,https://www.hrnce-obchod.sk/images/products/851_tsb.png
000278.jpg,https://cptstatic.s3.amazonaws.com/imagens/enviadas/materias/materia10689/trinidad-scorpion-butch-t.-artigos-cursos-cptjpg
000279.jpg,https://apollo-ireland.akamaized.net/v1/files/9im4plxtxoyo-PL/image;s=644x461
000280.jpg,https://www.grubauer.de/images/product_images/popup_images/967_0_trinidad_scorpion_butch.jpg
000281.jpg,https://doneykebab.files.wordpress.com/2011/09/chilis-heatadded.jpg
000282.jpg,http://m.quickmeme.com/img/cf/cfc1bfcd2259a2a49e7be8401440a4fbd121ce95c18ab55d49770fc46ccf3c40.jpg
000283.jpg,https://i1.wp.com/i.ytimg.com/vi/NV54bfOilaE/maxresdefault.jpg?resize=250,250
000284.jpg,https://i.ytimg.com/vi/Z-GAkO4dj-U/hqdefault.jpg
000285.jpg,https://www.seminka-chilli.cz/fotografie/max/trinidad-scorpion-butch-t-susene-papricky-82572-0.jpg
000286.jpg,https://m.blog.hu/zo/zoldsziget/image/nevte_3.jpg
000287.jpg,https://loveincorporated.blob.core.windows.net/contentimages/gallery/8432d5c4-9757-4351-aaf4-877f0f413da6-5%20%E2%80%93%20Trinidad%20Scorpion%20%E2%80%9CButch%20T%E2%80%9D.jpg
000288.jpg,http://img0032.psstatic.com/112509056_trinidad-scorpion-butch-t-pepper-seeds---fresh---ebay.jpg
000289.jpg,http://i1004.photobucket.com/albums/af170/Spongey32/yummy/peppers61212/DSC_0005.jpg
000290.jpg,https://www.firedragonchillies.co.nz/wp-content/uploads/2018/07/habanero_peach.jpg
000291.jpg,https://peppermaster.com/product/images/Trinidad%20Scorpion%20Butch%20T%20Elixir.jpg
000292.jpg,https://apollo-ireland.akamaized.net/v1/files/mlfkyt0klxt6-PL/image;s=644x461
000293.jpg,http://www.chillipikanterie.cz/img/uploads/hires/trinidad_scorpion_butch_t2.jpg
000294.jpg,https://www.seminka-chilli.cz/fotografie/max/trinidad-scorpion-butch-t-susene-papricky-82572-2.jpg
000295.jpg,https://cdn11.bigcommerce.com/s-cg0adf/images/stencil/1280x1280/products/1071/2611/TS_Yellow__59151.1519237065.png?c=2
000296.jpg,http://img0103o.psstatic.com/161232770_mega-pack---17-varieties---trinidad-scorpion-butch-t---.jpg
000297.jpg,https://m.blog.hu/ga/gabkochilli/image/carolina.jpg
000298.jpg,https://image.iol.co.za/image/1/process/620x349?source=https://inm-baobab-prod-eu-west-1.s3.amazonaws.com/public/inm/media/file/1/1699737/1402055084/image/154522216.jpg
000299.jpg,https://apollo-ireland.akamaized.net/v1/files/vmm8dt2dllxo3-PL/image;s=644x461
000300.jpg,https://3.bp.blogspot.com/-2BgWHp-dSqk/Vk_f7pD2bYI/AAAAAAAABCA/Ab2Vc-ELCGw85k2kVztY9D43w83x8v_GwCPcB/s1600/IMG_7156.jpg
000301.jpg,http://img0139.psstatic.com/187409425_only-20-100-trinidad-scorpion-butch-t-39seeds39-.jpg
000302.jpg,https://www.seminka-chilli.cz/fotografie/max/trinidad-scorpion-butch-t-susene-papricky-82572-3.jpg
000303.jpg,https://thechillifactory.com/images/Guiness_World_Record_2_by_2.jpg
000304.jpg,http://darwinfoodies.com/sites/default/files/uploads/2012/06/chilli-power-rankings-butchT-trinidad-scorpion.png
000305.jpg,http://i.imgur.com/JYTsrh.jpg
000306.jpg,https://i.ytimg.com/vi/fH8R2GBnvUU/hqdefault.jpg
000307.jpg,https://peppermaster.com/wp-content/uploads/2013/05/Worlds-Hottest-Pepper1.jpg
000308.jpg,https://upload.wikimedia.org/wikipedia/commons/thumb/9/97/Scotch_bonnet_chili_pepper.jpg/1200px-Scotch_bonnet_chili_pepper.jpg
000309.jpg,http://i.telegraph.co.uk/multimedia/archive/01955/hottest-chilli_1955758i.jpg
000310.jpg,https://www.chili-shop24.com/media/image/tagebuch-31.jpg
000311.jpg,https://www.seminka-chilli.cz/fotografie/max/trinidad-scorpion-butch-t-koreni-82593-0.jpg
000312.jpg,https://banner2.kisspng.com/20180703/xtj/kisspng-bhut-jolokia-capsicum-annuum-trinidad-scorpion-but-ghost-pepper-5b3b690d4178f5.1879084715306201732682.jpg
000313.jpg,https://thechillifactory.com/images/Scorpion_Chilli_1.jpg
000314.jpg,https://images-eu.ssl-images-amazon.com/images/I/41HeA8Nv4FL._AC_US200_.jpg
000315.jpg,https://m.media-amazon.com/images/I/41+XSSDZmmL._AC_UL320_.jpg
000316.jpg,https://m.media-amazon.com/images/I/61fKKJZ-4ZL._AC_UL320_.jpg
000317.jpg,https://cdn11.bigcommerce.com/s-f6cx4kq/images/stencil/1280x1280/products/117/1173/trinidad_scorpion_pepper_tyler_farms__48072.1550360937.jpg
000318.jpg,https://image.noelshack.com/fichiers/2016/46/1479081204-0c78f2038b394c0ed8448a07791a64c9-720x600.jpg
000319.jpg,https://www.pepperscale.com/wp-content/uploads/2017/08/7-Pot-Barrackpore.jpg
000320.jpg,http://thumb4.zeppy.io/d/l400/pict/273499063704/scorpion-pepper-combo-pack-100-seeds-carolina-reaper-scorpion-chocolate-yellow
000321.jpg,https://images-na.ssl-images-amazon.com/images/I/21sWLA-ugbL._SR600%2C315_PIWhiteStrip%2CBottomLeft%2C0%2C35_SCLZZZZZZZ_.jpg
000322.jpg,https://www.hydroponics.eu/indoor-grow-box-complete-kit/hot-chilli-grow-kit/nutrients-chilli-grow-kit--spicey-and-flavoury-hot-fruits~Img_Principale_24465.jpg
000323.jpg,https://i.etsystatic.com/9911861/r/il/39454c/1634537581/il_794xN.1634537581_j05o.jpg
000324.jpg,https://images-na.ssl-images-amazon.com/images/I/61Yc8EF31wL._SR600%2C315_PIWhiteStrip%2CBottomLeft%2C0%2C35_SCLZZZZZZZ_.jpg
000325.jpg,https://i.etsystatic.com/13582424/r/il/af79eb/1113977388/il_794xN.1113977388_eyvw.jpg
000326.jpg,https://images-eu.ssl-images-amazon.com/images/I/910o4YNACvL._AC_SS350_.jpg
000327.jpg,https://i.etsystatic.com/13959533/r/il/d02d1b/1117546415/il_794xN.1117546415_15bs.jpg
000328.jpg,https://i.etsystatic.com/13582424/r/il/c9d8a2/1113977372/il_794xN.1113977372_lh98.jpg
000329.jpg,https://i3.wp.com/pepperhead.com/wp-content/uploads/2012/10/Butch-T-2.jpg
000330.jpg,https://www.pepperscale.com/wp-content/uploads/2017/07/trinidad-scorpion-butch-t-1024x576.jpg
000331.jpg,https://i.ytimg.com/vi/ETPIpzX2dhs/maxresdefault.jpg
000332.jpg,https://i3.wp.com/pepperhead.com/wp-content/uploads/2012/10/Butch-T-3.jpg
000333.jpg,http://d1nw62gticy6e9.cloudfront.net/uploads/Trinidad-Scorpion-Pepper-Seeds.jpg
000334.jpg,https://pepperhead.com/wp-content/uploads/2018/07/Trinidad-Scorpion-Butch-T.jpg
000335.jpg,http://cdn.shopify.com/s/files/1/0915/1060/products/Butch-T-Trinidad-Scoprion-plant-hot-pepper-pepper-joes_grande.jpg
000336.jpg,https://i1.wp.com/pepperhead.com/wp-content/uploads/2012/10/Butch-T.jpg
000337.jpg,http://www.wildfirechilli.com.au/images/detailed/0/btts.jpg
000338.jpg,http://i.ebayimg.com/images/i/250859744299-0-1/s-l1000.jpg
000339.jpg,http://cdn.business2community.com/wp-content/uploads/2011/04/Trinidad-Scorpion-Butch-T.jpg
000340.jpg,http://www.chili-shop24.de/media/image/thumbnail/8035b24682d810bc7be90b278ee7eee4_720x600.jpg
000341.jpg,http://rahiseedbank.com/wp-content/uploads/2014/07/t116.jpg
000342.jpg,http://www.exotic-plants.de/auktionsbilder/Chili_Trinidad_Scorpion_Butch_T_Strain1.jpg
000343.jpg,http://upload.wikimedia.org/wikipedia/commons/7/77/Pots_of_Trinidad_Scorpion.jpg
000344.jpg,https://cdn.shopify.com/s/files/1/1523/7044/products/TrinidadScorpionButchT_large.jpg
000345.jpg,https://pepperhead.com/wp-content/uploads/2016/12/Trinidad-Scorpion-Butch-T-Powder.jpg
000346.jpg,http://rahiseedbank.com/wp-content/uploads/2014/07/t310.jpg
000347.jpg,http://rahiseedbank.com/wp-content/uploads/2014/07/t82.jpg
000348.jpg,https://media.coolweirdo.com/wp-content/uploads/2013/08/Trinidad-Scorpion-Butch-T.jpg
000349.jpg,https://www.seminka-chilli.cz/fotografie/max/trinidad-scorpion-butch-taylor-131-6.jpg
000350.jpg,http://plantium.ru/image/cache/catalog/seeds/peppers/chinense/trinidad_scorpion/butch_t/trinidad-scorpion-butch-t-yellow/trinidad-scorpion-butch-t-yellow-plantium.ru-600x600.jpg
000351.jpg,http://i1.wp.com/chiki-chili.hu/wp-content/uploads/2016/06/Trinidad-Scorpion-Butch-T-2.jpg
000352.jpg,http://goodroot.ru/image/cache/catalog/peppers/trinidad_scorpion_butch_t/trinidad_butch_t_3-640x640.jpg
000353.jpg,http://goodroot.ru/image/cache/catalog/peppers/trinidad_scorpion_butch_t/trinidad_butch_t_2-640x640.jpg
000354.jpg,https://www.ukchilliseeds.co.uk/ekmps/shops/chilliwizard/images/trinidad-scorpion-butch-t-yellow-x-10-seeds-279-p.jpg
000355.jpg,https://entresemillas.com/semillas/277-large_default/chile-trinidad-scorpion-butch-t-sobre-8-semillas.jpg
000356.jpg,https://www.seminka-chilli.cz/fotografie/max/trinidad-scorpion-butch-t-susene-papricky-82572-3.jpg
000357.jpg,https://www.seminka-chilli.cz/fotografie/velke/trinidad-scorpion-butch-t-susene-papricky-82572-0.jpg
000358.jpg,http://plantium.ru/image/cache/catalog/seeds/peppers/chinense/trinidad_scorpion/butch_t/trinidad-scorpion-butch-t-52-600x600.jpg
000359.jpg,https://www.ukchilliseeds.co.uk/ekmps/shops/chilliwizard/images/butch-t-reaper-x-10-seeds-trinidad-scorpion-butch-t-x-carolina-reaper--1007-p.jpg
000360.jpg,https://www.seminka-chilli.cz/fotografie/max/trinidad-scorpion-butch-taylor-131-4.jpg
000361.jpg,https://www.chileplants.com/images/chiles/trinidad-scorpion-chocolate-pepper-seeds-cropped.jpg
000362.jpg,https://fesaja-versand.de/images/product_images/original_images/chili-trinidad-scorpion-butch-t-samen-01.jpg
000363.jpg,https://cdn.shopify.com/s/files/1/0871/0950/products/Trinidad-Scorpion-Butch-T-Seeds-Hottest-Pepper-Seeds_1024x1024.jpg
000364.jpg,https://cdn.shopify.com/s/files/1/0220/1512/products/CP_115_-_Trinidad_Douglah_x_Trinidad_Scorpion_Butch_T_Chocolate_-_Select_800x.jpg
000365.jpg,https://cdn.shopify.com/s/files/1/0871/0950/products/Trinidad-Scorpion-Chile-Pepper_128cfb54-701a-410a-a30b-6cd29a223da9_1024x1024.jpg
000366.jpg,http://www.asmundtorp.com/129-thickbox_default/trinidad-scorpion-butch-t.jpg
000367.jpg,http://ozspice.com/343-tm_thickbox_default/trinidad-scorpion-butch-t-.jpg
000368.jpg,https://www.seminka-chilli.cz/fotografie/max/trinidad-scorpion-butch-taylor-131-2.jpg
000369.jpg,http://www.gaertnerei-bender.de/images/stories/Capsicum_chinense/ButchT/Capsicum_Chinense_Habanero_Trinidad_Scorpion_ButchT_Butch_01.jpg
000370.jpg,https://chilishop-werder.com/WebRoot/Store28/Shops/43e01a20-424a-48d1-a48b-85eeddc548ec/5A1B/E2D7/31D3/AD2B/4E45/0A48/3671/F813/trinidad_scorpion_chili_pflanze.jpg
000371.jpg,https://cdn.shopify.com/s/files/1/0915/1060/products/yellow-trinidad-scorpion-hot-pepper-joes_grande.jpg
000372.jpg,https://www.bioking.com.pl/25-thickbox/papryka-trinidad-scorpion-butch-t-rozsada.jpg
000373.jpg,http://thumbs.dreamstime.com/z/green-chilli-trinidad-scorpion-butch-t-closeup-67029551.jpg
000374.jpg,https://fesaja-versand.de/images/product_images/popup_images/chili-trinidad-scorpion-butch-t-samen-qr.jpg
000375.jpg,https://www.firedragonchillies.co.nz/wp-content/uploads/2014/11/IMG_0682.jpg
000376.jpg,https://www.sommerfuglehaven.dk/wp-content/uploads/2015/12/Trinidad_Scorpion_Capsicum_chinense_768x1024_7301.jpg
000377.jpg,https://image.jimcdn.com/app/cms/image/transf/none/path/s109b8a775f1b27c8/image/i713d7b25e9281ae2/version/1524748239/image.jpg
000378.jpg,https://cdn.shopify.com/s/files/1/0871/0950/products/chocbhutpeppers2_f120c62d-ba79-4149-b412-a24cf98bb270_large.jpg
000379.jpg,http://www.foodandwine.hu/wp-content/uploads/2011/07/trinidadscorpionbutcht_hottestchillie_1.jpg
000380.jpg,https://entresemillas.com/semillas/1850-thickbox_default/chile-trinidad-scorpion-butch-t-sobre-8-semillas.jpg
000381.jpg,https://www.chilli-semena.cz/user/7416/upload/stuff/resized/2684234_600-600.jpg
000382.jpg,https://www.chilli-semena.cz/user/7416/upload/stuff/resized/3223137_600-600.jpg
000383.jpg,https://i1.imged.pl/trinidad-scorpion-butch-t-nasiona-papryka-rekord-2112546.jpg
000384.jpg,https://ghostpepperstore.com/assets/images/driedtsbt.jpg
000385.jpg,https://www.idroponica.it/sementi-officinali-e-di-peperoncino/semi-di-peperoncino-piccante/semi-di-peperoncino-trinidad-scorpion-butch-t~Img_Principale_25301.jpg
000386.jpg,https://alienchili.se/wp-content/uploads/2018/07/butcht2.jpg
000387.jpg,http://www.chilli-semena.cz/user/7416/upload/stuff/resized/2684235_600-600.jpg
000388.jpg,https://billiggro.dk/1785-thickbox_default/trinidad-scorpion-butch-t-chilifro-.jpg
000389.jpg,http://www.chiligrowshop.cz/resize/e/1200/1200/files/spicegarden/trinidad-scorpion-butch-t-(2).jpg
000390.jpg,http://www.lepiantecarnivore.it/Immagini/Trinidad_Scorpion_Butch_T_1.jpg
000391.jpg,https://www.bmorespicy.com/wp-content/uploads/imported/3/1000-Seeds-Trinidad-Scorpion-BUTCH-T-Worlds-Hottest-WHOLESALE-PRICE-RARE-Pepper-181778979453-3.jpg
000392.jpg,https://fesaja-versand.de/images/product_images/info_images/chili-trinidad-scorpion-butch-t-samen-03.jpg
000393.jpg,https://www.pepperworldhotshop.com/out/pictures/master/product/1/fspurtrinidadbutcht_verpackung_gewrz.jpg
000394.jpg,https://i.ytimg.com/vi/Aq3SDUO-GIY/maxresdefault.jpg
000395.jpg,https://www.hot-chili-shop.de/wp-content/uploads/2013/10/Trinidad-Scorpion-ButchT.jpg
000396.jpg,https://entresemillas.com/semillas/1849-thickbox_default/chile-trinidad-scorpion-butch-t-sobre-8-semillas.jpg
000397.jpg,http://www.chiliszoszok.hu/img/7378/824615/824615.jpg
000398.jpg,https://billiggro.dk/1785-large_default/trinidad-scorpion-butch-t-chilifro-.jpg
000399.jpg,http://1.bp.blogspot.com/-rXH8rwSviBg/UgxCpUPwC_I/AAAAAAAAAJs/U3yaXF6o42c/s1600/20130803_084423.jpg
000400.jpg,https://www.chiliua.com/wp-content/uploads/2018/12/DSC0031-1024x680.jpg
000401.jpg,https://i.ebayimg.com/images/g/O3QAAOSw8NlczDo0/s-l640.jpg
000402.jpg,http://ozspice.com/345-tm_thickbox_default/trinidad-scorpion-butch-t-.jpg
000403.jpg,https://www.bmorespicy.com/wp-content/uploads/imported/3/100-Seeds-Trinidad-Scorpion-BUTCH-T-Worlds-Hottest-WHOLESALE-PRICE-RARE-Pepper-171571869943-3.jpg
000404.jpg,http://www.chilibaron.ch/images/stories/virtuemart/product/ButchT.jpg
000405.jpg,https://cdn6.bigcommerce.com/s-f6cx4kq/product_images/uploaded_images/trinidad-scorpion-butch-t-pepper-tyler-farms.jpg
000406.jpg,http://cdn.shopify.com/s/files/1/1523/7044/products/DouglahXButchTScorpion_1024x1024.jpg
000407.jpg,https://entresemillas.com/semillas/277-thickbox_default/chile-trinidad-scorpion-butch-t-sobre-10-semillas.jpg
000408.jpg,https://c8.alamy.com/comp/FXENWF/trinidad-scorpion-butch-t-chili-yellow-fruiting-structure-growing-FXENWF.jpg
000409.jpg,http://4.bp.blogspot.com/-yMyyV8hRxV8/UhRtZBxdqgI/AAAAAAAAALc/lg36qAD1emo/s1600/20130820_174300.jpg
000410.jpg,https://www.pepperscale.com/wp-content/uploads/2014/10/Trinidad-Scorpion-Chocolate-1.jpg
000411.jpg,https://ugc.kn3.net/i/origin/http://2.bp.blogspot.com/-nh1468BUzAw/T9flcsXWNjI/AAAAAAAAEGU/CtutVVtX3uA/s1600/trinidad-scorpion-butch-t.jpg
000412.jpg,http://mikec.si/wp-content/uploads/2012/05/pekoca-omaka-pure-naga-trinidad-scorpion-butch-t.jpg
000413.jpg,https://www.bmorespicy.com/wp-content/uploads/imported/5/15-Seeds-Trinidad-Scorpion-BUTCH-T-Worlds-Hottest-WHOLESALE-PRICE-RARE-Pepper-181605109865-3.jpg
000414.jpg,http://www.hotchili.dk/images/Trinidad-scorpion1.jpg
000415.jpg,http://plantium.ru/image/catalog/seeds/peppers/chinense/trinidad_scorpion/peach/trinidad-scorpion-peach-plantium.ru.jpg
000416.jpg,https://i.ytimg.com/vi/RF15kXKU0YI/maxresdefault.jpg
000417.jpg,https://www.chileplants.com/images/chiles/trinidad-scorpion-pepper-plants-cropped.jpg
000418.jpg,https://yourperfectburn.files.wordpress.com/2013/08/a-year-without-jalapeno-1.jpg
000419.jpg,https://thechillifactory.com/images/Scorpion_Strtike_photo_award.jpg
