image,source
000001.jpg,https://www.pepperscale.com/wp-content/uploads/2014/10/Trinidad-Scorpion-Chocolate-1-768x512.jpg
000002.jpg,https://cdn.shopify.com/s/files/1/0237/0893/products/chocolate-trinidad-scorpion-seeds-15-count-hot-pepper-seeds-sonoran-spice-268078_2048x.jpg?v=1556916870
000003.jpg,https://cdn.shopify.com/s/files/1/0915/1060/products/trinidad-scorpion-chocolate-cappuccino-2-hot-pepper-pepper-joes.jpg?v=1456888311
000004.jpg,https://shop.westlandpeppers.com/wp-content/uploads/2014/06/trinidad-scorpion_westlandpeppers-1.jpg
000005.jpg,https://www.ukchilliseeds.co.uk/ekmps/shops/chilliwizard/images/moruga-scorpion-chocolate-481-p.jpg
000006.jpg,https://www.chilliseedbank.com.au/media/catalog/product/cache/image/720x560/4c3462793ba5f87d7658a49338bdb5e2/c/h/chocscorp_cropped.jpg
000007.jpg,https://cdn11.bigcommerce.com/s-f6cx4kq/images/stencil/1280x1280/products/125/1127/chocolate_trinidad_moruga_scorpion_pepper__46761.1549152247.jpg?c=2&imbypass=on
000008.jpg,https://cdn1.bigcommerce.com/server700/5mvrqhbm/products/4669/images/147625/trinidad-scorpion-chocolate-brain-strain-pepper-x__17543.1501738757.1280.1280.jpg?c=2
000009.jpg,https://cdn.thehippyseedcompany.com/wp-content/uploads/2017/06/THSC-Chocolate-Scorpion-3-1.jpg
000010.jpg,https://cdn11.bigcommerce.com/s-f6cx4kq/images/stencil/1280x1280/products/134/1124/chocolate_trinidad_scorpion_pepper_2__47787.1549149983.jpg?c=2&imbypass=on
000011.jpg,https://cdn1.bigcommerce.com/server700/5mvrqhbm/products/4421/images/146526/trinidad-moruga-scorpion-chocolate-pepper__53721.1477156689.1280.1280.jpg?c=2
000012.jpg,https://previews.123rf.com/images/juliedeshaies/juliedeshaies1809/juliedeshaies180900005/109037587-trinidad-moruga-scorpion-chocolate-extremely-hot-pepper-variety.jpg
000013.jpg,http://cdn.shopify.com/s/files/1/0220/1512/products/CP_115_-_Trinidad_Douglah_x_Trinidad_Scorpion_Butch_T_Chocolate_-_Select_1200x630.jpg?v=1540538405
000014.jpg,https://www.chileseeds.co.uk/wp-content/uploads/2016/10/chocolatemorugachilliseeds.jpg
000015.jpg,https://www.pepperseeds.eu/pub/media/catalog/product/cache/b56a9049443cfaeedfe24666b14227c1/c/h/chili_seeds_trinidad_moruga_chocolate_3.jpg
000016.jpg,https://images-na.ssl-images-amazon.com/images/I/91eSMTERXML._SX425_.jpg
000017.jpg,https://images-na.ssl-images-amazon.com/images/I/51Kw80yNbaL._SX466_.jpg
000018.jpg,https://images-na.ssl-images-amazon.com/images/I/51DrWUbYhIL._SX466_.jpg
000019.jpg,http://www.chiliszoszok.hu/img/7378/517722_altpic_1/400x400/517722_altpic_1.jpg?time=1477916807
000020.jpg,https://webaruhaz.kertlap.hu/wp-content/uploads/2018/01/trinidad-scorpion-moruga-chocolate.jpg
000021.jpg,https://www.asklepios-seeds.de/pub/media/catalog/product/cache/e4d64343b1bc593f1c5348fe05efa4a6/t/r/trinidad_scorpion_chocolate.jpg
000022.jpg,https://thechillifactory.com/images/products/IMG_7614.jpg
000023.jpg,https://www.chileplants.com/images/chiles/trinidad-scorpion-chocolate-pepper-plants.jpg
000024.jpg,https://previews.123rf.com/images/juliedeshaies/juliedeshaies1809/juliedeshaies180900008/109037591-trinidad-moruga-scorpion-chocolate-extremely-hot-pepper-variety.jpg
000025.jpg,https://www.chillihead.co.za/image/cache/data/products/TSChoco-500x500.jpg
000026.jpg,https://www.ukchilliseeds.co.uk/ekmps/shops/chilliwizard/images/trinidad-scorpion-chocolate-7-pot-[2]-831-p.jpg
000027.jpg,https://cdn.shopify.com/s/files/1/0741/7947/products/ChocMorugaScorpion_2048x.JPG?v=1522819485
000028.jpg,https://images-na.ssl-images-amazon.com/images/I/81UBAeqqk7L._SL1500_.jpg
000029.jpg,https://www.chileseeds.co.uk/wp-content/uploads/2016/10/chocolate_7_pot_chilli_seeds_placenta.jpg
000030.jpg,https://www.hottyplace.com/1879-tm_thickbox_default/moruga-scorpion-yellow-polvere-peperoncino-piccante-estremo-fruttato-vaso-10g.jpg
000031.jpg,https://alamopeppers.com/media/catalog/product/cache/1/image/1300x1300/9df78eab33525d08d6e5fb8d27136e95/c/h/chocolatemoruga_s.jpg
000032.jpg,https://i.ytimg.com/vi/a0RlY8w33Z8/maxresdefault.jpg
000033.jpg,https://previews.123rf.com/images/brixio79/brixio791806/brixio79180600027/103999556-mix-of-hot-peppers-habanero-chocolate-trinidad-scorpion-yellow-and-carolina-reaper-red.jpg
000034.jpg,https://i.ebayimg.com/images/g/MgsAAOSw6uVdBQd7/s-l400.jpg
000035.jpg,https://images-na.ssl-images-amazon.com/images/I/61zDmHSaN6L._SL1106_.jpg
000036.jpg,https://www.hottyplace.com/1877-tm_thickbox_default/moruga-scorpion-yellow-polvere-peperoncino-piccante-estremo-fruttato-vaso-10g.jpg
000037.jpg,https://italianchilli.com/228-large_default/trinidad-moruga-scorpion-chocolate-seeds.jpg
000038.jpg,https://kcdgarden.com/varieties/28/IMG_3779.JPG?width=730&height=500&mode=crop&format=jpg&quality=65
000039.jpg,https://i.ebayimg.com/images/g/Vx0AAOSwol5YxfL7/s-l300.png
000040.jpg,http://rahiseedbank.com/wp-content/uploads/2014/07/t119.jpg
000041.jpg,http://rahiseedbank.com/wp-content/uploads/2014/07/t49.jpg
000042.jpg,https://i.ytimg.com/vi/jvSJLYNRhA0/hqdefault.jpg
000043.jpg,https://images-na.ssl-images-amazon.com/images/I/81KZ1fcw6NL._SX425_.jpg
000044.jpg,http://thetomatolady.com/_Media/pasted-file-45_med_hr.png
000045.jpg,https://www.chili-shop24.com/media/image/ce/75/4e/9402_TrinidadScorpionChocol_600x600.jpg
000046.jpg,https://chilli-seedz.com/wp-content/uploads/2015/08/P1000725.jpg
000047.jpg,https://cdn.shopify.com/s/files/1/1145/1260/products/trinidad-scorpion-chocolate-long-2_large.jpg?v=1542650797
000048.jpg,https://i.etsystatic.com/8657432/r/il/ecc69e/524409619/il_794xN.524409619_b5p5.jpg
000049.jpg,https://upload.wikimedia.org/wikipedia/commons/3/37/Trinidad_Moruga_Scorpion.jpg
000050.jpg,https://images-na.ssl-images-amazon.com/images/I/81XIWlM6NYL._SX425_.jpg
000051.jpg,https://i.ebayimg.com/images/g/sCIAAOSwvApZ5fQb/s-l400.jpg
000052.jpg,https://webaruhaz.kertlap.hu/wp-content/uploads/2018/12/Morovars-Yellow.jpg
000053.jpg,https://www.pepperworldhotshop.com/out/pictures/master/product/1/trinidad_moruga_scorpion_chocolate_chilipflanze_pj357.jpg
000054.jpg,https://www.chilliseedbank.com.au/media/catalog/product/cache/image/720x560/4c3462793ba5f87d7658a49338bdb5e2/c/h/choc_moruga.jpg
000055.jpg,https://previews.123rf.com/images/juliedeshaies/juliedeshaies1810/juliedeshaies181000020/109807233-trinidad-moruga-scorpion-chocolate-extremely-hot-peppers-variety.jpg
000056.jpg,https://i.ebayimg.com/images/g/wIAAAOSwB9xXOnrw/s-l300.jpg
000057.jpg,https://images-na.ssl-images-amazon.com/images/I/81cAmQtGGcL._SY679_.jpg
000058.jpg,https://www.superhotchiles.com/wp-content/uploads/2018/07/Chocolate_Morunga_Scorpion_5-600x400.jpg
000059.jpg,http://www.bakerspeppers.com/images/Trinidad%20Scorpion%20Chocolate%20(8).jpg
000060.jpg,https://www.viridea.it/wp-content/uploads/2019/06/scorpion-chocolate.jpg
000061.jpg,https://www.chililovers.nu/wp-content/uploads/2016/05/trinidad-moruga-scorpion-chocolate.jpg
000062.jpg,https://ghostpepperstore.com/assets/images/freshpeppers/chocolate%20trinidad%20scorpion.jpg
000063.jpg,https://www.scovilla.com/media/image/8c/11/6a/900147_TrinidadScorpionChocolate_600x600.jpg
000064.jpg,https://neveldfel.cdn.shoprenter.hu/custom/neveldfel/image/cache/w550h550wt1/STOCK%20k%C3%A9pek/scorpionchocolate.jpg?lastmod=1519406515.1482238000
000065.jpg,https://cdn11.bigcommerce.com/s-k4j7yahdid/images/stencil/1280x1280/products/192/1176/trinidad-scorpion-chocolate-on-plant-BHS__37299.1514754787.jpg?c=2
000066.jpg,https://cdn.shopify.com/s/files/1/0915/1060/products/Pepper-Joes-Chocolate-Moruga-Brain-4876.jpg?v=1478640409
000067.jpg,http://wouldbank.info/wp-content/uploads/2018/11/trinidad-scorpion-pepper-plant-chocolate-scorpion-trinidad-scorpion-pepper-plant-care.jpg
000068.jpg,https://i.etsystatic.com/13959533/r/il/e31f43/1330586389/il_570xN.1330586389_csv7.jpg
000069.jpg,https://images.sellersourcebook.com/users/143753/trinidad-scorpion-moruga-chocolate.jpg
000070.jpg,https://thehippyseedcompany.com/wp-content/uploads/2017/06/Green-Scorpion-41.jpg
000071.jpg,https://images-na.ssl-images-amazon.com/images/I/71oroxOSC9L._SY355_.jpg
000072.jpg,https://ae01.alicdn.com/kf/HTB14XHUacfrK1Rjy1Xdq6yemFXar/500pcs-Chocolate-pepper-bonsai-black-pepper-Four-Seasons-pepper-Garden-Terrace-potted-Trinidad-Scorpion-Hot-Pepper.jpg_q50.jpg
000073.jpg,https://organicseeds.top/_bl/2/77736464.jpg
000074.jpg,https://www.picclickimg.com/00/s/NjAwWDgwMA==/z/duAAAOSwFRtdBQdo/$/Chilli-TRINIDAD-MORUGA-SCORPION-CHOCOLATE-BROWN-10-Seeds-_1.jpg
000075.jpg,https://www.volimljuto.com/wp-content/uploads/2018/08/Trinidad_scorpion_chocolate-VolimLjuto.jpg
000076.jpg,https://cdn.webshopapp.com/shops/60827/files/47987034/image.jpg
000077.jpg,https://i.imgur.com/FQbqyru.jpg
000078.jpg,https://fesaja-versand.de/images/product_images/original_images/chili-trinidad-moruga-scorpion-chocolate-samen-01.jpg
000079.jpg,https://pfefferhaus.de/media/images/popup/SCORPIONCHOCOLATE.JPG
000080.jpg,https://www.chilipeppermadness.com/wp-content/uploads/2019/04/Trinidad-Moruga-Scorpion-Peppers.jpg
000081.jpg,https://www.picclickimg.com/d/l400/pict/132328574742_/Trinidad-Scorpion-Chocolate-Most-Rare-Desirable.jpg
000082.jpg,https://cdn11.bigcommerce.com/s-cg0adf/images/stencil/500x659/products/1286/3474/Trinidad_Scorpion_Chocolate__87132.1552824047.jpg?c=2&imbypass=on
000083.jpg,https://d.allegroimg.com/s512/03f481/714e3a884be49b4e56cdde1281ed/nasiona-TRINIDAD-MORUGA-SCORPION-RED-lub-CHOCOLATE
000084.jpg,https://i1.wp.com/www.peppersbymail.com/wp-content/uploads/2015/07/chocolate_scorpion.jpg?fit=1280%2C960
000085.jpg,https://i.redd.it/qtvlqh0dkw531.jpg
000086.jpg,https://www.hotsauce.ch/wp-content/uploads/2018/09/chocolate-trinidad-moruga-scorpion.jpg
000087.jpg,http://rahiseedbank.com/wp-content/uploads/2014/07/u12.jpg
000088.jpg,https://www.cilicen.si/541-large_default/trinidad-scorpion-chocolate-capsicum-chinense-10-semen.jpg
000089.jpg,https://scontent.cdninstagram.com/vp/f3e50ac706b300bdef99f3271e3ed672/5DC98301/t51.2885-15/sh0.08/e35/s640x640/66067423_379272572730644_5142550735929014697_n.jpg?_nc_ht=scontent.cdninstagram.com
000090.jpg,https://www.pepperscale.com/wp-content/uploads/2013/07/Trinidad-Moruga-Scorpion-768x512.jpg
000091.jpg,https://i1.wp.com/www.peppersbymail.com/wp-content/uploads/2016/09/moruga_scorpion_chocolate.jpg?fit=1278%2C1232
000092.jpg,https://i.redd.it/7l85ili5efi31.jpg
000093.jpg,https://cdn.shopify.com/s/files/1/1145/1260/products/trinidad-scorpion-butch-t-chocolate-2_large.jpg?v=1542650375
000094.jpg,https://upload.wikimedia.org/wikipedia/commons/0/01/Trinidadscorpion.jpg
000095.jpg,http://www.bakerspeppers.com/images/1509642676294-66805523.jpeg
000096.jpg,http://www.fordsfieryfoodsandplants.com/peppers/image/cache/catalog/peppers/0063-500x500.jpg
000097.jpg,https://fesaja-versand.de/images/product_images/original_images/chili-trinidad-scorpion-chocolate-samen-03.jpg
000098.jpg,https://chilimag.hu/webshop/wp-content/uploads/2016/11/IMG_1782-copy.jpg
000099.jpg,https://i0.wp.com/www.assopepper.com/wp-content/uploads/2019/04/Peperoncino-Trinidad-Moruga-Scorpion-Chocolate-secco-intero-5g-Assopepper-Shop.png?fit=1000%2C1000&ssl=1
000100.jpg,https://thehippyseedcompany.com/wp-content/uploads/2019/03/Chocolate-Moruga-7ws.jpg
000101.jpg,https://cdn11.bigcommerce.com/s-cg0adf/images/stencil/1280x1280/products/1136/2920/TS_Choc__41980.1527341924.jpg?c=2
000102.jpg,https://i.pinimg.com/originals/cb/cf/48/cbcf48b404bfc873ca5231c6ebe0275c.jpg
000103.jpg,https://i.ytimg.com/vi/7tysJIlcumM/maxresdefault.jpg
000104.jpg,http://www.chiliszoszok.hu/img/7378/208344/400x400/208344.jpg
000105.jpg,https://cdn.instructables.com/FN1/TOC9/HO7XCY6K/FN1TOC9HO7XCY6K.LARGE.jpg
000106.jpg,https://www.hottyplace.com/2098/infinity-polvere-puro-peperoncino-piccante-persistente-infinito-vaso-vetro-10g.jpg
000107.jpg,https://image.shutterstock.com/image-photo/trinidad-scorpion-chocolateone-hottest-chilipeppers-600w-223786003.jpg
000108.jpg,https://alamopeppers.com/media/catalog/product/c/h/chocolatemoruga_edited-1.jpg
000109.jpg,https://cdn11.bigcommerce.com/s-qqb56hyrha/products/3598/images/5573/2355__26443.1516007001.500.750.jpg?c=2
000110.jpg,http://caribbeanpot.com/wp-content/uploads/2013/12/trinidad-moruga-scorpion-pepper-sauce.jpg
000111.jpg,https://www.superhotchiles.com/wp-content/uploads/2018/04/Chocolate-Moruga-Scorpion-Plants.jpg
000112.jpg,http://files.kitchenbowl.com/recipe/9aELy9xgsE/hot-salsa-made-with-the-trinidad-scorpio.jpg
000113.jpg,http://www.fieryfoodscentral.com/wp-content/uploads/2010/10/scorpionarticle10-2010.jpg
000114.jpg,https://d.allegroimg.com/s512/03a5cd/3c1e650c444c91ff3624f972190d
000115.jpg,https://www.rareseeds.com/assets/1/14/DimRegular/Pepper_Hot_Trinidad_Scorpion_HPP178_LSS_000_4397.JPG
000116.jpg,https://ae01.alicdn.com/kf/HTB1eQzTajvuK1Rjy0Faq6x2aVXa9/500pcs-Chocolate-pepper-bonsai-black-pepper-Four-Seasons-pepper-Garden-Terrace-potted-Trinidad-Scorpion-Hot-Pepper.jpg
000117.jpg,https://d13z1xw8270sfc.cloudfront.net/origin/274851/1564409957371_7pdsmaller.jpg
000118.jpg,https://www.alles-chili.de/images/stories/virtuemart/product/scorpion-choc-teller-628.jpg
000119.jpg,https://i.ytimg.com/vi/9s373fGxc5g/maxresdefault.jpg
000120.jpg,https://i.pinimg.com/originals/a3/72/1f/a3721fc731ccafef0aeee28c0fa82fdc.jpg
000121.jpg,https://www.picclickimg.com/d/l400/pict/123803390551_/Chilli-TRINIDAD-MORUGA-SCORPION-CARAMEL-10-Seeds-chilli.jpg
000122.jpg,https://www.hottyplace.com/1874/moruga-scorpion-yellow-polvere-peperoncino-piccante-estremo-fruttato-vaso-10g.jpg
000123.jpg,https://cdn11.bigcommerce.com/s-cg0adf/images/stencil/1280x1280/products/1072/2612/TS_Choc__94546.1519237087.png?c=2
000124.jpg,https://www.ukchilliseeds.co.uk/ekmps/shops/chilliwizard/images/trinidad-scorpion-chocolate-7-pot-831-p[ekm]360x360[ekm].jpg
000125.jpg,https://cdn.myshoptet.com/usr/www.levnasemena.cz/user/shop/big/2043_tsschoko1.jpg?5ab214df
000126.jpg,https://shop.westlandpeppers.com/wp-content/uploads/bfi_thumb/trinidad-scorpion-red_westlandpeppers-1-njrw13eqeagty4nd3nk0dmpib80zbxhkmm2rnnjwfs.jpg
000127.jpg,http://rahiseedbank.com/wp-content/uploads/2014/07/15.jpg
000128.jpg,https://www.chili-seminka.cz/1119-large_default/trinidad-scorpion-chocolate-semena.jpg
000129.jpg,https://cdn.thehippyseedcompany.com/wp-content/uploads/2017/06/Orange-Trinidad-Scorpion-1.jpg
000130.jpg,https://www.extrapaliveomacky.sk/fotky31661/fotos/_vyr_154chocolate-trigin.jpg
000131.jpg,https://live.staticflickr.com/7527/26356060514_fc82cc6438_b.jpg
000132.jpg,https://upload.wikimedia.org/wikipedia/commons/d/d9/Trinidad_Scorpion_Butch_T_Pepper.JPG
000133.jpg,https://www.chilli-semena.cz/user/7416/upload/stuff/resized/5930371_600-600.jpg
000134.jpg,https://scontent.cdninstagram.com/vp/26c9fa4f03b97060fcdccfda9cd5b554/5DCC4BF8/t51.2885-15/sh0.08/e35/s640x640/67607208_2576456499031553_2312979281846955725_n.jpg?_nc_ht=scontent.cdninstagram.com
000135.jpg,https://www.cilicen.si/167-large_default/trinidad-moruga-scorpion-chocolate-10-semen.jpg
000136.jpg,https://www.mrfothergills.com.au/media/catalog/product/1/2/128247_chilli_moruga_scorpion_chocolate.jpg
000137.jpg,https://www.fataliiseeds.net/wp-content/uploads/2018/03/moruga-scorpion.jpg
000138.jpg,https://i.pinimg.com/originals/30/e0/78/30e078c853ab233fe196e666c284f308.jpg
000139.jpg,https://i.imgur.com/l7dMkbR.jpg
000140.jpg,https://www.pepperscale.com/wp-content/uploads/2017/06/Komodo-Dragon-Pepper-4.jpg
000141.jpg,https://chilis.hu/shop_ordered/19763/pic/chili-lexikon/a-20-legerosebb-chili-paprika/Trinidad-Scorpion-Butch-T.jpg
000142.jpg,https://cdn.shopify.com/s/files/1/0220/1512/products/TN_Seeds_PainfullyHot_1200x1200_1f22c0b9-dd37-4581-915b-2cfea62cfb52.jpg?v=1540538308
000143.jpg,http://www.fordsfieryfoodsandplants.com/peppers/image/cache/catalog/brazilian%20ghost%20scorpion%20/bgs2-500x500.jpg
000144.jpg,http://www.chiliszoszok.hu/img/7378/482301/250x250/482301.jpg?time=1477916751
000145.jpg,https://i.redd.it/cmuw5xz0yvm11.png
000146.jpg,https://shop.westlandpeppers.com/wp-content/uploads/2013/09/caribbean-scorpion-sauce_westlandpeppers-1.jpg
000147.jpg,https://images-na.ssl-images-amazon.com/images/I/41Iw-20I3FL.jpg
000148.jpg,https://cdn.shopify.com/s/files/1/0237/0893/products/trinidad-moruga-scorpion-peppers-trinidad-moruga-scorpion-peppers-sonoran-spice-2-oz-239611.jpg?v=1559087104
000149.jpg,https://chilifarm.hu/wp-content/uploads/2017/01/nyelveterpesz-moruga-scorpion-chili-krem.jpg
000150.jpg,https://i.etsystatic.com/9911861/r/il/e233cb/1055417993/il_794xN.1055417993_n058.jpg
000151.jpg,https://st.hzcdn.com/fimgs/042262b704cac9b9_6059-w500-h500-b0-p0--.jpg
000152.jpg,http://croatianseeds-store.com/images/stories/virtuemart/product/DSCF3135.jpg
000153.jpg,https://www.superhotchiles.com/wp-content/uploads/2018/04/Trinidad-Chocolate-Scorpion-Chile-Plants.jpg
000154.jpg,https://m-garden.eu/img/4242/trimorueg/trimorueg.jpg?time=1508510321
000155.jpg,https://garden-tags-live.s3-accelerate.amazonaws.com/134802_reapers_1541190609385_707.jpeg
000156.jpg,https://comps.canstockphoto.com/trinidad-moruga-scorpion-peppers-stock-photograph_csp38695599.jpg
000157.jpg,https://bedziepieklo.pl/images/bedziepieklo/0-1000/Papryka-Trinidad-Scorpion-Chocolate-marynowana-w-zalewie-200g_%5B319%5D_480.jpg
000158.jpg,http://www.fieryfoodscentral.com/wp-content/uploads/2010/10/scorpionarticle1-2010.jpg
000159.jpg,http://chilishop-werder.com/WebRoot/Store28/Shops/43e01a20-424a-48d1-a48b-85eeddc548ec/59E9/BA38/CBF9/85F5/9638/0A48/3671/CACE/trinidad_scorpion_bluete.jpg
000160.jpg,https://live.staticflickr.com/6083/6138300902_fc5cc290b8_b.jpg
000161.jpg,https://cdn11.bigcommerce.com/s-k4j7yahdid/images/stencil/1280x1280/products/223/1460/DSC_0327_3__14054.1535589740.JPG?c=2
000162.jpg,https://static.wixstatic.com/media/1e0cca_25163918eaba439796b8dd36f78d9193.jpg/v1/fill/w_480,h_480,al_c,q_85,usm_0.66_1.00_0.01/1e0cca_25163918eaba439796b8dd36f78d9193.jpg
000163.jpg,https://upload.wikimedia.org/wikipedia/commons/c/cd/Moruga_Trinidad_Scorpion_ripe.JPG
000164.jpg,https://i.etsystatic.com/8657432/r/il/8474e3/1664098316/il_794xN.1664098316_r5g8.jpg
000165.jpg,https://www.picclickimg.com/00/s/NDMyWDcwMg==/z/NLQAAOSwt5hYg~x7/$/Chocolate-Trinidad-Moruga-Scorpion-pepper-30-fresh-_1.jpg
000166.jpg,https://image.shutterstock.com/image-photo/colorful-mix-fresh-hottest-chili-600w-485209663.jpg
000167.jpg,https://www.pepperworldhotshop.com/out/pictures/master/product/1/cajohns-trinidad-moruga-scorpion-bbq-sauce-lc022-1.jpg
000168.jpg,https://www.chileplants.com/images/chiles/trinidad-scorpion-yellow-pepper-plants.jpg
000169.jpg,https://previews.123rf.com/images/asmphoto/asmphoto1601/asmphoto160100013/51304046-trinidad-moruga-scorpion-peppers-red-and-chocolate.jpg
000170.jpg,http://newscenter.nmsu.edu/Photos/get/5050/full/Trinidad_Moruga.jpg
000171.jpg,https://i.ytimg.com/vi/5khT8uOVtcU/maxresdefault.jpg
000172.jpg,https://webimg.secondhandapp.com/w-i-mgl/5d1f8ea7e494824d6ad3a16e
000173.jpg,https://cdn11.bigcommerce.com/s-f6cx4kq/images/stencil/1280x1280/products/209/1111/chocolate_7_pot_brain_strain_1__48899.1549144745.jpg?c=2&imbypass=on
000174.jpg,http://i20.photobucket.com/albums/b221/MavicaMedic/01%202015%20C2C/Started_Threads/2015_Grow_List/Sept1_Update/TRINIDAD%20SCORPION%20CHOCOLATE_zps96uoipxj.jpg
000175.jpg,https://www.picclickimg.com/d/l400/pict/221598259240_/Trinidad-Moruga-Scorpion-pepper-25-seeds-Free-USA.jpg
000176.jpg,https://img.yumpu.com/55822546/7/500x640/chilis-termekkatalogus.jpg
000177.jpg,https://cdn.imgbin.com/15/5/21/imgbin-trinidad-moruga-scorpion-scoville-unit-chili-pepper-trinidad-scorpion-butch-t-pepper-dried-figs-TYH4NDt9M3nGPUeug61NtnDc1.jpg
000178.jpg,https://chilimania.hu/wp-content/uploads/trinidad-nagy_2143639958.png
000179.jpg,https://pepperhead.com/wp-content/uploads/2016/12/Brown-Moruga-Scorpion-e1529503753338.jpg
000180.jpg,https://www.hottyplace.com/1878-tm_thickbox_default/moruga-scorpion-yellow-polvere-peperoncino-piccante-estremo-fruttato-vaso-10g.jpg
000181.jpg,https://cdn.shopify.com/s/files/1/0188/0032/products/cajohns-trinidad-scorpion-bbq-sauce-caribe-pepper-cayenne-habanero-heat-level-07-chilly-chiles-largest-selection-of-hot-in-canada-condiment-flavor-sauces_921.jpg
000182.jpg,https://pbs.twimg.com/media/CNiOZl5VEAEJd3C.jpg
000183.jpg,https://sep.yimg.com/ay/yhst-60941604558443/dried-trinidad-scorpion-peppers-1-4-oz-packet-12.png
000184.jpg,https://i.etsystatic.com/9911861/r/il/3df0e6/1580378848/il_794xN.1580378848_s9gq.jpg
000185.jpg,https://www.pepperscale.com/wp-content/uploads/2017/07/trinidad-scorpion-butch-t-768x432.jpg
000186.jpg,https://www.superhotchiles.com/wp-content/uploads/2018/04/Orange-Longtail-Scorpion-Plants-300x225.jpg
000187.jpg,https://instagram.flhe9-1.fna.fbcdn.net/vp/06508600639c81be8b5b17792c5b63c6/5DF3E043/t51.2885-15/sh0.08/e35/c0.0.1439.1439/s640x640/66799006_155012775682096_3709029723323984072_n.jpg?_nc_ht=instagram.flhe9-1.fna.fbcdn.net
000188.jpg,https://www.semillas.de/pepper_fruits/black_stinger2.jpg
000189.jpg,https://scontent-lhr3-1.cdninstagram.com/vp/8ec894014ff628cf1e729d0d0860d25e/5E08F64A/t51.2885-15/sh0.08/e35/c135.0.810.810a/s640x640/67237102_185150689174563_3246761640698646525_n.jpg?_nc_ht=scontent-lhr3-1.cdninstagram.com&ig_cache_key=MjExODM2ODYxMzAwNzMyNjU5MQ%3D%3D.2.c
000190.jpg,https://kcdgarden.com/varieties/372/image.jpg?width=730&height=500&mode=crop&format=jpg&quality=65
000191.jpg,https://image.shutterstock.com/image-photo/close-photo-trinidad-moruga-scorpion-260nw-1488356249.jpg
000192.jpg,https://www.ukchilliseeds.co.uk/ekmps/shops/chilliwizard/images/moruga-scorpion-x-10-chilli-pepper-seeds-387-p.jpg
000193.jpg,https://i.redd.it/rk7uqn6c1xk11.jpg
000194.jpg,https://chilis.hu/shop_ordered/19763/pic/chili-lexikon/a-20-legerosebb-chili-paprika/7-Pot-Douglah.jpg
000195.jpg,https://www.venditapianteonline.it/wp-content/uploads/2016/02/Peperoncino-piccante-Trinidad-Scorpion-chocolate-Semente.jpg
000196.jpg,https://i.imgur.com/gE47pe3.jpg
000197.jpg,https://i.etsystatic.com/13959533/r/il/866893/1282433788/il_570xN.1282433788_bxd7.jpg
000198.jpg,https://www.pepperseeds.eu/pub/media/catalog/product/cache/51e4881dc4e265ed9adcb710d483ab73/c/h/chili_seeds_trinidad_moruga_scorpion_caramel_2.jpg
000199.jpg,https://i1.wp.com/www.thespiceagent.com/wp-content/uploads/2018/09/20180831_154323.jpg?resize=300%2C375&ssl=1
000200.jpg,https://i.pinimg.com/originals/1b/b6/a1/1bb6a11451e58d1d7209c89fa92aa398.jpg
000201.jpg,http://thehotpepper.com/uploads/monthly_10_2014/post-6459-0-12875500-1413043655.jpg
000202.jpg,https://www.thechili.life/wp-content/uploads/2017/09/apocalypse-scorpion-chocolate-growing-pepper-hot.jpg
000203.jpg,https://cf.shopee.ph/file/d8e0241f34adc32479066b6bfce1cab6
000204.jpg,https://thechillifactory.com/images/products/IMG_2634_The_Chilli_Factory_New_chilli_chili_Seeds_2015.jpg
000205.jpg,https://cdn1.bigcommerce.com/server700/5mvrqhbm/products/5520/images/150828/apocalypse-scorpion-chocolate-pepper__58048.1536104867.1280.1280.jpg?c=2
000206.jpg,http://www.fordsfieryfoodsandplants.com/peppers/image/cache/catalog/peppers/017-500x500.jpg
000207.jpg,https://www.rareseeds.com/assets/1/14/DimRegular/Trinidad-Scorpion-Yellow.jpg
000208.jpg,http://rahiseedbank.com/wp-content/uploads/2014/07/b114.jpg
000209.jpg,https://kcdgarden.com/varieties/28/IMG_3779.JPG?width=1280&height=1280&mode=max&format=jpg&quality=65
000210.jpg,https://cdn.shopify.com/s/files/1/0237/0893/products/chocolate-trinidad-scorpion-seeds-hot-pepper-seeds-sonoran-spice-15-count-382172_550x825.jpg?v=1556981443
000211.jpg,https://i.ytimg.com/vi/6h3mnWJGZJc/hqdefault.jpg
000212.jpg,https://www.hottyplace.com/1876-tm_thickbox_default/moruga-scorpion-yellow-polvere-peperoncino-piccante-estremo-fruttato-vaso-10g.jpg
000213.jpg,https://pepperhead.com/wp-content/uploads/2012/10/Butch-T-2.jpg
000214.jpg,https://previews.123rf.com/images/asmphoto/asmphoto1601/asmphoto160100035/51304108-the-three-hotest-chili-on-earth-bhut-jolokia-ghost-chili-carolina-reaper-trinidad-scorpion-moruga-ch.jpg
000215.jpg,https://www.superhotchiles.com/wp-content/uploads/2018/06/Bhutlah_Scorpion_Chocolate_1.jpg
000216.jpg,https://image.shutterstock.com/image-photo/close-photo-trinidad-moruga-scorpion-260nw-1489948448.jpg
000217.jpg,https://www.thechili.life/wp-content/uploads/2017/09/grow-chilli-pepper-hot-apocalyse-scorpion-chocolate.jpg
000218.jpg,https://deaflora.de/images/product_images/original_images/chili_trinidad_scorpion_chocolate_2.jpg
000219.jpg,https://chilis.hu/shop_ordered/19763/pic/chili-lexikon/a-20-legerosebb-chili-paprika/Naga-Viper.jpg
000220.jpg,https://cdn.shopify.com/s/files/1/0220/1512/products/trinidad-scorpion-moruga-130-7_800x.jpg?v=1553425345
000221.jpg,http://i.imgur.com/MacsI1p.jpg
000222.jpg,https://easyponix.com/wp-content/uploads/2014/05/Trinidad_Douglah.jpg
000223.jpg,https://cdn.shopify.com/s/files/1/0915/1060/products/Caramel_Moruga.JPG?v=1476888068
000224.jpg,https://hotfarm.eu/wp-content/uploads/2017/11/super.jpg
000225.jpg,http://aaroncarver.me/wp-content/uploads/2019/02/trinidad-scorpion-pepper-seed-vegetable-seeds-ghost.jpg
000226.jpg,http://thumb2.zeppy.io/d/l400/pict/172763652170/trinidad-moruga-scorpion-chilli-dried-pods-2nd-worlds-hottest-chilli-25g
000227.jpg,http://www.pepperheads-hotsauces.com/wp-content/uploads/2015/03/Bhutlahredd-e1568557123926-1200x1600.jpg
000228.jpg,https://i.etsystatic.com/12846395/r/il/b3067c/1266351146/il_570xN.1266351146_1qy2.jpg
000229.jpg,https://pixl.varagesale.com/http://s3.amazonaws.com/hopshop-image-store-production/165730304/5363a07adc4ee865bab16198ab7fafff.jpg?_ver=large_uploader_thumbnail&w=640&h=640&fit=crop&s=a623e00bdb55fb67381964296ddb606d
000230.jpg,https://image.shutterstock.com/display_pic_with_logo/3657989/485632522/stock-photo-a-colorful-mix-of-the-fresh-and-hot-chili-peppers-trinidad-moruga-scorpion-bhut-jolokia-chocolate-485632522.jpg
000231.jpg,https://i.imgur.com/ySh8nRU.jpg
000232.jpg,https://www.chilliseedbank.com.au/media/catalog/product/cache/image/720x560/4c3462793ba5f87d7658a49338bdb5e2/m/o/morugayellow.jpg
000233.jpg,https://i2.wp.com/www.assopepper.com/wp-content/uploads/2019/04/Peperoncino-Trinidad-Moruga-Scorpion-Chocolate-secco-intero-5g-Composizione-Assopepper.png?fit=300%2C300&ssl=1
000234.jpg,http://croatianseeds-store.com/images/stories/virtuemart/product/BBGChocolate.jpg
000235.jpg,https://i.redd.it/4yiugybmyvu01.jpg
000236.jpg,https://cdn.shopify.com/s/files/1/1654/8555/products/Moruga_Scorpion_Chocolate_50_d_e708bda3-4a5c-49ee-9feb-24676676a211_530x@2x.jpg?v=1536150191
000237.jpg,https://www.chilliwizards.co.uk/Graphics/Product_Detail_Images/trinidad-moruga-scorpion-powder-2nd-worlds-hottest-chilli-powder-50g-[2]-1642-p.jpg
000238.jpg,https://pepperhead.com/wp-content/uploads/2016/12/Moruga-Scorpion2-e1529428416563.jpg
000239.jpg,https://vivis-chili.dk/wp-content/gallery/trinidad-scorpion-chocolate-thsc/trinidad-scorpion-chocolate-thsc-24-uger.jpg?lang=en
000240.jpg,https://shop.westlandpeppers.com/wp-content/uploads/bfi_thumb/red-scorpion-sauce_westlandpeppers-3-o6i482mkhlky3d3vpbjp7l3cpe55az7f91mb4ntz3s.jpg
000241.jpg,https://cdn.shopify.com/s/files/1/0803/5001/products/FireFly_BBQ-12_a40deae3-036d-45d1-b185-da2ac3a78034.jpg?v=1556358375
000242.jpg,https://scontent-yyz1-1.cdninstagram.com/vp/beb609a0c23d775746362d5beff4fb62/5DF88DA2/t51.2885-15/sh0.08/e35/s640x640/68834064_2179350069030718_1638262492954412835_n.jpg?_nc_ht=scontent-yyz1-1.cdninstagram.com&_nc_cat=110
000243.jpg,https://i5.walmartimages.com/asr/d7a74fa7-b77c-4690-8cc9-c47e7d0cbae6_1.c0f788d169f3ffe2ccbb6c910b0991ea.jpeg?odnHeight=450&odnWidth=450&odnBg=FFFFFF
000244.jpg,https://chilimania.hu/wp-content/uploads/Trinidad-Scorpion-Moruga-Yellow-chili-paprika-mag.jpg
000245.jpg,https://images-na.ssl-images-amazon.com/images/I/81Bx8QW3NbL._SL1500_.jpg
000246.jpg,https://i.etsystatic.com/19582545/c/836/667/581/287/il/a33267/2033260911/il_340x270.2033260911_pzdj.jpg
000247.jpg,http://plantium.ru/image/cache/catalog/seeds/peppers/chinense/trinidad_scorpion/moruga/brown/trinidad-scorpion-moruga-brown-chocolate-3-plantium.ru-600x600.jpg
000248.jpg,https://cdn.webshopapp.com/shops/133932/files/103138199/400x400x2/nonya-sambal-carolina-reaper.jpg
000249.jpg,https://image.shutterstock.com/image-photo/colorful-mix-fresh-hottest-chili-600w-485606584.jpg
000250.jpg,https://i.ytimg.com/vi/5wBmVlCrOYA/hqdefault.jpg
000251.jpg,https://cdn11.bigcommerce.com/s-f6cx4kq/images/stencil/500x659/products/123/1172/trinidad_scorpion_butch_t_tyler_farms__28488.1550360302.jpg?c=2
000252.jpg,https://www.semillas.de/pepper_flowers/chocolate_scorpion_SR.jpg
000253.jpg,https://www.pepperseeds.eu/pub/media/catalog/product/cache/51e4881dc4e265ed9adcb710d483ab73/g/e/gedroogde_pepers_-_trinidad_moruga_scorpion_chocolate_1.jpg
000254.jpg,http://www.fieryfoodscentral.com/wp-content/uploads/2010/10/scorpionarticle12-2010.jpg
000255.jpg,https://www.superhotchiles.com/wp-content/uploads/2018/04/Bhutlah-Scorpion-Chocolate-seeds.jpg
000256.jpg,https://cdn11.bigcommerce.com/s-cb3kf/images/stencil/900x1800/products/607/2963/Moruga_Scorpion_Pepper_Powder__39758.1535999616.jpg?c=2
000257.jpg,http://i608.photobucket.com/albums/tt162/JungleRain_Chilli/2011_2012%20Season/TrinidadScorpionChocolateAISPES3.jpg
000258.jpg,https://www.chili-shop24.com/media/image/ee/92/aa/100665_01_600x600.jpg
000259.jpg,https://i.pinimg.com/originals/1b/b4/f3/1bb4f3ce83c7ebba30c48bf04d854314.jpg
000260.jpg,https://ae01.alicdn.com/kf/HTB1MmGeaIfrK1RjSszcq6xGGFXa5/Ngryise-3000Pcs-A-Set-Chocolate-Naga-Jolokia-Chilli-Trinidad-Scorpion-Spicy-high-yield-red-pepper-blue.jpg_220x220.jpg
000261.jpg,http://chrisdelarosa.com/wp-content/uploads/2013/11/peppers2.jpg
000262.jpg,https://www.hottyplace.com/2099-tm_thickbox_default/infinity-polvere-puro-peperoncino-piccante-persistente-infinito-vaso-vetro-10g.jpg
000263.jpg,https://i.redd.it/s16d48ins4431.jpg
000264.jpg,http://img.reblog.hu/blogs/22755/fullsizerender-20b04.jpg?w=640
000265.jpg,https://cdn11.bigcommerce.com/s-cg0adf/images/stencil/1280x1280/products/805/1573/Trinidad_Scorpion_Flakes__48396.1460633177.jpg?c=2
000266.jpg,http://www.chileplanet.eu/schede/pepper/Trinidad%20Scorpion%20Chocolate-2.jpg
000267.jpg,https://c8.alamy.com/comp/EK87EF/isolated-trinidad-scorpion-pepper-EK87EF.jpg
000268.jpg,https://st.hzcdn.com/fimgs/dc12789704cac9b8_6058-w500-h500-b0-p0--.jpg
000269.jpg,https://m.blog.hu/ny/nyulituzes/image/.external/.thumbs/f52b40e56f548fd150e1e66edc22465b_d49afe6e3b4eb7cadfe308837303ec67.jpg
000270.jpg,https://www.vreeken.nl/afbv/209457-peper-trinidad-scorpion-chocolate.jpg
000271.jpg,https://www.superhotchiles.com/wp-content/uploads/2018/04/Trinidad-Yellow-7-Pot-Plants-300x225.jpg
000272.jpg,https://static.wixstatic.com/media/1e0cca_4866112dd7764ab0b740c510a4a6d1a9.jpg/v1/fill/w_480,h_313,al_c,q_85,usm_0.66_1.00_0.01/1e0cca_4866112dd7764ab0b740c510a4a6d1a9.jpg
000273.jpg,https://cdn.webshopapp.com/shops/60827/files/47987038/trinidad-scorpion-moruga-chocolate.jpg
000274.jpg,https://apollo-ireland.akamaized.net/v1/files/7vwssy60qxdb1-UA/image;s=644x461
000275.jpg,https://i0.wp.com/www.peppersbymail.com/wp-content/uploads/2017/11/trinidad-moruga-scorpion-yellow.jpg?fit=1511%2C1320
000276.jpg,https://img.yumpu.com/55979825/1/500x640/trinidad-scorpion-chocolate-crush.jpg
000277.jpg,http://ost.re/wp-content/uploads/2015/03/Trinidad-Scorpion-Chocolate-2.jpg
000278.jpg,https://www.chilliseedbank.com.au/media/catalog/product/cache/image/720x560/4c3462793ba5f87d7658a49338bdb5e2/c/o/congo_trinidad_cropped.jpg
000279.jpg,http://www.ortomio.it/public/foto_prodotti_n/pianta_da_orto_480.jpg
000280.jpg,https://www.superhotchiles.com/wp-content/uploads/2018/04/Chocolate-Bubblegum-7-Pot-Seeds.jpg
000281.jpg,https://cdn.notonthehighstreet.com/fs/98/28/2eeb-9d0a-4ae7-8897-315c05b8bc0a/original_trinidad-scorpion-chilli-mash.jpg
000282.jpg,https://deaflora.de/images/product_images/info_images/chili_trinidad_scorpion_chocolate_14.jpg
000283.jpg,https://img.index.hu/imgfrm/2/8/0/1/MED_0013202801.jpg
000284.jpg,https://image.shutterstock.com/image-photo/close-photo-trinidad-moruga-scorpion-260nw-1488356255.jpg
000285.jpg,http://getagro.com.au/uploads/ad_picture/thumbs/TrinidadScorpionchocolate.jpg
000286.jpg,https://gd.image-gmkt.com/SONORAN-SPICE-TRINIDAD-SCORPION-GUMBALLS-7-OUNCE/li/624/865/857865624.g_400-w_g.jpg
000287.jpg,http://www.fordsfieryfoodsandplants.com/peppers/image/cache/catalog/brazilian%20ghost%20scorpion%20/bgs-500x500.jpg
000288.jpg,https://www.southdevonchillifarm.co.uk/images/detailed/1/Fresh-Trinidad-Scorpion-Chillies-Red.jpg
000289.jpg,https://www.pepperworldhotshop.com/out/pictures/master/product/1/trinidad_moruga_scorpion_yellow_sc215_1(1).jpg
000290.jpg,https://www.chileplants.com/images/chiles/moruga-scorpion-chocolate-pepper-plants-cropped.jpg
000291.jpg,https://www.pepperheads-hotsauces.com/wp-content/uploads/Challenge-Moruga-009-220x330.jpg
000292.jpg,https://scontent.cdnsnapwidget.com/vp/a71415b9c53d9ff591b00451a28cb66c/5B7F480B/t51.2885-15/e35/31898700_207114626762801_4888256348644442112_n.jpg
000293.jpg,https://www.peppersofkeywest.com/wp-content/uploads/2014/07/1374-600x600.jpg
000294.jpg,https://http2.mlstatic.com/pasta-de-chile-trinidad-moruga-scorpion-chocolate-D_NQ_NP_382515-MLM25252649895_122016-F.jpg
000295.jpg,http://www.htpepper.com/wp-content/uploads/2015/09/Chocolate-Brain-Strain01-324x432.jpg
000296.jpg,https://scontent-lax3-2.cdninstagram.com/vp/02df4a1a4c6fe12a5b54bafdb795e4d7/5E375FD1/t51.2885-15/e35/c120.0.480.480a/40964313_2111340455794693_5828978414751933218_n.jpg?_nc_ht=scontent-lax3-2.cdninstagram.com&_nc_cat=101
000297.jpg,https://lovelyspice.nl/wp-content/uploads/2019/08/trinidad-scorpion-chocolate-pepergelei-100gr-300x300.jpg
000298.jpg,https://www.ostrakuchnia.pl/userdata/gfx/5b0a6ece8449ed074ff2e6a2e82d85d4.jpg
000299.jpg,https://pbs.twimg.com/media/B8LqitNCYAApeWO.jpg
000300.jpg,https://www.chili-shop24.com/media/image/tagebuch-30.jpg
000301.jpg,https://img.index.hu/imgfrm/2/8/0/0/MED_0013202800.jpg
000302.jpg,https://i1.wp.com/www.peppersbymail.com/wp-content/uploads/simple_photo_gallery/9/trinidad_moruga_scorpion_04.jpg?resize=324%2C324
000303.jpg,https://www.hottyplace.com/1875-tm_thickbox_default/moruga-scorpion-yellow-polvere-peperoncino-piccante-estremo-fruttato-vaso-10g.jpg
000304.jpg,https://www.volimljuto.com/wp-content/uploads/2018/05/Trinidad_Scorpion_Chocolate-11.jpg
000305.jpg,https://d36tnp772eyphs.cloudfront.net/blogs/1/2014/05/Chocolate-habanero-peppers.jpg
000306.jpg,https://hunaqua.cdn.shoprenter.hu/custom/hunaqua/image/cache/w400h400wt1/product/TRINIDAD%20MORUGA%20SCORPION%20215ML%20-INDONESIAN%20BROWN.png?lastmod=1554388518.1542366000
000307.jpg,https://shop.westlandpeppers.com/wp-content/uploads/2017/07/air_dried_scorpion_brown_10gr_westlandpeppers-1.jpg
000308.jpg,https://pepperhead.com/wp-content/uploads/2018/02/Moruga-Scorpion-Powder-282-559-202x400.jpg
000309.jpg,https://thepepperseed.com/wp-content/gallery/misc/moruga-scorpion-pepper-results.jpg
000310.jpg,http://www.flowerfactory.cz/rimg/740x740/trinidad-scorpion-chocolate-10ks.jpg
000311.jpg,https://chilis.hu/img/19763/Trinidad_Scorpion_Moruga_orloben/490x490,r/Trinidad_Scorpion_Moruga_orloben.jpg
000312.jpg,http://www.fordsfieryfoodsandplants.com/peppers/image/cache/catalog/brazilian%20ghost%20scorpion%20/bgs3-500x500.jpg
000313.jpg,http://rahiseedbank.com/wp-content/uploads/2014/07/t118-200x200.jpg
000314.jpg,https://www.ilasfoods.com/wp-content/uploads/2017/02/trinidad-scorpion-pepper-jelly-2.jpg
000315.jpg,https://chocoladeverkopers.nl/chocolade/wp-content/uploads/2019/03/french-broad-trinidad-scorpion-peper-pure-chocolade.jpg
000316.jpg,http://buyghostpepperplants.com/wp-content/uploads/2017/03/Sphagnum_Peat_Moss_seed_starting_soil_for_moruga_scorpion_peppers_7.jpg
000317.jpg,https://www.cayennediane.com/wp-content/uploads/Trinidad_Scorpion_Butch_T1.jpg
000318.jpg,https://deaflora.de/images/product_images/info_images/chili_trinidad_scorpion_chocolate_4.jpg
000319.jpg,https://www.superhotchiles.com/wp-content/uploads/2018/07/Trinidad_Chocolate_Scorpion_21-600x400.jpg
000320.jpg,https://cdn11.bigcommerce.com/s-apotcf0e6i/images/stencil/1280x1280/products/161/627/Cropped_VD_Scorpion__00868.1505861659.png?c=2&imbypass=on
000321.jpg,https://i.redd.it/ls2mbzkl4d931.jpg
000322.jpg,https://www.pepperscale.com/wp-content/uploads/2013/07/trinidad-moruga-scorpion_lg.jpeg
000323.jpg,https://cdn.mos.cms.futurecdn.net/kkNhysm6R2PhUVhng6ShSj-320-80.png
000324.jpg,http://mybmci.info/wp-content/uploads/2019/08/chocolate-scorpion-pepper-watch-out-for-the-scorpion-hottest-pepper-in-the-world.jpg
000325.jpg,https://cdn.shopify.com/s/files/1/0915/1060/products/trinidad-moruga-scorpion-hot-pepper-pepper-joes.jpg?v=1462314510
000326.jpg,https://markdaviesseeds.co.uk/content/images/thumbs/0002626_10-seeds-yellow-trinidad-moruga-scorpion-chilli_550.jpeg
000327.jpg,https://cdn11.bigcommerce.com/s-f6cx4kq/images/stencil/500x659/products/201/1098/peach_trinidad_scorpion__15475.1549140360.jpg?c=2
000328.jpg,https://i.ebayimg.com/images/g/4u0AAOSwkfxb2SPT/s-l640.jpg
000329.jpg,http://tomaten-chilis.de/shop/images/product_images/popup_images/1049_0.jpg
000330.jpg,https://st.hzcdn.com/fimgs/f88277c104cac9b7_6057-w500-h213-b0-p0--.jpg
000331.jpg,https://chili.tummelsta.se/wp-content/uploads/2018/10/55555554354435-600x600.jpg
000332.jpg,http://i608.photobucket.com/albums/tt162/JungleRain_Chilli/2011_2012%20Season/Something%20New/7potpodJonahbottomPrimotopcomparison.jpg
000333.jpg,http://semeniste.cz/786-thickbox/trinidad-scorpion-moruga-chocolate-extremne-palive-chilli-papricky-semena-cili-papricek-5-ks.jpg
000334.jpg,https://i5.walmartimages.com/asr/f18f8a08-c7c2-47f2-984a-0dd077a4e9b8_1.b108428ae85b37db6981c5a1bb89a527.jpeg?odnHeight=450&odnWidth=450&odnBg=FFFFFF
000335.jpg,https://i.redd.it/vsi55xy6cgf01.jpg
000336.jpg,https://cdn.myshoptet.com/usr/www.woch.cz/user/shop/big/692_trinidad-scorpion-chocolate.png?5c3a45f4
000337.jpg,http://kulonleges-paradicsom.hu/wp-content/uploads/2017/09/Solar-Flair1.jpg
000338.jpg,http://i20.photobucket.com/albums/b221/MavicaMedic/01%202015%20C2C/Started_Threads/2015_Grow_List/Sept1_Update/HABANERO%20BLACK_zpsqyreyuhd.jpg
000339.jpg,https://deaflora.de/images/product_images/info_images/chili_trinidad_scorpion_chocolate_3.jpg
000340.jpg,https://site-752375.mozfiles.com/files/752375/medium/51079053_2180517195542937_2201976668338257920_n.jpg
000341.jpg,https://i.ytimg.com/vi/GmGt9A1W4TM/hqdefault.jpg
000342.jpg,https://i0.wp.com/www.peppersbymail.com/wp-content/uploads/2017/10/lemon-lime-scorpion-2.jpg?fit=1986%2C1443
000343.jpg,https://ogorod.ua/_sh/123/12328m.jpg
000344.jpg,https://cdn.shopify.com/s/files/1/0915/1060/products/yellow-trinidad-scorpion-hot-pepper-joes.jpg?v=1462386284
000345.jpg,https://5.allegroimg.com/s400/034b58/e04ae5284925b39c95d7b88c7615
000346.jpg,https://www.pepperscale.com/wp-content/uploads/2017/08/7-Pot-Barrackpore.jpg
000347.jpg,https://deaflora.de/images/product_images/info_images/chili_trinidad_scorpion_chocolate_11.jpg
000348.jpg,https://apollo-ireland.akamaized.net/v1/files/h12w1yf34aao2-UA/image;s=644x461
000349.jpg,https://cdn.shopify.com/s/files/1/0915/1060/products/Butch-T-Trinidad-Scoprion-plant-hot-pepper-pepper-joes.jpg?v=1462321501
000350.jpg,https://i.ytimg.com/vi/SNSNhx98RSQ/maxresdefault.jpg
000351.jpg,https://www.hottyplace.com/2100-tm_thickbox_default/infinity-polvere-puro-peperoncino-piccante-persistente-infinito-vaso-vetro-10g.jpg
000352.jpg,https://netbutik.fuglebjerggaard.dk/wp-content/uploads/2018/02/trinidad-scorpion-choc.jpg
000353.jpg,https://www.primabazar.cz/images/images45/314454/detail-1.jpg
000354.jpg,https://www.peperoncinipiccanti.com/wp-content/uploads/2012/05/trinidad-scorpion-red-1500x1000-426x351.jpg
000355.jpg,https://http2.mlstatic.com/trinidad-moruga-scorpion-chocolate-semillas-chile-mas-picoso-D_NQ_NP_699859-MLM25773090213_072017-F.jpg
000356.jpg,https://deaflora.de/images/product_images/info_images/chili_trinidad_scorpion_chocolate_8.jpg
000357.jpg,http://www.bakerspeppers.com/images/BBOP.jpg
000358.jpg,https://cdn.shopify.com/s/files/1/0915/1060/products/Butch-T-Trinidad-Scorpion---Q-600-Butch-T-Trinidad-Scorpion-3.JPG?v=1462321501
000359.jpg,https://d.allegroimg.com/s512/0166c1/a003abc643b8b3fbbad89b02cd9d/TRINIDAD-SCORPION-MORUGA-CHOCOLATE-MEGAHOT
000360.jpg,https://i.ytimg.com/vi/U8YsgO48-30/maxresdefault.jpg
000361.jpg,https://www.chili-shop24.com/media/image/d5/14/5f/8035b24682d810bc7be90b278ee7eee4_600x600.jpg
000362.jpg,http://farm7.static.flickr.com/6124/6019272215_ddd58a2001.jpg
000363.jpg,https://i0.wp.com/www.peppersbymail.com/wp-content/uploads/2016/09/trinidad_scorpion_sweet_01.jpg?fit=887%2C739
000364.jpg,http://vivis-chili.dk/wp-content/gallery/trinidad-scorpion-chocolate/trinidad-scorpion-chocolate-33-uger.jpg
000365.jpg,https://cdn11.bigcommerce.com/s-f6cx4kq/product_images/uploaded_images/chocolate-trinidad-scorpion-pepper-tyler-farms.jpg
000366.jpg,https://deaflora.de/images/product_images/info_images/chili_trinidad_scorpion_chocolate_9.jpg
000367.jpg,https://cdn.shopify.com/s/files/1/0915/1060/products/Butch-T-Trinidad-Scorpion---Q-2-600.JPG?v=1462386284
000368.jpg,http://www.flowerfactory.cz/galerie/sazenice-1ks-6.jpg
000369.jpg,http://www.hottyplace.com/img/p/2/0/9/4/2094-home_default.jpg
000370.jpg,https://i.ytimg.com/vi/Cndyfbeh6Mo/maxresdefault.jpg
000371.jpg,https://cdn.shopify.com/s/files/1/0915/1060/products/Caramel_trinidad_scorpion_moruga-hot-pepper-pepper-joes.jpg?v=1476888068
000372.jpg,https://upload.wikimedia.org/wikipedia/commons/6/68/Trinidad_Moruga_Scorpion_2014-01-25_18-15.jpg
000373.jpg,https://deaflora.de/images/product_images/info_images/chili_trinidad_scorpion_chocolate_7.jpg
000374.jpg,http://farm7.static.flickr.com/6018/6019161045_ce855135e8.jpg
000375.jpg,https://i.ytimg.com/vi/L7X3aMAy4jc/maxresdefault.jpg
000376.jpg,https://images-na.ssl-images-amazon.com/images/I/71YZllCn8wL._SL1500_.jpg
000377.jpg,https://i1.wp.com/www.peppersbymail.com/wp-content/uploads/2015/08/trinidad_scorpion_red.jpg?resize=324%2C324
000378.jpg,https://i.etsystatic.com/12356882/r/il/1d9f62/1376148149/il_794xN.1376148149_3xdh.jpg
000379.jpg,https://images-na.ssl-images-amazon.com/images/I/71XD3c3xceL._SX466_.jpg
000380.jpg,https://i2.wp.com/ae01.alicdn.com/kf/HTB10OriJgmTBuNjy1Xbq6yMrVXam/200pcs-pack-Chocolate-Naga-font-b-Jolokia-b-font-Chilli-bonsais-Ghost-Pepper-font-b-Bhut.jpg
000381.jpg,https://www.chili-shop24.com/media/image/41/07/fb/9179_7-Pot-White_600x600.jpg
000382.jpg,http://thumb4.zeppy.io/d/l400/pict/273499063704/scorpion-pepper-combo-pack-100-seeds-carolina-reaper-scorpion-chocolate-yellow
000383.jpg,https://i.imgur.com/FdtcWWp.jpg
000384.jpg,http://ukchilliseeds.co.uk/ekmps/shops/chilliwizard/images/trinidad-scorpion-chocolate-7-pot-[2]-831-p.jpg
000385.jpg,http://i.ytimg.com/vi/a0RlY8w33Z8/maxresdefault.jpg
000386.jpg,http://www.seedman.com/image/pep709.jpg
000387.jpg,http://cdn1.bigcommerce.com/server700/5mvrqhbm/products/4669/images/147625/trinidad-scorpion-chocolate-brain-strain-pepper-x__17543.1501738757.451.395.jpg
000388.jpg,https://cdn.thehippyseedcompany.com/wp-content/uploads/2017/06/THSC-Chocolate-Scorpion-3.jpg
000389.jpg,https://cdn.webshopapp.com/shops/60827/files/47987046/trinidad-scorpion-moruga-chocolate.jpg
000390.jpg,https://cdn.shopify.com/s/files/1/0915/1060/products/Chocolate-Capuccino-Trinidad-Moruga-Scorpion-Peppers-pair-hot-pepper-pepper-joes.jpg
000391.jpg,https://cdn.thehippyseedcompany.com/wp-content/uploads/2017/06/THSC-Chocolate-Scorpion.jpg
000392.jpg,https://www.superhotchiles.com/wp-content/uploads/2018/07/Trinidad_Chocolate_Scorpion_13-600x400.jpg
000393.jpg,https://www.chili-shop24.com/media/image/ce/75/4e/9402_TrinidadScorpionChocol_600x600.jpg
000394.jpg,http://www.peppersbymail.com/wp-content/uploads/2015/09/trinidad_scorpion_chocolate_04.jpg
000395.jpg,https://cdn.webshopapp.com/shops/60827/files/47987034/trinidad-scorpion-moruga-chocolate.jpg
000396.jpg,https://alamopeppers.com/media/catalog/product/cache/1/image/1300x1300/9df78eab33525d08d6e5fb8d27136e95/c/h/chocolatemoruga_s.jpg
000397.jpg,https://webaruhaz.kertlap.hu/wp-content/uploads/2018/01/trinidad-scorpion-moruga-chocolate-3.jpg
000398.jpg,https://www.chillihead.co.za/image/cache/data/products/TSChoco-500x500.jpg
000399.jpg,https://cdn.shopify.com/s/files/1/0915/1060/products/Caramel_trinidad_scorpion_moruga-hot-pepper-pepper-joes_grande.jpg
000400.jpg,http://static.webshopapp.com/shops/060827/files/047987038/trinidad-scorpion-moruga-chocolate.jpg
000401.jpg,https://cdn.shopify.com/s/files/1/0915/1060/products/trinidad-scorpion-chocolate-cappuccino-hot-pepper-pepper-joes_grande.jpg
000402.jpg,https://cdn.shopify.com/s/files/1/0220/1512/products/CP_115_-_Trinidad_Douglah_x_Trinidad_Scorpion_Butch_T_Chocolate_-_Select_800x.jpg
000403.jpg,http://www.fordsfieryfoodsandplants.com/peppers/image/cache/catalog/peppers/0063-500x500.jpg
000404.jpg,http://www.chileplanet.eu/schede/pepper/Trinidad%20Scorpion%20Chocolate-1.jpg
000405.jpg,https://www.pepperscale.com/wp-content/uploads/2014/10/Trinidad-Scorpion-Chocolate-1.jpg
000406.jpg,https://alamopeppers.com/media/catalog/product/cache/1/image/1300x1300/9df78eab33525d08d6e5fb8d27136e95/t/r/trinidadchocolate7pot_25oz_4.jpg
000407.jpg,https://cdn1.bigcommerce.com/server700/5mvrqhbm/products/4421/images/146526/trinidad-moruga-scorpion-chocolate-pepper__53721.1477156689.1280.1280.jpg
000408.jpg,https://fordtufff.files.wordpress.com/2013/07/012.jpg
000409.jpg,http://www.peppersbymail.com/wp-content/uploads/2015/07/chocolate_scorpion-600x600.jpg
000410.jpg,https://webaruhaz.kertlap.hu/wp-content/uploads/2018/01/trinidad-scorpion-moruga-chocolate.jpg
000411.jpg,https://heritageseedmarket.com/wp-content/uploads/2016/09/Trinidad-Scorpion-Chocolate-BHS.jpg
000412.jpg,http://www.chileplanet.eu/schede/pepper/Trinidad%20Scorpion%20Chocolate-2.jpg
000413.jpg,http://www.peppersbymail.com/wp-content/uploads/simple_photo_gallery/26/trinidad_scorpion_chocolate_02.jpg
000414.jpg,http://www.peppersbymail.com/wp-content/uploads/2015/09/trinidad_scorpion_chocolate_01.jpg
000415.jpg,https://chilli-seedz.com/wp-content/uploads/2015/08/P1000725.jpg
000416.jpg,https://www.pepperworldhotshop.com/out/pictures/generated/product/1/540_340_75/trinidad_chocolate_sn043_1.jpg
000417.jpg,https://shop.westlandpeppers.com/wp-content/uploads/2017/07/trinidad-scorpion-chocolate_westlandpeppers-1.jpg
000418.jpg,https://cdn.thehippyseedcompany.com/wp-content/uploads/2019/03/THSC-Chocolate-Scorpion-11ws.jpg
000419.jpg,https://cdn6.bigcommerce.com/s-f6cx4kq/products/134/images/456/chocolate_trinidad_scorpion_pepper_tyler_farms__29161.1407257586.1000.1200.jpg
000420.jpg,https://static.webshopapp.com/shops/060827/files/047987042/trinidad-scorpion-moruga-chocolate.jpg
000421.jpg,https://www.peperossino.it/wp-content/uploads/2017/04/Peperoncino-trinidad-scorpion-chocolate.jpg
000422.jpg,http://vivis-chili.dk/wp-content/gallery/trinidad-scorpion-chocolate-turd-strain/trinidad-scorpion-chocolate-turd-strain-6-uger.jpg
000423.jpg,https://fesaja-versand.de/images/product_images/info_images/chili-trinidad-scorpion-chocolate-samen-03.jpg
000424.jpg,https://thechillifactory.com/images/Chocolate_Scorpion.jpg
000425.jpg,https://i.ytimg.com/vi/5khT8uOVtcU/maxresdefault.jpg
000426.jpg,https://www.volimljuto.com/wp-content/uploads/2018/08/Trinidad_scorpion_chocolate-VolimLjuto-1200x800.jpg
000427.jpg,https://cdn.shopify.com/s/files/1/0915/1060/products/trinidad-scorpion-chocolate-cappuccino-2-hot-pepper-pepper-joes_grande.jpg
000428.jpg,https://cdn.shopify.com/s/files/1/0915/1060/products/Trinidad-Scoprion-Chocolate-600-Trinidad-Scorpion-Chocolate-Cappuccino.jpg
000429.jpg,http://i.ebayimg.com/images/i/231343270042-0-1/s-l1000.jpg
000430.jpg,https://www.semillas.de/pepper_fruits/chocolate_scorpion.jpg
000431.jpg,https://www.volimljuto.com/wp-content/uploads/2019/01/Trinidad_scorpion_chocolate_sjemenke.jpg
000432.jpg,https://cdn.thehippyseedcompany.com/wp-content/uploads/2019/03/THSC-Chocolate-Scorpion-13ws.jpg
000433.jpg,https://vivis-chili.dk/wp-content/gallery/trinidad-scorpion-morouga-chocolate/trinidad-scorpion-morouga-chocolate-6-uger.jpg
000434.jpg,https://www.venditapianteonline.it/wp-content/uploads/2017/03/Peperoncino-piccante-Trinidad-Scorpion-chocolate.jpg
000435.jpg,https://fesaja-versand.de/images/product_images/original_images/trinidad-scorpion-chocolate-qr.jpg
000436.jpg,https://www.volimljuto.com/wp-content/uploads/2019/01/webb-1.jpg
000437.jpg,https://alamopeppers.com/media/catalog/product/c/h/chocolatemoruga_edited-1.jpg
000438.jpg,https://i0.wp.com/www.bmorespicy.com/wp-content/uploads/imported/0/1000-seeds-ChocolateBrown-Trinidad-Moruga-Scorpion-Hot-pepper-Extreme-Rare-Bulk-171658903030.jpg
000439.jpg,http://i.ebayimg.com/images/i/121415703262-0-1/s-l1000.jpg
000440.jpg,http://vivis-chili.dk/wp-content/gallery/trinidad-scorpion-chocolate-thsc/trinidad-scorpion-chocolate-thsc-21-uger.jpg
000441.jpg,https://c8.alamy.com/comp/PN2JD4/trinidad-moruga-scorpion-chocolate-extremely-hot-pepper-variety-PN2JD4.jpg
000442.jpg,https://i.pinimg.com/originals/7e/0c/a6/7e0ca6f73159e8b54159dd7c49dd82c0.jpg
000443.jpg,https://cdn.shopify.com/s/files/1/0237/0893/products/chocolate-trinidad-scorpion-seeds-hot-pepper-seeds-sonoran-spice-386140_2048x.jpg
000444.jpg,http://thumb101.shutterstock.com/display_pic_with_logo/164983/223786003/stock-photo-trinidad-scorpion-chocolate-one-of-the-hottest-chilipeppers-of-the-world-223786003.jpg
000445.jpg,https://shop.westlandpeppers.com/wp-content/uploads/2017/07/trinidad-scorpion-yellow_westlandpeppers-1.jpg
000446.jpg,http://www.deaflora.de/images/product_images/original_images/chili_trinidad_scorpion_chocolate_2.jpg
000447.jpg,http://i263.photobucket.com/albums/ii126/trinihottie/Chocolate%20Scorpion/scorpion066.jpg
000448.jpg,http://plantium.ru/image/catalog/seeds/peppers/chinense/trinidad_scorpion/moruga/brown/trinidad-scorpion-moruga-brown-chocolate-2-plantium.ru.jpg
000449.jpg,https://thumbs.dreamstime.com/z/trinidad-moruga-scorpion-peppers-red-chocolate-65131040.jpg
000450.jpg,https://c8.alamy.com/comp/F8EWAX/chili-pepper-trinidad-moruga-scorpion-F8EWAX.jpg
000451.jpg,http://vivis-chili.dk/wp-content/gallery/trinidad-scorpion-chocolate-turd-strain/trinidad-scorpion-chocolate-turd-strain-24-uger.jpg
000452.jpg,https://c8.alamy.com/comp/PJR0WC/trinidad-moruga-scorpion-chocolate-extremely-hot-pepper-variety-PJR0WC.jpg
000453.jpg,http://thepepperseed.com/wp-content/gallery/misc/trinidad-scorpion-morogu-blend.jpg
000454.jpg,http://vivis-chili.dk/wp-content/gallery/trinidad-scorpion-morouga-chocolate/trinidad-scorpion-morouga-chocolate-9-uger.jpg
000455.jpg,https://1.semenaonline.sk/2846-thickbox_default/chilli-trinidad-scorpion-moruga-chocolate-capsicum-sinense-predaj-semien-chilli-5-ks.jpg
000456.jpg,https://c8.alamy.com/comp/PTW7WD/trinidad-moruga-scorpion-chocolate-extremely-hot-peppers-variety-PTW7WD.jpg
000457.jpg,https://www.semillas.de/pepper_fruits/trinidad_scorpion_moruga_chocolate.jpg
000458.jpg,http://vivis-chili.dk/wp-content/gallery/trinidad-scorpion-chocolate-turd-strain/trinidad-scorpion-chocolate-turd-strain-12-uger.jpg
000459.jpg,https://shop.westlandpeppers.com/wp-content/uploads/2017/07/trinidad-scorpion-yellow_westlandpeppers-2.jpg
000460.jpg,http://vivis-chili.dk/wp-content/gallery/trinidad-scorpion-chocolate/trinidad-scorpion-chocolate-42-uger.jpg
000461.jpg,http://vivis-chili.dk/wp-content/gallery/trinidad-scorpion-chocolate-turd-strain/trinidad-scorpion-chocolate-turd-strain-3-uger.jpg
000462.jpg,http://vivis-chili.dk/wp-content/gallery/trinidad-scorpion-chocolate-turd-strain/trinidad-scorpion-chocolate-turd-strain-21-uger.jpg
000463.jpg,https://www.cilicen.si/167-thickbox_default/trinidad-moruga-scorpion-chocolate-10-semen.jpg
000464.jpg,http://vivis-chili.dk/wp-content/gallery/trinidad-scorpion-chocolate-thsc/trinidad-scorpion-chocolate-thsc-12-uger.jpg
000465.jpg,http://vivis-chili.dk/wp-content/gallery/trinidad-scorpion-chocolate/trinidad-scorpion-chocolate-45-uger.jpg
000466.jpg,https://static.cloud-boxloja.com/lojas/sfvft/produtos/d5715d4e-a022-4542-b185-2f6ac245a1b1.jpg
000467.jpg,http://vivis-chili.dk/wp-content/gallery/trinidad-scorpion-chocolate/trinidad-scorpion-chocolate-6-uger.jpg
000468.jpg,https://c8.alamy.com/comp/PW11NC/trinidad-moruga-scorpion-chocolate-extremely-hot-peppers-variety-PW11NC.jpg
000469.jpg,http://vivis-chili.dk/wp-content/gallery/trinidad-scorpion-chocolate-thsc/trinidad-scorpion-chocolate-thsc-24-uger.jpg
000470.jpg,http://vivis-chili.dk/wp-content/gallery/trinidad-scorpion-chocolate/trinidad-scorpion-chocolate-12-uger.jpg
000471.jpg,https://image.jimcdn.com/app/cms/image/transf/none/path/s5e1b30cc4970f2bf/image/ie4660031c5347de5/version/1469986519/image.jpg
000472.jpg,http://vivis-chili.dk/wp-content/gallery/trinidad-scorpion-chocolate/trinidad-scorpion-chocolate-15-uger.jpg
000473.jpg,http://vivis-chili.dk/wp-content/gallery/trinidad-scorpion-chocolate/trinidad-scorpion-chocolate-21-uger.jpg
000474.jpg,http://vivis-chili.dk/wp-content/gallery/trinidad-scorpion-chocolate/trinidad-scorpion-chocolate-24-uger.jpg
000475.jpg,http://vivis-chili.dk/wp-content/gallery/trinidad-scorpion-chocolate/trinidad-scorpion-chocolate-18-uger.jpg
000476.jpg,http://www.cuochiepadelle.it/wp-content/uploads/2015/07/amatriciana_12.jpg
000477.jpg,https://fesaja-versand.de/images/product_images/info_images/chili-trinidad-moruga-scorpion-chocolate-samen-02.jpg
000478.jpg,https://c8.alamy.com/comp/PN2JD7/various-hot-pepper-over-white-background-from-cayenne-to-chocolate-scorpion-PN2JD7.jpg
000479.jpg,http://vivis-chili.dk/wp-content/uploads/2013/07/Trinidda-Scorpion-Morouga-Chocolate-moden-frugt.jpg
000480.jpg,https://c8.alamy.com/comp/F8EWBA/chili-pepper-trinidad-moruga-scorpion-F8EWBA.jpg
000481.jpg,https://alamopeppers.com/media/catalog/product/cache/1/image/1300x1300/9df78eab33525d08d6e5fb8d27136e95/c/h/chocolatemoruga_edited-1.jpg
000482.jpg,https://c8.alamy.com/comp/F8EW9T/chili-pepper-habanero-chocolate-F8EW9T.jpg
000483.jpg,https://c8.alamy.com/comp/F8EW93/chili-pepper-habanero-chocolate-F8EW93.jpg
000484.jpg,https://c8.alamy.com/comp/E5BF1T/bushey-hertfordshire-uk-27-july-2014-the-awesome-hertfordshire-chilli-E5BF1T.jpg
000485.jpg,https://www.sardegnainblog.it/wp-content/uploads/2019/10/festa_peperoncino_extra_piccante_turri_manifesto_2019-770x430.jpg
000486.jpg,https://c8.alamy.com/comp/PHRMED/immature-chili-pepper-unripe-peppers-chocolate-bhut-jolokia-ghost-spicy-spices-vegetable-growing-healthy-spice-PHRMED.jpg
000487.jpg,https://c8.alamy.com/comp/E5BF21/bushey-hertfordshire-uk-27-july-2014-the-awesome-hertfordshire-chilli-E5BF21.jpg
