image,source
000001.jpg,https://www.pepperscale.com/wp-content/uploads/2015/12/wiri-wiri-pepper-1-e1509286740719-768x432.jpg
000002.jpg,https://images-na.ssl-images-amazon.com/images/I/41ufOzeABbL._AC_SY400_.jpg
000003.jpg,https://i.ebayimg.com/images/g/gj0AAOSwI2VaxqtT/s-l300.jpg
000004.jpg,https://cdn1.bigcommerce.com/server700/5mvrqhbm/products/5521/images/150986/wiri-wiri-pepper__47669.1541099041.1280.1280.jpg?c=2
000005.jpg,https://www.superhotchiles.com/wp-content/uploads/2018/09/ChilesWiriWiri2-2018-1.jpg
000006.jpg,https://i.ebayimg.com/images/g/4IIAAOSw-JJag5um/s-l400.jpg
000007.jpg,http://www.weriweripeppers.com/resize/shared/images/product/20160625_194017.jpg?bw=1000&w=1000&bh=1000&h=1000
000008.jpg,https://i.pinimg.com/originals/8b/aa/23/8baa23db6a3d904348101880bc661910.jpg
000009.jpg,https://www.seedsofindia.com/shop/images/Wiri-wiri-pepper-seeds-NEW-FOR-2014250-337.png
000010.jpg,https://images-na.ssl-images-amazon.com/images/I/61dWyUuY5GL.jpg
000011.jpg,https://toptropicals.com/pics/garden/15/9/20151018_123554.jpg
000012.jpg,https://www.chileplants.com/images/chiles/wiri-wiri-pepper-plants.jpg
000013.jpg,https://www.magicplantfarms.com/wp-content/uploads/2016/09/Cherry-Pepper-Wiri-Wiri-400.jpg
000014.jpg,https://s1.stabroeknews.com/images/2017/06/20170624maiwiri61.jpg
000015.jpg,https://toptropicals.com/pics/garden/15/10/20150909_090920.jpg
000016.jpg,https://www.seaspringseeds.co.uk/images/stories/virtuemart/product/coffee-bean-2.jpg
000017.jpg,https://i.pinimg.com/474x/d3/b0/f5/d3b0f512970841eeedd616fc80ed1349.jpg
000018.jpg,https://i.ytimg.com/vi/wTJYUFlpWNk/maxresdefault.jpg
000019.jpg,https://images-na.ssl-images-amazon.com/images/I/816AXs9FWlL._SX425_.jpg
000020.jpg,http://2.bp.blogspot.com/_6EbFpuHfxk0/TT-3Qaz78LI/AAAAAAAAGKI/IbS1d6mpRGs/s1600/Pepper+Sauce.jpg
000021.jpg,https://i.etsystatic.com/7824311/r/il/4a4012/637953747/il_794xN.637953747_1m69.jpg
000022.jpg,https://toptropicals.com/pics/garden/m2/2015/10/20151018_123554Capsicum_frutescens_TA.jpg
000023.jpg,https://cdn.shopify.com/s/files/1/0464/6061/products/Wiri-Wiri-Peppers-28-14170E_1024x1024.jpg?v=1467749004
000024.jpg,https://toptropicals.com/pics/garden/m2/2015/10/20151018_123550Capsicum_frutescens_TA.jpg
000025.jpg,https://sc01.alicdn.com/kf/HTB1ARg9LXXXXXXHXVXXq6xXFXXXg/wiri-wiri-pepper.jpg
000026.jpg,https://s1.stabroeknews.com/images/2017/06/20170624mai-wiri1.jpg
000027.jpg,https://c8.alamy.com/comp/PM7A76/capsicum-chinense-habanero-chilli-var-rajs-wiri-wiri-chilli-peppers-on-the-plant-PM7A76.jpg
000028.jpg,https://sc01.alicdn.com/kf/HTB1NeBOKVXXXXcyaXXXq6xXFXXXm/Wiri-Wiri-Pepper.jpg
000029.jpg,https://i.redd.it/es6b910xtzq11.jpg
000030.jpg,https://www.spicejungle.com/media/catalog/product/cache/2/image/9df78eab33525d08d6e5fb8d27136e95/d/r/dried-wiri-wiri-chiles_2.jpg
000031.jpg,https://toptropicals.com/pics/garden/11/olymp/7/P6177007.jpg
000032.jpg,https://i.ebayimg.com/images/g/YE8AAOxyTMdTM15o/s-l300.jpg
000033.jpg,http://i178.photobucket.com/albums/w279/cynthiaanelson/Wiri4.jpg
000034.jpg,https://c8.alamy.com/comp/PM7A6B/capsicum-chinense-habanero-chilli-var-rajs-wiri-wiri-chilli-peppers-on-the-plant-PM7A6B.jpg
000035.jpg,https://s1.stabroeknews.com/images/2017/06/20170624wiri-peppers51.jpg
000036.jpg,https://i.pinimg.com/originals/89/44/17/894417f0da410ec49998e2efd20e90f0.jpg
000037.jpg,http://www.magicplantshop.com/images/watermarked/1/detailed/1/Cherry-Pepper2-600.jpg
000038.jpg,https://pics.davesgarden.com/pics/2011/10/29/Rhapsody616/7b2889.jpg
000039.jpg,https://www.chileplants.com/images/chiles/wiri-wiri-yellow-pepper-plants.jpg
000040.jpg,https://toptropicals.com/pics/garden/15/9/20151018_123559.jpg
000041.jpg,http://www.teethwhiteningnearme.co.uk/image/cache/data/category_12/Wiri%20Wiri%20Pepper%20100%20Seeds%20Very%20Hard%20To%20Find%20C%20frutescens%20From%20Guyana%20B074J5M3T3-500x500_0.jpg
000042.jpg,https://i.ebayimg.com/images/g/4kwAAOSwPrtb0Sx5/s-l300.jpg
000043.jpg,https://i.ytimg.com/vi/BUJqgOyrwvE/maxresdefault.jpg
000044.jpg,https://ketchtoronto.files.wordpress.com/2016/08/vsco-photo-2-3.jpg?w=1060
000045.jpg,http://www.magicplantshop.com/images/watermarked/1/detailed/1/Wiri-Wiri-Cherry-Pepper-Whole-Pods.jpg
000046.jpg,https://i.redd.it/dh3hchrl00i31.jpg
000047.jpg,https://i.pinimg.com/736x/12/0f/b6/120fb610c49ba14a1049828d27b1d42a.jpg
000048.jpg,https://s.yimg.com/aah/yhst-60941604558443/cherry-pepper-a-k-a-wiri-wiri-chili-pepper-powder-in-a-spice-jar-1-76-oz-11.png
000049.jpg,https://cdn.shopify.com/s/files/1/1035/1939/products/IMG-20190322-1627011_1024x1024.jpg?v=1553432406
000050.jpg,https://www.spicesinc.com/images/product/large/5247.jpg
000051.jpg,https://www.chilipeppermadness.com/wp-content/uploads/2019/04/Hottest-Peppers-in-the-World-List.jpg
000052.jpg,https://chilli-seedz.com/wp-content/uploads/2015/08/Wiri-Wiri-900x900.jpg
000053.jpg,https://pixl.varagesale.com/http://s3.amazonaws.com/hopshop-image-store-production/141134692/7bdfb4fa3bba16e9228b79bd87a6235f.jpg?_ver=large_uploader_thumbnail&w=640&h=640&fit=crop&s=051af8995afaafe973a2931116341b88
000054.jpg,https://www.magicplantfarms.com/wp-content/uploads/2016/12/Cherry-Pepper-2.jpg
000055.jpg,http://farm4.static.flickr.com/3218/2919032746_b357a3205d.jpg
000056.jpg,https://woodlandfoods.com/img/WF_Images/C52-wiri-wiri-chiles-peppers-main.jpg
000057.jpg,https://i.etsystatic.com/8204508/d/il/2315eb/1871498591/il_340x270.1871498591_ez4s.jpg?version=0
000058.jpg,https://cdn.shopify.com/s/files/1/1022/5071/products/other-seeds-bulbs-wiri-wiri-pepper-10-seeds-very-hard-to-find-c-frutescens-from-guyana-7_1024x1024.jpg?v=1565032554
000059.jpg,https://assets.listia.com/photos/27d68ae95102b703d40d/original.png?s=320x320m&sig=5c417b2ab77dad19&ts=1506547195
000060.jpg,http://farm9.staticflickr.com/8101/8669064991_1422b6782c_z.jpg
000061.jpg,https://image.shutterstock.com/image-photo/small-wiri-peppers-600w-1176411829.jpg
000062.jpg,https://i1.wp.com/ajeeshouse.com/wp-content/uploads/2018/05/Wiri-Wiri-Pepper-1.png?fit=1200%2C550&ssl=1
000063.jpg,https://images.offerup.com/XpU1I9ZkhJsSO2002n6gp2yAxVw=/426x567/5754/57545ddb3a32457283e559152d7a6ba3.jpg
000064.jpg,https://i.ytimg.com/vi/5mOgGCivPqY/maxresdefault.jpg
000065.jpg,https://www.pepperscale.com/wp-content/uploads/2016/01/cherry-bomb-pepper_1-768x576.jpg
000066.jpg,https://toptropicals.com/pics/garden/11/olymp/7/P8087443.jpg
000067.jpg,https://i.imgur.com/z4GBZDt.jpg
000068.jpg,https://www.chili-shop24.com/media/image/47/0f/89/103815_01_600x600.jpg
000069.jpg,https://cdn.shopify.com/s/files/1/0464/6061/products/Cayenne-Pepper-Red-28-11605_large.jpg?v=1435351558
000070.jpg,http://www.weriweripeppers.com/Shared/Images/Product/Weri-weri-peppers-1-pound-Mix-peppers-red-yellow/sauce-and-peppers.jpg
000071.jpg,http://www.duke.edu/~mturner/wwDSC02749%20%28Large%29.JPG
000072.jpg,https://i.pinimg.com/originals/a3/d4/52/a3d45276d38bfe0be5f3aaa52c87d03e.jpg
000073.jpg,https://images.offerup.com/pxzjLcyW7WRAArgR_rAE7LmJ3b8=/600x800/e3d4/e3d49b7383be4c99a56b50a28b497438.jpg
000074.jpg,https://cdn.foodsofnations.com/wp-content/uploads/wiri-wiri-chilies-1.jpg
000075.jpg,https://www.magicplantfarms.com/wp-content/uploads/2017/01/Red-Cayenne-500x383.jpg
000076.jpg,https://thumbs.dreamstime.com/z/plants-wiri-wiri-hot-pepper-plant-bears-small-round-red-peppers-grow-best-tropics-37494735.jpg
000077.jpg,https://www.gardening-forums.com/attachments/image-jpg.39320/
000078.jpg,http://2.bp.blogspot.com/-DXq46d0INr4/T_JiBfvCVjI/AAAAAAAACCY/W8ZvZQOQmgE/s1600/wiri+wiri+002.JPG
000079.jpg,https://s.yimg.com/aah/yhst-60941604558443/cherry-pepper-a-k-a-wiri-wiri-chili-pepper-powder-6-kilogram-bulk-pouches-13-23-pounds-5.png
000080.jpg,https://usercontent1.hubstatic.com/5000024.jpg
000081.jpg,https://ketchtoronto.files.wordpress.com/2016/08/vsco-photo-3-3.jpg?w=490&h=654
000082.jpg,https://static.wixstatic.com/media/9336a0_0ffe30feaa7f4e2d9a27356b10911c20~mv2_d_1761_1755_s_2.jpg/v1/fit/w_300,h_300,al_c,q_80/file.jpg
000083.jpg,http://villasentieri.com/wp-content/uploads/2018/06/2-Habanero-848x1024.jpg
000084.jpg,http://3.bp.blogspot.com/_6EbFpuHfxk0/TT-4qhAP3pI/AAAAAAAAGUc/gTUkiD63H2s/s3200/IMG_2711.JPG
000085.jpg,https://www.seaspringseeds.co.uk/images/stories/virtuemart/product/2web-20.jpg
000086.jpg,https://c8.alamy.com/comp/PKA4B9/capsicum-annuum-rajs-wiri-wiri-chillies-on-the-plant-PKA4B9.jpg
000087.jpg,https://images.fineartamerica.com/images-medium-large-5/wiri-pepper-mark-khan.jpg
000088.jpg,https://www.spicejungle.com/media/catalog/product/cache/2/image/9df78eab33525d08d6e5fb8d27136e95/w/i/wiri-wiri-chile-powder.jpg
000089.jpg,https://www.magicplantshop.com/images/thumbnails/450/450/detailed/1/Cherry-Pepper-Flakes.png
000090.jpg,https://i5.walmartimages.com/asr/9cc11a7e-fdcc-4f53-ab84-e1c624dcf7f3_1.d2410024cb2c7b976427077ace356f64.jpeg?odnHeight=450&odnWidth=450&odnBg=FFFFFF
000091.jpg,https://www.picclickimg.com/d/l400/pict/123441938115_/40-Guam-Boonie%C2%A0-Pepper-Seeds-Ultra-Rare-Hot.jpg
000092.jpg,https://toptropicals.com/pics/garden/13/olymp/2/P3242135.jpg
000093.jpg,http://www.theabaconian.com/wp-content/uploads/2016/09/hot-peppers.jpg
000094.jpg,https://onestopchillishop.co.uk/wp-content/uploads/2019/09/WIRI-Bottle-Shots1055_WhiteBackground-e1568991019267.jpeg
000095.jpg,http://www.mgsforum.org/smf/index.php?action=dlattach;topic=2645.0;attach=18494;image
000096.jpg,https://cdn.foodsofnations.com/wp-content/uploads/wiri-wiri-chili-powder-1.jpg
000097.jpg,https://kitchen-garden.be/wp-content/uploads/1-Growing-chilli-peppers.jpg
000098.jpg,https://www.superhotchiles.com/wp-content/uploads/2018/04/Orange-Thai-Chile-Plants-300x225.jpg
000099.jpg,https://st.hzcdn.com/fimgs/f462896404cb1cce_7328-w500-h375-b0-p0--.jpg
000100.jpg,https://weloveshon.com/i-west/Pepper-7.jpg
000101.jpg,https://vitalgrill.com/wp-content/uploads/2018/11/VGS9013MAIN.jpg
000102.jpg,https://chasingchilli.com.au/wp-content/uploads/2017/04/Carolina-Reaper.png
000103.jpg,http://i916.photobucket.com/albums/ad8/markmezo/hot%20peppers/wiriwiri4.jpg
000104.jpg,https://media.istockphoto.com/photos/wiri-pepper-picture-id1034448842
000105.jpg,http://i494.photobucket.com/albums/rr301/allenboatman1968/WiriWiri.jpg
000106.jpg,http://cdn.shopify.com/s/files/1/0187/2546/products/DSC00025_1024x1024.JPG?v=1428421138
000107.jpg,https://www.edenproject.com/shop/sites/default/files/Rajs-wiri-wiri-chilli-seeds.jpg
000108.jpg,https://www.greengardeningcookingcuring.com/Chiles/Guyana-Wiri-Wiri-Pepper.jpg
000109.jpg,http://farm9.staticflickr.com/8537/8670164914_59b5f72683_z.jpg
000110.jpg,https://thejazzchef.com/wp-content/uploads/2017/07/SJ_Wiri-Wiri-Ground.png
000111.jpg,https://www.chilipeppermadness.com/wp-content/uploads/2013/10/Spanish-Naga-Peppers.jpg
000112.jpg,https://www.alicaspepperpot.com/wp-content/uploads/2017/01/2.jpg
000113.jpg,https://i.etsystatic.com/8657432/r/il/a8afbe/678607118/il_570xN.678607118_fr91.jpg
000114.jpg,http://jehancancook.com/wp-content/uploads/2014/07/Pepper-1-21-1024x863.jpg
000115.jpg,http://cdn.shopify.com/s/files/1/1022/5071/articles/IMG_7797_zps1cf87e4a_1024x1024.jpg?v=1547312890
000116.jpg,https://www.pepperscale.com/wp-content/uploads/2016/08/Aji_charapita_lg.jpg
000117.jpg,https://thehippyseedcompany.com/wp-content/uploads/2018/03/Guyana-Chilli-3.jpg
000118.jpg,https://cdn11.bigcommerce.com/s-295z9o5zsa/images/stencil/1280x1280/products/612/1408/Caribbean_Wiri_Wiri_Chile_Peppers_Edited_1__46245.1524689789.jpg?c=2
000119.jpg,https://q7i2y6d5.stackpathcdn.com/wp-content/uploads/2015/04/pepper-lobes.jpg
000120.jpg,https://static.wixstatic.com/media/ed21ea_26221a0914d2243256498e023ec6f3e4.jpg/v1/fill/w_548,h_334,al_c,lg_1,q_80/ed21ea_26221a0914d2243256498e023ec6f3e4.webp
000121.jpg,http://www.magicplantshop.com/images/watermarked/1/detailed/2/wiri-wiri-powder.jpg
000122.jpg,https://image.shutterstock.com/image-photo/kitchen-garden-wiri-peppers-260nw-1509103715.jpg
000123.jpg,https://www.picclickimg.com/d/l400/pict/272968503580_/Birds-Eye-Chili-Pepper-30-Seeds-Very-Hot.jpg
000124.jpg,https://kitchen-garden.be/wp-content/uploads/14-Chillis-in-the-city.jpg
000125.jpg,http://thehotpepper.com/uploads/monthly_08_2018/post-12933-0-09282800-1534264732.jpg
000126.jpg,https://upload.wikimedia.org/wikipedia/commons/0/03/African_red_devil_peppers.jpg
000127.jpg,https://i.ytimg.com/vi/lNZtNLPjDMY/hqdefault.jpg
000128.jpg,https://www.chili-shop24.com/media/image/6e/33/7c/103816_01_600x600.jpg
000129.jpg,https://assets.bigcartel.com/product_images/227148812/Resized_20170807_163723.jpg?auto=format&fit=max&w=1000
000130.jpg,https://d194ip2226q57d.cloudfront.net/original_images/The_Worlds_Hottest_Peppers_are_Grown_in_Strafford
000131.jpg,https://cdn2.hubspot.net/hubfs/4952786/AdobeStock_57267173.jpeg
000132.jpg,https://cdn.maximumyield.com/images/uploads/flora-jar-plant-potted-plant-pottery-vase-herbs-planter-food-fruit.jpg?height=265&width=430&mode=crop
000133.jpg,https://i.etsystatic.com/6388582/r/il/84f94f/1192604712/il_fullxfull.1192604712_7g19.jpg
000134.jpg,https://nomadspiceco.com/wp-content/uploads/2017/04/NSC-wiri-wiri-chile-powder.jpg
000135.jpg,https://scontent-frt3-2.cdninstagram.com/v/t51.2885-15/e35/s320x320/65662219_1931392553628871_8589956761988092654_n.jpg?_nc_ht=scontent-frt3-2.cdninstagram.com&oh=043cf0b5b49c2185329a37fbaece9c98&oe=5DDF346B&ig_cache_key=MjA4NzIxMjI5NDIwNzkwNDkwNw%3D%3D.2
000136.jpg,https://toptropicals.com/pics/garden/11/olymp/7/P6177018.jpg
000137.jpg,https://scontent-frt3-1.cdninstagram.com/vp/4f5b6a32229132f71baa461650e35049/5E2658EB/t51.2885-15/e35/s1080x1080/66323086_414270802522636_563286197345029641_n.jpg?_nc_ht=scontent-frt3-1.cdninstagram.com&_nc_cat=104&ig_cache_key=MjA5NDA4MDg5NTg0ODg0MzUwNQ%3D%3D.2
000138.jpg,http://i494.photobucket.com/albums/rr301/allenboatman1968/Wiri-Wiri1.jpg
000139.jpg,https://dcassetcdn.com/design_img/1573274/104385/104385_7910319_1573274_6757e56b_image.jpg
000140.jpg,http://3.imimg.com/data3/PK/NP/GLADMIN-8066/red-chilli-500x500.jpg
000141.jpg,https://s.yimg.com/aah/yhst-60941604558443/cherry-pepper-a-k-a-wiri-wiri-chili-pepper-powder-in-a-spice-jar-1-76-oz-4.png
000142.jpg,https://www.seedsofindia.com/shop/images/Shishito-pepper--NEW-FOR-2019327-538.jpg
000143.jpg,https://sc02.alicdn.com/kf/HTB10gIVLpXXXXaUXVXXq6xXFXXXR/Wiri-pepper.jpg_350x350.jpg
000144.jpg,https://www.magicplantfarms.com/wp-content/uploads/2016/10/Morita-Powder.jpg
000145.jpg,http://www.duke.edu/~mturner/wwxbjDSC02871a%20%28Large%29.JPG
000146.jpg,http://caribbeanpot.com/wp-content/uploads/2019/02/curry-chicken-with-spinach-10.jpg
000147.jpg,https://www.greengardeningcookingcuring.com/Chiles/Young-Serano-Pepper-Plant.jpg
000148.jpg,https://www.metro.ca/userfiles/image/fruits-vegetables-herbs/spice-header.jpg
000149.jpg,http://www.magicplantshop.com/images/watermarked/1/detailed/1/Cherry-Pepper-Flakes.jpg
000150.jpg,https://instagram.frix8-1.fna.fbcdn.net/vp/180c732c192f320c2306aa61c7d377e5/5DE97CC2/t51.2885-15/e35/66107962_360579397960031_987192438944799108_n.jpg?_nc_ht=instagram.frix8-1.fna.fbcdn.net
000151.jpg,https://scontent-yyz1-1.cdninstagram.com/vp/dd791f9fd39310657dd7acdf02e43d68/5E336491/t51.2885-15/sh0.08/e35/s640x640/69077812_142257840355162_8401579737005514924_n.jpg?_nc_ht=scontent-yyz1-1.cdninstagram.com&_nc_cat=110
000152.jpg,https://dcassetcdn.com/design_img/1573274/462626/462626_7940298_1573274_2973f1d6_image.png
000153.jpg,https://image.isu.pub/141119154711-ca3cbbe40ac6f3aab0a48fa2480e7f85/jpg/page_89.jpg
000154.jpg,http://weloveshon.com/i-west/plant-27.png
000155.jpg,https://i.redd.it/6ar4fuzti3a11.jpg
000156.jpg,https://www.cayennediane.com/wp-content/uploads/Barkers-Hot-pepper-300x300.jpg
000157.jpg,https://s3.eu-west-2.amazonaws.com/growinginteractive/blog/chilli_on_windowsill_in_autumn.jpg
000158.jpg,https://www.thoughtco.com/thmb/epSasjYlIQtTyTTWMHZ-Knrd8lU=/768x0/filters:no_upscale():max_bytes(150000):strip_icc()/vegetable-stills--chili-pepper-red-172716606-5b958e8246e0fb0050304ff8.jpg
000159.jpg,https://www.chilipeppermadness.com/wp-content/uploads/2017/06/Komodo-Dragon-Peppers.jpg
000160.jpg,https://chilifee.de/WebRoot/Store17/Shops/6785a7bf-b9bd-45fa-b711-164bd13875ab/5B71/6784/282E/CBFE/A3BA/0A48/3549/ADB3/IMG_6666.jpg
000161.jpg,https://www.thespruceeats.com/thmb/xL8u6SKj93TnaETIUY63wfZWPhA=/425x0/filters:no_upscale():max_bytes(150000):strip_icc()/GettyImages-1141134933-fcc8ca31c1604de9ae721c4723a5be9c.jpg
000162.jpg,https://edge.bonnieplants.com/www/uploads/20180920002214/pequin-chili-pepper-iStock.jpg
000163.jpg,https://www.edenproject.com/shop/sites/default/files/styles/product_thumbnail__small_/public/Fairy-lights-chilli-seeds_1.jpg?itok=3HCj2NVz&timestamp=1525091167
000164.jpg,https://www.pepperscale.com/wp-content/uploads/2017/10/roatan-pumpkin-habanero.jpg
000165.jpg,https://sharingiscaringfood.files.wordpress.com/2019/04/img_7525.jpg
000166.jpg,https://cdn.apartmenttherapy.info/image/fetch/f_jpg,q_auto:eco,c_fill,g_auto,w_1500,ar_1:1/https%3A%2F%2Fstorage.googleapis.com%2Fgen-atmedia%2F3%2F2008%2F10%2Fb0cf04736b7e0e81a712f157fc173fb5fcd308b3.jpeg
000167.jpg,https://s1.stabroeknews.com/images/2017/06/20170624devil-eggs41.jpg
000168.jpg,https://images.offerup.com/Cg-XYJE6pA3D9FvAQUpQhrfxX_w=/600x337/84a5/84a578a3f8d64a40be3da5513618ebdd.jpg
000169.jpg,https://i.ytimg.com/vi/jnxiDPGV-7A/maxresdefault.jpg
000170.jpg,https://s3.eu-west-2.amazonaws.com/growinginteractive/blog/Cayenne-chillies-in-pot.jpg
000171.jpg,https://www.picclickimg.com/d/l400/pict/292452156980_/South-African-Pequin-Hot-Pepper-Seeds-A.jpg
000172.jpg,http://guyanatimes.ca/user/585130/members/BDC6FF36-1C43-47AE-952E-6D13F1AE406B/big_201360118244946.jpg
000173.jpg,http://jehancancook.com/wp-content/uploads/2014/07/Pepper-1-7-1024x912.jpg
000174.jpg,https://guyaneseassociationofbarbadosinc.files.wordpress.com/2012/08/garlic-pork1-300x225.jpg
000175.jpg,http://i181.photobucket.com/albums/x36/dirkuma/projects048.jpg
000176.jpg,https://nomadspiceco.com/wp-content/uploads/2017/04/NSC-new-mexico-powder-chile-pepper-chili-full-247x300.jpg
000177.jpg,http://manitobachicken.ca/wp-content/uploads/2016/04/IMG_1916.jpeg
000178.jpg,https://render.fineartamerica.com/images/rendered/default/canvas-print/8.000/6.375/mirror/break/images-medium-5/wiri-pepper-mark-khan-canvas-print.jpg
000179.jpg,https://www.backwoods.world/uploads/6/4/6/0/64608385/s680985487383010714_p52_i1_w1650.jpeg
000180.jpg,https://static.wixstatic.com/media/a4234a_d6019e26aae849d698997f55d2e0b821~mv2.png/v1/fit/w_489,h_489,q_90/file.png
000181.jpg,https://sba.bb/websites/birds-nest-foods/wp-content/uploads/2013/06/pickled-cherry-wiri-wiri.jpg
000182.jpg,http://kingscounty.gardencenternews.com/wp-content/uploads/2015/03/peppers-chili-pepper.jpg
000183.jpg,http://metemgee.files.wordpress.com/2013/06/photo256.jpg
000184.jpg,https://live.staticflickr.com/4253/35000771646_ef8b5d01e6_b.jpg
000185.jpg,https://toptropicals.com/pics/garden/11/olymp/7/P6177019.jpg
000186.jpg,https://www.em411.com/story/T-wiriwiri-guyana-carolinareaper-1505872819-474973126a.jpg
000187.jpg,https://cdn11.bigcommerce.com/s-3gvtaz9op9/images/stencil/350x350/products/2530/6548/parentZMYA1__31549.1528358867.jpg?c=2
000188.jpg,https://kitchen-garden.be/wp-content/uploads/2c-Lemon-Drop.jpg
000189.jpg,https://www.peperoncino.org/wp-content/uploads/2018/08/Capsicum_frutescens_-_Wiri_Wiri.jpg
000190.jpg,http://toptropicals.com/pics/garden/15/8/20150730_165038.jpg
000191.jpg,https://s3-us-west-1.amazonaws.com/contentlab.studiod/getty/859be9862ca94ea08d6b50943e61c907.jpg
000192.jpg,http://www.foodsubs.com/Photos/rocotochiles.jpg
000193.jpg,https://cdn.shopify.com/s/files/1/0464/6061/products/Carolina-Reaper-Peppers-28-14090_large.jpg?v=1464966007
000194.jpg,https://www.thespicyshark.com/hs-fs/hubfs/AdobeStock_106005152.jpeg?width=300&name=AdobeStock_106005152.jpeg
000195.jpg,http://www.saliv8.com/gallery3/var/albums/Hot-Peppers/DSF0800-print.jpg?m=1424818468
000196.jpg,https://assets.tastecooking.com/wp-content/uploads/2017/07/Artboard-1.jpg.jpeg
000197.jpg,https://www.seedsofindia.com/shop/images/47_th.jpg
000198.jpg,https://www.magicplantshop.com/images/watermarked/1/detailed/1/12Box-Pepper-Cherry-600.jpg
000199.jpg,https://www.magicplantfarms.com/wp-content/uploads/2016/09/Birds-Eye-Piri-Piri-500x383.jpg
000200.jpg,https://dcassetcdn.com/design_img/1573274/514396/514396_7955372_1573274_70a13a54_image.png
000201.jpg,https://www.cayennediane.com/wp-content/uploads/Ghost-Peppers-300x300.jpg
000202.jpg,https://www.metro.ca/userfiles/image/fruits-vegetables-herbs/longhotpepper-300x300.jpg
000203.jpg,http://kingscounty.gardencenternews.com/wp-content/uploads/2015/03/peppers-jalapeno.jpg
000204.jpg,https://i.etsystatic.com/8657432/r/il/dc8ef2/1667010718/il_570xN.1667010718_ofi4.jpg
000205.jpg,https://pbs.twimg.com/media/DbUgr_AUQAARfRL.jpg
000206.jpg,https://jacobsfotos.files.wordpress.com/2013/10/mini-wiri-wiri-pepper-naturally-grown-on-essequibo-river-4.jpg
000207.jpg,http://www.igrealty.com/wp-content/uploads/2018/12/guyanese-pepperpot-1.jpg
000208.jpg,https://st.hzcdn.com/fimgs/95c2bc6b04cb1cd0_7330-w500-h375-b0-p0--.jpg
000209.jpg,http://3.bp.blogspot.com/_6EbFpuHfxk0/TPFANirILSI/AAAAAAAADnE/WJ7TpsFaoto/s1600/IMG_1317.JPG
000210.jpg,https://i.etsystatic.com/6388582/r/il/5d5238/1239823643/il_fullxfull.1239823643_577z.jpg
000211.jpg,https://www.spicejungle.com/media/catalog/product/cache/2/small_image/295x/040ec09b1e35df139433887a97daa66f/w/i/wiri-wiri-chiles_2.jpg
000212.jpg,https://1.bp.blogspot.com/-9Ac0UifinKA/XH7rbgZbc_I/AAAAAAAAIYU/ZScwjYFs0rMmwk0USaWU-AmLKIl9lQ4agCLcBGAs/s640/IMG_9610.JPG
000213.jpg,https://static.independent.co.uk/s3fs-public/thumbnails/image/2016/09/03/23/bhutjolokia.jpg
000214.jpg,https://media.gettyimages.com/photos/wiri-wiri-peppers-picture-id976000994?s=612x612
000215.jpg,https://www.binkysculinarycarnival.com/Images/dried-peppers/dried-peppers3.jpg
000216.jpg,http://gabriellaflom.com/wp-content/uploads/2018/04/cherry-pepper-plant-pepper-plant-for-sale-import-fruit-vegetable-seeds-rare-ghost-pepper-cherry-chili-seeds-pepper-plant-cherry-bomb-pepper-seed.jpg
000217.jpg,http://www.proderna.de/wp-content/uploads/2019/04/o%CC%81wiel%CC%81e-kulki-2-e1560513794561.png
000218.jpg,https://woodlandfoods.com/img/WF_Images/e63-pequin-flakes-main.jpg
000219.jpg,https://shershegoes.com/wp-content/uploads/where-to-eat-in-guyana.jpg
000220.jpg,https://fivethirtyeight.com/wp-content/uploads/2014/10/ap10092918710.jpg?w=575
000221.jpg,https://www.picclickimg.com/d/l400/pict/372660958602_/The-Spice-Way-Habanero-Powder-4-oz.jpg
000222.jpg,https://c8.alamy.com/comp/DCWE67/very-hot-habanero-chillies-capsicum-chinense-ripening-in-the-sun-uk-DCWE67.jpg
000223.jpg,https://edge.bonnieplants.com/www/uploads/20180920004028/anaheim-hot-pepper-480x360.jpg
000224.jpg,https://www.creativevegetablegardener.com/wp-content/uploads/2015/09/Growing-Peppers-e1445526662183.png
000225.jpg,https://images.bonanzastatic.com/afu/images/ce63/7b9a/af0f_5300902332/s-l500__2_.jpg
000226.jpg,https://aliveherbal.com/wp-content/uploads/h205-crushed-aleppo-pepper-chile-flake-dried-spice-main.jpg
000227.jpg,https://www.thespruceeats.com/thmb/22dQQLQE7k_65kxxA5sL13svmgY=/425x326/filters:no_upscale():max_bytes(150000):strip_icc()/GettyImages-930279012-e1d17f3f2e14473db877437ce57b8f5f.jpg
000228.jpg,https://static.wixstatic.com/media/9336a0_ecf48334b3b14ef88e16d7f193a746dc~mv2_d_1728_1722_s_2.jpg/v1/fit/w_300,h_300,al_c,q_80/file.jpg
000229.jpg,https://www.pepperscale.com/wp-content/uploads/2013/07/pimento-pepper.jpg
000230.jpg,http://farm9.staticflickr.com/8522/8670166180_b9ef948ef7_z.jpg
000231.jpg,http://i.imgur.com/pB4RBmz.jpg
000232.jpg,https://scontent-frt3-1.cdninstagram.com/v/t51.2885-15/e35/c135.0.810.810a/s320x320/38896292_223642744969073_7394961350360825856_n.jpg?_nc_ht=scontent-frt3-1.cdninstagram.com&oh=1ba65ac2d3783bf839803e4fb4a2d8d5&oe=5DD9D207&ig_cache_key=MTg0NjA5MDE2NDUwMjM0ODk0Mw%3D%3D.2.c
000233.jpg,https://cdn.videosofproducts.com/products/videos/thumbnails/B00OZU47QY.jpg
000234.jpg,https://www.greengardeningcookingcuring.com/Chiles/chili-serano.jpg
000235.jpg,https://i.ytimg.com/vi/Iozj4v4fhS8/maxresdefault.jpg
000236.jpg,https://jacobsfotos.files.wordpress.com/2013/10/mini-wiri-wiri-pepper-naturally-grown-on-essequibo-river-3.jpg?w=350&h=200&crop=1
000237.jpg,https://live.staticflickr.com/4367/36687222453_fe9bd2e4da_b.jpg
000238.jpg,https://dcassetcdn.com/design_img/1573274/126686/126686_7937143_1573274_8b69421f_image.jpg
000239.jpg,https://pbs.twimg.com/profile_images/783100883500425216/GzwzSJ6n_400x400.jpg
000240.jpg,http://jehancancook.com/wp-content/uploads/2014/07/Pepper-1-3-1024x978.jpg
000241.jpg,http://metemgee.files.wordpress.com/2013/02/photo49.jpg
000242.jpg,https://cdn11.bigcommerce.com/s-3gvtaz9op9/images/stencil/350x350/products/2256/6981/CarolinaReaperChilesLarge__84792.1528359096.jpg?c=2
000243.jpg,https://kitchen-garden.be/wp-content/uploads/Calcutta-Long-Pepper-320x320.jpg
000244.jpg,http://naturaextracta.com/nextproduct/img/nextsavour/aji-wiri.jpg
000245.jpg,https://www.metro.ca/userfiles/image/fruits-vegetables-herbs/hungarianpepper-300x300.jpg
000246.jpg,https://cdn11.bigcommerce.com/s-295z9o5zsa/images/stencil/500x659/products/630/1443/Pequin_Chile_Peppers_2_EDITED__07718.1524748785.jpg?c=2
000247.jpg,https://upload.wikimedia.org/wikipedia/commons/4/4b/PepperswithscovilleCentralMarketHoustonTX.JPG
000248.jpg,https://weloveshon.com/i-west/Pepper-13.jpg
000249.jpg,https://www.realniceguyana.com/wp-content/uploads/2017/12/chicken-chowmein.jpg
000250.jpg,https://www.chili-shop24.com/media/image/d3/92/63/chiliernte54f5a73b5209d_600x600.jpg
000251.jpg,https://www.magicplantshop.com/images/watermarked/1/detailed/2/WIRI-WIRI_wba6-a0.jpg
000252.jpg,https://i.imgur.com/LjMuaTz.jpg
000253.jpg,https://i.etsystatic.com/8204508/d/il/8a4609/1513900213/il_340x270.1513900213_fj60.jpg?version=1
000254.jpg,https://i1.wp.com/memosfromnature.com/wp-content/uploads/2019/04/8F94DE4F-3AF8-491A-9ED2-08C1CBC14A9C.jpeg?resize=840%2C568&ssl=1
000255.jpg,https://scontent-frx5-1.cdninstagram.com/v/t51.2885-15/e35/p1080x1080/67078722_163808154789049_6294863849210326712_n.jpg?_nc_ht=scontent-frx5-1.cdninstagram.com&oh=b64f3ffe96a9798fc968ffed690c122b&oe=5DFA8049&ig_cache_key=MjExMDk5NDgyNDk4ODMwMDY3Mw%3D%3D.2
000256.jpg,http://www.gourmetchip.com/image/cache/catalog/BBQ/Aubrey%20D%20Carolina%20-%202018%20Nutrition%20Panel-1000x1000.jpg
000257.jpg,https://www.cayennediane.com/wp-content/uploads/2016/10/Palestine-TX-Hot-Pepper-Festival-2019.png
000258.jpg,https://www.thebossykitchen.com/wp-content/uploads/2016/09/How-To-Preserve-Hot-Peppers-In-Vinegar2-720x540.jpg
000259.jpg,https://www.superhotchiles.com/wp-content/uploads/2019/04/ChilesPimentaChrisFatRed1-2018-1-300x225.jpg
000260.jpg,https://scontent-yyz1-1.cdninstagram.com/vp/3369348ed4a061c84fc2a22464400b76/5E250750/t51.2885-15/sh0.08/e35/s640x640/70944400_516573289110881_6216748562253203111_n.jpg?_nc_ht=scontent-yyz1-1.cdninstagram.com&_nc_cat=105
000261.jpg,https://sba.bb/websites/birds-nest-foods/wp-content/uploads/2013/06/pickled-bonnie-200x300.jpg
000262.jpg,https://thejazzchef.com/wp-content/uploads/2017/01/SJ_Nigella-300x300.png
000263.jpg,http://www.tastyguyana.com/wp-content/uploads/2015/07/image-1.jpeg
000264.jpg,https://www.seedsofindia.com/shop/images/Chilli-Pepper--Hariali325-536.jpg
000265.jpg,https://c8.alamy.com/comp/PPM3FX/capsicum-chinense-habanero-chilli-var-orange-chilli-peppers-on-the-plant-PPM3FX.jpg
000266.jpg,https://www.seriouseats.com/images/2014/12/shutterstock_153366335-750x563.jpg
000267.jpg,http://www.angelfire.com/weird2/chile/cherrypeppers.jpg
000268.jpg,https://i5.walmartimages.com/asr/350ac091-3294-4458-af69-3909fcf6bc79_1.12846beec32ca63832df52e69114c345.jpeg?odnWidth=282&odnHeight=282&odnBg=ffffff
000269.jpg,http://africanbites.com/wp-content/uploads/2015/12/IMG_8006.jpg
000270.jpg,https://www.pepperscale.com/wp-content/uploads/2016/06/prairie-fire-pepper.jpg
000271.jpg,https://s3.eu-west-2.amazonaws.com/growinginteractive/blog/chilli_seedlings_on_windowsill_2.jpg
000272.jpg,https://nomadspiceco.com/wp-content/uploads/2019/04/NSC-gochugaru-chile-flake-dried-pepper-main-247x300.jpg
000273.jpg,http://1.bp.blogspot.com/-APONMQN2Lpc/UEajqEFy2pI/AAAAAAAAM70/lB_X2cefUv0/s1600/Unknown.bmp
000274.jpg,https://assets.bigcartel.com/product_images/159244177/Fiverr_%282%29.JPG?auto=format&fit=max&w=1500
000275.jpg,https://i0.wp.com/metemgee.com/wp-content/uploads/2013/02/photo48.jpg?resize=320%2C320&ssl=1
000276.jpg,https://www.picclickimg.com/d/l400/pict/123349314376_/15-Albanian-Red-Hot%C2%A0-Pepper-Seeds-Ultra-Rare.jpg
000277.jpg,http://guyanachronicle.com/wp-content/uploads/2018/02/RECIPE-1.jpg
000278.jpg,https://lh3.googleusercontent.com/proxy/xCFP8rKq0TtyH79Ux9QpEOklDLrdr7dgeqh7HDR9SWb3V5d-tHIkXDChqcVwyiG7fFCGdEwLF9sbQkVXbSM1_ktORnkFak2f-XYs1jRDwXCWmfaOuw=s0-d
000279.jpg,https://f4.bcbits.com/img/0014411050_10.jpg
000280.jpg,https://jiannecarlo.com/wp-content/uploads/2015/11/PEPPERTREE-e1446989513945.jpg
000281.jpg,https://woodlandfoods.com/img/WF_Images/c11-texas-hot-pepper-vinegar-1.jpg
000282.jpg,https://www.magicplantfarms.com/wp-content/uploads/2016/10/Cherry-Bomb-Mash-Jar-left.jpg
000283.jpg,https://scontent-frx5-1.cdninstagram.com/vp/ec395dd4f45f8c13a79234d02a209ebe/5DD2659D/t51.2885-15/e35/66348097_369525250408347_3294971220846366115_n.jpg?_nc_ht=scontent-frx5-1.cdninstagram.com
000284.jpg,http://caribbeanhotsauce.com/wp-content/uploads/2014/02/8290914.jpg
000285.jpg,https://dcassetcdn.com/design_img/1573274/109464/109464_7926512_1573274_f2a48c28_image.jpg
000286.jpg,https://www.lifeisaparty.ca/wp-uploads/2017/06/west-indian-pepper-sauce-recipe-11.jpg
000287.jpg,https://notafrica.files.wordpress.com/2012/03/imag0415.jpg?w=514&h=426&crop=1
000288.jpg,https://pbs.twimg.com/media/D0ZsFjgWkAE2a9_.jpg
000289.jpg,https://www.thespicyshark.com/hs-fs/hubfs/AdobeStock_43198051.jpeg?width=300&name=AdobeStock_43198051.jpeg
000290.jpg,https://photos.smugmug.com/South-America/Guyana/i-wCmsr63/0/7e98ee7a/238x357/guyanese%20food%20uses%20lots%20of%20pepper-238x357.jpg
000291.jpg,http://cdn.shopify.com/s/files/1/0188/0032/products/kentucky-straight-bourbon-ghost-pepper-hot-sauce-default-heat-level-07-shots-sauces-chilly-chiles-largest-selection-of-in-canada-condiment-flavor-ingredient_892_600x.jpg?v=1553132249
000292.jpg,http://gallery.jamaica-gleaner.com/gallery/cache/epicurean-escape-2014/jamaica-epicurean-escape-2014-caribbean-escape-jamaica-epicurean-escape-2014-caribbean-escape-_aac3311_600.jpg
000293.jpg,https://guyanesegirlhaitiansoul.files.wordpress.com/2017/09/img_2266.jpg
000294.jpg,https://cdn11.bigcommerce.com/s-cg0adf/images/stencil/1280x1280/products/1253/3310/Ni_Image__65443.1552815593.jpg?c=2&imbypass=on
000295.jpg,https://i.imgur.com/OnHgauj.jpg
000296.jpg,https://www.spicejungle.com/wp/wp-content/blogs.dir/2/files/2016/09/cascabel-pepper-dried-300x300.jpg
000297.jpg,https://www.spicesinc.com/Images/product/medium/1938.jpg
000298.jpg,https://cdn.shopify.com/s/files/1/0464/6061/products/Calabrian-Peppers-Whole-28-14080E_large.jpg?v=1467750944
000299.jpg,https://cdn11.bigcommerce.com/s-295z9o5zsa/images/stencil/1280x1280/products/610/1407/African_Piri_Piri_Chile_Peppers_Edited__86923.1524684410.jpg?c=2
000300.jpg,http://kingscounty.gardencenternews.com/wp-content/uploads/2015/03/peppers-habenero.jpg
000301.jpg,https://weloveshon.com/i-west/Pepper-33.jpg
000302.jpg,https://scontent-msp1-1.cdninstagram.com/vp/ef3326727d3366044cc1df532a95d39c/5E317250/t51.2885-15/e35/s480x480/68901732_100787531306869_8156122856140276949_n.jpg?_nc_ht=scontent-msp1-1.cdninstagram.com&_nc_cat=101
000303.jpg,http://guyanachronicle.com/wp-content/uploads/2016/12/2-2.jpg
000304.jpg,https://imagesvc.meredithcorp.io/v3/mm/image?url=https%3A%2F%2Fcdn-image.foodandwine.com%2Fsites%2Fdefault%2Ffiles%2Fstyles%2Fmedium_2x%2Fpublic%2F201408-xl-mixed-pepper-pasta.jpg%3Fitok%3D7wtvxawK&w=450&c=sc&poi=face&q=85
000305.jpg,https://www.edenproject.com/shop/sites/default/files/styles/product_thumbnail__small_/public/Pencil-cayenne-chilli-seeds.jpg?itok=ER8XYfsK&timestamp=1525092421
000306.jpg,http://i1122.photobucket.com/albums/l532/synclinorium/2012%20Grow%20Log/IMGP4768.jpg
000307.jpg,https://kitchen-garden.be/wp-content/uploads/Earliest-Red-Pepper-320x320.jpg
000308.jpg,http://www.foodsubs.com/Photos/chilepepper-habanero.jpg
000309.jpg,https://www.thoughtco.com/thmb/tG-A6aw_t8DQG4YIEHC6msfIJ74=/400x0/filters:no_upscale():max_bytes(150000):strip_icc()/african-spurge-euphorbia-resinifera-euphorbiaceae-153345706-57688d0f3df78ca6e4330aed.jpg
000310.jpg,http://1.bp.blogspot.com/_6EbFpuHfxk0/TVDHJJzsy5I/AAAAAAAAHKo/e1GSAm2natQ/s1600/IMG_2861.JPG
000311.jpg,http://www.proderna.de/wp-content/uploads/2019/04/Platki2.jpg
000312.jpg,https://site-752375.mozfiles.com/files/752375/medium/51300702_2182038252057498_7998868416859471872_n.jpg
000313.jpg,https://scontent-iad3-1.cdninstagram.com/vp/4b3e821d7b6b4278e199084f44a87b78/5DCB6BA9/t51.2885-15/sh0.08/e35/s640x640/64256501_2847435625330902_792541184505011448_n.jpg?_nc_ht=scontent-iad3-1.cdninstagram.com
000314.jpg,https://cdn11.bigcommerce.com/s-3gvtaz9op9/images/stencil/350x350/products/2263/6529/Cascabel(1)__44687.1528358857.jpg?c=2
000315.jpg,https://s3.eu-west-2.amazonaws.com/growinginteractive/blog/harvesting_chilli.jpg
000316.jpg,https://scontent-frx5-1.cdninstagram.com/vp/6eed4ec66f391d44ad3d8039a26c81d3/5DE82F7E/t51.2885-15/e35/53421281_846701092337520_5697923536473975920_n.jpg?_nc_ht=scontent-frx5-1.cdninstagram.com
000317.jpg,https://q7i2y6d5.stackpathcdn.com/wp-content/uploads/2017/04/pepper-spot-400x271.jpg
000318.jpg,https://www.pepperscale.com/wp-content/uploads/2014/10/hot-pepper-list-768x511.jpeg
000319.jpg,https://biova.de/media/image/22/2e/f8/3030_1_200x200.jpg
000320.jpg,https://nomadspiceco.com/wp-content/uploads/2017/11/TOF-Pic.png
000321.jpg,https://cdn1.bigcommerce.com/server700/5mvrqhbm/products/5619/images/150995/habanero-cappucino-peppper__88191.1541103990.1280.1280.jpg?c=2
000322.jpg,https://www.thecsrtimes.com/wp-content/uploads/2018/12/guyanese-pepperpot-on-christmas-morning.jpg
000323.jpg,https://scontent-lga3-1.cdninstagram.com/vp/22489beb5234b5baa058125bc8788b74/5E0B82AB/t51.2885-15/e35/66768999_636657490161594_6690151375452055169_n.jpg?_nc_ht=scontent-lga3-1.cdninstagram.com
000324.jpg,https://www.njuskalo.hr/image-w920x690/sjeme-sadnice/bombon-mini-chili-guyana-wiri-wiri-pepper-sjemenke-slika-87724275.jpg
000325.jpg,https://dl1.cbsistatic.com/i/2019/08/30/87da7239-9928-4ecf-af74-1f1b8d0231c5/adfa6812f1c20cd0a4107d37bc6ae75c/imgingest-6552327411126659301.jpg
000326.jpg,http://www.aubreyd.ca/wp-content/uploads/2018/11/carolinabbq-gallon-318x500.jpg
000327.jpg,https://www.ediblebrooklyn.com/wp-content/uploads/sites/2/2015/12/2015_SGBleicher_Heatonist_13.jpg
000328.jpg,http://cdn.shopify.com/s/files/1/1698/0689/articles/Community_Video_Face_shots_001_1024x1024.JPG?v=1489494708
000329.jpg,https://dcassetcdn.com/design_img/1573274/497248/497248_7934514_1573274_94861349_thumbnail.png
000330.jpg,https://www.planthouse.hr/images/stories/virtuemart/product/21192678_10214159068435926_1773910945540435559_n.jpg
000331.jpg,https://www.thebossykitchen.com/wp-content/uploads/2016/09/How-To-Preserve-Hot-Peppers-In-Vinegar4.jpg
000332.jpg,https://cdn.shopify.com/s/files/1/0915/1060/files/transplanting-tip-sweet-peppers-outgrowing-containers-pepper-joes.jpg?3436256515564955018
000333.jpg,https://scontent-cdg2-1.cdninstagram.com/v/t51.2885-15/e35/67779239_124501435204256_3914095196864759462_n.jpg?_nc_ht=scontent-cdg2-1.cdninstagram.com&_nc_cat=108&se=7&oh=2bda4f129e49beb7eca01cf6bf2d55ab&oe=5E39932F&ig_cache_key=MjExNTUwMzgxMDc3MTMzMzUwMQ%3D%3D.2
000334.jpg,http://www.duke.edu/~mturner/dpxwwDSC02811a%20%28Large%29.JPG
000335.jpg,https://digitalcontent.api.tesco.com/v1/media/ghs/snapshotimagehandler_1707203899.jpeg?h=225&w=225
000336.jpg,https://scontent-frt3-1.cdninstagram.com/v/t51.2885-15/e35/s320x320/66394778_222831825359229_4982666292380339919_n.jpg?_nc_ht=scontent-frt3-1.cdninstagram.com&oh=3b26855591f026c97afc7c2790474074&oe=5DEF9180&ig_cache_key=MjEwMTI0MTEyMDUzNjkyMjc1Ng%3D%3D.2
000337.jpg,https://s3-media2.fl.yelpcdn.com/bphoto/wbTvqo7QsC2UidX3c8vJiA/l.jpg
000338.jpg,https://www.cayennediane.com/wp-content/uploads/2019/02/Arapaho-Pepper-2-300x300.jpg
000339.jpg,https://addpeppersauce.files.wordpress.com/2014/03/image-wiri.gif
000340.jpg,http://www.spicesolution.com/wp-content/uploads/2015/04/cropped-P2172197.jpg
000341.jpg,http://www.chileplanet.eu/schede/pepper/Wiri%20Wiri-.jpg
000342.jpg,http://thereadersbureau.com/wp-content/uploads/2014/12/baked-potatoes-e1419352442599.png
000343.jpg,https://woodlandfoods.com/img/WF_Images/C36-birds-eye-chiles-peppers-main.jpg
000344.jpg,https://scontent-lga3-1.cdninstagram.com/v/t51.2885-15/sh0.08/e35/s640x640/69871401_522571558477608_1476439761021900789_n.jpg?_nc_ht=scontent-lga3-1.cdninstagram.com&_nc_cat=100&oh=31bd5e8b5a42157ff967049bd0799695&oe=5E1D8FA7&ig_cache_key=MjEzODg5MDU0MDU2ODM5NjAwNQ%3D%3D.2
000345.jpg,https://scontent-sof1-1.cdninstagram.com/v/t51.2885-15/e35/52699495_123260602115476_9094524334267189816_n.jpg?_nc_ht=scontent-sof1-1.cdninstagram.com&se=8&oh=ef60d3fcfb806e158c084f455bbb3d20&oe=5E0F6EB9&ig_cache_key=MTk5OTcxMDI0NjIxMDM3NDI2NA%3D%3D.2
000346.jpg,https://www.metro.ca/userfiles/image/fruits-vegetables-herbs/greenpepper-300x300.jpg
000347.jpg,https://image.isu.pub/140623163725-5c9656ceea81a0ccec72210a99f52846/jpg/page_35.jpg
000348.jpg,https://www.superhotchiles.com/wp-content/uploads/2018/04/Chocolate-Bhut-Jolokia-Seeds-300x225.jpg
000349.jpg,http://cdn.shopify.com/s/files/1/0187/2546/products/DSC00148_1024x1024.JPG?v=1488924083
000350.jpg,http://metemgee.files.wordpress.com/2013/03/photo82.jpg
000351.jpg,http://kingscounty.gardencenternews.com/wp-content/uploads/2015/03/peppers-bell.jpg
000352.jpg,http://caribbeanpot.com/wp-content/uploads/2014/12/guyanese-pepperpot-11.jpg
000353.jpg,https://www.spicejungle.com/media/catalog/product/cache/2/small_image/295x/040ec09b1e35df139433887a97daa66f/d/r/dried-serrano-chiles_2.jpg
000354.jpg,https://scontent-yyz1-1.cdninstagram.com/vp/3de5df4ca83a68b7fb03424243d26a83/5E095340/t51.2885-15/sh0.08/e35/s640x640/70226367_371832100399235_1815489429133360045_n.jpg?_nc_ht=scontent-yyz1-1.cdninstagram.com&_nc_cat=111
000355.jpg,https://i5.walmartimages.com/asr/84896c91-286b-4b8d-9489-7cd9d028b644_2.bec1e6c29d1dba8029ae05a05182a30e.jpeg?odnWidth=282&odnHeight=282&odnBg=ffffff
000356.jpg,http://farm8.staticflickr.com/7317/9735900879_df75a5094c_z.jpg
000357.jpg,https://2.bp.blogspot.com/-bzv-GMmuvOE/WoWVZ0d6-WI/AAAAAAAAO7M/7FE5ETx9ViINBkF-_M21HwIG2CEHCT4mQCKgBGAs/s1600/20180215_083909.jpg
000358.jpg,https://images.squarespace-cdn.com/content/v1/5bd1de05b2cf792853409917/1554042344604-93SK7RXT6K90M4FJCQZK/ke17ZwdGBToddI8pDm48kMXRibDYMhUiookWqwUxEZ97gQa3H78H3Y0txjaiv_0fDoOvxcdMmMKkDsyUqMSsMWxHk725yiiHCCLfrh8O1z4YTzHvnKhyp6Da-NYroOW3ZGjoBKy3azqku80C789l0luUmcNM2NMBIHLdYyXL-Jww_XBra4mrrAHD6FMA3bNKOBm5vyMDUBjVQdcIrt03OQ/IMG_3005.jpg
000359.jpg,http://jehancancook.com/wp-content/uploads/2014/07/Pepper-1-11-1024x835.jpg
000360.jpg,https://metemgee.files.wordpress.com/2013/12/photo-1.jpg
000361.jpg,https://scontent-arn2-1.cdninstagram.com/vp/0d663b02a44235951448a1817fc4027a/5DC27AA1/t51.2885-15/sh0.08/e35/c0.135.1080.1080a/s640x640/61798202_173192533684714_8725574825568822209_n.jpg?_nc_ht=scontent-arn2-1.cdninstagram.com
000362.jpg,https://i.redd.it/elw4pov6x1bz.jpg
000363.jpg,https://66.media.tumblr.com/tumblr_lwfme7sE6k1qb7agp.jpg
000364.jpg,https://i.ytimg.com/vi/6pTrd7FyM-c/hqdefault.jpg
000365.jpg,https://www.magicplantshop.com/images/watermarked/1/detailed/1/Carolina-Reaper-Growing-Kit-5_hj0c-25.jpg
000366.jpg,https://www.urban75.net/forums/proxy.php?image=http%3A%2F%2Fi1210.photobucket.com%2Falbums%2Fcc405%2Frumbert%2FDSC02639.jpg%3Ft%3D1347112075&hash=a62d58d66a6873bfe4172323ac3cfb2f
000367.jpg,https://pbs.twimg.com/media/CqfzM0AUIAADf-z.jpg
000368.jpg,https://cdn11.bigcommerce.com/s-3gvtaz9op9/images/stencil/350x350/products/2433/6712/tepin-chiles_P__88903.1528358956.jpg?c=2
000369.jpg,https://www.pepperscale.com/wp-content/uploads/2017/09/explosive-ember-pepper.jpg
000370.jpg,http://www.foodsubs.com/Photos/scotchbonnetchiles.jpg
000371.jpg,https://q7i2y6d5.stackpathcdn.com/wp-content/uploads/2008/08/pepper-400x538.jpg
000372.jpg,https://i0.wp.com/toptropicals.com/pics/garden/m1/Aroma/Capsicum_frutescens8283.jpg?w=215
000373.jpg,https://restaurantproductfinder.com/wp-content/uploads/2017/09/woodlandfoodsRPF_d43ga196-wiri-wiri-chile-powder-main.jpg
000374.jpg,https://assets.bigcartel.com/product_images/161583046/IMG_20150605_065940.jpg?auto=format&fit=max&w=1500
000375.jpg,https://jacobsfotos.files.wordpress.com/2013/10/mini-wiri-wiri-pepper-naturally-grown-on-essequibo-river-5.jpg
000376.jpg,https://www.cayennediane.com/wp-content/uploads/Hungarian-Wax-Pepper-300x300.jpg
000377.jpg,https://nomadspiceco.com/wp-content/uploads/2019/04/NSC-cayenne-pepper-ground-spice-main-247x300.jpg
000378.jpg,https://www.thespruceeats.com/thmb/2bXSTkBhSuMlllVYYJoKGr2NE24=/360x240/filters:no_upscale():max_bytes(150000):strip_icc()/GettyImages-767968485-5bb6cf2146e0fb00267d83ea.jpg
000379.jpg,https://assets.oncraze.com/users/40891/posts/ori-img-IKCqmvtsxdATnI1JmXDkMyTomL7NcGpLhS1tdkMBockBLcbX0E7C3QRfsOSv1507784129.jpg
000380.jpg,https://www.edenproject.com/shop/sites/default/files/styles/product_thumbnail__small_/public/Yellow-bumpy-chilli-seeds.jpg?itok=nRE26_rM&timestamp=1540372768
000381.jpg,https://kitchen-garden.be/wp-content/uploads/9b-Ring-of-Fire.jpg
000382.jpg,http://www.oyumm.com/wp-content/uploads/2015/07/Green-Pea-Poulourie-780x460.jpg
000383.jpg,http://kingscounty.gardencenternews.com/wp-content/uploads/2015/03/peppers-orange-bell.jpg
000384.jpg,https://www.spicejungle.com/media/catalog/product/cache/2/small_image/295x/040ec09b1e35df139433887a97daa66f/c/a/calabrian-chile-peppers-whole__2.jpg
000385.jpg,https://www.superhotchiles.com/wp-content/uploads/2018/04/Trinidad-7-Pot-Jonah-seeds-300x225.jpg
000386.jpg,https://i.ytimg.com/vi/FiGjCtujhrY/maxresdefault.jpg
000387.jpg,https://ketchtoronto.files.wordpress.com/2016/08/vsco-photo-1-5.jpg?w=508&h=678
000388.jpg,https://www.chilipeppermadness.com/wp-content/uploads/2018/10/Ghost-Peppers.jpg
000389.jpg,https://cdn11.bigcommerce.com/s-295z9o5zsa/images/stencil/500x659/products/213/839/Chipotle_Chile_Flakes_Cayenne_Pepper_Mild__61201.1524693134.jpg?c=2
000390.jpg,https://cdn1.bigcommerce.com/server700/5mvrqhbm/products/4468/images/144614/guyana-pepper__56644.1475553568.451.395.jpg?c=2
000391.jpg,https://www.magicplantfarms.com/wp-content/uploads/photo-gallery/45.jpg
000392.jpg,https://s3.eu-west-2.amazonaws.com/growinginteractive/blog/chillies-drying-2x.jpg
000393.jpg,http://jehancancook.com/wp-content/uploads/2014/07/Pepper-1-2-1024x956.jpg
000394.jpg,https://i2.wp.com/metemgee.com/wp-content/uploads/2017/12/img_5598-1.jpg?resize=1216%2C681&ssl=1
000395.jpg,https://www.metro.ca/userfiles/image/fruits-vegetables-herbs/orangepepper-300x300.jpg
000396.jpg,https://image.isu.pub/170401203501-f91c2d8cf605f50cb872e46f86e6ec97/jpg/page_40.jpg
000397.jpg,http://www.plazapub.com/Immagini/Peperoncino/Red-Savina-05.jpg
000398.jpg,https://scontent-frx5-1.cdninstagram.com/v/t51.2885-15/e35/c0.180.1440.1440a/s320x320/67671557_110191896849536_285216295829613627_n.jpg?_nc_ht=scontent-frx5-1.cdninstagram.com&oh=8f492edaf809b72afc7319184260ea89&oe=5DF491FB&ig_cache_key=MjExNzEwMjM1MDIzMDE5NjE3MQ%3D%3D.2.c
000399.jpg,https://www.chili-shop24.com/media/image/77/ca/6b/102351_01_600x600.jpg
000400.jpg,https://s3-media3.fl.yelpcdn.com/bphoto/W62tcjNVA2ORbCJjcKkWdg/348s.jpg
000401.jpg,https://photos.smugmug.com/South-America/Guyana/i-298b9md/0/cbfbd318/356x534/Guyana%20cherries-356x534.jpg
000402.jpg,http://www.magicplantshop.com/images/watermarked/1/detailed/2/1-Gallon-Bucket-Mash_l04t-7m_70kw-f5.jpg
000403.jpg,https://q7i2y6d5.stackpathcdn.com/wp-content/uploads/2014/07/pepper-blossom.jpg
000404.jpg,https://www.pepperscale.com/wp-content/uploads/2017/10/chiltepin-pepper.jpeg
000405.jpg,https://pbs.twimg.com/media/Db5jmnBVMAAObmu.jpg
000406.jpg,https://dcassetcdn.com/design_img/1573274/518964/518964_7919092_1573274_2ceaf2fc_image.jpg
000407.jpg,http://i1122.photobucket.com/albums/l532/synclinorium/2012%20Grow%20Log/IMGP4051.jpg
000408.jpg,https://www.seedsofindia.com/shop/images/48.jpg
000409.jpg,https://cdn11.bigcommerce.com/s-3gvtaz9op9/images/stencil/350x350/products/237/7714/scotch_bonnet1__77159.1528363056.jpg?c=2
000410.jpg,https://i5.walmartimages.com/asr/73702766-0aec-4f2c-b86f-8ffe7b3f4e84_2.2e7cf9f4cdc40ef6cf866ee4c90d14df.jpeg?odnWidth=282&odnHeight=282&odnBg=ffffff
000411.jpg,https://c8.alamy.com/comp/XB1Y2Y/hebe-wiri-prince-XB1Y2Y.jpg
000412.jpg,https://www.superhotchiles.com/wp-content/uploads/2018/04/Death-Spiral-Pepper-Seeds.jpg
000413.jpg,https://kitchen-garden.be/wp-content/uploads/Bulgarian-Carrot-Chilli-Seeds-320x320.jpg
000414.jpg,https://www.spicejungle.com/media/catalog/product/cache/2/small_image/295x/040ec09b1e35df139433887a97daa66f/n/o/nora-chile-peppers_2.jpg
000415.jpg,https://cdn.shopify.com/s/files/1/0464/6061/products/Ancho-Chili-Whole-28-10451_large.jpg?v=1435250536
000416.jpg,https://www.magicplantfarms.com/wp-content/uploads/2017/01/Calabrian-Pepper.jpg
000417.jpg,https://www.metro.ca/userfiles/image/fruits-vegetables-herbs/redpepper-300x300.jpg
000418.jpg,https://woodlandfoods.com/img/WF_Images/C12-tepin-chiles-peppers-main.jpg
000419.jpg,https://s3.eu-west-2.amazonaws.com/growinginteractive/blog/chillies-yellow-2x.jpg
000420.jpg,https://cdn1.bigcommerce.com/server700/5mvrqhbm/products/5531/images/150988/haskorea-pepper__84190.1541099042.1280.1280.jpg?c=2
000421.jpg,https://i.ytimg.com/vi/Oz46Kbc4Bjg/maxresdefault.jpg
000422.jpg,http://kingscounty.gardencenternews.com/wp-content/uploads/2015/03/tomato-sun-gold.jpg
000423.jpg,https://www.cayennediane.com/wp-content/uploads/Spanish-Naga-300x300.jpg
000424.jpg,http://jehancancook.com/wp-content/uploads/2014/07/Pepper-1-10-1024x817.jpg
000425.jpg,https://www.thespruceeats.com/thmb/J0ilpt01kPXFmPHfwNxO5CIyMeg=/425x326/filters:no_upscale():max_bytes(150000):strip_icc()/hot-tabasco-sauce-in-a-bowl-639452256-b01bcd31b67d4f498c4a9875e5e9d60a.jpg
000426.jpg,http://metemgee.files.wordpress.com/2013/03/photo89.jpg
000427.jpg,https://www.chili-shop24.com/media/image/56/c5/92/8353_600x600.jpg
000428.jpg,https://cdn11.bigcommerce.com/s-3gvtaz9op9/images/stencil/350x350/products/2275/6983/PuyaChilesLarge__03247.1528359097.jpg?c=2
000429.jpg,https://i.redd.it/1jmjhhl3o4c31.jpg
000430.jpg,http://www.magicplantshop.com/images/watermarked/1/detailed/1/5-Gallon-Bucket-Mash_smkb-nm_o6sm-h8.jpg
000431.jpg,https://2.bp.blogspot.com/-wpWNSfH_AKk/WoWaFKGqXGI/AAAAAAAAO7Y/Nzb3a1_mit4PdH77R1ljT13HaCjqIh3fwCKgBGAs/s1600/20180215_083415.jpg
000432.jpg,https://kitchen-garden.be/wp-content/uploads/14b-Jalafuego.jpg
000433.jpg,https://i.ebayimg.com/images/g/y3cAAMXQydtTM15u/s-l640.jpg
000434.jpg,http://i.imgur.com/ouCHEKT.jpg
000435.jpg,http://kingscounty.gardencenternews.com/wp-content/uploads/2015/03/tomato-beef-steak.jpg
000436.jpg,https://cdn11.bigcommerce.com/s-295z9o5zsa/images/stencil/500x659/products/607/1491/New_Mexico_Hatch_Chile_Peppers_3_EDITED__04078.1524749570.jpg?c=2
000437.jpg,https://www.metro.ca/userfiles/image/fruits-vegetables-herbs/sweetbananapeppers-300x300.jpg
000438.jpg,https://cdn1.bigcommerce.com/server700/5mvrqhbm/products/5546/images/151003/coyote-zan-pepper__73826.1541135657.1280.1280.jpg?c=2
000439.jpg,https://www.cayennediane.com/wp-content/uploads/2014/06/Aci-Sivri-Pepper-300x300.jpg
000440.jpg,https://www.magicplantfarms.com/wp-content/uploads/2016/10/Sriracha-Powder-Jar-500x383.jpg
000441.jpg,https://i.ytimg.com/vi/EZYaSz7PCXM/maxresdefault.jpg
000442.jpg,https://www.spicejungle.com/media/catalog/product/cache/2/small_image/295x/040ec09b1e35df139433887a97daa66f/w/h/whole-habenero-chiles_2.jpg
000443.jpg,https://dcassetcdn.com/design_img/1573274/497248/497248_7928325_1573274_d0048ce9_image.png
000444.jpg,http://guyanachronicle.com/wp-content/uploads/2016/07/Caesar.jpg
000445.jpg,https://cdn11.bigcommerce.com/s-3gvtaz9op9/images/stencil/350x350/products/817/6768/GrainsofParadiseLarge__61881.1528358986.jpg?c=2
000446.jpg,https://i1.wp.com/metemgee.com/wp-content/uploads/2013/03/photo84.jpg?fit=1000%2C1000&ssl=1
000447.jpg,https://s3.eu-west-2.amazonaws.com/growinginteractive/plants/chilli-2x.jpg
000448.jpg,http://www.duke.edu/~mturner/wwxwbDSC02702%20%28Large%29.JPG
000449.jpg,http://1.bp.blogspot.com/-xW3xJQtYHAY/UEajgSJXwoI/AAAAAAAAM7s/yNKM9RPzlVI/s1600/wiri+wiri+pepper.bmp
000450.jpg,http://i1122.photobucket.com/albums/l532/synclinorium/2012%20Grow%20Log/IMGP4049.jpg
000451.jpg,http://kingscounty.gardencenternews.com/wp-content/uploads/2015/03/tomato-big-girl.jpg
000452.jpg,http://www.foodsubs.com/Photos/chiles-serranos.jpg
000453.jpg,https://www.metro.ca/userfiles/image/fruits-vegetables-herbs/hotcherrypeppers-300x300.jpg
000454.jpg,https://external-preview.redd.it/9uEZ8v1zkBcY9LHa-NSPSjTA6-JONSmrF8YxvFvX2tQ.jpg?width=640&crop=smart&auto=webp&s=8690b95b55c0ed339d8ad5dafc8500335f708f68
000455.jpg,http://www.magicplantshop.com/images/watermarked/1/detailed/2/Scotch-Bonnet-Red-2.jpg
000456.jpg,https://i.ytimg.com/vi/vOZ54QRAXKc/hqdefault.jpg
000457.jpg,https://dcassetcdn.com/design_img/1573274/194936/194936_7908997_1573274_75003b2c_image.png
000458.jpg,https://cdn1.bigcommerce.com/server700/5mvrqhbm/products/5532/images/150974/7-pot-pink-pepper__44268.1540938006.1280.1280.jpg?c=2
000459.jpg,https://kitchen-garden.be/wp-content/uploads/Corno-di-Toro-pepper-320x320.jpg
000460.jpg,http://i.imgur.com/FAzIeiB.jpg
000461.jpg,https://www.cayennediane.com/wp-content/uploads/2019/02/Tennessee-Teardrop-Pepper-300x300.jpg
000462.jpg,https://3.bp.blogspot.com/-Y5xttp3FaFc/WoWVZ8Em3kI/AAAAAAAAO7M/FegC9fvwwsIopA33HW3ErKbrwNvs0V0TwCKgBGAs/s1600/20180215_083341.jpg
000463.jpg,http://kingscounty.gardencenternews.com/wp-content/uploads/2015/03/peppers-yellow.jpg
000464.jpg,http://metemgee.files.wordpress.com/2013/06/photo292.jpg
000465.jpg,https://www.magicplantshop.com/images/thumbnails/450/450/detailed/1/55-Gallon-Chili-Pepper-Mash_q5p1-so_vxmu-se.png
000466.jpg,https://i.ytimg.com/vi/dxTxlJ24Fq0/maxresdefault.jpg
000467.jpg,https://www.metro.ca/userfiles/image/recipes/Marinade-vinaigre-vin-piment-fort-529.jpg
000468.jpg,https://kitchen-garden.be/wp-content/uploads/Fatalii-Chilli-320x320.jpg
000469.jpg,http://kingscounty.gardencenternews.com/wp-content/uploads/2015/03/peppers-cubanelle.jpg
000470.jpg,https://i.redd.it/vjoa2vvvcyz21.jpg
000471.jpg,https://www.magicplantshop.com/images/watermarked/1/detailed/2/Carolina-Reaper-Powder.jpg
000472.jpg,http://i1122.photobucket.com/albums/l532/synclinorium/2012%20Grow%20Log/IMGP4646.jpg
000473.jpg,http://www.foodsubs.com/Photos/cbirdpeppers.jpg
000474.jpg,https://i2.wp.com/metemgee.com/wp-content/uploads/2017/07/Image-4.jpg?resize=701%2C467&ssl=1
000475.jpg,https://kitchen-garden.be/wp-content/uploads/Big-Jim-Chilli-Seeds-320x320.jpg
000476.jpg,https://i.ytimg.com/vi/2e0eALZfUaU/hqdefault.jpg
000477.jpg,https://www.metro.ca/userfiles/image/recipes/poivrons-farcis-6185.jpg
000478.jpg,http://i.imgur.com/2BTIsrf.jpg
000479.jpg,http://kingscounty.gardencenternews.com/wp-content/uploads/2015/03/peppers-pobano.jpg
000480.jpg,https://external-preview.redd.it/h7CAhbjr8GR-33bzVUO5iawGLKVtvOfONeJx2CuM4kg.jpg?width=1080&height=565.445026178&auto=webp&s=e63aecffce9201ff35c04a921d5073dc2a397d0f
000481.jpg,http://www.foodsubs.com/Photos/chilepepper-pasilla.jpg
000482.jpg,https://www.metro.ca/userfiles/image/recipes/poulet-poivron-rouge-1613.jpg
000483.jpg,https://image.isu.pub/170210200901-b3801d76f6aaae037f838c379b787a1c/jpg/page_18.jpg
000484.jpg,https://i.ebayimg.com/images/g/vgQAAOSwnTdZ9vXQ/s-l400.jpg
000485.jpg,http://metemgee.files.wordpress.com/2013/12/photo-3.jpg
000486.jpg,https://www.magicplantshop.com/images/promo/2/Scorpion--on-a-branch2.png
000487.jpg,http://i.imgur.com/x8lZGiX.jpg
000488.jpg,http://kingscounty.gardencenternews.com/wp-content/uploads/2015/03/tomato-better-boy.jpg
000489.jpg,https://www.cayennediane.com/wp-content/uploads/Wiri-Wiri-Pepper.jpg
000490.jpg,http://farm3.staticflickr.com/2451/3577653576_91f994973b_z.jpg
000491.jpg,http://www.chileplanet.eu/schede/pepper/Wiri%20Wiri-2.jpg
000492.jpg,http://www.chileplanet.eu/schede/pepper/Wiri%20Wiri-1.jpg
000493.jpg,https://toptropicals.com/pics/garden/15/9/20151018_123554.jpg
000494.jpg,https://www.pepperscale.com/wp-content/uploads/2015/12/wiri-wiri-pepper-1-e1509286740719.jpg
000495.jpg,http://www.chileplanet.eu/schede/pepper/Wiri%20Wiri.jpg
000496.jpg,https://toptropicals.com/pics/garden/15/10/20150909_090920.jpg
000497.jpg,http://jacobsfotos.files.wordpress.com/2013/10/mini-wiri-wiri-pepper-naturally-grown-on-essequibo-river-4.jpg
000498.jpg,http://toptropicals.com/pics/garden/15/4/20150416_170753.jpg
000499.jpg,http://toptropicals.com/pics/garden/11/olymp/7/P6177033.jpg
000500.jpg,http://toptropicals.com/pics/garden/15/10/20150909_090914.jpg
000501.jpg,https://i.ytimg.com/vi/wTJYUFlpWNk/maxresdefault.jpg
000502.jpg,http://lu-cdn.okayplayer.com/wp-content/uploads/2016/06/wiri-wiri-pepper-guyana-e1466702073683.jpg
000503.jpg,https://img1.etsystatic.com/037/0/7824311/il_570xN.637953745_9ew6.jpg
000504.jpg,https://toptropicals.com/pics/garden/11/olymp/7/P8087443.jpg
000505.jpg,http://i178.photobucket.com/albums/w279/cynthiaanelson/Wiri4.jpg
000506.jpg,https://chilli-seedz.com/wp-content/uploads/2015/08/Wiri-Wiri.jpg
000507.jpg,https://toptropicals.com/pics/garden/m2/2015/10/20151018_123550Capsicum_frutescens_TA.jpg
000508.jpg,https://toptropicals.com/pics/garden/13/olymp/2/P3242135.jpg
000509.jpg,http://farm5.static.flickr.com/4116/4929399232_f84402890d.jpg
000510.jpg,https://www.spicejungle.com/media/catalog/product/cache/2/image/600x600/9df78eab33525d08d6e5fb8d27136e95/d/r/dried-wiri-wiri-chiles_2.jpg
000511.jpg,https://s1.stabroeknews.com/images/2017/06/20170624wiri-peppers51.jpg
000512.jpg,https://i.ebayimg.com/images/i/222515700845-0-1/s-l1000.jpg
000513.jpg,https://www.magicplantfarms.com/wp-content/uploads/2016/09/Cherry-Pepper-Wiri-Wiri-400.jpg
000514.jpg,http://i178.photobucket.com/albums/w279/cynthiaanelson/Peppersauce3.jpg
000515.jpg,https://c8.alamy.com/comp/PM7A6B/capsicum-chinense-habanero-chilli-var-rajs-wiri-wiri-chilli-peppers-on-the-plant-PM7A6B.jpg
000516.jpg,https://www.chieftainwildrice.com/images/custom/2018%20Chiles/C52-wiri-wiri-chiles-peppers-main.jpg
000517.jpg,https://s1.stabroeknews.com/images/2017/06/20170624devil-eggs41.jpg
000518.jpg,https://www.spicejungle.com/media/catalog/product/cache/2/image/600x600/9df78eab33525d08d6e5fb8d27136e95/w/i/wiri-wiri-chiles_2.jpg
000519.jpg,https://i.ytimg.com/vi/lNZtNLPjDMY/hqdefault.jpg
000520.jpg,https://toptropicals.com/pics/garden/15/9/20151018_123559.jpg
000521.jpg,https://toptropicals.com/pics/garden/m1/Aroma/Capsicum_frutescens8283.jpg
000522.jpg,https://s1.stabroeknews.com/images/2017/06/20170624mai-wiri1.jpg
000523.jpg,http://i.imgur.com/CwIR8Hy.jpg
000524.jpg,https://cdn.shopify.com/s/files/1/0464/6061/products/Wiri-Wiri-Peppers-28-14170E_1024x1024.jpg
000525.jpg,https://www.superhotchiles.com/wp-content/uploads/2018/09/ChilesWiriWiri2-2018-1.jpg
000526.jpg,https://i.etsystatic.com/8657432/r/il/a8afbe/678607118/il_570xN.678607118_fr91.jpg
000527.jpg,http://stephaniemaymckenzie.com/wp-content/uploads/2014/08/st.-vincent-and-guyana-june-and-july-2014-052.jpg
000528.jpg,https://www.spicejungle.com/media/catalog/product/cache/2/image/9df78eab33525d08d6e5fb8d27136e95/w/i/wiri-wiri-chile-powder.jpg
000529.jpg,https://chilli-seedz.com/wp-content/uploads/2015/08/Hot-Red-Cherry-Seeds.jpg
000530.jpg,https://i.ytimg.com/vi/5mOgGCivPqY/maxresdefault.jpg
000531.jpg,https://i.etsystatic.com/6388582/r/il/84f94f/1192604712/il_fullxfull.1192604712_7g19.jpg
000532.jpg,http://jacobsfotos.files.wordpress.com/2013/10/mini-wiri-wiri-pepper-naturally-grown-on-essequibo-river-5.jpg
000533.jpg,https://c8.alamy.com/comp/PM7A76/capsicum-chinense-habanero-chilli-var-rajs-wiri-wiri-chilli-peppers-on-the-plant-PM7A76.jpg
000534.jpg,https://toptropicals.com/pics/garden/m2/2014/12/20141211_121641Capsicum_frutescens_TA.jpg
000535.jpg,http://farm9.staticflickr.com/8537/8670164914_59b5f72683_z.jpg
000536.jpg,http://usercontent1.hubimg.com/5000024_f520.jpg
000537.jpg,https://notafrica.files.wordpress.com/2012/03/imag0415.jpg
000538.jpg,https://www.greengardeningcookingcuring.com/Chiles/Guyana-Wiri-Wiri-Pepper.jpg
000539.jpg,https://chilli-seedz.com/wp-content/uploads/2015/08/Hot-Red-Cherry-Plant.jpg
000540.jpg,http://metemgee.files.wordpress.com/2013/03/photo82.jpg
000541.jpg,http://catavino.net/wp-content/uploads/2011/07/Piri_piri.jpg
000542.jpg,https://www.magicplantshop.com/images/watermarked/1/detailed/1/wiri-wiri-powder.jpg
000543.jpg,https://s-media-cache-ak0.pinimg.com/736x/3a/b4/19/3ab419e8aac0dd02a04b987cba198462.jpg
000544.jpg,http://www.magicplantshop.com/images/watermarked/1/detailed/1/Cherry-Pepper2-600.jpg
000545.jpg,http://s181.photobucket.com/albums/x36/dirkuma/superb019.jpg
000546.jpg,https://i.pinimg.com/originals/d4/4c/87/d44c870ad359f691d66fc74f28fde8da.jpg
000547.jpg,https://i.pinimg.com/originals/3a/b4/19/3ab419e8aac0dd02a04b987cba198462.jpg
000548.jpg,https://www.spicejungle.com/media/catalog/product/cache/2/image/480x480/9df78eab33525d08d6e5fb8d27136e95/w/i/wiri-wiri-chile-powder.jpg
000549.jpg,https://i.pinimg.com/736x/f5/f2/d7/f5f2d7d64211b242b67946772741d909--guyana-cgi.jpg
000550.jpg,https://www.magicplantshop.com/images/watermarked/1/detailed/1/12Box-Pepper-Cherry-600.jpg
000551.jpg,https://c8.alamy.com/comp/DANMTM/tali-wiri-DANMTM.jpg
000552.jpg,https://s-media-cache-ak0.pinimg.com/600x315/24/e9/90/24e9900c7f5f9952c663ef2f5e4eca80.jpg
000553.jpg,https://c8.alamy.com/comp/PK33Y9/hot-peppers-in-a-garden-in-antigua-PK33Y9.jpg
000554.jpg,https://images.bonanzastatic.com/afu/images/3482/8677/45/__57.jpg
