image,source
000001.jpg,https://www.seeds-gallery.shop/5047-large_default/aji-pineapple-chili-pepper-seeds.jpg
000002.jpg,https://www.chilipeppermadness.com/wp-content/uploads/2018/03/Aji-Pineapple2.jpg
000003.jpg,https://www.chilipeppermadness.com/wp-content/uploads/2018/03/2cf20e200ca2c770a044a65b100b0636.jpg
000004.jpg,https://www.pepperscale.com/wp-content/uploads/2017/12/aji-pineapple_bg.jpg
000005.jpg,https://www.exotic-seeds.store/5048-home_default/aji-pineapple-chili-pepper-seeds.jpg
000006.jpg,https://www.chili-shop24.com/media/image/12/ef/e6/9174_Aji-Pineapple_600x600.jpg
000007.jpg,https://images.sellersourcebook.com/users/143753/aji_pineapple_1507677703.jpg?1509639532
000008.jpg,https://www.mopeppers.at/media/image/product/339/lg/aji-pineapple.jpg
000009.jpg,https://cdn1.bigcommerce.com/server700/5mvrqhbm/products/2061/images/150241/aji-pineapple-pepper__80002.1522257975.1280.1280.jpg?c=2
000010.jpg,https://www.superhotchiles.com/wp-content/uploads/2018/06/Aji_Pineapple_5-600x400.jpg
000011.jpg,https://i.imgur.com/xAv5IGW.jpg
000012.jpg,https://i.ebayimg.com/images/g/u4UAAOSwfVhaLc1c/s-l300.jpg
000013.jpg,https://www.hydroponics.eu/officinal-medical-vegetables-and-chilli-pepper-seeds/chilli-seeds-bank/aji-pineapple-10-x-pepper-seeds~Img_Principale_25322.jpg
000014.jpg,https://i.ebayimg.com/images/g/5NIAAOSwzxZdA8Kg/s-l400.jpg
000015.jpg,https://previews.123rf.com/images/maxsol7/maxsol71710/maxsol7171000009/88373692-aji-pineapple-pepper-capsicum-baccatum-whole-pod-ripe-.jpg
000016.jpg,http://chilifee.de/WebRoot/Store17/Shops/6785a7bf-b9bd-45fa-b711-164bd13875ab/563C/6734/AC4E/E904/586A/0A48/3549/D8B2/Aji_Pineapple2.jpg
000017.jpg,https://images-na.ssl-images-amazon.com/images/I/51pV3WbwPmL._SR600%2C315_PIWhiteStrip%2CBottomLeft%2C0%2C35_SCLZZZZZZZ_.jpg
000018.jpg,https://www.exotic-seeds.store/5049-medium_default/aji-pineapple-chili-pepper-seeds.jpg
000019.jpg,https://thehippyseedcompany.com/wp-content/uploads/2017/06/Aji-Pineapple-17.jpg
000020.jpg,http://cdn.shopify.com/s/files/1/1523/7044/products/AjiPineapple_1024x1024.jpg?v=1539914477
000021.jpg,http://www.tradewindsfruit.com/content/images/aji_pineapple_pepper2.jpg
000022.jpg,https://images-na.ssl-images-amazon.com/images/I/81dapztN8qL._SX425_.jpg
000023.jpg,https://i.ebayimg.com/images/i/332035251312-0-1/s-l1000.jpg
000024.jpg,https://images-na.ssl-images-amazon.com/images/I/51ycK7%2BoY9L._SX425_.jpg
000025.jpg,https://static.wixstatic.com/media/9bcda3_79cdaa318ef842febf78d157a600d039~mv2_d_1537_2049_s_2.jpg/v1/fit/w_498,h_663,q_90/file.jpg
000026.jpg,https://aji.io/wp-content/uploads/2015/05/aji-pineapple-031.jpg
000027.jpg,https://3.bp.blogspot.com/-5iy4zZPYBXA/Wb-I5LMKKYI/AAAAAAAABtA/9f149cOJFFAxQLmhaS5RjGHomOHhBQv1wCPcBGAYYCw/s1600/IMG_0162.jpg
000028.jpg,https://www.chili-shop24.com/media/image/g0/0d/2c/9532_1_oT_600x600.jpg
000029.jpg,http://images.grow-light.org/l-m/aji-pineapple-pepper-25-seeds.jpg
000030.jpg,https://images-na.ssl-images-amazon.com/images/I/613BWSkoFHL._SX425_.jpg
000031.jpg,https://mojepomidory.pl/3267-large_default/papryka-aji-pineapple.jpg
000032.jpg,https://i2.wp.com/www.peppersbymail.com/wp-content/uploads/2017/09/20170930_1845421.jpg?fit=2560%2C1536
000033.jpg,https://images.sellersourcebook.com/users/143753/aji_pineapple_4.jpg
000034.jpg,http://chilishop-werder.com/WebRoot/Store28/Shops/43e01a20-424a-48d1-a48b-85eeddc548ec/59D3/A2E7/FD20/CC3A/3FFA/0A48/3671/CBB4/aji-pineapple-pflanze-chilishop-werder.jpg
000035.jpg,https://www.pepperworldhotshop.com/out/pictures/master/product/1/aji_pineapple_sc207_1.jpg
000036.jpg,https://cdn.shopify.com/s/files/1/1145/1260/products/aji-pineapple_large.jpg?v=1545812362
000037.jpg,https://st3.depositphotos.com/3147771/17075/i/1600/depositphotos_170751776-stock-photo-aji-pineapple-c-baccatum-paths.jpg
000038.jpg,https://www.chilipeppermadness.com/wp-content/uploads/2015/09/Aji-Pineapple-Hot-Sauce2-500x500.jpg
000039.jpg,https://kcdgarden.com/varieties/212/Aji%20pineapple.jpg?width=730&height=500&mode=crop&format=jpg&quality=65
000040.jpg,https://image.shutterstock.com/image-photo/aji-pineapple-hot-chili-peppers-600w-748414825.jpg
000041.jpg,https://lfmimages.blob.core.windows.net/400952-pennsw/products/producers/1850ee11-8a50-402e-ace3-fc0412265f2f/ACF-Product-Aji-Pineapple_large.jpeg
000042.jpg,https://images-na.ssl-images-amazon.com/images/I/41lPBUDlYLL._SY355_.jpg
000043.jpg,https://thechillifactory.com/images/products/IMG_2769_The_Chilli_Factory_New_chilli_chili_Seeds_2015.jpg
000044.jpg,https://image.shutterstock.com/image-photo/red-yellow-orange-crystal-aji-260nw-1518587549.jpg
000045.jpg,https://i.ytimg.com/vi/t2Mhnw7l37U/maxresdefault.jpg
000046.jpg,http://www.tomaten-gerdes.de/WebRoot/Store16/Shops/78267191/5738/DEE7/17B1/3098/F7A0/C0A8/2ABB/4BC8/20150709_135340.jpg
000047.jpg,http://i.imgur.com/CPD8RlF.jpg
000048.jpg,http://www.chillibird.com.au/_Media/aji-russian-2_224.jpeg
000049.jpg,https://live.staticflickr.com/931/43613311181_9a37c05a4f_b.jpg
000050.jpg,https://davesgarden.com/guides/pf/thumbnail.php?image=2010/05/27/semillas/339f8f.jpg&widht=700&height=312
000051.jpg,https://aji.io/wp-content/uploads/2015/05/aji-pineapple-02-825x510.jpg
000052.jpg,https://e.allegroimg.com/s512/01e996/1184a60b469595f3288e9723184e/PAPRYKA-AJI-PINEAPPLE
000053.jpg,https://i.etsystatic.com/15346465/r/il/12d002/1457858058/il_570xN.1457858058_lc4i.jpg
000054.jpg,https://i.redd.it/6q71tf8d6sq21.jpg
000055.jpg,https://www.pepperworldhotshop.com/out/pictures/master/product/1/aji_pineapple_pj207_1.jpg
000056.jpg,https://static.wixstatic.com/media/e9f541_25a0dd1e26e44d0082d27b352544a9e0.jpg/v1/fill/w_784,h_523,al_c,q_90,usm_0.66_1.00_0.01/e9f541_25a0dd1e26e44d0082d27b352544a9e0.webp
000057.jpg,https://thumbs.dreamstime.com/z/dried-aji-pineapple-c-baccatum-top-paths-pepper-capsicum-view-clipping-104768953.jpg
000058.jpg,https://cdn.shopify.com/s/files/1/0645/7913/products/AjiPineapple_2048x.JPG?v=1548048637
000059.jpg,https://i.pinimg.com/originals/79/f8/af/79f8afaa0bc8024a13ee4b84d7347bb7.jpg
000060.jpg,https://www.asklepios-seeds.de/pub/media/catalog/product/cache/e4d64343b1bc593f1c5348fe05efa4a6/a/j/ajipine.jpg
000061.jpg,https://kcdgarden.com/varieties/212/images/AjiPineapple.JPG?width=400&height=270&mode=crop&format=jpg&quality=65
000062.jpg,https://www.seedparade.co.uk/news/wp-content/uploads/2014/04/Spring-14-Aji-Pineapple.jpg
000063.jpg,https://i.redd.it/lrryh2as76631.jpg
000064.jpg,http://i.imgur.com/7XpfaBi.jpg
000065.jpg,https://scharfundlecker.de/WebRoot/Store16/Shops/72ecc385-2423-4740-a34d-191be29dfbd6/542B/B5E4/491F/B22E/BB8E/0A48/354C/64BC/Peperoncini_Seeds.png
000066.jpg,https://www.superhotchiles.com/wp-content/uploads/2018/04/Guyana-Chile-Plants-300x225.jpg
000067.jpg,https://i.pinimg.com/originals/5e/7c/ac/5e7cacfae1cfdd8092722196e31d48f7.jpg
000068.jpg,https://t3.ftcdn.net/jpg/02/07/80/12/500_F_207801252_8oWFNjF4v4mKgbID4eiZbBUcmmI5DoYC.jpg
000069.jpg,https://wacse.org/wp-content/uploads/2017/03/Photo-28-3-17-5-03-38-am.jpg
000070.jpg,https://pbs.twimg.com/media/CmdAFZuUcAA_KjC.jpg
000071.jpg,https://static.wixstatic.com/media/e9f541_c221f601a6e54d3d9bcb39547cc3e23a~mv2.jpg/v1/fill/w_639,h_426,al_c,q_85,usm_0.66_1.00_0.01/e9f541_c221f601a6e54d3d9bcb39547cc3e23a~mv2.webp
000072.jpg,http://i.imgur.com/g0rOTYy.jpg
000073.jpg,https://www.seedwise.com/assets/uploads/listings/main/54cd660ee2de2.jpg
000074.jpg,https://i.ytimg.com/vi/F4j5pUOm1jA/maxresdefault.jpg
000075.jpg,https://i.etsystatic.com/19365539/r/il/25a172/1878265000/il_570xN.1878265000_1noo.jpg
000076.jpg,http://www.michis-tomatensamen.de/WebRoot/Store18/Shops/61597262/4B89/5D9F/E4EC/D701/899B/C0A8/28BE/28E4/chiliajipineapplest_m.jpg
000077.jpg,http://taimimoisio.com/pub/media/catalog/product/cache/207e23213cf636ccdef205098cf3c8a3/c/h/chiliajipineapple.jpg
000078.jpg,https://i.imgur.com/VuOklSg.jpg
000079.jpg,https://pbs.twimg.com/media/DqEKRbfX4AAffBj.jpg
000080.jpg,https://4ncpia516q-flywheel.netdna-ssl.com/wp-content/uploads/Peper-Aji-Pineapple-plant.jpg
000081.jpg,https://www.jalapenomania.com/wp-content/uploads/55e9afa873f733790f42b7e96-320x320.jpg
000082.jpg,https://www.tessgruun.eu/shops/tessgruun/zpetgajpi.jpg
000083.jpg,https://plantekasse.dk/shop2/966-large_default/aji-pineapple-obs-kun-10-fro.jpg
000084.jpg,https://www.cilicen.si/247-large_default/aji-pineapple-10-semen.jpg
000085.jpg,https://www.chililovers.nu/wp-content/uploads/2018/10/BOC-x-aji-pineapple.jpg
000086.jpg,https://i.imgur.com/zEPxgmN.jpg
000087.jpg,https://www.picclickimg.com/00/s/MTAwMFgxNTAw/z/JkEAAOSw0H9Z38qU/$/Aji-Pineapple-Chili-gelb-yellow-15-Samen-_1.jpg
000088.jpg,https://i.ytimg.com/vi/Hev2-H1AGQs/maxresdefault.jpg
000089.jpg,http://chilishop-werder.com/WebRoot/Store28/Shops/43e01a20-424a-48d1-a48b-85eeddc548ec/59D3/9F59/F0A3/BB37/411F/0A48/3671/B796/aji-pineapple-chili-pflanze-chilishop-werder.jpg
000090.jpg,http://www.tomundchilly.de/wp-content/uploads/2018/07/IMG_2396-300x225.jpg
000091.jpg,https://pics.davesgarden.com/pics/2010/05/27/semillas/339f8f.jpg
000092.jpg,http://1.bp.blogspot.com/-ur6BtOtI2TM/UR2bZjRIjII/AAAAAAAABVk/FpMpl-9tKlk/s1600/IMG_8302.JPG
000093.jpg,https://fesaja-versand.de/images/product_images/original_images/aji-pineapple-capsicum-18-01.jpg
000094.jpg,https://www.picclickimg.com/d/l400/pict/264214417399_/75-Sweet-Banana-Pepper-Heirloom-Seeds-Non-GMO.jpg
000095.jpg,https://i.pinimg.com/originals/b5/a3/da/b5a3da6ff8f4ef599f18006fd6a8fc6e.jpg
000096.jpg,https://cdn.shopify.com/s/files/1/1681/7153/products/copyright-doc-hotties-allegheny-aji_2048x.jpg?v=1560473892
000097.jpg,https://www.superhotchiles.com/wp-content/uploads/2018/06/Aji_Pineapple_3.jpg
000098.jpg,https://www.chilipeppermadness.com/wp-content/uploads/2018/03/Aji-Pineapple2.jpg
000099.jpg,https://www.pepperscale.com/wp-content/uploads/2017/12/aji-pineapple_bg.jpg
000100.jpg,http://aji.io/wp-content/uploads/2015/05/aji-pineapple-031.jpg
000101.jpg,https://www.seedparade.co.uk/news/wp-content/uploads/2014/04/Spring-14-Aji-Pineapple.jpg
000102.jpg,http://www.mopeppers.at/media/image/product/339/md/aji-pineapple_1.jpg
000103.jpg,https://cdn.thehippyseedcompany.com/wp-content/uploads/2017/06/Aji-Pineapple-17.jpg
000104.jpg,https://www.seeds-gallery.shop/5048-home_default/aji-pineapple-chili-pepper-seeds.jpg
000105.jpg,https://cdn.thehippyseedcompany.com/wp-content/uploads/2017/06/Aji-Pineapple-7.jpg
000106.jpg,http://aji.io/wp-content/uploads/2015/05/aji-pineapple-02.jpg
000107.jpg,https://cdn.thehippyseedcompany.com/wp-content/uploads/2017/06/Aji-Pineapple-10.jpg
000108.jpg,http://www.mooiemoestuin.nl/wp-content/uploads/Peper-Aji-Pineapple-plant.jpg
000109.jpg,http://www.peppersbymail.com/wp-content/uploads/2017/09/20170930_1845421-600x600.jpg
000110.jpg,https://i.etsystatic.com/8657432/r/il/673f09/908370656/il_fullxfull.908370656_g0jq.jpg
000111.jpg,https://images.sellersourcebook.com/users/143753/aji_pineapple_5.jpg
000112.jpg,https://cdn.thehippyseedcompany.com/wp-content/uploads/2017/06/Aji-Pineapple-2.jpg
000113.jpg,https://shop.anchilique.nl/shop.anchilique.nl/image/cache/data/chili/aji_pineapple_003-500x500.jpg
000114.jpg,https://c8.alamy.com/comp/KDRRGC/aji-pineapple-pepper-capsicum-baccatum-whole-pod-ripe-clipping-path-KDRRGC.jpg
000115.jpg,https://fesaja-versand.de/images/product_images/info_images/aji-pineapple-capsicum-18-03.jpg
000116.jpg,https://c8.alamy.com/comp/KEY1K1/aji-pineapple-peppers-capsicum-baccatum-clipping-paths-shadows-separated-KEY1K1.jpg
000117.jpg,https://cookieandkate.com/images/2019/05/drizzling-aji-verde-onto-pineapple-halloumi-tacos.jpg
000118.jpg,http://i1318.photobucket.com/albums/t651/Nigel_Carter/1474456_560194150740212_563344325_n_zpsc5e53869.jpg
000119.jpg,https://www.pepperworldhotshop.com/out/pictures/master/product/1/aji_pineapple_sc207_1.jpg
000120.jpg,https://www.pepperworldhotshop.com/out/pictures/generated/product/2/1500_1500_75/bio-chili-pflanzen-organic-chilli-plants-v2.jpg
000121.jpg,http://shop.anchilique.nl/shop.anchilique.nl/image/cache/data/chili/aji_pineapple_001-700x700.jpg
000122.jpg,https://cdn1.bigcommerce.com/server700/5mvrqhbm/products/2061/images/150241/aji-pineapple-pepper__80002.1522257975.1280.1280.jpg
000123.jpg,https://i.pinimg.com/736x/0c/6d/3f/0c6d3f22845a9148cf0630f064b93abb--pepper-plants-chilli.jpg
000124.jpg,https://fesaja-versand.de/images/product_images/info_images/aji-pineapple-capsicum-18-01.jpg
000125.jpg,https://www.barney.dk/wp-content/uploads/2015/08/Aji-Pineapple.jpg
000126.jpg,http://www.peppersbymail.com/wp-content/uploads/2017/09/20170930_1845421.jpg
000127.jpg,https://fesaja-versand.de/images/product_images/info_images/aji-pineapple-qr.jpg
000128.jpg,https://lh3.googleusercontent.com/-xe-CijDpqAo/VfXDaj8lwyI/AAAAAAAAC5A/S-1mcGdyhXE/s800-Ic42/150913%252520Aji%252520Pineapple.jpg
000129.jpg,https://cookieandkate.com/images/2019/05/vegetarian-tacos-with-pineapple-salsa-fried-halloumi-and-aji-verde.jpg
000130.jpg,https://fesaja-versand.de/images/product_images/info_images/aji-pineapple-capsicum-18-02.jpg
000131.jpg,https://wacse.org/wp-content/uploads/2017/03/Photo-28-3-17-5-03-38-am.jpg
000132.jpg,http://www.chillipikanterie.cz/img/uploads/hires/aji_pineapple3.jpg
000133.jpg,https://shop.anchilique.nl/shop.anchilique.nl/image/cache/data/chili/aji_pineapple_002-700x700.jpg
000134.jpg,https://wacse.org/wp-content/uploads/2017/03/Photo-27-3-17-5-08-04-am-768x1024.jpg
000135.jpg,http://vivis-chili.dk/wp-content/uploads/2012/03/Aji-Pineapple.jpg
000136.jpg,https://www.cilicen.si/247-thickbox_default/aji-pineapple-10-semen.jpg
000137.jpg,https://www.volimljuto.com/wp-content/uploads/2018/08/Aji_Pineapple-VolimLjuto-1200x800.jpg
000138.jpg,https://fesaja-versand.de/images/product_images/info_images/chili-aji-pineapple-samen-01.jpg
000139.jpg,http://vivis-chili.dk/wp-content/gallery/aji-pineapple/aji-pineapple-3-uger.jpg
000140.jpg,https://chili.tummelsta.se/wp-content/uploads/2017/07/Aji-Pineapple-300x300.jpg
000141.jpg,http://www.chillipikanterie.cz/img/uploads/hires/aji_pineapple2.jpg
000142.jpg,https://c8.alamy.com/comp/KJWYK8/dried-aji-pineapple-pepper-capsicum-baccatum-top-view-clipping-paths-KJWYK8.jpg
000143.jpg,https://i.ytimg.com/vi/Hev2-H1AGQs/maxresdefault.jpg
000144.jpg,https://plantekasse.dk/shop2/966-large_default/aji-pineapple-obs-kun-10-fro.jpg
000145.jpg,https://www.barney.dk/wp-content/uploads/2015/08/Aji-Pineapple-pl.jpg
000146.jpg,http://i.imgur.com/o1xE08H.jpg
000147.jpg,https://chilishop-werder.com/WebRoot/Store28/Shops/43e01a20-424a-48d1-a48b-85eeddc548ec/5A2E/D3EF/A299/009E/E358/0A48/3572/996F/Aji-Pineapple-Red-Chili-Pflanze.jpg
000148.jpg,http://img.21food.com/20110609/product/1306496298510.jpg
000149.jpg,http://vertiponic.com/wp-content/uploads/2018/12/IMG_4580.jpg
000150.jpg,https://i.ytimg.com/vi/OJyPII6ik-Q/maxresdefault.jpg
000151.jpg,http://www.tradewindsfruit.com/content/images/dong-xuan-pepper3.jpg
000152.jpg,https://chilishop-werder.com/WebRoot/Store28/Shops/43e01a20-424a-48d1-a48b-85eeddc548ec/5A2E/D3EF/A299/009E/E358/0A48/3572/996F/400dpiLogo.jpg
000153.jpg,http://vivis-chili.dk/wp-content/gallery/aji-pineapple/aji-pineapple-6-uger.jpg
000154.jpg,https://sifu.unileversolutions.com/image/en-US/recipe-topvisual/2/1260-709/blackened-chicken-black-bean-and-pickled-pineapple-bowl-with-aji-amarillo-ranch-dressing-50462696.jpg
000155.jpg,https://supr.com/data/1830/files/480/480/2/ajipineapple_01.jpg
000156.jpg,https://cdn.shopify.com/s/files/1/1681/7153/products/copyright-doc-hotties-allegheny-aji_2048x.jpg
000157.jpg,http://www.erbeincucina.it/schede/ajipineapple1.jpg
000158.jpg,http://www.erbeincucina.it/schede/ajipineapple4.jpg
000159.jpg,http://img.21food.com/20110609/product/1306496226917.jpg
000160.jpg,https://cdn.shopify.com/s/files/1/1681/7153/products/copyright-doc-hotties-allegheny-aji3_2048x.jpg
000161.jpg,https://cdn.shopify.com/s/files/1/1681/7153/products/copyright-doc-hotties-allegheny-aji2_2048x.jpg
000162.jpg,http://www.floricolturagraziella.it/images/Orto_Speciale/Aji%20Pineapple.jpg
000163.jpg,https://mojepomidory.pl/4322-home_default/papryka-aji-charapita---cale-owoce.jpg
000164.jpg,https://c8.alamy.com/comp/T6WR36/barbecue-wagyu-hash-burger-with-flatbread-T6WR36.jpg
000165.jpg,https://www.peppersbymail.com/wp-content/uploads/simple_photo_gallery/14/fatalii_yellow_03.jpg
000166.jpg,https://lotsaveggies.files.wordpress.com/2019/05/img_1148.jpg
000167.jpg,https://c8.alamy.com/comp/K2XHCX/aji-cristal-pepper-capsicum-baccatum-plant-with-pods-and-flower-clipping-K2XHCX.jpg
000168.jpg,https://cdn.myshoptet.com/usr/www.levnasemena.cz/user/shop/detail/1218_chilli-papricky-little-elf-10-semen.jpg
000169.jpg,https://cookieandkate.com/images/2019/05/how-to-make-pineapple-halloumi-tacos.jpg
000170.jpg,https://i.pinimg.com/736x/ef/4b/17/ef4b17c665ed3c4e1e053f0107dded88--lemon-drops-south-america.jpg
000171.jpg,https://c1.staticflickr.com/4/3792/33540059142_f1e8268b6e.jpg
000172.jpg,https://cookieandkate.com/images/2019/05/vegetarian-halloumi-tacos-recipe-3.jpg
000173.jpg,https://c8.alamy.com/comp/T6WR3K/modern-barbecue-dry-aged-wagyu-flank-steak-with-pineapples-and-chimichurri-sauce-as-top-view-on-a-plate-T6WR3K.jpg
000174.jpg,http://teakdoor.com/Gallery/albums/userpics/30705/Aji-Umba-peppers_1010081.jpg
000175.jpg,http://2.bp.blogspot.com/-k6n8-aN1nIc/UoAJTYAQ1gI/AAAAAAAALgg/iQi_3X2Dt4g/s1600/aji53-1795.jpg
000176.jpg,https://c8.alamy.com/comp/HAPKHE/grocery-bag-watermelon-nutrition-fruit-vector-illustration-eps-10-HAPKHE.jpg
000177.jpg,https://i.pinimg.com/originals/68/22/ce/6822cec716e2783faeb1e8ea94474d8e.jpg
000178.jpg,https://i0.wp.com/sugarysin.com/wp-content/uploads/2019/04/If-you-love-salty-amp-sweet-this-is-going-to-be-your-new-favorite-brownie.jpg
000179.jpg,https://i.ytimg.com/vi/8q1NFlE17qs/maxresdefault.jpg
000180.jpg,https://bloximages.newyork1.vip.townnews.com/nola.com/content/tncms/assets/v3/editorial/8/3c/83c7b7e0-ab21-11e9-9768-bf3fe3e43f61/5d33669631e8c.image.jpg
000181.jpg,https://c8.alamy.com/comp/T6WR6E/barbecue-dry-aged-wagyu-flank-steak-with-pineapples-and-chimichurri-sauce-as-top-view-on-a-cutting-board-T6WR6E.jpg
000182.jpg,https://c8.alamy.com/comp/EKA7X5/couple-buying-natural-food-EKA7X5.jpg
000183.jpg,https://c8.alamy.com/comp/T6WR0H/modern-barbecue-dry-aged-wagyu-flank-steak-with-pineapples-and-chimichurri-sauce-as-top-view-on-a-plate-T6WR0H.jpg
