image,source
000001.jpg,https://images-na.ssl-images-amazon.com/images/I/71C4vu9MCrL._SX425_.jpg
000002.jpg,https://cdn1.bigcommerce.com/server700/5mvrqhbm/products/5666/images/151063/aji-dulce-puerto-rico__01944.1543265419.1280.1280.jpg?c=2
000003.jpg,https://caraotamarket.com/192-large_default/aji-dulce-250gr.jpg
000004.jpg,https://previews.123rf.com/images/alexiuz/alexiuz1603/alexiuz160300020/55090206-aji-dulce-is-a-variety-of-sweet-perennial-peppers.jpg
000005.jpg,https://http2.mlstatic.com/aji-dulce-kit-insecticidas-fungicidas-biologicos-1-hectarea-D_NQ_NP_790503-MLV27578743380_062018-F.jpg
000006.jpg,http://www.soleyboqueria.com/wp-content/uploads/2015/02/Ajidulce-01.jpg
000007.jpg,https://www.fruitionseeds.com/v/vspfiles/photos/PEP16-2T.jpg
000008.jpg,https://images-na.ssl-images-amazon.com/images/I/615%2B%2Bf34srL._SX425_.jpg
000009.jpg,https://http2.mlstatic.com/semillas-de-aji-dulce-sobres-de-3-gramos-guia-de-cultivo-D_NQ_NP_849338-MLV26517979525_122017-F.jpg
000010.jpg,https://cdn.shopify.com/s/files/1/0915/1060/products/Aji_Dulce.jpg?v=1545257713
000011.jpg,https://cdn1.sembramos.com.co/wp-content/uploads/2018/05/Semillas-Aj%C3%AD-Dulce-Cubanell.jpg
000012.jpg,https://www.southernexposure.com/images/large/spice-pepper-aji-dulce_LRG.jpg
000013.jpg,https://i.pinimg.com/originals/14/34/35/143435f738d64daa841b98536197de35.jpg
000014.jpg,https://yomercofacil.com/wp-content/uploads/2018/06/Aji-dulce-1-600x600.jpg
000015.jpg,https://i1.wp.com/awhaley.com/wp-content/uploads/2018/10/Aji-Dulce.jpg?fit=600%2C600&ssl=1
000016.jpg,https://tuzonamarket.com/wp-content/uploads/2019/05/aji-dulce-.jpg
000017.jpg,https://images-na.ssl-images-amazon.com/images/I/716IZlKg%2BmL._SY679_.jpg
000018.jpg,http://imag.bonviveur.es/articulos/pimientos-de-tres-colores-rojo-verde-y-amarillo.jpg
000019.jpg,https://cdn.shopify.com/s/files/1/0870/1178/products/AjiDulce_1024x1024.jpg?v=1551320657
000020.jpg,https://supermercados-paotrolado.com/wp-content/uploads/2019/04/ajidulce.jpg
000021.jpg,http://esnoticiapr.com/wp-content/uploads/2017/02/ajiesdulces.jpg
000022.jpg,http://freshboxpty.com/wp-content/uploads/2016/03/aji-dulce-criollo.jpg
000023.jpg,https://www.renaissancefarms.org/wp-content/uploads/2018/10/Aji-Dulce-Pepper.jpg
000024.jpg,https://steemitimages.com/640x0/http://ve.emedemujer.com/wp-content/uploads/sites/2/2015/07/Gourmet-aj%C3%AD-dulce-770x468.png
000025.jpg,https://www.agroterra.com/blog/wp-content/uploads/w2/fotonoticias/aji-dulce.jpg
000026.jpg,https://worldcrops.org/sites/worldcrops.org/files/crops/Aji%CC%81-dulce.jpg
000027.jpg,https://cdn1.bigcommerce.com/server700/5mvrqhbm/products/4193/images/151239/aji_dulce_2_pepper_n__56543.1548805154.1280.1280.jpg?c=2
000028.jpg,https://www.eurosupermercados.com/wp-content/uploads/2017/01/82005.png
000029.jpg,http://www.specialtyproduce.com/sppics/16334.png
000030.jpg,https://render.fineartamerica.com/images/rendered/default/metal-print/10.000/6.625/break/images-medium/aji-dulce-venezuelan-spices-juan-carlos-lopez.jpg
000031.jpg,https://www.asklepios-seeds.de/pub/media/catalog/product/cache/e4d64343b1bc593f1c5348fe05efa4a6/a/j/ajidulceamarillo.jpg
000032.jpg,https://static.artfire.com/img/1x/crop/512/512/0/uploads/mfs/items/d1/c9/d1c9e5a43c88e1915125a4b39ca3013114d0774b87aa13f92532cd5e5b529b27.jpg
000033.jpg,https://i.ebayimg.com/images/g/MMYAAOSwqoVdTKWQ/s-l300.jpg
000034.jpg,https://elholandespicante.com/wp-content/uploads/2015/06/chiles-aji-dulce
000035.jpg,http://www.chiliszoszok.hu/img/7378/898572/400x400/898572.jpg
000036.jpg,https://previews.123rf.com/images/yufagu/yufagu1507/yufagu150700017/42120833-pimiento-verde-o-aj%C3%AD-dulce-aislados-sobre-fondo-blanco.jpg
000037.jpg,https://fercon.com.co/wp-content/uploads/2018/04/02210011.jpg
000038.jpg,http://cdn.shopify.com/s/files/1/2406/3467/products/Aji_Dulce_Rowen_White_credit_1024x1024.jpg?v=1548869082
000039.jpg,https://cdn1.bigcommerce.com/server700/5mvrqhbm/products/2591/images/151202/aji_dulce_1_pepper2__15679.1545429296.1280.1280.jpg?c=2
000040.jpg,http://elestimulo.com/bienmesabe/wp-content/uploads/sites/7/2018/03/aji.jpg
000041.jpg,https://images-na.ssl-images-amazon.com/images/I/61i1KX8SpGL._SX355_.jpg
000042.jpg,http://revistalabarra.com/guia/files/classifieds/6358-9373.png
000043.jpg,https://mercalo.co/wp-content/uploads/2017/04/Aji-dulce.jpg
000044.jpg,https://c8.alamy.com/comp/D70KTD/aji-dulce-a-sweet-pepper-on-sale-in-a-market-in-iquitos-peru-D70KTD.jpg
000045.jpg,https://i.pinimg.com/originals/a6/65/79/a6657969063e3b53c98d328896b57ab7.jpg
000046.jpg,https://worldcrops.org/sites/worldcrops.org/files/crops/marketing/UMass_aji_Comapre_worc_sept_2015.jpg
000047.jpg,https://carolinatropicalseeds.com/wp-content/uploads/2019/05/seed-package-aji-dulce-seeds.png
000048.jpg,https://www.superhotchiles.com/wp-content/uploads/2018/11/ChilesAjiDulceRed5-2018.jpg
000049.jpg,https://www.pepperseeds.eu/pub/media/catalog/product/cache/b56a9049443cfaeedfe24666b14227c1/a/j/aji_du.jpg
000050.jpg,http://cdn.shopify.com/s/files/1/0239/1287/4064/products/aji_dulce_detail_7017aca0-b0ae-43b2-b001-dfd5dbe47d01_1200x1200.png?v=1566336824
000051.jpg,https://t2.rg.ltmcdn.com/es/images/3/9/8/img_mermelada_de_aji_dulce_62893_600.jpg
000052.jpg,https://render.fineartamerica.com/images/rendered/default/front/spiral-notebook/images-medium/aji-dulce-venezuelan-spices-juan-carlos-lopez.jpg?&targetx=-382&targety=0&imagewidth=1445&imageheight=961&modelwidth=680&modelheight=961&backgroundcolor=31280E&orientation=0&producttype=spiralnotebook
000053.jpg,https://cdn1.bigcommerce.com/n-yp39j5/wmhmd53/products/1644/images/2218/peruvian_aji_dulce__81935.1514735103.1280.1280.jpg?c=2
000054.jpg,http://cdn.shopify.com/s/files/1/1022/5071/products/aji-pepper-aji-dulce-2-capsicum-chinense-sweet-habanero-sweet-and-spicy-very-little-heat-1_630x630.jpg?v=1565026686
000055.jpg,https://http2.mlstatic.com/semillas-de-aji-dulce-amarillo-rosita-D_NQ_NP_914366-MLV32050229926_092019-Q.jpg
000056.jpg,https://1.bp.blogspot.com/-mzC_maRoENo/Vw6kU0xhhGI/AAAAAAAACkM/jXNNfkxXI_0WEofcVimlUAV65UvGkGUZQCPcB/s1600/aji.JPG
000057.jpg,https://img.goldbelly.com/uploads/product_image/image/47249/heirloom-aji-dulce-peppers-4-pints.e0dcc785170d3585afe870e021abbaa5.jpg?ixlib=rails-3.0.2&w=820&h=820
000058.jpg,http://www.kioskovenezolano.com/314-large_default/aji-dulce-deshidratado-25-grs.jpg
000059.jpg,https://upload.wikimedia.org/wikipedia/en/d/d0/Planta_Aji_Dulce.jpg
000060.jpg,http://www.agro-tecnologia-tropical.com/fs_files/user_img/detalle%20saco%20de%20aji%20dulce.jpg
000061.jpg,https://previews.123rf.com/images/raptorcaptor/raptorcaptor1706/raptorcaptor170600009/81267085-four-whole-aji-dulce-peppers-on-a-painted-white-background-.jpg
000062.jpg,https://www.sproutswyo.com/uploads/2/7/8/2/27829043/s329859440226174507_p1680_i1_w1000.jpeg
000063.jpg,https://images.freeart.com/comp/art-print/fa26850562/aji-dulce-pepper.jpg?units=in&ph=10.0&pw=8.0&fit=False
000064.jpg,https://i.etsystatic.com/12435877/r/il/5fa2ba/1770594929/il_570xN.1770594929_1rdg.jpg
000065.jpg,https://img.letgo.com/images/6b/a9/7f/9b/6ba97f9bdfc8e26f6e4d1fc57b2560e1.jpg?impolicy=img_600
000066.jpg,https://www.venezuelaenhoustonlarevista.com/wp-content/uploads/2016/05/Fotolia_113401728_Subscription_Monthly_M-850x491.jpg
000067.jpg,https://superjumbo.com.ve/1415-large_default/aji-dulce-250g.jpg
000068.jpg,http://d310a9hpolx59w.cloudfront.net/product_photos/39193245/il_fullxfull.524342576_psg6_original.jpg
000069.jpg,https://www.superhotchiles.com/wp-content/uploads/2018/04/Aji-Dulce-Red-Chile-Plants.jpg
000070.jpg,http://www.frescados.com/wp-content/uploads/2017/05/MERMELADA-DE-AJ%C3%8D-DULCE-COCINA-MANTUANA-230GR.jpg
000071.jpg,https://www.premierseedsdirect.com/wp-content/uploads/2017/11/62849991.jpg
000072.jpg,https://www.farmerdaves.net/wp-content/uploads/2019/01/Aji-Dulce-Peppers-300x300.jpg
000073.jpg,https://cdn.shopify.com/s/files/1/1022/5071/products/aji-pepper-live-plant-aji-dulce-2-pepper-venezuelan-heirloom-sweet-flavorful-very-rare-1.jpg?v=1565029738
000074.jpg,https://www.chili-shop24.com/media/image/54/6f/ab/9280_Dulce-Amarillo_600x600.jpg
000075.jpg,https://cdn.shopify.com/s/files/1/0220/1512/products/CP_348_-_Aji_Dulce_-_Peru_-_Huge_1024x1024.jpg?v=1446058158
000076.jpg,https://fscomps.fotosearch.com/compc/CSP/CSP276/aji-dulce-pepper-stock-image__k26850540.jpg
000077.jpg,https://www.fruitionseeds.com/v/vspfiles/photos/TRANS-34-2T.jpg
000078.jpg,https://swissbrothers.com/rshop/1391-large_default/aji-dulce-250g.jpg
000079.jpg,https://cdn.shopify.com/s/files/1/1095/8052/products/Pepper_Aji_Dulce4_grande.jpg?v=1544138731
000080.jpg,https://image.freepik.com/vector-gratis/aji-dulce-realista_1021-48.jpg
000081.jpg,https://images.freeart.com/comp/canvas-print/fa6999186/sweet-peppers.jpg?ph=16.0&pw=20.0&print_border=0&fit=false&flip=false&stretch_to_fit=true&print_colorfilter=&bits=&side_style=mirrored&units=in&frame_id=&frame_type=&show_banner=true&artist_attr_name=false&artist_attr_show=false&artist_attr_title=false&artist_attr_format=&artist_attr_font=&artist_attr_size=&custom_x_pct=&custom_y_pct=&custom_w_pct=&custom_h_pct=&bleed_size=&is_custom=false&object_width=20.0&object_height=16.0&fit_select=&internal_sku=
000082.jpg,https://kcdgarden.com/varieties/155/Aji%20Dulce%20%20Pepper%20mulato%20greengroup.jpg?width=730&height=500&mode=crop&format=jpg&quality=65
000083.jpg,https://i.redd.it/fx3882zf60g11.jpg
000084.jpg,https://pbs.twimg.com/profile_images/1406520103/perez_400x400.jpg
000085.jpg,http://curaherb.es/image/cache/products/ajidulce-seeds-1-800x800.png
000086.jpg,https://i.ebayimg.com/images/g/TYkAAOxyhTFSQFtA/s-l300.jpg
000087.jpg,https://mistiendas.com.co/mistiendas/129-thickbox_default/aji-dulce-kilo.jpg
000088.jpg,https://cdn.shopify.com/s/files/1/0006/1413/7921/products/aji-dulce-1pepper-seedsknown-as-ajicitooaji-gustosoaja-cachucha-sweet-500-seeds-3_grande.jpg?v=1544410896
000089.jpg,https://www.naturepl.com/cache/pcache2/01309197.jpg
000090.jpg,https://agronomaster.com/wp-content/uploads/2017/02/Diferencias-Del-Aji-Dulce-Y-El-Aji-Picante-1.jpg
000091.jpg,https://i.etsystatic.com/8657432/r/il/dd1847/908099943/il_570xN.908099943_m228.jpg
000092.jpg,https://worldcrops.org/sites/worldcrops.org/files/crops/sofrito_0.jpg
000093.jpg,https://www.pepperscale.com/wp-content/uploads/2017/01/Aji-Dulce-2-768x408.jpg
000094.jpg,http://www.agro-tecnologia-tropical.com/fs_files/user_img/aji%20dulce%20rosita(1).jpg
000095.jpg,https://i1.wp.com/www.deepspringfarm.com/wp-content/uploads/Aji-Dulce-Peppers-October-2017.jpg?fit=3261%2C2478&ssl=1
000096.jpg,https://www.codigovzla.org/wp-content/uploads/2019/09/aji-dulce.jpeg
000097.jpg,https://elholandespicante.com/wp-content/uploads/2015/06/chiles-aji-dulce-amarillo
000098.jpg,https://www.chili-shop24.com/media/image/16/aa/4a/100464_01_1280x1280.jpg
000099.jpg,https://steemitimages.com/640x0/http://1.bp.blogspot.com/-eZEDFmvQzk4/ULaUIdEMccI/AAAAAAAAABU/pkVCVPy_0rk/s1600/5494450825_9db3a0f20d.jpg
000100.jpg,http://elestimulo.com/wp-content/uploads/sites/7/2019/03/aji-dulce-margarite%C3%B1o.jpg
000101.jpg,https://st3.depositphotos.com/3552261/17551/v/1600/depositphotos_175519974-stock-illustration-orange-bell-peppersweet-pepper-or.jpg
000102.jpg,https://cdn.shopify.com/s/files/1/1523/7044/products/AjiDulceNo1_large.jpg?v=1475894975
000103.jpg,https://megatiendas.co/admin/backend/web/archivosDelCliente/items/images/md-Frutas-y-verduras-Verduras-Aji-Dulce-x-500-g-941.jpg
000104.jpg,https://www.chileplants.com/images/chiles/aji-dulce-3-pepper-plants.jpg
000105.jpg,https://diferencias.es/wp-content/uploads/2017/07/Arrangement_of_jalape%C3%B1o_banana_cayenne_chili_and_habanero_peppers-678x381.jpg
000106.jpg,https://media.gettyimages.com/photos/aji-dulce-peppers-picture-id88177424
000107.jpg,https://portalvhds26k4f5tktj3ck.blob.core.windows.net/spotpics/sp43494.jpg
000108.jpg,https://static.wixstatic.com/media/0f7c29_7b55640ddee24903b8d8d5060ee2cb6f~mv2_d_1960_4032_s_2.jpg/v1/fill/w_1960,h_4031,al_c,q_85/0f7c29_7b55640ddee24903b8d8d5060ee2cb6f~mv2_d_1960_4032_s_2.jpg
000109.jpg,https://render.fineartamerica.com/images/rendered/default/flat/pouch/images-medium/aji-dulce-venezuelan-spices-juan-carlos-lopez.jpg?&targetx=0&targety=-21&imagewidth=777&imageheight=516&modelwidth=777&modelheight=474&backgroundcolor=31280E&orientation=0&producttype=pouch-regularbottom-medium
000110.jpg,http://cdn.shopify.com/s/files/1/1022/5071/products/aji-pepper-aji-dulce-amarillo-yellow-sweet-habanero-3_1024x1024.jpg?v=1565026694
000111.jpg,https://img.clasf.co.ve/2019/02/01/Semillas-Aji-Dulce-Largo-Agrandado-De-50-Gr-20190201181117.2889560015.jpg
000112.jpg,https://live.staticflickr.com/6131/6009801863_547d5aa1c7_b.jpg
000113.jpg,https://static.wixstatic.com/media/d45f52_d0bbedb6d6264fcbb17ed501589d782d~mv2.png/v1/crop/x_138,y_0,w_669,h_566/fill/w_560,h_474,al_c,q_90/Dulce%20%232%20(5).webp
000114.jpg,https://gastrocronicascom.files.wordpress.com/2010/06/0a69d-aji_dulce.jpg?w=640
000115.jpg,https://deqpcook.files.wordpress.com/2014/04/deqpcook_ajidulce.jpg?w=1200
000116.jpg,https://www.miplazapp.com/content/images/thumbs/000/0000019_a-j-aji-dulce_5_450.jpeg
000117.jpg,https://davesgarden.com/guides/pf/thumbnail.php?image=2009/12/30/twiggybuds/de43ec.jpg&widht=700&height=312
000118.jpg,https://c8.alamy.com/comp/2A2KAF1/aji-dulce-orange-pod-flavor-sweet-pepper-over-white-background-2A2KAF1.jpg
000119.jpg,https://cdn1.bigcommerce.com/server700/5mvrqhbm/products/2657/images/144699/aji_dulce_yellow_pepper2__96418.1475553807.1280.1280.jpg?c=2
000120.jpg,https://previews.123rf.com/images/tycoon751/tycoon7511604/tycoon751160400588/55853500-colorear-aj%C3%AD-dulce-en-la-mesa-de-madera.jpg
000121.jpg,https://i.ytimg.com/vi/mM7j6KOhftM/maxresdefault.jpg
000122.jpg,https://thumbs.dreamstime.com/z/venezuelan-aji-dulce-pepper-38380222.jpg
000123.jpg,https://naturalma.es/wp-content/uploads/2017/08/aji-dulce-5-opt.jpg
000124.jpg,https://static.artfire.com/uploads/mfs/items/2d/a0/large/2da0349cb436df44978f301f2a2483ccf78f305884e6a052bc1c388681ec1402.jpg
000125.jpg,http://granelmadrid.com/wp-content/uploads/2015/07/aji-dulce-600x600.jpg
000126.jpg,https://www.picclickimg.com/d/l400/pict/153075501080_/Pepper-Aji-Dulce-100-seeds.jpg
000127.jpg,http://www.rooftopready.com/index/wp-content/uploads/2015/01/ChileAjiDulceStore1.png
000128.jpg,https://i.ebayimg.com/images/g/4DEAAOSwjqVZLX79/s-l640.jpg
000129.jpg,http://growpepperseeds.com/wp-content/uploads/2019/06/ajidulce1-300x225.jpg
000130.jpg,https://image.shutterstock.com/image-photo/venezuelan-aji-dulce-pepper-600w-175438190.jpg
000131.jpg,https://static.wixstatic.com/media/0f7c29_115b33573cbd4497a57162951c90a4db.jpg/v1/fill/w_2048,h_1152,al_c,q_85/0f7c29_115b33573cbd4497a57162951c90a4db.jpg
000132.jpg,https://img.clasf.co.ve/2019/06/22/Semilla-De-Aji-Dulce-Largo-Llanero-20190622154323.0331070015.jpg
000133.jpg,https://worldcrops.org/sites/worldcrops.org/files/crops/IMG_5812_0.JPG
000134.jpg,https://images.getbento.com/accounts/18544233782580a58b88f5d2f26e5dbb/media/images/87908180823_EmpellonTaqueria_41370.jpg?w=600&fit=max&auto=compress,format&h=600
000135.jpg,https://upload.wikimedia.org/wikipedia/commons/4/43/Capsicum_chinense_Aji_Dulce_1zz.jpg
000136.jpg,https://cdn.shopify.com/s/files/1/0239/1287/4064/files/aji_dulce_marca_300x.png?v=1566081698
000137.jpg,https://img-global.cpcdn.com/002_recipes/729b6415f158bb5c/751x532cq70/mermelada-de-aji-dulce-foto-principal.jpg
000138.jpg,https://i1.wp.com/foodografo.com/wp-content/uploads/2016/08/sopa-de-aji-dulce-1.jpg?resize=595%2C446
000139.jpg,https://www.vegaproduce.com/wp-content/uploads/2018/09/Cachucha.png
000140.jpg,https://comps.canstockphoto.com/sweet-peppers-stock-photography_csp8011190.jpg
000141.jpg,https://images-na.ssl-images-amazon.com/images/I/51m1CaHd6wL._SX425_.jpg
000142.jpg,https://unclewaynestomatoes.com/sites/default/files/Aji%20Duice%202.JPG
000143.jpg,http://1.bp.blogspot.com/-r6C2xmliKEM/VUQAHlw0nLI/AAAAAAAAAKs/Q06NC8i8f0g/s1600/aji%2Bdulce.jpg
000144.jpg,https://upload.wikimedia.org/wikipedia/en/8/81/Aji_Dulce.jpg
000145.jpg,http://imag.bonviveur.es/articulos/pimientos-pequenos-rojos-y-amarillos.jpg
000146.jpg,http://www.soleyboqueria.com/wp-content/uploads/2019/09/Aj%C3%AD-Dulce-Venezolano-Soley-Boqueria.jpg
000147.jpg,http://www.incashu.com.pe/wp-content/uploads/2018/09/aji_dulce.jpg
000148.jpg,http://www.agro-tecnologia-tropical.com/fs_files/user_img/aji%20pepon.jpg
000149.jpg,https://media-cdn.tripadvisor.com/media/photo-s/14/27/69/e4/photo0jpg.jpg
000150.jpg,https://i.redd.it/7ebjr4yowkc11.jpg
000151.jpg,https://st3.depositphotos.com/10590712/18440/v/1600/depositphotos_184401644-stock-illustration-orange-yellow-green-red-paprika.jpg
000152.jpg,https://images-eu.ssl-images-amazon.com/images/I/51uwiV%2B7kyL.jpg
000153.jpg,http://www.sativa.it/upload/prodotti/img/200-peperone-aji-dulce.jpg
000154.jpg,http://www.kioskovenezolano.com/250-thickbox_default/aji-dulce-deshidratado-25-grs.jpg
000155.jpg,https://elcolmadovallekas.com/wp-content/uploads/2019/06/101.ajidulce.png
000156.jpg,https://www.chilisorte.de/fotos/Capsicum-127.jpg
000157.jpg,https://hudsonvalleyseed.com/media/catalog/product/cache/2/image/800x600/9df78eab33525d08d6e5fb8d27136e95/a/j/aji_dolce.jpg
000158.jpg,https://homemadeinastoria.com/files/2015/09/DSC_1960_3.jpg
000159.jpg,https://steemitimages.com/640x0/https://cdn.steemitimages.com/DQmZV7a1Y9y8gjCbMPq64bc2qNkq9pVsyY1VdsZfeAW8PXB/AJI%20DULCE%20MARGARITE%C3%91O.jpg
000160.jpg,https://gastrocronicascom.files.wordpress.com/2010/06/cc06c-aji_dulce_mata.jpg
000161.jpg,http://chilliguru.uk/chinense/images/dulce_2.jpg
000162.jpg,https://media.istockphoto.com/photos/sweet-variety-of-yellow-chili-pepper-aji-dulce-amarillo-picture-id467514210
000163.jpg,https://jetimages.jetcdn.net/md5/d6b4a8d12712f19812f51b2ce9923ed2?odnBound=576
000164.jpg,https://cdn11.bigcommerce.com/s-cg0adf/images/stencil/1280x1280/products/221/727/Aji_Deluce__54753.1431678152.jpg?c=2&imbypass=on
000165.jpg,http://rutasgolosas.com/wp-content/uploads/2016/04/simposio-aji-dulce-rutas-golosas.jpg
000166.jpg,https://www.cocinayvino.com/wp-content/uploads/2017/10/14263446_ml-e1508961072879.jpg
000167.jpg,https://media-cdn.tripadvisor.com/media/photo-s/0f/b3/a2/ca/20170627-123558-largejpg.jpg
000168.jpg,https://frutascharito.es/1270/aji-dulce.jpg
000169.jpg,https://i.etsystatic.com/10286820/r/il/1eb83f/752279842/il_570xN.752279842_3mbk.jpg
000170.jpg,https://c8.alamy.com/comp/HNFDJ0/sweet-hot-chili-habanero-aji-dulce-orange-peppers-on-retail-farmers-HNFDJ0.jpg
000171.jpg,https://www.1001especias.com/557-large_default/comprar-aji-dulce-granel.jpg
000172.jpg,https://cdn1.bigcommerce.com/server700/5mvrqhbm/products/4595/images/144715/aji-margariteno-pepper__68281.1475553823.1280.1280.jpg?c=2
000173.jpg,http://doublehelixfarms.com/sites/default/files/pepper%20aji%20dulce1.jpg
000174.jpg,https://www.lasalmantina.com/wp-content/uploads/2017/05/AJI-DULCE-2.jpg
000175.jpg,https://i0.wp.com/agrozon.com.do/wp-content/uploads/2018/07/agrozon-86.jpg?fit=585%2C1040&ssl=1
000176.jpg,http://chilifee.de/WebRoot/Store17/Shops/6785a7bf-b9bd-45fa-b711-164bd13875ab/5638/B504/6E84/2CFB/0BD2/0A48/3549/F3C4/Aji_Dulce_Rojo.jpg
000177.jpg,https://www.picclickimg.com/d/l400/pict/232301273289_/Aji-Dulce-Plants.jpg
000178.jpg,https://antojitosdetupais.com/image/cache/catalog/Condimentos/10272739_379670412189516_7101676606927010520_o-500x500.jpg
000179.jpg,http://chilliguru.uk/chinense/images/dulce_1.jpg
000180.jpg,http://berkeleyhort.com/wp-content/uploads/2016/10/Aji-Dulce-peppers.jpg
000181.jpg,https://deqpcook.files.wordpress.com/2014/04/deqpcook_ajidulce.jpg?w=1100&h=500&crop=1
000182.jpg,https://sidwainer.com/ec/images/products/26975.jpg
000183.jpg,http://cdn.shopify.com/s/files/1/1022/5071/products/aji-pepper-aji-dulce-1-pepper-live-plant-known-as-aji-cito-aji-gustoso-3_630x630.jpg?v=1565026692
000184.jpg,https://www.superhotchiles.com/wp-content/uploads/2018/04/Aji-Dulce-Yellow-chile-Plants.jpg
000185.jpg,https://www.chileplants.com/images/chiles/aji-dulce-1-pepper-plants.jpg
000186.jpg,https://cdn.shopify.com/s/files/1/0022/5764/9776/products/kM5sAM6_e9e38675-69c9-4172-8110-5b18ed27f306_300x300.jpg?v=1556387330
000187.jpg,https://diferencias.es/wp-content/uploads/2017/07/Carolina_Reaper-IMG_1357-1024x640.jpg
000188.jpg,http://www.myseedz.com/img/p/1/3/3/0/1330-product_resp.jpg
000189.jpg,https://i.ytimg.com/vi/Z3qohx5JBb8/maxresdefault.jpg
000190.jpg,https://chilli-seedz.com/wp-content/uploads/2016/08/IMG_8584-900x900.jpg
000191.jpg,https://d1kxxrc2vqy8oa.cloudfront.net/wp-content/uploads/2019/07/15111421/RFB-0907-2-pandeajidulce.jpg
000192.jpg,http://justpicked.com/files/project/items/peppers/62_RedAjiDulcePepper141013.jpg
000193.jpg,https://elholandespicante.com/wp-content/uploads/2015/06/flor-del-chile-aji-dulce.jpg
000194.jpg,https://lfmimages.blob.core.windows.net/400952-highcountryfoodhub/products/producers/6daa9123-aeaa-4414-9c95-eb6baa0cb135/aji%20dulce%20peppers.jpeg
000195.jpg,https://www.codigovzla.org/wp-content/uploads/2019/09/plantas.jpeg
000196.jpg,https://i.ebayimg.com/images/g/GJ8AAOSws5Bae5PM/s-l400.jpg
000197.jpg,https://live.staticflickr.com/8202/8191601500_ef45a13d04_b.jpg
000198.jpg,http://elestimulo.com/bienmesabe/wp-content/uploads/sites/7/2018/07/mermelada-de-aji-carmen.jpg
000199.jpg,http://archivo.infojardin.com/attachments/dsc02083-jpg.149891/
000200.jpg,https://previews.123rf.com/images/breakingthewalls/breakingthewalls1612/breakingthewalls161200036/67108930-sweet-hot-chili-habanero-aji-dulce-orange-peppers-on-retail-farmers-market-display-close-up-elevated.jpg
000201.jpg,https://i1.wp.com/agrozon.com.do/wp-content/uploads/2018/07/agrozon-83.jpg?fit=585%2C1040&ssl=1
000202.jpg,https://reader015.docslide.net/reader015/html5/20170727/5572130b497959fc0b9179ac/bg1.png
000203.jpg,https://www.chili-shop.org/fotos/aji_dulce_amarillo_1.jpg
000204.jpg,https://www.comproagro.com/media/imagenes_productos/2019/10/17/WhatsApp_Image_2019-10-17_at_3.22.50_PM.jpeg
000205.jpg,http://foodografo.com/wp-content/uploads/2016/08/sopa-aji-dulce0380-e1507747439513.jpg
000206.jpg,https://www.maggi.com.ve/wp-content/uploads/2015/07/croquetas-de-cazon-en-crema-de-aj%C3%AD-dulce-283x370.jpg
000207.jpg,https://thecookscook.com/assets/Depositphotos_61367145_m-2015-1.jpg
000208.jpg,https://static.wixstatic.com/media/d45f52_1da278835f0a4e15998c49bc8fb9d6c2~mv2.png/v1/fill/w_640,h_358,al_c,q_90/Dulce%20%232%20(3).webp
000209.jpg,https://images-na.ssl-images-amazon.com/images/I/61gjSbDFFsL._SY679_.jpg
000210.jpg,https://i.pinimg.com/originals/c5/94/56/c594565bd0def040bfe57957879e5781.jpg
000211.jpg,https://www.frigomas.com.py/images/1569262095-muestra.jpg
000212.jpg,https://www.visa.com.co/dam/VCOM/regional/lac/SPA/Colombia/Pay%20With%20Visa/martes-visa/otros/aji-dulce-640x640.jpg
000213.jpg,https://d2p4qauh5fa1j0.cloudfront.net/fotos/diccionario/479.jpg
000214.jpg,https://d.wattpad.com/story_parts/100479660/images/13cd9ad9cf4ebd79.jpg
000215.jpg,https://image.shutterstock.com/image-photo/red-hot-chili-peppers-isolated-260nw-1400139284.jpg
000216.jpg,https://js.mandalospain.com/wp-content/uploads/2019/08/Aji_Dulce_Fresco_Mandalo_Spain.jpg
000217.jpg,http://ecofincapr.com/wp-content/uploads/2016/04/aji_dulce.jpg
000218.jpg,http://www.jeccfarm.com/102_0219.JPG
000219.jpg,https://st3.depositphotos.com/3552261/17600/v/1600/depositphotos_176004422-stock-illustration-icons-bell-peppersweet-pepper-or.jpg
000220.jpg,http://www.myseedz.com/img/p/1/3/3/0/1330-thickbox_default.jpg
000221.jpg,http://justpicked.com/files/project/items/peppers/78_GreenandRedAjiDulcePepper150329.jpg
000222.jpg,https://images1.searchub.com/Ajicito-Aji-Dulce-Aji-Gustoso-Cachucha-Sweet-Pepper-100-5Q4G8mjmwm0l1w.jpg
000223.jpg,https://media-cdn.tripadvisor.com/media/photo-s/12/d1/be/bb/photo0jpg.jpg
000224.jpg,https://latinamommeals.com/wp-content/uploads/2016/12/IMG_8645-1024x683.jpg
000225.jpg,http://www.cochranesantaclaus.ca/bmz_cache/d/d552aa4949ee62fdeaa90dedc0653ebb.image.500x398.jpg
000226.jpg,https://farm9.staticflickr.com/8031/28973057321_79207fba8b_b.jpg
000227.jpg,http://latinosmarket.ca/media/catalog/product/cache/1/thumbnail/600x/17f82f742ffe127f42dca9de82fb58b1/o/r/orinoquia-ajidulce.jpg
000228.jpg,https://fastly.4sqi.net/img/general/200x200/14730042_5WDlKGXghsY6CZLIjMquVAz_ay8ehvcSyIi9HsT3zfk.jpg
000229.jpg,https://static.wixstatic.com/media/0f7c29_b4c1b62322214bc8b2f734f5b3c28450~mv2_d_1960_4032_s_2.jpg/v1/fill/w_1960,h_4031,al_c,q_85/0f7c29_b4c1b62322214bc8b2f734f5b3c28450~mv2_d_1960_4032_s_2.jpg
000230.jpg,http://richdad.club/wp-content/uploads/2018/12/aji-dulce-peppers-has-the-shape-and-size-of-a-pepper-figure-4-without.jpg
000231.jpg,https://cdn.shopify.com/s/files/1/0019/1047/2802/products/vogliapiccante-pepper-seeds-aji-dulce-amarillo_Img_Principale_34045_300x300.jpg?v=1545769149
000232.jpg,https://pbs.twimg.com/media/DwfEfAwWwAEbOk9.jpg
000233.jpg,https://www.liqui-liqui.com/wp-content/uploads/2019/09/Screenshot_20190920-121256_Google.jpg
000234.jpg,https://aji.io/wp-content/uploads/2015/05/trinidad-perfume-825x510.jpg
000235.jpg,https://www.callmebetty.com/wp-content/uploads/2017/10/puerto-rican-sofrito-2-683x1024.jpg
000236.jpg,https://img-global.cpcdn.com/002_recipes/464ae1d7e82117bf/751x532cq70/salsa-picante-de-aji-dulce-foto-principal.jpg
000237.jpg,http://bhorganicproduce.com/wp-content/uploads/2014/12/aji-dulce.jpg
000238.jpg,https://image.slidesharecdn.com/presentacinsobreelajidulce-100606075604-phpapp02/95/presentacin-sobre-el-aji-dulce-1-728.jpg?cb=1275811018
000239.jpg,http://pajarostreet.com/Food/FoodInfo/ChilePeppers/Images/Fresh/ajidulce.jpeg
000240.jpg,https://cdn.dribbble.com/users/191376/screenshots/2804841/ajidulce.jpg
000241.jpg,http://urbanchicoutlet.co/wp-content/uploads/2019/05/aji-peppers-organic-chili-peppers-on-display-in-wooden-boxes-at-a-street-food-market-fair-festival-aji-lemon-pepper-scoville-aji-dulce-pepper-scoville.jpg
000242.jpg,https://mundosjumbo.cl/wp-content/uploads/2015/04/1189630-700x700.jpg
000243.jpg,https://www.agroterra.com/media/catalog/product/cache/3/image/360x360/9df78eab33525d08d6e5fb8d27136e95/5/2/aji-dulce-venezolano-en-industria-alimentaria-3016122___5283_Reasells.JPG
000244.jpg,https://http2.mlstatic.com/600-semillas-certificadas-de-aji-dulce-rosita-sobre-de-3-gr-D_NQ_NP_659678-MLV25920329974_082017-F.jpg
000245.jpg,https://i.ytimg.com/vi/4VwyctxxqvA/maxresdefault.jpg
000246.jpg,http://www.hopefarmpr.com/wp-content/uploads/2013/05/bwy1206731642e-300x225.jpg
000247.jpg,https://www.elnacional.com/wp-content/uploads/2019/03/los-chorizos-embutidos-hatillo-saben-aji-dulce-albahaca-especias_275314.jpg
000248.jpg,https://imgv2-1-f.scribdassets.com/img/document/412664006/original/f076b20237/1568984703?v=1
000249.jpg,https://d1uona6pizvebs.cloudfront.net/catalog/product/cache/4fd94122ce9049ee0590091261a19421/S/a/Salsadeajidulcex285g.jpg
000250.jpg,https://s3-media1.fl.yelpcdn.com/bphoto/dIhSdjspNCWCS2wlX2TQ_w/o.jpg
000251.jpg,https://www.picclickimg.com/00/s/MTE0MFgxNjAw/z/E2AAAOSwq7JT4heh/$/100-Culantro-Recao-Seeds-10-Aji-Dulce-_1.jpg
000252.jpg,https://worldcrops.org/sites/worldcrops.org/files/crops/IMG_2605.JPG
000253.jpg,https://elholandespicante.com/wp-content/uploads/2015/06/flor-del-chile-aji-dulce-amarillo.jpg
000254.jpg,https://www.alpesotoledo.es/wp-content/uploads/2017/09/aji-dulce.jpg
000255.jpg,https://ag.umass.edu/sites/ag.umass.edu/files/highlights/aji-dulce.jpg
000256.jpg,http://img.over-blog.com/400x266/4/06/68/69/VARIOS/EL-GUISO/Ceviche-de-pescado-con-aji-dulce.jpg
000257.jpg,https://i.ebayimg.com/images/g/jEMAAOSwA0ZZzVld/s-l300.jpg
000258.jpg,https://scontent-yyz1-1.cdninstagram.com/vp/3e48ae6b8be4ff8d5cfc2539b3379080/5DE4D81A/t51.2885-15/e15/c0.90.720.720a/s640x640/66276803_2311038398991856_2766999367331965243_n.jpg?_nc_ht=scontent-yyz1-1.cdninstagram.com
000259.jpg,https://www.comproagro.com/media/imagenes_productos/2019/10/17/WhatsApp_Image_2019-10-17_at_3.21.37_PM.jpeg
000260.jpg,https://i.redd.it/jdu9x150sj221.jpg
000261.jpg,https://media.istockphoto.com/photos/sweet-yellow-pepper-on-white-background-picture-id1022424960
000262.jpg,http://vivis-chili.dk/wp-content/uploads/2012/02/Aji-Dulce-Amarillo.jpg
000263.jpg,http://www.agro-tecnologia-tropical.com/fs_files/user_img/aji%20llaneron%20BR.jpg
000264.jpg,https://render.fineartamerica.com/images/rendered/default/flat/battery/images-medium/aji-dulce-venezuelan-spices-juan-carlos-lopez.jpg?&targetx=0&targety=-82&imagewidth=864&imageheight=574&modelwidth=864&modelheight=410&backgroundcolor=31280E&orientation=1&producttype=battery-5200
000265.jpg,https://i.pinimg.com/originals/b0/f1/f6/b0f1f608e509449cea93d04ec09327f2.jpg
000266.jpg,https://d1kxxrc2vqy8oa.cloudfront.net/wp-content/uploads/2019/09/24112656/RFB-1909-4-polvodeajidulce.jpg
000267.jpg,https://exitocol.vteximg.com.br/arquivos/ids/661770/Aji-Dulce-13402_a.jpg?v=637027090939770000
000268.jpg,https://farm1.staticflickr.com/98/266902739_3ccf3058d3_z.jpg?zz=1
000269.jpg,https://fastly.4sqi.net/img/general/200x200/138559673_sPGXwB27ergRxDYIjV8mIHZBX-pQ7QblnoUfr5m3EFM.jpg
000270.jpg,https://megamarket.com.co/wp-content/uploads/2018/02/Aceite-Canola-1-169x300-2.png
000271.jpg,https://www.baldorfood.com/uploads/PhotoModel/12919/image/pe3bb.gallery.jpg?t=1474996472
000272.jpg,https://pbs.twimg.com/media/DqzFBY0W4AE25-Q.jpg
000273.jpg,https://gastronomiaycia.republica.com/wp-content/uploads/2010/09/salsa_chile_dulce.jpg
000274.jpg,https://images.engormix.com/profile_photos/ph-20140614_232827-S-9041-produccion-aji-dulce-capsicum.jpg
000275.jpg,https://images.freeart.com/comp/art-print/fa6999185/sweet-peppers.jpg
000276.jpg,http://www.bycarlaangola.com/web5/wp-content/uploads/2016/10/161014-by-carla-angola-lipstick-ajidulce.jpg
000277.jpg,http://www.kieserorganics.com/wp-content/uploads/2016/09/seasoningpeppers2.jpg
000278.jpg,https://img.ulule.com/display/581dab52aefe39d7cc50ed33b2cdfba434e3b7f0/thumbnail/640x360/presales/7/6/2/38267/_mg_ligera.8yjDQ6xE20D0.jpg
000279.jpg,http://ekoterra.co/images/stories/virtuemart/product/aji.jpg
000280.jpg,https://www.tessgruun.eu/shops/tessgruun/ppetdpadp9-peper-aji-dulce-2-1-plant-in-pot-p9.jpg
000281.jpg,https://i0.wp.com/agrozon.com.do/wp-content/uploads/2018/07/agrozon-83.jpg?resize=313%2C234&ssl=1
000282.jpg,https://716f24d81edeb11608aa-99aa5ccfecf745e7cf976b37d172ce54.ssl.cf1.rackcdn.com/puerto-rican-style-aji-dulce-936078l1.jpg
000283.jpg,http://vivis-chili.dk/wp-content/uploads/2012/02/Aji-Dulce.jpg
000284.jpg,https://scontent-lga3-1.cdninstagram.com/vp/52c0571aa14937f01c6adb30af087a34/5DD486A0/t51.2885-15/sh0.08/e35/s640x640/67385245_163964951441710_185963217704419039_n.jpg?_nc_ht=scontent-lga3-1.cdninstagram.com
000285.jpg,https://www.1001especias.com/574-large_default/aji-dulce-bote-hosteleria-450g.jpg
000286.jpg,http://hot-pain.de/wp-content/uploads/aji-dulce-long.jpg
000287.jpg,http://www.jjgourmet.com.ve/include/proon/img/productos/514_aji_dulce.jpg
000288.jpg,https://cdn.shopify.com/s/files/1/0239/1287/4064/files/aji_dulce_madrid_600x.JPG?v=1565690456
000289.jpg,https://www.frutitos.com/5807-large_default/aji-dulce-copos.jpg
000290.jpg,https://agronomaster.com/wp-content/uploads/2017/02/Como-Se-Siembra-El-Aji-3-1.jpg
000291.jpg,https://js3.mandalospain.com/wp-content/uploads/2018/08/Salsa_Fritz_aji_Dulce_Mandalo_Spain_Revista_Venezolana-800x800.png
000292.jpg,https://st4.depositphotos.com/1020804/19813/i/1600/depositphotos_198136532-stock-photo-bell-pepper-sweet-pepper-plant.jpg
000293.jpg,http://2.bp.blogspot.com/-cOdsTaVN9lg/ULaVVx9zs6I/AAAAAAAAABc/r-oWp8XPYuw/s1600/aji-dulce-3.jpg
000294.jpg,https://unareceta.com/wp-content/uploads/2017/08/receta-de-salsa-de-aji%CC%81-dulce-640x427.jpg
000295.jpg,https://charlestonmag.com/sites/default/files/styles/800wide/public/CandyRoaster-SQUARE.png?itok=HB0eNEFW
000296.jpg,https://media-cdn.tripadvisor.com/media/photo-s/18/31/8d/dd/snapchat-1334317335-largejpg.jpg
000297.jpg,https://sites.google.com/site/ajidulcecatering/_/rsrc/1288829428466/home/LIVbrazilian_jpg.jpg?height=212&width=320
000298.jpg,https://www.tupanamarket.com/253-tm_large_default/salsa-aji-dulce-mccormick-158-g.jpg
000299.jpg,https://historiasdesobremesa.files.wordpress.com/2010/08/margarita2010939.jpg
000300.jpg,https://s.cornershopapp.com/product-images/343858.jpg
000301.jpg,https://image.shutterstock.com/image-vector/vector-set-colored-yellow-green-260nw-537559246.jpg
000302.jpg,https://lanota-latina.com/wp-content/uploads/2016/02/www.mamacontemporanea.com-arepas-de-aji-dulce-800x500_c.jpg
000303.jpg,http://img0098.psstatic.com/133270232_amazoncom-sweet-pepper-or-aji-dulce-25-qty-pack-capsicum.jpg
000304.jpg,https://estoyhechouncocinillas.com/wp-content/uploads/2015/06/salsa_de_chile_dulce_tailandesa.png
000305.jpg,https://i.vimeocdn.com/portrait/8383516_300x300
000306.jpg,https://i5.walmartimages.com/asr/48d4d388-92fd-46a4-afb8-ec6c58e22627_1.e79fbfa671d44b5cc67c2f000496314a.jpeg?odnHeight=450&odnWidth=450&odnBg=FFFFFF
000307.jpg,https://image2.owler.com/3067364-1463062602790.png
000308.jpg,http://royalegear.club/wp-content/uploads/2019/05/aji-dulce-pepper-alewife-farm.jpg
000309.jpg,https://i.ytimg.com/vi/817ZxWTIIhg/maxresdefault.jpg
000310.jpg,https://i.pinimg.com/280x280_RS/02/8d/5f/028d5f76690128b54d3f47c42d3027b4.jpg
000311.jpg,https://www.diamundialdelaarepa.com/wp-content/uploads/2015/07/aji-dulce-palermo.jpg
000312.jpg,http://www.hopefarmpr.com/wp-content/uploads/2013/05/ajis.jpg
000313.jpg,https://instagram.fist1-2.fna.fbcdn.net/vp/63c020cb2b94c29d3750fa0d79c07485/5E033F9F/t51.2885-15/sh0.08/e35/s640x640/69641863_120644132631714_8058020629030461387_n.jpg?_nc_ht=instagram.fist1-2.fna.fbcdn.net&_nc_cat=106
000314.jpg,https://ajidulcefx.com/wp-content/uploads/2019/04/cropped-Logo-AjidulceFX-03.png
000315.jpg,https://fercon.com.co/wp-content/uploads/2018/04/02210072-324x324.jpg
000316.jpg,http://www.guiadegusta.com/webservice/getxRestaurante.pais3.w1200.h628.q80.aji-dulce_3_foto-r-0.jpg
000317.jpg,http://www.agro-tecnologia-tropical.com/fs_files/user_img/aji%20dulce%20i.jpg
000318.jpg,https://enrilemoine.com/wp-content/uploads/2015/01/17ee2-img_6720.jpg
000319.jpg,https://img-global.cpcdn.com/recipes/2d152c7595f749f2/751x532cq70/pasta-de-aji-dulce-foto-principal.jpg
000320.jpg,https://www.rhumfestparis.com/wp-content/uploads/2018/04/aji-dulce-510x274.jpg
000321.jpg,http://www.granerogoloso.cl/tiendagdg/3076-home_default/galleta-snack-de-arroz-aji-dulce-master-rice-sin-gluten.jpg
000322.jpg,https://s3-media3.fl.yelpcdn.com/bphoto/g9JZf8CEhrv7gnVEf5c0iw/o.jpg
000323.jpg,http://hacemosloquenosgusta.com/lab/polar-alimentos/pancorn/wp-content/uploads/2017/04/Recetas_SitePANIntl_Venezuela_Destacada_Arepa-de-Aji_Dulce.jpg
000324.jpg,https://fastly.4sqi.net/img/general/200x200/74165313_C59oFFGEt9UZ8AKvSvsk2ZO0YQaqxRFpY6PQM-kL0wA.jpg
000325.jpg,https://pardoskitchen.com/wp-content/uploads/2019/04/D15762A5-8D2E-4490-B7C3-98453C0D9B4E-300x300.jpeg
000326.jpg,https://agronomaster.com/wp-content/uploads/2017/02/Diferencias-Del-Aji-Dulce-Y-El-Aji-Picante-2.jpg
000327.jpg,https://cardamomo.cl/wp-content/uploads/2017/06/Sin-t%C3%ADtulo-6-4.jpg
000328.jpg,http://justpicked.com/files/project/items/peppers/66_YellowAjiDulcePepper141013.jpg
000329.jpg,https://d2homsd77vx6d2.cloudfront.net/cache/9/f/ceb54dcf4c9455ab42dac5faa47fca.jpg
000330.jpg,https://t4.ftcdn.net/jpg/02/31/26/87/240_F_231268744_SSpQqTYsuVpvtbIGREnoERBJHU6Xprh7.jpg
000331.jpg,https://live.staticflickr.com/8305/7933778874_34b597a74a_c.jpg
000332.jpg,http://xrecetas.com/wp-content/uploads/2013/06/Aji-dulce-relleno-con-cecina.jpg
000333.jpg,https://static.biensabroso.com/uploads/plumitas-con-pollo-y-crema-de-aji-dulce.jpg
000334.jpg,https://garden.org/pics/2012-01-14/DanCarmona/aab499-300.jpg
000335.jpg,https://pics.davesgarden.com/pics/2009/05/14/GardenersCorner/240e84.jpg
000336.jpg,https://upload.wikimedia.org/wikipedia/commons/thumb/d/da/Habanero_chile_-_fruits_%28aka%29.jpg/1200px-Habanero_chile_-_fruits_%28aka%29.jpg
000337.jpg,http://www.mamacontemporanea.com/wp-content/uploads/2014/08/IMG_2438.jpg
000338.jpg,https://js3.mandalospain.com/wp-content/uploads/2019/07/Aji_Dulce_Venezolano_25g_Deshidratado_7594005820310_Mandalo_Spain.jpg
000339.jpg,http://www.aerogardenmastery.com/drupal/sites/default/files/book_upload_image/DSCF3466.JPG
000340.jpg,http://www.tradewindsfruit.com/content/images/aji_dulce_yellow_pepper7.jpg
000341.jpg,https://i2.wp.com/foodografo.com/wp-content/uploads/2016/08/sopa-aji-dulce0403.jpg?resize=595%2C383
000342.jpg,https://ssl.c.photoshelter.com/img-get/I0000ANgfsvV4C20/s/1200/I0000ANgfsvV4C20.jpg
000343.jpg,https://images.lider.cl/wmtcl?source=url%5Bfile:/productos/733920a.jpg%5D&viewport=color%5Bwhite%5D,height%5B1000%5D,seed%5B1524238394%5D,vsize%5B497%5D,width%5B1000%5D,x%5B0%5D,y%5B0%5D&sink
000344.jpg,https://i.redd.it/2rv4at4y4ct11.jpg
000345.jpg,https://www.researchgate.net/profile/Antonio_Martinez94/publication/324239540/figure/fig1/AS:612271885676551@1522988401369/Figura-4-Profundidad-de-raices-del-cultivo-de-aji-dulce-CI-Turipana-2001.png
000346.jpg,http://latinosmarket.ca/media/catalog/product/cache/1/thumbnail/600x/17f82f742ffe127f42dca9de82fb58b1/G/V/GVE074-cosechado-san-jose-aji-dulce-deshidratado.jpg
000347.jpg,https://www.petitchef.es/imgupl/recipe/costillar-de-cordero-con-mermelada-de-aji-dulce--lg-94872p137131.jpg
000348.jpg,http://vivis-chili.dk/wp-content/uploads/2012/02/Aji-Dulce-Amarillo-moden-frugt-2.jpg
000349.jpg,http://elestimulo.com/bienmesabe/wp-content/uploads/sites/7/2015/06/RedesAjiDulce.png
000350.jpg,http://3.bp.blogspot.com/_2tgY3CO10ys/SjunRKSNpwI/AAAAAAAABMc/VTF6rT-0MJo/s400/mata+de+aji+dulce+Polo.jpg
000351.jpg,https://cdn.shortpixel.ai/client/q_lossy,ret_img,w_800/https://www.urbanorganicyield.com/wp-content/uploads/2019/09/Aji-Dulce.jpg
000352.jpg,https://pardoskitchen.com/wp-content/uploads/2018/04/Aji-en-Bolsa.jpg
000353.jpg,https://5dc93791f535c5b6680b-504f722ff1ef8102127dae26bdb15aa6.ssl.cf1.rackcdn.com/pix_5_608_15301_5d23f741c0bca.jpg
000354.jpg,https://st.depositphotos.com/1747733/4101/i/950/depositphotos_41015013-stock-photo-bell-pepper-or-sweet-pepper.jpg
000355.jpg,https://image.slidesharecdn.com/aplicaciondeagroplusenelcultivodeajidulce-160711043026/95/aplicacionde-agroplus-en-elcultivo-de-aji-dulce-1-638.jpg?cb=1468211604
000356.jpg,https://media-cdn.tripadvisor.com/media/photo-s/14/03/d4/1d/reina-y-pabellon.jpg
000357.jpg,https://image.freepik.com/foto-gratis/chiles-mexicanos-pollo-aji-dulce-maiz_2829-2813.jpg
000358.jpg,https://i.imged.com/salsa-de-maiz-salsa-de-aji-dulce-y-salsa-tartara-fritz-240g-x-3-47578683.jpg
000359.jpg,http://americanmarket.es/image/cache/data/aji%20dulce-228x228.jpg
000360.jpg,https://pbs.twimg.com/profile_images/641988500984889345/zewP1rq__400x400.png
000361.jpg,http://www.datoexpress.cl/wp-content/uploads/2016/11/comida-venezolana.jpg
000362.jpg,https://rincondelchili.files.wordpress.com/2012/09/aji-dulce-amarillo-2.jpg?w=800
000363.jpg,https://d1kxxrc2vqy8oa.cloudfront.net/wp-content/uploads/2019/03/13135712/RFB-2602-4-pastadeajidulce.jpg
000364.jpg,https://cdn.shopify.com/s/files/1/1587/9859/products/image_530x.jpg?v=1561999047
000365.jpg,https://plantswithapurpose.net/wp-content/uploads/2019/07/20190605_162744_Film1-300x300.jpg
000366.jpg,https://previews.123rf.com/images/whitechild/whitechild0803/whitechild080300016/2709685-muchacho-de-riego-aj%C3%AD-dulce-.jpg
000367.jpg,https://i.pinimg.com/originals/d3/ca/ab/d3caabe56379a5e774dcf16fb452ced7.jpg
000368.jpg,https://http2.mlstatic.com/D_NQ_NP_838199-MLV29987832072_042019-V.jpg
000369.jpg,https://i.ebayimg.com/images/g/7SgAAOSwAZ9bb1Nr/s-l300.jpg
000370.jpg,https://www.researchgate.net/profile/Hernan_Laurentin2/publication/283902229/figure/fig2/AS:391474240868353@1470346140161/Figura-2-Porcentaje-de-germinacion-de-tres-cultivares-de-aji-dulce-promediado-sobre.png
000371.jpg,https://ssl.c.photoshelter.com/img-get/I0000cEuWwDsRRAI/s/1200/I0000cEuWwDsRRAI.jpg
000372.jpg,https://i.ytimg.com/vi/ZLZ81tv3M1w/maxresdefault.jpg
000373.jpg,https://i0.wp.com/cdn.shopify.com/s/files/1/0915/1060/products/Aji_Dulce1.jpg?v=1545257818?w=215
000374.jpg,https://fastly.4sqi.net/img/general/200x200/332934259__i0-YbQCoHaHSUXu0ypMGgQ7wmc1ex2XtNdLoYkOHxo.jpg
000375.jpg,https://img.ve.class.posot.com/es_ve/2017/06/21/Cantidad-Plantulas-Aji-Dulce-Y-Chile-De-Arbol-Y-Japones-20170621072349.jpg
000376.jpg,https://www.diamundialdelaarepa.com/wp-content/uploads/2015/08/Aji-dulce-argentina.jpg
000377.jpg,https://s3-media4.fl.yelpcdn.com/bphoto/F_QegEcGFgdLADjSJsikTg/o.jpg
000378.jpg,https://gastrocronicascom.files.wordpress.com/2010/06/e6079-aji_dulce_seco.jpg
000379.jpg,http://cookimia.com/wp-content/uploads/2012/12/Mojito-en-Coco-Zuliano-520x245.jpg
000380.jpg,https://static.wixstatic.com/media/d45f52_307fcbf554f14abf9f22a05ae682952a~mv2.png/v1/fill/w_784,h_470,al_c,q_90/d45f52_307fcbf554f14abf9f22a05ae682952a~mv2.webp
000381.jpg,https://10619-2.s.cdn12.com/rests/small/w320/h220/404_502420587.jpg
000382.jpg,http://img0104.popscreencdn.com/158975997_sweet-habanero-pepper-seeds-venezuelan-aji-dulce-pepper-.jpg
000383.jpg,https://tattoodo-mobile-app.imgix.net/images/posts/IMG_20180119_161933_gOYYcO89Wt.jpg?w=1054&fit=crop&auto=format%2Ccompress
000384.jpg,http://www.kioskovenezolano.com/351-large_default/aji-dulce-deshidratado-25-grs.jpg
000385.jpg,https://image.shutterstock.com/image-vector/closeup-illustration-fresh-red-bell-260nw-106608335.jpg
000386.jpg,https://c8.alamy.com/compes/r3gyd7/caramelo-rojo-de-aji-dulce-postre-sobre-fondo-blanco-frijoles-mungo-en-forma-de-fruta-de-postre-tailandes-coloridos-bombones-para-snack-r3gyd7.jpg
000387.jpg,https://img-global.cpcdn.com/002_recipes/9fa81e9c0159bd09/751x532cq70/medallones-de-pechuga-de-pollo-con-aji-dulce-foto-principal.jpg
000388.jpg,https://c1.staticflickr.com/5/4449/37797116016_cee1827ea9_b.jpg
000389.jpg,https://t4.ftcdn.net/jpg/02/09/15/55/240_F_209155583_BDTJCW5j9aowlZ8dEnfJOq4KVq2l44y6.jpg
000390.jpg,https://enrilemoine.com/wp-content/uploads/2015/01/b98e0-img_6718.jpg
000391.jpg,https://st2.depositphotos.com/2125603/11975/i/950/depositphotos_119755146-stock-photo-green-fresh-chili-pepper.jpg
000392.jpg,https://images-na.ssl-images-amazon.com/images/I/41PtAJryOZL._SR600%2C315_PIWhiteStrip%2CBottomLeft%2C0%2C35_PIStarRatingTWOANDHALF%2CBottomLeft%2C360%2C-6_SR600%2C315_ZA(94%20Reviews)%2C445%2C291%2C400%2C400%2Carial%2C12%2C4%2C0%2C0%2C5_SCLZZZZZZZ_.jpg
000393.jpg,https://media-cdn.tripadvisor.com/media/photo-s/12/54/70/87/photo0jpg.jpg
000394.jpg,https://media.istockphoto.com/photos/sweet-yellow-pepper-on-blue-wood-kitchen-table-picture-id962382194
000395.jpg,https://worldcrops.org/sites/worldcrops.org/files/crops/IMG_3062.JPG
000396.jpg,http://ediblesouthflorida.ediblecommunities.com/sites/default/files/styles/ariticle_portrait__322x483_/public/images/article/article_details/aji-dulce-jobito.jpg?itok=lS4nJ1cu
000397.jpg,https://pbs.twimg.com/profile_images/685636840704061440/s_pSG--R_400x400.jpg
000398.jpg,https://jetimages.jetcdn.net/md5/f52ee179274868e5322e486c8c1524d3?odnBound=576
000399.jpg,https://http2.mlstatic.com/D_NQ_NP_901079-MPE32062890985_092019-V.jpg
000400.jpg,https://i.redd.it/nsgxuraksfi31.jpg
000401.jpg,https://upload.wikimedia.org/wikipedia/commons/thumb/3/32/Thai_peppers.jpg/350px-Thai_peppers.jpg
000402.jpg,http://www.agro-tecnologia-tropical.com/fs_files/user_img/placenta%20del%20fruto%20de%20aji%20dulce.jpg
000403.jpg,https://i.ebayimg.com/thumbs/images/g/Z6wAAOSwRS9dlOYz/s-l225.jpg
000404.jpg,https://image.slidesharecdn.com/presentacinsobreelajidulce-100604213939-phpapp01/95/presentacin-sobre-el-aji-dulce-1-728.jpg?cb=1276025019
000405.jpg,https://i.ytimg.com/vi/8IhyjAtK0HA/maxresdefault.jpg
000406.jpg,http://img.over-blog.com/400x266/4/06/68/69/VARIOS/EL-GUISO/Ceviche-de-pescado-con-aji-dulce1.jpg
000407.jpg,https://historiasdesobremesa.files.wordpress.com/2010/08/margarita2010928.jpg
000408.jpg,http://1.bp.blogspot.com/-29QCIL9BivU/Th91Av7Nu-I/AAAAAAAAAII/Syufvux0Guc/s1600/aji-dulce.jpg
000409.jpg,https://www.researchgate.net/profile/Antonio_Martinez94/publication/324239540/figure/fig1/AS:612271885676551@1522988401369/Figura-4-Profundidad-de-raices-del-cultivo-de-aji-dulce-CI-Turipana-2001_Q320.jpg
000410.jpg,http://cookimia.com/wp-content/uploads/2013/03/Arroz-con-Chorizo-4-520x245.jpg
000411.jpg,http://elestimulo.com/bienmesabe/wp-content/uploads/sites/7/2014/08/MOLE-CON-AJI-DULCE-Y-CACAO-EDICION-65.jpg
000412.jpg,https://image.freepik.com/foto-gratis/brochetas-camarones-salsa-aji-dulce-humo_33882-134.jpg
000413.jpg,https://img.clasf.co.ve/2019/02/01/5000-Semillas-De-Aji-Dulce-Llanero-50-Gramos-20190201181213.8093090015.jpg
000414.jpg,https://fastly.4sqi.net/img/general/200x200/3669430_2Iqoz-BCL1qUf3g78MkMJCiLK9Ifqa6tVd4qL1U3o64.jpg
000415.jpg,https://i.pinimg.com/originals/5b/ff/d6/5bffd65f784681f7c17bfab24f5e1797.jpg
000416.jpg,https://i0.wp.com/foodografo.com/wp-content/uploads/2016/02/sopa-de-aji-dulce-1.jpg?resize=595%2C395
000417.jpg,https://d1kxxrc2vqy8oa.cloudfront.net/wp-content/uploads/2019/05/01130111/RFB-2404-4-bollitosdeajidulce.jpg
000418.jpg,https://worldcrops.org/sites/worldcrops.org/files/crops/post-harvest/20160611_102225%20copy.jpg
000419.jpg,https://img-global.cpcdn.com/002_recipes/6185a57cb439d0f0/751x532cq70/arroz-con-aji-dulce-foto-principal.jpg
000420.jpg,https://s3-media4.fl.yelpcdn.com/bphoto/qQ9AX48_dKG3bsFU-KTifA/o.jpg
000421.jpg,https://static4.depositphotos.com/1006913/307/i/950/depositphotos_3070684-stock-photo-fresh-red-and-green-hot.jpg
000422.jpg,https://media-cdn.tripadvisor.com/media/photo-s/0a/7e/4a/73/causa-a-lo-aji-dulce.jpg
000423.jpg,https://live.staticflickr.com/8504/29633843582_2d591c886b_b.jpg
000424.jpg,https://pbs.twimg.com/media/DMrWg28W0AA0NUo.jpg
000425.jpg,https://c8.alamy.com/compes/x9nkk1/salade-de-melon-sandia-tomate-culantro-y-el-aji-dulce-x9nkk1.jpg
000426.jpg,https://image.shutterstock.com/image-photo/sweet-pepper-isolated-on-white-260nw-207625102.jpg
000427.jpg,https://image.slidesharecdn.com/presentacinsobreelajidulce-100608190942-phpapp02/95/presentacin-sobre-el-aji-dulce-5-728.jpg?cb=1276024811
000428.jpg,https://i.ytimg.com/vi/o0l_kf9B38E/maxresdefault.jpg
000429.jpg,https://static.wixstatic.com/media/9e9aaa_1fe13f9dd7944c41901f6ba02250095c~mv2_d_4032_3024_s_4_2.jpg/v1/fill/w_500,h_380,al_c,q_80,usm_0.66_1.00_0.01/9e9aaa_1fe13f9dd7944c41901f6ba02250095c~mv2_d_4032_3024_s_4_2.webp
000430.jpg,https://http2.mlstatic.com/D_NQ_NP_686001-MLA20256886682_032015-V.jpg
000431.jpg,https://fastly.4sqi.net/img/general/600x600/2140544_GCq6O39aYRkvfjfJ9xBeImosRSvXE2Ma5ILtt0bRLZk.jpg
000432.jpg,https://img.clasf.co.ve/2018/11/15/Semilla-Certificada-De-Aji-Dulce-Llanero-20-Gr-20181115191747.2042020015.jpg
000433.jpg,https://i2.wp.com/subirimagen.infojardin.com/subida/images/klz1291843037k.JPG
000434.jpg,https://www.researchgate.net/profile/Hernan_Laurentin2/publication/283902229/figure/fig1/AS:391474240868352@1470346140103/Figura-1-Porcentaje-de-germinacion-de-aji-dulce-promediado-sobre-tres-cultivares.png
000435.jpg,https://img-global.cpcdn.com/002_recipes/d698c85c8faec5a2/751x532cq70/dip-de-pimenton-y-aji-dulce-foto-principal.jpg
000436.jpg,https://media-cdn.tripadvisor.com/media/photo-s/14/49/7e/61/aji-dulce.jpg
000437.jpg,https://worldcrops.org/sites/worldcrops.org/files/crops/post-harvest/IMG_0288.JPG
000438.jpg,http://elestimulo.com/bienmesabe/wp-content/uploads/sites/7/2014/09/PASTA-SALTEADA-CON-AJI-DULCE-HUEVAS-DE-LISA-Y-PESCADO-BLANCO-EDICION-65.jpg
000439.jpg,https://i0.wp.com/foodografo.com/wp-content/uploads/2016/08/sopa-de-aji-dulce-2.jpg?resize=595%2C595
000440.jpg,https://pbs.twimg.com/media/DqzFBqDXcAAwSp2.jpg
000441.jpg,https://i.ytimg.com/vi/wjm4D8PqItY/maxresdefault.jpg
000442.jpg,https://st3.depositphotos.com/1177973/13012/i/950/depositphotos_130129388-stock-photo-chopped-sweet-pepper.jpg
000443.jpg,https://image.shutterstock.com/image-vector/jalapeno-chili-pepper-vector-icon-260nw-533928385.jpg
000444.jpg,https://c8.alamy.com/compes/pf3np5/el-aji-dulce-pasta-ensalada-de-pollo-con-salsa-de-edamame-y-pimientos-rojos-pf3np5.jpg
000445.jpg,https://s3-media2.fl.yelpcdn.com/bphoto/7JQZPQUPlcBSfqzs8-xC5g/o.jpg
000446.jpg,https://fastly.4sqi.net/img/general/200x200/8414258_JiWi_Z0GkPUc7BbI8Ow_Rm9bKejpWfafwHy4xr-t0Z8.jpg
000447.jpg,https://www.superhotchiles.com/wp-content/uploads/2018/04/Brazilian-Starfish-Chile-Plants-300x225.jpg
000448.jpg,https://img-global.cpcdn.com/002_recipes/c4ae99079cf58f39/751x532cq70/fantasias-de-camaron-hojaldrados-en-cama-de-aji-dulce-foto-principal.jpg
000449.jpg,https://www.picclickimg.com/d/l400/pict/143223071600_/Aji-cachucha-Aji-Gustoso-100-seeds-Sweet.jpg
000450.jpg,https://image.slidesharecdn.com/presentacinsobreelajidulce-100606075604-phpapp02/95/presentacin-sobre-el-aji-dulce-5-728.jpg?cb=1275811018
000451.jpg,https://media-cdn.tripadvisor.com/media/photo-s/14/27/69/e5/photo1jpg.jpg
000452.jpg,https://http2.mlstatic.com/D_NQ_NP_787468-MLA32185017046_092019-V.jpg
000453.jpg,https://i.redd.it/bvtjr2fzjcq31.jpg
000454.jpg,https://d1kxxrc2vqy8oa.cloudfront.net/wp-content/uploads/2019/09/24114611/RFB-1909-5-pescadoenpolvodeajidulce.jpg
000455.jpg,https://www.superhotchiles.com/wp-content/uploads/2018/04/Tangerine-Dream-pepper-plants-300x225.jpg
000456.jpg,https://rincondelchili.files.wordpress.com/2012/09/aji-dulce-amarillo-31.jpg?w=631
000457.jpg,https://st3.depositphotos.com/1177973/13094/i/1600/depositphotos_130943776-stock-photo-chopped-sweet-pepper-and-knife.jpg
000458.jpg,http://elestimulo.com/bienmesabe/wp-content/uploads/sites/7/2018/07/mermelada-de-aji-andrea.jpg
000459.jpg,https://fastly.4sqi.net/img/general/200x200/351206781_obgz8PWChpnWsjBIIPse4mVHneWN5fKm8yC94QccxQQ.jpg
000460.jpg,https://c8.alamy.com/compes/x1rfbf/el-aji-dulce-tortilla-y-mantequilla-de-mani-x1rfbf.jpg
000461.jpg,https://live.staticflickr.com/8401/8832665002_125cb7051a_z.jpg
000462.jpg,https://img-global.cpcdn.com/002_recipes/e388415cd24f4ecb/751x532cq70/pasta-de-aji-dulce-picante-foto-principal.jpg
000463.jpg,https://i.ytimg.com/vi/-UBXIi_bB4M/maxresdefault.jpg
000464.jpg,https://image.slidesharecdn.com/presentacinsobreelajidulce-100604213939-phpapp01/95/presentacin-sobre-el-aji-dulce-7-728.jpg?cb=1276025019
000465.jpg,https://media-cdn.tripadvisor.com/media/photo-s/14/27/69/e8/photo4jpg.jpg
000466.jpg,https://image.shutterstock.com/image-vector/seamless-chili-pepper-wallpaper-red-260nw-601035011.jpg
000467.jpg,http://www.agro-tecnologia-tropical.com/fs_files/user_img/sacos%20de%20aji%20dulce.jpg
000468.jpg,https://worldcrops.org/sites/worldcrops.org/files/crops/Aji%20dulce_puerto%20Rico-1999.jpg
000469.jpg,https://st2.depositphotos.com/2808141/7271/i/950/depositphotos_72718967-stock-photo-hot-sweet-and-chili-pepper.jpg
000470.jpg,https://m.media-amazon.com/images/I/41OnekS8tGL._AC_UL320_.jpg
000471.jpg,http://elestimulo.com/bienmesabe/wp-content/uploads/sites/7/2015/01/plumitas-con-salsa-624x351.jpg
000472.jpg,https://live.staticflickr.com/7356/12235289723_9d82b67248_b.jpg
000473.jpg,https://img-global.cpcdn.com/002_recipes/51dc60d6bf7035a1/751x532cq70/arepitas-fritas-con-aji-dulce-foto-principal.jpg
000474.jpg,https://images-na.ssl-images-amazon.com/images/I/611BQ266HAL._SX355_.jpg
000475.jpg,https://media-cdn.tripadvisor.com/media/photo-s/07/6c/a4/03/aji-dulce.jpg
000476.jpg,https://c8.alamy.com/compes/r9xgm3/cerca-de-camarones-el-anillo-con-el-aji-dulce-sause-con-eneldo-y-limon-r9xgm3.jpg
000477.jpg,https://image.shutterstock.com/image-vector/closeup-illustration-cavendish-banana-fruit-260nw-105801038.jpg
000478.jpg,https://s8.postimg.cc/9z4j0f2dx/image.jpg
000479.jpg,https://i.ytimg.com/vi/IRpHKdrbOiU/maxresdefault.jpg
000480.jpg,https://st3.depositphotos.com/1771782/15203/i/1600/depositphotos_152031364-stock-photo-assorted-vegetables-fresh-bell-pepper.jpg
000481.jpg,https://farm6.staticflickr.com/5591/30289963424_6f279e5e71_b.jpg
000482.jpg,https://c8.alamy.com/compes/r9xgm0/cerca-de-camarones-el-anillo-con-el-aji-dulce-sause-con-eneldo-y-rodajas-de-limon-r9xgm0.jpg
000483.jpg,https://img-global.cpcdn.com/002_recipes/2e12ce78b4c70392/751x532cq70/salsa-de-aji-dulce-para-pasapalos-foto-principal.jpg
000484.jpg,https://fastly.4sqi.net/img/general/200x200/202628_kQVgrW7gSpZxvvfsXP-d_OQGxCZC_taj63X6VoA66fU.jpg
000485.jpg,https://media-cdn.tripadvisor.com/media/photo-s/14/27/69/e7/photo3jpg.jpg
000486.jpg,https://historiasdesobremesa.files.wordpress.com/2010/08/margarita2010966.jpg
000487.jpg,https://st2.depositphotos.com/3552261/6954/v/950/depositphotos_69545653-stock-illustration-icon-orange-bell-peppersweet-pepper.jpg
000488.jpg,http://elestimulo.com/bienmesabe/wp-content/uploads/sites/7/2019/04/ajies-03-copy.jpg
000489.jpg,https://i.ytimg.com/vi/jqiLlxBPDIw/maxresdefault.jpg
000490.jpg,https://c8.alamy.com/comp/T51AAC/cartagena-colombia-old-walled-city-center-centre-centro-aji-dulce-restaurant-waitress-hispanic-resident-residents-woman-employee-typical-head-turban-c-T51AAC.jpg
000491.jpg,https://img-global.cpcdn.com/002_steps/27e672f66b50cba2/480x360cq70/foto-del-paso-2-de-la-receta-salsa-de-aji-dulce-picantesagridulce.jpg
000492.jpg,https://media-cdn.tripadvisor.com/media/photo-s/14/ae/53/7c/20180916-151541-largejpg.jpg
000493.jpg,https://fastly.4sqi.net/img/general/200x200/46016163_2j4UiAvllNyiJuoqlakzmlsCH_VPpklL1FerPM67l94.jpg
000494.jpg,https://c8.alamy.com/compes/tx6yp7/el-aji-dulce-carne-frita-tx6yp7.jpg
000495.jpg,https://media-cdn.tripadvisor.com/media/photo-s/05/3b/a5/d3/aji-dulce-viejo-san-juan.jpg
000496.jpg,https://i.ytimg.com/vi/sRI1SfG1eKc/maxresdefault.jpg
000497.jpg,https://img-global.cpcdn.com/002_recipes/3114aadcbd34f4ba/751x532cq70/crema-de-aji-dulce-foto-principal.jpg
000498.jpg,https://media-cdn.tripadvisor.com/media/photo-s/0f/b3/a2/cb/20170627-123545-largejpg.jpg
000499.jpg,https://i.ytimg.com/vi/LHPnumFKsos/hqdefault.jpg
000500.jpg,https://c8.alamy.com/compes/x4r1xp/con-ensalada-de-camarones-y-champinones-asados-y-aderezo-de-aji-dulce-x4r1xp.jpg
000501.jpg,https://i.ytimg.com/vi/chsLu-us--U/maxresdefault.jpg
000502.jpg,http://elestimulo.com/bienmesabe/wp-content/uploads/sites/7/2015/06/AjuDulceFT1_BMS.jpg
000503.jpg,https://img-global.cpcdn.com/002_recipes/61543cfdf608a76c/751x532cq70/salsa-de-aji-dulce-picantesagridulce-foto-principal.jpg
000504.jpg,https://www.maryleelabay.com/wp-content/uploads/2015/12/San-Juan-Aji-Dulce-street.jpg
000505.jpg,http://worldcrops.org/sites/worldcrops.org/files/crops/Aji%CC%81-dulce.jpg
000506.jpg,https://cdn.shopify.com/s/files/1/0915/1060/products/Aji_Dulce1_grande.jpg
000507.jpg,https://s-media-cache-ak0.pinimg.com/736x/14/34/35/143435f738d64daa841b98536197de35.jpg
000508.jpg,http://worldcrops.org/sites/worldcrops.org/files/crops/marketing/UMass_aji_Comapre_worc_sept_2015.jpg
000509.jpg,https://img-aws.ehowcdn.com/default/ds-photo/getty/article/41/177/87967541.jpg
000510.jpg,https://i.pinimg.com/originals/dd/3e/aa/dd3eaad1a0e91f7c8cad0b3541615610.jpg
000511.jpg,http://www.southernexposure.com/images/large/spice-pepper-aji-dulce_LRG.jpg
000512.jpg,http://www.fruitionseeds.com/v/vspfiles/photos/PEP16-2T.jpg
000513.jpg,https://healthymamma.files.wordpress.com/2011/08/aji-dulce-peppers.jpg
000514.jpg,https://stockbridge.cns.umass.edu/sites/stockbridge.cns.umass.edu/files/aji%20dulce%20in%20New%20bedford.jpg
000515.jpg,https://s-media-cache-ak0.pinimg.com/736x/27/21/23/272123468a35218ac4ec6db82cd5d08b.jpg
000516.jpg,https://worldcrops.org/sites/worldcrops.org/files/crops/aji_habaneo_market_basket.jpg
000517.jpg,https://healthymamma.files.wordpress.com/2011/09/100_3269.jpg
000518.jpg,http://media-cache-ec0.pinimg.com/originals/76/2a/b3/762ab382813a31f3e8563284b128253c.jpg
000519.jpg,http://1.bp.blogspot.com/_tnTLn2Sfz-E/TNCJLSUls_I/AAAAAAAAAh8/nsB7vpByWJ4/s1600/aji1.jpg
000520.jpg,https://vignette.wikia.nocookie.net/gardener/images/5/5e/Sweet_pepper_Aj%C3%AD_Dulce.jpg
000521.jpg,https://caraotamarket.com/192-large_default/aji-dulce-250gr.jpg
000522.jpg,http://vivis-chili.dk/wp-content/gallery/aji-dulce-amarillo/aji-dulce-amarillo-modningsfarver.jpg
000523.jpg,https://worldcrops.org/sites/worldcrops.org/files/crops/post-harvest/20160611_102225%20copy.jpg
000524.jpg,http://worldcrops.org/sites/worldcrops.org/files/crops/sofrito_0.jpg
000525.jpg,https://www.pepperscale.com/wp-content/uploads/2017/01/Aji-Dulce-2.jpg
000526.jpg,https://worldcrops.org/sites/worldcrops.org/files/crops/Venezuela_2009.jpg
000527.jpg,http://worldcrops.org/sites/worldcrops.org/files/crops/packing_aji_august_18_2015.jpg
000528.jpg,https://www.agroterra.com/blog/wp-content/uploads/w2/fotonoticias/aji-dulce.jpg
000529.jpg,http://worldcrops.org/sites/worldcrops.org/files/crops/aji_cuba_june_2015.jpg
000530.jpg,http://worldcrops.org/sites/worldcrops.org/files/crops/Aji%20dulce_puerto%20Rico-1999.jpg
000531.jpg,https://rincondelchili.files.wordpress.com/2012/09/aji-dulce-amarillo.jpg
000532.jpg,http://vivis-chili.dk/wp-content/uploads/2012/02/Aji-Dulce.jpg
000533.jpg,https://healthymamma.files.wordpress.com/2011/09/goat-cheese.jpg
000534.jpg,http://2.bp.blogspot.com/_STJN8jjgKM8/TBdRNhceWTI/AAAAAAAABkE/6TXxyNO3nI4/s1600/Aji_dulce.jpg
000535.jpg,http://worldcrops.org/sites/worldcrops.org/files/crops/frost_high_tunnel_oct_19_15.jpg
000536.jpg,https://healthymamma.files.wordpress.com/2011/09/100_3276.jpg
000537.jpg,https://www.premierseedsdirect.com/wp-content/uploads/2017/11/62849991.jpg
000538.jpg,https://worldcrops.org/sites/worldcrops.org/files/crops/ajies_puerto_rico_.jpg
000539.jpg,https://healthymamma.files.wordpress.com/2011/10/100_3382.jpg
000540.jpg,https://cdn.shopify.com/s/files/1/0915/1060/products/Aji_Dulce.jpg
000541.jpg,https://www.ethno-botanik.org/fotos/Aji-Dulce-Amarillo.jpg
000542.jpg,https://s-media-cache-ak0.pinimg.com/736x/70/55/61/70556106040e0bbbd89d374d4d46fa21.jpg
000543.jpg,https://healthymamma.files.wordpress.com/2011/08/squash-seeds-on-salad-ith-avocado-dressing.jpg
000544.jpg,https://worldcrops.org/sites/worldcrops.org/files/crops/aji_venezuela_1998_0.jpg
000545.jpg,http://vivis-chili.dk/wp-content/uploads/2012/02/Aji-Dulce-Amarillo-moden-frugt-2.jpg
000546.jpg,http://www.premierseedsdirect.com/wp-content/uploads/2017/11/62849990-1.jpg
000547.jpg,https://cdn.shopify.com/s/files/1/1022/5071/products/aji-pepper-aji-dulce-amarillo-yellow-sweet-habanero-3_1024x1024.jpg
000548.jpg,https://worldcrops.org/sites/worldcrops.org/files/crops/production/IMG104.jpg
000549.jpg,https://worldcrops.org/sites/worldcrops.org/files/crops/aji_chelsea_market_2015.jpg
000550.jpg,https://www.chilisorte.de/fotos/Capsicum-316.jpg
000551.jpg,https://s-media-cache-ak0.pinimg.com/736x/e1/2e/ed/e12eed925a5b76618aed59e500d4ca8f.jpg
000552.jpg,https://healthymamma.files.wordpress.com/2011/08/stuffed-figs.jpg
000553.jpg,https://healthymamma.files.wordpress.com/2011/09/pizza-1.jpg
000554.jpg,http://vivis-chili.dk/wp-content/gallery/aji-dulce/aji-dulce-frugter-paa-vej-2.jpg
000555.jpg,http://www.tradewindsfruit.com/content/images/aji-limo-pepper4.jpg
000556.jpg,http://worldcrops.org/sites/worldcrops.org/files/crops/aji_plant_may_6_15.jpg
000557.jpg,https://upload.wikimedia.org/wikipedia/en/d/d0/Planta_Aji_Dulce.jpg
000558.jpg,https://huertocomunitario.files.wordpress.com/2012/05/aji-dulce-barranquitas.jpg
000559.jpg,https://vivis-chili.dk/wp-content/gallery/aji-dulce-amarillo/aji-dulce-amarillo-10-uger.jpg
000560.jpg,http://vivis-chili.dk/wp-content/gallery/aji-dulce-amarillo/aji-dulce-amarillo-31-uger.jpg
000561.jpg,https://nickskitchen.files.wordpress.com/2010/03/seedlings-2.jpg
000562.jpg,http://2.bp.blogspot.com/-JeqK8NRemwU/VUUte6_4FaI/AAAAAAAAALk/wM9592xE7qk/s1600/aji%2Bsemiilla.jpg
000563.jpg,https://vivis-chili.dk/wp-content/gallery/aji-dulce/aji-dulce-22-uger.jpg
000564.jpg,https://vivis-chili.dk/wp-content/gallery/aji-dulce/aji-dulce-28-uger.jpg
000565.jpg,https://farm6.staticflickr.com/5140/5494450825_540679d674_o_d.jpg
000566.jpg,http://vivis-chili.dk/wp-content/gallery/aji-dulce-amarillo/aji-dulce-amarillo-25-uger.jpg
000567.jpg,http://1.bp.blogspot.com/-bCqntQjcR0c/VKvncSTNMBI/AAAAAAAAQjE/qnkh9jIGmVI/s1600/IMG_6718.jpg
000568.jpg,http://vivis-chili.dk/wp-content/gallery/aji-dulce-runde-2/aji-dulce-6-uger.jpg
000569.jpg,https://healthymamma.files.wordpress.com/2011/10/100_3396.jpg
000570.jpg,https://worldcrops.org/sites/worldcrops.org/files/crops/beto_aji_sept_15_1.jpg
000571.jpg,http://2.bp.blogspot.com/-4gT-jOxjJrk/VKvn57MLyiI/AAAAAAAAQjQ/18OM7CiNdZQ/s1600/IMG_6721.jpg
000572.jpg,http://2.bp.blogspot.com/-e4p86JsBgsM/VKvnQ0zWqWI/AAAAAAAAQi8/R3OgnIZl5lQ/s1600/IMG_6716.jpg
000573.jpg,https://vivis-chili.dk/wp-content/gallery/aji-dulce-runde-2/aji-dulce-0-uger.jpg
000574.jpg,https://www.southdevonchillifarm.co.uk/images/detailed/1/ajidulceseeds1100.jpg
000575.jpg,https://worldcrops.org/sites/worldcrops.org/files/crops/production/high_tunnel_aline_June_17_15.jpg
000576.jpg,https://www.chiaradecaria.it/53575-thickbox_default/voglia-piccante-semi-di-peperoncino-piccante-aji-dulce-amarillo.jpg
000577.jpg,https://i1.wp.com/www.noticiascol.com/wp-content/uploads/2019/10/lasagna-1900529_640.jpg
000578.jpg,http://independencefarmersmarket.locallygrown.net/files/product/image/229493/original/spice-pepper-aji-dulce.jpg
000579.jpg,http://peruvianfoodusa.com/wp-content/uploads/2014/11/aji-mirasol.jpg
000580.jpg,https://healthymamma.files.wordpress.com/2011/08/delicata-squash-lima-beans-rice.jpg
000581.jpg,https://www.guiadecocinafacil.com/wp-content/uploads/2019/10/Receta-de-arroz-con-pollo-fcil-y-rpido.jpg
000582.jpg,https://www.guiadecocinafacil.com/wp-content/uploads/2019/10/Receta-de-arroz-con-pollo-fcil-y-rpido-1068x601.jpg
