image,source
000001.jpg,https://www.seedsavers.org/site/img/seo-images/0645-aurora-pepper-organic.jpg
000002.jpg,https://i.etsystatic.com/7255623/r/il/41e077/1648694568/il_794xN.1648694568_9mvr.jpg
000003.jpg,https://images-na.ssl-images-amazon.com/images/I/61yaF%2BaVYiL._SY550_.jpg
000004.jpg,https://www.reinsaat.at/shop/Bibliothek/medial_lib/product_imgs/Pa46_600.jpg
000005.jpg,https://www.pepperscale.com/wp-content/uploads/2017/08/aurora-pepper-768x552.jpg
000006.jpg,https://images-na.ssl-images-amazon.com/images/I/61fwdlV-zNL.jpg
000007.jpg,https://i.ebayimg.com/images/g/jCIAAOxyRhBS9j7g/s-l300.jpg
000008.jpg,https://cdn.shopify.com/s/files/1/0955/4450/products/Aurora1_1024x1024.jpg?v=1550752236
000009.jpg,https://i.ytimg.com/vi/qoR5k_f9RSA/maxresdefault.jpg
000010.jpg,https://www.chili-shop24.com/media/image/ed/af/1c/9178_Aurora_600x600.jpg
000011.jpg,https://www.chileplants.com/images/chiles/aurora-pepper-plants.jpg
000012.jpg,https://pepperheadsforlife.com/wp-content/uploads/2015/02/aurora-pepper-scoville.jpg
000013.jpg,https://i.ebayimg.com/images/g/ZMkAAOSwxThdQqTA/s-l640.jpg
000014.jpg,https://static.artfire.com/uploads/mfs/items/a3/76/large/a376529ff98bfca79ac47f4a9de98442c25fa5f5dfdfc08bbb1064b55673c6ed.jpg
000015.jpg,https://biokiskert.hu/wp-content/uploads/2018/12/aurora5-600x655.jpg
000016.jpg,https://www.seeds-gallery.shop/6158-large_default/aurora-chili-seeds.jpg
000017.jpg,https://cdn.shopify.com/s/files/1/0043/4900/1839/products/Pepper-Aurora_300x300.jpg?v=1536619379
000018.jpg,https://images-na.ssl-images-amazon.com/images/I/71HgNB1U9dL._SX425_.jpg
000019.jpg,https://www.picclickimg.com/d/l400/pict/392352977729_/Aurora-Chilli-Chili-Chile-Hot-Pepper-Seeds.jpg
000020.jpg,https://i.pinimg.com/originals/c1/2b/a1/c12ba1b7188288d70dfe39f878171119.jpg
000021.jpg,https://i.ytimg.com/vi/Rs61GdS1MO8/maxresdefault.jpg
000022.jpg,https://i.etsystatic.com/12356882/r/il/454f13/1257910242/il_570xN.1257910242_k4kj.jpg
000023.jpg,https://www.ilikeithot.eu/wp-content/uploads/2018/05/aurora-11.jpg
000024.jpg,https://plants.tagawagardens.com/Content/Images/Photos/F781-22.jpg
000025.jpg,http://i.imgur.com/HAABSRr.jpg
000026.jpg,https://t7-live-fsmn.nyc3.cdn.digitaloceanspaces.com/friendsschoolplantsale.com/files/images/variety/v-aurora_pepper-pepperseeds.eu_.jpg
000027.jpg,https://www.thespruce.com/thmb/B2iVtnc4sWOOuzEBsgG6yhaimgs=/2127x1409/filters:fill(auto,1)/GettyImages-616881430-5c673576c9e77c00011a2953.jpg
000028.jpg,https://dam.farmjournal.com/m/19a69253509441b3/webimage-49A2ABC3-7787-4369-AA23067586E88119.png
000029.jpg,https://pics.davesgarden.com/pics/2007/07/27/jenhillphoto/66114d.jpg
000030.jpg,https://static.wixstatic.com/media/d45f52_b891f75c12de44e0bf80bae3da7b7983~mv2.jpg/v1/fill/w_480,h_270,al_c,q_85,usm_0.66_1.00_0.01/d45f52_b891f75c12de44e0bf80bae3da7b7983~mv2.jpg
000031.jpg,https://www.pure-flavor.com/wp-content/uploads/AuroraBites-Mobile-640x444.png
000032.jpg,https://www.chili-shop24.com/media/image/c9/55/fa/9180_Bali-Lombok_600x600.jpg
000033.jpg,https://www.pure-flavor.com/wp-content/uploads/AuroraBites-Left.png
000034.jpg,http://greenbarngardens.com/sitebuildercontent/sitebuilderpictures/GBGaurora1.jpg
000035.jpg,https://images.offerup.com/ef013z6hVF3qzMwi4WBRHWEotdM=/600x800/928a/928ad4d1eb0347cd9f0824cc37e2b31e.jpg
000036.jpg,http://plants.tagawagardens.com/Content/Images/Photos/H295-22.jpg
000037.jpg,https://i.pinimg.com/236x/d6/6a/49/d66a49049110ce31caa0c8cb1dc976c3--pepper-plants-autumn-flowers.jpg?nii=t
000038.jpg,https://www.chillihead.co.za/image/cache/data/aurora-500x500.jpg
000039.jpg,https://blastedgoat.files.wordpress.com/2013/04/aurorafirstflowerscollagecolorized.jpg
000040.jpg,https://c8.alamy.com/comp/X31CD9/ornamental-pepper-aurora-capsicum-frutescens-national-arboretum-washington-dc-X31CD9.jpg
000041.jpg,https://i.ytimg.com/vi/o1DfbAWTA_8/maxresdefault.jpg
000042.jpg,https://static.wixstatic.com/media/d45f52_edd3507ca8a3404f86682346c3d7f926~mv2.jpg/v1/fill/w_646,h_362,al_c,q_90/d45f52_edd3507ca8a3404f86682346c3d7f926~mv2.webp
000043.jpg,https://www.ilikeithot.eu/wp-content/uploads/2018/08/Aurora-VolimLjuto-300x300.jpg
000044.jpg,https://biokiskert.hu/wp-content/uploads/2018/12/aurora2-600x800.jpg
000045.jpg,https://i.ebayimg.com/images/g/GIIAAOSw0Nlbk-n3/s-l300.jpg
000046.jpg,https://www.picclickimg.com/d/l400/pict/392192953084_/Aurora-Chilli-Chili-Hot-Pepper-Seeds-Rare.jpg
000047.jpg,https://images-na.ssl-images-amazon.com/images/I/51Q1kA6trxL._SX425_.jpg
000048.jpg,http://plants.thegrowingplace.com/Content/Images/Photos/F782-01.jpg
000049.jpg,https://s3-media1.fl.yelpcdn.com/bphoto/ac_oYfSh2_IgDaZVvuzIng/ls.jpg
000050.jpg,https://http2.mlstatic.com/semillas-de-chile-aurora-pepper-D_NQ_NP_924525-MLM25451161293_032017-F.jpg
000051.jpg,https://cdn.shopify.com/s/files/1/0955/4450/products/fish3_large.jpg?v=1478527327
000052.jpg,https://d1muel3dr7lyq3.cloudfront.net/base/article-main-images/WTF_pureflavor_April2018.jpg?mx7T1i8bLLKRYZtBGWWKIOpzJz0RwMyj
000053.jpg,https://scontent-frx5-1.cdninstagram.com/vp/b2ae7d033d58f4fc92688f32cf10594f/5DD69C2C/t51.2885-15/sh0.08/e35/p640x640/66290380_2406037876159911_3753186335929384156_n.jpg?_nc_ht=scontent-frx5-1.cdninstagram.com
000054.jpg,https://i5.walmartimages.ca/images/Enlarge/011/403/999999-061659011403.jpg
000055.jpg,https://cdn1.bigcommerce.com/server700/5mvrqhbm/products/2199/images/150320/aurora-pepper__15382.1522257989.1280.1280.jpg?c=2
000056.jpg,https://www.pure-flavor.com/wp-content/uploads/AuroraBitesMiniSweetPeppers_2lbBag.png
000057.jpg,https://www.producebluebook.com/wp-content/uploads/2019/06/pure-flavor-award-web.png
000058.jpg,https://c8.alamy.com/comp/BXN4A4/ornamental-pepper-aurora-capsicum-frutescens-national-arboretum-washington-BXN4A4.jpg
000059.jpg,https://cdn.shopify.com/s/files/1/1022/5071/products/aurora-pepper-seeds-capsicum-annuum-ornamental-peppers-edible-4_1024x1024.jpg?v=1565027042
000060.jpg,http://aurorasatler.com/wp-content/uploads/2019/03/cumin-beef-stir-fry-1100x1351.jpg
000061.jpg,https://cucinaaurora.com/wp-content/uploads/2015/04/NEWLABEL_Closeup_HP_2018.jpg
000062.jpg,https://www.seedsavers.org/site/img/sca/Icons/Start-Indoors.jpg
000063.jpg,https://www.thespruce.com/thmb/qwBCsKt4Dwr0aneqb9h3Jz-sVfA=/2016x1512/filters:no_upscale():max_bytes(150000):strip_icc()/GettyImages-93490363-5c67699246e0fb0001560c41.jpg
000064.jpg,https://davesgarden.com/guides/pf/thumbnail.php?image=2010/05/27/semillas/4de5ca.jpg&widht=700&height=312
000065.jpg,https://img.bidorbuy.co.za/image/upload/v1551012432/user_images/805/1734805/190224144709_AURORA%20CHILI.jpg
000066.jpg,http://i375.photobucket.com/albums/oo193/hollyberrylady08/DSCI1214.jpg
000067.jpg,https://static01.nyt.com/images/2018/01/23/t-magazine/23tmag-aurorajames-slide-WX2C/23tmag-aurorajames-slide-WX2C-jumbo.jpg
000068.jpg,https://cdn.shopify.com/s/files/1/0041/7175/9729/products/aurora-hot-sliced-peppers-in-oil-375ml-jar-aurora-consiglios-kitchenware-usa_413x@3x.progressive.jpg
000069.jpg,https://ae01.alicdn.com/kf/HTB1gBCoIpXXXXb1XpXXq6xXFXXX8/1-Package-20-Sweet-Pickle-Pepper-Seeds-The-Christmas-Tree-Pepper.jpg
000070.jpg,https://www.picclickimg.com/00/s/MTA3M1gxMjc0/z/oCwAAOSwYZ9Zou2S/$/Aurora-Chilli-Chili-Hot-Pepper-Seeds-Rare-_1.jpg
000071.jpg,https://biokiskert.hu/wp-content/uploads/2018/12/aurora6.jpg
000072.jpg,https://i.pinimg.com/originals/04/3b/f2/043bf2aa2dbc8b1d8e3477010293a280.jpg
000073.jpg,https://images-na.ssl-images-amazon.com/images/I/81uEr1MKBdL._SL1500_.jpg
000074.jpg,https://static.wixstatic.com/media/d84ce9_b5c4443dca834469af39cd6a8122a477~mv2.png/v1/fill/w_480,h_480,al_c,lg_1/d84ce9_b5c4443dca834469af39cd6a8122a477~mv2.png
000075.jpg,http://www.aurorabiomed.com/wp-content/uploads/2015/03/ChiliPepperHOT.jpg
000076.jpg,https://upload.wikimedia.org/wikipedia/commons/c/c4/Capsicum_annuum_Aurora_2zz.jpg
000077.jpg,https://shop-cdn-m.shpp.ext.zooplus.io/bilder/pawz/pepper/aurora/ortho/kutyamatrac/7/400/78424_pla_petlando_pawzpepper_hundekissen_denver_7.jpg
000078.jpg,https://images-na.ssl-images-amazon.com/images/I/71N4wjtDTZL._SX355_.jpg
000079.jpg,https://cdn.shopify.com/s/files/1/0393/0833/products/6ff0d6a6-12c0-57bb-8be8-e4fd92b77f97_1400x.jpg?v=1553269436
000080.jpg,https://n.nordstrommedia.com/id/sr3/7e76dfa5-fb57-48f1-86eb-ca2f05b28817.jpeg?crop=pad&pad_color=FFF&format=jpeg&w=780&h=1196
000081.jpg,http://www.aurora-trade.hu/img/left_imgs/index_left.jpg
000082.jpg,https://cdn3.volusion.com/9nxdj.fchy5/v/vspfiles/photos/AR-15789-2.jpg?v-cache=1515678355
000083.jpg,https://tse2.mm.bing.net/th?id=OIP.FLgkPCFQTE0850NCiHSNEAHaHa
000084.jpg,https://cucinaaurora.com/wp-content/uploads/2015/04/Edit_Four_2.jpg
000085.jpg,http://spaceuet.org/wp-content/uploads/2019/04/hot-peppers-in-oil-aurora-pepper-olive-italian-recipe-red-youngstown.jpg
000086.jpg,https://photos.offerup.com/-wQc5E7hzkmj84FvK8HfC_Pbfj8=/300x300/61b4/61b4e0e9069548008cb7487288ba1bc4.jpg
000087.jpg,https://scontent-msp1-1.cdninstagram.com/vp/8d5b6f2270e85c2ded31477415e6da57/5E1AC4CC/t51.2885-15/e35/c0.180.1440.1440a/s480x480/67507006_242477830050159_8735505120997744724_n.jpg?_nc_ht=scontent-msp1-1.cdninstagram.com&_nc_cat=103
000088.jpg,https://cdn.sentinelcolorado.com/asuplads/20170615000129/Gardening-Picking-Pep_Perr-2.jpg
000089.jpg,http://www.aurora.com.br/wp-content/uploads/2014/09/MEMBROS.png
000090.jpg,https://delizone.com/wp-content/uploads/2018/04/ellis-island.jpg
000091.jpg,https://media-cdn.tripadvisor.com/media/photo-s/11/ce/fe/f6/porchetta-and-roasted.jpg
000092.jpg,https://www.gaudibarcelonashop.com/6993-big_default_2x/salt-and-pepper-cylinder-trencadis-aurora.jpg
000093.jpg,https://www.sciencemag.org/sites/default/files/styles/inline__450w__no_aspect/public/peppers_16x9_0.jpg?itok=ABz0uqbL
000094.jpg,https://pre00.deviantart.net/a0a2/th/pre/i/2016/257/7/6/chili_pepper__st_judes_shirt__aurora_by_pencilmermaid-dahn93t.jpg
000095.jpg,https://cdn.shopify.com/s/files/1/0730/3683/products/CoconutCandle-6a_4368978c-1272-4590-a698-5ba0e7b4fcda_large.jpg?v=1518206077
000096.jpg,https://img-aws.ehowcdn.com/560x560p/photos.demandstudios.com/getty/article/146/104/78461010.jpg
000097.jpg,http://plants.thegrowingplace.com/Content/Images/Photos/H312-23.jpg
000098.jpg,http://www.mayrand.ca/globalassets/mayrand/catalog-mayrand/epicerie/08875-pepperoni-piquants-750-ml-aurora.jpg
000099.jpg,https://chillisgalore.co.uk/images/diary/2002/aurora2_2002.jpg
000100.jpg,https://s7d5.scene7.com/is/image/Anthropologie/48857239_070_b?$a15-pdp-detail-shot$&hei=900&qlt=80&fit=constrain
000101.jpg,https://cdn.shopify.com/s/files/1/1693/8459/products/aurora-style-resin-fountain-pen-in-black-pepper-with-silver-trim-fine-point_554.jpg?v=1565102697
000102.jpg,https://t4.ftcdn.net/jpg/01/21/98/45/500_F_121984539_9CalzvgGLIh9ibktwGJIuaKconGrRXrR.jpg
000103.jpg,https://az836796.vo.msecnd.net/media/image/product/en/medium/0006165901140.jpg
000104.jpg,https://www.unloathe.com/product_photos/3330000202193.jpg
000105.jpg,https://media-cdn.tripadvisor.com/media/photo-s/07/ff/28/eb/vidler-s-5-10.jpg
000106.jpg,https://farm9.staticflickr.com/8242/8575542784_1f90b6ab0d_b.jpg
000107.jpg,https://pureflavor.files.wordpress.com/2014/05/mediterranean-quinoa-stuffed-aurora-bites-wpf.jpg
000108.jpg,https://pics.davesgarden.com/pics/2007/07/10/jenhillphoto/fb1983.jpg
000109.jpg,http://chili-papricice.com/wp-content/uploads/2014/05/CAM00566_cr.jpg
000110.jpg,https://gotidbits.com/sites/tidbits.amberco.co/files/images/pepper_0.jpg
000111.jpg,http://searchluke.info/wp-content/uploads/2018/02/rooster-spur-pepper-13-rooster-spur-pepper-sausage-recipe.jpg
000112.jpg,https://hoodline.imgix.net/uploads/story/image/523230/Coloradough_Pizza_Photo_3_Enhanced.jpg?auto=format
000113.jpg,https://financialpostcom.files.wordpress.com/2018/01/0104tomatos.jpg?w=840&h=630&crop=1&quality=80&strip=all
000114.jpg,http://plants.tagawagardens.com/Content/Images/Photos/H121-22.jpg
000115.jpg,https://dam.farmjournal.com/m/d2757fd0ba1f714/webimage-2565613C-4E76-4D0F-B1D14E5D63B44BE5.png
000116.jpg,https://static.wixstatic.com/media/669b3b_268aacfac189494498475bc01e853719~mv2_d_3024_3024_s_4_2.jpeg/v1/fill/w_996,h_996,al_c,q_85,usm_0.66_1.00_0.01/669b3b_268aacfac189494498475bc01e853719~mv2_d_3024_3024_s_4_2.jpeg
000117.jpg,https://i0.wp.com/healthychristianhome.com/wp-content/uploads/2019/07/pure-flavor-aurora-bites.jpg?fit=2500%2C1660&ssl=1
000118.jpg,https://delizone.com/wp-content/uploads/2018/04/guiliani.jpg
000119.jpg,https://hottopic.scene7.com/is/image/HotTopic/11527678_hi?$pdp_hero_standard$
000120.jpg,https://johnlewis.scene7.com/is/image/JohnLewis/237838872?$rsp-pdp-port-1440$
000121.jpg,https://cdn.shopify.com/s/files/1/2239/2991/products/Italianmart-Aurora_Taralli_Chili_Pepper_217e6d1c-ea10-409d-a37b-2fe25eb3c96d_300x300.jpg?v=1503599057
000122.jpg,https://biokiskert.hu/wp-content/uploads/2018/12/aurora3-600x688.jpg
000123.jpg,http://www.geneplanta.com/wp-content/uploads/2018/04/GNP-31006-F1-300x344.jpg
000124.jpg,https://auroratables.co.nz/DesktopModules/NB_Store/makethumbnail.ashx?Image=2561&w=320&tabid=451&h=0
000125.jpg,https://c8.alamy.com/comp/BDMPBA/aurora-chilli-plants-BDMPBA.jpg
000126.jpg,https://s7d5.scene7.com/is/image/CentralMarket/002020982-1?$large$&hei=416&wid=416
000127.jpg,https://tabletopoutlet.com/1701-large_default/aurora-square-salt-pepper.jpg
000128.jpg,https://experiencethemistress.com/wp-content/uploads/2018/01/2018-Enesco-Disney-Ceramics-Collection-Salt-Pepper-Figurine-Set-Maleficent-Aurora-P002.jpg
000129.jpg,https://cdn.andnowuknow.com/mainStoryImage/pure_flavor_tribelli_062819_v2_0.jpg?T2nc8n5wAGtiRgRvlCBWfJRSI6uqtjl2
000130.jpg,https://www.picclickimg.com/00/s/MzgxWDUwMA==/z/StMAAOxyF0pThDjy/$/30-ORGANICALLY-GROWN-Aurora-Pepper-Seeds-Hot-Heirloom-_1.jpg
000131.jpg,https://www.inapikle.com/wp-content/uploads/aurorafrontnewsite-1.jpg
000132.jpg,http://www.auroramarket.com.au/wp-content/uploads/2018/05/g-g-pepper-banana-wafer-180gms.jpg
000133.jpg,https://images-wixmp-ed30a86b8c4ca887773594c2.wixmp.com/f/bc7192fa-4def-4836-91ca-90cbc53dae07/dcharzg-b18b5326-4064-4bfe-8788-8a74163868d1.png/v1/fill/w_1024,h_1345,q_80,strp/aurora_s_pepper_dress_by_thronestorm690_dcharzg-fullview.jpg?token=eyJ0eXAiOiJKV1QiLCJhbGciOiJIUzI1NiJ9.eyJzdWIiOiJ1cm46YXBwOjdlMGQxODg5ODIyNjQzNzNhNWYwZDQxNWVhMGQyNmUwIiwiaXNzIjoidXJuOmFwcDo3ZTBkMTg4OTgyMjY0MzczYTVmMGQ0MTVlYTBkMjZlMCIsIm9iaiI6W1t7ImhlaWdodCI6Ijw9MTM0NSIsInBhdGgiOiJcL2ZcL2JjNzE5MmZhLTRkZWYtNDgzNi05MWNhLTkwY2JjNTNkYWUwN1wvZGNoYXJ6Zy1iMThiNTMyNi00MDY0LTRiZmUtODc4OC04YTc0MTYzODY4ZDEucG5nIiwid2lkdGgiOiI8PTEwMjQifV1dLCJhdWQiOlsidXJuOnNlcnZpY2U6aW1hZ2Uub3BlcmF0aW9ucyJdfQ.7fPn9he0gvXRlHKU3Oamk9irEA1qJpHSQ-owwZ8vSxQ
000134.jpg,http://www.bakkerbrothers.nl/database/Web/visuals/105269.jpg
000135.jpg,https://cdn.shopify.com/s/files/1/1693/8459/products/aurora-style-resin-fountain-pen-in-black-pepper-with-silver-trim-fine-point_851.jpg?v=1565102697
000136.jpg,https://upload.wikimedia.org/wikipedia/commons/b/ba/Capsicum_annuum_Aurora_1zz.jpg
000137.jpg,https://pbs.twimg.com/profile_images/935190187356884998/59kXPsnL_400x400.jpg
000138.jpg,http://www.mayrand.ca/globalassets/mayrand/catalog-mayrand/epicerie/32884-tartinade-antipasto-piquante-3-l-aurora.jpg
000139.jpg,http://www.aurora.com.br/wp-content/uploads/2014/09/054.jpg
000140.jpg,https://s3-media4.fl.yelpcdn.com/bphoto/rmCA4Wdl_ncTxldao8a8XA/o.jpg
000141.jpg,http://stefanotranquillini.me/wp-content/uploads/2019/05/chili-pepper-light-details-about-set-of-indoor-outdoor-red-lights-nib-covers-aurora-lighting-up-a-garden-bulk.jpg
000142.jpg,https://img.letgo.com/images/d9/b0/2f/1f/d9b02f1f3faa8a8df77384fce5daf5af.jpeg?impolicy=img_600
000143.jpg,https://az836796.vo.msecnd.net/media/image/product/en/medium/0006165900029.jpg
000144.jpg,https://cdn.vox-cdn.com/thumbor/ubLGpOnnLkcZg9LTlrQmSs9g658=/0x0:798x599/1200x800/filters:focal(336x236:462x362)/cdn.vox-cdn.com/uploads/chorus_image/image/63582627/screen_shot_2019_01_08_at_6.20.26_pm_e1546993490777.0.png
000145.jpg,https://img.evbuc.com/https%3A%2F%2Fcdn.evbuc.com%2Fimages%2F69692307%2F237389248525%2F1%2Foriginal.20190823-160328?w=512&auto=compress&rect=0%2C40%2C1920%2C960&s=567b1e3057d422fb2a15482813b40b20
000146.jpg,https://shop-cdn-m.shpp.ext.zooplus.io/bilder/pawz/pepper/aurora/ortho/dog/mattress/grey/6/800/78424_petlando_pawzpepper_hundekissen_denver_hs_08_6.jpg
000147.jpg,https://cdn.shopify.com/s/files/1/1489/1980/products/00061659007611_a1c1_1000x.png?v=1485923137
000148.jpg,https://img.grouponcdn.com/deal/5ffd2a26f7d24937be50d8328b1df4b6/b6/v1/c700x420.jpg
000149.jpg,https://dur-duweb.newscyclecloud.com/storyimage/DU/20140909/LIFESTYLE02/140909530/AR/0/AR-140909530.jpg?ts=1477828711
000150.jpg,https://cdnimg.webstaurantstore.com/images/products/large/127722/955568.jpg
000151.jpg,https://b.zmtcdn.com/data/reviews_photos/9f0/3ac777699458d1616b2d3d3a32b199f0.jpg?fit=around%7C200%3A200&crop=200%3A200%3B%2A%2C%2A
000152.jpg,https://www.pure-flavor.com/wp-content/uploads/AuroraBites-Right.png
000153.jpg,https://cdn.shopify.com/s/files/1/0046/3421/4518/products/aurora-style-resin-black-pepper-fountain-pen-slanted_2.jpg?v=1562352421
000154.jpg,https://f.wishabi.net/page_items/169448698/1570107453/extra_large.jpg
000155.jpg,https://c.shld.net/rpx/i/s/pi/mp/10160405/prod_8651890432?src=http%3A%2F%2Fd8b.site%2Fimages%2Fcomputer_electronics1%2FNDAB00115OLPI.jpg&d=01099743bd67449737eeac32f8eba8d374cd6b1c&hei=333&wid=333&op_sharpen=1
000156.jpg,https://sympathink.com/wp-content/uploads/aurora-pepper-capsicum-annuum-380x253.jpg
000157.jpg,https://i5.walmartimages.ca/images/Enlarge/007/604/999999-061659007604.jpg
000158.jpg,http://www.cfgphoto.com/data/media/2492/CFGo358.jpg
000159.jpg,https://img-global.cpcdn.com/001_recipes/6439735187734528/1200x630cq70/photo.jpg
000160.jpg,https://arandell.royalcyber.com/wcsstore/Aurora/images/catalog/grocery/gve034_vegetables/646x1000/gve034_3403.jpg
000161.jpg,https://chasingchilli.com.au/wp-content/uploads/2017/04/Carolina-Reaper.png
000162.jpg,https://dks22p812qygs.cloudfront.net/UserFiles/ib_product/file_4d43cab38f-500x500.jpg
000163.jpg,https://cdn.shopify.com/s/files/1/0702/9397/products/pink-chicken-leggings-aurora-red.png?v=1507144661
000164.jpg,https://garden.org/pics/2016-04-07/Anderwood/9fd196.jpg
000165.jpg,https://dl5zpyw5k3jeb.cloudfront.net/photos/pets/46016202/1/?bust=1570203519
000166.jpg,https://img.comc.com/i/Football/2018/Panini-Obsidian---Aurora-Autographs---Electric-Etch-Green/AA-40/Pepper-Johnson.jpg?id=5cff4bb6-d38a-424c-867a-397582201a8b&size=zoom
000167.jpg,https://birdingtourscolombia.com/wp-content/uploads/2018/12/Ave01206jpg_ph_Athene-cunicularia_sin-label-300x240.jpg
000168.jpg,http://store-rbjgc-com.3dcartstores.com/assets/images/STB401.jpg
000169.jpg,https://cdn.substack.com/image/fetch/c_limit,f_auto,q_auto:good/https%3A%2F%2Fbucketeer-e05bbc84-baa3-437e-9518-adb32be77984.s3.amazonaws.com%2Fpublic%2Fimages%2F1f12d742-2794-49c8-ba1d-bdd7eb3ee8ce_4032x3024.jpeg
000170.jpg,https://agfstorage.blob.core.windows.net/misc/HD_com/2019/07/01/pf1.jpg
000171.jpg,http://www.bakkerbrothers.nl/database/Web/visuals/105020.jpg
000172.jpg,https://images1.westword.com/imager/u/745xauto/11320170/ten-seconds-yunnanese-rice-noodle-lunch.jpg
000173.jpg,http://howstrange.me/wp-content/uploads/2019/05/tequila-sunrise-pepper-plants-set-lots-of-unique-glowing-golden-orange-6-long-upward-growing-carrot-shaped-fruit-very-colorful-jelly.jpg
000174.jpg,https://s3-eu-west-1.amazonaws.com/stratfordcircus/assets/Events/2016-09-Sep/_1140x480_crop_center-center_100/Aurora-FFA-hi-res.jpg?mtime=20160610143315
000175.jpg,https://cdn-az.allevents.in/events5/banners/3b36529f9ed15eae59303ee127ce8b7bcac30f7aeedee87ac0f9f30e30f1d20c-rimg-w1200-h627-gmir.jpg?v=1569174891
000176.jpg,https://cdn.shopify.com/s/files/1/0730/3683/products/SoyCandles-8a_large.jpg?v=1518129523
000177.jpg,https://www.packagingdigest.com/sites/default/files/archive/www.packagingdigest.com/photo/300/300228-Aurora_Bites.JPG
000178.jpg,https://i.gzn.jp/img/2019/04/11/doutor-milano-sandwich-shrimp-aurore/P0006116.jpg
000179.jpg,https://t3.ftcdn.net/jpg/01/21/97/68/500_F_121976830_4F0PSzPJz8nsGvGgzUL052meDCfFQdGK.jpg
000180.jpg,https://shop.r10s.jp/proshopks/cabinet/item28/p20180703p05.jpg
000181.jpg,https://media.istockphoto.com/photos/fresh-red-chilli-pepper-on-table-rich-of-antioxidant-herbal-food-picture-id1145585785?k=6&m=1145585785&s=170667a&w=0&h=-c8JMTsV6VCT_-wd8c3ZqZspleTX15sNSHVkbJ_dkZo=
000182.jpg,https://static1.squarespace.com/static/531d2a24e4b0baf9a0e963c4/56eb735637013b8180ba99fb/5a447732e4966b67c56bfa51/1516019415556/aurora+in+yukon.jpg?format=2500w
000183.jpg,https://cdn.shopify.com/s/files/1/1840/2771/products/CE2901-03_2000x.jpg?v=1560716806
000184.jpg,https://static.wixstatic.com/media/d84ce9_1af185eef33544ce933b814b944f2a06~mv2_d_2336_2336_s_2.jpeg/v1/fit/w_500,h_500,q_90/file.jpg
000185.jpg,https://images.yaoota.com/pWlgn4vfT4KDf6tQkXWJBM1DeCs=/trim/yaootaweb-production-ng/media/crawledproductimages/fce66f346510477846adca7a8e355b8f4da6cc06.jpg
000186.jpg,https://www.johngreenerealtor.com/blog/files/2017/04/aurora_farmers_market-300x240.jpg
000187.jpg,https://assets.simpleviewinc.com/simpleview/image/fetch/c_limit,q_75,w_1200/https://assets.simpleviewinc.com/simpleview/image/upload/crm/cayugany/Aurora-Farmers-Market-2-d3f3c8f35056a36_d3f3cbb6-5056-a36a-0751bad0d7e140ae.jpg
000188.jpg,https://www.horizonfurniturestore.com/media/catalog/product/cache/2/image/1000x/0ce0206cfd61b84da9c836204d5a19ae/A/m/American_Heritage_Billiards_Aurora_Counter_Stool_6.jpg
000189.jpg,http://www.chillspace.ca/images/pace/Ryka-Aurora-Boot-Jet-Ink-BlueFrost-GreyChili-PepperMagnetic-Gold-Women-SVIRJ.jpg
000190.jpg,https://img.evbuc.com/https%3A%2F%2Fcdn.evbuc.com%2Fimages%2F74791101%2F293761914125%2F1%2Foriginal.20190930-004640?h=200&w=450&auto=compress&rect=0%2C0%2C2048%2C1024&s=8ce86f20be411515e2bf6dfe1d96eb82
000191.jpg,https://sharpredpencil.files.wordpress.com/2008/12/dsc00330.jpg?w=300&h=225
000192.jpg,https://everything-food.imgix.net/SiteAssetImages/FoodItems/Companies/MainImageFilePathUpload/214/mini%20peppers-Main.jpg?w=450&auto=format&mark64=aHR0cHM6Ly9ldmVyeXRoaW5nLWZvb2QuaW1naXgubmV0L0JhZGdlSW1hZ2VzL0JhZGdlLUJhc2UtUmVkLnBuZz8mdz0xODAmZm09cG5nOCZhdXRvPWZvcm1hdCZ0eHQ9NDQmdHh0Zm9udDY0PVFYWmxibWx5SUU1bGVIUWdSR1Z0YVN4Q2IyeGsmdHh0Y2xyPTIxMjEyMSZ0eHRzaXplPTY2JnR4dGFsaWduPW1pZGRsZSxjZW50ZXI=&markalign=right,middle&markscale=30&markpad=10
000193.jpg,https://pbs.twimg.com/media/EFL68k9VAAAdG92.jpg
000194.jpg,https://c7.uihere.com/files/1011/829/248/sheet-music-chega-de-saudade-song-j-w-pepper-son-aurora-burealis.jpg
000195.jpg,https://upload.wikimedia.org/wikipedia/commons/thumb/5/50/Madame_Jeanette_and_other_chillies.jpg/1200px-Madame_Jeanette_and_other_chillies.jpg
000196.jpg,http://www.nhmade.com/wp-content/uploads/pmpro-register-helper/lisa@cucinaaurora.com/Garlic%20Day%20College.jpg
000197.jpg,https://media-cdn.tripadvisor.com/media/photo-s/05/2c/b8/c7/restaurant-aurora.jpg
000198.jpg,https://media.gettyimages.com/photos/holy-mole-chili-peppers-picture-id1046040496
000199.jpg,http://d.facdn.net/art/rats-eye-view/1463750803/1463750803.rats-eye-view_anthrohio-2016_pepper_aurora_daveix.jpg
000200.jpg,https://vignette.wikia.nocookie.net/zt2downloadlibrary/images/c/c0/Brazilian_Pepper_Tree_%28Aurora_Designs%29.png/revision/latest?cb=20170527040729
000201.jpg,http://i375.photobucket.com/albums/oo193/hollyberrylady08/DSCI1306.jpg
000202.jpg,https://b.zmtcdn.com/data/menus/117/16971117/a35a73f1741b9c6ade72805f690be8f2.jpg
000203.jpg,https://scontent-lhr3-1.cdninstagram.com/vp/4315f7020408ac4932933fcf332053fa/5DB88276/t51.2885-15/e35/s240x240/62028148_2514821278551226_587220556980341870_n.jpg?_nc_ht=scontent-lhr3-1.cdninstagram.com&ig_cache_key=MjA2MzM1OTU5NTUzOTQ0NjU4NQ%3D%3D.2
000204.jpg,https://c1.staticflickr.com/9/8004/7584167976_7df50526f5_b.jpg
000205.jpg,https://i.etsystatic.com/12356882/r/il/88551f/1257909530/il_794xN.1257909530_f9lb.jpg
000206.jpg,http://mariewilkinsonfoodpantry.org/wp-content/uploads/2016/07/DonateFood-Aurora-IL-Marie-Wilkinson-Food-Pantry-2.png
000207.jpg,https://growdiaries.s3-accelerate.amazonaws.com/static/post/photo/14360/955690_aurora-borealiscanukseedsnorthern-lights.jpg
000208.jpg,https://img-global.cpcdn.com/001_recipes/49236385/751x532cq70/bell-pepper-eggs-recipe-main-photo.jpg
000209.jpg,https://www.salumificioaurora.it/adm/Images/contents/inside_text/Guanciale/Gianciale_meta2.jpg
000210.jpg,https://st.hzcdn.com/simgs/c7e1ceee06e737fa_4-7179/home-design.jpg
000211.jpg,https://cdn.shopify.com/s/files/1/0015/1633/9300/products/slow_ring_14ky_salt_and_pepper_diamond_250x.gif?v=1561821517
000212.jpg,https://tenstrawberrystreet.com/350-medium_default/aurora-square-salt-pepper-set.jpg
000213.jpg,https://cdn.sentinelcolorado.com/asuplads/20170615144423/20140114-4826K-HMart-0069-WEB1.jpg
000214.jpg,https://c8.alamy.com/comp/BDMN3B/aurora-chilli-plants-BDMN3B.jpg
000215.jpg,http://static1.squarespace.com/static/531d2a24e4b0baf9a0e963c4/56eb735637013b8180ba99fb/56f46c9b746fb9cf72b7d9d8/1459072812243/whitehorse+northern+lights+web.jpg?format=1500w
000216.jpg,http://alaptabor.hu/wp-content/uploads/2015/09/DPP_01478.jpg
000217.jpg,http://www.montgomerypens.com/images/thumbs/0002113_Aurora-Style-Resin-Black-Pepper-Ballpoint-Pen.jpeg
000218.jpg,https://pa.namshicdn.com/product/71/1193/v1/1-zoom-desktop.jpg
000219.jpg,https://image.shutterstock.com/image-photo/sedum-r-aurora-black-plastic-260nw-143628193.jpg
000220.jpg,https://storage.googleapis.com/idx-photos-gs.ihouseprd.com/OK-TULSA/1833796/org/000.jpg
000221.jpg,http://howstrange.me/wp-content/uploads/2018/11/aurora-hydroponics-northern-lights-gardening-using-station-wiki.jpg
000222.jpg,http://s3item.bookooinc.netdna-cdn.com/s400_47a8c9d0f88ff24537eae98948645.jpg
000223.jpg,https://image.isu.pub/190712165634-b97b2fa807310c5ca165e4ab4d4ee651/jpg/page_1_thumb_large.jpg
000224.jpg,https://cdn.shopify.com/s/files/1/0046/3421/4518/products/a608cc836f750d491de5026021510738.jpg?v=1562347254
000225.jpg,https://pillowandpepper.com/media/catalog/product/cache/2/thumbnail/575x371/2ef546871d769083a315edd9fee1a306/g/a/ga_aurora_capri_terrasse_01.jpeg
000226.jpg,https://cdn.shopify.com/s/files/1/1840/2771/products/il_fullxfull.1726326270_3km1_2000x.jpg?v=1545677875
000227.jpg,https://i0.wp.com/healthychristianhome.com/wp-content/uploads/2019/07/pure-flavor-mini-peppers.jpg?fit=2500%2C1660&ssl=1
000228.jpg,http://www.jsharkeythomas.com/prints/c_aurora.jpg
000229.jpg,https://experiencethemistress.com/wp-content/uploads/2018/03/2018-Enesco-Disney-Ceramics-Collection-Salt-Pepper-Figurine-Set-Maleficent-Aurora-003.jpg
000230.jpg,https://i.pinimg.com/originals/f4/5a/fa/f45afa34a0953c7886f50c2d9ca11fa9.jpg
000231.jpg,https://www.worldofchillies.com/chilligallery/weirdchilligallery/files/imgThumb_302.jpg
000232.jpg,http://flashvalpakaustin.squarespace.com/picture/asian-thai-pepper.jpg?pictureId=4943138&asGalleryImage=true
000233.jpg,https://66.media.tumblr.com/33120bcca23f0b19a0ecb4fc8ba69b54/tumblr_n7fuh7ek8s1rneeiko1_640.jpg
000234.jpg,https://aurora-hotel.phnr.com/static/photos/gallery/slider-800x500/10/1060/19123762415bbca6667fa76.JPG
000235.jpg,https://www.irinas-shop.de/images/P270.%20Aurora%20Pepper%20Bild_v_c.jpg
000236.jpg,https://www.auroraimporting.com/wp-content/uploads/2012/11/DSC02338-780x350.jpg
000237.jpg,https://www.studiobathe.com/images/pictures/52355591-big.jpg
000238.jpg,http://www.cfgphoto.com/data/media/2492/CFGo357.jpg
000239.jpg,http://livinginaurora.ca/uploads/IMG_4869_Harvest.jpg
000240.jpg,http://aurorasatler.com/wp-content/uploads/2018/02/36-39-stuffing-min.jpg
000241.jpg,https://www.salumificioaurora.it/adm/Images/contents/large/Pancetta_Pepe(1).png
000242.jpg,https://onecup.org/wp-content/uploads/2015/10/occ-coffee-aurora.jpg
000243.jpg,https://pbs.twimg.com/media/EDI-iGCXYAApK9K.jpg
000244.jpg,https://s3-media1.fl.yelpcdn.com/bphoto/1OV6kmanwv50AFuTpIpqEQ/o.jpg
000245.jpg,http://www.auroramarket.com.au/wp-content/uploads/2018/05/bell-peppers-red.jpg
000246.jpg,https://idukkidirectory.com/photos/1,720-5.jpg
000247.jpg,https://pics.davesgarden.com/pics/2007/07/10/jenhillphoto/aca852.jpg
000248.jpg,http://www.aurora.com.br/wp-content/uploads/2014/09/tabasco1.png
000249.jpg,https://q-xx.bstatic.com/images/hotel/max300/162/162128023.jpg
000250.jpg,https://dl5zpyw5k3jeb.cloudfront.net/photos/pets/46016202/3/?bust=1570203518&width=720
000251.jpg,https://pa.namshicdn.com/product/A5/91295W/1-zoom-desktop.jpg
000252.jpg,https://i.dailymail.co.uk/i/pix/2010/03/03/article-0-088A1409000005DC-1_468x458.jpg
000253.jpg,https://s3-us-west-1.amazonaws.com/mfeed-store-locator.momentfeed.com/Mucho%20Burrito/mf-llp-fallwinter-signature-2.jpg
000254.jpg,https://images2.imgix.net/p4dbimg/401/fabrics/anja%20pepper.jpg?trim=color&trimcolor=FFFFFF&trimtol=5&w=768&h=576&fm=pjpg&fit=fill&bg=FFFFFF
000255.jpg,http://www.xtremeautosalesmn.com/images/34/11862087_23875.jpg
000256.jpg,https://thumbs.gfycat.com/ScaredDazzlingAmphiuma-size_restricted.gif
000257.jpg,https://cdn.doordash.com/media/restaurant/cover/JalapenoDeluxeRestauranteMexicano_15490_Aurora_CO_1.png
000258.jpg,https://halfwheel.com/wp-content/uploads/2019/08/La-Aurora-107-Zeppelin-2.jpg
000259.jpg,https://www.gaudibarcelonashop.com/6990-thickbox_default_2x/salt-and-pepper-cylinder-trencadis-aurora.jpg
000260.jpg,https://www.pure-flavor.com/wp-content/uploads/AuroraBitesMiniSweetPeppers_1andhalflbBag.png
000261.jpg,https://images.squarespace-cdn.com/content/v1/5cddb15c80466d0001a79ff2/1559159774960-TNYCEDDZ0W21VWVK8FRG/ke17ZwdGBToddI8pDm48kNvT88LknE-K9M4pGNO0Iqd7gQa3H78H3Y0txjaiv_0fDoOvxcdMmMKkDsyUqMSsMWxHk725yiiHCCLfrh8O1z5QPOohDIaIeljMHgDF5CVlOqpeNLcJ80NK65_fV7S1USOFn4xF8vTWDNAUBm5ducQhX-V3oVjSmr829Rco4W2Uo49ZdOtO_QXox0_W7i2zEA/meals-by-aurora-gallery-2.jpg
000262.jpg,https://growdiaries.s3-accelerate.amazonaws.com/static/post/photo/14360/955690_aurora-borealiscanukseedsnorthern-lights_xl.jpg
000263.jpg,https://media.entertainmentearth.com/assets/images/045752e8256b4744839b99f636f11ac5lg.jpg
000264.jpg,https://cdn.substack.com/image/fetch/c_limit,f_auto,q_auto:good/https%3A%2F%2Fbucketeer-e05bbc84-baa3-437e-9518-adb32be77984.s3.amazonaws.com%2Fpublic%2Fimages%2F0deae0fd-cdbf-402d-a274-1f374a22a4ef_4032x3024.jpeg
000265.jpg,http://www.slotcarcentral.com/mm5/graphics/00000001/P4120724_b.jpg
000266.jpg,https://www.hakes.com/Image/MediumRes/77523/1/image.jpg
000267.jpg,https://farm5.staticflickr.com/4387/36980189036_c8a576b3f6.jpg
000268.jpg,https://photos.offerup.com/Y0WMJIKN3DXTeTyLZscrbK-PPGo=/300x400/38c1/38c10b3bc2614774b50c244fda591ac8.jpg
000269.jpg,http://www.devignenvin.fr/2043-large_default/magnum-vodka-crystal-head-aurora.jpg
000270.jpg,http://plants.tagawagardens.com/Content/Images/Photos/F780-24.jpg
000271.jpg,https://foodohfood.it/images/antipasto-semplice-uova-salsa-aurora.jpg
000272.jpg,https://logout.hu/dl/upc/2015-08/39613_img_20150806_160933_hdr.thumb.jpg
000273.jpg,https://pre00.deviantart.net/8129/th/pre/i/2019/042/0/f/pepper_ref_sheet_by_auroraveredalia-dczgmbr.png
000274.jpg,https://www.studiobathe.com/images/pictures/25731031-medium.jpg
000275.jpg,https://images-eu.ssl-images-amazon.com/images/I/313RWUbmMBL.jpg
000276.jpg,https://www.penchalet.com/images/products/enlarge/10339-BlackPepperGold.jpg
000277.jpg,https://image.isu.pub/160122160655-ab6349129a16c90861adbff39bf0d1c9/jpg/page_42.jpg
000278.jpg,http://www.folsomfelines.org/cdn/Vegan-Blinis-With-Red-Pepper-Relish-Lazy-Cat-Kitchen.jpg
000279.jpg,https://pet-uploads.adoptapet.com/e/b/7/91173932.jpg
000280.jpg,https://s3.amazonaws.com/bncore/wp-content/uploads/2017/04/1007423535-Griffon-Gastr19.jpg
000281.jpg,https://www.cayennediane.com/wp-content/uploads/2016/10/Palestine-TX-Hot-Pepper-Festival-2019.png
000282.jpg,https://patch.com/img/cdn20/users/57041/20190322/041128/styles/raw/public/processed_images/aurora-1553275476-5569-1553285436-1642.jpg
000283.jpg,http://www.montgomerypens.com/images/thumbs/0002108_Aurora-Style-Resin-Black-Pepper-Fountain-Pen-Broad-Nib.jpeg
000284.jpg,https://scontent-frx5-1.cdninstagram.com/vp/d09ed6c535c01ce8cba57b327f2a6b54/5DDFC947/t51.2885-15/e35/s1080x1080/66809041_654566208390593_4395825113715038345_n.jpg?_nc_ht=scontent-frx5-1.cdninstagram.com
000285.jpg,https://www.ichibantackle.com/images/9652flatpepper60f_aurorablack.jpg
000286.jpg,https://fastly.4sqi.net/img/general/200x200/4169803_oTndXSDSlZFCm1h7_L0kTPalZBCfLNqru8O_d1ycB6U.jpg
000287.jpg,http://www.channonleathley.com/images/APLcookbookbefore.png
000288.jpg,https://shop-cdn-m.shpp.ext.zooplus.io/bilder/pawz/pepper/denver/ortho/dog/cushion/grey/3/400/78610_petlando_pawzpepper_hundekissen_auroraortho_hs_010_3.jpg
000289.jpg,http://s23805.pcdn.co/wp-content/uploads/2016/08/Kevin_Allen_Pepper_purple_aurora_in_the_yukon_for_web2.jpg
000290.jpg,https://shop.r10s.jp/gold/hunnyhunt/picture/Aurora-Style-blacksilver/style-blacksilver-1.jpg
000291.jpg,https://untappd.akamaized.net/photos/2018_12_07/931de0ba91df7898a55bca54df605d2e_640x640.jpg
000292.jpg,https://static.wixstatic.com/media/d84ce9_b0f6724049164f0d80b4fc268255d5dc~mv2_d_2165_2165_s_2.jpeg/v1/fit/w_500,h_500,q_90/file.jpg
000293.jpg,https://www.chilipeppermadness.com/wp-content/uploads/2018/08/Roasted-Red-Jalapeno-Hot-Sauce-PIN.jpg
000294.jpg,http://www.slotcarcentral.com/mm5/graphics/00000001/P4120723_b.jpg
000295.jpg,https://www.yogalexia.at/wp-content/uploads/2017/05/auroranature2-e1494449788874-300x210.jpg
000296.jpg,http://organigarden.eu/magazin/15/kep3.jpg
000297.jpg,https://www.picclickimg.com/d/l400/pict/323858682835_/Aurora-Afx-Ho-O-Xtras-1932-Ford-Flat.jpg
000298.jpg,https://dks22p812qygs.cloudfront.net/UserFiles/ib_product/14693698855794ce1d25ccf-500x500.jpg
000299.jpg,https://dqzrr9k4bjpzk.cloudfront.net/images/13147710/755166765.jpg
000300.jpg,https://www.smartenlight.com/wp-content/uploads/2017/10/Untitled_Artwork-2-696x522.jpg
000301.jpg,https://assets.catawiki.nl/assets/2016/3/18/8/7/8/87854466-ed23-11e5-9bf8-11bf04f6a4b5.jpg
000302.jpg,http://www.2n2pd.com/image/cache/data/category_3/ryka-aurora-ankle-boots-in-jet-ink-blue-frost-grey-chili-pepper-magnetic-gold-wome--11697-500x500_0.jpg
000303.jpg,https://www.auroraimporting.com/wp-content/uploads/2012/11/mushroom-+-pepper.jpg
000304.jpg,https://scontent-lhr3-1.cdninstagram.com/vp/916b2771815a52f970fa41be430dfa11/5DC98E69/t51.2885-15/e35/66843927_214468056189269_3467523670419352197_n.jpg?_nc_ht=scontent-lhr3-1.cdninstagram.com&se=7&ig_cache_key=MjA5MjI0OTU4NDQ4MzgwNTY0OQ%3D%3D.2
000305.jpg,https://www.laaurora.com.do/wp-content/uploads/2019/07/LaMaduro-1-793x1024.jpeg
000306.jpg,https://pbnm.org/wp-content/uploads/tacos-2.jpg
000307.jpg,https://images.homedepot-static.com/productImages/9ff692f7-6739-4fd2-af22-72d167f5dd77/svn/studio-bathe-bathroom-vanities-with-tops-aurora-36-pepper-quartz-64_400_compressed.jpg
000308.jpg,http://www.zaranaturalstones.com/images/salt-pepper-flagstone-paver-greensborough.jpg
000309.jpg,https://agritourismworld.com/media/com_mtree/images/listings/m/2369.jpg
000310.jpg,https://www.kendallcountynow.com/_internal/cimg!0/dni4k2kieqd6m2axtg62w2sis0zrq8w
000311.jpg,http://i.dawn.com/primary/2015/03/54fc32b747baa.jpg
000312.jpg,https://www.denverpost.com/wp-content/uploads/2016/04/20160301__DP_NGPS_TypeSetExport20160303_S6_ZSS03BIZPROFILEp2.jpg?w=620
000313.jpg,https://02bf1a45a5ab2b54ae76-7fd5f624d5cbf0d3fe8c486a1840b7ff.ssl.cf1.rackcdn.com/636800498744685178+menuImage.jpg
000314.jpg,https://d2kn7nb9ubajli.cloudfront.net/pick/categories/shopping.png
000315.jpg,https://i5.walmartimages.ca/images/Enlarge/001/893/999999-061659001893.jpg
000316.jpg,https://img.letgo.com/images/ef/80/3c/2c/ef803c2cd6f785ee3ed582a7e4ded3f8.png?impolicy=img_600
000317.jpg,https://static1.squarespace.com/static/50a7da09e4b07b4b7b0c2aa1/5654c9f2e4b09978f206418b/58dfc0fbe58c62c8b28d19fb/1509224752682/aurora+2017_2.jpg?format=2500w
000318.jpg,https://afewshortcuts.com/wp-content/uploads/2013/05/FIESTA-STUFFED-MINI-PEPPERS-1.jpg
000319.jpg,http://www.mayrand.ca/globalassets/mayrand/catalog-mayrand/epicerie/31054-tarallini-baresi-au-poivre-noir-2-x-300-g-aurora.jpg
000320.jpg,https://images1.westword.com/imager/u/745x420/11472578/https_3a_2f_2fcdn.evbuc.com_2fimages_2f70858775_2f34236829866_2f1_2foriginal.20190903-170509_h_200_w_450_auto_compress_rect_0_2c92_2c4000_2c2000_s_a01bb81f2e0b2b6372c070ccdb830aaa
000321.jpg,https://i.ebayimg.com/00/s/MTAyNFg3Njg=/z/rqAAAOSwBzpbl~vP/$_86.JPG
000322.jpg,https://resources.salewhale.ca/products_sales_images/6/0/6/9CD2/aurora-tomatoes-398-796-ml.jpg
000323.jpg,https://www.gannett-cdn.com/media/2018/04/30/FortMyers/FortMyers/636607071937874636-wildlife00999.jpg?quality=10
000324.jpg,https://img.evbuc.com/https%3A%2F%2Fcdn.evbuc.com%2Fimages%2F75382495%2F299133833164%2F1%2Foriginal.20191003-155946?h=2000&w=720&auto=compress&s=0e7f6c39832ee310f74d2e1008a91239
000325.jpg,http://www.devignenvin.fr/2038-large_default/vodka-crystal-head-aurora.jpg
000326.jpg,http://www.lacteosaurora.com/wp-content/uploads/2019/05/tyboDA.jpg
000327.jpg,https://www.montezumas.co.uk/images/dark-chocolate-caramels-with-salt-pepper-chilli-p367-939_medium.jpg
000328.jpg,https://d2lnr5mha7bycj.cloudfront.net/product-image/file/primary_177d7511-389d-4684-bdcd-9240a304acce.png
000329.jpg,https://images.squarespace-cdn.com/content/v1/5a0c4cb8b7411c621694f7b0/1556575317067-45QNGA56Q2MGGAIPU4TA/ke17ZwdGBToddI8pDm48kOVQJO92FLJ8x2jjqWBfHQB7gQa3H78H3Y0txjaiv_0fDoOvxcdMmMKkDsyUqMSsMWxHk725yiiHCCLfrh8O1z5QPOohDIaIeljMHgDF5CVlOqpeNLcJ80NK65_fV7S1UYesiG1qhvCHbquqhCYswouJvEuDScqM3xETz-ZBAiHgN8tkkwLetXg6b3fv4umx6A/It%27s+Hot+%28with+Pepper+layer%29.jpg
000330.jpg,https://nlp.fi.muni.cz/trac/pepper/raw-attachment/wiki/WikiStart/karel.jpg
000331.jpg,http://www.houseboatoperator.com/images/34/11862087_23872.jpg
000332.jpg,https://edge.bonnieplants.com/www/uploads/20180920002204/lemon-dream-sweet-pepper-480x360.jpg
000333.jpg,https://www.pepperyandell.com/wp-content/uploads/2019/06/MCLAREN-2-1000x667.jpg
000334.jpg,https://www.picclickimg.com/d/l400/pict/202724154550_/MINT-Hot-Rod-Pepper-Vintage-Aurora-AFX-Chassis.jpg
000335.jpg,https://i.gzn.jp/img/2019/04/11/doutor-milano-sandwich-shrimp-aurore/P0006114.jpg
000336.jpg,https://i.ytimg.com/vi/Rs61GdS1MO8/hqdefault.jpg
000337.jpg,https://i.etsystatic.com/10537006/r/il/02d86a/1443387893/il_570xN.1443387893_ia11.jpg
000338.jpg,https://halfwheel.com/wp-content/uploads/2019/04/La-Aurora-Untamed-Robusto.jpg
000339.jpg,https://pureflavor.files.wordpress.com/2013/08/mini-peppers-with-cousous.jpg
000340.jpg,https://c8.alamy.com/comp/X20KDE/ornamental-pepper-aurora-capsicum-frutescens-national-arboretum-washington-dc-X20KDE.jpg
000341.jpg,https://f.wishabi.net/page_items/164860647/1566313701/extra_large.jpg
000342.jpg,https://media.mediazs.com/bilder/7/1000/78424_pla_petlando_pawzpepper_hundekissen_denver_7.jpg
000343.jpg,https://www.innit.com/public/products/images/00632434054795-R0Fbi1TUnmhIg-0_s300.jpg
000344.jpg,https://static.wixstatic.com/media/dd340b_9b2f4a0b19264f97a49e91abe9d4161b~mv2_d_2000_2000_s_2.jpg/v1/fill/w_480,h_480,al_c,q_85,usm_0.66_1.00_0.01/dd340b_9b2f4a0b19264f97a49e91abe9d4161b~mv2_d_2000_2000_s_2.jpg
000345.jpg,https://luxuryspaintravel.files.wordpress.com/2016/01/4f966-p3010389.jpg
000346.jpg,https://www.airbnb.com/google_place_photo?photoreference=CmRaAAAA0hLjvjyZu-UJp2WVSzR9hABqvv_1wYd9xb_z454P4ptq1r_3otH1TVlCHjWoH-Onfq1FqACS8_Dlg6o_POG_oLj74MwzNYEFhr2WX2hPARhelQd3fbdzKJdiSqwCxLgKEhDrQboRh30VsryEQEf4oxLpGhQtKQJNf4qKnrm4z4-iC00W3uGf8g&maxwidth=1000&maxheight=1000&place_id=121316
000347.jpg,https://advancement.cfaes.ohio-state.edu/sites/ood/files/events/Colorful_Photo_of_Vegetables.png
000348.jpg,https://www.themenyuapp.com/webservices/images/restaurant-logos/5999.JPG
000349.jpg,https://c.shld.net/rpx/i/s/pi/mp/24335/prod_13561177729?src=http%3A%2F%2Fcdn.beyondstores.com%2Fimages%2FP%2FJaipur-Windsor-By-Rug-Republic-Sh-rosario-Rug-In-Aurora-Red-And-Chili-Pepper.jpg&d=57239e32fa0f4ccf5d347614d79240b92abac06a&hei=333&wid=333&op_sharpen=1
000350.jpg,https://images.squarespace-cdn.com/content/v1/5cddb15c80466d0001a79ff2/1559160129819-RULUZYYZGST777KV32OY/ke17ZwdGBToddI8pDm48kNvT88LknE-K9M4pGNO0Iqd7gQa3H78H3Y0txjaiv_0fDoOvxcdMmMKkDsyUqMSsMWxHk725yiiHCCLfrh8O1z5QPOohDIaIeljMHgDF5CVlOqpeNLcJ80NK65_fV7S1USOFn4xF8vTWDNAUBm5ducQhX-V3oVjSmr829Rco4W2Uo49ZdOtO_QXox0_W7i2zEA/meals-by-aurora-gallery-6.jpg
000351.jpg,http://1.bp.blogspot.com/-g-b10PT-KLc/U0I29EgoeFI/AAAAAAAAAXM/G5t9sbVGOjU/s1600/cracked4.jpg
000352.jpg,https://media-cdn.tripadvisor.com/media/photo-s/0f/09/d3/a7/tandoori-chicken.jpg
000353.jpg,https://marconi-foods.com/wp-content/uploads/2013/10/Aurora_Giardiniera_Pasta_Salad.jpg
000354.jpg,http://tenstrawberrystreet.com/56-large_default/aurora-square-salt-pepper-set.jpg
000355.jpg,https://www.haidagwaii.net/jthomas/Slideshow/images/09.jpg
000356.jpg,https://previews.agefotostock.com/previewimage/medibigoff/b6c841c73b2ded2d38a02345a5c2d725/arq-roch000225.jpg
000357.jpg,http://www.livinginaurora.com/uploads/IMG_20160714_KarenUus.jpg
000358.jpg,http://www.auroracolonyvineyards.com/wp-content/uploads/2018/03/Kitchen-home-photo-with-text-4000-1170x390.jpg
000359.jpg,https://cdn.shopify.com/s/files/1/0812/3241/products/AURE12DN_Aurora_Style_FP_Black_Pepper_gold2_x1024.jpeg?v=1556293863
000360.jpg,http://casavallartadining.com/communities/8/000/001/789/648//images/15539171.jpg
000361.jpg,https://www.agroinform.hu/data/aprohirdetes/apro_6735876/habanero-narancssarga-magok-000_fitmax_800x600_2.jpg
000362.jpg,https://m.dam-img.rfdcontent.com/offers/009/348/714/600x600_smart_fit.jpg
000363.jpg,https://cdn4.picryl.com/photo/1882/01/01/grand-baritone-fantasia-aurora-17-1024.jpg
000364.jpg,https://cdn.shoplightspeed.com/shops/607126/files/1218350/cucina-aurora-infused-olive-oil.jpg
000365.jpg,https://cucinaaurora.com/wp-content/uploads/2016/01/hot-pepper-brownies-still.jpg
000366.jpg,https://cdn11.bigcommerce.com/s-or8twbmc41/images/stencil/1280x1280/products/1038/3654/HD-Royal-Aurora-Galaxy-Dice-Set-resale3__06994.1565914525.jpg?c=2&imbypass=on
000367.jpg,https://thecornishlife.co.uk/wp-content/uploads/2018/03/aurora-3-1024x768.jpg
000368.jpg,https://scontent-sjc3-1.cdninstagram.com/v/t51.2885-15/e35/c0.12.924.924a/s320x320/67315969_163027608158472_6629712693869158207_n.jpg?_nc_ht=scontent-sjc3-1.cdninstagram.com&oh=407f7825cfea841c1694d56fa10028d2&oe=5E0C1FB2&ig_cache_key=MjEwOTgwMTUxNjU0MTI4MzUzMQ%3D%3D.2.c
000369.jpg,http://jabucahotsaucebbq.pwcstores.com/sites/jabuca.com/files/imagelibrary/blog/sams-meats-aurora-colorado-800.jpg?1491412246
000370.jpg,https://static1.squarespace.com/static/531d2a24e4b0baf9a0e963c4/56eb735637013b8180ba99fb/57fed5adbe6594af167c30fb/1478869234340/MMR_2013-07-10_7254.jpg?format=2500w
000371.jpg,https://d1fywv0iz2cv2w.cloudfront.net/product-image/v201601/f79e720da7087dc0e33016eb5a1bbc8b.jpeg
000372.jpg,https://www.hakes.com/Image/MediumRes/77523/2/image.jpg
000373.jpg,https://www.mountainandplainscatering.com/images/editorial/chilli-peppers2-500.jpg
000374.jpg,https://images.otstatic.com/prod/26597411/2/large.jpg
000375.jpg,https://experiencethemistress.com/wp-content/uploads/2018/03/2018-Enesco-Disney-Ceramics-Collection-Salt-Pepper-Figurine-Set-Maleficent-Aurora-002.jpg
000376.jpg,https://images.squarespace-cdn.com/content/v1/5b462aba2971148ae8fe2390/1559299105460-22GWI0T3CXFMKAHVHOZ8/ke17ZwdGBToddI8pDm48kLkXF2pIyv_F2eUT9F60jBl7gQa3H78H3Y0txjaiv_0fDoOvxcdMmMKkDsyUqMSsMWxHk725yiiHCCLfrh8O1z4YTzHvnKhyp6Da-NYroOW3ZGjoBKy3azqku80C789l0iyqMbMesKd95J-X4EagrgU9L3Sa3U8cogeb0tjXbfawd0urKshkc5MgdBeJmALQKw/DSC06733.jpg
000377.jpg,https://www.diomedia.com/imagePreview/01ACVNT5?imageId=8285251&imageCode=01ACVNT5&contributor=Aurora+Photos+RM&siteName=www.diomedia.com&title=&location=&ds=800&newStyle=1&tc=FFFFFF&tbc=333333&qv=95&icc=1&cl=1
000378.jpg,https://scout.customerscout.net/Gallery/IMAGES/2018/Ford2018/Focus18/SE-Hatch/2018FordFocusSEHatch_exterior02.jpeg
000379.jpg,https://s3-media4.fl.yelpcdn.com/bphoto/QZ6jklbLp69nF3d7B8BZKA/l.jpg
000380.jpg,https://s3-us-west-2.amazonaws.com/ktoo/2019/07/GreenTomato060419-830x623.jpg
000381.jpg,https://s3.amazonaws.com/images.napervillenightout.com/businesses/1479724816740_227486-menu-tgi-fridays-aurora-route-59-0943-20.jpg
000382.jpg,https://www.dailyherald.com/storyimage/DA/20170809/SUBMITTED/170809079/AR/0/AR-170809079.jpg&updated=201708091207&imageversion=Facebook&exactH=630&exactW=1200&exactfit=crop&noborder
000383.jpg,https://www.packagingdigest.com/sites/default/files/styles/featured_image_750x422/public/300228-Aurora_Bites.JPG?itok=uCKSUybA
000384.jpg,https://pics.davesgarden.com/pics/2010/05/27/semillas/4de5ca.jpg
000385.jpg,https://www.pure-flavor.com/wp-content/uploads/PureFlavor-AuroraSweetsLongSweetPeppers-3ctRainbow.png
000386.jpg,https://i.pinimg.com/originals/28/cb/21/28cb211cc80de5f8e25befe9b87ba57e.jpg
000387.jpg,https://www.radcliffejewelers.com/media/catalog/items/b507bba9-d04d-4934-a317-db756012f1da.jpg.800x800_q85_background.jpg
000388.jpg,https://cdn.shopify.com/s/files/1/1840/2771/files/Aurora_Designer_wt_bg_410x.png?v=1555540756
000389.jpg,https://cdn.andnowuknow.com/mainStoryImage/pureflavor-ez1.jpg?ljM3UTnWIW5tW2TiYqjG.mMAWwU5QEvm
000390.jpg,https://www.heatoncateringequipment.co.uk/images/tablecraft-aurora-cast-aluminium-half-pan-w-65-degree-lip-natural-32-5x26-5x6-5cm-3l-p34495-29887_image.jpg
000391.jpg,https://pa.namshicdn.com/product/A0/91295W/1-zoom-desktop.jpg
000392.jpg,http://3.bp.blogspot.com/-MCSG0Wsd6Q8/U0I3Cx2i2WI/AAAAAAAAAXU/zKC3B4d8neo/s1600/cracked5.jpg
000393.jpg,http://www.auroramarket.com.au/wp-content/uploads/2018/05/pepper-black-cracked-50g-pkt.jpg
000394.jpg,https://www.redpepper.org.uk/wp-content/uploads/grunwick-400x225.jpg
000395.jpg,https://previews.123rf.com/images/stockfood/stockfood1502/stockfood150201139/36607073-wide-green-pasta-with-aurora-sauce-tomato-cream-sauce-with-pasta-dough-and-olive-oil-in-the-backgrou.jpg
000396.jpg,https://ctl.s6img.com/society6/img/FaQfSmIDh9VXH75euizXzKjySd4/w_700/tank-tops/women/greybg/white/~artwork,bg_FFFFFFFF,fw_3300,fh_5100,fx_-900,iw_5100,ih_5100/s6-original-art-uploads/society6/uploads/misc/7523020490eb425e886f7c3d788fb205/~~/northern-lights-aurora-borealis-4-tank-tops.jpg
000397.jpg,https://d3u03kk87rjfaq.cloudfront.net/wp-content/uploads/2012/06/0612cafe_aurora_vegetarian.jpg
000398.jpg,http://gastronomiamichoacana.com/assets/cache/72c25197b6a491816d9a84b42d7205f0/restaurant-654-aurorabarriga-2_848x476_adaptiveResize.jpg
000399.jpg,http://www.montgomerypens.com/images/thumbs/0010249_Aurora-Style-Resin-Black-Pepper-Gold-Trim-Ballpoint-Pen.jpeg
000400.jpg,https://shinewithaurora.com/wp-content/uploads/DSC_5098-1024x1534.jpg
000401.jpg,https://previews.agefotostock.com/previewimage/medibigoff/6d590d2aff9a9630e90d070d11c2e09d/pah-66652530.jpg
000402.jpg,https://fastly.4sqi.net/img/general/600x600/y3YCT7BXam1cyp9rMR1JXlyDH82z5ATHumvJm10U-No.jpg
000403.jpg,http://s23805.pcdn.co/wp-content/uploads/2016/08/Kevin_Allen_Pepper_yellowknife_aurora_4.jpg
000404.jpg,https://www.studiobathe.com/images/pictures/88800899-big.jpg
000405.jpg,https://b.zmtcdn.com/data/menus/404/8905404/f4608636a5690a46ad302f900ce3b185.jpg
000406.jpg,http://www.slotcarcentral.com/mm5/graphics/00000001/P4120717_b.jpg
000407.jpg,https://shop.r10s.jp/proshopks/cabinet/item28/p20180628p07.jpg
000408.jpg,https://scontent-yyz1-1.cdninstagram.com/vp/f9b9529dd02e911abccdf66478465294/5E27C2D8/t51.2885-15/sh0.08/e35/c0.180.1440.1440a/s640x640/60808541_115034776404076_7380817529856686095_n.jpg?_nc_ht=scontent-yyz1-1.cdninstagram.com&_nc_cat=104
000409.jpg,https://lh3.googleusercontent.com/l0qUeTyBit5BKM2zICpKVZkyTcQ_Vwfm51jOuyvCOIBnUd4SF_-og1mvTo7kGqj2HwYGB9aKVrDkjWLZ10tXrZB2bfwoPo8
000410.jpg,https://shop-cdn-m.shpp.ext.zooplus.io/bilder/pawz/pepper/denver/ortho/kutyaprna/5/400/78609_pla_petlando_pawzpepper_hundekissen_auroraortho_5.jpg
000411.jpg,https://resources.salewhale.ca/products_sales_images/D/7/9/A6CC/aurora-or-windsor-salt-1-kg-arm-hammer-baking-soda-500-g-or-aurora-bouillon-66-g.jpeg
000412.jpg,https://static.wixstatic.com/media/d84ce9_b3f06c43699b481ba989efeae0cdd73d~mv2_d_2320_2320_s_2.jpeg/v1/fit/w_500,h_500,q_90/file.jpg
000413.jpg,http://img0036.psstatic.com/131344764_25-chocolate-habanero-hot-pepper-brown-vegetable-seeds-.jpg
000414.jpg,https://pbs.twimg.com/media/EDZII9JWwAA9uJB.jpg
000415.jpg,https://i5.walmartimages.com/asr/b524ac4c-e9df-4893-aa31-a7666996a3c5_1.db16b6d857f7a43ce508fce29573da47.jpeg?odnHeight=450&odnWidth=450&odnBg=FFFFFF
000416.jpg,https://i.ytimg.com/vi/IKMvyZDMV98/hqdefault.jpg
000417.jpg,https://images1.westword.com/imager/thai-pepper-ii/u/745x420/5168639/1736107.0.jpg
000418.jpg,http://www.southportgrocery.com/uploads/2011/07/IMG_0631.jpg
000419.jpg,https://media-cdn.tripadvisor.com/media/photo-s/13/e6/5b/2b/soppressato-pizza-with.jpg
000420.jpg,http://www.mayrand.ca/globalassets/mayrand/catalog-mayrand/epicerie/31055_taralli-baresi-piment-fort-2x300g_aurora2.jpg
000421.jpg,https://biokiskert.hu/wp-content/uploads/2018/12/aurora1-600x654.jpg
000422.jpg,https://f.wishabi.net/page_items/165277252/1566371532/extra_large.jpg
000423.jpg,https://cdn.shopify.com/s/files/1/1022/5071/products/aurora-pepper-seeds-capsicum-annuum-ornamental-peppers-edible-5_1024x1024.jpg?v=1565027043
000424.jpg,http://i.gzn.jp/img/2012/06/19/mos-aurora-sauce/P1420731.jpg
000425.jpg,https://images-wixmp-ed30a86b8c4ca887773594c2.wixmp.com/f/10f3952c-0cb1-484f-84d1-157a3a63ab82/daxw3dd-4f9ca05f-5064-454f-a6ff-cc494bcdbf89.png?token=eyJ0eXAiOiJKV1QiLCJhbGciOiJIUzI1NiJ9.eyJzdWIiOiJ1cm46YXBwOjdlMGQxODg5ODIyNjQzNzNhNWYwZDQxNWVhMGQyNmUwIiwiaXNzIjoidXJuOmFwcDo3ZTBkMTg4OTgyMjY0MzczYTVmMGQ0MTVlYTBkMjZlMCIsIm9iaiI6W1t7InBhdGgiOiJcL2ZcLzEwZjM5NTJjLTBjYjEtNDg0Zi04NGQxLTE1N2EzYTYzYWI4MlwvZGF4dzNkZC00ZjljYTA1Zi01MDY0LTQ1NGYtYTZmZi1jYzQ5NGJjZGJmODkucG5nIn1dXSwiYXVkIjpbInVybjpzZXJ2aWNlOmZpbGUuZG93bmxvYWQiXX0.5PKWp9lSXjKWLccCNCfd_XkyEpOCPUlr4XZZ4xDbhv0
000426.jpg,https://img.evbuc.com/https%3A%2F%2Fcdn.evbuc.com%2Fimages%2F61824702%2F20747553310%2F1%2Foriginal.20190507-131107?w=512&auto=compress&rect=0%2C1483%2C3024%2C1512&s=33ce6def4e8d2e69f337ccae29065c97
000427.jpg,https://images.squarespace-cdn.com/content/v1/531d2a24e4b0baf9a0e963c4/1489199831069-LN2HJUCXWHQBJJ82XYFC/ke17ZwdGBToddI8pDm48kIa7Xiz3D9zARAYtiErx-Nx7gQa3H78H3Y0txjaiv_0fDoOvxcdMmMKkDsyUqMSsMWxHk725yiiHCCLfrh8O1z4YTzHvnKhyp6Da-NYroOW3ZGjoBKy3azqku80C789l0g9xiYCO_4ze-uEG5pWlE5NhBkJdTZAD9BHT5-tPh26qu4vGoS9xPvaPKFiBG5ZEwA/image-asset.jpeg?format=1000w
000428.jpg,https://pureflavor.files.wordpress.com/2015/12/peppers.png?w=584
000429.jpg,https://photos.offerup.com/zQpUGxcBzKehoZzLZOvM86cWNJ8=/300x215/b036/b0368889c7a747efaed9cec3a5029e66.jpg
000430.jpg,https://c1.staticflickr.com/4/3335/3666302866_cbe978464c_b.jpg
000431.jpg,https://img.letgo.com/images/d7/d2/89/e8/d7d289e889b74baee054786d731bad50.jpg?impolicy=img_600
000432.jpg,https://cdn.shopify.com/s/files/1/1840/2771/products/il_fullxfull.2038341125_co05_1600x.jpg?v=1567322611
000433.jpg,http://tenstrawberrystreet.com/56-home_default/aurora-square-salt-pepper-set.jpg
000434.jpg,https://dks22p812qygs.cloudfront.net/UserFiles/ib_product/1465764205575dc96db73d9-500x500.jpg
000435.jpg,https://www.studiobathe.com/images/pictures/19758016-big.jpg
000436.jpg,http://www.slotcarcentral.com/mm5/graphics/00000001/P4120725_b.jpg
000437.jpg,https://i.pinimg.com/236x/fd/c8/3c/fdc83ce72158827ed18059b2560e3c24--pepper-plants-pepper-seeds.jpg?nii=t
000438.jpg,http://www.aurora.com.br/wp-content/uploads/2014/09/maille41.png
000439.jpg,https://cucinaaurora.com/wp-content/uploads/2015/04/Edit_Gar_2-e1527190087625.jpg
000440.jpg,https://c8.alamy.com/comp/BDMN4H/aurora-chilli-plants-BDMN4H.jpg
000441.jpg,https://b.zmtcdn.com/data/menus/671/16974671/d9a26e482dcff31c013ef5e5a7188a43.jpg
000442.jpg,https://static.wixstatic.com/media/d84ce9_ff0e2f3e27514d0b939ce8f812ac4e7a~mv2_d_2324_2324_s_2.jpeg/v1/fill/w_480,h_480,al_c,q_85,usm_0.66_1.00_0.01/d84ce9_ff0e2f3e27514d0b939ce8f812ac4e7a~mv2_d_2324_2324_s_2.jpeg
000443.jpg,https://shop.r10s.jp/hunnyhunt/cabinet/aurora/img56544169.jpg
000444.jpg,https://cdn.andnowuknow.com/legacyWriterImages/gtVOwCNbMrbj227Yypj4CQRjvPxmZSx2XbEeOYskuxA.jpg
000445.jpg,https://experiencethemistress.com/wp-content/uploads/2018/03/2018-Enesco-Disney-Ceramics-Collection-Salt-Pepper-Figurine-Set-Maleficent-Aurora-001.jpg
000446.jpg,https://s3-media1.fl.yelpcdn.com/bphoto/Ne0-1WtiErAZQ31wjclJVA/ls.jpg
000447.jpg,https://media-cdn.tripadvisor.com/media/photo-s/0f/47/d7/df/chilly.jpg
000448.jpg,https://pics.davesgarden.com/pics/2007/07/10/jenhillphoto/0ec105.jpg
000449.jpg,http://static1.squarespace.com/static/531d2a24e4b0baf9a0e963c4/56eb735637013b8180ba99fb/591f4ef92994caa624740e63/1498478406860/photogarpher+watches+aurora.jpg?format=1500w
000450.jpg,https://i.ytimg.com/vi/be7WxzPI0H0/maxresdefault.jpg
000451.jpg,https://www.pure-flavor.com/wp-content/uploads/AuroraSweets-cutout-1-1024x759.png
000452.jpg,https://www.mayrand.ca/globalassets/mayrand/catalog-mayrand/epicerie/49839-tarallini-au-piment-fort-300-g-aurora.jpg?w=380&h=380&mode=crop
000453.jpg,https://pbs.twimg.com/media/D5Ra0_BWAAUJnX6.jpg
000454.jpg,https://f.wishabi.net/page_items/162121274/1564000568/extra_large.jpg
000455.jpg,https://cdn.shopify.com/s/files/1/1840/2771/products/il_fullxfull.1990318568_r0bw_1600x.jpg?v=1567320483
000456.jpg,https://images.offerup.com/2bSym-p7yFPh0_so7wg-KMcV960=/500x375/9333/93334aa097bf4990b153341e096b0a27.jpg
000457.jpg,https://cucinaaurora.com/wp-content/uploads/2018/10/Chipotle-Grilled-Cheese1-1024x768.jpg
000458.jpg,http://www.trbimg.com/img-1367264581/turbine/redeye-fox-valley-taco-tour-20130429-010/768
000459.jpg,https://pureflavor.files.wordpress.com/2014/01/photo-1-2.jpg
000460.jpg,https://em.wattpad.com/f319424ad69aadc967254ce9a1e35bc200d4f177/68747470733a2f2f73332e616d617a6f6e6177732e636f6d2f776174747061642d6d656469612d736572766963652f53746f7279496d6167652f364e443574565f765f49555257513d3d2d3636343637313139312e313536656438386664363963633838663935363738333437323637312e6a7067?s=fit&w=720&h=720
000461.jpg,https://www.laaurora.com.do/wp-content/uploads/2019/06/62476931_10216764737923626_4631644413624320000_o-1024x1024.jpg
000462.jpg,https://www.studiobathe.com/images/pictures/39926070-big.jpg
000463.jpg,https://s3-media1.fl.yelpcdn.com/bphoto/e4a46jf0sopOr0Jn0RevqQ/348s.jpg
000464.jpg,https://cdn.sentinelcolorado.com/asuplads/20170615144425/20140114-4826K-HMart-0027-WEB1.jpg
000465.jpg,https://dks22p812qygs.cloudfront.net/UserFiles/ib_product/Aurora-Strained-Crushed-Tomatoes-660ML-500x500.jpg
000466.jpg,https://shop.r10s.jp/penroom/cabinet/aurora/17209_2.jpg
000467.jpg,https://media-cdn.tripadvisor.com/media/photo-s/10/db/96/e7/roast-pork.jpg
000468.jpg,https://cdn.shopify.com/s/files/1/1840/2771/products/il_fullxfull.1750201190_exzb_2000x.jpg?v=1547849481
000469.jpg,https://previews.agefotostock.com/previewimage/medibigoff/61214be4e33c864201e55ed0e9a0b334/pah-66652241.jpg
000470.jpg,http://static1.squarespace.com/static/531d2a24e4b0baf9a0e963c4/56eb735637013b8180ba99fb/58c3617ecd0f68690ff04d4b/1489755636984/tombstone+aurora.jpg?format=1500w
000471.jpg,https://i.ytimg.com/vi/UY4fsxrViL0/maxresdefault.jpg
000472.jpg,https://pbs.twimg.com/media/DjxT5DeU8AAVBgp.jpg
000473.jpg,https://www.pure-flavor.com/wp-content/uploads/2018-6.14-Recipe-Cards-28-Frittata-FB-V2.jpg
000474.jpg,https://cucinaaurora.com/wp-content/uploads/2016/01/hot-pepper-brownies-250x250.jpg
000475.jpg,https://www.studiobathe.com/images/pictures/54351416-medium.jpg
000476.jpg,https://l450v.alamy.com/450v/gja8pj/chilli-aurora-growing-outdoors-gja8pj.jpg
000477.jpg,https://media-cdn.tripadvisor.com/media/photo-s/10/8e/5f/ab/combination-2-tamales.jpg
000478.jpg,https://s3-media1.fl.yelpcdn.com/bphoto/-UGmFb4aK-4Mpi37RwFw7Q/o.jpg
000479.jpg,https://pbs.twimg.com/profile_images/557207234992553985/vGVGe8gq_400x400.jpeg
000480.jpg,https://cdn.shopify.com/s/files/1/1840/2771/products/il_fullxfull.1840252623_hptp_2000x.jpg?v=1551135487
000481.jpg,https://static1.squarespace.com/static/531d2a24e4b0baf9a0e963c4/56eb735637013b8180ba99fb/571022c160b5e95e7430add5/1460994797972/dogs_AP30856.jpg?format=2500w
000482.jpg,https://cdn.andnowuknow.com/mainStoryImage/pureflavor_flavorup_banner_091119.jpg?FcmVBEb6VQq8_CXhVxVF6RTos.0wlDmm
000483.jpg,https://pureflavor.files.wordpress.com/2013/08/frittata-cover-2.jpg?w=584&h=389
000484.jpg,https://www.studiobathe.com/images/pictures/46488199-big.jpg
000485.jpg,https://pureflavor.files.wordpress.com/2015/10/tribelli-nachos_2.png
000486.jpg,https://s3-media0.fl.yelpcdn.com/bphoto/g4nphGVoJTWVAMqpw1nSPg/ls.jpg
000487.jpg,https://experiencethemistress.com/wp-content/uploads/2018/01/2018-Enesco-Disney-Ceramics-Collection-Salt-Pepper-Figurine-Set-Evil-Queen-Snow-White-P001.jpg
000488.jpg,https://media-cdn.tripadvisor.com/media/photo-s/06/5a/12/52/sardines-with-pepper.jpg
000489.jpg,https://cdn.shopify.com/s/files/1/1840/2771/products/il_fullxfull.1821233932_t10p_800x.jpg?v=1560716806
000490.jpg,https://i.ytimg.com/vi/XCKW_jAAPMA/maxresdefault.jpg
000491.jpg,https://www.pure-flavor.com/wp-content/uploads/2018-6.14-Recipe-Cards-26-AuroraBoats-FB.jpg
000492.jpg,https://cucinaaurora.com/wp-content/uploads/2019/08/20190309_092518.jpg
000493.jpg,https://www.pure-flavor.com/wp-content/uploads/2018-6.14-RecipeCards-63-RoastedOrganicAuroraBites-TW.jpg
000494.jpg,https://s3-media0.fl.yelpcdn.com/bphoto/z9RBccwiP-DXHckz3r1zqA/ls.jpg
000495.jpg,https://media-cdn.tripadvisor.com/media/photo-s/10/db/96/bc/amuse-bouche-corn-foam.jpg
000496.jpg,https://blastedgoat.files.wordpress.com/2012/08/endofjuly-113.jpg?w=760
000497.jpg,https://s3-media0.fl.yelpcdn.com/bphoto/aNtomB-mxbAJRuQRN2UUow/ls.jpg
000498.jpg,https://media-cdn.tripadvisor.com/media/photo-s/0e/77/d5/91/baked-brie-with-pepper.jpg
000499.jpg,https://www.studiobathe.com/images/pictures/54351416-big.jpg
000500.jpg,https://pre00.deviantart.net/c097/th/pre/i/2019/169/6/f/pepper_and_auro_by_auroraveredalia-dd2ks3b.jpg
000501.jpg,https://s3-media1.fl.yelpcdn.com/bphoto/bKZ6nQVXZXKK4JWt1nUCpw/ls.jpg
000502.jpg,https://s3-media2.fl.yelpcdn.com/bphoto/xvaULryoioSvdPH4mlWthg/o.jpg
000503.jpg,https://media-cdn.tripadvisor.com/media/photo-s/0f/9c/f8/35/pepper-steak-and-sausage.jpg
000504.jpg,https://blastedgoat.files.wordpress.com/2012/08/prankypants-108.jpg
000505.jpg,https://media-cdn.tripadvisor.com/media/photo-s/18/3f/f2/41/una-de-las-ensaladas.jpg
000506.jpg,https://s3-media4.fl.yelpcdn.com/bphoto/0QDmE--IDDwxi39taxZBdQ/ls.jpg
000507.jpg,https://oldmotherdesign.files.wordpress.com/2012/04/donaaurora-pepperbag-roughs1.jpg
000508.jpg,https://s3-media2.fl.yelpcdn.com/bphoto/SdzhStIMmmL4f8rEUyXHpg/o.jpg
000509.jpg,https://www.chili-shop24.com/media/image/81/40/3c/9143_Chiuacle-Negro_600x600.jpg
000510.jpg,https://www.pepperscale.com/wp-content/uploads/2017/08/aurora-pepper.jpg
000511.jpg,https://pepperheadsforlife.com/wp-content/uploads/2015/02/aurora-pepper-scoville.jpg
000512.jpg,https://i.ytimg.com/vi/qoR5k_f9RSA/maxresdefault.jpg
000513.jpg,http://i.ebayimg.com/images/i/391735723587-0-1/s-l1000.jpg
000514.jpg,https://img1.etsystatic.com/042/0/7824311/il_570xN.506295491_mdi7.jpg
000515.jpg,http://img1.etsystatic.com/014/0/7824311/il_570xN.437685467_aqcr.jpg
000516.jpg,https://pics.davesgarden.com/pics/2010/05/27/semillas/4de5ca.jpg
000517.jpg,https://www.planetnatural.com/wp-content/uploads/2013/03/pepper-aurora.jpg
000518.jpg,http://chili-papricice.com/wp-content/uploads/2014/05/CAM00566_cr.jpg
000519.jpg,https://s-media-cache-ak0.pinimg.com/736x/b9/26/9b/b9269b81d42124b31d29fb1636bc9a1d.jpg
000520.jpg,https://images.bonanzastatic.com/afu/images/3289/6777/69/71hgnb1u9dl.jpg
000521.jpg,http://1.bp.blogspot.com/-SVlIYDlFnqU/TaalgMJ60cI/AAAAAAAAAN4/yqnWjK-IeZw/s1600/Aurora.jpg
000522.jpg,https://cdn1.bigcommerce.com/server700/5mvrqhbm/products/2199/images/150320/aurora-pepper__15382.1522257989.1280.1280.jpg
000523.jpg,http://pics.davesgarden.com/pics/2007/07/10/jenhillphoto/0ec105.jpg
000524.jpg,https://cdn.shopify.com/s/files/1/0955/4450/products/Aurora1_large.jpg
000525.jpg,http://studiobathe.com/images/pictures/39926070-big.jpg
000526.jpg,https://sharpredpencil.files.wordpress.com/2008/11/dsc003041.jpg
000527.jpg,http://www.studiobathe.com/images/pictures/75906629-medium.jpg
000528.jpg,https://cdn.shopify.com/s/files/1/0955/4450/products/Aurora2_large.jpg
000529.jpg,https://sharpredpencil.files.wordpress.com/2008/08/dsc00255.jpg
000530.jpg,https://sharpredpencil.files.wordpress.com/2008/08/dsc00254.jpg
000531.jpg,https://fromseedtotable.files.wordpress.com/2010/02/img_1118.jpg
000532.jpg,https://fromseedtotable.files.wordpress.com/2010/02/img_1122.jpg
000533.jpg,https://fromseedtotable.files.wordpress.com/2010/02/img_1120.jpg
000534.jpg,https://blastedgoat.files.wordpress.com/2013/04/aurorafirstflowerscollagecolorized.jpg
000535.jpg,https://fromseedtotable.files.wordpress.com/2010/02/img_1119.jpg
000536.jpg,https://sharpredpencil.files.wordpress.com/2008/08/dsc00264.jpg
000537.jpg,https://fromseedtotable.files.wordpress.com/2010/02/img_1121.jpg
000538.jpg,https://www.inapikle.com/wp-content/uploads/auroralifestylenewsite.jpg
000539.jpg,https://chili-pepper.com.ua/image/cache/catalog/Tovary/semena/Aurora1-500x500.jpg
000540.jpg,http://chili-papricice.com/wp-content/uploads/2014/05/CAM00567_cr.jpg
000541.jpg,http://chili-papricice.com/wp-content/uploads/2014/05/DSCN4774_cr.jpg
000542.jpg,https://shop-cdn-m.shpp.ext.zooplus.io/bilder/matelas/orthopdique/pawz/pepper/aurora/pour/chien/6/400/78424_petlando_pawzpepper_hundekissen_denver_hs_08_6.jpg
000543.jpg,http://chili-papricice.com/wp-content/uploads/2014/05/DSCN4897_cr.jpg
000544.jpg,http://chili-papricice.com/wp-content/uploads/2014/05/DSCN4775_cr.jpg
000545.jpg,https://sharpredpencil.files.wordpress.com/2008/08/dsc00260.jpg
000546.jpg,https://fromseedtotable.files.wordpress.com/2010/02/img_1117.jpg
000547.jpg,https://www.studiobathe.com/images/pictures/52355591-big.jpg
000548.jpg,https://i.pinimg.com/originals/f7/57/af/f757af26b343a791d696db28fee8566c.jpg
000549.jpg,http://s23805.pcdn.co/wp-content/uploads/2016/08/Kevin_Allen_Pepper_yellowknife_aurora_4.jpg
000550.jpg,https://oldmotherdesign.files.wordpress.com/2012/04/donaaurora-pepperbag-roughs1.jpg
000551.jpg,http://plants.thegrowingplace.com/Content/Images/Photos/F782-01.jpg
000552.jpg,https://pureflavor.files.wordpress.com/2013/08/mini-peppers-with-cousous.jpg
000553.jpg,https://www.inapikle.com/wp-content/uploads/aurorainsidenewsite.jpg
000554.jpg,http://studiobathe.com/images/pictures/81843299-big.jpg
000555.jpg,https://media-cdn.tripadvisor.com/media/photo-s/0e/77/d5/91/baked-brie-with-pepper.jpg
000556.jpg,https://experiencethemistress.com/wp-content/uploads/2018/01/2018-Enesco-Disney-Ceramics-Collection-Salt-Pepper-Figurine-Set-Maleficent-Aurora-P002.jpg
000557.jpg,https://www.inapikle.com/wp-content/uploads/aurorabacknewsite-2.jpg
000558.jpg,https://cdn.shopify.com/s/files/1/1693/8459/products/aurora-style-resin-rollerball-pen-in-black-pepper-with-silver-trim_553.jpg
000559.jpg,http://studiobathe.com/images/pictures/46488199-medium.jpg
000560.jpg,https://www.studiobathe.com/images/pictures/81843299-medium.jpg
000561.jpg,https://media.mediazs.com/bilder/1/800/78424_petlando_pawzpepper_hundekissen_denver_hs_05_1.jpg
000562.jpg,https://media.mediazs.com/bilder/7/800/78424_pla_petlando_pawzpepper_hundekissen_denver_7.jpg
000563.jpg,https://cdn.shopify.com/s/files/1/1693/8459/products/aurora-style-resin-rollerball-pen-in-black-pepper-with-silver-trim_312.jpg
000564.jpg,https://sharpredpencil.files.wordpress.com/2008/08/dsc00253.jpg
000565.jpg,https://experiencethemistress.com/wp-content/uploads/2018/03/2018-Enesco-Disney-Ceramics-Collection-Salt-Pepper-Figurine-Set-Maleficent-Aurora-003.jpg
000566.jpg,https://static.pepper.pl/live_pl/threads/thread_full_screen/default/174639_1.jpg
000567.jpg,https://experiencethemistress.com/wp-content/uploads/2018/01/2018-Enesco-Disney-Ceramics-Collection-Salt-Pepper-Figurine-Set-Maleficent-Aurora-P001.jpg
000568.jpg,http://www.studiobathe.com/images/pictures/55139425-big.jpg
000569.jpg,http://www.festivaleme.es/images/1212/11862087_55676.jpg
000570.jpg,http://1.bp.blogspot.com/-wjR1YIBdpkk/U0I2Yj0xNNI/AAAAAAAAAW8/m726IfXzdfo/s1600/cracked2.jpg
000571.jpg,https://shop-cdn-m.shpp.ext.zooplus.io/bilder/matelas/orthopdique/pawz/pepper/aurora/pour/chien/8/400/78424_petlando_pawzpepper_hundekissen_denver_hs_04_8.jpg
000572.jpg,https://cucinaaurora.com/wp-content/uploads/2014/06/img_product_oil_hot_pepper.jpg
000573.jpg,http://www.festivaleme.es/images/1212/11862087_55678.jpg
000574.jpg,https://www.gaudibarcelonashop.com/6984-thickbox_default/salt-and-pepper-set-trencadis-.jpg
000575.jpg,http://www.festivaleme.es/images/1212/11862087.jpg
000576.jpg,https://cucinaaurora.com/wp-content/uploads/2015/04/Edit_HP_1.jpg
000577.jpg,https://experiencethemistress.com/wp-content/uploads/2018/03/2018-Enesco-Disney-Ceramics-Collection-Salt-Pepper-Figurine-Set-Maleficent-Aurora-001.jpg
000578.jpg,http://i.ebayimg.com/images/i/400837205184-0-1/s-l1000.jpg
000579.jpg,https://s-media-cache-ak0.pinimg.com/736x/49/36/e5/4936e512a1e2a3b650c254868a656c60.jpg
000580.jpg,https://media-cdn.tripadvisor.com/media/photo-s/0f/fb/41/28/20170718-144232-largejpg.jpg
000581.jpg,http://www.strayedtable.com/wp-content/uploads/2013/03/strayedtable-8361.jpg
000582.jpg,http://www.2n2pd.com/image/cache/data/category_3/ryka-aurora-ankle-boots-in-jet-ink-blue-frost-grey-chili-pepper-magnetic-gold-wome-3083-500x500_0.jpg
000583.jpg,https://experiencethemistress.com/wp-content/uploads/2018/03/2018-Enesco-Disney-Ceramics-Collection-Salt-Pepper-Figurine-Set-Maleficent-Aurora-002.jpg
000584.jpg,https://cucinaaurora.com/wp-content/uploads/2015/04/NEWLABEL_Hot_Pepper_2018.jpg
000585.jpg,http://store-rbjgc-com.3dcartstores.com/assets/images/STB401.jpg
000586.jpg,https://cdn.shopify.com/s/files/1/2308/2473/products/large_1322_Front_1024x1024@2x.jpg
000587.jpg,https://www.picclickimg.com/d/l400/pict/312364826564_/Aurora-Maleficent-Salt-Pepper-Shaker-Disney-Sleeping-Beauty.jpg
000588.jpg,https://cucinaaurora.com/wp-content/uploads/2015/04/Edit_HP_2-e1527190167527.jpg
000589.jpg,https://2.bp.blogspot.com/-ngXz5s46jbs/WD8EfA1DbgI/AAAAAAAAIOo/g-90ucafG1E-u5W-FY7bdWQfo5B2-24kgCLcB/s1600/14.jpg
000590.jpg,https://images.homedepot-static.com/productImages/6aaf8255-aa94-4972-8e7e-0b771a6994cb/svn/studio-bathe-vanities-with-tops-aurora-63-white-quartz-64_1000.jpg
000591.jpg,http://cdn.shopify.com/s/files/1/0117/8252/0932/products/Ferris-Wheel-Press-Always-Right-Square-Notebook-Pebble-Grey-01_1200x1200.jpg
000592.jpg,https://cdnimg.webstaurantstore.com/images/products/extra_large/127722/1120238.jpg
000593.jpg,https://cucinaaurora.com/wp-content/uploads/2015/04/NEWLABEL_Closeup_HP_2018.jpg
000594.jpg,https://tshop.r10s.jp/gold/hunnyhunt/picture/Aurora-Style-blacksilver/style-blacksilver-1.jpg
000595.jpg,https://2.bp.blogspot.com/-rA2D-IEEOCM/WDDM4DhwoSI/AAAAAAAAC7o/w7PRRWVj9xU91LNJ05kjKGbj93Bgmi5cgCEw/s1600/November%2B18th%2BBlog%2BPost%2BPhoto%2BHeadshot_cropped.jpg
000596.jpg,https://i.pinimg.com/originals/66/9d/67/669d67a1fea5d06ec9f113c1a4bd64a2.jpg
000597.jpg,https://www.webstaurantstore.com/images/products/extra_large/127722/955568.jpg
000598.jpg,https://deauroradotorg.files.wordpress.com/2012/08/pepper-geniet-in-de-zon.jpg
000599.jpg,https://hotworldreport.com/wp-content/uploads/2019/10/ccelebritiesaurora-perrineau_ftr.jpg
000600.jpg,https://s3.amazonaws.com/bucket2.mburgerchicago.com/wp-content/uploads/M-Burger_Lollapalozza-2018-81.jpg
000601.jpg,https://auroratown.files.wordpress.com/2016/11/november-18th-blog-post-photo-sitting-6a_cropped.jpg
000602.jpg,https://c1.staticflickr.com/3/2658/3815041445_baee21e25d.jpg
000603.jpg,https://cdnimg.webstaurantstore.com/images/products/extra_large/127722/1120203.jpg
000604.jpg,https://i.pinimg.com/736x/66/9d/67/669d67a1fea5d06ec9f113c1a4bd64a2--condiment-sets-deco-glass.jpg
000605.jpg,https://stepoutbuffalo.com/wp-content/uploads/2019/10/68979450_1280882205412594_1996302590182162432_n.jpg
000606.jpg,http://chronicleillinois.com/wp-content/uploads/2017/09/Illinois-090617-beatles-bbq-PHOTO-3.jpg
000607.jpg,https://chronicleillinois.com/wp-content/uploads/2017/09/Illinois-090617-beatles-bbq-PHOTO-4.jpg
000608.jpg,http://i.dawn.com/large/2019/10/5dad20f7c6c72.jpg
000609.jpg,https://cdn.popmenu.com/image/upload/c_limit,e_blur:1000,f_auto,h_678,q_1,w_678/gfgd637nisds0c81reek.jpg
000610.jpg,https://cdn.popmenu.com/image/upload/c_limit,e_blur:1000,f_auto,h_678,q_1,w_678/ogvkgxmvvwsuizb8cply.jpg
000611.jpg,https://cdn.popmenu.com/image/upload/c_limit,e_blur:1000,f_auto,h_678,q_1,w_678/tlkzwad6x6btwxkyhro3.jpg
000612.jpg,https://deauroradotorg.files.wordpress.com/2012/07/pepper-geniet-in-de-zon.jpg
000613.jpg,https://i.pinimg.com/originals/77/f6/3e/77f63e05491d5e2cbde2a9f314bc05aa.jpg
000614.jpg,https://auroratown.files.wordpress.com/2016/11/november-18th-blog-post-photo-headshot_cropped.jpg
000615.jpg,http://chronicleillinois.com/wp-content/uploads/2017/09/Illinois-090617-beatles-bbq-PHOTO-1.jpg
000616.jpg,http://chronicleillinois.com/wp-content/uploads/2017/09/Illinois-090617-beatles-bbq-PHOTO-5.jpg
