image,source
000001.jpg,https://edge.bonnieplants.com/www/uploads/20180920004018/hot-banana-pepper.jpg
000002.jpg,https://edge.bonnieplants.com/www/uploads/20180920004003/sweet-banana-pepper.jpg
000003.jpg,https://upload.wikimedia.org/wikipedia/commons/2/24/Banana_Peppers_%28Armenia%29.jpg
000004.jpg,https://cdn.shopify.com/s/files/1/0871/0950/products/SweetBananapeppers_1024x1024.jpg?v=1548196329
000005.jpg,https://images-na.ssl-images-amazon.com/images/I/71VBw5RFQ4L._SX425_.jpg
000006.jpg,https://www.chilipeppermadness.com/wp-content/uploads/2019/05/Pepperonici-vs-Banana-Peppers.jpg
000007.jpg,https://resize.hswstatic.com/w_907/gif/banana-peppers-update.jpg
000008.jpg,https://images-na.ssl-images-amazon.com/images/I/51EFoowjyrL._SX466_.jpg
000009.jpg,https://cdn.shopify.com/s/files/1/0972/6282/products/sweet-banana-pepper-heirloom-72-days-vegetables-pinetree-garden-seeds_173_2000x.jpg?v=1542805898
000010.jpg,https://d1nw62gticy6e9.cloudfront.net/uploads/Sweet-Banana-Pepper-Seed1.jpg
000011.jpg,https://images.squarespace-cdn.com/content/v1/54ddaa05e4b0693c885f2a2b/1445973107675-OB106JEFKKGHF4VXHGD5/ke17ZwdGBToddI8pDm48kBUDAxm-FLUF-OJf9moK1kV7gQa3H78H3Y0txjaiv_0fDoOvxcdMmMKkDsyUqMSsMWxHk725yiiHCCLfrh8O1z5QPOohDIaIeljMHgDF5CVlOqpeNLcJ80NK65_fV7S1URzDHGtl4Yz7OAuRMpzZXVIgRcZdFqwmTmycMCwX3Hxw3WUfc_ZsVm9Mi1E6FasEnQ/image-asset.png
000012.jpg,https://img-aws.ehowcdn.com/350x235p/photos.demandstudios.com/getty/article/151/213/78369049_XS.jpg
000013.jpg,https://i.ebayimg.com/images/g/dZ4AAOSwjtZbtjIL/s-l300.jpg
000014.jpg,https://cdnimg.webstaurantstore.com/images/products/large/151854/1485466.jpg
000015.jpg,http://www.specialtyproduce.com/sppics/9891.png
000016.jpg,https://www.pepperscale.com/wp-content/uploads/2015/01/banana-pepper-1-768x576.jpg
000017.jpg,https://hosstools.com/wp-content/uploads/gold-rush-banana-pepper-768x516.jpg
000018.jpg,https://d2lnr5mha7bycj.cloudfront.net/product-image/file/large_beb8d767-f6cb-4785-bd22-3a2de287fbb1.jpg
000019.jpg,https://www.rareseeds.com/assets/1/14/DimRegular/Pepper-Sweet-Sweet-Banana-IMG_5150.jpg
000020.jpg,http://www.southernexposure.com/images/large/sweet-banana-pepper_LRG.jpg
000021.jpg,https://cdn.shopify.com/s/files/1/0089/1562/products/Pepper_-_Banana_Yellow_seeds.jpg?v=1456975606
000022.jpg,https://www.pepperscale.com/wp-content/uploads/2016/01/Pickled-Banana-Peppers-e1456689069665.jpeg
000023.jpg,https://www.chilipeppermadness.com/wp-content/uploads/2019/08/Banana-Peppers2.jpg
000024.jpg,https://www.deckerrdseeds.com/wp-content/uploads/2018/02/peppers-1170803_1920.jpg
000025.jpg,https://peasandcrayons.com/wp-content/uploads/2018/08/easy-fridge-pickled-banana-peppers-recipe-6355.jpg
000026.jpg,https://marconi-foods.com/wp-content/uploads/2017/03/Peppers-Banana-Rings.jpg
000027.jpg,https://images-na.ssl-images-amazon.com/images/I/51n4m9OOcRL._SX425_.jpg
000028.jpg,https://smhttp-ssl-17653.nexcesscdn.net/media/catalog/product/cache/1/thumbnail/9df78eab33525d08d6e5fb8d27136e95/2/3/236_pepper_sweet_banana-web.jpg
000029.jpg,https://www.americanseedco.com/wp-content/uploads/2013/07/Peppers-Sweet-Banana.jpg
000030.jpg,https://q7i2y6d5.stackpathcdn.com/wp-content/uploads/2012/05/banana-peppers-400x266.jpg
000031.jpg,https://kitchen-8c63.kxcdn.com/wp-content/uploads/pickled-pepperoncini-peppers.jpg
000032.jpg,https://www.growjoy.com/store/pc/catalog/sweet_banana_pepper_plant_1942_detail.jpg
000033.jpg,https://images.homedepot-static.com/productImages/253b7c0c-e504-4a42-8989-c144227f20eb/svn/ferry-morse-vegetable-herb-seeds-2054-64_1000.jpg
000034.jpg,https://www.tastefulgarden.com/images/garden/banana-peppers650_md.jpg
000035.jpg,https://target.scene7.com/is/image/Target/GUEST_43c2fab6-3a64-4de6-a8a9-4210801cb4dc?wid=488&hei=488&fmt=pjpeg
000036.jpg,https://cdn11.bigcommerce.com/s-6t88ehx/images/stencil/1280x1280/products/145/328/a64739f13f532cf6f89d30_l__50335.1382981119.JPG?c=2&imbypass=on
000037.jpg,https://cdnimg.webstaurantstore.com/images/products/large/2434/1828025.jpg
000038.jpg,https://www.edenbrothers.com/store/media/Seeds-Vegetables/resized/SVPEP128-1_medium.jpg
000039.jpg,https://www.pepperscale.com/wp-content/uploads/2015/07/banana-pepper-substitute-768x512.jpg
000040.jpg,https://cdn.shopify.com/s/files/1/2630/8280/products/7eac13f51941ac101136a72e9deafbb3_800x.jpg?v=1512949266
000041.jpg,https://cdn11.bigcommerce.com/s-f6cx4kq/images/stencil/1280x1280/products/86/1087/banana_pepper__03874.1549137754.jpg?c=2&imbypass=on
000042.jpg,https://www.aerogarden.com/media/catalog/product/optimized/a/7/a7ed9bac4c997edf9ec7962daaaf1aec/02_banana_peppers_swatch_800_2.1556736301.jpg
000043.jpg,https://www.greenmylife.in/wp-content/uploads/2016/07/GMLHLSD081_New.jpg
000044.jpg,http://starkist.com/sites/default/files/recipes/stuffed_banana_peppers.jpg
000045.jpg,https://cdn10.bigcommerce.com/s-2drwt2az/products/6811/images/51669/sweet-banana-pepper__06248.1493260661.1280.1280.jpg?c=2
000046.jpg,https://media.buzzle.com/media/images-en/gallery/vegetables/1200-609801-banana-peppers-and-pepperoncini.jpg
000047.jpg,http://doyoucookwithme.com/wp-content/uploads/2017/10/pepperoncini-vs-banana-peppers.jpg
000048.jpg,https://www.elenasgarden.ca/image/cache/catalog/Other%20veggies/HotBananaPepper-550x550w.jpg
000049.jpg,https://www.mtolivepickles.com/wp-content/uploads/2014/10/00101_12_HotBananaPepperRings.jpg
000050.jpg,https://balconygardenweb-lhnfx0beomqvnhspx.netdna-ssl.com/wp-content/uploads/2015/11/how-to-grow-banana-pepper_mini.jpg
000051.jpg,https://www.chilipeppermadness.com/wp-content/uploads/2019/08/Banana-Peppers3.jpg
000052.jpg,https://www.mrshappyhomemaker.com/wp-content/uploads/2018/07/banana-peppers-3-2-700x464.jpg
000053.jpg,https://www.magicgardenseeds.com/pics/mgs/1157/1000/Hot-Banana-Pepper-(Capsicum-annuum).jpg
000054.jpg,https://cdn11.bigcommerce.com/s-a9b4a/images/stencil/1024x1024/products/1407/4065/Sweet_Banana_Pepper__08283.1549402670.jpg?c=2
000055.jpg,https://cdn.shopify.com/s/files/1/0860/2016/products/SWEET_BANANA_1024x1024.jpg?v=1538948485
000056.jpg,https://www.jungseed.com/images/popup/03217.jpg
000057.jpg,https://www.gardenhoard.com/media/catalog/product/cache/1/image/650x/040ec09b1e35df139433887a97daa66f/2/0/20180825_090937.jpg
000058.jpg,https://theseedguy.net/141/sweet-banana-pepper.jpg
000059.jpg,https://thegreenbasket.com/wp-content/uploads/2018/06/Banana-Peppers.jpeg
000060.jpg,https://www.stclareseeds.com/garden-help/wp-content/uploads/2016/07/Pepper-Sweet-Sweet-Banana-5-e1524917326861.jpg
000061.jpg,https://www.sproutabl.com/wp-content/uploads/2017/01/When-To-Pick-Banana-Peppers.png
000062.jpg,https://previews.123rf.com/images/rifad/rifad1801/rifad180100009/93331746-banana-pepper-yellow-wax-pepper-or-banana-chili-isolated-on-white-background.jpg
000063.jpg,https://www.burpee.com/dw/image/v2/ABAQ_PRD/on/demandware.static/-/Sites-masterCatalog_Burpee/default/dwd0e3a8a7/Images/Product%20Images/prod000821/prod000821.jpg?sw=320&sh=378&sm=fit
000064.jpg,https://cdnimg.webstaurantstore.com/images/products/large/151959/1828234.jpg
000065.jpg,https://i.ytimg.com/vi/fQFspllk8rs/maxresdefault.jpg
000066.jpg,https://www.magicgardenseeds.com/pics/mgs/1163/1000/Sweet-Banana-Pepper-(Capsicum-annuum).jpg
000067.jpg,https://www.seedsnsuch.com/wp-content/uploads/2018/11/Pep_Sweet-Banana-O-P_cmyk-1.jpg
000068.jpg,https://previews.123rf.com/images/cboswell/cboswell1803/cboswell180300235/98406784-tiny-flowering-buds-adorn-the-banana-pepper.jpg
000069.jpg,https://i.ebayimg.com/images/g/~0MAAOxyFiRRy5MN/s-l400.jpg
000070.jpg,https://mobileimages.lowes.com/product/converted/715339/715339011145.jpg?size=xl
000071.jpg,https://cdn11.bigcommerce.com/s-q1qpuo8ch5/images/stencil/2048x2048/products/899/495/hot-banana__97321.1554216017.jpg?c=2
000072.jpg,https://www.attainable-sustainable.net/wp-content/uploads/2017/08/banana-pepper-hot-sauce-2.jpg
000073.jpg,https://zy64w3m6dig386jr7n3yu1hi-wpengine.netdna-ssl.com/wp-content/uploads/2014/10/00102_12_MildBananaPepperRings_BACK-600x800.jpg
000074.jpg,https://www.meijer.com/content/dam/meijer/product/0071/37/3379/62/0071373379623_1_A1C1_1200.png
000075.jpg,http://rahiseedbank.com/wp-content/uploads/2014/07/a11.jpg
000076.jpg,https://www.seedsnsuch.com/wp-content/uploads/2018/11/Pep_Hungarian_YellowHotWax_cmyk-1.jpg
000077.jpg,https://www.veggiegardener.com/wp-content/uploads/sites/3/2009/06/bananapepper_harvest1.png
000078.jpg,https://i.etsystatic.com/7255623/r/il/a4b769/1707203850/il_570xN.1707203850_mij1.jpg
000079.jpg,https://static.wixstatic.com/media/4b64ea_c1ca7e810b00433e8a5a5d1e12836a13.jpg/v1/fill/w_304,h_500,al_c,lg_1,q_85/4b64ea_c1ca7e810b00433e8a5a5d1e12836a13.jpg
000080.jpg,https://parade.com/wp-content/uploads/2018/04/banana-peppers.jpg
000081.jpg,https://www.neseed.com/wp-content/uploads/2016/08/32390-Sweet-Banana-Sweet-Hungarian-Pepper.jpg
000082.jpg,https://www.tipsbulletin.com/wp-content/uploads/2019/06/canning-banana-peppers-t1.jpg
000083.jpg,https://static.artfire.com/uploads/mfs/items/90/a6/large/90a68a97a7321526f40823f4f08c6e1baeb4d12f48729859f7874337e9f52fed.jpg
000084.jpg,https://i0.wp.com/apniroots.com/wp-content/uploads/2017/04/IMG_0002_bg_banana-peppers_1lb_front_apniroots_indian-grocery-online_-2.jpg?fit=756%2C1008&ssl=1
000085.jpg,https://www.everwilde.com/media/1000/resized/Sweet-Banana-Sweet-Pepper_medium.gif
000086.jpg,https://www.garden.eco/wp-content/uploads/2018/03/when-to-pick-banana-peppers.jpg
000087.jpg,https://www.ntfoods.com/media/catalog/product/cache/1/image/650x/040ec09b1e35df139433887a97daa66f/5/3/5391bpm_banana_peppers_mild_1.jpg
000088.jpg,https://comps.canstockphoto.com/banana-pepper-plant-in-the-garden-pictures_csp33411884.jpg
000089.jpg,https://d1nw62gticy6e9.cloudfront.net/uploads/20161114211814/Sweet-Banana-Pepper-Seeds.jpg
000090.jpg,https://www.sustainableorganicq8.com/wp-content/uploads/2018/12/3080i_Pepper-Sweet-Banana-ORG.jpg
000091.jpg,https://s3.amazonaws.com/cdn0.gurneys.com/images/500/14887A.jpg
000092.jpg,http://cdn.shopify.com/s/files/1/1270/2601/products/Glen_Seeds_Heirloom_Chillies_-_Sweet_Banana_1_grande.jpg?v=1481179658
000093.jpg,http://www.seedgeeks.com/store/image/cache/data/product/vegetables/peppers/sweet/pepper.sweet.banana3-500x500_0.jpg
000094.jpg,https://growappalachia.berea.edu/wp-content/uploads/2015/06/pepper-sweet-banana-plant-1.jpg
000095.jpg,http://windyhillfarmstead.com/uploads/1/0/8/0/108090863/s999689831610214750_p17_i1_w279.png
000096.jpg,https://static-01.daraz.pk/p/93e2578dd06512f1dd5aa248f527dcf0.jpg_340x340q80.jpg_.webp
000097.jpg,https://images-na.ssl-images-amazon.com/images/I/61ihehwL%2B-L._SX425_.jpg
000098.jpg,http://cdn.shopify.com/s/files/1/0679/7951/products/Sweet-Pepper-Banana-79851_grande.jpeg?v=1420023028
000099.jpg,https://viridishortus.co.uk/WebRoot/Store10/Shops/70aa2b8f-78d4-4174-8951-a251ae9a4f33/5528/F108/9651/12FF/2229/0A48/3523/F978/Pepper_Sweet_Banana_m.jpg
000100.jpg,https://isteam.wsimg.com/ip/03b52b38-8644-11e4-b672-14feb5da1938/ols/80_original/:/rs=w:600,h:600
000101.jpg,http://pantrygardenherbs.azurewebsites.net/wp-content/uploads/2016/12/Pepper-Hungarian-Hot-Banana-e1481644018414.jpg
000102.jpg,https://ultimatepicklejar.com/wordpress/wp-content/uploads/2017/06/tn_100_1359.jpg
000103.jpg,https://all-americaselections.org/wp-content/uploads/2016/10/Pepper_SweetSunsetF1-AAS2015-3-logo.jpg
000104.jpg,https://www.barewalls.com/comp/art-print-poster/bwc7326533/hungarian-wax-or-hot-banana-peppers-on-display.jpg?units=in&ph=10.0&pw=8.0&fit=False
000105.jpg,https://i2.wp.com/frobergsfarm.com/wp-content/uploads/2016/05/Hot-Banana-Pepper.jpg?ssl=1
000106.jpg,https://www.culturesforhealth.com/learn/wp-content/uploads/2016/04/Lacto-fermented-Banana-Peppers_header_01.jpg
000107.jpg,https://s3.amazonaws.com/openfarm-project/production/media/pictures/attachments/593b2deaa2f58400040000ba.jpg?1497050597
000108.jpg,https://chilliworkshop.co.uk/wp-content/uploads/2018/09/Banana-pepper.gif
000109.jpg,https://www.healthbenefitstimes.com/9/uploads/2016/08/Banana-pepper-Capsicum-anuum.jpg
000110.jpg,https://i5.walmartimages.com/asr/9f7649ae-9c0c-40e2-84a2-b1a31e646329_1.d9b42191b2c4e1fd948ecffde397ee90.jpeg?odnHeight=450&odnWidth=450&odnBg=FFFFFF
000111.jpg,https://images.fineartamerica.com/images/artworkimages/mediumlarge/2/basket-of-banana-peppers-dene-brock.jpg
000112.jpg,https://www.cuisinevault.com/wp-content/uploads/2018/10/Pepperoncini-vs-Banana-Pepper.jpg
000113.jpg,https://3.imimg.com/data3/OY/LE/MY-1277212/banana-pepper-pickles-500x500.jpg
000114.jpg,https://i.redd.it/j2m4p1tzppw01.jpg
000115.jpg,https://mamainthemidst.com/wp-content/uploads/2018/09/5A008918-1C4B-4A4E-A4B6-EF0C47B14152-1024x685.jpeg
000116.jpg,https://previews.123rf.com/images/maicyber/maicyber1804/maicyber180400003/99427995-closed-up-banana-pepper-paprika-or-garden-pepper-on-crop.jpg
000117.jpg,https://www.magicgardenseeds.com/pics/mgs/CAP19/1/1000/Hungarian-Hot-Wax-banana-pepper-(Capsicum-annuum)-organic_1.jpg
000118.jpg,https://www.wikihow.com/images/thumb/f/f3/Preserve-Sweet-Banana-Peppers-Step-1.jpg/v4-460px-Preserve-Sweet-Banana-Peppers-Step-1.jpg.webp
000119.jpg,https://images.fineartamerica.com/images-medium-large-5/hot-banana-pepper-gary-henderson.jpg
000120.jpg,https://www.garden.eco/wp-content/uploads/2018/03/how-to-freeze-banana-peppers.jpg
000121.jpg,https://www.rareseeds.com/assets/1/14/DimRegular/Pepper-Sweet-Sweet-Banana-IMG_5142.jpg
000122.jpg,https://www.littledairyontheprairie.com/wp-content/uploads/2013/09/Slow-cooker-roast-Just-right-flavors-from-the-banana-peppers.jpg
000123.jpg,https://static.artfire.com/uploads/mfs/items/f7/53/large/f753c5809d2173425c0129ee55c0de69cf41aa7536017c6860c045afe3e1810e.jpg
000124.jpg,https://www.closetcooking.com/wp-content/uploads/2010/07/Roasted-Banana-Pepper-and-Feta-Salad-500.jpg
000125.jpg,https://hearthandvine.com/wp-content/uploads/2019/02/hot-banana-pepper-dip-serving-dish-720x405.jpg
000126.jpg,https://www.gandgpeppers.com/wp-content/uploads/2018/05/GoodBanana-300x276.jpg
000127.jpg,https://cmkt-image-prd.freetls.fastly.net/0.1.0/ps/303579/910/728/m2/fpnw/wm1/tuzniemzethq28llpzkbgmjhh8znuw1mpjb6ygc2qpzledorq0umvwku9l7w7rfc-.jpg?1421204326&s=13f44c2e5802705e4b2a3202ae98f245
000128.jpg,https://growincrazyacres.com/wp-content/uploads/2018/10/hot-banana2.jpg
000129.jpg,https://media.istockphoto.com/photos/shishito-and-banana-peppers-harvest-picture-id865284044
000130.jpg,https://static.wixstatic.com/media/d70aab_09bdafc4b421460abc628f27d92e24f2~mv2.jpg/v1/fit/w_498,h_331,q_90/file.jpg
000131.jpg,https://backyardworkshop-855d.kxcdn.com/wp-content/uploads/2017/01/When-to-Pick-Banana-Peppers-768x407.jpg
000132.jpg,https://i.ebayimg.com/images/g/WdQAAOSwcmBbVVIH/s-l400.jpg
000133.jpg,https://www.thekitchenwhisperer.net/wp-content/uploads/2018/07/Spicy-3-Meat-Banana-Pepper-Meatballs3.jpg
000134.jpg,https://images.fineartamerica.com/images/artworkimages/mediumlarge/1/baby-lizard-riding-a-banana-pepper-marty-ore.jpg
000135.jpg,https://www.seedsnsuch.com/wp-content/uploads/2018/11/Pep_Pageant_Sweet_Banana_Hybrid_cmyk-1.jpg
000136.jpg,https://cdn.cookymommy.com/wp-content/uploads/2017/09/pepperoncini-vs-banana-peppers.png
000137.jpg,https://i1.wp.com/homesteadandchill.com/wp-content/uploads/2019/08/refrigerator-pickled-peppers-recipe-feature.jpeg?resize=1140%2C855&ssl=1
000138.jpg,http://4.bp.blogspot.com/-4tOTQfeWakc/TnYgXNjeuhI/AAAAAAAAClY/hWkk5V2ZW2M/s1600/Raccoon+River+Trail%252C+garden%252C+carrots%252C+banana+bars%252C+banana+pepper+033.jpg
000139.jpg,https://i.etsystatic.com/6766152/r/il/ff563f/698673896/il_570xN.698673896_dmnl.jpg
000140.jpg,https://www.salisburypost.com/wp-content/uploads/2019/07/0723-food-banana-peppers-622x350.jpg
000141.jpg,https://www.thecountrycook.net/wp-content/uploads/2016/08/EASY-PICKLED-BANANA-PEPPERS-6.jpg
000142.jpg,https://cdn11.bigcommerce.com/s-ot1s2k/images/stencil/500x500/products/78/504/hot_pepper__83552.1446172877.png?c=2
000143.jpg,https://www.naturesproduce.com/wp-content/uploads/2018/09/prod19.jpg
000144.jpg,https://lh3.ggpht.com/-gsFyIP4D-1tMC1nrMxB08QQlv-ZPIhUFBvnEEdV5TAQVEY-iibMinnRnlOxMu71rYbPQgmQGdSRlri4zW0o=s580
000145.jpg,https://www.village-bakery.com/wp-content/uploads/2018/09/Banana-Pepper-vs-Pepperoncini-1280x720.jpg
000146.jpg,https://www.hellofreshuganda.com/wp-content/uploads/2019/06/banana-pepper-raajo-600x600.jpg
000147.jpg,https://img-aws.ehowcdn.com/350x235p/photos.demandstudios.com/getty/article/129/210/55842663_XS.jpg
000148.jpg,https://i.ytimg.com/vi/OH04tRSKVw4/hqdefault.jpg
000149.jpg,https://media.gettyimages.com/photos/banana-pepper-and-two-bell-peppers-picture-id590729242?s=612x612
000150.jpg,http://www.amariahexports.com/img/products/vegetables/Capcicum3.jpg
000151.jpg,https://www.thespruceeats.com/thmb/0SGd2pf6RiZs0F0LHzSmMmGMOuQ=/6048x3402/smart/filters:no_upscale()/banana-peppers-on-wrought-iron-table-top-157644354-59a34caa685fbe00101d17dd.jpg
000152.jpg,https://advancelocal-adapter-image-uploads.s3.amazonaws.com/image.al.com/home/bama-media/width2048/img/living_impact/photo/15833680-large.jpg
000153.jpg,https://static.wixstatic.com/media/ef986e_bc66ee12341a4800a2b84a56d9d45fa3~mv2.jpg/v1/fill/w_480,h_516,al_c,q_85,usm_0.66_1.00_0.01/ef986e_bc66ee12341a4800a2b84a56d9d45fa3~mv2.jpg
000154.jpg,https://growincrazyacres.com/wp-content/uploads/2014/06/Sweet-Hungarian-Banana-Pepper.jpg
000155.jpg,https://migardener.com/wp-content/uploads/images/products/p-1650-349048745.jpg
000156.jpg,https://image.shutterstock.com/image-photo/banana-pepper-paprika-garden-chili-260nw-506756092.jpg
000157.jpg,https://c1.staticflickr.com/9/8313/7989371731_995175a23a_b.jpg
000158.jpg,https://chilli-seedz.com/wp-content/uploads/2015/10/Banana-Pepper-Plant-900x900.jpg
000159.jpg,https://kitchen-8c63.kxcdn.com/wp-content/uploads/pepperoncini-vs-banana-peppers.jpg
000160.jpg,https://images.eatthismuch.com/site_media/img/2583_ldementhon_34d3981c-d02c-4493-8dcd-94edf7ec38e3.jpg
000161.jpg,https://www.tarladalal.com/members/9306/big/big_banana_pepper_wafers-8901.jpg
000162.jpg,https://cdn.influenster.com/media/product/image/090cd2af-348b-4c07-8324-41f71e4302c8.png.750x750_q85ss0_progressive.png
000163.jpg,https://t7-live-fsmn.nyc3.cdn.digitaloceanspaces.com/friendsschoolplantsale.com/files/images/variety/v-pepper-sweet-banana-gr.jpg
000164.jpg,https://dingo.care2.com/pictures/greenliving/1411/1410140.large.jpg
000165.jpg,https://assets3.thrillist.com/v1/image/2823041/size/gn-gift_guide_variable_c;jpeg_quality=20.jpg
000166.jpg,https://www.giulianopeppers.com/wp-content/uploads/2017/05/MildBananaWaxPeppers.png
000167.jpg,https://www.sharycherry.com/wp-content/uploads/2019/06/Banana-pepper-similar-to-the-banana-550x413.jpg
000168.jpg,https://us.cavendishfarms.com/globalassets/foodservice/products/us/cavendish-farms-app/5621017102_product.jpg
000169.jpg,https://lovebackyard.com/wp-content/uploads/2017/04/When-To-Pick-Banana-Peppers.jpg
000170.jpg,https://c8.alamy.com/comp/XDH6JD/banana-pepper-or-yellow-wax-pepper-plant-in-the-garden-XDH6JD.jpg
000171.jpg,https://mylifecookbook.com/wp-content/uploads/2015/07/Hot-Stuffed-Banana-Pepper-Pasta-F-500x375.jpg
000172.jpg,https://img-aws.ehowcdn.com/877x500p/s3.amazonaws.com/cme_public_images/www_ehow_com/photos.demandstudios.com/25/110/fotolia_3597117_XS.jpg
000173.jpg,https://www.wegmans.com/content/dam/wegmans/products/618/43618.jpg
000174.jpg,https://images-na.ssl-images-amazon.com/images/I/81o9gsyek2L._SL1500_.jpg
000175.jpg,https://donaskitchen.com/wp-content/uploads/2017/12/pepperoncini-vs-banana-pepper.jpg
000176.jpg,https://kitchenbyte-8e1f.kxcdn.com/wp-content/uploads/pepperoncini-vs-banana-pepper-The-Differences-1020x510.jpg
000177.jpg,https://i1.wp.com/gatherforbread.com/wp-content/uploads/2013/07/Cheese-Stuffed-Banana-Peppers-7.jpg?resize=683%2C1024&ssl=1
000178.jpg,https://st3.depositphotos.com/1005353/16966/i/1600/depositphotos_169667382-stock-photo-banana-pepper-background.jpg
000179.jpg,https://galbanicheese.com/wp-content/uploads/2017/06/RB_Stuffed-Hot-Pepper-Mac-Cheese_RGB-e1497556999183-910x1024.jpg
000180.jpg,https://i2.wp.com/www.flavorfuleats.com/wp-content/uploads/2018/07/1-with-title.jpg?resize=550%2C413
000181.jpg,https://i2.wp.com/www.jillsjam.com/wp-content/uploads/2018/01/Sweet-Pickled-Banana-Pepper-Rings.jpg?fit=3490%2C3490&ssl=1
000182.jpg,https://media.npr.org/assets/img/2011/07/05/arugulapizza_custom-41e50ccfd6747998b9b5452d5d93518e0ab06598-s800-c85.jpg
000183.jpg,https://thefamilyfreezer.com/wp-content/uploads/2013/09/Slow-Cooker-Banana-Pepper-Shredded-Beef-Recipe.jpg
000184.jpg,http://www.gardenersnet.com/vegetable/pics/banana-pepper-plants-2016-01.jpg
000185.jpg,https://www.thecountrycook.net/wp-content/uploads/2016/08/Garden-Fresh-Pickled-Banana-Peppers-779x1025.jpg
000186.jpg,https://www.darrengygihomecollection.com/wp-content/uploads/2017/06/65-Banana-Peppers.jpg
000187.jpg,https://www.blessthismessplease.com/wp-content/uploads/2017/08/how-to-pickle-peppers-2.jpg
000188.jpg,https://portalvhds26k4f5tktj3ck.blob.core.windows.net/spotpics/sp43882.jpg
000189.jpg,https://i.redd.it/65ezlzpd9e411.jpg
000190.jpg,https://www.gardenoid.com/wp-content/uploads/2017/05/How-To-Grow-Banana-Peppers-From-Seeds.jpg
000191.jpg,http://2.bp.blogspot.com/-EcT_iXaaKYE/Ul_mlIhVwkI/AAAAAAAADZM/wR_yxzAiDLQ/s1600/pepper+banana.jpg
000192.jpg,https://1.bp.blogspot.com/-evGQqW3YDR0/XUCcnWo5YjI/AAAAAAAAPeU/cbXNKuRkwhc_oTJMoIiAPrFREBbRWhXHQCLcBGAs/s1600/how%2Bto%2Bpickle%2Bbanana%2Bpeppers2.jpg
000193.jpg,https://olico.it/412-thickbox_default/banana-bio-pepper-powder-12-gr.jpg
000194.jpg,http://gentlemanathome.com/wp-content/uploads/2013/08/IMG_8598-Main.jpg
000195.jpg,https://c8.alamy.com/comp/PGP6T6/banana-pepper-yellow-wax-pepper-banana-chili-pepper-on-the-vine-and-growing-beautifully-at-wagner-farm-community-garden-in-glenview-illinois-usa-PGP6T6.jpg
000196.jpg,http://i2.wp.com/cali-zona.com/wp-content/uploads/2013/07/3U9A0788-1.jpg
000197.jpg,https://media.buzzle.com/media/images-en/gallery/recipes/others/1200-503731482-green-banana-peppers.jpg
000198.jpg,https://simplelifemom.com/wp-content/uploads/2012/09/101_1789-e1403804847362.jpg
000199.jpg,https://rukminim1.flixcart.com/image/832/832/jc5458w0/plant-seed/z/a/u/10-hungarian-hot-wax-banana-pepper-seeds-national-gardens-original-imaffc2kef4hfmga.jpeg?q=70
000200.jpg,https://gpnmag.com/wp-content/uploads/2018/05/Pepper-Lola-sweet-banana-type-5-Sakata.jpg
000201.jpg,https://www.indianapolisorchard.com/wp-content/uploads/2014/02/state-fair-2011-1911.jpg
000202.jpg,https://tastypreservation.com/wp-content/uploads/2019/10/how-to-can-banana-peppers-2-e1570268821225-750x500.jpg
000203.jpg,https://img.thrfun.com/img/096/245/freezing_banana_peppers_x1.jpg
000204.jpg,https://i1.wp.com/wholegreens.me/wp-content/uploads/2016/07/raw-banana-pepper-fry2.jpg?resize=665%2C443&ssl=1
000205.jpg,https://vanillaandbean.com/wp-content/uploads/2018/10/waxpeppers-6.jpg
000206.jpg,https://image.freepik.com/free-photo/red-orange-green-chili-peppers-banana-pepper-paprika-garden-pepper-chili-plant-red-pepper-spanish-pepper-sweet-pepper_1391-244.jpg
000207.jpg,https://vignette.wikia.nocookie.net/recipes/images/4/4f/Banana_peppers.jpg/revision/latest?cb=20100715171610
000208.jpg,https://c7.uihere.com/files/520/241/282/bell-pepper-banana-pepper-chili-pepper-anaheim-pepper-yellow-pepper-png-image.jpg
000209.jpg,http://www.gardenfreshfoodie.com/wp-content/uploads/2014/08/Picking-Banana-Peppers.jpg
000210.jpg,http://sweetbasilandblackberry.com/wp-content/uploads/2016/09/Pickled-banana-peppers-2.jpg
000211.jpg,https://pics.davesgarden.com/pics/2005/12/21/aries44/4ef352.jpg
000212.jpg,https://img-aws.ehowcdn.com/640x425/s3-us-west-1.amazonaws.com/contentlab.studiod/getty/cache.gettyimages.com/3fc3ea5f79d44a46a0890a7b266df450.jpg
000213.jpg,https://i.ebayimg.com/images/g/mnUAAOSwehZZ-0Jf/s-l640.jpg
000214.jpg,http://i56.photobucket.com/albums/g188/winedrinker/Peppers012.jpg
000215.jpg,https://www.humeseeds.com/ppr_y.jpg
000216.jpg,https://image.shutterstock.com/image-photo/yellow-banana-pepper-on-green-260nw-1124026079.jpg
000217.jpg,https://i.pinimg.com/originals/42/03/89/420389699167701ad4aca35baa0aafac.jpg
000218.jpg,https://www.hillcrestnursery.com/_ccLib/image/plants/DETA-10990.jpg
000219.jpg,http://rampages.us/mrbananapepper/wp-content/uploads/sites/2634/2014/10/IMG_6026.jpg
000220.jpg,https://img.sndimg.com/food/image/upload/w_1024,h_576,c_fill,fl_progressive,q_80/v1/img/recipes/51/76/09/01502453012.jpeg
000221.jpg,https://www.garden.eco/wp-content/uploads/2018/03/growing-banana-peppers.jpg
000222.jpg,http://3.bp.blogspot.com/-seJkc3BRsdY/T9hzQKHitNI/AAAAAAAAGbE/8CMGmYDAEMk/s1600/100_9343+best+stuffed+banana+pepper.jpg
000223.jpg,https://img1.southernliving.timeinc.net/sites/default/files/styles/medium_2x/public/image/2017/01/main/soups-and-stews-smoke-chix-banana-pepper-soup.jpg?itok=48_JdMCs
000224.jpg,http://deroexports.com/images/fruits/banana_pepper.jpg
000225.jpg,https://thumbs.dreamstime.com/z/potted-banana-pepper-plant-long-green-vegetable-tiny-flowering-buds-adorn-94902499.jpg
000226.jpg,https://i.etsystatic.com/11519553/r/il/68dd21/1685625475/il_570xN.1685625475_d5q1.jpg
000227.jpg,https://tripleheartbeat.files.wordpress.com/2015/07/img_0694.jpg
000228.jpg,https://blogexplore.com/wp-content/uploads/2012/05/vazhakkai_raw-banana_pepper_varuval.jpg
000229.jpg,http://thewickedgoodfarm.com/wp-content/uploads/2018/04/Untitled-design-1-e1523914096436.png
000230.jpg,https://images.fineartamerica.com/images/artworkimages/mediumlarge/2/banana-peppers-farmers-market-thomas-r-fletcher.jpg
000231.jpg,https://dailydishrecipes.com/wp-content/uploads/2013/08/Banana-Pepper-Poppers_Title-2.jpg
000232.jpg,http://3.bp.blogspot.com/-hSsuh9wtFJw/UW4IWsWWk2I/AAAAAAAABGM/786aMpRAHzQ/s1600/DSCF5270.JPG
000233.jpg,https://www.leekgarden.com/wp-content/uploads/2017/05/Ripe-banana-pepper-ready-to-harvesting.jpg
000234.jpg,http://www.simplysarj.com.au/wp/wp-content/uploads/2015/01/31of60-Banana-pepper10-575x262.jpg
000235.jpg,https://images.eatthismuch.com/site_media/img/485263_tiffanifaith_26f1421e-d0cc-40f7-b406-0ccbcfd2eba7.png
000236.jpg,https://itsgardenthyme.com/wp-content/uploads/2019/01/agriculture-basket-bell-peppers-1274613-1140x760.jpg
000237.jpg,https://images.freeimages.com/images/large-previews/bf0/produce-banana-pepper-1547816.jpg
000238.jpg,https://media.gettyimages.com/photos/banana-pepper-and-bell-pepper-picture-id137085338?s=612x612
000239.jpg,https://thepioneerwoman.com/wp-content/uploads/2017/09/hot-peppers-101-03.jpg?resize=780%2C520
000240.jpg,https://davesgarden.com/guides/pf/thumbnail.php?image=2013/03/22/Cville_Gardener/0d9268.jpg&widht=700&height=312
000241.jpg,http://mediterraneanbaby.com/wp-content/uploads/2014/06/Avocado-Banana-Pepper-Tomato-Salad-Mediterranean-Baby-2.jpg
000242.jpg,https://cmkt-image-prd.freetls.fastly.net/0.1.0/ps/299421/910/605/m2/fpnw/wm1/pfltsy8cptkolqzmsxuo4vygov1papmlfm3n7dhk2hyfhzdn33zcabcquk4wxnii-.jpg?1421040134&s=ec298a40083006d0c4962dbb03dae486
000243.jpg,http://www.theblurrylime.com/wp-content/uploads/2017/11/11-20.jpg
000244.jpg,https://www.pageneralstore.com/images/uploads/MILLERS-5-HS.jpg
000245.jpg,https://ericasrecipes.com/wp-content/uploads/2015/11/Banana-Pepper-and-Bacon-Hot-Dip-PIN2.jpg
000246.jpg,http://cdn.shopify.com/s/files/1/1196/4148/products/Hot-banana-pepper-plant_grande.jpg?v=1463988249
000247.jpg,https://mycatholickitchen.com/wp-content/uploads/2013/08/photo2-250x220.jpg
000248.jpg,https://www.findingzest.com/wp-content/uploads/2017/02/Banana-Pepper-Bacon-English-Muffin-Pizza-Recipe.jpg
000249.jpg,https://keeprecipes.com/sites/keeprecipes/files/imagecache/recipe_large/C821D8A0-03DB-4F97-989E-6EA2BE1C8005.jpg
000250.jpg,https://assets3.thrillist.com/v1/image/2823037/size/gn-gift_guide_variable_c;jpeg_quality=20.jpg
000251.jpg,https://vanillaandbean.com/wp-content/uploads/2018/10/waxpeppers.jpg
000252.jpg,https://deluxeproduce.com/wp-content/uploads/2017/06/banana-peppers.jpg
000253.jpg,http://www.tasteofthesouthmagazine.com/wp-content/uploads/2016/08/BananaPeppers.jpg
000254.jpg,https://cf.shopee.ph/file/f798a5042f1a9f6384e9df1d50a64967_tn
000255.jpg,https://www.starnursery.com/wp-content/uploads/2018/09/yellowBananaPepper1.jpg
000256.jpg,https://canyoufreeze.com/wp-content/uploads/2014/11/BananaPeppers.jpg
000257.jpg,http://thehotpepper.com/uploads/monthly_06_2016/post-12233-0-84892900-1467206241.jpg
000258.jpg,http://i146.photobucket.com/albums/r280/mikegt777/Misc/DSCN1657.jpg?t=1307793460
000259.jpg,https://www.topsrilankanrecipe.com/wp-content/uploads/2018/07/4a-2.jpg
000260.jpg,https://cookingispassio.com/wp-content/uploads/2018/08/Pepperoncini-Vs-Banana-Pepper.jpg
000261.jpg,https://images.media-allrecipes.com/userphotos/560x315/5333139.jpg
000262.jpg,http://www.parkswholesaleplants.com/wp-content/uploads/2009/02/Sweet-Banana-Pepper.jpg
000263.jpg,http://assets.kraftfoods.com/recipe_images/opendeploy/118498_640x428.jpg
000264.jpg,https://i0.wp.com/www.suesnutritionbuzz.com/wp-content/uploads/2017/11/banana-peppers4.jpg?resize=680%2C680
000265.jpg,https://www.gourmandize.com/media/food-022_crop.jpg/rh/banana-pepper-lasagna.jpg
000266.jpg,https://www.pepperscale.com/wp-content/uploads/2019/03/banana-pepper-uses-768x514.jpg
000267.jpg,https://www.dollargeneral.com/media/catalog/product/cache/image/700x700/e9c3970ab036de70892d86c6d221abfe/0/0/00871801_1.jpg
000268.jpg,http://arfoodie.files.wordpress.com/2012/07/pork-adobo-labeled.jpg
000269.jpg,https://www.baldorfood.com/uploads/PhotoModel/18182/image/pe990bba.gallery.jpg?t=1504664281
000270.jpg,https://i.etsystatic.com/14438497/r/il/91b867/1297748008/il_fullxfull.1297748008_gqns.jpg
000271.jpg,https://patijinich.com/wp-content/uploads/2010/01/Banana-Pepper-main-912x622.jpg
000272.jpg,https://kitchenbyte-8e1f.kxcdn.com/wp-content/uploads/banana-pepper-vs-pepperoncini.jpg
000273.jpg,https://i2.wp.com/siniscollection.com/wp-content/uploads/2019/04/Siniscollections-potato-stuffed-banana-pepper-bharwa-mirch-.jpg?resize=750%2C500&ssl=1
000274.jpg,https://atasteofkentucky.com/wp-content/uploads/2017/09/MG_8219-510x510.jpg
000275.jpg,https://mk0theadventurexqwh1.kinstacdn.com/wp-content/uploads/2012/05/pickled-banana-peppers-2.jpg
000276.jpg,https://dailydishrecipes.com/wp-content/uploads/2013/09/Stuffed-Banana-Pepper-Bites-2-1.jpg
000277.jpg,https://previews.123rf.com/images/kyahampath/kyahampath1710/kyahampath171000073/94543254-banana-pepper-plant.jpg
000278.jpg,https://www.chilipeppermadness.com/wp-content/uploads/2019/08/Stuffed-Banana-Peppers-Recipe1.jpg
000279.jpg,https://difference.guru/wp-content/uploads/2018/01/cws_5a5d59dfaf841.png
000280.jpg,https://a8g4i9g5y.ssl.hwcdn.net/files/styles/food_image/public/image/f7/73/543875-sliceing-banana-peppers-for-salads.jpg
000281.jpg,https://img.oola.com/filter:scale/quill/2/e/f/b/c/7/2efbc7420563ae66a9e296d0e8b0ef8db48dd04c.jpg?mw=600
000282.jpg,http://www.cowlickcottagefarm.com/wp-content/uploads/2015/04/Banana-peppers-4-26-2015-4-51-22-PM.jpg
000283.jpg,https://cdn.shortpixel.ai/client/to_webp,q_glossy,ret_img,w_1280/https://www.seedtospoon.net/wp-content/uploads/2019/01/Banana-Peppers-blog-post.jpg
000284.jpg,https://s3.amazonaws.com/mygardenlife.com/plant-library/full/1040_19.jpg
000285.jpg,https://www.sproutabl.com/wp-content/uploads/2017/01/Banana-Pepper.jpg
000286.jpg,https://c7.uihere.com/files/488/591/791/banana-cartoon-animation-png-banana-pepper-vector-material.jpg
000287.jpg,https://thrivecuisine.com/wp-content/uploads/2018/12/whole-and-sliced-banana-peppers.jpg
000288.jpg,https://mobileimages.lowes.com/product/converted/715339/715339041074.jpg?size=xl
000289.jpg,https://www.tasteofhome.com/wp-content/uploads/2018/04/exps25871_CW163683D03_30_4b-.jpg
000290.jpg,http://images.smuckers.ca/images/newsite/products/6/product_35.png
000291.jpg,http://blackheirlooms.co/wp-content/uploads/2019/07/hungarian-hot-peppers-are-hungarian-wax-peppers-and-banana-peppers-the-same-hungarian-hot-peppers-recipe-hungarian-wax-peppers-vs-banana-peppers.jpg
000292.jpg,http://www.tastearkansas.com/wp-content/uploads/2015/10/Banana-pepper-and-rice-soup-banana-pepper-682x1024.jpg
000293.jpg,https://target.scene7.com/is/image/Target/GUEST_8efbf02f-8819-4162-aee8-4174ac05da2b?wid=488&hei=488&fmt=pjpeg
000294.jpg,https://www.smuckerawayfromhome.ca/wp-content/uploads/2016/06/bicks-condiments-pepper-rings-4l-foodservice-1.png
000295.jpg,https://oldworldgardenfarms.com/wp-content/uploads/2014/08/sliced-peppers.jpg
000296.jpg,https://cdn.shopify.com/s/files/1/0915/1060/products/Pepper-Joes-Sweet-Banana-4.jpg?v=1478873360
000297.jpg,https://www.findingzest.com/wp-content/uploads/2017/02/Banana-Pepper-Bacon-English-Muffin-Pizza-with-Bays.jpg
000298.jpg,http://eilatport.co/wp-content/uploads/2019/02/when-to-pick-sweet-banana-pepper-wax-metal-print-featuring-the-photograph-jalapeno-and-banana-peppers-by-pictures-of-images-sweet-meatball-banana-pepper-when-to-pick-hungarian-sweet-banana-peppers.jpg
000299.jpg,https://img-global.cpcdn.com/001_recipes/28180595/751x532cq70/banana-pepper-stirfry-recipe-main-photo.jpg
000300.jpg,https://www.gardenhoard.com/media/catalog/product/cache/1/image/650x/040ec09b1e35df139433887a97daa66f/2/0/20180817_214659.jpg
000301.jpg,https://www.wickedstuffed.com/wp-content/uploads/2015/05/SausageBananaPepperPizza-3.jpg
000302.jpg,https://theonesunflower.com/wp-content/uploads/2017/02/7-Steps-on-How-to-Grow-the-Best-Banana-Peppers.jpg
000303.jpg,https://steemitimages.com/640x0/https://cdn.steemitimages.com/DQmeXozMhcWE4JwS1QJ57g6aWFfY8pmYmsLtDKYRGVPR9zV/banana_pepper_top2.jpg
000304.jpg,https://live.staticflickr.com/8425/7627455142_7959f9da88_b.jpg
000305.jpg,https://www.thecountrycook.net/wp-content/uploads/2016/08/PICKLED-BANANA-PEPPERS-RECIPE-683x1025.jpg
000306.jpg,http://www.thasneen.com/cooking/wp-content/uploads/2013/03/banana-peppers.jpg
000307.jpg,https://c8.alamy.com/comp/P6XH3J/fresh-banana-pepper-in-a-bin-at-the-vegetable-market-P6XH3J.jpg
000308.jpg,http://www.wegmans.com/content/dam/wegmans/recipes/1/14265.jpg
000309.jpg,https://www.mranimalfarm.com/wp-content/uploads/2016/12/Types-of-Peppers-5-Pepper-Varieties-You-Should-Try-Instagram-new-300x300.jpg
000310.jpg,https://i.redd.it/q8oa4wfdpoh31.jpg
000311.jpg,https://www.mtolivepickles.com/wp-content/uploads/2015/07/Southwest-Banana-Pepper-Dip-THUMB.jpg
000312.jpg,https://www.delallo.com/shop/media/catalog/product/cache/1/image/9df78eab33525d08d6e5fb8d27136e95/2/0/20720.jpg
000313.jpg,https://img.lrgarden.com/feed_pic_2/145/55/1000593041_1000014626_1532352759.jpg
000314.jpg,https://www.kingsgardencenter.com/Plant-Name/_ccLib/image/plantstock/WEB-111053.jpg
000315.jpg,https://www.savoringthegood.com/wp-content/uploads/2018/07/7-2-735x1102.jpg
000316.jpg,http://www.smartfamilycooking.com/wp-content/uploads/2017/01/banana-pepper-shredded-beef-21-1024x683.jpg
000317.jpg,https://tidythegarden.com/wp-content/uploads/2017/10/1-3.jpg
000318.jpg,https://food-fanatic-res.cloudinary.com/iu/s--iOWu_IGQ--/c_thumb,f_auto,g_auto,h_3456,q_auto,w_3456/v1381108697/pickled-banana-peppers-photo
000319.jpg,https://oldworldgardenfarms.com/wp-content/uploads/2014/08/slicing-peppers.jpg
000320.jpg,http://www.sunnygardens.com/images/2195.jpg
000321.jpg,https://images.costcobusinessdelivery.com/ImageDelivery/imageService?profileId=12028466&itemId=354491&recipeName=680
000322.jpg,https://t3.ftcdn.net/jpg/02/38/99/38/500_F_238993873_kbBqJ0spo9rKhvu3hGheMjXG4GljIPQs.jpg
000323.jpg,https://i0.wp.com/www.lesauce.com/wp-content/uploads/2009/02/IMG_9220.jpg
000324.jpg,https://img.oola.com/quill/6/9/8/1/9/f/69819f0772e1371b9571c2e6ff64a3795fa5f8ef.jpg
000325.jpg,https://thumbs.dreamstime.com/b/green-banana-pepper-green-pepper-paprika-garden-pepper-chilli-pepper-banana-pepper-pepperoncini-background-143514529.jpg
000326.jpg,http://www.schrammfarms.com/wp-content/uploads/2014/07/Hot-Banana-Sm.jpg
000327.jpg,https://peasandcrayons.com/wp-content/uploads/2015/06/lemon-asparagus-pasta-salad-cucumber-banana-pepper-feta-recipe-0544.jpg
000328.jpg,http://secureservercdn.net/184.168.47.225/c9b.a97.myftpupload.com/wp-content/uploads/2013/07/DSC_2941.jpg
000329.jpg,http://moveasone.co/wp-content/uploads/2019/07/sweet-banana-pepper-growing-sale-rare-seeds.jpg
000330.jpg,https://hearthandvine.com/wp-content/uploads/2019/02/banana-peppers-charred.jpg
000331.jpg,https://humidgarden.com/wp-content/uploads/2016/11/red-chilly-961996_1280.jpg
000332.jpg,https://strengthandsunshine.com/wp-content/uploads/2017/01/Banana-Pepper-Tomato-Baked-Chicken-PM1.jpg
000333.jpg,https://media.istockphoto.com/photos/shishito-and-banana-peppers-harvest-picture-id865284046
000334.jpg,http://sterrettgardens.com/Assets/Daylilies%20b/Banana%20Pepper%20Spider_600.jpg
000335.jpg,https://i0.wp.com/punkwife.com/wp-content/uploads/2011/08/Peppers.jpg
000336.jpg,https://mylifecookbook.com/wp-content/uploads/2015/07/Hot-Stuffed-Banana-Pepper-Pasta-1.jpg
000337.jpg,https://www.capegazette.com/sites/capegazette/files/2017/11/field/image/RCR-Stuffed-Banana-Pepper-11-1-Custom.jpg
000338.jpg,https://twitchetts.com/wp-content/uploads/2016/04/Banana-Pepper-Pizza-Pin-500x750.png
000339.jpg,https://atasteofpearl.com/wp-content/uploads/2017/05/image151.jpg
000340.jpg,https://fa74d61d848a20b729bb-0251b36b713060ab3e0e8321940e01ff.ssl.cf2.rackcdn.com/0075450036650_CF_default_default_large.jpeg
000341.jpg,https://www.petittigardencenter.com/plantfiles/103802.jpg
000342.jpg,http://2.bp.blogspot.com/-dpqJ7XBzKDs/TWSLlCG_QGI/AAAAAAAAC2I/hv4R1cowR3Y/s1600/Banana%2BPepper.jpg
000343.jpg,https://moscowbeijing.club/wp-content/uploads/2019/03/country-banana-peppers-spicy.jpg
000344.jpg,https://www.slenderkitchen.com/sites/default/files/styles/body_images_sm_1x/public/media/pepperoncini-peppers.jpg
000345.jpg,https://dingo.care2.com/pictures/greenliving/uploads/2017/08/banana-peppers-2.jpg
000346.jpg,https://glidden90prd.blob.core.windows.net/genimages/PaintShare-FB-232-207-102.jpg
000347.jpg,https://www.burpee.com/dw/image/v2/ABAQ_PRD/on/demandware.static/-/Sites-masterCatalog_Burpee/default/dw68800abd/Images/Product%20Images/prod022618/prod022618.jpg?sw=320&sh=378&sm=fit
000348.jpg,https://quagliata.files.wordpress.com/2012/01/banana-pepper-pickle-pizza.jpg
000349.jpg,http://webgenies.co/wp-content/uploads/2019/04/how-to-can-banana-peppers-stuffed-banana-peppers-banana-peppers-taste-spicy-sweet-banana-pepper-spicy.jpg
000350.jpg,https://images.squarespace-cdn.com/content/v1/526adb80e4b032dd35080d77/1558830286172-RFWEUK0FIHOKEUYNRC0Z/ke17ZwdGBToddI8pDm48kDHPSfPanjkWqhH6pl6g5ph7gQa3H78H3Y0txjaiv_0fDoOvxcdMmMKkDsyUqMSsMWxHk725yiiHCCLfrh8O1z4YTzHvnKhyp6Da-NYroOW3ZGjoBKy3azqku80C789l0mwONMR1ELp49Lyc52iWr5dNb1QJw9casjKdtTg1_-y4jz4ptJBmI9gQmbjSQnNGng/lX1B2owXRfC3R0UWZcM0TA.jpg
000351.jpg,http://bloggingbabiesandthebayou.com/wp-content/uploads/2014/01/Grilled-Banana-Pepper-Poppers-Perfect-Game-Day-Recipes.jpg
000352.jpg,https://image.shutterstock.com/image-photo/photo-banana-peppers-ripening-on-260nw-1500151352.jpg
000353.jpg,http://farm8.staticflickr.com/7338/9578123964_d387679c09_c.jpg
000354.jpg,https://www.savoringthegood.com/wp-content/uploads/2018/07/1-10.jpg
000355.jpg,https://i5.walmartimages.com/asr/d5d37adb-1bfb-4347-93dc-199cd1517bb3_1.29341727ae0ab950a6622281ea550f69.jpeg?odnHeight=450&odnWidth=450&odnBg=FFFFFF
000356.jpg,https://www.picclickimg.com/00/s/NjAwWDYwMA==/z/vQ0AAOSw0HVWAZ8M/$/30-ORGANICALLY-GROWN-Sweet-Banana-Hungarian-Wax-Pepper-_1.jpg
000357.jpg,https://pics.davesgarden.com/pics/2005/07/25/Farmerdill/d3c485.jpg
000358.jpg,https://www.thekitchenwhisperer.net/wp-content/uploads/2018/07/Spicy-3-Meat-Banana-Pepper-Meatballs5.jpg
000359.jpg,https://food-fanatic-res.cloudinary.com/iu/s--S_H8Vzmn--/t_xlarge_l/cs_srgb,f_auto,fl_strip_profile.lossy,q_auto:420/v1381109583/pickled-banana-peppers-picture.jpg
000360.jpg,http://spreadingsoul.com/wp-content/uploads/2013/07/astuffedpepper.jpg
000361.jpg,https://foodinjars.com/wp-content/uploads/2015/08/August-Philly-Foodworks-box.jpg
000362.jpg,https://thymeforfood.files.wordpress.com/2008/07/orange-banana-peppers.jpg
000363.jpg,https://p7.hiclipart.com/preview/189/508/925/habanero-bell-pepper-banana-pepper-yellow-pepper-yellow-pepper-in-kind.jpg
000364.jpg,http://www.chickpeachatter.com/wp-content/uploads/2012/07/IMAG1460.jpg
000365.jpg,http://making-money.co/wp-content/uploads/2019/03/are-sweet-banana-peppers-spicy-on-white-background-images-and-stock-photos-photo-pepper-is-a-spices-that-often-put-in-variety-of-foods-street-market.jpg
000366.jpg,http://www.sibasfood.com/SF/180/bsliced.jpg
000367.jpg,https://www.veggiegardener.com/wp-content/uploads/2009/03/banana_peppers3.png
000368.jpg,https://i2.wp.com/www.secolarievoo.com/wp-content/uploads/2018/10/WH-1000754.jpg?fit=600%2C723&ssl=1
000369.jpg,https://www.asaucykitchen.com/wp-content/uploads/2017/10/Potato-and-Olive-Stuffed-Banana-Peppers_-5-e1554197817452.jpg
000370.jpg,https://tastykitchen.com/recipes/wp-content/uploads/sites/2/2014/08/photo-4-410x410.jpg
000371.jpg,https://i.ebayimg.com/images/g/fvcAAOSwFKddH03k/s-l300.jpg
000372.jpg,https://images.homedepot-static.com/productImages/2d7364f5-31a2-4203-88a7-7c90977f9c47/svn/spicy-banana-pepper-glidden-premium-paint-colors-hdgy54px-05s-64_1000.jpg
000373.jpg,http://www.simplyscratch.com/wp-content/uploads/2014/08/pickled-banana-peppers-l-SimplyScratch.com-1-620x413.jpg
000374.jpg,https://www.azuredandelion.com/images/sweetbananapepperwm.jpg
000375.jpg,https://reciperhapsody.files.wordpress.com/2011/11/banana-pepper-roast.jpg
000376.jpg,https://i.pinimg.com/originals/cd/d0/cd/cdd0cdd11b36bd8fc463d8284c4aceb4.jpg
000377.jpg,https://media.gettyimages.com/photos/new-mexico-bushels-of-yellow-and-green-banana-peppers-picture-id158934833?s=612x612
000378.jpg,https://yahwehfarm.com/wp-content/uploads/2016/10/banana_peppers.png
000379.jpg,https://img.sndimg.com/food/image/upload/c_thumb,q_80,w_412,h_232/v1/img/recipes/98/28/4/pic9PSMfT.jpg
000380.jpg,https://cookymommy.com/wp-content/uploads/2017/09/pepperoncini-vs-banana-peppers5.jpg
000381.jpg,https://thisdoesntsuck.tv/wp-content/uploads/2019/01/banana-pepper-featured-865x486.jpg
000382.jpg,http://thasneen.com/cooking/wp-content/uploads/2010/10/stuffed-banana-peppers.jpg
000383.jpg,https://www.pepperscale.com/wp-content/uploads/2015/02/pepperoncini-vs-banana-pepper-768x577.jpeg
000384.jpg,https://bugguide.net/images/cache/RRU/HJH/RRUHJHNH1H8LGZSL5ZKL8ZMLAZXLBZ4LWZ4LAZXLHR8LEZ8LUZXLHRGH2ZGL1ZXLBZEHLR8HCHMHDH7H2ZQLVZQLGZ.jpg
000385.jpg,https://kitchen-8c63.kxcdn.com/wp-content/uploads/pepperoncini-scoville-heat-rating.jpg
000386.jpg,https://vignette.wikia.nocookie.net/vegetarianrecipes/images/8/80/Banana_ppr_salsa.jpg/revision/latest?cb=20100825210113
000387.jpg,http://www.growingpeppers.org/wp-content/uploads/2011/06/Banana-Peppers.jpg
000388.jpg,https://www.berkeleywellness.com/sites/default/files/field/image/ThinkstockPhotos-200249734-001_field_img_hero_988_380.webp
000389.jpg,https://www.clipartwiki.com/clipimg/detail/74-743635_banana-pepper-illustration.png
000390.jpg,https://media-cdn.tripadvisor.com/media/photo-s/14/f3/e0/87/medusa-spinach-banana.jpg
000391.jpg,https://mk0theadventurexqwh1.kinstacdn.com/wp-content/uploads/08391882540f8fbf281e1a93dadacfdd.jpg
000392.jpg,https://i1.wp.com/siniscollection.com/wp-content/uploads/2019/04/potato-stuffed-banana-pepper-bharwa-mirch1.jpg?fit=750%2C750&ssl=1
000393.jpg,https://diytablelamp.ml/wp-content/uploads/2019/03/interesting-pickled-banana-peppers-spicy.jpg
000394.jpg,https://previews.123rf.com/images/nickkurzenko/nickkurzenko1604/nickkurzenko160400185/57663812-banana-hot-pepper-capsicum-annuum-banana-pepper-called-yellow-wax-pepper-and-banana-chili-also-image.jpg
000395.jpg,https://slice.seriouseats.com/images/20100315bananapepperpizza.jpg
000396.jpg,https://d2lnr5mha7bycj.cloudfront.net/product-image/file/large_ff138da4-1dbc-4392-9cd5-d7ec343eb9ae.jpg
000397.jpg,https://41he3d2oey7t1bclvu49k1q1-wpengine.netdna-ssl.com/wp-content/uploads/2017/10/1-42.jpg
000398.jpg,https://i1.wp.com/gatherforbread.com/wp-content/uploads/2013/07/IMG_7647.jpg?ssl=1
000399.jpg,https://happygrahams.files.wordpress.com/2018/08/img_2498.jpg?w=1100
000400.jpg,https://www.publicdomainpictures.net/pictures/280000/nahled/banana-peppers-isolated-on-white.jpg
000401.jpg,https://image.shutterstock.com/display_pic_with_logo/182854204/1057718588/stock-photo-banana-pepper-garden-pepper-chili-pepper-fresh-fruits-have-many-shapes-and-sizes-soft-fruit-is-1057718588.jpg
000402.jpg,https://upload.wikimedia.org/wikipedia/commons/d/d4/Banana_Peppers.jpg
000403.jpg,http://www.vegetable-gardening-online.com/images/growing-banana-peppers-02.jpg
000404.jpg,http://www.simplyscratch.com/wp-content/uploads/2014/08/pickled-banana-peppers-l-SimplyScratch.com-2.jpg
000405.jpg,https://alchetron.com/cdn/banana-pepper-a7e68ab0-a52a-4a03-84ba-9aea7df886c-resize-750.jpeg
000406.jpg,https://i.ytimg.com/vi/h6G8YkK86NI/maxresdefault.jpg
000407.jpg,https://images.media-allrecipes.com/userphotos/300x300/105546.jpg
000408.jpg,https://st4.depositphotos.com/1550304/20581/i/1600/depositphotos_205817438-stock-photo-chopped-sweet-banana-peppers-wooden.jpg
000409.jpg,https://cannizzarofamigliasauce.files.wordpress.com/2016/07/stuffed-banana-pepper-entree.jpg?w=1000&h=500&crop=1
000410.jpg,http://www.cookatease.com/uploads/PaneerStuffedBananaPepper_9305/Paneer_Stuffed_Banana_Pepper_2.jpg
000411.jpg,https://www.sharycherry.com/wp-content/uploads/2019/06/Banana-Peppers-plant-550x413.jpg
000412.jpg,http://2.bp.blogspot.com/-0EkgDC40SN0/UMscjDCxCMI/AAAAAAAADVI/xvLKw_zBKqs/s1600/Banana+Pepper+Mustard.jpg
000413.jpg,https://www.mygardeningnetwork.com/wp-content/uploads/2017/03/when-to-Pick-Banana-Peppers.png
000414.jpg,https://vanillaandbean.com/wp-content/uploads/2018/10/waxpeppers-2.jpg
000415.jpg,https://as1.ftcdn.net/jpg/02/05/45/38/500_F_205453855_oZ448FWGAeR4i1PG1WeF1gkXMbY5LLOz.jpg
000416.jpg,http://www.hallsontheriver.com/wp-content/uploads/2017/02/Halls-Banana-Pepper-rings_WCX6148-1440x640.jpg
000417.jpg,http://media.foodnetwork.ca/recipetracker/2ea0d8cf-060d-4d10-8cb0-e5a62cb7d83b_honey-marinated-grilled-steak_WebReady.jpg
000418.jpg,http://4.bp.blogspot.com/-S1I36nIFtEo/TkPihJi-6QI/AAAAAAAAAt8/5TUPCdUmOgk/s1600/IMG_7461.JPG
000419.jpg,https://i.etsystatic.com/14438497/r/il/84b6d5/1242110615/il_fullxfull.1242110615_mjvx.jpg
000420.jpg,https://pbs.twimg.com/media/DLY8njIXUAA0Ld-.jpg
000421.jpg,https://karistaskitchen.com/wp-content/uploads/2010/07/img_2239.jpg
000422.jpg,https://cf.shopee.com.my/file/5f002dc49a229aef54a46ef822f78299
000423.jpg,https://www.simplycanning.com/images/pickled-pepper-rings2.jpg
000424.jpg,http://eilatport.co/wp-content/uploads/2019/02/when-to-pick-sweet-banana-pepper-banana-pepper-picking-sweet-banana-peppers.jpg
000425.jpg,https://res.cloudinary.com/fleetnation/image/private/c_fit,w_1120/g_south,l_text:style_gothic2:%C2%A9%20DesignPics,o_20,y_10/g_center,l_watermark4,o_25,y_50/v1504541307/aszqlxmvs7h2bqdlkxsi.jpg
000426.jpg,https://nj39qq7lw0-flywheel.netdna-ssl.com/wp-content/uploads/2016/03/110-Recipes.jpg
000427.jpg,http://rampages.us/kaelac/wp-content/uploads/sites/2544/2014/10/banana-pepper-2.jpg
000428.jpg,https://simplelivingcountrygal.com/wp-content/uploads/2018/05/banana-pepper.jpg
000429.jpg,https://oldworldgardenfarms.com/wp-content/uploads/2017/08/banana-peppers.jpg
000430.jpg,http://2.bp.blogspot.com/-HXvRUG1wINg/U-pG8lPJnHI/AAAAAAAAG3I/LqRvETKKL50/s1600/Stuffed%2Bbanana%2Bpepper%2Bingred.JPG
000431.jpg,https://thehomesteadinghippy.com/wp-content/uploads/2019/04/sweet-banana-pepper.jpg
000432.jpg,https://www.leekgarden.com/wp-content/uploads/2017/05/Banana-pepper-and-other-fresh-vegetables.jpg
000433.jpg,http://www.dailydiylife.com/wp-content/uploads/2015/07/stuffed-banana-peppers1.jpg
000434.jpg,https://i.etsystatic.com/19272169/c/1500/1191/0/308/il/2e2f83/1835587054/il_340x270.1835587054_gydo.jpg
000435.jpg,https://www.picclickimg.com/00/s/NTAwWDUwMA==/z/KZAAAOSwhwdVUZ1~/$/30-ORGANICALLY-GROWN-Sweet-Banana-Hungarian-Wax-Pepper-_1.jpg
000436.jpg,http://hello.organic/wp-content/uploads/2016/11/4.png
000437.jpg,http://arfoodie.files.wordpress.com/2012/07/img_6704.jpg
000438.jpg,https://c8.alamy.com/comp/C3CCNF/banana-pepper-C3CCNF.jpg
000439.jpg,https://www.seriouseats.com/recipes/images/2012/08/20120914-top-this-pickled-peppers-02.jpg
000440.jpg,http://www.theblurrylime.com/wp-content/uploads/2015/04/IMG_5566-1-2000x1329.jpg
000441.jpg,https://t4.ftcdn.net/jpg/02/51/67/87/500_F_251678712_P60PzUjv1xRvnjsI5SxnU6a9kb8hmR32.jpg
000442.jpg,https://www.chilipeppermadness.com/wp-content/uploads/2019/09/Pickled-Banana-Peppers-Recipe1.jpg
000443.jpg,https://media.istockphoto.com/photos/banana-peppers-picture-id499209195?k=6&m=499209195&s=612x612&w=0&h=UlKpJs7Gxs3dFlZGjLhFYjhL1HQFAq3KuwjrOcTGoFg=
000444.jpg,https://jesseyancy.com/wp-content/uploads/2015/08/banana-pepper-relish-blog.jpg
000445.jpg,https://i2.wp.com/www.lesauce.com/wp-content/uploads/2012/02/6a00e5506b058d8834012877373476970c-600wi.jpg
000446.jpg,http://1.bp.blogspot.com/-IxK1yB9boq8/TtEVuRcxQrI/AAAAAAAAFr4/xjBc54Llruw/s1600/DSCN1956.JPG
000447.jpg,https://s3.amazonaws.com/cdn.gardensalive.com/images/800/1673A.jpg
000448.jpg,https://image.shutterstock.com/image-photo/three-yellow-banana-peppers-on-260nw-62393476.jpg
000449.jpg,https://s3.amazonaws.com/mygardenlife.com/plant-library/full/5539_22.jpg
000450.jpg,https://www.thekitchenwhisperer.net/wp-content/uploads/2018/07/Spicy-3-Meat-Banana-Pepper-Meatballs1.jpg
000451.jpg,https://foodcnr.com/wp-content/uploads/2014/06/Spicy-banana-peppers-stir-fry.jpg
000452.jpg,https://lotsa.com/wp-content/uploads/2017/10/banana-peppers.png
000453.jpg,https://4.bp.blogspot.com/-tMzF578yuKQ/W9XqCrAj3-I/AAAAAAAAHEE/yuZKjZrW12Ab7HPQhJ6N4VZtYzcTQVDCACLcBGAs/s1600/IMG_5795.jpg
000454.jpg,https://images.homedepot-static.com/productImages/cc32890f-ab59-4e4b-990c-b291992f2122/svn/spicy-banana-pepper-ppg-timeless-paint-colors-hdppgy54-08s-64_1000.jpg
000455.jpg,https://thumbs.dreamstime.com/z/banana-pepper-chili-white-background-paprika-garden-chili-plant-red-spanish-sweet-62131828.jpg
000456.jpg,https://live.staticflickr.com/3552/3349433957_c32118ed65_b.jpg
000457.jpg,https://pics.davesgarden.com/pics/2011/11/03/chimayo/f494e7.jpg
000458.jpg,https://www.dailydishrecipes.com/wp-content/uploads/2013/08/Banana-Pepper-Poppers-2.jpg
000459.jpg,https://cdn.cookymommy.com/wp-content/uploads/2017/09/pepperoncini-vs-banana-peppers6-857x570.jpg
000460.jpg,https://www.healthbenefitstimes.com/9/gallery/banana-pepper-1/Leaves-of-Banana-pepper.jpg
000461.jpg,https://mylifecookbook.com/wp-content/uploads/2015/07/Hot-Stuffed-Banana-Pepper-Pasta-l.jpg
000462.jpg,http://www.wegmans.com/content/dam/wegmans/recipes/1/15545.jpg
000463.jpg,https://cdnimg.webstaurantstore.com/images/products/large/59902/1828027.jpg
000464.jpg,https://i.pinimg.com/originals/0a/32/38/0a3238066620319a5857687601d19268.jpg
000465.jpg,https://i.ebayimg.com/images/g/pEoAAOSwB-1YrhxS/s-l640.jpg
000466.jpg,https://previews.123rf.com/images/tjulwitu/tjulwitu1511/tjulwitu151100039/48428189-chili-pepper-on-white-background-banana-pepper-paprika-garden-pepper-chili-plant-red-pepper-spanish-.jpg
000467.jpg,https://img.sndimg.com/food/image/upload/c_thumb,q_80,w_412,h_232/v1/img/recipes/31/93/76/VlaOZ9RJKu76GP4pSYaQ_banana%20pepper.jpg
000468.jpg,https://img-aws.ehowcdn.com/350x235p/photos.demandstudios.com/getty/article/251/10/87583812_XS.jpg
000469.jpg,https://www.veggiegardener.com/wp-content/uploads/2009/03/banana_peppers1.png
000470.jpg,https://d2lnr5mha7bycj.cloudfront.net/product-image/file/large_64dbd4b7-1ed4-4742-81a3-8d327c83bcbc.jpg
000471.jpg,https://www.publicdomainpictures.net/pictures/280000/nahled/banana-peppers-on-wood-background.jpg
000472.jpg,https://i.ytimg.com/vi/laS0LbeIAKg/maxresdefault.jpg
000473.jpg,https://fuelforanna.files.wordpress.com/2016/01/img_1579.jpeg
000474.jpg,http://eilatport.co/wp-content/uploads/2019/02/when-to-pick-sweet-banana-pepper-when-to-pick-banana-peppers-picking-sweet-banana-peppers.jpg
000475.jpg,https://twitchetts.com/wp-content/uploads/2016/04/Banana-Pepper-Pizza-3-500x250.png
000476.jpg,https://i5.walmartimages.com/asr/d7119698-851b-4aa2-9455-44bd69616042_1.a45cd148c5c4ed285d9e48dca0687f9a.jpeg?odnHeight=450&odnWidth=450&odnBg=FFFFFF
000477.jpg,https://mk0theadventurexqwh1.kinstacdn.com/wp-content/uploads/2019/05/pickled-banana-peppers-426x640.jpg
000478.jpg,https://www.tasteofhome.com/wp-content/uploads/2017/10/exps49464_HC153382B09_04_7b-696x696.jpg
000479.jpg,http://3.bp.blogspot.com/-3_qwSDS9A50/Ttj8MdKcY2I/AAAAAAAABJ0/iBWN6LwgDik/s1600/DSCF3880.JPG
000480.jpg,https://media.gettyimages.com/photos/banana-peppers-in-a-bowl-picture-id593867834?s=612x612
000481.jpg,https://vanillaandbean.com/wp-content/uploads/2018/10/peppers.jpg
000482.jpg,https://i.ytimg.com/vi/MEaacKTOpZ4/hqdefault.jpg
000483.jpg,https://www.healthbenefitstimes.com/9/gallery/banana-pepper-1/Close-up-flower-of-Banana-pepper.jpg
000484.jpg,https://image.shutterstock.com/image-photo/capsicum-annuum-banana-pepper-sweet-600w-1014190033.jpg
000485.jpg,https://i.pinimg.com/originals/00/5d/e3/005de3012db2975cbd0796455415e6a4.jpg
000486.jpg,https://i.ebayimg.com/images/g/ZN4AAOSwsJBb833m/s-l400.jpg
000487.jpg,https://thumbs.dreamstime.com/z/crinkle-cut-banana-peppers-bowl-close-top-view-wood-table-top-illuminated-natural-window-light-58602682.jpg
000488.jpg,https://c8.alamy.com/comp/X5PJH6/sweet-banana-peppers-X5PJH6.jpg
000489.jpg,https://media.istockphoto.com/photos/banana-pepper-chillies-picture-id177319845
000490.jpg,https://previews.123rf.com/images/mackoflower/mackoflower1510/mackoflower151000368/47181399-yellow-pickled-banana-peppers-in-salad-bar-tray.jpg
000491.jpg,https://pics.davesgarden.com/pics/2008/11/02/htop/12c2c6.jpg
000492.jpg,https://upload.wikimedia.org/wikipedia/commons/thumb/9/97/Scotch_bonnet_chili_pepper.jpg/1200px-Scotch_bonnet_chili_pepper.jpg
000493.jpg,https://enjoywithjoy.files.wordpress.com/2012/07/img_5206.jpg
000494.jpg,https://dailydishrecipes.com/wp-content/uploads/2013/09/Stuffed-Banana-Pepper-Bites-8.jpg
000495.jpg,https://www.southdevonchillifarm.co.uk/images/detailed/1/hotwaxseeds1100_1c6c-0y.jpg
000496.jpg,https://image.shutterstock.com/image-photo/pepper-plants-banana-growing-field-260nw-1144523453.jpg
000497.jpg,https://i.etsystatic.com/14438497/r/il/12c0dd/1242110623/il_fullxfull.1242110623_dc93.jpg
000498.jpg,http://4.bp.blogspot.com/-Dt8IAdTuM60/UBB5GsgwdOI/AAAAAAAACm0/ZfpQFboV5QY/s1600/IMG_5720.JPG
000499.jpg,https://i.redd.it/x7ln0k0n8vm21.jpg
000500.jpg,https://www.chilipeppermadness.com/wp-content/uploads/2019/09/Pickled-Banana-Peppers-JAR1.jpg
000501.jpg,https://i.pinimg.com/originals/af/73/9e/af739e042ecbeefea0b4bda37a678e2f.jpg
000502.jpg,https://thumbs.dreamstime.com/b/banana-pepper-habanero-background-wood-old-surface-121899920.jpg
000503.jpg,https://media.gettyimages.com/photos/jalapeno-and-banana-peppers-picture-id151081200?s=612x612
000504.jpg,https://i.ytimg.com/vi/fQFspllk8rs/hqdefault.jpg
000505.jpg,https://previews.123rf.com/images/tornado98/tornado981709/tornado98170900299/85182145-close-up-of-a-pizza-with-banana-pepper-and-pineapple-toppings.jpg
000506.jpg,https://media.istockphoto.com/photos/banana-peppers-on-the-vine-picture-id970031178
000507.jpg,https://i.redd.it/efcvd89ggd131.jpg
000508.jpg,https://static.wixstatic.com/media/261fc9_1ffd0a8decfa48b79ab036169b2cf715~mv2.jpg/v1/fill/w_611,h_2592,al_c,q_85/261fc9_1ffd0a8decfa48b79ab036169b2cf715~mv2.webp
000509.jpg,https://c8.alamy.com/comp/H9422N/sweet-banana-peppers-H9422N.jpg
000510.jpg,https://i.ebayimg.com/images/g/F8IAAOSwyjBW6LvJ/s-l300.jpg
000511.jpg,http://3.bp.blogspot.com/-hYtyrEw3xJ4/UDZBqovdFlI/AAAAAAAAA30/dTiKbIOYaQI/s1600/IMG_7221.JPG
000512.jpg,https://pics.davesgarden.com/pics/2008/12/19/LenaBeanNZ/07e98d.jpg
000513.jpg,http://www.tomatogrowers.com/images/9316.jpg
000514.jpg,https://www.pepperscale.com/wp-content/uploads/2017/03/chilly-chili.jpg
000515.jpg,https://image.shutterstock.com/image-photo/banana-pepper-paprika-garden-chili-600w-506755861.jpg
000516.jpg,https://media.gettyimages.com/photos/banana-peppers-in-a-basket-picture-id137084823?s=612x612
000517.jpg,https://img.oola.com/filter:centercrop/quill/b/0/7/3/4/4/b0734484173d2f619501da9c41e72bd148e740e8.jpg?w=725&h=545
000518.jpg,https://recipebookandmore.files.wordpress.com/2014/07/7-4-2014-16.jpg
000519.jpg,https://thumbs.dreamstime.com/z/canned-banana-peppers-close-view-very-crinkle-cut-58602721.jpg
000520.jpg,https://i.pinimg.com/originals/51/37/c8/5137c8ac7f0eb4855228efebd33c7db9.jpg
000521.jpg,https://c8.alamy.com/comp/GF7X2E/raw-organic-yellow-banana-peppers-ready-to-cut-GF7X2E.jpg
000522.jpg,https://media.istockphoto.com/photos/yellow-banana-pepper-picture-id490560405?k=6&m=490560405&s=612x612&w=0&h=dpwrx71UMQoToWnAoUnLW6m0SfJS16fy2fbKt3760UQ=
000523.jpg,http://2.bp.blogspot.com/-6ltUv4WRiXo/TnYgfDeXBEI/AAAAAAAAClg/mwKQQGhySOk/s1600/Raccoon+River+Trail%252C+garden%252C+carrots%252C+banana+bars%252C+banana+pepper+004.jpg
000524.jpg,https://previews.123rf.com/images/multimedia/multimedia1801/multimedia180100020/94479128-indian-organic-long-green-chiles-banana-pepper-or-ooty-chile-which-are-mildly-spicy-or-hot-on-a-wood.jpg
000525.jpg,https://pics.davesgarden.com/pics/2011/02/06/JOHNTY001/70b647.jpg
000526.jpg,https://www.rohrerseeds.com/SWEET-BANANA-PEPPER-1/2-OZ/image/item/9907434
000527.jpg,https://cdn.h2ouse.org/wp-content/uploads/Hot-Sweet-Banana-Peppers.jpg
000528.jpg,https://media.istockphoto.com/photos/banana-peppers-picture-id496602150?k=6&m=496602150&s=612x612&w=0&h=O_moL7i3pBghs02D2G9icYcQwxnJQAxY0BuSgwksG-o=
000529.jpg,https://thumbs.dreamstime.com/z/fresh-banana-peppers-many-pale-green-capsicums-crate-sale-weekly-greek-farmers-market-laiki-greece-93820093.jpg
000530.jpg,https://thymeforfood.files.wordpress.com/2008/07/dehydrated-banana-peppers.jpg
000531.jpg,https://media.gettyimages.com/photos/closeup-of-a-banana-pepper-picture-idskd286046sdc?s=612x612
000532.jpg,https://c8.alamy.com/comp/RKM5H3/banana-peppers-and-spicy-chili-peppers-for-sale-at-detering-organic-farm-near-eugene-oregon-during-the-fall-RKM5H3.jpg
000533.jpg,https://image.shutterstock.com/image-photo/capsicum-annuum-banana-pepper-sweet-600w-1014190042.jpg
000534.jpg,https://previews.123rf.com/images/nilanewsom/nilanewsom1611/nilanewsom161100221/67586630-a-pile-of-green-banana-peppers-.jpg
000535.jpg,https://i.pinimg.com/236x/72/cc/4c/72cc4ca3671c989e965375a98e176fbf--gardening-vegetables-growing-vegetables.jpg
000536.jpg,https://i.imgur.com/QxBJWRm.jpg
000537.jpg,https://foodfondweb.files.wordpress.com/2017/09/p_20170916_193650_hdr.jpg
000538.jpg,http://4.bp.blogspot.com/-SPO5UbVgNWM/Tge1jm1Hy-I/AAAAAAAAFYc/-KLmCrnn0SQ/s1600/photo+3.jpg
000539.jpg,https://thumbs.dreamstime.com/z/vegetarian-vegetable-fruit-pattern-green-potato-tomato-banana-pepper-apple-onion-118375939.jpg
000540.jpg,https://media.istockphoto.com/photos/banana-pepper-plant-picture-id175491305
000541.jpg,https://i.pinimg.com/originals/0e/f4/b0/0ef4b0174c10f8a8abc6538e031a1177.jpg
000542.jpg,https://media.gettyimages.com/photos/banana-pepper-picture-id137085150?s=612x612
000543.jpg,https://previews.123rf.com/images/jctabb/jctabb1310/jctabb131000003/23272618-red-banana-peppers-picked-fresh-from-the-garden-.jpg
000544.jpg,https://recipebookandmore.files.wordpress.com/2014/07/dsc_0422.jpg
000545.jpg,https://media.gettyimages.com/photos/closeup-of-a-banana-pepper-picture-idskd286043sdc?s=612x612
000546.jpg,https://thumbs.dreamstime.com/z/chili-pepper-white-background-banana-pepper-paprika-garden-pepper-chili-plant-red-pepper-spanish-pepper-sweet-pepper-chili-108515932.jpg
000547.jpg,https://media.istockphoto.com/photos/banana-pepper-picture-id514436175?k=6&m=514436175&s=612x612&w=0&h=P_0uo66zLXslboJLOQiuoCqg5JLXoaAi3DWAy911IE0=
000548.jpg,https://i.redd.it/br6x28qgbuj11.jpg
000549.jpg,https://image.shutterstock.com/image-photo/banana-pepper-paprika-garden-chili-600w-506755957.jpg
000550.jpg,https://i.pinimg.com/originals/23/9b/e6/239be6b9db9baffb66c07ed6d256dfee.jpg
000551.jpg,http://3.bp.blogspot.com/-uA3P9LAyjq0/Ujr8HhsxerI/AAAAAAAANUI/Y5-5iaEiC0M/s1600/IMG_1940.jpg
000552.jpg,https://recipebookandmore.files.wordpress.com/2014/07/easy-refrigerated-pickled-banana-peppers-fresh-from-the-garden-simple-easy-ingredients-keeps-in-fridge-for-3-mos-no-canning-needed.jpg
000553.jpg,https://thumbs.dreamstime.com/z/chili-pepper-white-background-banana-pepper-paprika-garden-pepper-chili-plant-red-pepper-spanish-pepper-sweet-pepper-chili-108514337.jpg
000554.jpg,https://4.bp.blogspot.com/--EfYqgT5IPk/W2DFta1qbhI/AAAAAAAAOfk/LUxYNUdvP0YHOhQ6LCC2ETbTP_HBGJIvgCLcBGAs/s1600/IMG_4303.JPG
000555.jpg,https://media.istockphoto.com/photos/hot-banana-pepper-rings-picture-id183417617
000556.jpg,http://2.bp.blogspot.com/-CAGoZ2Wpny0/Tq1bIgy3djI/AAAAAAAAA-o/DhflMS0c2ZI/s1600/DSCF3851.JPG
000557.jpg,https://image.shutterstock.com/image-photo/capsicum-annuum-banana-pepper-sweet-600w-1014190012.jpg
000558.jpg,http://4.bp.blogspot.com/-2evR1H9Rk5U/Ue3hYxEDimI/AAAAAAAAG04/BlPLMlWCu3U/s1600/1980-01-01+00.00.14-11.jpg
000559.jpg,https://thumbs.dreamstime.com/z/many-fresh-bright-red-banana-peppers-capsicums-sale-weekly-greek-fruit-vegetable-street-market-laiki-greece-128832933.jpg
000560.jpg,https://bg-foods-medium.s3.amazonaws.com/trappeys/about/BananaPepper.jpg
000561.jpg,https://bonnieplants.com/wp-content/uploads/hot-banana-pepper.jpg
000562.jpg,https://bonnieplants.com/wp-content/uploads/sweet-banana-pepper.jpg
000563.jpg,https://peasandcrayons.com/wp-content/uploads/2018/08/easy-fridge-pickled-banana-peppers-recipe-6355.jpg
000564.jpg,https://i2.wp.com/gatherforbread.com/wp-content/uploads/2013/07/Cheese-Stuffed-Banana-Peppers.jpg
000565.jpg,https://thymeforfood.files.wordpress.com/2008/06/first-banana-pepper-harvest-2.jpg
000566.jpg,http://rampages.us/reidmc2/wp-content/uploads/sites/2572/2014/10/6a0120a78310b7970b0134866b45ac970c.jpg
000567.jpg,https://thymeforfood.files.wordpress.com/2008/06/first-banana-pepper-harvest-1.jpg
000568.jpg,http://rampages.us/lockeol/wp-content/uploads/sites/2557/2014/10/banana-peppers.jpg
000569.jpg,https://www.southernexposure.com/images/large/sweet-banana-pepper_LRG.jpg
000570.jpg,http://www.simplyscratch.com/wp-content/uploads/2014/08/pickled-banana-peppers-l-SimplyScratch.com-10.jpg
000571.jpg,https://thekitchencreative.files.wordpress.com/2012/08/img_8335.jpg
000572.jpg,https://seedsnsuch-qb2qm0z.netdna-ssl.com/wp-content/uploads/2013/08/Pep_Hungarian_YellowHotWax_cmyk.jpg
000573.jpg,http://strengthandsunshine.com/wp-content/uploads/2017/01/Banana-Pepper-Tomato-Baked-Chicken-3.jpg
000574.jpg,http://strengthandsunshine.com/wp-content/uploads/2017/01/Banana-Pepper-Tomato-Baked-Chicken-5.jpg
000575.jpg,https://oldworldgardenfarms.com/wp-content/uploads/2014/08/sliced-peppers.jpg
000576.jpg,http://3.bp.blogspot.com/-seJkc3BRsdY/T9hzQKHitNI/AAAAAAAAGbE/8CMGmYDAEMk/s1600/100_9343+best+stuffed+banana+pepper.jpg
000577.jpg,https://favoritefamilyfoods.files.wordpress.com/2012/08/food-563.jpg
000578.jpg,https://4.bp.blogspot.com/-d9bS-4B_E6I/V6tupZoqP5I/AAAAAAAAiTU/oIbXe0tsWic9iWVXagXDUMCDPQYdBw1jQCLcB/s1600/Pickled%2BBanana%2BPeppers%2B%2528copyright%252C%2Bwww.thecountrycook.net%2529.jpg
000579.jpg,https://zy64w3m6dig386jr7n3yu1hi-wpengine.netdna-ssl.com/wp-content/uploads/2014/10/00102_12_MildBananaPepperRings.jpg
000580.jpg,http://i1.wp.com/oldworldgardenfarms.files.wordpress.com/2012/08/banana-peppers.jpg
000581.jpg,https://southbyse.files.wordpress.com/2012/05/peak-inside-the-pepper.jpg
000582.jpg,https://s-media-cache-ak0.pinimg.com/736x/a3/3f/77/a33f77f12bc45de7b3e6a1f4e31371a4.jpg
000583.jpg,https://quagliata.files.wordpress.com/2012/01/banana-pepper-pickle-pizza.jpg
000584.jpg,https://www.mtolivepickles.com/wp-content/uploads/2014/10/00101_12_HotBananaPepperRings.jpg
000585.jpg,https://thymeforfood.files.wordpress.com/2008/06/banana-peppers-to-be-canned-23.jpg
000586.jpg,https://3.bp.blogspot.com/-w7dNm0QUINI/V9_3_3laXOI/AAAAAAAAE98/o7aeOuKX1t4AbfFNimcqGu8fvUgO4eMAwCLcB/s1600/IMG_8263.jpg
000587.jpg,http://www.simplyscratch.com/wp-content/uploads/2014/08/pickled-banana-peppers-l-SimplyScratch.com-9.jpg
000588.jpg,https://media.buzzle.com/media/images-en/gallery/vegetables/1200-609801-banana-peppers-and-pepperoncini.jpg
000589.jpg,https://cdnimg.webstaurantstore.com/images/products/extra_large/151959/1485473.jpg
000590.jpg,http://www.deepcreeklakeproperty.com/betsys-blog/wp-content/uploads/2016/08/20160824_125919.jpg
000591.jpg,https://s-media-cache-ak0.pinimg.com/736x/f3/db/ef/f3dbefe8c94a5fbf9f986d280971ba7c.jpg
000592.jpg,https://cdnimg.webstaurantstore.com/images/products/extra_large/151854/1485466.jpg
000593.jpg,http://www.deepcreeklakeproperty.com/betsys-blog/wp-content/uploads/2016/08/20160824_133600-1024x768.jpg
000594.jpg,https://i.pinimg.com/originals/ed/82/b2/ed82b2cefd8fb0c6da009048b051fd63.jpg
000595.jpg,https://s-media-cache-ak0.pinimg.com/originals/8a/52/91/8a5291478a4bd1520b2a6d6f1efa235c.jpg
000596.jpg,https://s-media-cache-ak0.pinimg.com/736x/e0/66/98/e066984090ddc152f83706ba2fb4ff2c.jpg
000597.jpg,https://www.healthbenefitstimes.com/9/gallery/banana-pepper-1/Leaves-of-Banana-pepper.jpg
000598.jpg,http://1.bp.blogspot.com/-sM1XoZuZ8EM/UdHeTd1f7WI/AAAAAAAAEDQ/TpgqwssL1Hs/s1600/canned-banana-peppers.jpg
000599.jpg,http://strengthandsunshine.com/wp-content/uploads/2017/01/Banana-Pepper-Tomato-Baked-Chicken-2.jpg
000600.jpg,https://i.pinimg.com/originals/c7/e8/ba/c7e8ba1f6adc38ea12c4a79daae4e10d.jpg
000601.jpg,https://i.pinimg.com/originals/e6/51/94/e651946877f140340cbed36a855033f0.jpg
000602.jpg,https://recipebookandmore.files.wordpress.com/2014/07/dsc_0422.jpg
000603.jpg,https://strengthandsunshine.com/wp-content/uploads/2017/01/Banana-Pepper-Tomato-Baked-Chicken-PM1.jpg
000604.jpg,https://s-media-cache-ak0.pinimg.com/736x/8c/ae/33/8cae33874eba15745f67402b859a2e32.jpg
000605.jpg,https://recipebookandmore.files.wordpress.com/2014/07/dsc_0430.jpg
000606.jpg,https://s-media-cache-ak0.pinimg.com/736x/01/37/25/013725b345b249377188f70b536401e9.jpg
000607.jpg,https://s-media-cache-ak0.pinimg.com/736x/5e/c6/e5/5ec6e5192a0cf828055e8792edf560bb.jpg
000608.jpg,https://i.pinimg.com/originals/cd/86/e3/cd86e3b95c3042df7e03bc425c1d00f2.jpg
000609.jpg,https://www.healthbenefitstimes.com/9/gallery/banana-pepper-1/Seeds-of-Banana-pepper.jpg
000610.jpg,https://i0.wp.com/oldworldgardenfarms.com/wp-content/uploads/2013/04/banana-peppers.jpg
000611.jpg,https://i.pinimg.com/736x/1a/2d/f5/1a2df56264f63449c3ec2b78af8257a3--cream-cheese-stuffed-peppers-sausage-stuffed-banana-peppers.jpg
000612.jpg,https://thymeforfood.files.wordpress.com/2008/07/finished-banana-pepper-powder-7.jpg
000613.jpg,https://lilluna.com/wp-content/uploads/2017/02/spinach-ricotta-stuffed-peppers-9.jpg
000614.jpg,http://sweetbasilandblackberry.com/wp-content/uploads/2016/09/Pickled-banana-peppers-2.jpg
000615.jpg,http://marilynswayhomegarden.com/wp-content/uploads/2014/08/banana-peppers-blog.jpg
000616.jpg,https://i.pinimg.com/736x/5f/6f/b2/5f6fb2070a2b07d712eef57e2c718c4f--canning-banana-peppers-sweet-banana-peppers.jpg
000617.jpg,https://www.mrshappyhomemaker.com/wp-content/uploads/2018/07/banana-peppers-5.jpg
000618.jpg,https://cannizzarofamigliasauce.files.wordpress.com/2016/07/stuffed-banana-pepper-entree.jpg
000619.jpg,http://3.bp.blogspot.com/-5rN_-x7qaS8/TjXa7SrDinI/AAAAAAAAAwY/M6ZXU6oMXD4/s1600/277426_248936858458696_100000271509352_1002897_1363763_o.jpg
000620.jpg,http://4.bp.blogspot.com/-TL-WnCzYc5I/UjpzNw5R8gI/AAAAAAAAAcs/DbDaCu_iKbQ/s1600/sausage-stuffed-peppers-001.jpg
000621.jpg,http://www.freakingnews.com/pictures/21000/banana-pepper-21131.jpg
000622.jpg,http://www.simplyscratch.com/wp-content/uploads/2014/08/pickled-banana-peppers-l-SimplyScratch.com_.jpg
000623.jpg,https://cdn.trueleafmarket.com/products/seeds/pepper-sweet-sweet-banana/pepper-sweet-sweet-banana-seed-wm.jpg
000624.jpg,http://www.simplyscratch.com/wp-content/uploads/2014/08/pickled-banana-peppers-l-SimplyScratch.com-4.jpg
000625.jpg,https://www.gfs.com/sites/default/files/styles/content_article_image/public/recipe-image/GFS-Calendar%202019-Roasted%20Banana%20Peppers-IC%20760x400.jpg
000626.jpg,https://anotherfoodieblogger.files.wordpress.com/2013/11/seasoned-pot-roast.jpg
000627.jpg,https://southbyse.files.wordpress.com/2012/05/stuff-with-cream-cheese.jpg
000628.jpg,http://farm7.static.flickr.com/6120/6234818273_382dfe1927_b.jpg
000629.jpg,https://quagliata.files.wordpress.com/2012/09/deep-dish-pizza.jpg
000630.jpg,https://s-media-cache-ak0.pinimg.com/736x/cd/86/e3/cd86e3b95c3042df7e03bc425c1d00f2.jpg
000631.jpg,https://s-media-cache-ak0.pinimg.com/736x/c4/d2/56/c4d256651794a2648e8752070fbf4bd6.jpg
000632.jpg,http://media-cache-ec0.pinimg.com/736x/9e/45/13/9e4513f294783dea7bc9a0e17b7c2c1d.jpg
000633.jpg,https://heartofacountryhome.files.wordpress.com/2011/02/pop5.jpg
000634.jpg,http://chefdepaprika.com/wp-content/uploads/2018/09/Sweet-Banana-Chili-Peppers-Stuffed-with-Salmon-04.jpg
000635.jpg,http://chefdepaprika.com/wp-content/uploads/2018/09/Sweet-Banana-Chili-Peppers-Stuffed-with-Salmon-09.jpg
000636.jpg,http://chefdepaprika.com/wp-content/uploads/2018/09/Sweet-Banana-Chili-Peppers-Stuffed-with-Salmon-07-1024x768.jpg
000637.jpg,https://i.ytimg.com/vi/xWsz0AX5ILg/maxresdefault.jpg
000638.jpg,https://i.pinimg.com/736x/56/45/28/5645287b1c3a5cf3b54fde136006a71d--cream-cheese-stuffed-jalapenos-sausage-stuffed-jalapeno-poppers.jpg
000639.jpg,https://heartofacountryhome.files.wordpress.com/2011/02/pop1.jpg
000640.jpg,http://www.pepper.ph/wp-content/uploads/2017/08/BananaBible_FI.jpg
000641.jpg,https://www.painlesscooking.com/images/grilling-fish-grilled-fish-with-spicy-banana-salsa.jpg
000642.jpg,http://chefdepaprika.com/wp-content/uploads/2018/09/Sweet-Banana-Chili-Peppers-Stuffed-with-Salmon-06-1024x768.jpg
000643.jpg,https://s.yimg.com/aah/theperfumespot/cypress-cedar-by-banana-republic-2-5-oz-eau-de-parfum-spray-for-unisex-2.jpg
000644.jpg,https://s.yimg.com/aah/theperfumespot/peony-peppercorn-by-banana-republic-2-5-oz-eau-de-parfum-spray-for-unisex-3.jpg
000645.jpg,https://s.yimg.com/aah/theperfumespot/17-oud-mosaic-by-banana-republic-2-5-oz-eau-de-parfum-spray-for-unisex-2.jpg
000646.jpg,https://s.yimg.com/aah/theperfumespot/17-oud-mosaic-by-banana-republic-2-5-oz-eau-de-parfum-spray-for-unisex-3.jpg
000647.jpg,https://s.yimg.com/aah/theperfumespot/peony-peppercorn-by-banana-republic-2-5-oz-eau-de-parfum-spray-for-unisex-2.jpg
000648.jpg,https://www.southernkissed.com/wp-content/uploads/2016/11/Pomegranate-Spritzer-768x1152.jpg
