image,source
000001.jpg,https://cdn.shopify.com/s/files/1/2406/3467/products/BeaverDamPepper_d2ed203a-d755-4b6e-a095-e68352516637_300x300.JPG?v=1512671221
000002.jpg,http://cdn.territorialseed.com/images/uploads/15673_7028_large.jpg
000003.jpg,https://www.pepperscale.com/wp-content/uploads/2015/10/Beaver-Dam-Pepper_3-768x512.jpg
000004.jpg,https://cdn.shopify.com/s/files/1/0276/5253/products/beavdam.jpg?v=1504233175
000005.jpg,https://townsquare.media/site/716/files/2017/02/Harvest1.jpg?w=980&q=75
000006.jpg,https://dqzrr9k4bjpzk.cloudfront.net/images/13049123/925020497.jpg
000007.jpg,https://www.cayennediane.com/wp-content/uploads/Beaver-Dam-Pepper.jpg
000008.jpg,https://cdn10.bigcommerce.com/s-2drwt2az/products/3772/images/49281/pepperbeaverdam__49086.1493258904.500.659.jpg?c=2
000009.jpg,https://i.etsystatic.com/16529549/r/il/043d00/1752599657/il_570xN.1752599657_lhz3.jpg
000010.jpg,https://bloximages.chicago2.vip.townnews.com/wiscnews.com/content/tncms/assets/v3/editorial/c/2b/c2b08f05-7d45-5084-a044-e900834e1e5a/5425d4baeb93e.image.jpg?resize=400%2C277
000011.jpg,https://cdn1.bigcommerce.com/server700/5mvrqhbm/products/1854/images/148903/beaver-dam-pepper2__90100.1515434882.1280.1280.jpg?c=2
000012.jpg,https://images-na.ssl-images-amazon.com/images/I/51wzbnQ506L.jpg
000013.jpg,https://assets.atlasobscura.com/media/W1siZiIsInVwbG9hZHMvdGhpbmdfaW1hZ2VzLzljZDIwOWJjLWJmZmYtNGM0ZS1iMmI0LTE4OGQ3MjkzZTZiMTc0NjVhMmFkYjYyZjcyMWQ3Nl9DX2FubnV1bV9iZWF2ZXJfZGFtX2ZydWl0LmpwZyJdLFsicCIsImNvbnZlcnQiLCItYXV0by1vcmllbnQgIl0sWyJwIiwidGh1bWIiLCIxODA3eDE4MDcrMSs1NTQiXSxbInAiLCJjb252ZXJ0IiwiLXF1YWxpdHkgODEgLWF1dG8tb3JpZW50Il0sWyJwIiwidGh1bWIiLCI1ODB4NTgwIyJdXQ/C_annuum_beaver_dam_fruit.jpg
000014.jpg,https://images-na.ssl-images-amazon.com/images/I/51Gl0gV-bOL._SX425_.jpg
000015.jpg,https://cdn.shopify.com/s/files/1/1420/8798/products/pepper-sweet-beaver-dam-capsicum-annuum-seeds-amkha-seed_606.jpg?v=1535012398
000016.jpg,https://cdn.shopify.com/s/files/1/0871/0950/products/beaverdamforweb_copy_1024x1024.jpg?v=1548196204
000017.jpg,https://www.fedcoseeds.com/seeds/seeds_images/3805.jpg
000018.jpg,https://www.gannett-cdn.com/presto/2019/08/27/PMJS/73f67301-5abe-41f1-9ba5-32c76f18f1c6-4-peppers-close.jpeg?crop=2999,1687,x0,y259&width=3200&height=1680&fit=bounds
000019.jpg,https://onmilwaukee.com/images/articles/pe/peppercentennial/peppercentennial_fullsize_story1.jpg?20120926153327
000020.jpg,https://static.wixstatic.com/media/d45f52_7895237436d34c438f9baaa6e1a7230e~mv2_d_4672_2628_s_4_2.jpg/v1/fill/w_480,h_270,al_c,q_85,usm_0.66_1.00_0.01/d45f52_7895237436d34c438f9baaa6e1a7230e~mv2_d_4672_2628_s_4_2.jpg
000021.jpg,https://static.wixstatic.com/media/d45f52_e8e6586d92884f7e949394f578676535~mv2_d_4672_2628_s_4_2.jpg/v1/fill/w_448,h_379,al_c,q_90/d45f52_e8e6586d92884f7e949394f578676535~mv2_d_4672_2628_s_4_2.webp
000022.jpg,https://s3.amazonaws.com/cdn.jungseed.com/images/popup/03113.jpg
000023.jpg,https://chilli-seedz.com/wp-content/uploads/2017/02/IMG_1611-900x900.jpg
000024.jpg,https://static.artfire.com/uploads/mfs/items/18/7c/large/187c69920d56edb5aeee44b35f301ff9013c51ac55d000b138292d07a1f5a2ef.jpg
000025.jpg,https://www.nicholsgardennursery.com/store/avactis-images/PepperBeaverDam.jpg
000026.jpg,https://bloximages.chicago2.vip.townnews.com/wiscnews.com/content/tncms/assets/v3/editorial/b/e2/be25790c-0501-5128-94a3-fb52e35cfb64/59a48a6eecc29.image.jpg?resize=1200%2C800
000027.jpg,https://media1.fdncms.com/chicago/imager/u/original/20059136/beaver_dam_pepper_festival.jpg
000028.jpg,https://cdn11.bigcommerce.com/s-q83qdckkjh/images/stencil/1280x1280/products/453/1098/Pepper_Beaver_Dam__87564.1501100289.gif?c=2&imbypass=on
000029.jpg,https://www.gannett-cdn.com/presto/2019/08/27/PMJS/95f24b4b-26c4-415f-bb88-a6ad734ad0a0-1-hendrickson.jpeg?width=540&height=&fit=bounds&auto=webp
000030.jpg,https://portalvhds26k4f5tktj3ck.blob.core.windows.net/spotpics/sp43653.jpg
000031.jpg,http://inspiremag.biz/wp-content/uploads/2017/03/AugPepperRecipe-1210x642.jpg
000032.jpg,https://www.twincities.com/wp-content/uploads/2015/11/20130902__Beaver-Dam-Pepper-2.jpg?w=620
000033.jpg,https://i.pinimg.com/originals/27/d5/b0/27d5b0910c07f5fea1dd25d589bd5008.jpg
000034.jpg,https://dailydodge.com/wp-content/uploads/2018/09/Beaver-Dam-Pepper-Festival.jpg
000035.jpg,https://www.travelwisconsin.com/uploads/events/b0/b05dff74-96fd-4459-897d-6cf14dbe73fd-pepper-festival.jpg?preset=listing-page-slider-desktop
000036.jpg,https://www.localeben.com/wp-content/uploads/2018/03/BDPepperLogo.jpg
000037.jpg,http://www.specialtyproduce.com/sppics/15097.png
000038.jpg,https://i.ytimg.com/vi/koVFdEo2z-M/maxresdefault.jpg
000039.jpg,https://media2.fdncms.com/chicago/imager/u/original/20059132/beaver_dam.jpg
000040.jpg,https://www.twincities.com/wp-content/uploads/2015/11/20130902__Beaver-Dam-Pepper.jpg?w=620
000041.jpg,https://www.gannett-cdn.com/presto/2019/08/27/PMJS/ae910c42-fdfc-4d2f-956c-0d3229b0057b-9-stuffed-peppers1.jpeg?width=540&height=&fit=bounds&auto=webp
000042.jpg,https://townsquare.media/site/716/files/2017/02/Harvest2.jpg
000043.jpg,https://pics.davesgarden.com/pics/2006/05/28/Suze_/e2d5e0.jpg
000044.jpg,http://images.tastespotting.com/thumbnails/108841.jpg
000045.jpg,https://kubrick.htvapps.com/htv-prod-media.s3.amazonaws.com/ibmig/cms/image/wisn/16085850-16085850.jpg?crop=1xw:1.00000000000000000xh;center,top&resize=640:*
000046.jpg,http://www.tradewindsfruit.com/content/images/beaver_dam_pepper.jpg
000047.jpg,https://bloximages.chicago2.vip.townnews.com/wiscnews.com/content/tncms/assets/v3/editorial/7/eb/7eb29ba8-f17b-5352-808c-af7acffe8a83/5d757d3003556.image.jpg?resize=400%2C342
000048.jpg,https://media1.fdncms.com/chicago/imager/u/original/20059133/img_0767.jpg
000049.jpg,https://www.gannett-cdn.com/presto/2019/08/27/PMJS/a24b76a2-f4c2-4d77-9e5a-68b9c3dc2e95-IMG_1888.JPG?width=540&height=&fit=bounds&auto=webp
000050.jpg,https://ichef.bbci.co.uk/images/ic/640x360/p06t90hb.jpg
000051.jpg,https://www.plantasia.co.uk/images/stories/virtuemart/product/sku_cp01.jpg
000052.jpg,https://www.localeben.com/wp-content/uploads/2018/03/UNADJUSTEDNONRAW_thumb_35d9.jpg
000053.jpg,https://www.seaspringseeds.co.uk/images/stories/virtuemart/product/Beaver_Dam_5093d3ab5463f.jpg
000054.jpg,https://easyhydro.co.uk/wp-content/uploads/2019/02/Beaver-DaM.jpg
000055.jpg,https://cdn.shopify.com/s/files/1/0276/5253/products/IMG_9474_edit_cropped_for_website_dba03561-066a-4a5c-b532-93a00b086e93_large.jpg?v=1510157565
000056.jpg,https://hosstools.com/wp-content/uploads/beaver-dam-hot-pepper-768x516.jpg
000057.jpg,https://assets.dnainfo.com/generated/chicago_photo/2013/09/celebrating-beaver-dam-pepper-1379438599221.JPG/extralarge.jpg
000058.jpg,https://d2lnr5mha7bycj.cloudfront.net/product-image/file/large_00b6e173-7414-4dfd-af1d-acd5657c2d54.jpg
000059.jpg,http://scrumptiouspantry.com/wp-content/uploads/2018/08/scrump1.jpg
000060.jpg,https://dailydodge.com/wp-content/uploads/2017/09/141004-Pepper-Festival-1200x1041.jpg
000061.jpg,https://www.travelwisconsin.com/uploads/events/2a/2ac5bab6-0d65-4998-8741-d4abac9ee7cc-img_1115.jpg?preset=listing-page-slider-desktop
000062.jpg,https://www.gannett-cdn.com/presto/2019/08/27/PMJS/fba019b2-9b28-4e83-bd9c-e1c698fa018b-5-hot-sauce.jpeg?width=540&height=&fit=bounds&auto=webp
000063.jpg,https://cdn.shopify.com/s/files/1/1022/5071/products/pepper-beaver-dam-capsicum-annuum-hungarian-heirloom-brought-to-wisconsin-in-1929-by-the-joe-hussli-family-25-organic-seeds-4_1024x1024.jpg?v=1565030608
000064.jpg,http://goodfoodoneverytable.org/wp-content/uploads/2014/09/Scrumptious-Beaver-Dam-products-e1410883128325.jpg
000065.jpg,https://pics.davesgarden.com/pics/2006/07/12/Suze_/eb8a56.jpg
000066.jpg,https://previews.agefotostock.com/previewimage/medibigoff/201fdb303308852b79f315da90e33beb/gwg-lit996.jpg
000067.jpg,https://i.etsystatic.com/12356882/r/il/c2293d/1135728047/il_570xN.1135728047_hoow.jpg
000068.jpg,https://i.ytimg.com/vi/GiPTc-H2KxA/hqdefault.jpg
000069.jpg,https://www.volunteerdodge.net/content/www.volunteerdodge.net/agency/86032.jpg?1525827451
000070.jpg,https://www.gardenhoard.com/media/catalog/product/cache/1/image/650x/040ec09b1e35df139433887a97daa66f/i/m/img_3986_-_copy.jpg
000071.jpg,https://hungrygenealogist.files.wordpress.com/2017/09/beaver-dam-pepper12.jpg?w=640
000072.jpg,https://www.gannett-cdn.com/-mm-/c56ebc0e969aa15d6cc69d9864dadcfa585cb383/c=0-10-850-490/local/-/media/2016/08/30/WIGroup/FondduLac/636081680729822760-Pepperburger.jpg?width=3200&height=1680&fit=crop
000073.jpg,https://d1nw62gticy6e9.cloudfront.net/uploads/Organic-Joe-Parker-Pepper-300x300.jpg
000074.jpg,https://cdn.shopify.com/s/files/1/0276/5253/products/158_cropped_for_website_large.jpg?v=1541172951
000075.jpg,https://scontent-yyz1-1.cdninstagram.com/vp/37c7fb4664d6493eb0e9d41249c5a5c2/5E1BADE6/t51.2885-15/sh0.08/e35/s640x640/69271265_2436563769925157_7255405169100606734_n.jpg?_nc_ht=scontent-yyz1-1.cdninstagram.com&_nc_cat=105
000076.jpg,https://i.pinimg.com/236x/b9/36/34/b936345171953236f52214d55d0b9e84--chilli-plant-chili.jpg
000077.jpg,https://dailydodge.com/wp-content/uploads/2019/09/IMG_0882.jpg
000078.jpg,https://pbs.twimg.com/media/COe43-xVAAAqmA9.jpg
000079.jpg,http://cdn.shopify.com/s/files/1/1022/5071/products/pepper-beaver-dam-capsicum-annuum-hungarian-heirloom-brought-to-wisconsin-in-1929-by-the-joe-hussli-family-25-organic-seeds-2_1024x1024.jpg?v=1565030607
000080.jpg,https://i0.wp.com/awhaley.com/wp-content/uploads/2018/10/Beaver-Dam.jpg?fit=600%2C600&ssl=1
000081.jpg,https://bloximages.chicago2.vip.townnews.com/wiscnews.com/content/tncms/assets/v3/editorial/e/0c/e0c1a6cf-266e-5aea-8ece-9bb6ca2bbb31/5b6e0f20ae878.image.jpg?resize=1200%2C800
000082.jpg,https://i.pinimg.com/originals/4c/48/59/4c48598467af141fc8fdc5789ca2ddb3.jpg
000083.jpg,http://bridgehousealdershot.co.uk/wp-content/uploads/2014/08/P1040913.jpg
000084.jpg,https://www.designadvertising.net/wp-content/uploads/2018/10/BDCAS-Raffle-Ticket.jpg
000085.jpg,https://www.piedmontfarmandgarden.com/v/vspfiles/photos/PPP017-2.jpg?v-cache=1366092667
000086.jpg,https://www.volunteerdodge.net/content/www.volunteerdodge.net/agency/86032-1951582-425400fd_f.jpg
000087.jpg,https://pbs.twimg.com/media/DHifx6rUwAALX6h.jpg
000088.jpg,http://www.michis-tomatensamen.de/WebRoot/Store18/Shops/61597262/50F0/4A38/B2D0/7BB2/8980/C0A8/2936/E689/Fotolia_46210001_XS_Kopie__m.jpg
000089.jpg,https://elegant-foods-images.s3.amazonaws.com/uploads/product/photo/10048/Beaver-Dam-Pepper.jpg
000090.jpg,https://i.ytimg.com/vi/lrGqjdX-mIo/hqdefault.jpg
000091.jpg,https://www.localeben.com/wp-content/uploads/2018/03/Dawn-Karla-me-JPG.jpg
000092.jpg,https://pbs.twimg.com/media/A9CONTzCEAIMkmL.jpg
000093.jpg,https://chasingchilli.com.au/wp-content/uploads/2017/04/Carolina-Reaper.png
000094.jpg,https://hotsaucefever.com/images/sauces/294/beaver_dam_pepper_sauce.jpg
000095.jpg,https://cdn11.bigcommerce.com/s-q83qdckkjh/images/stencil/500x500/products/453/1097/Beaver_Dam__12826.1501100275.jpg?c=2
000096.jpg,http://scrumptiouspantry.com/wp-content/uploads/2018/08/scrump3.jpg
000097.jpg,https://www.nicholsgardennursery.com/store/avactis-images/thumb_CARROTRAINBOWBLEND_2.jpg
000098.jpg,http://www.genuinefauxfarm.com/gff%20pics/veggies/BeaverDam.jpg
000099.jpg,https://www.travelwisconsin.com/uploads/events/e6/e6cb510e-ef59-4cdc-bbb9-30f75acd89b9-img_1061.jpg
000100.jpg,https://i.pinimg.com/originals/4e/c8/71/4ec871b8b96887b46e5700c957e94bae.jpg
000101.jpg,https://dailydodge.com/wp-content/uploads/2019/09/Beaver-Dam-Pepper-Festival-2019.jpg
000102.jpg,https://bloximages.chicago2.vip.townnews.com/wiscnews.com/content/tncms/assets/v3/editorial/1/18/11843c31-1d3f-5e3e-bf80-1bf407b341ed/59b47ab9563a7.image.jpg?resize=1200%2C800
000103.jpg,http://productinfo2.shophandmade.com/Sku/H22/H221T2T/H221T2T-Product-Productfront-1000X1000Cropped.Jpg
000104.jpg,https://growingfruit-images.s3.dualstack.us-west-2.amazonaws.com/original/3X/3/0/3043cb0301ca257143a5972363e6a067cbcacb83.jpg
000105.jpg,https://www.pepperscale.com/wp-content/uploads/2014/10/hot-pepper-list-768x511.jpeg
000106.jpg,https://www.volunteerdodge.net/content/www.volunteerdodge.net/agency/86032-1951582-60575560_f.jpg
000107.jpg,https://hungrygenealogist.files.wordpress.com/2017/09/beaver-dam-pepper6.jpg?w=640
000108.jpg,http://thewickedgoodfarm.com/wp-content/uploads/2018/08/Z5BDWJ1Q-1.jpg
000109.jpg,https://d2lnr5mha7bycj.cloudfront.net/product-image/file/large_2abecced-ae5a-4d96-8958-049a65ba549a.jpg
000110.jpg,https://static.wixstatic.com/media/b32abc_ae99f07be7ec487a8c76beb444dc4a01~mv2_d_3264_2448_s_4_2.jpg/v1/fit/w_498,h_373,q_90/file.jpg
000111.jpg,http://static1.squarespace.com/static/54e23720e4b0e74b37cc1cc2/t/587e58de5016e1aacc56c7ed/1568333183189/?format=750w
000112.jpg,http://3.bp.blogspot.com/-66p54Y2In8Y/U3-HqQtf2CI/AAAAAAAABcs/7XKyblT1zb0/s1600/Covered+Bridge.jpg
000113.jpg,https://www.galeria-frankkrueger.com/uzwheuzw/uploads/2017/08/Frank-Krueger-Chili-Beaver-Dam.jpg
000114.jpg,https://www.beaverdampepperfestival.com/images/events/2018/20180908_104601.jpg
000115.jpg,https://cdn.shopify.com/s/files/1/0871/0950/products/PepperonciniGreek_1024x1024.jpg?v=1548800723
000116.jpg,https://www.pepperworldhotshop.com/out/pictures/master/product/1/sn004-beaver-dam-chili-samen.jpg
000117.jpg,https://www.gannett-cdn.com/presto/2019/08/27/PMJS/c9dcd0ac-2f3d-4296-a1fd-06009bae4a29-pepper-relish.jpg?width=540&height=&fit=bounds&auto=webp
000118.jpg,https://hungrygenealogist.files.wordpress.com/2017/09/beaver-dam-pepper3.jpg?w=640
000119.jpg,https://www.gannett-cdn.com/-mm-/299cc8718a64fef359a69fc2eb38f67e9205a3ef/c=234-0-685-255/local/-/media/2015/09/02/WIGroup/FondduLac/635768139944627962-BD-pepper.PNG?width=3200&height=1680&fit=crop
000120.jpg,https://assets.atlasobscura.com/media/W1siZiIsInVwbG9hZHMvdGhpbmdfaW1hZ2VzLzA2ZWRkYzA1LWNlY2YtNDM0ZS1iYzI1LTgzM2Q5Y2FkODFjNjllMTEyZmMxMThjZDhjNWViM19hamktY2hhcmFwaXRhLTIuanBnIl0sWyJwIiwiY29udmVydCIsIiJdLFsicCIsImNvbnZlcnQiLCItcXVhbGl0eSA4MSAtYXV0by1vcmllbnQiXSxbInAiLCJ0aHVtYiIsIjU4MHg1ODAjIl1d/aji-charapita-2.jpg
000121.jpg,https://66.media.tumblr.com/378dda747de9a789785366597cfb7a62/tumblr_n9tg6hG46B1t6z1w2o1_1280.jpg
000122.jpg,https://neveldfel.cdn.shoprenter.hu/custom/neveldfel/image/cache/w550h550wt1/STOCK%20k%C3%A9pek/beaver_dam.jpg?lastmod=1569147718.1482238000
000123.jpg,https://www.cityofbeaverdam.com/egov/images/1554671053_60574.jpg
000124.jpg,http://media-cache-ec0.pinimg.com/originals/0d/aa/cb/0daacb927656aafcaa657146ef18873e.jpg
000125.jpg,https://d1nw62gticy6e9.cloudfront.net/uploads/DevilsTongueRedchilliseeds-300x300.jpg
000126.jpg,https://dailydodge.com/wp-content/uploads/2019/09/IMG_0890.jpg
000127.jpg,https://bloximages.chicago2.vip.townnews.com/wiscnews.com/content/tncms/assets/v3/editorial/3/32/332494dd-4b10-58d0-88f7-94889a727dc6/59b47ab8c4f97.image.jpg?resize=500%2C750
000128.jpg,https://i.ytimg.com/vi/s08j9EPfl3U/hqdefault.jpg
000129.jpg,https://townsquare.media/site/719/files/2017/02/day13-2.jpg?w=300&q=75
000130.jpg,https://cdn.shopify.com/s/files/1/0871/0950/products/Shishitopic_1024x1024.jpg?v=1560291711
000131.jpg,https://pbs.twimg.com/media/Bt5Py43CAAAP1Ol.jpg
000132.jpg,https://www.gardenhoard.com/media/catalog/product/cache/1/small_image/295x295/9df78eab33525d08d6e5fb8d27136e95/2/0/20180805_091320.jpg
000133.jpg,https://www.cityofbeaverdam.com/egov/images/1554668887_77111.jpg
000134.jpg,https://2.bp.blogspot.com/-T3P2BDgWORE/WH6piVjyKQI/AAAAAAAAK6Q/rthwUrYcUGAWZz653fgEaqDpOZ-JEUvmwCLcB/s1600/IMG_3351.JPG
000135.jpg,https://www.volunteerdodge.net/content/www.volunteerdodge.net/agency/86032-1951582-68ca5137_f.jpg
000136.jpg,https://images.squarespace-cdn.com/content/v1/52704872e4b0b910b68f1897/1390685127453-V1ZST269V70UN2RQ6KPM/ke17ZwdGBToddI8pDm48kHXueJH9UjtMonye6iJTK1pZw-zPPgdn4jUwVcJE1ZvWhcwhEtWJXoshNdA9f1qD7Xj1nVWs2aaTtWBneO2WM-vvQmfiMuICS4ns5A3hFXzS3TY2yCioX4s8DZa6yhAY3g/Beaver+Dam+Green+Highlighted.jpg
000137.jpg,http://goodfoodoneverytable.org/wp-content/uploads/2014/09/DSC02277.jpg
000138.jpg,https://www.gannett-cdn.com/presto/2019/08/27/PMJS/93fd349a-a02c-4e77-b451-4ce692486910-3-diana-ogle.jpeg?width=540&height=&fit=bounds&auto=webp
000139.jpg,https://upload.wikimedia.org/wikipedia/commons/2/2e/Capsicum_annuum_Beaver_Dam_1zz.jpg
000140.jpg,https://dailydodge.com/wp-content/uploads/2019/09/IMG_0885.jpg
000141.jpg,https://hungrygenealogist.files.wordpress.com/2017/09/beaver-dam-pepper2.jpg?w=640
000142.jpg,https://urbantomato.ca/wp-content/uploads/blogger/-tbJPHF1Tc9A/To9N48BJfXI/AAAAAAAACbo/NilaWw7bQwI/s1600/100_2623.JPG
000143.jpg,https://www.pepperscale.com/wp-content/uploads/2016/06/holy-mole-pepper-lg.jpg
000144.jpg,https://www.cayennediane.com/wp-content/uploads/Infinity-Chilli-Pepper-300x300.jpg
000145.jpg,http://3.bp.blogspot.com/--6ionY6ro6g/UhxRCMJm59I/AAAAAAAACmU/D69ENVEG88U/s1600/Chilli+Padron+August+2013+3.jpg
000146.jpg,https://cdn.shopify.com/s/files/1/2406/3467/products/Jimmy_Nardello_wide_580x.JPG?v=1546739803
000147.jpg,http://1.bp.blogspot.com/-MfthpSr5C7o/UedM-OFChdI/AAAAAAAAkFw/4BFEYKFaWIQ/s1600/IMG_3543.JPG
000148.jpg,https://egeszsegmezo.hu/wp-content/uploads/2019/09/beaver-dam-218x300.jpg
000149.jpg,https://pbs.twimg.com/media/EBIQ5o_XkAA_w3E.jpg
000150.jpg,http://cdn.shopify.com/s/files/1/1022/5071/products/pepper-beaver-dam-capsicum-annuum-hungarian-heirloom-brought-to-wisconsin-in-1929-by-the-joe-hussli-family-25-organic-seeds-3_630x630.jpg?v=1565030607
000151.jpg,https://townsquare.media/site/719/files/2015/03/BDP-21-630x472.jpg?w=980&q=75
000152.jpg,http://img.photobucket.com/albums/v358/NitrousMouse/IMG_0004-4.jpg
000153.jpg,https://d1nw62gticy6e9.cloudfront.net/uploads/Organic-Big-Jim-Pepper-300x300.jpg
000154.jpg,https://dailydodge.com/wp-content/uploads/2019/09/BD-Pepper-Festival-Pie-Eating-Contest-3.jpeg
000155.jpg,https://cdn.shopify.com/s/files/1/2406/3467/products/fishpepperarranged_580x.JPG?v=1511828017
000156.jpg,http://seedsample.com/wp-content/uploads/2012/04/P1011234.jpg
000157.jpg,http://www.tradewindsfruit.com/content/images/aji-llanero-pepper.jpg
000158.jpg,http://i516.photobucket.com/albums/u323/as8566/100_1666.jpg
000159.jpg,https://www.cayennediane.com/wp-content/uploads/Ghost-Peppers-300x300.jpg
000160.jpg,https://cdn.shopify.com/s/files/1/0871/0950/products/cubanellepeppers_1024x1024.jpg?v=1544035582
000161.jpg,https://dailycoffeenews.com/wp-content/uploads/2018/11/Nunatak_Coffee.jpg
000162.jpg,https://www.volunteerdodge.net/content/www.volunteerdodge.net/agency/86032-1951582-3c77bf6a_f.jpg
000163.jpg,https://www.seedsavers.org/site/img/seo-images/0146-derksen-pepper-organic.jpg
000164.jpg,https://bloximages.chicago2.vip.townnews.com/wiscnews.com/content/tncms/assets/v3/editorial/0/62/06293569-c4b2-5ee3-9009-dbdca290827f/57d460e106136.image.jpg?resize=1200%2C800
000165.jpg,https://www.gardenhoard.com/media/catalog/product/cache/1/image/650x/040ec09b1e35df139433887a97daa66f/2/0/20180804_083511.jpg
000166.jpg,https://d1nw62gticy6e9.cloudfront.net/uploads/Caribbean_Red_Pepper1-300x300.jpg
000167.jpg,http://en.runabergsfroer.se/image.php?title=product_709&mini=1&order=0
000168.jpg,http://3.bp.blogspot.com/-QaB8upojgHk/TosbSqwr7uI/AAAAAAAABL0/Tl7SerldNq4/s620/DSC03167.JPG
000169.jpg,http://thewickedgoodfarm.com/wp-content/uploads/2018/10/5B5B8A4A-BA9C-4B0E-A8DF-80466E5FCA3D-324x324.jpeg
000170.jpg,https://www.cayennediane.com/wp-content/uploads/Spanish-Naga-300x300.jpg
000171.jpg,https://nessalla.com/wp-content/uploads/sites/11/2017/03/Product-shelf-flavors-14-1024x683.jpg
000172.jpg,https://hungrygenealogist.files.wordpress.com/2017/09/beaver-dam-pepper8.jpg?w=640
000173.jpg,https://www.volunteerdodge.net/content/www.volunteerdodge.net/agency/86032-1951582-dfc2b6c1_f.jpg
000174.jpg,https://scharfundlecker.de/WebRoot/Store16/Shops/72ecc385-2423-4740-a34d-191be29dfbd6/5479/DC1D/8E38/3602/D9B0/0A48/3547/B669/Beaver_Dam_Paprikasamen.jpg
000175.jpg,https://bloximages.chicago2.vip.townnews.com/wiscnews.com/content/tncms/assets/v3/editorial/2/e2/2e23f7fc-0c4e-5745-a388-0b349d2b5bc5/5d7ea2c398e7b.image.jpg?resize=1200%2C800
000176.jpg,https://www.motorrowbrewing.com/wp-content/uploads/2018/10/IMG_20180925_113625-1500x430.jpg
000177.jpg,http://www.sampleseeds.com/wp-content/uploads/2015/10/peppermarconi.jpg
000178.jpg,https://assets.atlasobscura.com/media/W1siZiIsInVwbG9hZHMvdGhpbmdfaW1hZ2VzL2VkZDZjZjc5NjY2MzlkYWFlMl9QaW1pZW50b3NkZVBhZHJvbl9BbmRyZWFzIFNhbGRhdnM6U2h1dHRlcnN0b2NrLmpwZyJdLFsicCIsImNvbnZlcnQiLCIiXSxbInAiLCJjb252ZXJ0IiwiLXF1YWxpdHkgODEgLWF1dG8tb3JpZW50Il0sWyJwIiwidGh1bWIiLCI1ODB4NTgwIyJdXQ/PimientosdePadron_Andreas%20Saldavs%3AShutterstock.jpg
000179.jpg,http://i1353.photobucket.com/albums/q669/theonlypaintedlady/DSC07099_zps8955wtf0.jpg
000180.jpg,https://cdn11.bigcommerce.com/s-cg0adf/images/stencil/500x659/products/673/1237/Hungarian_Not_Wax_after_2_weeks__30702.1448476719.gif?c=2
000181.jpg,https://www.pepperscale.com/wp-content/uploads/2017/02/peperone-di-senise-e1486858956795.jpg
000182.jpg,http://www.chileplanet.eu/img/Chervena%20Chushka.jpg
000183.jpg,https://cdn.shopify.com/s/files/1/0276/5253/products/DSC_0018-001_crop_for_website_large.JPG?v=1489428996
000184.jpg,https://images.squarespace-cdn.com/content/v1/52704872e4b0b910b68f1897/1384529445535-W49FZEYE479J1UIS4005/ke17ZwdGBToddI8pDm48kA_SSaoz4elkj-HsZd8gX3Z7gQa3H78H3Y0txjaiv_0fDoOvxcdMmMKkDsyUqMSsMWxHk725yiiHCCLfrh8O1z5QPOohDIaIeljMHgDF5CVlOqpeNLcJ80NK65_fV7S1UWPwZyNcweDIvdeL5kotwkIXjs9g0WibSO_cU-Ijy4Pwg6poS-6WGGnXqDacZer4yQ/IMG_0693.jpg?format=1500w
000185.jpg,https://www.nicholsgardennursery.com/store/avactis-images/thumb_PepperAnaheim_2.jpg
000186.jpg,https://www.jbgorganic.com/cms/wp-content/uploads/2017/07/170713_SDG324262.jpg
000187.jpg,https://i0.wp.com/thechilliexpert.com/wp-content/uploads/2019/06/randy-fath-791333-unsplash.jpg?resize=900%2C500&ssl=1
000188.jpg,https://growingfruit-images.s3.dualstack.us-west-2.amazonaws.com/optimized/3X/9/1/912a9737b54c292e9135518ff98fa8569d6f618e_2_562x1000.jpg
000189.jpg,https://dqzrr9k4bjpzk.cloudfront.net/images/13049123/815149141.jpg
000190.jpg,https://www.travelwisconsin.com/uploads/events/0d/0d5993e6-1ab7-43a2-b774-c05f50237f4b-bd-pepper-1.jpg
000191.jpg,https://static.wixstatic.com/media/d45f52_335c2565c8554644973fe277001922b8~mv2_d_4672_2628_s_4_2.jpg/v1/fill/w_560,h_272,al_c,q_90/d45f52_335c2565c8554644973fe277001922b8~mv2_d_4672_2628_s_4_2.webp
000192.jpg,https://www.peperzaden.nl/media/catalog/product/cache/51e4881dc4e265ed9adcb710d483ab73/b/e/beaver_dam.jpg
000193.jpg,http://www.chileplanet.eu/img/Hinkelhatz.jpg
000194.jpg,http://www.tradewindsfruit.com/content/images/aji-llanero-pepper2.jpg
000195.jpg,https://www.nicholsgardennursery.com/store/avactis-images/thumb_PepperNumexBigJim.jpg
000196.jpg,https://www.vegetariantimes.com/.image/t_share/MTQ1NjI1MTIwODc3OTc5NTY4/peppers.jpg
000197.jpg,https://thetomatoladyblog.files.wordpress.com/2019/08/flowers-garden-63.jpg?w=584
000198.jpg,http://cdn.territorialseed.com/images/uploads/14316_7016_large.jpg
000199.jpg,https://www.boundarywaterscatalog.com/prodimages/alt_images/69001003label.jpg
000200.jpg,https://s3.amazonaws.com/cdn.jungseed.com/images/thumb/03061.jpg
000201.jpg,https://growingfruit-images.s3.dualstack.us-west-2.amazonaws.com/optimized/3X/d/2/d2d34d4098dc32dc9a8aee018285aa5be9518fac_2_690x919.jpg
000202.jpg,https://i.imgur.com/jLhSfrSh.jpg
000203.jpg,http://d27a41718be4f8d2e13e-954a966593ea26dd28ebb3ba5e1e6362.r50.cf1.rackcdn.com/uploads/1543680321-LearningPartners_GeneHuettnerCity_of_Fox_Lake_703x309.jpg
000204.jpg,https://cdn11.bigcommerce.com/s-q83qdckkjh/images/stencil/1280x1280/products/462/1116/Cayenne__55866.1501184562.jpg?c=2&imbypass=on
000205.jpg,https://cdn.shopify.com/s/files/1/1957/1831/products/pepper_red_and_yellow_large.jpg?v=1504974519
000206.jpg,https://www.nicholsgardennursery.com/store/avactis-images/thumb_PepperLittleBell_2.jpg
000207.jpg,https://cdn.shopify.com/s/files/1/0276/5253/products/IMG_9675_edit-cropped_for_website-nostroke_large.jpg?v=1510172062
000208.jpg,https://cdn11.bigcommerce.com/s-cg0adf/images/stencil/500x659/products/723/1305/Birdseye__16717.1448723226.jpg?c=2
000209.jpg,https://dqzrr9k4bjpzk.cloudfront.net/images/13049123/928400345.jpg
000210.jpg,https://cdn.shopify.com/s/files/1/0871/0950/files/sweet-pepper-seeds_15af5df6-4523-4292-8308-600f2ff007a1_1024x1024.jpg?v=1553807168
000211.jpg,https://pbs.twimg.com/media/Dd5SjbCUQAANPnf.jpg
000212.jpg,http://www.tradewindsfruit.com/content/images/chimayo-pepper2.jpg
000213.jpg,https://image.isu.pub/160314152423-8cf51d728427da208f157c56d74e1948/jpg/page_13.jpg
000214.jpg,http://www.bendbulletin.com/csp/mediapool/sites/dt.common.streams.StreamServer.cls?STREAMOID=wd8jBeaYt9oDoTo2qdJabs$daE2N3K4ZzOUsqbU5sYusGlM6Rtlzcc38oqOg_110WCsjLu883Ygn4B49Lvm9bPe2QeMKQdVeZmXF$9l$4uCZ8QDXhaHEp3rvzXRJFdy0KqPHLoMevcTLo3h8xh70Y6N_U_CryOsw6FTOdKL_jpQ-&CONTENTTYPE=image/jpeg
000215.jpg,https://thetomatoladyblog.files.wordpress.com/2016/02/shishito-hot-pepper.jpg?w=584
000216.jpg,https://www.cayennediane.com/wp-content/uploads/Bahamian-Bird-Pepper-300x300.jpg
000217.jpg,https://st.hzcdn.com/fimgs/b402515f04cb30b4_4479-w240-h320-b0-p0--.jpg
000218.jpg,http://cdn.territorialseed.com/images/uploads/11621_9190_large.jpg
000219.jpg,https://grist.files.wordpress.com/2011/05/hot-chiles-flickr-josh-kellogg.jpg
000220.jpg,http://img0104.psstatic.com/158303051_vtg-enesco-busy-beaver-dam-animal-salt-pepper-shakers.jpg
000221.jpg,http://chasingchiles.com/wp-content/uploads/2011/04/3880400014_6f2dfaa21e_b_wide-thumb-600x250-48150.jpg
000222.jpg,http://www.sampleseeds.com/wp-content/uploads/2016/10/pepper-Leutschauer-Paprika.jpg
000223.jpg,http://i1353.photobucket.com/albums/q669/theonlypaintedlady/DSC07096_zps1c9h8akh.jpg
000224.jpg,https://www.seedsavers.org/site/img/seo-images/1446-hinkelhatz-pepper-organic.jpg
000225.jpg,https://bloximages.chicago2.vip.townnews.com/madison.com/content/tncms/assets/v3/classifieds/d/cc/dcc68b80-477b-5b00-a451-9f370ac377ce/5c76b40f78c98.preview.jpg?resize=1200%2C720
000226.jpg,https://cdn.shopify.com/s/files/1/0871/0950/products/stockyRedRoosterpepperpic_1024x1024.jpg?v=1548196328
000227.jpg,http://www.jubileehealthplace.org/wp-content/uploads/2014/11/peppers-at-market-700x400.jpg
000228.jpg,https://growingfruit-images.s3.dualstack.us-west-2.amazonaws.com/optimized/3X/d/0/d0322f6483d29948fa387472608e392ec4a8055f_2_690x458.JPG
000229.jpg,https://dqzrr9k4bjpzk.cloudfront.net/images/13049123/815167012.jpg
000230.jpg,https://cdn.shopify.com/s/files/1/0276/5253/products/DSC_0034_crop_for_website_large.jpg?v=1489424762
000231.jpg,https://vetomagmester.hu/wp-content/uploads/2019/02/PEP122.jpg
000232.jpg,https://cdn.shopify.com/s/files/1/1957/1831/products/peppers_mini_bell_large.jpg?v=1501721658
000233.jpg,https://s1.hankr.com/images/i/68bc73bd4610415bbf89cd94b8678ae4/A8China_-_HotPepperChicken-4.jpg?preset=lg
000234.jpg,https://cdn.websites.hibu.com/038d9927d2934abfa456b8cb32246a6e/dms3rep/multi/mobile/c4.jpg
000235.jpg,https://hungrygenealogist.files.wordpress.com/2017/09/beaver-dam-pepper11.jpg?w=640
000236.jpg,https://static1.squarespace.com/static/54e23720e4b0e74b37cc1cc2/54f54720e4b0c8f53fe34089/5d2e00360a52970001c8f706/1563296363160/DCCA.JPG?format=1500w
000237.jpg,http://www.foxglove-farms.com/yahoo_site_admin/assets/images/tam.51194114_std.jpg
000238.jpg,https://cdn.shopify.com/s/files/1/2406/3467/products/pippinsgoldenhoneybasket_580x.jpg?v=1550610848
000239.jpg,https://bloximages.chicago2.vip.townnews.com/agupdate.com/content/tncms/assets/v3/editorial/a/67/a67ccd70-ef67-529a-8455-abf4c8de5eea/55184514130d9.image.jpg?resize=400%2C267
000240.jpg,https://c1.staticflickr.com/5/4502/37082721803_1718d76a02_c.jpg
000241.jpg,https://s3.amazonaws.com/cdn.jungseed.com/images/thumb/03217.jpg
000242.jpg,https://d1nw62gticy6e9.cloudfront.net/uploads/Screen-Shot-2019-02-25-at-7.43.56-AM-300x300.png
000243.jpg,https://www.beaverdampepperfestival.com/images/events/2018/20180908_105921.jpg
000244.jpg,https://www.volunteerdodge.net/content/www.volunteerdodge.net/agency/86032-1951582-5154a433_f.jpg
000245.jpg,http://cdn.territorialseed.com/images/uploads/1058_7063_large.jpg
000246.jpg,http://www.tradewindsfruit.com/content/images/fish-pepper5.jpg
000247.jpg,https://www.galeria-frankkrueger.com/uzwheuzw/uploads/2016/07/IMG_9382.jpg
000248.jpg,https://live.staticflickr.com/2884/12774111304_a2f70e2026_z.jpg
000249.jpg,https://image.zmenu.com/menupic/2268587/w_20190110043518289251.jpg
000250.jpg,https://ohio.ca.uky.edu/files/styles/panopoly_image_original/public/farmers_market.jpg?itok=rOtWk3zQ
000251.jpg,https://growingfruit-images.s3.dualstack.us-west-2.amazonaws.com/optimized/3X/c/3/c3fa6b66b8ec3055d6802c6b1fd8aa035f4c6c09_2_562x1000.JPG
000252.jpg,https://cdn-image.foodandwine.com/sites/default/files/styles/4_3_horizontal_-_1200x900/public/pirates-lantern-hot-sauce-xl-hs1215.jpg?itok=FVy70Oi7
000253.jpg,https://www.nicholsgardennursery.com/store/avactis-images/thumb_PepperSweetBanana_2.jpg
000254.jpg,https://dqzrr9k4bjpzk.cloudfront.net/images/13049123/815144697.jpg
000255.jpg,http://www.chileplanet.eu/img/Doe%20Hill%20Pepper.jpg
000256.jpg,http://1.bp.blogspot.com/-q5ir4CGyHBM/UP4YJ12ZngI/AAAAAAAAKeQ/dOihaNxZbK0/s1600/P1140566.JPG
000257.jpg,https://www.picclickimg.com/d/l400/pict/183821067113_/Vintage-Mid-Century-UCTCI-Japan-Stoneware-Pig-Salt.jpg
000258.jpg,https://www.cityofbeaverdam.com/egov/images/1554669881_91682.png
000259.jpg,https://thetomatoladyblog.files.wordpress.com/2019/02/samson-in-garden.jpg?w=584
000260.jpg,https://www.seedsavers.org/site/img/seo-images/0239-jimmy-nardellos-pepper.jpg
000261.jpg,http://i1353.photobucket.com/albums/q669/theonlypaintedlady/DSC07264%20-%20Copy_zpsvwxnwiyo.jpg
000262.jpg,https://img.index.hu/imgfrm/5/5/4/8/THM_0011845548.jpg
000263.jpg,http://www.sampleseeds.com/wp-content/uploads/2016/10/pepperjuanitapeppadew.jpg
000264.jpg,https://live.staticflickr.com/2921/14197041279_a04d666eef_b.jpg
000265.jpg,https://hungrygenealogist.files.wordpress.com/2017/09/beaver-dam-pepper13.jpg?w=640
000266.jpg,https://lh5.googleusercontent.com/-XME_qussyHQ/TWwkHCeUS2I/AAAAAAAAAcE/A-stT50RucA/s1600/IMG_3080.JPG
000267.jpg,https://cdn.shopify.com/s/files/1/0871/0950/products/trickortreatpepperpic2_1024x1024.jpg?v=1548800717
000268.jpg,https://d1nw62gticy6e9.cloudfront.net/uploads/King-of-the-North-Pepper-300x300.jpg
000269.jpg,https://www.cayennediane.com/wp-content/uploads/Cheyenne-Pepper-300x300.jpg
000270.jpg,https://i.ebayimg.com/images/g/4AYAAOSw3AFcnuhJ/s-l300.jpg
000271.jpg,https://cdn.shopify.com/s/files/1/0276/5253/products/DSC_0012-002_large.jpg?v=1489428528
000272.jpg,http://www.tradewindsfruit.com/content/images/zimbabwe_bird_pepper.jpg
000273.jpg,https://www.pepperscale.com/wp-content/uploads/2014/10/lemon-drop-pepper_1-768x576.jpg
000274.jpg,https://www.gardenhoard.com/media/catalog/product/cache/1/small_image/295x295/9df78eab33525d08d6e5fb8d27136e95/2/0/20181007_101830.jpg
000275.jpg,https://i0.wp.com/www.dodgecountyfairgrounds.com/wp-content/uploads/20160827_092051-e1474325793628.jpg?ssl=1
000276.jpg,https://www.seedsavers.org/site/img/seo-images/0140-1-ausilio-thin-skin-italian-pepper-organic.jpg
000277.jpg,https://dqzrr9k4bjpzk.cloudfront.net/images/13049123/815159055.jpg
000278.jpg,https://www.chilipeppermadness.com/wp-content/uploads/2018/03/Chipotle-Chicken-Stuffed-Peppers-Recipe4.jpg
000279.jpg,http://www.sampleseeds.com/wp-content/uploads/2016/04/senisepepper.jpg
000280.jpg,https://www.travelwisconsin.com/uploads/events/2a/2ac5bab6-0d65-4998-8741-d4abac9ee7cc-img_1115.jpg
000281.jpg,http://3.bp.blogspot.com/-VxjHKUv0pQQ/UT05jTx7hTI/AAAAAAAAijE/l0pck6Bjsvs/s1600/glorioso+items.jpg
000282.jpg,https://s3.amazonaws.com/cdn.jungseed.com/images/thumb/03795.jpg
000283.jpg,https://www.cayennediane.com/wp-content/uploads/Hidalgo-Chili-Pepper-300x300.jpg
000284.jpg,https://www.picclickimg.com/d/l400/pict/263794619730_/Vintage-Beaver-Dam-Salt-Pepper-Shakers.jpg
000285.jpg,https://thetomatoladyblog.files.wordpress.com/2019/08/cualiflower-cucumbers-8119-3.jpg?w=584
000286.jpg,https://cdn.shopify.com/s/files/1/2406/3467/products/buenamulatafruits_0822af33-edad-4776-9f99-d44c3f0ebb3b_580x.JPG?v=1512675145
000287.jpg,https://static.wixstatic.com/media/02f69a_474ee0ed75594e51871f99d4919a141c.jpg/v1/fill/w_560,h_436,al_c,q_80,usm_0.66_1.00_0.01/02f69a_474ee0ed75594e51871f99d4919a141c.webp
000288.jpg,https://faee3700c89a706cf4c0-954a966593ea26dd28ebb3ba5e1e6362.ssl.cf1.rackcdn.com/uploads/1553965840-LearningPartners_GovBoard_703x309.jpg
000289.jpg,https://hungrygenealogist.files.wordpress.com/2017/09/beaver-dam-pepper7.jpg?w=640
000290.jpg,http://2.bp.blogspot.com/-T1b399d3U-E/Ujr3dbXqm0I/AAAAAAAABO4/OCLqWZlMVbg/s1600/CSA+Share+15.jpg
000291.jpg,https://townsquare.media/site/716/files/2017/02/BDP-5.jpg?w=630&amp;h=420&amp;zc=1&amp;s=0&amp;a=t&amp;q=89
000292.jpg,https://images.squarespace-cdn.com/content/v1/52704872e4b0b910b68f1897/1383859139647-JIYTDIWTX2WB23Q29L3D/ke17ZwdGBToddI8pDm48kESpNkLfrvCRfMjFcV9v-0F7gQa3H78H3Y0txjaiv_0fDoOvxcdMmMKkDsyUqMSsMWxHk725yiiHCCLfrh8O1z5QHyNOqBUUEtDDsRWrJLTmxyXvWKJWcy4t4TJMVJdPeqWnCj13zj5RjSUw5YlKjpEb1hEatJWXKcVTYsyuZ6i0/Brandywines
000293.jpg,https://pbs.twimg.com/media/EEH66C_UcAApIda.jpg
000294.jpg,http://3.bp.blogspot.com/-0IK61eG4RDs/To9eiDrKO8I/AAAAAAAAAac/DR4dvYRny74/s1600/BeaverDamPlusGFF.jpg
000295.jpg,https://bloximages.chicago2.vip.townnews.com/madison.com/content/tncms/assets/v3/classifieds/8/c6/8c6788f3-19f7-5427-9329-f446007a249b/5d71696679e3c.preview.jpg
000296.jpg,https://ded8b07dd9e637888fc2-e87978aaae5cf97349d88697fd53e4c9.ssl.cf1.rackcdn.com/dc154288-d8b0-4858-92db-68421548f37a.jpg
000297.jpg,https://cdn.shopify.com/s/files/1/0871/0950/products/hothungarianpeppers_1024x1024.jpg?v=1566339701
000298.jpg,https://d1nw62gticy6e9.cloudfront.net/uploads/Guajillo-Pepper-Seeds-300x300.jpg
000299.jpg,https://scontent-lax3-2.cdninstagram.com/v/t51.2885-15/sh0.08/e35/s750x750/68953684_168416150982237_1865388638744033695_n.jpg?_nc_ht=scontent-lax3-2.cdninstagram.com&oh=73625b20c48479ce3e636f372180dc01&oe=5E1134E8&ig_cache_key=MjExMzU1OTYyMzcwNjE4NDIxNA%3D%3D.2
000300.jpg,https://bloximages.chicago2.vip.townnews.com/wiscnews.com/content/tncms/assets/v3/editorial/7/9f/79fa5f06-57df-56b5-b290-6d11999ceaa5/5dae66a19aa7c.image.jpg?resize=400%2C272
000301.jpg,https://www.volunteerdodge.net/content/www.volunteerdodge.net/agency/86032-1951582-c1e5cced_f.jpg
000302.jpg,http://www.tradewindsfruit.com/content/images/peter_pepper.jpg
000303.jpg,http://img.photobucket.com/albums/v358/NitrousMouse/IMG_0013-4.jpg
000304.jpg,https://www.gardenhoard.com/media/catalog/product/cache/1/small_image/295x295/9df78eab33525d08d6e5fb8d27136e95/2/0/20180926_084020.jpg
000305.jpg,https://s3.amazonaws.com/cdn.jungseed.com/images/thumb/03088.jpg
000306.jpg,https://www.nicholsgardennursery.com/store/avactis-images/thumb_OnionSweetSpanish.jpg
000307.jpg,https://i.ytimg.com/vi/3I-wWR-7hPs/maxresdefault.jpg
000308.jpg,https://www.chilipeppermadness.com/wp-content/uploads/2018/03/Chipotle-Chicken-Stuffed-Peppers-Recipe6.jpg
000309.jpg,http://static.squarespace.com/static/53f2223ee4b0516cd60b393d/53f36841e4b08b35065b992f/53f3685fe4b08b35065ba09d/1385384733000/Lettuce-Tennis-Ball.jpg?format=original
000310.jpg,http://www.genuinefauxfarm.com/gff%20pics/veggies/BeaverDamPlants.jpg
000311.jpg,https://chilli-seedz.com/wp-content/uploads/2015/08/Afghani-254x203.jpg
000312.jpg,https://cdn.shopify.com/s/files/1/2406/3467/products/petitguillet2_9f877e53-e612-4370-a6dd-b9b866b1da75_580x.jpg?v=1514751288
000313.jpg,https://dailydodge.com/wp-content/uploads/2019/08/pepper-fest-poster-2019.png
000314.jpg,https://growingfruit-images.s3.dualstack.us-west-2.amazonaws.com/optimized/3X/a/b/ab98db8ef1ad186cf1d983dce2c554d1a8fb694f_2_690x458.JPG
000315.jpg,https://s3.studylib.net/store/data/006828171_1-805e108fa8bf12a6b5997a0d50d40b3a.png
000316.jpg,https://www.picclickimg.com/d/l400/pict/232254094112_/Vintage-Japan-Enesco-Beaver-Dam-Series-Salt.jpg
000317.jpg,https://ded8b07dd9e637888fc2-e87978aaae5cf97349d88697fd53e4c9.ssl.cf1.rackcdn.com/c6532078-98c7-4302-86a3-17f6933b7f75.jpg
000318.jpg,https://townsquare.media/site/719/files/2017/02/stuffed2.jpg?w=630&q=75
000319.jpg,https://media-cdn.tripadvisor.com/media/photo-s/12/a9/4b/64/best-pizza-in-dodge-county.jpg
000320.jpg,https://www.cityofbeaverdam.com/egov/images/1554075362_22291.jpg
000321.jpg,https://www.designadvertising.net/wp-content/uploads/2018/10/Burnett-First-Responders-Hi-Viz-Jackets-Front-600x403.jpg
000322.jpg,https://resizer.otstatic.com/v2/photos/medium/26135193.jpg
000323.jpg,http://www.tradewindsfruit.com/content/images/trinidad_douglah_pepper.JPG
000324.jpg,https://www.cayennediane.com/wp-content/uploads/Barkers-Hot-pepper-300x300.jpg
000325.jpg,http://emeraldacresfarm.com/uploads/3/4/9/0/34909978/published/fb-img-1519267132483.jpg?1531088843
000326.jpg,https://dqzrr9k4bjpzk.cloudfront.net/images/13049123/815149093.jpg
000327.jpg,https://www.cayennediane.com/wp-content/uploads/Tabasco-Peppers-300x300.jpg
000328.jpg,https://www.seedsavers.org/site/img/seo-images/0971A-fish-pepper-organic.jpg
000329.jpg,https://static.wixstatic.com/media/0deae6_1c8f8e6bb55f41d5a405269aafe66cf4~mv2_d_2448_3264_s_4_2.jpg/v1/fill/w_232,h_232,usm_1.20_1.00_0.01/file.jpg
000330.jpg,https://www.pepperscale.com/wp-content/uploads/2017/10/numex-big-jim.jpg
000331.jpg,http://www.tradewindsfruit.com/content/images/habanero-pastel-pepper.jpg
000332.jpg,https://pbs.twimg.com/profile_images/694971633744785408/Xn85R3LX_400x400.jpg
000333.jpg,https://instagram.fist1-2.fna.fbcdn.net/vp/a4997661259bf0d332bbdf06e1773033/5DCBCAE3/t51.2885-15/sh0.08/e35/s640x640/65005160_1452852078200247_6936360141667233133_n.jpg?_nc_ht=instagram.fist1-2.fna.fbcdn.net
000334.jpg,https://www.galeria-frankkrueger.com/uzwheuzw/uploads/2016/07/IMG_9386.jpg
000335.jpg,http://locable-assets-production.s3.amazonaws.com/uploads/resource/file/100942/main_image_PepperFieldJDW.jpg
000336.jpg,https://www.vegetariantimes.com/.image/t_share/MTQ1NjI1MTIwODc4MzA3MjQ4/orange-tomatoes.jpg
000337.jpg,https://thetomatoladyblog.files.wordpress.com/2016/02/teds-5-color1.jpg?w=646&h=1097
000338.jpg,http://3.bp.blogspot.com/-mcL0LwUXoes/U7IMKmubiQI/AAAAAAAAOYo/VlDT25x-OOc/s1600/DSCF2115%5B1%5D.jpg
000339.jpg,https://www.designadvertising.net/wp-content/uploads/2018/10/Design-Advertising-Business-Cards.jpg
000340.jpg,https://www.cityofbeaverdam.com/egov/images/1554081187_04127.jpg
000341.jpg,https://macore.com/categories/stream_tag/A1V665.jpg
000342.jpg,https://static.wixstatic.com/media/0deae6_3dc5951dfd794f73bc884eebdc6a7cf5~mv2_d_3361_2523_s_4_2.jpg/v1/fill/w_232,h_232,usm_1.20_1.00_0.01/file.jpg
000343.jpg,https://s3-media2.fl.yelpcdn.com/bphoto/u8fmkJrbm8c2MFTDtyjs4A/l.jpg
000344.jpg,https://bloximages.chicago2.vip.townnews.com/madison.com/content/tncms/assets/v3/classifieds/7/80/78032279-74cb-5a05-b536-d2e5e099a11d/5d683d0767816.preview.jpg
000345.jpg,https://static1.squarespace.com/static/54e23720e4b0e74b37cc1cc2/54f54720e4b0c8f53fe34089/5d6ecdbb1fc4130001b50c0c/1567543358256/Wine+Tour+2019.jpg?format=2500w
000346.jpg,https://www.cayennediane.com/wp-content/uploads/2015/02/Peach-Habanero-300x300.jpg
000347.jpg,https://www.gannett-cdn.com/-mm-/a9ef3865d7e8b60febebd18b943327c8d6c35f84/c=176-0-2007-1373/local/-/media/2016/12/04/GreenBay/B9324896513Z.1_20161204004346_000_GJSGKM5D1.1-0.jpg?width=534&height=401&fit=crop
000348.jpg,http://emeraldacresfarm.com/uploads/3/4/9/0/34909978/2182257.jpg?1427748703
000349.jpg,https://cdn.shopify.com/s/files/1/0276/5253/products/409_edit.jpg?v=1489425733
000350.jpg,https://d6ozfheqtj1tz.cloudfront.net/ChIJU0eEQRGfBogR-cifVVnol8g/5b5317ba1cced.jpg
000351.jpg,https://cdn.shopify.com/s/files/1/2406/3467/products/IMG_6112_35f839a7-fa29-4a8d-9c59-c10c57604d6a_580x.JPG?v=1557764342
000352.jpg,http://www.tradewindsfruit.com/content/images/zimbabwe-black-pepper2.jpg
000353.jpg,https://image.zmenu.com/menupic/2346269/8559a155-1a45-4799-981c-9de2404a08d5.jpg
000354.jpg,https://www.beaverdampepperfestival.com/images/events/2018/20180908_111134.jpg
000355.jpg,http://www.gourmetfury.com/wp-content/uploads/2011/09/pepper_baguette_cream_cheese_gumboot_dinner_seasonal56_langley_bc_melody_gourmet_fury.png
000356.jpg,https://townsquare.media/site/719/files/2017/02/suffed3.jpg?w=630&q=75
000357.jpg,https://www.tasteofhome.com/wp-content/uploads/2018/01/Flavorful-Chicken-Fajitas_EXPS_GHBZ18_12540_B08_15_8b.jpg
000358.jpg,https://s3-media2.fl.yelpcdn.com/bphoto/eO4vl65FB8U2iYKkiNohaw/o.jpg
000359.jpg,https://www.gardenhoard.com/media/catalog/product/cache/1/small_image/295x295/9df78eab33525d08d6e5fb8d27136e95/2/0/20181007_101814_1.jpg
000360.jpg,https://images.squarespace-cdn.com/content/v1/52704872e4b0b910b68f1897/1389912336224-NPMO3N8K5Q99GP0KH89B/ke17ZwdGBToddI8pDm48kOgdWN1_x5HeFyeLV0VRAM5Zw-zPPgdn4jUwVcJE1ZvWhcwhEtWJXoshNdA9f1qD7TQvSJ-dUvq06FiA6bZ_jnXgfCrOOtRMK44WkF9_fWEUfrF73pzXYR7N__pf4YYLug/Coming+soon+copy.jpg
000361.jpg,https://i.ytimg.com/vi/oV6Q3W-x-xw/maxresdefault.jpg
000362.jpg,https://f.roocdn.com/images/menus/3549/header-image.jpg?width=1200&height=630&auto=webp&format=jpg&fit=crop&v=1473408783
000363.jpg,https://www.cityofbeaverdam.com/egov/images/1554083347_1619.jpg
000364.jpg,https://dynl.mktgcdn.com/p/IqIuwfyfi12qOxK54MtSfQYHxfpxRFtNL8AMbSeNACk/1900x1068.jpg
000365.jpg,https://scrumptiouspantry.com/wp-content/uploads/2019/06/a00e827e-spin-global-pick-up-and-play-180622123357_0dc0a00dc0a0000000.jpg
000366.jpg,http://www.larderandcupboard.com/wp-content/uploads/2015/01/IMG_9434-1.jpg
000367.jpg,https://www.cayennediane.com/wp-content/uploads/Thai-Peppers-300x300.jpg
000368.jpg,https://www.volunteerdodge.net/content/www.volunteerdodge.net/agency/86032-1951582-c817b2d7_f.jpg
000369.jpg,http://www.bowlinbeaverdam.com/images/Fall_Food_Specials_Menu_19-1.jpg
000370.jpg,https://photos.bringfido.com/restaurants/temp/2392f.jpg?size=stack&density=2x
000371.jpg,https://cdn.shopify.com/s/files/1/2406/3467/products/Shishito_square_e99e1662-4bc0-4b66-b4e3-0546d303bb77_580x.jpg?v=1512673175
000372.jpg,https://image.zmenu.com/menupic/1482043/s_6f213e87-3476-4aad-8c98-a94fabcd2c83.jpg
000373.jpg,https://www.pepperscale.com/wp-content/uploads/2016/01/Chilaca-Pepper.jpg
000374.jpg,https://www.picclickimg.com/d/l400/pict/183839288430_/Vintage-ENESCO-Beaver-Dam-Salt-Pepper-Shakers.jpg
000375.jpg,http://www.tradewindsfruit.com/content/images/7-pot-barrackpore-pepper.jpg
000376.jpg,https://static1.squarespace.com/static/54e23720e4b0e74b37cc1cc2/54f54720e4b0c8f53fe34089/5cbd1adaf9619a675eb63003/1555940208813/DS2243-Small-Business-Bootcamp-Landscape-Master-Logo-transparent.png?format=2500w
000377.jpg,https://thetomatoladyblog.files.wordpress.com/2017/03/jalapeno-green-pepper.jpg?w=584
000378.jpg,http://i1353.photobucket.com/albums/q669/theonlypaintedlady/DSC07265_zpsinkjoj9o.jpg
000379.jpg,https://assets.website-files.com/58af44e29d2bac8d210ce021/5abbc792d4eb8822328e71d0_Jenny%20Buwalda.jpg
000380.jpg,https://scrumptiouspantry.com/wp-content/uploads/2018/08/cropped-scrumptious-pantry-1.png
000381.jpg,http://vintagekitty.com/wp-content/uploads/2017/01/Catalogs-and-Seeds-Web.jpg
000382.jpg,https://www.benvenutos.com/images/gallery/BeaverDaminterior3.jpg
000383.jpg,https://www.seedsavers.org/site/img/seo-images/0045-sheepnose-pimento-pepper-organic.jpg
000384.jpg,https://www.benningtonmarine.com/wp-content/uploads/BenningtonBlog-BeaverLakePhoto-1.jpg
000385.jpg,https://newscdn.weigelbroadcasting.com/Ky4kW-1541793329-tile_image-122848.jpg
000386.jpg,https://thedomesticatedman.files.wordpress.com/2014/07/img_8193.jpg?w=372
000387.jpg,https://www.designadvertising.net/wp-content/uploads/2018/10/Corplast-St-Stephens-VBS-600x403.jpg
000388.jpg,https://www.chilipeppermadness.com/wp-content/uploads/2018/03/Chipotle-Chicken-Stuffed-Peppers-Recipe5.jpg
000389.jpg,https://static1.squarespace.com/static/54e23720e4b0e74b37cc1cc2/54f54720e4b0c8f53fe34089/5d2f16f04977cf00013f8244/1567542108495/nation+of+patriots+rider.jpg?format=2500w
000390.jpg,http://crunchybeachmama.com/wp-content/uploads/2014/07/IMG_6600.jpg
000391.jpg,https://bricksite.com/uf/10000_19999/11217/9fb5c5ef2d82a3732fb52958d85ce11e.jpg
000392.jpg,https://static.wixstatic.com/media/d45f52_0a0923e720a2450d96c2c65b52fd7d63~mv2.jpg/v1/fill/w_425,h_301,al_c/d45f52_0a0923e720a2450d96c2c65b52fd7d63~mv2.jpg
000393.jpg,https://www.cityofbeaverdam.com/egov/images/1554670426_66908.png
000394.jpg,https://image.zmenu.com/menupic/1482055/s_6feba5be-28af-415d-89c2-205a225951d7.jpg
000395.jpg,https://scrumptiouspantry.com/wp-content/uploads/2019/07/humidifier-1024x683.jpg
000396.jpg,https://cdn.shopify.com/s/files/1/2406/3467/products/Chalk_s_Early_Jewel_Tomato_580x.jpg?v=1550030910
000397.jpg,https://www.localeben.com/wp-content/uploads/2019/06/BDMS-1170x658.jpg
000398.jpg,https://www.nicholsgardennursery.com/store/avactis-images/thumb_CornCascadeRuby_2.jpg
000399.jpg,https://www.seedsavers.org/site/img/seo-images/0117-missouri-pink-love-apple-tomato-organic.jpg
000400.jpg,https://pbs.twimg.com/profile_images/934952359968624640/9X8qbjOp.jpg
000401.jpg,https://bloximages.chicago2.vip.townnews.com/madison.com/content/tncms/assets/v3/classifieds/7/80/78032279-74cb-5a05-b536-d2e5e099a11d/5d683d0767816.preview.jpg?crop=978%2C550%2C0%2C224&resize=978%2C550&order=crop%2Cresize
000402.jpg,https://www.pepperscale.com/wp-content/uploads/2016/08/Dried-Dundicut-Pepper.jpg
000403.jpg,https://static1.squarespace.com/static/54e23720e4b0e74b37cc1cc2/54f54720e4b0c8f53fe34089/5ca63c52e2c483c207471450/1554398706730/nation+of+patriots.png?format=1500w
000404.jpg,https://static.wixstatic.com/media/0deae6_fced876544174f239f1aea8373c19cf7~mv2_d_3264_2448_s_4_2.jpg/v1/fill/w_232,h_232,usm_1.20_1.00_0.01/file.jpg
000405.jpg,https://www.beaverdampepperfestival.com/images/events/2018/20180908_125003.jpg
000406.jpg,https://www.designadvertising.net/wp-content/uploads/2016/10/JB-Mechanical-LLC-Business-Cards.jpg
000407.jpg,http://www.tradewindsfruit.com/content/images/aji_omnicolor_pepper5.jpg
000408.jpg,https://cdn.shopify.com/s/files/1/1957/1831/products/pepper_cayenne_large.jpg?v=1503420673
000409.jpg,https://s3.amazonaws.com/cdn.jungseed.com/images/thumb/03054.jpg
000410.jpg,https://growingfruit-images.s3.dualstack.us-west-2.amazonaws.com/optimized/3X/f/7/f76de190c1353c103bd87a697afa5f8f8f3f5279_2_690x920.jpg
000411.jpg,https://townsquare.media/site/719/files/2017/02/peppercrown10.jpg?w=300&amp;h=200&amp;zc=1&amp;s=0&amp;a=t&amp;q=89
000412.jpg,http://www.chileplanet.eu/img/Martins%20Carrot%20Pepper.jpg
000413.jpg,https://www.nicholsgardennursery.com/store/avactis-images/thumb_PepperItalianPeperoncin_2.jpg
000414.jpg,https://thetomatoladyblog.files.wordpress.com/2015/01/pepper-chinese-five-color.jpg?w=584
000415.jpg,http://d27a41718be4f8d2e13e-954a966593ea26dd28ebb3ba5e1e6362.r50.cf1.rackcdn.com/uploads/1551710756-LearningPartners_JonathanGibbs_703x309.jpg
000416.jpg,https://thetomatoladyblog.files.wordpress.com/2019/08/geranium-201935.jpg?w=386&h=289
000417.jpg,https://3.bp.blogspot.com/-61_1x7MSFIc/WfCl5UUsJVI/AAAAAAAAqy0/xZH5ufeiBsMIV58I8E927sMWNTas1q_FQCLcBGAs/s1600/Taylor%2BCreek%2BTahoe%25283%2529%2B%2528Small%2529.JPG
000418.jpg,https://s3.amazonaws.com/cdn.jungseed.com/images/thumb/03222.jpg
000419.jpg,https://growingfruit-images.s3.dualstack.us-west-2.amazonaws.com/optimized/3X/b/4/b4e4d11a1f237e6bab0a35925f468316c5e7fca1_2_690x458.JPG
000420.jpg,https://www.inquirer.com/resizer/czmvmUnD44SWRNO5DPt9sL5lxZc=/1400x0/center/middle/arc-anglerfish-arc2-prod-pmn.s3.amazonaws.com/public/JF44HFMGCFFX7LCZOPTKIHE3JI.jpg
000421.jpg,https://www.nicholsgardennursery.com/store/avactis-images/PepperCayenneLongThin_2.jpg
000422.jpg,https://static1.squarespace.com/static/54e23720e4b0e74b37cc1cc2/54f54720e4b0c8f53fe34089/5d6ed05a12f877000156f351/1569076587617/fall+fest+1.JPG?format=1000w
000423.jpg,https://thetomatoladyblog.files.wordpress.com/2015/01/trinidad-scorpion-hot-pepper.jpg?w=390&h=296
000424.jpg,http://www.sampleseeds.com/wp-content/uploads/2016/10/pepperjuanitapeppadewflower.jpg
000425.jpg,https://growingfruit-images.s3.dualstack.us-west-2.amazonaws.com/optimized/3X/8/1/8175c0deb43e4a5d6b86b9617027b4be1dbbe7ed_2_562x1000.jpg
000426.jpg,http://d27a41718be4f8d2e13e-954a966593ea26dd28ebb3ba5e1e6362.r50.cf1.rackcdn.com/uploads/1548890513-LearningPartners_RickVanthoff_703x309.jpg
000427.jpg,https://www.rowan.edu/hotsauce/img/slide/slide4.jpg
000428.jpg,https://www.volunteerdodge.net/content/www.volunteerdodge.net/agency/86032-1951582-256693ce_f.jpg
000429.jpg,https://www.cayennediane.com/wp-content/uploads/Jwala-Pepper-300x300.jpg
000430.jpg,https://www.nicholsgardennursery.com/store/avactis-images/thumb_PepperJalapenoGigantia_2.jpg
000431.jpg,https://growingfruit-images.s3.dualstack.us-west-2.amazonaws.com/optimized/3X/2/d/2d6cf439c441ae898edaf3d6b9de35e4afd9c4fc_2_690x517.jpg
000432.jpg,https://www.cayennediane.com/wp-content/uploads/Hungarian-Wax-Pepper-300x300.jpg
000433.jpg,https://pbs.twimg.com/media/DitmwVcXcAAkpuT.jpg
000434.jpg,https://www.cityofbeaverdam.com/egov/images/1554671895_59217.png
000435.jpg,https://i1.wp.com/design.newcity.com/wp-content/uploads/2015/11/image-3.jpg
000436.jpg,https://www.nicholsgardennursery.com/store/avactis-images/thumb_CeleriacGiantPrague_2.jpg
000437.jpg,https://www.cayennediane.com/wp-content/uploads/2019/02/Tennessee-Teardrop-Pepper-300x300.jpg
000438.jpg,https://www.volunteerdodge.net/content/www.volunteerdodge.net/agency/86032-1951582-56dd57d7_f.jpg
000439.jpg,https://pbs.twimg.com/media/DHTBLlzUIAAoft8.jpg
000440.jpg,https://i.pinimg.com/originals/0e/df/80/0edf809977cd53f89b760089dc7ca192.png
000441.jpg,http://www.larderandcupboard.com/wp-content/uploads/2015/01/IMG_9435.jpg
000442.jpg,https://images-eu.ssl-images-amazon.com/images/I/41OOIZOzR1L._AC_US200_.jpg
000443.jpg,https://hotsaucefever.com/images/sauces/294/beaver_dam_pepper_sauce_tn.jpg
000444.jpg,https://images-eu.ssl-images-amazon.com/images/I/51sNdvPmYpL._AC_US200_.jpg
000445.jpg,https://images-eu.ssl-images-amazon.com/images/I/51rapGlc5RL._AC_US200_.jpg
000446.jpg,https://bloximages.chicago2.vip.townnews.com/madison.com/content/tncms/assets/v3/classifieds/3/df/3df1bef8-4b00-5d23-8db6-da2d8c5cdae0/5d6804b0ca209.preview.jpg
000447.jpg,https://portalvhds26k4f5tktj3ck.blob.core.windows.net/spotpics/sp48019.jpg
000448.jpg,https://growingfruit-images.s3.dualstack.us-west-2.amazonaws.com/optimized/3X/a/b/abd675fb17349d82422d3fe4a706fa81324eeded_2_690x477.jpg
000449.jpg,https://www.pepperscale.com/wp-content/uploads/2015/10/Beaver-Dam-Pepper_3.jpg
000450.jpg,https://www.cayennediane.com/wp-content/uploads/Beaver-Dam-Pepper.jpg
000451.jpg,https://i.pinimg.com/736x/02/dd/b2/02ddb28b46dda76e76669b0878efc08e--pepper-plants-beavers.jpg
000452.jpg,https://onmilwaukee.com/images/articles/pe/peppercentennial/peppercentennial_fullsize_story1.jpg
000453.jpg,http://www.twincities.com/wp-content/uploads/2015/11/20130902__Beaver-Dam-Pepper-2.jpg
000454.jpg,http://www.tradewindsfruit.com/content/images/beaver_dam_pepper.jpg
000455.jpg,http://cdn1.bigcommerce.com/server700/5mvrqhbm/products/1854/images/148903/beaver-dam-pepper2__90100.1515434882.451.395.jpg
000456.jpg,https://cdn.shopify.com/s/files/1/0276/5253/products/beavdam_large.jpg
000457.jpg,https://www.gardenhoard.com/media/catalog/product/cache/1/image/650x/040ec09b1e35df139433887a97daa66f/2/0/20180826_103315_2.jpg
000458.jpg,https://media2.fdncms.com/chicago/imager/u/original/20059132/beaver_dam.jpg
000459.jpg,http://www.chileplanet.eu/img/Beaver%20Dam%20Pepper.jpg
000460.jpg,https://www.twincities.com/wp-content/uploads/2015/11/20130902__Beaver-Dam-Pepper.jpg
000461.jpg,https://www.gardenhoard.com/media/catalog/product/cache/1/image/650x/040ec09b1e35df139433887a97daa66f/2/0/20180805_091320.jpg
000462.jpg,https://www.gardenhoard.com/media/catalog/product/cache/1/image/650x/040ec09b1e35df139433887a97daa66f/i/m/img_3986_-_copy.jpg
000463.jpg,http://www.piedmontfarmandgarden.com/v/vspfiles/photos/PPP017-2.jpg
000464.jpg,http://seedsample.com/wp-content/uploads/2012/04/P1011234.jpg
000465.jpg,http://images.tastespotting.com/thumbnails/108841.jpg
000466.jpg,https://media1.fdncms.com/chicago/imager/u/original/20059136/beaver_dam_pepper_festival.jpg
000467.jpg,https://assets.atlasobscura.com/media/W1siZiIsInVwbG9hZHMvdGhpbmdfaW1hZ2VzLzljZDIwOWJjLWJmZmYtNGM0ZS1iMmI0LTE4OGQ3MjkzZTZiMTc0NjVhMmFkYjYyZjcyMWQ3Nl9DX2FubnV1bV9iZWF2ZXJfZGFtX2ZydWl0LmpwZyJdLFsicCIsImNvbnZlcnQiLCItYXV0by1vcmllbnQgIl0sWyJwIiwidGh1bWIiLCIxODA3eDE4MDcrMSs1NTQiXSxbInAiLCJjb252ZXJ0IiwiLXF1YWxpdHkgODEgLWF1dG8tb3JpZW50Il0sWyJwIiwidGh1bWIiLCI2MDB4PiJdXQ/C_annuum_beaver_dam_fruit.jpg
000468.jpg,https://cdn.shopify.com/s/files/1/0871/0950/products/beaverdamforweb_copy_1024x1024.jpg
000469.jpg,http://topnews.ae/images/Beaver-Dam-Pepper.jpg
000470.jpg,https://cdn6.bigcommerce.com/s-q83qdckkjh/products/453/images/1097/Beaver_Dam__12826.1501100275.500.750.jpg
000471.jpg,https://hungrygenealogist.files.wordpress.com/2017/09/beaver-dam-pepper3.jpg
000472.jpg,https://bloximages.chicago2.vip.townnews.com/wiscnews.com/content/tncms/assets/v3/editorial/d/83/d83438c0-b35f-551d-bcc9-432e026cfc3c/57d4649fc603e.image.jpg
000473.jpg,https://cdn10.bigcommerce.com/s-2drwt2az/products/3772/images/49281/pepperbeaverdam__49086.1493258904.1280.1280.jpg
000474.jpg,http://www.seedsavers.org/site/img/SEO%20Images/1041-beaver-dam-pepper.jpg
000475.jpg,https://bloximages.chicago2.vip.townnews.com/wiscnews.com/content/tncms/assets/v3/editorial/9/81/981cb935-e874-5b1e-ac94-1612e91dafbf/5d7ea2c67ec5c.image.jpg
000476.jpg,https://img0.etsystatic.com/152/0/7574460/il_340x270.1163232102_ed0e.jpg
000477.jpg,https://chilli-seedz.com/wp-content/uploads/2017/02/IMG_1611-900x900.jpg
000478.jpg,https://www.cityofbeaverdam.com/egov/images/1554082584_63157.jpg
000479.jpg,http://1.bp.blogspot.com/-pRswoOZdeTc/UKQFJWvDP3I/AAAAAAAABBc/T9D7JzaZZyg/s1600/BeaverDamPlusGFF.jpg
000480.jpg,https://i.ytimg.com/vi/3I-wWR-7hPs/maxresdefault.jpg
000481.jpg,http://images.tastespotting.com/uploads/thumbnail/108834.jpg
000482.jpg,https://media1.fdncms.com/chicago/imager/u/original/20059133/img_0767.jpg
000483.jpg,http://goodfoodoneverytable.org/wp-content/uploads/2014/09/Scrumptious-Beaver-Dam-products-e1410883128325.jpg
000484.jpg,http://cdn.shopify.com/s/files/1/0276/5253/products/wisc_lakes_large.jpg
000485.jpg,http://www.tradewindsfruit.com/content/images/flaming-icicle-pepper.jpg
000486.jpg,https://s-media-cache-ak0.pinimg.com/originals/06/c5/32/06c5321c076e4e6d6ab136c1db01f054.jpg
000487.jpg,http://www.tradewindsfruit.com/content/images/aji-llanero-pepper2.jpg
000488.jpg,https://davesgarden.com/guides/pf/thumbnail.php?image=2006/07/12/Suze_/eb8a56.jpg
000489.jpg,http://www.tradewindsfruit.com/content/images/chimayo-pepper.jpg
000490.jpg,https://assets.dnainfo.com/generated/chicago_photo/2013/09/celebrating-beaver-dam-pepper-1379438599221.JPG/extralarge.jpg
000491.jpg,https://bloximages.chicago2.vip.townnews.com/wiscnews.com/content/tncms/assets/v3/editorial/a/37/a378226e-7546-5bf4-8a42-70e53f70c214/57d462c1b9807.image.jpg
000492.jpg,https://hungrygenealogist.files.wordpress.com/2017/09/beaver-dam-pepper.jpg
000493.jpg,https://bloximages.chicago2.vip.townnews.com/wiscnews.com/content/tncms/assets/v3/editorial/f/f0/ff0a1a4b-fa20-5c01-98ce-68c5540abb8f/57d45f799c7c7.image.jpg
000494.jpg,https://ichef.bbci.co.uk/images/ic/1200x675/p06t90hb.jpg
000495.jpg,https://bdpepperfestival.com/images/events/2017/IMG_1625.jpg
000496.jpg,http://www.inspiremag.biz/wp-content/uploads/2017/03/AugPepperRecipe-1024x682.jpg
000497.jpg,http://3.bp.blogspot.com/-b1iXxEG6GAk/UgeaDWKuIVI/AAAAAAAABEE/JlQ2y4Bukpk/s1600/20130811_095114.jpg
000498.jpg,https://bdpepperfestival.com/images/events/2017/IMG_1626.jpg
000499.jpg,https://hungrygenealogist.files.wordpress.com/2017/09/beaver-dam-pepper2.jpg
000500.jpg,https://bdpepperfestival.com/images/events/2017/IMG_1617.jpg
000501.jpg,https://chilli-seedz.com/wp-content/uploads/2017/02/IMG_1611.jpg
000502.jpg,https://hungrygenealogist.files.wordpress.com/2017/09/beaver-dam-pepper11.jpg
000503.jpg,https://www.semillas.de/pepper_fruits/beaver_dam.jpg
000504.jpg,https://bdpepperfestival.com/images/events/2017/IMG_1624.jpg
000505.jpg,https://bdpepperfestival.com/images/events/2017/IMG_1633.jpg
000506.jpg,https://hungrygenealogist.files.wordpress.com/2017/09/beaver-dam-pepper8.jpg
000507.jpg,https://assets.atlasobscura.com/media/W1siZiIsInVwbG9hZHMvdGhpbmdfaW1hZ2VzLzc1ZTFiN2EyLTIzZjMtNDgzOS1hZWRhLTIxNjZkOWUzYTdkOGQ2YTQ0YTcyYmI0OGRmYWFkY18yMzM0ODIxOV8xMjk2NzkyNTc3MTgwODNfMjkyNDg0NTMyMjM4OTY4NDIyNF9uLmpwZyJdLFsicCIsImNvbnZlcnQiLCIiXSxbInAiLCJjb252ZXJ0IiwiLXF1YWxpdHkgODEgLWF1dG8tb3JpZW50Il0sWyJwIiwidGh1bWIiLCI1ODB4NTgwIyJdXQ/23348219_129679257718083_2924845322389684224_n.jpg
000508.jpg,http://www.tradewindsfruit.com/content/images/aji_omnicolor_pepper5.jpg
000509.jpg,https://bdpepperfestival.com/images/events/2017/IMG_1611.jpg
000510.jpg,http://www.tradewindsfruit.com/content/images/aji-de-jardin-pepper2.jpg
000511.jpg,https://bdpepperfestival.com/images/events/2017/IMG_1607.jpg
000512.jpg,https://bdpepperfestival.com/images/events/2017/IMG_1621.jpg
000513.jpg,https://bdpepperfestival.com/images/events/2017/IMG_1654.jpg
000514.jpg,https://hungrygenealogist.files.wordpress.com/2017/09/beaver-dam-pepper6.jpg
000515.jpg,https://bdpepperfestival.com/images/events/2017/IMG_1618.jpg
000516.jpg,https://bdpepperfestival.com/images/events/2017/IMG_1606.jpg
000517.jpg,https://bdpepperfestival.com/images/events/2017/WSJB4410.jpg
000518.jpg,https://hungrygenealogist.files.wordpress.com/2017/09/beaver-dam-pepper13.jpg
000519.jpg,https://bdpepperfestival.com/images/events/2017/IMG_1627.jpg
000520.jpg,https://www.semillas.de/pepper_flowers/beaver_dam.jpg
000521.jpg,http://dailydodge.com/wp-content/uploads/2017/09/141004-Pepper-Festival-1200x1041.jpg
000522.jpg,https://bdpepperfestival.com/images/events/2017/IMG_1605.jpg
000523.jpg,https://bdpepperfestival.com/images/events/2017/IMG_1623.jpg
000524.jpg,https://bdpepperfestival.com/images/events/2017/PQOL8146.jpg
000525.jpg,https://bdpepperfestival.com/images/events/2017/IMG_1644.jpg
000526.jpg,https://bdpepperfestival.com/images/events/2017/IMG_1642.jpg
000527.jpg,https://i.pinimg.com/736x/06/c5/32/06c5321c076e4e6d6ab136c1db01f054--salt-pepper-shakers-beavers.jpg
000528.jpg,https://bdpepperfestival.com/images/events/2017/IMG_1653.jpg
000529.jpg,https://bdpepperfestival.com/images/events/2017/IMG_1635.jpg
000530.jpg,https://img1.etsystatic.com/060/0/7574460/il_340x270.755159567_5680.jpg
000531.jpg,http://www.tradewindsfruit.com/content/images/pimenta-de-neyde-pepper4.jpg
000532.jpg,http://www.tradewindsfruit.com/content/images/golden-nugget-pepper3.jpg
000533.jpg,https://img1.etsystatic.com/016/0/5732189/il_340x270.448254639_nf5g.jpg
000534.jpg,https://bdpepperfestival.com/images/events/2017/IMG_1613.jpg
000535.jpg,http://2.bp.blogspot.com/_GdwwwjK8PSU/SaRVZnStd5I/AAAAAAAAACQ/R_C77wPIpi8/w1200-h630-p-k-no-nu/DSC_5192.jpg
000536.jpg,https://s-media-cache-ak0.pinimg.com/564x/77/eb/2f/77eb2fab81aed37fc225073d6922780c.jpg
000537.jpg,https://bdpepperfestival.com/images/events/2017/IMG_1609.jpg
000538.jpg,https://i.pinimg.com/736x/37/45/7f/37457feb305e23e1dee1086a46d0718e--beavers.jpg
000539.jpg,https://s-media-cache-ak0.pinimg.com/736x/dc/a7/c2/dca7c2ab9f690189561ca7b5d3e0327b.jpg
000540.jpg,https://kalieskitchengarden.files.wordpress.com/2013/04/april-4-005.jpg
000541.jpg,https://www.benvenutos.com/images/gallery/BeaverDaminterior1.jpg
000542.jpg,https://dailydodge.com/wp-content/uploads/2017/09/MPTC-Moraine-Park-Tech-College-Beaver-Dam.jpg
