image,source
000001.jpg,https://cdn11.bigcommerce.com/s-f6cx4kq/images/stencil/1280x1280/products/155/664/ripe_bishops_crown_at_Tyler_Farms_pepper_seeds__97294.1499748303.jpg?c=2&imbypass=on
000002.jpg,https://www.thompson-morgan.com/product_images/100/optimised/CHILL-T77754-A_h.jpg
000003.jpg,https://images-na.ssl-images-amazon.com/images/I/51znBv-jezL._SX425_.jpg
000004.jpg,https://i.ebayimg.com/images/g/wDsAAOSwWaRZs91d/s-l300.jpg
000005.jpg,https://www.chilipeppermadness.com/wp-content/uploads/2019/08/Bishops-Crown-Peppers.jpg
000006.jpg,https://cdn.shopify.com/s/files/1/0871/0950/products/BishopCrownRedweb_1024x1024.jpg?v=1548196228
000007.jpg,https://www.magicgardenseeds.com/pics/mgs/CAP20/1/1000/Chilli-Pepper-Bishops-Crown-(Capsicum-baccatum)-organic_1.jpg
000008.jpg,http://rahiseedbank.com/wp-content/uploads/2014/07/b88.jpg
000009.jpg,https://thehippyseedcompany.com/wp-content/uploads/2017/06/Bishops-Crown-2.jpg
000010.jpg,https://images-na.ssl-images-amazon.com/images/I/51kRDzQ1zFL._SX425_.jpg
000011.jpg,https://www.australianseed.com/persistent/catalogue_images/products/chilli-bishops-crown.jpg
000012.jpg,https://cdn.shopify.com/s/files/1/0200/5036/products/bishops_crown12_1800x1800.jpg?v=1437103622
000013.jpg,https://fairdinkumseeds.com/wp-content/uploads/2013/11/Capsicum-Baccatum-Bell-Pepper-Aji-Orchid-Bishops-Crown-Chilli-Seeds.jpg
000014.jpg,https://www.ilikeithot.eu/wp-content/uploads/2018/05/Bishops-Crown-VolimLjuto.com_-10.jpg
000015.jpg,https://upload.wikimedia.org/wikipedia/commons/7/79/Pimiento_campanilla.jpg
000016.jpg,https://www.pepperscale.com/wp-content/uploads/2016/01/Bishops-Crown-Pepper-1-e1456687597547-768x512.jpg
000017.jpg,https://chilli-seedz.com/wp-content/uploads/2015/12/Bishops-Crown-Chilli-Plant-900x889.jpg
000018.jpg,https://www.chileplants.com/images/chiles/bishops-crown-pepper-plants.jpg
000019.jpg,http://www.herbgarden.co.za/mountainherb/webherbfotos/big_ChilliBishopsCrown.JPG
000020.jpg,https://gardeners.s3.amazonaws.com/p/VECHI33962_3.jpg
000021.jpg,https://www.asklepios-seeds.de/pub/media/catalog/product/cache/e4d64343b1bc593f1c5348fe05efa4a6/b/i/bishops-crown.jpg
000022.jpg,https://www.anniesannuals.com/signs/p%20-%20r/images/pepper_peridot_attribute_manuel.jpg
000023.jpg,https://images-na.ssl-images-amazon.com/images/I/716cVv6mNBL._SX425_.jpg
000024.jpg,https://www.firedragonchillies.co.nz/wp-content/uploads/2012/03/Bishops-Crown.jpg
000025.jpg,https://candidegardening.com/img/3bb289d8-1e27-4c32-97de-e7bb842960d7/cropped/648x520
000026.jpg,https://pepperhead.com/wp-content/uploads/2016/12/bishops-crown2.jpg
000027.jpg,https://assets.bakker.com/ProductPics/810x978/75733-00-BAKI_20190430112906.jpg
000028.jpg,https://i.ebayimg.com/images/g/QzcAAMXQrhdTQ3bj/s-l300.jpg
000029.jpg,https://c8.alamy.com/comp/R2YYHD/red-pepper-capsicum-baccatum-var-pendulum-bishops-crown-R2YYHD.jpg
000030.jpg,https://thechillifactory.com/images/products/cropped_9657.jpg
000031.jpg,https://i2.wp.com/www.peppersbymail.com/wp-content/uploads/2017/10/bishops-crown-pepper.jpg?fit=1318%2C1453
000032.jpg,https://www.chillihead.co.za/image/cache/data/products/bishops-500x500.jpg
000033.jpg,https://live.staticflickr.com/8225/8507932746_c37f01dab1_b.jpg
000034.jpg,https://cf.shopee.com.my/file/ff1074b7a53354234764af3503ca4512_tn
000035.jpg,https://images-na.ssl-images-amazon.com/images/I/51GFbOAyToL.jpg
000036.jpg,https://st3.depositphotos.com/4468779/16678/i/1600/depositphotos_166783480-stock-photo-bishops-crown-chili-pepper-capsicum.jpg
000037.jpg,https://i.imgur.com/VdeyNBJ.jpg
000038.jpg,https://www.johnnyseeds.com/dw/image/v2/BBBW_PRD/on/demandware.static/-/Sites-jss-master/default/dw988a91ad/images/products/vegetables/03388_01_mad_hatter.jpg?sw=387&cx=160&cy=0&cw=1196&ch=1196
000039.jpg,https://i.pinimg.com/originals/92/03/e4/9203e497d0b95a49c5f04355941fb840.jpg
000040.jpg,https://i.ytimg.com/vi/xKBPt1RNxUA/maxresdefault.jpg
000041.jpg,https://pics.davesgarden.com/pics/2010/11/13/carotcruncha/725a89.jpg
000042.jpg,https://www.picclickimg.com/d/l400/pict/392278203837_/Bishops-Crown-Chilli-Chili-Chile-Hot-Pepper-Seeds.jpg
000043.jpg,https://i.etsystatic.com/18891878/r/il/e77bd7/1734217155/il_570xN.1734217155_137y.jpg
000044.jpg,https://cf.shopee.ph/file/2c0a7af267675ebbe368fec9783e3ec8_tn
000045.jpg,https://www.gardentags.com/plant-encyclopedia/images/28427/capsicum-baccatum-bishops-crown.jpeg
000046.jpg,https://www.chili-shop24.com/media/image/f0/02/20/9302c9fdd8767d144e405f7153cd15b6_600x600.jpg
000047.jpg,https://comps.canstockphoto.com/chili-bishops-crown-stock-photos_csp23262635.jpg
000048.jpg,https://www.gardenhoard.com/media/catalog/product/cache/1/image/363x/040ec09b1e35df139433887a97daa66f/i/m/img_1591.jpg
000049.jpg,http://www.spicegarden.eu/WebRoot/StoreLES/Shops/62431129/4E87/6CEA/F778/978F/8BD1/C0A8/29B9/3174/Glockenpaprika_Capsicum_baccatum.jpg
000050.jpg,https://cdn.thehippyseedcompany.com/wp-content/uploads/2017/06/Bishops-Crown-Multi-Coloured-3.jpg
000051.jpg,https://static.wixstatic.com/media/efd343_229b754097684f948af8f7e83fc33730~mv2.jpg/v1/fill/w_480,h_270,al_c,q_85,usm_0.66_1.00_0.01/efd343_229b754097684f948af8f7e83fc33730~mv2.jpg
000052.jpg,http://www.dhresource.com/0x0s/f2-albu-g1-M00-BA-80-rBVaGFZzrYGAGfbJAAE1WDX6zxg895.jpg/diy-40-seeds-non-gmo-bishops-crown-aji-pepper.jpg
000053.jpg,http://cdn.shopify.com/s/files/1/0011/9514/7364/products/il_fullxfull.1394826324_5us8_5c6efa5c-880e-47c4-b774-27739aa81520_1200x1200.jpg?v=1542950437
000054.jpg,https://belianterbaik.aseanpriceblog.org/my/700/products/p/3/10-seeds-bishops-crown-chilli-pepper-5237-261185311-bc9ac5a878ddbd5ba0da35a9e5306270-product.jpg
000055.jpg,http://cdn.shopify.com/s/files/1/1654/8555/products/138c_-_Bishops_Crown_1024x1024.jpeg?v=1551457576
000056.jpg,https://i.ebayimg.com/images/g/CAkAAOSwKitU2CIq/s-l300.jpg
000057.jpg,https://previews.123rf.com/images/creativefamily/creativefamily1901/creativefamily190100590/116266300-bishop-s-crown-flower-shaped-decorative-peppers-on-white-background.jpg
000058.jpg,https://i.etsystatic.com/11642485/r/il/eb1b54/1143301437/il_570xN.1143301437_3xss.jpg
000059.jpg,http://images.squarespace-cdn.com/content/v1/53584865e4b05e6280936635/1541261292076-YHMRL9W63GNRRTL282M5/ke17ZwdGBToddI8pDm48kDHPSfPanjkWqhH6pl6g5ph7gQa3H78H3Y0txjaiv_0fDoOvxcdMmMKkDsyUqMSsMWxHk725yiiHCCLfrh8O1z4YTzHvnKhyp6Da-NYroOW3ZGjoBKy3azqku80C789l0mwONMR1ELp49Lyc52iWr5dNb1QJw9casjKdtTg1_-y4jz4ptJBmI9gQmbjSQnNGng/bishops+crown.JPG
000060.jpg,https://comps.canstockphoto.com/chili-bishops-crown-stock-photo_csp17516242.jpg
000061.jpg,https://images-na.ssl-images-amazon.com/images/I/81xFFH%2BVzdL._SY679_.jpg
000062.jpg,https://s3.amazonaws.com/mygardenlife.com/plant-library/full/6255_6.jpg
000063.jpg,http://cdn.shopify.com/s/files/1/1022/5071/products/pepper-seeds-bishop-s-crown-or-bishop-s-hat-hot-pepper-seeds-capsicum-baccatum-3_1024x1024.jpg?v=1565027169
000064.jpg,https://italianchilli.com/70-large_default/bishop-s-crown-orange-seeds.jpg
000065.jpg,https://previews.123rf.com/images/lantapix/lantapix1711/lantapix171100132/89524794-bishops-crown-with-leaf-on-concrete.jpg
000066.jpg,http://pakistanhydroponics.com/wp-content/uploads/2018/09/MAD-HAATER-PEPPER-BISHOPS-CROWN-PEPPER-BISHOPS-HAT-PEPPER-PAKISTAN-HYDROPONICS-HYDROPONICS-IN-PAKISTAN.jpg
000067.jpg,https://candidegardening.com/img/af3df3ef-b62a-4249-b494-ea7df3e31d92/cropped/648x520
000068.jpg,https://c8.alamy.com/comp/DJ7RF8/peri-peri-or-bishops-crown-chilli-peppers-capsicum-baccatum-solanaceae-DJ7RF8.jpg
000069.jpg,http://i1.wp.com/durandtsheirloomseeds.co.za/wp-content/uploads/2018/04/Brandleka-Bishops-Crown.jpg?fit=341%2C298
000070.jpg,https://pics.davesgarden.com/pics/2007/06/11/tchessie/895602.jpg
000071.jpg,https://i.imgur.com/IMha4ZL.jpg
000072.jpg,https://i2.wp.com/dietitianwithoutborders.com/wp-content/uploads/2014/12/IMG_1128.jpg
000073.jpg,https://thumbs.dreamstime.com/z/bishop-s-crown-flower-shaped-decorative-peppers-bishop-s-crown-flower-shaped-decorative-peppers-white-background-137912800.jpg
000074.jpg,https://www.jimmyinthegarden.com/wp-content/uploads/2018/03/24619758693_462f5af23b_k-1024x768.jpg
000075.jpg,https://chili-plant.com/chilli-varieties/bishops-crown-chili/bishops-crown-peppers_1199.jpg
000076.jpg,https://image.shutterstock.com/image-photo/bishops-crown-peppers-isolated-on-600w-1175895673.jpg
000077.jpg,https://previews.agefotostock.com/previewimage/medibigoff/2a7ebf8542373fb89211189d78722ca2/ssj-h-81076744.jpg
000078.jpg,https://i.ebayimg.com/images/g/Fl8AAOSwGINdCdbw/s-l300.jpg
000079.jpg,http://cdn.shopify.com/s/files/1/1596/8337/products/bishops_crown_chilli_800x.jpg?v=1552130993
000080.jpg,https://i.etsystatic.com/18420760/r/il/e6ff13/1669726841/il_570xN.1669726841_2h16.jpg
000081.jpg,http://us01.imgcdn.ymcart.com/25804/2017/12/4/5/45fb292be03e3ab5.jpg
000082.jpg,https://www.exotic-plants.de/auktionsbilder/Bishops_crown_Chili_Capsicum_baccatum1.jpg
000083.jpg,https://mailorderseedsandplants.co.uk/wp-content/uploads/2018/04/VECHI33186_1.jpg
000084.jpg,https://toptropicals.com/pics/garden/m2/2016/6/20160619_143930capsicum_baccatum_TAs.jpg
000085.jpg,http://cdn.shopify.com/s/files/1/0019/9884/8099/products/346645-a671d8727e6c4d24aa68ddcd523c3404_1200x1200.png?v=1551869034
000086.jpg,https://www.pennywoodward.com.au/wp-content/uploads/2012/08/Bell-chilli.jpg
000087.jpg,https://c8.alamy.com/comp/DF0WMX/bishops-crown-capsicum-baccatum-DF0WMX.jpg
000088.jpg,https://d1f7geppf3ca7.cloudfront.net/resize/597419/logomaker_19012019_094757.png/400/400/0/?bg=FFFFFF
000089.jpg,http://g02.a.alicdn.com/kf/HTB1uoR5HVXXXXarXpXXq6xXFXXXj/206025876/HTB1uoR5HVXXXXarXpXXq6xXFXXXj.jpg
000090.jpg,https://comps.canstockphoto.com/bishops-crown-chili-picture_csp23888218.jpg
000091.jpg,https://all-americaselections.org/wp-content/uploads/2016/11/Mad-Hatter-Sweet-Pepper__PEP16-21909.jpg
000092.jpg,https://media.istockphoto.com/photos/closeup-photo-of-red-christmas-bell-or-bishops-crown-pepper-against-picture-id1050713454
000093.jpg,https://cdn11.bigcommerce.com/s-f6cx4kq/images/stencil/500x659/products/164/640/ripe_california_reaper_peppers_at_Tyler_Farms_steve_bender__18434.1499138887.jpg?c=2
000094.jpg,https://cdn.shopify.com/s/files/1/1654/8555/products/138a_-_Bishops_Crown_530x@2x.jpeg?v=1551457534
000095.jpg,https://tbn.bidorbuy.co.za/image/fetch/dpr_1.0,f_auto,t_btbnx/http://img.bidorbuy.co.za/image/upload/user_images/651/390651_110410191653_Bishops_Crown_Chilli_Pepper.jpg
000096.jpg,https://www.ilikeithot.eu/wp-content/uploads/2017/08/Bishops_Crown-VolimLjuto-300x300.jpg
000097.jpg,https://previews.123rf.com/images/huandi/huandi1111/huandi111100027/11131554-bishops-crown-chili.jpg
000098.jpg,https://toptropicals.com/pics/garden/m2/2015/10/20151018_153608capsicum_baccatum_TA.jpg
000099.jpg,http://4.bp.blogspot.com/-vyy9hNRcmTw/UF2YRyXsElI/AAAAAAAABUA/lscZqtULYoI/s1600/DSC05160+bishop+crown+chillies+%2528web%2529.jpg
000100.jpg,https://ssl.c.photoshelter.com/img-get/I0000hr6VI0xNVkk/s/750/750/Pepper-Friars-Hat-J035872.jpg
000101.jpg,https://www.kingsseedsdirect.com/uploads/product-images/4474.jpg
000102.jpg,https://media.istockphoto.com/photos/bishops-crown-hot-pepper-rarity-picture-id1030849890
000103.jpg,https://www.hazzardsgreenhouse.com/Merchant2/graphics/00000015/P8534.jpg
000104.jpg,https://www.pepperscale.com/wp-content/uploads/2016/01/Bishops-Crown-Pepper-e1456687870144-768x516.jpg
000105.jpg,https://i.pinimg.com/originals/22/ab/a8/22aba8403996db742c33302c7d654c86.jpg
000106.jpg,https://media.gettyimages.com/photos/pepper-bishops-crown-picture-id686040786
000107.jpg,https://candidegardening.com/img/5b0c6e46-23da-4210-a592-a899ba9f9da9/cropped/648x520
000108.jpg,https://image.shutterstock.com/image-photo/bishops-crown-fruits-260nw-1073787029.jpg
000109.jpg,https://www.thompson-morgan.com/product_images/100/zoom/z-CHILL-T78014-A_h.jpg
000110.jpg,https://i.redd.it/4j0khj732to21.jpg
000111.jpg,https://st.hzcdn.com/fimgs/ce0293a204af7230_4178-w500-h375-b0-p0--.jpg
000112.jpg,https://www.magicgardenseeds.co.uk/pics/mgs/CAP20/1000/Chilli-Pepper-Bishops-Crown-(Capsicum-baccatum)-organic.jpg
000113.jpg,https://kcdgarden.com/varieties/125/20170909_181054.jpg?width=730&height=500&mode=crop&format=jpg&quality=65
000114.jpg,https://media.karousell.com/media/photos/products/2019/08/04/15_seeds__bishops_crown_pepper_1564891772_3af65a05.jpg
000115.jpg,https://1.bp.blogspot.com/-RQZMjtU-61Q/WZ08ZsrImjI/AAAAAAAAQt0/-SVJg96ZjWcW-WcqFTkfhfm9WyqQArDBwCLcBGAs/s1600/L1220086.JPG
000116.jpg,https://ssl.c.photoshelter.com/img-get/I0000gWT8zMMwuZQ/s/750/750/Pepper-Friars-Hat-J035870.jpg
000117.jpg,https://media-cdn.tripadvisor.com/media/photo-s/02/e8/71/53/bishop-s-crown-chilli.jpg
000118.jpg,https://thumbs.dreamstime.com/z/bishop-s-crown-paprika-isolated-picture-78636841.jpg
000119.jpg,https://all-americaselections.org/wp-content/uploads/2016/11/Mad-Hatter-Sweet-Pepper__PEP16-21910.jpg
000120.jpg,https://live.staticflickr.com/6166/6230803736_fda2c3bd32_b.jpg
000121.jpg,http://chilliguru.uk/baccatum/images/bishop_1.jpg
000122.jpg,https://www.gardentags.com/profile/sinsarah/images/1027849/750/capsicum-baccatum-bishops-crown.jpeg
000123.jpg,https://i.ebayimg.com/images/g/SPIAAOSwHQ9WV14D/s-l300.jpg
000124.jpg,https://pics.davesgarden.com/pics/2013/04/01/IslandJim/de017f.jpg
000125.jpg,https://scontent-msp1-1.cdninstagram.com/vp/0126ae58d09ff440ebae74ecdbb2d1bb/5E37046A/t51.2885-15/e35/c0.179.1440.1440a/s480x480/68747644_2420460361354012_5585333648574596996_n.jpg?_nc_ht=scontent-msp1-1.cdninstagram.com&_nc_cat=104
000126.jpg,https://image.shutterstock.com/display_pic_with_logo/201678989/1172427040/stock-photo-bishops-crown-peppers-on-a-rustic-vintage-wooden-table-exotic-rose-peppers-christmas-bell-peppers-1172427040.jpg
000127.jpg,https://lh3.ggpht.com/kZgshvKba0MgqUkx-JK5atZbPlFP_YYjXOZ5DdtVCM1lQlmDvv7k4Q5sqKZIiTx-IsYe0Icakarowae3zBsyjQ=s580
000128.jpg,https://t3.ftcdn.net/jpg/02/46/12/76/500_F_246127618_wRwzKPqE5vOJ8PjgrEPmdquiPBTqPxcB.jpg
000129.jpg,https://sep.yimg.com/ay/yhst-134474119746231/bishops-crown-7.gif
000130.jpg,https://comps.canstockphoto.com/bishops-crown-chili-stock-images_csp7757905.jpg
000131.jpg,https://static.wixstatic.com/media/9bcda3_8ee62329e9da492dafc237619959fe22~mv2_d_4032_3024_s_4_2.jpg/v1/fill/w_480,h_360,al_c,q_85,usm_0.66_1.00_0.01/9bcda3_8ee62329e9da492dafc237619959fe22~mv2_d_4032_3024_s_4_2.jpg
000132.jpg,https://st3.depositphotos.com/16088226/18619/i/1600/depositphotos_186195068-stock-photo-bishops-crown-chili-pepper-close.jpg
000133.jpg,https://c8.alamy.com/comp/R2YYHF/red-pepper-capsicum-baccatum-var-pendulum-bishops-crown-R2YYHF.jpg
000134.jpg,http://pakistanhydroponics.com/wp-content/uploads/2018/11/FREE-SEEDS-OF-BISHOPS-HATPEPPER-MAD-HATTER-PEPPER-BISHOPS-TAIL-PEPPER-CAYENNE-PEPPER-BIRDS-EYE-PEPPER-HOT-THAI-PEPPER-SPINACH-PEPPER-BISHOPS-CROWN-PAKISTAN-HYDROPONICS-2.jpg
000135.jpg,https://neveldfel.cdn.shoprenter.hu/custom/neveldfel/image/cache/w900h500wt1/STOCK%20k%C3%A9pek/bishop.jpg?lastmod=1523297996.1482238000
000136.jpg,https://as2.ftcdn.net/jpg/02/46/12/79/500_F_246127931_RC4ypmHb2UOp4gVtNcUDNSa9CakrfCXw.jpg
000137.jpg,https://pbs.twimg.com/media/DULQFBbWkAA74EH.jpg
000138.jpg,https://thumbs.dreamstime.com/z/sweet-pepper-bishop-s-crown-christmas-bell-sao-paulo-sp-brazil-january-capsicum-baccatum-brazilian-very-much-appreciated-68700130.jpg
000139.jpg,https://cf.shopee.ph/file/d415bf21adc339cff2bcf5d5ebec19a8_tn
000140.jpg,https://lh6.ggpht.com/osD9_uYcBiEwZwpME6g3usu3UBy4Kw4VwEszi7_ClCv2Qr_oL17xfo_SXSoCxZr7DHjjV7qAx6_PoyEWKdE4=s580
000141.jpg,https://chili-plant.com/chilli-varieties/bishops-crown-chili/bishops-crown-chili_1199.jpg
000142.jpg,https://images.fineartamerica.com/images/artworkimages/mediumlarge/1/bishops-crown-pepper-fabrizio-troiani.jpg
000143.jpg,http://www.dave-dewitt.com/wp-content/uploads/Bishops-Crown.jpg
000144.jpg,https://www.white-buffalo-trading.com/uploads/6/9/5/1/69519317/s794094284479881721_p208_i1_w2560.jpeg
000145.jpg,https://www.picclickimg.com/00/s/ODQwWDEzMDA=/z/vOYAAOSwLF1X94-6/$/Bishops-Crown-Chilli-Chili-Chile-Hot-Pepper-Organic-_1.jpg
000146.jpg,https://www.peperzaden.nl/media/catalog/product/cache/b56a9049443cfaeedfe24666b14227c1/k/e/kerst.jpg
000147.jpg,https://scontent-frt3-1.cdninstagram.com/v/t51.2885-15/e35/s320x320/71087720_720811311679941_7035887950093081172_n.jpg?_nc_ht=scontent-frt3-1.cdninstagram.com&_nc_cat=109&oh=6e1df95d15e84176e3b4a1e2994fd9ba&oe=5E2B9741&ig_cache_key=MjE0ODg4Nzg3NDcyMzA0NDM1Nw%3D%3D.2
000148.jpg,https://ecs7.tokopedia.net/img/cache/700/product-1/2018/3/21/5479065/5479065_255ac3b1-b23c-40b1-90d7-2d6331e92baf_800_1046.jpg
000149.jpg,https://i.ytimg.com/vi/fr3tl3cifE0/maxresdefault.jpg
000150.jpg,https://cdn.shopify.com/s/files/1/1022/5071/products/pepper-seeds-bishop-s-crown-or-bishop-s-hat-hot-pepper-seeds-capsicum-baccatum-5_1024x1024.jpg?v=1565027171
000151.jpg,https://static2.bigstockphoto.com/3/1/2/large1500/213417211.jpg
000152.jpg,https://www.tessgruun.eu/shops/tessgruun/zpetgbicr.jpg
000153.jpg,https://toptropicals.com/pics/garden/15/10/20151021_183938.jpg
000154.jpg,https://i.etsystatic.com/5696408/r/il/0e124f/341917336/il_570xN.341917336.jpg
000155.jpg,https://georgiapellegrini.com/wp-content/uploads/2009/10/For-Blog27.jpg
000156.jpg,https://eshop.plantvisionz.com/image/thumbnails/18/7a/Bishop_s_Crown_png-100264-500x500.png
000157.jpg,http://cdn.shopify.com/s/files/1/1523/7044/products/MulticoloredBishopsCrown_1024x1024.jpg?v=1486960885
000158.jpg,https://www.chillibird.com.au/_Media/bishops-crown-2-2_med_hr-5.jpeg
000159.jpg,http://chilliguru.uk/baccatum/images/bishop_3.jpg
000160.jpg,https://cdn.shopify.com/s/files/1/1654/8555/products/138b_-_Bishops_Crown_530x@2x.jpeg?v=1551457547
000161.jpg,http://www.gourmetgenetics.com/capsicum/images/bishop_9097.jpg
000162.jpg,https://res.cloudinary.com/fleetnation/image/private/c_fit,w_1120/g_south,l_text:style_gothic2:%C2%A9%20Ramona%20Kudure,o_20,y_10/g_center,l_watermark4,o_25,y_50/v1505764246/hnggfnm8kmvewgnvyv9z.jpg
000163.jpg,https://cartloom.s3.amazonaws.com/worldofchillies/124316_64d8890c507ac3364cb52e4629c0b6e5_orig.jpg
000164.jpg,https://www.firedragonchillies.co.nz/wp-content/uploads/2014/11/Bolivian-Rainbow-600x600.jpg
000165.jpg,https://figjamandlimecordial.files.wordpress.com/2012/02/bc1.jpg?w=584
000166.jpg,https://www.chili-shop24.com/media/image/ab/ac/95/9207_Nepalese-Bell_600x600.jpg
000167.jpg,http://cdn.shopify.com/s/files/1/2112/9697/products/received_10154471317326782_1024x1024.png?v=1555327907
000168.jpg,https://www.acookandageek.com/wp-content/uploads/2014/05/peckofpickledpeppers-001.3_thumb.jpg
000169.jpg,https://thumbs.dreamstime.com/z/bishops-crown-leaf-isolated-colorful-crisp-image-109352246.jpg
000170.jpg,https://media.karousell.com/media/photos/products/2017/10/19/bishops_crown_pepper_seedling_1508385767_c723ad52.jpg
000171.jpg,http://i.imgur.com/tubUWeN.jpg
000172.jpg,https://all-americaselections.org/wp-content/uploads/2016/11/Mad-Hatter-Sweet-Pepper__PEP16-21907.jpg
000173.jpg,https://cdn.shopify.com/s/files/1/0200/5036/files/Two_January_2018_380PX.png?v=1516257968
000174.jpg,https://www.white-buffalo-trading.com/uploads/6/9/5/1/69519317/s794094284479881721_p208_i4_w2560.jpeg
000175.jpg,https://www.chillibird.com.au/_Media/file2862_med_hr-2.jpeg
000176.jpg,https://i.pinimg.com/originals/93/cd/5e/93cd5e3578cc9509ff459d62bd321df4.jpg
000177.jpg,https://candidegardening.com/img/86b55aee-bec3-4be0-8402-edaa1b943a41/cropped/648x520
000178.jpg,https://previews.123rf.com/images/photographyfirm/photographyfirm1604/photographyfirm160400277/55276362-still-life-photo-of-a-single-red-bishops-crown-chilli-on-a-weathered-wooden-board-shot-from-a-3-4-an.jpg
000179.jpg,https://www.greenidiom.com/images/bishops.jpg
000180.jpg,https://image.shutterstock.com/image-photo/two-hot-bishops-crown-peppers-260nw-1233408325.jpg
000181.jpg,https://www.cayennediane.com/wp-content/uploads/2016/10/Palestine-TX-Hot-Pepper-Festival-2019.png
000182.jpg,https://i.ebayimg.com/images/g/I8EAAOSwk1hcY12R/s-l300.jpg
000183.jpg,https://fscomps.fotosearch.com/compc/CSP/CSP323/bishops-crown-flower-shaped-decorative-picture__k65486694.jpg
000184.jpg,https://chasingchilli.com.au/wp-content/uploads/2017/04/Carolina-Reaper.png
000185.jpg,https://unclewaynestomatoes.com/sites/default/files/Chapeu%20du%20Frade%20bowel.JPG
000186.jpg,https://i.imgur.com/4IHquFq.jpg
000187.jpg,https://www.plant-world-seeds.com/images/item_images/000/001/392/medium/BISHOPS_CROWN.JPG?1495387804
000188.jpg,https://comps.canstockphoto.com/chili-bishops-crown-stock-images_csp17473959.jpg
000189.jpg,https://live.staticflickr.com/5086/5297482140_a3e39e13fa_b.jpg
000190.jpg,https://4.bp.blogspot.com/--U2L4gNh0Kc/WZ08aDgqYjI/AAAAAAAAQt4/8tRSR9VxjXkLDd0aCNBykq8cadhuWk77ACLcBGAs/s1600/L1220089.JPG
000191.jpg,http://www.heliotricity.com/images/chile_peppers/peter-pepper%20400x342.jpg
000192.jpg,https://www.portugalresident.com/wp-content/uploads/2019/08/gardening-capsicum-baccatum-bishops-crown.jpg
000193.jpg,https://st3.depositphotos.com/15934990/18702/i/1600/depositphotos_187024130-stock-photo-sweet-pepper-bishops-crown-or.jpg
000194.jpg,https://cdn.shopify.com/s/files/1/0019/9884/8099/products/346645-24185a48b7e04809a59dfd0bec8dd590_1024x1024.png?v=1551869049
000195.jpg,http://www.rocoto.com/oldsite/cpp_c_UFO_1_1.JPG
000196.jpg,https://c8.alamy.com/comp/T15FE9/chili-bell-pepper-bishops-crown-T15FE9.jpg
000197.jpg,https://www.botanikfoto.com/preview/image-photo-sweet-pepper-capsicum-annuum-feher-487280.php.jpg
000198.jpg,https://upload.wikimedia.org/wikipedia/commons/7/7b/Naga_Viper_486_orig.jpg
000199.jpg,https://www.sommerfuglehaven.dk/wp-content/uploads/2015/12/Bishops_crown_Capsicum_baccatum_768x1024_7198.jpg
000200.jpg,https://cdn.shopify.com/s/files/1/2112/9697/products/Heirloom_Peppers_front_1024x1024@2x.jpg?v=1555327907
000201.jpg,https://media.istockphoto.com/photos/closeup-photo-of-red-christmas-bell-or-bishops-crown-pepper-against-picture-id1050713454?k=6&m=1050713454&s=612x612&w=0&h=KkbYYsmX97_eCtTlXBRnS3uQVjwFQ3nCZ5jm0rI2mlw=
000202.jpg,https://ssl.bigstockimages.com/4/3/2/large1500/234100231.jpg
000203.jpg,https://static1.bigstockphoto.com/1/1/2/large2/211693063.jpg
000204.jpg,https://i.ytimg.com/vi/2C2mh_fl4L0/maxresdefault.jpg
000205.jpg,https://toptropicals.com/pics/garden/15/9/20151018_153546.jpg
000206.jpg,https://res.cloudinary.com/fleetnation/image/private/c_fit,w_1120/g_south,l_text:style_gothic2:%C2%A9%20Jasmina%20Dejanovic,o_20,y_10/g_center,l_watermark4,o_25,y_50/v1548757133/y0oovcq3y094wqnd5z2m.jpg
000207.jpg,https://i1.wp.com/sandralynnbelanger.com/lucy/wp-content/uploads/2017/11/2017-scotch-bonnets-bercy-03.jpg?w=509&h=339
000208.jpg,https://offtheedgegardening.files.wordpress.com/2018/10/img_6586.jpg?w=665&h=499
000209.jpg,https://sportsgroundproduction.blob.core.windows.net/cms/2495/newsarticles/76006_wo.jpg
000210.jpg,https://www.chili-shop24.com/media/image/da/66/87/102397_01_600x600.jpg
000211.jpg,http://www.fordsfieryfoodsandplants.com/peppers/image/cache/catalog/bishop-500x500.jpg
000212.jpg,https://i.etsystatic.com/12846395/r/il/3a50a0/1326978093/il_570xN.1326978093_o72i.jpg
000213.jpg,https://www.gapphotos.com/images/LargeWebPreview/0820/0820744.jpg
000214.jpg,https://alchetron.com/cdn/capsicum-baccatum-f9516a45-51ac-4a6e-8b58-8eb3758a4ac-resize-750.jpeg
000215.jpg,https://www.picclickimg.com/d/l400/pict/262937113431_/Bishops-Crown-Bishop-Crown-or-Bell-pepper-10.jpg
000216.jpg,https://cloud.glstock.com/36872/4552034/bishops-crown-with-leaves-on-shale.jpg
000217.jpg,https://cdn11.bigcommerce.com/s-f6cx4kq/images/stencil/500x659/products/141/651/black_cobra_pepper1_at_Tyler_Farms_pepper_seed_company__11386.1499141506.jpg?c=2
000218.jpg,https://t3.thpservices.com/previewimage/gallil/cab28a03ac3c637aae36c5c5b0a63abe/ssj-h-81076745.jpg
000219.jpg,https://3.bp.blogspot.com/-0LXorPLeGa4/UxoqQvbGxuI/AAAAAAAER1g/VX45dEVFdVo/s1600/pepper.jpg
000220.jpg,https://t3.ftcdn.net/jpg/00/49/80/96/500_F_49809658_oNKlhxWThPRHe1gniXKrHxtGAvD3mqaR.jpg
000221.jpg,https://i.imgur.com/1AoQvUA.jpg
000222.jpg,https://www.hydroponics.eu/officinal-medical-vegetables-and-chilli-pepper-seeds/chilli-seeds-bank/vogliapiccante-pepper-seeds-bishop-crown~Img_Principale_34090.jpg
000223.jpg,https://www.seeds-gallery.shop/785-home_default/chili-seeds-bishop-s-crown-or-christmas-bell.jpg
000224.jpg,https://pbs.twimg.com/media/DmgZaOJXcAYogOr.jpg
000225.jpg,https://pics.davesgarden.com/pics/2010/11/13/carotcruncha/db9e5b.jpg
000226.jpg,https://esmeraldasherbgarden.files.wordpress.com/2018/08/img_1279-2.jpg?w=300&h=200
000227.jpg,https://cdn6.bigcommerce.com/s-32wtq/product_images/uploaded_images/aji-bishops-crown.jpg?t=1414445690
000228.jpg,https://scontent-lga3-1.cdninstagram.com/vp/3539e33c9f24d277c90b4d104e55d6d4/5DEF197F/t51.2885-15/sh0.08/e35/s640x640/59716962_467939937277116_4746171801494169360_n.jpg?_nc_ht=scontent-lga3-1.cdninstagram.com
000229.jpg,https://as2.ftcdn.net/jpg/02/46/12/75/500_F_246127518_uLWQwpP7wAg2CkxPhseaQ91y87AOWFPG.jpg
000230.jpg,https://uploads.tapatalk-cdn.com/20190726/c31f71cbb22c11c01b6aa1ef77f79c45.jpg
000231.jpg,https://i.pinimg.com/originals/d2/a9/c8/d2a9c8e0c6777b9206d0f79a62f11da7.jpg
000232.jpg,https://www.gardenhoard.com/media/catalog/product/cache/1/small_image/295x295/9df78eab33525d08d6e5fb8d27136e95/i/m/img_1588_2.jpg
000233.jpg,https://figjamandlimecordial.files.wordpress.com/2013/01/c21.jpg?w=376&h=282
000234.jpg,https://www.white-buffalo-trading.com/uploads/6/9/5/1/69519317/s794094284479881721_p208_i3_w2560.jpeg
000235.jpg,https://unclewaynestomatoes.com/sites/default/files/Chapeu%20du%20Frade%204%20hand.JPG
000236.jpg,https://www.chilli-semena.cz/user/7416/upload/stuff/resized/10539873_600-600.jpg
000237.jpg,http://acorncreek.ca/chile_plants/img/cambuci.jpg
000238.jpg,https://www.semillas.de/pepper_fruits/bishops_crown2.jpg
000239.jpg,https://image.shutterstock.com/image-photo/chilli-pepper-bishops-crown-capsicum-260nw-1331834222.jpg
000240.jpg,https://scontent-iad3-1.cdninstagram.com/vp/d8becbba91920db58f366d6b7911b4b8/5E33C75F/t51.2885-15/sh0.08/e35/s640x640/71066014_497211827769170_6774382158490201426_n.jpg?_nc_ht=scontent-iad3-1.cdninstagram.com&_nc_cat=102
000241.jpg,https://scontent-cdt1-1.cdninstagram.com/v/t51.2885-15/e35/c27.0.545.545a/s320x320/65731460_118249736131497_8059447600869408726_n.jpg?_nc_ht=scontent-cdt1-1.cdninstagram.com&oh=ddffe40f92512d3cab5c5deaada74af0&oe=5E0AFEE0&ig_cache_key=MjA5NDEyMjExOTQ3NDI0NzI2Mg%3D%3D.2.c
000242.jpg,https://all-americaselections.org/wp-content/uploads/2016/11/Mad-Hatter-Sweet-Pepper__PEP16-21908.jpg
000243.jpg,https://media.gettyimages.com/photos/branch-of-young-bishops-crown-peppers-picture-id686048774?s=612x612
000244.jpg,http://img.bidorbuy.co.za/image/upload/user_images/917/475917_110717210339_BISHOPS_CROWN_FRAMED.jpg
000245.jpg,https://i.ebayimg.com/images/g/w0AAAOSwVFJb0Kp5/s-l300.jpg
000246.jpg,http://uploads.tapatalk-cdn.com/20160604/7689e2d0a06f395dc6e6b38554f9c32e.jpg
000247.jpg,https://cdn2.glstock.com/36872/4452127/4452127_325.jpg
000248.jpg,https://www.chilioazis.com/images/stories/virtuemart/product/Bishop___s_Crown_4f6d0ccc73f822.jpg
000249.jpg,https://fairdinkumseeds.com/wp-content/uploads/2015/03/p-603-Kaffir-Lime-Citrus-Hystrix-Plants-231x231.jpg
000250.jpg,https://thumbs.dreamstime.com/z/red-habanero-red-bishops-crown-red-habanero-red-bishops-crown-close-up-view-hot-peppers-109215782.jpg
000251.jpg,https://chilli-seedz.com/wp-content/uploads/2016/05/Rocotillo-3-900x900.jpg
000252.jpg,https://st3.depositphotos.com/15934990/18702/i/1600/depositphotos_187024158-stock-photo-sweet-pepper-bishops-crown-or.jpg
000253.jpg,https://www.firedragonchillies.co.nz/wp-content/uploads/2012/03/Fatalli-600x600.jpg
000254.jpg,https://www.tuinadvies.nl/img/tuinadvies/uploads/1356089182-340.jpg
000255.jpg,https://upload.wikimedia.org/wikipedia/commons/2/24/Banana_Peppers_%28Armenia%29.jpg
000256.jpg,https://cdn.shopify.com/s/files/1/0019/9884/8099/products/346645-b0de03abd6724690b009659306842520_1024x1024.png?v=1551869039
000257.jpg,https://image.shutterstock.com/display_pic_with_logo/2152430/1257356809/stock-photo-home-grown-organic-chili-or-chilli-peppers-bishop-s-crown-capsicum-annuum-growing-in-a-1257356809.jpg
000258.jpg,https://cdn.shopify.com/s/files/1/0871/0950/files/BishopCrown_large.jpg?v=1482341672
000259.jpg,https://www.fataliiphoto.net/var/albums/misc/bishopscrownpods.jpg?m=1452063937
000260.jpg,https://toptropicals.com/pics/garden/15/10/20151021_183936.jpg
000261.jpg,https://www.fataliiseeds.net/wp-content/uploads/fromoldsite/1805494253010493-800x800.jpg
000262.jpg,https://static1.bigstockphoto.com/1/8/2/large1500/281162086.jpg
000263.jpg,https://www.peperoncino.org/wp-content/uploads/2018/10/bishops_crown-1.jpg
000264.jpg,https://italianchilli.com/252-large_default/bishop-s-crown-seeds.jpg
000265.jpg,https://i.ytimg.com/vi/VCfoV6oTy08/hqdefault.jpg
000266.jpg,https://image.shutterstock.com/display_pic_with_logo/3279665/650603152/stock-photo-fresh-pepper-on-the-table-650603152.jpg
000267.jpg,https://cdn.thehippyseedcompany.com/wp-content/uploads/2017/06/Bishops-Crown-1-262x328.jpg
000268.jpg,https://live.staticflickr.com/3446/3989389223_d3d138e43c.jpg
000269.jpg,https://alchetron.com/cdn/santa-fe-grande-pepper-ad8479fb-2760-41ff-b82a-2bdff9303d0-resize-750.jpg
000270.jpg,https://cdn11.bigcommerce.com/s-f6cx4kq/images/stencil/500x659/products/166/619/aji_lemon_pepper_plants_at_Tyler_Farms_pepper_seeds__60302.1499094749.jpg?c=2
000271.jpg,http://www.fordsfieryfoodsandplants.com/peppers/image/cache/catalog/bishops%20crown/006-500x500.JPG
000272.jpg,https://c8.alamy.com/comp/RJJ0DW/red-hot-pepper-chili-pepper-bishops-crown-capsicum-baccatum-varpendulum-twig-with-ripe-and-unripe-peppers-RJJ0DW.jpg
000273.jpg,https://static.wixstatic.com/media/958f4f_b10bd2ce6d024f9ea1fdfa65eef81144~mv2.jpg/v1/fill/w_336,h_204,al_c,q_80,usm_0.66_1.00_0.01/958f4f_b10bd2ce6d024f9ea1fdfa65eef81144~mv2.webp
000274.jpg,https://media.istockphoto.com/photos/bishops-crown-or-christmas-bell-pepper-isolated-on-white-background-picture-id842292678
000275.jpg,https://media.karousell.com/media/photos/products/2017/05/08/bishops_crown_chilli_seeds_1494238463_6064f7d2.jpg
000276.jpg,https://scontent-frt3-1.cdninstagram.com/vp/8ecf104f73bee09c380fab3521804879/5DDA7AF0/t51.2885-15/e35/s320x320/67265704_408530946445121_6967853292130181983_n.jpg?_nc_ht=scontent-frt3-1.cdninstagram.com
000277.jpg,https://pics.davesgarden.com/pics/2009/01/12/mikamouse/a87ccc.jpg
000278.jpg,https://66.media.tumblr.com/ca0e4a91b1e082285885c2c952b8ab47/tumblr_pvqasbdLgS1vnxd9po1_250.jpg
000279.jpg,https://4.bp.blogspot.com/-iTSPGoaYCNA/We4zHr6N-NI/AAAAAAAARAU/bvnE7wfC3powzugG7-kQORNAn7GhnvHxgCLcBGAs/s1600/L1230261.JPG
000280.jpg,https://instagram.frix2-1.fna.fbcdn.net/vp/bff3307054627fd70fd8f0ed43845f4a/5E0ACBBD/t51.2885-15/sh0.08/e35/c0.61.901.901/s640x640/69161199_682500212267540_5430181149597899115_n.jpg?_nc_ht=instagram.frix2-1.fna.fbcdn.net
000281.jpg,https://www.pennywoodward.com.au/wp-content/uploads/2012/08/Bell-chillies-in-winter.jpg
000282.jpg,https://i.etsystatic.com/8657432/r/il/3ca794/678565880/il_794xN.678565880_ivfm.jpg
000283.jpg,https://cdn.shopify.com/s/files/1/1654/8555/products/138d_-_Bishops_Crown_530x@2x.jpeg?v=1551457601
000284.jpg,http://spicy-bois.com/wp-content/uploads/2019/07/20190610-Peppers-Getting-Pretty-Leggy.jpg
000285.jpg,https://media-cdn.tripadvisor.com/media/photo-s/06/58/36/99/south-devon-chilli-farm.jpg
000286.jpg,https://thepetalogist.com/wp-content/uploads/2017/10/Bishops_crown_chilli_peppers.jpg
000287.jpg,https://static.wixstatic.com/media/d1612d_206f4e04807a4cd390bf2e07b66fcd86~mv2_d_1920_1440_s_2.jpg/v1/fill/w_560,h_560,al_c,q_80,usm_0.66_1.00_0.01/tomatillo.webp
000288.jpg,https://image.shutterstock.com/image-photo/bishops-crown-peppers-on-rustic-260nw-1172431660.jpg
000289.jpg,https://ringgit.onlineaseanprice.org/my/350/products/p/3/seeds-for-bhut-jolokia-chilli-ghost-pepper-red-naga-extremely-hot-till-you-cry-10-seedspack-5977-23030919-3b002675d55d094edbb04258533ce642-product.jpg
000290.jpg,https://farm6.static.flickr.com/5514/11267658535_4d55bc9762_b.jpg
000291.jpg,http://img.bidorbuy.co.za/image/upload/user_images/957/1893957/1893957_120227180245_00283-01.jpg
000292.jpg,https://im9.cz/iR/importprodukt-orig/013/013e9c646e2d17909c7875e9bf81b063--mmf250x250.jpg
000293.jpg,https://www.picclickimg.com/d/l400/pict/283584918295_/10-Fresh-Organic-Bishops-Crown-Pepper-Pods-for.jpg
000294.jpg,http://www.chilipage.de/pflanzenbeschreibungen/baccatum/bishops-crown/Bishops-Crown-DSC00045.jpg
000295.jpg,https://i.imgur.com/GrjOghJ.jpg
000296.jpg,https://thumbs.dreamstime.com/z/bishop-s-crown-paprikas-isolated-picture-cut-78636971.jpg
000297.jpg,https://previews.123rf.com/images/huandi/huandi1212/huandi121200173/16934803-chili-bishops-crown.jpg
000298.jpg,https://figjamandlimecordial.files.wordpress.com/2012/02/bc11.jpg?w=584
000299.jpg,https://www.kellogggarden.com/wp-content/uploads/2018/08/iStock-178737699.jpg
000300.jpg,https://cdn.shopify.com/s/files/1/1022/5071/products/pepper-seeds-bishop-s-crown-or-bishop-s-hat-hot-pepper-seeds-capsicum-baccatum-4_1024x1024.jpg?v=1565027170
000301.jpg,https://cdn.shopify.com/s/files/1/0019/9884/8099/products/346645-4a8cf35b04c147aab5a0422e9d3b1970_1024x1024.png?v=1551869044
000302.jpg,https://pbs.twimg.com/media/CLLptOXWsAAz-dh.jpg
000303.jpg,https://st3.depositphotos.com/15934990/18702/i/1600/depositphotos_187024094-stock-photo-sweet-pepper-bishops-crown-or.jpg
000304.jpg,https://external-preview.redd.it/EnHQkXIX4gvfYAIf1Q4hitv_WXeBwUWETSJeCksItkM.jpg?auto=webp&s=f1e007c3a79cfe253b360e1082015590c6493f37
000305.jpg,https://farm6.static.flickr.com/5498/10387868373_9216eb9a7b_b.jpg
000306.jpg,https://scontent-sea1-1.cdninstagram.com/vp/a2585319587b5019091b966fb1f5564a/5E0AB0B4/t51.2885-15/sh0.08/e35/c135.0.810.810a/s640x640/44492833_733958856963254_7010434923830796798_n.jpg?_nc_ht=scontent-sea1-1.cdninstagram.com
000307.jpg,https://all-americaselections.org/wp-content/uploads/2017/11/mad-hatter-cutting.jpg
000308.jpg,https://d13z1xw8270sfc.cloudfront.net/resize/597419/logomaker_19012019_094757.png/300/300/0/
000309.jpg,https://cf.shopee.co.id/file/f4667ce35d9d73b8a290dd9a161cf170_tn
000310.jpg,https://i.ytimg.com/vi/hSePR8o-fqE/maxresdefault.jpg
000311.jpg,https://cdn.shopify.com/s/files/1/2550/8730/products/Peppers_250x250@2x.jpg?v=1521138448
000312.jpg,http://www.chilipage.de/pflanzenbeschreibungen/baccatum/bishops-crown/Bishops-Crown-DSC00043.jpg
000313.jpg,https://toptropicals.com/pics/garden/16/5/20160502_172731.jpg
000314.jpg,https://image.jimcdn.com/app/cms/image/transf/dimension=320x10000:format=jpg/path/s97b82a7c7400d079/image/i614ea62defb4efa4/version/1467383567/image.jpg
000315.jpg,https://fscomps.fotosearch.com/compc/CSP/CSP447/pile-of-bright-red-bishops-crown-stock-image__k35859942.jpg
000316.jpg,https://c8.alamy.com/comp/J5F5RC/bishops-crown-J5F5RC.jpg
000317.jpg,https://cdn.thehippyseedcompany.com/wp-content/uploads/2017/06/Pusa-Jwala-1-262x328.png
000318.jpg,https://pics.davesgarden.com/pics/2007/06/05/IslandJim/9d7bb2.jpg
000319.jpg,http://1.bp.blogspot.com/-h3AuTCidjbQ/U20ovn6LvUI/AAAAAAAAAd0/L0oN46sK9dE/s1600/28+Apr+herfsoeste+(14).JPG
000320.jpg,https://media.istockphoto.com/photos/bishops-crown-chili-picture-id859813600
000321.jpg,http://chilliguru.uk/baccatum/images/bishop_2.jpg
000322.jpg,http://www.farmonabalcony.com/wp-content/uploads/photo-gallery/Bishops%20Crown/IMGP6407.JPG
000323.jpg,https://upload.wikimedia.org/wikipedia/commons/thumb/3/32/Thai_peppers.jpg/1200px-Thai_peppers.jpg
000324.jpg,https://www.vreeken.nl/afb2/x250/207930-peper-bishop-crown.jpg
000325.jpg,https://alchetron.com/cdn/madame-jeanette-6c100c4f-6681-4c70-94af-6faca1cb991-resize-750.jpg
000326.jpg,https://as2.ftcdn.net/jpg/01/33/47/65/500_F_133476587_cQKViqlLSPjxOgmvaYX5SMRuj4IyoVqH.jpg
000327.jpg,https://inkuiri.net/i/large/https%2Fecs7.tokopedia.net%2Fimg%2Fcache%2F200-square%2Fproduct-1%2F2016%2F5%2F11%2F92676%2F92676_b0bf13ff-68a1-4cf3-acfe-eb4ce6fa7785.jpg
000328.jpg,http://suburbantomato.com/wp-content/uploads/2012/02/2012-Feb-031.jpg
000329.jpg,https://cdn11.bigcommerce.com/s-f6cx4kq/images/stencil/500x659/products/109/1161/fatalii_pepper_tyler_farms__38134.1549341611.png?c=2
000330.jpg,https://www.worldofchillies.com/chilligallery/weirdchilligallery/files/imgThumb_292.jpg
000331.jpg,https://fairdinkumseeds.com/wp-content/uploads/2014/06/p-229-chilli-bell-pepper-seeds.jpg
000332.jpg,https://www.tuinadvies.nl/img/tuinadvies/uploads/1355552216-340.jpg
000333.jpg,https://www.picclickimg.com/d/l400/pict/162924702681_/25-Bishops-Crown-Seeds-Organically-Grown-High-Yields.jpg
000334.jpg,https://i.imgur.com/Y7lJvMt.jpg
000335.jpg,http://www.white-buffalo-trading.com/uploads/6/9/5/1/69519317/s794094284479881721_p208_i2_w598.jpeg
000336.jpg,http://www.white-buffalo-trading.com/uploads/6/9/5/1/69519317/s794094284479881721_p414_i14_w387.jpeg
000337.jpg,https://i0.wp.com/i.etsystatic.com/5696408/r/il/2a4885/159982431/il_fullxfull.159982431.jpg?w=600
000338.jpg,https://thumbs.dreamstime.com/z/bishop-s-crown-38014734.jpg
000339.jpg,https://c1.staticflickr.com/1/747/21106006305_f50761a033_b.jpg
000340.jpg,https://image.shutterstock.com/image-photo/bishops-crown-christmas-bell-peppers-600w-1172437252.jpg
000341.jpg,https://st3.depositphotos.com/15934990/18702/i/1600/depositphotos_187023990-stock-photo-sweet-pepper-bishops-crown-or.jpg
000342.jpg,https://previews.agefotostock.com/previewimage/medibigoff/3d32fc66b06318343c6e01370902a3a6/esy-005654970.jpg
000343.jpg,http://www.chilipage.de/pflanzenbeschreibungen/baccatum/bishops-crown/Bishops-Crown-DSC00044.jpg
000344.jpg,http://thehotpepper.com/uploads/gallery/album_48/gallery_5729_48_408723.jpg
000345.jpg,https://toptropicals.com/pics/garden/16/5/20160502_172546.jpg
000346.jpg,https://www.magicgardenseeds.com/pics/mgs/A-ST00003/1000/'Miscellaneous-Chilli-peppers'-seed-kit-gift-box-20-incredible-varieties.jpg
000347.jpg,https://cdn.shopify.com/s/files/1/0019/9884/8099/products/346645-f1aaf3ccd8514f059cdef0f27aac00b5_1024x1024.png?v=1551869041
000348.jpg,https://1.semenaonline.cz/3671-thickbox_default/chilli-bishops-crown-capsicum-baccatum-prodej-semen-6-ks.jpg
000349.jpg,https://www.peppermania.gr/image/cache/catalog/Peppers/bishop1-500x500.png
000350.jpg,https://media.istockphoto.com/photos/bishops-crown-chili-picture-id859813598?k=6&m=859813598&s=170667a&w=0&h=JuaWO-kyotg527ug-TKSfi6qkxPt8-1cN40mDr7oQwg=
000351.jpg,https://upload.wikimedia.org/wikipedia/commons/thumb/6/69/BhutJolokia09_Asit.jpg/1200px-BhutJolokia09_Asit.jpg
000352.jpg,https://inkuiri.net/i/large/https%2Fs0.bukalapak.com%2Fimg%2F01036972%2Flarge%2Fcabe-bishop-crown-300x300.jpg
000353.jpg,https://alchetron.com/cdn/bishops-crown-d91f769c-54ea-4399-aa84-3276079750d-resize-750.jpeg
000354.jpg,http://3.bp.blogspot.com/-j3aaEnUfeT8/Ugrai66e3NI/AAAAAAAAE1M/GAUrREivz50/s1600/Our+Bishop%27s+Pepper+8-13.jpg
000355.jpg,https://thumbs.dreamstime.com/z/chili-bishops-crown-close-up-ripe-fruit-plant-34114985.jpg
000356.jpg,https://cdn.shopify.com/s/files/1/1654/8555/products/138e_-_Bishops_Crown_530x@2x.jpeg?v=1551457615
000357.jpg,https://pics.davesgarden.com/pics/2009/01/12/mikamouse/514483.jpg
000358.jpg,https://i.ytimg.com/vi/lW2BzVwKWTc/maxresdefault.jpg
000359.jpg,https://ak3.picdn.net/shutterstock/videos/20361403/thumb/1.jpg?ip=x480
000360.jpg,https://cdn11.bigcommerce.com/s-f6cx4kq/images/stencil/500x659/products/129/590/multiple_carolina_reaper_peppers_at_Tyler_Farms__02548.1450711099.jpg?c=2
000361.jpg,http://www.chilipage.de/pflanzenbeschreibungen/baccatum/bishops-crown/Bishops-Crown-DSC00040.jpg
000362.jpg,https://toptropicals.com/pics/garden/m1/raznozw/capsicum_baccatum7773.jpg
000363.jpg,https://c8.alamy.com/comp/KYHJXP/red-bishops-crown-chili-glockenpaprika-hutpaprika-KYHJXP.jpg
000364.jpg,https://cdn.shopify.com/s/files/1/0019/9884/8099/products/346645-dff9beb1fd4c448aae3591dc8ab09226_1024x1024.png?v=1551869046
000365.jpg,https://cdn.shopify.com/s/files/1/1654/8555/products/138f_-_Bishops_Crown_530x@2x.jpeg?v=1551457631
000366.jpg,https://i0.wp.com/www.peppersbymail.com/wp-content/uploads/2017/10/bishops-crown-pepper-seeds.jpg?w=600
000367.jpg,https://www.picclickimg.com/d/l400/pict/392318345782_/Bishops-Crown-Chilli-Chili-Chile-Hot-Pepper-Seeds.jpg
000368.jpg,https://thumbs.dreamstime.com/z/bishops-crown-chili-pretty-unique-form-48132353.jpg
000369.jpg,https://cimg3.ibsrv.net/cimg/www.davesgarden.com/700x525_85/671/129-410671.jpg
000370.jpg,https://cdn11.bigcommerce.com/s-f6cx4kq/images/stencil/500x659/products/132/673/bulgarian_carrot_pepper_close_up_Tyler_Farms_organic_pepper_seed_company__77346.1500688925.jpg?c=2
000371.jpg,http://1.bp.blogspot.com/_lPu8PM2vJpg/TEQixMQ2ZWI/AAAAAAAAHaY/cvaVGGj1rW4/s1600/Bishops-Crown-Red-capsicum.jpg
000372.jpg,https://upload.wikimedia.org/wikipedia/commons/thumb/5/50/Madame_Jeanette_and_other_chillies.jpg/1200px-Madame_Jeanette_and_other_chillies.jpg
000373.jpg,https://upload.wikimedia.org/wikipedia/commons/thumb/d/d2/Capsicum_annuum_-_K%C3%B6hler%E2%80%93s_Medizinal-Pflanzen-027.jpg/220px-Capsicum_annuum_-_K%C3%B6hler%E2%80%93s_Medizinal-Pflanzen-027.jpg
000374.jpg,https://all-americaselections.org/wp-content/uploads/2018/04/madhatter-pepper.jpg
000375.jpg,http://2.bp.blogspot.com/-YaImOG1qrzg/UDzeMk6LaOI/AAAAAAAAFzE/lmpO0nutOXs/s1600/Chillies+2+August+2012.JPG
000376.jpg,https://www.johnnyseeds.com/dw/image/v2/BBBW_PRD/on/demandware.static/-/Sites-jss-master/default/dweb49afb7/images/products/vegetables/02343g_01_hotpaperlant.jpg?sw=280&cx=302&cy=0&cw=1196&ch=1196
000377.jpg,https://www.johnnyseeds.com/dw/image/v2/BBBW_PRD/on/demandware.static/-/Sites-jss-master/default/dw582e7328/images/products/vegetables/00585g_01_hungarhotwax.jpg?sw=280&cx=302&cy=0&cw=1196&ch=1196
000378.jpg,http://i1069.photobucket.com/albums/u477/jedisushi06/P8020151.jpg
000379.jpg,http://i1219.photobucket.com/albums/dd428/najamm/peppers2012/P1030058.jpg
000380.jpg,https://toptropicals.com/pics/garden/16/5/20160502_172614.jpg
000381.jpg,https://3.bp.blogspot.com/--fUp3qcHAts/V7iUDxDXSjI/AAAAAAAAHFs/V9RZHYkgOzYz1QPb5ihyg3JamsrGpWvWACLcB/s1600/Bishop%2Bcrown.jpg
000382.jpg,https://toptropicals.com/pics/garden/16/5/20160502_172529.jpg
000383.jpg,https://2.bp.blogspot.com/-62nhLTxG5cs/WdYULlU5eEI/AAAAAAAAL8I/sipizvLlyqYOjpIyVYOBnshjyyFqazVXgCLcBGAs/s1600/IMG_1814%2B%25282%2529.jpg
000384.jpg,http://i48.tinypic.com/1zgxc7d.jpg
000385.jpg,https://www.johnnyseeds.com/dw/image/v2/BBBW_PRD/on/demandware.static/-/Sites-jss-master/default/dwc5ff3b41/images/products/vegetables/03528_01_jedi.jpg?sw=280&cx=398&cy=106&cw=1000&ch=1000
000386.jpg,https://www.johnnyseeds.com/dw/image/v2/BBBW_PRD/on/demandware.static/-/Sites-jss-master/default/dwce8c970b/images/products/vegetables/03074_01_bangkokhorz.jpg?sw=280&cx=302&cy=0&cw=1196&ch=1196
000387.jpg,http://i.imgur.com/3J5RzwU.jpg
000388.jpg,https://image.jimcdn.com/app/cms/image/transf/dimension=1820x1280:format=jpg/path/s5e1b30cc4970f2bf/image/id2aebe92aa440d95/version/1534172278/image.jpg
000389.jpg,https://pics.davesgarden.com/pics/2010/11/13/carotcruncha/6bfe8b.jpg
000390.jpg,https://toptropicals.com/pics/garden/m1/raznozvet2/Capsicum_baccatum5908.jpg
000391.jpg,https://pepperhead.com/wp-content/uploads/2016/12/bishops-crown2.jpg
000392.jpg,https://i2.wp.com/dietitianwithoutborders.com/wp-content/uploads/2014/12/IMG_1128.jpg
000393.jpg,https://www.pepperscale.com/wp-content/uploads/2016/01/Bishops-Crown-Pepper-e1456687870144.jpg
000394.jpg,https://www.firedragonchillies.co.nz/wp-content/uploads/2012/03/Bishops-Crown.jpg
000395.jpg,https://1a1z1e22ozx83bgjsz17c6ba-wpengine.netdna-ssl.com/wp-content/uploads/Bishops-Crown.jpg
000396.jpg,http://4.bp.blogspot.com/-vyy9hNRcmTw/UF2YRyXsElI/AAAAAAAABUA/lscZqtULYoI/s1600/DSC05160+bishop+crown+chillies+%2528web%2529.jpg
000397.jpg,https://pics.davesgarden.com/pics/2013/04/01/IslandJim/de017f.jpg
000398.jpg,https://cdn.shopify.com/s/files/1/0200/5036/products/bishops_crown12.jpg
000399.jpg,https://gardeners.s3.amazonaws.com/p/VECHI33186_3.jpg
000400.jpg,https://gardeners.s3.amazonaws.com/p/VECHI33962_3.jpg
000401.jpg,http://img02.deviantart.net/dc77/i/2015/350/9/9/bishop_s_crown_pepper_by_freemax-d9jyxo1.jpg
000402.jpg,https://fairdinkumseeds.com/wp-content/uploads/2013/11/Capsicum-Baccatum-Bell-Pepper-Aji-Orchid-Bishops-Crown-Chilli-Seeds-786x786.jpg
000403.jpg,https://www.jimmyinthegarden.com/wp-content/uploads/2018/03/24619758693_462f5af23b_k.jpg
000404.jpg,https://cdn.thehippyseedcompany.com/wp-content/uploads/2017/06/Bishops-Crown-2.jpg
000405.jpg,http://i.ebayimg.com/images/i/250882730865-0-1/s-l1000.jpg
000406.jpg,https://pics.davesgarden.com/pics/2007/06/11/tchessie/895602.jpg
000407.jpg,https://www.magicgardenseeds.com/pics/mgs/CAP20/1/1000/Chilli-Pepper-Bishops-Crown-(Capsicum-baccatum)-organic_1.jpg
000408.jpg,https://img.bidorbuy.co.za/image/upload/user_images/651/390651_110410191653_Bishops_Crown_Chilli_Pepper.jpg
000409.jpg,https://www.permaculturesydneywest.com.au/wp-content/uploads/4-Bishops-Crown-Chilli5.jpg
000410.jpg,http://3.bp.blogspot.com/-GZZ3znckuF8/Ua3YZuia7II/AAAAAAAADEQ/aPSoDWEop1g/s1600/bishops+crown.jpg
000411.jpg,http://chilli-seedz.com/wp-content/uploads/2015/12/Bishops-Crown-900x900.jpg
000412.jpg,http://images.bidorbuy.co.za/user_images/346/3176346/3176346_160307201443_BISHOPS_CROWN_FRAMED.jpg
000413.jpg,https://australianseed.com/persistent/catalogue_images/products/chilli-bishops-crown.jpg
000414.jpg,https://thumbs.dreamstime.com/b/bishop-crown-chilli-pepper-16594650.jpg
000415.jpg,https://cdn.thehippyseedcompany.com/wp-content/uploads/2017/06/Bishops-Crown-1.jpg
000416.jpg,https://signofthesauce.com/wp-content/uploads/2017/10/Bishops-Crown-Pepper-1.jpg
000417.jpg,http://chilli-seedz.com/wp-content/uploads/2015/12/Bishops-Crown-Chilli-Plant-924x784.jpg
000418.jpg,https://www.chilipeppermadness.com/wp-content/uploads/2019/08/Bishops-Crown-Peppers.jpg
000419.jpg,https://www.semillas.de/pepper_flowers/bishops_crown.jpg
000420.jpg,http://rahiseedbank.com/wp-content/uploads/2014/07/b44.jpg
000421.jpg,http://rahiseedbank.com/wp-content/uploads/2014/07/b66.jpg
000422.jpg,https://pics.davesgarden.com/pics/2009/01/12/mikamouse/514483.jpg
000423.jpg,https://pics.davesgarden.com/pics/2010/11/13/carotcruncha/db9e5b.jpg
000424.jpg,http://rahiseedbank.com/wp-content/uploads/2014/07/b112.jpg
000425.jpg,http://www.peppersbymail.com/wp-content/uploads/2017/10/bishops-crown-pepper.jpg
000426.jpg,https://thepetalogist.com/wp-content/uploads/2017/10/Bishops_crown_chilli_peppers.jpg
000427.jpg,https://farm9.static.flickr.com/8225/8507932746_c37f01dab1_b.jpg
000428.jpg,https://uofacesmg.files.wordpress.com/2017/07/pepper-bishops-crown-maybe-july5-172.jpg
000429.jpg,http://chilli-seedz.com/wp-content/uploads/2015/12/IMG_2597-924x784.jpg
000430.jpg,https://c8.alamy.com/comp/RJJ0DW/red-hot-pepper-chili-pepper-bishops-crown-capsicum-baccatum-varpendulum-twig-with-ripe-and-unripe-peppers-RJJ0DW.jpg
000431.jpg,https://c8.alamy.com/comp/RJJ0E0/red-hot-pepper-chili-pepper-bishops-crown-capsicum-baccatum-varpendulum-twig-with-ripe-and-unripe-peppers-RJJ0E0.jpg
000432.jpg,https://toptropicals.com/pics/garden/m2/2015/10/20151018_153608capsicum_baccatum_TA.jpg
000433.jpg,https://toptropicals.com/pics/garden/m1/raznozvet2/Capsicum_baccatum5908.jpg
000434.jpg,http://bibitbunga.com/wp-content/uploads/2014/09/bishops-crown-2.jpg
000435.jpg,https://toptropicals.com/pics/garden/15/9/20151018_153546.jpg
000436.jpg,https://s-media-cache-ak0.pinimg.com/736x/0b/d5/e9/0bd5e98558b9bb689c5ceecfbeb16ca3.jpg
000437.jpg,https://i.etsystatic.com/5696408/r/il/2a4885/159982431/il_fullxfull.159982431.jpg
000438.jpg,https://thumbs.dreamstime.com/z/green-bishop-crown-chili-peppers-baccatum-species-white-background-45175133.jpg
000439.jpg,http://www.fordsfieryfoodsandplants.com/peppers/image/cache/catalog/bishop-500x500.jpg
000440.jpg,http://pakistanhydroponics.com/wp-content/uploads/2018/11/FREE-SEEDS-OF-BISHOPS-HATPEPPER-MAD-HATTER-PEPPER-BISHOPS-TAIL-PEPPER-CAYENNE-PEPPER-BIRDS-EYE-PEPPER-HOT-THAI-PEPPER-SPINACH-PEPPER-BISHOPS-CROWN-PAKISTAN-HYDROPONICS-2-585x390.jpg
000441.jpg,http://pakistanhydroponics.com/wp-content/uploads/2018/09/MAD-HAATER-PEPPER-BISHOPS-CROWN-PEPPER-BISHOPS-HAT-PEPPER-PAKISTAN-HYDROPONICS-HYDROPONICS-IN-PAKISTAN-585x390.jpg
000442.jpg,https://c8.alamy.com/comp/M0NB47/bishops-crown-pepper-on-a-white-background-M0NB47.jpg
000443.jpg,https://toptropicals.com/pics/garden/m2/2016/6/20160619_143930capsicum_baccatum_TA.jpg
000444.jpg,https://c8.alamy.com/comp/G9RMHC/red-pepper-known-as-bishop-crown-or-christimas-bell-selective-focus-G9RMHC.jpg
000445.jpg,http://pics.davesgarden.com/pics/2009/01/12/mikamouse/57dd67.jpg
000446.jpg,http://farm9.static.flickr.com/8450/7888391956_2691399ea5.jpg
000447.jpg,https://c8.alamy.com/comp/R6DWB0/bishops-crown-chili-R6DWB0.jpg
000448.jpg,https://s-media-cache-ak0.pinimg.com/originals/33/96/93/339693bd832c434c4435759995b0dfdf.jpg
000449.jpg,https://toptropicals.com/pics/garden/16/5/20160502_172731.jpg
000450.jpg,https://thumbs.dreamstime.com/b/single-red-bishop-s-crown-chilli-wooden-table-still-life-photo-bishops-weathered-board-shot-angle-69432890.jpg
000451.jpg,https://www.seminka-chilli.cz/fotografie/max/bishops-crown-220-3.jpg
000452.jpg,https://chilipflanzen.com/wp-content/uploads/2016/09/bishops-crown.chilis.jpg
000453.jpg,https://www.magicgardenseeds.com/pics/mgs/CAP20/2/1000/Chilli-Pepper-Bishops-Crown-(Capsicum-baccatum)-organic_2.jpg
000454.jpg,http://www.seminka-chilli.cz/fotografie/max/bishops-crown-220-2.jpg
000455.jpg,https://i.pinimg.com/736x/bf/5a/04/bf5a046bd33835fb5f6ed1ee6170ffdc--crowns.jpg
000456.jpg,https://toptropicals.com/pics/garden/16/5/20160502_172614.jpg
000457.jpg,http://toptropicals.com/pics/garden/15/10/20151021_183938.jpg
000458.jpg,http://toptropicals.com/pics/garden/16/5/20160502_172529.jpg
000459.jpg,http://toptropicals.com/pics/garden/m1/raznozw/capsicum_baccatum089.jpg
000460.jpg,https://static.kupindoslike.com/Bishop-s-Crown-chili-pepper-20-semenki_slika_O_47454285.jpg
000461.jpg,https://www.magicgardenseeds.com/pics/XeyLIh_28hUThKJ8g8GdcZhbM8OHsPV5xjpTRnFyIfYudMXikfg1kuvm_qOimOo-/CAP20_1000.jpg
000462.jpg,https://www.chilli-shop.sk/fotografie/max/bishops-crown-220-4.jpg
000463.jpg,https://cdn.thehippyseedcompany.com/wp-content/uploads/2017/06/Bishops-Crown-Multi-Coloured-1.jpg
000464.jpg,https://toptropicals.com/pics/garden/15/10/20151021_183936.jpg
000465.jpg,http://www.chiligrowshop.cz/resize/e/1200/1200/files/spicegarden/-9251730.jpg
000466.jpg,https://fairdinkumseeds.com/wp-content/uploads/2013/11/Ufo-Chilli-Bell-Pepper-Capsicum-Baccatum-Seeds.jpg
000467.jpg,https://toptropicals.com/pics/garden/16/5/20160502_172546.jpg
000468.jpg,https://www.seminka-chilli.cz/fotografie/max/bishops-crown-220-0.jpg
000469.jpg,https://i.pinimg.com/originals/43/62/0e/43620e394209f82f0b81caf3d3401af0.jpg
000470.jpg,http://1.bp.blogspot.com/-ZKc0bVyMZsc/T1914eRYkgI/AAAAAAAABHE/Eq4DuJGK4-Y/s1600/pimenta+doce.jpg
000471.jpg,http://chilli.cz/wp-content/uploads/2017/07/bishop-crown-chilli-3.jpg
000472.jpg,https://lululemonandlace.files.wordpress.com/2015/08/2015-08-20-16-21-00-3.jpg
000473.jpg,http://chilli.cz/wp-content/uploads/2017/07/bishop-crown-chilli-1.jpg
000474.jpg,https://fairdinkumseeds.com/wp-content/uploads/2013/11/Aji-Orchid-Bishops-Crown-Chilli-Seeds.jpg
000475.jpg,https://toptropicals.com/pics/garden/11/olymp/7/P6177018.jpg
000476.jpg,https://toptropicals.com/pics/garden/15/9/20151018_123554.jpg
000477.jpg,https://c8.alamy.com/comp/RGAY81/bishops-crown-flower-shaped-and-chili-pepper-on-white-background-RGAY81.jpg
000478.jpg,https://toptropicals.com/pics/garden/11/olymp/7/P6177007.jpg
