image,source
000001.jpg,https://www.pepperscale.com/wp-content/uploads/2016/03/black-hungarian-pepper.jpeg
000002.jpg,https://cdn.shopify.com/s/files/1/0972/6282/products/black-hungarian-pepper-80-days-vegetables-pinetree-garden-seeds_444.jpg?v=1542831349
000003.jpg,https://www.rareseeds.com/assets/1/14/DimRegular/Pepper-Black-Hungarian-LSS-137_1.jpg
000004.jpg,https://www.cayennediane.com/wp-content/uploads/Hungarian-Black-Pepper.jpg
000005.jpg,https://chilitermesztes.files.wordpress.com/2017/08/285_black_hungarian_pepper_-_low_2000x.jpg?w=616
000006.jpg,https://smhttp-ssl-17653.nexcesscdn.net/media/catalog/product/cache/1/thumbnail/9df78eab33525d08d6e5fb8d27136e95/s/n/snv8407-web3.jpg
000007.jpg,https://www.rareseeds.com/assets/1/14/DimRegular/Pepper-Black-Hungarian-IMG_5828.jpg
000008.jpg,https://cdn.shopify.com/s/files/1/0011/2341/8172/products/PP_Black-Hungarian-Pepper-Seeds_480x480.jpg?v=1523418875
000009.jpg,https://cdn11.bigcommerce.com/s-a9b4a/images/stencil/1024x1024/products/1397/4028/Black_Hungarian_Pepper__83534.1549401775.jpg?c=2
000010.jpg,https://www.rareseeds.com/assets/1/14/DimRegular/HPP-Black-Hungarian-web.jpg
000011.jpg,https://sarahraven.images.blucommerce.com/sarahraven/product/110345_1.jpg?auto=format%2Ccompress&bluhash=06095f893cb145ecc5ab14ea0e41af85&w=500&h=550&fit=crop&s=dcab174b01c4a3272a9b29c635d8c21c
000012.jpg,https://images-na.ssl-images-amazon.com/images/I/91Il0Xc2lvL._SX425_.jpg
000013.jpg,https://www.urbanseedling.com/wp-content/uploads/2016/04/Hot-Pepper-Black-Hungarian-e1532523542937.jpg
000014.jpg,https://www.gardenhoard.com/media/catalog/product/cache/1/image/650x/040ec09b1e35df139433887a97daa66f/2/0/20170823_074738_-_copy.jpg
000015.jpg,https://cdn11.bigcommerce.com/s-c3s1a/images/stencil/1280x1280/products/759/903/874011002311__98200.1391978711.jpg?c=2&imbypass=on
000016.jpg,https://cdn.shopify.com/s/files/1/1667/9659/products/SL117_4e98b4a9-2a9d-4a95-8c14-65294361e307_large.jpg?v=1510927181
000017.jpg,https://www.thompson-morgan.com/product_images/100/optimised/CHIL-KA9601-A.jpg
000018.jpg,https://cdn10.bigcommerce.com/s-2drwt2az/products/7317/images/53426/pepperblackhungarian5__40652.1493261878.500.659.jpg?c=2
000019.jpg,https://i.ytimg.com/vi/HseuWVNQufA/maxresdefault.jpg
000020.jpg,https://chilli-seedz.com/wp-content/uploads/2017/01/IMG_1588-900x900.jpg
000021.jpg,https://images-na.ssl-images-amazon.com/images/I/61ZXMjQ-FWL._SX425_.jpg
000022.jpg,https://cdn.shopify.com/s/files/1/2630/8280/products/c39ae4e3ac011900e0aab0a24e8ae81b_800x.jpg?v=1512948572
000023.jpg,https://www.ukchilliseeds.co.uk/ekmps/shops/chilliwizard/images/black-hungarian-seeds-x-10-1055-p.jpg
000024.jpg,https://www.plantsofdistinction.co.uk/stock/mweb/img000321.jpg
000025.jpg,http://cdn.shopify.com/s/files/1/1063/1756/products/BlackHungarianPepper_1200x1200.jpg?v=1551225085
000026.jpg,https://smhttp-ssl-17653.nexcesscdn.net/media/catalog/product/cache/1/thumbnail/9df78eab33525d08d6e5fb8d27136e95/s/n/snv8407-web1_1.jpg
000027.jpg,https://images-na.ssl-images-amazon.com/images/I/51JeSH9KmCL._SX425_.jpg
000028.jpg,https://static.artfire.com/uploads/mfs/items/51/99/large/519904feaf33efbf6d0a815b1024d50f41f33ce09e3a7151a60a402c0b38e0f6.jpg
000029.jpg,https://www.superhotchiles.com/wp-content/uploads/2018/04/Black-Hungarian-Pepper-Seeds.jpg
000030.jpg,https://cdn.shopify.com/s/files/1/0180/1457/products/black_hungarian_pepper_plant_large.JPG?v=1481666109
000031.jpg,https://static.artfire.com/uploads/mfs/items/c9/65/large/c96576da1d937647261877baf71bc66f9465b3b1af44b62bfc9c86532f008658.jpg
000032.jpg,https://i.redd.it/hl2jtg8jsop01.jpg
000033.jpg,http://cdn.shopify.com/s/files/1/0668/4299/products/blackhungpepper_grande.jpg?v=1419428234
000034.jpg,http://www.wii4mii.com/fpics/DSCN1589.jpg
000035.jpg,https://davesgarden.com/guides/pf/thumbnail.php?image=2005/06/01/GreenThumbGreen/92427a.jpg&widht=700&height=312
000036.jpg,https://pics.davesgarden.com/pics/2006/06/27/Suze_/e323c1.jpg
000037.jpg,https://images-na.ssl-images-amazon.com/images/I/61-FNxosU3L._SX425_.jpg
000038.jpg,https://i.ebayimg.com/images/g/0dgAAOSwbINc4ZJt/s-l300.jpg
000039.jpg,https://thehippyseedcompany.com/wp-content/uploads/2017/06/Hungarian-Black-Web-1.jpg
000040.jpg,https://cdn.shopify.com/s/files/1/1904/8475/products/pepper_hot_-_Hungarian_Black_large.jpg?v=1546116964
000041.jpg,https://i0.wp.com/awhaley.com/wp-content/uploads/2018/10/Black-Hungarian.jpg?fit=600%2C600&ssl=1
000042.jpg,https://i.ytimg.com/vi/v_A8P5M5G-Y/maxresdefault.jpg
000043.jpg,https://s.ecrater.com/stores/59305/573c929e98f97_59305n.jpg
000044.jpg,https://i.etsystatic.com/13462380/r/il/b0bc62/1076452281/il_570xN.1076452281_oiw1.jpg
000045.jpg,https://www.premierseedsdirect.com/wp-content/uploads/2017/02/41581539-600x800.jpg
000046.jpg,http://www.wildroseheritageseed.com/uploads/4/2/2/4/42241473/s145558776392258095_p25_i22_w640.jpeg
000047.jpg,https://vignette.wikia.nocookie.net/gardener/images/a/a5/Chilli_Hungarian_black.jpg/revision/latest?cb=20101002163548
000048.jpg,https://upload.wikimedia.org/wikipedia/commons/thumb/0/03/Black_Pearl_Pepper_Plant.jpg/1200px-Black_Pearl_Pepper_Plant.jpg
000049.jpg,https://cdn.shopify.com/s/files/1/1095/8052/products/Pepper_Hungarian_Black150.jpg?v=1514621110
000050.jpg,https://www.prairieflora.com/uploads/4/4/5/2/44520027/s277235600597616310_p157_i18_w960.jpeg
000051.jpg,https://i.redd.it/8gqa76o5qn111.jpg
000052.jpg,https://pics.davesgarden.com/pics/2005/08/16/kanita/e8dd0d.jpg
000053.jpg,https://www.worldwondersgardens.co.uk/image/cache/catalog/Product%20Images/Fruit%20and%20Veg/Peppers/chili-black-hungarian-650-650x650.jpg
000054.jpg,https://www.gourmetseed.com/image/cache/catalog/products/P/pepper_black_hungarian-1024x1024.jpg
000055.jpg,https://images-na.ssl-images-amazon.com/images/I/71Aety5vQyL._SX425_.jpg
000056.jpg,http://www.wii4mii.com/fpics/bhp.jpg
000057.jpg,https://www.kitchengardenseeds.com/media/catalog/product/cache/1/thumbnail/0dc2d03fe217f8c83829496872af24a0/c/h/chile-hungarianblack1-w.jpg
000058.jpg,https://i.etsystatic.com/6728015/r/il/0a6980/746264077/il_570xN.746264077_bb42.jpg
000059.jpg,http://cdn.shopify.com/s/files/1/0901/4616/products/Chili_Black_Hungarian1_grande.jpg?v=1537177379
000060.jpg,https://www.chili-shop24.com/media/image/70/5c/cc/Black_Hot_Hungarian_600x600.jpg
000061.jpg,https://cdn.shopify.com/s/files/1/1696/2611/products/C_annuum_black_hungarian_fruits_1024x1024.jpg?v=1525054040
000062.jpg,https://media.karousell.com/media/photos/products/2019/06/18/10_seeds__black_hungarian_pepper_1560871068_9120aa95_progressive.jpg
000063.jpg,http://i143.photobucket.com/albums/r131/telsingandrews/garden2009/a-hungarianblackpepper.jpg
000064.jpg,http://cdn.shopify.com/s/files/1/1022/5071/products/pepper-black-hungarian-pepper-sweet-hot-showy-plant-75-days-heirloom-3_1024x1024.jpg?v=1565030629
000065.jpg,https://www.urbanseedling.com/wp-content/uploads/2015/03/vegetables-pepper-five-color.jpg
000066.jpg,https://i.ytimg.com/vi/cRznAfTOSSU/maxresdefault.jpg
000067.jpg,https://i.imgur.com/15gtmIe.jpg
000068.jpg,https://www.chillihead.co.za/image/cache/data/blackhungarian-500x500.jpg
000069.jpg,https://www.groworganic.com/organic-gardening/images/posts/videos/_thumb/how-to-grow-peppers.jpg
000070.jpg,https://images-na.ssl-images-amazon.com/images/I/51muHVeCJoL._SX425_.jpg
000071.jpg,https://cdn.manomano.com/vegetable-pepper-chilli-hungarian-black-P-1528882-3627952_1.jpg
000072.jpg,http://rahiseedbank.com/wp-content/uploads/2014/07/h8.jpg
000073.jpg,https://images-wixmp-ed30a86b8c4ca887773594c2.wixmp.com/f/ac441b41-217b-476b-a3fe-3064f0133d9b/dbbgx58-4f60f5c5-6d3b-4bee-afeb-63a4b135b4e3.jpg/v1/fill/w_1024,h_683,q_75,strp/black_hungarian_pepper_flower_by_kitteh_pawz_dbbgx58-fullview.jpg?token=eyJ0eXAiOiJKV1QiLCJhbGciOiJIUzI1NiJ9.eyJzdWIiOiJ1cm46YXBwOjdlMGQxODg5ODIyNjQzNzNhNWYwZDQxNWVhMGQyNmUwIiwiaXNzIjoidXJuOmFwcDo3ZTBkMTg4OTgyMjY0MzczYTVmMGQ0MTVlYTBkMjZlMCIsIm9iaiI6W1t7ImhlaWdodCI6Ijw9NjgzIiwicGF0aCI6IlwvZlwvYWM0NDFiNDEtMjE3Yi00NzZiLWEzZmUtMzA2NGYwMTMzZDliXC9kYmJneDU4LTRmNjBmNWM1LTZkM2ItNGJlZS1hZmViLTYzYTRiMTM1YjRlMy5qcGciLCJ3aWR0aCI6Ijw9MTAyNCJ9XV0sImF1ZCI6WyJ1cm46c2VydmljZTppbWFnZS5vcGVyYXRpb25zIl19.IPXSPPoaUeYTcnwZNtSnBKwDk0awiZcsbv55thSVK6E
000074.jpg,https://i.ebayimg.com/00/s/MTA2NlgxNjAw/z/m0YAAOSwCU1YvYsC/$_57.JPG?set_id=880000500F
000075.jpg,https://www.heirloomfarms.pk/wp-content/uploads/2019/06/poblano1-1.jpg
000076.jpg,https://i.ebayimg.com/00/s/MTIwMFgxNjAw/z/QjQAAOSwuxFYvYsj/$_57.JPG?set_id=880000500F
000077.jpg,https://i.ytimg.com/vi/0H8p8FB0d_g/maxresdefault.jpg
000078.jpg,https://kcdgarden.com/varieties/50/IMG_20170816_190849-01.jpeg?width=730&height=500&mode=crop&format=jpg&quality=65
000079.jpg,https://cdn11.bigcommerce.com/s-cg0adf/images/stencil/1280x1280/products/697/1267/Black_Hungarian__33047.1448709346.jpg?c=2&imbypass=on
000080.jpg,http://www.homesteadeats.com/wp-content/uploads/2018/02/black-hungarian-pepper-720x480.jpg
000081.jpg,https://i.pinimg.com/originals/82/51/ef/8251efd06154a20925d276b39c8cb624.jpg
000082.jpg,https://www.naturalgardening.com/images/pepper_blackhung_4_orig.jpg
000083.jpg,https://www.azuredandelion.com/images/BlackHungarianPepperwm.jpg
000084.jpg,https://media.istockphoto.com/photos/cheese-and-bacon-jalapeno-poppers-picture-id1134915278?k=6&m=1134915278&s=612x612&w=0&h=SfPYktTNjKmyczbJqsktwLyMsobq22p5MccZJzg0J7E=
000085.jpg,https://ae01.alicdn.com/kf/HTB165S8JXXXXXX.apXXq6xXFXXXb/Black-Hungarian-Sweet-Pepper-50-heirloom-seeds-non-GMO-smoky-flavor-purple-pepper-black-foliage-ornamental.jpg_640x640q90.jpg
000086.jpg,https://i.ytimg.com/vi/gUDjAQ8c52g/maxresdefault.jpg
000087.jpg,http://i111.photobucket.com/albums/n160/bgpadios/PepperBlackHungarian7-29-10.jpg
000088.jpg,https://twinpalmsranch.files.wordpress.com/2012/09/dsc_0036-1.jpg
000089.jpg,http://www.heirloom-organics.com/images/polaroid/nonhybrid-blackhungarian.gif
000090.jpg,https://p2-ssl.teszvesz.hu/photos/98/72/black-hungarian-chili-ad6a_1_big.jpg?v3
000091.jpg,https://www.pepperscale.com/wp-content/uploads/2014/10/black-pearl-pepper-1.jpg
000092.jpg,https://www.edenseeds.com.au/flux-content/eden/graphics/products/seeds/V_Chilli_BlackHungarian.jpg
000093.jpg,https://test18.irisheyesgardenseeds.com/wp-content/uploads/product_images/product-46291-1520380831-OPP245P-600x600.jpg
000094.jpg,https://www.therange.co.uk/_m3/5/1/1549469157_3845.jpg
000095.jpg,https://i2.wp.com/www.patsybell.com/wp-content/uploads/2012/09/Pepper-single-black-Hungarian.jpg
000096.jpg,https://www.tessgruun.eu/shops/tessgruun/zpptpbh15-peper-black-hungarian-15-zaden-tessgruun.jpg
000097.jpg,https://cdn.shopify.com/s/files/1/0668/4299/products/blackhungpepper2.jpg?v=1419428234
000098.jpg,https://c1.staticflickr.com/8/7675/17192052609_96e15bd1c4_b.jpg
000099.jpg,https://media.istockphoto.com/photos/cheese-and-bacon-jalapeno-poppers-picture-id1133819300?k=6&m=1133819300&s=612x612&w=0&h=MhTcbHB-aK1bgjIR7mEhYal7CtUQP9Y4eDXw5CeteGc=
000100.jpg,http://2.bp.blogspot.com/_Rw0GV1tl9Ng/SlTeZWGm7NI/AAAAAAAAAb8/CMKf37i08yU/s320/July+8,+2009+001.jpg
000101.jpg,http://hofsgrund.info/wp-content/uploads/2018/04/hungarian-black-pepper-black-peppers-in-3-stages-of-ripeness-black-green-and-red-black-hungarian-pepper-uses.jpg
000102.jpg,https://st2.depositphotos.com/1971443/7048/v/950/depositphotos_70482053-stock-illustration-low-poly-black-hungarian-pepper.jpg
000103.jpg,https://cdn.shopify.com/s/files/1/0278/5659/products/Black_Hungarian_Pepper_1024x1024.jpg?v=1490850649
000104.jpg,https://static.wixstatic.com/media/2b5610_30a1381626d84bedbc8c5265f9bcc217~mv2.png/v1/fill/w_480,h_406,al_c,usm_0.66_1.00_0.01/2b5610_30a1381626d84bedbc8c5265f9bcc217~mv2.png
000105.jpg,https://www.organicseeds.eu/media/images/p/w469/2018-MjAxODAyMDUxNDQ1NTM.jpg
000106.jpg,http://i.imgur.com/LhrJ3XJ.jpg
000107.jpg,https://cdn.gardenista.com/wp-content/uploads/2015/04/img/sub/uimg/09-2012/700_peppers-1.jpg
000108.jpg,https://www.heirloomfarms.pk/wp-content/uploads/2019/06/hungarianblack.jpg
000109.jpg,https://i.pinimg.com/originals/4a/4c/76/4a4c76fb9b79b663ed0844453675d08d.jpg
000110.jpg,https://i.etsystatic.com/14854555/d/il/30a688/1195968038/il_340x270.1195968038_pj4x.jpg?version=0
000111.jpg,http://3.bp.blogspot.com/-fTAT2zWD1do/U-ffJ9kD8iI/AAAAAAAACWA/tTGO9_ibkYo/s1600/IMG_8024.JPG
000112.jpg,http://www.bloomingadvantage.com/plants/itemLarge/7143%20Pepper%20CzechBlack2.jpg
000113.jpg,https://garden.org/pics/2012-01-16/DanCarmona/b6ffc4-300.jpg
000114.jpg,https://farm8.staticflickr.com/7224/7403311752_f1accb8417_z.jpg
000115.jpg,http://www.organicseed.co.za/277-730-large/black-hungarian-pepper.jpg
000116.jpg,http://www.organicseed.co.za/277-730-thickbox/black-hungarian-pepper.jpg
000117.jpg,http://thumb4.zeppy.io/d/l400/pict/321788609838/vegetable-hot-chilli-pepper-cayenne-red-130-seeds-capsicum-annuum
000118.jpg,https://i.ytimg.com/vi/HseuWVNQufA/hqdefault.jpg
000119.jpg,https://pbs.twimg.com/media/Dk-D-x5UUAAKc-4.jpg
000120.jpg,https://www.kerneliv.dk/1560-large_default/chili-pepper-hungarian-black-.jpg
000121.jpg,https://i.pinimg.com/originals/cf/b7/5b/cfb75ba60886c8347c6ed38bab7966f1.jpg
000122.jpg,https://www.urbanseedling.com/wp-content/uploads/2015/03/vegetables-pepper-jalapeno-300x200.jpg
000123.jpg,http://www.wildroseheritageseed.com/uploads/4/2/2/4/42241473/s145558776392258095_p25_i23_w640.jpeg
000124.jpg,http://eureka.news/wp-content/uploads/2017/02/BlackHungarians.jpg?w=640
000125.jpg,https://images-na.ssl-images-amazon.com/images/I/51TIs-N5sxL._SX425_.jpg
000126.jpg,https://irisheyesgardenseeds.com/wp-content/uploads/product_images/product-90684-1559592034-PP140-300x400.jpg
000127.jpg,https://bibitbunga.com/wp-content/uploads/2018/12/benih-cabe-black-hungarian-pepper-2-biji-1.jpg
000128.jpg,https://cdn.shopify.com/s/files/1/1022/5071/products/pepper-black-hungarian-pepper-sweet-hot-showy-plant-75-days-heirloom-4_1024x1024.jpg?v=1565030630
000129.jpg,https://www.theseedcollection.com.au/assets/alt_1/F4-18.jpg?1499993318
000130.jpg,https://image.shutterstock.com/image-illustration/low-poly-black-hungarian-pepper-600w-269884955.jpg
000131.jpg,https://live.staticflickr.com/8314/7986111324_b2dec7b81c_b.jpg
000132.jpg,https://www.piedmontfarmandgarden.com/v/vspfiles/photos/PPP025-2T.jpg?v-cache=1366092667
000133.jpg,https://s.ecrater.com/stores/59305/54109543bc1ea_59305n.jpg
000134.jpg,http://ch.lnwfile.com/vgaxj1.jpg
000135.jpg,https://contrarymarysplants.com/wp-content/uploads/2018/03/a-Sample-1-300x259.jpg
000136.jpg,https://www.mediterranpiac.com/images/product_images/original_images/Black_Pearl-Paprika.JPG
000137.jpg,https://365psd.com/images/istock/previews/6287/62870824-low-poly-black-hungarian-pepper.jpg
000138.jpg,https://cdn.shopify.com/s/files/1/1022/5071/products/vegetable-seeds-black-hungarian-hot-pepper-open-pollinated-non-gmo-capsicum-annum-4_1024x1024.jpg?v=1565027211
000139.jpg,https://image.shutterstock.com/image-photo/black-hungarian-chili-peppers-600w-633418073.jpg
000140.jpg,https://images.squarespace-cdn.com/content/v1/5c7aebefb914495e8b496d2a/1551979242944-V43BAP21TQ3UIHVE9EZ3/ke17ZwdGBToddI8pDm48kJUlZr2Ql5GtSKWrQpjur5t7gQa3H78H3Y0txjaiv_0fDoOvxcdMmMKkDsyUqMSsMWxHk725yiiHCCLfrh8O1z5QPOohDIaIeljMHgDF5CVlOqpeNLcJ80NK65_fV7S1UfNdxJhjhuaNor070w_QAc94zjGLGXCa1tSmDVMXf8RUVhMJRmnnhuU1v2M8fLFyJw/black-hungarian-peppers.jpg?format=500w
000141.jpg,https://urbainculteurs.org/wp-content/uploads/2017/04/piment-fort-black-hungarian-300x300.jpg
000142.jpg,https://scontent-lhr3-1.cdninstagram.com/v/t51.2885-15/e35/67671557_135715884311504_7865419826190561361_n.jpg?_nc_ht=scontent-lhr3-1.cdninstagram.com&se=7&oh=41697ce1ad87d87adff4f4ddc339757f&oe=5DDBEC80&ig_cache_key=MjEwNDEzMDUzODM4NTI3NjAzMA%3D%3D.2
000143.jpg,https://www.mediterranpiac.com/images/product_images/original_images/paprikapulver_fotor_collage.jpg
000144.jpg,https://media.istockphoto.com/photos/black-hungarian-pepper-picture-id118289980
000145.jpg,https://glassgardenshop.com/wp-content/uploads/2018/02/%D8%A8%D8%B0%D8%B1-%D9%81%D9%84%D9%81%D9%84-%D9%85%D8%B4%DA%A9%DB%8C-%D9%85%D8%AC%D8%A7%D8%B1%D8%B3%D8%AA%D8%A7%D9%86%DB%8C-%D8%AC%D9%84%D8%A7%D9%BE%DB%8C%D9%86%D9%88-%D9%85%D8%B4%DA%A9%DB%8C-Black-Hungarian-Pepper-%DA%AF%D9%84%D8%B3-%DA%AF%D8%A7%D8%B1%D8%AF%D9%86-11.jpg
000146.jpg,https://sanctuarygardener.files.wordpress.com/2015/05/peppers-black-hungarian-flower-24may15-sg.jpg
000147.jpg,http://cdn.shopify.com/s/files/1/1022/5071/products/vegetable-seeds-black-hungarian-hot-pepper-open-pollinated-non-gmo-capsicum-annum-2_1024x1024.jpg?v=1565027210
000148.jpg,https://www.urbanseedling.com/wp-content/uploads/2015/03/Ho-Chi-Minh-Hot-Peppers-300x200.jpg
000149.jpg,https://i.ytimg.com/vi/EsDWh56vFcE/maxresdefault.jpg
000150.jpg,https://garden.org/pics/2014-08-09/stilldew/ebf71a-250.jpg
000151.jpg,https://www.picclickimg.com/d/l400/pict/143089753859_/Black-Hungarian-Organic-Pepper-20-Seeds.jpg
000152.jpg,https://2.bp.blogspot.com/-FCvnulQptGM/WZjC0bIb0GI/AAAAAAAALxM/dO2uLRckgNIjMs6obms5oqdbhqAZwTarwCLcBGAs/s640/IMG_5852.JPG
000153.jpg,https://contrarymarysplants.com/wp-content/uploads/2018/03/a-selection-1-300x227.jpg
000154.jpg,https://media.istockphoto.com/photos/cooked-stuffed-peppers-in-baking-dish-picture-id1030247948?k=6&m=1030247948&s=612x612&w=0&h=lCjvbfZS3ukI9yIEdkfB0zl0hy48UQlwZEz5jONRMQ0=
000155.jpg,https://i.redd.it/1g5bgf1j3y611.jpg
000156.jpg,https://static.wixstatic.com/media/7d0352_ce53ec8745254e2c9c388e585023697b.jpg/v1/fill/w_2112,h_2816,al_c,q_85/7d0352_ce53ec8745254e2c9c388e585023697b.jpg
000157.jpg,http://lh4.ggpht.com/tangledbranches/SKHfkrrgV0I/AAAAAAAAGio/QFtlw-r2Ig8/s400/20080812_2102.jpg
000158.jpg,https://pics.davesgarden.com/pics/2006/02/15/manicgardener/436e71.jpg
000159.jpg,https://cdn.gardenista.com/wp-content/uploads/2015/04/img/sub/uimg/09-2012/700_peppers-4.jpg
000160.jpg,https://i.ebayimg.com/images/g/E4kAAOSwM4Rcy7B4/s-l300.jpg
000161.jpg,http://3.bp.blogspot.com/-GaYgBXStog0/UjBlVLIK0bI/AAAAAAAAEFE/LbIZUK4OPWQ/s1600/IMG_0890.JPG
000162.jpg,https://cdn.shopify.com/s/files/1/1022/5071/products/pepper-black-hungarian-pepper-sweet-hot-showy-plant-75-days-heirloom-5_1024x1024.jpg?v=1565030631
000163.jpg,https://pics.davesgarden.com/pics/2006/02/14/manicgardener/0a54b8.jpg
000164.jpg,https://cdn11.bigcommerce.com/s-l4imwd9m8j/images/stencil/1280x1280/products/118/382/HE322_UPDATE__Black_Hungarian_Pepper_Organic_tiny__43115.1549101122.png?c=2&imbypass=on
000165.jpg,http://i.imgur.com/5Ic6LpU.jpg
000166.jpg,https://media.istockphoto.com/photos/cheese-and-bacon-jalapeno-poppers-picture-id1132350063?k=6&m=1132350063&s=612x612&w=0&h=pHEoUXz5YgCeE9PwTwABzU5_NgMNDLTK1xAsONTchNA=
000167.jpg,https://cartloom.s3.amazonaws.com/worldofchillies/145914_ee825abfd75bbc5b5836636ef8eaca9f_orig.jpg
000168.jpg,https://www.kitchengardenseeds.com/media/catalog/product/cache/1/thumbnail/0dc2d03fe217f8c83829496872af24a0/3/6/3682_chile_pepper_black_hungarian.jpg
000169.jpg,https://upload.wikimedia.org/wikipedia/commons/thumb/5/50/Madame_Jeanette_and_other_chillies.jpg/1200px-Madame_Jeanette_and_other_chillies.jpg
000170.jpg,https://www.magicgardenseeds.com/pics/mgs/1162/1000/Hungarian-Black-chili-pepper-(Capsicum-annuum).jpg
000171.jpg,https://www.chicagobotanic.org/images/plantinfo/smartgardener/capsicum_annuum_black_hungarian.jpg
000172.jpg,https://neveldfel.cdn.shoprenter.hu/custom/neveldfel/image/cache/w900h500wt1/ujmagyar/magyar_fekete_chili.jpg?lastmod=1569147718.1482238000
000173.jpg,http://www.personal.psu.edu/bxb11/blogs/brett_bixler_e-portfolio/NuMex%20Black%20Hungarian%20Pepper.jpg
000174.jpg,https://i.imgur.com/umG1y6A.jpg
000175.jpg,https://www.chileplants.com/images/chiles/black-prince-pepper-pepper-plants.jpg
000176.jpg,https://i.ytimg.com/vi/VdRt-OUHI5s/hqdefault.jpg
000177.jpg,http://cdn.elevenia.co.id/g/5/0/0/7/1/5/25500715_B.jpg
000178.jpg,https://live.staticflickr.com/446/20239192485_6c2a7fac44_b.jpg
000179.jpg,https://www.mediterranpiac.com/images/product_images/original_images/PinheiroNEU_burnedNEU.jpg
000180.jpg,https://www.rareseeds.com/assets/1/14/DimRegular/Pepper-Leutschaver-Paprika-IMG_6968.jpg
000181.jpg,https://static-01.daraz.pk/p/1cdeac8c9b5180142bf40ec7d0eb0f00.jpg
000182.jpg,https://pics.davesgarden.com/pics/2005/06/01/GreenThumbGreen/92427a.jpg
000183.jpg,https://www.mikelsimon.com/img/p/3/2/3/323-medium_default.jpg
000184.jpg,http://lh3.ggpht.com/tangledbranches/SJ2sSOnlb8I/AAAAAAAAGeA/E81tdN3epHY/s400/2008_08_096754.jpg
000185.jpg,http://hofsgrund.info/wp-content/uploads/2018/04/hungarian-black-pepper-view-larger-image-growing-black-hungarian-peppers.jpg
000186.jpg,https://www.paloaltoonline.com/news/photos/2018/november/28/72480_full.jpg
000187.jpg,https://image.shutterstock.com/display_pic_with_logo/223869033/1446060197/stock-photo-the-chillies-from-a-black-hungarian-chilli-plant-botanical-family-capsicum-annuum-1446060197.jpg
000188.jpg,https://media.istockphoto.com/photos/cold-tapas-amp-mediterranean-bread-picture-id471461407?k=6&m=471461407&s=612x612&w=0&h=pzPRXTeXDCtG0Ar1OwKjLAJDDkkPkjg0EUYMfkQ4x7M=
000189.jpg,http://oroseeds.com/wp-content/uploads/2019/02/Chili-HungarianBlack-II-p.jpg
000190.jpg,https://www.urbanseedling.com/wp-content/uploads/2016/04/Hot-Pepper-Georgia-Flame.jpg
000191.jpg,https://scontent-atl3-1.cdninstagram.com/vp/10aa7e6629dd0f567bb34fefd55f6a72/5DC289A1/t51.2885-15/e35/58468460_425896758189061_4774912430874626367_n.jpg?_nc_ht=scontent-atl3-1.cdninstagram.com
000192.jpg,https://exoticchillies.com.au/wp-content/uploads/2016/03/Black-hungarian.jpg
000193.jpg,https://sanctuarygardener.files.wordpress.com/2015/07/harvest-chili-peppers-2jul15-sg.jpg
000194.jpg,https://st3.depositphotos.com/3664757/17674/i/1600/depositphotos_176740750-stock-photo-goulash-traditional-hungarian-dish-stew.jpg
000195.jpg,https://mudandgluts.files.wordpress.com/2016/12/hungarian-black-chilli.jpg
000196.jpg,https://pics.davesgarden.com/pics/2005/07/29/JefeQuicktech/5e651d.jpg
000197.jpg,http://tuincentrumholland.com/8907-thickbox_default/peperzaad-thai-hot-culinary.jpg
000198.jpg,https://img.azurestandard.com/unsafe/fit-in/1072x1072/filters:fill(white)/https://media.azurestandard.com/files/46393989-04de-4333-b273-b119946f0fd7
000199.jpg,https://norecipes.com/wp-content/uploads/2015/01/chicken-paprikash-012.jpg
000200.jpg,https://scontent-cdt1-1.cdninstagram.com/v/t51.2885-15/sh0.08/e35/s750x750/66105937_673162673195179_1483493685783858931_n.jpg?_nc_ht=scontent-cdt1-1.cdninstagram.com&oh=e2ab10036a81432805e10206d0628d7f&oe=5DE77F3E&ig_cache_key=MjEwODYwOTY2OTMyNTgzMjE3Mg%3D%3D.2
000201.jpg,http://i.imgur.com/JFTaUFf.jpg
000202.jpg,http://1.bp.blogspot.com/-h3AuTCidjbQ/U20ovn6LvUI/AAAAAAAAAd0/L0oN46sK9dE/s1600/28+Apr+herfsoeste+(14).JPG
000203.jpg,https://66.media.tumblr.com/909312c9726ebaf6ff612c58ed41ed2f/tumblr_px4fzwIMC91vnxd9po1_400.jpg
000204.jpg,https://st.hzcdn.com/fimgs/648285ad04cb4082_8718-w240-h320-b0-p0--.jpg
000205.jpg,https://wabisabidandy.files.wordpress.com/2018/10/20181010_154151.jpg?w=329&h=585
000206.jpg,http://i1182.photobucket.com/albums/x448/PeteMaws/Glog/IMG_7436.jpg
000207.jpg,https://pics.davesgarden.com/pics/2005/07/29/JefeQuicktech/5f2a06.jpg
000208.jpg,http://i783.photobucket.com/albums/yy115/DutchPeppers/2013/BlackHungarian1_zps5461e5f2.jpg
000209.jpg,http://studyinhungary.hu/static/upload/market-sih.jpg
000210.jpg,https://egeszsegmezo.hu/wp-content/uploads/2019/04/Black-Hungarian-300x300.jpg
000211.jpg,https://samenfest.de/media/catalog/product/cache/1/image/800x800/9df78eab33525d08d6e5fb8d27136e95/b/l/blackhungarian.jpg
000212.jpg,http://us01.imgcdn.ymcart.com/25804/2017/12/25/2/e/2e8fbffa6c06e2e0.jpg
000213.jpg,https://scontent-lga3-1.cdninstagram.com/vp/f8dfb926b80bb3612987d403720fd49e/5E0D3DA2/t51.2885-15/sh0.08/e35/s640x640/21224562_800212930155898_5315179924682702848_n.jpg?_nc_ht=scontent-lga3-1.cdninstagram.com&_nc_cat=110
000214.jpg,https://glassgardenshop.com/wp-content/uploads/2018/02/%D8%A8%D8%B0%D8%B1-%D9%81%D9%84%D9%81%D9%84-%D9%85%D8%B4%DA%A9%DB%8C-%D9%85%D8%AC%D8%A7%D8%B1%D8%B3%D8%AA%D8%A7%D9%86%DB%8C-%D8%AC%D9%84%D8%A7%D9%BE%DB%8C%D9%86%D9%88-%D9%85%D8%B4%DA%A9%DB%8C-Black-Hungarian-Pepper-%DA%AF%D9%84%D8%B3-%DA%AF%D8%A7%D8%B1%D8%AF%D9%86-9.jpg
000215.jpg,https://i.ytimg.com/vi/xZ_thT1Gy5o/hqdefault.jpg
000216.jpg,https://celilogardens.com/wp-content/uploads/2014/11/Screen-Shot-2014-11-20-at-8.51.14-PM-227x300.png
000217.jpg,https://my-live-02.slatic.net/p/3/black-hungarian-pepper-seeds-20-seed-2000-515474031-9c5ba9382e7544fbe4170e9634b3fed8-product.jpg
000218.jpg,https://www.pizzeria-pescara.hu/168-large_default/magyaros-2-pizza-paradicsomszoszsajtkolbaszszalonnahagymatojasfokhagymafeketeborsoregano.jpg
000219.jpg,http://3.bp.blogspot.com/-sGMJPWukdQ0/TpNCSIDcqWI/AAAAAAAACMY/uW8ReuL7Z7A/s1600/P1070250.JPG
000220.jpg,https://media.istockphoto.com/photos/raw-stuffed-peppers-in-baking-dish-picture-id1030247936?k=6&m=1030247936&s=612x612&w=0&h=IfMyMnO00MMYXm12tPN3Dz_2MWgmPZIVprMzestB6yA=
000221.jpg,https://i2.wp.com/blog.thompson-morgan.com/wp-content/uploads/2018/09/extend-the-chilli-growing-harvest.jpg?resize=780%2C507&ssl=1
000222.jpg,https://thefoodieandthefix.com/wp-content/uploads/2017/03/Healthy-21-Day-Fix-Chicken-Paprikash-with-Black-Pepper-and-Herb-Dumplings.jpg
000223.jpg,https://norecipes.com/wp-content/uploads/2015/01/chicken-paprikash-013.jpg
000224.jpg,https://http2.mlstatic.com/D_NQ_NP_779425-MLM25451150481_032017-V.jpg
000225.jpg,https://dqzrr9k4bjpzk.cloudfront.net/images/13049123/815144221.jpg
000226.jpg,https://sanctuarygardener.files.wordpress.com/2015/07/harvest-peppers-melons-10jul15-sg.jpg
000227.jpg,https://www.picclickimg.com/d/l400/pict/370892930279_/Organic-Vegetable-Hot-Chilli-Pepper-Black-Olive.jpg
000228.jpg,https://image.shutterstock.com/display_pic_with_logo/169741762/633418046/stock-photo-black-hungarian-chili-633418046.jpg
000229.jpg,https://farm5.staticflickr.com/4073/4874845284_39ff3007f1_b.jpg
000230.jpg,http://img0103.psstatic.com/160253078_black-hungarian-chili-pepper-black-jalapeno-30-organic-.jpg
000231.jpg,https://c8.alamy.com/comp/P9P31C/three-hungarian-dry-sausages-pepperoni-with-black-pepper-and-bay-leaves-cut-pieces-in-a-wooden-bowl-isolated-on-white-background-smoked-in-natural-cas-P9P31C.jpg
000232.jpg,https://cinnamon4x.cafeblog.hu/files/2015/01/image97.jpg
000233.jpg,https://images.squarespace-cdn.com/content/v1/50f75b5ee4b00d3480c94be2/1466606677159-EFCVO0GS0ZB4S00HFJ6C/ke17ZwdGBToddI8pDm48kPmLlvCIXgndBxNq9fzeZb1Zw-zPPgdn4jUwVcJE1ZvWhW7QUl7Hlx1Ovi-Ue4YINqmWLI2zvYWH8K3-s_4yszcp2ryTI0HqTOaaUohrI8PIsY-8DR6Mhtj7v54CF2WDo-ugCRfWBZyxeQOjoJR5AukKMshLAGzx4R3EDFOm1kBS/pepper-plants.jpg?format=750w
000234.jpg,https://thumbs.dreamstime.com/z/two-hungarian-yellow-pepper-feh%C3%A3%C2%A9r-paprika-black-background-135821841.jpg
000235.jpg,https://c8.alamy.com/comp/TRMDAA/hungarian-paprika-pepper-string-black-background-copy-space-on-right-landscape-closeup-TRMDAA.jpg
000236.jpg,https://assets.epicurious.com/photos/5aa00cbc0165770628983f3f/16:9/w_2560%2Cc_limit/Posole-peppers-03012018.jpg
000237.jpg,https://upload.wikimedia.org/wikipedia/commons/thumb/6/69/BhutJolokia09_Asit.jpg/1200px-BhutJolokia09_Asit.jpg
000238.jpg,https://dqzrr9k4bjpzk.cloudfront.net/images/13049123/947181888.jpg
000239.jpg,https://66.media.tumblr.com/6341baa94f2b500555701b1b7d581236/tumblr_pi9sz2Y9Qi1wfk407o2_500.jpg
000240.jpg,https://st4.depositphotos.com/19071840/22379/i/1600/depositphotos_223794422-stock-photo-two-hungarian-yellow-pepper-black.jpg
000241.jpg,https://lfmimages.blob.core.windows.net/400952-nashvillegrown/products/producers/20c7e982-c52a-47fc-a027-33d44f884545/pepper%20Black%20hungarian.jpeg
000242.jpg,https://www.chileseeds.co.uk/wp-content/uploads/2018/09/jaysredscorpionchilliseeds-300x300.jpg
000243.jpg,https://pics.davesgarden.com/pics/2005/07/28/JefeQuicktech/e2f106.jpg
000244.jpg,http://i1033.photobucket.com/albums/a420/gregmoroz/IMG_1743.jpg
000245.jpg,https://previews.123rf.com/images/katerynabibro/katerynabibro1802/katerynabibro180200584/95792515-hungarian-dry-sausages-pepperoni-set-with-black-pepper-and-bay-leaves-isolated-on-white-background-s.jpg
000246.jpg,https://media.istockphoto.com/photos/three-peppers-on-black-background-picture-id681286450?k=6&m=681286450&s=612x612&w=0&h=z--i05XiQQHuGWu1W0cJcnHQkKPLQSxaYvztm2SWzjE=
000247.jpg,https://sanctuarygardener.files.wordpress.com/2015/10/harvest-san-manzano-fish-peppers-26oct15-sg.jpg?w=593
000248.jpg,https://as1.ftcdn.net/jpg/00/94/44/32/500_F_94443221_u4HMp015SlY9JcXJFqXrfnpUHwN1rJNb.jpg
000249.jpg,https://www.kitchengardenseeds.com/media/catalog/product/cache/1/thumbnail/0dc2d03fe217f8c83829496872af24a0/c/h/chilegrowinginfo_10.jpg
000250.jpg,https://image.shutterstock.com/image-photo/chili-fruits-red-pepper-powder-260nw-424996996.jpg
000251.jpg,https://www.picclickimg.com/d/l400/pict/221121860497_/Chilli-Pepper-BLACK-HUNGARIAN-15-Seeds-HEIRLOOM.jpg
000252.jpg,https://scontent-lga3-1.cdninstagram.com/vp/f8aff098da385381ae0c3543fd82123a/5DE64C19/t51.2885-15/sh0.08/e35/s640x640/66619324_964815557197327_8648405577912281313_n.jpg?_nc_ht=scontent-lga3-1.cdninstagram.com
000253.jpg,http://1.bp.blogspot.com/-owu4ObU0Gbw/Twr1RlZO6YI/AAAAAAAAAng/w4K0c3d17vM/s1600/black%2Bhungarian.jpg
000254.jpg,https://i2.wp.com/www.niobrarafarmsbathandbody.com/wp-content/uploads/2018/06/DSC_0041b-683x1024.jpg?resize=683%2C1024&ssl=1
000255.jpg,https://www.freshwatercleveland.com/galleries/Features/2018/Oct_2018/Issue_355/old_brooklyn-food/orchard_grove_csa_41.jpg
000256.jpg,https://www.gardenoutsidethebox.com/uploads/8/4/8/0/8480984/s122157799790273993_p52_i13_w2560.jpeg
000257.jpg,https://scontent-yyz1-1.cdninstagram.com/vp/8d69001d9f0ac1ca8a5cf1bb13e3ee13/5E0DB8F9/t51.2885-15/sh0.08/e35/s640x640/58409768_2366709630250931_3555605282156137614_n.jpg?_nc_ht=scontent-yyz1-1.cdninstagram.com
000258.jpg,https://img1.wsimg.com/isteam/ip/8c5b0f2b-a7af-45e3-9d38-28efa61b305b/black%20Hungarian%20peppers%207-18-19.jpg/:/rs=w:1280
000259.jpg,http://www.namet.com.tr/Files/img/macar_salam_karabiberli_150g-big-635616001569015547.png
000260.jpg,https://www.irinas-shop.de/images/P232_v%20Black_Hungarian_Pepper_Bild_c.jpg
000261.jpg,https://c2.staticflickr.com/2/1020/1127964944_cb37217297_z.jpg?zz=1
000262.jpg,https://st4.depositphotos.com/19071840/22379/i/1600/depositphotos_223794114-stock-photo-two-hungarian-yellow-pepper-black.jpg
000263.jpg,https://garden.org/ediblelandscaping/images/201005/hot-pepper3.jpg
000264.jpg,https://www.daringgourmet.com/wp-content/uploads/2018/10/Chicken-Paprikash-6-square.jpg
000265.jpg,http://i.imgur.com/X9raXb3.jpg
000266.jpg,https://dqzrr9k4bjpzk.cloudfront.net/images/13049123/928400345.jpg
000267.jpg,https://upload.wikimedia.org/wikipedia/commons/thumb/c/c6/Piment_fort.jpg/220px-Piment_fort.jpg
000268.jpg,https://66.media.tumblr.com/595fa8cf83283e39d4f53e2e89dd332d/tumblr_pi9sz2Y9Qi1wfk407o1_500.jpg
000269.jpg,https://www.seedo.nl/images/Peper%20Hungarian%20Black%20k.jpg
000270.jpg,https://sanctuarygardener.files.wordpress.com/2015/06/harvest-13jun15-sg.jpg
000271.jpg,https://media.istockphoto.com/photos/half-red-pepper-stuffed-with-cherry-tomatoes-and-green-pepper-picture-id671686954?k=6&m=671686954&s=612x612&w=0&h=NrgE5S_Lj28nAV5TGAQnFJ0KijPve9Mj3CNfpXFxr_M=
000272.jpg,https://cdn-img-1.wanelo.com/p/51f/125/69e/80b48a58da4aea911b060e2/x354-q80.jpg
000273.jpg,https://i.imgur.com/lEYMkis.jpg
000274.jpg,https://scontent-sjc3-1.cdninstagram.com/v/t51.2885-15/e35/c0.100.1080.1080a/s320x320/66412786_2418859185012374_2714399102033519262_n.jpg?_nc_ht=scontent-sjc3-1.cdninstagram.com&oh=a94786de61e9c94c2273b1855d4c9f5d&oe=5DDABC45&ig_cache_key=MjA5ODE5NjkzNDMxMjM5MDM2Ng%3D%3D.2.c
000275.jpg,https://glassgardenshop.com/wp-content/uploads/2018/02/%D8%A8%D8%B0%D8%B1-%D9%81%D9%84%D9%81%D9%84-%D9%85%D8%B4%DA%A9%DB%8C-%D9%85%D8%AC%D8%A7%D8%B1%D8%B3%D8%AA%D8%A7%D9%86%DB%8C-%D8%AC%D9%84%D8%A7%D9%BE%DB%8C%D9%86%D9%88-%D9%85%D8%B4%DA%A9%DB%8C-Black-Hungarian-Pepper-%DA%AF%D9%84%D8%B3-%DA%AF%D8%A7%D8%B1%D8%AF%D9%86-5.jpg
000276.jpg,https://resize.hswstatic.com/w_907/gif/banana-peppers-update.jpg
000277.jpg,https://kcdgarden.com/remote.axd?https://i.ytimg.com/vi/GxxZakKsc0Q/sddefault.jpg?width=900&height=600&mode=crop&anchor=center&overlay=playbutton.png&overlay.opacity=100&format=jpg&quality=65
000278.jpg,https://dearguts.files.wordpress.com/2016/09/relish-1.jpg?w=305&h=458
000279.jpg,https://www.tasteofhome.com/wp-content/uploads/2018/04/exps25871_CW163683D03_30_4b--696x696.jpg
000280.jpg,https://scontent.cdninstagram.com/vp/17fd2934b536ee56e7d6c77ecf1fec33/5DF04D72/t51.2885-15/sh0.08/e35/s640x640/67599229_101017171246605_5542621848810992156_n.jpg?_nc_ht=scontent.cdninstagram.com
000281.jpg,https://thesnailofhappiness.files.wordpress.com/2017/08/imgp3903.jpg?w=300&h=225
000282.jpg,https://ukcsa.files.wordpress.com/2013/08/pepperhot.jpg
000283.jpg,https://previews.123rf.com/images/kasia2003/kasia20031712/kasia2003171200203/91466139-goulash-traditional-hungarian-dish-stew-with-pepper-and-tomato-sauce-in-ceramic-plate-on-dark-black-.jpg
000284.jpg,https://calabogiefarm.com/wp-content/uploads/2018/04/Black-Hungarian-Pepper.jpg
000285.jpg,https://farm7.static.flickr.com/6157/6194458696_65d1ab1d29.jpg
000286.jpg,https://dqzrr9k4bjpzk.cloudfront.net/images/13049123/925023154.jpg
000287.jpg,https://scontent-lga3-1.cdninstagram.com/vp/be875d09189b1b600cd129e8b2591234/5DDAC727/t51.2885-15/e35/s1080x1080/67084990_466122040893124_2129881937019101497_n.jpg?_nc_ht=scontent-lga3-1.cdninstagram.com
000288.jpg,http://3.bp.blogspot.com/-PSFl1tRGd3Y/VF0xD2WPTuI/AAAAAAAAh6g/Ylmcg46h5co/s1600/PEPPER.GIVEAWAY.jpg
000289.jpg,http://carlitos-pepper-seeds.weebly.com/uploads/1/2/5/7/12575781/7841002.jpg?727
000290.jpg,https://lh3.googleusercontent.com/-DjS51ob0UCLFryL93gWMLQlls5iWAZv-2WGzJ1TXS4=w376-h667-no
000291.jpg,http://i783.photobucket.com/albums/yy115/DutchPeppers/2013/BlackHungarian2_zps355031bc.jpg
000292.jpg,https://cdn2.bigcommerce.com/server2900/cd406/products/676/images/1521/676__17470.1502219543.244.244.jpg?c=2
000293.jpg,https://norecipes.com/wp-content/uploads/2015/01/chicken-paprikash-014.jpg
000294.jpg,https://image.shutterstock.com/image-photo/hungarian-paprika-pepper-string-black-260nw-1407646565.jpg
000295.jpg,https://c8.alamy.com/comp/D0NRJ6/traditional-hungarian-sliced-sausage-salami-on-wooden-board-with-garlic-D0NRJ6.jpg
000296.jpg,https://m.blog.hu/bl/blogkocsma/image/csilipaprikak/15.jpg
000297.jpg,https://st.hzcdn.com/fimgs/22c2201004cb41c5_4134-w240-h320-b0-p0--.jpg
000298.jpg,https://cdn11.bigcommerce.com/s-zumktsa5v3/images/stencil/1280x1280/products/665/950/AA_89b0b59d-ad96-4d0c-89a2-6bbdf43a4f94__26737.1546547987.jpg?c=2?imbypass=on
000299.jpg,https://scontent-lga3-1.cdninstagram.com/vp/8daee7a3e7ede8b3fe9f8276f836cce9/5DD0AC52/t51.2885-15/sh0.08/e35/s640x640/67304342_2443218985933972_1835061453451849917_n.jpg?_nc_ht=scontent-lga3-1.cdninstagram.com
000300.jpg,https://ctzan.files.wordpress.com/2013/09/sam_7868-a.jpg
000301.jpg,https://www.rareseeds.com/assets/1/14/DimRegular/Pepper-Leutschauer-Paprika-Hpp-139-888MS-DSC00333_1.jpg
000302.jpg,https://scontent-cdt1-1.cdninstagram.com/v/t51.2885-15/sh0.08/e35/s750x750/60731100_2681319455228762_8345336099889641274_n.jpg?_nc_ht=scontent-cdt1-1.cdninstagram.com&oh=fb8a85c9de1ad8b47571c2ef348ac6ce&oe=5DE70C48&ig_cache_key=MjA2NzE5MDA4MDU2ODkxNTExNw%3D%3D.2
000303.jpg,https://scontent-ort2-2.cdninstagram.com/vp/33da44a1fdf797e678b0a42e15ddd274/5E12D205/t51.2885-15/sh0.08/e35/s640x640/43598567_256881931676383_7373966808343854459_n.jpg?_nc_ht=scontent-ort2-2.cdninstagram.com
000304.jpg,https://upload.wikimedia.org/wikipedia/commons/d/d2/Capsicum_annuum_-_K%C3%B6hler%E2%80%93s_Medizinal-Pflanzen-027.jpg
000305.jpg,https://www.mariannemajerus.com/cache/pcache2/00140513.jpg
000306.jpg,https://www.daringgourmet.com/wp-content/uploads/2018/10/Chicken-Paprikash-5.jpg
000307.jpg,https://glassgardenshop.com/wp-content/uploads/2018/02/%D8%A8%D8%B0%D8%B1-%D9%81%D9%84%D9%81%D9%84-%D9%85%D8%B4%DA%A9%DB%8C-%D9%85%D8%AC%D8%A7%D8%B1%D8%B3%D8%AA%D8%A7%D9%86%DB%8C-%D8%AC%D9%84%D8%A7%D9%BE%DB%8C%D9%86%D9%88-%D9%85%D8%B4%DA%A9%DB%8C-Black-Hungarian-Pepper-%DA%AF%D9%84%D8%B3-%DA%AF%D8%A7%D8%B1%D8%AF%D9%86-3.jpg
000308.jpg,http://www.andreas-maschke.de/zier_nutzpflanzen/images/katalog/1171B/Dsc_0195.jpg
000309.jpg,https://www.kingsseeds.com/PRODUCT_IMAGES/13627-1.jpg
000310.jpg,https://1.bp.blogspot.com/-7tXgQu8k6Vo/XO_kAbY3JPI/AAAAAAAA8vw/n7hdNlfVBmwe_lNznIQ_fzDuToEpCV1hACKgBGAs/s1600/20190529_200642.jpg
000311.jpg,https://previews.123rf.com/images/katerynabibro/katerynabibro1802/katerynabibro180200566/95792499-two-hungarian-dry-sausages-pepperoni-with-black-pepper-bay-leaves-and-cut-pieces-isolated-on-white-b.jpg
000312.jpg,https://cdn2.bigcommerce.com/server2900/cd406/products/704/images/1538/704__49603.1502242013.244.244.jpg?c=2
000313.jpg,http://2.bp.blogspot.com/_cUtWBJl9hQc/SXlKnki41YI/AAAAAAAAAQ0/LxyJiUsVb60/s320/P1010153.JPG
000314.jpg,https://media.istockphoto.com/photos/on-a-black-glossy-background-lie-fresh-vegetables-green-bitter-with-picture-id1146011454?k=6&m=1146011454&s=612x612&w=0&h=mj_e_X-V0w2NeUxAkjnmvLkCbGciEGjJfjLNQeMkeDg=
000315.jpg,https://i1.wp.com/www.jonathanpassey.com/wp-content/uploads/2014/03/IMG_20140322_215558499_HDR.jpg
000316.jpg,https://handluggageonly.co.uk/wp-content/uploads/2014/04/Resized-0001-s.jpg
000317.jpg,https://wahsegavalleyfarm.typepad.com/.a/6a00d83519315253ef01310f39414f970c-pi
000318.jpg,https://www.mediterranpiac.com/images/product_images/info_images/dsc01213.jpg
000319.jpg,https://sanctuarygardener.files.wordpress.com/2015/06/pepper-black-hungarian-4jun15-sg.jpg
000320.jpg,http://i111.photobucket.com/albums/n160/bgpadios/BlackHungarian6-30-12.jpg
000321.jpg,https://thumbs-prod.si-cdn.com/Y-OdHkwBtadIjZdYZYMtGIr52CI=/fit-in/1600x0/https://public-media.si-cdn.com/filer/Burning-Desire-peppers-631.jpg
000322.jpg,https://pics.davesgarden.com/pics/2006/02/16/manicgardener/43235c.jpg
000323.jpg,https://instagram.fist1-2.fna.fbcdn.net/vp/a27c7115998193b073fd851411778471/5E01897B/t51.2885-15/sh0.08/e35/s640x640/66101868_160602441652964_7483600149388668494_n.jpg?_nc_ht=instagram.fist1-2.fna.fbcdn.net&_nc_cat=108
000324.jpg,https://www.mariannemajerus.com/cache/pcache2/00140516.jpg
000325.jpg,https://pbs.twimg.com/media/DiLpiBjUEAIOk53.jpg
000326.jpg,https://image.shutterstock.com/image-photo/goulash-traditional-hungarian-dish-stew-600w-772459303.jpg
000327.jpg,https://previews.123rf.com/images/katerynabibro/katerynabibro1802/katerynabibro180200571/95792504-three-hungarian-dry-sausages-pepperoni-with-black-pepper-and-cut-pieces-isolated-on-white-background.jpg
000328.jpg,https://c8.alamy.com/comp/P9P36E/sliced-hungarian-dry-sausages-pepperoni-pieces-with-black-pepper-and-bay-leaves-one-whole-isolated-on-white-background-smoked-in-natural-casing-mixed-P9P36E.jpg
000329.jpg,http://i.imgur.com/wuOSHPml.jpg
000330.jpg,https://apinchofhomestead.files.wordpress.com/2016/02/20160215_102447-1.jpg
000331.jpg,https://www.irinas-shop.de/images/P232_vv%20Black_Hungarian_Pepper_Bild_c.jpg
000332.jpg,https://mojepomidory.pl/4066-home_default/papryka-hungarian-black-chili.jpg
000333.jpg,https://media.istockphoto.com/photos/raw-stuffed-peppers-in-baking-dish-healthy-vegetarian-food-picture-id1030250092?k=6&m=1030250092&s=612x612&w=0&h=rxD_n3U9qt0meVbx9cuQG12MQ0jF_AHl1KBVvS_fX8s=
000334.jpg,https://dqzrr9k4bjpzk.cloudfront.net/images/13049123/815144380.jpg
000335.jpg,https://scontent-frt3-1.cdninstagram.com/v/t51.2885-15/sh0.08/e35/p750x750/69364725_167209487773040_1839829775871798150_n.jpg?_nc_ht=scontent-frt3-1.cdninstagram.com&oh=a771dc91229325e39f8fcce2fbad55b3&oe=5DF18961&ig_cache_key=MjEwOTYwOTY4ODkxNTA4NjgzMg%3D%3D.2
000336.jpg,https://i.guim.co.uk/img/media/ca881cf5956b3bc54205029c3b3581183be41d68/0_34_2917_1750/master/2917.jpg?width=1200&height=630&quality=85&auto=format&fit=crop&overlay-align=bottom%2Cleft&overlay-width=100p&overlay-base64=L2ltZy9zdGF0aWMvb3ZlcmxheXMvdGctZGVmYXVsdC5wbmc&enable=upscale&s=76db688bd8e2e984e3a7b5bde0bd0672
000337.jpg,https://upload.wikimedia.org/wikipedia/commons/thumb/a/a3/Green_Chilli_with_Kakroda.jpg/220px-Green_Chilli_with_Kakroda.jpg
000338.jpg,https://pics.davesgarden.com/pics/2006/05/04/Suze_/d16ac6.jpg
000339.jpg,https://a.allegroimg.com/s1440/034aad/bf584fd44d7dbbf07dbf3e26c52a
000340.jpg,https://thumbs.dreamstime.com/z/hungarian-dry-sausage-pepperoni-isolated-white-hungarian-dry-sausages-pepperoni-black-pepper-bay-leaves-cut-pieces-110287313.jpg
000341.jpg,https://tomatenfinden.de/media/catalog/product/cache/1/image/1800x/8fff513eedd1c1deb2f868607aac4f6c/s/w/sweet-black-hungarian1klein.jpg.jpg
000342.jpg,https://leitesculinaria.com/wp-content/uploads/fly-images/111344/cheese-stuffed-gypsy-peppers-fp-400x400-c.jpg
000343.jpg,https://sanctuarygardener.files.wordpress.com/2015/06/harvest-18jun15-sg.jpg
000344.jpg,https://farm8.static.flickr.com/7262/7671722710_4b3497baed_b.jpg
000345.jpg,https://scontent-frt3-1.cdninstagram.com/vp/ac7bf141f3d2225972340838eb37d373/5DECD2D5/t51.2885-15/e35/66052154_903950079962432_3698359064831256784_n.jpg?_nc_ht=scontent-frt3-1.cdninstagram.com
000346.jpg,https://scontent-frx5-1.cdninstagram.com/v/t51.2885-15/e35/s320x320/64762290_1304712783011319_6376273853682167307_n.jpg?_nc_ht=scontent-frx5-1.cdninstagram.com&oh=2108f1f8806ac3f5c4de665402aa4b69&oe=5E0E6E27&ig_cache_key=MjA3NzgxMzQxNDIzNjIzMTI3MA%3D%3D.2
000347.jpg,https://image.shutterstock.com/image-photo/vegetable-stew-spicy-sausage-slices-260nw-1493673998.jpg
000348.jpg,http://i783.photobucket.com/albums/yy115/DutchPeppers/2013/BlackHungarian3_zpsdbdb68d8.jpg
000349.jpg,https://scontent-frt3-2.cdninstagram.com/vp/398310a21058b88a6d72278e9af6add4/5DC644A9/t51.2885-15/e35/s320x320/52274981_296288154394051_1318239644819460352_n.jpg?_nc_ht=scontent-frt3-2.cdninstagram.com&ig_cache_key=MTk4OTU3NTc3NDYyOTU3OTAxNw%3D%3D.2
000350.jpg,http://www.terradesignlandscapes.com/images/Photos%20for%20website/Black-Hungarian-Pepper-Low-.jpg
000351.jpg,http://cdn.shopify.com/s/files/1/0148/1945/9126/products/Pf4kvT4o6WMAIc4E_wS7VsY9QCmGhF0LCsuWDNPuYelFUe4Ek1a6TSHq8y9KMY09qMbzUJ7lrCA_w615-h615_1200x1200.png?v=1568397606
000352.jpg,http://3.bp.blogspot.com/-BzOh79N-k5M/Te7a-oKQX1I/AAAAAAAAL1Q/g5YcmuNe6Bw/s1600/IMG_24692.jpg
000353.jpg,https://c8.alamy.com/comp/P9WDP6/sliced-hungarian-dry-sausages-pepperoni-pieces-with-black-pepper-and-bay-leaves-in-a-wooden-bowl-with-separated-stack-isolated-on-white-background-smo-P9WDP6.jpg
000354.jpg,https://ksr-ugc.imgix.net/assets/026/199/456/46e586bddfd001d6ba84cacff7c9cab8_original.jpg?ixlib=rb-2.1.0&crop=faces&w=1024&h=576&fit=crop&v=1566313287&auto=format&frame=1&q=92&s=f1e331166e6287c22b75f278ffecda27
000355.jpg,https://cdn3.foap.com/images/d8ff2809767e45e2854e5667e60fe5d7/web_preview.jpg?1394308868
000356.jpg,https://scontent-yyz1-1.cdninstagram.com/vp/d9a89d55579241767f1e3173bcacd95c/5E17DBF6/t51.2885-15/sh0.08/e35/s640x640/70503988_155733342295324_7180393313553984295_n.jpg?_nc_ht=scontent-yyz1-1.cdninstagram.com&_nc_cat=104
000357.jpg,https://inkuiri.net/i/large/https%2Fs3.bukalapak.com%2Fimg%2F848018611%2Flarge%2FBenih_Cabe_Black_Hungarian.jpg
000358.jpg,https://dqzrr9k4bjpzk.cloudfront.net/images/13049123/815144544.jpg
000359.jpg,https://i0.wp.com/www.saemereien.ch/media/image/product/5434/lg/chillisamen-kaufen-chili-scharfer-paprika-beaver-dam-capsicum-annuum-samen.jpg?w=600
000360.jpg,https://upload.wikimedia.org/wikipedia/commons/thumb/f/fd/Piper_nigrum_-_K%C3%B6hler%E2%80%93s_Medizinal-Pflanzen-107.jpg/220px-Piper_nigrum_-_K%C3%B6hler%E2%80%93s_Medizinal-Pflanzen-107.jpg
000361.jpg,https://i.ytimg.com/vi/G2ciwlqk_II/maxresdefault.jpg
000362.jpg,https://instagram.frix7-1.fna.fbcdn.net/vp/094626edcb9369040d5986a0abb179eb/5DD15D75/t51.2885-15/sh0.08/e35/s640x640/66307979_148015259621953_9006516856567212149_n.jpg?_nc_ht=instagram.frix7-1.fna.fbcdn.net
000363.jpg,https://wahsegavalleyfarm.typepad.com/.a/6a00d83519315253ef0154346f3c49970c-400wi
000364.jpg,https://farm8.static.flickr.com/7879/46653653534_73a416ace3.jpg
000365.jpg,https://scontent-frt3-2.cdninstagram.com/vp/c0e5575a4aa6d2cad7db333162664638/5DE46D56/t51.2885-15/e35/s1080x1080/66055555_2531626213556964_8760836177123387632_n.jpg?_nc_ht=scontent-frt3-2.cdninstagram.com&ig_cache_key=MjA4MDAxMTc3OTUxNDQyMDQwMw%3D%3D.2
000366.jpg,https://cdn.gutensite.com/web001/site/3436/298678/298678-custom.jpg
000367.jpg,https://www.irinas-shop.de/images/P232_vvvv%20Black_Hungarian_Pepper_Bild_c.jpg
000368.jpg,https://myer-media.com.au/wcsstore/MyerCatalogAssetStore/images/50/514/4731/100/1/734939200/734939200_1_720x928.jpg
000369.jpg,https://scontent-lax3-1.cdninstagram.com/vp/933aa040fef7a9725807a4391d33e752/5DB9B777/t51.2885-15/e35/s1080x1080/64976727_118592409409959_1291446239588012515_n.jpg?_nc_ht=scontent-lax3-1.cdninstagram.com
000370.jpg,https://scontent-dfw5-2.cdninstagram.com/vp/baf6a0f8d001e8ce5e00212a9466a635/5DBE4A44/t51.2885-15/e35/66293492_1400848660053322_8059576800757546427_n.jpg?_nc_ht=scontent-dfw5-2.cdninstagram.com&se=7&ig_cache_key=MjA4NjI3NjQ1MjA3MTgwOTcwMQ%3D%3D.2&_nc_ig_catcb=1
000371.jpg,https://scontent-sea1-1.cdninstagram.com/v/t51.2885-15/sh0.08/e35/s640x640/65859142_480673362696525_2698242776678382460_n.jpg?_nc_ht=scontent-sea1-1.cdninstagram.com&oh=f35db83b41bcc4374d40f90b172fd1d3&oe=5DF0612B&ig_cache_key=MjA4NTE4NTIxNzY1MzI3MzM2Mg%3D%3D.2
000372.jpg,https://myer-media.com.au/wcsstore/MyerCatalogAssetStore/images/50/514/4731/100/1/734938930/734938930_2_720x928.jpg
000373.jpg,https://sanctuarygardener.files.wordpress.com/2015/06/harvest-11jun15-sg.jpg
000374.jpg,https://i.ytimg.com/vi/pI2aF4yhG5o/maxresdefault.jpg
000375.jpg,http://i111.photobucket.com/albums/n160/bgpadios/Sandia7-16-12.jpg
000376.jpg,https://7468669c0013a7dae459-4d0fcf8d315d40f305ee2ebb6c32f79c.ssl.cf1.rackcdn.com/11713075_fb_1465851364.8592_updates.jpg
000377.jpg,https://www.openspaceauthority.org/system/thumbs/system/success_stories/Peppers_1490662840.jpg
000378.jpg,https://norecipes.com/wp-content/uploads/2015/01/chicken-paprikash-007.jpg
000379.jpg,https://dearguts.files.wordpress.com/2016/09/relish-2.jpg?w=687&h=458
000380.jpg,https://scontent-atl3-1.cdninstagram.com/vp/89369f58f95d8b92a2209820edee7904/5DB65E7F/t51.2885-15/e35/64994297_881866745480323_4599267351571184927_n.jpg?_nc_ht=scontent-atl3-1.cdninstagram.com
000381.jpg,https://media.istockphoto.com/photos/two-hungarian-yellow-pepper-fehr-paprika-on-black-background-picture-id1069251306
000382.jpg,https://upload.wikimedia.org/wikipedia/commons/thumb/3/32/Thai_peppers.jpg/1200px-Thai_peppers.jpg
000383.jpg,https://scontent-frt3-1.cdninstagram.com/v/t51.2885-15/e35/s320x320/68840612_914710495571935_4400352215855994800_n.jpg?_nc_ht=scontent-frt3-1.cdninstagram.com&oh=86444d97590a735d35413b65963db099&oe=5E118B6F&ig_cache_key=MjExMzMyMTYyMjI0NDAxOTQ5Nw%3D%3D.2
000384.jpg,https://scontent-sjc3-1.cdninstagram.com/vp/9a3a410b0705a55a2a0e0dd21f764f05/5DE857CD/t51.2885-15/e35/65224639_2093518007618515_2192466158770468306_n.jpg?_nc_ht=scontent-sjc3-1.cdninstagram.com&dl=1
000385.jpg,https://st.hzcdn.com/fimgs/b6720fb804cb41f3_4133-w240-h320-b0-p0--.jpg
000386.jpg,https://norecipes.com/wp-content/uploads/2015/01/chicken-paprikash-005.jpg
000387.jpg,http://img0101o.psstatic.com/161275565_hot-chili-chilli-pepper-seeds---24-varieties-to-pick-.jpg
000388.jpg,https://media.istockphoto.com/photos/chicken-kebabs-with-pepper-and-zucchini-on-black-plate-picture-id531428269?k=6&m=531428269&s=612x612&w=0&h=1Xw22TVejaUx3TPDO-tGrkXdHO9w7OUEw0coqwJVy6o=
000389.jpg,https://www.mainstreetdelaware.com/wp-content/uploads/2018/08/Market-57-1.jpg
000390.jpg,http://i783.photobucket.com/albums/yy115/DutchPeppers/Peppers%2018-08-2010/BlackHungarian18-08-10.jpg
000391.jpg,https://upload.wikimedia.org/wikipedia/commons/thumb/d/d6/Immature_jalapeno_capsicum_annuum_var_annuum.jpeg/1200px-Immature_jalapeno_capsicum_annuum_var_annuum.jpeg
000392.jpg,https://scontent-yyz1-1.cdninstagram.com/vp/7e3aee4a29f954df33c98dc3ad172285/5DDCFF7E/t51.2885-15/sh0.08/e35/s640x640/66032171_2144776402487194_1278938258294352721_n.jpg?_nc_ht=scontent-yyz1-1.cdninstagram.com
000393.jpg,https://dqzrr9k4bjpzk.cloudfront.net/images/13049123/947170319.jpg
000394.jpg,https://i.imgur.com/QMw34tP.jpg
000395.jpg,http://i.imgur.com/Bw52htSl.jpg
000396.jpg,https://i0.wp.com/farm7.static.flickr.com/6134/5928215371_505c7ec961.jpg?resize=299%2C500
000397.jpg,https://scontent-lga3-1.cdninstagram.com/vp/8f02919876ec6f268c17612cec99a534/5DDAAC46/t51.2885-15/sh0.08/e35/s640x640/66355242_473984410088857_283649400119739524_n.jpg?_nc_ht=scontent-lga3-1.cdninstagram.com
000398.jpg,https://ediblelandscape.files.wordpress.com/2010/04/p4270004.jpg
000399.jpg,https://dqzrr9k4bjpzk.cloudfront.net/images/13049123/815159055.jpg
000400.jpg,https://l450v.alamy.com/450v/p9w2nn/sliced-hungarian-dry-sausages-pepperoni-pieces-with-black-pepper-and-bay-leaves-in-a-wooden-bowl-isolated-on-white-background-smoked-in-natural-casing-p9w2nn.jpg
000401.jpg,https://sanctuarygardener.files.wordpress.com/2015/10/harvest-chili-peppers-1-on-26oct15-sg.jpg
000402.jpg,http://lh3.ggpht.com/tangledbranches/SFUQJe2otvI/AAAAAAAAFzs/OAVc4Xeaqzk/s400/2008_06_146074.jpg
000403.jpg,https://scontent-frx5-1.cdninstagram.com/v/t51.2885-15/e35/s320x320/67378182_152328932507130_2497619758602580587_n.jpg?_nc_ht=scontent-frx5-1.cdninstagram.com&oh=922c893b836e8384b1a4828e76a0729b&oe=5DF46066&ig_cache_key=MjEwNjk5MDA1OTgzMTI2MDA0MA%3D%3D.2
000404.jpg,https://i.ytimg.com/vi/SqMcD1CBMro/maxresdefault.jpg
000405.jpg,https://www.gannett-cdn.com/presto/2019/08/27/PMJS/73f67301-5abe-41f1-9ba5-32c76f18f1c6-4-peppers-close.jpeg
000406.jpg,https://dqzrr9k4bjpzk.cloudfront.net/images/13049123/815167012.jpg
000407.jpg,https://sanctuarygardener.files.wordpress.com/2015/08/harvest-chili-peppers-8aug15-sg.jpg
000408.jpg,https://i3-img.p7s1.io/pis/ezone/4c68qgELB38wdEB0AB1fHPDQCtTDCJ4UYl_Ic-IXCoYylZ0mXar255psZunNxEf6nIbS_ptHLX5IFtTKiVdkmIxzXpYoam4Xo2vWV25-qTIUbQa56Wr2A9s79NWNQU3bIIB9wOP0o-MIqwlf-J18CXXODj5HqWJmWexWfjirNiO795qQ_uNvYsTW6u2s8VegrOiJUg/profile:mag-max-1280x722
000409.jpg,https://colchesterfarm.files.wordpress.com/2012/09/peppers-bhg.jpg
000410.jpg,https://i0.wp.com/seedsforgenerations.com/wp-content/uploads/sites/2/2015/01/Organic-Heirloom-Pepper-Black-Hungarian.jpg?w=215
000411.jpg,https://www.everwilde.com/media/1000/Hungarian-Wax-Hot-Hot-Pepper-01.gif
000412.jpg,https://www.pepperscale.com/wp-content/uploads/2016/03/black-hungarian-pepper-1.jpg
000413.jpg,http://www.rareseeds.com/assets/1/14/DimRegular/Pepper-Black-Hungarian-IMG_5828.jpg
000414.jpg,https://1rxbfb2hflyo2jt6jd3f6sjr-wpengine.netdna-ssl.com/wp-content/uploads/2016/11/PP_Black-Hungarian-Pepper-Seeds-510x600.jpg
000415.jpg,https://www.planetnatural.com/wp-content/uploads/2013/03/black-hungarian-pepper.jpg
000416.jpg,http://www.rareseeds.com/assets/1/14/DimRegular/Pepper-Black-Hungarian-LSS-137_1.jpg
000417.jpg,https://i.ytimg.com/vi/eKYKpG3F66g/hqdefault.jpg
000418.jpg,http://www.bountifulseeds.com/83-large/black-hungarian-chilli-pepper-seeds.jpg
000419.jpg,https://www.urbanseedling.com/wp-content/uploads/2016/04/Hot-Pepper-Black-Hungarian-307x358.jpg
000420.jpg,https://smhttp-ssl-17653.nexcesscdn.net/media/catalog/product/cache/1/thumbnail/9df78eab33525d08d6e5fb8d27136e95/s/n/snv8407-web1.jpg
000421.jpg,https://www.chilternseeds.co.uk/images/products/zoom/img_10450_4671.jpg
000422.jpg,https://smhttp-ssl-17653.nexcesscdn.net/media/catalog/product/cache/1/thumbnail/9df78eab33525d08d6e5fb8d27136e95/s/n/snv8407-web2.jpg
000423.jpg,https://cdn.shopify.com/s/files/1/1351/6403/products/60348093_1024x1024.jpg
000424.jpg,https://i.ytimg.com/vi/HseuWVNQufA/maxresdefault.jpg
000425.jpg,http://www.bountifulseeds.com/83-thickbox/black-hungarian-chilli-pepper-seeds.jpg
000426.jpg,https://www.rareseeds.com/assets/1/14/DimLarge/HPP-Black-Hungarian-web.jpg
000427.jpg,https://s.ecrater.com/stores/59305/54109543bc1ea_59305b.jpg
000428.jpg,http://cdn.shopify.com/s/files/1/0200/5036/products/Hung004_grande.jpg
000429.jpg,http://rahiseedbank.com/wp-content/uploads/2014/07/h61.jpg
000430.jpg,https://smhttp-ssl-17653.nexcesscdn.net/media/catalog/product/cache/1/thumbnail/9df78eab33525d08d6e5fb8d27136e95/s/n/snv8407_1.jpg
000431.jpg,https://i.ytimg.com/vi/cRznAfTOSSU/maxresdefault.jpg
000432.jpg,http://www.organicseed.co.za/277-731-thickbox/black-hungarian-pepper.jpg
000433.jpg,https://s.ecrater.com/stores/59305/573c929e98f97_59305b.jpg
000434.jpg,https://ediblelandscape.files.wordpress.com/2010/04/p4270004.jpg
000435.jpg,https://cdn.shopify.com/s/files/1/1351/6403/products/60348090_grande.jpg
000436.jpg,http://davesgarden.com/guides/pf/thumbnail.php?image=2005/06/01/GreenThumbGreen/92427a.jpg
000437.jpg,https://ctzan.files.wordpress.com/2014/01/black-hungarian-peppers.jpg
000438.jpg,https://smhttp-ssl-17653.nexcesscdn.net/media/catalog/product/cache/1/thumbnail/9df78eab33525d08d6e5fb8d27136e95/s/n/snv8407-web3.jpg
000439.jpg,https://www.kitchengardenseeds.com/media/catalog/product/cache/1/thumbnail/0dc2d03fe217f8c83829496872af24a0/c/h/chile-hungarianblack3-w.jpg
000440.jpg,http://www.personal.psu.edu/bxb11/blogs/brett_bixler_e-portfolio/NuMex%20Black%20Hungarian%20Pepper.jpg
000441.jpg,https://pics.davesgarden.com/pics/2006/07/14/Suze_/fc09d8.jpg
000442.jpg,http://pics.davesgarden.com/pics/2005/08/16/kanita/e8dd0d.jpg
000443.jpg,http://www.wii4mii.com/fpics/DSCN1589.jpg
000444.jpg,http://www.rareseeds.com/assets/1/14/DimRegular/Pepper-Hungarian-Hot-Wax-LSS-184.jpg
000445.jpg,https://pics.davesgarden.com/pics/2006/02/14/manicgardener/0a54b8.jpg
000446.jpg,https://glassgardenshop.com/wp-content/uploads/2018/02/------Black-Hungarian-Pepper---11.jpg
000447.jpg,https://www.kingsseedsdirect.com/uploads/product-images/3059.jpg
000448.jpg,https://pics.davesgarden.com/pics/2006/05/04/Suze_/d16ac6.jpg
000449.jpg,https://www.kerneliv.dk/1560-large_default/chili-pepper-hungarian-black-.jpg
000450.jpg,https://img0.etsystatic.com/179/0/7824311/il_570xN.1073728316_t9zx.jpg
000451.jpg,https://smhttp-ssl-17653.nexcesscdn.net/media/catalog/product/cache/1/thumbnail/9df78eab33525d08d6e5fb8d27136e95/s/n/snv8407_1x.jpg
000452.jpg,https://www.kitchengardenseeds.com/media/catalog/product/cache/1/thumbnail/0dc2d03fe217f8c83829496872af24a0/c/h/chile-hungarianblack2-w.jpg
000453.jpg,https://pics.davesgarden.com/pics/2008/08/15/Lilypon/26639a.jpg
000454.jpg,https://cdn.shopify.com/s/files/1/0972/6282/products/black-hungarian-pepper-80-days-vegetables-pinetree-garden-seeds_444_2000x.jpg
000455.jpg,http://i.ebayimg.com/images/i/141147588940-0-1/s-l1000.jpg
000456.jpg,https://cdn10.bigcommerce.com/s-2drwt2az/products/7317/images/53426/pepperblackhungarian5__40652.1493261878.1280.1280.jpg
000457.jpg,http://cdn.shopify.com/s/files/1/1420/8798/products/pepper-sweethot-black-hungarian-capsicum-annuum-seeds-amkha-seed_321_1200x1200.jpg
000458.jpg,https://www.premierseedsdirect.com/wp-content/uploads/2017/02/41581539.jpg
000459.jpg,https://pics.davesgarden.com/pics/2006/02/16/manicgardener/43235c.jpg
000460.jpg,https://pics.davesgarden.com/pics/2011/11/01/chimayo/4e688a.jpg
000461.jpg,https://img1.etsystatic.com/107/0/6766152/il_340x270.857751293_l46z.jpg
000462.jpg,https://s-media-cache-ak0.pinimg.com/600x315/ae/f3/6d/aef36d929a27c0940dd0d7207bafaaf1.jpg
000463.jpg,https://pics.davesgarden.com/pics/2011/11/01/chimayo/7c5a8a.jpg
000464.jpg,https://pics.davesgarden.com/pics/2005/07/28/JefeQuicktech/e2f106.jpg
000465.jpg,https://irisheyesgardenseeds.com/wp-content/uploads/product_images/product-1391-1559414455-OPP245P.jpg
000466.jpg,https://www.chillihead.co.za/image/cache/data/blackhungarian-500x500.jpg
000467.jpg,http://i2.wp.com/garlicmatters.com/wp-content/uploads/2015/09/hungarian-pepper-stew-21.jpg
000468.jpg,https://s-media-cache-ak0.pinimg.com/736x/7d/aa/86/7daa86169710ddafdf56d5c0aa65b94c.jpg
000469.jpg,http://i783.photobucket.com/albums/yy115/DutchPeppers/Peppers%2018-08-2010/BlackHungarian18-08-10.jpg
000470.jpg,https://s-media-cache-ak0.pinimg.com/736x/90/fc/5a/90fc5afcf94990e974ecb0edbb394a3e.jpg
000471.jpg,https://bloominthyme.files.wordpress.com/2010/05/successful-wax-pepper-canning-e1281022794889.jpg
000472.jpg,https://thumbs.dreamstime.com/z/hungarian-dry-sausages-pepperoni-pieces-black-pepper-bay-leaves-wooden-bowl-separated-stack-isolated-white-110287466.jpg
000473.jpg,https://cdn3.tmbi.com/secure/RMS/attachments/37/1200x1200/Hungarian-Pepper-Soup-with-Romano-Crisps_exps123715_THCA2449046A03_27_1bC_RMS.jpg
000474.jpg,https://thriftybynature.files.wordpress.com/2013/07/dscn1267.jpg
000475.jpg,https://sanctuarygardener.files.wordpress.com/2015/05/peppers-black-hungarian-flower-24may15-sg.jpg
000476.jpg,https://c8.alamy.com/comp/BF25G4/capsicum-annuum-or-chili-peppers-being-grown-to-make-hungarian-paprika-BF25G4.jpg
000477.jpg,http://spajzgirl.files.wordpress.com/2011/08/paprika-014.jpg
000478.jpg,https://c8.alamy.com/comp/KCFX24/mini-hungarian-garden-pepper-var-right-on-red-KCFX24.jpg
000479.jpg,https://spajzgirl.files.wordpress.com/2011/08/paprika-009.jpg
000480.jpg,https://s-media-cache-ak0.pinimg.com/736x/47/1a/21/471a21c3f278f77f8c23e0b9f63f3cb8.jpg
000481.jpg,https://jitterycook.files.wordpress.com/2014/01/img_0025.jpg
000482.jpg,https://hollieshobbies.files.wordpress.com/2013/09/img_9870.jpg
000483.jpg,https://crunchawaydotcom.files.wordpress.com/2019/08/imgp8570.jpg
000484.jpg,https://foodrecipeshub.com/wp-content/uploads/2019/10/1508745_95870-640x480.jpg
000485.jpg,https://foodrecipeshub.com/wp-content/uploads/2019/10/1508745_95870-640x480-600x379.jpg
000486.jpg,https://crunchawaydotcom.files.wordpress.com/2019/08/imgp8574.jpg
000487.jpg,https://foodrecipeshub.com/wp-content/uploads/2019/10/2593778_59549-640x480-600x338.jpg
000488.jpg,https://crunchawaydotcom.files.wordpress.com/2019/08/imgp8566.jpg
000489.jpg,https://foodrecipeshub.com/wp-content/uploads/2019/10/1511776_92143-640x480.jpg
000490.jpg,https://cook.me/wp-content/uploads/2019/10/Sweet-Savory-Beef-Stew-Recipe-How-To-Make-Sweet-Savory-Beef-Stew-Delicious-Sweet-Savory-Beef-Stew-16-678x1024-1.jpg
000491.jpg,https://cook.me/wp-content/uploads/2019/10/Roast-Chicken-Sweet-Potatoes-Recipe-How-To-Make-Roast-Chicken-Sweet-Potatoes-Delicious-Roast-Chicken-Sweet-Potatoes-9-749x1024-1.jpg
000492.jpg,https://cook.me/wp-content/uploads/2019/10/Creamy-Fettuccine-with-Brussels-Sprouts-Mushrooms-Recipe-How-To-Make-Creamy-Fettuccine-with-Brussels-Sprouts-Mushrooms-Delicious-Creamy-Fettuccine-with-Brussels-Sprouts-Mushrooms16-684x1024-1.jpg
000493.jpg,https://www.out.com/sites/out.com/files/styles/amp_metadata_content_image_min_696px_wide/public/chrishemsworth_750x422.jpg
000494.jpg,http://cdn.shopify.com/s/files/1/1517/2462/articles/shutterstock_1429489613_600x.jpg
