image,source
000001.jpg,http://cdn.shopify.com/s/files/1/1537/5553/products/11637_grande.jpg?v=1486445376
000002.jpg,https://images-na.ssl-images-amazon.com/images/I/61dXYZ1w8nL._SX425_.jpg
000003.jpg,https://edge.bonnieplants.com/www/uploads/20180920003958/cajun-belle-pepper.jpg
000004.jpg,http://oldworldgardenfarms.files.wordpress.com/2012/05/cajun-belle-pepper.jpg
000005.jpg,http://cdn.shopify.com/s/files/1/1523/7044/products/CajunBelle_1024x1024.jpg?v=1475898135
000006.jpg,https://www.piedmontfarmandgarden.com/v/vspfiles/photos/PPP028-7.jpg?v-cache=1366092667
000007.jpg,https://photos-us.bazaarvoice.com/photo/2/cGhvdG86Ym9ubmllcGxhbnRz/5e70d213-2df7-5fad-9369-01915fd97ad2
000008.jpg,https://growingchilliesbook.files.wordpress.com/2015/07/cajun-belle-red-web.jpg
000009.jpg,https://i.ytimg.com/vi/rkdeOcy5fs4/maxresdefault.jpg
000010.jpg,http://carolinapeppercompany.com/wp-content/uploads/2019/06/seed-package-cajun-belle.png
000011.jpg,https://images-na.ssl-images-amazon.com/images/I/4176TZmCQwL.jpg
000012.jpg,http://oldworldgardenfarms.files.wordpress.com/2012/05/cajun-belles.jpg
000013.jpg,https://all-americaselections.org/wp-content/uploads/2016/10/Pepper_CajunBelle-4-2010AAS.jpg
000014.jpg,https://all-americaselections.org/wp-content/uploads/2016/10/Pepper_CajunBelle-3-2010AAS.jpg
000015.jpg,http://static1.squarespace.com/static/517fd415e4b01eeb7aead79b/541d7741e4b0e98b8caac4f5/542845dbe4b0948d769309b1/1443981996010/?format=1500w
000016.jpg,http://www.belltownvintagecards.com/v/vspfiles/photos/00000001-3.jpg
000017.jpg,https://nanasbloomers.com/wp-content/uploads/2017/10/Pepper-cajun-capsicum-cajun-belle.jpg
000018.jpg,https://st.hzcdn.com/fimgs/0a02b79504cb787f_0801-w240-h320-b0-p0--.jpg
000019.jpg,https://www.gardentags.com/plant-encyclopedia/images/16668/capsicum-cajun-belle.jpeg
000020.jpg,https://growingchilliesbook.files.wordpress.com/2015/07/cajunbelle3web1.jpg
000021.jpg,https://i.ytimg.com/vi/meWbHftapnw/maxresdefault.jpg
000022.jpg,https://images.homedepot-static.com/productImages/1c8a1577-85e5-4b51-b091-c2b810043937/svn/gurney-s-vegetable-herb-seeds-64571-64_1000.jpg
000023.jpg,https://c8.alamy.com/comp/M8FTC1/cajun-belle-pepper-plant-growing-in-a-metal-plant-cage-M8FTC1.jpg
000024.jpg,https://images-na.ssl-images-amazon.com/images/I/61la0hXDiKL._SX466_.jpg
000025.jpg,https://i.redd.it/vixee2zq00z21.jpg
000026.jpg,https://images.bonanzastatic.com/afu/images/30df/d106/a223_5995975362/sept-12-2012-021.jpg
000027.jpg,http://oldworldgardenfarms.files.wordpress.com/2013/09/chinese.jpg
000028.jpg,https://i.pinimg.com/originals/37/50/71/375071efb52354187000e06914c053dc.jpg
000029.jpg,https://oldworldgardenfarms.com/wp-content/uploads/2014/08/mixed-peppers.jpg
000030.jpg,http://4.bp.blogspot.com/-6gJxUMp2W5Y/TkWyIO84NfI/AAAAAAAABT0/a2ZaRQDk_uQ/s1600/Cajun+Belle+Peppers+VGA.JPG
000031.jpg,https://growingchilliesbook.files.wordpress.com/2015/07/cajun-belle-green.jpg
000032.jpg,https://garden.org/pics/2017-09-22/Zebraduck/2dff8a.jpg
000033.jpg,http://f86.co/wp-content/uploads/2019/07/cajun-bell-pepper-belle-pepper-cajun-belle-pepper-recipe-cajun-crawfish-stuffed-bell-peppers.jpg
000034.jpg,https://st.hzcdn.com/fimgs/0302bc7504cb787d_0799-w240-h320-b0-p0--.jpg
000035.jpg,https://www.baldorfood.com/uploads/PhotoModel/24359/image/zpe90tr.gallery.jpg?t=1566057529
000036.jpg,http://stajl.co/wp-content/uploads/2019/07/cajun-bell-pepper-cajun-belle-pepper-sauce-recipe-cajun-belle-peppers-recipe.jpg
000037.jpg,https://live.staticflickr.com/8167/7411026318_83bf792dc1_b.jpg
000038.jpg,https://www.wellgrowseeds.com/wp-content/uploads/2016/07/Pepper-Cajun-Belle.jpg
000039.jpg,https://kcdgarden.com/varieties/263/32468414_1865483960174505_7733947197590339584_n.jpg?width=730&height=500&mode=crop&format=jpg&quality=65
000040.jpg,https://edge.bonnieplants.com/www/uploads/20180920003250/flaming-flare-fresno-chili-pepper-480x360.jpg
000041.jpg,https://i.ytimg.com/vi/MgSxpvCIDaQ/maxresdefault.jpg
000042.jpg,https://www.simplyrecipes.com/wp-content/uploads/2016/09/2016-09-26-StuffedPeppers-6.jpg
000043.jpg,http://www.brooksidenursery.co.uk/user/products/thumbnails/Hot%20Pepper%20(Chilli)%20Collection.jpg
000044.jpg,https://d1nw62gticy6e9.cloudfront.net/uploads/Caribbean_Red_Pepper1.jpg
000045.jpg,https://www.pepperscale.com/wp-content/uploads/2017/08/California-Wonder-Pepper-768x427.jpg
000046.jpg,https://pixl.varagesale.com/http://s3.amazonaws.com/hopshop-image-store-production/143029857/bc421d0be7296afb4e57869bdf59ece9.jpg?_ver=large_uploader_thumbnail&w=640&h=640&fit=crop&s=1b0bcbc4957263b0d359778740b9dec3
000047.jpg,https://live.staticflickr.com/7105/7270797080_0218b900c7_b.jpg
000048.jpg,http://carolinapeppercompany.com/wp-content/uploads/2019/06/seed-package-havasu-pepper.png
000049.jpg,https://wethairdontcare.com/wp-content/uploads/2015/08/dsc_0599.jpg
000050.jpg,http://thumbor-prod-us-east-1.photo.aws.arc.pub/H4HlmI5MRPekt0uVSTmzRFB01iE=/arc-anglerfish-arc2-prod-dmn/public/RGUBZUZSUGWRCCGQ7ZYQOE5B6M.jpg
000051.jpg,https://ssl.c.photoshelter.com/img-get2/I0000Whm9_kvwPX4/fit=1000x750/Pepper-Cajun-Belle-820312.jpg
000052.jpg,http://oldworldgardenfarms.files.wordpress.com/2012/09/pickin-peppers.jpg
000053.jpg,https://farm2.staticflickr.com/1804/29115632938_1120c41d1a_b.jpg
000054.jpg,http://www.sproutdispatch.com/blog/wp-content/uploads/2013/11/52510-pk-p1.jpg
000055.jpg,https://media.istockphoto.com/photos/oregon-garden-garden-green-pepper-cajun-belle-name-tag-picture-id501042661
000056.jpg,https://www.seedman.com/image/bm23.jpg
000057.jpg,https://wethairdontcare.com/wp-content/uploads/2015/08/dsc_0597.jpg?w=300
000058.jpg,https://ttseeds.com/wp-content/uploads/2017/11/1/1751.jpg
000059.jpg,https://preview.redd.it/wsdvgj07fm511.jpg?width=877&auto=webp&s=54b2bf86c4ed84b69d4aa2bf4ceb2b9c9317a818
000060.jpg,http://static1.squarespace.com/static/5b902bd09f8770caef3f44b2/5c2c241caa4a995f08c6ead6/5c82d2fee5e5f0f42e4d36bf/1556740835965/?format=1500w
000061.jpg,http://thumbor-prod-us-east-1.photo.aws.arc.pub/S-Q2rDKVj0yGEhtoBFnQ8b-iZH0=/arc-anglerfish-arc2-prod-dmn/public/ETJZEMGAISHACJHDMXKSXSS7ZE.jpg
000062.jpg,https://scontent-lax3-1.cdninstagram.com/vp/8692ea9f68eb45b92f0b486cde5d0f33/5DE7A684/t51.2885-15/sh0.08/e35/c191.0.698.698a/s640x640/66631005_1410843992400611_8773106323890409663_n.jpg?_nc_ht=scontent-lax3-1.cdninstagram.com
000063.jpg,http://ideas.oggardenonline.com/thumbnail/pt/2018-vegetables/cajun-belle-pepper.jpg
000064.jpg,http://www.johnstonplants.com/images/peppers/Trinidad-Moruga-Sc_2140472b.jpg
000065.jpg,http://1.bp.blogspot.com/-cfjJ2eZuv9Q/UEhCt2H_5qI/AAAAAAAAAG0/b2xJdWYtmc8/s1600/039.JPG
000066.jpg,https://blog.fatfreevegan.com/wp-content/uploads/2015/06/cutting-jalapenos.jpg
000067.jpg,https://bakersacresgreenhouse.com/wp-content/uploads/2019/04/2AF03A11-9799-4FFB-839A-CE2DE734FC88.jpg
000068.jpg,https://edge.bonnieplants.com/www/uploads/20180920003951/mexibell-pepper-480x360.jpg
000069.jpg,https://images.media-allrecipes.com/userphotos/250x250/633053.jpg
000070.jpg,https://oldworldgardenfarms.files.wordpress.com/2014/08/sangiria.jpg
000071.jpg,http://cupcakerehab.com/blog/wp-content/uploads/2012/07/cajunbelle3.png
000072.jpg,https://www.meijer.com/content/dam/meijer/product/0071/53/3943/11/0071533943112_0_A1C1_1200.png
000073.jpg,https://imagesvc.meredithcorp.io/v3/mm/image?url=https%3A%2F%2Fimg2.southernliving.timeinc.net%2Fsites%2Fdefault%2Ffiles%2Fstyles%2F4_3_horizontal_-_1200x900%2Fpublic%2Fimage%2F2017%2F01%2Fmain%2Fscreen_shot_2017-01-23_at_3.18.03_pm.png%3Fitok%3DxvrUYJEn&w=400&h=223&c=sc&poi=face&q=85
000074.jpg,https://images.homedepot-static.com/productImages/288c2995-15be-427e-bacb-d2717be3e05b/svn/bonnie-plants-vegetable-plants-2109-64_1000.jpg
000075.jpg,https://halifaxseed.ca/images/products/MAD_HATTER.jpg
000076.jpg,https://all-americaselections.org/wp-content/uploads/2017/01/PepperChili-Pie-5.jpg
000077.jpg,https://www.healthbenefitstimes.com/9/uploads/2013/06/Healthy-benefits-of-Hot-peppers-1.png
000078.jpg,https://s3.amazonaws.com/cdn.totallytomato.com/images/thumb/03754.jpg
000079.jpg,https://upload.wikimedia.org/wikipedia/commons/8/85/Green-Yellow-Red-Pepper-2009.jpg
000080.jpg,https://y6f2g9y6.stackpathcdn.com/wp-content/uploads/2015/11/Chili-Peppers.jpg
000081.jpg,https://i.ebayimg.com/images/g/J~EAAOSwqbZXEkrI/s-l300.jpg
000082.jpg,https://suchandsuchfarms.files.wordpress.com/2013/06/img_7439.jpg
000083.jpg,http://ideas.oggardenonline.com/thumbnail/cs/2018-vegetables/cajun-belle-pepper.jpg
000084.jpg,https://st.hzcdn.com/fimgs/f252313004af95c3_3285-w500-h666-b0-p0--.jpg
000085.jpg,http://www.pbase.com/bslnoel/image/167698715/original.jpg
000086.jpg,http://www.brooksidenursery.co.uk/user/products/thumbnails/Pepper%20Apache%20-5%20Plug%20Plants.jpg
000087.jpg,https://ttseeds.com/wp-content/uploads/2017/11/1/1748.jpg
000088.jpg,https://scontent-lga3-1.cdninstagram.com/vp/ca784f8d074f1282fb214d410d4ae657/5DE8611D/t51.2885-15/sh0.08/e35/s640x640/62602888_133383837897045_4705019479798559126_n.jpg?_nc_ht=scontent-lga3-1.cdninstagram.com
000089.jpg,https://cdn.shopify.com/s/files/1/1537/5553/products/23432_1024x1024.jpg?v=1511277317
000090.jpg,https://0201.nccdn.net/1_2/000/000/114/402/Pepper--arapaho-500x500.jpg
000091.jpg,https://2rt9loawzcmbvlze40mhj9n0-wpengine.netdna-ssl.com/wp-content/uploads/2015/04/Bell-Peppers.jpg
000092.jpg,https://unclewaynestomatoes.com/sites/default/files/Cajun%20Belle%20IMG_1295.JPG
000093.jpg,https://image.slidesharecdn.com/2015ngbyearofsweetpepper-141008144648-conversion-gate02/95/2015-national-garden-bureaus-year-of-the-sweet-pepper-19-638.jpg?cb=1412779731
000094.jpg,http://carolinapeppercompany.com/wp-content/uploads/2019/06/seed-package-ghost-pepper-300x300.jpg
000095.jpg,https://kcdgarden.com/varieties/317/2018-07-02%2018.11.51.jpg?width=1280&height=1280&mode=max&format=jpg&quality=65
000096.jpg,https://www.tasteofhome.com/wp-content/uploads/2018/08/shutterstock_319852949.jpg
000097.jpg,https://www.thespruceeats.com/thmb/luNyInCiVSuGtvoYKEAXjedg0ds=/3448x2586/smart/filters:no_upscale()/pickled_peppers-56a58b513df78cf77288bd26.jpg
000098.jpg,https://s3.amazonaws.com/cdn0.gurneys.com/images/220/62498A.jpg
000099.jpg,https://upload.wikimedia.org/wikipedia/commons/d/da/Red_capsicum_and_cross_section.jpg
000100.jpg,https://www.piedmontfarmandgarden.com/v/vspfiles/photos/PPP225-2.jpg?v-cache=1423999807
000101.jpg,https://s3.amazonaws.com/cdn.henryfields.com/images/270/64571A_sas.jpg
000102.jpg,https://www.kellersfarmstand.com/wp-content/uploads/2017/05/FullSizeRender-2.jpg
000103.jpg,https://hggourmet.com/wp-content/uploads/2018/03/Pepper-Cayenne.jpeg
000104.jpg,https://growingchilliesbook.files.wordpress.com/2015/07/cajunbelle6.jpg
000105.jpg,https://y6f2g9y6.stackpathcdn.com/wp-content/uploads/2017/05/TABASCO-PEPPERS-400x600.jpg
000106.jpg,http://www.foxglove-farms.com/yahoo_site_admin/assets/images/pepperoncini.41124522_std.jpg
000107.jpg,https://i.imgur.com/CzVvZPn.jpg
000108.jpg,https://www.seedman.com/image/jf645.jpg
000109.jpg,https://seedsnsuch-qb2qm0z.netdna-ssl.com/wp-content/uploads/2018/11/ajirico-1-500x500.jpeg
000110.jpg,https://scontent-iad3-1.cdninstagram.com/vp/0b8166672449ef6d64e437b1737c134e/5DDAB7BB/t51.2885-15/sh0.08/e35/s640x640/66387824_495161671268336_3248482030715912874_n.jpg?_nc_ht=scontent-iad3-1.cdninstagram.com
000111.jpg,https://bradford.missouri.edu/assets/sites/3/9709971421_92e96af8da_k.jpg
000112.jpg,https://i.imgur.com/OEw6Xdz.png
000113.jpg,https://i.ytimg.com/vi/WdgMlHDpge8/hqdefault.jpg
000114.jpg,https://view.publitas.com/13461/711985/pages/d45d6b4ac2133586f5c83c888bb4d1c769127b89-at1000.jpg
000115.jpg,https://belleofthekitchen.com/wp-content/uploads/2015/03/black-bean-stuffed-peppers4.jpg
000116.jpg,http://i.imgur.com/RGC7R5x.jpg
000117.jpg,https://www.pepperscale.com/wp-content/uploads/2019/05/Are-bell-peppers-spicy-768x536.jpg
000118.jpg,https://d1nw62gticy6e9.cloudfront.net/uploads/Bolivian-Rainbow-Pepper-See.jpg
000119.jpg,https://edge.bonnieplants.com/www/uploads/20180920004026/bonnie-s-green-bell-pepper-480x360.jpg
000120.jpg,https://www.bmrgreenhouses.com/uploads/images/gardening-tips/hot-peppers-cropped.jpg
000121.jpg,https://cdn.shopify.com/s/files/1/1523/7044/products/JimmyNardello_large.jpg?v=1475901650
000122.jpg,https://www.tasteofhome.com/wp-content/uploads/2018/08/shutterstock_56777524.jpg
000123.jpg,https://wethairdontcare.com/wp-content/uploads/2015/08/dsc_0608.jpg
000124.jpg,https://www.rogersgardens.com/wp-content/uploads/2019/02/hot-pepper-anaheim_LRG-800x800.jpg
000125.jpg,https://littlesproutslearning.co/wp-content/uploads/2017/09/jalapeno-peppers-2708676_1920.jpg
000126.jpg,http://theseedhouse.ca/inventory_images/3655_1.jpg
000127.jpg,https://s3.amazonaws.com/cdn.botanicalinterests.com/images/thumb/0184i_Pepper-Chile-Ancho-Poblano.jpg
000128.jpg,https://www.gannett-cdn.com/-mm-/39580a828a332cee0cd3add10d4bc2d88b73b240/c=0-303-1630-1224/local/-/media/2017/03/17/WIGroup/GreenBay/636253485844842123-03-20-2017-Salad-greens-in-old-wagon.JPG?width=3200&height=1680&fit=crop
000129.jpg,https://www.picclickimg.com/d/l400/pict/223332006470_/7-Pot-Cajun-Craze-Pepper-Seeds.jpg
000130.jpg,https://ca-times.brightspotcdn.com/dims4/default/237f7c1/2147483647/strip/true/crop/1000x1141+0+0/resize/840x958!/quality/90/?url=https%3A%2F%2Fca-times.brightspotcdn.com%2F76%2F4a%2F65f302468713013cdb00606734ee%2Fsdut-illustration-by-cristina-byvik-20160904
000131.jpg,https://www.thespruceeats.com/thmb/iMiIsP_lg50XeksfYmv-U_aS0gE=/960x0/filters:no_upscale():max_bytes(150000):strip_icc()/GettyImages-183060953-587e52ee5f9b584db3ee1415.jpg
000132.jpg,https://www.healthbenefitstimes.com/9/uploads/2013/06/Bell-pepper.jpg
000133.jpg,https://media-cdn.tripadvisor.com/media/photo-s/04/58/4f/ca/west-side-deli.jpg
000134.jpg,https://www.denverpost.com/wp-content/uploads/2016/05/20110331__20110401_L11_FE01GREASYp3.jpg?w=481
000135.jpg,https://www.panamseed.com/images/shutterstock_371411188.jpg
000136.jpg,http://www.nimblemill.com/itsnotworkitsgardening/December%202011/IMGP5886.jpg
000137.jpg,https://cdn.shopify.com/s/files/1/1585/3941/products/00670_medium.jpg?v=1550776563
000138.jpg,http://www.lifesourcenaturalfoods.com/wp-content/uploads/2012/08/hot-peppers-by-IAN-RANSLEY-DESIGN-%2B-ILLUSTRATION.jpg
000139.jpg,http://d1f7geppf3ca7.cloudfront.net/origin/518068/1529107121209_cajun_bell_2.jpg
000140.jpg,https://belleofthekitchen.com/wp-content/uploads/2016/05/cajun-sausage-pasta.jpg
000141.jpg,https://cdn.slidesharecdn.com/ss_thumbnails/2015ngbyearofsweetpepper-141008144648-conversion-gate02-thumbnail-4.jpg?cb=1412779731
000142.jpg,http://www.johnstonplants.com/images/peppers/chilli-pepper-institure-bhut-jolokia.jpg
000143.jpg,https://img-aws.ehowcdn.com/600x600p/s3-us-west-1.amazonaws.com/contentlab.studiod/getty/fcc3ffca72f74722afad9bfbf4bb1f5e
000144.jpg,https://www.wellgrowseeds.com/wp-content/uploads/2019/02/big-bertha-pepper-SC-500x650.jpg
000145.jpg,https://papaspepperfarm.files.wordpress.com/2013/07/wp_000590.jpg
000146.jpg,https://www.rogersgardens.com/wp-content/uploads/2019/02/shishitos-quart-edited-1.jpg
000147.jpg,https://www.mullerseeds.com/media/catalog/product/cache/1/image/1800x/040ec09b1e35df139433887a97daa66f/p/e/peppersweatheat2.jpg
000148.jpg,https://scontent-lax3-1.cdninstagram.com/vp/0313e2007e37e545e7e6c90e44d7d82c/5DCFC658/t51.2885-15/e35/s480x480/67567210_144111653455455_1837283661940843331_n.jpg?_nc_ht=scontent-lax3-1.cdninstagram.com
000149.jpg,https://vegetariangastronomy.com/wp-content/uploads/2018/11/spicy-roasted-red-bell-pepper-sauce-3.jpg
000150.jpg,https://0201.nccdn.net/1_2/000/000/0d5/1a7/f11cca7f3bd74c9ca02b558309de1073-500x500.jpg
000151.jpg,https://lesjardinsgourmands.ca/boutique/image/cache/catalog/piment%20cajun%20belle%20web-980x980.jpg
000152.jpg,http://www.brooksidenursery.co.uk/user/products/thumbnails/Pepper%20Redskin.jpg
000153.jpg,https://macore.com/categories/stream_tag/EB2V5221.jpg
000154.jpg,https://www.simplyrecipes.com/wp-content/uploads/2018/08/Pressure-Cooker-Cajun-Stuffed-Peppers-LEAD-HORIZONTAL-440x293.jpg
000155.jpg,http://gardenbite.com/wp-content/uploads/2013/08/Pepper-Cajun-Belle-3-225x300.jpg
000156.jpg,http://d3t0t2nqwmr1c9.cloudfront.net/photos/73771/026.large.JPG
000157.jpg,https://4.bp.blogspot.com/-dlkFqUBVAqA/Ujr3LJiyqxI/AAAAAAAALPI/JhYHd0AXvmc/s1600/pickled+peppers.jpg
000158.jpg,https://www.greenthumbnsy.com/images/pepper_mariachi.jpg
000159.jpg,https://s3.amazonaws.com/plantvillage-production-new/images/pics/000/005/098/original/Screen_Shot_2015-05-06_at_4.01.22_PM.png?1430943829
000160.jpg,http://carolinapeppercompany.com/wp-content/uploads/2019/06/seed-package-shishito-pepper.png
000161.jpg,https://www.chilipeppermadness.com/wp-content/uploads/2018/08/Vegetarian-Stuffed-Peppers-Recipe1.jpg
000162.jpg,https://halifaxseed.ca/images/products/156045.jpg
000163.jpg,https://www.mullerseeds.com/media/catalog/product/cache/1/image/9df78eab33525d08d6e5fb8d27136e95/p/e/peppersweatheat1.jpg
000164.jpg,https://ttseeds.com/wp-content/uploads/2017/11/b72-500x459.jpg
000165.jpg,https://s3-media4.fl.yelpcdn.com/bphoto/uLpFWWdZ74RMz_Kv46PbNg/o.jpg
000166.jpg,http://2.bp.blogspot.com/-naJlAtkmvo4/T_LzcporzjI/AAAAAAAAEh0/XbtxezRVJnM/s1600/DSC07801.JPG
000167.jpg,https://vanstonenurseries.com/wp-content/uploads/2018/11/V-PEPHGB-300x300.jpg
000168.jpg,https://scontent-lhr3-1.cdninstagram.com/vp/0c38fe82ffde86d2677bbd6b784dedc2/5DC210EE/t51.2885-15/sh0.08/e35/c135.0.810.810a/s640x640/51555112_1139532092887378_4786546454754478171_n.jpg?_nc_ht=scontent-lhr3-1.cdninstagram.com&ig_cache_key=MTk3ODYzNDM3MTIyOTMwNDY4MQ%3D%3D.2.c
000169.jpg,https://www.gannett-cdn.com/-mm-/3ce02554d0efe31c6db2f32fa9a8f90c5f0ee56c/c=2-0-1630-1224/local/-/media/2017/03/17/WIGroup/GreenBay/636253485844842123-03-20-2017-Salad-greens-in-old-wagon.JPG?width=534&height=401&fit=crop
000170.jpg,https://s3.amazonaws.com/cdn.totallytomato.com/images/thumb/03790.jpg
000171.jpg,https://www.primaverakitchen.com/wp-content/uploads/2018/02/Shrimp-Bell-Pepper-and-Onions-Skillet-Primavera-Kitchen-2.jpg
000172.jpg,https://s3.amazonaws.com/plantvillage-production-new/images/pics/000/005/094/original/Screen_Shot_2015-05-06_at_4.01.00_PM.png?1430942713
000173.jpg,http://www.valleyviewfarms.com/images/hot_pepper.png
000174.jpg,https://scontent-lhr3-1.cdninstagram.com/v/t51.2885-15/e35/46089383_265550877442225_7259613418876473352_n.jpg?_nc_ht=scontent-lhr3-1.cdninstagram.com&se=7&oh=3ff76c8370e135a39c9294b0e3516cc5&oe=5DFF22CA&ig_cache_key=MTkyMDY2MDYyNDIwMTU3NTkxNw%3D%3D.2
000175.jpg,https://seedsnsuch-qb2qm0z.netdna-ssl.com/wp-content/uploads/2018/11/blightbuster-1-500x412.jpeg
000176.jpg,http://www.foxglove-farms.com/yahoo_site_admin/assets/images/kingnorth.114152738_std.jpg
000177.jpg,https://macore.com/categories/stream_tag/B2V5221.jpg
000178.jpg,http://oldworldgardenfarms.files.wordpress.com/2012/09/mini-bells3.jpg
000179.jpg,http://cupcakerehab.com/blog/wp-content/uploads/2012/07/cajunbelle1.png
000180.jpg,https://gimmedelicious.com/wp-content/uploads/2017/01/bell-pepper-tacos-3.jpg
000181.jpg,https://3.bp.blogspot.com/-TObI9ulbRqk/Uffma146AWI/AAAAAAAAK-A/kiAFG6u9mfc/s1600/crabrisotto2.jpg
000182.jpg,https://cdn.shopify.com/s/files/1/1537/5553/products/12798_medium.jpg?v=1544631106
000183.jpg,https://cdn.shopify.com/s/files/1/1523/7044/products/Mexibell_large.jpg?v=1475910151
000184.jpg,http://oldworldgardenfarms.files.wordpress.com/2012/05/cajun-plants.jpg
000185.jpg,https://s3-us-west-1.amazonaws.com/contentlab.studiod/getty/cc816c79bf8b44168f7a4ec01d0d5c73.jpg
000186.jpg,https://i.ytimg.com/vi/rkdeOcy5fs4/hqdefault.jpg
000187.jpg,https://s3.amazonaws.com/cdn.botanicalinterests.com/images/thumb/0064i_Pepper-Sweet-Golden-Marconi.jpg
000188.jpg,https://s3.amazonaws.com/cdn0.gurneys.com/images/220/64587A.jpg
000189.jpg,https://c8.alamy.com/comp/WWK2N3/growing-green-pepper-on-a-vegetable-garden-WWK2N3.jpg
000190.jpg,http://theseedhouse.ca/inventory_images/4077_1.jpg
000191.jpg,http://www.scielo.br/img/revistas/rcaat/v32n2//1983-2125-rcaat-32-02-566-gf1.jpg
000192.jpg,https://www.tasteofhome.com/wp-content/uploads/2018/08/shutterstock_723282880.jpg
000193.jpg,https://renosemipros.com/wp-content/uploads/Palms_House/Exterior/Garden/IMG_6834-1024x768.jpg
000194.jpg,https://i.ebayimg.com/thumbs/images/g/RwsAAOSwB4NWuie~/s-l225.jpg
000195.jpg,https://i1.wp.com/pickledandpoached.com/wp-content/uploads/2017/06/sweet-and-spicy-pickled-peppers.jpg?resize=665%2C930
000196.jpg,https://www.pepperseeds.eu/pub/media/catalog/product/cache/b56a9049443cfaeedfe24666b14227c1/c/h/chili_seeds_big_bomb_2.jpg
000197.jpg,https://www.home-ec101.com/wp-content/uploads/2008/09/peppersinbowl.jpg
000198.jpg,https://kcdgarden.com/varieties/377/20180512_201809.jpg?width=480&height=400&mode=crop&format=jpg&quality=55
000199.jpg,https://www.haifa-group.com/sites/default/files/crop/pepper-red-isolated.JPG
000200.jpg,https://www.naturefresh.ca/wp-content/uploads/NFF-Caribbean-Bell-Pepper-Curry-16June2017.jpg
000201.jpg,https://cdn.shopify.com/s/files/1/1585/3941/products/12416_medium.jpg?v=1550782250
000202.jpg,https://d1nw62gticy6e9.cloudfront.net/uploads/King-of-the-North-Pepper-300x300.jpg
000203.jpg,http://www.quebec-horticole.ca/images/legume/capsicum-CajunBelle.jpg
000204.jpg,https://www.seedman.com/image/trn647.jpg
000205.jpg,https://www.chilipeppermadness.com/wp-content/uploads/2017/05/Growing-Chili-Peppers-Indoors.jpg
000206.jpg,https://www.pepperscale.com/wp-content/uploads/2017/08/7-Pot-Jonah-768x432.jpg
000207.jpg,https://nanasbloomers.com/wp-content/uploads/2017/09/Veg-Fern-Leaf-Dill.jpg
000208.jpg,https://i1.wp.com/www.jeremydeprisco.com/wp-content/uploads/2018/03/14231219_10206384358148516_8248749204160951743_o.jpg?fit=1080%2C608&ssl=1
000209.jpg,http://www.tomatobabycompany.com/pics-big/Big-Bertha-Bell-Pepper-Melissa-and-Darren-Walnut-Ridge-AR.jpg
000210.jpg,https://belleofthekitchen.com/wp-content/uploads/2016/05/cajun-sausage-pizza3.jpg
000211.jpg,https://0201.nccdn.net/1_2/000/000/127/547/08214ab3478d4d1b9b1865496acd3a8e-500x500.jpg
000212.jpg,https://www.theroastedroot.net/wp-content/uploads/2017/02/caramelized_onion_and_cream_cheese_stuffed_peppers_1-683x1024.jpg
000213.jpg,https://vegetariangastronomy.com/wp-content/uploads/2018/11/spicy-roasted-red-bell-pepper-sauce-5.jpg
000214.jpg,http://www.johnstonplants.com/images/peppers/butchT.jpg
000215.jpg,https://natashaskitchen.com/wp-content/uploads/2014/05/Zesty-Mini-Bell-Pepper-Salad-7-600x900.jpg
000216.jpg,https://images.homedepot-static.com/productImages/30ac819c-c75b-4442-8388-12b9033e5cce/svn/bonnie-plants-vegetable-plants-2701-64_400.jpg
000217.jpg,https://www.rogersgardens.com/wp-content/uploads/2019/02/poblano-ancho-hot-pepper.jpg
000218.jpg,https://y6f2g9y6.stackpathcdn.com/wp-content/uploads/2015/11/Bhut-Jolokia-Pepper-Totally-Tomatoes.jpg
000219.jpg,https://www.haifa-group.com/sites/default/files/crop/pepper-open-field.JPG
000220.jpg,https://www.aspicyperspective.com/wp-content/uploads/2015/08/Mini-Stuffed-Peppers-Recipe-1.jpg
000221.jpg,https://s3.amazonaws.com/cdn.hpsseed.com/images/thumb/03175.jpg
000222.jpg,https://food.unl.edu/documents/Sweet-Bell-Hot-peppers.png
000223.jpg,http://thebarsfarm.com/wp-content/uploads/2015/06/CIMG0433_20140708_111737.jpg
000224.jpg,https://edge.bonnieplants.com/www/uploads/20180920003726/cowhorn-pepper-480x360.jpg
000225.jpg,https://www.wellgrowseeds.com/wp-content/uploads/2019/02/pepper_spicy_slice_SC-500x650.jpg
000226.jpg,http://www.brooksidenursery.co.uk/user/products/thumbnails/Pepper%20Celica%20-%205%20Plug%20plants.jpg
000227.jpg,https://i0.wp.com/localgardener.net/wp-content/uploads/2018/05/peppers.jpg?ssl=1
000228.jpg,https://littlesproutslearning.co/wp-content/uploads/2017/09/9-Ways-to-Use-Excess-Hot-Peppers-from-the-Garden-1.jpg
000229.jpg,https://images.media-allrecipes.com/userphotos/560x315/260272.jpg
000230.jpg,https://i.imgur.com/nrxrnAS.jpg
000231.jpg,https://www.harvestgardener.com/wp-content/uploads/2013/12/Blushing-Beauty-268x268.jpg
000232.jpg,https://s3.amazonaws.com/cdn.totallytomato.com/images/thumb/03178.jpg
000233.jpg,https://spicysouthernkitchen.com/wp-content/uploads/shrimp-creole-17.jpg
000234.jpg,https://i2.wp.com/wellplated.com/wp-content/uploads/2016/08/Spinach-Artichoke-Quinoa-Stuffed-Bell-Peppers.jpg
000235.jpg,https://www.simplyrecipes.com/wp-content/uploads/2003/08/dads-stuffed-bell-peppers-horiz-a-1800-440x293.jpg
000236.jpg,https://www.chelseasmessyapron.com/wp-content/uploads/2017/08/ONE-PAN-Garlic-Butter-Shrimp-and-Sausage4.jpg
000237.jpg,https://vanstonenurseries.com/wp-content/uploads/2018/11/V-PEPSCC-300x300.jpg
000238.jpg,https://miro.medium.com/max/1000/1*1yQ2lzQ9GO7vYueo0fu7cA.jpeg
000239.jpg,https://seedsnsuch-qb2qm0z.netdna-ssl.com/wp-content/uploads/2018/11/aristotle-1-500x500.jpg
000240.jpg,https://image.slidesharecdn.com/2015ngbyearofsweetpepper-141008144648-conversion-gate02/95/2015-national-garden-bureaus-year-of-the-sweet-pepper-11-638.jpg?cb=1412779731
000241.jpg,https://i.imgur.com/ostw31Q.jpg
000242.jpg,https://s3.amazonaws.com/plantvillage-production-new/images/pics/000/005/091/original/Screen_Shot_2015-05-06_at_4.00.25_PM.png?1430942553
000243.jpg,https://i.kinja-img.com/gawker-media/image/upload/c_fill,f_auto,fl_progressive,g_center,h_675,pg_1,q_80,w_1200/186ydggv9r7fajpg.jpg
000244.jpg,https://i0.wp.com/www.shivasongster.com/wp-content/uploads/2011/10/mammoth_IMG_2802.jpg
000245.jpg,https://www.thespruceeats.com/thmb/6ggL9eK0ZLVKMZHEo2n0gIb3AFQ=/425x0/filters:no_upscale():max_bytes(150000):strip_icc()/GettyImages-767968485-5bb6cf2146e0fb00267d83ea.jpg
000246.jpg,https://www.healthbenefitstimes.com/9/uploads/2013/06/Cayenne-pepper.jpg
000247.jpg,http://www.foxglove-farms.com/yahoo_site_admin/assets/images/shishito.8894824_std.jpg
000248.jpg,https://oldworldgardenfarms.com/wp-content/uploads/2012/02/img_7192-e1509979840164.jpg
000249.jpg,https://scontent.cdninstagram.com/vp/8b011a02b7083b6f5bdcc898960f9031/5DE7E17E/t51.2885-15/e35/s480x480/66614100_244585713167810_5459208961378633461_n.jpg?_nc_ht=scontent-lax3-1.cdninstagram.com
000250.jpg,https://halifaxseed.ca/images/products/Pepper_BellBoy.jpg
000251.jpg,https://www.denverpost.com/wp-content/uploads/2016/05/20110331__20110401_L11_FE01GREASYp1.jpg?w=398
000252.jpg,https://i.ebayimg.com/images/g/ePMAAOSwRLZT84Ny/s-l300.jpg
000253.jpg,http://4.bp.blogspot.com/-ZCVyCKceRDU/T_L2BBX9DhI/AAAAAAAAEiU/hDXDNbQzgrs/s1600/DSC07807.JPG
000254.jpg,https://s3.amazonaws.com/cdn.botanicalinterests.com/images/thumb/0269i_Pepper-Chile-Jalafuego.jpg
000255.jpg,https://all-americaselections.org/wp-content/uploads/2017/01/PepperChili-Pie-4-1.jpg
000256.jpg,https://www.greenthumbnsy.com/images/pepper_cayenne.jpg
000257.jpg,https://cdn.shopify.com/s/files/1/1537/5553/products/12718_25f879a0-b508-4129-b212-f6610d170083_medium.jpg?v=1553386807
000258.jpg,https://i.ytimg.com/vi/_i21xu1QO88/hqdefault.jpg
000259.jpg,http://timheffner.net/wp-content/uploads/2018/11/bell-peppers-capsicums-food-53107.jpg
000260.jpg,http://theseedhouse.ca/inventory_images/4069_1.jpg
000261.jpg,https://kcdgarden.com/varieties/244/4A681174-42F5-49BB-B191-E7AFEF4A9F9C.jpeg?width=480&height=400&mode=crop&format=jpg&quality=55
000262.jpg,http://www.valleyviewfarms.com/images/tomato.png
000263.jpg,https://www.pepperseeds.eu/pub/media/catalog/product/cache/b56a9049443cfaeedfe24666b14227c1/c/h/chili_seeds_mini_bell_chocolate_2.jpg
000264.jpg,https://wethairdontcare.com/wp-content/uploads/2015/08/dsc_0604.jpg
000265.jpg,https://d1nw62gticy6e9.cloudfront.net/uploads/Beaver-Dam-Pepper-Seeds-300x300.gif
000266.jpg,https://ttseeds.com/wp-content/uploads/2019/03/1755-500x398.jpg
000267.jpg,https://cdn.shopify.com/s/files/1/1585/3941/products/00673_medium.jpg?v=1550776572
000268.jpg,https://i.redd.it/xdi63zesez511.jpg
000269.jpg,https://nanasbloomers.com/wp-content/uploads/2017/09/Veg-Savo-Ace-400x400.jpg
000270.jpg,https://s3.amazonaws.com/cdn0.gurneys.com/images/220/83518A.jpg
000271.jpg,https://macore.com/categories/stream_tag/D3V5221.jpg
000272.jpg,https://view.publitas.com/6147/43111/pages/006d399d1e1ad2409d142a8a73b47b71eece0fd7-at1000.jpg
000273.jpg,https://3.bp.blogspot.com/-H7KYmufkZQo/Ui4k0Ii5YRI/AAAAAAAALLM/dC7weOw0J0M/s1600/portobellochili.jpg
000274.jpg,https://0201.nccdn.net/1_2/000/000/092/f3b/Pepper-habanero-Roulette-800x800.jpg
000275.jpg,https://glaedengarden.files.wordpress.com/2014/08/img_1523.jpg
000276.jpg,https://images.homedepot-static.com/productImages/6ea116b9-d21f-40a9-bf6d-64a1e622b1c3/svn/bonnie-plants-vegetable-plants-3302-64_1000.jpg
000277.jpg,https://s3-us-west-1.amazonaws.com/contentlab.studiod/getty/859be9862ca94ea08d6b50943e61c907.jpg
000278.jpg,https://vegetariangastronomy.com/wp-content/uploads/2018/11/spicy-roasted-red-bell-pepper-sauce-6.jpg
000279.jpg,https://www.seedman.com/image/5039.jpg
000280.jpg,https://belleofthekitchen.com/wp-content/uploads/2016/05/cajun-sausage-pizza5.jpg
000281.jpg,http://cupcakerehab.com/blog/wp-content/uploads/2012/07/cajunbelle2.png
000282.jpg,https://www.wellgrowseeds.com/wp-content/uploads/2016/11/Mad-Hatter_SC.jpg
000283.jpg,https://www.rogersgardens.com/wp-content/uploads/2019/02/lemon_drop.23132643_std.jpg
000284.jpg,http://www.johnstonplants.com/images/peppers/chinese_giant.jpg
000285.jpg,http://www.brooksidenursery.co.uk/user/products/thumbnails/Thai%20dragon.jpg
000286.jpg,https://st.hzcdn.com/fimgs/00217a800123de69_8166-w458-h268-b0-p0--.jpg
000287.jpg,https://s3.amazonaws.com/cdn.hpsseed.com/images/thumb/03182.jpg
000288.jpg,https://s3.amazonaws.com/cdn.totallytomato.com/images/thumb/03012.jpg
000289.jpg,https://cdn.shopify.com/s/files/1/1523/7044/products/Carmen_large.jpg?v=1503283262
000290.jpg,https://www.harvestgardener.com/wp-content/uploads/2013/12/California-Wonder-268x268.jpg
000291.jpg,https://www.chilipeppermadness.com/wp-content/uploads/2015/11/Seriously-Awesome-Jambalaya-Recipe-Madness-Style1.jpg
000292.jpg,https://images.media-allrecipes.com/userphotos/250x250/1131394.jpg
000293.jpg,https://s3.amazonaws.com/cdn.henryfields.com/images/270/64788A.jpg
000294.jpg,http://carolinapeppercompany.com/wp-content/uploads/2019/06/seed-package-anaheim-pepper-600x450.png
000295.jpg,https://vanstonenurseries.com/wp-content/uploads/2018/11/V-TOMCRA-300x300.jpg
000296.jpg,https://littlesproutslearning.co/wp-content/uploads/2017/09/9-Ways-to-Use-Excess-Hot-Peppers-from-the-Garden.png
000297.jpg,https://edge.bonnieplants.com/www/uploads/20180920002452/Red-Bhut-Jolokia-Ghost-Pepper.jpg
000298.jpg,https://www.tasteofhome.com/wp-content/uploads/2018/08/shutterstock_501870859-1.jpg
000299.jpg,https://1.bp.blogspot.com/-90ZLuBQeJHM/TguY7JbwL8I/AAAAAAAACdQ/tG4_9wo7EOY/s1600/Hot+Peppers.jpg
000300.jpg,https://www.thespruceeats.com/thmb/NSltVGWFiAByxNToGfweIcc7ACA=/425x326/filters:no_upscale():max_bytes(150000):strip_icc()/terri-stuffed-peppers-g15-57bbcab25f9b58cdfdb320c5.jpg
000301.jpg,http://www.sproutdispatch.com/blog/wp-content/uploads/2013/11/v1070.jpg
000302.jpg,https://www.pepperscale.com/wp-content/uploads/2019/07/Cayenne-Pepper-768x512.jpg
000303.jpg,https://i.imgur.com/GBfaL0N.jpg?1
000304.jpg,https://i.ytimg.com/vi/ih6xyBjOfSA/maxresdefault.jpg
000305.jpg,https://halifaxseed.ca/images/products/Pepper_YumYum.jpg
000306.jpg,https://q7i2y6d5.stackpathcdn.com/wp-content/uploads/2014/11/pepper-plants-400x266.jpg
000307.jpg,https://cdn.shopify.com/s/files/1/1537/5553/products/11660_medium.jpg?v=1486445428
000308.jpg,https://www.healthbenefitstimes.com/9/uploads/2013/06/Tabasco-pepper.jpg
000309.jpg,http://www.foxglove-farms.com/yahoo_site_admin/assets/images/fish_pepper.47152338_std.jpg
000310.jpg,https://s3.amazonaws.com/cdn.botanicalinterests.com/images/thumb/0273i_Pepper-Chile-Ghost-Bhut-Jalokia-BIO.jpg
000311.jpg,https://all-americaselections.org/wp-content/uploads/2017/11/Pepper_red_ember.jpg
000312.jpg,https://d1nw62gticy6e9.cloudfront.net/uploads/DevilsTongueRedchilliseeds-300x300.jpg
000313.jpg,https://seedsnsuch-qb2qm0z.netdna-ssl.com/wp-content/uploads/2018/11/nikita-1-500x467.jpeg
000314.jpg,https://kcdgarden.com/varieties/297/Biquinho-Iracema-13.jpg?width=480&height=400&mode=crop&format=jpg&quality=55
000315.jpg,https://ttseeds.com/wp-content/uploads/2017/11/1/1752-500x317.jpg
000316.jpg,https://cdn.shopify.com/s/files/1/1585/3941/products/11673_medium.jpg?v=1550780774
000317.jpg,https://image.slidesharecdn.com/2015ngbyearofsweetpepper-141008144648-conversion-gate02/95/2015-national-garden-bureaus-year-of-the-sweet-pepper-25-638.jpg?cb=1412779731
000318.jpg,https://oldworldgardenfarms.com/wp-content/uploads/2013/01/cajun-bell-peppers.jpg
000319.jpg,https://www.simplyrecipes.com/wp-content/uploads/2008/10/moms-stuffed-bell-peppers-horiz-a-1600-440x293.jpg
000320.jpg,http://community.homedepot.com/howto/servlet/rtaImage?eid=907500000000BIR&feoid=Body&refid=0EM500000000F6p
000321.jpg,http://www.johnstonplants.com/images/peppers/keystone_giant.jpg
000322.jpg,https://wethairdontcare.com/wp-content/uploads/2015/08/dsc_0610.jpg
000323.jpg,https://vegetariangastronomy.com/wp-content/uploads/2018/11/spicy-roasted-red-bell-pepper-sauce-4.jpg
000324.jpg,https://0201.nccdn.net/1_2/000/000/193/af0/3d6e716b352a45b2a126ebd9722f4a90-500x500.jpg
000325.jpg,https://www.rogersgardens.com/wp-content/uploads/2019/02/Bhut-Jolokia-%E2%80%9CRed-Ghost%E2%80%9D-e1551293549900.jpg
000326.jpg,https://www.pepperseeds.eu/pub/media/catalog/product/cache/b56a9049443cfaeedfe24666b14227c1/a/c/aconcagua_3_fb.jpg
000327.jpg,http://theseedhouse.ca/inventory_images/3706_1.jpg
000328.jpg,https://s3.amazonaws.com/plantvillage-production-new/images/pics/000/001/255/original/1571820-SMPT.jpg?1377713640
000329.jpg,https://macore.com/categories/stream_tag/D5V5221.jpg
000330.jpg,https://belleofthekitchen.com/wp-content/uploads/2016/05/cajun-sausage-pizza-collage.jpg
000331.jpg,https://s3.amazonaws.com/cdn.totallytomato.com/images/thumb/03746.jpg
000332.jpg,https://littlesproutslearning.co/wp-content/uploads/2015/07/peppers-and-carrots-from-childrens-garden.jpg
000333.jpg,https://www.thespruceeats.com/thmb/v1_M22OF7XMCKgzWa4KBcw9v-eg=/425x326/filters:no_upscale():max_bytes(150000):strip_icc()/spicy-vivid-chili-mexican-peppers-157643424-5977b413845b340011966538.jpg
000334.jpg,https://www.pepperscale.com/wp-content/uploads/2014/10/hot-pepper-list-768x511.jpeg
000335.jpg,https://www.seedman.com/image/pep249.jpg
000336.jpg,https://3.bp.blogspot.com/-3BkTOSQrcNY/Ta3EEHY3cYI/AAAAAAAAE8Y/8odB51JHo1E/s1600/blueberrybaljam.jpg
000337.jpg,http://www.brooksidenursery.co.uk/user/products/large/Sweet%20Pepper%20Collection.jpg
000338.jpg,https://s3.amazonaws.com/cdn.hpsseed.com/images/thumb/03166.jpg
000339.jpg,https://cdn.shopify.com/s/files/1/1537/5553/products/00982_medium.jpg?v=1511409809
000340.jpg,https://s3.amazonaws.com/cdn.botanicalinterests.com/images/thumb/0281i_Pepper-Chile-Padron.jpg
000341.jpg,http://www.foxglove-farms.com/yahoo_site_admin/assets/images/Jimmy_Nardello_Pepper.40110710_std.JPG
000342.jpg,https://y6f2g9y6.stackpathcdn.com/wp-content/uploads/2015/11/Aji-Limo-pepper-Totally-Tomatoes.jpg
000343.jpg,http://i1248.photobucket.com/albums/hh482/TabascoKilla/2012-07-25100354.jpg?t=1343225665
000344.jpg,https://vanstonenurseries.com/wp-content/uploads/2018/11/V-PEPHSR-300x300.jpg
000345.jpg,https://d1nw62gticy6e9.cloudfront.net/uploads/Organic-Joe-Parker-Pepper-300x300.jpg
000346.jpg,https://edge.bonnieplants.com/www/uploads/20180920004013/pimiento-pepper.jpg
000347.jpg,https://www.greenthumbnsy.com/images/pepper_tabasco.jpg
000348.jpg,https://seedsnsuch-qb2qm0z.netdna-ssl.com/wp-content/uploads/2018/11/Tom_Clear_Pink_Early_cmyk-1-500x495.jpg
000349.jpg,https://cdn.shopify.com/s/files/1/1523/7044/products/Cheyenne_large.jpg?v=1503282373
000350.jpg,https://www.tasteofhome.com/wp-content/uploads/2018/08/shutterstock_280287539.jpg
000351.jpg,https://www.healthbenefitstimes.com/9/uploads/2013/06/Habanero-chili-pepper.jpg
000352.jpg,https://www.wellgrowseeds.com/wp-content/uploads/2019/06/Pepper-Biquinho-Red-220x286.jpg
000353.jpg,https://kcdgarden.com/varieties/172/FullSizeRender%20-61-.jpg?width=1280&height=1280&mode=max&format=jpg&quality=65
000354.jpg,https://i.ytimg.com/vi/CfMJ9SOMflw/hqdefault.jpg
000355.jpg,https://ttseeds.com/wp-content/uploads/2017/11/1/1715-500x375.jpg
000356.jpg,https://image.slidesharecdn.com/2015ngbyearofsweetpepper-141008144648-conversion-gate02/95/2015-national-garden-bureaus-year-of-the-sweet-pepper-69-638.jpg?cb=1412779731
000357.jpg,http://2.bp.blogspot.com/-b9qmT60ECe4/Tj20mFk22xI/AAAAAAAADR8/HKP8RioYiA0/s1600/uppepper.jpg
000358.jpg,https://www.rogersgardens.com/wp-content/uploads/2019/01/MM-500x383.jpg
000359.jpg,https://cdn.shopify.com/s/files/1/1585/3941/products/11661_medium.jpg?v=1550780748
000360.jpg,https://cdn.shopify.com/s/files/1/0915/1060/products/Caramel_trinidad_scorpion_moruga-hot-pepper-pepper-joes_1024x1024.jpg?v=1476888068
000361.jpg,https://belleofthekitchen.com/wp-content/uploads/2015/03/black-bean-stuffed-peppers3.jpg
000362.jpg,https://s3.amazonaws.com/cdn.totallytomato.com/images/thumb/03795.jpg
000363.jpg,http://www.brooksidenursery.co.uk/user/products/large/pepper%20snack%20pepper%20yellow.jpg
000364.jpg,https://0201.nccdn.net/1_2/000/000/0b5/448/Hot-Pepper--Chichimeca-POOR-QUALITY-Square-500x500.jpg
000365.jpg,https://macore.com/categories/stream_tag/A5V5221.jpg
000366.jpg,http://theseedhouse.ca/inventory_images/4078_1.jpg
000367.jpg,https://growingchilliesbook.files.wordpress.com/2016/03/paperlanternbanner.jpg
000368.jpg,https://www.thespruceeats.com/thmb/cIZ05hiHSwACqSVnzsCOieYU4yA=/425x326/filters:no_upscale():max_bytes(150000):strip_icc()/Peppers-Sweet-Mix-579bb8773df78c3276657310.jpg
000369.jpg,http://i1033.photobucket.com/albums/a420/gregmoroz/IMG_3513-1.jpg
000370.jpg,http://oldworldgardenfarms.files.wordpress.com/2014/08/basket-of-peppers.jpg
000371.jpg,https://www.greenthumbnsy.com/images/pepper_king_arthur.jpg
000372.jpg,https://s3.amazonaws.com/cdn.botanicalinterests.com/images/thumb/0129i_Pepper-Sweet-Canary-Bell.jpg
000373.jpg,http://www.foxglove-farms.com/yahoo_site_admin/assets/images/beaver_dam.23123504_std.jpg
000374.jpg,https://cdn.shopify.com/s/files/1/1537/5553/products/11646_431b8292-bb8a-4b06-9138-bd3bb5ac764c_1024x1024.jpg?v=1516029282
000375.jpg,https://www.pepperseeds.eu/pub/media/catalog/product/cache/51e4881dc4e265ed9adcb710d483ab73/c/h/chili_seeds_sport_pepper.jpg
000376.jpg,https://edge.bonnieplants.com/www/uploads/20180920003213/Bunker-Green-Bell-Pepper.jpg
000377.jpg,https://cdn.shopify.com/s/files/1/1523/7044/products/Italian_Roaster_II_large.JPG?v=1475901047
000378.jpg,https://halifaxseed.ca/images/products/Pepper_Anchoweb.jpg
000379.jpg,https://d1nw62gticy6e9.cloudfront.net/uploads/Screen-Shot-2019-02-25-at-7.43.56-AM-300x300.png
000380.jpg,https://vanstonenurseries.com/wp-content/uploads/2018/11/V-PEPHPR-300x300.jpg
000381.jpg,https://kcdgarden.com/varieties/317/2018-07-02%2018.11.51.jpg?width=400&height=270&mode=crop&format=jpg&quality=65
000382.jpg,https://seedsnsuch-qb2qm0z.netdna-ssl.com/wp-content/uploads/2018/11/Pep_California-Wonder_cmyk-1-500x500.jpg
000383.jpg,https://ttseeds.com/wp-content/uploads/2017/11/1/1730.jpg
000384.jpg,https://cdn.shopify.com/s/files/1/1585/3941/products/11443_medium.jpg?v=1550780346
000385.jpg,https://www.wellgrowseeds.com/wp-content/uploads/2016/05/Pepper-Masquerade-220x286.jpg
000386.jpg,https://www.rogersgardens.com/wp-content/uploads/2019/04/Picture1.png
000387.jpg,https://www.tasteofhome.com/wp-content/uploads/2018/01/Turkey-Stuffed-Bell-Peppers_EXPS_HRBZ16_40402_D09_07_1b-1-696x696.jpg
000388.jpg,https://growingchilliesbook.files.wordpress.com/2015/07/piri-piri-web.jpg?w=480
000389.jpg,https://www.healthbenefitstimes.com/9/uploads/2013/06/Ghost-pepper.jpg
000390.jpg,https://www.seedman.com/image/jf707.jpg
000391.jpg,https://st.hzcdn.com/fimgs/0e02af4e05b6ceb7_3860-w240-h320-b0-p0--.jpg
000392.jpg,http://4.bp.blogspot.com/-x9EoUHlqwqI/UCIFl0ah_gI/AAAAAAAAAGY/Wh48BT9TMng/s1600/IMG_3471.JPG
000393.jpg,http://www.johnstonplants.com/images/peppers/nardello_2.JPG
000394.jpg,https://macore.com/categories/stream_tag/D4V5221.jpg
000395.jpg,https://belleofthekitchen.com/wp-content/uploads/2015/03/black-bean-stuffed-peppers2.jpg
000396.jpg,https://www.thespruceeats.com/thmb/OKu6pU4vNO3bm35HoygwvYI8Fow=/425x326/filters:no_upscale():max_bytes(150000):strip_icc()/463387937-589634993df78caebcfcefa1.jpg
000397.jpg,http://theseedhouse.ca/inventory_images/4070_1.jpg
000398.jpg,https://www.seedman.com/image/trn822.jpg
000399.jpg,https://s3.amazonaws.com/cdn.totallytomato.com/images/thumb/03083.jpg
000400.jpg,https://www.pepperseeds.eu/pub/media/catalog/product/cache/b56a9049443cfaeedfe24666b14227c1/c/h/chili_seeds_inferno_1.jpg
000401.jpg,https://oldworldgardenfarms.com/wp-content/uploads/2015/10/poinsettia-peppers.jpg
000402.jpg,http://www.foxglove-farms.com/yahoo_site_admin/assets/images/shisito_tapas.8895000_std.jpg
000403.jpg,http://www.brooksidenursery.co.uk/user/products/thumbnails/Pepper%20Bhut%20Jolokia.jpg
000404.jpg,https://seedsnsuch-qb2qm0z.netdna-ssl.com/wp-content/uploads/2018/11/Pep_Biggie_Chile_cmyk-1-500x500.jpg
000405.jpg,https://s3.amazonaws.com/cdn.hpsseed.com/images/thumb/03001.jpg
000406.jpg,https://d1nw62gticy6e9.cloudfront.net/uploads/Organic-emerald-Giant-Pepper-300x300.jpg
000407.jpg,https://i.ytimg.com/vi/7bRtlsBArco/hqdefault.jpg
000408.jpg,https://kcdgarden.com/varieties/127/5e6c1ce4-a04a-41b5-82a4-1e940a3bc757_300.jpg?width=480&height=400&mode=crop&format=jpg&quality=55
000409.jpg,http://i370.photobucket.com/albums/oo141/TweakSairaxx/20120709_084222_Sophia_Black.jpg
000410.jpg,https://www.greenthumbnsy.com/images/pepper_giant_marconi.jpg
000411.jpg,https://growingchilliesbook.files.wordpress.com/2015/09/chilhuacle-negro-close-web.jpg?w=640
000412.jpg,https://cdn.shopify.com/s/files/1/1585/3941/products/00672_medium.jpg?v=1550776568
000413.jpg,https://cdn.shopify.com/s/files/1/1523/7044/products/Candlelight_large.jpg?v=1554080591
000414.jpg,https://ttseeds.com/wp-content/uploads/2017/11/1/1760-500x667.jpg
000415.jpg,https://st.hzcdn.com/fimgs/bac2544407af8265_9988-w240-h320-b0-p0--.jpg
000416.jpg,http://theseedhouse.ca/inventory_images/3687_1.jpg
000417.jpg,http://www.johnstonplants.com/images/peppers/Socrates.JPG
000418.jpg,https://www.thespruceeats.com/thmb/xL8u6SKj93TnaETIUY63wfZWPhA=/425x0/filters:no_upscale():max_bytes(150000):strip_icc()/GettyImages-1141134933-fcc8ca31c1604de9ae721c4723a5be9c.jpg
000419.jpg,https://0201.nccdn.net/1_2/000/000/0a7/54e/Pepper-Flaming-Jade-AAS-800x800.jpg
000420.jpg,http://3.bp.blogspot.com/-HQL-wu6AX0Y/U3Jr8__cdaI/AAAAAAAAA1c/tGRSADBlhnw/s1600/Pepper+Cajun+Bell+20140513.jpg
000421.jpg,https://d1nw62gticy6e9.cloudfront.net/uploads/Holy-Mole-Pepper-Seeds-300x300.jpg
000422.jpg,https://s3.amazonaws.com/cdn.totallytomato.com/images/thumb/03061.jpg
000423.jpg,https://i.ytimg.com/vi/ih6xyBjOfSA/hqdefault.jpg
000424.jpg,https://www.seedman.com/image/trn953.jpg
000425.jpg,https://seedsnsuch-qb2qm0z.netdna-ssl.com/wp-content/uploads/2018/11/Pep_Baron_Red_Beauty_cmyk-1-500x500.jpg
000426.jpg,http://img.photobucket.com/albums/v438/Phildo88/Garden/DSC05638.jpg
000427.jpg,https://www.rogersgardens.com/wp-content/uploads/2019/02/farmsharebox-jan2019-2-31.jpg
000428.jpg,https://oldworldgardenfarms.com/wp-content/uploads/2014/09/chinese-peppers.jpg
000429.jpg,http://www.brooksidenursery.co.uk/user/products/thumbnails/greenhouse%20veg%20collection.jpg
000430.jpg,http://www.foxglove-farms.com/yahoo_site_admin/assets/images/SrirachaHybridPepper.99220203_std.jpg
000431.jpg,https://growingchilliesbook.files.wordpress.com/2014/07/jalapenosandbeer.jpg?w=221&h=331
000432.jpg,https://cdn.shopify.com/s/files/1/1585/3941/products/11923_medium.jpg?v=1550781251
000433.jpg,https://kcdgarden.com/varieties/125/20170909_181054.jpg?width=480&height=400&mode=crop&format=jpg&quality=55
000434.jpg,https://st.hzcdn.com/fimgs/f0b2c35704cb7983_1062-w500-h334-b0-p0--.jpg
000435.jpg,http://theseedhouse.ca/inventory_images/3334_1.jpg
000436.jpg,https://www.rogersgardens.com/wp-content/uploads/2019/02/farmsharebox-jan2019-2-31-500x383.jpg
000437.jpg,https://d1nw62gticy6e9.cloudfront.net/uploads/Organic-Big-Jim-Pepper-300x300.jpg
000438.jpg,http://www.johnstonplants.com/images/peppers/orange_habanero_pepper.jpg
000439.jpg,https://www.seedman.com/image/jf572.jpg
000440.jpg,https://s3.amazonaws.com/cdn.totallytomato.com/images/thumb/03762.jpg
000441.jpg,http://www.brooksidenursery.co.uk/user/products/thumbnails/Tomato%20Super%20Sweet%20100.jpg
000442.jpg,http://oldworldgardenfarms.files.wordpress.com/2012/06/cajun-belle.jpg
000443.jpg,https://seedsnsuch-qb2qm0z.netdna-ssl.com/wp-content/uploads/2018/11/Pepper_Alma_Paprika_cmyk-1-500x500.jpg
000444.jpg,https://i.ytimg.com/vi/tdZFV8yHZ_k/hqdefault.jpg
000445.jpg,http://www.foxglove-farms.com/yahoo_site_admin/assets/images/orange_bell.23122803_std.jpeg
000446.jpg,https://s3.amazonaws.com/cdn.totallytomato.com/images/thumb/03084.jpg
000447.jpg,http://theseedhouse.ca/inventory_images/4075_1.jpg
000448.jpg,http://www.johnstonplants.com/images/peppers/peter_pepper.JPG
000449.jpg,https://kcdgarden.com/varieties/50/IMG_20170816_190849-01.jpeg?width=480&height=400&mode=crop&format=jpg&quality=55
000450.jpg,http://www.foxglove-farms.com/yahoo_site_admin/assets/images/GoldenCalWonder.23122135_std.jpg
000451.jpg,https://seedsnsuch-qb2qm0z.netdna-ssl.com/wp-content/uploads/2018/11/Pep_Anaheim-Chili_cmyk-1-500x500.jpg
000452.jpg,https://www.seedman.com/image/pep750.jpg
000453.jpg,https://kcdgarden.com/varieties/221/honeypeno.jpg?width=480&height=400&mode=crop&format=jpg&quality=55
000454.jpg,http://www.brooksidenursery.co.uk/user/products/large/PEPLB5.jpg
000455.jpg,https://st.hzcdn.com/fimgs/fc22411a07af826b_9991-w240-h320-b0-p0--.jpg
000456.jpg,https://www.pepperseeds.eu/pub/media/catalog/product/cache/51e4881dc4e265ed9adcb710d483ab73/c/h/chili_seeds_antohi_romanian.jpg
000457.jpg,https://i.ytimg.com/vi/mWYwrUTramk/maxresdefault.jpg
000458.jpg,http://www.johnstonplants.com/images/peppers/serrano.jpg
000459.jpg,http://oldworldgardenfarms.files.wordpress.com/2012/06/cajun-beller-1.jpg
000460.jpg,https://s3.amazonaws.com/cdn.totallytomato.com/images/thumb/00008.jpg
000461.jpg,https://seedsnsuch-qb2qm0z.netdna-ssl.com/wp-content/uploads/2018/11/Pep_Big_Bertha_cmyk-1-500x500.jpg
000462.jpg,http://theseedhouse.ca/inventory_images/4068_1.jpg
000463.jpg,https://kcdgarden.com/varieties/29/IMG_3780.JPG?width=730&height=500&mode=crop&format=jpg&quality=65
000464.jpg,https://st.hzcdn.com/fimgs/cb82806705b6cebc_3869-w240-h320-b0-p0--.jpg
000465.jpg,https://i.ytimg.com/vi/DcJh-3N5YZw/maxresdefault.jpg
000466.jpg,http://oldworldgardenfarms.files.wordpress.com/2013/09/cajun-belles-red.jpg
000467.jpg,http://www.foxglove-farms.com/yahoo_site_admin/assets/images/tam.51194114_std.jpg
000468.jpg,http://www.johnstonplants.com/images/peppers/Fishpepper_1.JPG
000469.jpg,https://st.hzcdn.com/fimgs/d591187b040b7d25_1376-w458-h268-b0-p0--.jpg
000470.jpg,https://seedsnsuch-qb2qm0z.netdna-ssl.com/wp-content/uploads/2018/11/Pep_Bulgarian_Carrot_cmyk-1-500x500.jpg
000471.jpg,http://www.johnstonplants.com/images/peppers/Crimson_hot__low_heat.JPG
000472.jpg,http://www.healthbenefitstimes.com/9/uploads/2013/06/Cajun-Belle-Pepper.jpg
000473.jpg,https://www.piedmontfarmandgarden.com/v/vspfiles/photos/PPP028-7.jpg
000474.jpg,https://bonnieplants.com/wp-content/uploads/cajun-belle-pepper.jpg
000475.jpg,http://oldworldgardenfarms.files.wordpress.com/2012/05/cajun-belles.jpg
000476.jpg,https://www.wellgrowseeds.com/wp-content/uploads/2016/05/Pepper-Cajun-Belle1.jpg
000477.jpg,http://oldworldgardenfarms.files.wordpress.com/2013/09/peppers3.jpg
000478.jpg,http://www.piedmontfarmandgarden.com/v/vspfiles/photos/PPP028-4.jpg
000479.jpg,http://oldworldgardenfarms.files.wordpress.com/2013/01/cajun-bell-peppers.jpg
000480.jpg,https://www.piedmontfarmandgarden.com/v/vspfiles/photos/PPP028-2.jpg
000481.jpg,http://www.piedmontfarmandgarden.com/v/vspfiles/photos/PPP028-5.jpg
000482.jpg,http://oldworldgardenfarms.files.wordpress.com/2012/02/img_7192.jpg
000483.jpg,https://www.swallowtailgardenseeds.com/gardens/vegetables/pepper-cajun-bell.jpg
000484.jpg,https://www.piedmontfarmandgarden.com/v/vspfiles/photos/PPP028-3.jpg
000485.jpg,http://3.bp.blogspot.com/-HQL-wu6AX0Y/U3Jr8__cdaI/AAAAAAAAA1c/tGRSADBlhnw/s1600/Pepper+Cajun+Bell+20140513.jpg
000486.jpg,http://www.piedmontfarmandgarden.com/v/vspfiles/photos/PPP028-10.jpg
000487.jpg,https://oldworldgardenfarms.com/wp-content/uploads/2015/11/cajun-belle-peppers-from-the-summer-garden.jpg
000488.jpg,http://oldworldgardenfarms.files.wordpress.com/2012/09/bowl-of-peppers.jpg
000489.jpg,http://www.mygardenlife.com/uploads/2011/10/5535_42.jpg
000490.jpg,http://www.piedmontfarmandgarden.com/v/vspfiles/photos/PPP028-6.jpg
000491.jpg,https://www.kitchengardenseeds.com/media/catalog/product/cache/1/thumbnail/0dc2d03fe217f8c83829496872af24a0/3/5/3595_a.jpg
000492.jpg,http://oldworldgardenfarms.files.wordpress.com/2012/05/cajun-plants.jpg
000493.jpg,http://i49.servimg.com/u/f49/17/59/79/77/plant_10.jpg
000494.jpg,https://strengthandsunshine.com/wp-content/uploads/2015/04/Cajun-Stuffed-Bell-Peppers-10.jpg
000495.jpg,https://cdn.shopify.com/s/files/1/1537/5553/products/11637d_grande.jpg
000496.jpg,https://strengthandsunshine.com/wp-content/uploads/2015/04/Cajun-Stuffed-Bell-Peppers-7.jpg
000497.jpg,https://strengthandsunshine.com/wp-content/uploads/2015/04/Cajun-Stuffed-Bell-Peppers-PM.jpg
000498.jpg,https://3.bp.blogspot.com/-7SPsqzQIzXM/Ue6dGs7TUtI/AAAAAAAAQkY/JFRFStGdEr8/s1600/stuffed+bell+peppers.jpg
000499.jpg,http://strengthandsunshine.com/wp-content/uploads/2015/04/Cajun-Stuffed-Bell-Peppers-5-1024x728.jpg
000500.jpg,https://i.pinimg.com/736x/3d/17/7c/3d177cf9a4dc9835b2fbee9728abb57b.jpg
000501.jpg,http://strengthandsunshine.com/wp-content/uploads/2015/04/Cajun-Stuffed-Bell-Peppers-6.jpg
000502.jpg,https://www.simplyrecipes.com/wp-content/uploads/2018/08/Pressure-Cooker-Cajun-Stuffed-Peppers-LEAD-VERTICAL.jpg
000503.jpg,http://cooksmartsapp.s3-us-west-2.amazonaws.com/meal_photos/391/20150216-Cajun-Shrimp-Red-Bean-Rice-NM-001.jpg
000504.jpg,http://strengthandsunshine.com/wp-content/uploads/2015/04/Cajun-Stuffed-Bell-Peppers-2.jpg
000505.jpg,http://acadianatable.com/wp-content/uploads/2014/05/editchickstuffpepper1-680x453.jpg
000506.jpg,https://s-media-cache-ak0.pinimg.com/564x/78/9b/78/789b78d09205944140152be3141e2ef2.jpg
000507.jpg,https://i1.wp.com/seagullstreasure.com/wp-content/uploads/2017/09/DSC_1327-e1504386535339.jpg
000508.jpg,http://strengthandsunshine.com/wp-content/uploads/2015/04/Cajun-Stuffed-Bell-Peppers-1.jpg
000509.jpg,https://i.pinimg.com/736x/b4/70/94/b47094af4648368ae53648f7fe706941--cajun-food-cajun-cooking.jpg
000510.jpg,https://thecrazymomcook.files.wordpress.com/2014/08/img_1517a.jpg
000511.jpg,https://foodieforone.files.wordpress.com/2012/04/img_6618.jpg
000512.jpg,http://1.bp.blogspot.com/-O0wFpS2Z6fc/VoqyxzL1NrI/AAAAAAAAaCg/S7OhbP9jGfA/s1600/Cajun%2BStuffed%2BChicken%2BBreast%2BNew%2B1.jpg
000513.jpg,http://jwrpa.com/wp-content/gallery/food/Cajun-Penne-crawfish-spicy-sausage-bell-pepper-creole-butter-cream-sauce.jpg
000514.jpg,http://cocktailswithmom.com/wp-content/uploads/2011/10/peppersstep7.jpg
000515.jpg,http://oldworldgardenfarms.files.wordpress.com/2012/02/img_7181-e1330044315918.jpg
000516.jpg,https://s-media-cache-ak0.pinimg.com/736x/8e/00/e4/8e00e4e7fe882cf54a6af82c972c333f.jpg
000517.jpg,https://i.pinimg.com/736x/69/7c/bb/697cbbb4b3a2121d589e362bb95fde3a--creole-recipes-tomato-soups.jpg
000518.jpg,https://www.savoryonline.com/media/cache/header_image_large/https---scm-assets.constant.co/scm/ahold/e9dc924f238fa6cc29465942875fe8f0/a6739713-0890-4d07-a1c6-2a7c113fff53.jpg
000519.jpg,https://jonathanbeam.files.wordpress.com/2014/07/bell-peppers2.jpg
000520.jpg,https://agranier.files.wordpress.com/2014/08/img_25011.jpg
000521.jpg,http://strengthandsunshine.com/wp-content/uploads/2015/04/Cajun-Stuffed-Bell-Peppers-9.jpg
000522.jpg,https://s-media-cache-ak0.pinimg.com/736x/1c/ba/a1/1cbaa157f3de616483ea1ec187635fbd.jpg
000523.jpg,https://s-media-cache-ak0.pinimg.com/originals/04/cd/94/04cd948a4110ba03d091eca9a260e870.jpg
000524.jpg,http://www.seriouseats.com/images/2014/05/20140507-291640-all-about-mirepoix-onion-celery-bell-pepper-holy-trinity-2.jpg
000525.jpg,http://1.bp.blogspot.com/-xajPBMlNDPM/VBZO2HTQd5I/AAAAAAAAc4s/5SotARYaoZc/s1600/Creole%2BStuffed%2BBell%2BPeppers%2B01%2BWM.jpg
000526.jpg,http://www.simplyrecipes.com/wp-content/uploads/2016/09/2016-09-26-StuffedPeppers-8.jpg
000527.jpg,https://i.ytimg.com/vi/mxTYsXX5Oy4/maxresdefault.jpg
000528.jpg,https://snappygourmet.com/wp-content/uploads/2019/10/Cajun-Chicken-Alfredo-1a.jpg
000529.jpg,http://www.realcajunrecipes.com/wp-content/uploads/2012/11/No-RIce-Stuffed-Bell-Peppers-Best-Custom.jpg
000530.jpg,https://i.pinimg.com/originals/7c/67/b6/7c67b67aef0710d278c980e6a249a191.jpg
000531.jpg,https://www.simplyrecipes.com/wp-content/uploads/2016/09/2016-09-26-StuffedPeppers-6.jpg
000532.jpg,https://s-media-cache-ak0.pinimg.com/736x/18/1c/37/181c37a01eb3c0d5625883228df072cd--shrimp-creole-recipes-creole-shrimp.jpg
000533.jpg,https://s-media-cache-ak0.pinimg.com/736x/44/20/10/4420104c2e8c5d0c4f0783f5e35a0de1.jpg
000534.jpg,https://www.simplyrecipes.com/wp-content/uploads/2018/08/Pressure-Cooker-Cajun-Stuffed-Peppers-LEAD-HORIZONTAL.jpg
000535.jpg,https://s-media-cache-ak0.pinimg.com/736x/5e/de/5a/5ede5a4670e3831f70665db53c696325.jpg
000536.jpg,https://s-media-cache-ak0.pinimg.com/736x/70/1b/17/701b17589e8b66ea696f046d497811f3.jpg
000537.jpg,https://i.pinimg.com/736x/79/e7/c5/79e7c54d14b422a14704720d1aa797d4--father-son-holy-spirit-the-father.jpg
000538.jpg,https://1.bp.blogspot.com/-knrMBJosals/Xa2zEEHRvOI/AAAAAAAAWfI/1pIVZZJ4GVMeEVDsMQqq79JQ8bTe--4CACEwYBhgL/s640/Crockpot%2BCajun%2BPasta%2BTitle.jpg
000539.jpg,https://images.squarespace-cdn.com/content/v1/5675e551cbced60a236ea33b/1571263484886-70C1OPSEQPSOI0EMA69R/ke17ZwdGBToddI8pDm48kNBhxsR5AixTPaSt36FQjZRZw-zPPgdn4jUwVcJE1ZvWQUxwkmyExglNqGp0IvTJZamWLI2zvYWH8K3-s_4yszcp2ryTI0HqTOaaUohrI8PIHEpb-MmdDNvFVgjmeoENIlexef176In2EgYPtI8R2-8KMshLAGzx4R3EDFOm1kBS/All+Coffees+at+Cajun-49.jpg
000540.jpg,http://www.snap4ct.org/uploads/8/1/7/6/81769276/hot-peppers-for-jelly-clockwise-from-bottom-left-habaneros-hot-portugal-hot-lemon-serrano-poblano-cajun-bell-jalapeno_orig.jpg
000541.jpg,https://images.squarespace-cdn.com/content/v1/5675e551cbced60a236ea33b/1571264363943-WKN61WOSNGIXJTNIZH6A/ke17ZwdGBToddI8pDm48kNBhxsR5AixTPaSt36FQjZRZw-zPPgdn4jUwVcJE1ZvWQUxwkmyExglNqGp0IvTJZamWLI2zvYWH8K3-s_4yszcp2ryTI0HqTOaaUohrI8PIHEpb-MmdDNvFVgjmeoENIlexef176In2EgYPtI8R2-8KMshLAGzx4R3EDFOm1kBS/Cajun+Pancake+Comp-3.jpg
000542.jpg,https://images.squarespace-cdn.com/content/v1/5675e551cbced60a236ea33b/1571264364099-F844U9UP9EAE2TJ7BH9X/ke17ZwdGBToddI8pDm48kGm_lmxn_JwT7UQFYPwQ7ZxZw-zPPgdn4jUwVcJE1ZvWQUxwkmyExglNqGp0IvTJZUJFbgE-7XRK3dMEBRBhUpwXWplLfyj2T9RmzkPfGlD5YA16S37GzO0FbXGbA1afGkmpTu4DKR10BpnFEkUNJHQ/Cajun+Pancake+Comp-6.jpg
000543.jpg,http://sherylboudy.com/wp-content/uploads/2017/06/IMG_4909.jpg
000544.jpg,https://images.squarespace-cdn.com/content/v1/5675e551cbced60a236ea33b/1571264366370-B0JUQX9PME536YTWSOLV/ke17ZwdGBToddI8pDm48kIFM73FjiaoZJSn7dwwr-HZZw-zPPgdn4jUwVcJE1ZvWQUxwkmyExglNqGp0IvTJZamWLI2zvYWH8K3-s_4yszcp2ryTI0HqTOaaUohrI8PILxkknvTaPl1FiOno768B4Iv1RfEbKkul0_LgGrl65cAKMshLAGzx4R3EDFOm1kBS/Cajun+Pancake+Comp-15.jpg
000545.jpg,https://i.pinimg.com/736x/aa/e9/e9/aae9e9897bbe1e315438f5b5c32b9814--best-potluck-dishes-louisiana-recipes.jpg
000546.jpg,https://images.squarespace-cdn.com/content/v1/5675e551cbced60a236ea33b/1571264373062-8K5U17YUNAHK0AL3X7RV/ke17ZwdGBToddI8pDm48kIWirrxt8pVplyPwkiZYgx9Zw-zPPgdn4jUwVcJE1ZvWQUxwkmyExglNqGp0IvTJZamWLI2zvYWH8K3-s_4yszcp2ryTI0HqTOaaUohrI8PIFRJWrncKxBn8_2kI0iNmNQnagtoGOJEWyKfBVms3pqAKMshLAGzx4R3EDFOm1kBS/Cajun+Pancake+Comp-39.jpg
000547.jpg,https://images.squarespace-cdn.com/content/v1/5675e551cbced60a236ea33b/1571264373208-IZ1QAXJECSIY1MW14AXV/ke17ZwdGBToddI8pDm48kNS77MrKckgfJYUertI_dlhZw-zPPgdn4jUwVcJE1ZvWQUxwkmyExglNqGp0IvTJZamWLI2zvYWH8K3-s_4yszcp2ryTI0HqTOaaUohrI8PIY8h6VlUjBIV_ArdgDqaskyOH3dUKZIH37iLqq7l6Tr4KMshLAGzx4R3EDFOm1kBS/Cajun+Pancake+Comp-36.jpg
000548.jpg,https://images.squarespace-cdn.com/content/v1/5675e551cbced60a236ea33b/1571264380052-KIEBOG7SGN9ZLUHZN2H2/ke17ZwdGBToddI8pDm48kB--nKERwWjYLi6DiOa5zEFZw-zPPgdn4jUwVcJE1ZvWQUxwkmyExglNqGp0IvTJZamWLI2zvYWH8K3-s_4yszcp2ryTI0HqTOaaUohrI8PIieeRLY2D7DAgBAxaWXChe3FG1G7a8tsrQehMQvdAi3gKMshLAGzx4R3EDFOm1kBS/Cajun+Pancake+Comp-52.jpg
000549.jpg,https://images.squarespace-cdn.com/content/v1/5675e551cbced60a236ea33b/1571264382098-ZJYBKVM2Z6JS344ZW41W/ke17ZwdGBToddI8pDm48kNS77MrKckgfJYUertI_dlhZw-zPPgdn4jUwVcJE1ZvWQUxwkmyExglNqGp0IvTJZamWLI2zvYWH8K3-s_4yszcp2ryTI0HqTOaaUohrI8PIY8h6VlUjBIV_ArdgDqaskyOH3dUKZIH37iLqq7l6Tr4KMshLAGzx4R3EDFOm1kBS/Cajun+Pancake+Comp-53.jpg
000550.jpg,https://i.pinimg.com/736x/02/c6/49/02c64956fb2cb698798ac983426d33a1--smothered-steak-cajun.jpg
000551.jpg,https://images.squarespace-cdn.com/content/v1/5675e551cbced60a236ea33b/1571264380077-4Q4JTEGT7GERTKGESUHQ/ke17ZwdGBToddI8pDm48kET_mAAwMo3qFLrAJ97CZ59Zw-zPPgdn4jUwVcJE1ZvWQUxwkmyExglNqGp0IvTJZamWLI2zvYWH8K3-s_4yszcp2ryTI0HqTOaaUohrI8PI7deSHxzlWMrRrRESkVLRKKBIfJRoNAEZkBAErHmXDfUKMshLAGzx4R3EDFOm1kBS/Cajun+Pancake+Comp-50.jpg
000552.jpg,http://3.bp.blogspot.com/-cL5PArL9ASs/UxOhmJnIi_I/AAAAAAAAWog/GkZXbMZoGkg/s1600/Cajun%20Shirmp%20and%20Sausage%201.jpg
000553.jpg,https://images.squarespace-cdn.com/content/v1/5675e551cbced60a236ea33b/1571264377658-ULY6B3STH0ZTTB1P2GWQ/ke17ZwdGBToddI8pDm48kET_mAAwMo3qFLrAJ97CZ59Zw-zPPgdn4jUwVcJE1ZvWQUxwkmyExglNqGp0IvTJZamWLI2zvYWH8K3-s_4yszcp2ryTI0HqTOaaUohrI8PI7deSHxzlWMrRrRESkVLRKKBIfJRoNAEZkBAErHmXDfUKMshLAGzx4R3EDFOm1kBS/Cajun+Pancake+Comp-47.jpg
000554.jpg,http://res.cloudinary.com/culturemap-com/image/upload/ar_4:3,c_fill,g_faces:center,w_600/v1571249611/photos/291353_original.jpg
000555.jpg,https://s-media-cache-ak0.pinimg.com/736x/a5/0d/11/a50d1112185bf66243d0d292bbcbfad7.jpg
