image,source
000001.jpg,https://d1nw62gticy6e9.cloudfront.net/uploads/California-Wonder-Bell-Peppers1.jpg
000002.jpg,https://images.homedepot-static.com/productImages/bce2b202-7537-42ed-b07f-e8666035bf50/svn/burpee-organic-vegetable-seeds-60520-64_1000.jpg
000003.jpg,https://d1nw62gticy6e9.cloudfront.net/uploads/California-Wonder-Bell-Peppers.jpg
000004.jpg,https://www.edenbrothers.com/store/media/Seeds-Vegetables/resized/SVPEP122-1_medium.jpg
000005.jpg,http://cdn.mr-fothergills.co.uk/product-images/op/z/11617z.jpg
000006.jpg,https://www.rareseeds.com/assets/1/14/DimRegular/Pepper-Sweet-California-Wonder-IMG_5315.jpg
000007.jpg,https://www.everwilde.com/media/1000/resized/California-Wonder-300-TMR-Sweet-Pepper-01_medium.gif
000008.jpg,https://images-na.ssl-images-amazon.com/images/I/71lJq5d2EhL._SX425_.jpg
000009.jpg,https://suttons.s3.amazonaws.com/p/VECAP11729_3.jpg
000010.jpg,http://cdn.shopify.com/s/files/1/0011/2341/8172/products/PP620-4_1024x1024.jpg?v=1523414027
000011.jpg,https://static.wixstatic.com/media/85269f_3eed19cbbfd34efead03661e486d1a46~mv2.jpg/v1/fill/w_1203,h_676,al_c,q_85/85269f_3eed19cbbfd34efead03661e486d1a46~mv2.jpg
000012.jpg,https://cdn.shopify.com/s/files/1/2954/2248/products/Pepper-California-Wonder-Vegetable-Ferry-Morse_1400x.jpg?v=1549916922
000013.jpg,http://cdn.shopify.com/s/files/1/0784/3297/products/California_Wonder_Pepper_grande.jpg?v=1454623907
000014.jpg,https://cdn.shopify.com/s/files/1/0034/1917/7060/products/pepper-california-wonder-vegetable-sow-easy-mckenzie-seeds_-_Copy_1400x.jpg?v=1553980908
000015.jpg,https://www.burpee.com/dw/image/v2/ABAQ_PRD/on/demandware.static/-/Sites-masterCatalog_Burpee/default/dw3dc4f465/Images/Product%20Images/prod000825/prod000825.jpg?sw=320&sh=378&sm=fit
000016.jpg,https://cdn.shopify.com/s/files/1/0562/4205/products/california.jpg?v=1511813628
000017.jpg,https://cdn.shopify.com/s/files/1/2918/4630/products/image_2_480d8b34-2ccb-4dbe-89ea-c392d6e7bbc6_1024x1024@2x.jpg?v=1570202423
000018.jpg,https://www.stclareseeds.com/garden-help/wp-content/uploads/2016/07/Pepper-Sweet-California-Wonder-Credit-Robert-Duval-e1525450496908.jpg
000019.jpg,https://cdn.shopify.com/s/files/1/0972/6282/products/california-wonder-pepper-75-days-vegetables-pinetree-garden-seeds_422_600x.jpg?v=1546712540
000020.jpg,https://i.ebayimg.com/images/g/tfAAAOSwVVBdefWk/s-l300.jpg
000021.jpg,https://images.homedepot-static.com/productImages/5f4f8d8e-6b86-444d-8c7f-f42fd1089fe0/svn/ferry-morse-organic-vegetable-seeds-x1435-64_1000.jpg
000022.jpg,https://cdn.shopify.com/s/files/1/0129/8922/products/California-Wonder-300-pepper_grande.jpg?v=1497596442
000023.jpg,https://cdn.shopify.com/s/files/1/1063/1756/products/California_Wonder_Pepper_300x300.jpg?v=1551225092
000024.jpg,https://www.southernexposure.com/images/large/sweet-pepper-carolina-wonder_LRG.jpg
000025.jpg,https://www.sandiegoseedcompany.com/wp-content/uploads/2017/06/Pepper-California-Wonder-Bell.jpg
000026.jpg,https://s3.amazonaws.com/cdn.totallytomato.com/images/popup/03121.jpg
000027.jpg,https://www.rareseeds.com/assets/1/14/DimRegular/California-Wonder-web.jpg
000028.jpg,https://cdn.shopify.com/s/files/1/0736/5693/products/Pepper_Golden_Cali_Wonder_Bigstock_1024x1024.jpg?v=1422946516
000029.jpg,https://www.botanicalinterests.com/images/popup/3032w_Pepper-Sweet-Calif-Wonder-ORG.jpg
000030.jpg,https://growincrazyacres.com/wp-content/uploads/2014/06/California-Wonder-Bell-Pepper.jpg
000031.jpg,https://images-na.ssl-images-amazon.com/images/I/81QHJyfQhTL._SX466_.jpg
000032.jpg,https://cdn.shopify.com/s/files/1/0200/5036/products/1893957_150209080500_00012_740x.jpeg?v=1423495980
000033.jpg,https://i.ebayimg.com/images/g/5nEAAOSwcf9cHEGG/s-l300.jpg
000034.jpg,https://www.pepperscale.com/wp-content/uploads/2017/08/California-Wonder-Pepper-768x427.jpg
000035.jpg,https://3.imimg.com/data3/CO/OX/MY-5235905/california-wonder-pepper-seeds-250x250.jpg
000036.jpg,https://d3d71ba2asa5oz.cloudfront.net/12001418/images/3088_pepper-sweet-ca-wond-o-org_rgblr.jpg?refresh
000037.jpg,https://images.homedepot-static.com/productImages/149074d8-dabc-453a-9b93-63c9cf256f54/svn/ferry-morse-vegetable-herb-seeds-2047-64_1000.jpg
000038.jpg,https://images-na.ssl-images-amazon.com/images/I/41kgoC-OeXL.jpg
000039.jpg,https://cdn.shopify.com/s/files/1/2630/8280/products/de5ebc6880f16de0cf1b51b454295c7e_600x.jpg?v=1512949268
000040.jpg,https://cdn11.bigcommerce.com/s-a9b4a/images/stencil/1024x1024/products/856/4005/California_Wonder_Pepper__78541.1549401116.jpg?c=2
000041.jpg,http://lenoyau.com/wp-content/uploads/2017/01/California-golden-wonder-1200x680.jpg
000042.jpg,https://cdn10.bigcommerce.com/s-yaozho/products/2923/images/12865/California_Wonder_300_TMR_Bell_Pepper3__04029.1483983665.300.300.jpg?c=2
000043.jpg,https://cdn11.bigcommerce.com/s-a9b4a/images/stencil/1024x1024/products/1273/4004/Golden_California_Wonder_Pepper__77530.1549401087.jpg?c=2
000044.jpg,http://www.farmfreshseeds.com/media/Vegetables/Peppers/ss_size3/California_Wonder.jpg
000045.jpg,https://www.botanicalinterests.com/images/popup/0057i_Pepper-Sweet-Yolo-Wonder.jpg
000046.jpg,https://cdn.shopify.com/s/files/1/2918/4630/products/image_1_7e444f6d-f749-4e89-adb8-9063a9e18554_300x300.jpg?v=1570202422
000047.jpg,http://www.mybalconyjungle.com/images/big/bell_pepper_large.jpg
000048.jpg,https://www.highmowingseeds.com/media/catalog/product/cache/f24fe076cc2f73119e7261920a5836c5/2/7/2775.jpg
000049.jpg,https://www.everwilde.com/media/1000/resized/Golden-California-Wonder-Sweet-Pepper-Seeds-01_medium.gif
000050.jpg,https://seedcatalog.com/wp-content/uploads/2016/02/californiawonderpepper.jpg
000051.jpg,https://cdn.shopify.com/s/files/1/0870/1178/products/PimientoCalifornia_1024x1024.jpg?v=1542768815
000052.jpg,https://tamarorganics.co.uk/wp-content/uploads/2017/10/Pepper-Golden-California-Wonder.jpg
000053.jpg,https://cdn.shopify.com/s/files/1/2550/8730/products/v-sweet-pepper-golden-california-wonder_620x.jpg?v=1553610993
000054.jpg,https://static.growseed.co.uk/196-large_default/californian-wonder.jpg
000055.jpg,http://seedempire.com/images/detailed/2/Pepper_Sweet_Golden_California_Wonder_Seeds_Capsicum_Annuum.jpg
000056.jpg,https://livingseeds.co.za/image-smp/golden-california-wonder-sweet-peppervegetable-seeds_10418_500x500.jpg
000057.jpg,https://cdn10.bigcommerce.com/s-2drwt2az/products/6661/images/51100/caliwonderpepper1hr__40915.1493260232.500.659.jpg?c=2
000058.jpg,http://2.bp.blogspot.com/-dE-544aRS4U/UXvh0Ta8oHI/AAAAAAAADMI/9o-LL0qyJss/s1600/DSC05463.JPG
000059.jpg,https://www.victoryseeds.com/assets/images/vegetables/pepper_ca-wonder.jpg
000060.jpg,https://www.therange.co.uk/_m3/5/1/1549469232_2158.jpg
000061.jpg,https://cdn11.bigcommerce.com/s-545cd/images/stencil/500x659/products/277/1375/Pepper_California_Wonder__70827.1522783368.png?c=2&imbypass=on
000062.jpg,https://isteam.wsimg.com/ip/03b52b38-8644-11e4-b672-14feb5da1938/ols/82_original/:/rs=w:600,h:600
000063.jpg,https://www.americanseedco.com/wp-content/uploads/2013/06/Peppers-California-Wonder-300x300.jpg
000064.jpg,https://www.arbico-organics.com/images/uploads/Territorial-Seed-Company/1860627_california_wonder_pepper_600x600.jpg
000065.jpg,https://images-na.ssl-images-amazon.com/images/I/815zA43YU1L._SY606_.jpg
000066.jpg,https://redfoxorganics.farm/wp-content/uploads/2019/02/product-seeds-bell-pepper-california-wonder.jpg
000067.jpg,https://img-aws.ehowcdn.com/350x235p/photos.demandstudios.com/getty/article/154/200/200353187-001_XS.jpg
000068.jpg,https://cdn.shopify.com/s/files/1/1033/9815/products/581_front_1024x1024.jpg?v=1459968632
000069.jpg,https://cdn.shopify.com/s/files/1/0972/6282/products/california-wonder-pepper-75-days-vegetables-pinetree-garden-seeds_210_400x.jpg?v=1546712539
000070.jpg,https://growheirloomseed.com.au/wp-content/uploads/2018/04/CAPSICUM-CALIFORNIA-WONDER.jpg
000071.jpg,https://i.ytimg.com/vi/jR6Up7FFrYg/maxresdefault.jpg
000072.jpg,https://www.alliedbotanical.com/wp-content/uploads/2016/05/California-Wonder.jpg
000073.jpg,https://i.etsystatic.com/7334210/r/il/0f8f3c/1507549735/il_570xN.1507549735_s9s9.jpg
000074.jpg,https://cdn11.bigcommerce.com/s-q83qdckkjh/images/stencil/1280x1280/products/1069/2979/California-Wonder2BC__62063.1515875615.jpg?c=2&imbypass=on
000075.jpg,https://www.saltspringnursery.com/wordpress/wp-content/uploads/2017/10/california-wonder-pepper.jpg
000076.jpg,https://cdn.webshopapp.com/shops/60827/files/91541558/california-wonder.jpg
000077.jpg,https://theseedguy.net/66-home_default/california-wonder-bell-pepper.jpg
000078.jpg,https://www.hadeco.co.za/wp-content/uploads/2019/07/pepper_california.png
000079.jpg,https://i0.wp.com/yonderhillfarm.ca/wp-content/uploads/2018/10/sweet-pepper-california-wonder-2.jpg?fit=768%2C1024&ssl=1
000080.jpg,https://cdn.shopify.com/s/files/1/1022/5071/products/california-wonder-red-bell-peppers-seeds-capsicum-annuum-heirloom-and-or-op-open-pollinated-and-organically-grown-1.jpg?v=1565027505
000081.jpg,https://cdn11.bigcommerce.com/s-6t88ehx/images/stencil/1280x1280/products/162/1410/California_Wonder_Bell_Pepper__42582.1491945789.jpg?c=2
000082.jpg,http://www.seedgeeks.com/store/image/cache/data/product/vegetables/peppers/sweet/pepper.calwonder3-500x500_0.jpg
000083.jpg,https://i.pinimg.com/originals/bd/a4/66/bda4663c5f1fc6f60ee9e4d1156b54dd.jpg
000084.jpg,https://cdn1.bigcommerce.com/server700/5mvrqhbm/products/1935/images/148922/california_wonder_pepper__02040.1515434888.1280.1280.jpg?c=2
000085.jpg,https://www.florablom.com/media/catalog/product/cache/4/image/9df78eab33525d08d6e5fb8d27136e95/1/5/15427019935bd1998f631429.19920816/sweet-pepper-california-wonder.jpg
000086.jpg,https://i1.wp.com/www.csafarmersmarket.com/wp-content/uploads/2018/02/California-Wonder-Peppers.jpg?fit=386%2C326
000087.jpg,https://i.ebayimg.com/images/g/12gAAOSwnHZYeEyP/s-l640.jpg
000088.jpg,http://d2a2wjuuf1c30f.cloudfront.net/product_photos/67683468/file_63d3434787_large.jpg
000089.jpg,https://www.sekluva.lt/wp-content/uploads/2017/12/Paprika-California-Wonder.jpg
000090.jpg,https://www.chillihead.co.za/image/cache/data/products/californiawonder-500x500.png
000091.jpg,https://i10.onbuy.com/product/51ae2d549a0644008946c88abe51c263-m14260840.jpg
000092.jpg,https://www.burpee.com/dw/image/v2/ABAQ_PRD/on/demandware.static/-/Sites-masterCatalog_Burpee/default/dw040e2917/Images/Product%20Images/prod000825/prod000825_alt2.jpg?sw=320&sh=378&sm=fit
000093.jpg,https://www.deckerrdseeds.com/wp-content/uploads/2012/07/green-bell-pepper.jpg
000094.jpg,http://rahiseedbank.com/wp-content/uploads/2014/07/g112.jpg
000095.jpg,https://cdn.webshopapp.com/shops/60827/files/156624812/golden-california-wonder.jpg
000096.jpg,https://secureservercdn.net/198.71.233.129/px1.bf0.myftpupload.com/wp-content/uploads/2016/02/California-Wonder.jpg?time=1570239508
000097.jpg,https://www.seeds-gallery.shop/360-large_default/sweet-pepper-seeds-california-wonder.jpg
000098.jpg,https://i5.walmartimages.com/asr/b6c29df5-0f18-465e-bbee-642f4e143030_1.ef8317c16d738dfbab87e7db581d2c98.jpeg?odnHeight=450&odnWidth=450&odnBg=FFFFFF
000099.jpg,https://cdn2.bigcommerce.com/server2000/xbzs5402/products/497/images/3658/golden_CA_wonder_pepper__68292.1432321799.1280.1280.jpg?c=2
000100.jpg,https://ii1.pepperfry.com/media/catalog/product/c/a/494x544/capsicum-california-wonder-by-chhajed-garden-capsicum-california-wonder-by-chhajed-garden-qwfnbm.jpg
000101.jpg,https://cdn11.bigcommerce.com/s-6t88ehx/images/stencil/1280x1280/products/641/1774/FF19B186-2954-4C22-9AE2-3DEF6B3B6010__05278.1551730263.png?c=2&imbypass=on
000102.jpg,http://www.wildroseheritageseed.com/uploads/4/2/2/4/42241473/s145558776392258095_p40_i33_w208.jpeg
000103.jpg,https://www.edenbrothers.com/store/media/Seeds-Vegetables/resized/SVPEP121-1_medium.jpg
000104.jpg,http://img.fruugo.com/product/6/50/81039506_max.jpg
000105.jpg,https://cdn1.bigcommerce.com/server700/5mvrqhbm/products/3923/images/151363/golden_california_wonder_pepper__83521.1551997151.1280.1280.jpg?c=2
000106.jpg,https://sc01.alicdn.com/kf/HTB1GpJuKFXXXXbQXVXXq6xXFXXXH/california-wonder-pepper.jpg
000107.jpg,https://cdn.shopify.com/s/files/1/1420/8798/products/pepper-sweet-golden-california-wonder-capsicum-annuum-seeds-amkha-seed_994.jpg?v=1535012465
000108.jpg,https://trademe.tmcdn.co.nz/photoserver/full/635832121.jpg
000109.jpg,https://cf.shopee.ph/file/01b6dd549372c3f5257bde2a60cee5db
000110.jpg,http://survivalseeds4patriotsreview.com/wp-content/uploads/2015/10/SS4P-CALIFORNIA-WONDER-PEPPER-01.jpg
000111.jpg,http://cdn.shopify.com/s/files/1/1033/9815/products/582_Front_grande.jpg?v=1524242986
000112.jpg,https://images-na.ssl-images-amazon.com/images/I/A1mSXii2ESL._SX425_.jpg
000113.jpg,https://s3.envato.com/files/253349315/California%20Wonder-13-Edit%20copy.jpg
000114.jpg,https://static.wixstatic.com/media/d70aab_d46e53970a3a4b3f91a6d5a249d73c02~mv2.jpg/v1/fit/w_334,h_500,q_90/file.jpg
000115.jpg,https://images-na.ssl-images-amazon.com/images/I/51fCnvBs0PL.01_SL500_.jpg
000116.jpg,https://static.wixstatic.com/media/852b2f_0287c95eb3ed402b9d469a945cbb0362~mv2.jpg/v1/fill/w_1593,h_1114,al_c,q_85/852b2f_0287c95eb3ed402b9d469a945cbb0362~mv2.jpg
000117.jpg,https://i2.wp.com/awhaley.com/wp-content/uploads/2018/10/California-Wonder-Red.jpg?fit=600%2C600&ssl=1
000118.jpg,https://cdn1.bigcommerce.com/n-ou1isn/babw2/products/403/images/1733/bh1d22pq2y5__84187.1415702091.1280.1280.jpg?c=2
000119.jpg,https://i.ytimg.com/vi/HKp5lGYVz30/hqdefault.jpg
000120.jpg,https://www.piedmontfarmandgarden.com/v/vspfiles/photos/PPP030-2.jpg?v-cache=1366092667
000121.jpg,https://www.rohrerseeds.com/CALIFORNIA-WONDER-BELL-PEPPER-PKT/image/item/9907200
000122.jpg,https://www.picclickimg.com/d/l400/pict/273761264647_/Pepper-California-Wonder-Bell-Live-Plant.jpg
000123.jpg,https://cdn-pf.niceshops.com/upload/image/product/large/default/austrosaat-pepper-california-wonder-1-pkt-708222-en.jpg
000124.jpg,https://c8.alamy.com/comp/RN6N19/sweet-thick-red-pepper-called-california-wonder-growing-in-local-garden-surrounded-with-green-and-dried-leaves-on-warm-sunny-summer-day-RN6N19.jpg
000125.jpg,https://www.ballseed.com/dispthumb.aspx?imgsize=Display&imageid=158168
000126.jpg,https://isteam.wsimg.com/ip/330e0516-d423-11e4-93ca-14feb5d9f2e6/ols/255_original/:/rs=w:600,h:600
000127.jpg,https://previews.123rf.com/images/maxsol7/maxsol71808/maxsol7180800029/109648222-yolo-wonder-sweet-bell-pepper-capsicum-annuum-an-improved-version-of-california-wonder.jpg
000128.jpg,https://www.chileplants.com/images/chiles/california-wonder-pepper-plants.jpg
000129.jpg,https://gardenseedsmarket.com/images/watermarked/5/detailed/37/papryka_california_wonder.jpg
000130.jpg,https://www.kerneliv.dk/62-large_default/sweet-pepper-california-wonder-.jpg
000131.jpg,https://www.schneiderbv.nl/wp-content/uploads/86501_hires.jpg
000132.jpg,https://cdn.shopify.com/s/files/1/0011/2341/8172/products/PP620-2_480x480.jpg?v=1523414027
000133.jpg,https://storage.googleapis.com/urban-garden-assets/pub/media/catalog/product/optimized/6/8/68a6d6d8d0b9f9364c526f7e1f1fdade0068bc07e6e3b1b48d64490ca89b2d3f/sepep1500_avi.jpg
000134.jpg,https://smhttp-ssl-17653.nexcesscdn.net/media/catalog/product/cache/1/thumbnail/9df78eab33525d08d6e5fb8d27136e95/s/n/snv8122-web1_1.jpg
000135.jpg,https://www.nicholsgardennursery.com/store/avactis-images/PepperCaliforniaWonder.jpg
000136.jpg,https://cdn11.bigcommerce.com/s-x48cg8/images/stencil/600x600/products/3384/8881/Peper__49931.1553726471.jpg?c=2
000137.jpg,https://www.chilternseeds.co.uk/images/products/main/img_3717_838.jpg
000138.jpg,https://cdn10.bigcommerce.com/s-yaozho/products/254/images/12269/Organic_Sweet_Bell_Pepper_Seeds_California_Wonder__13887.1483511410.600.600.jpg?c=2
000139.jpg,http://www.southernexposure.com/images/large/pepper-sweet-california-wonder_LRG.jpg
000140.jpg,https://img-aws.ehowcdn.com/350x235p/photos.demandstudios.com/getty/article/83/15/86540138_XS.jpg
000141.jpg,https://floridagardenseeds.com/images/store/california-wonder-bell-pepper-1.jpg
000142.jpg,https://www.gardencentrekoeman.co.uk/db/products/15469618910680.jpg
000143.jpg,https://static.artfire.com/uploads/mfs/items/0a/b3/large/0ab3ebf796181344ffeee248e03d88807a867c650ca4f372d46dff4a63ba64a8.jpg
000144.jpg,https://cdn2.bigcommerce.com/server2000/xbzs5402/products/504/images/3645/Pepper_california_wonder_red__28983.1432320780.1280.1280.jpg?c=2
000145.jpg,https://i.ebayimg.com/images/g/V6EAAOxyCSRSGl-K/s-l300.jpg
000146.jpg,https://www.fernlea.com/harvesthyme/images/htvegetablespeppers.jpg
000147.jpg,https://i5.walmartimages.com/asr/98480141-3c18-484a-b222-42997c6dfad7_1.109449c2989e633fda393dcbcb0519e5.gif?odnHeight=450&odnWidth=450&odnBg=FFFFFF
000148.jpg,http://www.wildroseheritageseed.com/uploads/4/2/2/4/42241473/s145558776392258095_p40_i32_w580.jpeg
000149.jpg,https://cdn.shopify.com/s/files/1/0034/1917/7060/products/Pepper-Golden-California-Wonder-Vegetable-Mckenzie-Seeds_1400x.jpg?v=1545082314
000150.jpg,https://www.paksons.com/wp-content/uploads/2017/01/Pepper-Sweet-California-Wonder.png
000151.jpg,https://s3.envato.com/files/253941718/CalWonder%20Golden-5-Edit%20copy.jpg
000152.jpg,https://i.etsystatic.com/10162345/r/il/974c4f/713936187/il_570xN.713936187_i0jx.jpg
000153.jpg,https://www.seeds4garden.com/db/products/1521797852California_Wonder.jpg
000154.jpg,https://images-na.ssl-images-amazon.com/images/I/917nFkW2nLL._SX425_.jpg
000155.jpg,https://www.bbbseed.com/wp-content/uploads/2014/07/Pepper.CaliforniaWonder.jpg
000156.jpg,http://pantrygardenherbs.azurewebsites.net/wp-content/uploads/2016/12/Pepper-California-Golden-Wonder-1024x768-2-e1481574459760.jpg
000157.jpg,https://isteam.wsimg.com/ip/9ea77a53-1e2c-11e6-9de8-14feb5d9e2d6/ols/148_original/:/rs=w:600,h:600
000158.jpg,https://markdaviesseeds.co.uk/content/images/thumbs/0003225_sweet-green-pepper-capsicum-annum-california-wonder-100-seeds_550.jpeg
000159.jpg,https://www.andersonseedandgarden.com/media/catalog/product/cache/1/image/9df78eab33525d08d6e5fb8d27136e95/S/P/SPGCW.jpg
000160.jpg,https://www.agrofresh.kn/wp-content/uploads/2017/07/IMG_9053-e1520108378220-600x901.jpg
000161.jpg,https://www.diggers.com.au/media/products/145264/m.jpg
000162.jpg,https://d2lnr5mha7bycj.cloudfront.net/product-image/file/large_30ce4992-0765-4b1f-9251-6e333c2ac97a.png
000163.jpg,https://ssl.c.photoshelter.com/img-get/I000018.bWqbI184/s/750/750/Pepper-California-Wonder-22602.jpg
000164.jpg,https://cdn.shopify.com/s/files/1/1111/3130/products/IMG_20190217_121737_large.jpg?v=1550432910
000165.jpg,https://cdn11.bigcommerce.com/s-2ba96/images/stencil/900x1800/products/260/494/pepper_golden_california_wonder__89021.1362772768.jpg?c=2
000166.jpg,http://www.darboucosa.net/j25/images/stories/virtuemart/product/poivron_emerald_giant_7890-2.jpg
000167.jpg,http://pantrygardenherbs.azurewebsites.net/wp-content/uploads/2016/12/Pepper-California-Wonder-ball-2.jpg
000168.jpg,https://previews.123rf.com/images/maxsol7/maxsol71808/maxsol7180800031/109648253-yolo-wonder-sweet-bell-pepper-capsicum-annuum-an-improved-version-of-california-wonder.jpg
000169.jpg,https://www.mopeppers.at/media/image/product/2261/lg/seeds-paprika-california-wonder.jpg
000170.jpg,https://c8.alamy.com/comp/F16WDA/capsicum-annum-pepper-sweet-california-wonder-growing-on-the-plant-F16WDA.jpg
000171.jpg,https://cdn.propagationplace.co.uk/pp/wp-content/uploads/Sweet-Pepper-Sweet-California-Wonder-1-1000x1000.jpg
000172.jpg,https://urbangardenseeds.com/wp-content/uploads/PEPPER-CALIFORNIA-WONDER.jpg
000173.jpg,https://www.rareseeds.com/assets/1/14/DimRegular/Pepper-Golden-California-Wonder-IMG_5963.jpg
000174.jpg,https://img-3.fruugo.com/product/5/06/81038065_max.jpg
000175.jpg,https://cdn.shopify.com/s/files/1/0972/6282/products/california-wonder-pepper-75-days-vegetables-pinetree-garden-seeds_176_800x.jpg?v=1546712539
000176.jpg,https://www.myfavoriteseeds.com/assets/images/products/0172-large.jpg
000177.jpg,http://cdn.territorialseed.com/images/uploads/1031_9186_large.jpg
000178.jpg,https://cdn.shopify.com/s/files/1/0011/2341/8172/products/PP620-3_480x480.jpg?v=1523414027
000179.jpg,https://www.harrodhorticultural.com/cache/product/350/350/organic-california-wonder-pepper-seeds-1-2019128101.jpg
000180.jpg,https://i3.onbuy.com/product/902ba781c8d940db9b9f088dc665a608-l14261516.jpg
000181.jpg,http://www.heirloom-organics.com/images/polaroid/nonhybrid-peppers.gif
000182.jpg,https://theoriginalgarden.com/Argazkiak/Fotos/20180326173859.jpg
000183.jpg,https://www.tfmsuperstore.co.uk/wp-content/uploads/2018/05/59441-Fothergills-PEPPER-Sweet-California-Wonder-2-1-600x600.jpg
000184.jpg,https://www.sandiegoseedcompany.com/wp-content/uploads/2019/02/pepper-california-wonder-orange-960x640-.jpg
000185.jpg,https://i.ebayimg.com/images/g/UkQAAOSwc-tY77QQ/s-l300.jpg
000186.jpg,https://andrewsseed.com/wp-content/uploads/2018/05/Peppers-Sweet-California-Wonder.jpg
000187.jpg,https://i.etsystatic.com/15348691/r/il/d86c52/1219958138/il_570xN.1219958138_ogyg.jpg
000188.jpg,https://www.gardencrossings.com/media/catalog/product/cache/1/image/9df78eab33525d08d6e5fb8d27136e95/D/E/DETA-Pepper-California-Wonder-_Pepper-Sweet-Belle_.jpg
000189.jpg,https://img-aws.ehowcdn.com/350x235p/photos.demandstudios.com/getty/article/41/102/87583709_XS.jpg
000190.jpg,https://i.etsystatic.com/14438497/r/il/6759bf/1308711519/il_fullxfull.1308711519_eiop.jpg
000191.jpg,https://e-shop.valentine.gr/wp-content/uploads/2018/10/81888_700.jpg
000192.jpg,https://www.bfgsupply.com/img/product/large/30104.jpg
000193.jpg,http://www.organicseed.co.za/44-173-thickbox/california-wonder-pepper.jpg
000194.jpg,https://sasquatchsoil.co/wp-content/uploads/2016/08/california_wonder_sweet_bell_pepper_red-02.jpg
000195.jpg,https://www.123seeds.com/media/catalog/product/cache/2/image/350x/9df78eab33525d08d6e5fb8d27136e95/c/a/california_wonder_webshop_.jpg
000196.jpg,https://australiangardener.net.au/wp-content/uploads/2018/11/capsicum-324x324.jpg
000197.jpg,https://isteam.wsimg.com/ip/ed19ca7b-04c7-4988-b9c1-448b9406e4d4/ols/53_original/:/rs=w:600,h:600
000198.jpg,https://images-na.ssl-images-amazon.com/images/I/61HmHcN1aDL._SX425_.jpg
000199.jpg,https://garden.org/pics/2014-08-14/TBGDN/5457e6.jpg
000200.jpg,http://www.darboucosa.net/j25/images/stories/virtuemart/product/poivron_california_wonder_7923.jpg
000201.jpg,https://www.picclickimg.com/d/l400/pict/222101240835_/PEPPER-CALIFORNIA-WONDER-SWEET-GREEN-500-Seeds.jpg
000202.jpg,https://images.prod.meredith.com/product/ca536c93abc5b0e5d65eeaec11e60525/1531243725682/l/ferry-morse-organic-california-wonder-pepper-seeds
000203.jpg,http://kilcannon.ie/wp-content/uploads/2016/05/california_wonder_pepper2.jpg
000204.jpg,https://cdn.shopify.com/s/files/1/0089/1562/products/2016-04-29_1461888039_600x600.jpg?v=1462757813
000205.jpg,http://www.tomatogrowers.com/images/9254.jpg
000206.jpg,https://www.sgaravattisementi.it/upload/e-commerce/prodotti/img/20160411121529-peperone-california-wonder.jpg
000207.jpg,https://s3.envato.com/files/253062748/Yolo%20Wonder%20Pepper-Edit%20copy.jpg
000208.jpg,https://www.starkeayres.co.za/product_images/PEPPERCALIFORNIAWONDER_zoom.jpg
000209.jpg,https://d2lnr5mha7bycj.cloudfront.net/product-image/file/large_3b4d7507-57ff-476f-85e6-f8a2771297e0.jpg
000210.jpg,https://s3.amazonaws.com/mygardenlife.com/plant-library/full/4856_29.jpg
000211.jpg,https://previews.123rf.com/images/maxsol7/maxsol71808/maxsol7180800036/109648249-yolo-wonder-green-sweet-bell-pepper-capsicum-annuum-an-improved-version-of-california-wonder-top-vie.jpg
000212.jpg,https://static.wixstatic.com/media/d45f52_68df70122f2041f89ab8bb45002296f4~mv2.jpg/v1/crop/x_91,y_0,w_402,h_340/fill/w_448,h_379,al_c,lg_1,q_90/California%20Wonder%20Bell%20Pepper.jpg
000213.jpg,https://www.sonis.lt/9198-thickbox_default/sweet-pepper-california-wonder-05-g.jpg
000214.jpg,http://www.condorseed.com/wp-content/uploads/2013/06/California-Wonder-300-TMR-3-640x480.jpg
000215.jpg,https://media.istockphoto.com/photos/california-wonder-red-bell-peppers-c-annuum-picture-id1054763746
000216.jpg,http://www.kirchhoffs.co.za/wp-content/uploads/2018/03/Capsicum-Green-Pepper-California-KM61520.jpg
000217.jpg,https://www.bfgsupply.com/img/product/large/30109.jpg
000218.jpg,https://www.123seeds.com/media/catalog/product/cache/2/image/350x/9df78eab33525d08d6e5fb8d27136e95/c/a/california_wonder_bio_webshop_.jpg
000219.jpg,https://www.centertonnursery.com/chefjeff/images/var/pecwo1.jpg
000220.jpg,http://charleysveggies.com/wp-content/uploads/California-Wonder-Red-Bell-Pepper.jpg
000221.jpg,http://rustysbackyard.weebly.com/uploads/1/0/2/8/10286398/8096998_orig.jpg
000222.jpg,http://www.lakevalleyseed.com/wp-content/uploads/2017/01/230-Pepper-California-Wonder-Bell-web-big-217x300.jpg
000223.jpg,https://agromint.com/wp-content/uploads/2019/01/capsicum-california-wonder.jpg
000224.jpg,https://static.wixstatic.com/media/d45f52_8c50b067011e4dd1a6822241b485a4ed~mv2.jpg/v1/fill/w_480,h_720,al_c,q_85/d45f52_8c50b067011e4dd1a6822241b485a4ed~mv2.jpg
000225.jpg,https://hggourmet.com/wp-content/uploads/2018/03/Pepper-Cal-Wonder.jpeg
000226.jpg,https://st4.depositphotos.com/3147771/22016/i/1600/depositphotos_220163768-stock-photo-red-bell-pepper-capsicum-annuum.jpg
000227.jpg,https://pics.davesgarden.com/pics/2004/10/22/Emaewest/6508b9.jpg
000228.jpg,https://www.australianseed.com/persistent/catalogue_images/products/capsicum-golden-wonder.jpg
000229.jpg,https://sc02.alicdn.com/kf/HTB14t9XczrguuRjy0Feq6xcbFXan.jpg
000230.jpg,https://image.made-in-china.com/43f34j00hsWtljmanquM/California-Wonder-Sweet-Pepper-Capsicum-annuum-.jpg
000231.jpg,https://cf.shopee.ph/file/34d3a0cb103cfcc1de9332a00367cf85_tn
000232.jpg,https://i.pinimg.com/originals/e4/57/4f/e4574fc1a303a2ee15c58c9a2086c407.jpg
000233.jpg,https://mygreenhouse.ie/data/product/162/1california-wonder-sweet-pepper-jpg.jpg
000234.jpg,https://trademe.tmcdn.co.nz/photoserver/full/1112464059.jpg
000235.jpg,http://www.organicseed.co.za/44-170-thickbox/california-wonder-pepper.jpg
000236.jpg,https://www.seedforsecurity.com/images/photos/IMG_3286.JPG
000237.jpg,https://i.ytimg.com/vi/4iKNcDqVdKw/maxresdefault.jpg
000238.jpg,http://pepperworld.ma/site/pepperworld/wp-content/uploads/2019/02/21p-367x367.jpg
000239.jpg,https://www.southernstates.com/contentAsset/image/ae9c7be6-de13-4ad5-a68d-d1c488a2a0a2
000240.jpg,http://gullosgc.com/wp-content/uploads/2019/05/california-wonder-1.jpg
000241.jpg,https://cdn.shopify.com/s/files/1/0870/1178/products/GoldenCaliforniaWonder_1024x1024.jpg?v=1564080139
000242.jpg,https://2ecffd01e1ab3e9383f0-07db7b9624bbdf022e3b5395236d5cf8.ssl.cf4.rackcdn.com/Product-800x800/dc6caf9e-04fd-4fce-9e10-c2a303c779c7.jpg
000243.jpg,http://2.bp.blogspot.com/-4Rp-c3LVNfk/UWDm5kQ1gvI/AAAAAAAAAUU/W3gJbg1I2QA/s1600/7f3b6523-923e-482d-8242-79a09510e7e6_300.jpg
000244.jpg,http://www.zollinger.bio/system/attachments/attachment/file/1648/normal_2562_Peperoni_Golden_Wonder__19_.jpg
000245.jpg,https://www.azuredandelion.com/images/californiawonderwm.jpg
000246.jpg,https://www.sweetvalleyherbs.ca/wp-content/uploads/pepper-california-wonder.jpg
000247.jpg,https://www.chhajedgarden.com/media/catalog/product/cache/1/image/600x770/9df78eab33525d08d6e5fb8d27136e95/d/v/dvip5821.jpg
000248.jpg,https://cityfarmerusa.com/wp-content/uploads/2017/05/871-ORG-Pepper-California-Wonder-web.jpg
000249.jpg,https://www.willhiteseed.com/prodimages/144.jpg
000250.jpg,https://rukminim1.flixcart.com/image/352/352/jzu60sw0/plant-seed/y/z/2/100-cap-100p-mashki-original-imafjrnz3vpyk9cd.jpeg?q=70
000251.jpg,https://c8.alamy.com/comp/F16TX0/capsicum-annum-pepper-sweet-california-wonder-growing-on-the-plant-F16TX0.jpg
000252.jpg,https://sep.yimg.com/ca/I/yhst-74381645246355_2265_80317437
000253.jpg,http://abtingostar.com/wp-content/uploads/2017/12/california-wonder-400x450.png
000254.jpg,https://www.swallowtailgardenseeds.com/gardens/vegetables/pepper-bell-california-wonder.jpg
000255.jpg,https://whiteharvestseed.com/media/catalog/product/cache/1/image/500x500/17f82f742ffe127f42dca9de82fb58b1/c/a/californiawonder1_1.jpg
000256.jpg,https://img-5.fruugo.com/product/9/08/81038089_max.jpg
000257.jpg,https://www.seedforsecurity.com/images/photos/IMG_3376.JPG
000258.jpg,http://images.shoutwiki.com/gardener/thumb/f/f8/Sweet_pepper_California_wonder.jpg/250px-Sweet_pepper_California_wonder.jpg
000259.jpg,https://intermaquinas.online/wp-content/uploads/2018/05/Semillas-Pimiento-California-Wonder-600x600.png
000260.jpg,https://www.picclickimg.com/00/s/NTAwWDU2OQ==/z/QfMAAOSwFnFV~FeR/$/150-Heirloom-Golden-California-Wonder-Sweet-Bell-Pepper-_1.jpg
000261.jpg,https://www.alsipnursery.com/wp-content/uploads/2018/08/1410708-01.jpg
000262.jpg,http://homesmartideas.co/wp-content/uploads/2019/05/california-wonder-pepper-plants-two-diseased-green-bell-peppers-growing-on-a-plant-with-green-leaves-and-thick-green-stems-california-reaper-pepper-plants-golden-california-wonder-pepper-seeds.jpg
000263.jpg,https://mobileimages.lowes.com/product/converted/011192/011192458395.jpg?size=xl
000264.jpg,https://www.petittigardencenter.com/plantfiles/103769.jpg
000265.jpg,https://pics.davesgarden.com/pics/2007/08/02/Big_Red/322f62.jpg
000266.jpg,https://www.ingegnoli.it/media/catalog/product/cache/2/image/1000x1000/e9c3970ab036de70892d86c6d221abfe/2/5/250-peperone-california-wonder.jpg
000267.jpg,https://c.shld.net/rpx/i/s/pi/mp/10160405/prod_8774237632?src=http%3A%2F%2Fd8images.com%2Fimages%2Flawn_garden%2FNDAB00771RUS0.jpg&d=2a0b9ed49005b6efd23e10e671445c016ac3b3f9&?hei=64&wid=64&qlt=50
000268.jpg,https://st4.depositphotos.com/3147771/21991/i/1600/depositphotos_219917546-stock-photo-red-bell-pepper-capsicum-annuum.jpg
000269.jpg,https://www.edenseeds.com.au/flux-content/eden/graphics/products/seeds/-popup/V_Capsicum_CalifornianWonder3.jpg
000270.jpg,http://pepperworld.ma/site/pepperworld/wp-content/uploads/2019/02/25e-367x367.jpg
000271.jpg,https://theseedvault.co.za/images/source/Pepper_california_wonder_2_nice.jpg
000272.jpg,https://image.shutterstock.com/image-photo/red-pepper-sweet-california-wonder-450w-1043271265.jpg
000273.jpg,http://farmsolutionsafrica.com/wp-content/uploads/2019/03/Green-Pepper-600x384.jpg
000274.jpg,https://www.ilikeseeds.com/assets/full/VCapCW20.jpg?1504011767
000275.jpg,https://cdn.shopify.com/s/files/1/0089/1562/products/2017-04-27_1502487262814181426_600x600.jpg?v=1493914840
000276.jpg,https://www.edenbrothers.com/store/media/Seeds-Vegetables/resized/SVPEP155-2_medium.jpg
000277.jpg,https://www.starkeayres.co.za/product_images/SWEETPEPPERCALIFORNIAWONDER_zoom.jpg
000278.jpg,https://previews.123rf.com/images/maxsol7/maxsol71809/maxsol7180900010/109648291-golden-california-wonder-sweet-bell-pepper-capsicum-annuum-whole-pod-top-view.jpg
000279.jpg,http://heavensharvest.com/assets/_products/SEED-PEPPER_CW/56741735_m-zoom.jpg
000280.jpg,https://seedsforgenerations.com/wp-content/uploads/sites/2/2015/01/Heirloom-Pepper-California-Wonder1.jpg
000281.jpg,https://i.pinimg.com/originals/ec/8d/40/ec8d4021aa2bb2d9974115f6c1866679.jpg
000282.jpg,https://www.exports.ma/oc-content/uploads/1/401.jpg
000283.jpg,https://whiteharvestseed.com/media/catalog/product/cache/1/thumbnail/500x500/17f82f742ffe127f42dca9de82fb58b1/c/a/californiawonder2_1.jpg
000284.jpg,http://www.organicseed.co.za/44-172-thickbox/california-wonder-pepper.jpg
000285.jpg,https://images.bonanzastatic.com/afu/images/3226/0882/04/s-l1600.jpg
000286.jpg,https://images.prod.meredith.com/product/0167a83f19e57addbdf487820fe4a003/1539842940190/l/ferry-morse-pepper-california-wonder-heirloom-seeds
000287.jpg,https://www.picclickimg.com/d/l400/pict/143002390160_/ORGANIC-Sweet-Green-Pepper-Capsicum-annuum-California-Wonder.jpg
000288.jpg,https://growstore.salisburygreenhouse.com/wp-content/uploads/2017/02/139790f-1.jpg
000289.jpg,https://skagit-photos.macore.com/00272738.jpg
000290.jpg,https://cdn11.bigcommerce.com/s-qocgp9w/images/stencil/1280x1280/products/173/440/Colden_Ca._Wonder__51317.1518466380.jpg?c=2&imbypass=on
000291.jpg,https://www.victoryseeds.com/thumbnail.asp?file=assets/images/vegetables/pepper_golden-ca-wonder.jpg&maxx=450&maxy=450
000292.jpg,http://www.condorseed.com/wp-content/uploads/2013/06/California-Wonder-300-TMR-4-640x480.jpg
000293.jpg,https://garden.org/pics/2012-07-14/farmerdill/ae256e.jpg
000294.jpg,http://www.farmerphils.com/varieties/vegetables/pepper-california-wonder.jpg
000295.jpg,https://isteam.wsimg.com/ip/ed03018b-a3e3-11e4-ab0f-14feb5d39f6a/ols/92_original/:/rs=w:600,h:600
000296.jpg,https://s3.amazonaws.com/plants-map-prod/image/plant_pics/avatars/000/004/532/large/image_1025.jpg?1462451067
000297.jpg,https://images-na.ssl-images-amazon.com/images/I/51HFvbeSBpL._SS500_.jpg
000298.jpg,http://www.anythinggrows.com/image/data/PEPPER%20CALI%20SIGN.jpg
000299.jpg,https://i0.wp.com/awhaley.com/wp-content/uploads/2018/10/California-Wonder-Golden.jpg?fit=600%2C600&ssl=1
000300.jpg,http://lifeseedcompany.com/sites/default/files/Pepper%20-%20California%20Wonder.jpg
000301.jpg,https://envato-shoebox-0.imgix.net/5c20/e19f-b4ed-45e1-ae93-2d1bcf8c8eea/CalWonder+Golden-6-Edit+copy.jpg?auto=compress%2Cformat&fit=max&mark=https%3A%2F%2Felements-assets.envato.com%2Fstatic%2Fwatermark2.png&markalign=center%2Cmiddle&markalpha=18&w=700&s=a5be47024388cb2905a53afc9782ea2f
000302.jpg,https://www.hummert.com/product/image/medium/72245900_1.jpg
000303.jpg,https://i.etsystatic.com/8785676/r/il/dc82a5/541506536/il_794xN.541506536_a5ks.jpg
000304.jpg,https://cdn.shopify.com/s/files/1/2648/6822/products/2018_pepper_california-wonder_240x.jpg?v=1515421586
000305.jpg,http://2.bp.blogspot.com/-GPKARb40dO8/UWDm6KwYbkI/AAAAAAAAAUY/8NJLsqQHbEE/s400/950-California+Wonder.jpg
000306.jpg,https://irisheyesgardenseeds.com/wp-content/uploads/product_images/product-5376-1559415796-PP120P-300x400.jpg
000307.jpg,https://i0.wp.com/www.seed-bank.ca/wp-content/uploads/thai-chili-pepper-1.gif?fit=324%2C324&ssl=1
000308.jpg,https://www.rareseeds.com/assets/1/14/DimRegular/Pepper-Sweet-Golden-Cal-Wonder-LSS-334.jpg
000309.jpg,https://img3.stockfresh.com/files/m/maxsol7/m/10/9562818_stock-photo-golden-california-wonder-bell-pepper-top.jpg
000310.jpg,http://www.yankeegardener.com/seeds/pepper-califwndr-lg.jpg
000311.jpg,https://i0.wp.com/hopemtnnurseries.com/wp-content/uploads/2016/01/Pepper-Golden-California-wonderjpeg.jpeg?fit=298%2C300&ssl=1
000312.jpg,https://i2.wp.com/stutzmans.com/catalog/wp-content/uploads/2015/03/golden-california.gif?fit=500%2C500
000313.jpg,https://thumbs.dreamstime.com/b/red-bell-pepper-capsicum-annuum-fruit-whole-pod-slices-california-wonder-variety-red-bell-pepper-whole-slices-c-annuum-128920787.jpg
000314.jpg,https://irisheyesgardenseeds.com/wp-content/uploads/product_images/product-1517-1559415799-PP140P-300x400.jpg
000315.jpg,https://www.gardeningforall.co.uk/GetImage.aspx?imageid=1581&size=large
000316.jpg,https://c8.alamy.com/comp/F16TX6/capsicum-annum-pepper-sweet-california-wonder-growing-on-the-plant-F16TX6.jpg
000317.jpg,https://previews.123rf.com/images/mex99/mex991710/mex99171000065/90855184-manganji-togarashi-pepper-vegetable-green-chili-pepper-vegitable-california-wonder-pepper-kyoto-pref.jpg
000318.jpg,https://cdn.shopify.com/s/files/1/0089/1562/products/2018-05-05_23.20.54_1773019813645684103_374699122_600x600.jpg?v=1534255677
000319.jpg,https://www.picclickimg.com/d/l400/pict/283183555531_/150-Heirloom-Golden-California-Wonder-Sweet-Bell-Pepper.jpg
000320.jpg,https://www.grow-it-organically.com/images/pepper-varieties-sweet-california-wonder1-seedsnow-shut-l.jpg
000321.jpg,https://www.jeperduelandscaping.com/wp-content/uploads/2016/05/Pepper-California-Wonder.jpg
000322.jpg,http://pepperworld.ma/site/pepperworld/wp-content/uploads/2019/02/23e-367x367.jpg
000323.jpg,https://isteam.wsimg.com/ip/93215623-f970-4c5a-815b-6d0d1d671e81/ols/198_original/:/rs=w:600,h:600
000324.jpg,https://cf.shopee.co.id/file/0ae1e269001a2063c7fa9bcba94bd44a_tn
000325.jpg,https://candidegardening.com/img/81276e5f-e08d-4adc-a737-df47376fa554/cropped/648x520
000326.jpg,https://images.bonanzastatic.com/afu/images/52b6/6544/768f_4679397678/334.jpg
000327.jpg,https://rukminim1.flixcart.com/image/832/832/jlqwpe80/plant-seed/h/k/u/30-capsicum-trothic-original-imaf8nkjvzcbndjn.jpeg?q=70
000328.jpg,https://www.bigjims.co.nz/media/catalog/product/cache/1/image/9df78eab33525d08d6e5fb8d27136e95/p/r/product_14153_20171026_122215.jpg
000329.jpg,https://i.pinimg.com/originals/b6/b2/5c/b6b25cbcccffbad40a36e78f4d3429a4.jpg
000330.jpg,https://countrygardener.ca/wp-content/uploads/2018/01/Pepper-Giant-Marconi.jpeg
000331.jpg,https://images.prod.meredith.com/product/83fdb0bb2f9fe5e1e7f1cf3c81462c7d/1552281429259/l/pepper-sweet-california-wonder-organic-1-pkt-300-seeds
000332.jpg,https://www.hillcrestnursery.com/_ccLib/image/plants/DETA-7531.jpg
000333.jpg,https://thumbs.dreamstime.com/b/golden-california-wonder-sweet-bell-pepper-capsicum-annuum-whole-pod-top-view-golden-california-wonder-bell-pepper-top-126381814.jpg
000334.jpg,http://2.bp.blogspot.com/-6YKuJYBGdno/UVDW_yGHdgI/AAAAAAAADIo/SVvV22daNnE/s1600/DSC05417.JPG
000335.jpg,https://www.edenbrothers.com/store/media/Seeds-Vegetables/resized/SVPEP168-1_medium.jpg
000336.jpg,https://i2.wp.com/ww.seed-bank.ca/wp-content/uploads/red-caribbean-pepper.gif?fit=324%2C324&ssl=1
000337.jpg,https://pics.davesgarden.com/pics/2004/09/10/Big_Red/388976.jpg
000338.jpg,http://abtingostar.com/wp-content/uploads/2017/08/DSC03416-870x370.jpg
000339.jpg,https://pbs.twimg.com/media/DLAA6YgW0AANLLH.jpg
000340.jpg,https://www.burpee.com/dw/image/v2/ABAQ_PRD/on/demandware.static/-/Sites-masterCatalog_Burpee/default/dw30fe1974/Images/Product%20Images/prod002796/prod002796_alt3.jpg?sw=320&sh=378&sm=fit
000341.jpg,https://www.rocalba.es/6035-tm_home_default/pimiento-california-wonder.jpg
000342.jpg,https://www.gapphotos.com/images/LargeWebPreview/0899/0899984.jpg
000343.jpg,http://www.myseedz.com/img/p/1/6/4/3/1643-large_default.jpg
000344.jpg,https://image.shutterstock.com/image-photo/golden-california-wonder-sweet-bell-600w-1183435009.jpg
000345.jpg,https://cdn.shopify.com/s/files/1/1022/5071/products/california-wonder-red-bell-peppers-seeds-capsicum-annuum-heirloom-and-or-op-open-pollinated-and-organically-grown-5_1024x1024.jpg?v=1565027507
000346.jpg,https://isteam.wsimg.com/ip/ed03018b-a3e3-11e4-ab0f-14feb5d39f6a/ols/235_original/:/rs=w:600,h:600
000347.jpg,https://www.blueeggfarmllc.com/v2testing/wp-content/uploads/kiss-peppers-california-wonder-peppers-sages-on-farmers-market-table-0692-9.21-1024x616.jpg
000348.jpg,https://st4.depositphotos.com/3147771/22024/i/1600/depositphotos_220246492-stock-photo-red-bell-pepper-capsicum-annuum.jpg
000349.jpg,https://mobileimages.lowes.com/product/converted/748404/748404052002.jpg?size=xl
000350.jpg,https://d2lnr5mha7bycj.cloudfront.net/product-image/file/large_2a66418c-f507-4afd-94ec-8de8dc40ed0f.jpg
000351.jpg,https://pics.davesgarden.com/pics/2009/10/15/LilyLover_UT/b894c0.jpg
000352.jpg,https://i.pinimg.com/originals/68/98/1c/68981c4ed13aa19c85ce205d4263fdb9.jpg
000353.jpg,https://cdn.shopify.com/s/files/1/0089/1562/products/2015-08-17_1439822490_600x600.jpg?v=1456976091
000354.jpg,https://cdn.shopify.com/s/files/1/1022/5071/products/california-wonder-red-bell-peppers-seeds-capsicum-annuum-heirloom-and-or-op-open-pollinated-and-organically-grown-4_1024x1024.jpg?v=1565027507
000355.jpg,https://www.ilikeseeds.com/assets/alt_1/VCapCW20.jpg?1504011826
000356.jpg,https://i.ytimg.com/vi/gxssmVt8NY8/hqdefault.jpg
000357.jpg,https://images.prod.meredith.com/product/7e58b0b8dbae74d8b03d3957159b4f2a/1531241544747/l/burpee-pepper-sweet-california-wonder-seed-packet
000358.jpg,http://pepperworld.ma/site/pepperworld/wp-content/uploads/2019/02/22e-367x367.jpg
000359.jpg,http://4.bp.blogspot.com/-cZmtyQxJWsU/UYBuKc57q6I/AAAAAAAADNQ/ipg8FWJ_peE/s1600/DSC05470.JPG
000360.jpg,https://www.picclickimg.com/d/l400/pict/322387774694_/ORGANIC-HEIRLOOM-California-Wonder-Pepper-125-SEEDS-2018-2019.jpg
000361.jpg,https://pics.davesgarden.com/pics/2004/08/10/Big_Red/d036be.jpg
000362.jpg,https://www.rareseeds.com/assets/1/14/DimRegular/Golden-California-Wonder-Pepper-.jpg
000363.jpg,https://st4.depositphotos.com/3147771/21425/i/1600/depositphotos_214254216-stock-photo-sweet-bell-pepper-halves-capsicum.jpg
000364.jpg,https://cf.shopee.ph/file/e4b8dc44fa406fa1f40055835b81b9d1
000365.jpg,https://www.bulkherbsandspice.com/wp-content/uploads/Golden-Calwonder-Bell-Pepper-482x362-1.jpg
000366.jpg,https://static.growseed.co.uk/166-large_default/golden-california-wonder.jpg
000367.jpg,http://3.bp.blogspot.com/-iDaBBo1lleQ/TWFcVbPCyFI/AAAAAAAAAlU/kSpYYJJAONo/s1600/Pepper+California+Wonder+5_blog.JPG
000368.jpg,https://c8.alamy.com/comp/MCHMTN/early-giant-pepper-california-wonder-pepper-711-deservedly-popular-in-all-parts-of-the-country-the-plants-are-sturdy-and-upright-bearing-six-seven-or-eight-smooth-blocky-fruits-which-mostly-reach-immense-size-measuring-4j-inches-in-length-by-4-inches-in-diameter-the-outstand-ing-feature-of-the-fruit-however-is-the-remarkable-thick-ness-of-their-sweet-crisp-fleshy-walls-making-them-un-equalled-for-stuffing-or-for-salads-etc-they-will-keep-for-a-long-period-after-picking-too-and-we-are-sure-that-cali-fornia-wonder-will-win-the-approval-of-all-who-see-it-pkt-15-cts-oz-MCHMTN.jpg
000369.jpg,https://pics.davesgarden.com/pics/2004/07/16/Big_Red/ed2470.jpg
000370.jpg,https://cf.shopee.ph/file/cc37d2304615250ddfa1847aa0c45725_tn
000371.jpg,https://static.onecms.io/wp-content/uploads/sites/37/2016/02/01000158/MWL408497.jpg.rendition.largest.jpg
000372.jpg,https://pics.davesgarden.com/pics/2007/07/08/Big_Red/81ce4f.jpg
000373.jpg,http://www.wildroseheritageseed.com/uploads/4/2/2/4/42241473/s145558776392258095_p40_i35_w640.jpeg
000374.jpg,http://www.rockmeadowfarm.net/img/large/vegetables/pep-cawonder.jpg
000375.jpg,http://www.organicseed.co.za/44-170-large/california-wonder-pepper.jpg
000376.jpg,http://cdn.shopify.com/s/files/1/0562/4205/products/california.jpg
000377.jpg,https://www.rareseeds.com/assets/1/14/DimRegular/Pepper-Sweet-California-Wonder-IMG_5315.jpg
000378.jpg,https://1rxbfb2hflyo2jt6jd3f6sjr-wpengine.netdna-ssl.com/wp-content/uploads/2014/11/PP620-4.jpg
000379.jpg,https://www.americanseedco.com/wp-content/uploads/2013/06/Peppers-Gold-Cal-Wonder.jpg
000380.jpg,http://1.bp.blogspot.com/-_JrXw5YgfMw/UCwF8Ov2kbI/AAAAAAAAAmI/eWEGTFEsIMQ/s1600/IMG_5251.jpg
000381.jpg,http://i.ebayimg.com/images/i/151356652665-0-1/s-l1000.jpg
000382.jpg,https://cdn.shopify.com/s/files/1/2918/4630/products/image_2_480d8b34-2ccb-4dbe-89ea-c392d6e7bbc6_1200x1200.jpg
000383.jpg,http://www.rareseeds.com/assets/1/14/DimLarge/California-Wonder-web.jpg
000384.jpg,https://1rxbfb2hflyo2jt6jd3f6sjr-wpengine.netdna-ssl.com/wp-content/uploads/2014/11/PP620-2.jpg
000385.jpg,https://d1nw62gticy6e9.cloudfront.net/uploads/California-Wonder-Bell-Peppers.jpg
000386.jpg,https://images.homedepot-static.com/productImages/bce2b202-7537-42ed-b07f-e8666035bf50/svn/burpee-organic-vegetable-seeds-60520-64_1000.jpg
000387.jpg,http://growincrazyacres.com/wp-content/uploads/2014/06/California-Wonder-Bell-Pepper.jpg
000388.jpg,http://www.organicseed.co.za/44-170-thickbox/california-wonder-pepper.jpg
000389.jpg,https://nanasbloomers.com/wp-content/uploads/2017/10/Veg-Pep-Sw-_Golden_Cali_Wonder_Bigstock_1024x1024.jpg
000390.jpg,https://cdn.shopify.com/s/files/1/0972/6282/products/california-wonder-pepper-75-days-vegetables-pinetree-garden-seeds_422_600x.jpg
000391.jpg,https://cdn.shopify.com/s/files/1/1063/1756/products/California_Wonder_Pepper_1024x1024.jpg
000392.jpg,https://www.grow-it-organically.com/images/pepper-varieties-sweet-california-wonder1-seedsnow-shut-l.jpg
000393.jpg,http://c0380802.cdn2.cloudfiles.rackspacecloud.com/476-California-Wonder-Bell-Pepper.jpg
000394.jpg,https://cdn.shopify.com/s/files/1/0679/7171/products/Pepper_California_Wonder_large.jpg
000395.jpg,http://www.condorseed.com/wp-content/uploads/2013/06/California-Wonder-300-TMR-3-640x480.jpg
000396.jpg,https://www.rocketgardens.co.uk/wp-content/uploads/2016/02/California-sweet-pepper.jpg
000397.jpg,https://cdn.shopify.com/s/files/1/2918/4630/products/image_3_33816a9a-d880-4262-acf8-4bcb34abd816_1024x1024@2x.jpg
000398.jpg,https://1rxbfb2hflyo2jt6jd3f6sjr-wpengine.netdna-ssl.com/wp-content/uploads/2014/11/PP620-3.jpg
000399.jpg,https://stclareseeds-ae5b.kxcdn.com/garden-help/wp-content/uploads/2016/07/Pepper-Sweet-California-Wonder-6.jpg
000400.jpg,http://www.seedcatalog.com/wp-content/uploads/2016/02/californiawonderpepper.jpg
000401.jpg,https://stclareseeds-ae5b.kxcdn.com/garden-help/wp-content/uploads/2016/07/Pepper-Sweet-California-Wonder-Credit-Robert-Duval-1.jpg
000402.jpg,https://i.ytimg.com/vi/HKp5lGYVz30/hqdefault.jpg
000403.jpg,https://cdn.shopify.com/s/files/1/1420/8798/products/pepper-sweet-california-wonder-300-tmr-capsicum-annuum-seeds-amkha-seed_803_1200x1200.jpg
000404.jpg,http://www.edenbrothers.com/store/media/Seeds-Vegetables/ss_size2/SVPEP122-1.jpg
000405.jpg,http://i.ebayimg.com/images/i/300716646464-0-1/s-l1000.jpg
000406.jpg,http://www.theagproject.org/wp-content/uploads/2013/04/California-Wonder-Sweet-Pepper-Seeds.jpg
000407.jpg,https://cdn.shopify.com/s/files/1/2918/4630/products/image_1_7e444f6d-f749-4e89-adb8-9063a9e18554_1024x1024@2x.jpg
000408.jpg,http://d1nw62gticy6e9.cloudfront.net/uploads/California-Wonder-Pepper-Seed.jpg
000409.jpg,https://cdn7.bigcommerce.com/s-a9b4a/images/stencil/1280x1280/products/1273/2825/golden_CA_wonder_1__54363.1480283311.jpg
000410.jpg,http://img.21food.com/20110609/product/1306517518385.jpg
000411.jpg,https://cdn.webshopapp.com/shops/60827/files/91541549/california-wonder.jpg
000412.jpg,https://www.gourmetseed.com/image/cache/catalog/products/isat/pepper_yolo_wonder-1024x1024.jpg
000413.jpg,http://lilianasgarden.com/wp-content/uploads/2016/07/cal-wonder.jpg
000414.jpg,https://www.gardeners.com/dw/image/v2/AABF_PRD/on/demandware.static/-/Sites-GSC_Products/default/dw1bde7a7f/Products/8594084_9244_california-wonder-sweet-pepper-organic-seeds-high-mowing.jpg
000415.jpg,http://garden.org/pics/2016-06-15/robynanne/d36687.jpg
000416.jpg,https://static.webshopapp.com/shops/060827/files/156624812/golden-california-wonder.jpg
000417.jpg,https://static.webshopapp.com/shops/060827/files/156624809/golden-california-wonder.jpg
000418.jpg,https://s-media-cache-ak0.pinimg.com/736x/bd/a4/66/bda4663c5f1fc6f60ee9e4d1156b54dd.jpg
000419.jpg,https://images.homedepot-static.com/productImages/f8af0c9d-ab1f-49b9-9640-4589d4411af8/svn/burpee-organic-vegetable-herb-seeds-52863-64_1000.jpg
000420.jpg,https://www.sweetvalleyherbs.ca/wp-content/uploads/pepper-golden-california-wonder.jpg
000421.jpg,http://cdn.shopify.com/s/files/1/1420/8798/products/pepper-sweet-golden-california-wonder-capsicum-annuum-seeds-amkha-seed_994_1200x1200.jpg
000422.jpg,https://cdn.shopify.com/s/files/1/0089/1562/products/seinemutti_cayenne_pepper_black_beauty_zuke_beets_yolo_orange_and_sunbright_yellow_peppers_kale_58bdfbd2-cc8f-4356-b4ba-f5dc45d49483_1024x1024.jpg
000423.jpg,https://cdn.shopify.com/s/files/1/2954/2248/products/Organic-Pepper-California-Wonder-Vegetable-Ferry-Morse_1024x.jpg
000424.jpg,http://cdn.shopify.com/s/files/1/0089/1562/products/2017-04-27_1502487262814181426_1024x1024.jpg
000425.jpg,https://gailofgreenliving.files.wordpress.com/2012/03/dscf1679.jpg
000426.jpg,https://cdn.shopify.com/s/files/1/0562/4205/products/fronts_Page_038_grande.jpg
000427.jpg,https://pandiaseeds.com/wp-content/uploads/2017/01/California_Wonder-1024x1011.jpg
000428.jpg,http://mobileimages.lowes.com/product/converted/011192/011192406815.jpg
000429.jpg,http://boulderhg.com/wp-content/uploads/2014/08/pepper-harvest.jpg
000430.jpg,http://cdn.shopify.com/s/files/1/0089/1562/products/Pepper_-_California_Wonder_seeds_now_2_1024x1024.jpg
000431.jpg,https://cdn.shopify.com/s/files/1/0089/1562/products/2016-12-16_1406695352811380377_1024x1024.jpg
000432.jpg,http://cdn.shopify.com/s/files/1/0089/1562/products/Pepper_-_California_Wonder_pepper_seeds_1024x1024.jpg
000433.jpg,https://cdn.shopify.com/s/files/1/0089/1562/products/2014-11-30_1417307814_2407f61f-5dbf-449b-a267-de62a2d6f137_1024x1024.jpg
000434.jpg,https://cdn.shopify.com/s/files/1/0972/6282/products/california-wonder-pepper-75-days-vegetables-pinetree-garden-seeds_176_600x.jpg
000435.jpg,http://lenoyau.com/wp-content/uploads/2017/01/California-Golden-Pepper-SEND-1.jpg
000436.jpg,https://c8.alamy.com/comp/F16WCT/capsicum-annum-pepper-sweet-california-wonder-growing-on-the-plant-F16WCT.jpg
000437.jpg,https://unfetteredfox.files.wordpress.com/2014/07/pepperharvest_7-3.jpg
000438.jpg,https://c8.alamy.com/comp/F16TX6/capsicum-annum-pepper-sweet-california-wonder-growing-on-the-plant-F16TX6.jpg
000439.jpg,https://img.thrivemarket.com/store/1200x/0/5/051178008718-1.jpg
000440.jpg,https://s-media-cache-ak0.pinimg.com/736x/41/d3/91/41d391e7427184a9eff09a5ebd503e43.jpg
000441.jpg,https://www.picclickimg.com/d/l400/pict/131877944309_/California-Wonder-Yellow-Pepper-25-Seeds-Containers-Heirloom.jpg
000442.jpg,https://c8.alamy.com/comp/F16TX0/capsicum-annum-pepper-sweet-california-wonder-growing-on-the-plant-F16TX0.jpg
000443.jpg,https://cdn.shopify.com/s/files/1/0089/1562/products/Pepper_-_California_Wonder_seeds_now_1_1024x1024.jpg
000444.jpg,https://promogarden.com/media/catalog/product/cache/1/image/9df78eab33525d08d6e5fb8d27136e95/p/e/pepper_california_wonder__1.jpg
000445.jpg,https://c8.alamy.com/comp/PJE6C2/green-sweet-pepper-plants-growing-in-a-greenhouse-england-uk-united-kingdom-gb-great-britain-PJE6C2.jpg
000446.jpg,https://c8.alamy.com/comp/PW71X7/red-bell-pepper-capsicum-annuum-fruit-whole-pod-california-wonder-variety-PW71X7.jpg
000447.jpg,http://demandware.edgesuite.net/sits_pod32/dw/image/v2/AABF_PRD/on/demandware.static/-/Sites-GSC_Products/default/dw1bde7a7f/Products/8594084_9244_california-wonder-sweet-pepper-organic-seeds-high-mowing.jpg
000448.jpg,https://c8.alamy.com/comp/JCTMEC/macro-closeup-of-metal-pot-filled-with-maki-sushi-with-avocado-carrots-JCTMEC.jpg
000449.jpg,https://www.gardeners.com/dw/image/v2/AABF_PRD/on/demandware.static/-/Sites-GSC_Products/default/dw75bf408d/Products/8594086_9248_french-breakfast-radish-organic-seeds-high-mowing.jpg
000450.jpg,http://photo.oempromo.com/Prod_692/Organic-Pepper---California-Wonder-Seed-Packets--2-Color-_74607655.jpg
000451.jpg,https://www.gardeners.com/dw/image/v2/AABF_PRD/on/demandware.static/-/Sites-GSC_Products/default/dwe1dea10c/Products/8596100_002E_german-johnson-tomato-organic-seeds.jpg
000452.jpg,https://brenhaas.com/wp-content/uploads/2016/07/thumbnail_Fig.jpg
000453.jpg,https://static-pepper.dealabs.com/comments/content/Y7lZW/26287031.jpg
000454.jpg,https://i.kinja-img.com/gawker-media/image/upload/c_fill,f_auto,fl_progressive,g_center,h_675,pg_1,q_80,w_1200/v4ihz1tgsrotsnim9ikr.jpg
000455.jpg,https://i.kinja-img.com/gawker-media/image/upload/c_fill,f_auto,fl_progressive,g_center,h_675,pg_1,q_80,w_1200/miwjg6wwvbfjdtbmaqnj.jpg
000456.jpg,http://www.promo-wholesale.com/Upfiles/Prod_q/3-1-4-x4-1-2--Organic-Pepper---California-Wonder---Seed-Packets--2-Color-_20090820469.jpg
