image,source
000001.jpg,https://www.cayennediane.com/wp-content/uploads/Caribbean-Red-Habanero.jpg
000002.jpg,https://cdn1.bigcommerce.com/server700/5mvrqhbm/products/1014/images/149990/caribbean_habanero_pepper_350__41288.1522257927.451.395.jpg?c=2
000003.jpg,https://www.fataliiseeds.net/wp-content/uploads/fromoldsite/carib_red_hab_mature-800x800.jpg
000004.jpg,https://www.magicgardenseeds.com/pics/mgs/CAP12/1000/Caribbean-Red-Habanero-pepper-(Capsicum-chinense).jpg
000005.jpg,https://www.pepperseeds.eu/pub/media/catalog/product/cache/b56a9049443cfaeedfe24666b14227c1/c/a/caribbean_red.jpg
000006.jpg,http://www.seedgeeks.com/store/image/cache/data/product/vegetables/peppers/sweet/pepper.habanero.red2-500x500_0.jpg
000007.jpg,https://cdn11.bigcommerce.com/s-f6cx4kq/images/stencil/1280x1280/products/106/1110/caribbean_red_habanero_pepper_2__94052.1549144379.jpg?c=2&imbypass=on
000008.jpg,https://i.ebayimg.com/images/g/-XcAAOSwfdNbs3a6/s-l640.jpg
000009.jpg,https://cdn11.bigcommerce.com/s-tevsl/images/stencil/1280x1280/products/870/1871/5461_Habanero_Carribean_Red_1__70079.1435853151.jpg?c=2&imbypass=on
000010.jpg,https://www.chili-shop24.com/media/image/90/8c/78/102173_01_600x600.jpg
000011.jpg,https://www.kitchengardenseeds.com/media/catalog/product/cache/1/image/0dc2d03fe217f8c83829496872af24a0/3/6/3630_a.jpg
000012.jpg,https://cdn.shopify.com/s/files/1/2016/2681/products/pepper-hot-habanero-red-seeds-wm_700.jpg?v=1562973097
000013.jpg,https://www.directgardening.com/226-thickbox_default/caribbean-red-habanero-pepper.jpg
000014.jpg,https://www.rareseeds.com/assets/1/14/DimRegular/Pepper_Caribbean_Red_Habanero_IMG_6865.JPG
000015.jpg,https://images-na.ssl-images-amazon.com/images/I/61qj6DLwRaL._SX425_.jpg
000016.jpg,https://pepperheadsforlife.com/wp-content/uploads/2014/09/Caribbean-Red-Habanero.jpg
000017.jpg,https://previews.123rf.com/images/gasparij/gasparij1610/gasparij161000115/66485532-fresh-ripe-caribbean-red-habanero-hot-chili-pepper-with-green-stem-isolated-on-white-.jpg
000018.jpg,http://cdn.shopify.com/s/files/1/1523/7044/products/CaribbeanRedHabanero_1024x1024.jpg?v=1475900322
000019.jpg,https://static.artfire.com/uploads/mfs/items/47/b1/large/47b1eb2f83c738c2ecdac5cc27c0919c26bb0f9cec8d68c621cf370ce8008eff.jpg
000020.jpg,https://pepperhead.com/wp-content/uploads/2012/10/Red-Savina-1-e1530039762484.jpg
000021.jpg,https://cdn.shopify.com/s/files/1/0871/0950/products/redhabaneropepper_1024x1024.jpg?v=1548196254
000022.jpg,https://cdn.shopify.com/s/files/1/0915/1060/products/Caribbean-chili-habanero-blend-hot-pepper-pepper-joes.jpg?v=1457471166
000023.jpg,https://i.etsystatic.com/10162345/r/il/061636/719812123/il_794xN.719812123_mg3l.jpg
000024.jpg,http://www.sativa.it/upload/prodotti/img/219-habanero-red.jpg
000025.jpg,https://professionale.saissementi.it/wp-content/uploads/sites/2/2014/08/2422-red.jpg
000026.jpg,https://previews.123rf.com/images/gasparij/gasparij1610/gasparij161000077/66401592-fresh-ripe-caribbean-red-habanero-hot-chili-pepper-with-green-stem-isolated-on-white-.jpg
000027.jpg,https://neveldfel.cdn.shoprenter.hu/custom/neveldfel/image/cache/w550h550wt1/STOCK%20k%C3%A9pek/habaernocaribbean.jpg?lastmod=1539531482.1482238000
000028.jpg,http://rahiseedbank.com/wp-content/uploads/2014/07/c35-200x200.jpg
000029.jpg,https://cdn.shortpixel.ai/client/q_glossy,ret_img,w_567/http://pali2razy.pl/wp-content/uploads/2018/09/caribbean_red_3.png
000030.jpg,https://images-na.ssl-images-amazon.com/images/I/41sq5AsLkoL._SX425_.jpg
000031.jpg,https://viridishortus.co.uk/WebRoot/Store10/Shops/70aa2b8f-78d4-4174-8951-a251ae9a4f33/55BC/68C2/A0D9/204C/7135/0A48/3523/CA3F/Pepper_Hot_Habanero_Caribbean_Red_2.jpg
000032.jpg,https://cdn.shopify.com/s/files/1/0089/1562/products/page_6e1a1269-e8a9-41db-b9b8-e6f9614c69a7.jpg?v=1406607916
000033.jpg,https://cdn1.bigcommerce.com/server700/5mvrqhbm/products/2971/images/150512/antillais_caribbean_pepper_n__50653.1522258026.1280.1280.jpg?c=2
000034.jpg,http://www.herbgarden.co.za/mountainherb/webherbfotos/big_ChilliHabaneroCaribbeanRed.jpg
000035.jpg,https://www.victoriananursery.co.uk/images/800/sq_chilli_pepper_habanero_caribbean_red_001.jpg
000036.jpg,https://cdn11.bigcommerce.com/s-6t88ehx/images/stencil/1280x1280/products/627/1727/Carribbean_Red_Habanero__85741.1540048301.JPG?c=2&imbypass=on
000037.jpg,https://www.pepperscale.com/wp-content/uploads/2016/05/Caribbean-Red-Habanero-768x512.jpeg
000038.jpg,https://backyard-eden.com/wp-content/uploads/2018/05/Caribbean-red-habanero.png
000039.jpg,https://images.fineartamerica.com/images/artworkimages/mediumlarge/1/caribbean-red-habanero-pepper-scott-d-van-osdol.jpg
000040.jpg,https://thechillifactory.com/images/products/IMG_6730.jpg
000041.jpg,https://previews.123rf.com/images/gasparij/gasparij1609/gasparij160900094/65613477-fresh-ripe-caribbean-red-habanero-hot-chili-pepper-with-green-stem-isolated-on-white-.jpg
000042.jpg,https://jatcgreenhouse.org/wp-content/uploads/2019/04/Habanero-Red.jpg
000043.jpg,https://cdn.shopify.com/s/files/1/1122/4336/products/habenero_pepper_large.jpg?v=1454768620
000044.jpg,https://images-na.ssl-images-amazon.com/images/I/41ws-pjLcjL._SX425_.jpg
000045.jpg,https://thumbs.dreamstime.com/z/red-hot-chilli-pepper-habanero-red-caribbean-plant-red-hot-chilli-pepper-habanero-red-caribbean-plant-capsicum-chinense-132144798.jpg
000046.jpg,https://www.chili-shop24.com/media/image/fe/c6/3a/9185_HabaneroCaribbeanRed1_600x600.jpg
000047.jpg,https://www.superhotchiles.com/wp-content/uploads/2018/07/Antillais_Red_Caribbean_Habanero_5-600x400.jpg
000048.jpg,https://i1.wp.com/www.seed-bank.ca/wp-content/uploads/red-caribbean-pepper.gif?fit=500%2C500&ssl=1
000049.jpg,https://upload.wikimedia.org/wikipedia/commons/8/86/Habanero_closeup_edit2.jpg
000050.jpg,https://c8.alamy.com/comp/HMEC96/fresh-ripe-caribbean-red-habanero-hot-chili-pepper-with-green-stem-HMEC96.jpg
000051.jpg,https://img-aws.ehowcdn.com/350x235p/photos.demandstudios.com/getty/article/148/160/AA051037_XS.jpg
000052.jpg,https://d36tnp772eyphs.cloudfront.net/blogs/1/2014/05/Scotch-bonnet-peppers.jpg
000053.jpg,https://cdn.shopify.com/s/files/1/1022/5071/products/habanero-caribbean-red-hot-pepper-seeds-extremely-hot-over-40-times-hotter-than-jalapenos-1.jpg?v=1565028875
000054.jpg,http://i1033.photobucket.com/albums/a420/gregmoroz/peppers%202011/IMG_1711.jpg
000055.jpg,http://www.prestoimages.net/store30/rd6368/6368_pd1175811_1.jpg
000056.jpg,https://growincrazyacres.com/wp-content/uploads/2018/04/Caribbean-red-habanero.jpg
000057.jpg,https://cdn11.bigcommerce.com/s-f6cx4kq/images/stencil/1280x1280/products/149/503/red_savina_habanero_pepper_tyler_farms__93774.1434207680.jpg?c=2&imbypass=on
000058.jpg,https://pepperhead.com/wp-content/uploads/2018/07/habanero-feature-image2.jpg
000059.jpg,https://www.chilliseedbank.com.au/media/catalog/product/cache/image/720x560/4c3462793ba5f87d7658a49338bdb5e2/r/e/red_hab1_cropped.jpg
000060.jpg,https://www.chilipeppermadness.com/wp-content/uploads/2013/10/Carribean-Red-Peppers.jpg
000061.jpg,https://i.etsystatic.com/10162345/r/il/23130d/719812117/il_570xN.719812117_k1lu.jpg
000062.jpg,https://mojepomidory.pl/2587-large_default/papryka-caribbean-red-habanero.jpg
000063.jpg,https://previews.123rf.com/images/gasparij/gasparij1610/gasparij161000076/66492810-fresh-ripe-caribbean-red-habanero-hot-chili-pepper-with-green-stem-isolated-on-white-.jpg
000064.jpg,https://img-cdn.shopgate.com/12526/1/5df0e0be3f443a85697a6bdccb00d5cc32b501696c9e7527cd76ddae5219a1fa?w=640&h=640&zc=resize&fillc=FFFFFF
000065.jpg,http://curaherb.es/image/cache/products/antillais-caribbean-habanero-chilli-seeds-800x800.png
000066.jpg,https://static.wixstatic.com/media/9bc169_a991ebf4fd784aebb99c64d53b52cf31~mv2.jpg/v1/fill/w_624,h_462,al_c,lg_1,q_85/9bc169_a991ebf4fd784aebb99c64d53b52cf31~mv2.jpg
000067.jpg,http://www.michis-tomatensamen.de/WebRoot/Store18/Shops/61597262/4D44/6509/C6C0/6A05/D4D2/C0A8/28BE/030E/chilicaribbeanredst.jpg
000068.jpg,https://media.istockphoto.com/photos/fresh-ripe-caribbean-red-habanero-hot-chili-pepper-picture-id613521782
000069.jpg,https://cdn.shopify.com/s/files/1/1654/8555/products/133a_-_Habanero_Caribbean_Red_530x@2x.jpg?v=1543407845
000070.jpg,https://st.depositphotos.com/1687193/1351/i/950/depositphotos_13517906-stock-photo-isolated-caribbean-red-habanero-pepper.jpg
000071.jpg,https://image.shutterstock.com/image-photo/fresh-ripe-caribbean-red-habanero-450w-495961993.jpg
000072.jpg,https://cdn.shopify.com/s/files/1/1008/4432/products/Pepper_Habanero_3.jpg?v=1479872949
000073.jpg,https://cdn-pf.niceshops.com/upload/image/product/large/default/austrosaat-gourmet-edition-habanero-red-caribbean-1-pkg-585816-en.jpg
000074.jpg,https://kcdgarden.com/varieties/137/carribbean.JPG?width=730&height=500&mode=crop&format=jpg&quality=65
000075.jpg,https://www.chillihead.co.za/image/cache/data/westindiesred-500x500.jpg
000076.jpg,https://www.tozerseeds.com/wp-content/uploads/2017/02/Caribbean-Red-Habanero-square.jpg
000077.jpg,https://cdn.shopify.com/s/files/1/0196/8750/6020/products/5108H9mQkrL._UL1500_934x700.jpg?v=1550931683
000078.jpg,https://cdn1.bigcommerce.com/server700/5mvrqhbm/products/3993/images/144725/caribbean-habanero-mix__24641.1475553966.1280.1280.jpg?c=2
000079.jpg,https://as1.ftcdn.net/jpg/02/53/49/10/500_F_253491096_mXxu6vES6s2pmUMwbEZbGgdmnAGGDPip.jpg
000080.jpg,https://img.artpal.com/30262/85-19-6-27-15-34-58m.jpg
000081.jpg,https://thumbs.dreamstime.com/z/green-ripe-caribbean-red-habanero-peppers-growing-plant-110689515.jpg
000082.jpg,https://static1.bigstockphoto.com/9/6/2/large1500/269934943.jpg
000083.jpg,https://www.gardenhoard.com/media/catalog/product/cache/1/image/650x/040ec09b1e35df139433887a97daa66f/2/0/20180926_084020.jpg
000084.jpg,https://www.mopeppers.at/media/image/product/108/lg/habanero-red_3.jpg
000085.jpg,https://as1.ftcdn.net/jpg/01/21/78/84/1000_F_121788457_hPEHWcQqSeHZrb0vjy8eCVan4PnV9pVg.jpg
000086.jpg,https://static.wixstatic.com/media/d45f52_ab9bc76c33f4464b87403f0e772a5a30~mv2_d_4672_2628_s_4_2.jpg/v1/fill/w_640,h_360,al_c,q_85/d45f52_ab9bc76c33f4464b87403f0e772a5a30~mv2_d_4672_2628_s_4_2.webp
000087.jpg,https://www.impecta.se/bilder/artiklar/30241.jpg
000088.jpg,https://i.pinimg.com/originals/37/01/02/37010210b9984473b88677aac31fd320.jpg
000089.jpg,https://images-na.ssl-images-amazon.com/images/I/513RtcXmnvL._SX466_.jpg
000090.jpg,https://image.shutterstock.com/display_pic_with_logo/202037735/1335225713/stock-photo-close-up-of-ripe-caribbean-red-habanero-hot-chili-peppers-in-bowl-1335225713.jpg
000091.jpg,https://cdn.shopify.com/s/files/1/1654/8555/products/133b_-_Habanero_Caribbean_Red_530x@2x.jpeg?v=1543407845
000092.jpg,https://www.firedragonchillies.co.nz/wp-content/uploads/2014/11/IMG_0682-600x600.jpg
000093.jpg,https://www.southdevonchillifarm.co.uk/images/detailed/1/Fresh-Mixed-Habaneros.jpg
000094.jpg,https://static.wixstatic.com/media/d45f52_86481d578c0a4ba8ae831352a96cc1c1~mv2_d_4672_2628_s_4_2.jpg/v1/crop/x_548,y_0,w_3105,h_2628/fill/w_560,h_474,al_c,q_90/d45f52_86481d578c0a4ba8ae831352a96cc1c1~mv2_d_4672_2628_s_4_2.webp
000095.jpg,https://www.burpee.com/dw/image/v2/ABAQ_PRD/on/demandware.static/-/Sites-masterCatalog_Burpee/default/dwfda5dde1/Images/Product%20Images/prod000803/prod000803.jpg?sw=322&sh=380&sm=fit
000096.jpg,https://previews.123rf.com/images/gasparij/gasparij1609/gasparij160900118/65610522-fresh-ripe-caribbean-red-habanero-hot-chili-pepper-with-green-stem-isolated-on-white-.jpg
000097.jpg,https://www.gardentags.com/profile/irie-joe/images/543961/750/capsicum-chinensis-caribbean-red-habanero.jpeg
000098.jpg,https://cdn.shortpixel.ai/client/q_glossy,ret_img,w_567/http://pali2razy.pl/wp-content/uploads/2018/09/caribbean_red_5.png
000099.jpg,https://davesgarden.com/guides/pf/thumbnail.php?image=2007/05/29/causticmuse/7968e6.jpg&widht=700&height=312
000100.jpg,https://farm9.staticflickr.com/8192/8090240947_58c7106172_b.jpg
000101.jpg,https://static1.bigstockphoto.com/9/6/2/large1500/269935240.jpg
000102.jpg,https://c8.alamy.com/comp/WKFB8B/fresh-ripe-caribbean-red-habanero-hot-chili-pepper-with-green-stem-isolated-on-white-WKFB8B.jpg
000103.jpg,https://media.istockphoto.com/photos/fresh-ripe-caribbean-red-habanero-hot-chili-pepper-picture-id614861962
000104.jpg,https://www.superhotchiles.com/wp-content/uploads/2018/04/Red-Savina-Hot-Pepper-seeds.jpg
000105.jpg,https://cdn-pf.niceshops.com/upload/image/product/large/default/tropica-organic-antilles-red-habanero-10-seeds-510249-en.jpg
000106.jpg,https://sc01.alicdn.com/kf/UT84KTaXwNXXXcUQpbXa/Red-Caribbean-Habanero-Chili-Mash.png_350x350.png
000107.jpg,https://www.17milepostja.com/wp-content/uploads/2018/05/Pepper_hot_Habanero_caribbean_red_-_Capsicum_chinense_-_ss_-_rs_1200x.jpg
000108.jpg,https://i.etsystatic.com/6766152/r/il/f8155f/1131684690/il_570xN.1131684690_5y9n.jpg
000109.jpg,https://i.ytimg.com/vi/t3XI-_IDn54/hqdefault.jpg
000110.jpg,http://www.meadowridgeinc.com/_ccLib/image/plants/DETA-46209.jpg
000111.jpg,https://t3.ftcdn.net/jpg/02/34/65/18/500_F_234651842_tTez1qXu3F2qwem5A5ogE74BIW7HV6CF.jpg
000112.jpg,https://www.chili-shop24.com/media/image/e2/38/4e/9184_Habanero-Aji-Chombo_1280x1280.jpg
000113.jpg,https://d36tnp772eyphs.cloudfront.net/blogs/1/2014/05/Bhut-Jolokia-Red-Chili-Peppers-hanging-from-clippers.jpg
000114.jpg,https://www.chileplants.com/images/chiles/caribbean-red-pepper-plants.jpg
000115.jpg,https://www.gardentags.com/profile/irie-joe/images/538802/750/capsicum-chinensis-caribbean-red-habanero.jpeg
000116.jpg,http://i367.photobucket.com/albums/oo118/yanickadrian/Imagen030.jpg
000117.jpg,https://chilis.hu/shop_ordered/19763/pic/chili-lexikon/a-20-legerosebb-chili-paprika/Caribbean-Red-Habanero.jpg
000118.jpg,https://image.shutterstock.com/image-photo/caribbean-red-one-habanero-pepper-600w-783940183.jpg
000119.jpg,https://nomadicimagery.com/wp-content/uploads/Caribbean-Red-Hot-Chili-7709-900x600.jpg
000120.jpg,https://thumbs.dreamstime.com/z/caribbean-red-habanero-peppers-green-ripe-growing-plant-110689625.jpg
000121.jpg,https://5.allegroimg.com/s512/069e1c/5c812e804fe2872074f6d514d7c5/PAPRYKA-CARIBBEAN-RED-HABANERO
000122.jpg,https://laterreliving.files.wordpress.com/2013/10/img_6865.jpg
000123.jpg,https://yofreesamples.com/wp-content/uploads/2016/03/free-peppers.jpg
000124.jpg,https://i5.walmartimages.com/asr/7faeb736-0e14-4578-93da-d5420c7bfef2_1.b0bc8cfdaf2186a4bdd38f5b3e6eca72.jpeg?odnHeight=450&odnWidth=450&odnBg=FFFFFF
000125.jpg,http://robedebal.info/wp-content/uploads/2018/11/red-habanero-caribbean-red-habanero-scoville-units.jpg
000126.jpg,https://i.redd.it/ahu8mrwus7n11.jpg
000127.jpg,http://madhill.powweb.com/flavor/images/madhill_buy_carribred.jpg
000128.jpg,https://as1.ftcdn.net/jpg/01/21/78/84/500_F_121788447_BXM3Z14BkxNDkHXITzObHMTaDI8M4NW5.jpg
000129.jpg,https://cdn.shopify.com/s/files/1/1654/8555/products/133c_-_Habanero_Caribbean_Red_530x@2x.jpeg?v=1543407845
000130.jpg,https://i.pinimg.com/originals/08/2b/52/082b52b5c5774e094b9fae05a5741cae.jpg
000131.jpg,https://1.bp.blogspot.com/-rrgOedTaG-8/WkuJOswR1xI/AAAAAAAAEeI/O5hKrox1yME68KeZOx06ACavTF8scRsegCLcBGAs/s1600/Antillais%2BRed%2BCaribbean%2BHabanero%2Bpepper%2Breview%2Bchilli%2Binformation%2Bscoville.jpg
000132.jpg,http://chilifee.de/WebRoot/Store17/Shops/6785a7bf-b9bd-45fa-b711-164bd13875ab/56BD/B6BA/C23E/FD3B/442C/0A48/3549/52F7/20120920_111824.jpg
000133.jpg,https://www.kentchillifarm.co.uk/wp-content/uploads/2017/07/5caribbeanantillais.jpg
000134.jpg,https://img-aws.ehowcdn.com/350x235p/photos.demandstudios.com/getty/article/191/134/skd286740sdc_XS.jpg
000135.jpg,https://cdn.shopify.com/s/files/1/0021/1327/3913/products/caribbean_habanero-01_300x300.png?v=1544711286
000136.jpg,https://www.magicplantfarms.com/wp-content/uploads/2016/09/Scotch-Bonnet-400.jpg
000137.jpg,https://www.sandals.com/blog/content/images/2018/04/Scotch-Bonnet-Peppers-1--1---1-.jpg
000138.jpg,https://garden.org/pics/2012-01-21/DanCarmona/56ee1f-300.jpg
000139.jpg,https://previews.123rf.com/images/gasparij/gasparij1609/gasparij160900076/65541861-fresh-ripe-caribbean-red-habanero-hot-chili-pepper-with-green-stem-isolated-on-white-.jpg
000140.jpg,https://pcdn.columbian.com/wp-content/uploads/2015/12/1127_met_HOTPEPPERS191-1226x0-c-default.jpg
000141.jpg,https://www.magicplantfarms.com/wp-content/uploads/2016/09/Red-Habanero.jpg
000142.jpg,https://i.redd.it/fytumsgbqjf11.jpg
000143.jpg,https://www.chili-shop24.de/media/image/bf/f7/94/102216_01_600x600.jpg
000144.jpg,https://viridishortus.co.uk/WebRoot/Store10/Shops/70aa2b8f-78d4-4174-8951-a251ae9a4f33/56B5/8DE6/D6E3/9376/DB4D/0A48/3521/9228/Veg_Pack_11_Rev_2.jpg
000145.jpg,https://d36tnp772eyphs.cloudfront.net/blogs/1/2014/05/Orange-habanero-peppers.jpg
000146.jpg,https://c8.alamy.com/comp/RR9YHB/fresh-ripe-caribbean-red-habanero-hot-chili-pepper-with-green-stem-RR9YHB.jpg
000147.jpg,https://www.pepperworldhotshop.com/out/pictures/master/product/1/sj110_det.jpg
000148.jpg,https://chilipflanzen.com/wp-content/uploads/2015/12/chili-caribbean-red-1024x957.jpg
000149.jpg,https://www.ingegnoli.it/media/catalog/product/cache/2/image/1000x1000/e9c3970ab036de70892d86c6d221abfe/6/2/626-peperoncino-habanero-red.jpg
000150.jpg,https://images-eu.ssl-images-amazon.com/images/I/31mkdB3-znL.jpg
000151.jpg,https://cdn.shortpixel.ai/client/q_glossy,ret_img,w_567/http://pali2razy.pl/wp-content/uploads/2018/08/caribbeanred2.png
000152.jpg,https://images.stockfreeimages.com/2001/sfixl/20011584.jpg
000153.jpg,https://www.magicplantshop.com/images/watermarked/1/thumbnails/537/600/detailed/1/CARIBBEAN-RED-HABANERO.jpg
000154.jpg,https://img.mimibazar.sk/h/bs/4/170216/10/d21096032.jpg
000155.jpg,https://cdn.shopify.com/s/files/1/1008/4432/products/Pepper_Habanero_2.jpg?v=1479872948
000156.jpg,http://i.imgur.com/vazMpiEh.jpg
000157.jpg,https://www.tripsavvy.com/thmb/WBf0X3qZcgQCzg695-8BOW8J43M=/1024x613/filters:no_upscale():max_bytes(150000):strip_icc()/redhabanerosChrisBaranskiCC20-56a3928f3df78cf7727dffbb.jpg
000158.jpg,https://media.istockphoto.com/photos/fresh-habanero-chilli-isoated-on-white-picture-id923897726?k=6&m=923897726&s=612x612&w=0&h=W_n8Du4YnYjtgkvBFIsq2oCPTpA6lSwmsumDOaER2zk=
000159.jpg,https://cartloom.s3.amazonaws.com/worldofchillies/162297_ba89f50092ffaec7d35e294ffb180054_orig.jpg
000160.jpg,https://thumbs.dreamstime.com/z/caribbean-red-habanero-hot-chili-peppers-bowl-143457877.jpg
000161.jpg,https://www.pepperscale.com/wp-content/uploads/2014/04/scotch-bonnet-vs-habanero-768x512.jpg
000162.jpg,https://pics.davesgarden.com/pics/2010/08/21/WonderWeasel/ea501b.jpg
000163.jpg,https://www.picclickimg.com/d/l400/pict/183377908924_/Bhut-Jolokia-Ghost-Hot-Pepper-Garden-Seeds.jpg
000164.jpg,https://my-test-11.slatic.net/p/20-pcs-habanero-pepper-chilli-seeds-extra-hot-1852-28583741-424c43ce4ae7eca02231b4ce9af6ea95-catalog.jpg_340x340q80.jpg_.webp
000165.jpg,https://garden-tags-live.s3-accelerate.amazonaws.com/98547_maimenta_1504733489919_1080.jpeg
000166.jpg,https://www.cayennediane.com/wp-content/uploads/Red-Savina-Pepper-01-300x300.jpg
000167.jpg,https://www.chili-shop24.com/media/image/f4/bc/bd/9229_Habanero-Vietnam_600x600.jpg
000168.jpg,https://d1nw62gticy6e9.cloudfront.net/uploads/Cajun-Belle-Pepper-Seeds.jpg
000169.jpg,https://s.ecrater.com/stores/424928/5bdd15ece7cd6_424928n.jpg
000170.jpg,https://cdn.shopify.com/s/files/1/1654/8555/products/133e_-_Habanero_Caribbean_Red_530x@2x.jpeg?v=1543407845
000171.jpg,https://www.devonchilliman.co.uk/wp-content/uploads/2017/03/Antillais-Caribbean-.jpg
000172.jpg,https://backyard-eden.com/wp-content/uploads/2018/05/jalapeno-m-backyard-eden-370x270.jpg
000173.jpg,https://www.semillas.de/pepper_fruits/antillais_caribbean3.jpg
000174.jpg,https://www.seaspringseeds.co.uk/images/stories/virtuemart/product/Bellaforma_4eb403c8546dc.jpg
000175.jpg,https://www.spicejungle.com/media/catalog/product/cache/2/image/9df78eab33525d08d6e5fb8d27136e95/h/a/habenero-chile-pepper_2.jpg
000176.jpg,https://d.allegroimg.com/s512/01fb8d/2e0213da48c8a9594d6ec2726bed/NASIONA-PAPRYKI-CHILI-CARIBBEAN-RED-HABANERO
000177.jpg,https://i.ytimg.com/vi/4T205BAH5hw/maxresdefault.jpg
000178.jpg,http://www.meadowridgeinc.com/_ccLib/image/plantskus/DETA-887.jpg
000179.jpg,http://www.magicplantshop.com/images/watermarked/1/detailed/1/Trio-Chili-Pepper-01.jpg
000180.jpg,https://cdn.shopify.com/s/files/1/0915/1060/products/Habanero_and_chile_mix.jpg?v=1457471166
000181.jpg,https://cdn.shopify.com/s/files/1/1022/5071/products/habanero-caribbean-red-hot-pepper-seeds-extremely-hot-over-40-times-hotter-than-jalapenos-4_1024x1024.jpg?v=1565028877
000182.jpg,https://images-na.ssl-images-amazon.com/images/I/51VTULdMwgL.jpg
000183.jpg,https://1.bp.blogspot.com/-YPBsPi_iYAk/XH7y8r8Zb8I/AAAAAAAAIbc/cj6ys0Am0AE70Inx8hsbicpYb3JElxBegCLcBGAs/s1600/IMG_1138.JPG
000184.jpg,https://scontent-amt2-1.cdninstagram.com/v/t51.2885-15/e35/65754868_356947764967717_4701237177078058162_n.jpg?_nc_ht=scontent-amt2-1.cdninstagram.com&se=7&oh=e05456fc94c69184c9fca0e1ea45b318&oe=5E10B733&ig_cache_key=MjA3Mjc4Nzk3MzIwNDE3MjQxMQ%3D%3D.2
000185.jpg,https://i.pinimg.com/originals/c8/48/a6/c848a6dc41f365f2eb5071f3679513e0.jpg
000186.jpg,https://www.piedmontfarmandgarden.com/v/vspfiles/photos/PPP032-7.jpg?v-cache=1366092667
000187.jpg,http://plantium.ru/image/catalog/seeds/peppers/chinense/habanero/caribbean/red/habanero-carribean-red-plantium.ru.jpg
000188.jpg,http://plants.natorp.com/assets/plants/PepperCaribbeanRed%20google.jpg
000189.jpg,https://www.kitchengardenseeds.com/media/catalog/product/cache/1/thumbnail/0dc2d03fe217f8c83829496872af24a0/3/6/3630_chile_pepper_caribbean_x_2.jpg
000190.jpg,https://previews.123rf.com/images/gasparij/gasparij1709/gasparij170900026/85686291-red-hot-chilli-pepper-habanero-red-caribbean-on-a-plant-capsicum-chinense-peppers-on-a-green-plant-w.jpg
000191.jpg,https://www.firedragonchillies.co.nz/wp-content/uploads/2014/11/SAM_5869-600x576.jpg
000192.jpg,https://images.prod.meredith.com/product/1c62bcf0f9b1f2897a4ccc25a6ba083f/1515649674235/l/burpee-caribbean-red-hot-pepper-seeds-30-seeds
000193.jpg,https://live.staticflickr.com/5678/21836729032_8e72c2ebf1_b.jpg
000194.jpg,https://www.egmontseeds.co.nz/images/products/Capsicum-Sweet-Pepper-Chilli-Habanero-Caribbean-Red.jpg
000195.jpg,https://external-preview.redd.it/h6Hnv2j_3XpWZdD5R1n2P3ZbhsStJ1RB-_aMKPiPqpc.jpg?auto=webp&s=b30e902bf77a112259b00a3271729e7c1b4fd72c
000196.jpg,https://static.wixstatic.com/media/732023_60920341164e408eb87d6f06b600fd61~mv2.png/v1/crop/x_233,y_0,w_333,h_800/fill/w_284,h_682,al_c,q_80,usm_0.66_1.00_0.01/Roja-Nacional-800x800.webp
000197.jpg,http://www.5mp.eu/honlapkepek2/chilivilag/TeCD4fbKD5/nagy/dscf7394.jpg
000198.jpg,http://mikesblog.americasdebate.com/wp-content/uploads/2008/07/100_6207.jpg
000199.jpg,https://www.sandals.com/blog/content/images/2018/03/scotch-4--1---1-.jpg
000200.jpg,https://www.victoryseeds.com/thumbnail.asp?file=assets/images/vegetables/pepper_habanero-red.jpg&maxx=450&maxy=450
000201.jpg,https://thumbs.dreamstime.com/z/green-ripe-caribbean-red-habanero-peppers-growing-plant-caribbean-red-habanero-peppers-110689606.jpg
000202.jpg,https://www.semperfryllc.com/uploads/2/5/4/1/25413831/s510645922582066325_p112_i1_w2503.jpeg
000203.jpg,http://gernot-katzers-spice-pages.com/pictures/caps_65.jpg
000204.jpg,http://bostonjerkfest.com/2016/wp-content/uploads/2015/04/unnamed-1.jpg
000205.jpg,https://jatcgreenhouse.org/wp-content/uploads/2016/05/Pepper-Horizon.jpg
000206.jpg,https://1.bp.blogspot.com/--Jk0wdQ2TTc/WWvhkF3fwLI/AAAAAAAAGHQ/2J_gGLW9T54fbPSrzDVLclviWdFZL0xowCLcBGAs/s1600/Carribbean%2BRed%2BHots.jpg
000207.jpg,https://i.etsystatic.com/12846395/r/il/c6cf83/1632133104/il_570xN.1632133104_rshn.jpg
000208.jpg,https://media.istockphoto.com/photos/fresh-ripe-caribbean-red-habanero-hot-chili-pepper-picture-id610134482
000209.jpg,https://acimg.auctivacommerce.com/imgdata/0/1/4/8/9/9/webimg/1453090.jpg
000210.jpg,https://i.ebayimg.com/images/g/d8EAAOSwVFlT9ryH/s-l300.jpg
000211.jpg,https://www.ethno2.ethno-botanik.org/Capsicum/Antillais-Caribbean/Fotos/300/Antillais-Caribbean-96.jpg
000212.jpg,http://caribbeanpot.com/wp-content/uploads/2015/02/traditional-caribbean-peppersauce-2.jpg
000213.jpg,https://www.pepperscale.com/wp-content/uploads/2017/05/trinidad-7-pot-pepper-768x459.jpg
000214.jpg,https://www.picclickimg.com/d/l400/pict/193022357317_/50-Habanero-Orange-Hot-Pepper-Seeds-Heirloom-NON-GMO.jpg
000215.jpg,https://s3.amazonaws.com/cdn.totallytomato.com/images/popup/03013.jpg
000216.jpg,https://d36tnp772eyphs.cloudfront.net/blogs/1/2014/05/Chocolate-habanero-peppers.jpg
000217.jpg,https://upload.wikimedia.org/wikipedia/commons/9/97/Scotch_bonnet_chili_pepper.jpg
000218.jpg,https://2.bp.blogspot.com/-yfadbgqVfd4/UC55tTAvH-I/AAAAAAAAD9s/UnmzKNfTt2Y/s1600/IMG_0707.JPG
000219.jpg,https://www.semillas.de/pepper_fruits/congo_trinidad4.jpg
000220.jpg,https://t4.thpservices.com/previewimage/gallil/f6378074bfa671e1142e0db0d5acfaff/esy-032545846.jpg
000221.jpg,https://cdn.shortpixel.ai/client/q_glossy,ret_img,w_567/http://pali2razy.pl/wp-content/uploads/2018/09/caribbean_red_4.png
000222.jpg,https://cartloom.s3.amazonaws.com/worldofchillies/120441_5f3ac16d9277c695f4d1a38d5c943af4_orig.jpg
000223.jpg,https://backyard-eden.com/wp-content/uploads/2018/05/brazilian-starfish-backyard-eden-370x270.jpg
000224.jpg,https://m.blog.hu/gy/gyulaicsili/image/nagy%C3%A1gy%C3%BAk.jpg
000225.jpg,https://i2.wp.com/farm4.static.flickr.com/3603/3635772273_c4429571fe.jpg
000226.jpg,https://cdn.shopify.com/s/files/1/0022/5764/9776/products/kM5sAM6_e1ebabf5-dd94-4fe8-8240-5de4cddc4c75_720x.jpg?v=1556389190
000227.jpg,https://scontent-lga3-1.cdninstagram.com/vp/8a696b80edd72da96b762cd3b11baef5/5E06416D/t51.2885-15/sh0.08/e35/s640x640/53711805_341682290027125_3627259391213345803_n.jpg?_nc_ht=scontent-lga3-1.cdninstagram.com&_nc_cat=101
000228.jpg,http://resizer.shared.arcpublishing.com/YvAhUMS6kD9iK_eCmivd1GOIMgU=/arc-anglerfish-arc2-prod-bonnier/public/5W6I5PAE7GE6JZ73OIHMWSY6IQ.jpg
000229.jpg,https://www.chili-shop24.com/media/image/df/85/e3/102455_01_600x600.jpg
000230.jpg,https://d1alt1wkdk73qo.cloudfront.net/images/guide/fd59fd64c7374578b3a39b0055822e8b/640x960.jpg
000231.jpg,https://cdn11.bigcommerce.com/s-cb3kf/images/stencil/900x1800/products/250/2667/dave-s-gourmet-crazy-caribbean-hot-sauce__76684.1521658779.jpg?c=2
000232.jpg,https://instagram.fist1-2.fna.fbcdn.net/vp/3085120527caca2f6aa5036f5da257dc/5E0F46E3/t51.2885-15/sh0.08/e35/s640x640/64995056_181541186209548_1700632118931756890_n.jpg?_nc_ht=instagram.fist1-2.fna.fbcdn.net&_nc_cat=100
000233.jpg,https://jetimages.jetcdn.net/md5/6c867ef97ed6ada61ea2fc833aa91e94?odnBound=576
000234.jpg,http://www.heliotricity.com/wp-content/uploads/2018/01/Haban%CC%83ero-Peppers-with-seeds.jpg
000235.jpg,https://pics.davesgarden.com/pics/2010/08/21/WonderWeasel/10d421.jpg
000236.jpg,https://cdn.shopify.com/s/files/1/0871/0950/products/lascrucescayennepktpic_large.jpg?v=1566339700
000237.jpg,https://allourway.com/wp-content/uploads/2016/09/Light-My-Fire-Habanero-Pepper-Sauce.jpg
000238.jpg,https://my-test-11.slatic.net/p/b8fc9ed5fb87c5b01c10205fbe23a30f.jpg_340x340q80.jpg_.webp
000239.jpg,https://www.pepperworldhotshop.com/out/pictures/master/product/1/7(4).png
000240.jpg,https://images.homedepot-static.com/productImages/e43c3b2b-f60f-46e5-8a13-6b62dfca794e/svn/ferry-morse-vegetable-herb-seeds-4118-64_1000.jpg
000241.jpg,https://st.hzcdn.com/fimgs/1132b42504cbe85a_9436-w240-h254-b0-p0--.jpg
000242.jpg,https://cdn.shopify.com/s/files/1/0915/1060/products/Red-Savina-hot-pepper-2-pepper-joes.jpg?v=1457657091
000243.jpg,https://scontent-lhr3-1.cdninstagram.com/vp/e7ec918cd273eb0afc10fae08a962764/5DF7A067/t51.2885-15/sh0.08/e35/c2.0.1435.1435a/s640x640/62404142_111180956827636_2151330085207778570_n.jpg?_nc_ht=scontent-lhr3-1.cdninstagram.com&ig_cache_key=MjA3MTI5NjAyNDgyNzQyMjc4OQ%3D%3D.2.c
000244.jpg,https://m.media-amazon.com/images/I/716aU7eOHmL._AC_UL320_.jpg
000245.jpg,https://cdn.shopify.com/s/files/1/1654/8555/products/133f_-_Habanero_Caribbean_Red_530x@2x.jpeg?v=1543407845
000246.jpg,https://ogorod.ua/_sh/127/12716m.jpg
000247.jpg,https://m.blog.hu/ch/chilivili/image/IMG_5496.JPG
000248.jpg,https://lansdowneplants.co.uk/wp-content/uploads/2018/03/carribean-red-hot.jpg
000249.jpg,https://i2.wp.com/ww.seed-bank.ca/wp-content/uploads/Big-Jim-Pepper.gif?fit=324%2C324&ssl=1
000250.jpg,http://d1fm27ee7pjs8v.cloudfront.net/images/detailed/31/habanero.jpg
000251.jpg,https://66.media.tumblr.com/6f8157be6a44aa2b31ec9dff0320a71c/tumblr_oxil0yoQM61rzxhn7o1_400.jpg
000252.jpg,https://static1.bigstockphoto.com/5/1/2/large2/215051899.jpg
000253.jpg,https://www.cayennediane.com/wp-content/uploads/2014/06/Aci-Sivri-Pepper-300x300.jpg
000254.jpg,https://static.wixstatic.com/media/3aa6d8_60c3eebb159f4b3fa60dc134f1ed1f19~mv2.png/v1/fit/w_2500,h_1330,al_c/3aa6d8_60c3eebb159f4b3fa60dc134f1ed1f19~mv2.png
000255.jpg,http://cdn.shopify.com/s/files/1/0022/5764/9776/products/bMfBEAC_5c1b83ee-befb-410a-84f6-98e2a2a9b875_1200x1200.jpg?v=1556389191
000256.jpg,https://images.homedepot-static.com/productImages/8a2f496e-2f21-47c8-87ea-aaef48c8b492/svn/heat-factory-organic-vegetable-plants-p333-64_1000.jpg
000257.jpg,https://www.favuzzi.com/uploads/images/blog/boukman-piment.jpg
000258.jpg,https://static.kupindoslike.com/Caribbean-red-habanero-seme_slika_XL_42150469.jpg
000259.jpg,https://www.caribbeanandco.com/wp-content/uploads//2018/02/Caribbean-Hot-Sauce_Hot-Mamas-Belize-collection-of-Habanero-Products-9d501baf3427e77254920ade174927ce.jpg
000260.jpg,https://9.allegroimg.com/s512/065446/fcbdfeec43dba4db97446b8a99a9/PAPRYKA-Caribbean-Red-Habanero-najostrzejsza-Rodzaj-rosliny-Papryka
000261.jpg,http://i266.photobucket.com/albums/ii266/Cappy_023/IMG_0687.jpg
000262.jpg,https://www.chilipeppermadness.com/wp-content/uploads/2016/09/Caribbean-Style-Mango-Habanero-Hot-Sauce-Recipe1.jpg
000263.jpg,http://cdn.shopify.com/s/files/1/1022/5071/products/habanero-caribbean-red-hot-pepper-seeds-extremely-hot-over-40-times-hotter-than-jalapenos-3_630x630.jpg?v=1565028876
000264.jpg,https://weloveshon.com/i-west/Pepper-5.jpg
000265.jpg,http://www.chiliwiki.fi/images/thumb/2/20/CaribbRed.jpg/300px-CaribbRed.jpg
000266.jpg,http://resizer.shared.arcpublishing.com/2mYVPTMaLNLRyk64bGFwWwc1BI0=/arc-anglerfish-arc2-prod-bonnier/public/R55K7ZWF7CTPYCH5PH6WPAWCJY.jpg
000267.jpg,https://scontent-sjc3-1.cdninstagram.com/v/t51.2885-15/e35/s320x320/68894890_500746133832929_1368795028280966783_n.jpg?_nc_ht=scontent-sjc3-1.cdninstagram.com&oh=3c031604120a71fbd18f34a84c043d83&oe=5E149CC0&ig_cache_key=MjEyNTA1MzQ2NjMxNjUwOTE5MQ%3D%3D.2
000268.jpg,https://pbs.twimg.com/media/EBoYsHHWkAIEgVQ.jpg
000269.jpg,https://i.redd.it/fdi9n40k47l31.jpg
000270.jpg,https://1.bp.blogspot.com/-8Q7WKAHn74w/WdpUp97Of_I/AAAAAAAAPp0/Q2FbJLzsWLARN6ezlF3qBdlQgWuBQrPowCLcBGAs/s1600/4-Habs.jpg
000271.jpg,https://i.ytimg.com/vi/7mvClaxv4yY/maxresdefault.jpg
000272.jpg,https://pbs.twimg.com/media/D_i_czYX4AIGry4.jpg
000273.jpg,https://www.semillas.de/pepper_fruits/antillais_caribbean2.jpg
000274.jpg,https://www.kitchengardenseeds.com/media/catalog/product/cache/1/thumbnail/0dc2d03fe217f8c83829496872af24a0/c/h/chilegrowinginfo_21.jpg
000275.jpg,http://www.rainbowchiliseeds.com/sitebuildercontent/sitebuilderpictures/Caribbeanr.JPG
000276.jpg,https://scontent-atl3-1.cdninstagram.com/vp/1e7d672d133f42bf5d774e07699dcf2e/5DC27AA0/t51.2885-15/e35/61388161_115347436387176_1456378234140738467_n.jpg?_nc_ht=scontent-atl3-1.cdninstagram.com
000277.jpg,http://vsaduidoma.com/hu/wp-content/images/2019/03/habanero-foto-vyrashchivanie-2.jpg
000278.jpg,https://castirondan.files.wordpress.com/2013/09/habanero1.jpg
000279.jpg,https://www.worldofchillies.com/chilligallery/worldshottestchilligallery/files/imgThumb_108.jpg
000280.jpg,https://greenesgourmet.com/wp-content/uploads/2014/04/IMG_0212-e1547251657504.jpg
000281.jpg,https://render.fineartamerica.com/images/rendered/medium/canvas-print/mirror/break/images/artworkimages/medium/1/caribbean-red-habanero-pepper-scott-d-van-osdol-canvas-print.jpg
000282.jpg,https://cdn.shopify.com/s/files/1/1109/3566/products/3899a77a-1f09-4af7-b19f-cb5880a87fd5_1024x1024.jpeg?v=1514554117
000283.jpg,https://pepperhead.com/wp-content/uploads/2016/12/Big-Black-Mama-247x300.jpg
000284.jpg,https://www.andersson-import.de/images/product_images/info_images/Skansk-Chili--Caribbean-Red-Habanero--Bio--9-x-40-ml_0.jpg
000285.jpg,https://cdn.shopify.com/s/files/1/0024/7850/6035/products/Scotch-Bonnet-Red-2_jpg_720x.png?v=1554835004
000286.jpg,https://cdn.shopify.com/s/files/1/0871/0950/products/JamaicanHotChocolate_1024x1024.gif?v=1548196290
000287.jpg,http://www.meadowridgeinc.com/_ccLib/image/plantskus/DETA-889.jpg
000288.jpg,https://cdn.shortpixel.ai/client/q_glossy,ret_img,w_567/http://pali2razy.pl/wp-content/uploads/2018/08/caribbeanred1.png
000289.jpg,https://pics.davesgarden.com/pics/2010/08/20/WonderWeasel/bbaa80.jpg
000290.jpg,http://www.jthickman.com/wp-content/uploads/2018/03/caribbean-red-pepper-plants-59440393bc5bd.jpg
000291.jpg,https://s3-us-west-1.amazonaws.com/sg-production-public/data/images/973/files/big_SouthernBlight.jpg
000292.jpg,https://m.media-amazon.com/images/I/71whFuaQmVL._AC_UL320_.jpg
000293.jpg,https://img1.wsimg.com/isteam/ip/4b2b003d-b811-4376-976c-745f30391524/f9845fc8-6932-4a28-aad5-1d4773408d36.jpg/:/rs=w:360,h:240,cg:true,m/cr=w:360,h:240
000294.jpg,https://www.picclickimg.com/d/l400/pict/323695892181_/10-Semi-Peperoncino-Caribbean-Red-Habanero.jpg
000295.jpg,https://www.magicplantshop.com/images/watermarked/1/detailed/1/FRIAR%E2%80%99S-HAT-PEPPER.jpg
000296.jpg,https://posadime.weebly.com/uploads/3/2/0/1/3201732/3429412_orig.jpg
000297.jpg,https://pbs.twimg.com/media/Deh4D8GXUAAyeGc.jpg
000298.jpg,https://www.chilliworld.com/content/images/thumbs/0000603_marie-sharps-belizean-heat_550.png
000299.jpg,https://www.gardentags.com/plant-encyclopedia/images/23642/capsicum-chinensis-caribbean-red-habanero.jpeg
000300.jpg,https://media.gettyimages.com/photos/bush-of-caribbean-red-habanero-chillies-picture-id1153353441?s=612x612
000301.jpg,https://cdn.shopify.com/s/files/1/0915/1060/products/RED_SAVINA_hot-pepper-pepper-joes.jpg?v=1457657091
000302.jpg,https://d36tnp772eyphs.cloudfront.net/blogs/1/2014/05/Yellow-spicy-naga-viper-chilis.jpg
000303.jpg,https://i0.wp.com/nordicshaman.com/wp-content/uploads/2018/04/fatadragon.jpg?fit=832%2C498&ssl=1
000304.jpg,https://s3-us-west-1.amazonaws.com/contentlab.studiod/getty/49e3ea751aa144e0bbf953df8ae2f721.jpg
000305.jpg,https://images-na.ssl-images-amazon.com/images/I/61estsvY7SL.SS400.jpg
000306.jpg,https://chilis.hu/shop_ordered/19763/pic/blog/2-kabai-erospaprika-evo-verseny/chili-evo-verseny.jpg
000307.jpg,https://www.peperoncino.org/wp-content/uploads/2018/10/habanerored.jpg
000308.jpg,https://i.pinimg.com/originals/7d/64/7c/7d647caaf039c8c64668a2427b6c4d21.png
000309.jpg,https://img.youtube.com/vi/Ql4WOsex-zg/0.jpg
000310.jpg,https://www.asklepios-seeds.de/pub/media/catalog/product/cache/3fc35d798ea034524abc6812c3526e1f/h/a/habanerocar.jpg
000311.jpg,https://s2.studylib.net/store/data/018852788_1-78e42873a529d5f82337f36199ebf773.png
000312.jpg,https://www.chilipeppermadness.com/wp-content/uploads/2013/10/Habanero-Peppers1.jpg
000313.jpg,https://images.slideplayer.com/21/6298925/slides/slide_5.jpg
000314.jpg,https://cdn.shopify.com/s/files/1/1654/8555/products/133d_-_Habanero_Caribbean_Red_530x@2x.jpeg?v=1543407845
000315.jpg,https://www.cayennediane.com/wp-content/uploads/Thai-Ornamental-300x300.jpg
000316.jpg,http://i.imgur.com/6ZhXnJC.jpg
000317.jpg,http://img.bidorbuy.co.za/image/upload/user_images/957/1893957/1893957_120515173441_resized_02029.jpg
000318.jpg,https://m.sortseeds.ru/data/catalog_pic/1518192256.jpg
000319.jpg,https://www.borgebykryddgard.se/pub_images/large/Skansk-Habanero.jpg
000320.jpg,https://www.chili-shop24.com/media/image/4d/5e/45/102259_01_600x600.jpg
000321.jpg,https://jatcgreenhouse.org/wp-content/uploads/2016/05/Eggplant-Hansel-e1464188978852.jpg
000322.jpg,http://i.imgur.com/xUBHc.jpg
000323.jpg,https://assets.epicurious.com/photos/5baa6af8699dbf53d1b3a6d0/master/w_1600%2Cc_limit/shutterstock_616671473.jpg
000324.jpg,https://pbs.twimg.com/profile_images/1006294722183344128/VOXWUbnG_400x400.jpg
000325.jpg,https://www.tripsavvy.com/thmb/p41W0RviY5x_IGrvwbevCQSDp8U=/1999x1500/filters:no_upscale():max_bytes(150000):strip_icc()/GettyImages-1042498626-5bb037b446e0fb0026b46d82.jpg
000326.jpg,https://www.picclickimg.com/d/l400/pict/264114077679_/Caribbean-Red-Habanero-Pepper-Capsicum-chinense.jpg
000327.jpg,https://i.ytimg.com/vi/dphyCvE3Qzk/maxresdefault.jpg
000328.jpg,https://backyard-eden.com/wp-content/uploads/2018/05/Pasilla-bajio-pepper-backyard-eden-370x270.jpg
000329.jpg,https://cdn.shopify.com/s/files/1/0915/1060/products/Habanero-Tasmanian-hot-pepper-joes.jpg?v=1523044672
000330.jpg,http://www.meadowridgeinc.com/_ccLib/image/plantskus/DETA-892.jpg
000331.jpg,https://sc02.alicdn.com/kf/HTB1KBuwRVXXXXXxXpXXq6xXFXXXn.jpg
000332.jpg,https://upload.wikimedia.org/wikipedia/commons/0/03/Carolina_Reaper_pepper_pods.jpg
000333.jpg,https://farm3.staticflickr.com/2675/4364257835_c38ce287ff_b.jpg
000334.jpg,http://i.ebayimg.com/images/g/88kAAOxy0NtTBK3h/s-l500.jpg
000335.jpg,https://thumbs.dreamstime.com/z/spanish-cherry-ripe-26062823.jpg
000336.jpg,https://m.blog.hu/ch/chilivili/image/ch.jpg
000337.jpg,https://i.ytimg.com/vi/PHLdjNkNMHY/maxresdefault.jpg
000338.jpg,http://plantium.ru/image/cache/catalog/seeds/peppers/chinense/habanero/red/habanero-red-78-270x270.jpg
000339.jpg,https://2.bp.blogspot.com/-kiAg3DkQeJ4/Wgb7nEZBlBI/AAAAAAAAPsc/QpAwegyXHhonrNKrChTAHinWrYritIY5wCEwYBhgL/s1600/Hanging-480.JPG
000340.jpg,https://images-na.ssl-images-amazon.com/images/I/51JHmkUKc5L._SX466_.jpg
000341.jpg,https://www.cayennediane.com/wp-content/uploads/Devils-Tongue-Red-300x300.jpg
000342.jpg,https://pics.davesgarden.com/pics/2007/05/29/causticmuse/7968e6.jpg
000343.jpg,https://a.allegroimg.com/original/0c4d0d/6704fd4c4d0db3cada7c6e390e63
000344.jpg,https://cdn.shopify.com/s/files/1/0871/0950/products/HatchRHotSandiaDryWeb_large.jpg?v=1548196267
000345.jpg,https://www.magicplantfarms.com/wp-content/uploads/2016/10/Red-Caribbean-Habanero-Whole-Pods.jpg
000346.jpg,https://www.chilipeppermadness.com/wp-content/uploads/2018/03/Caribbean-Style-Mango-Habanero-Hot-Sauce-Recipe2.jpg
000347.jpg,https://www.magicplantshop.com/images/watermarked/1/detailed/1/Chocolate-Pepper.jpg
000348.jpg,https://images.bonanzastatic.com/afu/images/2451/7314/78/habanero_red.jpg
000349.jpg,http://i266.photobucket.com/albums/ii266/Cappy_023/IMG_1042.jpg
000350.jpg,https://dominicaecoproperty.files.wordpress.com/2013/12/peppers.jpg
000351.jpg,https://www.chili-shop24.com/media/image/9f/01/7a/102431_01_600x600.jpg
000352.jpg,https://www.cayennediane.com/wp-content/uploads/Hinkelhatz-300x300.jpg
000353.jpg,https://pbs.twimg.com/media/ECF3Ud0XUAAr2ZI.jpg
000354.jpg,https://sc01.alicdn.com/kf/HTB16w0eKVXXXXciXXXXq6xXFXXXF/Red-Habanero-Hot-Sauce-El-Yucateco-120ml.jpg
000355.jpg,https://pepperhead.com/wp-content/uploads/2018/07/habanero-cultivars-800x367.jpg
000356.jpg,http://www.meadowridgeinc.com/_ccLib/image/plantskus/DETA-886.jpg
000357.jpg,https://d36tnp772eyphs.cloudfront.net/blogs/1/2014/05/Carolina-Reaper-peppers.jpg
000358.jpg,https://i.ytimg.com/vi/iUWlIhw8xTI/hqdefault.jpg
000359.jpg,http://plantium.ru/image/catalog/seeds/peppers/chinense/habanero/orange/habanero-orange-142.jpg
000360.jpg,https://cdn.shortpixel.ai/client/q_glossy,ret_img,w_288/http://pali2razy.pl/wp-content/uploads/2017/10/jalapeno_mapa.png
000361.jpg,https://cdn.shopify.com/s/files/1/0915/1060/products/red-savina-habanero-red-hot-pepper-pepper-joes.jpg?v=1457657091
000362.jpg,https://pics.davesgarden.com/pics/2006/10/31/melody/8c30d1.jpg
000363.jpg,https://www.cayennediane.com/wp-content/uploads/Barkers-Hot-pepper-300x300.jpg
000364.jpg,https://d36tnp772eyphs.cloudfront.net/blogs/1/2014/05/Trinidad-Morgua-spicy-peppers-on-a-vine.jpg
000365.jpg,http://farm3.static.flickr.com/2593/4024217816_9d12fb1025_b.jpg
000366.jpg,http://plantium.ru/image/cache/catalog/seeds/peppers/chinense/habanero/yellow/habanero-yellow-plantium-270x270.jpg
000367.jpg,http://www.meadowridgeinc.com/_ccLib/image/plantskus/DETA-890.jpg
000368.jpg,https://www.picclickimg.com/d/l400/pict/183859845649_/20-Habanero-red-Samen-Chili-h%C3%B6llisch-scharf.jpg
000369.jpg,https://i.ytimg.com/vi/zD_gz-hoFZY/maxresdefault.jpg
000370.jpg,https://images-na.ssl-images-amazon.com/images/I/51O0zc3h6oL._SL500_AC_SS350_.jpg
000371.jpg,https://www.cayennediane.com/wp-content/uploads/Trinidad_Moruga_Scorpion-300x300.jpg
000372.jpg,http://fatalii.net/chile/kuvat/carib_red_hab_mature.jpg
000373.jpg,https://images-eu.ssl-images-amazon.com/images/I/51PWQ7YRB0L.jpg
000374.jpg,http://plantium.ru/image/catalog/seeds/peppers/chinense/habanero/maya/habanero-maya-plantium.jpg
000375.jpg,https://i.ytimg.com/vi/H9U0joXUwDI/maxresdefault.jpg
000376.jpg,http://www.meadowridgeinc.com/_ccLib/image/plantskus/DETA-888.jpg
000377.jpg,https://www.cayennediane.com/wp-content/uploads/2015/04/Trinidad-7-Pod-300x300.jpg
000378.jpg,https://pics.davesgarden.com/pics/2004/07/17/Michaelp/f9159b.jpg
000379.jpg,https://i.etsystatic.com/10544667/r/il/02f070/1609448291/il_794xN.1609448291_drxf.jpg
000380.jpg,https://i.etsystatic.com/19287815/d/il/3a21f8/1906612417/il_340x270.1906612417_rhp5.jpg
000381.jpg,https://i.imgur.com/oVMra6o.jpg
000382.jpg,https://i.etsystatic.com/10996863/d/il/6672b8/1088363645/il_340x270.1088363645_s60m.jpg
000383.jpg,http://fatalii.net/jigsaw/2.jpg
000384.jpg,https://i.ytimg.com/vi/yZKrYbC_rUA/hqdefault.jpg
000385.jpg,https://www.cayennediane.com/wp-content/uploads/Habanero-Orange-300x300.jpg
000386.jpg,https://i.etsystatic.com/12356882/r/il/c0724f/1323636006/il_794xN.1323636006_fjdt.jpg
000387.jpg,https://i.ytimg.com/vi/Mv7Ov2Ytfeg/maxresdefault.jpg
000388.jpg,https://images-na.ssl-images-amazon.com/images/I/51Hxd15GZhL.jpg
000389.jpg,https://upload.wikimedia.org/wikipedia/commons/thumb/7/75/Habanero-Pflant.jpg/220px-Habanero-Pflant.jpg
000390.jpg,https://i.imgur.com/eDYcbPO.jpg
000391.jpg,https://images-na.ssl-images-amazon.com/images/I/71UdDOgB4LL._SY355_.jpg
000392.jpg,https://www.cayennediane.com/wp-content/uploads/Spanish-Naga-300x300.jpg
000393.jpg,https://i.ytimg.com/vi/pPvT_WDuU4s/hqdefault.jpg
000394.jpg,http://i.imgur.com/H37AD4Q.jpg
000395.jpg,http://i.ebayimg.com/images/g/WbkAAOSwHsRYCUEM/s-l300.jpg
000396.jpg,https://www.cayennediane.com/wp-content/uploads/Infinity-Chilli-Pepper-300x300.jpg
000397.jpg,https://upload.wikimedia.org/wikipedia/commons/thumb/5/50/Madame_Jeanette_and_other_chillies.jpg/1200px-Madame_Jeanette_and_other_chillies.jpg
000398.jpg,https://www.ilikeseeds.com/assets/thumbL/CHabRed10.jpg
000399.jpg,https://images-na.ssl-images-amazon.com/images/I/51%2BVxVQD-oL.jpg
000400.jpg,http://i.imgur.com/sOVG5dT.jpg
000401.jpg,https://www.cayennediane.com/wp-content/uploads/Madame_Jeanette_chili-300x300.jpg
000402.jpg,https://www.cayennediane.com/wp-content/uploads/Chocolate-Habanero-300x300.jpg
000403.jpg,https://images-eu.ssl-images-amazon.com/images/I/51wXigwD85L._SR600%2C315_PIWhiteStrip%2CBottomLeft%2C0%2C35_PIStarRatingFIVE%2CBottomLeft%2C360%2C-6_SR600%2C315_SCLZZZZZZZ_.jpg
000404.jpg,http://i.imgur.com/SRVYsGa.jpg
000405.jpg,http://i47.photobucket.com/albums/f158/bigbodybussey/Pepper201214.jpg
000406.jpg,http://i.imgur.com/0Znr8Us.jpg
000407.jpg,https://images.prod.meredith.com/product/5b29acedc5536eb1bc5e928ee0967084/1516259062795/l/burpee-biker-billy-hot-pepper-seeds-30-seeds
000408.jpg,https://d36tnp772eyphs.cloudfront.net/blogs/1/2014/05/14.jpg
000409.jpg,https://pepperheadsforlife.com/wp-content/uploads/2014/09/Caribbean-Red-Habanero.jpg
000410.jpg,http://www.rareseeds.com/assets/1/14/DimRegular/Caribbean-red-habanero-HPP-web.jpg
000411.jpg,https://1a1z1e22ozx83bgjsz17c6ba-wpengine.netdna-ssl.com/wp-content/uploads/Caribbean-Red-Habanero.jpg
000412.jpg,https://d1nw62gticy6e9.cloudfront.net/uploads/Caribbean_Red_Pepper1.jpg
000413.jpg,http://www.seedgeeks.com/store/image/cache/data/product/vegetables/peppers/sweet/pepper.habanero.red2-500x500_0.jpg
000414.jpg,https://www.magicgardenseeds.com/pics/H4Ore3kvY3C6-km3JTA_GdxqZ0C2WNQ6a5oC5D6QpVPZX6gQaWV2O2rxbqeQU0c8WtlTqeFbp53G9JhbBhkFfA/CAP12_1000.jpg
000415.jpg,http://www.magicgardenseeds.com/pics/Hp5j4pMQ8qXxHBMhAI0Zwc4AqANs1GXMAl_67lYegi0IkxmpfMdc0HwYDxkLY69R17KAQV6r9Qx3uPVVZnCZSg/CAP12_1000_2.jpg
000416.jpg,http://www.seedgeeks.com/store/image/cache/data/product/vegetables/peppers/sweet/pepper.habanero.red1-500x500_0.jpg
000417.jpg,https://www.rareseeds.com/assets/1/14/DimRegular/Hpt-Pepper-Caribbean-Red-Habanero-HPP133-web.jpg
000418.jpg,https://www.magicgardenseeds.com/pics/mgs/CAP12/1/1000/Caribbean-Red-Habanero-pepper-(Capsicum-chinense)_1.jpg
000419.jpg,https://chilipflanzen.com/wp-content/uploads/2015/12/chili-caribbean-red.jpg
000420.jpg,http://cdn.shopify.com/s/files/1/0089/1562/products/Pepper_-_Habanero_Red_Caribbean_seeds_1024x1024.jpg
000421.jpg,https://thumbs.dreamstime.com/z/fresh-ripe-caribbean-red-habanero-hot-chili-pepper-green-stem-isolated-white-78551699.jpg
000422.jpg,http://cdn.shopify.com/s/files/1/1420/8798/products/pepper-hot-habanero-caribbean-red-capsicum-chinense-seeds-amkha-seed_169_1200x1200.jpg
000423.jpg,http://rahiseedbank.com/wp-content/uploads/2014/07/c35.jpg
000424.jpg,https://pics.davesgarden.com/pics/2008/09/23/gabagoo/11a66c.jpg
000425.jpg,http://www.sativa.it/upload/prodotti/img/219-habanero-red.jpg
000426.jpg,https://www.magicplantshop.com/images/watermarked/1/thumbnails/537/600/detailed/1/CARIBBEAN-RED-HABANERO.jpg
000427.jpg,https://cdn-pf.niceshops.com/upload/image/product/large/default/austrosaat-gourmet-edition-habanero-red-caribbean-1-packung-585816-de.jpg
000428.jpg,https://i2.wp.com/pepperhead.com/wp-content/uploads/2012/10/Red-Savina-2.jpg
000429.jpg,http://c8.alamy.com/comp/HMEC3F/fresh-ripe-caribbean-red-habanero-hot-chili-pepper-with-green-stemisolated-HMEC3F.jpg
000430.jpg,https://thumbs.dreamstime.com/z/fresh-ripe-caribbean-red-habanero-hot-chili-pepper-green-stem-isolated-white-78551136.jpg
000431.jpg,http://3.bp.blogspot.com/-Z_IRF2UeLtg/VQIBfDNSVOI/AAAAAAAAdVs/XHF5-8qQ39Y/s1600/habanero_red.jpg
000432.jpg,https://www.southdevonchillifarm.co.uk/images/detailed/1/Ant_Habanero_1100.jpg
000433.jpg,http://plantium.ru/image/cache/catalog/seeds/peppers/chinense/habanero/caribbean/red/habanero-carribean-red-plantium.ru-600x600.jpg
000434.jpg,https://c8.alamy.com/comp/HMEC3G/fresh-ripe-caribbean-red-habanero-hot-chili-pepper-with-green-stemisolated-HMEC3G.jpg
000435.jpg,https://farm5.staticflickr.com/4019/4549701834_88b6d5c053_z.jpg
000436.jpg,http://cdn.shopify.com/s/files/1/0089/1562/products/700xshutterstock_54248452_1024x1024.jpg
000437.jpg,https://backyardfarmexpress.com/wp-content/uploads/2019/01/caribbean-red-habanero-600x450-3.jpg
000438.jpg,https://c8.alamy.com/comp/RWRXEH/three-fresh-ripe-caribbean-red-habanero-hot-chili-peppers-with-green-stem-RWRXEH.jpg
000439.jpg,http://cdn.shopify.com/s/files/1/0089/1562/products/700xshutterstock_95959012_1024x1024.jpg
000440.jpg,https://www.biogardening.it/image/cache/data/Sementi/Cose%20Curiose/peperoncino%20habanero%20red-500x500.jpg
000441.jpg,https://chili.unluckypete.com/wp-content/uploads/2016/08/IMG_8686.jpg
000442.jpg,https://cdn6.bigcommerce.com/s-f6cx4kq/products/106/images/416/caribbean_red_habanero_pepper_tyler_farms__24436.1407105468.1000.1200.jpg
000443.jpg,https://thumbs.dreamstime.com/z/green-ripe-caribbean-red-habanero-peppers-growing-plant-caribbean-red-habanero-peppers-110689606.jpg
000444.jpg,https://pepperhead.com/wp-content/uploads/2012/10/Red-Savina-3.jpg
000445.jpg,http://apalacheehills.com/SpeciesAdded05/pepperCaribbeanRedHot-1.jpg
000446.jpg,http://www.prestoimages.net/store30/rd6368/6368_pd1175811_1.jpg
000447.jpg,https://c8.alamy.com/comp/RR9YHB/fresh-ripe-caribbean-red-habanero-hot-chili-pepper-with-green-stem-RR9YHB.jpg
000448.jpg,https://thumbs.dreamstime.com/z/habanero-peppers-black-background-top-view-87747071.jpg
000449.jpg,http://www.chililand.de/bilder/Wachstum/Caribbeanred.jpg
000450.jpg,http://cdn.shopify.com/s/files/1/0089/1562/products/thenotsoperfecthousewife_1024x1024.jpg
000451.jpg,https://cdn.trueleafmarket.com/products/seeds/pepper-hot-habanero-caribbean-red/pepper-hot-habanero-red-seeds-wm.jpg
000452.jpg,https://www.impecta.se/bilder/artiklar/zoom/30241_7.jpg
000453.jpg,https://thumbs.dreamstime.com/z/fresh-ripe-caribbean-red-habanero-hot-chili-pepper-green-stem-isolated-white-77136183.jpg
000454.jpg,https://chilifee.de/WebRoot/Store17/Shops/6785a7bf-b9bd-45fa-b711-164bd13875ab/56BD/B6BA/C23E/FD3B/442C/0A48/3549/52F7/20120920_111824.jpg
000455.jpg,https://cdn-pf.niceshops.com/upload/image/product/facebook/default/austrosaat-gourmet-edition-habanero-red-caribbean-1-packung-585817-de.jpg
000456.jpg,https://cdn.shopify.com/s/files/1/0089/1562/products/Pepper_-_Habanero_Red_Caribbean_seedsnow_1024x1024.jpg
000457.jpg,https://c8.alamy.com/comp/RXW7M0/close-up-of-ripe-caribbean-red-habanero-hot-chili-peppers-in-the-bowl-RXW7M0.jpg
000458.jpg,http://cdn.shopify.com/s/files/1/0089/1562/products/2015-10-02_1443828672_1024x1024.jpg
000459.jpg,https://cdn.shopify.com/s/files/1/0871/0950/products/trickortreatpepperpic2_large.jpg
000460.jpg,https://c8.alamy.com/comp/R35WPJ/red-hot-chilli-pepper-habanero-red-caribbean-on-a-plant-capsicum-chinense-peppers-on-a-green-plant-with-leaves-in-home-garden-or-a-farm-R35WPJ.jpg
000461.jpg,http://cdn.shopify.com/s/files/1/0089/1562/products/Pepper_-_Habanero_Red_Caribbean_seeds_2_1024x1024.jpg
000462.jpg,https://cdn.shopify.com/s/files/1/0089/1562/products/2015-08-21_1440117828_1024x1024.jpg
000463.jpg,http://cdn.shopify.com/s/files/1/0089/1562/products/2015-08-04_1438655695_1024x1024.jpg
000464.jpg,http://cdn.shopify.com/s/files/1/0871/0950/products/NuMexTwilightWeb_large.jpg
000465.jpg,https://cdn.shopify.com/s/files/1/0089/1562/products/page_6e1a1269-e8a9-41db-b9b8-e6f9614c69a7_1024x1024.jpg
000466.jpg,https://i3.wp.com/pepperhead.com/wp-content/uploads/2012/10/Red-Savina-1-e1530039762484.jpg
000467.jpg,https://thumbs.dreamstime.com/z/caribbean-habanero-hot-red-chili-pepper-3-20011437.jpg
000468.jpg,https://thumbs.dreamstime.com/z/fresh-ripe-caribbean-red-habanero-hot-chili-pepper-green-stem-isolated-white-77137778.jpg
000469.jpg,https://cdn.shopify.com/s/files/1/0871/0950/products/goathornweb_2f230246-435f-4762-b973-c3282ca3adde_large.jpg
000470.jpg,https://cdn.shopify.com/s/files/1/0871/0950/products/cayenness2015_copy_large.jpg
000471.jpg,https://cdn.shopify.com/s/files/1/0089/1562/products/Pepper_-_Habanero_Red_Caribbean_seeds_3_1024x1024.jpg
000472.jpg,https://cdn.shopify.com/s/files/1/0871/0950/products/earlyjalapenoss2015_copy_large.jpg
000473.jpg,https://i2.wp.com/pepperhead.com/wp-content/uploads/2012/10/Red-Savina-1.jpg
000474.jpg,https://thumb1.shutterstock.com/display_pic_with_logo/597064/456192223/stock-photo-red-lantern-hot-ripe-habanero-hot-chili-pepper-from-caribbean-or-mexico-isolated-on-white-456192223.jpg
000475.jpg,http://plantium.ru/image/catalog/seeds/peppers/chinense/habanero/cappuccino/habanero-cappuccino-plantium.ru.jpg
000476.jpg,https://cdn.shopify.com/s/files/1/0871/0950/products/chiltepinss2015_large.jpg
000477.jpg,https://cdn.shopify.com/s/files/1/0871/0950/products/DatilWeb_copy_large.jpg
000478.jpg,https://cdn.shopify.com/s/files/1/0871/0950/products/JawalWeb_large.jpg
000479.jpg,https://thumbs.dreamstime.com/z/yellow-orange-red-lantern-hot-ripe-habanero-chili-pepper-caribbean-mexico-wooden-cutting-desk-63052488.jpg
000480.jpg,https://www.millstore.it/media/catalog/product/cache/1/image/420x/9df78eab33525d08d6e5fb8d27136e95/2/7/272213_127540_419800/l-ortolano-in-cucina-peperoncino-piccante-habanero-red-caribbean-busta-semi-con-ricetta-l-ortolano-pp0096610302-30.jpg
000481.jpg,https://i1.wp.com/pepperhead.com/wp-content/uploads/2012/10/Red-Savina-2.jpg
000482.jpg,https://thumb9.shutterstock.com/display_pic_with_logo/2021048/499694626/stock-photo-fresh-ripe-caribbean-red-habanero-hot-chili-pepper-with-green-stem-isolated-on-white-499694626.jpg
000483.jpg,https://www.chilipeppermadness.com/wp-content/uploads/2016/09/Caribbean-Style-Mango-Habanero-Hot-Sauce-Recipe1.jpg
000484.jpg,https://cdn.shopify.com/s/files/1/0871/0950/products/tabasco_large.jpg
000485.jpg,https://i2.wp.com/pepperhead.com/wp-content/uploads/2012/10/Red-Savina-3.jpg
000486.jpg,https://cdn.shopify.com/s/files/1/0871/0950/products/Malaguetapepperspile_large.jpg
000487.jpg,https://s-media-cache-ak0.pinimg.com/originals/11/c6/71/11c671a0d9612de316662001b02f41fe.jpg
000488.jpg,https://pepperhead.com/wp-content/uploads/2012/10/Red-Savina-1-e1530039762484.jpg
000489.jpg,https://c8.alamy.com/comp/HMEC96/fresh-ripe-caribbean-red-habanero-hot-chili-pepper-with-green-stem-HMEC96.jpg
000490.jpg,http://thumbs.dreamstime.com/z/different-variety-chillies-yellow-orange-red-lantern-hot-habanero-red-green-jalapeno-chili-pepper-caribbean-60769207.jpg
000491.jpg,https://c8.alamy.com/comp/R35WTH/red-hot-chilli-pepper-habanero-red-caribbean-on-a-plant-capsicum-chinense-peppers-on-a-green-plant-with-leaves-in-home-garden-or-a-farm-R35WTH.jpg
000492.jpg,https://c8.alamy.com/comp/HMECA0/bunch-of-red-lantern-hot-chilli-peppers-a-pile-of-red-lantern-habanero-HMECA0.jpg
000493.jpg,https://images.squarespace-cdn.com/content/v1/5d0eecfbbcdca40001fb34cc/1567711307465-PXLKVBYFDD41OW5W39T7/ke17ZwdGBToddI8pDm48kChfQBzc-SmuwZtJxs55nfN7gQa3H78H3Y0txjaiv_0fDoOvxcdMmMKkDsyUqMSsMWxHk725yiiHCCLfrh8O1z5QPOohDIaIeljMHgDF5CVlOqpeNLcJ80NK65_fV7S1UbvwWwPnRli9_nfj3Kk9Yylty3-mp2yQJvNDNtBOEL2N5WCyQyOJ9MaU8ZRMICBxFg/1T6A2093.jpg
000494.jpg,https://c8.alamy.com/comp/R35WTE/red-hot-chilli-pepper-habanero-red-caribbean-on-a-plant-capsicum-chinense-peppers-on-a-green-plant-with-leaves-in-home-garden-or-a-farm-R35WTE.jpg
000495.jpg,https://www.straight.com/files/v3/styles/gs_feature/public/images/19/10/ouisibistro2.jpg
000496.jpg,https://images.squarespace-cdn.com/content/v1/5d0eecfbbcdca40001fb34cc/1567711155375-4OFX8H0ZAXTW5C5WFEHO/ke17ZwdGBToddI8pDm48kPTrHXgsMrSIMwe6YW3w1AZ7gQa3H78H3Y0txjaiv_0fDoOvxcdMmMKkDsyUqMSsMWxHk725yiiHCCLfrh8O1z4YTzHvnKhyp6Da-NYroOW3ZGjoBKy3azqku80C789l0k5fwC0WRNFJBIXiBeNI5fKTrY37saURwPBw8fO2esROAxn-RKSrlQamlL27g22X2A/1T6A2043.jpg
000497.jpg,https://images.squarespace-cdn.com/content/v1/5d0eecfbbcdca40001fb34cc/1568097006117-3XU5NT8Z9UUML2KJ2JLL/ke17ZwdGBToddI8pDm48kMFiMyT1nneRMhnmfuSfpxZ7gQa3H78H3Y0txjaiv_0fDoOvxcdMmMKkDsyUqMSsMWxHk725yiiHCCLfrh8O1z4YTzHvnKhyp6Da-NYroOW3ZGjoBKy3azqku80C789l0mlM0or4nqX7jrn5yWu0hA1QXedaIFqnAbw_tQShHbKg4-O_KAc44ak5jGzrnn7f3A/1T6A2245.jpg
000498.jpg,https://images.squarespace-cdn.com/content/v1/5d0eecfbbcdca40001fb34cc/1568259939921-MX8CQMPQ6HNZS201RGML/ke17ZwdGBToddI8pDm48kLkXF2pIyv_F2eUT9F60jBl7gQa3H78H3Y0txjaiv_0fDoOvxcdMmMKkDsyUqMSsMWxHk725yiiHCCLfrh8O1z4YTzHvnKhyp6Da-NYroOW3ZGjoBKy3azqku80C789l0iyqMbMesKd95J-X4EagrgU9L3Sa3U8cogeb0tjXbfawd0urKshkc5MgdBeJmALQKw/1T6A2235.jpg
