image,source
000001.jpg,https://static.wixstatic.com/media/d45f52_c6ec67f3e277495db1bffc0581b2fa7c~mv2_d_4672_2628_s_4_2.jpg/v1/fill/w_636,h_356,al_c,q_90/d45f52_c6ec67f3e277495db1bffc0581b2fa7c~mv2_d_4672_2628_s_4_2.webp
000002.jpg,https://nanasbloomers.com/wp-content/uploads/2017/09/carmen_sweetl.jpg
000003.jpg,https://static.onecms.io/wp-content/uploads/sites/37/2016/02/01000159/101274249.jpg.rendition.largest.jpg
000004.jpg,http://i19.photobucket.com/albums/b155/Reign_O/carmen1.jpg
000005.jpg,https://farm4.staticflickr.com/3443/3816664154_729798b18c_b.jpg
000006.jpg,https://lh3.ggpht.com/_VOlE4PFFzcs/TKFBFHKxuVI/AAAAAAAAKbA/gvNtZiT7RJM/s640/DSCN5375.JPG
000007.jpg,https://cdn.shopify.com/s/files/1/0871/0950/products/carmensweet_c47f0219-defb-4d59-8e8c-75b3d8e05066_1024x1024.gif?v=1549405344
000008.jpg,https://broadbranchfarm.com/wp-content/uploads/2018/04/Giant-Marconi-Pepper-300x300.jpg
000009.jpg,https://windsongorganicfarm.com/wp-content/uploads/2016/01/peppers-300x235.jpg
000010.jpg,https://www.aspiringluddite.com/Sep11/CarmenPeppers.jpg
000011.jpg,https://www.highmowingseeds.com/media/catalog/product/cache/b881baec66cfad522cf6fcf51bd9a7b2/2/7/2787.jpg
000012.jpg,https://photos.gurushots.com/unsafe/0x0/6dbf51b713c9197a74e678d89d560b9f/3_c7890a63074e715b2bc1fd440a47bd5a.jpg
000013.jpg,https://o.aolcdn.com/images/dims?thumbnail=1044%2C503&quality=85&image_uri=https%3A%2F%2Fs3.amazonaws.com%2Fimages.comet.aol.com%2Ffood%2Frecipe%2Fmedia%2Fgrilled-eggplant-piza.jpg&client=amp-blogside-v2&signature=c320e2cc2b4dad6df84810705d55b9ea63fd9f4e
000014.jpg,https://image.shutterstock.com/image-photo/freshly-harvested-carmen-green-bell-600w-332293169.jpg
000015.jpg,https://i.ytimg.com/vi/rBzTs8-_mxY/hqdefault.jpg
000016.jpg,https://shelterislandreporter.timesreview.com/wp-content/uploads/2016/09/092216_OfftheForkpeppers1web.jpg
000017.jpg,https://i0.wp.com/thisismygarden.com/wp-content/uploads/2018/03/growing-sweet-peppers.jpg?resize=715%2C400&ssl=1
000018.jpg,https://4.bp.blogspot.com/-2LSRmWHWoEI/V4locei3V9I/AAAAAAAATx0/9VqQU7kbW7wUq4FLvHxdfc3McBAvvMH7ACLcB/s1600/1-chard-pumpkin-seed-pesto-high-insoluble-fiber-diet.JPG
000019.jpg,https://lopezislandkitchengardens.files.wordpress.com/2011/09/carmen-pepper.jpg?w=584
000020.jpg,https://www.knollwoodgardens.com/media/garden-center/2414.jpg
000021.jpg,https://riverstoneorganicfarm.com/wp-content/uploads/2016/12/riverstone-sweet-pepper-relish.jpg
000022.jpg,https://daysingarden.files.wordpress.com/2019/04/img_8022.jpeg
000023.jpg,https://lh5.ggpht.com/_VOlE4PFFzcs/TMZDG2cjb8I/AAAAAAAAKr8/GeKhcpSUbN0/s640/DSCN5506.JPG
000024.jpg,http://3.bp.blogspot.com/_d-vhhHmSNtc/TLdNKt-b0bI/AAAAAAAAALE/npC4VATuBWw/s1600/IMG_7524.JPG
000025.jpg,https://c8.alamy.com/comp/GNBREN/red-carmen-peppers-GNBREN.jpg
000026.jpg,http://www.field-goods.com/wp-content/uploads/2017/07/d2925cfe-4e4e-4d71-8d66-565fe57cdf55.jpg
000027.jpg,https://media-cdn.tripadvisor.com/media/photo-s/16/fb/b5/07/lista-la-pizza.jpg
000028.jpg,https://c1.staticflickr.com/3/2511/3758222225_a50564113d_b.jpg
000029.jpg,https://tipsfromashton.files.wordpress.com/2014/06/blog21.jpg
000030.jpg,https://www.gannett-cdn.com/-mm-/cc9b9306bcc485f7742aa512591c882360204bab/c=5-0-4027-3024/local/-/media/2017/10/23/INGroup/Evansville/636443783131930430-5-1025-evfe-ev-carmen.jpg?width=540&height=405&fit=crop
000031.jpg,https://2.bp.blogspot.com/-SlqRWGV0rF0/W70kt5DcdSI/AAAAAAAAkH0/poD9cI0ipUoiDjjN1EOhj1tmZd4NEB4xACLcBGAs/s320/carmen%2Band%2Bpoblano%2Bpeppers%2Blate%2Bfall.jpg
000032.jpg,https://media-cdn.tripadvisor.com/media/photo-s/14/f2/38/6e/carmen-s-homemade-pepper.jpg
000033.jpg,https://signofthesauce.com/wp-content/uploads/2017/10/Carmen-Italian-Sweet.jpg
000034.jpg,https://seedsnsuch-qb2qm0z.netdna-ssl.com/wp-content/uploads/2018/11/Pep_Colossal_cmyk-1-500x500.jpg
000035.jpg,https://www.gardentags.com/plant-encyclopedia/images/33877/capsicum-annuum-carmen.jpeg
000036.jpg,https://i2.wp.com/happyacres.blog/wp-content/uploads/2017/10/sweetpeppersoct17.jpg?ssl=1
000037.jpg,https://scontent-lhr3-1.cdninstagram.com/vp/0da5dda7d31801d8daed93ab12149779/5DDB7751/t51.2885-15/sh0.08/e35/c0.180.1440.1440a/s640x640/66855938_2484557474933942_8961111968199399407_n.jpg?_nc_ht=scontent-lhr3-1.cdninstagram.com&ig_cache_key=MjExMDY4MzM1NzM2NTMxMjU4MQ%3D%3D.2.c
000038.jpg,https://lh4.ggpht.com/-KtSzmvR0woA/UwE1aeU9c8I/AAAAAAAAR1M/xWJZTwckLZw/DSCN1793.JPG
000039.jpg,https://data.thefeedfeed.com/recommended/post_3021203.jpeg
000040.jpg,http://lh6.ggpht.com/-FzNLCItJEdM/UdniXEmworI/AAAAAAAAP64/CUaOmsMov3M/DSCN0266.JPG
000041.jpg,https://cdn0.wideopeneats.com/wp-content/uploads/2018/07/img_1537-716x1024.jpg
000042.jpg,https://images-eu.ssl-images-amazon.com/images/I/41MlpHtdbdL.jpg
000043.jpg,https://daysingarden.files.wordpress.com/2019/04/img_8029.jpeg
000044.jpg,https://i.ytimg.com/vi/N_b6PsTG1zg/maxresdefault.jpg
000045.jpg,https://dwgfmnrdprofc.cloudfront.net/wp-content/uploads/2013/02/main_chiles.jpg
000046.jpg,https://www.thespruceeats.com/thmb/Uoax2TRZqJRHBMUjVjaGRhaulc8=/2000x1125/smart/filters:no_upscale()/Peppers-Sweet-Mix-579bb8773df78c3276657310.jpg
000047.jpg,https://c8.alamy.com/comp/GNBREP/red-carmen-peppers-GNBREP.jpg
000048.jpg,https://2.bp.blogspot.com/_BPxgTMOFcOw/TIhNMkJVtdI/AAAAAAAACx8/rQtFmMi1OQM/s640/Peppers,+Carmen+and+Rud+-+best.jpg
000049.jpg,https://battlegroundcsa.files.wordpress.com/2015/07/2015-07-12-11-41-09-2-e1436719616291.jpg?w=300
000050.jpg,http://cleaneatsfastfeets.com/wp-content/uploads/2012/09/Pepper-City1.jpg
000051.jpg,https://rtrfm.com.au/wp-content/uploads/2017/04/IMG_0401.jpg
000052.jpg,https://cdn.winsightmedia.com/platform/files/public/fsd/recipedia/mango-potstickers-recipe.jpg
000053.jpg,https://ssl.c.photoshelter.com/img-get2/I0000SFAl0ngVyXs/fit=1000x750/060714-Doraville-12.jpg
000054.jpg,https://assets.epicurious.com/photos/5935a56d28c138793bdd9635/16:9/w_2560,c_limit/HOW-TO-CUT-A-BELL-PEPPER-02062017-03.jpg
000055.jpg,https://lh6.ggpht.com/_VOlE4PFFzcs/S5RpHZ0UoVI/AAAAAAAAJZA/sGPq-pO-HOU/s640/DSCN4410.JPG
000056.jpg,https://s3.amazonaws.com/sfc-dynamic-content/gallery/3371/original/1354486116_77dc0e57b84b.jpg
000057.jpg,https://s3.amazonaws.com/sfc-dynamic-content/gallery/29/w500/DSC_1722.JPG
000058.jpg,https://farm4.staticflickr.com/3423/3272960776_75530bcb3d_z.jpg?zz=1
000059.jpg,https://hhfood.files.wordpress.com/2014/10/img_1978.jpg
000060.jpg,https://cdn.shopify.com/s/files/1/1654/8555/products/148d_-_Carmen_250x250@2x.jpeg?v=1551467203
000061.jpg,https://all-americaselections.org/wp-content/uploads/2016/11/Carmen-pepper-recipe-768x994.jpg
000062.jpg,https://daysingarden.files.wordpress.com/2019/04/img_8004.jpeg
000063.jpg,https://www.everythingwine.ca/media/wysiwyg/PDP-Promo/tasting-images/RedBellPepper.jpg
000064.jpg,http://statebystategardening.com/images/uploads/article_uploads/14JanUMW_W2-A_2b.jpg
000065.jpg,https://assets.epicurious.com/photos/5935a56d051f6e1efc1c8d13/6:4/w_1600%2Cc_limit/HOW-TO-CUT-A-BELL-PEPPER-02062017-01.jpg
000066.jpg,https://media.gettyimages.com/videos/hand-taking-green-chili-pepper-from-bowl-playa-del-carmen-quintanaroo-video-id83817203?s=640x640
000067.jpg,http://www.feldoncentral.com/garden/photos/d/4075-1/CIMG2221-carmenpepper2.jpg
000068.jpg,https://render.fineartamerica.com/images/rendered/default/poster/8/10/break/images/artworkimages/medium/1/tres-capcesium-carmen-williams.jpg
000069.jpg,https://pbs.twimg.com/media/EBGLe7bXoAA3wjk.jpg
000070.jpg,https://www.thespruceeats.com/thmb/UXEQ2D6wEPKC9MyyTU-sk5Rcpx8=/960x0/filters:no_upscale():max_bytes(150000):strip_icc()/Peppers-Sweet-Mix-579bb8773df78c3276657310.jpg
000071.jpg,https://5.imimg.com/data5/WR/TV/MY-6792360/special-cashew-pepper-karsev-500x500.jpg
000072.jpg,https://thumbs.dreamstime.com/z/macrophotography-green-stipe-red-husk-fresh-sweet-bell-pepper-closeup-to-110756788.jpg
000073.jpg,https://media-cdn.tripadvisor.com/media/photo-s/0a/55/86/04/seared-tuna-in-three.jpg
000074.jpg,https://lh6.ggpht.com/_VOlE4PFFzcs/Sqvh3il032I/AAAAAAAAH4w/legA4i2RLc8/s640/DSCN3373.JPG
000075.jpg,https://elkstonefarm.com/wp-content/uploads/2017/06/DAvigion-radish-wheel-300x300.jpg
000076.jpg,https://www.picclickimg.com/d/l400/pict/173076804308_/Corno-di-Toro-Rosso-Red-Pepper-Seeds-75.jpg
000077.jpg,https://thumbs.imagekind.com/canvas2/blurred/a48b1e42-2269-4ac2-9b86-c6baf2700e9f_11_650/Carmen-Sweet-Pepper_art.png?v=04102014-1492805295
000078.jpg,https://www.homemadefoodjunkie.com/wp-content/uploads/2015/11/IMG_9340-1024x530.jpg
000079.jpg,https://c1.staticflickr.com/5/4321/35765160311_8e06661a2f_b.jpg
000080.jpg,https://ae01.alicdn.com/kf/HTB1D3szXOYrK1Rjy0Fdq6ACvVXam.jpg
000081.jpg,https://1.bp.blogspot.com/-u2c2qgm6U2M/TnE4AFtf2TI/AAAAAAAAE2I/50jCnN0XZeM/s640/Carmen+pepper+Sept+12+2011+dollar.jpg
000082.jpg,https://seedsnsuch-qb2qm0z.netdna-ssl.com/wp-content/uploads/2018/11/escamillo-1.jpeg
000083.jpg,https://scontent-cdt1-1.cdninstagram.com/vp/0c9d99e1c4eb83d3e958b384ade21496/5DEA6BB2/t51.2885-15/e35/c0.35.1080.1080a/s320x320/40981026_661374277581175_906935016275981636_n.jpg?_nc_ht=scontent-cdt1-1.cdninstagram.com&ig_cache_key=MTg3NDEyMjE5MjQ4OTY3OTY3NA%3D%3D.2.c
000084.jpg,https://daysingarden.files.wordpress.com/2016/09/img_2298.jpg?w=595&h=457
000085.jpg,https://135457-437256-raikfcquaxqncofqfm.stackpathdns.com/wp-content/uploads/2013/08/untitled-6-of-47.jpg
000086.jpg,http://www.johnstonplants.com/images/peppers/carmen_2.JPG
000087.jpg,https://broadforkfarm.files.wordpress.com/2015/08/carmen-market-booth.jpg
000088.jpg,https://farm4.static.flickr.com/3681/11382851066_05cc197d57_b.jpg
000089.jpg,https://st.hzcdn.com/fimgs/6db2aa3904b37aad_8495-w500-h280-b0-p0--.jpg
000090.jpg,https://c8.alamy.com/comp/GX75EP/romanian-gogosari-and-carmer-peppers-in-a-basket-at-the-market-GX75EP.jpg
000091.jpg,https://www.grow-it-organically.com/images/pepper-carmen-wk15-4v-l.jpg
000092.jpg,https://discovermbg.files.wordpress.com/2018/08/food-004-sweet-bell-pepper-capsicum-annuum-carmen-incr.jpg?w=360
000093.jpg,https://media.gettyimages.com/photos/carmen-sweets-picture-id991733544
000094.jpg,https://lh6.ggpht.com/_VOlE4PFFzcs/TB7M7d_eC4I/AAAAAAAAJ9k/I2vXIORaVGs/s640/DSCN4926.JPG
000095.jpg,https://s3-media1.fl.yelpcdn.com/bphoto/d0LS_d7mLtMSBuAIRf4T_g/o.jpg
000096.jpg,https://www.freshpicks.com/spree/products/1260/large/gypsypeppers.jpg?1551446649
000097.jpg,https://farm3.staticflickr.com/2051/2482323325_5a45c30914_z.jpg?zz=1
000098.jpg,https://tipsfromashton.files.wordpress.com/2015/07/blog2.jpg
000099.jpg,https://1.bp.blogspot.com/-hQ-C63da86Y/V5E2FJkrQbI/AAAAAAAAT0k/OV7qqZyEqVwKTzXRDnlFGbvw6SCrzhGLQCLcB/s1600/1-chard-pumpkin-seed-pesto-rotini-pasta-peppers.JPG
000100.jpg,http://www.root5farm.com/uploads/2/5/9/3/25931415/141088910.jpg?222
000101.jpg,https://milecreekfarm.files.wordpress.com/2017/08/img_3006.jpg?w=656
000102.jpg,http://roottofruit.recipes/wp-content/uploads/2017/10/Peppers-300x234.jpg
000103.jpg,https://daysingarden.files.wordpress.com/2019/04/img_7957.jpeg
000104.jpg,https://flflr.luluslocalfood.com/Picture/Sized(500,350)/6618.jpg
000105.jpg,https://i.ytimg.com/vi/SkhZVifFDng/maxresdefault.jpg
000106.jpg,https://www.dewharvest.com/uploads/3/4/5/4/34546214/carmen-june-3_orig.jpg
000107.jpg,https://c8.alamy.com/comp/GNBRE2/red-carmen-peppers-GNBRE2.jpg
000108.jpg,https://seedsnsuch-qb2qm0z.netdna-ssl.com/wp-content/uploads/2018/11/Pep_Mucho_Nacho_cmyk-1-500x500.jpg
000109.jpg,https://s3-media4.fl.yelpcdn.com/bphoto/EuOTaVoqcEKul6lPEdIvSw/o.jpg
000110.jpg,https://www.fairdare.org/uploads/3/7/0/3/37036495/img-3193_orig.jpg
000111.jpg,https://www.barcelo.com/pinandtravel/wp-content/uploads/2019/03/Ap1-2-1024x466.jpg
000112.jpg,https://media-cdn.tripadvisor.com/media/photo-s/09/e9/9d/b2/carmen-de-aben-humeya.jpg
000113.jpg,https://cdn.shopify.com/s/files/1/0094/1312/products/RoastedRedPepperSoup_2bb3bc0a-931b-455b-acd0-23e352b1d1af_1024x1024.jpg?v=1409590624
000114.jpg,https://secureservercdn.net/184.168.47.225/39e.f98.myftpupload.com/wp-content/uploads/2014/09/peppers-from-garden.jpg
000115.jpg,https://media.gettyimages.com/photos/gutted-out-peppers-await-the-next-step-as-carmen-darville-of-round-picture-id112897556
000116.jpg,https://farm3.staticflickr.com/2628/3858907865_aeb285dace_b.jpg
000117.jpg,https://66.media.tumblr.com/0d332dbf69a8c74aeb987aee2027af38/tumblr_obwpydvrKu1szv5pro1_1280.jpg
000118.jpg,http://bhorganicproduce.com/wp-content/uploads/2015/08/peppers-carmen.jpg
000119.jpg,https://thumbs.dreamstime.com/z/orange-yellow-red-bell-pepper-costoluto-genovese-tomato-wood-background-67767597.jpg
000120.jpg,https://www.farmerdaves.net/wp-content/uploads/2018/01/Carmen-Peppers-smaller-file-600x400.jpeg
000121.jpg,https://hips.hearstapps.com/del.h-cdn.co/assets/17/18/1024x682/gallery-1493992932-italian-sausage-stuffed-peppers-5hhsm.jpg?resize=480:*
000122.jpg,https://www.salttable.com/wp-content/uploads/Carmencrab-tomato-salad-768x576.jpg
000123.jpg,https://www.garnishwithlemon.com/wp-content/uploads/2018/06/Grilled-Peppers-with-Goat-Cheese-1-of-2.jpg
000124.jpg,https://s3.amazonaws.com/grazecart/blackbottomfarmcollective/images/th_1565943913_5d566869789c4.PNG
000125.jpg,https://t3.ftcdn.net/jpg/02/87/90/28/500_F_287902868_BHT4ADJgmdfSBMS2PBXCY0BRq3hOZjJb.jpg
000126.jpg,https://carmensspinalcare.com.au/wp-content/uploads/2019/01/capsicum-Parkinsons.jpg
000127.jpg,https://daysingarden.files.wordpress.com/2019/04/img_7973.jpg
000128.jpg,https://birminghamfoodgirl.files.wordpress.com/2009/08/blog-aug-2009-025.jpg?w=225&h=300
000129.jpg,https://1.bp.blogspot.com/-6ASQB0s1guE/W70lUJhYTcI/AAAAAAAAkIM/T-CVntioDzwpsbLdEqQaOQGYmooZa-JCgCLcBGAs/s320/poblano%2Band%2Bcarmen%2Bpeppers%2Band%2Beggplant.jpg
000130.jpg,https://s3.amazonaws.com/media01.bigblackbag.net/15506/portfolio_media/lwsm_dsc05668_126.jpg
000131.jpg,https://piedmontgardener.files.wordpress.com/2013/08/ripening-carmens.jpg
000132.jpg,https://images.freshop.com/6900351/062053b32cbdcceeae085e9a40167064_medium.png
000133.jpg,https://scontent-lga3-1.cdninstagram.com/vp/37159be9fd65131b48803fb714bf9216/5E3D0207/t51.2885-15/sh0.08/e35/c0.115.1440.1440a/s640x640/69107894_400915873951226_5622450218560740042_n.jpg?_nc_ht=scontent-lga3-1.cdninstagram.com&_nc_cat=102
000134.jpg,http://palmitersgardennursery.com/wp-content/uploads/2011/02/Carmen.jpg
000135.jpg,https://pbs.twimg.com/media/Chv7t7LUkAkd3jf.jpg
000136.jpg,https://media-cdn.tripadvisor.com/media/photo-s/10/62/39/b9/salt-and-pepper-chicken.jpg
000137.jpg,https://broadbranchfarm.com/wp-content/uploads/2018/01/Peppers-300x300.jpg
000138.jpg,http://owossoorganics.com/wp-content/uploads/2013/10/carmen-sweets-on-the-vine.jpg
000139.jpg,http://4.bp.blogspot.com/_6MKBhuBDOSk/SqW2Abpr29I/AAAAAAAACsE/leTCwgQAC8E/s400/peppers.jpg
000140.jpg,https://lh5.ggpht.com/_VOlE4PFFzcs/TCjdtdmjUHI/AAAAAAAAKAE/5M7mXhzYm5s/s640/DSCN4990.JPG
000141.jpg,https://cdn.shopify.com/s/files/1/1801/2309/products/9360806_3b3d65d3-03cc-4ec4-a74d-d63de0e3ce29_grande.jpg?v=1563551985
000142.jpg,http://www.feldoncentral.com/garden/photos/d/4909-2/CIMG2812-harvest5.jpg
000143.jpg,https://66.media.tumblr.com/03adb9cf33a6c6aa1bccd1c68c650570/tumblr_nu097i3ZKK1szv5pro1_1280.jpg
000144.jpg,https://stoutoakfarm.net/wp-content/uploads/IMG_4620.jpg
000145.jpg,https://i0.wp.com/happyacres.blog/wp-content/uploads/2018/10/carmenescamillooct18.jpg?ssl=1
000146.jpg,https://extension.umn.edu/sites/extension.umn.edu/files/styles/crop_featured_image_crop/public/Capsicum-carmen-flower1.jpg?h=f10323f3&itok=SvNrH-wj
000147.jpg,https://i.ebayimg.com/images/g/bx0AAOSwF1dUSRvn/s-l300.jpg
000148.jpg,https://imgur.com/DFOg3o4.jpg
000149.jpg,https://www.dewharvest.com/uploads/3/4/5/4/34546214/marconi-carmen-may-27_orig.jpg
000150.jpg,https://scontent-lga3-1.cdninstagram.com/vp/35a91fbc2053fc035eb086677a2f2bc8/5DE78B0B/t51.2885-15/sh0.08/e35/s640x640/66149783_164565967924942_121895951600896808_n.jpg?_nc_ht=scontent-lga3-1.cdninstagram.com
000151.jpg,https://3.bp.blogspot.com/_BPxgTMOFcOw/TIhLsSqneRI/AAAAAAAACxc/vocADSC5v4k/s640/Peppers,+Carmen+in+sink.jpg
000152.jpg,https://ssmscdn.yp.ca/image/resize/e2840e57-46f7-4f12-8c04-d6d5e7248a7d/ypui-d-mp-pic-tb/catered-by-carmen-4.jpg
000153.jpg,https://broadforkfarm.files.wordpress.com/2014/08/carmen-peppers.jpg
000154.jpg,https://www.picclickimg.com/d/l400/pict/183728897740_/Looney-Tunes-Warner-Bros-Large-Salt-Pepper-Shaker.jpg
000155.jpg,https://images.reverb.com/image/upload/s--UxNMysdt--/a_exif,c_limit,e_unsharp_mask:80,f_auto,fl_progressive,g_south,h_620,q_90,w_620/v1445284751/oirm1k1al30tb0wxovqg.jpg
000156.jpg,https://2.bp.blogspot.com/-fx7HKJcUumU/V8RkkJo9rWI/AAAAAAAAE8U/QNH8O9ckeT0jVEORItThZFcQbDRoAUo8gCLcB/s400/2016-08-29%2B-%2BPeppers.1jpg%2Bcopy.jpg
000157.jpg,https://i1.wp.com/reddirtsite.wpengine.com/wp-content/uploads/2010/02/694.jpg?resize=429%2C640&ssl=1
000158.jpg,https://flflr.luluslocalfood.com/Picture/Sized(500,350)/10513.jpg
000159.jpg,https://powellgardens.org/wp-content/uploads/Carmen-Italian-Frying-PepperSweet-760x608.jpg
000160.jpg,https://www.choctawnation.com/sites/default/files/inline-images/Screen%20Shot%202018-07-10%20at%203.08.53%20PM.png
000161.jpg,https://www.thecarmenhotel.com.ph/wordpress/wp-content/uploads/2017/10/naga-favorites-buffet-the-carmen.jpg
000162.jpg,https://s3.eu-west-2.amazonaws.com/growinginteractive/blog/caloro-pepper-2x.jpg
000163.jpg,https://lh4.ggpht.com/_VOlE4PFFzcs/TbSVD2SE-ZI/AAAAAAAALaY/5w99Ivlp6Tc/s640/DSCN6221.JPG
000164.jpg,http://carmencitta.me/wp-content/uploads/2018/06/Carmencitta-Magazine-STUFFED-POBLANO-PEPPERS-WITH-AVOCADO-CILANTRO-SAUCE-2-819x1024.jpg
000165.jpg,http://terredicarmen.net/wp-content/uploads/2018/10/mediterranean-cuisine-2378758_1920.jpg
000166.jpg,http://momtothescreamingmasses.typepad.com/.a/6a00d83451ba6569e201b7c85f20cb970b-pi
000167.jpg,https://image.shutterstock.com/z/stock-photo-hot-chili-peppers-for-cooking-spicy-hot-sauce-in-mexican-food-habanero-pepper-jalape-o-anahiem-1269561787.jpg
000168.jpg,http://weaversorchard.com/wp-content/uploads/2014/05/Carmen-Pepper-dark-side-squirrells-e1400090096442.jpg
000169.jpg,https://foxlinecityfarm.files.wordpress.com/2016/08/img_1068.jpg?w=584&h=584
000170.jpg,https://media-cdn.tripadvisor.com/media/photo-s/05/bf/01/7e/la-cueva-del-chango.jpg
000171.jpg,https://www.davidjones.com/productimages/magnify/1/1829866_18463689_1427196.jpg
000172.jpg,https://media.gettyimages.com/photos/poblano-and-serrano-chili-peppers-are-seen-in-dishes-at-the-el-bajio-picture-id909819846?s=612x612
000173.jpg,https://static1.squarespace.com/static/54ca5e62e4b0f1b73862e8db/t/57bb8526893fc0e9fe427990/1471907138809/
000174.jpg,http://chickinthekitchen.com/wp-content/uploads/2011/08/20110824csa11.jpg
000175.jpg,https://macore.com/categories/stream_tag/EB2V5222.jpg
000176.jpg,https://images.reverb.com/image/upload/s--RAI7GmwM--/f_auto,t_supersize/v1558391473/nrxvqpedfzs9zj3ycxyz.jpg
000177.jpg,https://d2fizz4npx5v6x.cloudfront.net/covers/4/4889762.jpg
000178.jpg,https://assets.amazingradio.com/wp-content/uploads/sites/2/2012/08/IZSWZDCASOER-520x520.jpeg?x64329
000179.jpg,https://img1.wsimg.com/isteam/ip/4b23a689-0998-41e2-9a7d-5fa6e029e141/7341bd50-4d00-406d-a761-dfead17964ff.jpg/:/rs=w:1280
000180.jpg,https://i1.wp.com/happyacres.blog/wp-content/uploads/2019/08/veggiesaug197.jpg?ssl=1
000181.jpg,https://www.meijer.com/content/dam/meijer/product/0071/53/3943/14/0071533943142_0_A1C1_1200.png
000182.jpg,https://img.youtube.com/vi/Bcw95vdPwgA/0.jpg
000183.jpg,https://66.media.tumblr.com/62b81af8e48db60a0987fc4daf4aa79c/tumblr_nve20wqdTJ1szv5pro1_1280.jpg
000184.jpg,https://carmenlorraine.com/wp-content/uploads/2015/06/Life-Bake-food-shots-2015-social-media-jpegs-38.jpg
000185.jpg,https://modernmoonchildonthemove.files.wordpress.com/2019/08/img_1024.jpg?w=1100
000186.jpg,https://vanstonenurseries.com/wp-content/uploads/2018/11/V-LETWON-300x300.jpg
000187.jpg,https://pbs.twimg.com/profile_images/1007199257/rock_chick_crop2_400x400.jpg
000188.jpg,https://image.isu.pub/110407133740-792d154f367f47aca88f7d67edc467a8/jpg/page_111.jpg
000189.jpg,https://esam.ir/sell/itemImages/294639/jvdt1.8926_171309-12813102!1.jpg
000190.jpg,https://www.thespruceeats.com/thmb/wrrRsVBS1o-hZaC8wL66uxgDDTk=/2592x1936/filters:no_upscale():max_bytes(150000):strip_icc()/Peppers-Green-579bb7fc5f9b589aa9661c03.jpg
000191.jpg,https://images.happycow.net/venues/1024/12/49/hcmp124956_642563.jpeg
000192.jpg,https://1.bp.blogspot.com/-UbRhWs_xE5E/UjjsbPGfDGI/AAAAAAAASpI/HtdO2lVv918/s1600/Carmen+Peppers+September+17+2013.jpg
000193.jpg,https://lh5.ggpht.com/_VOlE4PFFzcs/SljhqYDzAZI/AAAAAAAAHJg/oQS7gBMgACw/s640/DSCN2975.JPG
000194.jpg,http://www.false-idols.com/wp-content/uploads/2016/06/ATD_3926.jpg
000195.jpg,https://cdn.shopify.com/s/files/1/0758/4003/products/monza2_9571708a-2b9c-45c8-9ce3-e52ea3251f14_2048x2048.jpg?v=1482335227
000196.jpg,https://mcclendonsselect.files.wordpress.com/2011/11/img_2760.jpg
000197.jpg,http://cdn.shopify.com/s/files/1/1801/2309/products/carmen_d4215910-83e2-43eb-8aa5-1ef313e41c29_grande.jpg?v=1563551984
000198.jpg,https://piedmontgardener.files.wordpress.com/2013/08/pepper-harvest.jpg
000199.jpg,https://lh3.googleusercontent.com/b907SQ2SkV-cymtJ1EQ5oi0xSsPkHMd64-bjPAzTEafVf2vEsi55aJECA5SaUNObnlDA63BB68MPMg=w293-h220-rw
000200.jpg,https://flatbreadgarden.files.wordpress.com/2019/07/190728-pepper.jpg?w=1100
000201.jpg,https://www.johnnyseeds.com/dw/image/v2/BBBW_PRD/on/demandware.static/-/Sites-jss-master/default/dwf1f5337d/images/products/vegetables/02592_01_mellowstar.jpg?sw=280&cx=302&cy=0&cw=1196&ch=1196
000202.jpg,http://donathlakegreenhouses.com/wp-content/uploads/2016/05/36.-Carmen-Swt-PepperHPIM4179.jpg
000203.jpg,https://ae01.alicdn.com/kf/HTB1AUQyXODxK1Rjy1zcq6yGeXXa6.jpg_q50.jpg
000204.jpg,https://houseofyumm.com/wp-content/uploads/2018/02/red-pepper-soup-2-683x1024.jpg
000205.jpg,https://i1.wp.com/happyacres.blog/wp-content/uploads/2018/07/carmenjul18.jpg?resize=571%2C600&ssl=1
000206.jpg,https://news.wttw.com/sites/default/files/article/image-non-gallery/CarmenRedPepper_0.jpg
000207.jpg,https://images.thewest.com.au/publication/B88438396Z/G4BVOT4G.1-1.jpg?imwidth=810&impolicy=wan_v3
000208.jpg,https://broadforkfarm.files.wordpress.com/2016/08/shishito-filter.jpg?w=550&h=550
000209.jpg,https://www.davidlebovitz.com/wp-content/uploads/2009/04/3405862889_7c922aff1e_o.jpg
000210.jpg,https://media-exp1.licdn.com/media-proxy/ext?w=800&h=800&hash=Jm3S%2FTIrumaMbDJ92ZyQg2WwKk8%3D&ora=1%2CaFBCTXdkRmpGL2lvQUFBPQ%2CxAVta5g-0R6nlh8Tw1Iq86qK40y_6QhGVpHZFnO-IEbegcrZPSa-LITAfuDy8FwecHkckQ03LfKsQzSyD5u_LtjydYh13ZO3JZDtP15RJks0hm0etIk-dEh94JbrUbikY2MWgblaIHe5Z7-9ZQNvU3xuqtPYfNOIMQtFiBiGXd8
000211.jpg,https://daysingarden.files.wordpress.com/2019/04/img_7843.jpg
000212.jpg,https://images.squarespace-cdn.com/content/v1/51216f8ce4b0dce195c5239b/1472600307538-M583DPN56QXOJQXS79TU/ke17ZwdGBToddI8pDm48kLC6gMBTV_yQ0sTFwoxv4AdZw-zPPgdn4jUwVcJE1ZvWQUxwkmyExglNqGp0IvTJZUJFbgE-7XRK3dMEBRBhUpwEYdUWGqY6m0Qtc-P9ZBMdKf0Bh32bPHcGqZTQitXmdThTSfrBT4ZvNRg0Lev_e98/image-asset.png
000213.jpg,https://media.gettyimages.com/photos/saint-leaf-pumpkin-seeds-black-beans-pepper-almonds-and-chillis-are-picture-id895732396?s=612x612
000214.jpg,https://thumbnailer.mixcloud.com/unsafe/300x300/extaudio/5/4/c/2/b358-6488-41f4-8db5-2f507407ca0e
000215.jpg,https://doximity-res.cloudinary.com/image/upload/t_public_profile_photo_320x320/profile-placeholder-unregistered-5.jpg
000216.jpg,https://hips.hearstapps.com/vidthumb/images/delish-pepper-steak-still003-1547833259.jpg?crop=0.733xw:0.651xh;0.116xw,0.218xh&resize=1200:*
000217.jpg,https://lh6.googleusercontent.com/-OPfuggPzhI8/VSvuWp-S_sI/AAAAAAAADZI/7yhXVvlpvgo/w356-h651-no/carmen%2Bpepper%2B2.JPG
000218.jpg,https://i2.wp.com/newsvinewa.com.au/wp-content/uploads/2019/03/the-money-war-.jpg?fit=900%2C900&ssl=1
000219.jpg,https://images.squarespace-cdn.com/content/v1/586fcbb79f7456494bb709e8/1565205030320-4MB6QYZ75LM2V34EI75G/ke17ZwdGBToddI8pDm48kFjFWznSAWByFox5qCBYefEUqsxRUqqbr1mOJYKfIPR7LoDQ9mXPOjoJoqy81S2I8N_N4V1vUb5AoIIIbLZhVYxCRW4BPu10St3TBAUQYVKcAEPi_ObOJzHurSlMa2r04QG0PKbiiHSUf13h-e6CCoh2m0Z6E8EzVDls8wnkTFyI/carmens+not+ripe.jpg
000220.jpg,http://www.fairweatherfarmers.com/images/_MG_6711.JPG
000221.jpg,https://66.media.tumblr.com/26900b3e8144edec500b4655d08e12b1/tumblr_nv5tb1UuN61szv5pro1_1280.jpg
000222.jpg,https://images-na.ssl-images-amazon.com/images/I/41byu8RxXTL._SS500_.jpg
000223.jpg,https://beautythatmoves.typepad.com/.a/6a00d83452337f69e201b7c7a01005970b-800wi
000224.jpg,https://media-cdn.tripadvisor.com/media/photo-s/12/71/e2/0e/serano-pepper-with-cashew.jpg
000225.jpg,http://rtrfm.com.au/wp-content/uploads/2012/11/Caitlin-The-Money-War.jpg
000226.jpg,https://cdn.getyourguide.com/img/tour_img-1929792-146.jpg
000227.jpg,https://images.reverb.com/image/upload/s--HGGC-LZB--/a_exif,c_limit,e_unsharp_mask:80,f_auto,fl_progressive,g_south,h_620,q_90,w_620/v1518202112/s4elvyd68ipodvu7axk1.jpg
000228.jpg,https://www.ecovillage-france.com/image/cache/data/category_3/carmen-women-and-39-s-bracelet-zip-blouse-chilli-pepper-678-12295-140-women-s-tops-r-1426-500x500_0.jpg
000229.jpg,https://static.wixstatic.com/media/e92dc2_a879f5746cad42a89abd8eb64d2b7f17~mv2_d_3136_2169_s_2.jpg
000230.jpg,http://2.bp.blogspot.com/-qUT2O-uuYJ0/VeSM_ac3CII/AAAAAAAADzQ/A9_rMgz-IbA/s1600/Tomato-Watermelon-Salad.jpg
000231.jpg,https://amp.osu.edu/sites/amp/files/imce/Pictures/MellingerPhotos/Erwinia%20soft%20rot%20in%20Carmen%20pepper.JPG
000232.jpg,https://t3.thpservices.com/previewimage/gallil/ba5b422f981fd9cbeef0bb27299262df/wes-cstf000039.jpg
000233.jpg,https://ripleyorganicfarm.com/sites/default/files/styles/large/public/vegetables/carmengal.jpg?itok=0XV6NGQK
000234.jpg,https://lh3.ggpht.com/_VOlE4PFFzcs/S9daWP5D_VI/AAAAAAAAJrE/x1OIh9lbgpY/s640/DSCN4661.JPG
000235.jpg,https://image-store.slidesharecdn.com/b5cc5e55-d546-4c00-b2a8-743c3291e019-original.jpeg
000236.jpg,http://1.bp.blogspot.com/-lOwxMm-0yb0/UCw6w49g80I/AAAAAAAAEDA/7v-XqUgADrw/s1600/1.jpg
000237.jpg,http://dpcc.com/lpetix/brain/2010/suderyummypeppers.jpg
000238.jpg,https://lfmimages.blob.core.windows.net/400952-nashvillegrown/products/producers/b4c80537-64c5-478d-ae1b-aa4b333b873b/CarmenPepper.jpeg
000239.jpg,https://pbs.twimg.com/media/DS_JKq4X0AEbgXz.jpg
000240.jpg,https://foxlinecityfarm.files.wordpress.com/2016/08/img_1139.jpg?w=584&h=584
000241.jpg,https://thumbs.dreamstime.com/z/dried-chili-peppers-curry-leaves-red-hot-green-tree-white-porcelain-plate-spices-used-indian-cuisine-108568317.jpg
000242.jpg,https://t3.ftcdn.net/jpg/02/63/67/18/500_F_263671877_EC3eTFdGLZbUeEFXQBxIGU4mJAMZyq63.jpg
000243.jpg,https://d2fizz4npx5v6x.cloudfront.net/covers/1/10359838.jpg
000244.jpg,https://macore.com/categories/stream_tag/B2V5222.jpg
000245.jpg,https://i.ytimg.com/vi/BmaGN2IWo_Q/hqdefault.jpg
000246.jpg,https://farm6.staticflickr.com/5340/9706284092_8ec16ac0b5.jpg
000247.jpg,http://www.learntogarden.net/wp-content/uploads/2015/09/121Carmen-peppers.resized.jpg
000248.jpg,https://www.thespruceeats.com/thmb/T9BegUx2oT8qwfmvq6zlwvzJgk0=/425x326/filters:no_upscale():max_bytes(150000):strip_icc()/GettyImages-639871580-5c67140746e0fb000123cb63.jpg
000249.jpg,https://image.shutterstock.com/image-photo/mexican-chipotle-chili-pepper-450w-1011933700.jpg
000250.jpg,https://tipsfromashton.files.wordpress.com/2014/09/blog3.jpg
000251.jpg,https://www.garnishwithlemon.com/wp-content/uploads/2018/06/Grilled-Peppers-with-Goat-Cheese-2-of-2.jpg
000252.jpg,https://files.constantcontact.com/e86510ac001/d0ad1fcf-9a29-47e1-b0de-971034a782b5.jpg?a=1125646437737
000253.jpg,https://edge.bonnieplants.com/www/img/promos/BONNIE-PLANTS_placeholder-480x360px.png
000254.jpg,https://static.wixstatic.com/media/9b8cac_185969c7c316434a810e2d808ef28524~mv2_d_3986_3001_s_4_2.jpg/v1/fit/w_498,h_374,q_90/file.jpg
000255.jpg,https://profigazda.cdn.shoprenter.hu/custom/profigazda/image/cache/w1100h900wt1/zki/zoldsegmagok-uj/carmen.jpg?lastmod=1561022765.1568379098
000256.jpg,https://i.etsystatic.com/5716080/r/il/df2acf/1818228710/il_794xN.1818228710_bwca.jpg
000257.jpg,https://live.staticflickr.com/5569/30709507201_b2fba7e4ba_b.jpg
000258.jpg,https://bloximages.newyork1.vip.townnews.com/fauquier.com/content/tncms/assets/v3/editorial/e/00/e0089592-ccc4-11e8-bd53-ab56ef85ad4a/5bbe56ba0efc4.image.jpg?resize=1200%2C1599
000259.jpg,https://i.redd.it/ihjcwqq2l1611.jpg
000260.jpg,https://www.playadelcarmen.org/wp-content/gallery/playa-del-carmen-restaurant-guide/shredded-beef-with-habanero-peppers-on-side.jpg
000261.jpg,https://static.wixstatic.com/media/dc192a_0b78ecea8ee84cd687263f1536e64e1c~mv2_d_2784_2340_s_2.jpg/v1/fill/w_480,h_480,al_c,q_85,usm_0.66_1.00_0.01/dc192a_0b78ecea8ee84cd687263f1536e64e1c~mv2_d_2784_2340_s_2.jpg
000262.jpg,https://media-cdn.tripadvisor.com/media/photo-s/07/9b/c2/f3/salmon-with-red-pepper.jpg
000263.jpg,https://media.gettyimages.com/videos/mans-hands-cutting-green-bell-pepper-with-large-knife-playa-del-video-id83817205?s=640x640
000264.jpg,https://www.delcarmenfoods.com.mx/images/products/bell-peppers/bell-peppers-yellow-iqf-puree-271672883-v2.jpg
000265.jpg,https://images.reverb.com/image/upload/s--bZenjB3D--/f_auto,t_supersize/v1568755316/glhjfwkvdh9lfmhz9k6f.jpg
000266.jpg,https://scontent-yyz1-1.cdninstagram.com/v/t51.2885-15/e35/s240x240/71673597_167566474390738_7581374260914169683_n.jpg?_nc_ht=scontent-yyz1-1.cdninstagram.com&_nc_cat=110&oh=6a8e602fa4aff31e7383cc42931a1fa0&oe=5E3D3F80&ig_cache_key=MjE0NTQ1MDM3NDI2MDI5OTUyMQ%3D%3D.2
000267.jpg,https://www.cozumelchef.com/wp-content/uploads/2017/12/Puerto-Morelos-Cooking-Class1-thumb.jpg
000268.jpg,https://files.constantcontact.com/587d2120101/e2a2bd46-e1e5-42ec-a349-9796a2a83485.jpg?a=1131874732628
000269.jpg,https://macore.com/categories/stream_tag/EB4V5222.jpg
000270.jpg,https://i0.wp.com/glutenfreefoodsmith.com/wp-content/uploads/2016/10/Mexican-Style-Carmen-Peppers-Recipe.jpg?w=965
000271.jpg,https://daysingarden.files.wordpress.com/2018/03/fullsizeoutput_fad.jpeg?w=410&h=336
000272.jpg,http://godtricity.com/wp-content/uploads/2015/11/nardello.jpg
000273.jpg,http://ih.constantcontact.com/fs094/1103244704111/img/203.jpg
000274.jpg,http://www.likewhatmanagement.com/wp-content/uploads/2012/11/The-Money-War.png
000275.jpg,https://static.wixstatic.com/media/30f06b_3a51535a1b00418ebd4121684b8dae36~mv2.jpg/v1/fill/w_560,h_560,al_c,q_80,usm_0.66_1.00_0.01/2018-07-23%2017_37_19%201829922973067318373_.webp
000276.jpg,https://drpepper-tuition-profile-images.s3.us-west-2.amazonaws.com/f9d165b2-40b1-4f1b-80f4-9fdfbd87220a.png
000277.jpg,http://www.organikplants.com/images/1293128716_pepper_Banana.jpg
000278.jpg,https://augusta.locallygrown.net/files/product/image/226800/original/ALG_CARMEN_PHOTO.jpg?1564105327
000279.jpg,https://warhawknews.com/wp-content/uploads/2018/09/IMG_9529.jpeg
000280.jpg,https://cdn.shopify.com/s/files/1/1801/2309/products/carmen2_grande.jpg?v=1563551984
000281.jpg,https://www.chilisorte.de/fotos/Capsicum-511.jpg
000282.jpg,http://i91.photobucket.com/albums/k311/playavince_vodka/playa2006/IMG_1459.jpg
000283.jpg,https://hips.hearstapps.com/vidthumb/images/delish-pepper-steak-still003-1547833259.jpg
000284.jpg,https://images.worldtourismgroup.com/worldtourismgroup-image/north-america/566/best-markets-puebla-3.jpg
000285.jpg,https://www.annaij.com/media/catalog/product/cache/1/image/9df78eab33525d08d6e5fb8d27136e95/c/a/carmen_wg/www.annaij.com-RIBGGD2623-32.jpg
000286.jpg,https://bdn-data.s3.amazonaws.com/uploads/2019/10/31050281_H25524955-720x445.jpg
000287.jpg,https://redwagoncsa.files.wordpress.com/2017/10/img_0809.jpg?w=685
000288.jpg,https://c.stocksy.com/a/q3KA00/z9/2460398.jpg?1553400801
000289.jpg,https://image.cookly.me/tr:h-544,w-824,pr-true,rt-auto/images/authentic-mexican-3-course-meal-cooking-class_ZVCwbs0.jpg
000290.jpg,https://www.thespruceeats.com/thmb/iAcF9SufoQ-xMRUp9KFnmJSWxBQ=/425x326/filters:no_upscale():max_bytes(150000):strip_icc()/ChilestoBroil-59acb081d963ac00118709ed.jpg
000291.jpg,https://i2.wp.com/thenutritionalgardener.com/wp-content/uploads/2017/07/img_1177.jpg?w=616&h=821&ssl=1
000292.jpg,https://prodimage.images-bn.com/pimages/9780802138606_p0_v1_s550x406.jpg
000293.jpg,https://vignette.wikia.nocookie.net/carmen-the-2015-film/images/e/ed/Moana_promo_2.png/revision/latest?cb=20190708004710
000294.jpg,https://images.reverb.com/image/upload/s--0OQNhnfa--/a_exif,c_limit,e_unsharp_mask:80,f_auto,fl_progressive,g_south,h_620,q_90,w_620/v1522181434/aqjuwhcr8ibkvqj0myfe.jpg
000295.jpg,https://emeraldphotographic.org/wp-content/uploads/2015/2014_01_challenge/Carmen-Bayley-_EPS_red-pepper.jpg
000296.jpg,http://hotelcielo.com/wp-content/uploads/2012/04/chow-top1.jpg
000297.jpg,https://image.slidesharecdn.com/coloured-sweet-pepper-and-grafted-tomato-project-acorn-160216152044/95/coloured-sweet-pepper-and-grafted-tomato-project-8-638.jpg?cb=1455636197
000298.jpg,https://homesteadgardens.com/wp-content/uploads/pepper-selection-v2.jpg
000299.jpg,https://marysveggiegarden.files.wordpress.com/2017/09/peppers-escamillocarmen-dsc05227.jpg?w=584
000300.jpg,https://pixl.varagesale.com/http://s3.amazonaws.com/hopshop-image-store-production/65292043/4d10284655c7e35bba72409eacacbdc5.jpg?_ver=large_uploader_thumbnail&w=640&h=640&fit=crop&s=1afbd434ea4acd594a8f8b1a36e45163
000301.jpg,https://i.ytimg.com/vi/PkvRDtRP2Mw/hqdefault.jpg
000302.jpg,https://daysingarden.files.wordpress.com/2016/09/img_20931.jpg?w=454&h=670
000303.jpg,https://www.valpak.com/img/bpp/delcarmenguacamole.jpg
000304.jpg,https://media.istockphoto.com/photos/closeup-of-organic-carmen-peppers-on-the-vine-picture-id468597887
000305.jpg,https://image.shutterstock.com/image-photo/traditional-mexican-poblano-pepper-rajas-450w-720634630.jpg
000306.jpg,https://scontent-yyz1-1.cdninstagram.com/vp/43a4e5a5d80059591a09dde7b03b22cd/5E366656/t51.2885-15/sh0.08/e35/c0.135.1080.1080a/s640x640/40621075_296356684512468_3158491274076988171_n.jpg?_nc_ht=scontent-yyz1-1.cdninstagram.com&_nc_cat=100
000307.jpg,https://www.tintjournal.com/images/in_conversation/Yellow_Spread01.jpg
000308.jpg,https://curbstonevalley.com/wp-content/uploads/2010/08/carmen-240x300.jpg
000309.jpg,https://lh3.googleusercontent.com/dDv_vf_9KYbUuCu-a5B_h3e-gyw65Qyl_Hy_50R8BklAE9bEiZFpNiWWMcbLfKNm-Wv5jETW0xmPyQ=w640-h518-rw-no
000310.jpg,https://d2fizz4npx5v6x.cloudfront.net/covers/1/10341086.jpg
000311.jpg,https://foxlinecityfarm.files.wordpress.com/2016/08/img_1143-1.jpg?w=584&h=584
000312.jpg,https://www.scout-model.com/system/photos/asset_imgs/original/eef1937629bd2ddb83e3b422d7a4d50c950ade60.jpg
000313.jpg,https://66.media.tumblr.com/6b9905f7701ca6f07de3890010cfb519/tumblr_owrjzxcEHb1t22w7mo1_1280.jpg
000314.jpg,https://media-cdn.tripadvisor.com/media/photo-s/16/8f/21/52/sirloin-steak-and-pepper.jpg
000315.jpg,https://cdn.shopify.com/s/files/1/1801/2309/products/image1_copy_grande.jpeg?v=1563551984
000316.jpg,https://fremantleherald.files.wordpress.com/2017/07/27arts.jpg?w=700
000317.jpg,https://fastly.4sqi.net/img/general/699x268/119140837_f9W6tdJnqa18crGJIbvxzo2X3cipRhVdq7B9p5Oir8M.jpg
000318.jpg,https://img.huffingtonpost.com/asset/5cd5d4cc2500005600a38080.jpeg?ops=scalefit_630_noupscale
000319.jpg,https://www.thespruceeats.com/thmb/urV54ynhE01_0bfxcHFHC3fAbWY=/425x0/filters:no_upscale():max_bytes(150000):strip_icc()/pickled_peppers-56a58b513df78cf77288bd26.jpg
000320.jpg,https://macore.com/categories/stream_tag/B4V5222.jpg
000321.jpg,https://chefcarmensorrento.com/images/public/gallery/flex/chef-carmen4_1481117783.jpg
000322.jpg,https://kubrick.htvapps.com/htv-prod-media.s3.amazonaws.com/images/calabacitas-1571158581.png?crop=0.933xw:1.00xh;0.0343xw,0&resize=1200:*
000323.jpg,https://image.spreadshirtmedia.net/image-server/v1/mp/compositions/T813A1MPA3803PT17X72Y0D143711793FS2638/views/1,width=550,height=550,appearanceId=1,backgroundColor=FFFFFF,noPt=true,version=1564376036/opera-lyric-habanera-carmen-bizet-womens-premium-t-shirt.jpg
000324.jpg,https://i.etsystatic.com/8480248/r/il/4a1648/1888568442/il_570xN.1888568442_gfdn.jpg
000325.jpg,https://ih0.redbubble.net/image.415625293.8165/ra,unisex_tshirt,x2200,fafafa:ca443f4786,front-c,267,146,1000,1000-bg,f8f8f8.u1.jpg
000326.jpg,https://www.hellospain.eu/785-superlarge_default/organic-black-onion-cebolla-negra-bio-la-abuela-carmen-120-g.jpg
000327.jpg,https://previews.123rf.com/images/vilax/vilax1311/vilax131100322/24039351-red-and-black-emotional-ekspressiny-dance-in-the-style-of-carmen-watercolor-handmade-art-isolated.jpg
000328.jpg,http://www.pepper.ph/wp-content/uploads/2017/09/MerryMooVsCarmensBest_FI.jpg
000329.jpg,https://images.squarespace-cdn.com/content/v1/54fbb611e4b0d7c1e151d22a/1556052821106-68AH4U1KE47LS1XLY00U/ke17ZwdGBToddI8pDm48kGEd1XHoD0IARVNIBF2vSaoUqsxRUqqbr1mOJYKfIPR7LoDQ9mXPOjoJoqy81S2I8N_N4V1vUb5AoIIIbLZhVYxCRW4BPu10St3TBAUQYVKcAbF6GUbkusUFT3trZriwoKh03Cs8Nm-QlfoVLAAYaevOOZ2cO4KB_flmbz4ZdcBA/DT-Peppers-2019_1.jpg
000330.jpg,https://dwgfmnrdprofc.cloudfront.net/wp-content/uploads/2013/01/mexican_chiles_guide1.jpg
000331.jpg,https://broadforkfarm.files.wordpress.com/2015/08/market-booth-carmen.jpg?w=584&h=584
000332.jpg,https://patch.com/img/cdn/users/321568/2012/12/raw/d6899245e9839d7629a81bb7317d2271.jpg
000333.jpg,https://galleryplus.ebayimg.com/ws/web/202646533575_1_0_1.jpg
000334.jpg,https://static.wixstatic.com/media/8e1475_92e8a7bf6ffc4c38a3e76cbf7340feaa~mv2_d_3024_4032_s_4_2.jpg/v1/fit/w_498,h_664,q_90/file.jpg
000335.jpg,https://ii1.pepperfry.com/supplierpng/81e278f29d36674ef9a7c0d4f6a8b01f_1761204.png?_v=1
000336.jpg,https://images.squarespace-cdn.com/content/v1/52efa802e4b0288e8f27eceb/1538251842364-U942S01B53GW3ECMO27P/ke17ZwdGBToddI8pDm48kGzH2Znh70znqnJJI-6QNgp7gQa3H78H3Y0txjaiv_0fDoOvxcdMmMKkDsyUqMSsMWxHk725yiiHCCLfrh8O1z5QHyNOqBUUEtDDsRWrJLTmuAzgin1n8qlgarNZ0G-U3ShTLRS6oqWxhpVRHBSQ7bB3jjGLJMTN2opOcr2vI8LT/WK15+Spiaggia+Del+Carmen.png
000337.jpg,https://media-cdn.tripadvisor.com/media/photo-s/13/5a/38/98/cheese-dish-inside-of.jpg
000338.jpg,https://images.squarespace-cdn.com/content/v1/54adfabfe4b0a1c60d2f0547/1570055150037-SYUWFWT0KIYG4KWP2TNR/ke17ZwdGBToddI8pDm48kEpVg-ILAPna1wRh-xAJ9fRZw-zPPgdn4jUwVcJE1ZvWQUxwkmyExglNqGp0IvTJZUJFbgE-7XRK3dMEBRBhUpwEv36x-EUL2-BSQ5feDhwGCbXuJBFqZ-erYzVouT8yOb9TwqchglLQOCYTRn7ZGxI/image-asset.jpeg
000339.jpg,https://cdn.imgbin.com/0/11/5/imgbin-sheet-music-violin-j-w-pepper-son-cello-sheet-music-Aqsmk0JHAgMGWEYqpM1qeFaMw.jpg
000340.jpg,https://cdn.shopify.com/s/files/1/0758/4003/products/IMG_9330_2048x2048.JPG?v=1492527005
000341.jpg,https://vegetablog.files.wordpress.com/2014/09/img_1405-edit.jpg?w=584
000342.jpg,https://cdn.domestika.org/c_limit,dpr_auto,f_auto,q_auto,w_820/v1448904031/content-items/001/466/390/pimiento-original.jpg?1448904031
000343.jpg,https://houseofyumm.com/wp-content/uploads/2018/02/red-pepper-soup-3-683x1024.jpg
000344.jpg,http://citrus.floridahealth.gov/_files/_images/diabetes.png
000345.jpg,https://www.shellyshumblekitchen.com/wp-content/uploads/2016/11/logo@2x.png
000346.jpg,http://knitspot.com/wp-content/uploads/garden/carmenPepper06_08.jpg
000347.jpg,https://scontent-msp1-1.cdninstagram.com/vp/7bef1f1628667c3618ef8744a8c233ec/5E1A78BC/t51.2885-15/e35/c85.0.1270.1270a/s480x480/69061912_474651146720357_6922889548621427203_n.jpg?_nc_ht=scontent-msp1-1.cdninstagram.com&_nc_cat=105
000348.jpg,https://farm1.static.flickr.com/767/21143094893_15cb248cf6_b.jpg
000349.jpg,https://rtrfm.com.au/wp-content/uploads/2015/05/IMG_2432-540x320.jpg
000350.jpg,https://images.reverb.com/image/upload/s--6TA7rg7x--/a_exif,c_limit,e_unsharp_mask:80,f_auto,fl_progressive,g_south,h_620,q_90,w_620/v1453745030/jpu3my6ielegqmuathwb.jpg
000351.jpg,https://i0.wp.com/estia.mx/wp-content/uploads/2018/02/greek-salad-estia-cocina-griega-playa-del-carmen-quintana-roo-mexico-greek-restaurant.png?resize=300%2C300
000352.jpg,http://www.rainbowchiliseeds.com/sitebuildercontent/sitebuilderpictures/Car.JPG
000353.jpg,https://i.gr-assets.com/images/S/compressed.photo.goodreads.com/books/1348893138i/1936355._UY630_SR1200,630_.jpg
000354.jpg,https://www.ladymoonfarms.com/wp-content/uploads/2014/12/Eggplant-Roasted-Carmen-Pepper-Sauce-5-300x200.jpg
000355.jpg,https://c8.alamy.com/comp/R4E951/bremen-germany-16th-nov-2018-the-robot-luna-pepper-stands-in-the-district-branch-of-the-sparkasse-bremen-neustadt-and-listens-to-what-it-is-asked-the-robot-should-greet-customers-support-them-and-chat-a-little-with-them-credit-carmen-jaspersendpaalamy-live-news-R4E951.jpg
000356.jpg,https://cdn.shopify.com/s/files/1/1801/2309/products/9360806_e108be38-c1fd-4f66-84f1-48bd08a42edd_grande.jpg?v=1563551985
000357.jpg,https://cdn.shopify.com/s/files/1/1203/3342/products/Anis_de_Gardinia.jpg?v=1524257611
000358.jpg,https://i.etsystatic.com/7888550/r/il/2e4197/1138640668/il_794xN.1138640668_rdps.jpg
000359.jpg,https://dta0yqvfnusiq.cloudfront.net/chefcarmenatl/2017/05/Chef-Carmen-Atl-09-59275e5a4df52-225x300.jpg
000360.jpg,https://sistercarmen.org/wp-content/uploads/2016/09/helthy-food-1100x300.jpg
000361.jpg,https://www.researchgate.net/profile/Jaime_Sahagun-Castellanos/publication/266492375/figure/fig2/AS:646786209304581@1531217257987/Growth-rate-in-six-manzano-hot-pepper-landraces-growing-under-glasshouse-conditions-n_Q320.jpg
000362.jpg,https://all-americaselections.org/wp-content/uploads/2016/10/Pepper_Carmen-LD.jpg
000363.jpg,http://www.sunnylanek9.com/05-Mango_files/csss_images1/fslide514.jpg
000364.jpg,https://assets.epicurious.com/photos/54b18bbac6a78d1a4a60d66e/6:4/w_1600%2Cc_limit/395013_piquant-bell-peppers_1x1.jpg
000365.jpg,https://www.scout-management.com/system/albums/asset_imgs/retina/e3f5d64873016eb2af5ed5ddd250b5d3a3be8230.jpg
000366.jpg,https://www.hemis.fr/image-photo/3373689/espelette-pepper.jpg
000367.jpg,https://www.milaegers.com/grow/images/pepper9116.jpg
000368.jpg,https://d2fizz4npx5v6x.cloudfront.net/covers/1/10738604.jpg
000369.jpg,https://previews.agefotostock.com/previewimage/medibigoff/55422cb910d63c2a8e8b967cd756b3b7/wes-cstf01444.jpg
000370.jpg,https://macore.com/categories/stream_tag/EB5V5222.jpg
000371.jpg,https://scontent-sin2-2.cdninstagram.com/vp/e31a1d51ee8ca072466f2b1473f022b7/5DFD77C1/t51.2885-15/e35/c155.0.916.916a/s480x480/67528081_1362953880510745_5876261879635297_n.jpg?_nc_ht=scontent-sin2-2.cdninstagram.com
000372.jpg,https://chefcarmensorrento.com/images/public/slider/half_screen/chefcarmen3_1480683713.jpg
000373.jpg,https://daysingarden.files.wordpress.com/2018/03/fullsizeoutput_ea5.jpeg?w=327&h=479
000374.jpg,https://images.offerup.com/b1qq8lGOGuOixZJpl_9dfgqbKvo=/600x450/b9a8/b9a8ee1ba92b42b7ac2d95f58a031d3e.jpg
000375.jpg,https://a.wattpad.com/cover/67433810-352-k623556.jpg
000376.jpg,https://live.staticflickr.com/7050/6834687758_cb7eb51fbc_b.jpg
000377.jpg,https://clairesitchyfeet.com/wp-content/uploads/2019/09/TulumTacoCookingClass-5-1440x1080.jpg
000378.jpg,https://i.ebayimg.com/images/g/fjQAAOSwyjNbZCNP/s-l300.jpg
000379.jpg,https://t4.ftcdn.net/jpg/02/57/04/53/500_F_257045373_BRciGz1dnxi6XMC0WcgehSmFTXvKJ4lL.jpg
000380.jpg,https://scontent-sjc3-1.cdninstagram.com/v/t51.2885-15/e35/s320x320/69880883_415653145752941_5250269354483858989_n.jpg?_nc_ht=scontent-sjc3-1.cdninstagram.com&_nc_cat=105&oh=ab07927cd370931c2a1d00ef9b22e880&oe=5E2EB594&ig_cache_key=MjEzNjYyMDcxNTYxNjMzMjc5Mw%3D%3D.2
000381.jpg,http://homz.14mag.co/wp-content/assets/homedesign/hot-pepper-soup-35.jpg
000382.jpg,https://cdn.shopify.com/s/files/1/1801/2309/products/Screen_Shot_2018-12-19_at_12.55.56_PM_grande.png?v=1563551984
000383.jpg,https://ssl.c.photoshelter.com/img-get2/I0000v8LuGhBKw.I/fit=1000x750/040515-fried-green-tomatoes-charleston-1.jpg
000384.jpg,https://pbs.twimg.com/media/ECHw8T_W4AE4Whm.jpg
000385.jpg,https://live-imagecollect.s3.amazonaws.com/preview/560/ad63d2bfc448a81
000386.jpg,https://www.firstchoice.co.uk/inspire/wp-content/uploads/2018/02/FC-Blog-peppers-2-e1519055785459.jpg
000387.jpg,https://media-cdn.tripadvisor.com/media/photo-s/05/40/a1/89/mestizaje-sin-fronteras.jpg
000388.jpg,https://s3.amazonaws.com/content.sitezoogle.com/u/121488/7b567582470ef608877cd0634b588a775550d9d8/original/carmens2.jpg
000389.jpg,http://curiouslycarmen.com/wp-content/uploads/2018/02/Sabra-Hummus-Review-Superstore-Canada-Healthy-Snack.jpg
000390.jpg,https://www.pfplants.com/wp-content/uploads/2017/12/IMG_6160.jpg
000391.jpg,https://www.carmenjohnstongardens.com/wp-content/uploads/2015/07/Heart-Healthy-Groceries.jpg
000392.jpg,https://s3-media4.fl.yelpcdn.com/bphoto/_5u3ZoDtcUnTSDZSd5Zj2g/348s.jpg
000393.jpg,http://knitspot.com/wp-content/uploads/garden/carmenPeppers09_26.jpg
000394.jpg,http://www.honeywhatscooking.com/wp-content/uploads/2017/08/Grouper-La-Casa-Del-Agua-Playa-del-Carmen-Mexico-1024x511.jpg
000395.jpg,https://i0.wp.com/estia.mx/wp-content/uploads/2018/02/cropped-ktipiti-queso-feta-estia-cocina-griega-playa-del-carmen-quintana-roo-mexico-greek-restaurant-3.jpg?resize=300%2C300
000396.jpg,https://www.thespruceeats.com/thmb/3n1M12-OaxCDHkox42v_voqxmWc=/425x326/filters:no_upscale():max_bytes(150000):strip_icc()/stuffed-peppers-1500-56a8b64a3df78cf772a008b5.jpg
000397.jpg,https://preview.redd.it/2z2lblz53wj31.jpg?width=640&crop=smart&auto=webp&s=37b997dc771fe31592c8423c1bb355bcbc3bef7b
000398.jpg,https://previews.123rf.com/images/joseasreyes/joseasreyes0710/joseasreyes071000056/1976942-rose-cocoon-taken-in-carmen-de-los-martires-granada-.jpg
000399.jpg,https://d2fizz4npx5v6x.cloudfront.net/covers/1/10835459.jpg
000400.jpg,https://live.staticflickr.com/5536/25348296709_45f8a6bd40_b.jpg
000401.jpg,https://www.chilisorte.de/fotos/Capsicum-243-620x380.jpg
000402.jpg,https://static.wixstatic.com/media/e92dc2_b28d447e7504481ab4cc389d539a3860~mv2_d_3420_2706_s_4_2.jpg
000403.jpg,https://i.ebayimg.com/images/g/XxEAAOSwGZxbY1M7/s-l300.jpg
000404.jpg,https://media-cdn.tripadvisor.com/media/photo-s/0b/6e/5d/ca/stuffed-pepper-with-shrimp.jpg
000405.jpg,https://images.happycow.net/venues/1024/37/67/hcmp37678_263200.jpeg
000406.jpg,https://www.thespruceeats.com/thmb/jEjOXR0hbzCABllAPJ4Gx3yG8OM=/425x326/filters:no_upscale():max_bytes(150000):strip_icc()/stuffed-peppers_2-56a1c8893df78cf7726df2c5.jpg
000407.jpg,https://assets.epicurious.com/photos/55243acea8dd6c61540962d0/6:4/w_1600%2Cc_limit/56389445_bucatini-sausage-peppers_6x4.jpg
000408.jpg,https://beautythatmoves.typepad.com/.a/6a00d83452337f69e201bb084442b5970d-800wi
000409.jpg,https://image.slidesharecdn.com/2015ngbyearofsweetpepper-141008144648-conversion-gate02/95/2015-national-garden-bureaus-year-of-the-sweet-pepper-22-638.jpg?cb=1412779731
000410.jpg,https://media.gettyimages.com/photos/bunch-of-peppers-for-sale-at-market-picture-id970151790?s=612x612
000411.jpg,https://previews.123rf.com/images/sarahsellars/sarahsellars1307/sarahsellars130700026/20880228-habanero-chilis-in-a-local-market-in-playa-del-carmen-mexico.jpg
000412.jpg,https://cdn.shopify.com/s/files/1/1801/2309/products/9360806_7a4f15fb-f21a-405a-a87a-fe4276d94675_grande.jpg?v=1563551985
000413.jpg,https://pbs.twimg.com/media/Bz6KBmMIAAIHmKZ.jpg
000414.jpg,https://i.ytimg.com/vi/RKWaPcraFos/maxresdefault.jpg
000415.jpg,https://tribwgno.files.wordpress.com/2017/08/carmen-martinez-mugshot.jpg?quality=85&strip=all&w=400&h=225&crop=1
000416.jpg,https://lh3.googleusercontent.com/6laZLIy03AurfF4b6tPCA41e6l6fuQ5ISZkA3VCmOUxrxou4QvL1iC5P1MDkTqEGyIk_wJ9mOer1Og=w293-h220-rw
000417.jpg,https://media1.jpc.de/image/w600/rear/0/4053796005083.jpg
000418.jpg,https://macore.com/categories/stream_tag/A3V5222.jpg
000419.jpg,https://d2fizz4npx5v6x.cloudfront.net/scores-png/4/4945358.png
000420.jpg,https://ipm.illinois.edu/ifvn/photos/bacterial_leaf_spot_on_carmen_pepper.jpg
000421.jpg,https://image.shutterstock.com/image-photo/mexican-food-fried-fish-habanero-450w-1305334432.jpg
000422.jpg,https://www.thespruceeats.com/thmb/8NMys7rzv5flY8D8pGZKUj9uVHQ=/425x326/filters:no_upscale():max_bytes(150000):strip_icc()/Colorful_Bell_Peppers-5c8c9877c9e77c0001e11d5c.JPG
000423.jpg,https://www.hiddentreasuresfreo.com.au/wp-content/uploads/2017/04/The-Money-War.jpg
000424.jpg,https://www.opera-online.com/media/images/picture/article/0000/0335/1233/xl_carmen-choregies-orange-2015.jpg?1436167111
000425.jpg,https://media-cdn.tripadvisor.com/media/photo-s/0b/d9/41/38/freshly-prepared-eggs.jpg
000426.jpg,https://pbs.twimg.com/profile_images/768130155269140480/Otf_1_MZ_400x400.jpg
000427.jpg,https://media.gettyimages.com/photos/roasted-red-peppers-picture-id746033447?s=612x612
000428.jpg,http://figs4funforum.arghchive.com/ext/cyop.net/jac/garden/DSCN2729.JPG
000429.jpg,https://c8.alamy.com/comp/R4E95H/bremen-germany-16th-nov-2018-the-robot-luna-pepper-is-offline-in-the-district-branch-of-the-sparkasse-bremen-neustadt-the-robot-should-greet-customers-support-them-and-chat-a-little-with-them-credit-carmen-jaspersendpaalamy-live-news-R4E95H.jpg
000430.jpg,https://i.ebayimg.com/images/g/At4AAOxypNtSkPdl/s-l300.jpg
000431.jpg,https://thumbs.dreamstime.com/z/raw-pepper-steak-11314673.jpg
000432.jpg,https://daysingarden.files.wordpress.com/2015/07/img_3250.jpg?w=345&h=345&crop=1
000433.jpg,https://macore.com/categories/stream_tag/A5V5222.jpg
000434.jpg,https://d2fizz4npx5v6x.cloudfront.net/covers/1/10688200.jpg
000435.jpg,https://cdn10.bigcommerce.com/s-jwtn6s/products/1024/images/2636/pimiento-choricero-carmen__15606.1525552382.1000.1000.jpg?c=2
000436.jpg,https://66.media.tumblr.com/8e0c39aec50f64ac951678d09b524548/tumblr_oynhraSE0b1szv5pro1_1280.jpg
000437.jpg,https://pbs.twimg.com/media/DkKunoCU4AAXYvz.jpg
000438.jpg,https://cdn.shopify.com/s/files/1/1801/2309/products/9360806_68f52f39-cdab-43e1-97f8-1a709b0acfce_450x.jpg?v=1563551984
000439.jpg,https://media-cdn.tripadvisor.com/media/photo-s/0e/50/9c/1d/steak-and-pepper-sauce.jpg
000440.jpg,https://www.thespruceeats.com/thmb/urLjYD4cPnwecyluC64MvCh1bFY=/2000x1500/filters:no_upscale():max_bytes(150000):strip_icc()/Peppers-Orange-579bb81d5f9b589aa9661d23.jpg
000441.jpg,https://macore.com/categories/stream_tag/D4V5222.jpg
000442.jpg,https://s3.amazonaws.com/halleonard-coverimages/wl/00311084-wl.jpg
000443.jpg,https://c8.alamy.com/comp/R4E94W/bremen-germany-16th-nov-2018-the-robot-luna-pepper-stands-in-the-district-branch-of-the-sparkasse-bremen-neustadt-and-listens-to-what-it-is-asked-the-robot-should-greet-customers-support-them-and-chat-a-little-with-them-credit-carmen-jaspersendpaalamy-live-news-R4E94W.jpg
000444.jpg,https://media.gettyimages.com/photos/chamorro-adobado-marinated-pork-calf-with-wide-and-guajillo-chili-picture-id900113898?s=612x612
000445.jpg,https://media-cdn.tripadvisor.com/media/photo-s/06/ac/5b/0a/green-pepper-steak-medallions.jpg
000446.jpg,https://macore.com/categories/stream_tag/C1V5222.jpg
000447.jpg,https://c8.alamy.com/comp/R4E94J/bremen-germany-16th-nov-2018-the-robot-luna-pepper-stands-in-the-district-branch-of-the-sparkasse-bremen-neustadt-and-listens-to-what-it-is-asked-the-robot-should-greet-customers-support-them-and-chat-a-little-with-them-credit-carmen-jaspersendpaalamy-live-news-R4E94J.jpg
000448.jpg,https://cdn.shopify.com/s/files/1/1801/2309/products/9360806_8d0cb0af-4c71-420f-91da-311f3713b3d3_grande.jpg?v=1563551985
000449.jpg,https://pbs.twimg.com/media/CsWZsNCWgAAjAaH.jpg
000450.jpg,http://www.likewhatmanagement.com/wp-content/uploads/2016/10/Screen-Shot-2016-10-24-at-12.19.12-pm.png
000451.jpg,https://www.thespruceeats.com/thmb/FLkxObm80OeIxkdj7-jCQ4cj5rk=/425x326/filters:no_upscale():max_bytes(150000):strip_icc()/NEW-roasted-peppers-and-seasonal-vegetables-100884-hero-01-5c380709c9e77c000105ea34.jpg
000452.jpg,https://c8.alamy.com/comp/R4E953/bremen-germany-16th-nov-2018-the-robot-luna-pepper-stands-in-the-district-branch-of-the-sparkasse-bremen-neustadt-and-listens-to-what-it-is-asked-the-robot-should-greet-customers-support-them-and-chat-a-little-with-them-credit-carmen-jaspersendpaalamy-live-news-R4E953.jpg
000453.jpg,https://cdn.shopify.com/s/files/1/1801/2309/products/9360806_413f41d5-0bc9-440f-82bb-358b88c6a216_grande.jpg?v=1563551985
000454.jpg,https://macore.com/categories/stream_tag/A1V5222.jpg
000455.jpg,https://i.ytimg.com/vi/s1xEk3rSV8k/hqdefault.jpg
000456.jpg,https://daysingarden.files.wordpress.com/2015/08/img_3717.jpg
000457.jpg,https://media.gettyimages.com/photos/mushrooms-and-red-peppers-picture-id119834477?s=612x612
000458.jpg,https://imagery.hoteltonight.com/production/attachments/files/9819641/original_normalized.jpg?fit=crop&w=375&h=315&dpr=1&hotel_id=6481
000459.jpg,https://cdn.shopify.com/s/files/1/1801/2309/products/9360806_9f6e5100-f6f3-4a1a-a492-96527dfdcf2c_grande.jpg?v=1563551985
000460.jpg,https://pbs.twimg.com/media/B1WtZSEIEAACAjE.jpg
000461.jpg,https://www.johnnyseeds.com/dw/image/v2/BBBW_PRD/on/demandware.static/-/Sites-jss-master/default/dw7ce7c6f9/images/products/vegetables/cornito_ps.jpg
000462.jpg,https://m.media-amazon.com/images/I/61A+MuBa5pL._AC_UL320_.jpg
000463.jpg,https://daysingarden.files.wordpress.com/2015/07/img_3249.jpg?w=345&h=345&crop=1
000464.jpg,https://cdn.shopify.com/s/files/1/1095/8052/products/pepper_Lovers_large.JPG
000465.jpg,https://www.pepperscale.com/wp-content/uploads/2017/08/carmen-pepper.jpg
000466.jpg,https://all-americaselections.org/wp-content/uploads/2016/10/Pepper_Carmen-12fruits-AAS2006.jpg
000467.jpg,https://all-americaselections.org/wp-content/uploads/2016/10/Pepper_Carmen-threefruits.jpg
000468.jpg,https://all-americaselections.org/wp-content/uploads/2016/10/Pepper_Carmen-5fruits.jpg
000469.jpg,http://apps.startribune.com/blogs/user_images/sanguinic_1316007022_peppers.jpg
000470.jpg,https://bonnieplants.com/wp-content/uploads/carmen-italian-sweet-pepper.jpg
000471.jpg,http://2.bp.blogspot.com/-PfwsE6qRmjw/TnE30SwvdsI/AAAAAAAAE18/s679zsMxzo8/s1600/Carmen+Pepper+Sept+12+2011+wire+basket.jpg
000472.jpg,https://all-americaselections.org/wp-content/uploads/2016/10/Pepper_Carmen-inBasket.jpg
000473.jpg,http://demandware.edgesuite.net/sits_pod32/dw/image/v2/BBBW_PRD/on/demandware.static/-/Sites-jss-master/default/dw0929ef9c/images/products/vegetables/02993g_01_carmen.jpg
000474.jpg,https://i0.wp.com/glutenfreefoodsmith.com/wp-content/uploads/2016/10/Mexican-Style-Carmen-Peppers.jpg
000475.jpg,https://www.grow-it-organically.com/images/pepper-carmen-field2v-l.jpg
000476.jpg,https://www.grow-it-organically.com/images/f-pepper-carmen-hand1v-l.jpg
000477.jpg,https://lopezislandkitchengardens.files.wordpress.com/2011/09/carmen-pepper.jpg
000478.jpg,https://www.grow-it-organically.com/images/pepper-carmen-field1-l.jpg
000479.jpg,http://nanasbloomers.com/wp-content/uploads/2017/10/Pepper-carmen.jpg
000480.jpg,http://3.bp.blogspot.com/-SGbUBAhVLoM/TnE33nE-s8I/AAAAAAAAE2A/7afxB6LZdcU/s1600/Carmen+pepper+Sept+12+2011+dehydrator.jpg
000481.jpg,http://chezus.com/wp-content/uploads/2013/08/untitled-14-of-47.jpg
000482.jpg,http://all-americaselections.org/wp-content/uploads/2016/10/PepperCarmen.120.jpg
000483.jpg,https://s-media-cache-ak0.pinimg.com/736x/0b/09/6c/0b096c4427c18a20acdcb1b5e7c202a8.jpg
000484.jpg,http://4.bp.blogspot.com/_BPxgTMOFcOw/TKnbQDCDs6I/AAAAAAAADJk/M8-kil3_3mM/s1600/Peppers,%2BCarmen,%2Bin%2Bgarden.jpg
000485.jpg,http://1.bp.blogspot.com/-904vhNPNpsE/TnE37ssnvNI/AAAAAAAAE2E/FfpcNK-Czdo/s1600/Carmen+Pepper+Sept+12+2011+after+dehydrating.jpg
000486.jpg,https://www.grow-it-organically.com/images/f-pepper-carmen1v-l.jpg
000487.jpg,https://tipsfromashton.files.wordpress.com/2015/07/blog2.jpg
000488.jpg,https://www.piedmontfarmandgarden.com/v/vspfiles/photos/PPP033-4.jpg
000489.jpg,https://tipsfromashton.files.wordpress.com/2014/06/blog21.jpg
000490.jpg,http://all-americaselections.org/wp-content/uploads/2016/11/Carmen-pepper-recipe.jpg
000491.jpg,https://pics.davesgarden.com/pics/2007/08/08/rebecca101/32fa02.jpg
000492.jpg,https://1.bp.blogspot.com/-u2c2qgm6U2M/TnE4AFtf2TI/AAAAAAAAE2I/50jCnN0XZeM/s1600/Carmen+pepper+Sept+12+2011+dollar.jpg
000493.jpg,https://tailgatemarketfanclub.files.wordpress.com/2011/09/roasted-red-peppers-fast-veggie-side-dish-008.jpg
000494.jpg,https://media-cdn.tripadvisor.com/media/photo-s/14/f2/38/6e/carmen-s-homemade-pepper.jpg
000495.jpg,https://cayennediane.wpengine.com/wp-content/uploads/corno_di_toro-orange.jpg
000496.jpg,https://cayennediane.wpengine.com/wp-content/uploads/corno_di_toro-2.jpg
000497.jpg,https://cayennediane.wpengine.com/wp-content/uploads/corno_di_toro-yellow.jpg
000498.jpg,http://chezus.com/wp-content/uploads/2013/08/untitled-6-of-47.jpg
000499.jpg,https://www.fairdare.org/uploads/3/7/0/3/37036495/4480856_orig.jpg
000500.jpg,http://www.cayennediane.com/wp-content/uploads/corno_di_toro.jpg
000501.jpg,https://truegarden.com/wp-content/uploads/2018/01/aeroponic-pepper-seedling-sweet-carmen.jpg
000502.jpg,https://www.chilipeppermadness.com/wp-content/uploads/2018/03/802a9daf23bff040c546f525d4bd22bc.jpg
000503.jpg,https://windsongorganicfarm.com/wp-content/uploads/2016/01/peppers.jpg
000504.jpg,http://4.bp.blogspot.com/-EqF35tJasKY/V9h7b85a8lI/AAAAAAAABQk/vPhoMWyssikZnjqMkrgEnMTZPbAgw-C5gCK4B/s1600/IMG_0411.jpg
000505.jpg,https://s-media-cache-ak0.pinimg.com/736x/62/58/56/6258565a15624d47646725f84d10e59f.jpg
000506.jpg,https://www.grow-it-organically.com/images/pepper-carmen-wk15-3v-l.jpg
000507.jpg,https://s-media-cache-ak0.pinimg.com/736x/61/c9/3e/61c93ec4a3904f60b6e547f00ec619d3.jpg
000508.jpg,https://66.media.tumblr.com/6b9905f7701ca6f07de3890010cfb519/tumblr_owrjzxcEHb1t22w7mo1_1280.jpg
000509.jpg,https://seedsnsuch-qb2qm0z.netdna-ssl.com/wp-content/uploads/2018/11/Pep_Serrano_Chili_cmyk-1-500x500.jpg
000510.jpg,https://seedsnsuch-qb2qm0z.netdna-ssl.com/wp-content/uploads/2018/11/Pep_Big_Bertha_cmyk-1-500x500.jpg
000511.jpg,https://66.media.tumblr.com/b7bf2ba50831c2461642a15ff0820ad3/tumblr_owrk12vRUz1t22w7mo1_1280.jpg
000512.jpg,http://ksduino.org/match/Organic-Pepper-Carmen-Long-Sweet-ORGANIC-PRODUCE.jpg
000513.jpg,http://www.pepper.ph/wp-content/uploads/2018/12/CarmensBest_FI.jpg
000514.jpg,https://i.pinimg.com/736x/7b/cd/ec/7bcdecebbc0b0bf4713b382b63f9b50f--growing-peppers-growing-onions.jpg
000515.jpg,https://seedsnsuch-qb2qm0z.netdna-ssl.com/wp-content/uploads/2018/11/Pep_Biggie_Chile_cmyk-1-500x500.jpg
000516.jpg,https://ukcsa.files.wordpress.com/2014/07/img_7363_crop.jpg
000517.jpg,https://tipsfromashton.files.wordpress.com/2013/01/p1010013.jpg
000518.jpg,https://www.playadelcarmen.org/wp-content/gallery/playa-del-carmen-restaurant-guide/shredded-beef-with-habanero-peppers-on-side.jpg
000519.jpg,https://s-media-cache-ak0.pinimg.com/736x/cb/7d/72/cb7d72bb8609eab22e9b449f9a635bdf.jpg
000520.jpg,http://www.sorstu.ca/wp-content/uploads/2016/07/Osheaga-RHCP-29-Juillet-2016_-17.jpg
000521.jpg,https://www.playadelcarmen.org/wp-content/gallery/mexican-food-glossary/jalapeno-pepper.jpg
000522.jpg,http://cdn.shopify.com/s/files/1/0332/7621/products/2__83199.jpg
000523.jpg,https://www.johnnyseeds.com/dw/image/v2/BBBW_PRD/on/demandware.static/-/Sites-jss-master/default/dwd7fce314/images/products/vegetables/03515g_01_lunchboxpeppersmix.jpg
000524.jpg,http://www.pepper.ph/wp-content/uploads/2018/12/CarmensBest_FI-768x454.jpg
000525.jpg,https://d1bbcn6xx8qu3z.cloudfront.net/sites/default/files/styles/product_thumbnail/public/puppy-photo/Carmen-929486774.jpg
000526.jpg,http://cdn.shopify.com/s/files/1/0332/7621/products/ZGHIAC110BKSP.jpg
000527.jpg,http://www.flower-pepper.com/wp-content/uploads/2018/02/Lady-Carmen-by-Po-Yan-Leung-Side.jpg
000528.jpg,https://i.pinimg.com/originals/19/8e/01/198e016effd3d5ae8ac8b1c9e3403761.jpg
000529.jpg,https://www.playadelcarmen.org/wp-content/gallery/trip-report-my-vacation/ham-green-olive-and-pepper-pizza-at-lucky-luciano-restaurant.jpg
000530.jpg,https://www.lewisginter.org/wp-content/uploads/2014/07/CKG-Produce-2014-2.jpg
000531.jpg,https://static1.squarespace.com/static/568f642925981d5681b1a334/58e69c5986e6c0a52129ef46/58f7f0f5cd0f68b255ec5a94/1492644095831/IMG_8551.jpg
000532.jpg,https://i.pinimg.com/originals/a9/db/9f/a9db9fc58f444dd553f84d094bb938bf.jpg
000533.jpg,https://www.playadelcarmen.org/wp-content/gallery/playa-del-carmen-property/habanero-garden.jpg
000534.jpg,https://henbogle.files.wordpress.com/2012/04/img_0246.jpg
000535.jpg,https://i.pinimg.com/originals/52/14/61/521461f3cd72a7529b6ca533eebd9a89.jpg
000536.jpg,https://c8.alamy.com/comp/MCAE6D/mexico-city-mexico-ciudad-de-federal-district-distrito-df-df-cdmx-mexican-hispanic-coyoacan-del-carmen-mercado-de-coyoacan-market-produce-stand-vegetables-poblano-jalapeno-peppers-onions-potatoes-tomatoes-north-america-american-MCAE6D.jpg
