image,source
000001.jpg,https://www.cayennediane.com/wp-content/uploads/Cascabel.jpg
000002.jpg,https://www.spicesinc.com/images/product/large/1034.jpg
000003.jpg,https://www.magicplantfarms.com/wp-content/uploads/2017/01/Cascabel-Pepper.jpg
000004.jpg,https://cdn11.bigcommerce.com/s-a9b4a/images/stencil/1024x1024/products/1890/3793/Cascabel_Pepper__82442.1548098962.jpg?c=2
000005.jpg,https://i5.walmartimages.com/asr/5d56e4d6-d750-4835-a24f-05a47549e859_1.a40e217681478321721ebe52d149f317.jpeg?odnHeight=450&odnWidth=450&odnBg=FFFFFF
000006.jpg,https://upload.wikimedia.org/wikipedia/commons/2/20/Cascabelchilipeppersdried.jpg
000007.jpg,https://images-na.ssl-images-amazon.com/images/I/51z1A6Dcw0L._SX355_.jpg
000008.jpg,https://cdn2.bigcommerce.com/server2900/cd406/products/681/images/1706/Cascabel_Chili_Pic__56119.1505155329.500.500.jpg?c=2
000009.jpg,https://cdn.shopify.com/s/files/1/1420/8798/products/pepper-hot-cascabel-capsicum-annuum-seeds-amkha-seed_884_394x.jpg?v=1535012104
000010.jpg,https://www.superhotchiles.com/wp-content/uploads/2018/04/Cascabel-Pepper-Seeds.jpg
000011.jpg,https://mk0mexicanfoodjovj3d.kinstacdn.com/wp-content/uploads/2016/06/Ingredients-Cascabel-Salsa.jpg
000012.jpg,https://images-na.ssl-images-amazon.com/images/I/71ICLfgOW5L._SL1000_.jpg
000013.jpg,https://previews.123rf.com/images/huandi/huandi1212/huandi121200248/17038793-cascabel-chili.jpg
000014.jpg,https://cdn.shopify.com/s/files/1/0653/4985/products/Cascabelwhole_1024x1024_d34c0458-45af-46bf-b89e-95b86c8f4e13_1024x1024.png?v=1559051484
000015.jpg,https://www.mexicanplease.com/wp-content/uploads/2016/05/cascabel-chile-salsa-chile-closeup-without-dirt.jpg
000016.jpg,https://cdn.shopify.com/s/files/1/0200/5036/products/1893957_130724205131_02750_740x.jpeg?v=1421152205
000017.jpg,https://www.mexicoinmykitchen.com/wp-content/uploads/2017/11/Dried-Mexican-Peppers-types.jpg
000018.jpg,http://i1.wp.com/www.kitchenbelowcanal.com/wp-content/uploads/2016/02/three-chile-marinade-chili-peppers-ed3.jpg
000019.jpg,https://c8.alamy.com/comp/R1GFJ9/cascabel-bright-red-chili-peppers-closeup-view-from-above-R1GFJ9.jpg
000020.jpg,https://images-na.ssl-images-amazon.com/images/I/9173xNdW--L._SY445_.jpg
000021.jpg,https://i.ebayimg.com/images/g/scQAAOSw-CpYAvYE/s-l300.jpg
000022.jpg,https://mexicanfoodproducts.us/wp-content/uploads/2017/01/CASCABEL-PEPPER-FRESH-PRODUCE-GROUP-LLC2.jpg
000023.jpg,https://www.spicejungle.com/wp/spice/files/2016/09/cascabel-pepper-dried.jpg
000024.jpg,https://www.superhotchiles.com/wp-content/uploads/2018/11/ChilesCascabelMorado1-2018.jpg
000025.jpg,https://images-na.ssl-images-amazon.com/images/I/41lgF%2Boyc0L._SX355_.jpg
000026.jpg,https://www.chileplants.com/images/chiles/cascabel-pepper-seeds.jpg
000027.jpg,https://previews.123rf.com/images/huandi/huandi1212/huandi121200238/17038796-cascabel-and-cayenne-chili.jpg
000028.jpg,https://cdn.shopify.com/s/files/1/0871/0950/files/Guajillo-chile-seeds.jpg?v=1554243915
000029.jpg,https://www.spicejungle.com/media/catalog/product/cache/2/image/9df78eab33525d08d6e5fb8d27136e95/c/a/cascabel-chile-pepper_2.jpg
000030.jpg,http://members.chello.nl/j.pulido1/Chiles/substitute_/chilesfrescos1.jpg
000031.jpg,https://www.magicplantfarms.com/wp-content/uploads/2016/10/Cascabel-Pepper-Whole-Pods2.jpg
000032.jpg,https://i.etsystatic.com/12292559/r/il/0432be/1148395971/il_570xN.1148395971_hm30.jpg
000033.jpg,http://members.chello.nl/j.pulido1/Chiles/substitute_/chilesfrescos3.jpg
000034.jpg,https://www.southernstylespices.com/wp-content/uploads/2019/04/Dried_Chilies-Cascabel-Pepper-Whole20190125_0011-export.png
000035.jpg,https://www.thespruceeats.com/thmb/K58m0it67dkP7lQGGT2maQ6Jnl0=/5616x3159/smart/filters:no_upscale()/spicy-vivid-chili-mexican-peppers-157643424-5977b413845b340011966538.jpg
000036.jpg,https://s.yimg.com/aah/mex-grocer/chile-cascabel-dried-chile-pepper-by-el-sol-de-mexico-12.png
000037.jpg,http://www.foodsubs.com/Photos/driedchiles-OnzaRoja.jpg
000038.jpg,https://www.chilipeppermadness.com/wp-content/uploads/2013/09/Cascabel-Peppers.jpg
000039.jpg,https://www.picclickimg.com/d/l400/pict/264405094490_/Fake-Plastic-RED-CASCABEL-PEPPERS-Replica-Chile-Display.jpg
000040.jpg,https://www.fataliiseeds.net/wp-content/uploads/2018/03/cascabel_adobestock.jpeg
000041.jpg,https://cdn1.bigcommerce.com/server700/5mvrqhbm/products/253/images/145542/cascabella-pepper2__37315.1476733251.1280.1280.jpg?c=2
000042.jpg,https://cdn11.bigcommerce.com/s-p82jn6co/images/stencil/1280x1280/products/4755/1957/20551__24185.1495650729.jpg?c=2&imbypass=on
000043.jpg,http://www.chinelos.hk/uploads/9/2/5/2/92524344/s879494318611470798_p22_i2_w640.png
000044.jpg,https://c8.alamy.com/comp/E6RCYR/dried-red-hot-cascabel-chili-pepper-at-benito-juarez-market-in-oaxaca-E6RCYR.jpg
000045.jpg,https://i.ytimg.com/vi/aYpXuAnaokg/maxresdefault.jpg
000046.jpg,https://cdn.shopify.com/s/files/1/0871/0950/products/pequins.jpg?v=1548800724
000047.jpg,https://cdn11.bigcommerce.com/s-cg0adf/images/stencil/1280x1280/products/86/486/Cascabel__82734.1402684583.jpg?c=2&imbypass=on
000048.jpg,https://images.bonanzastatic.com/afu/images/2844/2316/44/Main_Picture_New.jpg
000049.jpg,http://www.foodsubs.com/Photos/driedchiles-group.jpg
000050.jpg,https://s3-media2.fl.yelpcdn.com/bphoto/dOypt6Y_h0vuWvJLVQmTpg/348s.jpg
000051.jpg,https://images-na.ssl-images-amazon.com/images/I/81TZqjWyBdL._SX522_.jpg
000052.jpg,https://media1.popsugar-assets.com/files/thumbor/BRxNpRmDlldJScaZqwl0Eg9ICDg/fit-in/1024x1024/filters:format_auto-!!-:strip_icc-!!-/2010/05/18/2/192/1922195/Cascabel/i/Cascabel-Peppers.jpg
000053.jpg,https://www.seedsbydesign.com/_ccLib/image/plants/DETA-2003.jpg
000054.jpg,https://i.pinimg.com/originals/e1/71/92/e1719220d02c25a5978a3523ab8fa5b4.jpg
000055.jpg,https://www.diversivore.com/wp-content/uploads/2016/06/Cascabel-Chilies-featured.jpg
000056.jpg,https://previews.agefotostock.com/previewimage/medibigoff/bc49a12f081a1045d96033e8ec8a43d0/sfd-322788.jpg
000057.jpg,https://res.cloudinary.com/fleetnation/image/private/c_fit,w_1120/g_south,l_text:style_gothic2:%C2%A9%20StockFood%20-%20FoodCollection,o_20,y_10/g_center,l_watermark4,o_25,y_50/v1501537203/xgzbgtncdvvgludhbcin.jpg
000058.jpg,https://www.magicgardenseeds.com/pics/mgs/1155/1000/Mexican-Chili-'Cascabel'-(Capsicum-annuum).jpg
000059.jpg,https://res.cloudinary.com/fleetnation/image/private/c_fit,w_1120/g_south,l_text:style_gothic2:%C2%A9%20Carlos,o_20,y_10/g_center,l_watermark4,o_25,y_50/v1566408560/wuctxaokfisn8niwow0p.jpg
000060.jpg,https://cdn.shopify.com/s/files/1/2132/0183/products/5515_400x400_crop_center.jpg?v=1567115439
000061.jpg,https://www.gourmetsleuth.com/images/default-source/articles/cascabel-chiles.jpg?sfvrsn=2
000062.jpg,https://m.media-amazon.com/images/I/21KDrwTn6KL._AC_UY218_.jpg
000063.jpg,https://qph.fs.quoracdn.net/main-qimg-e37d3579bcdeffafc8b88794ef6846ba.webp
000064.jpg,https://d2lnr5mha7bycj.cloudfront.net/product-image/file/large_8ba3e5f9-67b3-4c50-8812-77603a1dbdbc.jpg
000065.jpg,https://www.azuredandelion.com/images/cascabelpepperwm.jpg
000066.jpg,https://media.istockphoto.com/photos/cascabel-chili-peppers-picture-id1066616454
000067.jpg,https://i.pinimg.com/originals/db/27/b0/db27b08d1651f0226cbc0c17043379e3.jpg
000068.jpg,http://pabrashu.info/wp-content/uploads/2018/05/cascabel-pepper-rosemary-pepper-cascabel-pepper-hot-sauce.jpg
000069.jpg,http://alchemistcosmetics.co/wp-content/uploads/2019/03/cascabel-pepper-cascabel-pepper-plant-cascabel-pepper-substitute.jpg
000070.jpg,https://cdn.foodsofnations.com/wp-content/uploads/2018/08/cascabel_bola.jpg
000071.jpg,https://t2.thpservices.com/previewimage/gallil/491cc4f595c9a02fe84887cd3304a5c5/sfc-903682.jpg
000072.jpg,https://images.bonanzastatic.com/afu/images/2844/2340/30/Cascabel_Clipped_Main_Picture_2.png
000073.jpg,https://c8.alamy.com/comp/XCG1XJ/cascabel-dried-chili-pepper-XCG1XJ.jpg
000074.jpg,https://cdn.shopify.com/s/files/1/2132/0183/products/1515_1024x1024.jpg?v=1567115923
000075.jpg,http://cdn.shopify.com/s/files/1/1890/9819/articles/Guajillo-Chili-Substitute_1024x1024.jpg?v=1536483439
000076.jpg,https://thumbs.dreamstime.com/z/cascabel-chili-28364960.jpg
000077.jpg,http://linksbee.co/wp-content/uploads/2019/05/cascabel-pepper-chili-pepper-whole-cascabel-chili-pepper-seeds-cascabel-pepper-spicy.jpg
000078.jpg,https://i.guim.co.uk/img/media/92142ffb8c57dd79476d00ad491cb437c4a19e3e/0_0_3723_4311/master/3723.jpg?width=700&quality=85&auto=format&fit=max&s=0549af4d8fd7ddf61c36b901add84802
000079.jpg,https://media-cdn.tripadvisor.com/media/photo-s/17/01/de/52/baja-fish-tack-and-al.jpg
000080.jpg,https://www.pepperseeds.eu/pub/media/catalog/product/cache/51e4881dc4e265ed9adcb710d483ab73/c/h/chili_seeds_-_cascabel_2.jpg
000081.jpg,https://i5.walmartimages.com/asr/ee2453b8-d24a-4916-a956-8a78da333172_1.3636aae5b58c2b4d518819c34c0f6462.jpeg?odnHeight=450&odnWidth=450&odnBg=FFFFFF
000082.jpg,https://www.mexicoinmykitchen.com/wp-content/uploads/2017/11/Cascabel-peppers-description.jpg
000083.jpg,https://s.yimg.com/aah/mex-grocer/whole-chile-cascabel-chili-pods-mild-14.png
000084.jpg,http://cdn.shopify.com/s/files/1/0188/0032/products/chile-cascabel-whole-3-oz-pepper-heat-level-02-meta-related-collection-pps-spicepeppers-los-chileros-chilly-chiles-largest-selection-of-hot-sauce-in-canada_638_600x.jpg?v=1554381408
000085.jpg,https://i.ebayimg.com/images/g/GOwAAOSwLF1YB7YH/s-l300.jpg
000086.jpg,https://lupita.com.au/wp-content/uploads/2016/08/cascabel-pepper.jpg
000087.jpg,https://res.cloudinary.com/fleetnation/image/private/c_fit,w_1120/g_south,l_text:style_gothic2:%C2%A9%20Carlos,o_20,y_10/g_center,l_watermark4,o_25,y_50/v1566408505/jjlrowal7tqo25pxg2lh.jpg
000088.jpg,https://woodlandfoods.com/img/WF_Images/c08-cascabel-chile-main.jpg
000089.jpg,https://www.curiouscuisiniere.com/wp-content/uploads/2018/02/Mexican-Chilies-Ancho-4506.212.jpg
000090.jpg,https://wholespice.com/media/catalog/product/cache/1/image/9df78eab33525d08d6e5fb8d27136e95/c/h/chili_cascabel_pods1.jpg
000091.jpg,http://www.chinelos.hk/uploads/9/2/5/2/92524344/s879494318611470798_p10_i5_w640.png
000092.jpg,https://cdn11.bigcommerce.com/s-9d454/images/stencil/608x608/products/4939/9628/cascabel-chili-peppers-whole__68546.1299860233.jpg?c=2
000093.jpg,https://www.umami.site/wp-content/uploads/2018/03/Cascabel-Chiles-Dried-6-oz-Chili-Peppers-For-Mexican-Recipes-Tamales-Salsa-Chili-Meats-Soups-Stews-And-Grill-By-Ole-Mission-0-0.jpg
000094.jpg,https://i.pinimg.com/originals/25/fd/bf/25fdbf721fb12bd5b65de6e8c2baf517.jpg
000095.jpg,http://latinosmarket.ca/media/catalog/product/cache/1/thumbnail/600x/17f82f742ffe127f42dca9de82fb58b1/G/M/GMX240---orale-chile-cascabel.jpg
000096.jpg,https://st.focusedcollection.com/11312302/i/650/focused_157136494-stock-photo-dried-cascabel-pepper.jpg
000097.jpg,https://upload.wikimedia.org/wikipedia/commons/thumb/c/cc/Capsicum_annuum.JPG/1200px-Capsicum_annuum.JPG
000098.jpg,https://i.etsystatic.com/7824311/r/il/1be843/892731163/il_570xN.892731163_br4t.jpg
000099.jpg,https://cdn.webshopapp.com/shops/225503/files/233873499/500x350x2/dried-arbol-peppers-100g.jpg
000100.jpg,https://www.thespruceeats.com/thmb/sh5q66UaTyw96yEtztVr6GNV5ZU=/2000x1330/filters:no_upscale():max_bytes(150000):strip_icc()/GettyImages-479940437-57f95a3c3df78c690f7475df.jpg
000101.jpg,https://images-na.ssl-images-amazon.com/images/I/41o8pwKAanL.jpg
000102.jpg,https://images-gmi-pmc.edge-generalmills.com/82d5c340-4fc3-4381-8b06-ff4cbf5cab3b.jpg
000103.jpg,https://image.shutterstock.com/image-photo/dried-rattle-mexican-pepper-known-260nw-1497299783.jpg
000104.jpg,https://thumbs.dreamstime.com/z/cascabel-chili-28365009.jpg
000105.jpg,https://www.mexgrocer.co.uk/images/P/cascabel-uk.jpg
000106.jpg,https://localkitchen.files.wordpress.com/2009/09/peachbbq6.jpg?w=800
000107.jpg,https://i.pinimg.com/originals/77/48/1e/77481e4f5df7af2d36e2366261f19217.jpg
000108.jpg,https://www.chilipeppermadness.com/wp-content/uploads/2019/08/Chilaca-Peppers.jpg
000109.jpg,http://www.foodsubs.com/Photos/dearbol.jpg
000110.jpg,https://images-na.ssl-images-amazon.com/images/I/51bta9xZ7KL.jpg
000111.jpg,https://shop.westlandpeppers.com/wp-content/uploads/2017/07/gedroogde_chile_catarina_westlandpeppers-2.jpg
000112.jpg,https://www.pepperscale.com/wp-content/uploads/2015/06/cascabel-sauce_lg.jpg
000113.jpg,https://www.chilliworld.com/content/images/thumbs/0000229_chile-today-cascabel-chile-pods_550.jpeg
000114.jpg,https://i.redd.it/8j7a2jl16yy11.jpg
000115.jpg,https://www.daringgourmet.com/wp-content/uploads/2019/01/Chili-Powder-2-edited.jpg
000116.jpg,https://www.mexicoinmykitchen.com/wp-content/uploads/2017/11/Puya-pepper-description.jpg
000117.jpg,https://bluewaterpepperfarm.ca/wp-content/uploads/2019/05/Mexican-chiles-2952x2746-1024x953.png
000118.jpg,https://alchetron.com/cdn/hungarian-wax-pepper-fbb67f55-dcef-43f2-b564-a7374b65546-resize-750.jpg
000119.jpg,https://cdn.kiwilimon.com/recetaimagen/27552/26223.jpg
000120.jpg,http://cdn.shopify.com/s/files/1/0226/1751/files/ChiliPepperFieldGuide_Cascabel_grande.jpg?15481710368784968507
000121.jpg,https://i.pinimg.com/236x/f7/6a/f3/f76af3bf6b919f7eb8993cca2da11a77.jpg
000122.jpg,https://www.chilipeppermadness.com/wp-content/uploads/2019/09/Numex-Joe-E-Parker.jpg
000123.jpg,http://wlthomas.www3.50megs.com/chilessecos3.jpg
000124.jpg,http://www.foodsubs.com/Photos/cascabelchiles5.jpg
000125.jpg,https://cdn.shopify.com/s/files/1/0871/0950/files/chocolate-poblano-mulato-seeds_grande.jpg?v=1554243982
000126.jpg,https://ca-times.brightspotcdn.com/dims4/default/81ec254/2147483647/strip/true/crop/339x226+0+100/resize/1680x1120!/quality/90/?url=https%3A%2F%2Fca-times.brightspotcdn.com%2Fe8%2F5b%2F7513044eee6b0b78af9bf99c854d%2Flat-romesco3-k0k9ilnc20080523164659
000127.jpg,https://images.bonanzastatic.com/afu/images/991b/c8bd/f4d2_5223228846/s-l1600.jpg
000128.jpg,https://previews.agefotostock.com/previewimage/medibigoff/f09a5dad582f1348240d9453813b648f/sfd-144794.jpg
000129.jpg,https://www.thespruceeats.com/thmb/wgeqlarcT3PWCsObkiYbkxB7ViQ=/2000x1500/filters:no_upscale():max_bytes(150000):strip_icc()/GettyImages-550090083-57f959e93df78c690f7475c9.jpg
000130.jpg,https://www.curiouscuisiniere.com/wp-content/uploads/2018/05/Dried-Chile-Pepper-450.jpg
000131.jpg,https://ca-times.brightspotcdn.com/dims4/default/5d794c9/2147483647/strip/true/crop/1572x1048+0+476/resize/1680x1120!/quality/90/?url=https%3A%2F%2Fca-times.brightspotcdn.com%2Fa7%2F75%2Ff1fe55c3c4e2844dc31ecaae216c%2Flat-romesco2-k0k9honc20080523164558
000132.jpg,https://www.niblackfoods.com/content/images/thumbs/0001632_peppers-chili-cascabel-wh-1-lb_540.jpeg
000133.jpg,http://photos1.blogger.com/blogger/6761/386/1600/chiles%20with%20stems.0.jpg
000134.jpg,https://as1.ftcdn.net/jpg/02/85/30/40/500_F_285304062_6Q4JsmIMaZt4xWYzSFPcOHGMyYjGXSmT.jpg
000135.jpg,https://tucsonfoodie.com/wp-content/uploads/2019/07/TF-chiles-pepper-cascabel-4183.jpg
000136.jpg,https://sidwainer.com/ec/images/products/136350.jpg
000137.jpg,https://c8.alamy.com/comp/TRMT50/chile-peppers-of-mexico-food-ingredients-and-spices-TRMT50.jpg
000138.jpg,http://nebula.wsimg.com/077f568f10229100ba4d7c01c6128a7d?AccessKeyId=4666F146996DD20F0A74&disposition=0&alloworigin=1
000139.jpg,https://res.cloudinary.com/fleetnation/image/private/c_fit,w_1120/g_south,l_text:style_gothic2:%C2%A9%20Carlos,o_20,y_10/g_center,l_watermark4,o_25,y_50/v1566564405/l3r7k5pp5eclq8e9zdlr.jpg
000140.jpg,https://hispanickitchen.com/wp-content/uploads/2017/04/salsa-chile-cascabel-3-2-700x500.jpg
000141.jpg,https://www.picclickimg.com/d/l400/pict/332225002519_/Dried-New-Mexico-Chile-Chile-Colorado-WT.jpg
000142.jpg,https://pocketchangegourmet.com/wp-content/uploads/2014/04/12-Essential-Chili-Peppers.feature.jpg
000143.jpg,https://image1.masterfile.com/getImage/825-06046201em-dried-cascabel-peppers-stock-photo.jpg
000144.jpg,https://media.gettyimages.com/photos/cascabel-chili-capsicum-annuum-var-cerasiforme-on-cloth-picture-id531204143
000145.jpg,https://www.chileplants.com/images/chiles/cascabella-pepper-plants.jpg
000146.jpg,https://freebeerforyorky.com/scoville_files/images/fullscalea_11.jpg
000147.jpg,https://cdn.webshopapp.com/shops/225503/files/233871531/500x350x2/gedroogde-chipotle-peppers-1kg.jpg
000148.jpg,https://t3.ftcdn.net/jpg/02/59/14/84/240_F_259148438_9mVJfxqsySCJvTPueEzflqlcGsYovAMv.jpg
000149.jpg,http://cdn.shopify.com/s/files/1/0111/1729/7722/products/cascabel-c-label-chillies.jpg?v=1535543621
000150.jpg,https://cdn.imgbin.com/17/21/20/imgbin-hungary-cascabel-chili-cranberry-hungarian-cuisine-bell-pepper-others-fe81gU03X8izZT7pP5Bs76Gfj.jpg
000151.jpg,https://image.shutterstock.com/image-photo/dry-mexican-chilies-260nw-1019320855.jpg
000152.jpg,https://media.gettyimages.com/photos/chilli-papper-picture-id593399523?s=612x612
000153.jpg,https://portalvhds26k4f5tktj3ck.blob.core.windows.net/spotpics/sp45786.jpg
000154.jpg,https://www.chilliseedbank.com.au/media/catalog/product/cache/image/720x560/4c3462793ba5f87d7658a49338bdb5e2/b/o/bola_1.jpg
000155.jpg,https://cdn.shopify.com/s/files/1/0746/4781/products/IMG_4593.JPG?v=1559406768
000156.jpg,https://www.pepperscale.com/wp-content/uploads/2014/12/cascabel-pepper_lg-e1434035953652.jpg
000157.jpg,https://cdn.shopify.com/s/files/1/0007/7774/8546/products/Cascabel_Chiles_2000x.jpg?v=1521985929
000158.jpg,https://www.outofmex.com/wp-content/uploads/2016/07/Anaheim-Pods-e1478631564446.jpg
000159.jpg,https://www.fataliiseeds.net/wp-content/uploads/2018/03/black_kathumby-1-324x517.jpg
000160.jpg,https://www.diversivore.com/wp-content/uploads/2017/10/Smoky-Dried-Chili-Salsa-banner.jpg
000161.jpg,https://i.ytimg.com/vi/sfEh3MUjyRY/hqdefault.jpg
000162.jpg,https://www.penzeys.com/media/3246/cascabelpeppers_4oz_bag.jpg?v=28
000163.jpg,https://www.chilipeppermadness.com/wp-content/uploads/2013/09/Espanola-Pepper.jpg
000164.jpg,https://res.cloudinary.com/fleetnation/image/private/c_fit,w_1120/g_south,l_text:style_gothic2:%C2%A9%20Carlos,o_20,y_10/g_center,l_watermark4,o_25,y_50/v1566408413/tl0bi6vikycfuzxk6ves.jpg
000165.jpg,https://www.mexicoinmykitchen.com/wp-content/uploads/2017/11/Mexican-Dried-Peppers-Uses.jpg
000166.jpg,https://s3.amazonaws.com/finecooking.s3.tauntonclud.com/app/uploads/2017/04/19011041/fc029be37-09_xlg-500x500.jpg
000167.jpg,https://c8.alamy.com/comp/EA5E42/bowl-of-cascabel-chili-capsicum-annuum-var-cerasiforme-on-cloth-and-EA5E42.jpg
000168.jpg,https://www.localspicery.com/wp-content/uploads/cache/data/LOCAL-SPICERY-CHILE-CASCABEL-500x500.jpg
000169.jpg,https://i.redd.it/0de8d7trhur21.jpg
000170.jpg,https://www.southernstylespices.com/wp-content/uploads/2019/04/Dried_Chilies-Cascabel-Pepper-Whole20190125_0011-export-300x300.png
000171.jpg,https://upload.wikimedia.org/wikipedia/commons/thumb/6/69/BhutJolokia09_Asit.jpg/1200px-BhutJolokia09_Asit.jpg
000172.jpg,https://cdn11.bigcommerce.com/s-cg0adf/images/stencil/500x659/products/88/466/De_Arbol__80610.1402606317.jpg?c=2
000173.jpg,https://patijinich.com/wp-content/uploads/2011/01/DSC_0008-1024x687.jpg
000174.jpg,https://media.gettyimages.com/photos/cascabel-chili-pepper-picture-id498746101?s=612x612
000175.jpg,https://www.seedman.com/image/jf645.jpg
000176.jpg,https://thumbs.dreamstime.com/z/chili-28364675.jpg
000177.jpg,http://2.bp.blogspot.com/-1CvRdQ7Z47Y/UTyzI2E59EI/AAAAAAAACKY/E0U-B2yyX54/s1600/inkpeppers+006.JPG
000178.jpg,http://www.foodsubs.com/Photos/guajillo.jpg
000179.jpg,https://www.kuehlmann.de/wp-content/uploads/2019/02/peppadews_GB.jpg
000180.jpg,https://sidwainer.com/ec/images/products/136220.jpg
000181.jpg,https://www.laindiaherbsandspices.com/images/bulk-spices/jpeg/chile-cascabel.png
000182.jpg,https://www.superhotchiles.com/wp-content/uploads/2018/04/Aji-Dulce-Red-Chile-Plants-300x225.jpg
000183.jpg,https://www.curiouscuisiniere.com/wp-content/uploads/2018/02/Mexican-Chilies-Arbol-4519.21.jpg
000184.jpg,https://c8.alamy.com/comp/E6RCYM/dried-red-hot-cascabel-chili-pepper-at-benito-juarez-market-in-oaxaca-E6RCYM.jpg
000185.jpg,https://thumbs.imagekind.com/canvas2/blurred/839ce00f-cd01-4a08-9566-e8e88d5a6551_32_650/Chili-Peppers_art.png?v=04102014-1491775109
000186.jpg,https://www.thespiceworks.co.uk/wp-content/uploads/csm/CASCABEL_PEPPERS_DRIED_WHOLE_CHILLI_PEPPERS-400x400.jpg
000187.jpg,https://www.chilipeppermadness.com/wp-content/uploads/2013/09/Aji-Panca-Peppers-Dried.jpg
000188.jpg,https://s3.amazonaws.com/finecooking.s3.tauntonclud.com/app/uploads/2017/04/19011040/fc029be37-05_xlg.jpg
000189.jpg,https://www.daringgourmet.com/wp-content/uploads/2019/01/Chili-Powder-Pinterest-728x1697.jpg
000190.jpg,https://cdn2.bigcommerce.com/server2700/43abd/products/4250/images/13156/Brkln-Brn-Chocolate-Dulce-de-Chile-Bar__04311.1523981631.1280.1280.jpg?c=2
000191.jpg,http://shop.mexiland.ch/130-large_default/dried-chilli-cascabel-100gr.jpg
000192.jpg,https://bluewaterpepperfarm.ca/wp-content/uploads/2019/05/Mexican-cascabel-475x403.png
000193.jpg,https://www.seedman.com/image/jf597.jpg
000194.jpg,http://cdn.shopify.com/s/files/1/0814/0841/products/whole-cascabel-chiles_2_grande.jpg?v=1508285424
000195.jpg,https://image.shutterstock.com/image-photo/hybrid-capsicum-baccatum-christmas-bells-260nw-1206298711.jpg
000196.jpg,https://www.distribuidoraloscompadres.com/wp-content/uploads/2017/05/chile-chipostle-90.jpg
000197.jpg,https://thumbs.dreamstime.com/z/whole-dried-chile-cascabel-rattle-chili-pepper-cardboard-box-mexican-market-selective-focus-whole-dried-chile-cascabel-113262809.jpg
000198.jpg,https://www.mexicaansewinkel.nl/144-large_default/dried-chili-cascabel-100-gr.jpg
000199.jpg,https://www.simplyhealthyfamily.org/wp-content/uploads/2017/05/6_1024x682.jpeg
000200.jpg,https://pocketchangegourmet.com/wp-content/uploads/2013/04/Guajillo.jpg
000201.jpg,https://www.gourmetsleuth.com/images/default-source/articles/cascabel-powder-300.jpg?sfvrsn=4
000202.jpg,https://assets.epicurious.com/photos/54b5b5bb2889f660285a7985/16:9/w_2560,c_limit/EP_20140912_boone-1_6x4-lpr.jpg
000203.jpg,https://i.guim.co.uk/img/media/ae6b070aad0db8c68c27e16cc2b6d1108c25b884/0_985_3629_2176/master/3629.jpg?width=1200&height=630&quality=85&auto=format&fit=crop&overlay-align=bottom%2Cleft&overlay-width=100p&overlay-base64=L2ltZy9zdGF0aWMvb3ZlcmxheXMvdGctZGVmYXVsdC5wbmc&s=ce2e3253d79bb112be213e7ae6ccae61
000204.jpg,https://i.redd.it/p7080gz5r9e21.jpg
000205.jpg,https://pbs.twimg.com/media/BtV0rmoCEAAia5n.png
000206.jpg,https://media.istockphoto.com/photos/chilli-pepper-plants-4-cascabel-picture-id892406350
000207.jpg,https://www.diversivore.com/wp-content/uploads/2018/02/Carne-Asada-Borracha-banner-new.jpg
000208.jpg,https://www.simplyhealthyfamily.org/wp-content/uploads/2017/05/1_Fotor_1024x722.jpg
000209.jpg,http://importedmexicanfoods.com/wp-content/uploads/2017/05/Cascabel-chili-e1495071677413.png
000210.jpg,https://18cfdfd73150f69310ab-4d842a0601d0ae955a714605e7fb6d6f.ssl.cf2.rackcdn.com/4464/3009081.jpg
000211.jpg,http://chefspantry.com.au/wp-content/uploads/2015/12/cascabel.jpg
000212.jpg,https://cdn.imgbin.com/17/14/7/imgbin-cascabel-chili-chili-pepper-antipasto-cream-flavor-chili-peper-ydSscP7dnMKjdsa4ss635rjw0.jpg
000213.jpg,https://www.fataliiseeds.net/wp-content/uploads/2018/11/aji_finlandia_yellow2-324x523.jpg
000214.jpg,https://www.pepperscale.com/wp-content/uploads/2015/03/chile-de-arbol-substitute-1-768x512.jpg
000215.jpg,https://cilipipp.si/trgovina/107-large_default/cascabella-seeds.jpg
000216.jpg,https://previews.123rf.com/images/arqramos/arqramos1610/arqramos161000038/66527984-three-red-cascabel-chile-peppers-arranged-on-a-white-plate-these-peppers-are-used-for-a-traditional-.jpg
000217.jpg,http://photos1.blogger.com/blogger/6761/386/1600/chiles2.jpg
000218.jpg,https://i.ytimg.com/vi/-FUAoCqZODg/maxresdefault.jpg
000219.jpg,https://www.seedman.com/image/bm23.jpg
000220.jpg,https://sidwainer.com/ec/images/products/330030.jpg
000221.jpg,https://ca-times.brightspotcdn.com/dims4/default/09bdea8/2147483647/strip/true/crop/283x189+0+118/resize/1680x1120!/quality/90/?url=https%3A%2F%2Fca-times.brightspotcdn.com%2F51%2F68%2F713ab86fd1d9bb09882b42edc153%2Flat-romesco3-k0k9kenc20080523164731
000222.jpg,https://d2lnr5mha7bycj.cloudfront.net/product-image/file/large_9d062054-8328-45a8-9f6a-7901913ba5a5.jpg
000223.jpg,https://www.chilipeppermadness.com/wp-content/uploads/2019/08/Pasilla-Peppers.jpg
000224.jpg,https://www.mexicoinmykitchen.com/wp-content/uploads/2017/11/Mulato-pepper-1a.jpg
000225.jpg,https://rincondelchili.files.wordpress.com/2012/09/chile-cascabel_31.jpg
000226.jpg,https://upload.wikimedia.org/wikipedia/commons/thumb/0/03/Carolina_Reaper_pepper_pods.jpg/1200px-Carolina_Reaper_pepper_pods.jpg
000227.jpg,https://www.chili-shop24.com/media/image/Cascabel.jpg
000228.jpg,https://static.wixstatic.com/media/5d5896_705b30d147cb45799a033b44d593949a~mv2_d_5760_3840_s_4_2.jpg/v1/fill/w_5000,h_3333,al_c,q_85,usm_0.66_1.00_0.01/5d5896_705b30d147cb45799a033b44d593949a~mv2_d_5760_3840_s_4_2.jpg
000229.jpg,https://cdn.shopify.com/s/files/1/0027/7227/1149/products/chipotle_morita_-_smaller_1600x.jpg?v=1561613674
000230.jpg,https://www.thespruceeats.com/thmb/g4xnE9CcE9hsxQ3TUaZqET7vsls=/425x326/filters:no_upscale():max_bytes(150000):strip_icc()/DriedChiles-5a4d21a647c2660036bafad7.jpg
000231.jpg,https://cdn10.bigcommerce.com/s-lxtopnywcr/products/3156/images/2560/2173_10684476042497_1_PRODUCT_IMAGE_1__24266.1554835554.1280.1280.jpg?c=2
000232.jpg,https://cdn.rec-engine.com/pg_1,f_auto,fl_lossy,h_195,w_292,c_fill,g_auto,dpr_2,q_auto/60589877999bc4f749d6160c1d0b22f4
000233.jpg,https://c8.alamy.com/comp/EA5E44/bowl-of-cascabel-chili-capsicum-annuum-var-cerasiforme-on-cloth-and-EA5E44.jpg
000234.jpg,http://www.peppergal.com/files/1917422/uploaded/Quadrato%20de%20Asti%20Giallo.JPG
000235.jpg,http://www.diversivore.com/wp-content/uploads/2018/05/Chinese-chilies-square.jpg
000236.jpg,https://pinaenlacocina.com/wp-content/uploads/2016/08/13524570_1105540706186785_6612690576375925695_n.jpg
000237.jpg,https://www.mexicanplease.com/wp-content/uploads/2016/05/cascabel-chiles-fruity-nutty.jpg
000238.jpg,http://nebula.wsimg.com/0383f8af89273bcf8947cd308979034f?AccessKeyId=4666F146996DD20F0A74&disposition=0&alloworigin=1
000239.jpg,https://pocketchangegourmet.com/wp-content/uploads/2013/04/Jalapenos.jpg
000240.jpg,https://i1.wp.com/mandala-organic.com/wp-content/uploads/2018/03/Chili-cascabel.jpg?fit=1024%2C1024&ssl=1
000241.jpg,https://gran.luchito.com/wp-content/uploads/2014/05/cascabel-mexican-chilli-pepper.jpg
000242.jpg,https://www.seriouseats.com/images/20090930colorfulchiles.jpg
000243.jpg,https://www.magicplantfarms.com/wp-content/uploads/photo-gallery/Sriracha-Seasoning-2.jpg
000244.jpg,https://www.simplyhealthyfamily.org/wp-content/uploads/2017/05/Counting-Down-The-Five-Best-Guajillo-Pepper-Substitutes-1000x800.jpg
000245.jpg,https://www.chilipeppermadness.com/wp-content/uploads/2019/07/Cubanelle-Peppers.jpg
000246.jpg,https://www.daringgourmet.com/wp-content/uploads/2019/01/Chili-Powder-1-square-edited.jpg
000247.jpg,https://www.seedman.com/image/5039.jpg
000248.jpg,https://i.ytimg.com/vi/J_snMR_DZtw/hqdefault.jpg
000249.jpg,https://s-media-cache-ak0.pinimg.com/736x/5f/57/f8/5f57f808e60f7c180246e88ce1162d35.jpg
000250.jpg,https://www.restlesschipotle.com/wp-content/uploads/2019/08/homemade-chili-powder-pin5.jpg
000251.jpg,https://www.worldspice.com/uploads/photo/image/91/double_sized_cascabel.jpg
000252.jpg,http://www.diversivore.com/wp-content/uploads/2018/05/Morita-chipotle-chilies-square.jpg
000253.jpg,https://image.shutterstock.com/image-photo/some-types-hot-chili-peppers-260nw-304113194.jpg
000254.jpg,http://tastetheglitter.com/wp/wp-content/uploads/2017/02/TasteTheGlitter-20170218-270-62.jpg
000255.jpg,http://static1.squarespace.com/static/56affd051a5203d11aa1df7e/56b25e9ecf80a1861cb736fe/56b4eb5360b5e91b0e9a6ab5/1520857476948/?format=1500w
000256.jpg,https://cdn.webshopapp.com/shops/225503/files/156358658/500x350x2/fresh-jalapeno-peppers.jpg
000257.jpg,https://i2.wp.com/www.acupoffrosting.com/wp-content/uploads/2016/09/IMG_4590.jpg?resize=640%2C522&ssl=1
000258.jpg,https://www.seriouseats.com/recipes/images/20090728-nastybits-chiles.jpg
000259.jpg,https://cdn.shopify.com/s/files/1/0653/4985/products/Moritawhole_1024x1024_47ceb990-ba6b-4128-8a3f-2e32bb0faea3_large.png?v=1559151627
000260.jpg,https://thespicelibrary.com.au/wp-content/uploads/2014/10/cascabel-chilli-whole.jpg
000261.jpg,https://www.chilipeppermadness.com/wp-content/uploads/2014/04/How-to-Rehydrate-Dried-Chili-Peppers.jpg
000262.jpg,https://upload.wikimedia.org/wikipedia/commons/thumb/d/d2/Capsicum_annuum_-_K%C3%B6hler%E2%80%93s_Medizinal-Pflanzen-027.jpg/220px-Capsicum_annuum_-_K%C3%B6hler%E2%80%93s_Medizinal-Pflanzen-027.jpg
000263.jpg,http://2.bp.blogspot.com/-FKmI7mleHXw/UCqMwcQaDoI/AAAAAAAABWA/v4intT0F1hY/s1600/Cascabel+2012.JPG
000264.jpg,https://pocketchangegourmet.com/wp-content/uploads/2013/04/Habaneros.jpg
000265.jpg,https://cdn.foodsofnations.com/wp-content/uploads/2018/08/guajillo_mild_powder-324x324.jpg
000266.jpg,https://i5.walmartimages.com/asr/964cbebc-14f9-416b-8b30-1c63ae7de80a_1.fc832d5f0cd5f6296cf15dbec9eb533a.jpeg?odnHeight=450&odnWidth=450&odnBg=FFFFFF
000267.jpg,https://pinaenlacocina.com/wp-content/uploads/2016/08/Chile-Cascabel-Salsa.jpg
000268.jpg,https://cdn11.bigcommerce.com/s-cg0adf/images/stencil/500x659/products/84/1001/GUAJILLO__83245.1441878334.jpg?c=2
000269.jpg,https://www.mxfoods.co.uk/ImageHandler/94387w1000h1000/cascaa-mexican-whole-cascabel-chili?sequence=94387&width=1000&height=1000
000270.jpg,https://t4.ftcdn.net/jpg/02/86/69/41/500_F_286694197_j2Nz90oELFkOhR3caNsOFgfhv4dzPydz.jpg
000271.jpg,https://www.gourmetsleuth.com/images/default-source/articles/jalapeno-chile.jpg?sfvrsn=6
000272.jpg,https://www.thespruceeats.com/thmb/Xe1gZwLRHPm2TUBiM2k_DYkar4s=/2000x1303/filters:no_upscale():max_bytes(150000):strip_icc()/GettyImages-148517664-57f95a8e3df78c690f747607.jpg
000273.jpg,https://www.consaborinc.com/uploads/9/1/6/7/91675518/s242344118557108257_p2_i1_w2560.jpeg
000274.jpg,http://www.foodsubs.com/Photos/driedpequinchiles5.jpg
000275.jpg,https://media.gettyimages.com/photos/cascabel-chilli-peppers-in-and-next-to-ceramic-bowl-closeup-picture-id88563157
000276.jpg,https://www.seedman.com/image/trn822.jpg
000277.jpg,https://www.outofmex.com/wp-content/uploads/2016/07/California-Pods-e1478635625752.jpg
000278.jpg,https://www.simplyhealthyfamily.org/wp-content/uploads/2017/05/7_1024x726.jpg
000279.jpg,https://18cfdfd73150f69310ab-4d842a0601d0ae955a714605e7fb6d6f.ssl.cf2.rackcdn.com/3962/2428861.jpg
000280.jpg,https://lossaboresdemexico.com/wp-content/uploads/2011/08/Carne-de-puerco-en-chile-cascabel.jpg
000281.jpg,https://www.diversivore.com/wp-content/uploads/2018/02/Pressure-Cooker-Carnitas-con-Queso-banner.jpg
000282.jpg,https://www.picclickimg.com/d/l400/pict/132442313162_/Cascabel-gumball-pepper-40-fresh-organic-isolated-seeds.jpg
000283.jpg,https://res.cloudinary.com/hksqkdlah/image/upload/c_fill/dpr_3.0,f_auto,w_100/v1/articles/sil_chili_newmexico
000284.jpg,https://f.wishabi.net/page_items/166756516/1567581801/extra_large.jpg
000285.jpg,https://www.curiouscuisiniere.com/wp-content/uploads/2018/02/Mexican-Chilies-Chipotle-4511.21.jpg
000286.jpg,https://www.chilipeppermadness.com/wp-content/uploads/2019/09/Temp-Pepper-Types.jpg
000287.jpg,https://image.shutterstock.com/display_pic_with_logo/3892256/1484336825/stock-photo-dried-rattle-mexican-pepper-also-known-as-cascabel-chili-and-rattle-chili-on-a-blue-background-1484336825.jpg
000288.jpg,http://www.tropicalplantbook.com/Herbs_and_Spices/peppers/Cascabel-400.jpg
000289.jpg,https://i2.wp.com/mandala-organic.com/wp-content/uploads/2018/04/Szechuan-peber.jpg?resize=300%2C300&ssl=1
000290.jpg,https://cdn.shopify.com/s/files/1/0559/1229/products/Picado_Cascabel_Styled_1_1024x1024.jpg?v=1518546689
000291.jpg,https://cdn.shopify.com/s/files/1/0653/4985/products/Mirasolpepperwhole_1024x1024_002f04c5-49d2-4875-9686-68597dcdb22b_large.png?v=1558997923
000292.jpg,https://www.daringgourmet.com/wp-content/uploads/2015/10/Mexican-Hominy-Chipotle-Chili-71.jpg
000293.jpg,https://www.marinij.com/wp-content/uploads/migration/2018/201801/FEATURES_180109827_EP_-1_TWTOXUWIEGGI.jpg?w=620
000294.jpg,https://66.media.tumblr.com/fd8bf8541fd3b0c9fa5e2df27bd76e3a/tumblr_pvxtlluc601qgpahso1_400.jpg
000295.jpg,https://www.mexicoinmykitchen.com/wp-content/uploads/2017/11/Arbol-pepper-1-1.jpg
000296.jpg,https://www.simplyhealthyfamily.org/wp-content/uploads/2017/05/4_Fotor_1024x683-1.jpg
000297.jpg,https://pocketchangegourmet.com/wp-content/uploads/2013/04/Chiles-de-arbol.jpg
000298.jpg,https://i0.wp.com/redhot.la/wp-content/uploads/2017/03/Yunam.jpg?resize=300%2C300&ssl=1
000299.jpg,https://www.johnnyseeds.com/dw/image/v2/BBBW_PRD/on/demandware.static/-/Sites-jss-master/default/dw99681641/images/products/vegetables/03417_01_amazing2.jpg?sw=280&cx=302&cy=0&cw=1196&ch=1196
000300.jpg,https://www.outofmex.com/wp-content/uploads/2016/07/Guajillo-Pods-e1478639058623.jpg
000301.jpg,https://i.ytimg.com/vi/PWsaXKBhzAk/hqdefault.jpg
000302.jpg,https://www.spicesinc.com/images/main/ChilePageBanner.jpg
000303.jpg,https://i.guim.co.uk/img/media/ae6b070aad0db8c68c27e16cc2b6d1108c25b884/0_341_3629_3627/master/3629.jpg?width=300&quality=85&auto=format&fit=max&s=c91fecf79cd97611f5cf68a2521ec1d4
000304.jpg,https://img.sndimg.com/food/image/upload/c_thumb,q_80,w_412,h_232/v1/img/recipes/19/02/23/picgyBD1Z.jpg
000305.jpg,https://upload.wikimedia.org/wikipedia/commons/thumb/d/d6/Immature_jalapeno_capsicum_annuum_var_annuum.jpeg/1200px-Immature_jalapeno_capsicum_annuum_var_annuum.jpeg
000306.jpg,https://jetimages.jetcdn.net/md5/a9020b90389f21605bc0439282f16214?odnBound=576
000307.jpg,http://thumbor-prod-us-east-1.photo.aws.arc.pub/q79BjJz0f8DRI-soqeR53XDwceo=/arc-anglerfish-arc2-prod-bonnier/public/UFG4JCX2PXW67ZN3WZV6JQIQMI.jpg
000308.jpg,https://assets.epicurious.com/photos/572a1d8abb9206136debba27/master/w_5616,h_3744,c_limit/pasilla.jpg
000309.jpg,https://www.magicplantfarms.com/wp-content/uploads/photo-gallery/Scorpion-Pepper-Magic-Plant.jpg
000310.jpg,https://www.curiouscuisiniere.com/wp-content/uploads/2018/02/Mexican-Chilies-Pasilla-4500.21.jpg
000311.jpg,http://www.garlicfarm.ru/files/products/220/p1017117_product.jpg
000312.jpg,https://acowboyswife.com/wp-content/uploads/2010/01/4256090599_7a2b424e26112.jpg
000313.jpg,https://i5.walmartimages.com/asr/350ac091-3294-4458-af69-3909fcf6bc79_1.12846beec32ca63832df52e69114c345.jpeg?odnWidth=282&odnHeight=282&odnBg=ffffff
000314.jpg,http://www.foodsubs.com/Photos/tepinchiles.jpg
000315.jpg,http://www.diversivore.com/wp-content/uploads/2018/05/Arbol-chilies-square.jpg
000316.jpg,http://www.gcfarmsinc.com/system/large_images/24/original/pepper_cascabel.jpg?1256959021
000317.jpg,https://d1ralsognjng37.cloudfront.net/88245ad2-22a7-4d4a-a4c9-96f58683a286
000318.jpg,https://www.daringgourmet.com/wp-content/uploads/2018/11/Chili-Powder-prep-2.jpg
000319.jpg,https://www.pepperscale.com/wp-content/uploads/2015/07/guajillo-pepper-substitute-768x513.jpg
000320.jpg,https://ca-times.brightspotcdn.com/dims4/default/efd69c7/2147483647/strip/true/crop/1333x2000+0+0/resize/840x1260!/quality/90/?url=https%3A%2F%2Fca-times.brightspotcdn.com%2F27%2Fa4%2F05db017c247a6df5886ffb1acd72%2Flat-romesco6-k0k9o4nc20080523165003
000321.jpg,https://media.gettyimages.com/photos/cascabel-chilli-chile-chili-peppers-picture-id128139343
000322.jpg,https://s3.amazonaws.com/finecooking.s3.tauntonclud.com/app/uploads/2017/04/19011040/fc029be37-06_xlg.jpg
000323.jpg,https://www.johnnyseeds.com/dw/image/v2/BBBW_PRD/on/demandware.static/-/Sites-jss-master/default/dwe0191610/images/products/vegetables/03572_01_roulette.jpg?sw=280&cx=488&cy=0&cw=1196&ch=1196
000324.jpg,https://shop.westlandpeppers.com/wp-content/uploads/bfi_thumb/gedroogde_mulato_westlandpeppers-1-o9fb7o1qb79a0duxxwhz1a6hqz2axn6s3sfxuhm8l4.jpg
000325.jpg,https://raster-static.postmates.com/?url=com.postmates.img.prod.s3.amazonaws.com/891c18eb-889b-4665-9efc-0bc3825b4d90/orig.jpg&quality=90&w=1500&h=900&mode=crop&format=jpg&v=4
000326.jpg,https://pocketchangegourmet.com/wp-content/uploads/2013/04/Cascabels.jpg
000327.jpg,https://mycookingjourney.com/wp-content/uploads/2018/04/xnipec-10.jpg
000328.jpg,https://assets.epicurious.com/photos/572a1f5cb17323114dea87c6/master/w_2000,h_1335,c_limit/chipotle.jpg
000329.jpg,https://www.thegrocer.com.au/wp-content/uploads/2012/10/cascabelchillies.jpg
000330.jpg,https://image.shutterstock.com/image-vector/chili-pepper-pattern-food-background-600w-315862310.jpg
000331.jpg,https://www.marinij.com/wp-content/uploads/migration/2018/201801/FEATURES_180109827_EP_-1_ZQBDEITNFCXT.jpg?w=620
000332.jpg,http://texastitos.com/wp-content/uploads/2015/04/cascabella-peppers.jpg
000333.jpg,https://d2lnr5mha7bycj.cloudfront.net/product-image/file/primary_66fb5ba3-734b-4509-bc36-eb6966134812.jpg
000334.jpg,http://lupitasbrand.com/prodimages/PEPPERS/Cascabel_sm.jpg
000335.jpg,https://www.seedman.com/image/trn672.jpg
000336.jpg,https://icon2.kisspng.com/20190510/wwl/kisspng-bell-pepper-chili-pepper-cascabel-chili-yellow-pep-bell-peppers-png-picture-437757-bell-peppers-png-5cd5ed5b39ac70.0270215715575238032362.jpg
000337.jpg,http://nebula.wsimg.com/5034c7dff1747d9cea3eae14f8c077f4?AccessKeyId=4666F146996DD20F0A74&disposition=0&alloworigin=1
000338.jpg,https://i.guim.co.uk/img/media/a3cb9d6cb6597e197fd4e1f7d5aaa6bef57b37df/0_241_6144_3686/master/6144.jpg?width=460&quality=85&auto=format&fit=max&s=dda7e7b7ed02bd266c6bab47bc00a715
000339.jpg,http://www.alexisfoods.com/local/images/items/jumbo/IT001237.jpg
000340.jpg,https://farm4.staticflickr.com/3867/14539976040_107c6d15b2_c.jpg
000341.jpg,https://www.daringgourmet.com/wp-content/uploads/2019/01/Chili-Powder-4-square.jpg
000342.jpg,https://pbs.twimg.com/media/CWExv9lVAAAf7U-.jpg
000343.jpg,https://maroscooking.files.wordpress.com/2018/01/img_1350.jpg?w=616
000344.jpg,https://www.outofmex.com/wp-content/uploads/2016/07/Puya-Pods-e1478640188709.jpg
000345.jpg,http://www.foodsubs.com/Photos/driedhabaneros.jpg
000346.jpg,https://assets.epicurious.com/photos/572a1f59b17323114dea87c0/master/w_2000,h_1229,c_limit/chile-de-arbol.jpg
000347.jpg,https://www.distribuidoraloscompadres.com/wp-content/uploads/2017/05/california-sin-cabo.jpeg
000348.jpg,https://image.shutterstock.com/display_pic_with_logo/3892256/1490023079/stock-photo-dried-rattle-mexican-pepper-also-known-as-cascabel-chili-and-rattle-chili-on-a-yellow-background-1490023079.jpg
000349.jpg,https://www.worldspice.com/uploads/photo/image/73/square_aji_mirasol.jpg
000350.jpg,http://shop.southchinaseas.ca/assets/images/cascabel.jpg
000351.jpg,https://www.thomasfresh.com/wp-content/uploads/2018/03/dried-pepper-infographic.jpg
000352.jpg,https://www.curiouscuisiniere.com/wp-content/uploads/2018/02/Mexican-Chilies-Cayenne-4514.21.jpg
000353.jpg,https://pocketchangegourmet.com/wp-content/uploads/2013/04/Serranos.jpg
000354.jpg,https://upload.wikimedia.org/wikipedia/commons/thumb/9/97/Scotch_bonnet_chili_pepper.jpg/1200px-Scotch_bonnet_chili_pepper.jpg
000355.jpg,https://www.mexicoinmykitchen.com/wp-content/uploads/2017/11/Piquin-pepper-2-a.jpg
000356.jpg,https://www.simplyhealthyfamily.org/wp-content/uploads/2017/05/5_Fotor_1024x627.jpg
000357.jpg,https://www.diversivore.com/wp-content/uploads/2019/06/Pico-de-Gallo-mobile-banner.jpg
000358.jpg,https://media.gettyimages.com/photos/cascabel-chilli-chile-chili-peppers-picture-id128139355?s=612x612
000359.jpg,https://pinaenlacocina.com/wp-content/uploads/2017/01/15267758_1271399052934282_4806754058945481342_n.jpg
000360.jpg,https://image.shutterstock.com/image-photo/red-hot-chili-pepper-dry-260nw-407323306.jpg
000361.jpg,https://www.seriouseats.com/recipes/images/2017/09/201001-ultimate-chili-kenji-lopez-alt-1500x1125.jpg
000362.jpg,https://media-cdn.tripadvisor.com/media/photo-s/0d/73/f7/b4/photo0jpg.jpg
000363.jpg,https://cdn.imgbin.com/25/6/19/imgbin-mexican-cuisine-organic-food-poblano-chili-pepper-tamale-non-gmo-FxeaDrjRTdymaDGnbUDUaLcd8.jpg
000364.jpg,https://scontent-lga3-1.cdninstagram.com/vp/3f5daee99a235eb988cdd55a850d808d/5DCE9D4F/t51.2885-15/sh0.08/e35/s640x640/36615153_2155840638028021_3349222141735206912_n.jpg?_nc_ht=scontent-lga3-1.cdninstagram.com
000365.jpg,https://i5.walmartimages.com/asr/fc4445e1-1ecc-4fbe-a90c-a95903919ad6_1.419405283f4a8227d9427eff8e709d06.jpeg?odnHeight=450&odnWidth=450&odnBg=ffffff
000366.jpg,https://www.coolchile.co.uk/images/products/41/686/180906-Cool-Chile-Products-thumbnail-1.jpg
000367.jpg,https://www.seedman.com/image/pep249.jpg
000368.jpg,https://www.chilipeppermadness.com/wp-content/uploads/2019/09/Sonoran-Peppers.jpg
000369.jpg,https://www.simplyhealthyfamily.org/wp-content/uploads/2017/05/3_Fotor_1005x768.jpg
000370.jpg,https://upload.wikimedia.org/wikipedia/commons/thumb/5/50/Madame_Jeanette_and_other_chillies.jpg/1200px-Madame_Jeanette_and_other_chillies.jpg
000371.jpg,http://www.diversivore.com/wp-content/uploads/2017/10/Smoky-Dried-Chili-Salsa-square-2.jpg
000372.jpg,https://cdn.webshopapp.com/shops/225503/files/233869656/300x300x2/image.jpg
000373.jpg,https://media.gettyimages.com/photos/cascabel-chillis-on-a-market-stand-picture-id588618263?s=612x612
000374.jpg,https://www.johnnyseeds.com/dw/image/v2/BBBW_PRD/on/demandware.static/-/Sites-jss-master/default/dwf1f5337d/images/products/vegetables/02592_01_mellowstar.jpg?sw=280&cx=302&cy=0&cw=1196&ch=1196
000375.jpg,http://chilipepper-shop.com/image/cache/catalog/products/14-black-bomb-cascabel-pepper-14-500x500.jpg
000376.jpg,https://www.curiouscuisiniere.com/wp-content/uploads/2018/02/Mexican-Chilies-Guajillo-4503.212.jpg
000377.jpg,http://www.foodsubs.com/Photos/moritachile.jpg
000378.jpg,https://i5.walmartimages.com/asr/c91c5f9d-6256-4833-8ca8-c03e4ad0b47e_3.88cc18b05b8bbe3ee54ae3fa24cdca86.jpeg?odnWidth=282&odnHeight=282&odnBg=ffffff
000379.jpg,https://www.enjoytheflavor.com/assets/images/samCSb.jpg
000380.jpg,https://images-na.ssl-images-amazon.com/images/I/11%2BooBFKlzL.jpg
000381.jpg,https://www.diversivore.com/wp-content/uploads/2017/11/Tacos-y-Sopa-de-Pollo-Gastado-diptych-banner.jpg
000382.jpg,https://i2.wp.com/josephmallozzi.com/wp-content/uploads/2017/02/img_6701.jpg?ssl=1
000383.jpg,https://s3-media3.fl.yelpcdn.com/bphoto/AG8iZBmDOoQxYUorQHEO1A/o.jpg
000384.jpg,https://untappd.akamaized.net/site/assets/images/temp/badge-beer-default.png
000385.jpg,https://media-cdn.tripadvisor.com/media/photo-s/11/57/b2/95/photo9jpg.jpg
000386.jpg,https://cdn.shopify.com/s/files/1/0027/7227/1149/products/de_arbol_whole_-_smaller_1600x.jpg?v=1561613685
000387.jpg,https://cdn.webshopapp.com/shops/225503/files/157630253/500x350x2/dried-pasilla-peppers-100g.jpg
000388.jpg,https://www.outofmex.com/wp-content/uploads/2016/07/Pasilla-Pods-e1478640007117.jpg
000389.jpg,https://cdn.vox-cdn.com/thumbor/fa7xO4xBWHchZa-QIxaxDgMpHUU=/0x0:4032x3024/1200x0/filters:focal(0x0:4032x3024):no_upscale()/cdn.vox-cdn.com/uploads/chorus_asset/file/19308667/Lobster_Quesadilla2.jpg
000390.jpg,https://plantfreak.files.wordpress.com/2012/04/chiltepin-pepper-plant.jpg
000391.jpg,https://upload.wikimedia.org/wikipedia/commons/thumb/8/85/Green-Yellow-Red-Pepper-2009.jpg/1200px-Green-Yellow-Red-Pepper-2009.jpg
000392.jpg,https://www.johnnyseeds.com/dw/image/v2/BBBW_PRD/on/demandware.static/-/Sites-jss-master/default/dwe834684b/images/products/vegetables/04004_01_nassau.jpg?sw=280&cx=302&cy=0&cw=1196&ch=1196
000393.jpg,https://www.isabeleats.com/wp-content/uploads/2019/04/red-enchilada-sauce-small-1.jpg
000394.jpg,https://cuesa.org/sites/default/files/styles/article_feature_image_600/public/salsa_winning_judges_5.jpg?itok=AN_LX5CB
000395.jpg,http://www.foodsubs.com/Photos/mirasolchile.jpg
000396.jpg,https://delimexico.com/wp-content/uploads/2015/04/salsa-macha.jpg
000397.jpg,https://lonelyplanetwp.imgix.net/2014/10/Chile-de-%C3%A1rbol-y-cascabel-PHILIP-TANG.jpg?fit=min&q=40&sharp=10&vib=20&w=1470
000398.jpg,https://i.redd.it/nt4tctgkq7t31.jpg
000399.jpg,https://www.chilipeppermadness.com/wp-content/uploads/2019/06/Guajillo-Peppers.jpg
000400.jpg,http://img2010en.agronet.com.cn/img/1170230/2011/2/28/2011228956534320.JPG
000401.jpg,https://imgmedia.lbb.in/media/2019/08/5d5ea0bf78b90519672d0147_1566482623068.jpg
000402.jpg,https://www.specialtyproduce.com/sppics/798.png
000403.jpg,https://pinaenlacocina.com/wp-content/uploads/2017/01/15178959_1269881133086074_4153459469004285252_n.jpg
000404.jpg,http://www.diversivore.com/wp-content/uploads/2018/05/Chipotle-meco-chilies-square.jpg
000405.jpg,https://www.worldspice.com/uploads/photo/image/715/square_habanero_flakes.jpg
000406.jpg,https://www.outofmex.com/wp-content/uploads/2016/07/Chile-De-Arbol-w_stems-e1478632416702.jpg
000407.jpg,https://upload.wikimedia.org/wikipedia/commons/thumb/0/03/African_red_devil_peppers.jpg/1200px-African_red_devil_peppers.jpg
000408.jpg,https://cdn11.bigcommerce.com/s-cg0adf/images/stencil/500x659/products/326/527/No_4__16669.1402836179.jpg?c=2
000409.jpg,https://d2lnr5mha7bycj.cloudfront.net/product-image/file/large_680405ad-f134-4cb7-b855-8944f70c3b6d.jpg
000410.jpg,https://culinarygourmet.files.wordpress.com/2013/07/cascabel-pizza.jpg
000411.jpg,https://imgmedia.lbb.in/media/2019/06/5d0fa102cb47c46cb64b1b12_1561305346575.jpg
000412.jpg,http://www.foodsubs.com/Photos/mulattochile.jpg
000413.jpg,https://honest-food.net/wp-content/uploads/2015/11/venison-chili-recipe.jpg
000414.jpg,https://farm8.staticflickr.com/7288/9767983181_552cee80bd_b.jpg
000415.jpg,http://nebula.wsimg.com/b53cf9d9639a7a4bf594b2cd30fa03d5?AccessKeyId=4666F146996DD20F0A74&disposition=0&alloworigin=1
000416.jpg,https://www.johnnyseeds.com/dw/image/v2/BBBW_PRD/on/demandware.static/-/Library-Sites-JSSSharedLibrary/default/dwb8fd32b7/images/catbanner/vegetables/peppers_bn.jpg?sw=920
000417.jpg,https://www.simplyhealthyfamily.org/wp-content/uploads/2017/05/8_Fotor_1024x684.jpg
000418.jpg,https://rincondelchili.files.wordpress.com/2012/09/001chili-cascabel.jpg
000419.jpg,https://s3.amazonaws.com/finecooking.s3.tauntonclud.com/app/uploads/2017/04/19011039/fc029be37-04_xlg.jpg
000420.jpg,https://pocketchangegourmet.com/wp-content/uploads/2014/04/12-Essential-Chili-Peppers.pin_.jpg
000421.jpg,https://www.seedman.com/image/jf707.jpg
000422.jpg,https://pinaenlacocina.com/wp-content/uploads/2017/01/15285079_1269881516419369_1928267024291450214_n.jpg
000423.jpg,https://assets.epicurious.com/photos/54b3e3e121388ef838b0d41b/master/pass/355049_true-texas-chili_1x1.jpg
000424.jpg,https://www.elagave.fi/wp-content/uploads/2019/03/cascabel-dona-nata-50gr.jpg
000425.jpg,https://rlv.zcache.co.uk/chili_pepper_varieties_poster-r1338b0de1a40428880363fce3d6caa28_ylv_8byvr_307.jpg?rvtype=content
000426.jpg,https://fastly.4sqi.net/img/general/558x200/305595_IYcxx-noNzErV3M2jdimIhc1WY0oxz0hjKsGafjk9e8.jpg
000427.jpg,https://www.mexicoinmykitchen.com/wp-content/uploads/2017/11/Ancho-Pepper-2-a.jpg
000428.jpg,http://www.diversivore.com/wp-content/uploads/2019/01/Oaxaca-chilies-square.jpg
000429.jpg,http://chili-pepper.com.ua/image/cache/catalog/Tovary/suhenyy/Cascabel_Chilli-500x500.jpg
000430.jpg,http://www.basilico.no/wp-content/uploads/2016/06/kyllingsuppe-cascabel-chili.jpg
000431.jpg,https://www.seedman.com/image/pep750.jpg
000432.jpg,https://rlv.zcache.com/some_like_it_hot_cascabel_pepper_hand_pile_ipod_touch_5g_case-r38c523c2cff340039ca533746c4c30a0_wsm9a_8byvr_307.jpg?rvtype=content
000433.jpg,https://live.staticflickr.com/6229/6315644894_c42f444760_b.jpg
000434.jpg,https://www.johnnyseeds.com/dw/image/v2/BBBW_PRD/on/demandware.static/-/Sites-jss-master/default/dw4841630d/images/products/vegetables/03410_01_arriba.jpg?sw=280&cx=302&cy=0&cw=1196&ch=1196
000435.jpg,https://instagram.fist1-2.fna.fbcdn.net/vp/31e5d6b1b73909d2ff9da785842862f0/5DD86BD3/t51.2885-15/sh0.08/e35/s640x640/62267794_2878034588879080_8694278479543769979_n.jpg?_nc_ht=instagram.fist1-2.fna.fbcdn.net
000436.jpg,https://www.outofmex.com/wp-content/uploads/2016/11/Ancho-Pods.jpg
000437.jpg,https://i.ytimg.com/vi/H0M4Mi08Hfs/hqdefault.jpg
000438.jpg,http://bg.mealtrip.com/00_upbank/bb_dir_img_rs/dirID11/san-angel-inn-epcot-mexican-camarones-en-tequila-shrimp-diabla.jpg
000439.jpg,https://cdn11.bigcommerce.com/s-cg0adf/images/stencil/500x659/products/221/727/Aji_Deluce__54753.1431678152.jpg?c=2
000440.jpg,https://www.chilipeppermadness.com/wp-content/uploads/2019/09/Santa-Fe-Grande-Pepper.jpg
000441.jpg,http://3.bp.blogspot.com/-l8Oj5p6_sRc/UJb80Ys7SxI/AAAAAAAABIQ/1WdbrevQEAo/s1600/photo+4+(7).JPG
000442.jpg,http://www.diversivore.com/wp-content/uploads/2017/09/Pambazos-con-Huevos-square.jpg
000443.jpg,https://www.johnnyseeds.com/dw/image/v2/BBBW_PRD/on/demandware.static/-/Sites-jss-master/default/dwcebd8a5d/images/products/vegetables/corno_di_toro_ps.jpg?sw=280&cx=302&cy=0&cw=1196&ch=1196
000444.jpg,https://www.seedman.com/image/jf572.jpg
000445.jpg,http://www.foodsubs.com/Photos/driedchiles-puya.jpg
000446.jpg,https://www.seedman.com/image/trn953.jpg
000447.jpg,https://pocketchangegourmet.com/wp-content/uploads/2013/04/Puya.jpg
000448.jpg,https://www.johnnyseeds.com/dw/image/v2/BBBW_PRD/on/demandware.static/-/Sites-jss-master/default/dw0929ef9c/images/products/vegetables/02993g_01_carmen.jpg?sw=280&cx=302&cy=0&cw=1196&ch=1196
000449.jpg,https://www.diversivore.com/wp-content/uploads/2016/10/Spot-Prawn-and-Raja-Enchiladas-banner-new.jpg
000450.jpg,https://www.picclickimg.com/d/l400/pict/254190575502_/Cascabel-Chili-Rattle-Chilli-Chile-12-Organic-Seeds.jpg
000451.jpg,https://pocketchangegourmet.com/wp-content/uploads/2013/04/Pasilla.jpg
000452.jpg,https://www.chilipeppermadness.com/wp-content/uploads/2019/08/Bell-Peppers.jpg
000453.jpg,https://media.gettyimages.com/photos/bowl-of-cascabel-chili-capsicum-annuum-var-cerasiforme-on-cloth-and-picture-id531204141?s=612x612
000454.jpg,https://upload.wikimedia.org/wikipedia/commons/thumb/a/a3/Green_Chilli_with_Kakroda.jpg/220px-Green_Chilli_with_Kakroda.jpg
000455.jpg,https://www.johnnyseeds.com/dw/image/v2/BBBW_PRD/on/demandware.static/-/Sites-jss-master/default/dwb4a6ba97/images/products/vegetables/03807_01_jalafuego.jpg?sw=280&cx=348&cy=52&cw=1102&ch=1102
000456.jpg,https://www.chilipeppermadness.com/wp-content/uploads/2019/09/Rocoto-Chili-Pepper2.jpg
000457.jpg,http://cdn2.bigcommerce.com/server2000/9d454/products/4939/images/9628/20736p__82564.1299860233.1280.1280.jpg
000458.jpg,https://i.ebayimg.com/images/i/121277636921-0-1/s-l1000.jpg
000459.jpg,https://1a1z1e22ozx83bgjsz17c6ba-wpengine.netdna-ssl.com/wp-content/uploads/Cascabel.jpg
000460.jpg,https://mexicanfoodproducts.us/wp-content/uploads/2017/01/CASCABEL-PEPPER-FRESH-PRODUCE-GROUP-LLC2.jpg
000461.jpg,http://www.pepperscale.com/wp-content/uploads/2014/12/cascabel-pepper_lg-e1434035953652.jpg
000462.jpg,https://spicemountain.co.uk/wp-content/uploads/2010/11/cascabel-whole.jpg
000463.jpg,https://www.spicejungle.com/media/catalog/product/w/h/whole-cascabel-chiles_1_1_2.jpg
000464.jpg,https://www.myspicesage.com/media/catalog/product/cache/1/image/430x430/9df78eab33525d08d6e5fb8d27136e95/c/a/cascabel-chile-peppers.jpg
000465.jpg,http://mexicanfoodjournal.com/wp-content/uploads/2016/06/Toasting-Cascabel-Peppers.jpg
000466.jpg,http://www.tropicalplantbook.com/Herbs_and_Spices/peppers/Cascabel-400.jpg
000467.jpg,https://localkitchen.files.wordpress.com/2009/09/peachbbq6.jpg
000468.jpg,https://www.magicplantfarms.com/wp-content/uploads/2017/01/Cascabel-Pepper.jpg
000469.jpg,https://mexicanfoodproducts.us/wp-content/uploads/2018/05/cascabel-pepper-mexican-food-products.jpg
000470.jpg,https://c8.alamy.com/comp/XCG1XJ/cascabel-dried-chili-pepper-XCG1XJ.jpg
000471.jpg,http://epicgardening.com.s3.amazonaws.com/wp-content/uploads/2017/04/04105044/cascabel.jpg
000472.jpg,https://c8.alamy.com/comp/EA5E43/cascabel-chili-capsicum-annuum-var-cerasiforme-on-cloth-EA5E43.jpg
000473.jpg,http://media2.onsugar.com/files/2010/05/18/2/192/1922195/Cascabel/i/Cascabel-Peppers.jpg
000474.jpg,https://thumbs.dreamstime.com/b/cascabel-chili-26376197.jpg
000475.jpg,https://c8.alamy.com/comp/A84825/cascabel-dried-chili-pepper-A84825.jpg
000476.jpg,https://i.etsystatic.com/7824311/r/il/1be843/892731163/il_fullxfull.892731163_br4t.jpg
000477.jpg,https://i2.wp.com/wdy.h-cdn.co/assets/cm/15/08/54ea8c14a271a_-_07-wd0709-cascabel-3.jpg
000478.jpg,https://c8.alamy.com/comp/A84824/cascabel-dried-chili-pepper-A84824.jpg
000479.jpg,https://gran.luchito.com/wp-content/uploads/2014/05/cascabel-mexican-chilli-pepper.jpg
000480.jpg,https://c8.alamy.com/comp/C89XYM/dried-cascabel-peppers-C89XYM.jpg
000481.jpg,https://c8.alamy.com/comp/XBC5RE/cascabel-chili-capsicum-annuum-var-cerasiforme-on-cloth-XBC5RE.jpg
000482.jpg,https://www.mexicoinmykitchen.com/wp-content/uploads/2017/11/Cascabel-peppers-description.jpg
000483.jpg,https://i0.wp.com/www.mexicanplease.com/wp-content/uploads/2016/05/cascabel-chile-salsa-chile-breaking-open-with-seeds-and-stems.jpg
000484.jpg,https://c8.alamy.com/comp/E6RCYM/dried-red-hot-cascabel-chili-pepper-at-benito-juarez-market-in-oaxaca-E6RCYM.jpg
000485.jpg,https://mexicanfoodproducts.us/wp-content/uploads/2017/09/Guajillo-Pepper-Fresh-Produce-Group-LLC.jpg
000486.jpg,http://portalvhds26k4f5tktj3ck.blob.core.windows.net/spotpics/sp29794.jpg
000487.jpg,https://s-media-cache-ak0.pinimg.com/736x/07/5e/09/075e0955f095f5a153e8c8487a343e5b.jpg
000488.jpg,https://s-media-cache-ak0.pinimg.com/736x/e6/00/ec/e600ec22e3ee850681a3510b2d20b73a.jpg
000489.jpg,https://images.bonanzastatic.com/afu/images/2844/2344/28/4oz_1_.jpg
000490.jpg,http://portalvhds26k4f5tktj3ck.blob.core.windows.net/spotpics/sp31158.jpg
000491.jpg,https://cdn8.bigcommerce.com/s-9d454/images/stencil/350x350/products/4896/9886/pequin-chiles-dried-whole__38709.1299862250.jpg
000492.jpg,https://c8.alamy.com/comp/PFRKET/cascabel-chillies-PFRKET.jpg
000493.jpg,https://s-media-cache-ak0.pinimg.com/736x/67/cb/16/67cb16948be622da3d04e568e832b959.jpg
000494.jpg,https://mexicanfoodproducts.us/wp-content/uploads/2017/01/CASCABEL-PEPPER-FRESH-PRODUCE-GROUP-LLC4.jpg
000495.jpg,https://c8.alamy.com/comp/E6RCYR/dried-red-hot-cascabel-chili-pepper-at-benito-juarez-market-in-oaxaca-E6RCYR.jpg
000496.jpg,https://c8.alamy.com/comp/XB1MP5/dried-cascabel-peppers-XB1MP5.jpg
000497.jpg,https://mexicanfoodproducts.us/wp-content/uploads/2017/09/ANCHO-CHILE-PEPPER-FRESH-PRODUCE-GROUP-LLC-1.jpg
000498.jpg,https://c8.alamy.com/comp/PFP863/cascabel-chilli-peppers-in-and-next-to-ceramic-bowl-close-up-PFP863.jpg
000499.jpg,https://thumbs.dreamstime.com/z/chilli-pepper-plants-habanero-closeup-plant-cascabel-variety-106042933.jpg
000500.jpg,https://portalvhds26k4f5tktj3ck.blob.core.windows.net/spotpics/sp39070.jpg
000501.jpg,http://members.chello.nl/j.pulido1/Chiles/substitute_/chilesfrescos1.jpg
000502.jpg,https://cdn8.bigcommerce.com/s-9d454/images/stencil/350x350/products/7608/10824/ghost-chile-pepper-while-bhut-jolokia__15519.1540773668.jpg
000503.jpg,https://www.pepperscale.com/wp-content/uploads/2014/11/Mulato-Pepper.jpg
000504.jpg,https://c8.alamy.com/comp/X2M4A8/bowl-of-cascabel-chili-capsicum-annuum-var-cerasiforme-on-cloth-and-wood-X2M4A8.jpg
000505.jpg,https://c8.alamy.com/comp/TRMT4K/chile-peppers-of-mexico-food-ingredients-and-spices-TRMT4K.jpg
000506.jpg,https://c8.alamy.com/comp/JWNJN1/three-red-cascabel-chile-peppers-arranged-on-a-white-plate-these-peppers-JWNJN1.jpg
000507.jpg,https://i.pinimg.com/736x/0a/52/86/0a528683195068e2de5115226e1c44eb--bright-colors-the-bright.jpg
000508.jpg,https://www.magicgardenseeds.com/pics/KWRRzUhrS-jX52bvNS8o5lwHHZu6Jir5L_TSX3gsbVd5LG1E94Y2oGSSzOJM2CQKXG03ofv-IgoMo0xZCaKN3w/ST00038_1000_5.jpg
000509.jpg,https://woodlandfoods.com/img/WF_Images/C08-cascabel-chiles-peppers-main.jpg
000510.jpg,https://mexicanfoodproducts.us/wp-content/uploads/2017/01/51RkD7leRuL._SY450_.jpg
000511.jpg,https://c8.alamy.com/comp/PFPJNW/three-cascabel-chillies-PFPJNW.jpg
000512.jpg,https://s-media-cache-ak0.pinimg.com/736x/67/2c/32/672c3212babfe788c4db07880319e3fe.jpg
000513.jpg,https://c8.alamy.com/comp/X8JHKA/pickeled-cherry-peppers-filled-with-cream-cheese-studio-X8JHKA.jpg
000514.jpg,https://images.bonanzastatic.com/afu/images/2844/2347/53/8oz_1_.jpg
000515.jpg,https://cdn.webshopapp.com/shops/225503/files/289487313/500x350x2/dried-cascabel-peppers-200g.jpg
000516.jpg,http://members.chello.nl/j.pulido1/Chiles/substitute_/chilesfrescos3.jpg
000517.jpg,https://s-media-cache-ak0.pinimg.com/236x/1b/af/c2/1bafc2c387ebd2b1d779071c5cbc6419.jpg
000518.jpg,https://images.bonanzastatic.com/afu/images/2844/2352/26/12oz_2_.jpg
000519.jpg,https://s-media-cache-ak0.pinimg.com/736x/b8/e4/3e/b8e43edc444e3917b90ef2cbf554b03d.jpg
000520.jpg,https://c8.alamy.com/comp/G0B8JC/hot-cascabel-chilis-and-green-olives-on-chili-G0B8JC.jpg
000521.jpg,http://www.disneyfoodblog.com/wp-content/uploads/2012/05/Taco-de-Filete-with-Cascabel-Pepper-Sauce-and-Scallions-Served-on-a-Flour-Tortilla.jpg
000522.jpg,https://cdn.shopify.com/s/files/1/0188/0032/products/chile-cascabel-whole-3-oz-pepper-heat-level-02-meta-related-collection-pps-spicepeppers-los-chileros-chilly-chiles-largest-selection-of-hot-sauce-in-canada_638_580x@2x.jpg
000523.jpg,http://4.bp.blogspot.com/-u-tRHPOhUsQ/TaQFguAD5dI/AAAAAAAADeI/oBoZo3NpPCc/s1600/chili.jpg
000524.jpg,https://images-na.ssl-images-amazon.com/images/I/717bLE7p-LL._SY450_.jpg
000525.jpg,https://images-na.ssl-images-amazon.com/images/I/51EwuNC8LAL.jpg
000526.jpg,https://c8.alamy.com/comp/WAGT6B/mexican-cascabel-chilli-WAGT6B.jpg
000527.jpg,http://www.kleinspickle.com/uimages/home_page_gallery/product-images/yellow.jpg
000528.jpg,https://www.semillas.de/pepper_flowers/cascabel.jpg
000529.jpg,https://c8.alamy.com/comp/EA5E42/bowl-of-cascabel-chili-capsicum-annuum-var-cerasiforme-on-cloth-and-EA5E42.jpg
000530.jpg,https://i.pinimg.com/736x/af/f3/85/aff385965897c51ad5abbc889fc6fc44--egyptian-recipes-egyptian-food.jpg
000531.jpg,https://c8.alamy.com/comp/EYX64Y/some-types-of-hot-chili-peppers-on-rope-for-drying-EYX64Y.jpg
000532.jpg,https://c8.alamy.com/comp/X16789/pickeled-cherry-peppers-filled-with-cream-cheese-studio-X16789.jpg
000533.jpg,https://cdn.vox-cdn.com/thumbor/fa7xO4xBWHchZa-QIxaxDgMpHUU=/0x0:4032x3024/1200x0/filters:focal(0x0:4032x3024):no_upscale()/cdn.vox-cdn.com/uploads/chorus_asset/file/19308667/Lobster_Quesadilla2.jpg
000534.jpg,https://pbs.twimg.com/media/EHbzZ2sUcAAUA06.jpg
000535.jpg,https://pbs.twimg.com/media/EHbrTU4XYAQCFe1.jpg
000536.jpg,https://pbs.twimg.com/media/EHb1ggzU8AAUxM1.jpg
000537.jpg,https://i.pinimg.com/736x/6f/80/2c/6f802c8c3f057335ab9b640443c0f882.jpg
000538.jpg,https://www.worldspice.com/uploads/photo/image/869/product_nora_chile.jpg
000539.jpg,https://c8.alamy.com/comp/EYX5NY/some-types-of-hot-chili-peppers-on-rope-for-drying-EYX5NY.jpg
000540.jpg,https://thumbs.dreamstime.com/b/cascabel-chili-peppers-dried-stoneware-bowl-47410529.jpg
000541.jpg,http://c8.alamy.com/comp/JWNJN1/three-red-cascabel-chile-peppers-arranged-on-a-white-plate-these-peppers-JWNJN1.jpg
000542.jpg,https://s-media-cache-ak0.pinimg.com/736x/1d/20/1a/1d201a04fefca9ea0ddb73cf66fede57.jpg
000543.jpg,http://www.disneyfoodblog.com/wp-content/uploads/2012/05/Taco-de-Filete-with-Cascabel-Pepper-Sauce-and-Scallions-Served-on-a-Flour-Tortilla-600x450.jpg
000544.jpg,https://i.pinimg.com/736x/15/d7/11/15d7115c47d8b6468420c8707330ada3--chilis-dr-oz.jpg
000545.jpg,https://cdn.shopify.com/s/files/1/0188/0032/products/chile-cascabel-whole-3-oz-pepper-heat-level-02-meta-related-collection-pps-spicepeppers-los-chileros-chilly-chiles-largest-selection-of-hot-sauce-in-canada_638_900x.jpg
