image,source
000001.jpg,https://www.pepperscale.com/wp-content/uploads/2016/01/cherry-bomb-pepper_1-768x576.jpg
000002.jpg,https://www.chili-shop24.com/media/image/6b/bd/54/9130_Cherrybomb_600x600.jpg
000003.jpg,https://www.ukchilliseeds.co.uk/ekmps/shops/chilliwizard/images/cherry-bomb-chilli-seeds-x-10-982-p.jpg
000004.jpg,https://cdn11.bigcommerce.com/s-f6cx4kq/images/stencil/1280x1280/products/92/1150/red_cherry_bomb_pepper__56712.1549159619.jpg?c=2&imbypass=on
000005.jpg,https://www.southdevonchillifarm.co.uk/images/detailed/1/cherrybombseeds1100.jpg
000006.jpg,https://images-na.ssl-images-amazon.com/images/I/71Z5ZsdIEHL._SX355_.jpg
000007.jpg,http://www.specialtyproduce.com/sppics/1381.png
000008.jpg,https://d1nw62gticy6e9.cloudfront.net/uploads/Time_Bomb_Pepper_Seeds.jpg
000009.jpg,https://images-na.ssl-images-amazon.com/images/I/61H0DmpzKpL._SL1500_.jpg
000010.jpg,https://www.premierseedsdirect.com/wp-content/uploads/2017/02/41583955-2.jpg
000011.jpg,http://cdn.shopify.com/s/files/1/0679/7951/products/cherry-bomb1_grande.jpeg?v=1414361837
000012.jpg,https://i.etsystatic.com/6549361/r/il/b466af/327129370/il_570xN.327129370.jpg
000013.jpg,https://www.rocketgardens.co.uk/wp-content/uploads/2016/11/Cherry-Bomb-Chilli-Pepper.jpg
000014.jpg,https://www.chilliseedbank.com.au/media/catalog/product/cache/image/720x560/4c3462793ba5f87d7658a49338bdb5e2/c/h/cherrybomb_edit_1.jpg
000015.jpg,https://cdn11.bigcommerce.com/s-cg0adf/images/stencil/1280x1280/products/1160/2984/Cherry_Bomb__63242.1540639144.jpg?c=2
000016.jpg,https://i.ebayimg.com/images/g/EjoAAOxySoJTQI~k/s-l300.jpg
000017.jpg,https://croatianseeds-store.com/images/stories/virtuemart/product/cherry%20bomb.jpg
000018.jpg,https://previews.123rf.com/images/bhofack2/bhofack21905/bhofack2190500329/122261503-raw-organic-red-cherry-bomb-peppers-ready-to-cook.jpg
000019.jpg,https://www.burpee.com/dw/image/v2/ABAQ_PRD/on/demandware.static/-/Sites-masterCatalog_Burpee/default/dwf331d54a/Images/Product%20Images/prod002737/prod002737_alt2.jpg?sw=320&sh=378&sm=fit
000020.jpg,http://cdn.shopify.com/s/files/1/1270/2601/products/Glen_Seeds_Heirloom_Chillies_-_Cherry_Bomb_2_grande.jpg?v=1481103936
000021.jpg,https://previews.123rf.com/images/bhofack2/bhofack21905/bhofack2190500366/122261576-raw-organic-red-cherry-bomb-peppers-ready-to-cook.jpg
000022.jpg,https://cdn.manomano.com/vegetable-pepper-chilli-cherry-bomb-P-1528882-3627721_1.jpg
000023.jpg,https://i.pinimg.com/originals/61/ba/04/61ba04d6c376d21205af999cd155f814.jpg
000024.jpg,https://static.artfire.com/uploads/mfs/items/73/9b/large/739b6ee0a376d84da178152532e7355b7d4cf572e72f897469c467d7bddd35d8.jpg
000025.jpg,http://www.seedpantry.co.uk/images/detailed/1/Capsicum_annuum_Little_Bomb.jpg
000026.jpg,https://www.chileplants.com/images/chiles/cherry-bomb-hybrid-pepper-plants.jpg
000027.jpg,https://fscomps.fotosearch.com/compc/CSP/CSP616/cherry-big-bomb-pepper-stock-image__k6164880.jpg
000028.jpg,https://viridishortus.co.uk/WebRoot/Store10/Shops/70aa2b8f-78d4-4174-8951-a251ae9a4f33/5871/DD2C/4A2B/8D98/46F5/0A48/3521/D975/Pepper_hot_Cherry_Bomb_2.jpg
000029.jpg,https://portalvhds26k4f5tktj3ck.blob.core.windows.net/spotpics/sp49553.jpg
000030.jpg,https://ca-times.brightspotcdn.com/dims4/default/d9486b9/2147483647/strip/true/crop/3473x2848+0+0/resize/840x689!/quality/90/?url=https%3A%2F%2Fca-times.brightspotcdn.com%2Fed%2Ff3%2Ffba76c154877b4a11f34afa51a6e%2Fla-fo-mr-cherry-bomb-peppers-underwood-001.JPG
000031.jpg,https://delivery.balsamfarms.com/image/cache/catalog/delivery/vegetables/peppers/hot-peppers-cherry-bomb-1-500x500.jpg
000032.jpg,https://rukminim1.flixcart.com/image/832/832/jlfh6kw0/plant-seed/4/q/f/20-hot-cherry-bomb-pepper-chili-trothic-original-imaf8jsmt9edubsn.jpeg?q=70
000033.jpg,https://images.fineartamerica.com/images/artworkimages/mediumlarge/1/cherry-bomb-pepper-melanie-davis.jpg
000034.jpg,https://davesgarden.com/guides/pf/thumbnail.php?image=2008/11/22/hazelwood/a4f27e.jpg&widht=700&height=312
000035.jpg,https://images-na.ssl-images-amazon.com/images/I/61j5kex5PGL._SY606_.jpg
000036.jpg,https://kcdgarden.com/varieties/377/20180512_201809.jpg?width=730&height=500&mode=crop&format=jpg&quality=65
000037.jpg,https://www.pepperscale.com/wp-content/uploads/2015/12/wiri-wiri-pepper-1-e1509286740719-768x432.jpg
000038.jpg,https://www.beansandherbs.co.uk/wp-content/uploads/2016/12/PEPPER-Cherry-Bomb.jpg
000039.jpg,https://i.ytimg.com/vi/g-KNPVSfF-E/maxresdefault.jpg
000040.jpg,https://ca-times.brightspotcdn.com/dims4/default/b5fb8a6/2147483647/strip/true/crop/3944x2620+0+0/resize/840x558!/quality/90/?url=https%3A%2F%2Fca-times.brightspotcdn.com%2Fb1%2F82%2F01fea6f34f06bab629563cce6ff0%2Fla-fo-mr-cherry-bomb-peppers-underwood-002.JPG
000041.jpg,https://i.etsystatic.com/16938517/r/il/6208d5/1875452036/il_570xN.1875452036_4eci.jpg
000042.jpg,https://www.centertonnursery.com/chefjeff/images/var/pecbo1.jpg
000043.jpg,https://www.picclickimg.com/00/s/MTI0MFg5MzA=/z/EvEAAOxyVaBS2bWj/$/Hot-Cherry-Bomb-Pepper-Seeds-VERY-UNIQUE-PEPPER-_1.jpg
000044.jpg,https://previews.123rf.com/images/bhofack2/bhofack21905/bhofack2190500341/122261517-raw-organic-red-cherry-bomb-peppers-ready-to-cook.jpg
000045.jpg,https://www.seedparade.co.uk/170-large_default/hot-pepper-cherry-bomb-25-seeds.jpg
000046.jpg,https://goodeggs1.imgix.net/product_photos/yuFC0mecS2UaOwR5dgNE_2018_1129_JacobsFarm_CherryBombPeppers%20%285c81752a8fab3c4de365ffce78fe510816571f07%29.jpg?w=840&h=525&fm=jpg&q=80&fit=crop
000047.jpg,https://farmerstoyou.com/images/products/organic_cherry_bomb_peppers_1442.jpg
000048.jpg,https://cdn.shopify.com/s/files/1/0200/5036/products/1893957_130425174900_01059.jpeg?v=1421466199
000049.jpg,https://vignette.wikia.nocookie.net/gardener/images/8/8e/Chilli_Cherry_bomb.jpg/revision/latest?cb=20101002163610
000050.jpg,https://www.magicplantfarms.com/wp-content/uploads/2016/09/Cherry-Pepper-Wiri-Wiri-400.jpg
000051.jpg,https://i.ebayimg.com/images/g/k5oAAOSwfdBamBN5/s-l400.jpg
000052.jpg,https://www.picclickimg.com/d/l400/pict/132492720832_/25-Hot-Cherry-Bomb-Pepper-Seeds.jpg
000053.jpg,https://st4.depositphotos.com/1692343/26666/i/1600/depositphotos_266668306-stock-photo-raw-organic-red-cherry-bomb.jpg
000054.jpg,https://trademe.tmcdn.co.nz/photoserver/full/1093076610.jpg
000055.jpg,https://c1.staticflickr.com/3/2624/3996017307_ce879852ae.jpg
000056.jpg,https://www.rebootedmom.com/wp-content/uploads/2019/06/IMG_0043.jpg
000057.jpg,https://assets.listia.com/photos/9cad6c276d921b977389/original.png?s=320x320m&sig=054d1054dd8c6089&ts=1422852550
000058.jpg,https://thumbs.dreamstime.com/z/cherry-bomb-cascabella-peppers-1554447.jpg
000059.jpg,https://c8.alamy.com/comp/T805WM/raw-organic-red-cherry-bomb-peppers-ready-to-cook-T805WM.jpg
000060.jpg,http://www.vancouversun.com/cms/binary/7291860.jpg
000061.jpg,https://www.chili-shop24.com/media/image/6c/c6/92/104132_01_720x600.jpg
000062.jpg,https://www.igardenplanting.com/wp-content/uploads/2017/06/cherry-bomb-pepper-1.png
000063.jpg,https://i0.wp.com/durandtsheirloomseeds.co.za/wp-content/uploads/2018/04/Cherrybomb.jpg?fit=900%2C900
000064.jpg,https://cf.shopee.com.my/file/70221a43f6bbe55d4870ce9bbe281d09_tn
000065.jpg,https://fscomps.fotosearch.com/compc/FSD/FSD492/cherry-bomb-hot-red-pepper-on-fire-stock-image__x21296112.jpg
000066.jpg,https://image.shutterstock.com/image-photo/isolated-red-hot-chili-pepper-260nw-1206277360.jpg
000067.jpg,https://fromdirttodinner.files.wordpress.com/2012/10/red-cherry-bomb-peppers.gif
000068.jpg,https://render.fineartamerica.com/images/rendered/square-product/small/images-medium-large/cherry-bomb-hot-peppers-pat-crocker.jpg
000069.jpg,https://cdn.shopify.com/s/files/1/1667/9659/products/SL116_11d9717c-95dc-443b-864a-79dc5d2a586b_large.jpg?v=1510927181
000070.jpg,https://images-na.ssl-images-amazon.com/images/I/51PVD8RiRmL.jpg
000071.jpg,https://i.etsystatic.com/16938517/r/il/6f5304/1875454602/il_570xN.1875454602_mrhb.jpg
000072.jpg,http://curaherb.es/image/cache/products/cherry-bomb-chilli-seeds-home-grow-800x800.png
000073.jpg,https://previews.123rf.com/images/bhofack2/bhofack21905/bhofack2190500340/122261516-raw-organic-red-cherry-bomb-peppers-ready-to-cook.jpg
000074.jpg,https://www.baldorfood.com/uploads/PhotoModel/19549/image/veg1tt.gallery.jpg?t=1513190119
000075.jpg,https://isteam.wsimg.com/neb/obj/NTM3MzAzQTlGMUNBQzVDRDNCREQ6ZmM0OTI5MDRkZmE5ZmNmYzMzOTFjNDliN2I3ZDAwMjU6Ojo6OjA=/:/rs=w:600,h:600
000076.jpg,https://www.rebootedmom.com/wp-content/uploads/2019/06/Pickled-Cherry-Bomb-Peppers-1.jpg
000077.jpg,https://www.mediastorehouse.com/p/617/red-cherry-bomb-chilli-white-background-close-up-9567083.jpg.webp
000078.jpg,http://cdn.shopify.com/s/files/1/0870/1404/products/cherrybomb_grande.jpg?v=1527611226
000079.jpg,https://thumbs.dreamstime.com/z/raw-organic-red-cherry-bomb-peppers-raw-organic-red-cherry-bomb-peppers-ready-to-cook-147132898.jpg
000080.jpg,https://foodtruthandbeauty.files.wordpress.com/2009/11/cherry-bomb-peppers.jpg
000081.jpg,https://res.cloudinary.com/fleetnation/image/private/c_fit,w_1120/g_south,l_text:style_gothic2:%C2%A9%20Jasmina%20Dejanovic,o_20,y_10/g_center,l_watermark4,o_25,y_50/v1538980284/jcunpikvzorarxgvdysw.jpg
000082.jpg,https://media.gettyimages.com/photos/cherry-bomb-pepper-or-sometimes-called-a-pimiento-on-a-white-picture-id680693844
000083.jpg,http://cdn.shopify.com/s/files/1/1523/7044/products/Cherry_Bomb_1_1024x1024.jpg?v=1475899791
000084.jpg,https://media.istockphoto.com/photos/baskets-of-farmers-market-cherry-bomb-chili-peppers-picture-id1038396322
000085.jpg,https://pinaenlacocina.com/wp-content/uploads/2014/10/100_4363.jpg
000086.jpg,https://www.chileseeds.co.uk/wp-content/uploads/2016/10/chocolatecherrybombchilliseeds.jpg
000087.jpg,https://i.redd.it/ta3v8yebq7i31.jpg
000088.jpg,https://migardener.com/wp-content/uploads/2017/01/LARGEREDCHERRY-PEPPER.jpg
000089.jpg,https://image.shutterstock.com/image-photo/raw-organic-red-cherry-bomb-260nw-1393352681.jpg
000090.jpg,https://c8.alamy.com/comp/PFKCN2/red-cherry-bomb-peppers-whole-and-sliced-close-up-PFKCN2.jpg
000091.jpg,https://i.pinimg.com/originals/98/54/fd/9854fd510d3312634184b164f44c8e9b.jpg
000092.jpg,https://live.staticflickr.com/4114/4875836484_b54a1dc54b.jpg
000093.jpg,https://www.picclickimg.com/00/s/MTYwMFgxNjAw/z/PEYAAOSwpoNamBOu/$/10-Cherry-Bomb-Pepper-Seeds-Organically-Grown-High-_1.jpg
000094.jpg,https://www.ukchilliseeds.co.uk/ekmps/shops/chilliwizard/images/cherry-bomb-chilli-seeds-x-10-[2]-982-1-p.jpg
000095.jpg,https://en.pimg.jp/020/791/496/1/20791496.jpg
000096.jpg,https://as2.ftcdn.net/jpg/01/24/24/33/500_F_124243364_2HRluC2qxViBi9Ht35t6zaahKAsnuzKn.jpg
000097.jpg,http://thumb1.zeppy.io/d/l400/pict/171738905219/carolina-reaper-chilli-pepper-seeds-x-10-super-hot-100-genuine
000098.jpg,https://shop.westlandpeppers.com/wp-content/uploads/2017/07/spicy-cherry-bomb_westlandpeppers-2.jpg
000099.jpg,https://assets.epicurious.com/photos/555b6962100d9bda6d820872/1:1/w_600%2Ch_600/51253030_chicken-with-pork-stuffed-cherry-peppers_6x4.jpg
000100.jpg,http://static1.squarespace.com/static/5968af67414fb590cb8f77e3/596914e53a04115b4a5db2c6/5baeaacdb208fcc8b56728d6/1568327350887/spicy-cherry-bomb_westlandpeppers-1.jpg
000101.jpg,https://gardenplants.comparespecies.com/PImg/Cherry-Bomb-Pepper-Plant655Normal_200.jpg
000102.jpg,https://garden.org/pics/2019-01-19/tabbycat/69be0e.jpg
000103.jpg,https://img2.lrgarden.com/feed_pic/98/22/1000500578_1000014626_1521711382.jpg
000104.jpg,https://plotf1.files.wordpress.com/2011/08/cherrybomb.jpg
000105.jpg,https://t3.ftcdn.net/jpg/02/28/84/06/500_F_228840655_6vsrxUBO93k6W7ebQJ3QhWlwW0mUQnkN.jpg
000106.jpg,https://st4.depositphotos.com/1692343/26666/i/1600/depositphotos_266668948-stock-photo-raw-organic-red-cherry-bomb.jpg
000107.jpg,https://www.thecuriouschickpea.com/wp-content/uploads/2017/05/easy_homemade_hot_sauce-1.jpg
000108.jpg,https://33proxy.pw/wp-content/uploads/2019/01/superb-cherry-bomb-chili.jpg
000109.jpg,https://pics.davesgarden.com/pics/2008/11/25/hazelwood/22ccf8.jpg
000110.jpg,https://www.burpee.com/dw/image/v2/ABAQ_PRD/on/demandware.static/-/Sites-masterCatalog_Burpee/default/dw4b35f9b2/Images/Product%20Images/prod002793/prod002793.jpg?sw=322&sh=380&sm=fit
000111.jpg,http://farm5.static.flickr.com/4089/5031266469_8eb8399e8b_z.jpg
000112.jpg,https://www.fedcoseeds.com/seeds/seeds_images/3825_2.jpg
000113.jpg,https://i5.walmartimages.com/asr/cea9ed16-e7bb-4117-8906-d0511a70c724_1.b4c454e3c5581dfd3ecb0efe9ebbe81e.jpeg?odnHeight=450&odnWidth=450&odnBg=FFFFFF
000114.jpg,https://static01.nyt.com/images/2017/08/02/dining/02COOKING_CHICKENPAPRIKASH2/02COOKING_CHICKENPAPRIKASH2-articleLarge.jpg
000115.jpg,https://www.capegazette.com/sites/capegazette/files/2018/04/field/image/111111111.jpg
000116.jpg,https://www.vegiworks.com/wp-content/uploads/2016/12/CHILE-Cherry-Bomb-Peppers.jpg
000117.jpg,https://www.rebootedmom.com/wp-content/uploads/2019/06/Pickled-Cherry-Bomb-Peppers-2.jpg
000118.jpg,https://www.wholesale.molesseeds.co.uk/pics/VHP88.jpg
000119.jpg,https://s3-eu-west-1.amazonaws.com/seminismanagehungary/600_uhtl9z0oym_seminispeppercherrybomb01.jpg
000120.jpg,http://cartin.co/wp-content/uploads/2019/07/cherry-peppers-plants-cherry-bomb-peppers-growing-in-a-field-on-a-northern-farm-these-peppers-are-sweet-cherry-peppers-plants-sweet-cherry-pepper-plants-for-sale.jpg
000121.jpg,https://pbs.twimg.com/media/DIALRnpWsAANANN.jpg
000122.jpg,http://i159.photobucket.com/albums/t159/poypoyking/Garden%20Food/IMG_20130903_213925_124_zpsdc2d134a.jpg
000123.jpg,https://bibitbunga.com/wp-content/uploads/2017/02/tanaman-cherry-bomb-pepper.jpg
000124.jpg,https://scontent-frx5-1.cdninstagram.com/v/t51.2885-15/e35/s320x320/69782107_988065638252317_8428829751080555528_n.jpg?_nc_ht=scontent-frx5-1.cdninstagram.com&oh=3ddb9059ffdbe9aadd18085018471903&oe=5DEFBFE8&ig_cache_key=MjEyMjI4NjQ4NDg3MzYyNDcxMA%3D%3D.2
000125.jpg,https://secureservercdn.net/166.62.108.22/b78.06b.myftpupload.com/wp-content/uploads/2015/05/vcherrybomb1.jpg
000126.jpg,https://i.etsystatic.com/18302905/r/il/c7e9e0/1914219522/il_570xN.1914219522_q6vh.jpg
000127.jpg,https://thumbs.dreamstime.com/thumblarge_2299/22995991.jpg
000128.jpg,https://images.clipartlogo.com/files/istock/previews/8013/80136789-cherry-bomb-chilli-pepper.jpg
000129.jpg,https://pics.me.me/scoville-chart-spiciness-chile-pepper-heat-range-ancho-1-000-2-000-cherry-6614873.png
000130.jpg,https://www.exotic-plants.de/auktionsbilder/Chili_Cherry_Bomb1.jpg
000131.jpg,https://c8.alamy.com/comppt/xcww1w/cherry-bomb-pimenta-xcww1w.jpg
000132.jpg,https://www.mariannemajerus.com/cache/pcache2/00028249.jpg
000133.jpg,https://comps.canstockphoto.com/cherry-bomb-unripe-pepper-plant-stock-photo_csp59287241.jpg
000134.jpg,https://i.redd.it/ayntqlob9yt11.jpg
000135.jpg,https://previews.123rf.com/images/bhofack2/bhofack21905/bhofack2190500245/122261331-raw-organic-red-cherry-bomb-peppers-ready-to-cook.jpg
000136.jpg,https://summerhibiscus.files.wordpress.com/2012/11/cherrybomb21.jpg?w=584
000137.jpg,http://www.greenleafsf.com/sites/default/files/styles/product_node_carousel/public/Cherry-Bombs-Web.jpg?itok=xilKXZpa
000138.jpg,http://chillicafe.co/wp-content/uploads/2019/02/Cherry-Bomb-Seeds.png
000139.jpg,http://plants.natorp.com/assets/plants/PepperCherryBomb%20ivy%20garth.jpg
000140.jpg,http://www.chilepeppersrecipes.com/peppers/pepper_images/cherry-close-bowl.jpg
000141.jpg,http://www.bountifulseeds.com/57-large/cherry-bomb-chilli-pepper-seeds.jpg
000142.jpg,https://cdn.shopify.com/s/files/1/0645/7913/products/unnamed_2cabae84-0053-42a4-8039-58ae9e7cf74e_2048x.jpg?v=1527137909
000143.jpg,https://t3.ftcdn.net/jpg/02/28/84/06/500_F_228840694_AlpJ2RcqYfThlAlBp2jsRSgVvEqNgiSg.jpg
000144.jpg,https://thumbs.dreamstime.com/z/cherry-bomb-peppers-orange-cherry-bomb-peppers-white-128139917.jpg
000145.jpg,https://www.recipefiction.com/wp-content/uploads/2017/10/sweet_hot_cherry_bombs-6.jpg
000146.jpg,https://i.ytimg.com/vi/I37Nkuwp8P8/hqdefault.jpg
000147.jpg,http://3.bp.blogspot.com/-r9jfWjUTjHI/TmBE_MU0UCI/AAAAAAAAAXg/k_VlFqFataM/s1600/IMG_0284.JPG
000148.jpg,https://media.istockphoto.com/photos/red-cherry-bomb-hot-peppers-picture-id183138558
000149.jpg,https://pizzagoon.com/wp-content/uploads/2014/10/late-summer-2014-067ii.jpg
000150.jpg,http://bucketfood.com/wp-content/uploads/2018/02/CHERRY-BOMB-300x262.jpg
000151.jpg,https://pbs.twimg.com/media/Cuq_-0lXgAAq-ir.jpg
000152.jpg,https://www.thespiceworks.co.uk/wp-content/uploads/csm/CHERRY_BOMB_PEPPERS-400x400.jpg
000153.jpg,https://i.pinimg.com/originals/ee/03/6f/ee036f479f9d0388046ade12c81eb1d3.jpg
000154.jpg,http://eliotseats.com/wp-content/uploads/2013/10/2013-09-24-17.02.39.jpg
000155.jpg,https://thriftedkitchen.files.wordpress.com/2018/04/img_4334-1.jpg?w=825&h=510&crop=1
000156.jpg,http://s.ecrater.com/stores/59305/4f7afe2d38084_59305b.jpg
000157.jpg,https://www.sugardishme.com/wp-content/uploads/2013/06/Cherry-Bomb-Chicken-11.jpg
000158.jpg,http://triggerhappyonline.co.za/wp-content/uploads/2018/10/CHERRY-BOMB-TAC-SPEC-3.5-PAVA-PEPPER-BALLS-0.68-cal.jpg
000159.jpg,https://www.cayennediane.com/wp-content/uploads/Wiri-Wiri-Pepper-300x300.jpg
000160.jpg,https://www.magicplantfarms.com/wp-content/uploads/2016/10/Cherry-Pepper-Flakes.jpg
000161.jpg,https://st4.depositphotos.com/1692343/26666/i/1600/depositphotos_266668380-stock-photo-raw-organic-red-cherry-bomb.jpg
000162.jpg,https://trademe.tmcdn.co.nz/photoserver/full/856721427.jpg
000163.jpg,https://www.hydroponics.eu/officinal-medical-vegetables-and-chilli-pepper-seeds/chilli-seeds-bank/vogliapiccante-pepper-seeds-cheery-bomb~Img_Principale_34049.jpg
000164.jpg,https://s.yimg.com/aah/yhst-60941604558443/serrano-chili-pepper-green-ground-23.png
000165.jpg,https://i0.wp.com/larchmontla.com/ui/wp-content/uploads/2010/08/larchmontla.com_images_farmers-market_mild-anaheim-chiles.jpg?resize=425%2C445&ssl=1
000166.jpg,http://fafard.com/wp-content/uploads/2015/07/pepper.jpg
000167.jpg,https://media-cdn.tripadvisor.com/media/photo-s/08/a8/b1/19/pizza-hut.jpg
000168.jpg,https://greenleaf.uncg.edu/photo_album_2004/full_images/cherry_%20bombs.jpg
000169.jpg,https://www.tacticaldistributors.co.za/2976-tm_thickbox_default/cherry-bomb-68-mil-spec-1210-high-strength-pava-pepper-balls.jpg
000170.jpg,https://portalvhds26k4f5tktj3ck.blob.core.windows.net/spotpics/sp46926.jpg
000171.jpg,https://www.huntalot.co.za/pub/media/catalog/product/cache/a18be4409b00d68448ca34c5eafac073/1/4/140_jar_mil-spec_pava.jpg
000172.jpg,https://www.futurama.co.za/media/catalog/product/cache/18/image/946x946/9df78eab33525d08d6e5fb8d27136e95/c/h/cherry_bomb_.68cal_rubber_rounds.jpg
000173.jpg,https://www.mariannemajerus.com/cache/pcache2/00028253.jpg
000174.jpg,http://gabriellaflom.com/wp-content/uploads/2018/04/cherry-pepper-plant-pepper-plant-for-sale-import-fruit-vegetable-seeds-rare-ghost-pepper-cherry-chili-seeds-pepper-plant-cherry-bomb-pepper-seed.jpg
000175.jpg,https://ssl.c.photoshelter.com/img-get/I0000uK6iti8UCLo/s/500/400/HS41-015c.jpg
000176.jpg,http://www.chequamegonfoodcoop.com/wp-content/uploads/2016/02/IMG_0189.jpg
000177.jpg,https://cdn.shopify.com/s/files/1/0741/7947/products/SweetHeat_CherryBomb2_2048x.jpg?v=1472099325
000178.jpg,https://cdn.shopify.com/s/files/1/2256/9849/products/hell-fire-detroit-hot-sauce-cherry-peppers-mittencratecom-3_1160x.jpg?v=1540567785
000179.jpg,http://farm9.staticflickr.com/8436/7955365346_e10b2deba4_z.jpg
000180.jpg,https://www.urbanjungle.uk.com/newspad/uploads/cherry_bomb_500.jpg
000181.jpg,https://www.pepperscale.com/wp-content/uploads/2015/03/manzano-pepper_lg.jpg
000182.jpg,https://rockymountaincooking.com/wp-content/uploads/2015/05/monkey61.jpg
000183.jpg,https://as1.ftcdn.net/jpg/02/28/84/06/500_F_228840612_qKX3B5RBCqOqqBwC7HEXaxZwMX89FFVw.jpg
000184.jpg,https://www.recipefiction.com/wp-content/uploads/2017/10/sweet_hot_cherry_bombs-1.jpg
000185.jpg,http://www.grittsfarm.com/uploads/9/7/3/8/97389616/peppers-cayenne_2.jpg
000186.jpg,https://www.fruttaweb.com/13230-large_default/fresh-chili-pepper-cherry-bomb-pepper.jpg
000187.jpg,https://www.southdevonchillifarm.co.uk/images/detailed/1/CB1100.jpg
000188.jpg,http://www.jalapenomadness.com/images/Poppers-Stuffed-Peppers-Book/Pecan-Gouda%20Stuffed%20Cherry%20Bombs.jpg
000189.jpg,https://www.tacticaldistributors.co.za/2978-tm_thickbox_default/cherry-bomb-68-510-standard-strength-pava-pepper-balls.jpg
000190.jpg,http://www.rosecitypepperheads.com/uploads/1/8/7/3/18734614/s528239505425204800_p58_i4_w325.jpeg
000191.jpg,http://static1.squarespace.com/static/587f955ebf629aa34c88a52e/587f96c02994ca6d031e8a7e/58d2d9551b631b9ba1107672/1536955673253/HotPepper-CherryBomb.JPG
000192.jpg,https://www.huntalot.co.za/pub/media/catalog/category/cherry-bomb-pepper-balls_1.png
000193.jpg,http://farm9.staticflickr.com/8170/7955407696_311d4cbbe3_z.jpg
000194.jpg,https://c8.alamy.com/comp/T805PE/raw-organic-red-cherry-bomb-peppers-ready-to-cook-T805PE.jpg
000195.jpg,https://1.bp.blogspot.com/-S18Pv2YyEBE/VyX5kfwV77I/AAAAAAAASWE/e_1Fx-xr0DQBw99VuTDOTGs9lvAb7im_ACLcB/s400/hotBSAM_0583.JPG
000196.jpg,https://www.blackmambasecurity.co.za/wp-content/uploads/2018/11/Mil-spec-1000.jpeg
000197.jpg,https://vignette.wikia.nocookie.net/gardener/images/1/10/Chilli_Big_bomb.jpg/revision/latest?cb=20101002163112
000198.jpg,https://s.yimg.com/aah/yhst-60941604558443/cherry-pepper-a-k-a-wiri-wiri-chili-pepper-powder-in-a-spice-jar-1-76-oz-11.png
000199.jpg,https://live.staticflickr.com/3381/3471294721_8e0c8a279a_z.jpg
000200.jpg,https://cdn.shopify.com/s/files/1/0741/7947/products/Cherry_Bomb_2b2d55e0-7ef4-4074-b275-f9cb820b1559_300x.png?v=1556157161
000201.jpg,https://i.etsystatic.com/10905888/r/il/66c212/1973090803/il_fullxfull.1973090803_bup1.jpg
000202.jpg,https://chefsopiniondotorg2.files.wordpress.com/2018/01/12.jpg
000203.jpg,https://seaspringplants.co.uk/wp-content/uploads/2018/01/Cherry-Bomb-web20a-300x300.jpg
000204.jpg,https://previews.123rf.com/images/bhofack2/bhofack21905/bhofack2190500387/122261605-raw-organic-red-cherry-bomb-peppers-ready-to-cook.jpg
000205.jpg,http://farm9.staticflickr.com/8292/7712963868_8005ef0785_c.jpg
000206.jpg,https://media.gettyimages.com/photos/two-red-cherry-bomb-peppers-and-leaves-picture-id88563330
000207.jpg,https://vitiveto.cdn.shoprenter.hu/custom/vitiveto/image/cache/w900h500wt1/monsanto/cherrybomb.jpg?lastmod=1540993636.1482236000
000208.jpg,https://www.animalgear.co.za/pub/media/catalog/product/cache/a18be4409b00d68448ca34c5eafac073/1/0/10_tube_mil-spec_pava.jpg
000209.jpg,https://t3.ftcdn.net/jpg/00/92/65/20/500_F_92652041_QXeQzgxEUl1v43Jhy3j4xObnk4lh7lEN.jpg
000210.jpg,https://www.kentchillifarm.co.uk/wp-content/uploads/2017/07/paperlanterns.jpg
000211.jpg,https://seedsandplants.co.za/wp-content/uploads/2017/03/chilli_cherry_bomb4-400x400.jpg
000212.jpg,https://cdn.shopify.com/s/files/1/1681/7153/products/karma-sauces-cherry-bomb-copyright-doc-hotties-2018_2048x.png?v=1524356062
000213.jpg,https://media.istockphoto.com/photos/basket-of-farmers-market-cherry-bomb-chili-peppers-picture-id1038396114
000214.jpg,https://www.thecuriouschickpea.com/wp-content/uploads/2017/05/easy_homemade_hot_sauce-7.jpg
000215.jpg,http://marketnews.club/wp-content/uploads/2019/06/cherry-pepper-plant-cherry-bomb-pepper-plant-size.jpg
000216.jpg,http://static1.squarespace.com/static/562fc159e4b0ac7e6622e6ab/562fd4d4e4b00ae735649bc0/568405630e4c118995c2903e/1452975782216/?format=1500w
000217.jpg,http://thumb2.zeppy.io/d/l400/pict/391966563714/10-variety-chilli-pepper-seed-collection-100-seeds-bhut-jolokia-naga-dorset-bulk
000218.jpg,http://www.magicplantshop.com/images/watermarked/1/detailed/1/5-Gallon-Bucket-Mash_smkb-nm_o6sm-h8.jpg
000219.jpg,https://i.etsystatic.com/6766152/d/il/30cddd/2025805247/il_340x270.2025805247_213q.jpg?version=0
000220.jpg,http://i1342.photobucket.com/albums/o763/skullbiker/8916B44D-7E08-4367-B569-DBC291815F02_zpsdisusnu6.jpg
000221.jpg,https://garden.org/pics/2013-09-17/robertduval14/e6486e-250.jpg
000222.jpg,http://static1.squarespace.com/static/56b6bd9b40261df6e119397c/56cea42301dbae952f4c18e4/56dcebc4d51cd4224e4b86e2/1561550007887/IMG_0090%5B1%5D.JPG
000223.jpg,https://www.chili-shop24.com/media/image/c5/05/aa/102179_01_600x600.jpg
000224.jpg,https://puttingupwiththeturnbulls.files.wordpress.com/2010/08/hot-bombs.jpg
000225.jpg,https://i.etsystatic.com/7824311/r/il/d001e6/553364794/il_794xN.553364794_q3n0.jpg
000226.jpg,https://www.itkkit.com/upload/resize/906/1f018da615f0310727a2597dd2b8a98c_423x423.jpg
000227.jpg,https://i.pinimg.com/originals/ea/a6/ab/eaa6ab48ceecc13ac276fecbbc05c5aa.jpg
000228.jpg,https://rachelstabledotcom1.files.wordpress.com/2012/09/cherry-bomb-pepper.jpg
000229.jpg,https://pics.davesgarden.com/pics/2008/11/22/hazelwood/a4f27e.jpg
000230.jpg,http://cdn.shopify.com/s/files/1/1022/5071/products/cherry-bomb-red-hot-chile-pepper-seeds-capsicum-annuum-medium-heat-3_1024x1024.jpg?v=1565027676
000231.jpg,https://www.genuinekentucky.com/wp-content/uploads/2014/09/Cream-Cheese-Stuffed-Jalapenos-with-Berry-Sauce-Drizzled-Over-Them.jpg
000232.jpg,https://scontent-frt3-1.cdninstagram.com/v/t51.2885-15/e35/c0.135.1080.1080a/s320x320/67841758_168146187645562_8781783751805655106_n.jpg?_nc_ht=scontent-frt3-1.cdninstagram.com&_nc_cat=110&oh=c6a446b0756e3296fc8dde06fd7df7a8&oe=5E03C93F&ig_cache_key=MjExNzc4Mjk2MzA1MTAzNjAxNg%3D%3D.2.c
000233.jpg,http://milkfarmla.com/wp-content/uploads/2015/10/milkfarmlunch-1013-1-pork-loin-press-smoked-cheese-cherry-bomb-pepper-aioli-fennel-onions-on-ciabatt.jpg
000234.jpg,https://scontent-ams4-1.cdninstagram.com/vp/020efe7140850e77786d48dde395045f/5DBE0C19/t51.2885-15/e35/64539278_342456053056631_7185688840152806586_n.jpg?_nc_ht=scontent-ams4-1.cdninstagram.com
000235.jpg,https://st4.depositphotos.com/1692343/26666/i/1600/depositphotos_266668410-stock-photo-raw-organic-red-cherry-bomb.jpg
000236.jpg,https://www.deifratelli.com/wp-content/uploads/2019/02/Pulled-Pork-Nacho-600x400.jpg
000237.jpg,http://images.squarespace-cdn.com/content/v1/56b6bd9b40261df6e119397c/1520372976119-2Y70UXU0J363KLS4IPE6/ke17ZwdGBToddI8pDm48kDHPSfPanjkWqhH6pl6g5ph7gQa3H78H3Y0txjaiv_0fDoOvxcdMmMKkDsyUqMSsMWxHk725yiiHCCLfrh8O1z4YTzHvnKhyp6Da-NYroOW3ZGjoBKy3azqku80C789l0mwONMR1ELp49Lyc52iWr5dNb1QJw9casjKdtTg1_-y4jz4ptJBmI9gQmbjSQnNGng/pepper+jelly.jpg
000238.jpg,https://i1.wp.com/eatdrinktelaviv.com/wp-content/uploads/2014/04/guacamole-cherrypepper.png
000239.jpg,https://i.postimg.cc/5yG6h0xj/cherry-bomb-1.jpg
000240.jpg,https://www.chicoer.com/wp-content/uploads/migration/2011/201109/NEWS_110929632_AR_0_LTWWUCKMUZAH.jpg?w=535
000241.jpg,https://fashion-style.club/wp-content/uploads/2019/01/pictures-cherry-bomb-abe.jpg
000242.jpg,https://www.prowrestlingtees.com/pub/media/catalog/product/cache/image/500x500/e9c3970ab036de70892d86c6d221abfe/c/h/cherrybomb1003.png
000243.jpg,https://i2.wp.com/boastfulfood.com/wp-content/uploads/2016/07/postid-3080_ImageTMs.jpg?resize=282%2C282
000244.jpg,https://www.gapphotos.com/images/LargeWebPreview/0485/0485384.jpg
000245.jpg,https://www.rosecitypepperheads.com/uploads/1/8/7/3/18734614/8189042_orig.jpg
000246.jpg,https://cdn.shopify.com/s/files/1/1035/1939/products/image_42faedcb-879e-4c99-ab7e-a48c4b0913a0_1024x1024.jpg?v=1550149131
000247.jpg,http://gardenbite.com/wp-content/uploads/2017/02/Pepper-Cherry-Bomb-in-container.jpg
000248.jpg,http://i.ebayimg.com/images/i/281610184468-0-1/s-l1000.jpg
000249.jpg,http://gicombatsupplies.co.za/img/cms/20150824%20Cherry%20Bomb.jpg
000250.jpg,https://www.neonsales.co.za/content/images/thumbs/0001953_cherry-bomb-pepper_450.jpeg
000251.jpg,http://mmm-glug.co.uk/wp-content/uploads/2014/06/Green-seranades-e1403293526388.jpg
000252.jpg,https://pepperlane.com/wp-content/uploads/2016/02/Pepperlane-9-2015-21-1080x675.jpg
000253.jpg,http://milkfarmla.com/wp-content/uploads/2015/09/milkfarmlunch-915-1-turkey-melt-Swiss-chard-fontina-cherry-bomb-pepper-aioli-on-potato-Rosemary-2-tw.jpg
000254.jpg,http://expresslanechef.net/wp-content/uploads/2018/11/20181027_125018-e1543107744763-225x300.jpg
000255.jpg,https://theveganloveproject.files.wordpress.com/2015/04/smoked-cherry-bomb-pepper-cheese-spread.jpg
000256.jpg,https://as1.ftcdn.net/jpg/02/28/84/06/500_F_228840603_HGG8OeKJiHJwJigGAgf8HKnwC2mitnY1.jpg
000257.jpg,https://ecs7.tokopedia.net/img/cache/700/product-1/2015/2/26/19629/19629_6b088f94-bdce-11e4-b61b-fe4a2523fab8.jpg
000258.jpg,https://i5.walmartimages.com/asr/904d0d35-9e60-4b9a-aa4d-87c8e04661fc_1.78a59dc8f16ca525519c15e49b109a7f.jpeg?odnHeight=450&odnWidth=450&odnBg=FFFFFF
000259.jpg,https://shop.westlandpeppers.com/wp-content/uploads/bfi_thumb/serrano-green_westlandpeppers-1-ntag7rytfmfmy3w57qjeopc2ja6wuroka2kq6rl7ug.jpg
000260.jpg,http://www.usask.ca/agriculture/plantsci/vegetable/images/vegetable/varietyphotos/pepper_cherrybomb.jpg
000261.jpg,https://www.cleaneatingmag.com/.image/t_share/MTQ0ODE0MzIzMzg5MTc5MjU0/hot-pepper-eggplant-penne-67-web.jpg
000262.jpg,https://www.mariannemajerus.com/cache/pcache2/00028252.jpg
000263.jpg,https://upload.wikimedia.org/wikipedia/commons/5/50/Madame_Jeanette_and_other_chillies.jpg
000264.jpg,https://www.futurama.co.za/media/catalog/product/cache/18/image/946x946/9df78eab33525d08d6e5fb8d27136e95/u/n/untitled_9_2.jpg
000265.jpg,https://portalvhds26k4f5tktj3ck.blob.core.windows.net/spotpics/sp43710.jpg
000266.jpg,http://4.bp.blogspot.com/-A8H29FMU2kg/TwHuGLQsQpI/AAAAAAAAAEE/GKVgZUzyuQU/s1600/IMG_9065.JPG
000267.jpg,https://img.bidorbuy.co.za/image/upload/user_images/651/390651_081030013905_Capsicum_Cherry_Bomb.JPG
000268.jpg,https://images1.pricecheck.co.za/images/objects/hash/product/39e/216/bb5/image_big_131892732.jpg?1529971826
000269.jpg,https://cdn11.bigcommerce.com/s-cb3kf/images/stencil/900x1800/products/1468/2812/cherry_bomb_front__19853.1524590784.png?c=2
000270.jpg,https://macore.com/categories/stream_tag/B3V2528.jpg
000271.jpg,https://scontent-lga3-1.cdninstagram.com/vp/578f3c65dcc7c61d3a737bfd353d8971/5E2F6FEF/t51.2885-15/sh0.08/e35/s640x640/67740298_127962855162453_4582692250888132759_n.jpg?_nc_ht=scontent-lga3-1.cdninstagram.com&_nc_cat=109
000272.jpg,https://static.wixstatic.com/media/32f6dd_577c4438d4c846f88aec2c69798ee76f~mv2_d_1672_2364_s_2.jpg/v1/fill/w_1672,h_2364,al_c,q_85/32f6dd_577c4438d4c846f88aec2c69798ee76f~mv2_d_1672_2364_s_2.jpg
000273.jpg,https://i.ytimg.com/vi/1PItApYCFaQ/maxresdefault.jpg
000274.jpg,https://unclewaynestomatoes.com/sites/default/files/styles/large/public/Cherry%20Bomb%20group%20IMG_4910.JPG?itok=r-JjIdr7
000275.jpg,http://storage.googleapis.com/cdn.vinoshipper.com/wine/13651/859c1f40-1260-41b8-83f5-03b6afb0331e.jpg
000276.jpg,https://i.imgur.com/ZB8BQiv.jpg
000277.jpg,https://cdn.shopify.com/s/files/1/0679/7951/products/cherry-bomb-chilli-seed-packet_large.jpeg?v=1414361837
000278.jpg,http://www.loganzenner.com/wp-content/uploads/2016/10/Cherry-Bomb-1240x698.jpg
000279.jpg,https://i0.wp.com/stillmansfarm.com/wp-content/uploads/2017/04/pepperhotdis-2-Medium-e1491426415438.jpg?fit=640%2C853&ssl=1
000280.jpg,https://scontent-lga3-1.cdninstagram.com/vp/c27293e83e9e0979c8ada33c1cd02939/5DBCD2AE/t51.2885-15/sh0.08/e35/s640x640/51914373_343495722933202_2399144672261380675_n.jpg?_nc_ht=scontent-lga3-1.cdninstagram.com
000281.jpg,http://img0102.popscreencdn.com/158436546_f04-200-seeds-hot-cherry-bomb-peppers-pepper-chili-large.jpg
000282.jpg,https://www.thequartermaster.co.za/image/cache/catalog/product/Cherrybomb_Pepper_balls_10_pack_Final-800x1023.png
000283.jpg,https://www.southernseason.com/media/catalog/product/cache/c687aa7517cf01e65c009f6943c2b1e9/c/h/cherry_bomb_bbq_grande.jpg
000284.jpg,http://gicombatsupplies.co.za/img/cms/20150911_111435_resized_Cherry%20Bomb_800.jpg
000285.jpg,https://www.sunsetgrown.com/wp-content/uploads/2016/08/MPL-2015-Flavor-Bombs-Pack-2-1024x765.jpg
000286.jpg,https://149361851.v2.pressablecdn.com/wp-content/uploads/2014/05/hot-peppers.jpg
000287.jpg,http://growtosave.com/wp-content/uploads/2017/09/Pepper-Map-960x720.jpg
000288.jpg,https://cdn.shopify.com/s/files/1/1667/9659/products/IMG_9156_600x600.jpg?v=1508163953
000289.jpg,https://media.istockphoto.com/photos/basket-of-farmers-market-cherry-bomb-chili-peppers-picture-id1038383498
000290.jpg,https://farm8.staticflickr.com/7031/6733993387_736d17c43f_b.jpg
000291.jpg,https://www.rebootedmom.com/wp-content/uploads/2019/06/Pickled-Cherry-Bomb-Peppers.jpg
000292.jpg,https://www.chileseeds.co.uk/wp-content/uploads/2018/09/jaysredscorpionchilliseeds-300x300.jpg
000293.jpg,https://www.tescoplc.com/media/754613/4b8a8036_resize.jpg?crop=0,0.26302083333333331,0.0000000000000001263187085796,0.19010416666666666&cropmode=percentage&width=1920&height=700&rnd=132140739140000000
000294.jpg,https://www.recipefiction.com/wp-content/uploads/2017/10/sweet_hot_cherry_bombs-5.jpg
000295.jpg,https://s3-media4.fl.yelpcdn.com/bphoto/n9V-Zz9R66aJwJsg_pdi5Q/348s.jpg
000296.jpg,https://www.cayennediane.com/wp-content/uploads/2016/10/Palestine-TX-Hot-Pepper-Festival-2019.png
000297.jpg,https://i.pinimg.com/originals/37/4b/36/374b36144a74e4e6a15666300da1e3e7.jpg
000298.jpg,https://www.magicplantfarms.com/wp-content/uploads/2016/10/Cherry-Bomb-Mash-Jar-left.jpg
000299.jpg,https://pbs.twimg.com/media/BzRWqJNCAAAb9HJ.jpg
000300.jpg,https://sweetsavant.com/wp-content/uploads/2015/04/cherry-bomb-pepper.jpg
000301.jpg,https://untappd.akamaized.net/site/assets/images/temp/badge-beer-default.png
000302.jpg,https://i.redd.it/q9ph7ogtp9b21.jpg
000303.jpg,https://www.simplyseed.co.uk/user/products/Chill%20Cherry%20Bomb.jpg
000304.jpg,https://scontent-frx5-1.cdninstagram.com/v/t51.2885-15/e35/s320x320/43031543_2100740920189123_7297271675335953314_n.jpg?_nc_ht=scontent-frx5-1.cdninstagram.com&oh=46b48f173f3faac9015d46dd1ccdc8a1&oe=5E005D88&ig_cache_key=MTg4NzIzNjMwOTU2ODYwOTE1Nw%3D%3D.2
000305.jpg,http://www.loganzenner.com/wp-content/uploads/2017/01/8620-300x300.jpg
000306.jpg,https://cherrybombstore.com.br/media/catalog/product/cache/1/small_image/300x/9df78eab33525d08d6e5fb8d27136e95/c/a/caneta_pimenta.jpg
000307.jpg,https://cdn11.bigcommerce.com/s-f6cx4kq/images/stencil/500x659/products/104/307/Pequin__91489.1406819144.JPG?c=2
000308.jpg,https://spicefreakblog.files.wordpress.com/2018/04/vodka1.jpg?w=585&h=1024
000309.jpg,https://www.blackmambasecurity.co.za/wp-content/uploads/2018/11/Mil-spec-140.jpeg
000310.jpg,https://tse2.mm.bing.net/th?id=OIP.AGzguI8qLX4zmKh5rqSM4QHaLH
000311.jpg,https://thriftedkitchen.files.wordpress.com/2018/04/img_4316.jpg?w=344&h=344&crop=1
000312.jpg,https://media-cdn.tripadvisor.com/media/photo-s/08/66/67/f2/pizza-hut.jpg
000313.jpg,https://static.wixstatic.com/media/32f6dd_2faccef561a543bb89cc0521fd0ca245~mv2.png/v1/fill/w_1201,h_1110,al_c/32f6dd_2faccef561a543bb89cc0521fd0ca245~mv2.png
000314.jpg,https://macore.com/categories/stream_tag/EB4V2528.jpg
000315.jpg,https://upload.wikimedia.org/wikipedia/commons/8/8f/Pepper_Parks_%26_Cherry_Bomb.jpg
000316.jpg,https://www.genuinekentucky.com/wp-content/uploads/2014/09/Two-Sisters-Cherry-Bomb-Hot-Pepper-Jam.jpg
000317.jpg,http://slam.canoe.com/Slam/Wrestling/2013/11/16/cherry_pepper_2.jpg
000318.jpg,http://jabucahotsaucebbq.pwcstores.com/sites/jabuca.com/files/imagelibrary/jabuca-pepper-sauce-27-hot-lg-label.jpg
000319.jpg,https://garden.org/pics/2017-08-07/JErb/6c1dea.jpg
000320.jpg,http://www.wrestlingdoneright.com/uploads/2/9/9/0/29906575/2622986.jpg?244
000321.jpg,https://www.blackmambasecurity.co.za/wp-content/uploads/2018/11/10_tube_pepper-270x423.jpg
000322.jpg,https://www.defcon.co.za/pub/media/catalog/product/cache/e73e3aa8c075bb61cc158295780dc236/1/0/1000_bag_glass_breaker.jpg
000323.jpg,http://i1098.photobucket.com/albums/g369/David_Croteau/IMG_5703.jpg
000324.jpg,http://howwillmygardengrow.com/wp-content/uploads/2015/06/14aug-052.jpg
000325.jpg,https://delivery.balsamfarms.com/image/cache/catalog/vegetables/balsam-farms-shop-cherry-bomb-pepper-500x500.jpg
000326.jpg,http://d9iaknc3a1z75.cloudfront.net/wp-content/uploads/2014/10/15225502/Intergender-1024x576.png
000327.jpg,http://plushlife.club/wp-content/uploads/2019/01/cherry-bomb-peppers-female-farmer-hands-holding-cherry-bomb-chili-peppers-and-birds-eye-chilies-red-and-green.jpg
000328.jpg,https://i.postimg.cc/wBHSRMqT/04-09-2019-flash.jpg
000329.jpg,http://farm9.staticflickr.com/8459/7955368606_6b8439de4f_c.jpg
000330.jpg,https://c8.alamy.com/comp/F3K3YX/cherry-bomb-peppers-growing-in-a-field-on-a-northern-illinois-farm-F3K3YX.jpg
000331.jpg,https://t.pimg.jp/020/791/490/1/20791490.jpg
000332.jpg,https://cdn3.volusion.com/dhshr.sqyzd/v/vspfiles/photos/TPJ-Apple-Cherry-Hab-Rib-2x-2.jpg?1547475377
000333.jpg,https://d2z1w4aiblvrwu.cloudfront.net/ad/70yG/dr-pepper-cherry-cherry-bomb-large-3.jpg
000334.jpg,http://2.bp.blogspot.com/_9YX2hHTPtjE/Sp85iu-GFoI/AAAAAAAABXo/7TaQ3rdfMG0/s320/DSCN9720.jpg
000335.jpg,https://portalvhds26k4f5tktj3ck.blob.core.windows.net/spotpics/sp45250.jpg
000336.jpg,https://cookieandkate.com/images/2014/10/quick-pickled-peppers-1.jpg
000337.jpg,http://www.airag.com/Fireants/More2/images/lv_peppercherrybomb.jpg
000338.jpg,http://img.photobucket.com/albums/1103/FishDeepCreek/yellowmushroompepper.jpg
000339.jpg,http://static1.squarespace.com/static/56b6bd9b40261df6e119397c/56cea42301dbae952f4c18e4/5805cb99e4fcb5a6abb2e261/1550244575009/IMG_0694%5B1%5D.JPG
000340.jpg,https://www.mariannemajerus.com/cache/pcache2/00028250.jpg
000341.jpg,https://i1.wp.com/anitaliandish.com/wp-content/uploads/2019/02/Peppers-cherry-bombs-in-Benevento.jpg?fit=730%2C778&ssl=1
000342.jpg,https://media.gettyimages.com/photos/masseria-calamari-calamari-radicchio-pickled-cherry-bomb-pepper-and-picture-id1066324682
000343.jpg,https://www.animalgear.co.za/pub/media/catalog/product/cache/a18be4409b00d68448ca34c5eafac073/1/4/140_jar_glass_breaker.jpg
000344.jpg,https://www.loveandzest.com/wp-content/uploads/2017/05/Vegetarian-Stuffed-Peppers-Web-Ready-4.jpg
000345.jpg,https://cdn.shopify.com/s/files/1/1022/5071/products/cherry-bomb-red-hot-chile-pepper-seeds-capsicum-annuum-medium-heat-5_1024x1024.jpg?v=1565027677
000346.jpg,https://www.eminentseeds.nl/portals/24/img/producten/Pepers/Magma-hot-CherryBomb-pink.png
000347.jpg,https://ph-test-11.slatic.net/p/033a5d787f496574baf36b24bf2b5c33.jpg_200x200q80.jpg_.webp
000348.jpg,http://milkfarmla.com/wp-content/uploads/2015/11/milkfarmlunch-114-1-roast-beef-melt-smoked-mozzarella-cherry-bomb-pepper-aioli-cornichons-on-baguett.jpg
000349.jpg,https://i.etsystatic.com/16938517/r/il/24454b/1922968561/il_570xN.1922968561_o9g7.jpg
000350.jpg,https://www.recipefiction.com/wp-content/uploads/2017/10/sweet_hot_cherry_bombs-4.jpg
000351.jpg,https://www.futurama.co.za/media/catalog/product/cache/18/image/946x946/9df78eab33525d08d6e5fb8d27136e95/c/h/cherry_bomb_.68cal_mil-spec_pava_rounds_1.jpg
000352.jpg,http://lh6.ggpht.com/_j08e0sNQXDQ/Sqvl9t7ILyI/AAAAAAAAC3k/q9mTZqXTbjM/s720/DSC_0002-31.jpg
000353.jpg,https://www.securityhyperstore.co.za/content/images/thumbs/0009228_7-pepper-yellow-red-balls-10s_250.jpeg
000354.jpg,https://cdn.notonthehighstreet.com/fs/e8/4e/d5d0-3405-4588-8b99-b0c52c0e7a34/original_grow-your-own-cherry-bomb-chilli-plant-kit.jpg
000355.jpg,https://cookieandkate.com/images/2018/08/how-to-make-pickled-peppers.jpg
000356.jpg,https://assets.bigcartel.com/product_images/27202392/JENNYSpepperHEIST.jpg?auto=format&fit=max&h=1000&w=1000
000357.jpg,http://d3u67r7pp2lrq5.cloudfront.net/product_photos/43358984/IMG_8375_5B1_5D_original.JPG
000358.jpg,https://s3.amazonaws.com/spoonflower/public/design_thumbnails/0676/9510/cherrybombpatternwhite_preview.png
000359.jpg,https://www.tacticaldistributors.co.za/2974-tm_thickbox_default/cherry-bomb-68-inert-training-balls.jpg
000360.jpg,https://i.imgur.com/NScHDQM.jpg
000361.jpg,https://www.thomsjerky.com/wp-content/uploads/2017/07/salt-pepper-product-300x300.jpg
000362.jpg,https://cdn.andnowuknow.com/thumbnails/jacobbodyimage2.jpg?kFVYVIigQgVTYfYg_FWltpuNpp8un74W
000363.jpg,https://www.agriculture.purdue.edu/agcomm/newscolumns/archives/YGnews/2012/February/Images/peppercayenetta.jpg
000364.jpg,https://media.istockphoto.com/photos/cherry-bomb-dried-red-chilli-with-cilantro-picture-id924844962
000365.jpg,https://vignette.wikia.nocookie.net/prowrestling/images/3/34/Cherry_Bomb_Pepper_%26_Cherry%E2%80%99s_Shirt.jpg/revision/latest?cb=20160825131947
000366.jpg,https://scontent-lhr3-1.cdninstagram.com/vp/f3b1e1351a75932657003c11ac1eae85/5DC00FAC/t51.2885-15/e35/65145705_1371959212953275_2895359744136700558_n.jpg?_nc_ht=scontent-lhr3-1.cdninstagram.com&se=7&ig_cache_key=MjA3ODAwMDg3MTIyMTE5NTM4MQ%3D%3D.2
000367.jpg,https://scontent-frt3-2.cdninstagram.com/v/t51.2885-15/e35/s320x320/67069941_343394013253321_8303263614747758555_n.jpg?_nc_ht=scontent-frt3-2.cdninstagram.com&oh=fc59015b224836dd2c704714a9bff796&oe=5DE4800A&ig_cache_key=MjEwMTAzOTY2Mzc1MzI0NzUwNQ%3D%3D.2
000368.jpg,https://steemitimages.com/0x0/https://steemitimages.com/DQmZ6GTiJWQxoRhKD98Q8Cu2kQs9H6JNN34pLSo7TrsKVTm/P1010209.JPG
000369.jpg,https://www.cayennediane.com/wp-content/uploads/Infinity-Chilli-Pepper-300x300.jpg
000370.jpg,http://jabucahotsaucebbq.pwcstores.com/sites/jabuca.com/files/slidwshow_images/jabuca-chilis-nbanner-3testimonial-1200x480.png
000371.jpg,https://images.britcdn.com/wp-content/uploads/2014/03/Cherry-Bomb-645x430.jpg
000372.jpg,https://supergrowled.com/wp-content/uploads/2015/02/Scoville-Scale--Chili-Pepper-Hotness-Ratings.jpg
000373.jpg,https://gardenplants.comparespecies.com/PImg/Kukui-tree256Normal_200.jpg
000374.jpg,https://sliceofsunny.files.wordpress.com/2013/08/img_1474.jpg
000375.jpg,https://pre00.deviantart.net/aa6e/th/pre/i/2015/241/9/1/pepper_parks_and_cherry_bomb_by_littlespook75-d6si8x2.jpg
000376.jpg,https://scontent-cdt1-1.cdninstagram.com/vp/2c37fb4111d5284ee6768e8357fbbbff/5DCDB568/t51.2885-15/e35/c0.180.1440.1440a/s320x320/65001387_130790844804278_7191357275579885323_n.jpg?_nc_ht=scontent-cdt1-1.cdninstagram.com&ig_cache_key=MjA4MDI0MzY4NzEwMjY3MDk2OA%3D%3D.2.c
000377.jpg,https://en.pimg.jp/020/791/489/1/20791489.jpg
000378.jpg,https://macore.com/categories/stream_tag/EB5V2528.jpg
000379.jpg,http://www.loganzenner.com/wp-content/uploads/2016/10/Anaheim-TMR-23-300x300.jpg
000380.jpg,https://pbs.twimg.com/media/Ds7zVTwXgAA5wNB.jpg
000381.jpg,https://www.genuinekentucky.com/wp-content/uploads/2014/09/Two-Sisters-Cherry-Bomb-Hot-Pepper-Jam-3.jpg
000382.jpg,http://twosistersjams.webs.com/Cherry%20Bomb-.jpg
000383.jpg,https://t.pimg.jp/020/791/491/1/20791491.jpg
000384.jpg,https://hips.hearstapps.com/del.h-cdn.co/assets/17/42/1508344920-taco-tomatoes-delish.jpg?crop=0.667xw:1.00xh;0.215xw,0&resize=640:*
000385.jpg,https://www.magicplantfarms.com/wp-content/uploads/2016/10/Wiri-Wiri-Cherry-Pepper-Whole-Pods.jpg
000386.jpg,https://i.pinimg.com/originals/08/d6/09/08d609ee94954786caec80e890f4e2b5.jpg
000387.jpg,https://i.ytimg.com/vi/jlIIzq3_yWE/maxresdefault.jpg
000388.jpg,https://www.rosecitypepperheads.com/uploads/1/8/7/3/18734614/header_images/1529716179.jpg
000389.jpg,https://i.redd.it/i5ge2xe06m911.jpg
000390.jpg,http://milkfarmla.com/wp-content/uploads/2015/09/milkfarmlunch-927-1-roast-beef-melt-mixed-peppers-onions-parsley-comte-cherry-bomb-pepper-aioli-on-c.jpg
000391.jpg,https://static.wixstatic.com/media/32f6dd_2a405aafe744461a991adab63ffff7be~mv2_d_1960_4032_s_2.jpg/v1/fill/w_1960,h_4031,al_c,q_85/32f6dd_2a405aafe744461a991adab63ffff7be~mv2_d_1960_4032_s_2.jpg
000392.jpg,https://shop.westlandpeppers.com/wp-content/uploads/2017/07/gedroogde_chile_catarina_westlandpeppers-2.jpg
000393.jpg,https://media.gettyimages.com/photos/cherry-bomb-pimiento-peppers-picture-id656298078?s=612x612
000394.jpg,https://media.istockphoto.com/photos/farmers-market-chili-peppers-red-and-green-poblano-peppers-and-cherry-picture-id857205212
000395.jpg,https://cookieandkate.com/images/2018/08/quick-pickled-peppers-recipe-3.jpg
000396.jpg,https://www.recipefiction.com/wp-content/uploads/2017/10/sweet_hot_cherry_bombs-3.jpg
000397.jpg,https://t4.ftcdn.net/jpg/02/01/79/69/500_F_201796971_Llp5flkTiCNitViaLOHJXCvjh7dAAfRM.jpg
000398.jpg,https://lh3.googleusercontent.com/-c69VxZ84H90/Uhpt1Bt4ceI/AAAAAAAABwQ/qwf_CRCjg7k/s640/blogger-image-1042094809.jpg
000399.jpg,https://cdn11.bigcommerce.com/s-f6cx4kq/product_images/uploaded_images/red-cherry-pepper-tyler-farms.jpg
000400.jpg,https://seedsandplants.co.za/wp-content/uploads/2017/03/chilli_birds_eye2-e1488701059892.jpg
000401.jpg,https://images.fineartamerica.com/images/artworkimages/mediumlarge/1/cherry-bomb-danielle-haney.jpg
000402.jpg,https://www.animalgear.co.za/pub/media/catalog/product/cache/a18be4409b00d68448ca34c5eafac073/1/4/140_jar_inert_training.jpg
000403.jpg,https://i.pinimg.com/originals/db/bb/e7/dbbbe76a6c8326cbe9e231ff2148f808.jpg
000404.jpg,https://pbs.twimg.com/media/BzRWqH-CUAAhq9D.jpg
000405.jpg,https://macore.com/categories/stream_tag/EB2V2528.jpg
000406.jpg,http://www.rosecitypepperheads.com/uploads/1/8/7/3/18734614/s528239505425204800_p63_i4_w640.jpeg
000407.jpg,https://i.ytimg.com/vi/4MCVfa5Scdw/hqdefault.jpg
000408.jpg,https://midwesternexposure.files.wordpress.com/2010/08/1mixedpeppers.jpg
000409.jpg,http://milkfarmla.com/wp-content/uploads/2015/10/1015-milkfarmlunch-1-rare-beef-black-garlic-aioli-arugulafresh-cucumber-hooks-cheddar-on-potato-Rose.jpg
000410.jpg,https://www.magicplantfarms.com/wp-content/uploads/2016/10/Cherry-Bomb-Mash-Jar-right.jpg
000411.jpg,https://tbn.bidorbuy.co.za/image/fetch/dpr_1.0,f_auto,t_btbnx/https://neonsales.co.za/4175/cherry-bomb-tac-spec-pava-pepperballs-10-s.jpg
000412.jpg,https://vignette.wikia.nocookie.net/prowrestling/images/0/06/Pepper_%26_Cherry_Bomb_T-Shirt.jpg/revision/latest?cb=20141228231425
000413.jpg,https://www.cayennediane.com/wp-content/uploads/Habanero-Mustard-300x300.jpg
000414.jpg,http://www.loganzenner.com/wp-content/uploads/2016/10/Revolution-F1-300x300.jpg
000415.jpg,https://www.animalgear.co.za/pub/media/catalog/product/cache/e73e3aa8c075bb61cc158295780dc236/1/0/1000_bag_pepper.jpg
000416.jpg,https://t.pimg.jp/020/791/500/1/20791500.jpg
000417.jpg,http://www.genuinekentucky.com/wp-content/uploads/2014/09/Two-Sisters-Cherry-Bomb-Hot-Pepper-Jam-Collage.jpg
000418.jpg,http://4.bp.blogspot.com/-VwG83kt35vk/UkB3N7ubiwI/AAAAAAAAA60/cJlui5or0gk/s1600/Cherry+Bomb+Hot+Sauce.JPG
000419.jpg,https://portalvhds26k4f5tktj3ck.blob.core.windows.net/spotpics/sp45305.jpg
000420.jpg,https://i.ytimg.com/vi/STdRCxRExww/maxresdefault.jpg
000421.jpg,http://slam.canoe.com/Slam/Wrestling/2013/11/16/cherry_pepper_main.jpg
000422.jpg,https://media.gettyimages.com/photos/cherry-bomb-pepper-or-sometimes-called-a-pimiento-picture-id656298304
000423.jpg,https://c1.staticflickr.com/2/1548/25555387634_6099387cc6_b.jpg
000424.jpg,https://macore.com/categories/stream_tag/B2V2528.jpg
000425.jpg,https://pbs.twimg.com/media/BzRWqISCUAAW4Sv.jpg
000426.jpg,https://i.ytimg.com/vi/l6YOyt7IwDQ/maxresdefault.jpg
000427.jpg,https://superdiego.files.wordpress.com/2008/06/peppers.jpg
000428.jpg,https://live.staticflickr.com/5652/23801471051_823581ce72_b.jpg
000429.jpg,https://macore.com/categories/stream_tag/A5V2528.jpg
000430.jpg,https://www.magicplantfarms.com/wp-content/uploads/2016/10/1-Gallon-Bucket-Mash.jpg
000431.jpg,https://t17.pimg.jp/020/791/497/1/20791497.jpg
000432.jpg,http://milkfarmla.com/wp-content/uploads/2015/12/milkfarmlunch-1221-1-pork-shoulder-press-black-kale-herbs-cherry-bomb-pepper-aioli-smoked-mozzarella.jpg
000433.jpg,http://4.bp.blogspot.com/-xEkXC9RqNqg/UjiloR1QQAI/AAAAAAAAA38/XGBisbi05_s/s1600/IMG_2772.JPG
000434.jpg,https://i.ytimg.com/vi/xtZRx453Zz4/maxresdefault.jpg
000435.jpg,https://pbs.twimg.com/media/D7Y6_xDU0AAkptO.jpg
000436.jpg,https://i.ebayimg.com/images/g/f6wAAOSw09xZ6QD6/s-l300.jpg
000437.jpg,https://froghollowgardens.files.wordpress.com/2013/09/keyes_garden_pepper-tomato-pile_2013.jpg
000438.jpg,https://robsallotmentblog.files.wordpress.com/2015/02/trifetti-fruit-e1424794716280.jpg?w=300&h=243
000439.jpg,https://3.bp.blogspot.com/-mZcqzOgz4xE/VzHXGDPxm3I/AAAAAAAASXg/J5FeUdbWswgknDE2EvhNnLczfeHotx2IwCLcB/s1600/crispyASAM_0833.JPG
000440.jpg,https://live.staticflickr.com/619/23801473281_fa6e510c19_b.jpg
000441.jpg,https://i.ytimg.com/vi/YMJLcc4y7QQ/maxresdefault.jpg
000442.jpg,http://milkfarmla.com/wp-content/uploads/2016/04/413-milkfarmlunch-1-Muffaletta-wine-cured-salami-mortadella-spicy-soppresata-cherry-bomb-pepper-aiol.jpg?w=1400
000443.jpg,https://pbs.twimg.com/media/CzHODl2XAAAujFS.jpg
000444.jpg,https://i.etsystatic.com/11519553/r/il/70616a/1691761007/il_794xN.1691761007_i49v.jpg
000445.jpg,https://i.ytimg.com/vi/JxngBq7GiyI/maxresdefault.jpg
000446.jpg,https://www.picclickimg.com/d/l400/pict/323187684129_/Premier-Seeds-Direct-Hot-Chilli-Pepper-Habanero-Maya.jpg
000447.jpg,http://milkfarmla.com/wp-content/uploads/2015/12/milkfarmlunch-1223-1-rare-beef-horseradish-aioli-butter-leaf-radish-herb-salad-on-potato-Rosemary-2-.jpg
000448.jpg,https://pbs.twimg.com/media/CxAFlRjVQAAmYlc.jpg
000449.jpg,https://i.ytimg.com/vi/HKB4RVMHyFM/maxresdefault.jpg
000450.jpg,https://live.staticflickr.com/739/23239275176_59e9639cd1_b.jpg
000451.jpg,http://3.bp.blogspot.com/-ZiOVZbNALps/T3UaGxoPCbI/AAAAAAAAACY/o1nKpCBV2iI/s1600/2012+Pepper+plants.jpg
000452.jpg,https://pbs.twimg.com/media/EDJt-XlXsAEAQf5.jpg
000453.jpg,https://i.ytimg.com/vi/HS31opeCPXs/hqdefault.jpg
000454.jpg,http://2.bp.blogspot.com/-fnIshNb3_jc/Ucw64UywExI/AAAAAAAAGPM/1urKxgxYTCI/s1600/photo%2525201+%25282%2529.JPG
000455.jpg,https://i.ytimg.com/vi/R7cVJXghjLQ/maxresdefault.jpg
000456.jpg,https://images-eu.ssl-images-amazon.com/images/I/41V-d2LcuSL.jpg
000457.jpg,https://i1.wp.com/milkfarmla.com/wp-content/uploads/2016/03/Todays-lunch-menu-hellospring-hellofood-yum-1.-Pork-Loin-Press-cherry-bomb-pepper-aioli-pickled-gree.jpg
000458.jpg,https://i.ytimg.com/vi/Xp44aTfOJKU/hqdefault.jpg
000459.jpg,https://live.staticflickr.com/1580/25887250260_cdcd793b13_b.jpg
000460.jpg,https://i.ytimg.com/vi/AQbkWR87Djk/maxresdefault.jpg
000461.jpg,https://live.staticflickr.com/1540/26134177116_eeed098d80_b.jpg
000462.jpg,http://i.ebayimg.com/images/i/182208282187-0-1/s-l1000.jpg
000463.jpg,http://www.premierseedsdirect.com/wp-content/uploads/2017/02/41583955-2.jpg
000464.jpg,https://www.pepperscale.com/wp-content/uploads/2016/01/cherry-bomb-pepper_1-1024x768.jpg
000465.jpg,https://foodtruthandbeauty.files.wordpress.com/2009/11/cherry-bomb-peppers.jpg
000466.jpg,http://suttons.s3.amazonaws.com/p/VECHI29103_3.jpg
000467.jpg,http://pics.davesgarden.com/pics/2008/11/22/hazelwood/a4f27e.jpg
000468.jpg,https://i.ytimg.com/vi/g-KNPVSfF-E/maxresdefault.jpg
000469.jpg,https://1a1z1e22ozx83bgjsz17c6ba-wpengine.netdna-ssl.com/wp-content/uploads/Cherry-Bomb.jpg
000470.jpg,http://davesgarden.com/guides/pf/thumbnail.php?image=2008/11/22/hazelwood/a4f27e.jpg
000471.jpg,https://www.pepperscale.com/wp-content/uploads/2015/12/wiri-wiri-pepper-1-e1509286740719.jpg
000472.jpg,https://i.pinimg.com/736x/0a/0f/8f/0a0f8fa5b9d3f19c40731ed52cb1e5ac--gallery-wall-galleries.jpg
000473.jpg,https://img0.etsystatic.com/058/0/8721823/il_fullxfull.689122618_mwf1.jpg
000474.jpg,http://i.ebayimg.com/images/i/281610184468-0-1/s-l1000.jpg
000475.jpg,https://s-media-cache-ak0.pinimg.com/736x/d3/49/97/d34997a504cc06a21b8632509bf6c094.jpg
000476.jpg,https://d1nw62gticy6e9.cloudfront.net/uploads/Time_Bomb_Pepper_Seeds.jpg
000477.jpg,http://farm7.staticflickr.com/6122/6199887257_6685846316_z.jpg
000478.jpg,https://plotf1.files.wordpress.com/2011/08/cherrybomb.jpg
000479.jpg,https://s-media-cache-ak0.pinimg.com/736x/1c/b0/a2/1cb0a2e14476426640e09f7f8aad3f02.jpg
000480.jpg,https://i.pinimg.com/736x/10/53/b1/1053b1496045f9fab37f109014278663.jpg
000481.jpg,http://farmersmarkettable.com/wp-content/uploads/2013/09/IMG_0637.jpg
000482.jpg,https://i.pinimg.com/736x/64/55/90/6455906001c83f5c35f93ef1243d9b4f--cherry-bomb-super-foods.jpg
000483.jpg,https://rachelstabledotcom1.files.wordpress.com/2012/09/cherry-bomb-pepper.jpg
000484.jpg,http://1.bp.blogspot.com/_9g1Ege5PHsE/TEy7cYIRJjI/AAAAAAAAAdI/YMLj47ZJRB0/s1600/Garden+020_sig.jpg
000485.jpg,https://i.pinimg.com/736x/50/da/82/50da82f3e0c8d04a93876d0a2aa040c1.jpg
000486.jpg,https://images.bonanzastatic.com/afu/images/56ff/35a9/092c_5183383936/1.jpg
000487.jpg,http://www.seriouseats.com/recipes/assets_c/2014/03/286616-031414-Serious-Eats-Sunday-Supper-Beer-Mustard-Braised_Po-Roast-Cherry-Bomb-primary-thumb-1500xauto-389666.jpg
000488.jpg,http://images.bidorbuy.co.za/user_images/651/390651_081030013804_Capsicum_Cherry_Bomb3.jpg
000489.jpg,http://www.usask.ca/agriculture/plantsci/vegetable/images/vegetable/varietyphotos/pepper_cherrybomb.jpg
000490.jpg,http://media-cache-ec0.pinimg.com/736x/71/ea/1d/71ea1d487972c66e41763506c4d8787f.jpg
000491.jpg,http://plotf1.files.wordpress.com/2011/10/peppers5.jpg
000492.jpg,http://1.bp.blogspot.com/_8pXVLdj_ChA/TKO1JAheRqI/AAAAAAAAAng/VQU3GAKjGf8/s640/cherrybomb1.jpg
000493.jpg,https://i1.wp.com/www.recipefiction.com/wp-content/uploads/2017/10/sweet_hot_cherry_bombs-3.jpg
000494.jpg,https://sliceofsunny.files.wordpress.com/2013/08/img_1474.jpg
000495.jpg,http://sweetsavant.com/wp-content/uploads/2015/04/cherry-bomb-pepper.jpg
000496.jpg,https://s-media-cache-ak0.pinimg.com/736x/06/2f/20/062f20a64e63b8ad4dce36ea1b4258c9.jpg
000497.jpg,https://s-media-cache-ak0.pinimg.com/736x/71/90/48/7190488f011cbb9e38ed8915d6c9d014.jpg
000498.jpg,https://i.pinimg.com/736x/94/a8/38/94a838892017fcec0615c49525ea236c.jpg
000499.jpg,https://s-media-cache-ak0.pinimg.com/736x/e2/52/51/e2525120ac811cb84645ce57fcce1df2.jpg
000500.jpg,https://s-media-cache-ak0.pinimg.com/736x/9c/e1/b0/9ce1b0e04f341fc12d8910eb7526e953.jpg
000501.jpg,https://thumbs.dreamstime.com/z/cherry-big-bomb-pepper-17184628.jpg
000502.jpg,https://s-media-cache-ak0.pinimg.com/736x/c7/e5/7e/c7e57e5a139e7b9a4eb3eb8a97f0b2db.jpg
000503.jpg,http://media-cache-ak0.pinimg.com/736x/88/96/26/8896263acb6ee5e70749461116282a56.jpg
000504.jpg,http://bibitbunga.com/wp-content/uploads/2017/02/tanaman-cherry-bomb-pepper.jpg
000505.jpg,https://i.pinimg.com/736x/14/ff/c7/14ffc7f2b6d98baabe36559357f0915e--pepper-recipes-the-facts.jpg
000506.jpg,https://i.pinimg.com/736x/72/2d/f9/722df99340548d813ef17be4b479cf93--wings-of-fire-pepper-jelly-recipes.jpg
000507.jpg,https://s-media-cache-ak0.pinimg.com/736x/be/d7/a9/bed7a9cb0b877c1a6b0adbcc1329343d.jpg
000508.jpg,https://fafard.com/wp-content/uploads/2015/07/pepper.jpg
000509.jpg,https://s-media-cache-ak0.pinimg.com/736x/89/20/06/8920069f3560804aac0677070a7c8183.jpg
000510.jpg,https://s-media-cache-ak0.pinimg.com/564x/b2/8a/e4/b28ae439cd445caa432f77552c3df85d.jpg
000511.jpg,https://i.pinimg.com/originals/a8/3e/88/a83e88c54d5ccb3ddbcf12c79160947c.jpg
000512.jpg,https://shop.westlandpeppers.com/wp-content/uploads/2017/07/spicy-cherry-bomb_westlandpeppers-2.jpg
000513.jpg,https://s-media-cache-ak0.pinimg.com/736x/08/d6/09/08d609ee94954786caec80e890f4e2b5.jpg
000514.jpg,https://migardener.com/wp-content/uploads/2017/01/LARGEREDCHERRY-PEPPER.jpg
000515.jpg,http://migardener.com/wp-content/uploads/2016/11/PEP22.jpg
000516.jpg,http://pinaenlacocina.com/wp-content/uploads/2014/10/100_4363.jpg
000517.jpg,http://delcabo.tech/wp-content/uploads/2018/11/DSCN4192.jpg
000518.jpg,https://www.tacticaldistributors.co.za/2976-tm_thickbox_default/cherry-bomb-68-mil-spec-1210-high-strength-pava-pepper-balls.jpg
000519.jpg,http://1.bp.blogspot.com/-5CJol_iR39w/UgpN8rvUDCI/AAAAAAAAAuo/K-xmwokK6LA/s640/7:29+Cross+Breeding+3%3f.jpg
000520.jpg,https://moreveg.co.uk/WebRoot/Store15/Shops/bd0b9b93-06b9-4b49-9efb-f179fdacfbdd/5A07/138B/9F1C/F7D5/F0F1/0A48/3634/C914/chilli_Cherry_Bomb.jpg
000521.jpg,http://cdn6.bigcommerce.com/s-f6cx4kq/products/92/images/446/red_cherry_pepper_tyler_farms__11367.1407179276.1000.1200.jpg
000522.jpg,https://cdn.shopify.com/s/files/1/0645/7913/products/unnamed_2cabae84-0053-42a4-8039-58ae9e7cf74e_2048x.jpg
000523.jpg,https://img1.etsystatic.com/044/0/7824311/il_fullxfull.506426199_s2zz.jpg
000524.jpg,https://www.tacticaldistributors.co.za/2978-tm_home_default/cherry-bomb-68-510-standard-strength-pava-pepper-balls.jpg
000525.jpg,https://www.tacticaldistributors.co.za/2977-tm_thickbox_default/cherry-bomb-68-mil-spec-1210-high-strength-pava-pepper-balls.jpg
000526.jpg,https://www.tacticaldistributors.co.za/2976-home_default/cherry-bomb-68-mil-spec-1210-high-strength-pava-pepper-balls.jpg
000527.jpg,https://www.tacticaldistributors.co.za/2974-tm_home_default/cherry-bomb-68-inert-training-balls.jpg
000528.jpg,https://i0.wp.com/www.simplecomfortfood.com/wp-content/uploads/2014/09/spicy-roasted-pepper-relish-high.jpg
000529.jpg,http://www.genuinekentucky.com/wp-content/uploads/2014/09/Two-Sisters-Cherry-Bomb-Hot-Pepper-Jam-3.jpg
000530.jpg,https://s-media-cache-ak0.pinimg.com/736x/a3/70/c5/a370c5747f015294c28dfe04b286b4bd.jpg
000531.jpg,https://www.tacticaldistributors.co.za/320-tm_thickbox_default/cherry-bomb-68-glass-breaker-solid-balls.jpg
000532.jpg,https://i.pinimg.com/originals/30/be/b3/30beb32e666580191bb61ae537c62c4d.jpg
000533.jpg,https://www.tacticaldistributors.co.za/2982-tm_home_default/cherry-bomb-68-rubber-balls.jpg
000534.jpg,http://gicombatsupplies.co.za/img/cms/20150824%20Cherry%20Bomb.jpg
000535.jpg,https://pbs.twimg.com/media/EHnG4yMW4AAD344.jpg
000536.jpg,https://i.pinimg.com/originals/08/d6/09/08d609ee94954786caec80e890f4e2b5.jpg
000537.jpg,https://i.pinimg.com/originals/9c/e1/b0/9ce1b0e04f341fc12d8910eb7526e953.jpg
000538.jpg,https://s-media-cache-ak0.pinimg.com/736x/8a/49/6a/8a496a3b8c45cd4cce52020bbfdf854d.jpg
000539.jpg,https://i.pinimg.com/736x/ee/c6/15/eec6153fe834ba81807ae5b3c30adb46--bbq-chicken-grilled-chicken.jpg
000540.jpg,http://imagehost.vendio.com/a/35114987/aview/cherry_pepper_seeds.jpg
000541.jpg,https://www.tacticaldistributors.co.za/2979-tm_thickbox_default/cherry-bomb-68-510-standard-strength-pava-pepper-balls.jpg
000542.jpg,https://pbs.twimg.com/media/EHnG4yFWwAAJwiR.jpg
000543.jpg,http://www.simplecomfortfood.com/wp-content/uploads/2014/09/spicy-roasted-pepper-relish-high.jpg
000544.jpg,https://pbs.twimg.com/media/EHnG4yCW4AEmnEU.jpg
000545.jpg,https://www.tacticaldistributors.co.za/318-tm_thickbox_default/cherry-bomb-68-glass-breaker-solid-balls.jpg
000546.jpg,https://images.squarespace-cdn.com/content/v1/5c180db6a9e028db3ac50247/1571794411641-1QJH9B83N7WJ5EEHNBNR/ke17ZwdGBToddI8pDm48kPe1-XZWBNx4Bd3KX-qWYyF7gQa3H78H3Y0txjaiv_0fDoOvxcdMmMKkDsyUqMSsMWxHk725yiiHCCLfrh8O1z4YTzHvnKhyp6Da-NYroOW3ZGjoBKy3azqku80C789l0s0XaMNjCqAzRibjnE_wBlkok5cmnPmoUL4FKL9IHqEJ4MG93xL4mzpuFrgPlvtMMQ/Photo+2019-10-13%2C+2+42+24+PM.jpg
000547.jpg,https://s-media-cache-ak0.pinimg.com/originals/a1/a1/92/a1a19225520e314b20230b15dc0ba389.jpg
000548.jpg,https://www.tacticaldistributors.co.za/319-tm_thickbox_default/cherry-bomb-68-glass-breaker-solid-balls.jpg
000549.jpg,https://images.squarespace-cdn.com/content/v1/5a9b23915ffd20a2c8d8255a/1570823170837-1E2DA1EZKFNYXBGF47II/ke17ZwdGBToddI8pDm48kEIrMBH4mGQ1SyR5xHvPsFlZw-zPPgdn4jUwVcJE1ZvWQUxwkmyExglNqGp0IvTJZUJFbgE-7XRK3dMEBRBhUpyN1W9KGjkGILyxP5nXoiADGsJa-OyQcc4TD0xsv4MrssRExLuHKnNAjwe4FrwmzDA/quick+keto+lunch+dill+pickle.jpg
000550.jpg,https://www.sunsetgrown.com/wp-content/uploads/2019/10/WOW-1.jpg
000551.jpg,https://www.johnnyseeds.com/dw/image/v2/BBBW_PRD/on/demandware.static/-/Sites-jss-master/default/dw6f11eb17/images/products/vegetables/00675g_01_delicatajs.jpg
