image,source
000001.jpg,https://previews.123rf.com/images/ottoblotto/ottoblotto1802/ottoblotto180200173/95447945-big-red-ripe-capsicum-annuum-cubanelle-pepper-cuban-pepper-italian-frying-pepper-on-bright-white-pla.jpg
000002.jpg,https://secureservercdn.net/198.71.233.129/px1.bf0.myftpupload.com/wp-content/uploads/2017/02/Cubanelle-Peppers.jpg?time=1569433391
000003.jpg,https://www.chileplants.com/images/chiles/cubanelle-pepper-plants.jpg
000004.jpg,https://www.carymagazine.com/wp-content/uploads/2017/04/CM-Cubanelle-Sweet-Pepper.jpg
000005.jpg,https://media.blueapron.com/recipes/2390/square_newsletter_images/1499807814-4-0197-1305/717_2PV3_Rice_Bowl_63854_WEB_SQ_hi_res.jpg
000006.jpg,https://d2lnr5mha7bycj.cloudfront.net/product-image/file/large_c4c8d760-7ca2-4eb1-b7e8-de4354f9ee48.jpg
000007.jpg,https://images.media-allrecipes.com/userphotos/560x315/5679179.jpg
000008.jpg,https://t3.ftcdn.net/jpg/01/18/80/34/500_F_118803404_Rb4Eh8fMBVeiq8XqYJXJc1hm4nwuhlQy.jpg
000009.jpg,https://delivery.balsamfarms.com/image/cache/catalog/vegetables/balsam-farms-shop-vegetables-cubanelle-peppersi-500x500.jpg
000010.jpg,https://celebratewomantoday.com/wp-content/uploads/2015/08/Cubanelle-Peppers-2-1024x400.jpg
000011.jpg,https://media.grocerygateway.com/medias/4687-1-base-conversionFormat-1200-conversionFormat.jpg?context=bWFzdGVyfGltYWdlc3wyODYxOXxpbWFnZS9qcGVnfGltYWdlcy9oMWQvaGVkLzg4MzYxNDU1NDUyNDYuanBnfDZhZmI1NGI5MjQxYjYxYjE0ODhlNmQ1NzllM2VjMDA4MTNkOWY0MmEyYmI5NGY1ZjQ1YTAyYjUzZDBhMzU3NDI
000012.jpg,http://cdn.ipernity.com/200/19/76/46951976.df13cc3f.640.jpg?r2
000013.jpg,https://worldcrops.org/sites/worldcrops.org/files/crops/IMG_5739.JPG
000014.jpg,https://delivery.balsamfarms.com/image/cache/catalog/vegetables/balsam-farms-shop-cabanelle-peppers-orange-500x500.jpg
000015.jpg,https://sep.yimg.com/ay/yhst-74381645246355/cubanelle-pepper-6.gif
000016.jpg,https://image.shutterstock.com/image-photo/closeup-hand-cupping-cubanelle-pepper-260nw-1516189157.jpg
000017.jpg,https://marisaskitchentalk.files.wordpress.com/2010/05/cubanelle-peppers-fried2.jpg
000018.jpg,https://www.melissas.com/v/vspfiles/photos/569-2T.jpg
000019.jpg,https://st4.depositphotos.com/1692343/22308/i/1600/depositphotos_223082622-stock-photo-raw-green-organic-cubanelle-peppers.jpg
000020.jpg,https://www.centertonnursery.com/chefjeff/images/var/pecub1.jpg
000021.jpg,https://images.media-allrecipes.com/userphotos/560x315/6212933.jpg
000022.jpg,https://media.istockphoto.com/photos/raw-green-organic-cubanelle-peppers-picture-id1061834788
000023.jpg,http://4.bp.blogspot.com/-MRagE6Of_e0/TwxVej-du_I/AAAAAAAABo8/syz6ujJkOC4/s1600/DSC04334.JPG
000024.jpg,https://i2.wp.com/forknplate.com/wp-content/uploads/2015/03/peppers-cubanelle-italian-frying-delicious-on-a-dollar.jpg?resize=960%2C713&ssl=1
000025.jpg,http://cdn.shopify.com/s/files/1/1585/3941/products/00657_6e5fc336-c375-4571-8ec9-153d7e714241_grande.jpg?v=1550776542
000026.jpg,https://images-na.ssl-images-amazon.com/images/I/71Rl8E-BaGL._SX425_.jpg
000027.jpg,https://images-nitrosell-com.akamaized.net/product_images/27/6592/114%20cubanelle%20peppers.jpg
000028.jpg,https://www.rachaelraymag.com/.image/t_share/MTQ2MjcyMTQ1MzQ3OTc4MjU3/sausage-stuffed-cubanelle-peppers-102698894.jpg
000029.jpg,https://www.kitchengardenseeds.com/media/catalog/product/cache/1/thumbnail/0dc2d03fe217f8c83829496872af24a0/3/5/3590.jpg
000030.jpg,https://www.melissas.com/v/vspfiles/assets/images/Stuffed_Roasted_Cubanelle_Peppers_with_Chipotle_Red_Bell_Pepper_Sauce.jpg
000031.jpg,https://cdn.store-assets.com/s/19962/i/822195.jpeg
000032.jpg,https://s3.amazonaws.com/mygardenlife.com/plant-library/full/2537_29.jpg
000033.jpg,https://thecraftingnook.com/wp-content/uploads/2015/07/stuffedcubanellepeppers-683x1024-1.jpg
000034.jpg,https://i.pinimg.com/originals/7e/29/09/7e29096b97abd9995039c2ad8045565d.jpg
000035.jpg,https://rookiechefdotcom.files.wordpress.com/2015/06/6-e1433279554651.jpg
000036.jpg,https://cosmopolitancornbread.com/wp-content/uploads/2019/06/Cubanelle-Pepper.png
000037.jpg,https://i.ytimg.com/vi/nsXW26MtAIs/maxresdefault.jpg
000038.jpg,https://www.johnnyseeds.com/dw/image/v2/BBBW_PRD/on/demandware.static/-/Sites-jss-master/default/dwe834684b/images/products/vegetables/04004_01_nassau.jpg?sw=387&cx=302&cy=0&cw=1196&ch=1196
000039.jpg,https://c8.alamy.com/comp/GKPNYM/cubanelle-pepper-GKPNYM.jpg
000040.jpg,https://www.recipezazz.com/media/photos/photos/4/3/2/4/8/stuffed-spicy-cubanelle-peppers-43248_720x450_798a8fb9.jpg
000041.jpg,https://1.bp.blogspot.com/-8RL23c1x5OI/XWwaM9bX6LI/AAAAAAACDRE/8GGsHm7jnRoTv1ZEyppGtjX9tJg7QrwqACLcBGAs/s1600/DSC03499.jpg
000042.jpg,https://portalvhds26k4f5tktj3ck.blob.core.windows.net/spotpics/sp43883.jpg
000043.jpg,https://i.etsystatic.com/12801959/r/il/89d04c/1200826431/il_570xN.1200826431_apl2.jpg
000044.jpg,https://thumbs.dreamstime.com/z/large-ripe-bright-red-capsicum-annuum-cubanelle-pepper-cuban-pepper-italian-frying-pepper-large-ripe-bright-red-capsicum-annuum-109782052.jpg
000045.jpg,https://t4.ftcdn.net/jpg/02/30/85/43/240_F_230854316_KWPLyfL7hcDgjmYwnHLMemTBtOQRMnpW.jpg
000046.jpg,http://www.wildroseheritageseed.com/uploads/4/2/2/4/42241473/s145558776392258095_p153_i1_w640.jpeg
000047.jpg,https://isteam.wsimg.com/ip/330e0516-d423-11e4-93ca-14feb5d9f2e6/ols/258_original/:/rs=w:600,h:600
000048.jpg,https://c.shld.net/rpx/i/s/pi/mp/22664/prod_5305332527?src=http%3A%2F%2Fd3d71ba2asa5oz.cloudfront.net%2F12001418%2Fimages%2Fpeppercubanelle3.jpg&d=d05bc64aca7ac57c63864fdbcc2c60299eab5d20&hei=333&wid=333&op_sharpen=1
000049.jpg,https://img.freepik.com/free-photo/green-peppers-cubanelle-side-view-isolated_71919-174.jpg?size=626&ext=jpg
000050.jpg,https://cdn1.bigcommerce.com/n-yp39j5/wmhmd53/products/1708/images/1879/cubanelle__84225.1388430385.1280.1280.jpg?c=2
000051.jpg,https://st.hzcdn.com/fimgs/ee8221160526e2c6_1793-w500-h888-b0-p0--.jpg
000052.jpg,https://acornsonglendotcom.files.wordpress.com/2011/05/may-30-006.jpg
000053.jpg,http://preppings.com/wp-content/uploads/2014/07/cubanelle.chile_.jpg
000054.jpg,https://noteatingoutinny.com/wp-content/uploads/p8062-7923591058_3043a6e3c6_c.jpg
000055.jpg,http://www.norwichbedbreakfasts.co.uk/image/cache/data/category_12/50%20CUBANELLE%20PEPPER%20SEEDSFantastic%20mild%20pepper%20B07BZ691P3-500x500_0.jpg
000056.jpg,https://cms.splendidtable.org/sites/default/files/cubanelle-whole-grilled-LEDE_0.jpg
000057.jpg,https://irp-cdn.multiscreensite.com/85981f48/dms3rep/multi/mobile/27540627_1693298614063814_8178505936339049797_n.jpg
000058.jpg,https://davesgarden.com/guides/pf/thumbnail.php?image=2005/08/14/toni5735/c505e3.jpg&widht=700&height=312
000059.jpg,https://image.shutterstock.com/image-photo/mixed-peppers-on-fry-pan-260nw-1250399515.jpg
000060.jpg,https://d1fywv0iz2cv2w.cloudfront.net/product-image/v201610/cf0638baabe8b2a98c7eee76178c737b.jpeg
000061.jpg,https://st4.depositphotos.com/1692343/22308/i/1600/depositphotos_223083946-stock-photo-raw-green-organic-cubanelle-peppers.jpg
000062.jpg,http://shazzadul.info/wp-content/uploads/2019/05/cubanelle-pepper-plant-pepper-plant-organic-hot-pepper-seeds-fruity-and-but-with-the-heat-of-a-sweet-pepper-plants-cubanelle-pepper-plant-size.jpg
000063.jpg,https://www.mamaearth.ca/Resources/PHOTO/48d25acb-0569-4b49-a831-18d71dfd92f8.jpg
000064.jpg,https://storage.googleapis.com/recipesmedia/thumb/chicken-stuffed-cubanelle-peppers-r1.jpg
000065.jpg,https://images-na.ssl-images-amazon.com/images/I/71A7WxfSbbL._SX355_.jpg
000066.jpg,https://farm2.staticflickr.com/1931/43832957750_092460c13c_b.jpg
000067.jpg,https://shop.balsamfarms.com/image/cache//catalog/vegetables/balsam-farms-shop-vegetables-cubanelle-pepper-500x500.jpg
000068.jpg,https://www.azuredandelion.com/images/CubanellePepperwm.jpg
000069.jpg,http://static2.bigstockphoto.com/thumbs/3/4/1/large1500/143247617.jpg
000070.jpg,https://cms.splendidtable.org/sites/default/files/styles/w2000/public/various-green-peppers-LEDE.jpg?itok=El_QRIPx
000071.jpg,https://www.chilipeppermadness.com/wp-content/uploads/2018/09/Cubanelle-Chili-Peppers-Cored.jpg
000072.jpg,https://cookuntilepic.files.wordpress.com/2012/05/img_0959.jpg
000073.jpg,http://images.cutco.com/wp-content/uploads/2014/06/step_fry_pepper_3_007-666x454.jpg
000074.jpg,https://static.wixstatic.com/media/ef5979_f99c005e0041461c8ba724b586fbbebe~mv2_d_1898_2676_s_2.jpg/v1/fit/w_500,h_500,q_90/file.jpg
000075.jpg,https://cdn.imgbin.com/17/2/8/imgbin-bell-pepper-cubanelle-capsicum-annuum-var-glabriusculum-vegetable-chili-pepper-cherry-fruit-vu7hB4hdPezGcZGSHnAHx0FVn.jpg
000076.jpg,https://cdn.diabetesdaily.com/wp-content/blogs.dir/21/files/2015/08/cubanelle-peppers-stuffed-with-sausage-1.jpg
000077.jpg,https://i5.walmartimages.com/asr/1041c925-b2b1-461b-9252-c6f06e2edd21_1.156ca183ceb10fe789c37a79a7009b8d.jpeg?odnHeight=450&odnWidth=450&odnBg=FFFFFF
000078.jpg,https://az836796.vo.msecnd.net/media/image/product/en/large/0000000004687.jpg
000079.jpg,http://thekitchenprepblog.com/wp-content/uploads/2011/08/CubanellePeppers-1.jpg
000080.jpg,http://darbon.info/wp-content/uploads/2019/03/cubanelle-pepper-plant-how-to-grow-peppers-cubanelle-sweet-pepper-plants.jpg
000081.jpg,https://media.istockphoto.com/photos/raw-green-organic-cubanelle-peppers-picture-id1061829794
000082.jpg,https://dks22p812qygs.cloudfront.net/UserFiles/ib_product/1483467128586be978c0cca-501x365.jpg
000083.jpg,https://imagesvc.meredithcorp.io/v3/mm/image?url=https%3A%2F%2Fcdn-image.foodandwine.com%2Fsites%2Fdefault%2Ffiles%2Fstyles%2Fmedium_2x%2Fpublic%2F200808-r-xl-poached-eggs-with-pepper-puree.jpg%3Fitok%3DVSOWZkf5&w=450&c=sc&poi=face&q=85
000084.jpg,https://www.dominicancooking.com/wp-content/uploads/2018/07/pepper-boats-CG12102.jpg
000085.jpg,https://thumbs.dreamstime.com/z/one-red-cuban-cubanelle-pepper-white-background-46161745.jpg
000086.jpg,https://www.dhresource.com/0x0s/f2-albu-g5-M01-F6-0B-rBVaI1l_02OAET8bAAMfYZPracI170.jpg/1000pcs-a-set-prodgf-cubanelle-pepper-vegetable.jpg
000087.jpg,https://i.ebayimg.com/images/g/aTUAAOSw8-tWWI-t/s-l400.jpg
000088.jpg,https://lh3.ggpht.com/RoHmTIhR-XZcGX90pkFJKbTkMrnFvh3H0qoeLHa1mbQQpS4YW4mlFk7Rkwx2A54VjuDX2tkYuldMf9YZXVs5eg=s1200
000089.jpg,https://d3tfnts8u422oi.cloudfront.net/386x386/jonnadula--madhu150886865259ef822cc789e.jpg
000090.jpg,https://c8.alamy.com/comp/GKPP09/cubanelle-pepper-GKPP09.jpg
000091.jpg,https://irepo.primecp.com/2018/09/386718/Salmon_ArticleImage-CategoryPage_ID-2912035.jpg?v=2912035
000092.jpg,https://chilieveryday.com/wp-content/uploads/2017/01/cubanelle-pepper-substitute-red-anaheim-peppers.jpg
000093.jpg,https://img.freepik.com/free-photo/green-peppers-cubanelle-side-view-isolated_71919-173.jpg?size=626&ext=jpg
000094.jpg,https://portalvhds26k4f5tktj3ck.blob.core.windows.net/spotpics/sp44209.jpg
000095.jpg,https://images.bonanzastatic.com/afu/images/8aa0/28ed/1857_6097953273/10B.jpg
000096.jpg,https://i.ytimg.com/vi/01Bz9N7T3U0/maxresdefault.jpg
000097.jpg,http://www.farmerphils.com/varieties/vegetables/pepper-cubanelle.jpg
000098.jpg,https://c.shld.net/rpx/i/s/pi/mp/22664/prod_5305332427?src=http%3A%2F%2Fd3d71ba2asa5oz.cloudfront.net%2F12001418%2Fimages%2Fpeppercubanelle1.jpg&d=86aaa2898a942cfe953b0b6ce3b07eec2b697858&hei=333&wid=333&op_sharpen=1
000099.jpg,https://edge.bonnieplants.com/www/uploads/20180920004027/big-bertha-bell-pepper-480x360.jpg
000100.jpg,https://st4.depositphotos.com/1692343/22308/i/1600/depositphotos_223083634-stock-photo-raw-green-organic-cubanelle-peppers.jpg
000101.jpg,https://i2.wp.com/psbonjour.com/wp-content/uploads/2014/06/Photo-Jun-09-7-24-09-PM.jpg?fit=1080%2C810&ssl=1
000102.jpg,http://2.bp.blogspot.com/-9psyJ9U7QUw/UFpqPXOOh4I/AAAAAAAAADs/4UXrxLhMvCE/s1600/IMG_0172.JPG
000103.jpg,https://worldcrops.org/sites/worldcrops.org/files/crops/DSCN7866.JPG
000104.jpg,https://external-preview.redd.it/8bVI_hIzAK2tNk7iPM0PSW6k-0BhZOqlI8-H0oyFWKQ.jpg?width=576&auto=webp&s=98f132045afe1bb5d817865e7e625b413b91d72f
000105.jpg,https://www.infiniteherbs.com/wp-content/uploads/2018/02/cubanelle_2_n.jpg
000106.jpg,https://secureservercdn.net/184.168.47.225/39e.f98.myftpupload.com/wp-content/uploads/2015/09/philly-cheesesteak-peppers.jpg
000107.jpg,https://images.purplecarrot.com/uploads/recipe/image/1169/_1400_700_Vegan_JackFruitQuesadilla_Hero-2-420c01ce3d8045973791ae6d0bd4fe73.jpg
000108.jpg,https://www.cleaneatingmag.com/.image/ar_16:9%2Cc_fill%2Ccs_srgb%2Cfl_progressive%2Cg_faces:center%2Cq_auto:good%2Cw_620/MTQ0NzQxNjQ5NTkxMzc5MTEy/grilled-stuffed-cubanelle-peppers.jpg
000109.jpg,https://image.shutterstock.com/image-photo/unripe-cubanelle-pepper-ripe-orange-260nw-1472998196.jpg
000110.jpg,https://ssl.c.photoshelter.com/img-get/I0000Y.OG2ZZAc6I/s/750/750/Pepper-Long-Yellow-Ringo-17176.jpg
000111.jpg,http://d3bfrz6ajmxups.cloudfront.net/blog/mf/wp-content/uploads/2016/04/25153637/Cubanelle-Pepper-Mild.jpg
000112.jpg,http://www.johnnyseeds.com/dw/image/v2/BBBW_PRD/on/demandware.static/-/Sites-jss-master/default/dwa9d62ddf/images/products/vegetables/04004_01_nassau.jpg?sw=280&cx=302&cy=0&cw=1196&ch=1196
000113.jpg,https://1.bp.blogspot.com/-VbCXiy2Yx8U/XWwaF_Sd65I/AAAAAAACDRc/bFsEIB4PIH82vlmZeXMlqUHI_yibJZZNgCEwYBhgL/s1600/DSC03458.jpg
000114.jpg,https://media.istockphoto.com/photos/cubanelle-peppers-picture-id655080908
000115.jpg,https://i.etsystatic.com/5423753/r/il/cd9786/1163726442/il_570xN.1163726442_9wip.jpg
000116.jpg,https://www.berkeleywellness.com/sites/default/files/field/image/ThinkstockPhotos-200249734-001_field_img_hero_988_380.webp
000117.jpg,https://i.pinimg.com/originals/3b/36/d5/3b36d59f327b4fefcc1cc67440e6a7a7.jpg
000118.jpg,https://64f3af98a19fcdc38cfe-39a6ad9c1a35b5ccf200eff7491ba20a.ssl.cf1.rackcdn.com/prod_24999_12242.V1.jpg
000119.jpg,https://s3.amazonaws.com/seminismanage/600_goyeo4pbl6_key-west-hot-pepper.png
000120.jpg,https://static.onecms.io/wp-content/uploads/sites/34/2013/08/19030653/cubanelle-peppers-166-d110163_vert.jpg
000121.jpg,http://baileyfarmsinc.com/wp-content/uploads/2015/11/IMG_1327-540x405.jpg
000122.jpg,https://cosmopolitancornbread.com/wp-content/uploads/2019/06/Cubanelle-Pepper-Plants.png
000123.jpg,https://cdn.dtbrownseeds.co.uk/product-images/op/d/10153d.jpg
000124.jpg,https://www.tasteofhome.com/wp-content/uploads/2018/08/shutterstock_501870859-1.jpg
000125.jpg,https://bestmarket.com/wp-content/uploads/2017/06/trynew-peppers.jpg
000126.jpg,https://www.oscseeds.com/wp-content/uploads/2018/10/cubanell-300x300.jpg
000127.jpg,https://www.pepperscale.com/wp-content/uploads/2015/08/Shishito-pepper-substitute-768x512.jpg
000128.jpg,https://thumbs.dreamstime.com/z/two-green-long-cubanelle-peppers-italian-frying-isolated-white-cuban-pepper-pods-104630053.jpg
000129.jpg,https://lfmimages.blob.core.windows.net/400952-pennsw/products/peppers/cubanelle.jpg
000130.jpg,https://isteam.wsimg.com/ip/ed19ca7b-04c7-4988-b9c1-448b9406e4d4/ols/61_original/:/rs=w:600,h:600
000131.jpg,https://pics.davesgarden.com/pics/2005/08/14/toni5735/c505e3.jpg
000132.jpg,https://images.homedepot-static.com/productImages/30ac819c-c75b-4442-8388-12b9033e5cce/svn/bonnie-plants-vegetable-plants-2701-64_400.jpg
000133.jpg,https://www.chilipeppermadness.com/wp-content/uploads/2015/07/Grilled-Chorizo-Cheese-Stuffed-Cubanelle-Peppers2.jpg
000134.jpg,https://swankysweetpotato.files.wordpress.com/2015/10/spicy-sweet-eggplant-and-green-pepper-2.jpg
000135.jpg,https://www.savoringthethyme.com/wp-content/uploads/2014/01/Sriracha-Cubanelle-Pepper-Guacamole-Recipe-2.jpg
000136.jpg,https://s3.amazonaws.com/cdn0.gurneys.com/images/500/83392A.jpg
000137.jpg,http://thekitchenprepblog.com/wp-content/uploads/2011/08/DSC05176-1.jpg
000138.jpg,https://edge.bonnieplants.com/www/uploads/20180920004014/orange-bell-pepper-480x360.jpg
000139.jpg,https://hips.hearstapps.com/hmg-prod.s3.amazonaws.com/images/fresh-bell-peppers-royalty-free-image-507033344-1558536146.jpg?crop=0.672xw:1.00xh;0.110xw,0&resize=480:*
000140.jpg,https://m.media-amazon.com/images/I/51Xyq9vdkcL._AC_UL320_.jpg
000141.jpg,https://s.hdnux.com/photos/37/32/37/8234975/7/360x0.jpg
000142.jpg,https://t3.ftcdn.net/jpg/02/30/85/46/240_F_230854678_8Ml1pkGOB4IBJPOF0XrS412826lqnnHm.jpg
000143.jpg,https://www.dominicancooking.com/wp-content/uploads/2015/10/rice-chicken-stuffed-pepper-DSC_3916.jpg
000144.jpg,https://media.sciencephoto.com/image/e7701604/800wm
000145.jpg,https://delivery.balsamfarms.com/image/cache/catalog/vegetables/balsam-farms-shop-cabanelle-peppers-orange-b-500x500.jpg
000146.jpg,https://celebratewomantoday.com/wp-content/uploads/2015/07/Sauteed-Cubanelle-Peppers.jpg
000147.jpg,https://foodanthology.files.wordpress.com/2012/04/stuffed-cubanelle-peppers.jpg
000148.jpg,https://cdn.bluefoot.com/starvin/images/Pepper-Jelly/pepper-jelly-ingredients.png
000149.jpg,https://i5.walmartimages.com/asr/ee101de2-21fe-4d95-b128-e5ef51702d54_1.cc0956b87a70df771ff9f4e797687e3f.jpeg?odnHeight=450&odnWidth=450&odnBg=FFFFFF
000150.jpg,https://deliciousonadollar.files.wordpress.com/2012/09/img_0307.jpg
000151.jpg,https://i.etsystatic.com/14438497/r/il/b95186/1232747253/il_fullxfull.1232747253_fo9k.jpg
000152.jpg,https://previews.123rf.com/images/goldfinch4ever/goldfinch4ever1905/goldfinch4ever190500050/124045690-yellow-colour-cubanelle-sweet-pepper-cut-open-to-reveal-seeds-inside-isolated-on-white-background-ca.jpg
000153.jpg,https://media.blueapron.com/recipes/2404/square_newsletter_images/1500064229-8-0017-6819/724_2PV3_Veg-Tartines_73449_WEB_SQ_hi_res.jpg
000154.jpg,https://i1.wp.com/www.spiciefoodie.com/blogimages/2013/10/PortobelloMushroom_CubanelleVeganTacos01.jpg
000155.jpg,http://www.foodsubs.com/Photos/cubanellepepper.jpg
000156.jpg,https://zatista-images.s3.amazonaws.com/products/9499_vv2d9b0d43jhs2vdddoecrlnn4_Mc0xjc2DrK56NTer_1_800x800.jpg
000157.jpg,https://andrewzimmern.com/wp-content/uploads/2015/11/Jacques-Pepin-EggPepperBoats-865x780.jpg
000158.jpg,https://i1.wp.com/forknplate.com/wp-content/uploads/2015/03/peppers-feature-free-e1427854746401.jpg?fit=1200%2C961&ssl=1
000159.jpg,https://rookiechefdotcom.files.wordpress.com/2015/06/2-e1433279117388.jpg
000160.jpg,https://chilieveryday.com/wp-content/uploads/2017/01/cubanelle-pepper-substitute-bell-peppers.jpg
000161.jpg,https://townsendfamilyorganicfarms.com/wp-content/uploads/2019/03/original-2.jpeg
000162.jpg,https://images.food52.com/ym43mnveJbwVMWfdU2XezUM8w9U=/1200x1200/36b38300-6dbd-4102-8990-5d2e36e63ef1--PRVI_SVASTA_336.JPG
000163.jpg,http://3.bp.blogspot.com/-OmOMw7lcFLA/UNvvCSNqF3I/AAAAAAAAAgU/Q6sL7u9LM4w/s640/evergreen+048.jpg
000164.jpg,https://i.ytimg.com/vi/EcFut40jzxc/hqdefault.jpg
000165.jpg,https://image.shutterstock.com/image-photo/unripe-cubanelle-pepper-santa-fe-260nw-1472998601.jpg
000166.jpg,https://i.pinimg.com/originals/18/78/62/187862c3b57b83513ad0578b78bc15b9.jpg
000167.jpg,https://portalvhds26k4f5tktj3ck.blob.core.windows.net/spotpics/sp40768.jpg
000168.jpg,https://cosmopolitancornbread.com/wp-content/uploads/2019/06/Chorizo-Stuffed-Cubanelle-Peppers-from-Cosmopolitan-Cornbread.jpg
000169.jpg,https://www.neseed.com/wp-content/uploads/2016/08/32190-Hungarian-Yellow-Hot-Wax-Pepper-324x324.jpg
000170.jpg,https://i.ytimg.com/vi/34dzEKEN-08/hqdefault.jpg
000171.jpg,https://upload.wikimedia.org/wikipedia/commons/6/6b/Cubanelle_pepper_plant_with_flowers_and_emerging_fruit.jpg
000172.jpg,https://media.istockphoto.com/photos/cubanelle-pepper-picture-id144336330?k=6&m=144336330&s=612x612&w=0&h=SrzVdO3I1QB4wDsHhcYIWLI1votcbktmHXr8wRb-N5s=
000173.jpg,https://c8.alamy.com/comp/KJTX9H/green-long-italian-frying-pepper-isolated-on-white-cuban-cubanelle-KJTX9H.jpg
000174.jpg,https://s3.amazonaws.com/ka-images-prod/700x700/41/8c/ex/418cexy1jdf4ntvv6pi90xy402ugur0y.jpg
000175.jpg,https://photo2.foodgawker.com/wp-content/uploads/2014/06/1827041.jpg
000176.jpg,https://cdn.imgbin.com/16/16/5/imgbin-bell-pepper-serrano-pepper-chili-pepper-cubanelle-peter-pepper-red-pepper-9zk3Tj4KuBGCkJf0ttAWS39Yp.jpg
000177.jpg,https://highlandsranchfoodie.com/wp-content/uploads/2010/09/img_0244.jpg
000178.jpg,https://assets.epicurious.com/photos/54b0a45dc6a78d1a4a609213/master/pass/51107220_green-melon_1x1.jpg
000179.jpg,https://www.picclickimg.com/d/l400/pict/192974433904_/Jumbo-Cubanelle-Pepper-50-Seeds-Non-Gmo.jpg
000180.jpg,https://cms.splendidtable.org/sites/default/files/anaheim-peppers-whole-grilled-LEDE.jpg
000181.jpg,https://img-aws.ehowcdn.com/350x235p/photos.demandstudios.com/getty/article/142/191/87759601_XS.jpg
000182.jpg,https://sep.yimg.com/ay/yhst-74381645246355/cubanelle-pepper-3.gif
000183.jpg,https://res.cloudinary.com/hksqkdlah/image/upload/c_fill,dpr_3.0,f_auto,q_auto,w_200/15724_sil-pepper-cubanelle-03
000184.jpg,https://dusyefwqqyfwe.cloudfront.net/uploads/recipe/ingredient/image/2094/medium_square_2017-10-05___DS_17463020.jpg
000185.jpg,https://acornsonglendotcom.files.wordpress.com/2011/05/may-30-018.jpg
000186.jpg,https://1.bp.blogspot.com/-E85TPuUlPto/XThIP-vNnOI/AAAAAAAAUYQ/SpapFyCq-j4HVtk8csxOk2AS2fFyvXo9QCLcBGAs/s640/macaronisalad2.jpg
000187.jpg,https://jbf-media.s3.amazonaws.com/archive/jbf-2013/recipes/Davis-Chicken-Pepper-Casserole.jpg
000188.jpg,https://1.bp.blogspot.com/-R4FKSOKbvwA/XWwaFx0HPtI/AAAAAAACDRM/YSc6vLVV518MpIxz-NbOTTX97WQ6J-uJACEwYBhgL/s1600/DSC03456.jpg
000189.jpg,https://static.wixstatic.com/media/d45f52_4d94b22066b9403aba89eef781d6fb8d~mv2_d_4672_2628_s_4_2.jpg/v1/fill/w_560,h_474,al_c,q_90/d45f52_4d94b22066b9403aba89eef781d6fb8d~mv2_d_4672_2628_s_4_2.webp
000190.jpg,https://freshfruitvegetabletr.com/Storage/Download/Images/cubanellepepper.jpg?w=1500&h=1000&scale=both&format=png
000191.jpg,https://www.laurelhillgardens.com/_ccLib/image/plantstock/SQUARE-053255.jpg
000192.jpg,http://www.savoringthethyme.com/wp-content/uploads/2011/07/beansalad2.jpg
000193.jpg,http://www.mybalconyjungle.com/images/big/cubanelle_pepper_large.jpg
000194.jpg,https://res.cloudinary.com/hksqkdlah/image/upload/v1496932583/35906_stp-roastingpeppers-pressingpeppers001.jpg
000195.jpg,https://c2.staticflickr.com/2/1856/43859994745_abf29e15d3_z.jpg
000196.jpg,https://www.chilipeppermadness.com/wp-content/uploads/2018/09/Turkey-Stuffed-Cubanelle-Peppers-SHARE.jpg
000197.jpg,https://images.prod.meredith.com/product/ed85b7af5b78100f37f237c9b9bfc07f/1516260224743/l/burpee-cubanelle-sweet-pepper-seeds-50-seeds
000198.jpg,https://diethood.com/wp-content/uploads/2015/09/Easy-Skillet-Stuffed-Peppers-e1525528148226.jpg
000199.jpg,https://kidandnancy.files.wordpress.com/2012/03/dscf1430.jpg
000200.jpg,https://scontent-cdt1-1.cdninstagram.com/vp/f40846cc57c2852473cdca175ece1039/5DD31E74/t51.2885-15/e35/s1080x1080/66034374_357754071572632_7858374967101427582_n.jpg?_nc_ht=scontent-cdt1-1.cdninstagram.com
000201.jpg,https://images.squarespace-cdn.com/content/v1/53bdef0ae4b06a8762460d71/1552685887363-YW83SJF7NOWOJPCY7DWL/ke17ZwdGBToddI8pDm48kGDpvalPb1SqHoCn1hwN0Y57gQa3H78H3Y0txjaiv_0fDoOvxcdMmMKkDsyUqMSsMWxHk725yiiHCCLfrh8O1z5QHyNOqBUUEtDDsRWrJLTmQPoRzxSr1hzN-vPBHt7YyLLXgctAyUJRqJUUGWVDK_ZzIgvsybGcZEPqUYiXY8im/peppers.jpg?format=1500w
000202.jpg,http://3.bp.blogspot.com/-7t93ztdxlEI/UFppMUJs_uI/AAAAAAAAADc/vOjQpyqL4GQ/s1600/IMG_0191.JPG
000203.jpg,https://swankysweetpotato.files.wordpress.com/2015/10/spicy-sweet-eggplant-and-green-pepper.jpg
000204.jpg,https://ediblesouthflorida.ediblecommunities.com/sites/default/files/styles/ariticle_portrait__322x483_/public/images/article/article_details/cubanelle-pepper-dylan.jpg?itok=rFQiG7Lp
000205.jpg,https://seedsnsuch-qb2qm0z.netdna-ssl.com/wp-content/uploads/2018/11/Pep_Thai_Hot_Culinary_cmyk-1-399x500.jpg
000206.jpg,https://delivery.balsamfarms.com/image/cache/catalog/vegetables/balsam-farms-shop-vegetables-red-cubanelle-peppers-500x500.jpg
000207.jpg,https://img.freepik.com/free-photo/cubanelle-peper-isolated-white_67651-245.jpg?size=626&ext=jpg
000208.jpg,https://i2.wp.com/forknplate.com/wp-content/uploads/2015/03/peppers-scotch-bonnet-chillis-notes-on-the-meno.jpg?resize=960%2C720&ssl=1
000209.jpg,http://unitedgenetics.com/unigen_wp/wp-content/uploads/2017/11/Estrella.jpg
000210.jpg,https://worldcrops.org/sites/worldcrops.org/files/crops/sofrito.jpg
000211.jpg,https://s3-media1.fl.yelpcdn.com/bphoto/_sc8MONTo5Hs2OijCji1Ew/o.jpg
000212.jpg,https://chilieveryday.com/wp-content/uploads/2017/01/cubanelle-pepper-substitute-green-poblano-peppers.jpg
000213.jpg,http://www.johnvenaproduce.com/OCM/photogalleries/Red%20Fresno%20Peppers%20-%20small.jpg
000214.jpg,https://m.media-amazon.com/images/I/51fxOlqDEuL._AC_UL320_.jpg
000215.jpg,https://photo.foodgawker.com/wp-content/uploads/2016/05/2650101.jpg
000216.jpg,https://images.homedepot-static.com/productImages/b39048c0-ef0e-487f-a846-bf8934ba1466/svn/bonnie-plants-vegetable-plants-2901-64_400.jpg
000217.jpg,https://i1.wp.com/kitchenkomando.com/wp-content/uploads/2017/12/FPfinal2.png?fit=336%2C448
000218.jpg,https://highlandsranchfoodie.com/wp-content/uploads/2010/09/img_0322.jpg
000219.jpg,https://img.sndimg.com/food/image/upload/c_thumb,q_80,w_412,h_232/v1/img/recipes/32/18/80/picbINMhg.jpg
000220.jpg,https://www.johnnyseeds.com/dw/image/v2/BBBW_PRD/on/demandware.static/-/Sites-jss-master/default/dwcee13f22/images/products/vegetables/3986g_01_cornitogiallo.jpg?sw=280&cx=302&cy=0&cw=1196&ch=1196
000221.jpg,http://ideas.oggardenonline.com/thumbnail/cs/2018-vegetables/cubanelle-pepper.jpg
000222.jpg,https://www.piedmontfarmandgarden.com/v/vspfiles/photos/PPP058-2T.jpg?v-cache=1366092667
000223.jpg,http://www.chileunderground.com/wp-content/uploads/2013/05/Cubanelle_thumb.png
000224.jpg,https://cdn.shopify.com/s/files/1/0915/1060/products/Cubanelle-sweet-pepper-pepper-joes_grande.jpg?v=1457587253
000225.jpg,https://2.bp.blogspot.com/-GO6zERjxg30/Wgza9vW503I/AAAAAAAAQZU/n4nDvKsDAp0364_-Q7g6XYpdka4CS0XtwCKgBGAs/s320/IMG_6546.HEIC
000226.jpg,https://s3.bukalapak.com/img/36084976/w-300/images.jpg
000227.jpg,https://rookiechefdotcom.files.wordpress.com/2015/06/7-e1433279757241.jpg
000228.jpg,https://i.ytimg.com/vi/_bmvNX20o8A/maxresdefault.jpg
000229.jpg,https://i2.wp.com/artofbeingfabulous.com/wp-content/uploads/2018/02/cubanelle-peppers-in-tomato-sauce.jpg?fit=4064%2C2524&ssl=1
000230.jpg,https://edsgoodstuff.com/edscart/bmz_cache/6/6991055b5239885980c3f927399e5169.image.590x386.jpg
000231.jpg,https://www.fedcoseeds.com/seeds/seeds_images/3766.jpg
000232.jpg,http://www.freshtasteproduce.com/userfiles/images/cubanelle.jpg
000233.jpg,https://image.shutterstock.com/display_pic_with_logo/3494435/1171967059/stock-vector--green-chilli-is-a-spicy-ingredient-for-making-food-cubanelle-pepper-1171967059.jpg
000234.jpg,https://hips.hearstapps.com/hmg-prod.s3.amazonaws.com/images/close-up-of-green-red-and-orange-bell-peppers-royalty-free-image-622418542-1558536290.jpg?crop=0.667xw:1.00xh;0.333xw,0&resize=480:*
000235.jpg,https://www.rachaelraymag.com/.image/ar_16:9%2Cc_fill%2Ccs_srgb%2Cfl_progressive%2Cg_faces:center%2Cq_auto:good%2Cw_620/MTUyODYxNTUwMjA4OTUxNTc5/couscous-stuffed-peppers-102034722.jpg
000236.jpg,https://live.staticflickr.com/3294/2719528689_ac88ed300c_z.jpg
000237.jpg,https://www.canadiansavingsgroup.ca/wp-content/uploads/2019/05/91.jpg
000238.jpg,https://i1.wp.com/insaneinthebrine.com/wp-content/uploads/2019/02/greenkicmhiWOOO.jpg?resize=360%2C240&ssl=1
000239.jpg,https://www.organicauthority.com/.image/t_share/MTU5MzMwNjUzMzA3MTUxOTY4/vegetarian-tacos.jpg
000240.jpg,https://media.gettyimages.com/photos/cubanelle-peppers-on-plate-closeup-picture-idsb10064998cw-001
000241.jpg,https://res.cloudinary.com/hksqkdlah/image/upload/v1496932565/35907_stp-roastingpeppers-largepeppertop002.jpg
000242.jpg,http://cdn.shopify.com/s/files/1/1069/1708/files/recipe_cavatelli_a1a67f5a-2051-4b65-b58e-f8dd402430fb.jpg?v=1489517885
000243.jpg,http://1.bp.blogspot.com/-QOnReIQ0f48/Tc3ctaDAygI/AAAAAAAABCw/5sU3knhXQso/s1600/IMG_1101.JPG
000244.jpg,https://www.weightwatchers.com/images/1033/dynamic/foodandrecipes/2013/03/Stir-FriedPeppersOnions_019_xl.jpg
000245.jpg,https://media-cdn.tripadvisor.com/media/photo-s/06/4e/ca/b4/stuffed-cubanelle-pepper.jpg
000246.jpg,https://edge.bonnieplants.com/www/uploads/20180920003742/giant-marconi-pepper-web-480x360.jpg
000247.jpg,https://images.cutco.com/learn/2018/step_fry_pepper_4_006-l.jpg
000248.jpg,https://flflr.luluslocalfood.com/Picture/Sized(500,350)/2995.jpg
000249.jpg,https://cdn.shopify.com/s/files/1/0257/1213/2141/products/BEB121B7-43F7-4269-B981-07E87FCC96B6_345x345@2x.jpeg?v=1567395303
000250.jpg,https://1.bp.blogspot.com/-CD_d42ROZBM/Wgza9sz7D0I/AAAAAAAAQZU/TEkfW3yUZrAAUp483DuMiAJW0l-8qMYggCKgBGAs/s320/IMG_6547.HEIC
000251.jpg,http://biminipepper.com/files/2019-07-08_21_57_20_logobimini.png
000252.jpg,https://cookuntilepic.files.wordpress.com/2012/05/img_0964.jpg
000253.jpg,https://macore.com/categories/stream_tag/EB2V2550.jpg
000254.jpg,https://photo.interior-designy.com/extra/no/2017_garden/cubanelle-pepper-varieties.jpg
000255.jpg,https://imagesvc.meredithcorp.io/v3/mm/image?url=https%3A%2F%2Fcdn-image.myrecipes.com%2Fsites%2Fdefault%2Ffiles%2Fstyles%2Fmedium_2x%2Fpublic%2Fimage%2Frecipes%2Ffw%2F09%2Fcheese-peppers-fw-1927968-x.jpg%3Fitok%3DQdQ9NhD0&w=450&c=sc&poi=face&q=85
000256.jpg,https://www.tasteofhome.com/wp-content/uploads/2018/08/shutterstock_723282880.jpg
000257.jpg,http://www.drwalcherfarms.com/wp-content/uploads/2014/03/CubanelleNutrition.png
000258.jpg,https://diethood.com/wp-content/uploads/2015/09/Skillet-Peppers.jpg
000259.jpg,http://www.mysimplyspecial.com/wp-content/uploads/2013/04/Stuffed-cubanelle-peppers-1.jpg
000260.jpg,https://cms.splendidtable.org/sites/default/files/green-bell-peppers-LEDE.jpg
000261.jpg,https://www.thelemonapron.com/wp-content/uploads/2018/04/Green-green-salad-7.jpg
000262.jpg,https://i1.wp.com/psbonjour.com/wp-content/uploads/2014/06/Photo-Jun-09-7-23-52-PM.jpg
000263.jpg,https://i0.wp.com/forknplate.com/wp-content/uploads/2015/03/peppers-birdss-eue-free-use.jpg?resize=960%2C803&ssl=1
000264.jpg,https://wordenfarmtotable.files.wordpress.com/2016/11/miz-fororganic-jalapeno-jelly-0896.jpg?w=584
000265.jpg,https://pinimg.icu/wall/0x0/cheese-stuffed-cubanelle-pepper-recipe-here-s-a-different-take-on-traditional-stuffed-peppers-D5d3583c39ce85c506859c9ed620637ad.jpg
000266.jpg,https://upload.wikimedia.org/wikipedia/commons/thumb/9/97/Scotch_bonnet_chili_pepper.jpg/1200px-Scotch_bonnet_chili_pepper.jpg
000267.jpg,http://www.specialtyproduce.com/sppics/9261.png
000268.jpg,https://1.bp.blogspot.com/-wHItDfHe-w4/XWwaIxGcvyI/AAAAAAACDRU/8sEspGa4HM8cVpj_-_rQBk9nmKwSROYtACEwYBhgL/s1600/DSC03463.jpg
000269.jpg,https://acornsonglendotcom.files.wordpress.com/2011/05/may-30-022.jpg
000270.jpg,https://instagram.fist1-2.fna.fbcdn.net/vp/5ec4e1cf304816e3e2615aa0cfcf7203/5DF0668C/t51.2885-15/sh0.08/e35/s640x640/61438997_662809860831504_5163232902691368251_n.jpg?_nc_ht=instagram.fist1-2.fna.fbcdn.net
000271.jpg,https://i0.wp.com/hopemtnnurseries.com/wp-content/uploads/2013/11/pepper-cubanelle.jpg?fit=300%2C300&ssl=1
000272.jpg,https://sep.yimg.com/ca/I/yhst-95859202358617550079552_2592_88801544
000273.jpg,https://st2.depositphotos.com/1267570/5671/i/950/depositphotos_56716073-stock-photo-red-cuban-cubanelle-pepper-on.jpg
000274.jpg,https://secureservercdn.net/184.168.47.225/39e.f98.myftpupload.com/wp-content/uploads/2013/05/IMG_5420.jpg
000275.jpg,https://i.ytimg.com/vi/8wTHNundpYc/maxresdefault.jpg
000276.jpg,https://rookiechefdotcom.files.wordpress.com/2015/06/1-e1433279079840.jpg
000277.jpg,https://worldcrops.org/sites/worldcrops.org/files/crops/IMG058.jpg
000278.jpg,https://pbs.twimg.com/media/DtRB_vfV4AI6pHW.jpg
000279.jpg,https://as1.ftcdn.net/jpg/02/66/18/82/500_F_266188252_fBLVc8e9Pwo5kqDlfKsLQl7XECXszKvV.jpg
000280.jpg,https://f.wishabi.net/page_items/169004074/1569305642/extra_large.jpg
000281.jpg,http://davidbernsteinmd.com/wp-content/uploads/sara-dubler-710138-unsplash-400x300.jpg
000282.jpg,https://i0.wp.com/stephaniemormina.com/wp-content/uploads/2014/10/stuffed-peppers-last.jpg?ssl=1
000283.jpg,https://3.bp.blogspot.com/-4m8fHBEhFsg/WbXsqOWk3LI/AAAAAAAAiBk/0pc443vaEvU_fkWYIauzqY6bAM1grOfrQCLcBGAs/s1600/IMG_20170910_183805_394.jpg
000284.jpg,https://www.chilipeppermadness.com/wp-content/uploads/2018/09/Turkey-Stuffed-Cubanelle-Peppers-Recipe2.jpg
000285.jpg,https://p7.hiclipart.com/preview/119/873/75/chili-pepper-bell-pepper-cubanelle-yellow-pepper-paprika-pepper-thumbnail.jpg
000286.jpg,https://i.ebayimg.com/images/g/SjcAAOSwSQFaRc1m/s-l640.jpg
000287.jpg,https://c1.staticflickr.com/2/1258/5149318101_3808069f48_b.jpg
000288.jpg,https://cdn11.bigcommerce.com/s-tevsl/images/stencil/500x659/products/1730/2671/5062_Grenada_F1_Pepper_-_cmyk__90134.1476729986.jpg?c=2
000289.jpg,http://empacadora-hill-brothers.squarespace.com/storage/iStock_Pimiento-Small.gif?__SQUARESPACE_CACHEVERSION=1324328559087
000290.jpg,https://t3.ftcdn.net/jpg/01/63/80/94/240_F_163809462_jqmCAunLt0WKKGjznJYHtfYGKJa512Va.jpg
000291.jpg,https://www.tasteofhome.com/wp-content/uploads/2018/08/shutterstock_5637250.jpg
000292.jpg,https://www.jalapenomania.com/wp-content/uploads/559d3093bdf072a08a84cb4faa-320x320.jpg
000293.jpg,https://hips.hearstapps.com/hmg-prod.s3.amazonaws.com/images/basket-of-farmers-market-red-fresno-chili-peppers-royalty-free-image-1038379104-1558537386.jpg?crop=0.578xw:0.868xh;0.0793xw,0.101xh&resize=480:*
000294.jpg,https://www.organicauthority.com/.image/t_share/MTU5MzMwNjUzMzA1NTc5MTA0/vegetarian-tacos.jpg
000295.jpg,https://www.johnnyseeds.com/dw/image/v2/BBBW_PRD/on/demandware.static/-/Sites-jss-master/default/dw7ce7c6f9/images/products/vegetables/cornito_ps.jpg?sw=280&cx=302&cy=0&cw=1196&ch=1196
000296.jpg,https://rangeviewseeds.com.au/1629-large_default/capsicum-capsicum-sweet-cubanelle.jpg
000297.jpg,https://edge.bonnieplants.com/www/uploads/20180920003954/golden-cayenne-pepper-480x360.jpg
000298.jpg,https://cosmopolitancornbread.com/wp-content/uploads/2019/06/Chorizo-Stuffed-Cubanelle-Peppers-from-Cosmopolitan-Cornbread-2.jpg
000299.jpg,https://media.gettyimages.com/photos/cubanelle-chili-peppers-picture-id200267011-001
000300.jpg,http://4.bp.blogspot.com/-yjU8VHobKsk/UWk6eD0TuqI/AAAAAAAARTA/hop7pDYB5hk/s1600/Pork+skillet+gsmall.jpg
000301.jpg,https://m.media-amazon.com/images/I/31V7s86uljL._AC_UL320_.jpg
000302.jpg,https://c8.alamy.com/comp/GB3CMP/spicy-organic-cubanelle-chili-peppers-on-display-at-local-farmers-GB3CMP.jpg
000303.jpg,https://chilieveryday.com/wp-content/uploads/2017/01/fresh-red-cubanelle-peppers.jpg
000304.jpg,https://secureservercdn.net/184.168.47.225/39e.f98.myftpupload.com/wp-content/uploads/2013/05/cubanelles-mexican-stuffed-720x405.jpg
000305.jpg,http://www.baileyfarmsinc.com/images/products/cubanelle.jpg
000306.jpg,http://bretwills.com/Sept16/images/CUBANELLE_PEPPER_1032.jpg
000307.jpg,https://photo.foodgawker.com/wp-content/uploads/2016/02/2557497.jpg
000308.jpg,https://d2lnr5mha7bycj.cloudfront.net/product-image/file/primary_936e5a5c-7aba-4c44-b3c7-1e603c9d90dd.png
000309.jpg,https://i.ytimg.com/vi/vheSMybjia8/maxresdefault.jpg
000310.jpg,https://i2.wp.com/forknplate.com/wp-content/uploads/2015/03/Bell_pepper_cut_apart-free-use.jpg?resize=960%2C640&ssl=1
000311.jpg,https://pics.davesgarden.com/pics/2005/02/17/Love2Troll/98a8d0.jpg
000312.jpg,https://tse2.mm.bing.net/th?id=OIP.2yF9vy_zddzllyCM10O_AgHaEw
000313.jpg,https://savvysinglesuppers.files.wordpress.com/2013/02/img_2058.jpg
000314.jpg,https://amazon.clikpic.com/GiusiD/images/pan-fried_cubanelle_peppers.jpg.jpg
000315.jpg,https://as1.ftcdn.net/jpg/01/07/14/40/500_F_107144064_FNTlmgw4SnJGsbTynCHXWjBuq9Xvjy7o.jpg
000316.jpg,https://swankysweetpotato.files.wordpress.com/2015/10/spicy-sweet-eggplant-and-green-pepper-10.jpg
000317.jpg,https://portalvhds26k4f5tktj3ck.blob.core.windows.net/spotpics/sp45408.jpg
000318.jpg,https://farm9.staticflickr.com/8305/7990405433_3f6b0d6d30_b.jpg
000319.jpg,https://media.gettyimages.com/photos/cubanelle-chili-peppers-picture-id200267012-001
000320.jpg,https://www.chilipeppermadness.com/wp-content/uploads/2018/09/Cubanelle-Chili-Peppers-Filling.jpg
000321.jpg,https://4.bp.blogspot.com/-oQdta9-xQx0/W_8fUGYLxnI/AAAAAAABPPo/MG5X59mOwyIZEuSw9D4muRgzBvTF1VnQQCLcBGAs/s1600/Bajji%2Bmilagai.jpg
000322.jpg,https://upload.wikimedia.org/wikipedia/commons/d/d2/Capsicum_annuum_-_K%C3%B6hler%E2%80%93s_Medizinal-Pflanzen-027.jpg
000323.jpg,https://www.johnnyseeds.com/dw/image/v2/BBBW_PRD/on/demandware.static/-/Library-Sites-JSSSharedLibrary/default/dw444f12a0/images/catbanner/vegetables/sweet_peppers_bn.jpg?sw=920
000324.jpg,https://d2lnr5mha7bycj.cloudfront.net/product-image/file/large_3469a068-3dfa-4c61-85a6-f91397c0a2cf.jpg
000325.jpg,https://shop.balsamfarms.com/image/cache//catalog/vegetables/balsam-farms-shop-vegetables-red-cubanelle-peppers-b-500x500.jpg
000326.jpg,https://i.ytimg.com/vi/qIloyaqPiKQ/maxresdefault.jpg
000327.jpg,https://photo.foodgawker.com/wp-content/uploads/2014/02/1652249.jpg
000328.jpg,https://1.bp.blogspot.com/-mjreJkfysV4/XWwaCsHL3II/AAAAAAACDRI/KfrJw7mN7cM3ArSVO74gpOlMaN70d54PwCEwYBhgL/s1600/DSC03443.jpg
000329.jpg,https://edge.bonnieplants.com/www/uploads/20180920004012/poblano-ancho-hot-pepper-480x360.jpg
000330.jpg,https://cookuntilepic.files.wordpress.com/2012/05/img_0955.jpg
000331.jpg,https://c8.alamy.com/comp/X4D2FF/harvesting-cubanelle-peppers-clinton-north-carolina-X4D2FF.jpg
000332.jpg,https://worldcrops.org/sites/worldcrops.org/files/crops/IMG_5651.JPG
000333.jpg,https://cms.splendidtable.org/sites/default/files/poblano-peppers-LEDE.jpg
000334.jpg,https://c8.alamy.com/comp/BXN4CF/cubanelle-peppers-italian-frying-type-north-carolina-BXN4CF.jpg
000335.jpg,http://maidokonline.com/product/1466564323-086.JPG
000336.jpg,https://www.chilipeppermadness.com/wp-content/uploads/2018/03/Grilled-Chorizo-Cheese-Stuffed-Cubanelle-Peppers3.jpg
000337.jpg,https://photo2.foodgawker.com/wp-content/uploads/2015/10/2419724.jpg
000338.jpg,https://i.ytimg.com/vi/Rr57p30IOPA/maxresdefault.jpg
000339.jpg,http://3.bp.blogspot.com/-LdsH5bs0MCA/Tq6fKKe-UZI/AAAAAAAABBQ/CvRlEpqyxX0/s1600/photo+5.JPG
000340.jpg,https://upload.wikimedia.org/wikipedia/commons/thumb/8/85/Green-Yellow-Red-Pepper-2009.jpg/1200px-Green-Yellow-Red-Pepper-2009.jpg
000341.jpg,https://farm8.staticflickr.com/7101/7166085170_b5eef40ff8_b.jpg
000342.jpg,https://1.bp.blogspot.com/-t1I2VMjIzIw/XWwaIh_1xPI/AAAAAAACDRQ/0A8_gXSkXDgjKks0N3EWsUEKWDZ43OyxQCEwYBhgL/s1600/DSC03460.jpg
000343.jpg,https://www.johnnyseeds.com/dw/image/v2/BBBW_PRD/on/demandware.static/-/Sites-jss-master/default/dwf6f63fd1/images/products/vegetables/03032g_01_lunchboxred.jpg?sw=280&cx=302&cy=0&cw=1196&ch=1196
000344.jpg,https://chilieveryday.com/wp-content/uploads/2017/02/stuffed-bell-peppers.jpg
000345.jpg,https://twosistersonekitchen.files.wordpress.com/2012/06/527.jpg
000346.jpg,https://secureservercdn.net/184.168.47.225/39e.f98.myftpupload.com/wp-content/uploads/2013/05/cubanelles.jpg
000347.jpg,https://edge.bonnieplants.com/www/uploads/20180920003546/New-Mexico-6-4L-v1-480x360.jpg
000348.jpg,https://i.ytimg.com/vi/7yqJwV3CO2k/maxresdefault.jpg
000349.jpg,https://1.bp.blogspot.com/-isLsoQ9koRM/XWwaLD5cpeI/AAAAAAACDRc/9LwqktUj_bgtHxSArPn75MBAXN7Bse5cwCEwYBhgL/s1600/DSC03469.jpg
000350.jpg,https://c1.staticflickr.com/6/5709/31120016671_95b78c497f_b.jpg
000351.jpg,https://i.ytimg.com/vi/FyldpnTD3JA/maxresdefault.jpg
000352.jpg,http://www.muttiworld.com/images/gardenblog/2012/cub6.jpg
000353.jpg,https://edge.bonnieplants.com/www/uploads/20180920004028/anaheim-hot-pepper-480x360.jpg
000354.jpg,http://3.bp.blogspot.com/-FvJ5ZRq4L8Y/UGuvoOmVecI/AAAAAAAAARM/viQExmiHWZ4/s1600/P1090040.JPG
000355.jpg,https://worldcrops.org/sites/worldcrops.org/files/crops/the%20three%20ajies_DR_may_2015.JPG
000356.jpg,https://live.staticflickr.com/3165/2916404893_5f3649641a_z.jpg
000357.jpg,https://i.ytimg.com/vi/z971Wj8Drhw/hqdefault.jpg
000358.jpg,https://foodanthology.files.wordpress.com/2012/04/cubanelle-peppers.jpg
000359.jpg,https://weekendsprout.files.wordpress.com/2014/07/20140720_192729.jpg
000360.jpg,http://1.bp.blogspot.com/-lvlGEBas6p4/TfLDxKSZBwI/AAAAAAAAAIA/RT_2U5wfpu4/s400/CubanellePepper.JPG
000361.jpg,https://worldcrops.org/sites/worldcrops.org/files/crops/production/Cubanelle_peppers_UMass_2015%20%2833%29.JPG
000362.jpg,https://chilieveryday.com/wp-content/uploads/2017/02/anaheim-peppers.jpg
000363.jpg,https://i.ytimg.com/vi/5yO_tPxAnWE/hqdefault.jpg
000364.jpg,https://live.staticflickr.com/1793/42889810335_c7cfbf591b_b.jpg
000365.jpg,https://edge.bonnieplants.ca/www/tabasco-hot-pepper-580x280.jpg
000366.jpg,https://worldcrops.org/sites/worldcrops.org/files/crops/IMG_7559.JPG
000367.jpg,http://4.bp.blogspot.com/-wi3XGfaBv3c/VrDi4nFHF0I/AAAAAAAAXTA/GuZMsMBHzwE/s1600/Pimenta%2BCUBANELLE.jpg
000368.jpg,https://i.ytimg.com/vi/LRdfGF5jI-w/maxresdefault.jpg
000369.jpg,https://sometimessavory.files.wordpress.com/2014/10/yuca-stuffed-cubanelle-pepper1.jpg?w=584
000370.jpg,https://cdn.shopify.com/s/files/1/0119/6277/7659/products/57_5bfdd851-840e-4bf8-bd78-b32588997fa7_grande.jpg
000371.jpg,https://worldcrops.org/sites/worldcrops.org/files/crops/production/Cubanelle_peppers_UMass_2015%20%284%29.JPG
000372.jpg,https://sanctuarygardener.files.wordpress.com/2013/06/cubanelle-pepper-31may13.jpg
000373.jpg,https://www.pepperscale.com/wp-content/uploads/2015/05/cubanelle-pepper-substitute.jpg
000374.jpg,http://www.akin-porter.com/wp-content/uploads/2012/11/cubanelle-pepper-631x449.jpg
000375.jpg,https://www.chilipeppermadness.com/wp-content/uploads/2018/09/Turkey-Stuffed-Cubanelle-Peppers-Recipe2.jpg
000376.jpg,https://seedsnsuch-qb2qm0z.netdna-ssl.com/wp-content/uploads/2013/08/Pep_Cubanelle_cmyk.jpg
000377.jpg,https://cookuntilepic.files.wordpress.com/2012/05/img_0955.jpg
000378.jpg,https://deliciousonadollar.files.wordpress.com/2012/09/img_0305.jpg
000379.jpg,https://cookuntilepic.files.wordpress.com/2012/05/img_0959.jpg
000380.jpg,https://cookuntilepic.files.wordpress.com/2012/05/img_0950.jpg
000381.jpg,https://sanctuarygardener.files.wordpress.com/2013/10/pepper-harvest-1.jpg
000382.jpg,https://worldcrops.org/sites/worldcrops.org/files/crops/IMG058.jpg
000383.jpg,http://theveganasana.com/wp-content/uploads/2014/10/IMG_0098.jpg
000384.jpg,http://www.bradsbedding.com/wp-content/uploads/2017/08/48ee1e8a0a8f50dce4f8cb9ab418e211_XL.jpg
000385.jpg,https://nickskitchen.files.wordpress.com/2010/08/33.jpg
000386.jpg,https://i1.wp.com/thekitchenprepblog.com/wp-content/uploads/2011/08/DSC05173-1.jpg
000387.jpg,https://www.rareseeds.com/assets/1/14/DimRegular/Pepper-Cubanelle-LSS-000_8702.jpg
000388.jpg,https://acornsonglendotcom.files.wordpress.com/2011/05/may-30-006.jpg
000389.jpg,https://chilieveryday.com/wp-content/uploads/2017/01/cubanelle-pepper-the-look.jpg
000390.jpg,https://kidandnancy.files.wordpress.com/2012/03/dscf1430.jpg
000391.jpg,https://deliciousonadollar.files.wordpress.com/2012/09/img_0336.jpg
000392.jpg,https://i.pinimg.com/originals/1d/66/dc/1d66dc3a1d3435b2e92510bebeb19511.jpg
000393.jpg,https://www.rachaelraymag.com/.image/t_share/MTQ2MjcyMTQ1MzQ3OTc4MjU3/sausage-stuffed-cubanelle-peppers-102698894.jpg
000394.jpg,https://www.chilipeppermadness.com/wp-content/uploads/2015/07/Grilled-Chorizo-Cheese-Stuffed-Cubanelle-Peppers2.jpg
000395.jpg,https://deliciousonadollar.files.wordpress.com/2012/09/img_0310.jpg
000396.jpg,https://vanillabeanonline.files.wordpress.com/2014/10/stuffed-peppers-last.jpg
000397.jpg,http://worldcrops.org/sites/worldcrops.org/files/crops/sofrito_1.jpg
000398.jpg,https://i.pinimg.com/736x/72/28/0d/72280d6a5c8c510c874ac32494a9bc30--jalapeno-recipes-pepper-recipes.jpg
000399.jpg,https://recipesforsustenance.files.wordpress.com/2013/10/img_2809-640x480.jpg
000400.jpg,https://swankysweetpotato.files.wordpress.com/2015/10/spicy-sweet-eggplant-and-green-pepper-5.jpg
000401.jpg,http://d3bfrz6ajmxups.cloudfront.net/blog/mf/wp-content/uploads/2016/04/25153637/Cubanelle-Pepper-Mild.jpg
000402.jpg,https://thetomatoladyblog.files.wordpress.com/2015/07/cubanelle-july.jpg
000403.jpg,https://s-media-cache-ak0.pinimg.com/736x/e1/2e/ed/e12eed925a5b76618aed59e500d4ca8f.jpg
000404.jpg,https://www.cleaneatingmag.com/.image/t_share/MTQ0NzQxNjQ5NTkxNTEwMTg0/grilledstuffedcubanellepeppers_article.jpg
000405.jpg,http://2.bp.blogspot.com/-fHokzdBsfFQ/UEn68z7E5MI/AAAAAAAAAfU/vw-z78mwyEI/s1600/IMG_1227.jpg
000406.jpg,https://s-media-cache-ak0.pinimg.com/originals/23/24/a9/2324a9473dd06d3d5175772fd08644a5.jpg
000407.jpg,http://2.bp.blogspot.com/-LY5jWrzaQVA/UEn8wtJJpeI/AAAAAAAAAfc/yuQQ9azITF4/s1600/IMG_1217.jpg
000408.jpg,https://swankysweetpotato.files.wordpress.com/2015/10/spicy-sweet-eggplant-and-green-pepper-2.jpg
000409.jpg,https://cdn11.bigcommerce.com/s-q83qdckkjh/images/stencil/1000x1000/products/1067/3016/Cubanelle-Pepper1BC__32307.1517601003.jpg
000410.jpg,https://kidandnancy.files.wordpress.com/2012/03/dscf14311.jpg
000411.jpg,http://wildflourskitchen.com/wp-content/uploads/2013/05/cubanelles-mexican-stuffed.jpg
000412.jpg,https://vanillabeanonline.files.wordpress.com/2014/10/stuffed-cubanelles-raw.jpg
000413.jpg,http://deliciousonadollar.files.wordpress.com/2012/09/img_0332.jpg
000414.jpg,https://thetomatoladyblog.files.wordpress.com/2015/07/islander-in-purple.jpg
000415.jpg,https://vanillabeanonline.files.wordpress.com/2014/10/stuffed-cubanelle-plated.jpg
000416.jpg,https://repurposedlife.files.wordpress.com/2012/05/sausage-stuffed-peppers-and-bbq-chix-041.jpg
000417.jpg,https://www.prouditaliancook.com/wp-content/uploads/2016/07/raw-stuffed-1.jpg
000418.jpg,http://deliciousonadollar.files.wordpress.com/2012/09/img_0307.jpg
000419.jpg,https://swankysweetpotato.files.wordpress.com/2015/10/spicy-sweet-eggplant-and-green-pepper-6.jpg
000420.jpg,https://sanctuarygardener.files.wordpress.com/2014/10/harvest-peppers-tomato-11oct14-sg.jpg
000421.jpg,https://st3.depositphotos.com/1580652/15987/i/1600/depositphotos_159873480-stock-photo-cubanelle-pepper-vegetable.jpg
000422.jpg,http://media-cache-ec0.pinimg.com/736x/8e/3e/8f/8e3e8ff74c72c16a785da79b1cf2655b.jpg
000423.jpg,https://repurposedlife.files.wordpress.com/2012/05/sausage-stuffed-peppers-and-bbq-chix-028.jpg
000424.jpg,http://4.bp.blogspot.com/--gxHxPwoaxI/ThjbriSQCCI/AAAAAAAAAvI/K4h9qsuPxq0/s1600/stuffed%20peppers2.jpg
000425.jpg,https://s-media-cache-ak0.pinimg.com/originals/6f/34/5a/6f345a234a97c8637e98fc0a7585bf5f.jpg
000426.jpg,http://2.bp.blogspot.com/-Hm5Mg1LFYRU/UsRlca3Q2hI/AAAAAAAABHY/X9PZQwHpIo8/s1600/pepper.jpg
000427.jpg,http://cdn-image.foodandwine.com/sites/default/files/201010-xl-spinach-and-sausage-stuffed-peppers.jpg
000428.jpg,https://s-media-cache-ak0.pinimg.com/736x/18/fb/3c/18fb3c8adaf2d643aadec2b286f108c2.jpg
000429.jpg,https://c8.alamy.com/comp/E1CJF1/variety-of-sweet-red-yellow-orange-peppers-jalapeno-cubanelle-thai-E1CJF1.jpg
000430.jpg,https://www.johnnyseeds.com/dw/image/v2/BBBW_PRD/on/demandware.static/-/Sites-jss-master/default/dw3c647e6e/images/products/vegetables/04004_01_nassau.jpg
000431.jpg,https://www.johnnyseeds.com/dw/image/v2/BBBW_PRD/on/demandware.static/-/Sites-jss-master/default/dw5ca4669b/images/products/flowers/03430_01_mars.jpg
000432.jpg,https://static.wixstatic.com/media/531e6c_8d270078ee894dc0b17c3f6eb2de3a08~mv2_d_6000_4000_s_4_2.jpg
000433.jpg,http://kimmyscucina.com/wp-content/uploads/2017/01/IMG_2426.jpg
