image,source
000001.jpg,https://www.pepperscale.com/wp-content/uploads/2017/03/devils-tongue-pepper-768x432.jpg
000002.jpg,https://www.cayennediane.com/wp-content/uploads/Devils-Tongue-Red.jpg
000003.jpg,https://www.chilipeppermadness.com/wp-content/uploads/2013/10/Devils-Tongue.jpg
000004.jpg,https://d1nw62gticy6e9.cloudfront.net/uploads/DevilsTongueRedchilliseeds.jpg
000005.jpg,https://cdn.shopify.com/s/files/1/0915/1060/products/White_Devil_s_Tongue1.JPG?v=1521036248
000006.jpg,https://pepperhead.com/wp-content/uploads/2016/11/Devils-Tongue.jpg
000007.jpg,http://rahiseedbank.com/wp-content/uploads/2014/07/121.jpg
000008.jpg,https://www.superhotchiles.com/wp-content/uploads/2018/04/Devils-Tongue-Hot-Pepper-Seeds.jpg
000009.jpg,https://cdn11.bigcommerce.com/s-f6cx4kq/images/stencil/1280x1280/products/112/1184/red_devils_tongue_pepper_tyler_farms__43991.1550455627.jpg?c=2&imbypass=on
000010.jpg,https://www.premierseedsdirect.com/wp-content/uploads/2017/02/41584498-2.jpg
000011.jpg,https://www.cayennediane.com/wp-content/uploads/Devils-Tongue-Yellow.jpg
000012.jpg,https://chilli-seedz.com/wp-content/uploads/2015/06/Yellow-Devils-Tongue-Chilli-Pepper-Plant.jpg
000013.jpg,https://cdn.shopify.com/s/files/1/0871/0950/products/deviltonguepepper_1024x1024.jpg?v=1548196243
000014.jpg,https://www.pepperseeds.eu/pub/media/catalog/product/cache/b56a9049443cfaeedfe24666b14227c1/c/h/chili_seeds_dev_tong_red.jpg
000015.jpg,https://cdn11.bigcommerce.com/s-f6cx4kq/images/stencil/1280x1280/products/247/1176/yellow_devils_tongue_pepper_tyler_farms__75745.1550364049.jpg?c=2&imbypass=on
000016.jpg,https://images-na.ssl-images-amazon.com/images/I/41VDqe6qxbL.jpg
000017.jpg,https://www.chileseeds.co.uk/wp-content/uploads/2016/10/DevilsTongueRedchilliseeds.jpg
000018.jpg,https://thehippyseedcompany.com/wp-content/uploads/2017/06/White-Devils-Tongue-web-3.jpg
000019.jpg,https://chilli-seedz.com/wp-content/uploads/2015/10/White-Devils-Tongue-Plant-900x900.jpg
000020.jpg,https://cdn.shopify.com/s/files/1/0129/8922/products/RedDevil_sTongue_grande.jpg?v=1556042651
000021.jpg,https://d1nw62gticy6e9.cloudfront.net/uploads/Devils-Tongue-Pepper-Seeds.jpg
000022.jpg,https://previews.123rf.com/images/astrobobo/astrobobo1601/astrobobo160100039/51110874-very-hot-chili-peppers-of-the-devil-s-tongue-variety-ready-for-harvest-.jpg
000023.jpg,https://static.artfire.com/img/1x/crop/512/512/0/uploads/mfs/items/69/78/6978980f7ed215e2f1d63b4b955d0e177b733d6e954832e830df773eb4b5c8c6.jpg
000024.jpg,https://dqzrr9k4bjpzk.cloudfront.net/images/13049123/936400413.jpg
000025.jpg,https://images-na.ssl-images-amazon.com/images/I/513kRLp9p-L._SX425_.jpg
000026.jpg,https://cdn1.bigcommerce.com/server700/5mvrqhbm/products/5395/images/150734/devils-tongue-red-pepper__96083.1522258070.1280.1280.jpg?c=2
000027.jpg,https://cdn.shopify.com/s/files/1/1654/8555/products/101a_-_Devils_Tongue_Yellow_530x@2x.jpg?v=1551469590
000028.jpg,https://www.superhotchiles.com/wp-content/uploads/2018/04/Devils-Tongue-Red-seeds-rare.jpg
000029.jpg,https://www.chileplants.com/images/chiles/devils-tongue-red-pepper-plants.jpg
000030.jpg,https://images20.fotki.com/v1632/photos/8/42268/10693229/DEVILSTONGUEPEPPER-vi.jpg
000031.jpg,https://www.devonchilliman.co.uk/wp-content/uploads/2017/03/devil-s-tongue-white-.jpg
000032.jpg,https://cdn.shopify.com/s/files/1/0915/1060/products/Yellow-Devils-Tongue-Hot-lemon-pepper-pepper-joes.jpg?v=1457043357
000033.jpg,https://www.premierseedsdirect.com/wp-content/uploads/2017/02/41584295-2.jpg
000034.jpg,https://www.chileplants.com/images/chiles/devils-tongue-pepper-plants.jpg
000035.jpg,https://neveldfel.cdn.shoprenter.hu/custom/neveldfel/image/cache/w550h550wt1/STOCK%20k%C3%A9pek/devilstonguered.jpg?lastmod=1536919052.1482238000
000036.jpg,https://www.pepperseeds.eu/pub/media/catalog/product/cache/b56a9049443cfaeedfe24666b14227c1/d/e/devil_s_tongue.jpg
000037.jpg,https://i.pinimg.com/originals/87/68/06/876806d1d059153f9ad1340399ece778.jpg
000038.jpg,https://imgaz3.staticbg.com/thumb/large/oaupload/banggood/images/EE/EA/5fe2484d-da72-4bf8-8306-0c77a088c01b.jpg
000039.jpg,https://cdn1.bigcommerce.com/server700/5mvrqhbm/products/299/images/150426/devils_tongue_pepper__16249.1522258010.1280.1280.jpg?c=2
000040.jpg,https://cdn.shopify.com/s/files/1/0011/9514/7364/products/il_fullxfull.853516694_ixbl_dff4b093-3884-442f-843e-04deab132442_1024x1024.jpg?v=1542950454
000041.jpg,https://images-na.ssl-images-amazon.com/images/I/51WlyD7-ncL._SX425_.jpg
000042.jpg,https://chilimag.hu/webshop/wp-content/uploads/2014/11/devils-tongue-yellow.jpg
000043.jpg,https://www.chili-shop24.com/media/image/3d/ac/99/9404_600x600.jpg
000044.jpg,https://cdn.thehippyseedcompany.com/wp-content/uploads/2017/06/Chocolate-Devils.jpg
000045.jpg,https://www.chilipeppermadness.com/wp-content/uploads/2019/10/Devils-Tongue-Hot-Sauce-Recipe1.jpg
000046.jpg,https://greenoptions.ph/wp-content/uploads/2019/09/LAZ-devils-tongue-2-300x300.jpg
000047.jpg,https://i.ebayimg.com/images/g/rKYAAOSw1ZBblZ4f/s-l640.jpg
000048.jpg,https://i.etsystatic.com/7824311/r/il/4ef5f6/738177343/il_794xN.738177343_15b6.jpg
000049.jpg,http://cdn.shopify.com/s/files/1/1196/4148/products/devils-tongue-pepper_grande.png?v=1463512731
000050.jpg,http://cdn.shopify.com/s/files/1/1022/5071/products/other-seeds-bulbs-devil-s-tongue-pepper-25-seeds-capsicum-chinense-3_1024x1024.jpg?v=1565028193
000051.jpg,https://chilli-seedz.com/wp-content/uploads/2016/05/Brown-Devils-Tongue-Single-900x900.jpg
000052.jpg,https://thechillifactory.com/images/products/IMG_2934_The_Chilli_Factory_New_chilli_chili_Seeds_2015.jpg
000053.jpg,http://www.hazzardsgreenhouse.com/Merchant2/graphics/00000015/P9838.jpg
000054.jpg,https://cdn10.bigcommerce.com/s-2zjgi7bm/products/361/images/368/Devils.Tongue.Yellow___45664.1420819677.1280.1280.jpg?c=2
000055.jpg,https://cdn.shopify.com/s/files/1/0188/0032/products/devils-tongue-pepper-seeds-fatalii-heat-level-08-meta-related-collection-sweet-puckerbutt-company-chilly-chiles-largest-selection-of-hot-sauce-in-canada-yellow_617.jpg
000056.jpg,https://www.pepperworldhotshop.com/out/pictures/master/product/1/devils-tongue-yellow-pj400-1.jpg
000057.jpg,https://preview.redd.it/d9ugqp12kth11.jpg?auto=webp&s=ff27e9d9d93504805a0da4ada21d11096b8c6fb1
000058.jpg,https://www.seeds-gallery.shop/6890-large_default/habanero-devil-s-tongue-yellow-seeds.jpg
000059.jpg,https://cdn.shopify.com/s/files/1/0011/9514/7364/products/il_fullxfull.1003964951_hzqv_8cdeef62-53ce-40de-b50e-876be4ab0dab_1024x1024.jpg?v=1542950453
000060.jpg,https://rukminim1.flixcart.com/image/704/704/jbzedu80/plant-seed/u/s/x/50-yellow-mirchi-plant-sed-priyathams-original-imaeyhgwugyyenqy.jpeg?q=70
000061.jpg,https://www.ethno2.ethno-botanik.org/Capsicum/Devils-Tongue-Red/Fotos/500/Devils-Tongue-Red-8502.jpg
000062.jpg,https://croatianseeds-store.com/images/stories/virtuemart/product/devils%20tongue%20red1.jpg
000063.jpg,https://ae01.alicdn.com/kf/HTB1OJn_LFXXXXcFaXXXq6xXFXXX3/100-piece-Hot-Chilli-Habanero-Devils-Tongue-Yellow-chilli-seeds.jpg_q50.jpg
000064.jpg,https://kitchenoperas.files.wordpress.com/2014/10/img_0147.jpg
000065.jpg,https://www.picclickimg.com/d/l400/pict/143210468308_/25-Devils-Tongue-Red-Pepper-Seeds.jpg
000066.jpg,https://www.ethno2.ethno-botanik.org/Capsicum/Devils-Tongue-Yellow/Fotos/500/Devils-Tongue-Yellow--2.jpg
000067.jpg,https://www.piedmontfarmandgarden.com/v/vspfiles/photos/PPP196-11.jpg?v-cache=1366092667
000068.jpg,https://d36tnp772eyphs.cloudfront.net/blogs/1/2014/05/Scotch-bonnet-peppers.jpg
000069.jpg,https://i.ytimg.com/vi/ihmjADlplAc/maxresdefault.jpg
000070.jpg,http://www.labonsai.com/wp-content/uploads/2015/06/Yellow-Devils-Tongue-chilli-seeds.jpg
000071.jpg,https://i.etsystatic.com/8657432/r/il/001bb3/908120835/il_570xN.908120835_a3wg.jpg
000072.jpg,https://i.redd.it/9smn6shtbra31.jpg
000073.jpg,https://gullosgc.com/wp-content/uploads/2018/05/devils-tongue.jpg
000074.jpg,http://chilifee.de/WebRoot/Store17/Shops/6785a7bf-b9bd-45fa-b711-164bd13875ab/56BB/33F3/11AF/DDF3/5C47/0A48/3549/114E/Devils_Tongue_Yellow.jpg
000075.jpg,https://ae01.alicdn.com/kf/HTB1kFOsLXXXXXbnaXXXq6xXFXXXf/100-Rare-Yellow-Pepper-Hot-Chilli-Habanero-Devils-Tongue-Best-Vegetable-Flower-Pot-Plant-For-Home.jpg
000076.jpg,https://www.chili-shop24.com/media/image/f0/f3/b2/9162_Devils-Tongue-Red_600x600.jpg
000077.jpg,https://live.staticflickr.com/4129/5097005640_a55ac4fb73_b.jpg
000078.jpg,https://i.ytimg.com/vi/1fyMTlTQCEc/maxresdefault.jpg
000079.jpg,https://i.ebayimg.com/images/g/xt8AAOSw-W5Uy2aN/s-l300.jpg
000080.jpg,http://www.bountifulseeds.com/214-large/devil-s-tongue-red-chilli-pepper-seeds.jpg
000081.jpg,https://cdn11.bigcommerce.com/s-cg0adf/images/stencil/1280x1280/products/251/455/Chili_Devils_Tongue_Red1__08291.1402568053.jpg?c=2&imbypass=on
000082.jpg,https://cdn.shopify.com/s/files/1/0871/0950/products/DevilsTongue2014Front_52cf6ca1-14f1-4939-9e62-aff77aa648c6_1024x1024.jpg?v=1527632913
000083.jpg,https://www.hot-chili-sauce.com/282-large_default/devils-tongue-chili-pepper-seeds.jpg
000084.jpg,http://i.imgur.com/wqI77.jpg
000085.jpg,https://www.seedwise.com/assets/uploads/listings/main/54cd3ed231647.jpg
000086.jpg,http://files.kulonlegespaprikak-hu.webnode.hu/200000034-248f625892/$T2eC16FHJHQFFhnqhzI,BSZj6PmDcQ~~60_57.JPG
000087.jpg,http://chilifee.de/WebRoot/Store17/Shops/6785a7bf-b9bd-45fa-b711-164bd13875ab/56BB/2FF0/EEB9/93D0/7FDB/0A48/3549/117C/Devils_Tongue_Red.jpg
000088.jpg,https://acimg.auctivacommerce.com/imgdata/0/1/4/8/9/9/webimg/11765219.jpg
000089.jpg,https://i.pinimg.com/originals/8a/5d/cf/8a5dcf0421c53f32616f1549eddb191a.jpg
000090.jpg,https://images-na.ssl-images-amazon.com/images/I/71dxYeQuccL._SX425_.jpg
000091.jpg,https://www.seeds-gallery.shop/1946-home_default/habanero-devil-s-tongue-red-seeds.jpg
000092.jpg,http://1.bp.blogspot.com/_geE35Bikloo/SLQkBp2owTI/AAAAAAAABA4/xoiGhjk9zNc/s400/DSC05098.JPG
000093.jpg,http://www.norwichbedbreakfasts.co.uk/image/cache/data/category_12/100%20rare%20yellow%20pepper%20seeds%20Hot%20Chilli%20Habanero%20Devils%20Tongue%20Yellow%20chilli%20seeds%20best%20vegetable%20seeds%20for%20home%20garden%20B01LXWO4YB-500x500_0.jpg
000094.jpg,https://farm5.staticflickr.com/4120/4938105341_36c31cf0e0_b.jpg
000095.jpg,http://i37.photobucket.com/albums/e99/dustonj/2015%20Peppers/DSC_0024_1.jpg
000096.jpg,https://www.superhotchiles.com/wp-content/uploads/2018/07/Chocolate_Devils_Tongue_8-600x400.jpg
000097.jpg,https://scontent-lhr3-1.cdninstagram.com/v/t51.2885-15/e35/66330449_2354759277952301_1907199509353462071_n.jpg?_nc_ht=scontent-lhr3-1.cdninstagram.com&se=7&oh=90254df555b1b40279584686d4040aae&oe=5E0EC065&ig_cache_key=MjEyMDAxMjMzMDY4NjM4NjE1OQ%3D%3D.2
000098.jpg,https://www.pepperworldhotshop.com/out/pictures/master/product/1/devils_tongue_red_sc267_1.jpg
000099.jpg,https://i0.wp.com/www.peppersbymail.com/wp-content/uploads/2015/05/SUNP0022.jpg?fit=1280%2C960
000100.jpg,https://www.tessgruun.eu/shops/tessgruun/ppetdpdtp9-peper-devils-tongue-yellow-1-plant-in-p.jpg
000101.jpg,https://cdn.shopify.com/s/files/1/0023/1827/0539/products/631320-252c0ca1f9c04173baf1152b6a53750b_225x.jpg?v=1553448208
000102.jpg,https://cf.shopee.com.my/file/3d3fc758be5cc2bd63bcef8d7d91b241
000103.jpg,https://tibchili.hu/wp-content/uploads/2019/04/57.jpg
000104.jpg,https://static.wixstatic.com/media/d45f52_e0e7647c958448248ba2895578ad687e~mv2.jpg/v1/fill/w_480,h_270,al_c,q_85,usm_0.66_1.00_0.01/d45f52_e0e7647c958448248ba2895578ad687e~mv2.jpg
000105.jpg,https://cdn.shopify.com/s/files/1/0019/1047/2802/products/vogliapiccante-pepper-seeds-devil-s-tongue_Img_Principale_34050_300x300.jpg?v=1545769152
000106.jpg,https://chilimag.hu/webshop/wp-content/uploads/2014/11/devils-tongue-red.jpg
000107.jpg,https://i.etsystatic.com/9911861/r/il/ae810a/1055414841/il_570xN.1055414841_4ubc.jpg
000108.jpg,https://cdn11.bigcommerce.com/s-cg0adf/images/stencil/1280x1280/products/252/454/Devils_Tongue_Brown__13472.1402567746.jpg?c=2&imbypass=on
000109.jpg,https://cdn.thehippyseedcompany.com/wp-content/uploads/2017/07/Red-Devils-Tongue-1.jpg
000110.jpg,https://d36tnp772eyphs.cloudfront.net/blogs/1/2014/05/Bhut-Jolokia-Red-Chili-Peppers-hanging-from-clippers.jpg
000111.jpg,https://i.ytimg.com/vi/QgPFp8ILRg8/maxresdefault.jpg
000112.jpg,https://www.odlingsklubben.se/wp-content/uploads/2016/12/devils_tounge_yellow.jpg
000113.jpg,https://i.ebayimg.com/images/g/LaUAAOSweadbAOCu/s-l400.jpg
000114.jpg,http://www.plymouth-mpa.uk/wp-content/uploads/2018/04/Devils-tongue-weed.png
000115.jpg,https://chilis.hu/shop_ordered/19763/pic/chili-lexikon/a-20-legerosebb-chili-paprika/Fatalii.jpg
000116.jpg,https://i.redd.it/brvnbzjyika31.jpg
000117.jpg,http://www.bountifulseeds.com/215-thickbox/devil-s-tongue-yellow-chilli-pepper-seeds.jpg
000118.jpg,https://www.ukchilliseeds.co.uk/ekmps/shops/chilliwizard/images/devil-s-tongue-red-chilli-pepper-x-10-seeds-404-p.jpg
000119.jpg,https://ae01.alicdn.com/kf/HTB11nxHbW6qK1RjSZFmq6x0PFXaE/Local-Farmer-Devil-s-Tongue-Chili-Pepper-Potted-plants-30-pcs-bonsai-Super-Hot-Pepper.jpg
000120.jpg,https://imgaz1.staticbg.com/thumb/large/oaupload/banggood/images/0D/8E/0d5ad23b-4cde-460a-9f88-d4600913a830.jpg.webp
000121.jpg,https://hggourmet.com/wp-content/uploads/2018/03/Pepper-Candy-Cane.jpeg
000122.jpg,https://whiteonricecouple.com/recipe/images/Goats-weed-Black-cobra-pepper-3.jpg
000123.jpg,https://i.pinimg.com/originals/5a/b7/95/5ab7953c6c8e22fb40bac1dad73c5a88.jpg
000124.jpg,https://www.chili-shop24.de/media/image/ce/d8/e4/9307_1_Teapot-Orange_600x600.jpg
000125.jpg,https://gullosgc.com/wp-content/uploads/2018/05/tiburon-500x500.jpg
000126.jpg,http://d1f7geppf3ca7.cloudfront.net/origin/428767/1478742774228_devilstongue-web-large.png
000127.jpg,https://gnarlypods.com/241-large_default/devils-tongue-red-seeds.jpg
000128.jpg,https://ourlomitafarm.files.wordpress.com/2016/06/img_6713.jpg?w=1920&h=768&crop=1
000129.jpg,http://www.chileplanet.eu/schede/pepper/Devil%20Tongue.jpg
000130.jpg,http://i111.photobucket.com/albums/n153/stillmanz/DSCN3378.jpg
000131.jpg,http://ozonpress.info/wp-content/uploads/2018/09/devils-tongue-plant-devils-tongue-flower-devils-tongue-pepper-plant.jpg
000132.jpg,https://ph.sellprice.co/cf/350/cdn/HTB1E03KlHSYBuNjSspfq6AZCpXax/bonsai-chili-seeds-long-hot-Giant-Spices-Red-Pepper-Seeds-vegetable-Plants-for-Garden-Supplies-Interest.jpg
000133.jpg,https://4.bp.blogspot.com/-p_j47x7ExXM/WDB16qfJmoI/AAAAAAABlbk/wIxITjtabJYLYZS1N5X0rWsBtEwg8QEiwCPcB/s1600/Chillis501.JPG
000134.jpg,https://www.chileseeds.co.uk/wp-content/uploads/2016/10/YellowBhujolokiaghostchilliseeds.jpg
000135.jpg,https://wacse.org/wp-content/uploads/2017/03/Photo-27-3-17-5-35-11-am.jpg
000136.jpg,https://www.pepperscale.com/wp-content/uploads/2015/08/Madame-Jeanette-Pepper-1-e1439252428598.jpg
000137.jpg,https://i.imgur.com/Kj6F5P7.jpg
000138.jpg,http://www.ell.gr/PEPPERS/Devil%E2%80%99s%20Tongue%20%E2%80%93%20Chocolate.jpg
000139.jpg,https://images-na.ssl-images-amazon.com/images/I/71MJ5FJHt8L._SX425_.jpg
000140.jpg,https://i1.wp.com/www.peppersbymail.com/wp-content/uploads/2015/08/red_devils_tongue_01.jpg?fit=1280%2C960
000141.jpg,https://www.tessgruun.eu/shops/tessgruun/zpetgdeto15-peper-devils-tongue-yellow-15-zaden-te-2.jpg
000142.jpg,https://cdn.shopify.com/s/files/1/0200/5036/products/DevilsTongueYellow_1024x1024.jpg?v=1466655828
000143.jpg,https://tibchili.hu/wp-content/uploads/2019/04/Chocolate_Devils_Tongue_1-600x400.jpg
000144.jpg,https://kitchenoperas.files.wordpress.com/2014/10/img_0148.jpg?w=2048&h=1536
000145.jpg,https://i.ebayimg.com/images/g/AWIAAMXQuTNTONv8/s-l300.jpg
000146.jpg,http://2.bp.blogspot.com/-5GgBkAc_iVI/UdsOMfmFwEI/AAAAAAAAFVc/3Wyg9EzvgxE/s1600/DSCF4092+(1).jpg
000147.jpg,https://images15.fotki.com/v587/photos/8/42268/10693229/devilstongue-vi.jpg
000148.jpg,https://farm9.staticflickr.com/8091/29927155395_f14cab548f_b.jpg
000149.jpg,https://cdn11.bigcommerce.com/s-f6cx4kq/images/stencil/1280x1280/products/111/422/brown_chocolate_devils_tongue_pepper_tyler_farms__09026.1407108627.jpg?c=2&imbypass=on
000150.jpg,https://cdn10.bigcommerce.com/s-2zjgi7bm/products/361/images/764/Devils.Tongue.Yellow___98819.1424127805.356.300.jpg?c=2
000151.jpg,https://scontent-lga3-1.cdninstagram.com/vp/24e0a41bde2fb5f13fd076c1d49b5fc4/5DEFC668/t51.2885-15/sh0.08/e35/c50.0.979.979/s640x640/66149542_394673994489369_2267396668561945621_n.jpg?_nc_ht=scontent-lga3-1.cdninstagram.com
000152.jpg,https://upload.wikimedia.org/wikipedia/commons/2/22/Devils_Tongue_%2815045506172%29.jpg
000153.jpg,https://i.redd.it/o31d1f5cqrf21.jpg
000154.jpg,https://i.ytimg.com/vi/hNsDzN0k9-0/maxresdefault.jpg
000155.jpg,http://vivis-chili.dk/wp-content/uploads/2012/02/Devils-Tongue-Yellow.jpg
000156.jpg,http://www.superhotpeppers.ca/uploads/3/4/8/6/34864362/published/yellow-devil-tongue.jpeg?1509211337
000157.jpg,https://scontent-lax3-1.cdninstagram.com/vp/898c9c3334f12382e6331629d1c6c678/5DF57F9D/t51.2885-15/sh0.08/e35/c32.0.1016.1016a/s640x640/67425146_2324666534422647_367083520409999191_n.jpg?_nc_ht=scontent-lax3-1.cdninstagram.com
000158.jpg,https://static.wixstatic.com/media/d45f52_7b05b3a232244de585526faffc1f50e8~mv2.jpg/v1/crop/x_0,y_2,w_1440,h_806/fill/w_642,h_358,al_c,q_90/d45f52_7b05b3a232244de585526faffc1f50e8~mv2.webp
000159.jpg,https://i.etsystatic.com/10816057/r/il/53b1f7/957422504/il_570xN.957422504_geot.jpg
000160.jpg,https://static.wixstatic.com/media/b7697a_a31d95aade674225ad3660a92bfea62f~mv2_d_3024_4032_s_4_2.jpg/v1/fill/w_480,h_640,al_c,q_85,usm_0.66_1.00_0.01/b7697a_a31d95aade674225ad3660a92bfea62f~mv2_d_3024_4032_s_4_2.jpg
000161.jpg,https://d36tnp772eyphs.cloudfront.net/blogs/1/2014/05/Yellow-spicy-naga-viper-chilis.jpg
000162.jpg,https://www.seeds-gallery.shop/1950-large_default/sporoi-tsili-piperi-devil-s-tongue-red.jpg
000163.jpg,https://ae01.alicdn.com/kf/HTB17tNxLXXXXXaBXpXXq6xXFXXXs/Heirloom-10-Red-Devil-s-Tongue-Pepper-Seeds-Yellow-Vegetable-Cheap-Easy-Backyard-Garden.jpg
000164.jpg,https://scontent-lhr3-1.cdninstagram.com/vp/acf39a47d61f7b4faed9120b739920a7/5DFEE02E/t51.2885-15/sh0.08/e35/s640x640/67382633_838443003208831_5662485936623860185_n.jpg?_nc_ht=scontent-lhr3-1.cdninstagram.com&ig_cache_key=MjExMTA3MjI3NjQ0Mzg2NDI4NA%3D%3D.2
000165.jpg,https://www.seminka-chilli.cz/fotografie/max/devil-s-tongue-white-82506-0.jpg
000166.jpg,http://www.bountifulseeds.com/216-large/devil-s-tongue-white-chilli-pepper-seeds.jpg
000167.jpg,https://i.etsystatic.com/9911861/r/il/3df0e6/1580378848/il_570xN.1580378848_s9gq.jpg
000168.jpg,https://i.imgur.com/Nse2DAv.jpg
000169.jpg,https://cdn.instructables.com/FID/NGRH/IMRYGF7Y/FIDNGRHIMRYGF7Y.LARGE.jpg?auto=webp&width=1024&height=1024&fit=bounds
000170.jpg,https://cartloom.s3.amazonaws.com/worldofchillies/144869_4d134e8c1657f599f2ba1cbe0c1de82e_orig.jpg
000171.jpg,https://www.chilipeppermadness.com/wp-content/uploads/2013/09/Birds-Eye-Peppers.jpg
000172.jpg,https://i.imgur.com/ZXRwznV.jpg
000173.jpg,https://www.pepperworldhotshop.com/out/pictures/master/product/1/367_0.jpg
000174.jpg,https://www.scottrobertsweb.com/images/devils-tongue-red-chile-pepper-from-refining-fire-chiles.jpg
000175.jpg,https://cdn.shopify.com/s/files/1/2422/1303/products/devil_dust_alternate_480x480@2x.jpg?v=1564774917
000176.jpg,https://images.vat19.com/toe-of-satan/toe-of-satan-lollipop-heat.jpg
000177.jpg,http://i37.photobucket.com/albums/e99/dustonj/2015%20Peppers/DSC_0035.jpg
000178.jpg,https://chilli-seedz.com/wp-content/uploads/2016/05/Mustard-Devils-Tongue-900x900.jpg
000179.jpg,https://i.pinimg.com/originals/65/55/51/6555519b4a5934c6c2ec6ad182265cff.jpg
000180.jpg,https://www.cayennediane.com/wp-content/uploads/2015/02/Peach-Habanero-300x300.jpg
000181.jpg,https://www.peperoncino.org/wp-content/uploads/2018/10/deviltongue.jpg
000182.jpg,https://d1nw62gticy6e9.cloudfront.net/uploads/Bhut-Jolokia-Pepper-Seed-Blend1.jpg
000183.jpg,https://gullosgc.com/wp-content/uploads/2018/05/kale-500x500.jpg
000184.jpg,https://www.semillas.de/pepper_fruits/devils_tongue_red.jpg
000185.jpg,https://i5.walmartimages.com/asr/7faeb736-0e14-4578-93da-d5420c7bfef2_1.b0bc8cfdaf2186a4bdd38f5b3e6eca72.jpeg?odnHeight=450&odnWidth=450&odnBg=FFFFFF
000186.jpg,https://www.wildgardenseed.com/images/DevilsTongue.jpg
000187.jpg,https://scontent-cdt1-1.cdninstagram.com/v/t51.2885-15/e35/s320x320/67084520_2428221924066707_2469167044497606693_n.jpg?_nc_ht=scontent-cdt1-1.cdninstagram.com&oh=0d9ee5806d7c635d33ea698a1131b041&oe=5E10DF9B&ig_cache_key=MjEwMjA5ODc5ODcyMDM2NTIyNg%3D%3D.2
000188.jpg,https://hggourmet.com/wp-content/uploads/2018/03/Tomato-Tidy-Rose.jpeg
000189.jpg,https://www.chileseeds.co.uk/wp-content/uploads/2016/10/BlackNagachilliseed-300x300.jpg
000190.jpg,https://render.fineartamerica.com/images/rendered/default/shower-curtain/images-medium-5/red-vines-vertical-kathy-barney.jpg?&targetx=0&targety=-380&imagewidth=787&imageheight=1579&modelwidth=787&modelheight=819&backgroundcolor=090605&orientation=0
000191.jpg,https://www.picclickimg.com/d/l400/pict/254309840064_/Devils-Tongue-Chocolate-Hot-Pepper-Organic-Non-GMO-Live.jpg
000192.jpg,https://static-01.daraz.pk/p/39d75c79c4aefc2cd2be9bc2eb29f4d3.jpg_340x340q80.jpg_.webp
000193.jpg,https://cdn.shopify.com/s/files/1/0915/1060/products/Apocalypse.jpg?v=1505835052
000194.jpg,https://nebula.wsimg.com/054520b42fc12b69f1bc5e86fa1bb90b?AccessKeyId=1A536F4A9192C6F4A676&disposition=0&alloworigin=1
000195.jpg,https://pfefferhaus.de/media/images/popup/DEVILS-TON.JPG
000196.jpg,http://carlitos-pepper-seeds.weebly.com/uploads/1/2/5/7/12575781/7841002.jpg?727
000197.jpg,https://www.ethno2.ethno-botanik.org/Capsicum/Devils-Tongue-Yellow/Fotos/500/Devils-Tongue-Yellow-.jpg
000198.jpg,https://i.etsystatic.com/18420760/r/il/8c4299/1746686047/il_794xN.1746686047_a297.jpg
000199.jpg,https://my-live-01.slatic.net/original/016b77d541d6e866a7355859f6a0ffc1.jpg
000200.jpg,https://image.shutterstock.com/image-photo/konjac-tongue-shade-palm-umbrella-260nw-795382090.jpg
000201.jpg,https://static.wixstatic.com/media/b7697a_d6a84ab4175d4de8a40b2bd8129f844e~mv2.png/v1/crop/x_0,y_8,w_1024,h_752/fill/w_554,h_410,al_c,q_80,usm_0.66_1.00_0.01/FINAL%20FINAL%20no%20'%20THC%20Large%20Logo%20no%20'.webp
000202.jpg,http://theheatchallenge.com/wp-content/uploads/2018/10/P3167__88456.1447582775.1280.1280.jpg
000203.jpg,https://tuttosemi.com/images/devc1.jpg
000204.jpg,https://cartloom.s3.amazonaws.com/worldofchillies/162296_9555e31dc5001e10087a62f6e885c367_orig.jpg
000205.jpg,http://www.diverdan.name/tlhabs/TLStages.jpg
000206.jpg,https://cdn.instructables.com/FKG/9GAW/IMRYGF9C/FKG9GAWIMRYGF9C.LARGE.jpg?auto=webp&width=1024&height=1024&fit=bounds
000207.jpg,https://i.ytimg.com/vi/tIAro9Btxa0/maxresdefault.jpg
000208.jpg,https://4.bp.blogspot.com/-7cZexLBxjwA/Vww3JdYz0DI/AAAAAAAAFjk/WucZogej43A0NPQVxfZRRXKFHnJQZggxACLcB/s1600/Bell%2BPepper.JPG
000209.jpg,http://cdn.shopify.com/s/files/1/1022/5071/products/yellow-devil-s-tongue-chili-pepper-seed-heirloom-from-my-state-pennsylvania-2_1024x1024.jpg?v=1565032612
000210.jpg,https://media.gettyimages.com/photos/hot-stuff-picture-id543280019?s=612x612
000211.jpg,https://d36tnp772eyphs.cloudfront.net/blogs/1/2014/05/Orange-habanero-peppers.jpg
000212.jpg,https://www.chillihead.co.za/image/cache/data/products/devilschoco-500x500.jpg
000213.jpg,https://pbs.twimg.com/media/DhWkGahU0AI5Rgj.jpg
000214.jpg,http://www.diverdan.name/tlhabs/HabaHaba.jpg
000215.jpg,https://www.maddog357.com/wp-content/uploads/2015/09/maddog_bannerlg-990-flame.jpg
000216.jpg,https://1.bp.blogspot.com/-kuKaFPMWd0Y/WDB1dEqY-mI/AAAAAAABlbU/sADtucEUys46YUtJDWMiLzuMHCnQFg_ZwCPcB/s1600/Chillis500.JPG
000217.jpg,https://image.shutterstock.com/image-photo/konjac-tongue-shade-palm-umbrella-600w-795382081.jpg
000218.jpg,http://www.tradewindsfruit.com/content/images/bhut_jolokia_yellow_pepper.jpg
000219.jpg,https://i.dailymail.co.uk/i/pix/2017/10/02/10/44F4246D00000578-4940132-image-a-14_1506934958286.jpg
000220.jpg,https://www.scovilla.com/media/image/e9/aa/74/900133_DevilsTongueYellow_1280x1280.jpg
000221.jpg,https://hekla.s3.amazonaws.com/list/26/devils-tongue-pepper-1353-small.jpg
000222.jpg,https://glovernursery.com/wp-content/uploads/2017/03/hot-peppers-r-300x225.jpg
000223.jpg,https://seeed.es/images/stories/virtuemart/product/img_0480.jpg
000224.jpg,https://f4.bcbits.com/img/0014411050_10.jpg
000225.jpg,http://4.bp.blogspot.com/-2Zspw-op-Z0/UgpX4pSy6yI/AAAAAAAAPb0/cjgi2q_HynQ/s620/Devil%27s+Tongue.JPG
000226.jpg,https://live.staticflickr.com/7018/6424548071_84fe13ac2f_z.jpg
000227.jpg,https://scontent-yyz1-1.cdninstagram.com/vp/ec7d88812878c2ba8f7291f995f8762b/5E3050EC/t51.2885-15/sh0.08/e35/c137.0.806.806a/s640x640/71325148_2228172714139560_8300777200380985935_n.jpg?_nc_ht=scontent-yyz1-1.cdninstagram.com&_nc_cat=100
000228.jpg,https://pepperhead.com/wp-content/uploads/2013/08/Ghost-Pepper-247x300.jpg
000229.jpg,https://gullosgc.com/wp-content/uploads/2018/05/cherryhot-500x500.jpg
000230.jpg,https://media.gettyimages.com/photos/hot-stuff-picture-id543279887?s=612x612
000231.jpg,https://scontent-cdg2-1.cdninstagram.com/v/t51.2885-15/e35/s240x240/67835748_521069015308040_8237121400925649077_n.jpg?_nc_ht=scontent-cdg2-1.cdninstagram.com&oh=6186d20b3c779d59c43c032b89fa192a&oe=5DEFDF0D&ig_cache_key=MjExOTIxMDgzNTkxOTE4MTI5NA%3D%3D.2
000232.jpg,http://i608.photobucket.com/albums/tt162/JungleRain_Chilli/DevilsTongueWhite8.jpg
000233.jpg,https://cdn3.foap.com/images/e58e550e-66b5-489f-a9c9-e2789a07b89c/w640.jpg?1535739045
000234.jpg,http://wellpreserved.ca/wp-content/uploads/2012/11/Pickled_Hot_Pepper_Salt.jpg
000235.jpg,https://www.pepperworldhotshop.com/out/pictures/master/product/1/sn014-devils-tongue-white-chili-samen.jpg
000236.jpg,https://d2fizz4npx5v6x.cloudfront.net/covers/1/10502829.jpg
000237.jpg,https://www.semillas.de/pepper_fruits/devils_tongue_chocolate.jpg
000238.jpg,https://imgix.ttcdn.co/i/product/original/0/417498-9ac2eb76fbc34a8da82f685d3a5fc60e.jpeg?w=1000
000239.jpg,https://chilli-seedz.com/wp-content/uploads/2015/06/Yellow-Devils-Tongue-300x337.jpg
000240.jpg,https://cdn11.bigcommerce.com/s-cg0adf/images/stencil/1280x1280/products/1260/3347/Orange_Scorpion_x_Devils_Tongue__39218.1552816921.jpg?c=2&imbypass=on
000241.jpg,https://assets.bigcartel.com/product_images/245448002/8E41360D-A136-4D00-A10D-75E83724167D.jpeg?auto=format&fit=max&h=1000&w=1000
000242.jpg,http://seedcostore.weebly.com/uploads/7/0/3/9/7039327/1610796_orig.jpg?425
000243.jpg,https://containergardenclub.com/wp-content/uploads/2016/02/Devils-Tongue-Hot-Pepper-10-Seeds-0-340x281.jpg
000244.jpg,https://i0.wp.com/exhibitiongarden.com/wp-content/uploads/2017/01/IMG_9606.jpg?resize=300%2C300&ssl=1
000245.jpg,https://www.seriouseats.com/images/20080310konnyakujelly.jpg
000246.jpg,https://www.scovilla.com/media/image/c5/5e/8f/900075_DevilsTongueChocolate_600x600.jpg
000247.jpg,https://chilis.hu/shop_ordered/19763/pic/chili-lexikon/a-20-legerosebb-chili-paprika/20-legerosebb-chili-a-vilagon.jpg
000248.jpg,https://instagram.fhel6-1.fna.fbcdn.net/vp/74968fca2a68b60f0861023767f00da2/5E06261E/t51.2885-15/e35/67666482_485551182288645_3950366507762008424_n.jpg?_nc_ht=instagram.fhel6-1.fna.fbcdn.net
000249.jpg,https://instagram.fist1-2.fna.fbcdn.net/vp/916fc88427ddc4125ae079280a682430/5E0AE535/t51.2885-15/sh0.08/e35/c0.135.1080.1080a/s640x640/69010189_1480063408801883_6439489819811931495_n.jpg?_nc_ht=instagram.fist1-2.fna.fbcdn.net&_nc_cat=111
000250.jpg,https://i.redd.it/35uvn1vz8w931.jpg
000251.jpg,https://www.cayennediane.com/wp-content/uploads/Super-Chili-2-300x300.jpg
000252.jpg,https://www.ubuy.za.com/productimg/?image=aHR0cHM6Ly9tLm1lZGlhLWFtYXpvbi5jb20vaW1hZ2VzL0kvODFYRERJMG04NUwuX0FDX1VTMjE4Xy5qcGc.jpg
000253.jpg,http://www.pepperfriends.com/forum/gallery/image/2063-20130620-204015-devil-tongue-white/?do=download
000254.jpg,https://2.bp.blogspot.com/-YWyNIjTsue4/Vww5CV2jVtI/AAAAAAAAFkk/E1aOF4jdWUk_7h0sUhP9ly-kQOm6KOHYQCLcB/s1600/Jalapeno%2BPlants.JPG
000255.jpg,https://www.seminka-chilli.cz/fotografie/max/devil-s-tongue-white-82506-2.jpg
000256.jpg,http://cdn.territorialseed.com/images/uploads/916_8514_large.jpg
000257.jpg,https://i2.wp.com/www.peppersbymail.com/wp-content/uploads/2017/10/paprika_sz80_1.jpg?resize=324%2C324
000258.jpg,https://scontent-yyz1-1.cdninstagram.com/vp/553aaa3f909db84f648305c3169e0485/5E24A226/t51.2885-15/sh0.08/e35/s640x640/69481524_2405519032866791_8535984003793542763_n.jpg?_nc_ht=scontent-yyz1-1.cdninstagram.com&_nc_cat=111
000259.jpg,https://i.ytimg.com/vi/YVmsUFl5nE0/maxresdefault.jpg
000260.jpg,https://static-01.daraz.pk/p/36da311dd92ca80ee168b378e0d46dd2.jpg_340x340q80.jpg_.webp
000261.jpg,http://www.sunaoyasai.com/shop/images/Habanero_Devils_Tongue_ok.jpg
000262.jpg,https://pbs.twimg.com/media/DvWvBlpUwAA06JB.jpg
000263.jpg,https://vignette.wikia.nocookie.net/chilipeps/images/4/4b/PepperswithscovilleCentralMarketHoustonTX.JPG/revision/latest?cb=20180409222125
000264.jpg,http://thehotpepper.com/uploads/monthly_09_2018/post-13365-0-79423500-1536202681.jpg
000265.jpg,http://www.buythisbling.com/wp-content/uploads/2015/04/Devil-Tongue-Earrings.jpg
000266.jpg,https://ae01.alicdn.com/kf/HTB1a7gYMVXXXXaSXVXXq6xXFXXXD/Rare-pepper-seeds-Hot-Chilli-Habanero-Devils-Tongue-Yellow-chilli-seeds-best-vegetable-seeds-for-home.jpg
000267.jpg,https://3.bp.blogspot.com/-fm8AoFGr408/WDB1EmL-xlI/AAAAAAABlbk/FcuVPDKiBFk6tCnTqXYf1inqLrX8vDEcACPcB/s1600/Chillis499.JPG
000268.jpg,https://media.istockphoto.com/photos/hot-chili-peppers-picture-id501086774?k=6&m=501086774&s=612x612&w=0&h=9jSM8D-rlHVmp0w-MJ5bMsfMR4MuTeO151atGKT1GVE=
000269.jpg,https://www.ethno2.ethno-botanik.org/Capsicum/Devils-Tongue-Red/Fotos/300/Devils-Tongue-Red-.jpg
000270.jpg,http://img0080.psstatic.com/98017160_amazoncom-devils-tongue-red-hot-pepper-plants-6-pack-.jpg
000271.jpg,https://1.bp.blogspot.com/-sZ4z0nuLsn4/Ulu5XHGM-9I/AAAAAAAACIw/nmBJrJ1UaAI/s620/devils+tongue+white_tn.jpg
000272.jpg,https://kitchenoperas.files.wordpress.com/2014/10/img_0152.jpg?w=2048&h=2048
000273.jpg,https://inkuiri.net/i/large/https%2Fs1.bukalapak.com%2Fimg%2F684064312%2Flarge%2F2017-06-09T19%3A18%3A56%252B07%3A00.jpg
000274.jpg,https://www.pepperjuan.ph/wp-content/uploads/2019/10/LAZ-devils-tongue-3-300x300.jpg
000275.jpg,https://c1.staticflickr.com/3/2814/9292936653_a22896dc78_z.jpg
000276.jpg,https://www.chileplants.com/images/chiles/medley.jpg
000277.jpg,https://eromit.files.wordpress.com/2018/11/fullsizeoutput_467.jpeg?w=445&h=291
000278.jpg,https://hggourmet.com/wp-content/uploads/2018/03/Pepper-Devils-Tongue.jpeg
000279.jpg,http://www.bountifulseeds.com/217-thickbox/devil-s-tongue-chocolate-chilli-pepper-seeds.jpg
000280.jpg,https://inkuiri.net/i/large/https%2Fs1.bukalapak.com%2Fimg%2F16366333%2Flarge%2FDevil_tongue_Yellow_White.jpg
000281.jpg,https://gullosgc.com/wp-content/uploads/2018/05/jalepeno-500x500.jpg
000282.jpg,http://2.bp.blogspot.com/-qfUvNAKnFok/TmqzIQ9l4bI/AAAAAAAAKvQ/-pi7ZdOzHwQ/s400/P1130642.JPG
000283.jpg,https://www.chilipeppermadness.com/wp-content/uploads/2018/10/Datil-Pepper-Sauce-Recipe1.jpg
000284.jpg,http://www.diverdan.name/tlhabs/TL10.jpg
000285.jpg,https://cdn.thehippyseedcompany.com/wp-content/uploads/2017/06/Chocolate-Devils-Tongue-262x328.jpg
000286.jpg,http://seedcostore.weebly.com/uploads/7/0/3/9/7039327/9344325_orig.jpg?332
000287.jpg,https://i.imgur.com/DPaG4Tx.gif
000288.jpg,https://scontent-cdt1-1.cdninstagram.com/v/t51.2885-15/sh0.08/e35/s750x750/61626213_295153461368262_5945263926780442725_n.jpg?_nc_ht=scontent-cdt1-1.cdninstagram.com&oh=c0133c28aaa9d28e0bb34baa3442ca19&oe=5E160091&ig_cache_key=MjA2MzQyNjIwNjAwNDIwMjA5Ng%3D%3D.2
000289.jpg,http://www.tradewindsfruit.com/content/images/fatalii-cream-pepper.jpg
000290.jpg,https://media.istockphoto.com/photos/scotch-bonnet-bonney-caribbean-peppers-bahama-mama-jamaican-hot-picture-id843455536?k=6&m=843455536&s=612x612&w=0&h=Jq8TW0iZWeq0ZDvGQJF5C3V7CRpQer6zZ8KQrpdbsm4=
000291.jpg,https://www.hot-chili-sauce.com/426-large_default/devils-tongue-chili-pepper-seeds.jpg
000292.jpg,https://chilis.hu/shop_ordered/19763/pic/chili-lexikon/a-20-legerosebb-chili-paprika/white-habanero.jpg
000293.jpg,https://i.redd.it/7dq4sz9hdya31.jpg
000294.jpg,https://cdn.instructables.com/FV1/MSTK/IMRYGF8A/FV1MSTKIMRYGF8A.LARGE.jpg?auto=webp&width=1024&height=1024&fit=bounds
000295.jpg,https://imgaz.staticbg.com/customers_images/newlarge/11/14/2018083104234473-1322849.jpg
000296.jpg,https://pepperhead.com/wp-content/uploads/2018/07/Trinidad-Scorpion-Butch-T.jpg
000297.jpg,https://scontent-yyz1-1.cdninstagram.com/vp/92ec13eefc145a5b85c5b48fce132e22/5E03D27A/t51.2885-15/sh0.08/e35/s640x640/52789840_2403187649915934_8568641098719434457_n.jpg?_nc_ht=scontent-yyz1-1.cdninstagram.com&_nc_cat=106
000298.jpg,https://1.bp.blogspot.com/-XIMjqVmZR2s/Wa1xNhkb1AI/AAAAAAAABoQ/wcn-QY6Yk0IuhnAy6Aq-Z1mW1Y2F4ef1gCLcBGAs/s1600/IMG_0720.jpg
000299.jpg,https://pbs.twimg.com/media/EEw8rCnXUAA39LP.jpg
000300.jpg,https://www.pepperworldhotshop.com/out/pictures/generated/product/3/540_340_75/devils_tongue_red_sc267_3.jpg
000301.jpg,http://i111.photobucket.com/albums/n153/stillmanz/DSCF2164.jpg
000302.jpg,https://d36tnp772eyphs.cloudfront.net/blogs/1/2014/05/Carolina-Reaper-peppers.jpg
000303.jpg,https://ae01.alicdn.com/kf/HTB10E3MMVXXXXaBaFXXq6xXFXXXE/Rare-pepper-seeds-Hot-Chilli-Habanero-Devils-Tongue-Yellow-chilli-seeds-best-vegetable-seeds-for-home.jpg
000304.jpg,https://www.chilipeppermadness.com/wp-content/uploads/2018/10/Datil-Peppers.jpg
000305.jpg,https://instagram.fvno1-1.fna.fbcdn.net/v/t51.2885-15/e35/13298199_316678361996569_1666149108_n.jpg?_nc_ht=instagram.fvno1-1.fna.fbcdn.net&se=8&oh=aa290d3026abd10e683c18cce4b574f5&oe=5DF7CE3E&ig_cache_key=MTI2NDA1MjIzNTE2ODAzODQyOA%3D%3D.2
000306.jpg,https://i0.wp.com/www.peppersbymail.com/wp-content/uploads/2015/09/goat_pepper_03.jpg?resize=324%2C324
000307.jpg,https://www.cayennediane.com/wp-content/uploads/2014/06/Aci-Sivri-Pepper-300x300.jpg
000308.jpg,https://c1.staticflickr.com/7/6002/6001573292_c8c3847ac7_b.jpg
000309.jpg,http://www.tradewindsfruit.com/content/images/santaka-pepper.jpg
000310.jpg,https://media.istockphoto.com/photos/scotch-bonnet-chilli-pepper-group-picture-id154226531?k=6&m=154226531&s=612x612&w=0&h=hHzStikV9KQyuQnLXEJcWmPIHZjdjJA2DjGQbK2X7DY=
000311.jpg,https://i.ytimg.com/vi/qelWriCKJJ8/maxresdefault.jpg
000312.jpg,https://chilis.hu/shop_ordered/19763/pic/chili-lexikon/a-20-legerosebb-chili-paprika/Red-Savina.jpg
000313.jpg,https://pepperhead.com/wp-content/uploads/2018/07/weight-loss-hot-peppers-600x400.jpg
000314.jpg,https://www.seminka-chilli.cz/fotografie/max/devil-s-tongue-white-82506-3.jpg
000315.jpg,https://cdn.thehippyseedcompany.com/wp-content/uploads/2017/07/Red-Devils-Tongue-262x328.jpg
000316.jpg,https://cdn.instructables.com/FRD/YDBU/IMRYGF9B/FRDYDBUIMRYGF9B.LARGE.jpg?auto=webp&width=1024&height=1024&fit=bounds
000317.jpg,https://ae01.alicdn.com/kf/HTB12yQmMVXXXXafaVXXq6xXFXXX6/Rare-pepper-seeds-Hot-Chilli-Habanero-Devils-Tongue-Yellow-chilli-seeds-best-vegetable-seeds-for-home.jpg
000318.jpg,http://i1140.photobucket.com/albums/n569/2gods/DSC_0041-1.jpg
000319.jpg,https://acimg.auctivacommerce.com/imgdata/0/1/4/8/9/9/webimg/3190826.jpg
000320.jpg,https://i.redd.it/y3l28qmf00r31.jpg
000321.jpg,https://www.cayennediane.com/wp-content/uploads/Tabasco-Peppers-300x300.jpg
000322.jpg,https://media.istockphoto.com/photos/red-habanero-chile-picture-id182171195?k=6&m=182171195&s=612x612&w=0&h=OkYyImp9bf152yv7nY4-tMl-kmaPam7Fo63V9u1Y2HQ=
000323.jpg,https://chilis.hu/shop_ordered/19763/pic/chili-lexikon/a-20-legerosebb-chili-paprika/Naga-Viper.jpg
000324.jpg,https://i.ytimg.com/vi/uGfBe4jBj6M/hqdefault.jpg
000325.jpg,https://www.chilipeppermadness.com/wp-content/uploads/2018/10/Roasted-Ghost-Pepper-Sauce-Recipe1.jpg
000326.jpg,https://d36tnp772eyphs.cloudfront.net/blogs/1/2014/05/Trinidad-Morgua-spicy-peppers-on-a-vine.jpg
000327.jpg,https://live.staticflickr.com/5678/21836729032_8e72c2ebf1_b.jpg
000328.jpg,https://pepperhead.com/wp-content/uploads/2018/07/Worlds-Hottest-Peppers-square-400x400.jpg
000329.jpg,http://i39.photobucket.com/albums/e193/majadora/20181003_191514_zpssvuyfvfo.jpg
000330.jpg,https://chilis.hu/shop_ordered/19763/pic/chili-lexikon/a-20-legerosebb-chili-paprika/Caribbean-Red-Habanero.jpg
000331.jpg,https://www.cayennediane.com/wp-content/uploads/Hidalgo-Chili-Pepper-300x300.jpg
000332.jpg,https://cdn.instructables.com/F3D/FQ92/IMRYGF9O/F3DFQ92IMRYGF9O.LARGE.jpg?auto=webp&width=1024&height=1024&fit=bounds
000333.jpg,https://www.chilipeppermadness.com/wp-content/uploads/2017/02/Sweet-Habanero-Chili-Sauce-Recipe1.jpg
000334.jpg,http://www.tradewindsfruit.com/content/images/malaysian-goronong-pepper.jpg
000335.jpg,https://pbs.twimg.com/media/DoFjhKTX0AAwilx.jpg
000336.jpg,http://i.imgur.com/zxV2Vvbl.jpg
000337.jpg,https://d36tnp772eyphs.cloudfront.net/blogs/1/2014/05/Chocolate-habanero-peppers.jpg
000338.jpg,https://live.staticflickr.com/3046/3017289564_ee6e1c0e85_b.jpg
000339.jpg,https://i.ytimg.com/vi/TctD5Mhf1pQ/maxresdefault.jpg
000340.jpg,https://pepperhead.com/wp-content/uploads/2017/01/Grow-Hot-Peppers-1280x720.jpg
000341.jpg,https://chilis.hu/shop_ordered/19763/pic/chili-lexikon/a-20-legerosebb-chili-paprika/habanero.jpg
000342.jpg,https://www.cayennediane.com/wp-content/uploads/Hungarian-Wax-Pepper-300x300.jpg
000343.jpg,http://www.tradewindsfruit.com/content/images/sunrise-scorpion-pepper.jpg
000344.jpg,https://i.redd.it/c7evmqvbcnm31.jpg
000345.jpg,https://cdn11.bigcommerce.com/s-cg0adf/images/stencil/1280x1280/products/241/452/Congo_Red__49666.1402566725.jpg
000346.jpg,http://thehotpepper.com/uploads/monthly_09_2018/post-13365-0-96460600-1536202703.jpg
000347.jpg,http://4.bp.blogspot.com/_B-gYXn7IyRI/TSYXnhUkZ0I/AAAAAAAABoU/2LP1eftirLs/s1600/5.+Devil%25E2%2580%2599s+Tongue+Hot++Pepper.jpg
000348.jpg,https://i.ytimg.com/vi/cC6WITL3QoI/maxresdefault.jpg
000349.jpg,https://pepperhead.com/wp-content/uploads/2018/07/habanero-feature-image2-764x400.jpg
000350.jpg,http://www.tradewindsfruit.com/content/images/habanero-pastel-pepper.jpg
000351.jpg,https://d36tnp772eyphs.cloudfront.net/blogs/1/2014/05/Woman-biting-into-a-spicy-pepper-1200x853.jpg
000352.jpg,https://i.pinimg.com/originals/5a/de/50/5ade50c7d9ff59bfcd4762a2bbc1db69.jpg
000353.jpg,https://chilis.hu/shop_ordered/19763/pic/chili-lexikon/a-20-legerosebb-chili-paprika/Carolina-Reaper.jpg
000354.jpg,http://thumb3.zeppy.io/d/l400/pict/371748649228/vegetable-hot-chilli-pepper-bhut-jolokia-white-10-seeds
000355.jpg,https://www.cayennediane.com/wp-content/uploads/2019/02/Arapaho-Pepper-2-300x300.jpg
000356.jpg,https://i.ytimg.com/vi/EeH6lT_PuM0/maxresdefault.jpg
000357.jpg,http://www.tradewindsfruit.com/content/images/aji-cito-pepper.jpg
000358.jpg,https://chilis.hu/shop_ordered/19763/pic/chili-lexikon/a-20-legerosebb-chili-paprika/Trinidad-Scorpion-Butch-T.jpg
000359.jpg,http://i608.photobucket.com/albums/tt162/JungleRain_Chilli/DevilsTongueWhite3.jpg
000360.jpg,https://www.cayennediane.com/wp-content/uploads/Ghost-Peppers-300x300.jpg
000361.jpg,https://3.bp.blogspot.com/-BH9RaDG8akA/WBHQ8vL-UlI/AAAAAAABkro/7Iv1J2sWt8g6MMhXjhsmG-FRcu_p9XUbACPcB/s1600/Chillis477.JPG
000362.jpg,http://i1169.photobucket.com/albums/r502/ABondServant/IMG_01191.jpg
000363.jpg,https://pepperhead.com/wp-content/uploads/2017/01/Pepper-Flowering-800x269.jpg
000364.jpg,https://chilis.hu/shop_ordered/19763/pic/chili-lexikon/a-20-legerosebb-chili-paprika/Dorset-naga-Naga-Morich.jpg
000365.jpg,https://i.ytimg.com/vi/z-zdbpFTc94/maxresdefault.jpg
000366.jpg,https://www.cayennediane.com/wp-content/uploads/Barkers-Hot-pepper-300x300.jpg
000367.jpg,http://www.tradewindsfruit.com/content/images/black-cayman-pepper.jpg
000368.jpg,https://i.imgur.com/GToR00C.jpg
000369.jpg,http://4.bp.blogspot.com/-K29LT7SKnnA/VFJbiVuZAeI/AAAAAAAAGz4/JLwGS-G909c/s1600/0140_Shirataki%2BNoodles%2Bwith%2BPeppers%2Band%2BTempeh01.jpg
000370.jpg,https://chilis.hu/shop_ordered/19763/pic/chili-lexikon/a-20-legerosebb-chili-paprika/Bhut-Jolokia-Chocolate.jpg
000371.jpg,https://i.imgur.com/i4dihDq.jpg
000372.jpg,http://2.bp.blogspot.com/-lyJS_k_RpSg/VrFWoyhe7dI/AAAAAAAAaL0/3qrtoNi_Uvs/s1600/dt.jpg
000373.jpg,https://i.ebayimg.com/images/g/KrIAAOSwa0VZ8grb/s-l400.jpg
000374.jpg,http://www.thepulpiteer.com/peppers/august6/devils.jpg
000375.jpg,https://www.pepperscale.com/wp-content/uploads/2017/03/devils-tongue-pepper.jpg
000376.jpg,https://www.pepperscale.com/wp-content/uploads/2017/03/devils-tongue-pepper-pinterest.jpg
000377.jpg,http://www.premierseedsdirect.com/wp-content/uploads/2017/02/41584498-2.jpg
000378.jpg,https://img.etsystatic.com/il/3a05e2/516020256/il_570xN.516020256_cl7w.jpg
000379.jpg,https://1a1z1e22ozx83bgjsz17c6ba-wpengine.netdna-ssl.com/wp-content/uploads/Devils-Tongue-Red.jpg
000380.jpg,https://d1nw62gticy6e9.cloudfront.net/uploads/Devils-Tongue-Pepper-Seeds.jpg
000381.jpg,https://www.exotic-plants.de/auktionsbilder/Chili_Devils_Tongue_Red1.jpg
000382.jpg,http://cdn.shopify.com/s/files/1/0200/5036/products/DevilsTongueYellow_grande.jpg
000383.jpg,https://d36tnp772eyphs.cloudfront.net/blogs/1/2017/02/Devils-Tongue-Yellow-3.jpg
000384.jpg,https://acimg.auctivacommerce.com/imgdata/0/1/4/8/9/9/webimg/3190808.jpg
000385.jpg,https://i.ytimg.com/vi/JvA-qaXJPe0/maxresdefault.jpg
000386.jpg,https://chilli-seedz.com/wp-content/uploads/2015/06/Yellow-Devils-Tongue-Chilli-Pepper-Plant.jpg
000387.jpg,http://i.ebayimg.com/images/i/141237876460-0-1/s-l1000.jpg
000388.jpg,https://www.superhotchiles.com/wp-content/uploads/2018/04/Devils-Tongue-Hot-Pepper-Seeds.jpg
000389.jpg,https://pepperheadsforlife.com/wp-content/uploads/2014/05/devils-tongue-pepper-shu.jpg
000390.jpg,http://cdn.shopify.com/s/files/1/0915/1060/products/Yellow-Devils-Tongue-Hot-lemon-pepper-pepper-joes_grande.jpg
000391.jpg,http://www.tradewindsfruit.com/content/images/devils_tongue_pepper.jpg
000392.jpg,http://chilli-seedz.com/wp-content/uploads/2015/06/Yellow-Devils-Tongue.jpg
000393.jpg,https://www.piedmontfarmandgarden.com/v/vspfiles/photos/PPP196-2.jpg
000394.jpg,https://www.premierseedsdirect.com/wp-content/uploads/2017/02/41584303.jpg
000395.jpg,http://i.ebayimg.com/images/i/321795750982-0-1/s-l1000.jpg
000396.jpg,http://ih.constantcontact.com/fs180/1101647035633/img/816.jpg
000397.jpg,http://cdn.shopify.com/s/files/1/0915/1060/products/Red-Devils-tongue-hot-pepper-pepper-joes_grande.jpg
000398.jpg,https://www.superhotchiles.com/wp-content/uploads/2018/07/Devils_Tongue_13-600x400.jpg
000399.jpg,https://www.superhotchiles.com/wp-content/uploads/2018/07/Devils_Tongue_4-600x400.jpg
000400.jpg,http://www.chileplanet.eu/schede/pepper/Devil%20Tongue-2.jpg
000401.jpg,http://rahiseedbank.com/wp-content/uploads/2014/07/13.jpg
000402.jpg,http://acimg.auctivacommerce.com/imgdata/0/1/4/8/9/9/webimg/6050230.jpg
000403.jpg,https://www.ukchilliseeds.co.uk/ekmps/shops/chilliwizard/images/devil-s-tongue-red-chilli-pepper-x-10-seeds-404-p.jpg
000404.jpg,https://pepperhead.com/wp-content/uploads/2016/11/Devils-Tongue.jpg
000405.jpg,https://www.superhotchiles.com/wp-content/uploads/2018/07/Devils_Tongue_8-600x400.jpg
000406.jpg,http://i.ebayimg.com/images/i/250758361052-0-1/s-l1000.jpg
000407.jpg,http://chilli-seedz.com/wp-content/uploads/2015/10/White-Devils-Tongue-Plant-900x900.jpg
000408.jpg,https://www.piedmontfarmandgarden.com/v/vspfiles/photos/PPP196-6.jpg
000409.jpg,http://chilli-seedz.com/wp-content/uploads/2015/10/White-Devils-Tongue-Chilli-Seeds-900x900.jpg
000410.jpg,https://www.bmorespicy.com/wp-content/uploads/imported/0/20-seeds-Red-Devils-Tongue-Hot-pepper-Extreme-Rare-Heirloom-Chile-just-WICKED-172441946990.jpg
000411.jpg,https://www.superhotchiles.com/wp-content/uploads/2018/07/Chocolate_Devils_Tongue_8.jpg
000412.jpg,https://www.chileseeds.co.uk/wp-content/uploads/2016/10/DevilsTongueRedchilliseeds.jpg
000413.jpg,https://www.superhotchiles.com/wp-content/uploads/2018/07/Devils_Tongue_5-600x400.jpg
000414.jpg,http://i.ebayimg.com/images/g/wYUAAOSw9IpX0AZU/s-l300.jpg
000415.jpg,https://www.cayennediane.com/wp-content/uploads/Devils-Tongue-Yellow.jpg
000416.jpg,http://www.piedmontfarmandgarden.com/v/vspfiles/photos/PPP196-5.jpg
000417.jpg,https://www.superhotchiles.com/wp-content/uploads/2018/07/Devils_Tounge_Red_3-600x400.jpg
000418.jpg,https://www.superhotchiles.com/wp-content/uploads/2018/07/Devils_Tongue_7-600x400.jpg
000419.jpg,http://1.bp.blogspot.com/-sZ4z0nuLsn4/Ulu5XHGM-9I/AAAAAAAACIw/nmBJrJ1UaAI/s1600/devils+tongue+white_tn.jpg
000420.jpg,http://www.semillas.de/pepper_fruits/devils_tongue_chocolate.jpg
000421.jpg,https://static.artfire.com/uploads/mfs/items/16/3f/large/163f02050e950662c91e1e5e64a2f4b0c723b71acbe7af7fafadbc99ea950c98.jpg
000422.jpg,http://www.bountifulseeds.com/214-thickbox/devil-s-tongue-red-chilli-pepper-seeds.jpg
000423.jpg,https://cdn.thehippyseedcompany.com/wp-content/uploads/2017/06/White-Devils-Tongue-web-1.jpg
000424.jpg,https://img1.etsystatic.com/136/0/10816057/il_340x270.1003964951_hzqv.jpg
000425.jpg,http://www.semillas.de/pepper_fruits/devils_tongue_red.jpg
000426.jpg,https://i.pinimg.com/736x/d3/db/36/d3db363b29d1f30d969024a777484177--devil-chiles.jpg
000427.jpg,http://www.peppersbymail.com/wp-content/uploads/simple_photo_gallery/16/devils_tongue_10.jpg
000428.jpg,http://www.peppersbymail.com/wp-content/uploads/simple_photo_gallery/16/devils_tongue_11.jpg
000429.jpg,http://www.peppersbymail.com/wp-content/uploads/2015/08/red_devils_tongue_01.jpg
000430.jpg,http://cliparts.co/cliparts/6cy/Gjg/6cyGjgxcn.jpg
000431.jpg,http://i1302.photobucket.com/albums/ag125/zhout_xz/SEED/S%20seeds/S038/S038-6_zpsw65iwoad.jpg
000432.jpg,https://i.ytimg.com/vi/DmF17xssRK0/hqdefault.jpg
000433.jpg,https://cdn6.bigcommerce.com/s-f6cx4kq/products/111/images/422/brown_chocolate_devils_tongue_pepper_tyler_farms__09026.1407108627.490.588.jpg
000434.jpg,http://i.imgur.com/aYJzN5Ll.jpg
000435.jpg,https://i1302.photobucket.com/albums/ag125/zhout_xz/SEED/S%20seeds/S038/S038-2_zpsdkkglvfq.jpg
000436.jpg,http://thehotpepper.com/uploads/monthly_09_2018/post-13365-0-79423500-1536202681.jpg
000437.jpg,https://www.seedman.com/image/trn444.jpg
000438.jpg,http://i.imgur.com/h9UlSJEl.jpg
000439.jpg,https://www.ukchilliseeds.co.uk/ekmps/shops/chilliwizard/images/devil-s-tongue-red-chilli-pepper-x-10-seeds-404-p[ekm]360x360[ekm].jpg
000440.jpg,https://i.ebayimg.com/images/i/171142481222-0-1/s-l1000.jpg
000441.jpg,https://i1.wp.com/www.peppersbymail.com/wp-content/uploads/simple_photo_gallery/16/devils_tongue_11.jpg
000442.jpg,https://i.ytimg.com/vi/GEScHDfd2aQ/maxresdefault.jpg
000443.jpg,http://www.tradewindsfruit.com/content/images/bhut_jolokia_yellow_pepper.jpg
000444.jpg,http://heetstepeper.nl/wp-content/uploads/2017/02/Fatalii-Yellow.jpg
000445.jpg,https://s-media-cache-ak0.pinimg.com/736x/54/0f/4c/540f4c503dbe771cd17f963f4261696b.jpg
000446.jpg,https://images-na.ssl-images-amazon.com/images/I/41q-w%2BB9PCL.jpg
000447.jpg,https://i0.wp.com/www.peppersbymail.com/wp-content/uploads/2015/05/SUNP0022.jpg
000448.jpg,https://s-media-cache-ak0.pinimg.com/564x/9d/13/b4/9d13b400f701808a7d08041d8484fce2.jpg
000449.jpg,http://i.ebayimg.com/images/i/401185512059-0-1/s-l1000.jpg
000450.jpg,https://i.pinimg.com/736x/87/68/06/876806d1d059153f9ad1340399ece778--sketches-paintings.jpg
000451.jpg,https://i.pinimg.com/originals/87/68/06/876806d1d059153f9ad1340399ece778.jpg
000452.jpg,https://s-media-cache-ak0.pinimg.com/736x/61/16/88/611688527d8921ab2d174889c30f5d51.jpg
000453.jpg,https://i.pinimg.com/736x/9d/13/b4/9d13b400f701808a7d08041d8484fce2--the-devils-farmer.jpg
000454.jpg,https://i1302.photobucket.com/albums/ag125/zhout_xz/SEED/S%20seeds/S038/S038-6_zpsw65iwoad.jpg
000455.jpg,http://g02.a.alicdn.com/kf/HTB1sONTLVXXXXX0XFXXq6xXFXXXJ/100-rare-yellow-font-b-pepper-b-font-seeds-Hot-Chilli-Habanero-Devils-Tongue-Yellow-chilli.jpg
