image,source
000001.jpg,https://images-na.ssl-images-amazon.com/images/I/812TDSQaZuL._SX425_.jpg
000002.jpg,https://images-na.ssl-images-amazon.com/images/I/412p0L1Oe-L.jpg
000003.jpg,https://upload.wikimedia.org/wikipedia/commons/0/02/Dried_dundicuts_in_bowl.jpg
000004.jpg,https://www.chilipeppermadness.com/wp-content/uploads/2013/10/Dundicut-Peppers.jpg
000005.jpg,https://3.bp.blogspot.com/-g2yHrKFRNXc/WmjtY54dKeI/AAAAAAAAFAY/MLz8sYbtFQIm95-7SQPfvS0quWf9h91JwCLcBGAs/s1600/Dundicut%2BChili%2BPeppers.jpg
000006.jpg,https://sc01.alicdn.com/kf/UTB8QeDwEGrFXKJk43Ovq6ybnpXaO/Dry-Red-Chili-Dundicut-Peppers-One-by.jpg_300x300.jpg
000007.jpg,https://www.fataliiseeds.net/wp-content/uploads/fromoldsite/pakistani_dundicut-640x640.jpg
000008.jpg,https://static.artfire.com/uploads/mfs/items/f9/81/large/f981796ae6b6696625d70fe14b304c92f6b40d59b550ca3da133f139d96175db.jpg
000009.jpg,https://www.cayennediane.com/wp-content/uploads/Dundicut.jpg
000010.jpg,https://www.pepperscale.com/wp-content/uploads/2017/10/chiltepin-pepper-768x509.jpeg
000011.jpg,https://t3.ftcdn.net/jpg/02/59/40/54/240_F_259405460_lpYDrREnaWCtPBZcdjd6UodGGrU4k60L.jpg
000012.jpg,https://www.amazingfoodmadeeasy.com/peppers/pepper_images/dundi-in-bowl.jpg
000013.jpg,https://www.penzeys.com/media/3343/dundicuts_4oz_bag.jpg?v=28
000014.jpg,https://image.shutterstock.com/image-photo/owlorganic-dry-dundicut-peppers-bowl-260nw-1358485280.jpg
000015.jpg,https://i.etsystatic.com/7824311/r/il/5371a6/509323072/il_570xN.509323072_jlcu.jpg
000016.jpg,https://4.imimg.com/data4/KP/IO/MY-22663875/dundicut-teja-chili-500x500.jpg
000017.jpg,http://gfb.global.ssl.fastly.net/wp-content/uploads/2015/09/SCOTCH-BONNET-1.png
000018.jpg,http://www.heliotricity.com/wp-content/uploads/2018/01/Dundicut-hot-pepper.jpg
000019.jpg,https://t3.ftcdn.net/jpg/02/59/40/64/240_F_259406483_lEIopHwpg83TcUFqKELJdgp2MnrWfGgH.jpg
000020.jpg,https://image.shutterstock.com/image-photo/dundicut-peppers-bowl-260nw-1421843183.jpg
000021.jpg,https://st.hzcdn.com/fimgs/42e20d8204af8ab0_0451-w500-h332-b0-p0--.jpg
000022.jpg,https://c8.alamy.com/comp/T2R1TG/owlorganic-dry-dundicut-peppers-in-a-bowl-T2R1TG.jpg
000023.jpg,https://alchetron.com/cdn/dundicut-3ab0faa0-e2b5-45a6-b7da-78ce0f15079-resize-750.jpg
000024.jpg,https://upload.wikimedia.org/wikipedia/commons/6/68/Facing_heaven_chillies.jpg
000025.jpg,https://images-na.ssl-images-amazon.com/images/I/41AzP-ltldL.jpg
000026.jpg,https://s3.envato.com/files/262913605/_00A7578.jpg
000027.jpg,https://i.pinimg.com/originals/63/6b/0b/636b0b2b8e80b38e6e3a7aa45b6b9246.jpg
000028.jpg,https://www.pepperscale.com/wp-content/uploads/2015/10/Beaver-Dam-Pepper_3-768x512.jpg
000029.jpg,https://alchetron.com/cdn/friggitello-ded1a7dc-4714-41f1-a366-69b726bd993-resize-750.png
000030.jpg,https://www.fataliiseeds.net/wp-content/uploads/fromoldsite/burundi445-640x640.jpg
000031.jpg,https://previews.123rf.com/images/bhofack2/bhofack21904/bhofack2190400023/120078749-owlorganic-dry-dundicut-peppers-in-a-bowl.jpg
000032.jpg,http://gernot-katzers-spice-pages.com/pictures/caps_57.jpg
000033.jpg,https://sc01.alicdn.com/kf/UTB8lA6fXpfJXKJkSamHq6zLyVXaA/Dundicut-Whole-Chilli-Dry-Red-Chilli-Dundicut.jpg_300x300.jpg
000034.jpg,https://as1.ftcdn.net/jpg/02/72/90/04/500_F_272900459_hw8l1e32hcasp05GOMQG4rNf4wjbPIVx.jpg
000035.jpg,http://www.heliotricity.com/wp-content/uploads/2017/10/Cherry-peppers.jpg
000036.jpg,https://www.chilipeppermadness.com/wp-content/uploads/2013/09/Pequin-Peppers.jpg
000037.jpg,https://c8.alamy.com/comp/EMA89A/thailand-dundicut-chili-peppers-EMA89A.jpg
000038.jpg,https://www.deruiterseeds.com/content/dam/deruiterseeds/en/images/product-photography/DeRuiter_Tomato_Proudesse_Studio-Image_NL_01-WEB.jpg
000039.jpg,http://4.bp.blogspot.com/-9tnVRnJNxYw/ULgOGdz2HVI/AAAAAAAAD7o/lsOzSJEMCiQ/s1600/P1150960.JPG
000040.jpg,https://comps.canstockphoto.ie/organic-dry-dundicut-peppers-stock-images_csp67935352.jpg
000041.jpg,https://www.penzeys.com/media/3703/sanaam_peppers_1oz_bag.jpg?v=28
000042.jpg,https://sc02.alicdn.com/kf/HTB1s0VlPgHqK1RjSZFP763wapXa3/Chili-pepper-dried-red-chili-hot-spicy.png_300x300.jpg
000043.jpg,https://upload.wikimedia.org/wikipedia/commons/6/69/BhutJolokia09_Asit.jpg
000044.jpg,https://www.cayennediane.com/wp-content/uploads/Ghost-Peppers-300x300.jpg
000045.jpg,https://chasingchilli.com.au/wp-content/uploads/2017/04/Carolina-Reaper.png
000046.jpg,https://i.pinimg.com/236x/2c/00/0a/2c000ad1e66a7c50b9f56c1600e25734.jpg
000047.jpg,https://cdn.shopify.com/s/files/1/1022/5071/products/mako-akoksrade-pepper-seeds-capsicum-chinese-from-ghana-verry-hot-1.jpg?v=1565029838
000048.jpg,https://thumbor.thedailymeal.com/hIlr9CAQwy2gt4RZNCsbI_SVNY8=/870x565/https://www.thedailymeal.com/sites/default/files/2014/12/04/mccormicksmainhp-itemmaster.jpg
000049.jpg,https://plantfreak.files.wordpress.com/2012/04/chiltepin-pepper-plant.jpg
000050.jpg,https://edge.bonnieplants.com/www/uploads/20180920002148/pinot-noir-sweet-bell-pepper_MT-480x360.jpg
000051.jpg,https://gfb.global.ssl.fastly.net/wp-content/uploads/2015/09/12223139/SCOTCH-BONNET.png
000052.jpg,https://myhalalkitchen.com/wp-content/uploads/2013/03/Pakistani-Dundicuts-Halal-Pantry-Item-My-Halal-Kitchen.jpg
000053.jpg,https://alchetron.com/cdn/infinity-chili-da0ab4d4-8d25-4c6f-86b8-918664e6373-resize-750.jpg
000054.jpg,https://upload.wikimedia.org/wikipedia/commons/7/73/Red_chilli_whole_dandi_cut.JPG
000055.jpg,https://www.fataliiseeds.net/wp-content/uploads/fromoldsite/carib_red_hab_mature-800x800.jpg
000056.jpg,https://previews.123rf.com/images/bhofack2/bhofack21904/bhofack2190400057/120078836-owlorganic-dry-dundicut-peppers-in-a-bowl.jpg
000057.jpg,http://www.heliotricity.com/wp-content/uploads/2018/01/Haban%CC%83ero-Peppers-on-plant.jpg
000058.jpg,https://t3.ftcdn.net/jpg/02/59/40/60/240_F_259406082_NVBcIsHqo3icRo8xSC1vTPkzaTnbrpo4.jpg
000059.jpg,https://q7i2y6d5.stackpathcdn.com/wp-content/uploads/2013/04/chili-pepper.jpg
000060.jpg,https://4.imimg.com/data4/YG/TB/MY-1557076/teja-dry-chilli-500x500.jpg
000061.jpg,https://edge.bonnieplants.com/www/uploads/20180920004028/anaheim-hot-pepper-480x360.jpg
000062.jpg,https://ipfs.io/ipfs/QmXoypizjW3WknFiJnKLwHCnL72vedxjQkDDP1mXWo6uco/I/m/C_baccatum_lemon_drop_fruit.jpg
000063.jpg,https://www.chilipeppermadness.com/wp-content/uploads/2013/09/Chimayo-Pepper.jpg
000064.jpg,http://excellobirdseed.com/wp-content/uploads/2013/02/Dundi-Cut-Peppers.jpg
000065.jpg,https://thumbor.thedailymeal.com/Owa_GdIPiLP9v9YnGDN8iAAMBP4=/870x565/https://www.thedailymeal.com/sites/default/files/2014/11/05/main_20.jpg
000066.jpg,https://thumbs.dreamstime.com/b/organic-dry-dundicut-peppers-owlorganic-bowl-143832669.jpg
000067.jpg,https://www.tasteofhome.com/wp-content/uploads/2017/10/exps163044_SD2847494B02_12_2b_WEB-696x696.jpg
000068.jpg,https://gardenerspath.com/wp-content/uploads/2018/02/Grow-Chili-Peppers-with-These-Tips.jpg
000069.jpg,https://d1k5w7mbrh6vq5.cloudfront.net/images/cache/8d/b4/1d/8db41d039f7fcb4919fa0ae9160134b6.jpg
000070.jpg,https://gallery.kissclipart.com/20190622/vhq/kissclipart-chili-powder-chili-pepper-spice-dundicut-indian-cu-b75ed1b9153f973b.jpg
000071.jpg,https://timg.china.cn/3/1_735_16178_600_400.jpg
000072.jpg,https://pubgo4imgs.s3-accelerate.amazonaws.com/co/saqkh1/images/cropped/6.jpg
000073.jpg,https://upload.wikimedia.org/wikipedia/commons/2/24/Banana_Peppers_%28Armenia%29.jpg
000074.jpg,https://c8.alamy.com/comp/T2R1YF/owlorganic-dry-dundicut-peppers-in-a-bowl-T2R1YF.jpg
000075.jpg,https://rukminim1.flixcart.com/image/832/832/book/9/9/7/chili-peppers-chili-pepper-scoville-scale-cayenne-pepper-paprika-original-imae8a83payvffzk.jpeg?q=70
000076.jpg,https://sc01.alicdn.com/kf/HTB1sDNml8DH8KJjSspnq6zNAVXak/dried-chilli-Top-Chaotian-red-chily-pepper.jpg_300x300.jpg
000077.jpg,https://www.pepperscale.com/wp-content/uploads/2017/10/roatan-pumpkin-habanero.jpg
000078.jpg,http://nutralfa.uk/wp-content/uploads/2018/11/Dried-Red-Chili-Stemless-Peppers1.jpg
000079.jpg,https://www.cayennediane.com/wp-content/uploads/Barkers-Hot-pepper-300x300.jpg
000080.jpg,https://hotsaucefever.com/images/chiles/periperi/periperi_pepper.jpg
000081.jpg,https://gardenerspath.com/wp-content/uploads/2018/02/Hot-Ancho-Grande-Pepper.jpg
000082.jpg,https://cdn.shopify.com/s/files/1/1022/5071/products/cubanelles-peppers-seeds-italian-frying-pepper-great-pickling-capsicum-annuum-1.jpg?v=1565028030
000083.jpg,http://www.waimaotong.com/file/upload/new2/201802/27/1731361519723897.30485a9525794a6987.490541000.middle.jpg
000084.jpg,https://upload.wikimedia.org/wikipedia/commons/thumb/c/c7/Fresno_pepper_4.jpg/440px-Fresno_pepper_4.jpg
000085.jpg,https://static.artfire.com/uploads/mfs/items/44/d3/large/44d35e53488ea978d4d3df80f5f60498f2f39ced0c145d71eac4df1780d840a8.jpg
000086.jpg,https://cdn43.picsart.com/177087374001201.jpg?r1024x1024
000087.jpg,http://www.taifoongfoods.com/uploads/20189290/small/chinese-steam-sterilized-dried-chili-flakes43312840851.jpg
000088.jpg,https://cdn.slidesharecdn.com/ss_thumbnails/pakistanscenarioofchilliproduction-190107121212-thumbnail-4.jpg?cb=1546863414
000089.jpg,https://www.thenibble.com/reviews/main/salts/images/Ashley-Foods-230.jpg
000090.jpg,https://www.tasteofhome.com/wp-content/uploads/2017/10/Three-Pepper-Guacamole_exps72202_TH143190D10_009_4bC_RMS-1-696x696.jpg
000091.jpg,https://www.fataliiseeds.net/wp-content/uploads/2018/10/dalle_khursani.jpg
000092.jpg,https://i.dawn.com/primary/2018/10/5bc06c431f2a3.jpg
000093.jpg,https://hotsaucefever.com/images/chiles/periperi/periperi_ripe.jpg
000094.jpg,https://www.kingsseeds.co.nz/site/kingseeds-2019/images//items/8080A.jpg
000095.jpg,https://ipfs.io/ipfs/QmXoypizjW3WknFiJnKLwHCnL72vedxjQkDDP1mXWo6uco/I/m/Habanero_closeup_edit2.jpg
000096.jpg,https://www.kingsseeds.co.nz/site/kingseeds-2019/images//items/8030A.jpg
000097.jpg,https://www.asiangeo.com/2019/wp-content/uploads/2017/10/Screen-Shot-2017-10-06-at-2.03.16-PM.png
000098.jpg,https://i.pinimg.com/236x/9d/f2/70/9df2709b03d83b9ac94ce494b12240e2.jpg
000099.jpg,http://www.mindmegette.hu/images/118/L/lead_L_90645_paprikafo1-201510171026.jpg
000100.jpg,http://1.bp.blogspot.com/-DZzNym1m9ZM/ULgOc7hspGI/AAAAAAAAD7w/R1KtwNh0Di4/s1600/P1150974.JPG
000101.jpg,https://st.depositphotos.com/1692343/2445/i/950/depositphotos_24451127-stock-photo-organic-dried-red-hot-peppers.jpg
000102.jpg,https://www.glueandglitter.com/wp-content/uploads/2011/07/How-to-Make-Hot-Sauce-from-Dried-Peppers.jpg
000103.jpg,https://www.chili-shop24.com/media/image/f2/e2/1a/102208_01_600x600.jpg
000104.jpg,https://cdn.shopify.com/s/files/1/0915/1060/products/Live_Ghost_Pepper_plant.png?v=1549039349
000105.jpg,https://images.wagwalkingweb.com/media/articles/dog/ornamental-pepper-poisoning/ornamental-pepper-poisoning.jpg
000106.jpg,https://4.imimg.com/data4/QX/EA/MY-22663875/teja-chilli-500x500.jpg
000107.jpg,https://cdn.instructables.com/ORIG/FTK/M4HQ/IHWIIW2U/FTKM4HQIHWIIW2U.jpg
000108.jpg,https://www.chilipeppermadness.com/wp-content/uploads/2013/10/Spanish-Naga-Peppers.jpg
000109.jpg,https://image.shutterstock.com/display_pic_with_logo/596689/1358484680/stock-photo-owlorganic-dry-dundicut-peppers-in-a-bowl-1358484680.jpg
000110.jpg,https://www.glueandglitter.com/wp-content/uploads/2011/07/Soaking-Peppers-and-Garlic.jpg
000111.jpg,https://images.livemint.com/rf/Image-621x414/LiveMint/Period2/2018/01/13/Photos/Sundayapp/chillichilli-kcYF-U30401222047JCl-621x414@LiveMint.jpg
000112.jpg,https://previews.123rf.com/images/bhofack2/bhofack21904/bhofack2190400032/120078771-owlorganic-dry-dundicut-peppers-in-a-bowl.jpg
000113.jpg,https://as1.ftcdn.net/jpg/02/29/96/92/500_F_229969221_aJEihv0AOOw71GrN6VsT1PujeybVRARr.jpg
000114.jpg,https://alchetron.com/cdn/friggitello-65bc2ac5-9c98-4501-a1b0-c148e62e568-resize-750.jpeg
000115.jpg,https://upload.wikimedia.org/wikipedia/commons/2/23/Fresno_pepper_5.jpg
000116.jpg,https://kids.kiddle.co/images/thumb/6/62/Tabasco_peppers.JPG/300px-Tabasco_peppers.JPG
000117.jpg,https://cdn.foodsofnations.com/wp-content/uploads/2018/08/ahmedChili.jpg
000118.jpg,https://www.pepperscale.com/wp-content/uploads/2015/07/Peppadew-Pepper.jpeg
000119.jpg,https://www.cayennediane.com/wp-content/uploads/Hidalgo-Chili-Pepper-300x300.jpg
000120.jpg,https://image.shutterstock.com/image-photo/dry-red-pepper-on-white-260nw-92556886.jpg
000121.jpg,https://images.media-allrecipes.com/userphotos/300x300/265544.jpg
000122.jpg,https://subzi.pk/wp-content/uploads/2018/12/whole-round-chillies_p_1416322_229829.jpg
000123.jpg,https://i.ytimg.com/vi/5PW1whthnLo/maxresdefault.jpg
000124.jpg,https://myhalalkitchen.com/wp-content/uploads/bread-croutons.jpg
000125.jpg,https://img.sndimg.com/food/image/upload/c_thumb,q_80,w_412,h_232/v1/img/submissions/recipe/0/4tmqbdxbRwKMYvuwJtem_IMG_2983.jpg
000126.jpg,https://www.penzeys.com/media/3645/ancho_pepper_bag.jpg?v=28
000127.jpg,https://c8.alamy.com/comp/X4BX1B/round-chili-peppers-X4BX1B.jpg
000128.jpg,http://www.taifoongfoods.com/uploads/20189290/small/china-factory-allergens-assured-paprika10348753379.jpg
000129.jpg,http://www.heliotricity.com/wp-content/uploads/2018/01/Anaheim-chile-peppers.jpg
000130.jpg,https://s3.india.com/travel/wp-content/uploads/2015/01/Naga-chilli.jpg
000131.jpg,https://cdn.shopify.com/s/files/1/1022/5071/products/hot-pepper-byadgi-chilli-pepper-seeds-aka-kaddi-chillies-capsicum-annuum-great-fresh-dried-or-in-powder-form-1.jpg?v=1565027422
000132.jpg,https://i.dawn.com/primary/2018/10/5bc0cec633d82.jpg
000133.jpg,https://upload.wikimedia.org/wikipedia/commons/thumb/3/3e/Adjoema_chili.jpg/1200px-Adjoema_chili.jpg
000134.jpg,https://is1-ssl.mzstatic.com/image/thumb/Purple123/v4/43/20/a5/4320a5d1-cec0-f45e-f662-1430852d457b/iMessage_App_Icon-0-1x_U007emarketing-0-0-GLES2_U002c0-512MB-sRGB-0-0-0-85-181-0-0-0-0.png/1200x630wb.png
000135.jpg,https://q7i2y6d5.stackpathcdn.com/wp-content/uploads/2011/10/dried-peppers1-400x266.jpg
000136.jpg,https://static01.nyt.com/images/2012/08/21/science/24recipehealth/24recipehealth-mediumThreeByTwo440.jpg
000137.jpg,https://edge.bonnieplants.com/www/uploads/20180920002200/tangerine-dream-sweet-pepper-480x360.jpg
000138.jpg,https://images.bwbcovers.com/123/9781233054176.jpg
000139.jpg,https://site-752375.mozfiles.com/files/752375/medium/51300702_2182038252057498_7998868416859471872_n.jpg
000140.jpg,http://sureshmasale.in/wp-content/uploads/2017/09/Dundicut-Mirch-Powder-packet-320x407.jpg
000141.jpg,https://www.fataliiseeds.net/wp-content/uploads/2018/10/moruglah1.jpg
000142.jpg,https://thumbs.dreamstime.com/z/chili-pepper-plant-parrot-young-chilli-pot-blue-hanging-green-background-monochromatic-minimal-color-still-96927542.jpg
000143.jpg,https://static.artfire.com/uploads/mfs/items/99/a9/large/99a93b676753af08b8a07f34dda1285c2faa1ddf8db4c80fc70a3cbc6f2b42f8.png
000144.jpg,https://cdn.shopify.com/s/files/1/0915/1060/files/funny-hot-pepper-man-variety-pepper-joes.jpg?10136348836368005456
000145.jpg,https://www.maddog357.com/wp-content/uploads/2017/02/Parrots-Peppers-No-Sweat.jpg
000146.jpg,https://kids.kiddle.co/images/thumb/7/73/Tabasco.JPG/337px-Tabasco.JPG
000147.jpg,https://st.depositphotos.com/1692343/2445/i/950/depositphotos_24450775-stock-photo-organic-dried-red-hot-peppers.jpg
000148.jpg,http://i0.wp.com/sc02.alicdn.com/kf/UTB8wzTZXbPJXKJkSafSq6yqUXXau/112880777/UTB8wzTZXbPJXKJkSafSq6yqUXXau.jpg?strip=all
000149.jpg,https://subzi.pk/wp-content/uploads/2018/10/terrace-farm_Green-Chilly_-Pepper-600x600.jpg
000150.jpg,https://img.taste.com.au/V0D9fpDz/w733-h489-cfill-q80/taste/2016/11/how-to-prepare-dried-chillies-53685-1.jpg
000151.jpg,http://4.bp.blogspot.com/-9tnVRnJNxYw/ULgOGdz2HVI/AAAAAAAAD7o/lsOzSJEMCiQ/w1200-h630-p-k-no-nu/P1150960.JPG
000152.jpg,https://tastykitchen.com/wp-content/uploads/sites/2/2011/01/admin-ajax.jpg
000153.jpg,https://www.chilipeppermadness.com/wp-content/uploads/2019/05/Ancho-Ranchero-Peppers2.jpg
000154.jpg,https://www.kingsseeds.co.nz/site/kingseeds-2019/images//items/8010A.2.jpg
000155.jpg,https://tiimg.tistatic.com/fp/3/006/079/red-chilli-whole-dundicut-powder-724.jpg
000156.jpg,http://fillyourplate.org/blog/wp-content/uploads/2015/02/bigstock-Spicy-Chocolate-Bar-On-Wooden-63338461-512x512.jpg
000157.jpg,http://happyandharried.files.wordpress.com/2014/08/homemade-spicy-chili-garlic-sauce3.jpg?resize=560%2C374
000158.jpg,http://www.grandpacooks.com/recipes/wp-content/uploads/2015/12/peppers_40.jpg
000159.jpg,https://4.imimg.com/data4/YB/RN/MY-2/hot-teja-chili-pepper-from-guntur-500x500.jpg
000160.jpg,https://is2-ssl.mzstatic.com/image/thumb/Purple128/v4/9a/44/bb/9a44bbd2-1bc6-7317-cd6a-fc93e85b8c3c/pr_source.png/643x0w.jpg
000161.jpg,https://i.pinimg.com/236x/c7/9e/ce/c79ece6d7a0ef82fb1e7c321d1471df0.jpg
000162.jpg,https://gardenerspath.com/wp-content/uploads/2018/02/How-to-Grow-Hot-Peppers-Pin-468x1024.jpg
000163.jpg,https://www.chili-shop24.com/media/image/f0/63/e2/9261_Mustafa_600x600.jpg
000164.jpg,https://www.cayennediane.com/wp-content/uploads/Spanish-Naga-300x300.jpg
000165.jpg,https://s3.india.com/travel/wp-content/uploads/2015/01/Birds-eye-chilli.jpg
000166.jpg,https://i0.wp.com/farm1.staticflickr.com/155/433134984_a5aaadfb24_z.jpg?resize=640%2C452
000167.jpg,http://www.auntiearwenspices.com/uploads/3/9/3/2/39324425/s481935874840761183_p249_i1_w640.jpeg
000168.jpg,https://images.media-allrecipes.com/images/78456.jpg?width=420&height=237
000169.jpg,http://img.taste.com.au/QNruLa73/taste/2016/11/how-to-prepare-dried-chillies-image-1-53687-1.jpg
000170.jpg,https://content.eol.org/data/media/79/22/3f/539.MHPAC_BioBot10760-BB044827_1258653440_JPG.jpg
000171.jpg,https://www.pepperscale.com/wp-content/uploads/2016/06/prairie-fire-pepper.jpg
000172.jpg,https://site-752375.mozfiles.com/files/752375/medium/51779257_2181144535480203_8269298515801276416_n.jpg
000173.jpg,https://i.ebayimg.com/thumbs/images/g/OnkAAOSwMsZdBFvi/s-l225.jpg
000174.jpg,https://sc01.alicdn.com/kf/HTB1F_pzgQOWBuNjSsppq6xPgpXau/dried-red-chili-dundicut-hot-peppers-2.jpg
000175.jpg,https://image.shutterstock.com/image-photo/group-fresh-red-peppers-on-260nw-1170591031.jpg
000176.jpg,https://cdn.shopify.com/s/files/1/1022/5071/products/maule-s-red-hot-pepper-capsicum-annuum-loads-of-10-12-long-peppers-heirloom-organic-1.jpg?v=1565029884
000177.jpg,https://ipfs.io/ipfs/QmXoypizjW3WknFiJnKLwHCnL72vedxjQkDDP1mXWo6uco/I/m/Cubanelle_Peppers.jpg
000178.jpg,http://www.heliotricity.com/wp-content/uploads/2018/01/Aleppo-Chile-Peppers.jpg
000179.jpg,https://upload.wikimedia.org/wikipedia/commons/9/97/Scotch_bonnet_chili_pepper.jpg
000180.jpg,https://cdn.instructables.com/FS1/78VD/IHNB3TDG/FS178VDIHNB3TDG.LARGE.jpg?auto=webp&frame=1&width=320
000181.jpg,https://cdn.shopify.com/s/files/1/0030/8409/1504/products/Dandicut_Chile_Whole_chile_copy_900x.jpg?v=1540593633
000182.jpg,https://alchetron.com/cdn/friggitello-a3ac2d4a-130f-471c-b62e-ef42108da75-resize-750.jpeg
000183.jpg,https://image.slidesharecdn.com/pakistanscenarioofchilliproduction-190107121212/95/pakistan-chilli-production-scenario-by-tariq-sarwar-awan-food-technologist-10-638.jpg?cb=1546863414
000184.jpg,https://i.etsystatic.com/16698722/d/il/8a3880/1559750278/il_340x270.1559750278_4xd8.jpg?version=0
000185.jpg,http://budapestcity.org/11-egyeb/hungaricum/etelek/images/fuszerpaprika/capsicum.jpg
000186.jpg,https://t3.ftcdn.net/jpg/01/71/51/78/240_F_171517820_1NfZfRmxE6IH8V2Aep6HrEtlbQOOWF4O.jpg
000187.jpg,https://www.penzeys.com/media/3282/chipotle_peppers_4oz_bag.jpg?v=28
000188.jpg,https://hotsaucefever.com/images/chiles/periperi/periperi_flower.jpg
000189.jpg,https://edge.bonnieplants.com/www/uploads/20181114074002/BONNIE-PLANTS_pepper-chooser-promo2.gif
000190.jpg,https://media.loot.co.za/images/x400/367488217889179215.jpg
000191.jpg,https://i.ytimg.com/vi/iB5EbS_4E6s/hqdefault.jpg
000192.jpg,https://i5.walmartimages.com/asr/89b4e382-d310-48fe-92ee-0498582f32f2_1.6f9e027aaa837b8b2b66f0f92d321297.jpeg?odnHeight=450&odnWidth=450&odnBg=FFFFFF
000193.jpg,https://i.ebayimg.com/thumbs/images/g/jegAAOSw8oxdBTj~/s-l225.jpg
000194.jpg,https://hirascookshack.files.wordpress.com/2016/09/dsc_0048.jpg
000195.jpg,https://c8.alamy.com/comp/AYTTJT/green-genus-AYTTJT.jpg
000196.jpg,https://files.recipetips.com/images/glossary/c/chili_tientsin.jpg
000197.jpg,https://www.fataliiseeds.net/wp-content/uploads/fromoldsite/1817587831801135-800x800.jpg
000198.jpg,https://i.dawn.com/primary/2018/10/5bc0ccab6d84b.jpg
000199.jpg,https://upload.wikimedia.org/wikipedia/commons/thumb/b/b7/Fresno_pepper_3.jpg/225px-Fresno_pepper_3.jpg
000200.jpg,https://www.kingsseeds.co.nz/site/kingseeds-2019/images//items/3495.jpg
000201.jpg,https://i.ytimg.com/vi/SuHEFwtHseA/maxresdefault.jpg
000202.jpg,https://www.chilipeppermadness.com/wp-content/uploads/2017/06/Komodo-Dragon-Peppers.jpg
000203.jpg,https://people.inf.elte.hu/nedtaai/chiligondozott.jpg
000204.jpg,https://www.purinamills.com/BusinessLink/media/Mazuri/CC-Parrot.jpg?ext=.jpg
000205.jpg,https://i.pinimg.com/originals/e4/4b/7d/e44b7d465bcbebfe129a3f164f3d89c3.jpg
000206.jpg,http://www.laurengaskillinspires.com/wp-content/uploads/2015/03/coconut-chicken-curry.jpg
000207.jpg,https://5.imimg.com/data5/LM/OW/LY/SELLER-22663875/teja-chilli-500x500.jpg
000208.jpg,https://cdn.shopify.com/s/files/1/2182/0257/articles/5-Salsa-Recipes_ed8128d5-e075-4f69-bb58-c6dcaacb05a8.jpg?v=1539029872
000209.jpg,https://www.deruiterseeds.com/content/dam/deruiterseeds/en/images/product-photography/deruiter_cucumber_eldora_productphoto_1.jpg
000210.jpg,https://publicism.info/food/spices/spices.files/image017.jpg
000211.jpg,https://www.cayennediane.com/wp-content/uploads/Hungarian-Wax-Pepper-300x300.jpg
000212.jpg,https://st.depositphotos.com/1692343/2445/i/950/depositphotos_24451187-stock-photo-organic-dried-red-hot-peppers.jpg
000213.jpg,https://asset-pdf.scinapse.io/prod/2556322373/figures/figure-1.jpg
000214.jpg,https://is1-ssl.mzstatic.com/image/thumb/Purple123/v4/0b/6e/21/0b6e21d4-e211-b7d9-7987-8ce0d2cc8360/pr_source.png/300x0w.jpg
000215.jpg,https://gardenerspath.com/wp-content/uploads/2018/02/Growing-Green-Indian-Chilies.jpg
000216.jpg,https://www.glueandglitter.com/wp-content/uploads/2011/07/Dried-Pepper-Hot-Sauce-533x800.jpg
000217.jpg,https://www.daringgourmet.com/wp-content/uploads/2013/11/Saag-Gosht-prep-6.jpg
000218.jpg,https://www.tasteofhome.com/wp-content/uploads/2018/01/Chicago-Style-Hot-Giardiniera_EXPS_FTMZ19_168923_E03_05_4b_rms-696x696.jpg
000219.jpg,http://budapestcity.org/11-egyeb/hungaricum/etelek/images/fuszerpaprika/fejlec-fuszerpaprika.jpg
000220.jpg,https://preview.redd.it/zb35w70qc0431.jpg?overlay-align=bottom,left&crop=1200:628.272251309,smart&overlay-height=15p&overlay=%2Fwatermark%2Ft5_2rjd4.png%3Fs%3Db27e1a063b20ba1da5de40ae464b98b0132a939f&width=1200&height=628.272251309&auto=webp&s=3c0a1f1b7f1c65755097b55b1a6ef901ae164dbd
000221.jpg,https://www.pepperscale.com/wp-content/uploads/2013/07/pimento-pepper.jpg
000222.jpg,https://s3.india.com/travel/wp-content/uploads/2015/01/Guntur-chilli.jpg
000223.jpg,https://scontent-iad3-1.cdninstagram.com/vp/c719777a3a522865bc73b664f3109798/5E0637FC/t51.2885-15/sh0.08/e35/c179.0.721.721a/s640x640/66402505_449201545631602_1837508133619849273_n.jpg?_nc_ht=scontent-iad3-1.cdninstagram.com&_nc_cat=110
000224.jpg,http://img.taste.com.au/Ol1xZpm5/taste/2016/11/how-to-prepare-dried-chillies-image-2-53688-1.jpg
000225.jpg,https://cdn2-img.pressreader.com/pressdisplay/docserver/getimage.aspx?regionKey=idO5QWx7F3cOSwV3Q8g3Jw%3D%3D
000226.jpg,https://4.imimg.com/data4/AM/GU/MY-22663875/turmeric-bulbs-500x500.jpg
000227.jpg,https://alchetron.com/cdn/friggitello-77263e7f-f646-4f0a-b8cc-1204ea7d8a5-resize-750.jpeg
000228.jpg,https://upload.wikimedia.org/wikipedia/commons/0/08/Peppers-pan-S-1024x976.jpg
000229.jpg,https://asset-pdf.scinapse.io/prod/2556322373/figures/table-2.jpg
000230.jpg,http://cdn.shopify.com/s/files/1/1022/5071/products/peter-pepper-seeds-yellow-also-known-as-penis-pepper-chili-willy-capsicum-annuum-2_b0f16857-3f19-40d6-b0c5-4651af158653_1024x1024.jpg?v=1565030674
000231.jpg,http://www.heliotricity.com/wp-content/uploads/2018/01/Infinity-Chili-Pepper.jpg
000232.jpg,https://is3-ssl.mzstatic.com/image/thumb/Purple113/v4/d8/79/08/d8790870-ef26-cb23-1773-89467fdf22d6/pr_source.png/400x400.png
000233.jpg,https://image.shutterstock.com/image-photo/red-green-peppers-on-wood-260nw-1294130215.jpg
000234.jpg,https://steemitimages.com/DQmTdkuSGhJSDSDr781zSVKkFz7CVMMKZ2Y6ctg1tbK9ZBG/IMG_3479.JPG
000235.jpg,https://i.pinimg.com/236x/ad/40/ee/ad40eeeb6e7fc0e1dfbe47476413979c.jpg
000236.jpg,https://us.v-cdn.net/5017260/uploads/FileUpload/6a/83e15046d2146ebb21312dfb0a0224.jpg
000237.jpg,https://i.ytimg.com/vi/Bm6vK1hD8PY/maxresdefault.jpg
000238.jpg,https://myperkypet.com/wp-content/uploads/2017/04/Hamster-5-1.jpg
000239.jpg,http://i556.photobucket.com/albums/ss4/seebee6913/PP.jpg
000240.jpg,https://people.inf.elte.hu/nedtaai/uveghaz.jpg
000241.jpg,https://openfarm.cc/assets/baren_field_square-7e8d9de27d478a05b7f6b54b6c5014900d3e5d06e4c06532672af836d40346f0.jpg
000242.jpg,https://t1.ftcdn.net/jpg/02/59/40/72/400_F_259407233_N9Ut06xSO455MmD1cCz6DXd3x9pKk9jx.jpg
000243.jpg,https://thumbs.dreamstime.com/b/bowl-peppers-6314164.jpg
000244.jpg,https://images.media-allrecipes.com/userphotos/300x300/3818619.jpg
000245.jpg,https://www.penzeys.com/media/3400/guajillo_peppers_1oz_bag.jpg?v=28
000246.jpg,https://chasingchilli.com.au/wp-content/uploads/2019/04/break-binge-eating.png
000247.jpg,https://i1.rgstatic.net/publication/324008353_Innovative_edible_packaging_from_mango_kernel_starch_for_the_shelf_life_extension_of_red_chili_powder/links/5c7e901b92851c695056579a/largepreview.png
000248.jpg,https://external-preview.redd.it/BOHpCT-THATvcyLVtk5ZgotB8HI4-NkTblbyq1eqK3g.jpg?width=640&crop=smart&auto=webp&s=f2da44b7f22f017d7546f13069701ac4eb28f79c
000249.jpg,https://pbs.twimg.com/media/DbURB_kX0AEpmdx.jpg
000250.jpg,https://edge.bonnieplants.com/www/uploads/20180920002201/pesto-party-basil-480x360.jpg
000251.jpg,https://is4-ssl.mzstatic.com/image/thumb/Purple123/v4/4a/19/47/4a194774-a281-e8c2-c035-2f318cd0c050/mzl.zdbkjjpb.png/576x768bb.png
000252.jpg,https://myhalalkitchen.com/wp-content/uploads/pine-nuts.jpg
000253.jpg,https://i.etsystatic.com/7824311/r/il/a07693/509382913/il_794xN.509382913_4sxv.jpg
000254.jpg,https://www.chilipeppermadness.com/wp-content/uploads/2019/09/Naga-Viper-Peppers.jpg
000255.jpg,http://www.birdwatchersgeneralstore.com/SquirrelPepper.jpg
000256.jpg,https://i.ytimg.com/vi/dHSpaXtBEJ4/maxresdefault.jpg
000257.jpg,https://is1-ssl.mzstatic.com/image/thumb/Purple113/v4/b6/fb/59/b6fb59a4-af1b-44cf-3066-64e083b692de/pr_source.png/696x696bb.png
000258.jpg,https://www.fataliiseeds.net/wp-content/uploads/fromoldsite/peruvian_pointer2-640x640.jpg
000259.jpg,https://www.kingsseeds.co.nz/site/kingseeds-2019/images//items/8085.2.jpg
000260.jpg,https://cdn.shopify.com/s/files/1/2182/0257/files/Refurbished_large.jpg?v=1531257009
000261.jpg,http://www.grandpacooks.com/recipes/wp-content/uploads/2015/12/peppers_42.jpg
000262.jpg,https://i.imgur.com/UHifIc8.jpg
000263.jpg,https://img.chewy.com/is/image/catalog/165646_MAIN._AC_SL1500_V1555517517_.jpg
000264.jpg,https://is5-ssl.mzstatic.com/image/thumb/Purple113/v4/c8/82/57/c88257a8-dac5-9ed3-9558-bc12531bde19/pr_source.png/300x0w.jpg
000265.jpg,https://www.deruiterseeds.com/content/deruiterseeds/en-au/_jcr_content/footerpar/global_footer/7/image.img.png/1520462387461.png
000266.jpg,http://www.thejlhlife.com/wp-content/gallery/making-chili-powder/making-chili-powder-05.jpg
000267.jpg,https://4.imimg.com/data4/SH/CJ/MY-22663875/hot-teja-chilli-pepper-500x500.jpg
000268.jpg,https://steemitimages.com/640x0/https://steemitimages.com/DQmfXqbPoq3Q84tYobqF3Ln2TqWBNkBQCbVeRbmHp5BzFy3/IMG_3478.JPG
000269.jpg,https://cdn.instructables.com/FMA/WX69/IHNB3FSU/FMAWX69IHNB3FSU.LARGE.jpg?auto=webp&frame=1&width=320
000270.jpg,https://i1.rgstatic.net/publication/316419581_Genes_and_Transcriptional_Factors_in_Chili_Plant_with_Aspect_to_Metabolism_and_Resistance_against_Virus_Bacteria_and_Fungi_A_Review/links/58fcdc350f7e9ba3ba55ab0c/largepreview.png
000271.jpg,https://www.tasteofhome.com/wp-content/uploads/2018/04/exps48050_MC163887D03_08_6b.jpg
000272.jpg,https://i5.walmartimages.com/asr/619627cc-b51e-4046-a9af-dbc40fab4fa0_1.2091bcb483c87219b2494ab1a028af33.jpeg?odnHeight=450&odnWidth=450&odnBg=FFFFFF
000273.jpg,https://cdn.shopify.com/s/files/1/0915/1060/files/30thPJBadge.png?11708148233182950112
000274.jpg,https://www.cayennediane.com/wp-content/uploads/Cheyenne-Pepper-300x300.jpg
000275.jpg,https://i.ytimg.com/vi/b0FA0ppOuEc/hqdefault.jpg
000276.jpg,https://hotsaucefever.com/images/chiles/periperi/periperi_seedling.jpg
000277.jpg,https://www.pepperscale.com/wp-content/uploads/2017/04/siling-labuyo.jpg
000278.jpg,https://is2-ssl.mzstatic.com/image/thumb/Purple123/v4/98/0b/46/980b4636-7502-64ae-bc3e-68ce93eb332c/mzl.lvjkjfhr.png/576x768bb.png
000279.jpg,https://www.chili-shop24.com/media/image/fd/b8/fd/9228_Bassotto_600x600.jpg
000280.jpg,https://www.glueandglitter.com/wp-content/uploads/2011/07/Blender-Hot-Sauce.jpg
000281.jpg,http://cdn.shopify.com/s/files/1/1022/5071/products/pepper-sweet-pepper-seeds-hungarian-sweet-wax-open-pollinated-2_1024x1024.jpg?v=1565031787
000282.jpg,https://image.shutterstock.com/image-photo/fresh-red-hot-chilies-bowl-260nw-1299313195.jpg
000283.jpg,https://asset-pdf.scinapse.io/prod/2556322373/figures/figure-2.jpg
000284.jpg,https://fastly.4sqi.net/img/general/600x600/2575247_JTsQKfxyT3-w2mUgMp7ZS5gcChR2LJINPNgYZWSsjHw.jpg
000285.jpg,https://www.tci-thaijo.org/public/journals/147/cover_issue_5577_en_US.png
000286.jpg,https://lh3.googleusercontent.com/F7Ygbbl3341hUJy_NP1VYk16QO9r4QTixGO9uK4Ri12-gLEZgbN0Kg3k8OppkNJo9A=h500
000287.jpg,https://static.artfire.com/uploads/mfs/items/5f/7c/large/5f7c2f177d172d920f784a178d1efc2e16c717361d40667ae84f8494edcf9887.jpg
000288.jpg,https://alchetron.com/cdn/infinity-chili-19b4f23e-90b2-4c7b-a6a0-4ec3f3f11ac-resize-750.jpg
000289.jpg,https://upload.wikimedia.org/wikipedia/commons/thumb/d/d6/Immature_jalapeno_capsicum_annuum_var_annuum.jpeg/1200px-Immature_jalapeno_capsicum_annuum_var_annuum.jpeg
000290.jpg,http://i.dawn.com/primary/2015/11/563f90a1f394f.jpg
000291.jpg,https://preview.redd.it/4wlogqn81tf31.jpg?width=640&crop=smart&auto=webp&s=076e40a46763922615891045e7d1f39ef5159d4e
000292.jpg,https://gardenerspath.com/wp-content/uploads/2018/02/Fresh-Chili-Peppers.jpg
000293.jpg,https://s3.india.com/wp-content/uploads/2018/08/Chillies-1.jpg
000294.jpg,http://img.21food.com/20110609/product/1307450515101.jpg
000295.jpg,https://www.greatcompanions.com/images/large/67210-610.jpg
000296.jpg,https://s3.amazonaws.com/static.organiclead.com/Site-d9412f5f-e58b-4033-bb48-0bf717792110/assets/Leaf3.png
000297.jpg,https://upco.com/wp-content/uploads/2018/10/60.jpg
000298.jpg,https://q7i2y6d5.stackpathcdn.com/wp-content/uploads/2013/05/squash-trellis.jpg
000299.jpg,https://www.chilipeppermadness.com/wp-content/uploads/2019/09/Temp-Pepper-Types.jpg
000300.jpg,https://edge.bonnieplants.com/www/uploads/20180920002149/cupcake-squash_MT-480x360.jpg
000301.jpg,http://www.heliotricity.com/wp-content/uploads/2018/01/Aji-Panca-Hot-Peppers.jpg
000302.jpg,https://image.slidesharecdn.com/pakistanscenarioofchilliproduction-190107121212/95/pakistan-chilli-production-scenario-by-tariq-sarwar-awan-food-technologist-13-638.jpg?cb=1546863414
000303.jpg,https://i.pinimg.com/736x/00/08/3d/00083d4165b40358c01c93cd205902f3--weird-shapes-growing-peppers.jpg
000304.jpg,https://www.fataliiseeds.net/wp-content/uploads/fromoldsite/brazilian_red_olive-640x640.jpg
000305.jpg,https://i.ebayimg.com/thumbs/images/g/trAAAOSw9GdczFPA/s-l225.jpg
000306.jpg,https://mir-s3-cdn-cf.behance.net/project_modules/disp/6556e918436085.562c96ea08c63.jpg
000307.jpg,https://www.kingsseeds.co.nz/site/kingseeds-2019/images//items/8110.3.jpg
000308.jpg,https://cdn.instructables.com/FDL/PC26/IHNRBWCY/FDLPC26IHNRBWCY.LARGE.jpg?auto=webp&frame=1&width=320
000309.jpg,https://st.hzcdn.com/fimgs/49e2f96e04cb6fd4_8582-w240-h240-b0-p0--.jpg
000310.jpg,https://i.etsystatic.com/7824311/r/il/ebc6ed/535082772/il_794xN.535082772_1fbm.jpg
000311.jpg,https://4.imimg.com/data4/SF/MH/MY-22663875/indian-dry-red-chilli-500x500.jpg
000312.jpg,https://images.media-allrecipes.com/userphotos/300x300/4551645.jpg
000313.jpg,https://people.inf.elte.hu/nedtaai/chiliharvest.jpg
000314.jpg,https://www.researchgate.net/images/template/default_publication_preview_large.png
000315.jpg,https://i.ytimg.com/vi/N_a8Pi7hn2g/maxresdefault.jpg
000316.jpg,https://www.cayennediane.com/wp-content/uploads/Bahamian-Bird-Pepper-300x300.jpg
000317.jpg,https://is2-ssl.mzstatic.com/image/thumb/Purple113/v4/43/8c/bb/438cbb76-d62b-7701-c40e-76b32567d7a4/pr_source.png/643x0w.jpg
000318.jpg,https://steemitimages.com/640x0/https://steemitimages.com/DQmTFvprjapiWUEfv8PV9Tp5uuzSA65puqPrMmCRPDw3rTB/IMG_3474.JPG
000319.jpg,https://image.shutterstock.com/image-photo/handful-small-chilli-peppers-260nw-498692941.jpg
000320.jpg,https://www.deruiterseeds.com/content/dam/deruiterseeds/en/images/product-photography/DeRuiter_Rootstock_Multifort_Studio-Image_NL_01-WEB.jpg
000321.jpg,https://asset-pdf.scinapse.io/prod/2556322373/figures/table-1.jpg
000322.jpg,https://www.tasteofhome.com/wp-content/uploads/2018/01/White-Chili-with-a-Kick_EXPS_CWON19_50104_E06_06_3b-696x696.jpg
000323.jpg,https://alchetron.com/cdn/friggitello-cb92078f-137b-40c0-87ea-74b0a579c95-resize-750.jpg
000324.jpg,https://static.artfire.com/uploads/mfs/items/f4/97/large/f497d5fe9e87fd0820fa36542914e1d14fd616f1fb083170dd4e19eada467172.jpg
000325.jpg,https://www.glueandglitter.com/wp-content/uploads/2011/07/dried-japones-pepper.jpg
000326.jpg,https://i5.walmartimages.com/asr/78d029d2-4dfa-41ab-b9b3-0675a8c92c3d_1.c52a4f83b306a678a71b9ce9094b7ef9.jpeg?odnHeight=450&odnWidth=450&odnBg=FFFFFF
000327.jpg,https://www.thedailymeal.com/sites/default/files/user_img_uploads/u29/damichele_embed_0.jpg
000328.jpg,https://preview.redd.it/zb35w70qc0431.jpg?width=384&auto=webp&s=63f5245df7b5975f40a10dfae16efafa154a76a4
000329.jpg,https://s3.india.com/travel/wp-content/uploads/2015/01/Byadagi-chilli.jpg
000330.jpg,http://www.grandpacooks.com/recipes/wp-content/uploads/2015/12/peppers3.jpg
000331.jpg,https://www.chilipeppermadness.com/wp-content/uploads/2019/04/Thai-Peppers.jpg
000332.jpg,https://image.slidesharecdn.com/pakistanscenarioofchilliproduction-190107121212/95/pakistan-chilli-production-scenario-by-tariq-sarwar-awan-food-technologist-19-638.jpg?cb=1546863414
000333.jpg,http://www.heliotricity.com/wp-content/uploads/2018/01/Haban%CC%83ero-Peppers-with-seeds.jpg
000334.jpg,https://edge.bonnieplants.com/www/uploads/20190122202307/09TOM-3696_Tomato_Fresh_Salsa_v2-480x360.jpg
000335.jpg,https://images.media-allrecipes.com/userphotos/300x300/203275.jpg
000336.jpg,https://upload.wikimedia.org/wikipedia/commons/thumb/3/38/Red_savina_cropped.jpg/220px-Red_savina_cropped.jpg
000337.jpg,https://www.tasteofhome.com/wp-content/uploads/2017/10/Grilled-Cheese-Pepper-Sandwiches_EXPS_SDFM17_42407_B10_07_4b-1-696x696.jpg
000338.jpg,https://3.bp.blogspot.com/-BrwV1Nhz9Do/V7xYLDEQBBI/AAAAAAAAHVE/pKGRcZCrXD83ElwJO5_VW6I_lVvSUEv9QCK4B/s1600/2.jpg
000339.jpg,http://www.heliotricity.com/wp-content/uploads/2018/01/Shipka-Hot-Chile-Peppers.jpg
000340.jpg,https://www.kingsseeds.co.nz/site/kingseeds-2019/images//items/8070.3.jpg
000341.jpg,https://gardenerspath.com/wp-content/uploads/2018/02/Fire-Roasted-Poblano-Queso-Dip.jpg
000342.jpg,https://image.slidesharecdn.com/pakistanscenarioofchilliproduction-190107121212/95/pakistan-chilli-production-scenario-by-tariq-sarwar-awan-food-technologist-15-638.jpg?cb=1546863414
000343.jpg,https://i.ytimg.com/vi/4FG_XSEeyRM/hqdefault.jpg
000344.jpg,https://www.chilipeppermadness.com/wp-content/uploads/2013/09/Espanola-Pepper.jpg
000345.jpg,https://www.thedailymeal.com/sites/default/files/user_img_uploads/u29/helstosky_embed.jpg
000346.jpg,https://files.recipetips.com/images/recipe/casseroles/creamy_red_pepper_chicken_casserole.jpg
000347.jpg,https://images.media-allrecipes.com/userphotos/300x300/659198.jpg
000348.jpg,http://www.heliotricity.com/wp-content/uploads/2018/01/Shipka-Bulgarian-Carrot-Hot-Chile-Peppers.jpg
000349.jpg,https://upload.wikimedia.org/wikipedia/commons/thumb/4/4d/JalapenoPeppers.JPG/220px-JalapenoPeppers.JPG
000350.jpg,https://www.tasteofhome.com/wp-content/uploads/2018/05/exps680_SCS163923B03_29_4b-696x696.jpg
000351.jpg,https://image.slidesharecdn.com/pakistanscenarioofchilliproduction-190107121212/95/pakistan-chilli-production-scenario-by-tariq-sarwar-awan-food-technologist-16-638.jpg?cb=1546863414
000352.jpg,https://is3-ssl.mzstatic.com/image/thumb/Purple113/v4/2a/fa/7d/2afa7dd8-4899-d57f-584d-1ca37d8fafc6/pr_source.png/300x0w.jpg
000353.jpg,https://www.chilipeppermadness.com/wp-content/uploads/2019/09/Rocoto-Peppers.jpg
000354.jpg,https://www.kingsseeds.co.nz/site/kingseeds-2019/images//items/8150.jpg
000355.jpg,https://files.recipetips.com/images/recipe/appetizers_and_snacks/santa_pretzels.jpg
000356.jpg,https://www.thedailymeal.com/sites/default/files/user_img_uploads/u29/scott_embed.jpg
000357.jpg,https://image.slidesharecdn.com/pakistanscenarioofchilliproduction-190107121212/95/pakistan-chilli-production-scenario-by-tariq-sarwar-awan-food-technologist-24-638.jpg?cb=1546863414
000358.jpg,https://images.media-allrecipes.com/userphotos/300x300/4752.jpg
000359.jpg,https://gardenerspath.com/wp-content/uploads/2018/02/51eegxWUEcL.jpg
000360.jpg,https://www.thedailymeal.com/sites/default/files/user_img_uploads/u29/pace_avpn_embed.jpg
000361.jpg,https://www.tasteofhome.com/wp-content/uploads/2017/10/exps86392_TH153342D02_13_2b-696x696.jpg
000362.jpg,https://gardenerspath.com/wp-content/uploads/2019/04/The-Pros-and-Cons-of-Coconut-Coir-Garden-Products-300x200.jpg
000363.jpg,https://edge.bonnieplants.com/www/img/promos/BONNIE-PLANTS_placeholder-480x360px.png
000364.jpg,https://image.slidesharecdn.com/pakistanscenarioofchilliproduction-190107121212/95/pakistan-chilli-production-scenario-by-tariq-sarwar-awan-food-technologist-23-638.jpg?cb=1546863414
000365.jpg,http://www.heliotricity.com/wp-content/uploads/2018/01/Scotch-Bonnet-Chile-Pepper.jpg
000366.jpg,https://gardenerspath.com/wp-content/uploads/2019/03/Best-Deck-Boxes-Cover-300x200.jpg
000367.jpg,https://www.tasteofhome.com/wp-content/uploads/2017/10/Crisp-Spicy-Cucumber-Salad_exps164364_TH2847295B03_07_5bC_RMS-696x696.jpg
000368.jpg,https://upload.wikimedia.org/wikipedia/commons/0/03/Carolina_Reaper_pepper_pods.jpg
000369.jpg,https://image.slidesharecdn.com/pakistanscenarioofchilliproduction-190107121212/95/pakistan-chilli-production-scenario-by-tariq-sarwar-awan-food-technologist-28-638.jpg?cb=1546863414
000370.jpg,https://gardenerspath.com/wp-content/uploads/2019/02/Bicolor-pink-and-white-verbena-flowers-300x200.jpg
000371.jpg,https://www.kingsseeds.co.nz/site/kingseeds-2019/images//items/8050.2.jpg
000372.jpg,https://upload.wikimedia.org/wikipedia/commons/thumb/4/4b/PepperswithscovilleCentralMarketHoustonTX.JPG/1200px-PepperswithscovilleCentralMarketHoustonTX.JPG
000373.jpg,https://upload.wikimedia.org/wikipedia/commons/thumb/a/a3/Green_Chilli_with_Kakroda.jpg/220px-Green_Chilli_with_Kakroda.jpg
000374.jpg,https://www.kingsseeds.co.nz/site/kingseeds-2019/images//items/3490.1.jpg
000375.jpg,https://crimsonpublishers.com/mcda/images/MCDA.000588.G002.png
000376.jpg,https://www.kingsseeds.co.nz/site/kingseeds-2019/images//items/8020A.jpg
000377.jpg,https://www.pepperscale.com/wp-content/uploads/2016/08/Dried-Dundicut-Pepper-2000x1818.jpg
000378.jpg,http://www.chilepeppersrecipes.com/peppers/pepper_images/dundi-in-bowl.jpg
000379.jpg,https://img0.etsystatic.com/041/0/7824311/il_fullxfull.509323072_jlcu.jpg
000380.jpg,http://i.ebayimg.com/images/i/261829581646-0-1/s-l1000.jpg
000381.jpg,https://1a1z1e22ozx83bgjsz17c6ba-wpengine.netdna-ssl.com/wp-content/uploads/Dundicut.jpg
000382.jpg,https://www.chileplants.com/images/chiles/dundicut-pepper-plants.jpg
000383.jpg,https://img0.etsystatic.com/040/0/7824311/il_fullxfull.509323070_hq1a.jpg
000384.jpg,https://images-na.ssl-images-amazon.com/images/I/51TBcv4VBzL._SS40_.jpg
000385.jpg,http://www.chipotlepeppers.net/peppers/pepper_thumbnails/dundicut.jpg
000386.jpg,http://heliotricity.com/images/chile_peppers/Dundicut-%20chile%20248x203.jpg
000387.jpg,http://www.heliotricity.com/wp-content/uploads/2018/01/Dundicut-hot-pepper.jpg
000388.jpg,https://img0.etsystatic.com/040/0/7824311/il_75x75.509323070_hq1a.jpg
000389.jpg,https://img1.etsystatic.com/029/0/7824311/il_fullxfull.509382913_4sxv.jpg
000390.jpg,http://1.bp.blogspot.com/-CAB6ROb7DbY/VKDXsBCFscI/AAAAAAAAALU/dXZG7OK7nQE/s1600/dundicut-pepper.jpg
000391.jpg,https://img1.etsystatic.com/164/0/7824311/il_340x270.1120329007_li1t.jpg
000392.jpg,https://www.penzeys.com/media/3343/dundicuts_4oz_bag.jpg
000393.jpg,https://c8.alamy.com/comp/T2R1WX/owlorganic-dry-dundicut-peppers-in-a-bowl-T2R1WX.jpg
000394.jpg,https://c8.alamy.com/comp/T2R1TY/owlorganic-dry-dundicut-peppers-in-a-bowl-T2R1TY.jpg
000395.jpg,http://l7.alamy.com/zooms/bf5f4aa479d04eb5809ba5300d67dbbb/thailand-dundicut-chili-peppers-ema89a.jpg
000396.jpg,https://c8.alamy.com/comp/T2R1RW/owlorganic-dry-dundicut-peppers-in-a-bowl-T2R1RW.jpg
000397.jpg,https://c8.alamy.com/comp/T2R1RE/owlorganic-dry-dundicut-peppers-in-a-bowl-T2R1RE.jpg
000398.jpg,https://c8.alamy.com/comp/T2R1TX/owlorganic-dry-dundicut-peppers-in-a-bowl-T2R1TX.jpg
000399.jpg,https://c8.alamy.com/comp/T2R1YF/owlorganic-dry-dundicut-peppers-in-a-bowl-T2R1YF.jpg
000400.jpg,https://c8.alamy.com/comp/T2R1XP/owlorganic-dry-dundicut-peppers-in-a-bowl-T2R1XP.jpg
000401.jpg,https://c8.alamy.com/comp/T2R1WY/owlorganic-dry-dundicut-peppers-in-a-bowl-T2R1WY.jpg
000402.jpg,https://c8.alamy.com/comp/T2R1TG/owlorganic-dry-dundicut-peppers-in-a-bowl-T2R1TG.jpg
000403.jpg,https://img0.etsystatic.com/175/0/7824311/il_340x270.1073736548_hs3h.jpg
000404.jpg,http://www.thejlhlife.com/wp-content/gallery/cache/4351__480x360_making-chili-powder-01.jpg
000405.jpg,https://hirascookshack.files.wordpress.com/2016/09/dsc_0048.jpg
000406.jpg,https://sc02.alicdn.com/kf/HTB1nrM9KFXXXXaoXFXXq6xXFXXXi/Dundicut-chilli-supplier.jpg
000407.jpg,https://files.recipetips.com/images/glossary/c/chili_tientsin.jpg
000408.jpg,https://img0.etsystatic.com/121/0/7824311/il_340x270.863775480_4egs.jpg
000409.jpg,http://img.21food.com/20110609/product/1307120261957.jpg
000410.jpg,http://sc02.alicdn.com/kf/HTB1QgU1KFXXXXcNXpXXq6xXFXXXK/Ground-Red-Hot-Chili-Dundicut-Pepper-Powder.jpg
000411.jpg,http://www.cayennediane.com/wp-content/uploads/Chile-de-Arbol.jpg
000412.jpg,https://img1.etsystatic.com/172/0/7824311/il_340x270.1120325183_fpyr.jpg
000413.jpg,https://img0.etsystatic.com/168/0/7824311/il_340x270.1095848214_jdm6.jpg
000414.jpg,https://thumbs.dreamstime.com/b/heap-dried-whole-round-chillis-dundicut-71490303.jpg
000415.jpg,http://www.thejlhlife.com/wp-content/gallery/making-chili-powder/making-chili-powder-12.jpg
000416.jpg,https://upload.wikimedia.org/wikipedia/commons/7/77/Pots_of_Trinidad_Scorpion.jpg
000417.jpg,https://img0.etsystatic.com/196/0/15526253/il_340x270.1260808590_92we.jpg
000418.jpg,http://img.21food.com/20110609/product/1305724075265.jpg
000419.jpg,https://upload.wikimedia.org/wikipedia/en/d/de/Aj%C3%AD_Caballero.jpg
000420.jpg,http://www.thejlhlife.com/wp-content/gallery/making-chili-powder/making-chili-powder-11.jpg
000421.jpg,https://www.commoditymarketing.com/wp-content/uploads/2011/08/chili_dundicut.jpg
000422.jpg,https://img0.etsystatic.com/182/0/9905396/il_340x270.1232490242_3970.jpg
000423.jpg,http://nutralfa.uk/wp-content/uploads/2019/07/Dry-Red-Chilli-Round-Stemless.jpg
000424.jpg,https://s-media-cache-ak0.pinimg.com/236x/31/65/2b/31652be8d17012361e14dd2bafe31dc0.jpg
000425.jpg,https://s-media-cache-ak0.pinimg.com/736x/9d/cf/eb/9dcfebf485c8389c9985c1c892bdded8.jpg
000426.jpg,https://www.chilipeppermadness.com/wp-content/uploads/2018/03/391d45802a606be64095bd7b66c67316.jpg
000427.jpg,https://i.pinimg.com/736x/bd/73/2d/bd732dbe39d33d52f36c73152ce9ad83--chilli.jpg
000428.jpg,http://img.21food.com/20110609/product/1307120974864.jpg
000429.jpg,https://1.bp.blogspot.com/-If1oJYkxP8w/TkJGn2ExzGI/AAAAAAAAEQc/WGPOnCSwM8Y/s1600/Capsicum+annum+Bell+pepper.jpg
000430.jpg,https://s-media-cache-ak0.pinimg.com/736x/04/d1/56/04d156c532421d42b2e0aa0762c15d2f.jpg
000431.jpg,https://s-media-cache-ak0.pinimg.com/736x/b6/80/3c/b6803ccd59a37692fcba9d5ad7883806.jpg
000432.jpg,https://c8.alamy.com/comp/P139TG/spicy-green-serrano-pepper-capsicum-anuum-isolated-P139TG.jpg
000433.jpg,https://www.fataliiseeds.net/wp-content/uploads/fromoldsite/incaberry_harvest-800x800.jpg
000434.jpg,https://www.semillas.de/pepper_fruits/dutch_habanero.jpg
000435.jpg,https://c8.alamy.com/comp/DK7ACN/three-fresh-raw-red-hot-chili-peppers-on-plate-over-light-wooden-background-DK7ACN.jpg
000436.jpg,http://www.adjoema.net/adjoema/madame_jeanette.jpg
000437.jpg,https://www.chilipeppermadness.com/wp-content/uploads/2018/03/806b6e1806566ad52df50ee6cecd90ef.jpg
000438.jpg,http://www.chilepeppersrecipes.com/peppers/pepper_thumbnails/rocotillo.jpg
000439.jpg,http://upload.wikimedia.org/wikipedia/commons/e/ee/Facing_heaven_chili.jpg
000440.jpg,http://www.thejlhlife.com/wp-content/gallery/making-chili-powder/making-chili-powder-05.jpg
000441.jpg,http://www.thejlhlife.com/wp-content/gallery/cache/4356__480x360_making-chili-powder-06.jpg
000442.jpg,https://sc01.alicdn.com/kf/UTB8UrJdl__IXKJkSalUq6yBzVXag/Hot-Chilli-Dried-Red-Whole-Stemless-Longi.jpg
000443.jpg,http://www.chilepeppersrecipes.com/peppers/pepper_thumbnails/aji.jpg
000444.jpg,https://i.pinimg.com/236x/be/82/c8/be82c822f29483ba238ab4c33ff3b0fc--diablo-the-fruit.jpg
000445.jpg,http://www.chilepeppersrecipes.com/peppers/pepper_thumbnails/jalapeno.jpg
000446.jpg,https://c8.alamy.com/comp/PN1J5X/dried-red-pepper-chilli-flakes-in-a-glass-bowl-isolated-on-white-background-PN1J5X.jpg
000447.jpg,http://www.thejlhlife.com/wp-content/gallery/making-chili-powder/making-chili-powder-07.jpg
000448.jpg,http://www.chilepeppersrecipes.com/peppers/pepper_thumbnails/habanero.jpg
000449.jpg,http://nutralfa.uk/wp-content/uploads/2018/11/Dried-Red-Chili-Stemless-Peppers2.jpg
000450.jpg,https://c8.alamy.com/comp/DK7CKE/fresh-raw-red-hot-chili-peppers-on-plate-over-light-wooden-background-DK7CKE.jpg
000451.jpg,https://c8.alamy.com/compde/s02332/red-hot-chili-peppers-s02332.jpg
000452.jpg,https://c8.alamy.com/comp/DK7CN9/fresh-raw-red-hot-chili-peppers-on-plate-over-light-wooden-background-DK7CN9.jpg
000453.jpg,https://plantfreak.files.wordpress.com/2012/04/013.jpg
000454.jpg,https://c8.alamy.com/comp/DK7A5N/fresh-raw-red-hot-chili-peppers-on-plate-arranged-in-a-letter-shape-DK7A5N.jpg
000455.jpg,https://c8.alamy.com/comp/CNFX5D/red-chili-peppers-in-a-wooden-bowl-CNFX5D.jpg
000456.jpg,http://nutralfa.uk/wp-content/uploads/2018/11/Dried-Red-Chili-Stemless-Peppers1-282x300.jpg
000457.jpg,https://c8.alamy.com/comp/DK7A49/closeup-of-three-fresh-raw-red-hot-chili-peppers-on-plate-DK7A49.jpg
000458.jpg,http://www.chilepeppersrecipes.com/peppers/pepper_thumbnails/caribbean-red.jpg
000459.jpg,http://www.chilepeppersrecipes.com/peppers/pepper_thumbnails/fresno.jpg
000460.jpg,http://www.chilepeppersrecipes.com/peppers/pepper_thumbnails/cayenne.jpg
000461.jpg,http://www.minhas.net/fun/chillies/pictures/dundicut.jpg
000462.jpg,http://farm3.static.flickr.com/2606/4107484116_5c7fa9ba25_o.jpg
000463.jpg,http://files.recipetips.com/images/glossary/p/pepper_piparras_chile.jpg
000464.jpg,https://c8.alamy.com/comp/DK7AC1/fresh-raw-red-hot-chili-peppers-on-plate-arranged-in-a-letter-shape-DK7AC1.jpg
000465.jpg,https://c8.alamy.com/comp/CTFD84/hot-chili-peppers-green-CTFD84.jpg
000466.jpg,https://thumbs.dreamstime.com/b/close-up-dried-red-peppers-red-chillis-dried-red-peppers-red-chillis-109612334.jpg
000467.jpg,http://www.heliotricity.com/images/chile_peppers/bell-pepper-400x400.jpg
000468.jpg,http://www.chipotlepeppers.net/peppers/pepper_thumbnails/naga-jolokia.jpg
000469.jpg,https://plantfreak.files.wordpress.com/2012/04/chiltepin-pepper-plant.jpg
000470.jpg,http://www.chilepeppersrecipes.com/peppers/pepper_thumbnails/korean.jpg
000471.jpg,http://farm3.static.flickr.com/2710/4089339827_4f375b042b_o.jpg
000472.jpg,https://c8.alamy.com/comp/RPF4JX/ground-paprika-in-a-wooden-bowl-with-a-scoop-isolated-on-a-white-background-RPF4JX.jpg
000473.jpg,http://www.thejlhlife.com/wp-content/gallery/making-chili-powder/making-chili-powder-14.jpg
000474.jpg,https://media.buzzle.com/media/images-en/photos/vegetables/600-38028316-chili-pequin.jpg
000475.jpg,http://www.chilepeppersrecipes.com/peppers/pepper_thumbnails/naga-viper.jpg
000476.jpg,http://www.thejlhlife.com/wp-content/gallery/making-chili-powder/making-chili-powder-03.jpg
000477.jpg,https://thumbs.dreamstime.com/b/fresh-oregano-sprigs-bunch-separated-leaves-cutting-board-fresh-oregano-sprigs-separated-leaves-108068743.jpg
000478.jpg,https://c8.alamy.com/comp/DYJK9E/small-portion-of-dried-chilli-strings-on-wooden-background-DYJK9E.jpg
000479.jpg,http://www.chilepeppersrecipes.com/peppers/pepper_thumbnails/nora.jpg
000480.jpg,https://subzi.pk/wp-content/uploads/2018/10/organic-cinnamon-sticks-500x500-300x300.jpg
000481.jpg,http://www.chilepeppersrecipes.com/peppers/pepper_thumbnails/mulato.jpg
000482.jpg,https://myhalalkitchen.com/wp-content/uploads/pine-nuts.jpg
000483.jpg,https://c8.alamy.com/comp/F26WXN/home-grown-fresh-long-green-and-red-chillis-F26WXN.jpg
000484.jpg,https://c8.alamy.com/comp/S2JYM1/fresh-green-thai-peppers-piled-in-a-bin-on-display-and-for-sale-at-the-local-produce-vendor-S2JYM1.jpg
000485.jpg,https://c8.alamy.com/comp/BXWMTR/capsicum-annuum-or-chili-peppers-drying-to-make-hungarian-paprika-BXWMTR.jpg
000486.jpg,https://thumbs.dreamstime.com/b/air-dried-chillis-pumpkins-deli-trevélez-village-las-alpujarras-autumm-air-dried-chillis-pumpkins-deli-124409493.jpg
000487.jpg,http://www.growyouthful.com/images/cayenne_pepper.jpg
000488.jpg,https://thumbs.dreamstime.com/b/dried-chillis-17145001.jpg
000489.jpg,https://c8.alamy.com/comp/B4FC8F/chili-peppers-put-outside-for-drying-bangkok-thailand-B4FC8F.jpg
000490.jpg,https://c8.alamy.com/comp/E1AG1H/red-hot-thai-peppers-agains-a-white-canvas-background-E1AG1H.jpg
000491.jpg,https://hirascookshack.files.wordpress.com/2017/01/wordpress1.jpg
000492.jpg,https://tastykitchen.com/wp-content/uploads/sites/2/avatars/12099/b15f45c0008e8d02c17adcf5c11e1dd2-bpthumb.jpg
000493.jpg,https://thumbs.dreamstime.com/b/portion-red-chillis-selective-focus-close-up-shot-wooden-background-68391165.jpg
000494.jpg,https://www.bastropcages.com/500_500_csupload_37541355.jpg
000495.jpg,https://thumbs.dreamstime.com/b/portion-red-chillis-selective-focus-close-up-shot-wooden-background-68501042.jpg
000496.jpg,https://c8.alamy.com/comp/PFMP0T/grilled-spicy-chicken-satay-on-skewers-on-a-white-rectangular-plate-with-peanut-sauce-red-chili-peppers-lime-slices-and-parsley-at-background-view-PFMP0T.jpg
000497.jpg,https://hirascookshack.files.wordpress.com/2016/12/23.jpg
000498.jpg,https://5.imimg.com/data5/KR/BJ/MY-14621244/fresh-red-chilli-250x250.jpg
000499.jpg,http://www.kitchenwindow.net/KitchenWindow/H_News1303_Global/KW_Images/IMGP2871.jpg
000500.jpg,http://www.acornadvisors.com/2013_Knews/03-07-13_Global/images_Global/IMGP2862.jpg
000501.jpg,http://www.acornadvisors.com/2013_Knews/03-07-13_Global/images_Global/IMGP2922.jpg
000502.jpg,http://derryx.com/wp-content/uploads/2013/09/IMG_0167-574x430.jpg
000503.jpg,https://static.artfire.com/uploads/mfs/items/ad/fd/large/adfd5829e4e37210d5c142ac91506052f36fa41045105121380f9239460019f3.jpg
000504.jpg,http://l7.alamy.com/zooms/e8654f40fbb8400096541bfb45ea9fbf/tree-branch-knot-on-tree-trunk-resembling-eye-da2hg9.jpg
