image,source
000001.jpg,https://www.pepperscale.com/wp-content/uploads/2015/01/fatalii-pepper_1-768x512.jpg
000002.jpg,https://cdn.shopify.com/s/files/1/0276/5253/products/DSC_0211_crop_for_website.jpg?v=1489425444
000003.jpg,http://cdn.shopify.com/s/files/1/1063/1756/products/Fatalii_Pepper_1200x1200.jpg?v=1551225066
000004.jpg,https://i.ytimg.com/vi/WHgFTZnyC-Q/maxresdefault.jpg
000005.jpg,https://cdn11.bigcommerce.com/s-f6cx4kq/images/stencil/1280x1280/products/109/1161/fatalii_pepper_tyler_farms__38134.1549341611.png?c=2&imbypass=on
000006.jpg,https://www.superhotchiles.com/wp-content/uploads/2018/04/Fatalii-Hot-Pepper-seeds.jpg
000007.jpg,http://www.specialtyproduce.com/sppics/11290.png
000008.jpg,https://cdn.shopify.com/s/files/1/0129/8922/products/Fatali-pepper_-chili-1_8538d6de-a243-4d51-ac2f-8c5a37860ac7_grande.jpg?v=1487922101
000009.jpg,https://upload.wikimedia.org/wikipedia/commons/4/4f/FataliScale.JPG
000010.jpg,https://images-na.ssl-images-amazon.com/images/I/61ismhXX1QL._SL1024_.jpg
000011.jpg,https://cdn11.bigcommerce.com/s-c3s1a/images/stencil/1280x1280/products/700/854/874011000997__66165.1391975798.jpg?c=2&imbypass=on
000012.jpg,https://croatianseeds-store.com/images/stories/virtuemart/product/FataliiWhite3.jpg
000013.jpg,http://www.tomatogrowers.com/images/9290.jpg
000014.jpg,https://i0.wp.com/specialtygardensonline.com/wp-content/uploads/2017/08/fatalii-yellow--e1503601830301.jpg?fit=480%2C332&ssl=1
000015.jpg,https://www.chilipeppermadness.com/wp-content/uploads/2013/10/Fatalii-Pepper.jpg
000016.jpg,https://jakeseed.com/wp-content/uploads/2018/12/Fatalii-1.jpg
000017.jpg,https://usercontent1.hubstatic.com/8796476_f496.jpg
000018.jpg,https://www.chileseeds.co.uk/wp-content/uploads/2016/10/yellowfataliichilliseeds.jpg
000019.jpg,https://images-na.ssl-images-amazon.com/images/I/51vDhfOrehL._SY355_.jpg
000020.jpg,https://www.kentchillifarm.co.uk/wp-content/uploads/2017/06/fatalii-seed-pack.jpg
000021.jpg,https://i.etsystatic.com/18891878/r/il/2b5170/1681115870/il_570xN.1681115870_8uo2.jpg
000022.jpg,https://cdn1.bigcommerce.com/server700/5mvrqhbm/products/1515/images/151103/fatalii_pepper__86873.1544144270.1280.1280.JPG?c=2
000023.jpg,https://www.pepperseeds.eu/pub/media/catalog/product/cache/b56a9049443cfaeedfe24666b14227c1/c/h/chili_seeds_fatalii_g.jpg
000024.jpg,http://justpicked.com/files/project/items/peppers/24_FataliiPepper141013.jpg
000025.jpg,https://pepperhead.com/wp-content/uploads/2016/12/Fatalii-e1529503773212.jpg
000026.jpg,https://i.etsystatic.com/6385340/r/il/faca96/568752038/il_570xN.568752038_bmsz.jpg
000027.jpg,https://static.artfire.com/img/1x/crop/512/512/0/uploads/mfs/items/13/c0/13c0a47d28dcac21b46becee308660e74d56fa4b37d4d5c9c7275e9dea34f704.jpg
000028.jpg,https://cdn.shopify.com/s/files/1/0200/5036/products/02825_740x.jpeg?v=1421773397
000029.jpg,https://cdn.shopify.com/s/files/1/0871/0950/products/Fatali-Hot-Pepper-Seeds_1024x1024.jpg?v=1548196246
000030.jpg,https://images-na.ssl-images-amazon.com/images/I/71azd7bet%2BL._SL1500_.jpg
000031.jpg,https://www.chilliseedbank.com.au/media/catalog/product/cache/image/720x560/4c3462793ba5f87d7658a49338bdb5e2/y/e/yellow_fatalii.jpg
000032.jpg,https://thehippyseedcompany.com/wp-content/uploads/2019/06/Jigsaw-ws.jpg
000033.jpg,https://cdn1.bigcommerce.com/server700/5mvrqhbm/products/4658/images/150630/fatalii-red-pepper__32966.1522258050.1280.1280.jpg?c=2
000034.jpg,http://rahiseedbank.com/wp-content/uploads/2014/07/r16.jpg
000035.jpg,https://www.fataliiseeds.net/wp-content/uploads/fromoldsite/white_fatalii-800x800.jpg
000036.jpg,https://images-na.ssl-images-amazon.com/images/I/61fm0nbn3yL._SX466_.jpg
000037.jpg,https://cdn.shopify.com/s/files/1/0200/5036/products/White_fatalii_740x.jpg?v=1562304683
000038.jpg,https://www.fataliiseeds.net/wp-content/uploads/fromoldsite/clavo_red_001-800x800.jpg
000039.jpg,https://markdaviesseeds.co.uk/content/images/thumbs/0003067_fatalii-chilli-10-quality-seeds_550.jpeg
000040.jpg,https://www.magicgardenseeds.com/pics/mgs/1226/1000/Yellow-African-Fatalii-Chilli-Pepper-(Capsicum-chinense).jpg
000041.jpg,https://www.chillibritain.co.uk/image/cache/catalog/Plants/fatalii%20pods%20web-500x500.jpg
000042.jpg,https://chilli-seedz.com/wp-content/uploads/2015/07/White-Fatalli-Chilli-Pepper-Plant-Seeds.jpg
000043.jpg,https://cdn.shopify.com/s/files/1/1122/4336/products/fatalli_pepper_large.jpg?v=1514656650
000044.jpg,https://www.fataliiseeds.net/wp-content/uploads/fromoldsite/aji_fantasy3445-640x640.jpg
000045.jpg,https://www.ukchilliseeds.co.uk/ekmps/shops/chilliwizard/images/red-fatalii-x-10-seeds-478-1-p.jpg
000046.jpg,https://cf.shopee.com.my/file/cea1fa0fc38c99a2712323633d2df5af
000047.jpg,https://www.ilikeithot.eu/wp-content/uploads/2018/08/Fatali-VolimLjuto.jpg
000048.jpg,https://cdn1.bigcommerce.com/server700/5mvrqhbm/products/5384/images/149872/fatalii-pepper-white-x__42232.1519622302.1280.1280.jpg?c=2
000049.jpg,https://res.cloudinary.com/teepublic/image/private/s--vTT7WWHI--/t_Resized%20Artwork/c_fit,g_north_west,h_954,w_954/co_ffffff,e_outline:35/co_ffffff,e_outline:inner_fill:35/co_ffffff,e_outline:35/co_ffffff,e_outline:inner_fill:35/co_bbbbbb,e_outline:3:1000/c_mpad,g_center,h_1260,w_1260/b_rgb:eeeeee/c_limit,f_jpg,h_630,q_90,w_630/v1549736160/production/designs/4170836_0.jpg
000050.jpg,https://i.ebayimg.com/images/g/zNwAAOSwzt1dd65p/s-l300.jpg
000051.jpg,https://cdn.shopify.com/s/files/1/1904/8475/products/fat_20_1.jpg?v=1500653048
000052.jpg,https://s3.envato.com/files/268071105/Fatalii-3-Edit%20copy.jpg
000053.jpg,https://cdn.shopify.com/s/files/1/0220/1512/products/CP_096_-_Red_Fatalii.jpg?v=1540538395
000054.jpg,https://previews.123rf.com/images/gasparij/gasparij1609/gasparij160900134/65610562-ripe-fresh-fatalii-yellow-chili-hot-pepper-with-green-stem-isolated-on-white-background.jpg
000055.jpg,https://www.heirloomseedsolutions.com/wp-content/uploads/2017/10/products-707-2.jpg
000056.jpg,https://i.ebayimg.com/images/g/Up0AAOSwAzZbPuIT/s-l300.png
000057.jpg,https://www.seedsbydesign.com/_ccLib/image/plants/DETA-1173.jpg
000058.jpg,https://webaruhaz.kertlap.hu/wp-content/uploads/2017/12/Fatalii2.jpg
000059.jpg,http://www.htpepper.com/wp-content/uploads/2015/11/Fatalii01.jpg
000060.jpg,https://i.etsystatic.com/18420760/r/il/7b85d8/1614448766/il_570xN.1614448766_r3mo.jpg
000061.jpg,http://rahiseedbank.com/wp-content/uploads/2014/07/r1111.jpg
000062.jpg,https://portalvhds26k4f5tktj3ck.blob.core.windows.net/spotpics/sp43762.jpg
000063.jpg,https://i.ytimg.com/vi/OPGaKc5CfRA/maxresdefault.jpg
000064.jpg,https://www.superhotchiles.com/wp-content/uploads/2018/04/Fatalii-Red-Pepper-seeds.jpg
000065.jpg,https://res.cloudinary.com/teepublic/image/private/s--_jx6lwVw--/t_Preview/b_rgb:ffffff,c_lpad,f_jpg,h_630,q_90,w_1200/v1549736160/production/designs/4170859_0.jpg
000066.jpg,https://i0.wp.com/www.peppersbymail.com/wp-content/uploads/2016/09/20161001_172824.jpg?fit=2560%2C1536
000067.jpg,https://fatalii.net/jigsaw/2.jpg
000068.jpg,https://juanitospeppers.com/assets/fataliipepper.jpg
000069.jpg,https://www.fataliiseeds.net/wp-content/uploads/fromoldsite/lemon_drop_mature_001-800x800.jpg
000070.jpg,https://usercontent1.hubstatic.com/8865382_f520.jpg
000071.jpg,https://apinchof.com.au/wp-content/uploads/2019/03/IMG_0024.jpg
000072.jpg,https://i.ebayimg.com/images/g/JiQAAOSwLMtbURhK/s-l300.jpg
000073.jpg,http://i.imgur.com/bUsOkYt.jpg
000074.jpg,https://i.etsystatic.com/10286820/r/il/d83143/752404041/il_570xN.752404041_9dfp.jpg
000075.jpg,https://cdn11.bigcommerce.com/s-cg0adf/images/stencil/1280x1280/products/264/461/Fatalii_White_2__71070.1402570868.jpg?c=2&imbypass=on
000076.jpg,http://www.peppersbymail.com/wp-content/uploads/2015/07/red_fatalii_06.jpg
000077.jpg,https://previews.123rf.com/images/lumir77/lumir771212/lumir77121200016/16847250-ripened-yellow-chili-peppers-on-the-plant-fatalii.jpg
000078.jpg,http://i1028.photobucket.com/albums/y347/chileaddict/Chile%20Pods%202011/Screenshot2011-09-17at42547PM.png
000079.jpg,https://s3.amazonaws.com/mygardenlife.com/plant-library/full/6255_18.jpg
000080.jpg,https://media.istockphoto.com/photos/fatalii-hot-yellow-chili-pepper-central-and-southern-africa-picture-id468715844
000081.jpg,https://cdn11.bigcommerce.com/s-nkmosmoif8/images/stencil/500x659/products/1464/1082/Pepper_Hot_Fatalii_Capsicum_Chinense_Heirloom_Seeds__27595.1540631816.jpg?c=2&imbypass=on
000082.jpg,https://pepperheadsforlife.com/wp-content/uploads/2015/01/fatalii-pepper.jpg
000083.jpg,https://t7-live-fsmn.nyc3.cdn.digitaloceanspaces.com/friendsschoolplantsale.com/files/images/variety/v-Pepper-CapezzolidiScimmia-Fatalii.jpg
000084.jpg,https://www.picclickimg.com/d/l400/pict/371886675408_/Vegetable-Hot-Chilli-Pepper-Fatalii-40.jpg
000085.jpg,https://www.southdevonchillifarm.co.uk/images/detailed/1/fatalliseeds1100.jpg
000086.jpg,https://static.wixstatic.com/media/9bcda3_5b496180f8684b15b4b7d73f09236dc3~mv2_d_1537_2049_s_2.jpg/v1/fit/w_498,h_663,q_90/file.jpg
000087.jpg,https://i0.wp.com/www.peppersbymail.com/wp-content/uploads/2016/09/20161013_123533.jpg?fit=2560%2C1536
000088.jpg,https://i.imgur.com/d5IFQiy.jpg
000089.jpg,http://cdn.shopify.com/s/files/1/1435/2784/articles/Capsicum_chinense_Fatalii_1400x_f561116d-0646-4b6f-9cf7-e8584d97c308_1200x1200.jpg?v=1537689630
000090.jpg,https://i.etsystatic.com/5689121/r/il/0a01ab/1153215148/il_794xN.1153215148_jh39.jpg
000091.jpg,https://chilli-seedz.com/wp-content/uploads/2015/07/Fatalli-Gourmet-Jigsaw.jpg
000092.jpg,https://cdn.thehippyseedcompany.com/wp-content/uploads/2017/06/Peach-Fatali-web-2.jpg
000093.jpg,http://cdn.shopify.com/s/files/1/1022/5071/products/chocolate-fatalii-pepper-seed-capsicum-chinense-one-of-the-world-hottest-chilies-related-to-habanero-heirloom-vegetable-seed-2_1024x1024.jpg?v=1565027778
000094.jpg,http://www.chiliszoszok.hu/img/7378/224562/400x400/224562.jpg
000095.jpg,https://previews.123rf.com/images/lumir77/lumir771212/lumir77121200004/16678752-background-chili-peppers-fatalii-yellow.jpg
000096.jpg,https://i.pinimg.com/originals/48/42/63/4842630bc540d23a74ad7c07cc875f30.jpg
000097.jpg,http://img.bidorbuy.co.za/image/upload/user_images/651/390651_110410200209_Fatalii_Chilli_Pepper2.JPG
000098.jpg,https://fatalii.net/chile/kuvat/dh_maturing3453.jpg
000099.jpg,https://www.chillihead.co.za/image/cache/data/products/yellowfatalii-600x315.jpg
000100.jpg,https://archive.kiza.eu/media/gallery/2014/Fatalii_Chili_Fruit-IMG_0488.JPG
000101.jpg,https://previews.123rf.com/images/duki/duki1408/duki140800047/30987533-yellow-fatalii-chili-pepper-isolated-on-a-white-background.jpg
000102.jpg,https://www.cayennediane.com/wp-content/uploads/Fatalii.jpg
000103.jpg,https://pepperhead.com/wp-content/uploads/2016/11/Fatalii-Gourmet-Jigsaw.jpg
000104.jpg,https://www.pepperworldhotshop.com/out/pictures/master/product/1/fatalii_green_sn017_1.jpg
000105.jpg,https://i.ebayimg.com/images/g/YFAAAOSwBahVfxuk/s-l300.jpg
000106.jpg,https://kitchen-garden.be/wp-content/uploads/Fatalii-Chilli.jpg
000107.jpg,https://ghostpepperstore.com/assets/images/freshpeppers/fataliijigsaw.jpg
000108.jpg,https://st4.depositphotos.com/3147771/29908/i/1600/depositphotos_299081734-stock-photo-fatalii-pepper-c-chinense-paths.jpg
000109.jpg,http://panoramahoteldubai.info/wp-content/uploads/2018/08/fatali-pepper-yellow-ghost-pepper-fatalii-pepper-heat.jpg
000110.jpg,https://cdn.shopify.com/s/files/1/0220/1512/products/CP_300_-_Fatalii_White_3ad1f644-e48a-4aa7-90bc-bb3897287c9c.jpg?v=1540538502
000111.jpg,https://smokingjsfieryfoods.com/wp-content/uploads/2014/01/p-320-Fatalii-Mash.png
000112.jpg,https://cdn.shopify.com/s/files/1/0871/0950/files/Fatalli-Pepper-Salsa-Recipe_ceeb12d4-a7aa-4d0c-9166-2bee0be48748.jpg?v=1543424856
000113.jpg,https://cdn.shopify.com/s/files/1/1154/4274/products/fatalii_1024x1024.jpg?v=1520311535
000114.jpg,https://fatalii.net/jigsaw/1.jpg
000115.jpg,http://www.gruppopadana.com/3362-large_default/fatalii.jpg
000116.jpg,https://i.ebayimg.com/images/g/GpYAAOSw6S5dOUX8/s-l300.jpg
000117.jpg,https://i.pinimg.com/originals/c4/b7/c1/c4b7c11d483741c188b07f9cdc22ce3d.jpg
000118.jpg,https://farm5.staticflickr.com/4593/24406511287_6770848f88_b.jpg
000119.jpg,https://www.fataliiseeds.net/wp-content/uploads/2018/03/burundi_pepper34.jpg
000120.jpg,http://thehotpepper.com/uploads/monthly_07_2015/post-10703-0-56203800-1436921424.jpg
000121.jpg,https://previews.123rf.com/images/gasparij/gasparij1609/gasparij160900171/66233113-ripe-fresh-fatalii-yellow-chili-hot-pepper-with-green-stem-isolated-on-white-background.jpg
000122.jpg,https://cdn1.bigcommerce.com/server700/5mvrqhbm/products/4005/images/144046/chocolate_fatalii_pepper__37355.1475552636.1280.1280.jpg?c=2
000123.jpg,https://i2.wp.com/www.peppersbymail.com/wp-content/uploads/2015/02/red_fatalii_05.jpg?fit=1280%2C960
000124.jpg,https://www.ukchilliseeds.co.uk/ekmps/shops/chilliwizard/images/fatalii-x-red-savina-habanero-hybred-[2]-686-p.jpg
000125.jpg,https://c8.alamy.com/comp/J4AEDD/fatalii-chilli-J4AEDD.jpg
000126.jpg,https://chilli-seedz.com/wp-content/uploads/2016/01/IMG_1228-1.jpg
000127.jpg,https://thumbs.dreamstime.com/z/isolated-fatalii-pepper-26662090.jpg
000128.jpg,https://i.ytimg.com/vi/WHgFTZnyC-Q/hqdefault.jpg
000129.jpg,https://media.istockphoto.com/photos/fatalii-hot-yellow-chili-pepper-central-and-southern-africa-picture-id468774820?k=6&m=468774820&s=612x612&w=0&h=Wf1CisVPnf7ek1SRn14InAYh82AXg4mfHXBYwykpFW4=
000130.jpg,https://usercontent1.hubstatic.com/8796470_f496.jpg
000131.jpg,https://cdn1.bigcommerce.com/server700/5mvrqhbm/products/4268/images/144577/fatalii-sweet-red-pepper__64256.1475553522.1280.1280.jpg?c=2
000132.jpg,https://www.fataliiseeds.net/wp-content/uploads/2018/10/moruglah1.jpg
000133.jpg,https://image.shutterstock.com/image-photo/fatalii-chili-pepper-600w-319419563.jpg
000134.jpg,https://previews.123rf.com/images/gasparij/gasparij1609/gasparij160900072/65541857-two-ripe-fresh-fatalii-yellow-chili-hot-pepper-with-green-stem-isolated-on-white-background.jpg
000135.jpg,https://images-na.ssl-images-amazon.com/images/I/61rApOORcNL._SX425_.jpg
000136.jpg,http://www.gastronomicgardener.com/wp-content/uploads/Fatalli-sambal-Feature-1500x598.jpg
000137.jpg,https://www.seedwise.com/assets/uploads/listings/main/54cd4f00b186d.jpg
000138.jpg,https://flowerseeds.co.nz/image/cache/catalog/fatali_jigsaw_-pepper_hot_640x434-630x552.jpg
000139.jpg,https://c8.alamy.com/comp/JC6ED3/yellow-fatalii-chili-pepper-isolated-on-a-white-background-JC6ED3.jpg
000140.jpg,http://i165.photobucket.com/albums/u56/hyperstriper/ChiliPeppers_2009/Fatalii-Multi-Color-Pod-072.jpg
000141.jpg,https://www.pepperseeds.eu/pub/media/catalog/product/cache/51e4881dc4e265ed9adcb710d483ab73/f/a/fatalii.jpg
000142.jpg,https://usercontent2.hubstatic.com/8865381_f520.jpg
000143.jpg,https://steemitimages.com/640x0/http://steepshot.org/api/v1/image/6bb86e3c-7f54-48bb-9770-a622e59db921.jpeg
000144.jpg,https://knowledgeandpraxis.files.wordpress.com/2012/10/p1010055.jpg?w=584
000145.jpg,http://anida.info/wp-content/uploads/2018/05/fatalii-peppers-heirloom-fatalii-pepper-hot-sauce-recipe.jpg
000146.jpg,http://www.hotchi.li/wp-content/uploads/2015/09/Fatalii-x-TSMBF3-01.jpg
000147.jpg,https://ghostpepperstore.com/assets/images/FreshPeppers/FataliiYellow.jpg
000148.jpg,http://www.fieryfoodscentral.com/wp-content/uploads/2008/06/chinense_fatalii.jpg
000149.jpg,https://images.fineartamerica.com/images/artworkimages/mediumlarge/1/fatalii-gourmet-jigsaw-fabrizio-troiani.jpg
000150.jpg,https://www.ukchilliseeds.co.uk/ekmps/shops/chilliwizard/images/fatalii-gourmet-jigsaw-uk-exclusive-473-p.jpg
000151.jpg,https://www.hydroponics.eu/officinal-medical-vegetables-and-chilli-pepper-seeds/chilli-seeds-bank/vogliapiccante-pepper-seeds-fatalii-white~Img_Principale_34052.jpg
000152.jpg,https://static.wixstatic.com/media/d45f52_14192971f061493c83f07ea594a4d3c7~mv2_d_4672_2628_s_4_2.jpg/v1/fill/w_480,h_270,al_c,q_85,usm_0.66_1.00_0.01/d45f52_14192971f061493c83f07ea594a4d3c7~mv2_d_4672_2628_s_4_2.jpg
000153.jpg,https://img3.sellersourcebook.com/users/143753/red_fatalii_1479180661.jpg
000154.jpg,https://images-na.ssl-images-amazon.com/images/I/81CrNLcITsL._SX355_.jpg
000155.jpg,https://previews.123rf.com/images/lumir77/lumir771212/lumir77121200002/16678756-fatalii-yellow-ripening-on-the-bush-close-up.jpg
000156.jpg,https://c8.alamy.com/comp/XEFMWE/isolated-fatalii-pepper-XEFMWE.jpg
000157.jpg,https://spicefreakblog.files.wordpress.com/2019/09/fataliiorange.jpg?w=636
000158.jpg,https://www.chillies4u.co.uk/wp-content/uploads/2018/02/fatalii.jpg
000159.jpg,https://www.chili-shop24.com/media/image/99/d3/61/102211_01_600x600.jpg
000160.jpg,http://i1205.photobucket.com/albums/bb434/Spicegeist/July%202012/y7xfat.jpg
000161.jpg,http://panoramahoteldubai.info/wp-content/uploads/2018/08/fatali-pepper-here-is-a-pic-taken-a-few-minutes-ago-fatalii-pepper-hot-sauce-recipe.jpg
000162.jpg,https://nomadicimagery.com/wp-content/uploads/Fatalii-Chili-7249-900x621.jpg
000163.jpg,https://i.ytimg.com/vi/xrIEe5sQNno/maxresdefault.jpg
000164.jpg,https://gentlemint-media.s3.amazonaws.com/images/2012/10/17/6e964bdd.jpg.505x650_q85.jpg
000165.jpg,https://i.pinimg.com/originals/f5/94/11/f594113e6dde2307ab06cf46ecbda0a6.jpg
000166.jpg,https://thumbs.dreamstime.com/z/two-ripe-fresh-fatalii-yellow-chili-hot-pepper-green-stem-white-background-77478417.jpg
000167.jpg,https://www.fataliiseeds.net/wp-content/uploads/fromoldsite/ramiro3-640x640.jpg
000168.jpg,https://knowledgeandpraxis.files.wordpress.com/2012/10/p1010032.jpg
000169.jpg,https://italianchilli.com/31-large_default/fatalii-seeds.jpg
000170.jpg,https://i.etsystatic.com/17951386/c/1500/1191/0/567/il/575114/1926104635/il_340x270.1926104635_i05d.jpg
000171.jpg,https://www.picclickimg.com/00/s/NTAwWDUwMA==/z/nIsAAOSw7XBY8O-A/$/Hot-Chili-Pepper-FATALII-YELLOW-10-20-_1.jpg
000172.jpg,https://media.istockphoto.com/photos/two-ripe-fresh-fatalii-yellow-chili-hot-pepper-picture-id607279104
000173.jpg,https://fatalii.net/vilautus.jpg
000174.jpg,http://tropicalplantbook.com/Herbs_and_Spices/peppers/chinensis/Fatalii-pepper-400.jpg
000175.jpg,https://chilli-seedz.com/wp-content/uploads/2016/09/Red-Fatalii-5-900x900.jpg
000176.jpg,https://images.bonanzastatic.com/afu/images/adad/828c/342a_5804220889/51yzgjt-tjl._sl1500_.jpg
000177.jpg,https://www.pepperworldhotshop.com/out/pictures/master/product/1/fataliiyellowpflanze_pj100.jpg
000178.jpg,https://s.ecrater.com/stores/59305/58c6a68addcf6_59305n.jpg
000179.jpg,https://pbs.twimg.com/media/EDP9o7VWwAAbhro.jpg
000180.jpg,https://cdn.webshopapp.com/shops/60827/files/161100698/image.jpg
000181.jpg,https://previews.123rf.com/images/gasparij/gasparij1609/gasparij160900067/65541853-ripe-fresh-fatalii-yellow-chili-hot-pepper-with-green-stem-isolated-on-white-background.jpg
000182.jpg,https://i.imgur.com/34tFSOp.jpg
000183.jpg,https://i.ytimg.com/vi/jZuYK3QEtq0/maxresdefault.jpg
000184.jpg,http://panoramahoteldubai.info/wp-content/uploads/2018/08/fatali-pepper-chocolate-seeds-pepper-hut-fatalii-pepper-sauce-recipe.jpg
000185.jpg,https://static.wixstatic.com/media/9bc169_3a8307cc06f54c7095e6bb1a39c4b163.jpg/v1/fill/w_542,h_457,al_c,lg_1,q_85/9bc169_3a8307cc06f54c7095e6bb1a39c4b163.jpg
000186.jpg,https://media.gettyimages.com/photos/ripe-fresh-fatalii-yellow-chili-hot-pepper-with-green-stem-picture-id607279020
000187.jpg,https://greenpatchseeds.com.au/images/cache/Vegetables/Chilli_Fatali.500.jpg
000188.jpg,https://www.fataliiseeds.net/wp-content/uploads/fromoldsite/vilautus2-800x800.jpg
000189.jpg,https://thechillifactory.com/images/products/IMG_2840_The_Chilli_Factory_New_chilli_chili_Seeds_2015.jpg
000190.jpg,https://ghostpepperstore.com/assets/images/freshpeppers/jalataliiy2.jpg
000191.jpg,https://www.organicgardener.com.au/sites/default/files/styles/620x/public/images/blogs/Fatalii.jpg?itok=lmd0-D5v
000192.jpg,https://image.shutterstock.com/image-photo/fatalii-chili-pepper-260nw-319419689.jpg
000193.jpg,http://www.bmcguitar.com.au/gallery/var/albums/Chilli-Growing-Season-2016-2017/Fatalii1.JPG?m=1484820463
000194.jpg,https://cdn.shopify.com/s/files/1/0276/5253/products/IMG_5011_crop_for_website_b0ea5cda-d110-4575-a8c8-cd234843dba6_large.jpg?v=1489425560
000195.jpg,https://as1.ftcdn.net/jpg/01/21/78/84/500_F_121788432_ZPepd2hqMHjhKwfMSzmc3492Tl75C8Yc.jpg
000196.jpg,http://www.htpepper.com/wp-content/uploads/2015/10/FatRedSav01.jpg
000197.jpg,https://previews.123rf.com/images/gasparij/gasparij1609/gasparij160900136/65610609-two-ripe-fresh-fatalii-yellow-chili-hot-pepper-with-green-stem-isolated-on-white-background.jpg
000198.jpg,https://www.ethno2.ethno-botanik.org/Capsicum/Fatalii/Fotos/500/Fatalii-1952.jpg
000199.jpg,https://www.pepperseeds.eu/pub/media/catalog/product/cache/51e4881dc4e265ed9adcb710d483ab73/c/h/chili_seeds_fatalii_chocolate.jpg
000200.jpg,https://image.shutterstock.com/display_pic_with_logo/6387/1088190494/stock-photo-fatalii-peppers-growing-in-garden-with-natural-lense-flare-capsicum-chinense-var-fatalii-1088190494.jpg
000201.jpg,https://cdn.shopify.com/s/files/1/1420/8798/products/pepper-hot-fatalii-capsicum-chinense-seeds-amkha-seed_883_394x.jpg?v=1535012144
000202.jpg,https://c8.alamy.com/comp/JC6ED0/yellow-fatalii-chili-pepper-isolated-on-a-white-background-JC6ED0.jpg
000203.jpg,https://cartloom.s3.amazonaws.com/worldofchillies/120407_66ad901ccae72211cc23187c1dcd3cc5_orig.jpg
000204.jpg,https://pbs.twimg.com/profile_images/650207764011216896/q83gC0fR.jpg
000205.jpg,https://scontent-sjc3-1.cdninstagram.com/v/t51.2885-15/e35/c135.0.810.810a/s320x320/68827418_128017441794826_6584569257040401620_n.jpg?_nc_ht=scontent-sjc3-1.cdninstagram.com&oh=a94a8839a30c1ff44f3bd2ad7ca5e528&oe=5DEB9152&ig_cache_key=MjEwNTYwNjQwNTQ5ODIwNzM3Nw%3D%3D.2.c
000206.jpg,https://cdn11.bigcommerce.com/s-f6cx4kq/images/stencil/1280x1280/products/214/1092/big_yellow_mama_pepper__97717.1549138293.jpg?c=2&imbypass=on
000207.jpg,https://cdn.imgbin.com/12/17/3/imgbin-habanero-chili-con-carne-fatalii-chili-pepper-bell-pepper-bhut-jolokia-eHYwFkYycDXKXkULeeuqxnMwm.jpg
000208.jpg,http://www.hotlollies.com/wp-content/uploads/2013/09/fatalii-peppers.jpg
000209.jpg,https://cdn11.bigcommerce.com/s-qqb56hyrha/images/stencil/500x659/products/2624/7177/7418__15596.1542237936.jpg
000210.jpg,https://i.pinimg.com/originals/42/f9/a6/42f9a6c24b9cccf26ea23ddadf64a8ba.jpg
000211.jpg,https://usercontent1.hubstatic.com/8796474_f520.jpg
000212.jpg,https://images.offerup.com/mU370Nx4MGLVO7xSvFWBFuH9oDo=/600x566/8910/8910399e6bc841ada034163799938b66.jpg
000213.jpg,https://thumbs.dreamstime.com/z/fatalii-yellow-peppers-28164907.jpg
000214.jpg,https://cdn11.bigcommerce.com/s-cg0adf/images/stencil/1280x1280/products/260/458/Fatalii_Brown__82791.1402569115.jpg?c=2&imbypass=on
000215.jpg,https://www.ukchilliseeds.co.uk/ekmps/shops/chilliwizard/images/yellow-fatalii-x-10-seeds-228-p.jpg
000216.jpg,http://cdn.shopify.com/s/files/1/1022/5071/products/hot-pepper-fatalii-chili-hot-pepper-seed-capsicum-chinense-extremely-hot-3_1024x1024.jpg?v=1565028443
000217.jpg,https://previews.123rf.com/images/lumir77/lumir771212/lumir77121200018/16847242-fatalii-yellow-close-up-on-an-isolated-background.jpg
000218.jpg,https://comps.canstockphoto.com/fatalii-chili-pepper-isolated-on-a-white-picture_csp21638176.jpg
000219.jpg,https://pics.davesgarden.com/pics/2009/03/29/melody/34fc7d.jpg
000220.jpg,https://static.wixstatic.com/media/d45f52_b73b27cf0e5d4c23971a58031d745346~mv2_d_4672_2628_s_4_2.jpg/v1/crop/x_430,y_0,w_3105,h_2628/fill/w_560,h_474,al_c,q_90/d45f52_b73b27cf0e5d4c23971a58031d745346~mv2_d_4672_2628_s_4_2.webp
000221.jpg,https://st4.depositphotos.com/3147771/29908/i/1600/depositphotos_299081930-stock-photo-fatalii-peppers-c-chinense-paths.jpg
000222.jpg,https://res.cloudinary.com/teepublic/image/private/s--dAXWt5Ld--/c_crop,x_10,y_10/c_fit,h_855/c_crop,g_north_west,h_972,w_1127,x_-213,y_-58/l_misc:transparent_1260/fl_layer_apply,g_north_west,x_-279,y_-200/c_mfit,g_north_east,u_misc:tapestry-l-l-gradient/e_displace,fl_layer_apply,x_0,y_19/l_upload:v1507037316:production:blanks:knoqtwkqk9vucfsy8ke0/fl_layer_apply,g_north_west,x_0,y_0/b_rgb:ffffff/c_limit,f_jpg,h_630,q_90,w_630/v1540487462/production/designs/3387020_0.jpg
000223.jpg,https://ih0.redbubble.net/image.661522222.2158/stf,small,600x600-pad,750x1000,f8f8f8.jpg
000224.jpg,https://i.imgur.com/nWNCjaR.jpg
000225.jpg,https://www.asklepios-seeds.de/pub/media/catalog/product/cache/3fc35d798ea034524abc6812c3526e1f/f/a/fatalii-brown.jpg
000226.jpg,http://www.bountifulseeds.com/192-large/fatalii-red-chilli-pepper-seeds.jpg
000227.jpg,https://fatalii.net/jigsaw/3.jpg
000228.jpg,http://panoramahoteldubai.info/wp-content/uploads/2018/08/fatali-pepper-organic-certified-fatalii-peppers-for-sale.jpg
000229.jpg,https://www.fataliiseeds.net/wp-content/uploads/2018/03/cayenne-chilikirja_DSC8567.jpg
000230.jpg,http://www.chilepeppersrecipes.com/peppers/pepper_images/fat-none.jpg
000231.jpg,https://www.pepperworldhotshop.com/out/pictures/master/product/1/frische-chili-fatalii-200g-ba099.jpg
000232.jpg,https://image.spreadshirtmedia.com/image-server/v1/mp/products/T803A501MPA1648PT26X51Y0D1020987375FS2002/views/1,width=1200,height=630,appearanceId=501,backgroundColor=F2F2F2,modelId=1723,crop=design,version=1534228056/chili-pepper-hot-sauce-fatalii-spicy-food-snapback-cap.jpg
000233.jpg,https://www.seedsnsuch.com/wp-content/uploads/2018/11/SnS_Fatalii-1.jpg
000234.jpg,https://italianchilli.com/243-large_default/fatalii-red-seeds.jpg
000235.jpg,https://image.shutterstock.com/image-photo/red-hot-fatalii-brown-jalapeno-260nw-1517031188.jpg
000236.jpg,https://www.chileseeds.co.uk/wp-content/uploads/2018/09/Fatalii_Gourmet_Jigsaw_Chilli_Seed.jpg
000237.jpg,https://thumbs.dreamstime.com/z/fatalii-yellow-hot-peppers-wooden-background-arranged-top-space-content-bottom-59879812.jpg
000238.jpg,https://www.chilliseedbank.com.au/media/catalog/product/cache/image/720x560/4c3462793ba5f87d7658a49338bdb5e2/c/h/chocolatefatalii.jpg
000239.jpg,https://www.chilipeppermadness.com/wp-content/uploads/2018/03/c1011ef61ed9937904f4938c63d014ea.jpg
000240.jpg,https://cdn.shopify.com/s/files/1/0011/9514/7364/products/il_fullxfull.919744950_mhm5_1024x1024.jpg?v=1542763045
000241.jpg,https://i2.wp.com/i.imgur.com/OMszGv6l.jpg?w=525
000242.jpg,https://www.chillisgalore.co.uk/images/diary/2016/fatalii.jpg
000243.jpg,https://i1.wp.com/www.peppersbymail.com/wp-content/uploads/simple_photo_gallery/5/fatalii_gourmet_jigsaw_pepper_01.jpg?fit=1280%2C960
000244.jpg,https://i.pinimg.com/originals/01/54/a7/0154a7263e93adb51b262deb25711481.jpg
000245.jpg,https://www.chillisgalore.co.uk/images/diary/2016/jigsaw.jpg
000246.jpg,https://static.wixstatic.com/media/d45f52_436cedd0fa8a4567ac59f75c8125f41d~mv2_d_4672_2628_s_4_2.jpg/v1/fill/w_642,h_358,al_c,q_90/d45f52_436cedd0fa8a4567ac59f75c8125f41d~mv2_d_4672_2628_s_4_2.webp
000247.jpg,https://www.fataliiseeds.net/wp-content/uploads/fromoldsite/bendigo4445-800x800.jpg
000248.jpg,https://farm2.staticflickr.com/1053/5149856203_8ec5376bdd_b.jpg
000249.jpg,https://pics.davesgarden.com/pics/2011/12/18/carotcruncha/ff6120.jpg
000250.jpg,https://cf.shopee.com.my/file/0b8a2a914a4e7d377eeae2bb3603676c_tn
000251.jpg,http://www.htpepper.com/wp-content/uploads/2014/10/FataliixTSMB01.jpg
000252.jpg,https://scontent-lax3-1.cdninstagram.com/v/t51.2885-15/sh0.08/e35/s640x640/41394482_1918569468446176_7374982461253816540_n.jpg?_nc_ht=scontent-lax3-1.cdninstagram.com&_nc_cat=104&oh=482740cd8e95a34b51b1de2601fa047b&oe=5E292A9C&ig_cache_key=MTg3NTY4MTAyMjM5MjEyODA3OQ%3D%3D.2
000253.jpg,https://cdn.shopify.com/s/files/1/0645/7913/products/fataliiracha_2048x.JPG?v=1527138077
000254.jpg,http://www.bmcguitar.com.au/gallery/var/albums/Chilli-Growing-Season-2016-2017/fatalii.jpg?m=1478737577
000255.jpg,https://i.redd.it/g1gr81upfgv21.jpg
000256.jpg,https://cdn.shopify.com/s/files/1/0188/0032/products/cajohns-select-fatalii-puree-pepper-heat-level-07-hot-sauce-shots-meta-related-collection-spicepeppers-chilly-chiles-largest-selection-of-in-canada-condiment_975.jpg
000257.jpg,https://www.ilikeithot.eu/wp-content/uploads/2018/05/fatalii-web-3-600x450.jpg
000258.jpg,https://image.shutterstock.com/image-photo/fatalii-chili-pepper-260nw-319419488.jpg
000259.jpg,https://farm9.static.flickr.com/8601/27738413184_f591b59608_b.jpg
000260.jpg,https://usercontent2.hubstatic.com/8796475_f520.jpg
000261.jpg,https://cdn.shopify.com/s/files/1/0276/5253/products/IMG_9474_edit_cropped_for_website_dba03561-066a-4a5c-b532-93a00b086e93_large.jpg?v=1510157565
000262.jpg,https://previews.agefotostock.com/previewimage/medibigoff/da9a36ccb10fbae68e8e785654e55a4e/sfd-11978229.jpg
000263.jpg,https://www.fatalii.net/germinating/harvesting.jpg
000264.jpg,https://c8.alamy.com/comp/KFWYKG/santa-ana-california-usa-31st-oct-2017-the-fatalii-pepper-is-a-cultivar-KFWYKG.jpg
000265.jpg,http://i1205.photobucket.com/albums/bb434/Spicegeist/July%202012/Y7xFataliib.jpg
000266.jpg,https://i.pinimg.com/originals/f6/d4/6e/f6d46e01411add1923a7130764005e88.jpg
000267.jpg,https://upload.wikimedia.org/wikipedia/commons/9/96/Peperoncino_Fatalii.jpg
000268.jpg,https://media.istockphoto.com/photos/fatalii-hot-yellow-chili-pepper-central-and-southern-africa-picture-id468747268?k=6&m=468747268&s=612x612&w=0&h=QntqrfeK1Hla5MLYSLRInEt0PfXFWgg7IBCg1CaSvxg=
000269.jpg,http://cdn.shopify.com/s/files/1/1022/5071/products/other-seeds-bulbs-50-fatalii-pepper-seeds-aka-long-scotch-bonnet-hot-and-flavorful-capsicum-chinense-2_630x630.jpg?v=1565026573
000270.jpg,https://www.ukchilliseeds.co.uk/ekmps/shops/chilliwizard/images/fatalii-gourmet-aji-fantasy-exclusive-to-uk-chilli-seeds-505-p.jpg
000271.jpg,https://www.fataliiseeds.net/wp-content/uploads/fromoldsite/kathumby1-640x640.jpg
000272.jpg,https://scontent-frt3-1.cdninstagram.com/v/t51.2885-15/e35/s320x320/66462236_502301533865841_235843226581066387_n.jpg?_nc_ht=scontent-frt3-1.cdninstagram.com&oh=4a45ab34cb6c50ce90ac789451f22586&oe=5E16247F&ig_cache_key=MjExMjM2OTYxMDc0MTczNzEyMQ%3D%3D.2
000273.jpg,https://shop.coles.com.au/wcsstore/Coles-CAS/images/3/4/5/3455540.jpg
000274.jpg,https://image.spreadshirtmedia.com/image-server/v1/mp/products/T31A1MPA29PT10X14Y2D1020987375FS2649/views/1,width=1200,height=630,appearanceId=1,backgroundColor=F2F2F2,modelId=1801,crop=design,version=1568588741,modelImageVersion=1547715038/chili-pepper-hot-sauce-fatalii-spicy-food-mug.jpg
000275.jpg,https://scontent-yyz1-1.cdninstagram.com/vp/e96e5ae302a4a226b6c7f0254c78cf80/5E0C2E5C/t51.2885-15/sh0.08/e35/c0.180.1440.1440a/s640x640/69515877_831314463932821_2639621229705706682_n.jpg?_nc_ht=scontent-yyz1-1.cdninstagram.com
000276.jpg,https://www.seeds-gallery.shop/6383-home_default/fatalii-white-chili-seeds.jpg
000277.jpg,https://www.chili-shop24.com/media/image/5f/f8/5d/9342_FataliiRed_600x600.jpg
000278.jpg,https://www.chillihead.co.za/image/cache/data/products/redfatalii-500x500-500x500.jpg
000279.jpg,https://www.hydroponics.eu/officinal-medical-vegetables-and-chilli-pepper-seeds/chilli-seeds-bank/fatalii-yellow-10-x-pepper-seeds~Img_Principale_25175.JPG
000280.jpg,https://cdn.shopify.com/s/files/1/1145/1260/products/fatalii_large.jpg?v=1565965342
000281.jpg,https://images.firstwefeast.com/complex/images/f_auto,fl_lossy,q_auto,w_1200/noyhmr2houspuriezeav/fatalii
000282.jpg,https://images07.foap.com/images/6450eec1-51c6-4bb1-871c-39dc35935707/fatalii-pepper-flower.jpg?filename=w1280&dw=960
000283.jpg,https://www.ilikeithot.eu/wp-content/uploads/2018/05/210-7-300x300.jpg
000284.jpg,https://i.imgur.com/3AeecDu.jpg
000285.jpg,https://www.austchilli.com.au/media/1155/fatalii-medley.jpg
000286.jpg,https://images-na.ssl-images-amazon.com/images/I/51tPX733bHL._AC_SX352_SY248_.jpg
000287.jpg,https://thumbs.dreamstime.com/z/ripe-fresh-fatalii-yellow-chili-hot-pepper-green-stem-isolated-white-background-77138490.jpg
000288.jpg,https://scontent-lga3-1.cdninstagram.com/vp/938cdab102e52fb1f5bdfa6bce664f80/5E2EC861/t51.2885-15/sh0.08/e35/s640x640/69881734_2156321577807562_6573811531908858_n.jpg?_nc_ht=scontent-lga3-1.cdninstagram.com&_nc_cat=110
000289.jpg,http://gernot-katzers-spice-pages.com/pictures/caps_96.jpg
000290.jpg,https://scontent-lga3-1.cdninstagram.com/vp/3fdf5b4e3dd6eefc66907740047a715d/5E249A49/t51.2885-15/sh0.08/e35/s640x640/72130240_680296742474050_1972021743632483836_n.jpg?_nc_ht=scontent-lga3-1.cdninstagram.com&_nc_cat=110
000291.jpg,http://imshopping.rediff.com/imgshop/800-1280/shopping/pixs/19528/b/b_5a26407d44fb2._futaba-hungarian-fatalii-chili-pepper-seeds---orange--10-pcs.jpg
000292.jpg,https://c8.alamy.com/comp/WF3EJ3/different-variety-of-yellow-hot-peppers-a-bunch-of-chilies-isolated-on-white-hot-pepper-sarit-gat-habanero-orange-and-fatalii-yellow-WF3EJ3.jpg
000293.jpg,https://tse2.mm.bing.net/th?id=OIP.vzrb-jbBdgvrSQgDZxdbkAHaFk&pid=Api&P=0&w=300&h=300
000294.jpg,https://i.redd.it/dfpcbwlsiso11.jpg
000295.jpg,https://cdn11.bigcommerce.com/s-cg0adf/images/stencil/1280x1280/products/261/462/Fatalii_Yellow_2__22281.1402571470.jpg?c=2&imbypass=on
000296.jpg,https://averagejer.files.wordpress.com/2013/09/fatalis.jpg
000297.jpg,https://www.fataliiseeds.net/wp-content/uploads/fromoldsite/preta56-800x800.jpg
000298.jpg,https://chillipepperseeds.ca/image/cache/catalog/edited%202019hot/IMG_1047-500x500.JPG
000299.jpg,https://scontent-atl3-1.cdninstagram.com/vp/1f316492c4ca94162a4a57c5d625ea43/5DFE7682/t51.2885-15/e35/s240x240/67732312_140916933802575_2432747337977950005_n.jpg?_nc_ht=scontent-atl3-1.cdninstagram.com
000300.jpg,https://cartloom.s3.amazonaws.com/worldofchillies/6948_58c5f5bf4473b0f1f2c039a872b1c235_orig.jpg
000301.jpg,https://chillipepperseeds.ca/image/cache/catalog/edited%202019hot/IMG_5470-1-500x500.JPG
000302.jpg,https://www.firelandfoods.at/shop/images/product_images/info_images/FataliiRed_337.jpg
000303.jpg,https://c7.uihere.com/files/705/234/457/jalapeno-chili-pepper-fatalii-seed-fennel-hot-peppers.jpg
000304.jpg,https://gnarlypods.com/140-large_default/fatalii-white-seeds.jpg
000305.jpg,https://comps.canstockphoto.ie/fatalii-yellow-stock-photograph_csp54244192.jpg
000306.jpg,https://cdn.shopify.com/s/files/1/0276/5253/products/409_edit_large.jpg?v=1489425733
000307.jpg,https://www.exotic-seeds.store/6384-medium_default/fatalii-white-chili-seeds.jpg
000308.jpg,https://i.imgur.com/gBBwXgs.jpg
000309.jpg,http://d3d71ba2asa5oz.cloudfront.net/12001418/images/1049488365374_1040489492.jpg
000310.jpg,https://image.shutterstock.com/image-photo/fatalii-chili-pepper-isolated-on-260nw-319415327.jpg
000311.jpg,https://www.hotsauce.ch/wp-content/uploads/2018/09/yellow-fatalii-555x555.jpg
000312.jpg,https://i1.wp.com/www.peppersbymail.com/wp-content/uploads/simple_photo_gallery/14/fatalii_yellow_03.jpg?fit=1280%2C960
000313.jpg,https://spicefreakblog.files.wordpress.com/2019/08/fataliired.jpg?w=636
000314.jpg,https://flowerseeds.co.nz/image/cache/catalog/fatali_jigsaw_-pepper_hot_640x477-630x552.jpg
000315.jpg,https://st2.depositphotos.com/2075507/8129/i/950/depositphotos_81299684-stock-photo-yellow-fatalii-chili-pepper.jpg
000316.jpg,http://www.sunshine-seeds.de/thumbs/Tomate_Banana-Legs.jpg
000317.jpg,https://sep.yimg.com/ay/yhst-134474119746231/fatalii-1.gif
000318.jpg,https://www.ukchilliseeds.co.uk/ekmps/shops/chilliwizard/images/fatalii-gourmet-jigsaw-uk-exclusive--[2]-473-p.jpg
000319.jpg,https://www.chili-shop24.com/media/image/96/da/1e/9545_1_oT_600x600.jpg
000320.jpg,http://rahiseedbank.com/wp-content/uploads/2014/07/r12.jpg
000321.jpg,http://d13z1xw8270sfc.cloudfront.net/origin/274851/1565574663253_fataliipowderwhitesmall.jpg
000322.jpg,http://madhill.powweb.com/flavor/images/madhill_buy_fataliyellow.jpg
000323.jpg,https://usercontent1.hubstatic.com/8865384_f520.jpg
000324.jpg,https://pbs.twimg.com/media/DloSIZ0WwAA3g1k.jpg
000325.jpg,https://www.premierseedsdirect.com/wp-content/uploads/2017/11/pepper-hot-fatalli-brown1-600x486.jpg
000326.jpg,http://www.bountifulseeds.com/193-thickbox/fatalii-chocolate-chilli-pepper-seeds.jpg
000327.jpg,https://fatalii.net/chile/kuvat/caronong3434.jpg
000328.jpg,http://i205.photobucket.com/albums/bb18/patrickno100/IMG_5747re.jpg
000329.jpg,https://pbs.twimg.com/media/EAe6COiWwAAhwyP.jpg
000330.jpg,https://i.ytimg.com/vi/ndyLTC-c0dc/maxresdefault.jpg
000331.jpg,https://thumbs.dreamstime.com/z/different-variety-yellow-hot-peppers-bunch-chilies-isolated-white-pepper-sarit-gat-habanero-orange-fatalii-77136215.jpg
000332.jpg,https://farm4.static.flickr.com/3821/10074971484_8db582056a_b.jpg
000333.jpg,https://pfefferhaus.de/media/images/popup/FATALIIROT.JPG
000334.jpg,http://seedcostore.weebly.com/uploads/7/0/3/9/7039327/6495474_orig.jpg
000335.jpg,https://alchetron.com/cdn/fatalii-6cf152bc-1d5f-49e1-87af-0c2b1a47d73-resize-750.jpeg
000336.jpg,https://cdn.shopify.com/s/files/1/0276/5253/products/158_cropped_for_website_large.jpg?v=1541172951
000337.jpg,https://cdn.shopify.com/s/files/1/1022/5071/products/hot-pepper-fatalii-chili-hot-pepper-seed-capsicum-chinense-extremely-hot-5_1024x1024.jpg?v=1565028444
000338.jpg,https://www.fataliiseeds.net/wp-content/uploads/2018/10/850_3568.jpg
000339.jpg,https://scontent-lhr3-1.cdninstagram.com/vp/9a79342dfd5fe24d2006e8888b8154d6/5E137186/t51.2885-15/sh0.08/e35/s640x640/67706988_381704652540112_3665425482310715732_n.jpg?_nc_ht=scontent-lhr3-1.cdninstagram.com&ig_cache_key=MjExMzkzNTAyMTU2NDY4ODM0NA%3D%3D.2
000340.jpg,http://www.chilepeppersrecipes.com/peppers/pepper_images/fat-plant.jpg
000341.jpg,https://i.redd.it/bpbbr7jpsso11.png
000342.jpg,https://i2.wp.com/maukisunfarm.com/wp-content/uploads/2017/12/IMG_20170726_153715.jpg?resize=230%2C350
000343.jpg,https://www.chillibritain.co.uk/image/cache/catalog/Plants/Yellow%20Fatilla%20plug%20web-500x500.jpg
000344.jpg,https://kitchen-garden.be/wp-content/uploads/Bulgarian-Carrot-Chilli-Seeds-320x320.jpg
000345.jpg,https://farm7.staticflickr.com/6114/6407290183_f2424a03cb_b.jpg
000346.jpg,http://i279.photobucket.com/albums/kk136/AlabamaJack/070409b002.jpg
000347.jpg,https://i.ytimg.com/vi/Gb_A0Bw1m-E/maxresdefault.jpg
000348.jpg,https://d1k5w7mbrh6vq5.cloudfront.net/images/cache/5c/72/db/5c72dbded779c43bb08508de6ce66eef.jpg
000349.jpg,http://plantium.ru/image/catalog/seeds/peppers/chinense/fatalii/red/fatalii-red-semena-plantium.ru.jpg
000350.jpg,https://cdn.shopify.com/s/files/1/0220/1512/products/TN_Seeds_VeryHot_1200x1200_7deab12d-acc0-43a2-82ad-175d52ea6c5d.jpg?v=1540538625
000351.jpg,https://www.picclickimg.com/d/l400/pict/391646910545_/20-Fatalii-Gourmet-JIGSAW-Hot-Pepper-Chilli.jpg
000352.jpg,https://pfefferhaus.de/media/images/popup/FATALIIWEISSSILBER.JPG
000353.jpg,https://pbs.twimg.com/media/DrasYJ9WsAEYPgu.jpg
000354.jpg,https://fatalii.net/chile/kuvat/DSCN5355.jpg
000355.jpg,https://cdn.shopify.com/s/files/1/0276/5253/products/DSC_0034_crop_for_website_large.jpg?v=1489424762
000356.jpg,https://knowledgeandpraxis.files.wordpress.com/2012/10/p1010063.jpg?w=584
000357.jpg,http://www.hotchi.li/wp-content/uploads/2015/09/TSMB-x-FataliiF2-01.jpg
000358.jpg,https://image.shutterstock.com/display_pic_with_logo/2021048/578929267/stock-photo-different-variety-of-hot-peppers-a-bunch-of-chilies-hot-pepper-sarit-gat-red-cherry-cayenne-578929267.jpg
000359.jpg,https://c8.alamy.com/comp/F0T8NJ/yellow-fatalii-chili-pepper-over-wooden-cutting-board-high-angle-view-F0T8NJ.jpg
000360.jpg,https://cdn11.bigcommerce.com/s-cg0adf/images/stencil/1280x1280/products/259/460/Fatalii_red__79342.1402570728.jpg?c=2&imbypass=on
000361.jpg,https://www.chilli.top/317-large_default/fatalii-white-17-cc4-4-11-chilli-seeds.jpg
000362.jpg,https://thumbs.dreamstime.com/z/yellow-fatalii-28208008.jpg
000363.jpg,https://i.redd.it/6anydrpyv3i31.jpg
000364.jpg,https://www.chili-shop24.com/media/image/8f/9f/cf/bbf22fd60a7219346423bcc98ca4c6ce_1280x1280.jpg
000365.jpg,https://m.blog.hu/ga/gabkochilli/image/fatalii_gelb.jpg
000366.jpg,https://www.fataliiseeds.net/wp-content/uploads/2018/03/habanero_orange235.jpg
000367.jpg,https://pics.davesgarden.com/pics/2010/08/20/WonderWeasel/29b758.jpg
000368.jpg,http://cdn.shopify.com/s/files/1/0645/7913/products/fatalii_600x.jpg?v=1527138075
000369.jpg,https://unclewaynestomatoes.com/sites/default/files/Fatalii.JPG
000370.jpg,https://pbs.twimg.com/media/EDtAF6tXoAA_s9I.jpg
000371.jpg,https://envato-shoebox-0.imgix.net/245d/4741-29cb-4b1a-897a-f166b3d21954/Yellow+pointed+chinense+elements+2017+copy.jpg?auto=compress%2Cformat&fit=max&mark=https%3A%2F%2Felements-assets.envato.com%2Fstatic%2Fwatermark2.png&markalign=center%2Cmiddle&markalpha=18&w=700&s=7b467380dad5b3a9d8ec0cafe714db31
000372.jpg,https://sc01.alicdn.com/kf/HTB1ut9aawmTBuNjy1Xb761MrVXaK/125-000-400-000-SHU-Spicy-Fatalii.png_350x350.png
000373.jpg,https://scontent-yyz1-1.cdninstagram.com/vp/9b0b22f5c64e963a2be79a1f928cfc17/5E1FE821/t51.2885-15/sh0.08/e35/s640x640/69843922_2679375478753039_5373020251001432952_n.jpg?_nc_ht=scontent-yyz1-1.cdninstagram.com&_nc_cat=107
000374.jpg,https://pcdn.columbian.com/wp-content/uploads/2015/12/1127_met_HOTPEPPERS191-1226x0-c-default.jpg
000375.jpg,https://www.chileseeds.co.uk/wp-content/uploads/2016/10/nagamorichchilli-300x300.jpg
000376.jpg,https://smokingjsfieryfoods.com/wp-content/uploads/Fiery-Fatalii-Hot-Sauce.png
000377.jpg,http://herbs.tonoli.net/wp-content/uploads/2014/02/CYMERA_20140211_104028.jpg
000378.jpg,http://i1205.photobucket.com/albums/bb434/Spicegeist/July%202012/Y7xFatalii-1.jpg
000379.jpg,https://4.bp.blogspot.com/-MtBUGBHWfHU/W6Cl3HijGXI/AAAAAAAALns/OpyysxF6S6I6OYh4A_rnPPREnybATgNGwCLcBGAs/s1600/Chocolate%2BFatalii%2B20180911_082636.jpg
000380.jpg,http://www.tradewindsfruit.com/content/images/fatalii-cream-pepper.jpg
000381.jpg,https://i.ytimg.com/vi/zyaUESd_HeY/maxresdefault.jpg
000382.jpg,https://chilli-seedz.com/wp-content/uploads/2017/04/HPL-1-of-1-7.jpg
000383.jpg,https://cf.shopee.com.my/file/ae14db3360eb12d00274ec25b30335d3_tn
000384.jpg,https://as1.ftcdn.net/jpg/01/21/78/84/500_F_121788433_tA27OS6rAOIC2BpAms2Mdx3UiLbFIR81.jpg
000385.jpg,https://pbs.twimg.com/media/DmNQgbeXoAEteck.jpg
000386.jpg,https://www.fatalii.net/chile/kuvat/DSCN9024.jpg
000387.jpg,https://www.picclickimg.com/d/l400/pict/173856993014_/15-seeds-Aji-Amarillo-hot-chili-pepper-Big.jpg
000388.jpg,https://cdn11.bigcommerce.com/s-qqb56hyrha/images/stencil/original/products/1937/7762/1796SC__23381.1560133800.jpg
000389.jpg,https://usercontent2.hubstatic.com/8796471_f520.jpg
000390.jpg,http://1.bp.blogspot.com/-arbmEa0_Q5E/UIV5mrzyoLI/AAAAAAAAJ1E/K2e0lwdY4AY/s800/DSC_0986.JPG
000391.jpg,https://cdn.shopify.com/s/files/1/0276/5253/products/beavdam_large.jpg?v=1504233175
000392.jpg,https://static1.bigstockphoto.com/3/2/2/large2/223266673.jpg
000393.jpg,https://cdn.imgbin.com/23/1/1/imgbin-chili-pepper-poblano-carolina-reaper-fatalii-fruit-jalamenjo-X4LXVJzqf7QUk7UgsS2FsQ0CZ.jpg
000394.jpg,https://st2.depositphotos.com/1971443/6991/v/950/depositphotos_69912311-stock-illustration-low-poly-brown-fatalii-chili.jpg
000395.jpg,https://image.spreadshirtmedia.com/image-server/v1/mp/products/T125A1MPA213PT21X22Y11D1020987375FS1635/views/1,width=378,height=378,appearanceId=1,backgroundColor=F2F2F2,modelId=2840,crop=list,version=1568588741,modelImageVersion=1556091124/chili-pepper-hot-sauce-fatalii-spicy-food-large-buttons.jpg
000396.jpg,https://lh3.googleusercontent.com/-QnqcpZHMTmc/UN3SLUSg6-I/AAAAAAAAG2s/lIptFCDARak/s1000/Fatalii%2520X%2520Pimenta%2520da%2520Neyde%2520F1_84days_1st_pod1-2.jpg
000397.jpg,https://www.chilli.top/315-home_default/fatalii-white-17-cc4-4-10-chilli-seeds.jpg
000398.jpg,https://cdn.shopify.com/s/files/1/1145/1260/products/fatalii-chocolate_large.jpg?v=1565965340
000399.jpg,https://pbs.twimg.com/media/DloSNS3WwAEHZUb.jpg
000400.jpg,https://ghostpepperstore.com/assets/images/driedpowdery.jpg
000401.jpg,http://i95.photobucket.com/albums/l142/wvhoopie/RedFatliii4.jpg
000402.jpg,https://www.shaggkvist.se/wp-content/uploads/no_jigsaw_2.jpg?lang=en
000403.jpg,https://upload.wikimedia.org/wikipedia/commons/thumb/9/97/Scotch_bonnet_chili_pepper.jpg/1200px-Scotch_bonnet_chili_pepper.jpg
000404.jpg,https://jakeseed.com/wp-content/uploads/2016/10/toro-pepper-324x324.jpg
000405.jpg,https://thumbs.dreamstime.com/z/yellow-fatalii-chili-plant-isolated-white-background-copy-space-44416925.jpg
000406.jpg,https://c8.alamy.com/comp/HMEC41/different-variety-of-yellow-hot-peppers-a-bunch-of-chilies-isolated-HMEC41.jpg
000407.jpg,http://media.gettyimages.com/photos/chilli-peppers-habanero-fatalii-rooster-cayenne-picture-id489036644?s=170667a&w=1007
000408.jpg,https://fatalii.net/chile/kuvat/_NIK3562.jpg
000409.jpg,https://cdn.shopify.com/s/files/1/0011/9514/7364/products/il_fullxfull.1058985256_o7h5_db1a5b9a-65ed-451f-a87d-262b6b3f60c1_480x480.jpg?v=1542950457
000410.jpg,https://cdn.shopify.com/s/files/1/0276/5253/products/374_cropped_for_website_large.jpg?v=1541172891
000411.jpg,https://www.ukchilliseeds.co.uk/ekmps/shops/chilliwizard/images/fatalii-gourmet-jigsaw-uk-exclusive-[3]-473-p.jpg
000412.jpg,https://garden.org/pics/2012-10-01/fatalii/1e2833-300.jpg
000413.jpg,https://scontent-cdt1-1.cdninstagram.com/v/t51.2885-15/sh0.08/e35/s750x750/67136839_120782135911471_9056150782383238986_n.jpg?_nc_ht=scontent-cdt1-1.cdninstagram.com&oh=dd707804552c06a30f727364f7f6a1da&oe=5DD79965&ig_cache_key=MjExMTQ1NTk5NTIyMDcyMTkwOA%3D%3D.2
000414.jpg,https://www.chilli.top/984-home_default/fatalii-peach-18-cc4p-2-7-chilli-seeds.jpg
000415.jpg,https://i.ytimg.com/vi/I_vTsaOfTEY/maxresdefault.jpg
000416.jpg,https://pics.davesgarden.com/pics/2009/03/29/melody/9adcbb.jpg
000417.jpg,https://kitchen-garden.be/wp-content/uploads/Jalapeno-Chilli-Seeds-320x320.jpg
000418.jpg,http://www.staudenfuehrer.de/bilder/styles/850x638/public/capsicum-chinense-fatalii-3.jpg?itok=thIzZ2Xr
000419.jpg,https://pbs.twimg.com/media/DKktHAyW0AAeE9d.jpg
000420.jpg,https://upload.wikimedia.org/wikipedia/commons/thumb/0/03/Carolina_Reaper_pepper_pods.jpg/1200px-Carolina_Reaper_pepper_pods.jpg
000421.jpg,https://www.picclickimg.com/00/s/MTIwMFgxNjAw/z/L1sAAOSwu4dcO5pm/$/Medium-Hot-Pepper-Pack-1-6-Types-Habanero-_1.jpg
000422.jpg,https://i.imgur.com/QpyKA1s.jpg
000423.jpg,http://www.hotlollies.com/wp-content/uploads/2013/09/1-IMAG1107.jpg
000424.jpg,https://fatalii.net/chile/kuvat/vn_pink_habs.jpg
000425.jpg,https://static1.squarespace.com/static/547e10f0e4b08f554c9599ae/547e20a2e4b065291b0df6df/588521b92994caa61ac7c482/1550552808743/fataliipepper.JPG?format=1500w
000426.jpg,https://pics.davesgarden.com/pics/2005/03/17/Love2Troll/67f97e.jpg
000427.jpg,https://i.redd.it/zgh48xyugmq11.jpg
000428.jpg,https://www.chili-shop24.com/media/image/71/d3/c9/Fatalii_yellow_600x600.jpg
000429.jpg,https://cdn.shopify.com/s/files/1/0011/9514/7364/products/il_fullxfull.1003964951_hzqv_8cdeef62-53ce-40de-b50e-876be4ab0dab_480x480.jpg?v=1542950453
000430.jpg,https://pbs.twimg.com/media/CjsK5mmWUAEY_gd.jpg
000431.jpg,https://usercontent2.hubstatic.com/8865383_f520.jpg
000432.jpg,https://i.ytimg.com/vi/nDRnBVd4Zzg/maxresdefault.jpg
000433.jpg,http://i95.photobucket.com/albums/l142/wvhoopie/RedFataliiPod4.jpg
000434.jpg,https://cdn1.bigcommerce.com/server700/5mvrqhbm/products/5012/images/146809/bahamian-goat-pepper__08645.1483829895.1280.1280.jpg?c=2
000435.jpg,https://upload.wikimedia.org/wikipedia/commons/thumb/5/50/Madame_Jeanette_and_other_chillies.jpg/1200px-Madame_Jeanette_and_other_chillies.jpg
000436.jpg,https://pics.davesgarden.com/pics/2011/11/02/chimayo/1e4659.jpg
000437.jpg,https://i.ytimg.com/vi/j8w3rnHnDD0/maxresdefault.jpg
000438.jpg,https://i.redd.it/3pldrl4djbe11.jpg
000439.jpg,https://s.pimg.tw/album/luwayexpert/element/2187090_1309447514-81139fb1d4e4e59adcb26fc758f943ef/zoomcrop/380x228.jpg
000440.jpg,https://i.ytimg.com/vi/YWVCystDo48/maxresdefault.jpg
000441.jpg,https://usercontent2.hubstatic.com/8865379_f520.jpg
000442.jpg,http://i.imgur.com/oaSYyWy.jpg
000443.jpg,http://i1205.photobucket.com/albums/bb434/Spicegeist/2012/FataliixChocoBhut2.jpg
000444.jpg,https://i.ytimg.com/vi/Bs2mgGtyxh8/hqdefault.jpg
000445.jpg,https://i.ytimg.com/vi/SHWswTkPxr0/maxresdefault.jpg
000446.jpg,https://i.ytimg.com/vi/iDK_6kP0y1Q/hqdefault.jpg
000447.jpg,https://usercontent1.hubstatic.com/8796478_f496.jpg
000448.jpg,http://panoramahoteldubai.info/wp-content/uploads/2018/08/fatali-pepper-bottom-left-top-right-capsicum-capsicum-fatalii-pepper-plant-size.jpg
000449.jpg,http://panoramahoteldubai.info/wp-content/uploads/2018/08/fatali-pepper-pepper-seeds-white-hot-peppers-fatalii-pepper-hot-sauce-recipe.jpg
000450.jpg,https://www.fataliiseeds.net/wp-content/uploads/2018/11/purple_chupetinho23.jpg
000451.jpg,https://ae01.alicdn.com/kf/HTB1NtN2QpXXXXXdXVXXq6xXFXXXd/50-Pcs-Red-Devil-Tongue-Pepper-plants-Vegetables-Bonsai-Tree-For-Garden-Plants-Pot-Semillas-Japanese.jpg
000452.jpg,https://ae01.alicdn.com/kf/HTB18o0.QpXXXXXwXFXXq6xXFXXXa/229168291/HTB18o0.QpXXXXXwXFXXq6xXFXXXa.jpg
000453.jpg,https://www.chileseeds.co.uk/wp-content/uploads/2016/10/yellowfataliichilliseeds.jpg
000454.jpg,https://d36tnp772eyphs.cloudfront.net/blogs/1/2017/02/Fatalii_Chili_Fruit.jpg
000455.jpg,https://usercontent1.hubstatic.com/8796476_f1024.jpg
000456.jpg,http://gardeners.s3.amazonaws.com/p/VECHI19434_3.jpg
000457.jpg,http://gardeners.s3.amazonaws.com/p/VECHI19436_3.jpg
000458.jpg,https://chilli-seedz.com/wp-content/uploads/2015/07/White-Fatalli-Chilli-Pepper-Plant-Seeds.jpg
000459.jpg,https://pepperhead.com/wp-content/uploads/2015/02/fatalii.jpg
000460.jpg,https://pics.davesgarden.com/pics/2011/11/02/chimayo/adac6f.jpg
000461.jpg,https://cdn.shopify.com/s/files/1/0276/5253/products/DSC_0211_crop_for_website.jpg
000462.jpg,https://chilli-seedz.com/wp-content/uploads/2016/09/Red-Fatalii-2-900x900.jpg
000463.jpg,https://chilli-seedz.com/wp-content/uploads/2016/05/P1010759-Edit-Edit-900x900.jpg
000464.jpg,http://s.ecrater.com/stores/59305/4f7b0a0e9c595_59305b.jpg
000465.jpg,http://croatianseeds-store.com/images/stories/virtuemart/product/FataliiWhite3.jpg
000466.jpg,http://www.peppersbymail.com/wp-content/uploads/2015/07/red_fatalii_peppers.jpg
000467.jpg,http://www.peppersbymail.com/wp-content/uploads/2015/02/red_fatalii_05-600x600.jpg
000468.jpg,https://chilli-seedz.com/wp-content/uploads/2016/09/Red-Fatalii-Unripe-Bunch-900x900.jpg
000469.jpg,https://img0.etsystatic.com/155/1/5689121/il_fullxfull.1153215148_jh39.jpg
000470.jpg,https://cdn.shopify.com/s/files/1/0871/0950/products/Fatali-Hot-Pepper-Seeds_1024x1024.jpg
000471.jpg,http://www.magicgardenseeds.com/pics/wmW_0cvVlB3KrzYDON2FStTdIG2C3wRCJcw_E-1JbaVYPtyOf3kqi8fCgbDRIigo/1226_1000.jpg
000472.jpg,https://chilli-seedz.com/wp-content/uploads/2016/09/Red-Fatalii-1-900x900.jpg
000473.jpg,https://chilli-seedz.com/wp-content/uploads/2017/04/HPL-1-of-1-7-900x900.jpg
000474.jpg,https://chilli-seedz.com/wp-content/uploads/2016/01/IMG_1228-1-900x900.jpg
000475.jpg,https://pepperhead.com/wp-content/uploads/2016/12/Fatalii-e1529503773212.jpg
000476.jpg,https://i.ebayimg.com/images/i/171142481222-0-1/s-l1000.jpg
000477.jpg,https://www.cayennediane.com/wp-content/uploads/Fatalii.jpg
000478.jpg,https://chilli-seedz.com/wp-content/uploads/2016/09/Red-Fatalii-5-900x900.jpg
000479.jpg,http://www.peppersbymail.com/wp-content/uploads/2016/09/20161001_172824.jpg
000480.jpg,https://chilli-seedz.com/wp-content/uploads/2016/09/Red-Fatalii-3-900x900.jpg
000481.jpg,https://www.premierseedsdirect.com/wp-content/uploads/2017/11/62853631-1.jpg
000482.jpg,https://www.superhotchiles.com/wp-content/uploads/2018/07/Fatalii_13-600x400.jpg
000483.jpg,http://www.ukchilliseeds.co.uk/ekmps/shops/chilliwizard/images/fatalii-gourmet-aji-fantasy-exclusive-to-uk-chilli-seeds-505-p.jpg
000484.jpg,http://ukchilliseeds.co.uk/ekmps/shops/chilliwizard/images/fatalii-gourmet-jigsaw-uk-exclusive--[4]-473-p.jpg
000485.jpg,http://pics.davesgarden.com/pics/2009/03/29/melody/9adcbb.jpg
000486.jpg,https://www.premierseedsdirect.com/wp-content/uploads/2017/11/62853632-1.jpg
000487.jpg,https://www.seedsavers.org/site/img/seo-images/1214-fatalii-pepper.jpg
000488.jpg,https://chilli-seedz.com/wp-content/uploads/2015/07/White-Fatalli-Plant.jpg
000489.jpg,https://vignette.wikia.nocookie.net/gardener/images/a/a5/Chilli_Fatalii.jpg
000490.jpg,https://jakeseed.com/wp-content/uploads/2015/01/fatalii.jpg
000491.jpg,http://www.peppersbymail.com/wp-content/uploads/simple_photo_gallery/14/fatalii_yellow_02.jpg
000492.jpg,http://www.peppersbymail.com/wp-content/uploads/2016/09/20161013_123533.jpg
000493.jpg,http://www.peppersbymail.com/wp-content/uploads/2015/07/red_fatalii_06.jpg
000494.jpg,https://s.ecrater.com/stores/59305/58c6a68addcf6_59305b.jpg
000495.jpg,https://i.pinimg.com/736x/c4/b7/c1/c4b7c11d483741c188b07f9cdc22ce3d--chilli-spicy.jpg
000496.jpg,https://usercontent1.hubstatic.com/8865382_f520.jpg
000497.jpg,http://fatalii.net/pequantes.jpg
000498.jpg,https://jakeseed.com/wp-content/uploads/2018/12/Fatalii-1.jpg
000499.jpg,http://chilli-seedz.com/wp-content/uploads/2015/07/Fatalli-Gourmet-Jigsaw-Chilli-Seeds.jpg
000500.jpg,http://www.tradewindsfruit.com/content/images/bhut_jolokia_yellow_pepper.jpg
000501.jpg,https://www.maukisunfarm.com/wp-content/uploads/2017/12/IMG_20170726_153715-1.jpg
000502.jpg,https://www.pepperworldhotshop.com/out/pictures/master/product/1/fatalii_green_sn017_1.jpg
000503.jpg,https://www.pulju.net/images/products/aji-cristal-kokonaiset_orig.jpg
000504.jpg,https://www.fataliiseeds.net/wp-content/uploads/fromoldsite/turkish_pepper-800x800.jpg
000505.jpg,https://heetstepeper.nl/wp-content/uploads/2017/02/Fatalii-Yellow.jpg
000506.jpg,http://cdn1.bigcommerce.com/server700/5mvrqhbm/products/4658/images/150630/fatalii-red-pepper__32966.1522258050.1280.1280.jpg
000507.jpg,http://fatalii.net/rhombebonchi.jpg
000508.jpg,https://jakeseed.com/wp-content/uploads/2018/12/fatalii.jpg
000509.jpg,https://www.hydroponics.eu/hot-chili-pepper/fresh-chilli-sauce/hot-chilli-sauce-fatalii-gourmet-jigsaw-42g~Img_Principale_33660.jpg
000510.jpg,https://www.fataliiseeds.net/wp-content/uploads/2018/03/penis_pepper223.jpg
000511.jpg,http://www.htpepper.com/wp-content/uploads/2014/02/TSMxFataliiF03.jpg
000512.jpg,http://fatalii.net/vilautus.jpg
000513.jpg,https://flowerseeds.co.nz/image/cache/catalog/fatali_jigsaw_-pepper_hot_640x477-630x552.jpg
000514.jpg,http://www.peppersbymail.com/wp-content/uploads/simple_photo_gallery/14/fatalii_yellow_03.jpg
000515.jpg,https://i.ebayimg.com/images/i/143157493595-0-1/s-l1000.jpg
000516.jpg,https://chilli-seedz.com/wp-content/uploads/2017/04/HPL-1-of-1-14-900x900.jpg
000517.jpg,https://thumbs.dreamstime.com/z/chilli-peppers-habanero-fatalii-rooster-cayenne-spicy-59700038.jpg
000518.jpg,https://rocotopepper.files.wordpress.com/2012/09/fatalii.jpg
000519.jpg,https://rocotopepper.files.wordpress.com/2012/08/fb.jpg
000520.jpg,https://rocotopepper.files.wordpress.com/2012/08/fatalii.jpg
000521.jpg,https://rocotopepper.files.wordpress.com/2012/07/fat.jpg
000522.jpg,http://www.peppersbymail.com/wp-content/uploads/2015/02/jigsaw_pepper_plant.jpg
000523.jpg,https://rocotopepper.files.wordpress.com/2012/09/b3.jpg
000524.jpg,http://www.htpepper.com/wp-content/uploads/2015/09/TSMB-x-FataliiF2-01.jpg
000525.jpg,https://rocotopepper.files.wordpress.com/2012/08/f3.jpg
000526.jpg,http://www.htpepper.com/wp-content/uploads/2015/09/Fatalii-x-TSMBF3-01.jpg
000527.jpg,https://chilifee.de/WebRoot/Store17/Shops/6785a7bf-b9bd-45fa-b711-164bd13875ab/56BB/480F/8EA6/AB39/7DB1/0A48/3549/1A5D/IMG_6100.jpg
000528.jpg,https://fatalii.net/bonchi_collage.jpg
000529.jpg,https://s-media-cache-ak0.pinimg.com/736x/e0/f0/ef/e0f0ef1a0b51977eabd7fdb8e61d4043.jpg
000530.jpg,http://fatalii.net/chile/kuvat/1dh.jpg
000531.jpg,https://i.pinimg.com/originals/5f/7d/2c/5f7d2ca62c1937aaa2972c98632d9990.jpg
000532.jpg,https://rocotopepper.files.wordpress.com/2012/08/b2.jpg
000533.jpg,https://rocotopepper.files.wordpress.com/2012/07/f.jpg
000534.jpg,https://chilli-seedz.com/wp-content/uploads/2015/07/Fatalli-Gourmet-Jigsaw.jpg
000535.jpg,https://rocotopepper.files.wordpress.com/2012/05/fatalii.jpg
000536.jpg,https://www.fataliiseeds.net/wp-content/uploads/fromoldsite/chocolate_bhut_jolokia-800x800.jpg
000537.jpg,https://www.seeds-gallery.shop/1929-home_default/fatalii-choco-chili-seeds.jpg
000538.jpg,https://rocotopepper.files.wordpress.com/2012/09/fb2.jpg
000539.jpg,https://rocotopepper.files.wordpress.com/2012/08/f2.jpg
000540.jpg,https://www.chilipeppermadness.com/wp-content/uploads/2018/03/c1011ef61ed9937904f4938c63d014ea.jpg
000541.jpg,http://fatalii.net/biobizz.jpg
000542.jpg,https://cdn.shopify.com/s/files/1/0645/7913/products/yotd5_2048x.jpg
000543.jpg,https://s-media-cache-ak0.pinimg.com/736x/41/ac/63/41ac636103d4a2d54ae9f0ec5a467662.jpg
000544.jpg,http://fatalii.net/chile/kuvat/bonchi_bosse3.jpg
000545.jpg,https://s-media-cache-ak0.pinimg.com/736x/95/75/5f/95755f07105dcbfe6309f0f9688e7e58.jpg
000546.jpg,https://s-media-cache-ak0.pinimg.com/originals/29/19/11/2919112dc6f05316e1276f9d3ab6aa89.jpg
000547.jpg,https://s3.amazonaws.com/hsd-wp/wp-content/uploads/2013/12/10051751/sinclairs-closeup.jpg
000548.jpg,https://www.seriouseats.com/images/2017/02/20170201-hot-sauce-taste-test05sinclairs.jpg
000549.jpg,https://s-media-cache-ak0.pinimg.com/736x/82/45/5c/82455c49ce74431d576400d82ad123cb.jpg
000550.jpg,https://s-media-cache-ak0.pinimg.com/736x/30/e1/97/30e197df2f77696971dc9c6768430126.jpg
000551.jpg,http://thehotpepper.com/uploads/monthly_07_2017/post-8839-0-47499700-1500611092.jpg
