image,source
000001.jpg,https://www.superhotchiles.com/wp-content/uploads/2018/07/Bahamian_Goat_Pepper_1-600x400.jpg
000002.jpg,https://images-na.ssl-images-amazon.com/images/I/91Bw8jcF79L._SL1500_.jpg
000003.jpg,https://cdn1.bigcommerce.com/server700/5mvrqhbm/products/5012/images/146809/bahamian-goat-pepper__08645.1483829895.1280.1280.jpg?c=2
000004.jpg,https://cdn.webshopapp.com/shops/60827/files/157408991/image.jpg
000005.jpg,https://pepperhead.com/wp-content/uploads/2016/11/Bahamian-Goat-2.jpg
000006.jpg,https://previews.123rf.com/images/krailurk/krailurk1212/krailurk121200009/17008374-thailand-red-goat-pepper-on-white-background-.jpg
000007.jpg,https://www.ukchilliseeds.co.uk/ekmps/shops/chilliwizard/images/bahamian-goat-pepper-piment-bouc-10-x-seeds-764-p.jpg
000008.jpg,https://images-na.ssl-images-amazon.com/images/I/71s%2B7K4JUvL._SX425_.jpg
000009.jpg,https://www.ukchilliseeds.co.uk/ekmps/shops/chilliwizard/images/bahamian-goat-pepper-piment-bouc-10-x-seeds-[3]-764-p.jpg
000010.jpg,https://cdn11.bigcommerce.com/s-f6cx4kq/images/stencil/1280x1280/products/174/762/bahamain_goat_pepper_at_Tyler_Farms_seeds_1__40497.1521682933.jpg?c=2&imbypass=on
000011.jpg,https://i.ytimg.com/vi/-LrXd8b8tzQ/maxresdefault.jpg
000012.jpg,https://i.ebayimg.com/images/g/C-oAAOSwTuJYwlBE/s-l300.jpg
000013.jpg,https://qph.fs.quoracdn.net/main-qimg-0cd44198f61cd26a32015838308b9b56
000014.jpg,https://cdn.shopify.com/s/files/1/0220/1512/products/CP_106_-_Haitian_Goat_Pepper_3f2bbd03-14ca-469e-8dc8-d2ae7c490866_800x600.jpg?v=1540538404
000015.jpg,https://i0.wp.com/www.peppersbymail.com/wp-content/uploads/2015/09/goat_pepper_03.jpg?fit=1280%2C960
000016.jpg,https://i.ebayimg.com/images/g/15cAAOSwB09YLUA2/s-l300.jpg
000017.jpg,https://cdn11.bigcommerce.com/s-qqb56hyrha/images/stencil/1280x1280/products/4400/7018/7549_-_AngryGoatPurpleHippo__52332.1541374923.jpg?c=2&imbypass=on
000018.jpg,http://i.imgur.com/WVRANvQ.jpg
000019.jpg,https://images-na.ssl-images-amazon.com/images/I/71-gupBSqKL._SY550_.jpg
000020.jpg,https://jakeseed.com/wp-content/uploads/2018/12/bahamian-goat-pepper.jpg
000021.jpg,https://cdn10.bigcommerce.com/s-2drwt2az/products/792/images/55084/goat_horn__34992.1493263028.500.659.jpg?c=2
000022.jpg,https://cdn.shopify.com/s/files/1/0871/0950/products/goat-horn-pepper-seeds-plant-Sandia-Seed_1024x1024.jpg?v=1548196251
000023.jpg,https://previews.123rf.com/images/mititee/mititee1503/mititee150300092/37816318-red-thai-goat-pepper-on-the-white-background.jpg
000024.jpg,https://comps.canstockphoto.com/red-and-green-thai-goat-pepper-picture_csp26785611.jpg
000025.jpg,https://cdn.thehippyseedcompany.com/wp-content/uploads/2017/06/Goat-Horn-22.jpg
000026.jpg,https://pepperhead.com/wp-content/uploads/2016/12/7-Pot-Bubblegum-e1529429619806-247x300.jpg
000027.jpg,https://www.pepperseeds.eu/pub/media/catalog/product/cache/51e4881dc4e265ed9adcb710d483ab73/g/o/goat_horn.jpg
000028.jpg,https://2.bp.blogspot.com/-PPBwid8IXCo/WkgVRp9bMvI/AAAAAAAAEQI/ufVUK4oB0WANnhUxNKYb6p68gOaMfmHBACLcBGAs/s1600/Bahamian%2BGoat%2BPepper%2Binformation.jpg
000029.jpg,https://ak6.picdn.net/shutterstock/videos/1025943206/thumb/1.jpg
000030.jpg,https://www.seedwise.com/assets/uploads/listings/main/54d164991eec4.JPG
000031.jpg,https://www.rareseeds.com/assets/1/14/DimRegular/Pepper-Goat-horn-web.jpg
000032.jpg,https://cdn1.bigcommerce.com/server700/5mvrqhbm/products/1996/images/149474/goat_horn_pepper_350__95169.1515459324.451.395.jpg?c=2
000033.jpg,https://i.pinimg.com/736x/c7/77/59/c7775949e272a9bf0f4af7295d17509e.jpg
000034.jpg,https://fscomps.fotosearch.com/compc/CSP/CSP303/fresh-red-and-green-goat-pepper-on-stock-image__k22666030.jpg
000035.jpg,https://i.etsystatic.com/7824311/r/il/646ada/738008594/il_794xN.738008594_qf2x.jpg
000036.jpg,https://www.chileplants.com/images/chiles/billy-goat-pepper-plants.jpg
000037.jpg,https://www.devonchilliman.co.uk/wp-content/uploads/2017/03/bahamian-goat-.jpg
000038.jpg,https://www.chillihead.co.za/image/cache/data/products/goatpepper-500x500.jpg
000039.jpg,https://www.africanahome.ae/store/wp-content/uploads/2017/11/GOAT-copy.jpg
000040.jpg,https://previews.123rf.com/images/klaikungwon/klaikungwon1205/klaikungwon120500022/13866748-red-thai-goat-pepper-on-the-white-background.jpg
000041.jpg,https://onyeze.com/wp-content/uploads/2019/03/goatmeat-pepper-soup-600x472.jpg
000042.jpg,https://cdn.shopify.com/s/files/1/0220/1512/products/TN_Seeds_Mild_1200x1200_23a9f62f-b6cc-4703-8829-3c9289abf995.jpg?v=1540538208
000043.jpg,https://www.weaverstreetmarket.coop/wp-content/uploads/2017/04/chili-peppers-red-pixabay.jpg
000044.jpg,https://www.rareseeds.com/assets/1/14/DimRegular/Pepper-HPP177-Syrian-Goat-Horn-777-W-1-T-Full-Belly-2016-DSC09515.jpg
000045.jpg,https://i.ebayimg.com/images/g/K6kAAOSwiGNdgQUx/s-l400.jpg
000046.jpg,http://kofsportscafe.com/wp-content/uploads/2019/01/goat-pepper-soup.png
000047.jpg,http://www.shepherdsongfarm.com/wp-content/uploads/2018/02/Nigerian-style-goat-soup-presented-compr.png
000048.jpg,https://cdn11.bigcommerce.com/s-qqb56hyrha/images/stencil/original/products/4398/7020/7547_-_AngryGoatSacrifice__17147.1541375103.jpg
000049.jpg,https://i.ytimg.com/vi/KqeH2pTLzls/maxresdefault.jpg
000050.jpg,https://thumbs.dreamstime.com/z/red-green-thai-goat-pepper-pile-52628152.jpg
000051.jpg,https://www.delicaegourmet.com/images/product/RoastedRedPepperGoatCheeseTapenade_IMG_0847.jpg
000052.jpg,https://c8.alamy.com/comp/D24D32/thailand-red-goat-pepper-and-plastic-bag-on-white-background-D24D32.jpg
000053.jpg,https://www.allnigerianrecipes.com/wp-content/uploads/2019/03/goatmeat-peppersoup.jpg
000054.jpg,https://pepperhead.com/wp-content/uploads/2016/12/Moruga-Scorpion2-e1529428416563-247x300.jpg
000055.jpg,http://i97.photobucket.com/albums/l201/Ardnek710/Chiles%202012/Copyofchilepics2012-08-02005.jpg
000056.jpg,https://www.chili-shop.org/fotos/bahamian_goat_pepper_2.jpg
000057.jpg,https://t3.ftcdn.net/jpg/02/47/50/60/500_F_247506017_kxO28FXLRm5gw1G3yi001Yu7BxtAa7OA.jpg
000058.jpg,https://myheartbeets.com/wp-content/uploads/2019/01/instant-pot-goat-pepper-fry-mutton-indian-malabar.jpg
000059.jpg,https://media.bahamabreeze.com/en_us/images/product/goat-cheese-and-bell-pepper-dip-590x365.jpg
000060.jpg,https://cdn.shopify.com/s/files/1/1145/1260/products/bahamian-goat-pepper-1_large.jpg?v=1564768511
000061.jpg,https://i0.wp.com/snugandcozylife.com/wp-content/uploads/2019/02/Honey-Goat-Cheese-Stuffed-Peppers.jpg?fit=1915%2C1195&ssl=1
000062.jpg,https://i0.wp.com/www.certifiedpastryaficionado.com/wp-content/uploads/2017/03/1-fixed-4.jpg
000063.jpg,https://cdn.thehippyseedcompany.com/wp-content/uploads/2017/06/Bahamian-Goat-Pepper-1.jpg
000064.jpg,http://i.imgur.com/cN5tKNh.jpg
000065.jpg,https://cdn.shopify.com/s/files/1/2086/9287/products/8190561419362_1024x1024.jpg?v=1553814888
000066.jpg,https://www.chileplants.com/images/chiles/goat-horn-pepper-plants.jpg
000067.jpg,https://images-na.ssl-images-amazon.com/images/I/41sP1WuQ24L._SX425_.jpg
000068.jpg,https://media-cdn.tripadvisor.com/media/photo-s/07/b2/f4/ac/taste-of-west-africa.jpg
000069.jpg,https://cdn.shopify.com/s/files/1/0086/6107/3986/products/2018_Bestsellers_5_Pack_AGPC_Sauces_3452x.jpg?v=1559334112
000070.jpg,https://media.istockphoto.com/photos/goat-pepper-condiment-essential-food-thailand-picture-id507513888
000071.jpg,https://cheflolaskitchen.com/wp-content/uploads/2018/05/nigerian-goat-meat-pepper-soup-2.jpg
000072.jpg,https://www.hotsaucesunlimited.com/images/D/DemonReaper800.jpg
000073.jpg,https://4.bp.blogspot.com/-o-FJ1JJMtRI/XFMnR7gleUI/AAAAAAAAsPY/Yro1iUoKvtAhQDmIKZgmbNbCBwmNFcRuQCLcBGAs/s640/pili-620x400.jpg
000074.jpg,https://iowagirleats-iowagirleats.netdna-ssl.com/wp-content/uploads/2016/04/Bacon-and-Goat-Cheese-Stuffed-Sweet-Pepper-Poppers-iowagirleats-01.jpg
000075.jpg,https://i0.wp.com/www.cookingwithseki.com/wp-content/uploads/2017/11/Watermarked2017-11-03-1615.jpg?fit=3024%2C3024&ssl=1
000076.jpg,http://www.iptv.org/sites/default/files/styles/recipe_729/public/FM%20Stuffed%20Peppers%20S7-2.jpg?itok=E8a3b6V6
000077.jpg,http://images.media-allrecipes.com/userphotos/960x960/3755906.jpg
000078.jpg,https://cdn.shopify.com/s/files/1/0645/7913/products/unnamed_08c7cf76-9023-4c0c-9b67-68103e6df3ec_2048x.jpg?v=1527137830
000079.jpg,https://desidine2go.com/wp-content/uploads/2015/09/lamb-masala-600x600.jpg
000080.jpg,https://cdn.shopify.com/s/files/1/1631/4135/products/IMG_2117_530x.JPG?v=1541517854
000081.jpg,https://cdn.shopify.com/s/files/1/2597/0754/products/Angry_Goat_Pepper_Red_Armadillo_Hot_Sauce-1_550x.jpg?v=1566412373
000082.jpg,https://upload.wikimedia.org/wikipedia/commons/thumb/6/63/Goat_meat_pepper_soup_served_with_bread.jpg/1200px-Goat_meat_pepper_soup_served_with_bread.jpg
000083.jpg,https://previews.123rf.com/images/krailurk/krailurk1301/krailurk130100003/17176549-thailand-red-goat-pepper-on-white-background-.jpg
000084.jpg,https://www.chili-shop.org/fotos/bahamian_goat_pepper_1.jpg
000085.jpg,https://www.bowlofdelicious.com/wp-content/uploads/2018/08/Spaghetti-with-Roasted-Red-Pepper-Sauce-and-Goat-Cheese-close-up.jpg
000086.jpg,https://imagesvc.meredithcorp.io/v3/mm/image?url=https%3A%2F%2Fcdn-image.myrecipes.com%2Fsites%2Fdefault%2Ffiles%2Fstyles%2Fmedium_2x%2Fpublic%2Fpepper-jelly-goat-cheese-cakes-sl.jpg%3Fitok%3Dy8mbfZhA&w=450&c=sc&poi=face&q=85
000087.jpg,https://www.storyofakitchen.com/images/pepper-goat2.jpg
000088.jpg,https://cdn.shopify.com/s/files/1/1681/7153/products/angry-goat-hot-cock_2048x.jpg?v=1488408443
000089.jpg,http://www.fao.org/3/y5259e/y5259e15.jpg
000090.jpg,https://cdn.shopify.com/s/files/1/0188/0032/products/rudis-goat-pepper-fire-hot-sauce-canada-heat-level-03-meta-related-collection-chilly-chiles-largest-selection-of-in-condiment-sauces-ingredient_538.jpg
000091.jpg,https://www.closetcooking.com/wp-content/uploads/2016/04/CreamyRoastedRedPepperandGoatCheeseSkilletChickenwithSpinach8006388.jpg
000092.jpg,https://static01.nyt.com/images/2015/04/15/dining/15MARTHA/15MARTHA-articleLarge.jpg
000093.jpg,https://tfpj-s3.troisfoisparjour.com/app/uploads/2018/08/19103224/bruschetta_poivrons_chevre_prosciutto_l-718x1024.jpg
000094.jpg,https://www.italianfoodforever.com/wp-content/uploads/2008/06/peppergoatchbruschetta-480x270.jpg
000095.jpg,http://www.spiceindiaonline.com/wp-content/uploads/2018/12/Goat-Brain-Pepper-Fry-1.jpg
000096.jpg,https://nengiskitchen.com/wp-content/uploads/2018/02/Goat-meat-and-offals-Pepper-soup.jpg
000097.jpg,https://healthyrecipesblogs.com/wp-content/uploads/2018/06/goat-cheese-mini-peppers-11.jpg
000098.jpg,https://img-global.cpcdn.com/001_recipes/fc7f36f77eb65cfd/751x532cq70/grilled-goat-meat-pepper-soup-paired-with-agidi-recipe-main-photo.jpg
000099.jpg,https://cdn2.atlantamagazine.com/wp-content/uploads/sites/4/2017/04/0417_BirthdayClubFood10_Rafterman_oneuseonly.jpg
000100.jpg,https://www.eatwell101.com/wp-content/uploads/2012/12/Cheese-Omelet-recipe.jpg
000101.jpg,https://rachelschultz.com/wp-content/uploads/2018/10/LIGHTENED-UP-RED-PEPPER-GOAT-CHEESE-PASTA-5.jpg
000102.jpg,http://www.sumptuousspoonfuls.com/wp-content/uploads/2013/02/Basil-Goat-Cheese-Stuffed-Sweet-Peppers-2-uncooked.jpg
000103.jpg,https://www.9jafoodie.com/wp-content/uploads/2011/07/Goatmeat-PepperSoup-600x398.jpg
000104.jpg,https://1.bp.blogspot.com/-tq5yX45Kpyc/V9cLQ00hAMI/AAAAAAAARgs/Eon3AX-hs2Io6MiMeH9jNrtHEnWD_1SywCLcB/s1600/honey-basil-and-black-pepper-goat-cheese-spread-8.jpg
000105.jpg,https://pinchofyum.com/wp-content/uploads/Red-Pepper-Goat-Cheese-Panini-4.jpg
000106.jpg,https://az826390.vo.msecnd.net/cdn/media/home/inspiring_recipes/recipes/new_-_p/pizza-pain-naan-poivron-chev-roq-1160x650-bs46455-pub-67290-01.ashx?la=en&mw=1160&w=1160&hash=6180B91AAD6D7EB7B7003891114A7FC8DF85D58B
000107.jpg,https://natashaskitchen.com/wp-content/uploads/2019/02/Roasted-Pepper-Bruschetta-600x900.jpg
000108.jpg,http://www.productescatalans.cat/535-large_default/semi-curat-de-cabra-al-pebre-350-gr.jpg
000109.jpg,https://www.hydroponics.eu/officinal-medical-vegetables-and-chilli-pepper-seeds/chilli-seeds-bank/billy-goat-10-x-pepper-seeds~Img_Principale_25159.jpg
000110.jpg,http://frugalfeeding.com/wp-content/uploads/2013/10/Red-Pepper-and-Goats-Cheese-Risotto-3.jpg
000111.jpg,https://www.hot-headz.com/image/cache/data/AG-01-700x700.jpg
000112.jpg,https://www.kitchentreaty.com/wp-content/uploads/2013/07/Roasted-Red-Pepper-Arugula-Goat-Cheese-Sandwiches-Sq-660x430.jpg
000113.jpg,https://www.thecookierookie.com/wp-content/uploads/2015/08/blistered-sweet-peppers-with-lemon-pepper-goat-cheese-dip-9-of-11.jpg
000114.jpg,https://www.thepretendbaker.com/wp-content/uploads/2017/01/roasted-red-pepper-goat-cheese-pasta.jpg
000115.jpg,https://static01.nyt.com/images/2010/12/07/science/06recipehealth/06recipehealth-jumbo-v2.jpg
000116.jpg,https://www.laaloosh.com/wp-content/uploads/2014/06/roasted-red-pepper-and-goat-cheese-wrap.jpg
000117.jpg,https://grainsandsolids.com/wp-content/uploads/2018/06/Peppersoup.jpg
000118.jpg,https://www.gogogogourmet.com/wp-content/uploads/2015/05/Pesto-Peppers-Sq.jpg
000119.jpg,https://rudishotsauce.com/wp-content/uploads/2018/04/goat-pepper-fire-front-view-448x600.jpg
000120.jpg,https://i.ytimg.com/vi/gQ0dgBx7CwE/maxresdefault.jpg
000121.jpg,https://www.chilipeppermadness.com/wp-content/uploads/2018/03/d3787968271aadf66b69e2f7e02571e2.jpg
000122.jpg,https://savorthebest.com/wp-content/uploads/2014/11/bruschetta-2.jpg
000123.jpg,http://cdn.shopify.com/s/files/1/1072/5570/products/ANGRYGOAT81_BLACKBERRY_GHOST_JAM_grande.jpg?v=1533760145
000124.jpg,https://www.naturefresh.ca/wp-content/uploads/NFF-Bell-Pepper-Goat-Cheese-WEB2.jpg
000125.jpg,https://www.chili-shop.org/fotos/bahamian_goat_pepper_0.jpg
000126.jpg,https://thedecoratedcookie.com/wp-content/uploads/2019/05/mini-stuffed-peppers-how-to-bowl-of-bell-peppers.jpg
000127.jpg,https://cdn.shopify.com/s/files/1/0220/1512/products/hotsauce_angry-goat-pepper-hippy-dippy-green_front.jpg?v=1550164694
000128.jpg,https://ediblesiliconvalley.ediblecommunities.com/sites/default/files/styles/recipe_banner/public/images/recipe/Recipe-Ultimate-Instant-Pot_Fritata.jpg?itok=GIc_E5yC&c=88fa5a71dda010479e9264543402041d
000129.jpg,https://aggieskitchen.com/wp-content/uploads/2015/07/Roasted_Red_Peppers_Pesto_Goat_Cheese-640x427.jpg
000130.jpg,https://st4.depositphotos.com/6520700/20403/i/1600/depositphotos_204037858-stock-photo-bruschetta-red-bell-pepper-goat.jpg
000131.jpg,https://s3.amazonaws.com/finecooking.s3.tauntonclud.com/app/uploads/2017/04/18143138/fc87ka042-01-main.jpg
000132.jpg,https://www.capegazette.com/sites/capegazette/files/2018/11/field/image/Red-Wine-Cranberry-Sauce_EXPS_SDON17_203892_D06_27_4b-696x696.jpg
000133.jpg,https://www.preciouscore.com/wp-content/uploads/2017/11/Goat-Pepper-Soup.jpg
000134.jpg,https://cdn2.bigcommerce.com/server5400/qhre0hjo/products/3389/images/5785/armadillo__26200.1464375572.500.500.png?c=2
000135.jpg,https://cdn.shopify.com/s/files/1/2597/0754/products/Angry_Goat_Purple_Hippo_Hot_Sauce_550x.jpg?v=1544294971
000136.jpg,https://girlheartfood.com/wp-content/uploads/2018/09/Roasted-Red-Pepper-Tomato-Fennel-Soup-with-Goat-Cheese-6-Tall-1.jpg
000137.jpg,https://acimg.auctivacommerce.com/imgdata/0/1/4/8/9/9/webimg/13596275.jpg
000138.jpg,https://www.joanofarcbrie.com/-/media/ecosystem/divisions/scusa/scusa-images/recipes/f/fried-green-tomatoes-with-goat-cheese-red-pepper-pur-e-300.ashx?revision=7cef8fce-a521-4d7e-a520-4fc1d34481ce
000139.jpg,https://cdn.shortpixel.ai/spai/w_816+q_lossless+ret_img+to_webp/https://celebrationsathomeblog.com/wp-content/uploads/2016/03/goat-cheese-quiche-recipe.jpg
000140.jpg,https://images.yaoota.com/Rkm6m6OxLaSBqnrQ1tqd3G2IaBw=/trim/yaootaweb-production-ng/media/crawledproductimages/ae7d34f42507fc8016a7d35b47cf9eb0851b3ba3.jpg
000141.jpg,https://img.rasset.ie/0005bf3e-500.jpg
000142.jpg,http://sisijemimah.com/wp-content/uploads/2016/04/Goat-meat-and-plantain-pepper-soup-13.jpg
000143.jpg,https://www.savoryexperiments.com/wp-content/uploads/2012/12/Goat-Cheese-Dip.jpg
000144.jpg,https://img3.stockfresh.com/files/s/supersaiyan3/m/77/5462232_stock-photo-pile-of-green-thai-goat-pepper.jpg
000145.jpg,https://i.etsystatic.com/6784982/r/il/312ed6/1710174918/il_570xN.1710174918_35io.jpg
000146.jpg,http://www.fao.org/3/y5259e/y5259e14.jpg
000147.jpg,https://noblepig.com/images/2013/08/Creamy-Roasted-Red-Pepper-Goat-Cheese-and-Avocado-Crostini--from-Noble-Pig.jpg
000148.jpg,https://www.aspicyperspective.com/wp-content/uploads/2013/11/goat-cheese-red-pepper-tart-12.jpg
000149.jpg,https://static1.squarespace.com/static/57a62d532e69cffb1a2cf746/t/57a62e48c03026b2ad6d5c25/1267047241008/1000w/RstRedPprWrap.JPG
000150.jpg,https://www.cookingforkeeps.com/wp-content/uploads/2013/02/Done-14.jpg
000151.jpg,https://letthebakingbegin.com/wp-content/uploads/2016/06/Caramelized-Onion-Bell-Pepper-and-Goat-Cheese-Crostini-Let-the-Baking-Begin-2.jpg
000152.jpg,https://bloximages.newyork1.vip.townnews.com/azfamily.com/content/tncms/assets/v3/editorial/7/03/703091b8-0fa7-11e9-b84f-4f1331125695/5c2e8d891b264.image.jpg?resize=400%2C225
000153.jpg,https://assets.epicurious.com/photos/54b2f81711c5d6af478b5f60/master/pass/364031_goat-cheese_1x1.jpg
000154.jpg,https://honestcooking.com/wp-content/uploads/2015/02/Stuffed-Mini-Peppers-3.jpg
000155.jpg,https://foodal.com/wp-content/uploads/2015/07/Olive-Red-Pepper-Goat-Cheese-Crostini-Pin.jpg
000156.jpg,https://www.thetaylor-house.com/wp-content/uploads/2015/10/goat-cheese-and-herb-stuffed-peppers-cut.jpg
000157.jpg,https://taketwotapas.com/wp-content/uploads/2016/03/Spicy-Cheese-Thumbprints-4c.jpg
000158.jpg,https://cdn11.bigcommerce.com/s-qqb56hyrha/images/stencil/original/products/4513/7562/3921__29480.1556931365.jpg
000159.jpg,https://www.loveandoliveoil.com/wp-content/uploads/2013/10/goat-cheese-peppadews2.jpg
000160.jpg,https://www.partiesthatcook.com/media/image-cache/image-cache/recipe/img/polenta-toast-with-red-bell-pepper-pesto-and-goat-cheese.521e93ae.8202a437.jpg
000161.jpg,https://i1.wp.com/flavorthemoments.com/wp-content/uploads/2017/11/roasted-red-pepper-pasta-goat-cheese-mushrooms-spinach1-flavorthemoments.com_.jpg?fit=600%2C859&ssl=1
000162.jpg,https://www.cookingwithtraderjoes.com/wp-content/uploads/2009/09/RoastedPepperGoatCheeseSandwich1-e1306363129489-700x465.jpg
000163.jpg,http://dr35ct9ol6mx2.cloudfront.net/images/thumbnails/600/686/detailed/24/kitchen-food-2018_goat-meat-peppersoup.jpg?t=1549187612
000164.jpg,https://i2.wp.com/www.lucismorsels.com/wp-content/uploads/2016/02/Roasted-Bell-Pepper-Toasts-Recipes-Herbed-Goat-Cheese-2.jpg?resize=980%2C649&ssl=1
000165.jpg,https://www.extraforavocado.com/wp-content/uploads/2018/11/Stuffed-Pepper-Soup0319-683x1024.jpg
000166.jpg,https://grassrunfarms.com/wp-content/uploads/2018/08/RoastedGoatCheese.png
000167.jpg,https://images-gmi-pmc.edge-generalmills.com/ec3bd799-85bb-4793-99da-ed312394eed1.jpg
000168.jpg,https://www.twopeasandtheirpod.com/wp-content/uploads/2012/09/goat-cheese-roasted-pepper-crostini2.jpg
000169.jpg,https://assets.marthastewart.com/styles/wmax-520-highdpi/d24/corn-cakes-0502-mla98851/corn-cakes-0502-mla98851_sq.jpg?itok=oJC4d3Yr
000170.jpg,https://media.istockphoto.com/photos/goat-pepper-picture-id531629588
000171.jpg,https://bcgreenhouse.ca/wp-content/uploads/2015/11/Recipe_Tomato_Pepper_Soup_1-760x400.jpg
000172.jpg,http://3vqefp1jwt3fjun0x281eryv.wpengine.netdna-cdn.com/wp-content/uploads/Crispy-Goat-Cheese-Ravioli-with-Roasted-Red-Pepper-Dip-500x332.jpg
000173.jpg,http://images.smuckers.ca/images/recipes/29/default_image_desktop.jpg
000174.jpg,https://www.ibreatheimhungry.com/wp-content/uploads/2016/09/stuffedpeppers3small-493x700.jpg
000175.jpg,http://www.howsweeteats.com/wp-content/uploads/2012/11/gctruffles-4.jpg
000176.jpg,https://www.seriouseats.com/recipes/images/2014/01/20130430-281690-dinner-tonight-farro-kale-red-pepper-goat-cheese.jpg
000177.jpg,https://i2.wp.com/www.runninginaskirt.com/wp-content/uploads/2014/09/Tomato-Roasted-Red-Pepper-Goat-Cheese-Stuffed-Portobello-Mushrooms-4.jpg?fit=1000%2C667&ssl=1
000178.jpg,https://media.gettyimages.com/photos/green-goat-pepper-on-a-white-background-picture-id475037070
000179.jpg,https://www.farmsanctuary.org/wp-content/uploads/2019/08/IMG_4483.jpg
000180.jpg,http://cdn.shopify.com/s/files/1/1554/7581/articles/Angry_Goat_Pepper_1200x1200.png?v=1518111030
000181.jpg,https://recipeblog.io/fruits/stories/3870/8765.jpg?5acc47105453f
000182.jpg,http://assets.kraftfoods.com/recipe_images/opendeploy/191274-19cdfd55100898bdba1149ba34859a83fbdbbfe2_642x428.jpg
000183.jpg,http://www.homesweetjones.com/wp-content/uploads/2014/05/Roasted-Pepper-and-Goat-Cheese-Flatbread-Close-Up.jpg
000184.jpg,https://www.thewickednoodle.com/wp-content/uploads/2014/04/qsp10-wm.jpg
000185.jpg,https://wholefully.edge.gofastcdn.com/wp-content/uploads/2012/02/IMG_64332-400x266.jpg
000186.jpg,https://upload.wikimedia.org/wikipedia/commons/6/63/Goat_meat_pepper_soup_served_with_bread.jpg
000187.jpg,http://manducahispania.com/wp-content/uploads/2017/03/cabra_con_pimenton-copia.jpg
000188.jpg,http://3.bp.blogspot.com/-zIjOAJ70bfk/VnNo00uVnPI/AAAAAAAAfSo/8ga4M6-FNbc/s1600/Sausage%2BRed%2BPepper%2BGoat%2BCheese%2BPizza%2B1.jpg
000189.jpg,https://natashaskitchen.com/wp-content/uploads/2019/02/Roasted-Pepper-Bruschetta-5-600x450.jpg
000190.jpg,https://pinchofyum.com/wp-content/uploads/Red-Pepper-Goat-Cheese-Panini-3.jpg
000191.jpg,https://d2lnr5mha7bycj.cloudfront.net/product-image/file/large_b8172e50-ec2d-4d79-8586-abb80af45d72.png
000192.jpg,https://i.redd.it/u9fo3khj0fd21.jpg
000193.jpg,https://familyfoodandtravel.com/wp-content/uploads/2014/03/Roasted-Red-Pepper-Goat-Cheese-Alfredo-Recipe-Label-2.jpg
000194.jpg,https://img.sunset02.com/sites/default/files/image/recipes/su/12/05/mini-peppers-filled-goat-cheese-asparagus-su-x.jpg
000195.jpg,https://www.woolwichdairy.com/en/products/soft-fresh-goat-cheese-logs-and-crumbles/url(/-/media/ecosystem/divisions/canada-dairy/sites/woolwich-dairy-2018/woolwich-dairy-2018-images/products/soft-fresh/sweet_pepper_heat_113g.ashx?revision=65abf06a-f924-484f-a136-26dbc22033dc)
000196.jpg,https://www.rachaelrayshow.com/sites/default/files/styles/1280x720/public/images/2017-12/1749985694001_5686521067001_5686428989001-vs.jpg?itok=QZPf9sca
000197.jpg,http://farm3.static.flickr.com/2074/3529570573_f5c42ecf90_o.jpg
000198.jpg,https://canolaeatwell.com/wp-content/uploads/2014/10/Strawberry-Rhubarb-Galette-with-Goat-Cheese_1-683x1024.jpg
000199.jpg,http://farm9.staticflickr.com/8210/8264772854_a33f6d39fd.jpg
000200.jpg,https://www.thetaylor-house.com/wp-content/uploads/2015/10/goat-cheese-stuffed-peppers.jpg
000201.jpg,https://bloximages.chicago2.vip.townnews.com/journalstar.com/content/tncms/assets/v3/editorial/f/47/f475f290-10be-5728-a08d-6b0a12fb4288/559e959bcca61.image.jpg?resize=400%2C400
000202.jpg,https://www.diabetesfoodhub.org/system/thumbs/system/images/recipes/RecId_777_Open-Faced%20Grilled%20Peppers%20and%20Goat%20Cheese%20sandwich_4IngredientCookbook_022518_4131098897.jpg
000203.jpg,https://www.cakenknife.com/wp-content/uploads/2016/02/Black-Pepper-Goat-Cheese-Biscuits-Graphic-620x930.jpg
000204.jpg,https://savorthebest.com/wp-content/uploads/2015/06/roasted-red-pepper-soup-with-goat-cheese.jpg
000205.jpg,https://www.vermontcreamery.com/RecipeManagementSystem/media/Recipe-Media-Files/Recipes/Vermont/Bacon-and-Pepper-Goat-Cheese-Tart-400x495-jpg.jpg?ext=.jpg
000206.jpg,https://www.thecookierookie.com/wp-content/uploads/2014/01/feature1-1024x1024.jpg
000207.jpg,https://dosacorner.ca/wp-content/uploads/2019/04/Goat-Pepper-Fry-300x300.jpeg
000208.jpg,http://blackfoodie.co/wp-content/uploads/2016/01/Screen-Shot-2016-01-26-at-9.51.27-PM-1050x1010.png
000209.jpg,https://www.strongertogether.coop/sites/default/files/wp-content/uploads/2013/03/Goat_Cheese_and_Bell_Pepper_Omelet_0.jpg
000210.jpg,https://savortheflavour.com/wp-content/uploads/2018/04/Spinach-Red-Pepper-Goat-Cheese-Pizza-Tasty-2.jpg
000211.jpg,https://www.jennifermeyering.com/wp-content/uploads/2016/10/roasted-red-pepper-goat-cheese-crostini-3-480x270.jpg
000212.jpg,https://images.squarespace-cdn.com/content/v1/5bff066c31d4df3a74030478/1557893569465-FEX4A7M9QCRHRWAX27UF/ke17ZwdGBToddI8pDm48kNQoM0WZZIW775XLbWYPa4t7gQa3H78H3Y0txjaiv_0fDoOvxcdMmMKkDsyUqMSsMWxHk725yiiHCCLfrh8O1z4YTzHvnKhyp6Da-NYroOW3ZGjoBKy3azqku80C789l0g9xiYCO_4ze-uEG5pWlE5NvEPJPhCQKhigGsHmd9taZW12WFzYpi_YNfM0z11aRqQ/ACS_0056.JPG
000213.jpg,https://www.cleaneatingmag.com/.image/t_share/MTQ0NzQxNjg2MTAwMDQyOTIw/roasted-sweet-peppers-with-sour-orange-vinaigrette--goat-cheese-image.gif
000214.jpg,https://as1.ftcdn.net/jpg/00/11/06/96/500_F_11069625_GjvUq4bhAiK3zFf2dxVkITiTn7wjoJYu.jpg
000215.jpg,http://sarasullivan.com/wp-content/uploads/2017/03/Roasted-Red-Peper-and-Goat-Cheese-1024x1024.jpg
000216.jpg,https://www.bbcgoodfood.com/sites/default/files/styles/recipe/public/recipe_images/recipe-image-legacy-id--837863_11.jpg?itok=Tkj2dxHW
000217.jpg,https://www.carrieelle.com/wp-content/uploads/2017/11/IMG_E4819-3.jpg
000218.jpg,https://dqzrr9k4bjpzk.cloudfront.net/images/5229089/648877735.jpg
000219.jpg,https://chefspencil.com/wp-content/uploads/557-1.jpg
000220.jpg,https://veenaazmanov.com/wp-content/uploads/2012/11/Roasted-Red-Pepper-Goat-Cheese-Quiche-Recipe.jpg
000221.jpg,http://www.lordbyronskitchen.com/wp-content/uploads/2018/08/1-6.jpg
000222.jpg,http://www.lovebeetroot.co.uk/wp-content/uploads/2015/06/Pea-Beetroot-Roasted-Red-Pepper-Goats-Cheese-Open-Tart-525x533.jpg
000223.jpg,https://secure.ce-tescoassets.com/assets/PL/359/5051007085359/ShotType1_540x540.jpg
000224.jpg,https://img.sndimg.com/food/image/upload/c_thumb,q_80,w_412,h_232/v1/img/recipes/35/29/44/picxLC05a.jpg
000225.jpg,https://www.asavoryfeast.com/wp-content/uploads/2015/06/18030241004_b570821dcb_c.jpg
000226.jpg,https://cdn.thenassauguardian.com/wp-content/uploads/2015/12/05175502/Food-prices-influence-how-we-judge-food-quality3.jpg
000227.jpg,https://cdn.shopify.com/s/files/1/1503/3510/products/angry_goat_-_sacrifice_1024x1024.JPG?v=1536605649
000228.jpg,https://media.mercola.com/assets/images/recipes/bell-peppers-goat-cheese.jpg
000229.jpg,http://www.saputospecialty.com/-/media/ecosystem/divisions/scusa/scusa-images/products/woolwich-dairy/roasted-red-pepper-elite-topped-goat-cheese-600.ashx?revision=d496008e-406c-49d3-a634-aa5a94f2d409
000230.jpg,http://www.cookbestrecipes.com/wp-content/uploads/2016/05/Mutton-Pepper-FryGoat-Lamb.jpg
000231.jpg,https://image.shutterstock.com/z/stock-photo-thailand-red-dried-goat-pepper-on-background-1157574406.jpg
000232.jpg,https://www.twopeasandtheirpod.com/wp-content/uploads/2012/09/goat-cheese-roasted-pepper-crostini3.jpg
000233.jpg,https://cdn.shopify.com/s/files/1/0086/6107/3986/products/AGPC_3_Pack_HOTTEST_SAUCES_1024x1024@2x.jpg?v=1556037616
000234.jpg,https://cdn.glutenfreeliving.com/2016/08/Kale-Red-Pepper-Goat-Cheese-Fritatta2.jpg
000235.jpg,https://image.shutterstock.com/display_pic_with_logo/237918247/1440127127/stock-photo-this-is-goat-pepper-on-wild-betel-leaf-bush-1440127127.jpg
000236.jpg,https://www.picclickimg.com/00/s/NTExWDgwMA==/z/pigAAOSwcLxYLUA4/$/25-Premium-Heirloom-Bahamian-Goat-Pepper-Seeds-Organically-_1.jpg
000237.jpg,https://www.eatwell.co.nz/images/recipes/NZWWGoatCheeseRolls.jpg?width=1200&height=800&upscale=false
000238.jpg,https://img-global.cpcdn.com/001_recipes/708a792840a6d025/751x532cq70/my-goat-head-and-leg-pepper-soup-recipe-main-photo.jpg
000239.jpg,https://ehc-west-0-bucket.s3.us-west-2.amazonaws.com/web/documents/hhindiana/menu_item_images/item_image_d948365d-42e4-4731-bf90-df33886141db.jpg?5d9a5929550b3
000240.jpg,https://i1.wp.com/withtwospoons.com/wp-content/uploads/2016/06/DSC_0088.jpg?resize=1024%2C1536&ssl=1
000241.jpg,https://californiaoliveranch.com/wp-content/uploads/2015/03/grilled_zucchini_salad_lg-e1529693310335.jpg
000242.jpg,https://taketwotapas.com/wp-content/uploads/2016/03/Spicy-Cheese-Thumbprints-1c.jpg
000243.jpg,https://www.bostonpostdairy.com/uploads/1/0/7/1/107117729/s826282493491009205_p151_i1_w2560.jpeg
000244.jpg,https://www.feastingathome.com/wp-content/uploads/2019/08/Nectarine-and-Cucumber-Salad-14.jpg
000245.jpg,https://i1.wp.com/dinnersdishesanddesserts.com/wp-content/uploads/2015/05/Paquillo-Pepper-and-Goat-Cheese-Crostini-2.jpg?ssl=1
000246.jpg,https://www.preciouscore.com/wp-content/uploads/2017/11/Goat-Meat-Pepper-Soup-Recipe.jpg
000247.jpg,https://cdn.shortpixel.ai/client/q_lossy,ret_img,w_683/https://syrupandbiscuits.com/wp-content/uploads/2017/03/2017-03-12-14.34.12-683x1024.jpg
000248.jpg,https://i2.wp.com/www.1qfoodplatter.com/wp-content/uploads/2015/11/spicy-goat-meat-peppersoup.jpg?resize=400%2C266&ssl=1
000249.jpg,https://cdn.brainfoodstudio.com/wp-content/uploads/2016/08/roasted-pepper-goats-cheese-salad-feature-1184x410.jpg?x87871
000250.jpg,https://www.beckysbestbites.com/wp-content/uploads/2016/09/Kale-Pesto-Goat-Cheese-Crostini-with-Roasted-Red-Pepper-Wines-of-Garnacha-9-750x1121.jpg
000251.jpg,https://www.loveandoliveoil.com/wp-content/uploads/2009/01/010409.jpg
000252.jpg,https://i0.wp.com/www.mydiasporakitchen.com/wp-content/uploads/2018/01/img_2618.jpg?fit=2448%2C2448&ssl=1
000253.jpg,https://i2.wp.com/www.heatherdisarro.com/wp-content/uploads/2013/07/blog-6.jpg?ssl=1
000254.jpg,http://www.tatashey.com/wp-content/uploads/2014/12/IMG_1059.jpg
000255.jpg,https://www.specialtyfood.com/media/CACHE/images/multi_image_uploader/source/58/65/586585b7c132af75527264ae23340a94/FGC_SmokyPepperJelly.jpg
000256.jpg,https://celebrate-creativity.com/wp-content/uploads/2018/02/pepper-tart12-1-of-1-683x1024.jpg
000257.jpg,https://chefshop.com/GetImage.ashx?Path=%7E%2FAssets%2FProductImages%2Fmama-lils-kick-butt-peppers.jpg&maintainAspectRatio=true&maxHeight=480&maxWidth=480
000258.jpg,https://cdn11.bigcommerce.com/s-f6cx4kq/product_images/uploaded_images/bahamian-goat-pepper-tyler-farms-59556.1506272432.1000.1200.jpg
000259.jpg,https://images.meredith.com/fitness/images/recipe/ss_RU173038.jpg
000260.jpg,https://i.pinimg.com/474x/bc/48/6b/bc486b33127019330133a13a0171e5ef.jpg
000261.jpg,https://deepsouthmag.com/wp-content/uploads/2014/08/shrimpandgrits.jpg
000262.jpg,https://thefitchen.com/wp-content/uploads/2016/01/Goat-Cheese-Stuffed-Poblano-Peppers-Mexican-Rice-92-683x1024.jpg
000263.jpg,https://assets.epicurious.com/photos/560de549f3a00aeb2f1d538c/master/pass/231858.jpg
000264.jpg,https://s3.amazonaws.com/finecooking.s3.tauntonclud.com/app/uploads/2017/04/18144610/fc46ta063-01-main.jpg
000265.jpg,https://playswellwithbutter.com/wp-content/uploads/2018/04/DATE-NIGHT-PASTA-POMODORO-WITH-CHICKEN-AND-GOAT-CHEESE-5.jpg
000266.jpg,https://www.ambitiouskitchen.com/wp-content/uploads/2018/06/grilledpeppers-4.jpg
000267.jpg,https://thumbs.dreamstime.com/z/goat-pepper-garden-82128275.jpg
000268.jpg,https://cdn2.bigcommerce.com/server1600/48fcc/products/309/images/434/Pepper-Dew-Goat-Cheese-Stuffed__48924.1307103516.1280.1280.jpg?c=2
000269.jpg,https://getinspiredeveryday.com/food/wp-content/uploads/sites/5/2015/07/Grilled-Sweet-Peppers-Stuffed-with-Herbed-Goat-Cheese-GI-365-6.jpg
000270.jpg,https://yummybeet.com/wp-content/uploads/2015/03/m-e1486313756939.jpg
000271.jpg,https://media1.popsugar-assets.com/files/thumbor/WEtv7eX3CsC8l90v6ge8ZYNimnY/fit-in/2048xorig/filters:format_auto-!!-:strip_icc-!!-/2016/03/31/025/n/1922195/f15bf3b39ed7054f_veggie-sliders-I-howsweeteats.com-9/i/Grilled-Veggie-Sliders-Goat-Cheese-Spread-Roasted-Red-Pepper-Vinaigrette.jpg
000272.jpg,http://soupfactory.com.ng/wp-content/uploads/2017/06/goatmeat_pepper_soup.png
000273.jpg,http://2.bp.blogspot.com/_eWQv9sh0THc/TSoqVwC_vwI/AAAAAAAAGtQ/5MpOpOaorRc/s1600/DSC_0022a.jpg
000274.jpg,https://flavorthemoments.com/wp-content/uploads/2017/11/roasted-red-pepper-pasta-goat-cheese-mushrooms-spinach4-flavorthemoments.com_-600x862.jpg
000275.jpg,https://letthebakingbegin.com/wp-content/uploads/2016/06/Caramelized-Onion-Bell-Pepper-and-Goat-Cheese-Crostini-Let-the-Baking-Begin-12-1-300x450.jpg
000276.jpg,https://www.teatimemagazine.com/wp-content/uploads/2016/03/SecretGarden367SA-696x537.jpg
000277.jpg,https://www.lordbyronskitchen.com/wp-content/uploads/2019/04/Roasted-Red-Pepper-and-Goat-Cheese-Pasta-3.jpg
000278.jpg,https://www.thewickednoodle.com/wp-content/uploads/2015/12/One-Pot-Pasta-with-Goat-Cheese-and-Roasted-Red-Pepper-Sauce.jpg
000279.jpg,http://res.cloudinary.com/hksqkdlah/image/upload/v1481142009/29683_sfs-stuffed-peppers-20.jpg
000280.jpg,https://www.keyingredient.com/media/ae/70/250c9ef941f074d0095b09fff8cb840eef85.jpg/rh/grilled-portobello-mushroom-roasted-red-pepper-and-goat-cheese-wrap.jpg
000281.jpg,https://www.pauladeenmagazine.com/wp-content/uploads/2014/11/goat-cheese-red-pepper-bruschetta.jpg
000282.jpg,https://pbs.twimg.com/media/Dd2O7eQVAAAV99m.jpg
000283.jpg,https://imagesvc.meredithcorp.io/v3/mm/image?url=https%3A%2F%2Fcdn-image.myrecipes.com%2Fsites%2Fdefault%2Ffiles%2Fstyles%2Fmedium_2x%2Fpublic%2Fimage%2Frecipes%2Fcl%2F14%2F05%2Fhoney-pepper-grilled-goat-cheese-cl-x.jpg%3Fitok%3DYpM-kHaS&w=450&c=sc&poi=face&q=85
000284.jpg,https://www.blissfulbasil.com/wp-content/uploads/2013/07/DSC_6155-002-1024x1024.jpg
000285.jpg,https://www.spabettie.com/wp-content/uploads/2013/03/Roasted-Red-Pepper-Goat-Cheese-Dip-Recipe-@spabettie.jpg
000286.jpg,https://farm3.staticflickr.com/2806/9492615337_0b933e7057_c.jpg
000287.jpg,https://s3.eu-west-1.amazonaws.com/pplus.images.lovin.ie/uploads/images/Screen-Shot-2013-10-13-at-12.10.13.png?mtime=20160718155535
000288.jpg,https://soufflebombay.com/wp-content/uploads/2017/08/Blistered-Shishito-Peppers-with-Goat-Cheese-and-Chili-Sauce-an-easy-light-appetizer-made-in-under-10-minutes.jpg
000289.jpg,https://keyassets-p2.timeincuk.net/wp/prod/wp-content/uploads/sites/50/2012/11/Crostini015.jpg
000290.jpg,https://www.healthy-delicious.com/wp-content/uploads/2013/08/goat-cheese-stuffed-peppadew-peppers-4.jpg
000291.jpg,http://weirdcombinations.com/wp-content/uploads/2011/04/goat-cheese-stuffed-piquillo-pepper-appetizers.jpg?x43967
000292.jpg,https://www.closetcooking.com/wp-content/uploads/2013/11/Creamy-Roasted-Red-Pepper-and-Cauliflower-Soup-topped-with-Pancetta-Sauteed-Apple-Goat-Cheese-and-Croutons-800-4646.jpg
000293.jpg,http://i1069.photobucket.com/albums/u469/gagrowhead/2014%20Winter%20Spring/14108383335260.jpg
000294.jpg,https://i0.wp.com/www.farmgirlgourmet.com/wp-content/uploads/2012/04/Spring-Pea-Pepper-Goat-Cheese-Salad.jpg?resize=1170%2C1762&ssl=1
000295.jpg,https://www.shelikesfood.com/wp-content/uploads/2014/07/Herbed-Goat-Cheese-Toasts-with-Balsamic-Roasted-Sweet-Peppers-0134-689x1024.jpg
000296.jpg,http://www.eminchilli.com/elizabethminchilli/wp-content/uploads/2012/11/IMG_1436-1.jpg
000297.jpg,https://www.capegazette.com/sites/capegazette/local/styles/lede_image_wrap/public/2016/08/field/image/CZ-Product-768x768.jpg?itok=vUQxTyW6
000298.jpg,https://www.frommildtowild.com/xc5/images/product/goat-pepper-fire-full_1.png
000299.jpg,https://image.shutterstock.com/display_pic_with_logo/237918247/1440148268/stock-photo-this-is-a-basket-of-goat-pepper-and-wild-betel-leaf-bush-1440148268.jpg
000300.jpg,https://www.saltscapes.com/media/zoo/images/Bell-pepper-pizza_a8a89a44022aef460a0d6584c803bc95.jpg
000301.jpg,https://thelemonbowl.com/wp-content/uploads/2013/08/Heirloom-Tomato-and-Cucumber-Salad-with-Goat-Cheese-The-Lemon-Bowl-400x400.jpg
000302.jpg,https://i0.wp.com/sipbitego.com/wp-content/uploads/2019/03/IMG_9905-min.jpg?resize=600%2C400&ssl=1
000303.jpg,https://assets.marthastewart.com/styles/wmax-520-highdpi/d25/med103901_0708_portobello/med103901_0708_portobello_sq.jpg?itok=MZiLVAQ9
000304.jpg,http://farm9.staticflickr.com/8349/8264768386_acdd1787e2.jpg
000305.jpg,https://4.bp.blogspot.com/-XQVNynq34g0/V9cLQwo_yvI/AAAAAAAARgo/2cEHNWPMq38BLVwgXzgpTqP7fPnP-aRBQCLcB/s1600/honey-basil-and-black-pepper-goat-cheese-spread-7.jpg
000306.jpg,https://www.chilipeppermadness.com/wp-content/uploads/2018/03/Shrimp-Goat-Cheese-Stuffed-Shells2.jpg
000307.jpg,https://aggieskitchen.com/wp-content/uploads/2015/01/Kale-Red-Pepper-Goat-Cheese-Frittat.jpg
000308.jpg,https://www.cookingforkeeps.com/wp-content/uploads/2013/10/Peppadew-Pepper-Goat-Cheese-and-Bacon-Grilled-Cheese-3_edited-1.jpg
000309.jpg,https://theurbanchefo.files.wordpress.com/2012/07/img_07531.jpg
000310.jpg,https://i2.wp.com/www.lucismorsels.com/wp-content/uploads/2016/02/Roasted-Bell-Pepper-Toasts-Recipes-Herbed-Goat-Cheese.jpg?resize=900%2C1359&ssl=1
000311.jpg,https://desidine2go.com/wp-content/uploads/2015/10/goatentrees.jpg
000312.jpg,https://i.ytimg.com/vi/lGVBF57TP1I/maxresdefault.jpg
000313.jpg,https://previews.123rf.com/images/akwit/akwit1504/akwit150400014/39085895-pile-of-green-red-and-yellow-thai-goat-pepper.jpg
000314.jpg,https://i.etsystatic.com/18420760/d/il/9ed2c7/2040672387/il_340x270.2040672387_2g6y.jpg?version=0
000315.jpg,https://i0.wp.com/growingupbilingual.com/wp-content/uploads/2019/03/DSC07668.jpg?resize=780%2C483&ssl=1
000316.jpg,https://newyork.seriouseats.com/images/2013/03/goatpeppersoup.jpg
000317.jpg,https://www.pepperscale.com/wp-content/uploads/2016/05/Black-Cobra-Pepper-1.jpg
000318.jpg,https://www.woolwichdairy.com/en/products/topped-goat-cheese-/url(/-/media/ecosystem/divisions/canada-dairy/sites/woolwich-dairy-2018/woolwich-dairy-2018-images/products/topped/topped_roastedredpepper.ashx?revision=af055281-e358-421b-958f-518756aa981d)
000319.jpg,http://media.foodnetwork.ca/recipetracker/dmm/G/O/Goat_Cheese_Gnocchi_with_Pepper_Coulis_004.jpg
000320.jpg,https://media.istockphoto.com/photos/fresh-green-goat-pepper-picture-id468114908
000321.jpg,https://veenaazmanov.com/wp-content/uploads/2017/10/Roasted-Red-Peppers-Goats-Cheese-Crostini.jpg
000322.jpg,https://thedecoratedcookie.com/wp-content/uploads/2019/05/mini-stuffed-peppers-with-goat-cheese-image-5-480x360.jpg
000323.jpg,https://c8.alamy.com/comp/E988BM/capsicum-annuum-goat-horn-chilli-pepper-E988BM.jpg
000324.jpg,https://c1.staticflickr.com/4/3733/10074999706_47332ace25_b.jpg
000325.jpg,https://savorthebest.com/wp-content/uploads/2014/11/bruschetta.jpg
000326.jpg,https://natashaskitchen.com/wp-content/uploads/2019/02/Roasted-Pepper-Bruschetta-3-600x900.jpg
000327.jpg,https://image.shutterstock.com/image-photo/thailand-red-dried-goat-pepper-600w-1157574409.jpg
000328.jpg,https://media-cdn.tripadvisor.com/media/photo-s/12/e5/57/9a/goat-pepper-fry.jpg
000329.jpg,https://cdn.shopify.com/s/files/1/0086/6107/3986/products/AGPC_Blueberry_Tequila_Pepper_Jam_1151x.jpg?v=1558455772
000330.jpg,https://cdn.shopify.com/s/files/1/1503/3510/products/Angry_Goat_Pepper_Co._-_Purple_Hip_1024x1024.JPG?v=1539726050
000331.jpg,https://cdn.shopify.com/s/files/1/0188/0032/products/angry-goat-sweaty-beaver-hot-sauce-heat-level-07-meta-related-collection-pepper-co-chilly-chiles-largest-selection-of-in-canada-flavored-syrup-drink-food_208.jpg
000332.jpg,https://assets.epicurious.com/photos/54b0500bfca98987608af6bc/1:1/w_600%2Ch_600/51137030_pepper-and-cheese-strata_1x1.jpg
000333.jpg,https://www.thewickednoodle.com/wp-content/uploads/2016/04/Whipped-Goat-Cheese-with-Pepper-and-Honey-5.jpg
000334.jpg,https://i.pinimg.com/originals/d6/ce/1b/d6ce1bf287177de4c16b08af5ba79006.png
000335.jpg,https://i.ebayimg.com/images/g/sp8AAOSwOdpXzNb0/s-l300.jpg
000336.jpg,https://img-global.cpcdn.com/001_recipes/7d6fc1138891fd38/751x532cq70/ewedu-soup-and-goat-meat-pepper-soup-recipe-main-photo.jpg
000337.jpg,https://www.closetcooking.com/wp-content/uploads/2017/03/BaconandGoatCheeseStuffedMiniPepperswithBalsamicSweetChiliSauce8006339.jpg
000338.jpg,https://lh5.googleusercontent.com/-cN7FEf9p42k/VCJEqIbismI/AAAAAAAAIlU/IALAXjJMrwU/s800/DSC_2618.JPG
000339.jpg,http://farm9.staticflickr.com/8342/8264769310_142ae7f96d_z.jpg
000340.jpg,https://imagesvc.meredithcorp.io/v3/mm/image?url=https%3A%2F%2Fcdn-image.myrecipes.com%2Fsites%2Fdefault%2Ffiles%2Fstyles%2Fmedium_2x%2Fpublic%2F1605p39-bacon-goat-cheese-jalapeno-poppers.jpg%3Fitok%3DYEyuoO8C&w=450&c=sc&poi=face&q=85
000341.jpg,https://thumbs.dreamstime.com/z/red-goat-horn-pepper-silver-table-linen-64223814.jpg
000342.jpg,http://www.tradewindsfruit.com/content/images/black-cayman-pepper.jpg
000343.jpg,https://www.bbcgoodfood.com/sites/default/files/recipe_images/goats-cheese-fennel-roasted-red-pepper-tart.jpg
000344.jpg,https://www.shelikesfood.com/wp-content/uploads/2014/07/Herbed-Goat-Cheese-Toasts-with-Balsamic-Roasted-Sweet-Peppers-0091-682x1024.jpg
000345.jpg,https://www.twopeasandtheirpod.com/wp-content/uploads/2012/09/goat-cheese-roasted-pepper-crostini.jpg
000346.jpg,https://i1.wp.com/www.lucismorsels.com/wp-content/uploads/2018/03/PIN-Fire-Roasted-Bell-Pepper-Toast-Easy-Last-Minute-No-Cook-Appetizer.jpg?resize=500%2C1500&ssl=1
000347.jpg,https://previews.123rf.com/images/eaglesky/eaglesky1410/eaglesky141000034/32791114-fresh-red-and-green-goat-pepper-with-tomato-on-corner-of-wood-background-.jpg
000348.jpg,https://image.shutterstock.com/display_pic_with_logo/630844/268406129/stock-photo-pile-of-red-thai-goat-pepper-on-bamboo-plate-268406129.jpg
000349.jpg,https://i.etsystatic.com/7824311/r/il/365250/1144959689/il_794xN.1144959689_7ukn.jpg
000350.jpg,https://c8.alamy.com/comp/DD0J97/capsicum-annuum-goat-horn-chilli-pepper-growing-in-a-kitchen-garden-DD0J97.jpg
000351.jpg,https://thedecoratedcookie.com/wp-content/uploads/2019/05/mini-stuffed-peppers-how-to-prepare.jpg
000352.jpg,https://i1.wp.com/growingupbilingual.com/wp-content/uploads/2019/04/Copy-of-Copy-of-homemadebirthday-cake.jpg?resize=735%2C1102&ssl=1
000353.jpg,https://media.istockphoto.com/photos/green-bird-pepper-or-goat-pepper-in-the-organic-pepper-garden-picture-id879166036
000354.jpg,https://i.ytimg.com/vi/WrL_hUzj7qo/maxresdefault.jpg
000355.jpg,https://pinchofyum.com/wp-content/uploads/Red-Pepper-Goat-Cheese-Panini-2.jpg
000356.jpg,https://www.cookingforkeeps.com/wp-content/uploads/2013/02/Done-17.jpg
000357.jpg,https://i.pinimg.com/originals/33/b9/6f/33b96f0aa87e35e261856bbddaffa8bc.jpg
000358.jpg,https://media-cdn.tripadvisor.com/media/photo-s/12/67/4b/db/goat-pepper-fry.jpg
000359.jpg,https://www.thewickednoodle.com/wp-content/uploads/2016/04/Whipped-Goat-Cheese-with-Pepper-and-Honey-1.jpg
000360.jpg,https://www.closetcooking.com/wp-content/uploads/2011/01/Chicken2CRoastedRedPepperandFetaLasagna500.jpg
000361.jpg,https://desidine2go.com/wp-content/uploads/2015/10/Pepper-Mutton-600x600.jpg
000362.jpg,https://image.shutterstock.com/image-photo/dried-goat-pepper-600w-147988211.jpg
000363.jpg,https://previews.123rf.com/images/mititee/mititee1503/mititee150300094/37817321-red-thai-goat-pepper-on-the-white-background.jpg
000364.jpg,https://i.ebayimg.com/images/g/sR4AAOSwPe9ZtCsV/s-l300.jpg
000365.jpg,https://imagesvc.meredithcorp.io/v3/mm/image?url=https%3A%2F%2Fcdn-image.myrecipes.com%2Fsites%2Fdefault%2Ffiles%2Fstyles%2Fmedium_2x%2Fpublic%2Fimage%2Frecipes%2Fcl%2F12%2F07%2Ftruffle-goat-cheese-breakfast-panini-cl-x.jpg%3Fitok%3D7uqy7jyl&w=450&c=sc&poi=face&q=85
000366.jpg,https://media.istockphoto.com/photos/goat-pepper-picture-id496917162
000367.jpg,https://i2.wp.com/growingupbilingual.com/wp-content/uploads/2019/03/DSC07682.jpg?resize=780%2C520&ssl=1
000368.jpg,https://c8.alamy.com/comp/ECR797/popular-granite-mortar-full-with-red-and-green-goat-pepper-ECR797.jpg
000369.jpg,http://i95.photobucket.com/albums/l142/wvhoopie/20140803_192249_zpskdadmmoo.jpg?t=1425167573
000370.jpg,https://i.ytimg.com/vi/S1p7lmy9h9E/maxresdefault.jpg
000371.jpg,https://media-cdn.tripadvisor.com/media/photo-s/06/5c/95/cb/mama-sinmi-s-chop-house.jpg
000372.jpg,https://cdn.shopify.com/s/files/1/0086/6107/3986/products/13815214_10154011492584580_2050856373_n_574x.jpg?v=1556037015
000373.jpg,https://image.shutterstock.com/image-photo/organic-dried-goat-pepper-isolated-260nw-1466189435.jpg
000374.jpg,https://thumbs.dreamstime.com/z/raw-lamb-shanks-salt-pepper-stone-tray-rustic-wooden-table-selective-focus-raw-lamb-shanks-100998528.jpg
000375.jpg,https://www.closetcooking.com/wp-content/uploads/2012/09/RoastedRedPepperandGoatCheeseAlfredoPasta5002101.jpg
000376.jpg,https://i.pinimg.com/originals/ef/14/63/ef146393e99675fa813ac91151159414.jpg
000377.jpg,https://previews.123rf.com/images/tcareob72/tcareob721602/tcareob72160200023/51696344-goat-pepper-is-on-the-tree.jpg
000378.jpg,https://media.istockphoto.com/photos/chinese-chive-garlic-chives-onion-and-goat-pepper-picture-id480875017
000379.jpg,https://i.ytimg.com/vi/iByL06VKpng/maxresdefault.jpg
000380.jpg,https://cdn-image.myrecipes.com/sites/default/files/styles/medium_2x/public/image/recipes/cl/13/05/chorizo-goat-cheese-stuffed-peppers-cl-x.jpg?itok=IWhrDHQs
000381.jpg,https://media-cdn.tripadvisor.com/media/photo-s/0b/bc/47/11/goat-cheese-peppers.jpg
000382.jpg,https://c8.alamy.com/comp/DD0J8E/capsicum-annuum-goat-horn-chilli-pepper-growing-in-a-kitchen-garden-DD0J8E.jpg
000383.jpg,https://www.closetcooking.com/wp-content/uploads/2011/04/GoatCheese2CRoastedRedPepperandKalamataOliveMacnCheese1500.jpg
000384.jpg,https://image.shutterstock.com/image-photo/green-goat-pepper-on-white-600w-274017020.jpg
000385.jpg,http://i1280.photobucket.com/albums/a488/JamersUploads/Mobile%20Uploads/2014-08/20140809_183359_zpsqysk56hv.jpg
000386.jpg,https://imagesvc.meredithcorp.io/v3/mm/image?url=https%3A%2F%2Fcdn-image.myrecipes.com%2Fsites%2Fdefault%2Ffiles%2Fstyles%2Fmedium_2x%2Fpublic%2Fimage%2Frecipes%2Foh%2Fckfff%2Fpepper-panini-oh-1896123-x.jpg%3Fitok%3DNNYGIjKH&w=450&c=sc&poi=face&q=85
000387.jpg,https://media.istockphoto.com/photos/bruschetta-with-roasted-pepper-and-goat-cheese-picture-id947324368
000388.jpg,https://i.ytimg.com/vi/bch0yTHRzLA/maxresdefault.jpg
000389.jpg,https://media-cdn.tripadvisor.com/media/photo-s/16/a6/b9/73/stuffed-peppers-with.jpg
000390.jpg,http://i.imgur.com/chUqs2H.jpg
000391.jpg,https://image.shutterstock.com/image-photo/green-goat-pepper-600w-1078380332.jpg
000392.jpg,https://c8.alamy.com/comp/H632F5/capsicum-annuum-goat-horn-chilli-pepper-drying-out-H632F5.jpg
000393.jpg,https://media.istockphoto.com/photos/italian-bruschetta-with-roasted-pepper-and-goat-cheese-on-white-plate-picture-id944462152
000394.jpg,https://c8.alamy.com/comp/C6R87M/roasted-pepper-and-goat-cheese-salad-cafe-quackenbush-los-alamos-california-C6R87M.jpg
000395.jpg,https://i.ytimg.com/vi/fWFDpBJHoRg/maxresdefault.jpg
000396.jpg,https://media-cdn.tripadvisor.com/media/photo-s/11/63/13/cd/goat-pepper-fry.jpg
000397.jpg,https://i.ytimg.com/vi/rU8rfEBku6Y/maxresdefault.jpg
000398.jpg,https://c8.alamy.com/comp/E150DB/fresh-four-4-pods-deep-red-green-goat-horn-hot-pepper-cayenne-pepper-E150DB.jpg
000399.jpg,https://us.123rf.com/450wm/tcareob72/tcareob721602/tcareob72160200022/51696346-goat-pepper-is-on-the-tree.jpg?ver=6
000400.jpg,https://media-cdn.tripadvisor.com/media/photo-s/02/1a/b1/57/fried-goat-cheese-with.jpg
000401.jpg,https://i.ytimg.com/vi/DOIjsBk-nNM/maxresdefault.jpg
000402.jpg,https://c8.alamy.com/comp/X1ARAE/goat-meat-pepper-soup-X1ARAE.jpg
000403.jpg,http://i.imgur.com/h7Y3O.jpg
000404.jpg,https://i.ytimg.com/vi/cOXiEYzzKEY/hqdefault.jpg
000405.jpg,http://i764.photobucket.com/albums/xx286/OzChilliman/IMG_2070.jpg
000406.jpg,https://i.ytimg.com/vi/sTS2jeQNZjQ/maxresdefault.jpg
000407.jpg,https://image.shutterstock.com/image-photo/fresh-red-goat-pepper-growing-450w-662999560.jpg
000408.jpg,https://lh6.googleusercontent.com/-v0C64Xqm3Cc/ULq9G-Aop9I/AAAAAAAABRA/ukdHuKz2gpY/s1024/Chilli%2520Lineup.JPG
000409.jpg,http://www.thepulpiteer.com/peppers/2013/october17/goat.jpg
000410.jpg,https://pepperhead.com/wp-content/uploads/2016/11/Bahamian-Goat-2.jpg
000411.jpg,http://www.peppersbymail.com/wp-content/uploads/2015/09/goat_pepper_03.jpg
000412.jpg,https://cdn1.bigcommerce.com/server700/5mvrqhbm/products/5012/images/146809/bahamian-goat-pepper__08645.1483829895.1280.1280.jpg
000413.jpg,https://pepperhead.com/wp-content/uploads/2016/11/Bahamian-Goat.jpg
000414.jpg,http://sisijemimah.com/wp-content/uploads/2016/04/Goat-meat-and-plantain-pepper-soup-13.jpg
000415.jpg,https://www.peppersbymail.com/wp-content/uploads/2015/09/bohamian_goat_01.jpg
000416.jpg,https://3.bp.blogspot.com/-q0AJ6_epQ2o/Ut5spGXjgOI/AAAAAAAACPE/pFzZSNX_IxI/s1600/Nigerian+Goat+meat+pepper+soup+1.jpg
000417.jpg,http://sisijemimah.com/wp-content/uploads/2016/04/Goat-meat-and-plantain-pepper-soup-8.jpg
000418.jpg,https://www.thecookierookie.com/wp-content/uploads/2017/08/blistered-sweet-peppers-with-lemon-pepper-goat-cheese-dip-8-of-11.jpg
000419.jpg,https://chili.tummelsta.se/wp-content/uploads/2017/07/Bahamian-Goat-Pepper.jpg
000420.jpg,http://makingthymeforhealth.com/wp-content/uploads/2014/08/Goat-Cheese-Stuffed-Mini-Peppers-_-1.jpg
000421.jpg,http://sisijemimah.com/wp-content/uploads/2016/04/Goat-meat-and-plantain-pepper-soup-14.jpg
000422.jpg,https://www.eatgood4life.com/wp-content/uploads/2013/09/IMG_84852.jpg
000423.jpg,http://1.bp.blogspot.com/-EyZAzVm2QPA/T474Shhmj-I/AAAAAAAAGLU/GtxURmI5v7A/s1600/Bruschetta+2.jpg
000424.jpg,http://3.bp.blogspot.com/-PQeBK3eX4VA/T4736nNkuAI/AAAAAAAAGLE/6Ehe7ANk2ss/s1600/Bruschetta.jpg
000425.jpg,http://makingjiggy.com/wp-content/uploads/2013/07/F59UHVDHJGE6BO8.jpg
000426.jpg,http://www.kimshealthyeats.com/wp-content/uploads/2014/01/Goat-Cheese-and-Bacon-Stuffed-Peppers-01.jpg
000427.jpg,http://makingjiggy.com/wp-content/uploads/2013/07/goat-cheese-peppers.jpg
000428.jpg,https://s-media-cache-ak0.pinimg.com/736x/02/4d/87/024d870b484b3892af470819eb0efe6b.jpg
000429.jpg,https://jensfreshandfabulous.files.wordpress.com/2011/09/goat-cheese-peppers-063.jpg
000430.jpg,https://www.hawaiipacifichealth.org/media/4905/red-pepper-arugula-goat-cheese-paninis-web.jpg
000431.jpg,https://www.peppersbymail.com/wp-content/uploads/2015/08/SUNP0001.jpg
000432.jpg,http://www.afrolems.com/wp-content/uploads/2013/03/goat-meat-pepper-soup-with-plantain.jpg
000433.jpg,http://bsinthekitchen.com/wp-content/uploads/2012/05/IMG_4620-8.jpg
000434.jpg,https://jensfreshandfabulous.files.wordpress.com/2011/09/goat-cheese-peppers-040.jpg
000435.jpg,http://winetowalnuts.files.wordpress.com/2012/06/photo.jpg
000436.jpg,https://cdn.shopify.com/s/files/1/1681/7153/products/angry-goat-pink-elephant-hotsauce1000.jpg
000437.jpg,https://bigoven-res.cloudinary.com/image/upload/goat-cheese-stuffed-piquillo-pepper.jpg
000438.jpg,https://www.wellplated.com/wp-content/uploads/2013/04/Goat-Cheese-Caramelized-Onion-Roasted-Red-Pepper-Tart-Recipe-The-Law-Students-Wife-1-778x1024.jpg
000439.jpg,https://www.lifealittlebrighter.com/wp-content/uploads/2015/05/goat-cheese-red-pepper-quesadillas.jpg
000440.jpg,https://pinchofyum.com/wp-content/uploads/Red-Pepper-Goat-Cheese-Panini.jpg
000441.jpg,http://bsinthekitchen.com/wp-content/uploads/2012/05/IMG_4611-3.jpg
000442.jpg,https://www.wellplated.com/wp-content/uploads/2013/04/Goat-Cheese-Caramelized-Onion-Roasted-Red-Pepper-Tart-Recipe-The-Law-Students-Wife-3.jpg
000443.jpg,https://s-media-cache-ak0.pinimg.com/originals/15/96/b7/1596b7ac69541eb34e99fb4eb068792f.jpg
000444.jpg,http://goodstuffathome.com/wp-content/uploads/2014/02/artichoke-roasted-pepper-goat-cheese-panini.jpg
000445.jpg,https://novembercubes.com/wp-content/uploads/2018/06/DSC_4574.jpg
000446.jpg,http://thefitchen.com/wp-content/uploads/2016/01/Goat-Cheese-Stuffed-Poblano-Peppers-Mexican-Rice-5212.jpg
000447.jpg,https://s-media-cache-ak0.pinimg.com/736x/73/09/b9/7309b9aea7bfbeaa17d3c60e0aa94140.jpg
000448.jpg,https://www.lifealittlebrighter.com/wp-content/uploads/2015/05/goat-cheese-red-pepper-quesadillas-2.jpg
000449.jpg,https://www.prouditaliancook.com/wp-content/uploads/2011/04/peppers-3.jpg
000450.jpg,https://www.wellplated.com/wp-content/uploads/2013/04/Goat-Cheese-Caramelized-Onion-Roasted-Red-Pepper-Tart-Recipe-The-Law-Students-Wife-2.jpg
000451.jpg,https://www.lifealittlebrighter.com/wp-content/uploads/2015/05/goat-cheese-red-pepper-quesadillas-5.jpg
000452.jpg,https://s-media-cache-ak0.pinimg.com/736x/30/3a/3a/303a3a9c5f411b242b783eaf37f04691--paleo-appetizers-for-party-appetizer-party.jpg
000453.jpg,https://s-media-cache-ak0.pinimg.com/originals/8e/1b/3e/8e1b3e030a34d9d9b93d879cf830bff6.jpg
000454.jpg,http://makingthymeforhealth.com/wp-content/uploads/2014/08/Goat-Cheese-Stuffed-Mini-Peppers-700x1050.jpg
000455.jpg,https://soleforthesoul.files.wordpress.com/2014/06/stuffed-peppers-arugula.jpg
000456.jpg,https://homemadehooplah.com/wp-content/uploads/2017/11/Goat-Cheese-Stuffed-Mini-Peppers-1-1.jpg
000457.jpg,https://frugalhausfrau.com/wp-content/uploads/2017/03/herbed-goat-cheese-stuffed-mini-peppers2.jpg
000458.jpg,http://www.joyfulhealthyeats.com/wp-content/uploads/2014/09/Grilled-Ribeye-Roasted-Pepper-Bruschetta-with-Whipped-Goat-Cheese-5.jpg
000459.jpg,http://betterwithbutter.com/wp-content/uploads/2010/10/Portabello-and-goat-cheese-pizza.jpg
000460.jpg,https://assets.marthastewart.com/styles/video-preview-1280x720-highdpi/d34/goat_cheese_stuffed_cherry_peppers/goat_cheese_stuffed_cherry_peppers_horiz.jpg
000461.jpg,http://www.thehungrymouse.com/wp-content/uploads/2008/12/dscn0232.jpg
000462.jpg,http://sports-glutton.com/wp-content/uploads/2014/04/Cured-Salmon-BLT-with-Roasted-Pepper-Goat-Cheese-Spread-Recipe-IMG_8289.jpg
000463.jpg,http://themerrythought.com/wp-content/uploads/FloralGoatCheese21.jpg
000464.jpg,https://jensfreshandfabulous.files.wordpress.com/2011/09/goat-cheese-peppers-028.jpg
000465.jpg,https://www.joyfulhealthyeats.com/wp-content/uploads/2014/09/Grilled-Ribeye-Roasted-Pepper-Bruschetta-with-Whipped-Goat-Cheese-4.jpg
000466.jpg,http://bsinthekitchen.com/wp-content/uploads/2013/03/Roasted-Red-Pepper-Portobello-Goat-Cheese-Grilled-Cheese-5a.jpg
000467.jpg,https://aflavorjournal.com/wp-content/uploads/2019/10/baked-goat-cheese-balls-and-tomato-pepper-sauce-11.jpg
000468.jpg,http://1.bp.blogspot.com/-2fsxshWqDR4/VnNo2YuxDZI/AAAAAAAAfS4/hHEZELFmkJs/s1600/Sausage%2BRed%2BPepper%2BGoat%2BCheese%2BPizza%2B2.jpg
000469.jpg,https://www.wellplated.com/wp-content/uploads/2013/04/Goat-Cheese-Caramelized-Onion-Roasted-Red-Pepper-Tart-Recipe-The-Law-Students-Wife-4.jpg
000470.jpg,https://veenaazmanov.com/wp-content/uploads/2012/11/Roasted-Red-Pepper-Onion-Goats-Cheese-Tart.jpg
000471.jpg,https://soleforthesoul.files.wordpress.com/2014/06/sausage-goat-cheese-arugula-stuffed-pepper-2.jpg
000472.jpg,https://www.wellplated.com/wp-content/uploads/2013/04/Goat-Cheese-Caramelized-Onion-Roasted-Red-Pepper-Tart-Recipe-The-Law-Students-Wife-6.jpg
000473.jpg,https://recipedoodle.files.wordpress.com/2015/03/goat-cheese-crostini-with-blood-orange-black-pepper-marmalade.jpg
000474.jpg,https://i0.wp.com/aflavorjournal.com/wp-content/uploads/2019/10/baked-goat-cheese-balls-and-tomato-pepper-sauce-12.jpg
000475.jpg,http://www.dirtylaundrykitchen.com/wp-content/uploads/2014/11/Baked-Goat-Cheese-and-Homemade-Pepper-Jelly-layers.jpg
000476.jpg,https://www.joyfulhealthyeats.com/wp-content/uploads/2014/09/Grilled-Ribeye-Roasted-Pepper-Bruschetta-with-Whipped-Goat-Cheese-6.jpg
000477.jpg,http://makingthymeforhealth.com/wp-content/uploads/2014/08/Goat-Cheese-Stuffed-Mini-Sweet-Peppers.jpg
000478.jpg,https://i2.wp.com/aflavorjournal.com/wp-content/uploads/2019/10/baked-goat-cheese-balls-and-tomato-pepper-sauce-14.jpg
000479.jpg,https://leathamschefsblog.files.wordpress.com/2014/07/piquillo-pepper-and-goats-cheese-couscous-salad.jpg
000480.jpg,http://1.bp.blogspot.com/-8sp6udH3GjA/UQKDKLOif2I/AAAAAAAACbw/jHW_XGkHzYs/s1600/roastedpeppergoatcheeserisotto8.jpg
000481.jpg,https://chipreview.files.wordpress.com/2013/02/kettle-chips-roasted-red-pepper-with-goat-cheese.jpg
000482.jpg,https://kathleeniscookinginmexico.files.wordpress.com/2010/02/pizza029.jpg
000483.jpg,http://peasandcrayons.com/wp-content/uploads/2016/10/herbed-goat-cheese-stuffed-tomatoes-recipe-peasandcrayons-x2-0941.jpg
000484.jpg,https://billygoatvintage.co.uk/wp-content/uploads/2019/09/il_fullxfull.2038789213_2314-1024x768.jpg
000485.jpg,http://kelleychisholm.files.wordpress.com/2012/06/mix-goat-cheese-olives-peppers-and-thyme.jpg
000486.jpg,https://d2qpatdq99d39w.cloudfront.net/wp-content/uploads/2019/10/21163130/rick-stein-lentil-goats-cheese-salad.jpg
000487.jpg,https://billygoatvintage.co.uk/wp-content/uploads/2019/09/Vintage-Novelty-Chef-Head-Cruet-Set-2.jpg
000488.jpg,https://i1.wp.com/sisijemimah.com/wp-content/uploads/2016/04/Spicy-grilled-fish.jpg
000489.jpg,https://billygoatvintage.co.uk/wp-content/uploads/2019/09/Vintage-Novelty-Chef-Head-Cruet-Set-1.jpg
000490.jpg,https://billygoatvintage.co.uk/wp-content/uploads/2019/09/Vintage-Novelty-Chef-Head-Cruet-Set-3.jpg
000491.jpg,https://i.pinimg.com/736x/8f/91/c6/8f91c674a35e37ac094e5b7b80fec4f5.jpg
000492.jpg,https://s-media-cache-ak0.pinimg.com/736x/33/a4/98/33a4986fd5a505d62dae66ad9d0f74c4.jpg
000493.jpg,https://www.balancebox.com/wp-content/uploads/2019/10/onion_goats_cheese_frittata-769x1024.jpg
000494.jpg,https://thetastyfork.files.wordpress.com/2012/08/updated-pic-7.jpg
000495.jpg,https://www.thebermudian.com/wp-content/uploads/2019/10/beetroot-and-goats-cheese-tart-83888-1-840x600.jpg
000496.jpg,https://www.thebermudian.com/wp-content/uploads/2019/10/beetroot-and-goats-cheese-tart-83888-1.jpg
000497.jpg,https://3.bp.blogspot.com/-I136CZtvVX4/VvOAHlJC8kI/AAAAAAAAyVo/Y-zf0dQr6Xwo1aXH0nzLjloFc6RrnutNA/s1600/IMG_0330%2Bcopy.jpg
000498.jpg,https://ciaochowlinda.com/wp-content/uploads/2009/08/July-2009-189_thumb1.jpg
000499.jpg,https://www.pineappleandcoconut.com/wp-content/uploads/2018/07/Grilled-Salmon-with-Summer-Fruit-Salsa-189.jpg
