image,source
000001.jpg,https://www.pepperscale.com/wp-content/uploads/2016/05/Guindilla-Pepper-768x626.jpg
000002.jpg,https://lunya.co.uk/wp-content/uploads/2013/11/guindilla-peppers1.jpg
000003.jpg,https://cdn.shopify.com/s/files/1/0187/3780/products/DF_Guindilla_Peppers_1.jpg?v=1445465617
000004.jpg,https://www.chilipeppermadness.com/wp-content/uploads/2019/05/Guindilla-Peppers2.jpg
000005.jpg,https://www.melburyandappleton.co.uk/ekmps/shops/melburyapple/images/spanish-hot-pickled-guindilla-peppers-430g-11666-p.jpg
000006.jpg,https://www.chilipeppermadness.com/wp-content/uploads/2019/05/Guindilla-Peppers.jpg
000007.jpg,http://preppings.com/wp-content/uploads/2014/06/Guindilla.pepper.jpg
000008.jpg,https://cdn.shopify.com/s/files/1/0187/3780/products/Guindilla_Peppers_-_Donostia_Foods_2048x.jpg?v=1445465630
000009.jpg,http://boroughmarket.org.uk/images/1596/default/guindilla_peppers_web.jpg
000010.jpg,https://images.tienda.com/is/image/LaTienda/vg-11?wid=1087&qlt=60
000011.jpg,http://cdn.shopify.com/s/files/1/0111/1729/7722/products/guindilla-ristra.jpg?v=1534951695
000012.jpg,https://www.ocado.com/productImages/342/342652011_0_268x268.jpg?identifier=ab2613cd2adf74e36478a6d82b231080
000013.jpg,https://www.melburyandappleton.co.uk/ekmps/shops/melburyapple/images/guindilla-pepper-ristra-string-of-30-6958-p.jpg
000014.jpg,https://previews.123rf.com/images/cokemomo/cokemomo1408/cokemomo140800040/30930914-fried-guindilla-peppers-spanish-tapas-basque-cuisine.jpg
000015.jpg,https://images-na.ssl-images-amazon.com/images/I/71A%2BfVB6SUL._SY550_.jpg
000016.jpg,https://catalangourmet.com/pub/media/catalog/product/cache/image/700x560/e9c3970ab036de70892d86c6d221abfe/C/H/CHIL1000.jpg
000017.jpg,https://i.pinimg.com/originals/7d/21/80/7d2180841d1b98d2a669cd80a68dc741.jpg
000018.jpg,https://i.ebayimg.com/images/g/sy0AAOSwDvZc0q~Z/s-l300.jpg
000019.jpg,https://heritageseedmarket.com/wp-content/uploads/2018/01/guindilla-verde-2-2018.jpg
000020.jpg,http://3.bp.blogspot.com/-_T-n94foogA/VfRHOmKqcNI/AAAAAAAAExk/TysxrvvUCP8/s1600/chiles-guindillas.jpg
000021.jpg,http://masdudiable.files.wordpress.com/2009/12/chilli-guindilla-2008-374.jpg
000022.jpg,https://www.foodswinesfromspain.com/spanishfoodwine/wcm/idc/groups/public/documents/imagen/mde3/nzm4/~edisp/img2017738793.png
000023.jpg,https://i2.wp.com/www.thepaleosecret.com/wp-content/uploads/2014/06/peppers.jpg?fit=462%2C308
000024.jpg,http://mateinspain.com/wp-content/uploads/2016/09/perello-guindilla.jpg
000025.jpg,https://www.spanien-shop.com/images/thumbnail/produkte/medium/gemuese/guindillavasca.jpg
000026.jpg,https://i1.wp.com/www.vivagourmet.com/wp-content/uploads/2016/10/El-Navarrico-Pickled-Guindilla-Peppers-300g-8413239600408.jpg?fit=467%2C350&ssl=1
000027.jpg,https://previews.123rf.com/images/hemeroskopion/hemeroskopion1612/hemeroskopion161200102/67275937-chorizo-and-cheese-tapa-with-a-hot-guindilla-pepper-topping.jpg
000028.jpg,https://images.tienda.com/is/image/LaTienda/vg-55?wid=1087&qlt=60
000029.jpg,https://www.chileplants.com/images/chiles/guindilla-pepper-plants.jpg
000030.jpg,https://culinaryclub.com.au/wp-content/uploads/2016/11/Guindilla_Peppers.jpg
000031.jpg,http://www.hometownsausagekitchen.com/wp-content/uploads/2016/06/gpepp4.jpg
000032.jpg,https://lunya.co.uk/wp-content/uploads/2013/11/DeliProducts-4551.jpg
000033.jpg,https://c8.alamy.com/comp/HABXK2/chorizo-and-cheese-tapa-with-a-hot-guindilla-pepper-topping-HABXK2.jpg
000034.jpg,https://image.shutterstock.com/image-photo/gildaolive-anchovy-guindilla-pepper-spanish-600w-213749701.jpg
000035.jpg,https://www.lagrandeepicerie.com/dw/image/v2/BBWG_PRD/on/demandware.static/-/Sites-lge-master-catalog/default/dw9f78d249/images/DIS/3760047370081_1.jpg?sw=330&sh=330&sm=fit
000036.jpg,https://previews.agefotostock.com/previewimage/medibigoff/39fd5378004ad17e47e1da82df3bcdce/sse-60146145.jpg
000037.jpg,https://delicioso.co.uk/wp-content/uploads/2018/08/SP32_Ristras_Choricero_Product_01-1-1024x683.jpg
000038.jpg,https://cdn.shopify.com/s/files/1/0111/1729/7722/products/MA0045_Maison_Arosteguy_Guindilla_Peppers-3_300x.jpg?v=1563457003
000039.jpg,https://image.shutterstock.com/image-photo/green-red-chili-peppers-isolated-260nw-278883320.jpg
000040.jpg,https://www.gastronomiavasca.net/uploads/image/file/4236/w700_guindilla_seca.jpg
000041.jpg,https://produits.bienmanger.com/5756-0w345h345_Sweet_Pepper_Guindilla_From_Ibarra.jpg
000042.jpg,https://c8.alamy.com/comp/HABX9R/chorizo-and-cheese-tapa-with-a-hot-guindilla-pepper-topping-HABX9R.jpg
000043.jpg,http://www.spicegarden.eu/WebRoot/StoreLES/Shops/62431129/4CB7/1E23/8EE5/6278/C8F0/C0A8/2936/DA02/Guindilla_Larga_Roja.jpg
000044.jpg,https://cdn.shopify.com/s/files/1/0025/8002/1309/products/PR003007-PR003008-PR003009-garcia-hijos-guindillas-noras-choricero-dried-peppers-brindisa.jpg?v=1548867117
000045.jpg,https://media-cdn.tripadvisor.com/media/photo-s/12/4b/d1/f4/gildas-olives-anchovies.jpg
000046.jpg,https://www.gourmetfoodstore.com/images/product/large/3577_1_.jpg
000047.jpg,https://olivesedeta.com/198-large_default/aceitunas-gordal-con-guindilla.jpg
000048.jpg,https://i.etsystatic.com/12356882/r/il/f96c13/1303886364/il_570xN.1303886364_9uqk.jpg
000049.jpg,https://thumbs.dreamstime.com/z/pintxos-pintxo-set-olive-guindilla-pepper-anchovy-bread-rustic-board-food-basque-country-type-65379321.jpg
000050.jpg,https://food.mimofood.com/assets/food/img/guindillas-02.jpg
000051.jpg,https://t3.ftcdn.net/jpg/02/61/27/72/500_F_261277209_1mzg2Dv9s1xeUtG9bB5JouzszDKo5mbx.jpg
000052.jpg,https://www.ocado.com/productImages/342/342652011_1_640x640.jpg?identifier=ab2613cd2adf74e36478a6d82b231080
000053.jpg,https://shop.westlandpeppers.com/wp-content/uploads/2017/07/baskische_gedroogde_guindilla_westlandpeppers-2.jpg
000054.jpg,https://www.mascarellsemillas.com/1283-large_default/hot-pepper-of-cayenna.jpg
000055.jpg,https://www.magicgardenseeds.com/pics/mgs/1201/1000/Chillies-'Guindilla-Blanca-de-Vinagre'-(Capsicum-annuum).jpg
000056.jpg,https://comps.canstockphoto.com/fresh-guindillas-peppers-stock-photography_csp21613504.jpg
000057.jpg,https://www.yummly.com/images/Fresh-Guindilla-Peppers-with-Rice-Filling-recipe-632090
000058.jpg,https://cookieandkate.com/images/2019/08/charred-shishito-peppers-recipe-3.jpg
000059.jpg,http://www.sweetpaulmag.com/1EatContent/LONGgildas.png
000060.jpg,https://www.watsonandpratts.co.uk/imglib/38f394d9-20b9-41f0-a05f-2c4e151a4806/400_400/Guindilla_Dried_Pepper_1_pepper.jpg
000061.jpg,https://cdn10.bigcommerce.com/s-jwtn6s/products/774/images/833/elnavarrico_preserves-chillies_vinagar__03945.1411072699.1000.1000.jpg?c=2
000062.jpg,https://i.pinimg.com/originals/e4/72/af/e472aff5debd43cc15bd9b6001c7779a.jpg
000063.jpg,https://image1.masterfile.com/getImage/652-03802659em-olive-guindilla-pepper-and-onion-mini-skewers-stock-photo.jpg
000064.jpg,https://www.goodfood.com.au/content/dam/images/2/g/i/a/z/image.related.articleLeadwide.380x214.2gynl.png/1364856603570.jpg
000065.jpg,http://www.spicegarden.eu/WebRoot/StoreLES/Shops/62431129/540D/E29D/2224/E6BC/10C3/C0A8/2AB9/2E20/piemento_verde.JPG
000066.jpg,https://previews.agefotostock.com/previewimage/medibigoff/b01543e1013dd65494776ff97c234e86/sse-183832.jpg
000067.jpg,https://www.thegrocer.com.au/wp-content/uploads/2015/05/Guindillas.png
000068.jpg,https://cdn.shopify.com/s/files/1/1908/7773/products/Himafesa_Guindillas_en_Vinagre_300x300.jpg?v=1538687126
000069.jpg,http://globalactionawards.org/wp-content/uploads/2019/06/spanish-sweet-peppers-spice-pepper-spanish-sweet-pickled-guindilla-peppers.jpg
000070.jpg,https://www.chili-shop24.com/media/image/bf/6f/8e/9347_GuindillaRoja_600x600.jpg
000071.jpg,https://imagesvc.meredithcorp.io/v3/mm/image?url=https%3A%2F%2Fcdn-image.myrecipes.com%2Fsites%2Fdefault%2Ffiles%2Fstyles%2Fmedium_2x%2Fpublic%2Fpepper-olive-anchovy-skewers-su.jpg%3Fitok%3DEKN5nB7z&w=450&c=sc&poi=face&q=85
000072.jpg,https://c8.alamy.com/comp/HDKCMD/chorizo-and-cheese-tapa-with-a-hot-guindilla-pepper-topping-HDKCMD.jpg
000073.jpg,https://faroliva.com/358-large_default/aceituna-gordal-con-guindilla-150-grs.jpg
000074.jpg,https://food.mimofood.com/assets/food/img/guindillas-01.jpg
000075.jpg,https://static.wixstatic.com/media/b32abc_27f02b16a3a04462b250d3783c46e107~mv2.jpg/v1/fill/w_480,h_360,al_c,q_85,usm_0.66_1.00_0.01/b32abc_27f02b16a3a04462b250d3783c46e107~mv2.jpg
000076.jpg,https://s3-media4.fl.yelpcdn.com/bphoto/VXH1iqAN1QGYoqD8EdA43Q/o.jpg
000077.jpg,https://www.mercurynews.com/wp-content/uploads/2017/06/sjm-l-produce1-0702-web.jpg?w=516
000078.jpg,https://www.alimentaria.com.au/wp-content/uploads/2017/02/agina-eusko-01.jpg
000079.jpg,https://www.chili-shop24.com/media/image/45/e3/02/9270_Guindilla-Blanca-Vinag_600x600.jpg
000080.jpg,https://i1.wp.com/gustotv.tv/wp-content/uploads/2018/08/Latin-Kitchen_1009_Pintxos_horizontal_1.jpg?fit=3000%2C2400&ssl=1
000081.jpg,https://www.gastronomiavasca.net/uploads/image/file/3374/w700_guindilla_de_ibarra.jpg
000082.jpg,http://www.hometownsausagekitchen.com/wp-content/uploads/2016/06/gpepp5.jpg
000083.jpg,https://cdn.shopify.com/s/files/1/0187/3780/products/Bonito_del_Norte_Tuna_and_Guindilla_Peppers_Sandwich_4_-_Donostia_Foods_2048x.jpg?v=1445465617
000084.jpg,https://images-eu.ssl-images-amazon.com/images/I/51-DhZOqV4L.jpg
000085.jpg,https://i.imgur.com/fhwk0oy.jpg
000086.jpg,http://cdn.shopify.com/s/files/1/0111/1729/7722/products/brindisa-hot-peppers-spanish-guindillas.jpg?v=1547041306
000087.jpg,https://t4.ftcdn.net/jpg/00/24/13/31/500_F_24133197_zXkDL4W8MeNLmZiEoIfgpzXNwPMFl7Ya.jpg
000088.jpg,https://www.bascofinefoods.com/media/catalog/product/cache/1/small_image/337x/17f82f742ffe127f42dca9de82fb58b1/a/g/agina_guindilla_peppers_small.jpg
000089.jpg,https://i.etsystatic.com/8657432/c/699/555/170/91/il/398b67/1666987708/il_340x270.1666987708_cdxz.jpg
000090.jpg,https://media.pri.org/s3fs-public/story/images/Shrimp_CROP.jpg
000091.jpg,https://www.foodgal.com/wp-content/uploads/2010/09/PeppersVertical.jpg
000092.jpg,https://s3-media3.fl.yelpcdn.com/bphoto/goArYLYRoQC3px-58uktmQ/o.jpg
000093.jpg,https://upload.wikimedia.org/wikipedia/commons/d/da/Red_capsicum_and_cross_section.jpg
000094.jpg,https://www.devonchilifarm.hu/wp-content/uploads/2019/01/Bullet-szaritott-chili-324x324.jpg
000095.jpg,https://www.selinawamucii.com/wp-content/uploads/2018/11/Tanzania-Chili-Peppers-selina-wamucii.jpg
000096.jpg,https://live.staticflickr.com/2829/10003438445_9b6d01dcb0_n.jpg
000097.jpg,https://media.istockphoto.com/photos/group-of-chillies-of-various-kinds-on-white-background-pepper-chili-picture-id1133038649?k=6&m=1133038649&s=612x612&w=0&h=tqYR2WERmWt7S83B76ODmENaMxSW0TbEGeDwMUVHP84=
000098.jpg,https://www.chilipeppermadness.com/wp-content/uploads/2013/09/Aji-Panca-Peppers-Dried.jpg
000099.jpg,https://media-cdn.tripadvisor.com/media/photo-s/0a/64/55/9d/gambas-al-ajillo-shrimp.jpg
000100.jpg,https://www.aceitunaslorente.com/wp-content/uploads/2018/04/aceitunas-lorente-alicante-torrevieja-guindillas-picantes.jpg
000101.jpg,https://www.melburyandappleton.co.uk/ekmps/shops/melburyapple/images/spanish-hot-guindilla-peppers-dried-[2]-15026-p.jpg
000102.jpg,https://heritageseedmarket.com/wp-content/uploads/2018/11/biquinho-yellow-BHS-324x324.jpg
000103.jpg,http://2.bp.blogspot.com/-_tgo7Ia44SU/VfRHFchKl2I/AAAAAAAAEw4/rT1NOSKJtq8/s1600/chile-peppers.jpg
000104.jpg,http://www.celorrio.com/sites/default/files/12024a.jpg
000105.jpg,http://www.vancouversun.com/cms/binary/11909363.jpg
000106.jpg,https://i1.wp.com/secretseedcartel.com/wp-content/uploads/2017/01/guindillas-de-Tolosa.jpg?fit=736%2C489&ssl=1
000107.jpg,http://images.foodmento.com/U3P3390F16588-1410113743-16e.jpg
000108.jpg,https://www.laespanolameats.com/1265-thickbox_default/basque-green-peppers-in-vinegar-luxeaper.jpg
000109.jpg,https://as1.ftcdn.net/jpg/02/38/66/30/500_F_238663015_3oVay47feIUo3Jrr88SyiLXP0jXoQfIJ.jpg
000110.jpg,https://comps.canstockphoto.com/spicy-tapa-picture_csp42345372.jpg
000111.jpg,http://www.pintxosqr.com/pintxos/pintxo_210_es.jpg
000112.jpg,https://www.aceitunasguerra.com/wp-content/uploads/2017/08/producto_guindillas.jpg
000113.jpg,https://www.nomadistribution.com.au/images/stories/virtuemart/product/guindillas%20australia%20nomad%20distribution%20la%20boqueria%20.jpg
000114.jpg,https://st2.depositphotos.com/1692343/9813/i/950/depositphotos_98135582-stock-photo-hot-green-thai-chili-pepper.jpg
000115.jpg,http://intuitiveforager.com/availability/wp-content/uploads/2015/06/IMG_7148-705x940.jpg
000116.jpg,https://image.shutterstock.com/image-photo/guindilla-peppers-bar-600w-788807728.jpg
000117.jpg,http://foodfirst.org/wp-content/uploads/2014/03/img_8207.jpg
000118.jpg,https://www.hallamohe.com/1624-large_default_2x/extra-vasc-chilli-pepper-serrano.jpg
000119.jpg,https://www.essentialingredient.com.au/wp-content/uploads/2017/05/01F3765.jpg
000120.jpg,https://sgfm.elcorteingles.es/SGFM/dctm/MEDIA03/201906/18/00113333002239____1__640x640.jpg
000121.jpg,https://c1.staticflickr.com/5/4303/35671237320_9824ce524d_b.jpg
000122.jpg,https://as2.ftcdn.net/jpg/02/38/65/79/500_F_238657939_WHTOXpHZiF3krtpfa1cr731oo2UckE66.jpg
000123.jpg,https://www.devonchilifarm.hu/wp-content/uploads/2019/01/Guindilla-Chilli-Ristra.jpg
000124.jpg,http://www.salondegourmets.com/salondegourmets2018/en/Products/GetPhoto?idAccount=1253862&idProduct=223113
000125.jpg,https://media.gettyimages.com/photos/peppers-picture-id154208227?s=612x612
000126.jpg,http://www.ramiroarnedo.com/images/categorias/semillas-profesionales/pimiento-picante-guindilla.jpg
000127.jpg,https://www.chowhound.com/blog-media/2015/07/header-PEPPERS_620.jpg
000128.jpg,https://www.foodswinesfromspain.com/spanishfoodwine/wcm/idc/groups/public/documents/imagen/mde3/nzm4/~edisp/img2017738794.png
000129.jpg,https://cookieandkate.com/images/2019/08/blistered-shishito-peppers-in-skillet.jpg
000130.jpg,http://bares.com.ph/wp-content/uploads/2018/02/Karina-Queen-Olives-with-Chili-Pepper.jpg
000131.jpg,https://shop.westlandpeppers.com/wp-content/uploads/bfi_thumb/dried-spanish-chili_westlandpeppers-3-o8wqzw325apnva7ts5sje69u98xbo8f72qzs77cvlk.jpg
000132.jpg,https://food.mimofood.com/assets/food/img/guindillas-03.jpg
000133.jpg,https://delicioso.co.uk/wp-content/uploads/2018/07/V41-V50-Guindillas-art-1-1024x683.jpg
000134.jpg,https://i.pinimg.com/originals/4d/f6/b6/4df6b6c249778f008f85219f363a0a74.jpg
000135.jpg,https://www.horticultura-bellmunt.com/305-10305100-large_default/capsicum-guindilla-m11.jpg
000136.jpg,https://i.ebayimg.com/images/g/-DgAAOSw6AlbO~Qd/s-l300.jpg
000137.jpg,https://pbs.twimg.com/media/CSoj1nPWsAA-klY.jpg
000138.jpg,http://images.foodmento.com/U46P1202F4649-1372263369-2dc.jpg
000139.jpg,https://thumbs.dreamstime.com/z/spicy-tapa-chorizo-cheese-hot-guindilla-pepper-topping-81435974.jpg
000140.jpg,https://c8.alamy.com/comp/HEEGBP/chorizo-and-cheese-tapa-with-a-hot-guindilla-pepper-topping-HEEGBP.jpg
000141.jpg,https://www.elpaladar.es/server/Portal_0005448/img/products/guindillas-vascas-zubelzu-195g_6053651.jpg
000142.jpg,http://rangerhorse.org/wp-content/uploads/2019/03/pickled-peppers-quick-and-onions-sweet-guindilla-chili-tesco.jpg
000143.jpg,https://www.extertronic.com/4265-large_default/pepper-cayenne.jpg
000144.jpg,https://www.aceitunaslorente.com/wp-content/uploads/2018/04/aceitunas-lorente-torrevieja-banderillas-picantes2.jpg
000145.jpg,https://media.brycus.es/c/product/semillas-de-pimiento-guindilla-verde-5-gramos-520x520.jpg
000146.jpg,https://images-prod.healthline.com/hlcmsresource/images/AN_images/jalapeno-peppers-thumb.jpg
000147.jpg,https://foodfirst.org/wp-content/uploads/2014/01/peppers-700x320.jpg
000148.jpg,https://previews.123rf.com/images/hemeroskopion/hemeroskopion1612/hemeroskopion161200082/67236843-chorizo-and-cheese-tapa-with-a-hot-guindilla-pepper-topping.jpg
000149.jpg,https://www.thecitycook.com/articles/2017-07-25-Mirepoix-11.3/_res/id=Pictures/index=1
000150.jpg,http://www.coquet.es/sites/default/files/styles/product-full/public/productos/guindilla_vinagre.jpg
000151.jpg,https://faroliva.com/442-large_default/guindillas-130-grs.jpg
000152.jpg,https://static1.squarespace.com/static/550d2930e4b07f1da6728164/5518591ce4b0d6d252c9f4af/55185920e4b0d6d252ca0407/1287238821243/1000w/IMG_2342.JPG
000153.jpg,https://www.rareseeds.com/assets/1/14/DimRegular/Pepper-Aji-Charapito-from-Peru-LSS-000_7251.jpg
000154.jpg,https://images.tienda.com/is/image/LaTienda/sc-63?wid=840&op_sharpen=1
000155.jpg,https://www.horticultura-bellmunt.com/1764-11764100-thickbox_default/capsicum-guindilla-m13.jpg
000156.jpg,https://www.chilipeppermadness.com/wp-content/uploads/2019/08/Chilaca-Peppers.jpg
000157.jpg,http://gruposerhos.com/117-large_default_2x/cayena-guindilla-entera-210-g.jpg
000158.jpg,http://www.edelices.co.uk/media/catalog/product/cache/6/thumbnail/9df78eab33525d08d6e5fb8d27136e95/p/i/piments-verts-doux-guindillas-ibarrako-langostinoak-zoom.jpg
000159.jpg,https://image1.masterfile.com/getImage/652-03802598em-tuna-anchovies.jpg
000160.jpg,https://media.istockphoto.com/photos/heart-of-red-chili-peppers-on-white-background-pepper-picture-id1133038704?k=6&m=1133038704&s=612x612&w=0&h=LXGzMqip4FIZWDkprYp2IFubqtui4FHaWxWDxyBVdcQ=
000161.jpg,http://www.spicegarden.eu/WebRoot/StoreLES/Shops/62431129/4E7C/4601/1A8C/4A0A/2480/C0A8/28BC/CF13/Naga_Bhut_Jolokia.JPG
000162.jpg,https://upload.wikimedia.org/wikipedia/commons/d/d2/Capsicum_annuum_-_K%C3%B6hler%E2%80%93s_Medizinal-Pflanzen-027.jpg
000163.jpg,https://www.aliminter.com/media/catalog/product/cache/2/image/9df78eab33525d08d6e5fb8d27136e95/g/u/guindillas_verdes_tarro_cristal_720_.jpg
000164.jpg,https://www.picclickimg.com/d/l400/pict/312336894104_/200Pcs-Seeds-Giant-Red-Spices-Spicy-Chili-Pepper200.jpg
000165.jpg,https://www.cookipedia.co.uk/wiki/images/7/7b/Brussels_sprouts_with_pine_nuts%2C_garlic_and_guindilla_peppers_recipe.jpg
000166.jpg,https://www.gayot.com/blog/wp-content/uploads/2011/01/sauteed-shrimps.jpg
000167.jpg,https://www.azada.es/wp-content/uploads/2019/09/guindilla-600x510.jpg
000168.jpg,http://2.bp.blogspot.com/-cOCR3L8cHVE/VfRHEM4OpPI/AAAAAAAAEw0/L_nHZfZA12Y/s1600/chile-jalape%25C3%25B1o.jpg
000169.jpg,https://browngoesgreen.files.wordpress.com/2012/10/chili-guindilla.jpg?w=584
000170.jpg,https://www.bascofinefoods.com/media/catalog/product/cache/1/thumbnail/800x/17f82f742ffe127f42dca9de82fb58b1/g/u/guindillas_agina_peppers_3.jpg
000171.jpg,https://i0.wp.com/cuoredipane.com/wp-content/uploads/2018/11/CREMA-ZANAHORIA-Y-GUINDILLA-1.1.jpg?fit=953%2C1024&ssl=1
000172.jpg,http://www.bioro.gr/gallery/Files/4241.jpg
000173.jpg,http://greedysisters.files.wordpress.com/2013/05/cornbread.jpg
000174.jpg,https://cdn.pixabay.com/photo/2016/12/30/00/36/chilli-peppers-1939669_640.jpg
000175.jpg,https://previews.agefotostock.com/previewimage/medibigoff/e355519ec721b1b3de1965219685d963/sse-60146009.jpg
000176.jpg,https://farm1.static.flickr.com/234/3264264446_313b341a47_b.jpg
000177.jpg,https://cdn.shopify.com/s/files/1/0111/1729/7722/products/dried-guindilla-peppers_300x.jpg?v=1553966287
000178.jpg,https://images.squarespace-cdn.com/content/v1/50918528e4b05d6afd9ed070/1390954748881-KWKV5T7R7GBZ89KJL3FA/ke17ZwdGBToddI8pDm48kJQ5exiVvASMp28sq3WHBQt7gQa3H78H3Y0txjaiv_0fDoOvxcdMmMKkDsyUqMSsMWxHk725yiiHCCLfrh8O1z5QPOohDIaIeljMHgDF5CVlOqpeNLcJ80NK65_fV7S1UZ2d9AP-6nUOcXJNhFzv7iiAvogem4C8dRg_dHlpX5CfKmB-4gBnhQJQKTsVCDrKgQ/Gilda.jpg
000179.jpg,http://gourmet-selections.com/img/productos/04GuindillaPepper.jpg
000180.jpg,http://www.coquet.es/sites/default/files/styles/product-full/public/productos/51007c-guindillasmediog.jpg
000181.jpg,https://www.vinda.es/wp-content/uploads/2019/02/GUINDILLA-60-MMS.jpg
000182.jpg,https://sgfm.elcorteingles.es/SGFM/dctm/MEDIA03/201610/18/00120945101036____1__600x600.jpg
000183.jpg,https://www.chillibird.com.au/_Media/gunidilla-verde_med_hr.jpeg
000184.jpg,http://zoukteabar.co.uk/wp-content/uploads/2015/08/peppers-e1444821768397.jpg
000185.jpg,https://images-eu.ssl-images-amazon.com/images/I/51rOv2tkn1L.jpg
000186.jpg,https://www.lachinata.es/media/catalog/product/cache/2/image/1200x/9df78eab33525d08d6e5fb8d27136e95/c/o/condimento_guindilla_2c_laurel_y_pimienta.jpg
000187.jpg,https://sockaholic.com/modules/deluxegalleryproduct/img/deluxegalleryproduct-POPUP-336-1-1.png
000188.jpg,https://image.shutterstock.com/display_pic_with_logo/364990/1363992302/stock-photo-red-hot-chili-peppers-pimientos-choriceros-hot-guindilla-peppers-1363992302.jpg
000189.jpg,https://www.localefoods.com.au/assets/full/DRY016.jpg?1540464956
000190.jpg,https://cdn.shopify.com/s/files/1/0187/3780/products/Octopus_in_olive_oil_with_guindilla_pepper_and_Basque_cheese_pintxo_-_Donostia_Foods_2048x.jpg?v=1487786137
000191.jpg,http://thewanderingeater.com/wp-content/uploads/2016/05/26587410750_12eb3dbdcd_k.jpg
000192.jpg,https://cdn.newsapi.com.au/image/v1/8c099f87088a8b51f3bb5d38d143b928?width=650
000193.jpg,https://www.deliciousmagazine.co.uk/wp-content/uploads/2018/09/511383-1-eng-GB_pickled-pepper-and-sherry-croquetas-768x891.jpg
000194.jpg,https://s.yimg.com/aah/amigofoods/carmensita-cayena-guindillas-chili-cayenne-pepper-18g-24.gif
000195.jpg,https://andrewzimmern.com/wp-content/uploads/2013/02/Andres-Recipe-Photo-gambas1.jpg
000196.jpg,https://villaolivo.com/wp-content/uploads/2018/07/AC_AROMA_GUINDILLA-500x500-500x500.png
000197.jpg,https://sheridanscheesemongers.com/wp-content/uploads/2018/04/aceto-balsamico-di-modena-igp-argento-aceti-378x378.jpg
000198.jpg,https://www.yourspanishshop.es/fe-800x800-ffffff-data/productos/20160504003642-eladio-guindilla-ram.jpg
000199.jpg,https://lunya.co.uk/wp-content/uploads/2013/11/choricero-peppers1.jpg
000200.jpg,https://i.ytimg.com/vi/1PItApYCFaQ/maxresdefault.jpg
000201.jpg,https://www.garceche.com/med/img/proyectos/galerias/59/guindilla-garceche-01.jpg
000202.jpg,https://www.bbcgoodfood.com/sites/default/files/styles/recipe/public/recipe/recipe-image/2017/01/chorizo-and-chilli-pasta.jpg?itok=r91eNzN3
000203.jpg,https://www.azada.es/wp-content/uploads/2019/09/chili2.jpg
000204.jpg,http://binifela.com/wp-content/uploads/2017/06/BINI_GUINDILLA1_2006-1.jpg
000205.jpg,https://i0.wp.com/images-prod.healthline.com/hlcmsresource/images/AN_images/chili-peppers-1296x728-feature.jpg?w=1155&h=1528
000206.jpg,https://live.staticflickr.com/7701/17209610112_50598bdb1b_b.jpg
000207.jpg,https://www.1001especias.com/547-large_default/buy-chilli-granel.jpg
000208.jpg,https://media-cdn.tripadvisor.com/media/photo-s/06/55/a3/01/golfo-de-bizkaia.jpg
000209.jpg,https://cdn10.bigcommerce.com/s-jwtn6s/products/1264/images/2115/serpis-guindillas-picantes__04525.1472763133.1000.1000.jpg?c=2
000210.jpg,https://goodeggs1.imgix.net/product_photos/gvJ1cxTSRFtYiQGOO3l8_tKaQ4wkCSopsL5sTdvFrbwpmAywvb9UxaRAg8dk56Ks.jpg?w=840&h=525&fm=jpg&q=80&fit=crop
000211.jpg,https://t4.ftcdn.net/jpg/00/24/13/33/500_F_24133360_mLGj4aBHNoGKemBCSsDBlffC8mtPrAzT.jpg
000212.jpg,https://spanishboom.com/wp-content/uploads/28-08-guindilla.jpg
000213.jpg,https://www.lachinata.es/media/catalog/product/cache/2/image/9df78eab33525d08d6e5fb8d27136e95/c/o/condimento_guindilla.jpg
000214.jpg,https://miro.medium.com/max/1200/1*bLvzTA27EQ1WA4Y4WMVOXg.png
000215.jpg,https://cdn.shopify.com/s/files/1/1709/7541/products/agina-eusko-guindillas.jpg?v=1497403847
000216.jpg,http://www.sweetpaulmag.com/1EatContent/images/2014/5429574_281271_FIRST_Holiday2018-14.jpg?Action=thumbnail&Width=214&Height=267&algorithm=fill_proportional
000217.jpg,https://image.shutterstock.com/image-photo/hot-peppers-260nw-309116747.jpg
000218.jpg,https://www.peperoncino.org/wp-content/uploads/2018/11/Guindilla_new.jpg
000219.jpg,http://www.rocalba.es/1076-tm_home_default/pimiento-guindilla-pequena-amarilla.jpg
000220.jpg,https://www.hogarmania.com/archivos/201210/capsicum-annuum-4-640x560x80.jpg
000221.jpg,https://i.pinimg.com/474x/ca/86/4b/ca864b799c7fd4c0a73945620fdd5926--bistro-chorizo.jpg
000222.jpg,https://www.planetnatural.com/wp-content/uploads/2013/08/bell-pepper-plant.jpg
000223.jpg,https://media1.popsugar-assets.com/files/thumbor/ic09nEJUENyWlIXTgBCkoWIhlus/fit-in/2048xorig/filters:format_auto-!!-:strip_icc-!!-/2011/01/03/3/192/1922195/5d567e9558c3ee89_IMG_0101/i/Guindillas.JPG
000224.jpg,https://farm9.static.flickr.com/8361/8358349493_3e591cf932_b.jpg
000225.jpg,http://www.hometownsausagekitchen.com/wp-content/uploads/2016/06/gpepp2.jpg
000226.jpg,http://www.localflavormagazine.com/wp-content/uploads/2012/12/peppers.jpg
000227.jpg,https://static.wixstatic.com/media/33459e_71f4fce8a61b498e9cf46623ae23a085~mv2_d_3648_5472_s_4_2.jpg/v1/fill/w_480,h_720,al_c,q_85,usm_0.66_1.00_0.01/33459e_71f4fce8a61b498e9cf46623ae23a085~mv2_d_3648_5472_s_4_2.jpg
000228.jpg,http://www.costco.co.uk/medias/sys_master/images/he1/h74/13214917361694.jpg
000229.jpg,https://st3.depositphotos.com/2125603/18821/i/1600/depositphotos_188219658-stock-photo-green-chilli-pepper.jpg
000230.jpg,https://m.blog.hu/na/nagamorich/image/3b5581c3f63f5072aa39e0a6fd269419.png
000231.jpg,https://t1.pixers.pics/img-c676e9e9/posters-guindillas.jpg?H4sIAAAAAAAAA42PW07EMAxFt9NKydh5NUkXML-zhCqvDoW-lBQYsXpSQPwhIX_YvrLP1YXXtbgxQUjrkTIsU4xzgnGa61b6nMr0kRokwqq2r-rcIGLbb28ph7ztDRWMUCY46bglipu2f3f1c3H5pXk6jr30AEVc9ulRcbWFAmEpwJFpQAPKGheSj9oyx4edlsOt0eVINVL9UHjZ1zvBs_4PNsAQlI_Md95ElN4MnGOF0V_CF1aiJlKbE_0TUyMSfcY78rQ0Ne9Wr4_meb-38Ifn9wz1C643kAyqveUg1CkN15tkzFgu1KBVGKXrmOSyC56ht8553ZlgRdApjZfq8gl_8Al3jAEAAA==
000232.jpg,https://cdn.shopify.com/s/files/1/0268/9129/products/MM_Guindillas.jpg?v=1495107282
000233.jpg,https://i.ytimg.com/vi/gnf5-gqButU/maxresdefault.jpg
000234.jpg,https://www.aceitunasguerra.com/wp-content/uploads/2017/08/detalle_producto_guindillas.jpg
000235.jpg,http://www.iburmar.com/WEB/wp-content/uploads/2019/06/Guindilla-BrilloWEB2.jpg
000236.jpg,https://webstockreview.net/images/jalapeno-clipart-serrano-pepper-14.png
000237.jpg,https://avatars0.githubusercontent.com/u/6098127?s=460&v=4
000238.jpg,http://i.imgur.com/gc2iKzUl.jpg
000239.jpg,https://yourspanishcorner.com/4546-thickbox_default/cayena-entera.jpg
000240.jpg,https://www.melburyandappleton.co.uk/ekmps/shops/melburyapple/images/spanish-nora-pepper-paste-18271-1-p.jpg
000241.jpg,https://images-eu.ssl-images-amazon.com/images/I/51BpBeAW9eL.jpg
000242.jpg,https://shop.westlandpeppers.com/wp-content/uploads/bfi_thumb/gedroogde_chile_serrano_westlandpeppers-2-oagej1dggzc7ypifwim0851eifedea71mzbzk7puk8.jpg
000243.jpg,https://www.gastronomicspain.com/1333-thickbox_default/dry-guindillas-chillies.jpg
000244.jpg,https://heritageseedmarket.com/wp-content/uploads/2019/02/aji-de-sazonar-2-BHS-324x324.jpg
000245.jpg,https://www.thespiceworks.co.uk/wp-content/uploads/csm/guidillatsw.jpg
000246.jpg,https://www.culinarycollective.com/wp-content/uploads/2015/06/RDLV_Retail_Duo-250x250.png
000247.jpg,https://i.ebayimg.com/images/g/iSkAAOSwvmxcZCff/s-l300.jpg
000248.jpg,https://culinaryclub.com.au/wp-content/uploads/2016/11/herbies-chipotle-chilli-who-300x300.jpg
000249.jpg,https://fscomps.fotosearch.com/compc/AGE/AGE063/gildas-guindillas-chilli-peppers-picture__c47-2010974.jpg
000250.jpg,https://cookieandkate.com/images/2019/08/irresistible-blistered-shishito-peppers-270x405.jpg
000251.jpg,https://oliveolives.com/wp-content/uploads/2018/06/Guindillas-Emperatriz.jpg
000252.jpg,https://i0.wp.com/foodiesandtravellers.com/wp-content/uploads/2017/07/Food-Quality-badges-Guindilla-from-Ibarra-Basque-country-1024x765.jpg?resize=572%2C498&ssl=1
000253.jpg,https://m.pintxosqr.com/pintxos/pintxo_41_es.jpg
000254.jpg,https://pbs.twimg.com/media/Cm4a9wsXYAAGgoF.png
000255.jpg,http://fruteriamadrid.es/productos/guindillas-frescas.jpg
000256.jpg,https://i.etsystatic.com/8657432/d/il/67ba31/1130292031/il_340x270.1130292031_4sfh.jpg?version=0
000257.jpg,https://www.spanishtable.com/mm5/graphics/00000001/piparra%20agina_540x614.jpg
000258.jpg,https://s3-media2.fl.yelpcdn.com/bphoto/I_Tc2B0bqTgssK7rn3CW6w/348s.jpg
000259.jpg,https://www.thegrocer.com.au/wp-content/uploads/2012/10/Cornichons-280x280.png
000260.jpg,https://c8.alamy.com/comp/X0T6WX/salt-cod-with-crushed-whole-wheat-and-guindilla-pepper-X0T6WX.jpg
000261.jpg,https://www.chilipeppermadness.com/wp-content/uploads/2019/09/Numex-Joe-E-Parker.jpg
000262.jpg,https://static.wixstatic.com/media/02370c_f53f64c2f72972b0c9ff71357ea8cf91.jpg/v1/fill/w_564,h_486,al_c,lg_1,q_80/02370c_f53f64c2f72972b0c9ff71357ea8cf91.webp
000263.jpg,http://i.imgur.com/iA7Xiwel.jpg
000264.jpg,http://www.extertronic.com/shop/4266-home_default/green-chilli-pepper.jpg
000265.jpg,https://previews.123rf.com/images/hemeroskopion/hemeroskopion1612/hemeroskopion161200138/67276793-chorizo-and-cheese-tapa-with-a-hot-guindilla-pepper-topping.jpg
000266.jpg,https://img.mshanken.com/d/wso/Recipes/RS_Clams073115_1600.jpg
000267.jpg,https://m.blog.hu/na/nagamorich/image/.external/.thumbs/d0a51e011d54687f1f01571c37b48285_d49afe6e3b4eb7cadfe308837303ec67.jpg
000268.jpg,https://images.happycow.net/venues/1024/14/10/hcmp141018_607164.jpeg
000269.jpg,https://chilifee.de/WebRoot/Store17/Shops/6785a7bf-b9bd-45fa-b711-164bd13875ab/5816/0508/9268/2F78/1C58/0A48/3549/C1C4/Guindilla_Collage_ml.jpg
000270.jpg,https://thelatinkitchen.com/sites/default/files/styles/slideshows/public/slide/105688/guindilla-verde.jpg?itok=q5nf4Hf9
000271.jpg,https://i0.wp.com/thetaste.ie/wp/wp-content/uploads/2015/02/Chopped.jpg?resize=720%2C390
000272.jpg,https://i0.wp.com/www.thepaleosecret.com/wp-content/uploads/2014/06/IMG_5721.jpg?fit=462%2C308&ssl=1
000273.jpg,https://www.yourspanishshop.es/fe-800x800-ffffff-data/productos/00120940701244____1__600x600.jpg
000274.jpg,https://previews.agefotostock.com/previewimage/medibigoff/136aa8a1e761cd680782963c9501a26c/sse-60205635.jpg
000275.jpg,https://eatapas.co.uk/3405-thickbox_default/ibarra-chili-pepper.jpg
000276.jpg,https://as1.ftcdn.net/jpg/01/21/95/74/500_F_121957490_sEVu12dE2izwsgxYUonN6h99ymCwkr5S.jpg
000277.jpg,https://upload.wikimedia.org/wikipedia/commons/thumb/0/0d/Ibarrako_piperminak_2010.jpg/320px-Ibarrako_piperminak_2010.jpg
000278.jpg,https://comps.canstockphoto.co.uk/guindillas-stock-images_csp13636452.jpg
000279.jpg,https://www.foodiva.net/wp-content/uploads/2017/07/6.-Atari-Gastroteka-fried-guindilla-peppers-300x225.jpg
000280.jpg,https://media.istockphoto.com/photos/chilies-of-various-kind-in-row-on-white-background-pepper-chili-picture-id1133038681?k=6&m=1133038681&s=612x612&w=0&h=V2K3NV7h4HmoxWBRu_TH8_uPiLnB7diq0EhKCKK9-0w=
000281.jpg,https://www.southdevonchillifarm.co.uk/images/thumbnails/800/800/detailed/1/yellobiquinho.jpg
000282.jpg,https://scontent-frt3-1.cdninstagram.com/vp/963368ca53374cee1ba20366002498f7/5DB77ECD/t51.2885-15/e35/62652897_328389478057651_8594724069915471254_n.jpg?_nc_ht=scontent-frt3-1.cdninstagram.com&se=7&ig_cache_key=MjA2NTU1Mjc1NjAzODkzMzEyNg%3D%3D.2
000283.jpg,https://www.thespruceeats.com/thmb/GgqAXCguNr-mEsL-Q8fple475og=/4992x3744/smart/filters:no_upscale()/spicy-vivid-chili-mexican-peppers-157643424-5977b413845b340011966538.jpg
000284.jpg,https://www.spain-recipes.com/images/gildas.jpg
000285.jpg,https://www.nomadistribution.com.au/images/6917825166_d00120f017_o.jpg
000286.jpg,https://s.yimg.com/aah/amigofoods/los-aceituneros-guindillas-en-vinagre-acid-green-chili-peppers-in-vinegar-net-weight-345g-30.gif
000287.jpg,https://www.saemereien.ch/media/image/product/12420/lg/chilisamen-kaufen-chili-guindilla-capsicum-annuum-samen.jpg
000288.jpg,https://images-eu.ssl-images-amazon.com/images/I/51imDtC9n7L.jpg
000289.jpg,https://static.wixstatic.com/media/62d2fc_9d5d4dd7670342ea8756957a8e3282a2~mv2.jpg/v1/fill/w_1000,h_1000,al_c,q_85/62d2fc_9d5d4dd7670342ea8756957a8e3282a2~mv2.jpg
000290.jpg,http://media.gettyimages.com/photos/chiles-guindillas-jalapeos-y-habaneros-composicin-picture-id503156964?s=170667a&w=1007
000291.jpg,https://media.gettyimages.com/photos/rib-steak-with-guindilla-peppers-and-stewed-red-kidney-beans-picture-id746038257
000292.jpg,https://www.iberianwinesandfood.com/WebRoot/StoreES3/Shops/ec3804/5D27/1838/A031/C2F5/25D0/52DF/D016/B744/Conservas-pescado-Sardinillas-en-aceite-oliva-con-guindilla-BAYMAR.jpg
000293.jpg,https://cf.shopee.ph/file/658db969b56dcd50bad2ef02cd001f42
000294.jpg,http://www.tapasbonitas.com/tapas_cosas_de_picar/images-tapa0012/Tapas_Olivas_con_Ajo_y_Pimiento_468x461.jpg
000295.jpg,https://i.imgur.com/jLhSfrS.jpg?fb
000296.jpg,https://sansebastianpintxobars.com/wp-content/uploads/2016/02/txepetxa-06.jpg
000297.jpg,http://www.jamonshop.es/image/cache/data/products/la-chinata/chinata-aove-aromatizados-4x250ml-1-600x600.jpg
000298.jpg,http://capriceeurope.eu/assets/uploads/2019/05/Araba-txiki-1-e1559741909974.jpeg
000299.jpg,https://q7i2y6d5.stackpathcdn.com/wp-content/uploads/2014/11/pepper-plants-400x266.jpg
000300.jpg,https://www.rareseeds.com/assets/1/14/DimRegular/Pepper-Aji-Charapita-LSS-000_4154-2.jpg
000301.jpg,https://www.elhuertourbano.net/wp-content/uploads/guindillas-de-capsicum-e1567177479844.jpg
000302.jpg,http://photos1.blogger.com/img/54/1090/1024/post-chiles.jpg
000303.jpg,http://serranoimports.com/wp-content/uploads/2018/04/IMG_5664-e1523909814919.jpg
000304.jpg,https://lunya.co.uk/wp-content/uploads/2013/11/DeliProducts-4561.jpg
000305.jpg,https://img.pixers.pics/pho_wat(s3:700/FO/60/06/94/47/700_FO60069447_18a29cfaa4b50031bea861076a705d3a.jpg,700,390,cms:2018/10/5bd1b6b8d04b8_220x50-watermark.png,over,480,340,jpg)/wall-murals-guindillas.jpg.jpg
000306.jpg,https://en.estapas.com/products/329.jpg
000307.jpg,https://tapasjourney.com/wp-content/files_mf/cache/th_24c1bf6ff37615b5ffbb5f22ef71d6ca_Bar-Raval_Estrella-Damm_Tapas-Journey_Fried-Eggplant.jpg
000308.jpg,http://cdn.shopify.com/s/files/1/0111/1729/7722/products/0000_Maison_Arosteguy_Guindilla_Peppers-2.jpg?v=1563457040
000309.jpg,https://www.pepperscale.com/wp-content/uploads/2014/10/hot-pepper-list-768x511.jpeg
000310.jpg,https://www.wineonline.ca/media/catalog/product/cache/1/image/9df78eab33525d08d6e5fb8d27136e95/r/i/rioverde-banderillas-guindillas1.jpg
000311.jpg,https://www.bascofinefoods.com/media/catalog/product/cache/1/thumbnail/800x/17f82f742ffe127f42dca9de82fb58b1/a/g/agina_guindilla_peppers_large.jpg
000312.jpg,http://www.semillasyplantas.com/WebRoot/StoreES3/Shops/ec4010/5330/80DB/5780/D0AC/BEEB/AC10/1416/1BE5/Guindilla_m.jpg
000313.jpg,https://dcassetcdn.com/design_img/2932683/27902/27902_16227233_2932683_318bf2bb_image.jpg
000314.jpg,https://images.tienda.com/is/image/LaTienda/pq-04?wid=840&op_sharpen=1
000315.jpg,http://m.bne.orders.finofoods.com.au/webfiles/FinoFoodsAU/webpages/images/84593/mvvc020.jpg
000316.jpg,https://cdn.newsapi.com.au/image/v1/f59efbfa6d00082cc65684d1eb977ce7?width=316
000317.jpg,http://www.profesional.semillasbatlle.com/uploads/20100201/014724BOLSA.jpg
000318.jpg,https://t3.ftcdn.net/jpg/02/61/27/72/500_F_261277227_lQ16ySL2BFwImbq1oTybrt9z3cdUsICU.jpg
000319.jpg,https://www.goodfood.com.au/content/dam/images/h/1/4/3/i/b/image.related.articleLeadNarrow.300x0.h141k6.png/1558313648971.jpg
000320.jpg,https://www.comycebaleares.com/galeria/menus/A_guindilla_verde.jpg
000321.jpg,https://image.shutterstock.com/image-photo/green-pepper-bitter-isolated-on-260nw-1434336179.jpg
000322.jpg,https://www.hogarmania.com/archivos/201210/capsicum-annuum-2-640x560x80.jpg
000323.jpg,https://upload.wikimedia.org/wikipedia/commons/9/9f/Guindillas%2C_Kew_Gardens.jpg
000324.jpg,http://www.organicseed.co.za/43-166-thickbox/long-slim-red-cayenne-pepper.jpg
000325.jpg,https://as2.ftcdn.net/jpg/02/23/21/15/1000_F_223211546_UxhaXVeT3vcB5CFRD6pn80wFZjWmg9w0.jpg
000326.jpg,https://scontent-lax3-1.cdninstagram.com/vp/f9bda640fea579c894cb3dcd4b9ae357/5E3C24D5/t51.2885-15/sh0.08/e35/c0.135.1080.1080a/s640x640/67809124_162124394958476_1113662907344436587_n.jpg?_nc_ht=scontent-lax3-1.cdninstagram.com&_nc_cat=108
000327.jpg,https://www.picclickimg.com/00/s/MTAwMVgxMDAx/z/5kEAAOSwyytaqhqn/$_3.JPG
000328.jpg,https://www.edelikatesy.cz/webtemp/e_products/21/21001/980x750_main_photo_7518846688_IMG_2360edited.jpg
000329.jpg,https://delicioso.co.uk/wp-content/uploads/2018/08/40843309395_8d38c53dba_b-1024x683.jpg
000330.jpg,http://hungrylobbyist.com/wp-content/uploads/2016/07/Gilda-1-1024x683.jpg
000331.jpg,http://images.nymag.com/restaurants/articles/09/03/doublecheeseburgers/images/2.jpg
000332.jpg,https://www.johnnyseeds.com/dw/image/v2/BBBW_PRD/on/demandware.static/-/Sites-jss-master/default/dw6951ad0c/images/products/vegetables/00666g_01_padron.jpg?sw=280&cx=302&cy=0&cw=1196&ch=1196
000333.jpg,https://suttons.s3.amazonaws.com/p/187530f_1.jpg
000334.jpg,http://www.elmercado.fi/WebRoot/vilkasen01/Shops/2014072001/5455/39B0/C772/DD66/FBB7/0A28/100B/33C6/Oliivioljy_chili.png
000335.jpg,http://madridfoodtour.com/wp-content/uploads/2018/06/The-Art-of-Tapas-in-Spain-800-x-1600.png
000336.jpg,https://cdn.newsapi.com.au/image/v1/679f5825c6c6ee2fda0846398f7a6fc2?width=650
000337.jpg,http://aceitunas-sarasa.com/wp-content/uploads/2017/12/galon_piparra_sarasa.png
000338.jpg,https://www.devonchilifarm.hu/wp-content/uploads/2019/01/Smoked-Chipotle-sz%C3%A1r%C3%ADtott-chili-324x324.jpg
000339.jpg,https://tapasjourney.com/wp-content/files_mf/cache/th_24c1bf6ff37615b5ffbb5f22ef71d6ca_Bar-Raval_Estrella-Damm_Tapas-Journey_Tuna-Pickle-Gilda.jpg
000340.jpg,https://www.abouttimemagazine.co.uk/wp-content/uploads/2015/11/Jalapeno-corn-bread-fried-eggs-black-beans-guindilla-pepper.jpg
000341.jpg,https://heritageseedmarket.com/wp-content/uploads/2016/08/Big-Jim-Legacy-BHS-324x324.jpg
000342.jpg,https://www.buyspices.net/images/productos/guindillas_riojanas.jpg
000343.jpg,http://media.gettyimages.com/photos/chiles-guindillas-y-habaneros-picture-id503156946?s=170667a&w=1007
000344.jpg,https://pbs.twimg.com/media/CFRaVoGWAAAbgvk.jpg
000345.jpg,https://www.chillibird.com.au/_Media/dsc_0005_med_hr-2.jpeg
000346.jpg,https://www.laespanolameats.com/3096-thickbox_default/agina-guindilla-de-ibarra-in-vinegar-dop-212g.jpg
000347.jpg,http://www.profesional.semillasbatlle.com/uploads/20100406/014706BOLSA.jpg
000348.jpg,https://perellolives.com/wp-content/uploads/bfi_thumb/guindillas-no68pcnpo7tq1a0hvybxrja1twirlkfkfzcba073uo.jpg
000349.jpg,http://www.coquet.es/sites/default/files/styles/product-full/public/productos/ajo_guindilla.jpg
000350.jpg,https://s3-media1.fl.yelpcdn.com/bphoto/G_KfPTUuswKwfBjDD1JC-w/o.jpg
000351.jpg,https://www.iberianwinesandfood.com/WebRoot/StoreES3/Shops/ec3804/52D6/9882/C1D0/153E/C4CC/AC10/140A/2572/Olivas-ORO-VERDE-370ML-Ace.-Rellena-de-Guindilla-tin.jpg
000352.jpg,https://www.chilipeppermadness.com/wp-content/uploads/2019/07/Cubanelle-Peppers.jpg
000353.jpg,https://culinaryclub.com.au/wp-content/uploads/2019/04/Sriracha_sauce-300x300.jpg
000354.jpg,https://ep00.epimg.net/elcomidista/imagenes/2018/01/22/articulo/1516642336_118425_1516904979_miniatura_normal.jpg
000355.jpg,https://i.ebayimg.com/images/g/WXQAAOSwpDdU2McO/s-l300.jpg
000356.jpg,https://as1.ftcdn.net/jpg/00/71/98/92/1000_F_71989246_GxSQFsFCqd6TCQl6xe3yDldWzOBKFetL.jpg
000357.jpg,http://chilishop-werder.com/WebRoot/Store28/Shops/43e01a20-424a-48d1-a48b-85eeddc548ec/59DE/0337/7BD8/8990/26B5/0A48/3671/4C03/guindilla-larga-roja-chili-fruechte-rot.jpg
000358.jpg,https://scontent-lga3-1.cdninstagram.com/vp/c223e4f84007a03a5aa9a4ce752ab9be/5E1790E3/t51.2885-15/e35/s1080x1080/72485178_159453865141054_8377681366676187493_n.jpg?_nc_ht=scontent-lga3-1.cdninstagram.com&_nc_cat=110
000359.jpg,https://shop.westlandpeppers.com/wp-content/uploads/bfi_thumb/gedroogde-spaanse-peper_westlandpeppers-o6g7pza5vhoptf8tyc6qgw91yh78iqzkv0nts4bzso.jpg
000360.jpg,https://st3.depositphotos.com/4189501/16894/i/1600/depositphotos_168945446-stock-photo-small-chilli-pepper.jpg
000361.jpg,https://images-prod.healthline.com/hlcmsresource/images/AN_images/benefits-cayenne-pepper-732x549-thumbnail.jpg
000362.jpg,https://cookieandkate.com/images/2019/08/shishito-peppers-recipe-1.jpg
000363.jpg,https://www.lachinata.es/media/catalog/product/cache/2/image/9df78eab33525d08d6e5fb8d27136e95/c/o/condimento_guindilla_2c_laurel_y_pimienta.jpg
000364.jpg,https://www.japonshop.com/med/img/productos/condimentos_y_salsas/prd-guindilla-coreana-corea-kimchi-japonshop.webp
000365.jpg,https://media-cdn.tripadvisor.com/media/photo-s/12/4b/d2/0d/fried-baby-squid.jpg
000366.jpg,https://comps.canstockphoto.ie/spicy-tapa-stock-photo_csp43054840.jpg
000367.jpg,https://scontent-frt3-1.cdninstagram.com/v/t51.2885-15/e35/c0.98.1080.1080/s320x320/67529272_368882033782499_7835003189988596022_n.jpg?_nc_ht=scontent-frt3-1.cdninstagram.com&oh=04beeec013a9975f7ecdb34a4868a958&oe=5E003A69&ig_cache_key=MjExOTU3MDA4MTY4ODAwMjM2Mw%3D%3D.2.c
000368.jpg,https://us.123rf.com/450wm/javitrapero/javitrapero1705/javitrapero170500006/77898996-traditional-appetizer-from-basque-country-spain-named-gilda-green-chili-pepper-anchovy-and-olives-.jpg?ver=6
000369.jpg,https://live.staticflickr.com/1596/25799120153_b62fd56c5f_b.jpg
000370.jpg,http://images.nymag.com/restaurants/articles/09/03/doublecheeseburgers/images/3.jpg
000371.jpg,https://images-na.ssl-images-amazon.com/images/I/51hoOBqnaxL.jpg
000372.jpg,https://t3.ftcdn.net/jpg/00/18/91/28/500_F_18912801_ryQjokVhfJYw04GDdWkzyefL7wlIkfLS.jpg
000373.jpg,https://as2.ftcdn.net/jpg/00/16/89/97/500_F_16899753_Cl3xCt8HeM14Iuiv8FUOKBBCIF3DIy0L.jpg
000374.jpg,https://c8.alamy.com/comp/X82G21/gambas-with-guindilla-peppergarlicolive-oil-and-lemon-X82G21.jpg
000375.jpg,https://st3.depositphotos.com/8072304/18281/i/1600/depositphotos_182816654-stock-photo-red-hot-pepper-flakes-in.jpg
000376.jpg,https://www.chilipeppermadness.com/wp-content/uploads/2019/09/Numex-RNaky.jpg
000377.jpg,https://farm4.staticflickr.com/3879/14669083918_0f85493950_z.jpg
000378.jpg,https://media.istockphoto.com/photos/guindillas-e-ingredientes-picantes-picture-id967867618
000379.jpg,https://i.etsystatic.com/8657432/d/il/3edf32/908087511/il_340x270.908087511_6kzb.jpg?version=0
000380.jpg,https://lunya.co.uk/wp-content/uploads/2013/11/DeliProducts-6251.jpg
000381.jpg,https://pbs.twimg.com/media/DChciHVU0AA3LBD.jpg
000382.jpg,https://c8.alamy.com/comp/D66M2H/guindilla-a-pickled-hot-pepper-served-tapa-style-D66M2H.jpg
000383.jpg,https://s3-media1.fl.yelpcdn.com/bphoto/KMq-2zUWzOUCiTaIZkqzzQ/o.jpg
000384.jpg,https://www.melburyandappleton.co.uk/ekmps/shops/melburyapple/images/spanish-choricero-pepper-paste-18273-1-p[ekm]250x250[ekm].jpg
000385.jpg,https://heritageseedmarket.com/wp-content/uploads/2018/01/parade-BHS-324x324.jpg
000386.jpg,https://media.gettyimages.com/photos/lobster-with-garlicdel-piquillo-and-guindilla-pepper-sauce-picture-id1084768074?s=612x612
000387.jpg,https://farm5.static.flickr.com/4053/4256423764_c4920245de_b.jpg
000388.jpg,https://media-cdn.tripadvisor.com/media/photo-s/0a/64/56/09/tortilla.jpg
000389.jpg,https://image.shutterstock.com/image-photo/raw-green-spicy-hatch-peppers-260nw-707287708.jpg
000390.jpg,https://previews.agefotostock.com/previewimage/medibigoff/daa65168e540051c33dd823365b5cf79/sse-171380.jpg
000391.jpg,https://media.istockphoto.com/photos/three-chili-peppers-on-white-background-pepper-chili-pepper-picture-id1133038697?k=6&m=1133038697&s=612x612&w=0&h=P2mnrPSS6HACy6wRDVz5P7HPU272C4FgQftIuIoOaiI=
000392.jpg,https://as2.ftcdn.net/jpg/00/35/78/07/500_F_35780706_5G1p7DOQxYl5zO1gY4syQuxZQj1zYEuT.jpg
000393.jpg,https://t3.ftcdn.net/jpg/00/86/22/56/500_F_86225664_J9uO1aQyxcLnyuJjmcc07x0y91tOy6R8.jpg
000394.jpg,http://3.bp.blogspot.com/-VenSuhmQc6A/Tqdtu7LqcsI/AAAAAAAACH4/B8LvAYOqS6Y/s1600/cuerno%2Bdel%2Bcabra.jpg
000395.jpg,https://st2.depositphotos.com/4221760/6465/i/950/depositphotos_64657263-stock-photo-red-chili-pepper-on-tree.jpg
000396.jpg,https://i.etsystatic.com/8657432/d/il/163237/524404255/il_340x270.524404255_4ie4.jpg?version=0
000397.jpg,https://www.chilipeppermadness.com/wp-content/uploads/2013/09/Bolivian-Rainbow-Peppers.jpg
000398.jpg,https://pbs.twimg.com/media/DZXn4IFX0AA8IFB.jpg
000399.jpg,https://live.staticflickr.com/7575/15352885174_0d07edc682_n.jpg
000400.jpg,https://s3-media4.fl.yelpcdn.com/bphoto/N9QGGctNE0i1Rt7nunN6DQ/348s.jpg
000401.jpg,https://farm1.static.flickr.com/233/3263415155_c74fb942cb_b.jpg
000402.jpg,https://heritageseedmarket.com/wp-content/uploads/2018/09/Joe-E-Parker-BHS-324x324.jpg
000403.jpg,http://4.bp.blogspot.com/-iLrhbWK5OKU/VfRHW9UwijI/AAAAAAAAEyI/4MCUqZRVd1Y/s1600/guindilla-beans.jpg
000404.jpg,https://st3.depositphotos.com/1001555/16004/i/1600/depositphotos_160041348-stock-photo-red-chili-pepper-and-chili.jpg
000405.jpg,https://media-cdn.tripadvisor.com/media/photo-s/06/18/e6/42/sukalde.jpg
000406.jpg,https://www.chilipeppermadness.com/wp-content/uploads/2019/09/Temp-Pepper-Types.jpg
000407.jpg,https://previews.agefotostock.com/previewimage/medibigoff/1b70aa579fde291192b26e2ecc4cda8f/sse-186682.jpg
000408.jpg,https://live.staticflickr.com/3247/2707806956_a8013bd6af_z.jpg
000409.jpg,https://heritageseedmarket.com/wp-content/uploads/2019/09/bills-striped-2019-BHS-324x324.jpg
000410.jpg,https://pbs.twimg.com/media/DcrIB4bWkAA4Oiq.png
000411.jpg,https://as1.ftcdn.net/jpg/00/22/88/40/500_F_22884089_g0cHTWvOC5nvx9Xcev2xOHCkoeGUOOkv.jpg
000412.jpg,https://media-cdn.tripadvisor.com/media/photo-s/0d/e3/62/7f/guindillas.jpg
000413.jpg,https://st3.depositphotos.com/1814774/14283/i/1600/depositphotos_142831799-stock-photo-red-chilli-pepper-at-the.jpg
000414.jpg,https://www.chilipeppermadness.com/wp-content/uploads/2019/05/Anaheim-Peppers.jpg
000415.jpg,http://3.bp.blogspot.com/-ldv1VOPCywg/TqdwcfQ4ccI/AAAAAAAACIo/7ia1jZISSxM/s1600/Guindillas%2BTolosa.jpg
000416.jpg,https://pbs.twimg.com/media/DqSVNrcXQAImErg.jpg
000417.jpg,https://s3-media1.fl.yelpcdn.com/bphoto/1TDY8uSLayERemBYN1O4qw/348s.jpg
000418.jpg,https://heritageseedmarket.com/wp-content/uploads/2019/01/NuMex-Suave-Orange-BHS-324x324.jpg
000419.jpg,https://farm2.staticflickr.com/1497/26291332262_3f112619cb_b.jpg
000420.jpg,https://as1.ftcdn.net/jpg/00/65/65/68/500_F_65656888_O31kggSl9wlhHybahJLHSYINQL8InOo1.jpg
000421.jpg,https://www.chilipeppermadness.com/wp-content/uploads/2013/09/Espanola-Pepper.jpg
000422.jpg,https://as1.ftcdn.net/jpg/00/65/92/68/500_F_65926853_7sAZEi653dGuVEdXYzbKOEm2Bxg4EheC.jpg
000423.jpg,https://heritageseedmarket.com/wp-content/uploads/2017/01/Mahem-BHS-1-324x324.jpg
000424.jpg,https://1.bp.blogspot.com/-wjk2Y_-2PlQ/XUMAbS8hW1I/AAAAAAAAVJw/vTmUMCBTykwZbNbX0GkfCsya3_WSMJa_gCLcBGAs/s1600/DSC00227.jpg
000425.jpg,https://media-cdn.tripadvisor.com/media/photo-s/0c/fc/44/a2/pimientos-y-guindillas.jpg
000426.jpg,https://www.chilipeppermadness.com/wp-content/uploads/2013/09/Birds-Eye-Peppers.jpg
000427.jpg,https://media-cdn.tripadvisor.com/media/photo-s/13/f6/3b/8e/mini-tosta-de-barra-con.jpg
000428.jpg,https://pbs.twimg.com/media/Dd67uIGVMAA7nUU.jpg
000429.jpg,https://heritageseedmarket.com/wp-content/uploads/2018/11/matay-3-BHS-324x324.jpg
000430.jpg,https://1.bp.blogspot.com/-KHyKXTI49g8/V4F6cQmNeiI/AAAAAAAAF0Q/0HpRbhxZty03IRblEAlr6plitmMeg9AGwCKgB/s1600/beans%2Byellow%25281%2529.jpg
000431.jpg,https://www.chilipeppermadness.com/wp-content/uploads/2019/08/Bell-Peppers.jpg
000432.jpg,https://media-cdn.tripadvisor.com/media/photo-s/06/40/24/b6/juanito-kojua.jpg
000433.jpg,https://pbs.twimg.com/media/EDsgRYBWsAAgS-s.jpg
000434.jpg,https://pbs.twimg.com/media/DeM2RadXcAAuMR7.jpg
000435.jpg,https://pbs.twimg.com/media/CtT4dlPWYAAdw1C.jpg
000436.jpg,https://media-cdn.tripadvisor.com/media/photo-s/10/7f/ca/d0/guindillas.jpg
000437.jpg,https://www.pepperscale.com/wp-content/uploads/2016/05/Guindilla-Pepper.jpg
000438.jpg,http://i.ebayimg.com/images/i/260791731780-0-1/s-l1000.jpg
000439.jpg,https://www.chilipeppermadness.com/wp-content/uploads/2019/05/Guindilla-Peppers2.jpg
000440.jpg,https://www.chilipeppermadness.com/wp-content/uploads/2019/05/Guindilla-Peppers.jpg
000441.jpg,http://i.ebayimg.com/images/i/271902603657-0-1/s-l1000.jpg
000442.jpg,https://culinaryclub.com.au/wp-content/uploads/2016/11/guindillas-2-600x399.jpg
000443.jpg,http://cdn.shopify.com/s/files/1/0187/3780/products/DF_Guindilla_Peppers_1_grande.jpg
000444.jpg,https://lunya.co.uk/wp-content/uploads/2013/11/guindilla-peppers1.jpg
000445.jpg,http://masdudiable.files.wordpress.com/2009/12/chilli-guindilla-2008-374.jpg
000446.jpg,https://www.melburyandappleton.co.uk/ekmps/shops/melburyapple/images/spanish-hot-pickled-guindilla-peppers-430g-11666-p.jpg
000447.jpg,https://culinaryclub.com.au/wp-content/uploads/2016/11/Guindilla_Peppers.jpg
000448.jpg,http://www.selinawamucii.com/wp-content/uploads/2015/09/selina_wamucii_kenya_fresh_chilli.jpg
000449.jpg,https://cdn.shopify.com/s/files/1/0187/3780/products/Guindilla_Peppers_-_Donostia_Foods_1024x1024.jpg
000450.jpg,https://lunya.co.uk/wp-content/uploads/2013/11/DeliProducts-4551.jpg
000451.jpg,http://www.hometownsausagekitchen.com/wp-content/uploads/2016/06/gpepp4.jpg
000452.jpg,http://www.vivagourmet.com/wp-content/uploads/2016/10/El-Navarrico-Pickled-Guindilla-Peppers-300g-8413239600408.jpg
000453.jpg,http://i.ebayimg.com/images/i/271815399703-0-1/s-l1000.jpg
000454.jpg,https://shop.westlandpeppers.com/wp-content/uploads/2017/07/baskische_gedroogde_guindilla_westlandpeppers-1.jpg
000455.jpg,https://thumbs.dreamstime.com/z/fried-guindilla-peppers-basque-cuisine-spanish-tapas-43716757.jpg
000456.jpg,https://www.watsonandpratts.co.uk/imglib/38f394d9-20b9-41f0-a05f-2c4e151a4806/400_400/Guindilla_Dried_Pepper_1_pepper.jpg
000457.jpg,http://www.foodgal.com/wp-content/uploads/2010/09/PeppersVertical.jpg
000458.jpg,http://4.bp.blogspot.com/-H4qsqQREv1s/UEuuTZQ2HPI/AAAAAAAACAA/tnN-18rp33I/s1600/chili_pepper.jpg
000459.jpg,https://thumbs.dreamstime.com/z/pintxos-pintxo-set-olive-guindilla-pepper-anchovy-bread-rustic-board-food-basque-country-type-65379321.jpg
000460.jpg,http://cdn.shopify.com/s/files/1/0187/3780/products/Bonito_del_Norte_Tuna_and_Guindilla_Peppers_Sandwich_4_-_Donostia_Foods_1024x1024.jpg
000461.jpg,https://lunya.co.uk/wp-content/uploads/2013/11/DeliProducts-8111.jpg
000462.jpg,https://evogarden.files.wordpress.com/2015/10/green-chilli-100gm.jpg
000463.jpg,https://www.essentialingredient.com.au/wp-content/uploads/2017/05/01F3765-750x900.jpg
000464.jpg,http://www.vivagourmet.com/wp-content/uploads/2016/10/guidilla-peppers-pickled.jpg
000465.jpg,http://shop.westlandpeppers.com/wp-content/uploads/2014/10/Baskische-gedroogde-peper-ristras-1-klein-924x784.jpg
000466.jpg,http://i.ebayimg.com/images/i/281436368788-0-1/s-l1000.jpg
000467.jpg,http://suttons.s3.amazonaws.com/p/VECHI29103_3.jpg
000468.jpg,https://i.ytimg.com/vi/eVlcJr0_a5Q/hqdefault.jpg
000469.jpg,http://thumbs.dreamstime.com/z/guindilla-pickled-hot-pepper-served-tapa-style-30398524.jpg
000470.jpg,https://cdn.shopify.com/s/files/1/0111/1729/7722/products/MA0045_Maison_Arosteguy_Guindilla_Peppers-3_2048x2048.jpg
000471.jpg,http://cdn.shopify.com/s/files/1/0187/3780/products/Pintxo_pronto_-_octopus_in_olive_oil_artichoke_espelette_olive_oil.jpg
000472.jpg,https://cdn.shopify.com/s/files/1/0187/3780/products/Seared_Piquillo_Peppers_stuffed_with_Cheese_1_1024x1024.jpg
000473.jpg,http://www.spanishtable.com/mm5/graphics/00000001/FramarGuindilla.jpg
000474.jpg,https://www.abouttimemagazine.co.uk/wp-content/uploads/2015/04/Jalapeno-corn-bread-fried-eggs-black-beans-guindilla-pepper.jpg
000475.jpg,http://cdn.shopify.com/s/files/1/0187/3780/products/Octopus_in_olive_oil_with_guindilla_pepper_and_Basque_cheese_pintxo_-_Donostia_Foods.jpg
000476.jpg,https://cdn.shopify.com/s/files/1/0187/3780/products/Montadito_-_Bonito_anchovy_guindilla_manchego_aioli_roasted_cherry_tomato_manzanilla_olive_a1cb59eb-eb86-4b41-8bff-651eabcd61d2_1024x1024.jpg
000477.jpg,https://www.chilisorte.de/fotos/Capsicum-201.jpg
000478.jpg,https://cdn.shopify.com/s/files/1/0187/3780/products/Piquillo_Peppers_DO_Lodosa_-_Donostia_Foods.jpg
000479.jpg,https://cdn.shopify.com/s/files/1/0187/3780/products/Pintxo_pronto_-_Bonito_del_Norte_tuna_piquillo_pepper_aioli_manzanilla_olive.jpg
000480.jpg,http://cdn.shopify.com/s/files/1/0187/3780/products/Banderillas_with_Whole_Gherkin_-_Donostia_Foods_-_2.jpg
000481.jpg,https://cdn.shopify.com/s/files/1/0187/3780/products/Cantabrian_anchovies_with_piquillo_peppers_on_garlic_toast_-_small_2304cb25-fbfa-4050-a327-b7c9880f4c53.jpg
000482.jpg,https://cdn.shopify.com/s/files/1/0187/3780/products/Piquillo_Peppers_D.O_1024x1024.jpg
000483.jpg,https://chilifee.de/WebRoot/Store17/Shops/6785a7bf-b9bd-45fa-b711-164bd13875ab/5816/0508/9268/2F78/1C58/0A48/3549/C1C4/IMG_6867.jpg
000484.jpg,https://www.laespanolameats.com/1265-home_default/basque-green-peppers-in-vinegar-luxeaper.jpg
000485.jpg,https://cdn.shopify.com/s/files/1/0187/3780/products/Bonito_del_Norte_Tuna_and_Guindilla_Peppers_Sandwich_-_Donostia_Foods_2048x.jpg
000486.jpg,https://images-na.ssl-images-amazon.com/images/I/41-6OAb4ZhL._SY355_.jpg
000487.jpg,https://st2.depositphotos.com/1999963/8834/i/950/depositphotos_88349666-stock-photo-korean-chili-pepper-powder-and.jpg
000488.jpg,https://cdn.shopify.com/s/files/1/0025/8002/1309/products/EN22103-brindisa-hot-guindilla-peppers-spanish-pickles.jpg
000489.jpg,http://st.depositphotos.com/1732591/2725/v/950/depositphotos_27257761-stock-illustration-chili-pepper-label.jpg
000490.jpg,http://cdn.shopify.com/s/files/1/0187/3780/products/Grilled_Artichoke_Halves_and_Cantabrian_Anchovies_with_Piment_d_Espelette_-_Donostia_Foods.jpg
000491.jpg,https://chilifee.de/WebRoot/Store17/Shops/6785a7bf-b9bd-45fa-b711-164bd13875ab/5816/0508/9268/2F78/1C58/0A48/3549/C1C4/IMG_6865.jpg
000492.jpg,https://cdn.shopify.com/s/files/1/0187/3780/products/Grilled_Artichoke_Halves_-_Donostia_Foods.jpg
000493.jpg,https://images-na.ssl-images-amazon.com/images/I/41NrDSH2K1L._SY355_.jpg
000494.jpg,https://chilifee.de/WebRoot/Store17/Shops/6785a7bf-b9bd-45fa-b711-164bd13875ab/5816/0508/9268/2F78/1C58/0A48/3549/C1C4/Guindilla_Collage.jpg
000495.jpg,https://images.freeimages.com/images/premium/previews/1239/12397580-chilli-pepper-on-traditional-mexican-background.jpg
000496.jpg,http://static7.depositphotos.com/1001911/681/v/950/depositphotos_6815126-stock-illustration-chili-pepper-cartoon.jpg
000497.jpg,http://4.bp.blogspot.com/-qfN-TVy5FFc/UpiRpAIvy3I/AAAAAAAAIVg/631Q6SHC_us/s1600/galletasdechocolateconchili-0200.jpg
000498.jpg,https://images-na.ssl-images-amazon.com/images/I/71cFVCl-v6L._SL1200_.jpg
000499.jpg,https://s-media-cache-ak0.pinimg.com/736x/4d/f6/b6/4df6b6c249778f008f85219f363a0a74.jpg
000500.jpg,http://sistersandthecity.com/wp-content/uploads/2014/10/IMAGE_201.jpg
000501.jpg,https://1.bp.blogspot.com/-7RLSRm3FrTM/V7DXAzP_7hI/AAAAAAAAV-k/DU8gAs53lZ4DK_g96Ek-8KhzL4b4hALYACEw/s1600/LaMejilloneraSanSebastian2016%2B-%2B127%2Bof%2B178.jpg
000502.jpg,https://i.pinimg.com/736x/6b/7a/f5/6b7af5e7624ef51f7fb5ec1d38cc3570--gambas-al-ajillo-seafood-dishes.jpg
000503.jpg,http://cdn.shopify.com/s/files/1/0187/3780/products/Octopus_in_olive_oil_with_guindilla_pepper_and_Basque_cheese_pintxo_-_Donostia_Foods_1024x1024.jpg
000504.jpg,https://s-media-cache-ak0.pinimg.com/736x/83/d0/55/83d055718bb7cb5b2c16a6ab98ec3dd1.jpg
000505.jpg,http://olmedaorigenes.com/wp-content/uploads/2016/07/pintxo-de-bonito-con-anchoas-guindilla-y-pimiento-de-piquillo-olmeda-origenes-1.jpg
000506.jpg,https://www.abouttimemagazine.co.uk/wp-content/uploads/2015/11/Jalapeno-corn-bread-fried-eggs-black-beans-guindilla-pepper.jpg
000507.jpg,https://acorninmykitchen.files.wordpress.com/2012/06/mangosalad.jpg
000508.jpg,https://i1.wp.com/www.luxuriousmagazine.com/wp-content/uploads/2019/10/Talisker-Terrace-London-3.jpg
