image,source
000001.jpg,https://images-na.ssl-images-amazon.com/images/I/51YjPU51DEL._SX425_.jpg
000002.jpg,https://www.pepperscale.com/wp-content/uploads/2016/04/Gypsy-Pepper-768x509.jpeg
000003.jpg,https://edge.bonnieplants.com/www/uploads/20180920004020/gypsy-pepper.jpg
000004.jpg,https://d1nw62gticy6e9.cloudfront.net/uploads/Gypsy-Pepper-Seeds.jpg
000005.jpg,https://portalvhds26k4f5tktj3ck.blob.core.windows.net/spotpics/sp43351.jpg
000006.jpg,https://cdn.apartmenttherapy.info/image/fetch/f_auto,q_auto:eco,c_fill,g_auto,w_1500/https%3A%2F%2Fstorage.googleapis.com%2Fgen-atmedia%2F3%2F2010%2F06%2Feedcbbcbee3667bc99edfff6c33c95099dc65463.jpeg
000007.jpg,http://www.peanutbutterandpeppers.com/wp-content/uploads/2012/06/berry-cake-sheetal-watermelon-peppers-053.jpg
000008.jpg,https://images-na.ssl-images-amazon.com/images/I/612F4iEOmML._SX466_.jpg
000009.jpg,http://www.specialtyproduce.com/sppics/13736.png
000010.jpg,https://s.hdnux.com/photos/10/20/02/2162831/5/920x920.jpg
000011.jpg,https://previews.123rf.com/images/zigzagmtart/zigzagmtart1109/zigzagmtart110900003/10536156-freshly-picked-sweet-gypsy-peppers-on-display-at-the-farmers-market.jpg
000012.jpg,https://www.adaptiveseeds.com/wp-content/uploads/2014/12/p-7372-sweet_pepper_gypsyqueens1.jpg
000013.jpg,http://res.cloudinary.com/sagacity/image/upload/c_crop,h_952,w_635,x_0,y_0/c_scale,w_640/v1396788761/0709_pg157_savor_gypsy_peppers_u4b6nq.jpg
000014.jpg,https://goodeggs1.imgix.net/product_photos/l6jpOIVSPidqSsk8k2RZ_yellow%20gypsy.jpg?w=840&h=525&fm=jpg&q=80&fit=crop
000015.jpg,https://www.bemindfulbehuman.com/wp-content/uploads/IMG_0624.azolla.farms_.peppers.final2_2.png
000016.jpg,https://jakeseed.com/wp-content/uploads/2015/01/gypsypepper1.jpg
000017.jpg,https://www.seedsnsuch.com/wp-content/uploads/2018/11/Pep_Gypsy_cmyk-1.jpg
000018.jpg,https://c8.alamy.com/comp/K823KR/gypsy-peppers-K823KR.jpg
000019.jpg,https://davesgarden.com/guides/pf/thumbnail.php?image=2006/03/24/aries44/e6dc70.jpg&widht=700&height=312
000020.jpg,https://live.staticflickr.com/275/20091916946_f94043c9d7_b.jpg
000021.jpg,https://unclewaynestomatoes.com/sites/default/files/Gypsy%20IMG_1337.JPG
000022.jpg,https://s3.envato.com/files/263027813/_00A7926.jpg
000023.jpg,https://cdn3.volusion.com/aueds.gjavs/v/vspfiles/photos/641-2.jpg?v-cache=1538744114
000024.jpg,https://cdn10.bigcommerce.com/s-2drwt2az/products/7848/images/53088/gypsy-pepper__65170.1493261662.1280.1280.jpg?c=2
000025.jpg,http://www.seedsforlifeatlindennursery.com/uploads/5/9/7/6/59763985/s768261586244618095_p124_i1_w640.jpeg
000026.jpg,https://www.damseeds.ca/productcart/pc/catalog/323.jpg
000027.jpg,https://res.cloudinary.com/sagacity/image/upload/c_crop,h_423,w_635,x_0,y_265/c_limit,dpr_auto,f_auto,fl_lossy,q_80,w_1200/0709_pg157_savor_gypsy_peppers_u4b6nq.jpg
000028.jpg,https://my-test-11.slatic.net/original/079e51932318b87681e8cb9aa8dcab7c.jpg_340x340q80.jpg_.webp
000029.jpg,https://www.baldorfood.com/uploads/PhotoModel/21323/image/zpe8r1.gallery.jpg?t=1536856722
000030.jpg,https://i.pinimg.com/474x/96/8f/c4/968fc440e145957e79b8098a1680fcd1.jpg
000031.jpg,https://cdn.shopify.com/s/files/1/1095/8052/products/Peppers_Gypsy_Queen_71e95496-992f-46d9-8f36-5f0cbdca1b2d.jpg?v=1514442575
000032.jpg,https://s3.amazonaws.com/cdn.jungseed.com/images/popup/03163.jpg
000033.jpg,http://milbergerfarms.com/wp-content/uploads/2018/08/GYPSY-PEPPER-800x600.jpg
000034.jpg,https://cdn1.bigcommerce.com/server700/5mvrqhbm/products/1525/images/150087/gypsy_pepper__67516.1522257945.451.395.jpg?c=2
000035.jpg,http://www.justysproduce.com/images/gypsyplate.jpg
000036.jpg,https://www.chilipeppermadness.com/wp-content/uploads/2018/07/Gypsy-Hybrid-Chili-Peppers1.jpg
000037.jpg,https://c1.neweggimages.com/ProductImage/A93A_1_201903281093465647.jpg
000038.jpg,https://upload.wikimedia.org/wikipedia/commons/f/fe/%27Gypsy%27_pepper_IMG_6053-.jpg
000039.jpg,https://www.melissas.com/v/vspfiles/photos/674-2T.jpg
000040.jpg,http://better-produce.com/wp-content/uploads/Gypsy-Pepper-better-produce.jpg
000041.jpg,http://summertomato.com/wp-content/uploads/2012/08/Gypsy-Peppers.png
000042.jpg,https://www.lowcarbkitty.com/wp-content/uploads/2013/08/gyps1.jpg
000043.jpg,https://goodeggs2.imgix.net/product_photos/Ww7RM0ETd27h1IgdwF3K_jQtg-xQoKpORYsXz4fpjgZxTT3m6smK11p8xvMOT4oo.jpg?w=840&h=525&fm=jpg&q=80&fit=crop
000044.jpg,http://www.tomatogrowers.com/images/9056.jpg
000045.jpg,https://cuesa.org/sites/default/files/styles/scale_610px/public/peppers_guide_rev.jpg?itok=6qz4uoK4
000046.jpg,https://s3.amazonaws.com/mygardenlife.com/plant-library/full/6920_26.jpg
000047.jpg,http://preppings.com/wp-content/uploads/2014/05/gypsy.pepper.jpg
000048.jpg,https://www.chileplants.com/images/chiles/gypsy-hybrid-pepper-plants.jpg
000049.jpg,https://www.displayfakefoods.com/store/pc/catalog/9825ys_663_detail.jpg
000050.jpg,https://wheremyfoodiesat.files.wordpress.com/2012/11/san-jose-20121002-00279.jpg
000051.jpg,https://www.vegiworks.com/wp-content/uploads/2016/12/CHILE-gypsy-pepper.jpg
000052.jpg,https://pics.davesgarden.com/pics/2010/07/03/Ozark/0d5c24.jpg
000053.jpg,https://media-cdn.tripadvisor.com/media/photo-s/0d/80/b9/c9/poached-prawns-with-avocado.jpg
000054.jpg,https://previews.123rf.com/images/bhofack2/bhofack21904/bhofack2190400185/120221233-raw-yellow-organic-gypsy-peppers-ready-to-cook.jpg
000055.jpg,https://thumbs.dreamstime.com/z/ripe-yellow-gypsy-pepper-cut-half-separated-white-background-77275266.jpg
000056.jpg,https://media.istockphoto.com/photos/gypsy-pepper-in-the-garden-picture-id509981023
000057.jpg,http://3.bp.blogspot.com/-jtf96hvSZPk/UevokeUUvFI/AAAAAAAAIew/E7OBCai8SFk/s1600/photo-791420.JPG
000058.jpg,https://image.shutterstock.com/image-photo/raw-yellow-organic-gypsy-peppers-260nw-1360461932.jpg
000059.jpg,https://produceexpress.net/media/zoo/images/yellow-gypsy-feat_c4d414c567a18da02d1fa49f135f245b.jpg
000060.jpg,http://3.bp.blogspot.com/-SmTcSyya8fo/UiaQZcqkm5I/AAAAAAAB8ME/4I1eYQOJyfo/s1600/gypsy+peppers.jpg
000061.jpg,http://www.loganzenner.com/wp-content/uploads/2016/10/Gypsy-F1.jpg
000062.jpg,https://d2lnr5mha7bycj.cloudfront.net/product-image/file/large_17a46e38-025e-405f-b9cf-dabadfc60d4a.jpg
000063.jpg,https://cmkt-image-prd.freetls.fastly.net/0.1.0/ps/327861/910/1251/m2/fpnw/wm1/d7bu5hjlbnempjuq6ulqmxmlo60aj9an1r1emjtdfhptlrbvklvr3igsx7xzebpa-.jpg?1422593714&s=4343ae06ce8ff836096c205417645ef0
000064.jpg,https://www.burpee.com/dw/image/v2/ABAQ_PRD/on/demandware.static/-/Sites-masterCatalog_Burpee/default/dwacf37b05/Images/Product%20Images/prod000834/prod000834_alt2.jpg?sw=320&sh=378&sm=fit
000065.jpg,https://garden-tags-live.s3-accelerate.amazonaws.com/16512_marymary1_1472453117576_528.jpeg
000066.jpg,https://st2.depositphotos.com/7221444/12354/i/950/depositphotos_123540468-stock-photo-ripe-yellow-gypsy-pepper.jpg
000067.jpg,https://images-na.ssl-images-amazon.com/images/I/41eJ84hhDlL._SY450_.jpg
000068.jpg,https://i.redd.it/bem7dqm988131.jpg
000069.jpg,https://i.pinimg.com/originals/b9/e7/dc/b9e7dc688333984a5ecc314dd9c39b1c.jpg
000070.jpg,https://d2lnr5mha7bycj.cloudfront.net/product-image/file/large_46554202-dd23-42e8-8ce4-9775123fcdcc.jpg
000071.jpg,https://croatianseeds-store.com/images/stories/virtuemart/product/Gypsy%20Baron%205.jpg
000072.jpg,https://fineartamerica.com/images/artworkimages/medium/1/gypsy-peppers-helena-tiainen.jpg
000073.jpg,https://comps.canstockphoto.com/organic-tomatoes-and-gypsy-pepper-stock-photo_csp40101143.jpg
000074.jpg,http://www.boilingfrogproductions.com/uploads/1/3/7/7/13772550/5784753_orig.jpg
000075.jpg,https://img.rfarmfresh.com/img/f1-391.jpg
000076.jpg,https://previews.123rf.com/images/bhofack2/bhofack21904/bhofack2190400171/120221203-raw-yellow-organic-gypsy-peppers-ready-to-cook.jpg
000077.jpg,https://thumbs.dreamstime.com/z/sweet-red-gypsy-pepper-6217095.jpg
000078.jpg,https://terrafirmafarm.com/wp-content/uploads/2018/08/Peppers.jpg
000079.jpg,https://earthoutlet.files.wordpress.com/2010/03/img_9827.jpg
000080.jpg,https://plants.jimwhitingnursery.com/Plant-Name/_ccLib/image/plantstock/WEB-071060.jpg
000081.jpg,http://www.plumfabulousfoods.com/wp-content/uploads/2019/06/gypsyX.jpg
000082.jpg,https://i.etsystatic.com/12733311/r/il/d7242c/1303213498/il_570xN.1303213498_rw2i.jpg
000083.jpg,http://harmonyhorsefarm.co/wp-content/uploads/2019/07/gypsy-sweet-pepper-6-new-plant-harvest-size.jpg
000084.jpg,https://www.adaptiveseeds.com/wp-content/uploads/2014/12/gypsy-queens-pepper-3-340x340.jpg
000085.jpg,https://european-seed.com/wp-content/uploads/2017/10/D0139123_Tribelli_cmyk.jpg
000086.jpg,https://i5.walmartimages.com/asr/141d1ce6-f9ec-4622-b42f-89434911ad8c_1.ef5606a0ad6d7d670bead4a47fed6a56.jpeg?odnHeight=450&odnWidth=450&odnBg=FFFFFF
000087.jpg,https://farm4.staticflickr.com/3247/4076045267_998979401d_b.jpg
000088.jpg,https://nanasbloomers.com/wp-content/uploads/2017/10/Pepper-gyps.jpg
000089.jpg,https://c8.alamy.com/comp/R5JARP/red-gypsy-pepper-on-black-background-R5JARP.jpg
000090.jpg,https://www.anniesannuals.com/signs/p%20-%20r/images/pepper_gypsy.jpg
000091.jpg,https://edge.bonnieplants.ca/www/gypsy-pepper-580x280.jpg
000092.jpg,https://i.pinimg.com/originals/4e/0b/2b/4e0b2bf17ec8d2535904ecb3546d1573.jpg
000093.jpg,https://images.freshop.com/78721/7a24e56c6f73d55a29b99e71e05c28be_medium.png
000094.jpg,https://image.shutterstock.com/image-photo/raw-yellow-organic-gypsy-peppers-260nw-1360461953.jpg
000095.jpg,https://media.istockphoto.com/photos/gypsy-peppers-isolated-picture-id471670502
000096.jpg,https://images.stockfreeimages.com/621/sfixl/6217007.jpg
000097.jpg,http://www.food-recipes.me/wp-content/uploads/2012/06/Gypsy-Pepper-and-Green-Beans-salad.jpg
000098.jpg,https://www.mamaearth.ca/Resources/PHOTO/587d4b1f-facd-41ec-b7f5-176a3e559007.jpg
000099.jpg,https://envato-shoebox-0.imgix.net/870f/1e5d-7e59-4c18-a307-0bb99470cfdf/_00A7456.jpg?auto=compress%2Cformat&fit=max&mark=https%3A%2F%2Felements-assets.envato.com%2Fstatic%2Fwatermark2.png&markalign=center%2Cmiddle&markalpha=18&w=700&s=f3d52b54ce2bcfbd7dc0a41d6356a307
000100.jpg,https://t4.ftcdn.net/jpg/02/59/78/65/500_F_259786563_YWnpLw7QTlDCe78TkuGy48c7nYJLnthB.jpg
000101.jpg,https://images.freeimages.com/images/premium/previews/2181/21817251-close-up-of-organic-gypsy-peppers-ripening-on-plant.jpg
000102.jpg,http://ourwaytoeat.com/wp-content/uploads/2012/07/gypsy-pepper.jpg
000103.jpg,http://eei2018.org/wp-content/uploads/2019/06/gypsy-sweet-pepper-peppers-on-the-vine-stock-photo-when-to-pick-harvest-recipes.jpg
000104.jpg,https://www.chilipeppermadness.com/wp-content/uploads/2018/07/Gypsy-Hybrid-Chili-Peppers2.jpg
000105.jpg,https://www.thespruceeats.com/thmb/OoSbwSogrcOF6QsFInavwtH-yeY=/735x0/gypsypepper_OrganicMarin-56a433443df78cf772813d9f.jpg
000106.jpg,https://images-na.ssl-images-amazon.com/images/I/81yOaL3SIAL._SL1500_.jpg
000107.jpg,https://previews.123rf.com/images/bhofack2/bhofack21904/bhofack2190400296/120221477-raw-yellow-organic-gypsy-peppers-ready-to-cook.jpg
000108.jpg,http://www.greenleafsf.com/sites/default/files/styles/product_node_carousel/public/Yellow-GypsyPepper-Web.jpg?itok=Y58sB50t
000109.jpg,https://static.wixstatic.com/media/5979d6_8935d316c09e448b8779bdc8e3395776~mv2.jpg/v1/fill/w_266,h_566,al_c,q_80,usm_0.66_1.00_0.01/5979d6_8935d316c09e448b8779bdc8e3395776~mv2.webp
000110.jpg,https://imgc.artprintimages.com/img/print/pepper-sweet-hybrid-gypsy-on-plant-and-in-basket_u-l-q10e7gj0.jpg?h=550&w=550&background=fbfbfb
000111.jpg,https://kz.all.biz/img/kz/catalog/2996861.jpeg
000112.jpg,https://www.grubmarket.com/images/thumb/everythingunderthesun/12820915211_gypsy_peppers.jpg
000113.jpg,https://cf.shopee.com.my/file/10568be06361285107141872531ae3c8
000114.jpg,https://images.homedepot-static.com/productImages/18a760ec-c9d6-40c6-959e-11ab2fc748f2/svn/bonnie-plants-vegetable-plants-3700-4f_1000.jpg
000115.jpg,https://whiteseed.com/images/pepper-chichenitza.jpg
000116.jpg,https://media.fooducate.com/comments/images/5D115CE9-919E-1236-47A1-896528FC070A-21907.jpeg
000117.jpg,https://www.pepperseeds.eu/pub/media/catalog/product/cache/51e4881dc4e265ed9adcb710d483ab73/g/y/gypsy_f1.jpg
000118.jpg,http://www.justysproduce.com/images/yellowbell.jpg
000119.jpg,https://st4.depositphotos.com/1692343/25549/i/1600/depositphotos_255497248-stock-photo-raw-yellow-organic-gypsy-peppers.jpg
000120.jpg,https://goodeggs1.imgix.net/product_photos/5iYjS7sSGywcvaaHM86n_GqrUUrcQb6Po30wxE6Du_Onru1hpkA4zNlgH_NAhogDA78TXRIlcuzCXD3AV2RCs.jpg?w=840&h=525&fm=jpg&q=80&fit=crop
000121.jpg,https://s3-us-west-1.amazonaws.com/contentlab.studiod/getty/1e11e8df571c4f0dac95b84fee9c6047.jpg
000122.jpg,https://edge.bonnieplants.com/www/uploads/20180920003250/flaming-flare-fresno-chili-pepper-480x360.jpg
000123.jpg,https://suttons.s3.amazonaws.com/p/VECAP5181_3.jpg
000124.jpg,https://t4.ftcdn.net/jpg/02/59/78/75/500_F_259787568_Itr1Ttymk2iL5xPjfddc5SxuSRpTzRf8.jpg
000125.jpg,https://scontent-cdt1-1.cdninstagram.com/vp/201fd26e8c686b0c22917c6ba803b2a0/5E0DCD49/t51.2885-15/e35/c0.180.1440.1440/s320x320/66026949_2245180415609997_7347635056564160403_n.jpg?_nc_ht=scontent-cdt1-1.cdninstagram.com
000126.jpg,https://imgc.allpostersimages.com/img/print/u-g-Q10EBFS0.jpg?w=550&h=550&p=0
000127.jpg,http://images.tastespotting.com/thumbnails/620857.jpg
000128.jpg,https://farm1.staticflickr.com/408/19497268953_71796df487.jpg
000129.jpg,http://smart-up.co/wp-content/uploads/2019/01/gypsy-plant-pepper-plants-princess-hyacinth-from-bulbs.jpg
000130.jpg,https://garden.org/pics/2013-08-10/abhege/1d79b2.jpg
000131.jpg,https://portalvhds26k4f5tktj3ck.blob.core.windows.net/spotpics/sp38985.jpg
000132.jpg,https://i.pinimg.com/originals/8e/18/3a/8e183a19a07606ce07600275ae7b28f3.jpg
000133.jpg,https://www.displayfakefoods.com/store/pc/catalog/9825_656_detail.jpg
000134.jpg,http://www.boilingfrogproductions.com/uploads/1/3/7/7/13772550/9712926_orig.jpg
000135.jpg,http://cdn.shopify.com/s/files/1/0205/4654/products/Capsicum_-_Carmen_6ef6ebc2-1db7-4a89-ba06-a75f4b4533be_grande.jpg?v=1552312600
000136.jpg,https://www.humphreysfarm.com/productcart/pc/catalog/9826os_1735_detail.jpg
000137.jpg,https://www.thompson-morgan.com/product_images/100/optimised/PEP0682-A_h.jpg
000138.jpg,https://i.redd.it/zuzoq3qa5oo11.jpg
000139.jpg,http://www.foodgypsy.ca/wp-content/uploads/2013/07/DSC_0170.jpg
000140.jpg,https://images.chinasearch.co.uk/18/2033/218130/1x759x506.jpg
000141.jpg,https://c8.alamy.com/comp/A7B5K7/pepper-gypsy-A7B5K7.jpg
000142.jpg,http://thezestquest.com/WP/wp-content/uploads/2015/09/Pepper-Gypsy-Favorite-Producer-for-semi-shade-garden-NE-Ohio-2-The-Zest-Quest.png
000143.jpg,https://static.onecms.io/wp-content/uploads/sites/37/2016/02/01000200/MPC105549.jpg.rendition.largest.jpg
000144.jpg,https://farm4.staticflickr.com/3576/3677503998_2b0b453751_z.jpg?zz=1
000145.jpg,https://cdn.shopify.com/s/files/1/1863/0407/products/denby_gypsy_pepper_shaker_large.jpg?v=1530913411
000146.jpg,https://cdn.shopify.com/s/files/1/0381/8657/products/gypsy-pepper-pot-1_large.JPG?v=1540911168
000147.jpg,http://www.peppergal.com/files/1917422/uploaded/Gypsy_edited.JPG
000148.jpg,https://media-cdn.tripadvisor.com/media/photo-s/05/97/e6/03/aziza.jpg
000149.jpg,http://www.safarinow.com/db/id/1052133/g285749.jpg
000150.jpg,http://skagit-photos.macore.com/02850700.jpg
000151.jpg,https://previews.123rf.com/images/bhofack2/bhofack21904/bhofack2190400244/120221378-raw-yellow-organic-gypsy-peppers-ready-to-cook.jpg
000152.jpg,https://image.shutterstock.com/image-photo/raw-yellow-organic-gypsy-peppers-260nw-1360461923.jpg
000153.jpg,https://media.gettyimages.com/photos/gypsy-peppers-picture-id486451060
000154.jpg,https://www.tasteofhome.com/wp-content/uploads/2018/06/Pickled-Sweet-Peppers_exps45237_CP143300B02_04_3bC_RMS-696x696.jpg
000155.jpg,https://www.picclickimg.com/d/l400/pict/302746141356_/20-Colourful-Sweet-Pepper-Seeds-Ornamental-Capsicum-Organic.jpg
000156.jpg,https://as1.ftcdn.net/jpg/02/59/40/26/500_F_259402671_WWnYVOVICxxtEFj2PpZWl5eUXLuBgbB3.jpg
000157.jpg,https://pics.davesgarden.com/pics/2005/06/24/CMoxon/62db81.jpg
000158.jpg,https://ssl.c.photoshelter.com/img-get/I0000CA3YKzkKWVE/s/750/750/Pepper-Gypsy-26884.jpg
000159.jpg,https://jakeseed.com/wp-content/uploads/2015/01/manzano-324x324.jpg
000160.jpg,https://kitchenwood.files.wordpress.com/2012/06/img_2038.jpg
000161.jpg,http://www.foodgypsy.ca/wp-content/uploads/2013/07/DSC_0176_01.jpg
000162.jpg,https://images.homedepot-static.com/productImages/30ac819c-c75b-4442-8388-12b9033e5cce/svn/bonnie-plants-vegetable-plants-2701-64_1000.jpg
000163.jpg,https://garden.org/pics/2011-10-11/Calif_Sue/87cc95.jpg
000164.jpg,https://blog.fatfreevegan.com/wp-content/uploads/2011/06/peppers.jpg
000165.jpg,https://s3-media2.fl.yelpcdn.com/bphoto/GItVzujYHBj6KWWpUSHMVA/348s.jpg
000166.jpg,http://intuitiveforager.com/availability/wp-content/uploads/2015/06/IMG_7148-705x940.jpg
000167.jpg,http://milbergerfarms.com/wp-content/uploads/2018/08/SANTA-FE-800x600.jpg
000168.jpg,https://media.istockphoto.com/photos/gypsy-bell-peppers-on-display-picture-id534699275
000169.jpg,http://static1.squarespace.com/static/5653cc83e4b078e5163ff3d1/5c65abdde79c70ca0ea5a10c/5cbc9730ee6eb039cefa66fd/1555867855371/red-chili-peppers-wallpaper-42713-43724-hd-wallpapers.jpg?format=1500w
000170.jpg,https://s3.eu-west-2.amazonaws.com/growinginteractive/blog/peppers-cayenne-2x.jpg
000171.jpg,http://canterburycreekgardens.com/wp-content/uploads/2014/04/pepper-hungarian-wax.jpg
000172.jpg,https://pbs.twimg.com/media/DF8fvuOXkAA7NhG.jpg
000173.jpg,http://www.seednet.eu.com/wp-content/uploads/2018/11/gypsy.jpg
000174.jpg,https://distinctivegardensinc.com/media/zoo/images/sweet-pepper-gypsy_c8dfdf6f8d2c690ce6fea06f53a84a1d.jpg
000175.jpg,https://jooinn.com/images/box-of-peppers-5.jpg
000176.jpg,http://cdn.shopify.com/s/files/1/1537/5553/products/00677_12dc890c-7df0-4458-8bdb-576e93f771e0_grande.jpg
000177.jpg,https://s.hdnux.com/photos/10/20/02/2162832/5/480x480.jpg
000178.jpg,https://www.adaptiveseeds.com/wp-content/uploads/2014/12/Sweet-Pepper-Bacskai-Feher-3-340x340.jpg
000179.jpg,https://i2.wp.com/noshmyway.com/wp-content/uploads/2013/06/Diakon-Carrot-Gyspy-Pepper-Slaw-Recipe-013.jpg
000180.jpg,http://2.bp.blogspot.com/_7EtSs69Fi18/TIf2RXlTUBI/AAAAAAAAAS8/EdXqOmGdTkE/s320/DSCN0211.JPG
000181.jpg,https://st4.depositphotos.com/1692343/25510/i/1600/depositphotos_255108662-stock-photo-raw-green-organic-spicy-gypsy.jpg
000182.jpg,http://www.boilingfrogproductions.com/uploads/1/3/7/7/13772550/9127299_orig.jpg
000183.jpg,https://picniconthird.com/wp-content/uploads/2015/07/beefcomp-450x450.jpg
000184.jpg,https://www.displayfakefoods.com/store/pc/catalog/9824_2181_detail.jpg
000185.jpg,https://goodeggs2.imgix.net/product_photos/4FDiKbJNTgGPhZC5HPU2_peppers_gypsy%20%28b5fe0207da303ae61635eecf4082b236ef32cbf4%29.jpg?w=840&h=525&fm=jpg&q=80&fit=crop
000186.jpg,http://cdn.shopify.com/s/files/1/0038/9405/0868/products/Pepper_Capsicum_Gypsy_4in_1024x1024.jpg?v=1554825814
000187.jpg,https://whereismyspoon.co/wp-content/uploads/2017/10/gypsy-chicken-peppers.jpg
000188.jpg,http://harmonyhorsefarm.co/wp-content/uploads/2019/07/gypsy-sweet-pepper-hot-wax-organic-bell-plant-seeds.jpg
000189.jpg,https://t4.ftcdn.net/jpg/02/59/78/75/500_F_259787554_3aWdagNwE8T2PL7ZQNlEGcEIb2kB7Ml1.jpg
000190.jpg,https://i.ytimg.com/vi/el-_hgNBroM/hqdefault.jpg
000191.jpg,https://66.media.tumblr.com/4d3a8722973097f9aee074b573a95d73/tumblr_psfi1vTzhG1rv5cit_540.jpg
000192.jpg,https://www.cookwithwhatyouhave.com/wp-content/uploads/2014/01/peppers-sweet-roasters-and-jimmy-n.jpg
000193.jpg,https://images-eu.ssl-images-amazon.com/images/I/51O0zc3h6oL._AC_US200_.jpg
000194.jpg,http://www.almostcool.org/blog/wp-content/uploads/2006/08/hotpepper.jpg
000195.jpg,https://img1.cookinglight.timeinc.net/sites/default/files/styles/4_3_horizontal_-_1200x900/public/updated_main_images/1408p88-garden-project-2-x.jpg?itok=3ZCJ1CmB
000196.jpg,https://c8.alamy.com/comp/T32PPW/raw-yellow-organic-gypsy-peppers-ready-to-cook-T32PPW.jpg
000197.jpg,https://static.wixstatic.com/media/779415_67a98c6085134ea19e4c9e312c285e31~mv2_d_4032_3024_s_4_2.jpg/v1/crop/x_304,y_0,w_3424,h_3024/fill/w_560,h_416,al_c,q_80,usm_0.66_1.00_0.01/779415_67a98c6085134ea19e4c9e312c285e31~mv2_d_4032_3024_s_4_2.webp
000198.jpg,https://d1ralsognjng37.cloudfront.net/3303f791-7c69-43f4-9d54-d98755819838.jpeg
000199.jpg,http://smart-up.co/wp-content/uploads/2019/01/gypsy-plant-availability-bell-pepper-little-vagabond.jpg
000200.jpg,https://hggourmet.com/wp-content/uploads/2018/03/Pepper-Gypsy.jpeg
000201.jpg,http://www.justysproduce.com/images/REDBELLPEPPER.jpg
000202.jpg,https://scontent-frt3-2.cdninstagram.com/vp/31660a816903112ce5a67f57270cd33c/5DB5B1AB/t51.2885-15/sh0.08/e35/c0.135.1080.1080a/s640x640/66201927_2799767093385157_7553806016280294321_n.jpg?_nc_ht=scontent-frt3-2.cdninstagram.com
000203.jpg,https://alightningbug.files.wordpress.com/2015/08/img_8235.jpg?w=535
000204.jpg,http://www.robinskey.com/wp-content/uploads/2014/03/14-02-05-Gypsy-Sweet-Potato-Tomato-Soup-Recipe-1-ingredients.jpg
000205.jpg,http://jordanseeds.com/images/P/Gypsy.jpeg
000206.jpg,http://www.hort.cornell.edu/bglannuals/2009/images_2009/large/July%2015%20pictures%20LARGE/Pep%20Gypsy%20(2).jpg
000207.jpg,https://i1.wp.com/noshmyway.com/wp-content/uploads/2013/06/Diakon-Carrot-Gyspy-Pepper-Slaw-Recipe-005.jpg
000208.jpg,https://image.shutterstock.com/image-photo/gypsy-peppers-260nw-220703875.jpg
000209.jpg,https://bakersacresgreenhouse.com/wp-content/uploads/2019/01/123833CF-C44B-4DAA-BECD-C0AAA97FC7BE.jpg
000210.jpg,https://www.gardenfocused.co.uk/images/vegetables-fruit/sweet-pepper/pepper_sweet_gypsy_original_mine.jpg
000211.jpg,http://eei2018.org/wp-content/uploads/2019/06/gypsy-sweet-pepper-raw-green-organic-spicy-peppers-ready-to-cook-seeds-size-when-pick.jpg
000212.jpg,https://nicksgardencenter.com/wp-content/uploads/2019/06/giant-maconi.jpg
000213.jpg,https://www.meijer.com/content/dam/meijer/product/0071/53/3943/15/0071533943155_0_A1C1_1200.png
000214.jpg,https://st.hzcdn.com/fimgs/52d260c704af8e9f_1458-w500-h666-b0-p0--.jpg
000215.jpg,https://i.redd.it/5sezlqxmbvc31.jpg
000216.jpg,https://previews.123rf.com/images/bhofack2/bhofack21904/bhofack2190400028/120078762-raw-green-organic-spicy-gypsy-peppers-ready-to-cook.jpg
000217.jpg,http://www.farmerfred.com/images/Gypsypepper.jpg
000218.jpg,https://www.burpee.com/dw/image/v2/ABAQ_PRD/on/demandware.static/-/Sites-masterCatalog_Burpee/default/dw018d3313/Images/Product%20Images/prod000834/prod000834_alt5.jpg?sw=320&sh=378&sm=fit
000219.jpg,https://kcdgarden.com/varieties/159/IMG_20170926_075021.jpg?width=730&height=500&mode=crop&format=jpg&quality=65
000220.jpg,http://www.fabricparadise.com/fabricshop/categories/26//media/peppers-C776.jpg
000221.jpg,https://as1.ftcdn.net/jpg/02/59/78/70/500_F_259787013_dOE0mf5fY6beMqlIzorWIT4RXY5X2bYW.jpg
000222.jpg,https://www.picclickimg.com/d/l400/pict/264396251232_/30-Sweet-Gypsy-Pepper-Seeds-NON-GMO-No-pesticides.jpg
000223.jpg,http://www.hort.cornell.edu/bglannuals/2009/images_2009/large/July%2015%20pictures%20LARGE/Pep%20Gypsy%20(1).jpg
000224.jpg,https://d2rl3p6n3ibtbi.cloudfront.net/photos/photos/000/004/521/medium_sqr/Screen_Shot_2017-12-16_at_2.47.11_PM.jpg?1513464520
000225.jpg,https://previews.agefotostock.com/previewimage/medibigoff/852b3a2f619109e85ee179391be5c333/sfd-237664.jpg
000226.jpg,https://scontent-sjc3-1.cdninstagram.com/v/t51.2885-15/e35/c0.180.1440.1440a/s320x320/69880198_2936232343269147_1964167833794979222_n.jpg?_nc_ht=scontent-sjc3-1.cdninstagram.com&_nc_cat=103&oh=c1623983440c9cd81e27b0a02437d496&oe=5E292098&ig_cache_key=MjEzMzk1MjgwOTc4MjA3NTIxOA%3D%3D.2.c
000227.jpg,https://d1ralsognjng37.cloudfront.net/5bdf9650-0c16-4153-85f4-62881eea26ee.jpeg
000228.jpg,https://cdn11.bigcommerce.com/s-ktm9ya7aqh/images/stencil/1280x1280/products/2436/4176/Pepper_Essential_Oil__12920.1551466892.jpg?c=2?imbypass=on
000229.jpg,https://media.gettyimages.com/photos/gypsy-peppers-picture-id701076700?s=612x612
000230.jpg,https://nanasbloomers.com/wp-content/uploads/2017/10/Pepper-gypsy-sweet.jpg
000231.jpg,https://instagram.frix2-1.fna.fbcdn.net/vp/c8eb62c7fd4a33d6815249d77803da8d/5DE1DD2E/t51.2885-15/sh0.08/e35/c0.135.1080.1080a/s640x640/65502273_1374018039441252_4123539904671614517_n.jpg?_nc_ht=instagram.frix2-1.fna.fbcdn.net
000232.jpg,http://static1.squarespace.com/static/54c54fe9e4b09b3245fc5465/54c55021e4b02f4c0b49dd2d/589a9534bebafb65282e6565/1486613600986/5DB_0983.jpg?format=1500w
000233.jpg,http://3.bp.blogspot.com/-BEHAO_kJfS0/VZmb6K5w7MI/AAAAAAAALZQ/ZUkvx9EEsv0/s1600/IMG_3414.JPG
000234.jpg,https://i.ebayimg.com/images/g/ptIAAOSwRc1ajvrf/s-l300.jpg
000235.jpg,http://www.foodgypsy.ca/wp-content/uploads/2013/07/DSC_0168.jpg
000236.jpg,https://d2fizz4npx5v6x.cloudfront.net/covers/1/10508644.jpg
000237.jpg,https://scontent-lga3-1.cdninstagram.com/vp/04876b5757a4d1aa35d107e10dc8b3c4/5DDC3D2A/t51.2885-15/sh0.08/e35/c0.180.1440.1440/s640x640/66444273_1226052724231476_390535785906941297_n.jpg?_nc_ht=scontent-lga3-1.cdninstagram.com
000238.jpg,https://images-na.ssl-images-amazon.com/images/I/61qNRNvJ4jL._SX425_.jpg
000239.jpg,https://www.greenvalleygrowers.com/uploads/1/2/3/6/123679897/gypsy.gif
000240.jpg,https://s3.amazonaws.com/plants-map-prod/image/plant_pics/avatars/000/001/972/large/image_258.jpg?1462444791
000241.jpg,https://farm2.staticflickr.com/1197/1405418750_5277ebd92f_b.jpg
000242.jpg,https://all-americaselections.org/wp-content/uploads/2017/01/2017PepperSweetiePie-500x500.jpg
000243.jpg,http://ideas.oggardenonline.com/thumbnail/sv/2018-vegetables/gypsy-pepper.jpg
000244.jpg,https://www.cookwithwhatyouhave.com/wp-content/uploads/2014/01/jimmy-nardello-peppers.jpg
000245.jpg,http://ih.constantcontact.com/fs195/1103365797530/img/239.jpg?a=1111358054183
000246.jpg,http://foodfitnessfreshair.com/wp-content/uploads/2015/10/blog1.jpg
000247.jpg,https://i.imgur.com/m8Wv8Hc.jpg
000248.jpg,http://thezestquest.com/WP/wp-content/uploads/2016/08/Garden-Harvest-August-10-2016-includes-Juliet-Tomatoes-and-Gypsy-Peppers-2-The-Zest-Quest.png
000249.jpg,https://ediblesiliconvalley.ediblecommunities.com/sites/default/files/styles/recipe_slideshow/public/images/article/ESVRainbowPeppers_JB-5REV.png?itok=M3-sA6d8
000250.jpg,https://thewichitan.com/wp-content/uploads/2014/12/WEB_gypsykit.jpg
000251.jpg,https://www.doublestarfarms.com/wp-content/uploads/2016/07/image-3.jpeg
000252.jpg,https://www.charliesproduce.com/wp-content/uploads/2019/08/Gypsy-Peppers.jpg
000253.jpg,https://www.kitchenproject.com/german/recipes/Schnitzel/Ziguenerschnitzel/GypsySchnitzel/Veg.jpg
000254.jpg,https://earthoutlet.files.wordpress.com/2010/03/img_0006.jpg
000255.jpg,https://cf.shopee.com.my/file/f059721eb00bd0e268bd58975059851a
000256.jpg,https://thegypsychef.com/wp-content/uploads/spice-market-760x400.jpg
000257.jpg,http://www.rebekahblakely.com/wp-content/uploads/2016/08/IMG_7534-768x1024.jpg
000258.jpg,https://summertomato.com/wp-content/uploads/2009/09/gypsy-peppers.jpg
000259.jpg,https://pbs.twimg.com/media/CGsK6s1UcAIIIXm.jpg
000260.jpg,https://pics.davesgarden.com/pics/2014/06/07/sunkissed/01e328.jpg
000261.jpg,http://vanessabarrington.com/images/old/6a00e54fb9b56d883300e553f1a44d8833-800wi.jpg
000262.jpg,https://images.squarespace-cdn.com/content/v1/51216f8ce4b0dce195c5239b/1401231956834-YGIZDM9S0RSP1ICH9DU2/ke17ZwdGBToddI8pDm48kKmw982fUOZVIQXHUCR1F55Zw-zPPgdn4jUwVcJE1ZvWQUxwkmyExglNqGp0IvTJZUJFbgE-7XRK3dMEBRBhUpw5XnxLBmEFHJGf_0qFdDpmIncOw4kq9OpCHNTYqzGO-E1YJr-Thht9Tdog4YtCwrE/peppers.jpg
000263.jpg,https://cdn3.eyeem.com/thumb/a5ede489e8e5e5e5341471fa4a86a0db3431bae2-1503132069581/w/900
000264.jpg,http://redhotpepperman.com/images/IMG_0018_Medium_Web_view.jpg
000265.jpg,https://www.displayfakefoods.com/store/pc/catalog/9826_1923_detail.jpg
000266.jpg,http://harmonyhorsefarm.co/wp-content/uploads/2019/07/gypsy-sweet-pepper-chili-stuffed-peppers-bell-seeds.jpg
000267.jpg,https://www.piedmontfarmandgarden.com/v/vspfiles/photos/PPP083-2T.jpg?v-cache=1366092667
000268.jpg,http://biology.unm.edu/jnekola/Heirloom/pepper%20pics/white_gypsy_A.JPG
000269.jpg,https://c8.alamy.com/comp/J3XCNJ/gypsy-sweet-peppers-growing-in-issaquah-washington-usa-J3XCNJ.jpg
000270.jpg,http://eei2018.org/wp-content/uploads/2019/06/gypsy-sweet-pepper-n-hybrid-recipes-bell-seeds-harvest.jpg
000271.jpg,https://d2rl3p6n3ibtbi.cloudfront.net/photos/photos/000/004/522/medium_sqr/Screen_Shot_2017-12-16_at_2.42.30_PM.jpg?1513464536
000272.jpg,https://www.neon-gypsy.co.nz/wp-content/uploads/2019/03/ROWIE_Pearl_KIMONO-SALT-PEPPER_019-copy.jpg
000273.jpg,https://www.johnnyseeds.com/dw/image/v2/BBBW_PRD/on/demandware.static/-/Sites-jss-master/default/dw4841630d/images/products/vegetables/03410_01_arriba.jpg?sw=280&cx=302&cy=0&cw=1196&ch=1196
000274.jpg,https://honest-food.net/wp-content/uploads/2014/09/sweet-peppers-600px.jpg
000275.jpg,https://extension.umn.edu/sites/extension.umn.edu/files/styles/crop_featured_image_crop/public/Capsicum-habanero-fruit1.jpg?h=cd962899&itok=QZ4eDqqt
000276.jpg,https://portalvhds26k4f5tktj3ck.blob.core.windows.net/spotpics/sp51673.jpg
000277.jpg,https://c1.neweggimages.com/ProductImage/A93A_1_201903282055207680.jpg
000278.jpg,https://s3.eu-west-2.amazonaws.com/growinginteractive/plants/peppers-2x.jpg
000279.jpg,https://www.mnhs.org/sites/default/files/-paragraphs/image/blog-post/salt_pepper.jpg
000280.jpg,https://www.thebigbridge.com/wp-content/uploads/2018/06/gypsy-circus-cider-company-tap-handle-queen-of-swords-by-big-bridge-1030x1030-845x321.jpg
000281.jpg,https://guzzle.akamaized.net/media/thumbnails/catalogues/p5_zVSVnn0.jpg.250x600_q75_box-976%2C1862%2C1536%2C2194.jpg
000282.jpg,https://i0.wp.com/noshmyway.com/wp-content/uploads/2013/06/Diakon-Carrot-Gyspy-Pepper-Slaw-Recipe-010.jpg
000283.jpg,https://cdn11.bigcommerce.com/s-ktm9ya7aqh/images/stencil/1280x1280/products/1249/5054/Cayenne-35-H-U__94679.1555662097.jpg?c=2?imbypass=on
000284.jpg,http://www.boilingfrogproductions.com/uploads/1/3/7/7/13772550/5709621_orig.jpg
000285.jpg,https://garden.org/pics/2015-08-28/Paul2032/285551-300.jpg
000286.jpg,https://hobnobmag.com/wp-content/uploads/2014/04/crab-salad-on-yuca-chips.jpg
000287.jpg,https://images.getbento.com/accounts/cbf932b4583f16a6c84f37a989386a04/media/images/75702mediagazpacho.jpg?w=600&fit=max&auto=compress,format&h=600
000288.jpg,http://cloversandkale.com/wp-content/uploads/2016/09/Parmesan-Grilled-Gypsy-Peppers-819x1024.jpg
000289.jpg,https://cuesa.org/sites/default/files/styles/scale_610px/public/padron_peppers.jpg?itok=WvtaQiGY
000290.jpg,https://jakeseed.com/wp-content/uploads/2015/01/fresno-324x324.jpg
000291.jpg,https://cdn3.glstock.com/65796/2112005/2112005_325.jpg
000292.jpg,https://media.blueapron.com/recipes/1304/square_newsletter_images/20150728-1529-391-3520/2P_072115_5_EggplantPoblano_GypsyPepperTostadas_20-_209848SQ_hi_res.jpg
000293.jpg,https://miro.medium.com/proxy/0*Cz1g8ouQlv1dAsYP.jpg
000294.jpg,https://s3-us-west-1.amazonaws.com/contentlab.studiod/getty/fcc3ffca72f74722afad9bfbf4bb1f5e
000295.jpg,https://www.lulus.com/images/product/xlarge/72914.jpg
000296.jpg,https://i5.walmartimages.com/asr/027d020d-dbe0-4c06-b497-4f3ad09fbfb4_1.226fd87177d53e9124eadc08732d162b.jpeg
000297.jpg,https://cdn.vox-cdn.com/thumbor/7oethjeKNPKUfrcLvE6NcjUiBSw=/0x0:1024x683/1200x0/filters:focal(0x0:1024x683):no_upscale()/cdn.vox-cdn.com/uploads/chorus_asset/file/16279841/grid_finom_sandwich.jpg
000298.jpg,http://iloveyoumorethanfood.com/wp-content/uploads/2009/06/summersautee.jpg
000299.jpg,https://i.etsystatic.com/6031093/r/il/615179/1464580353/il_570xN.1464580353_fzy7.jpg
000300.jpg,https://t4.ftcdn.net/jpg/02/59/78/73/500_F_259787375_0JCi6v8zh5yQSo6EcnAH6JtG8osWpvJg.jpg
000301.jpg,https://q7i2y6d5.stackpathcdn.com/wp-content/uploads/2010/08/yellow-pepper-leaves.png
000302.jpg,https://cdn.apartmenttherapy.info/image/fetch/f_jpg,q_auto:eco,c_fill,g_auto,w_1500,ar_1:1/https%3A%2F%2Fstorage.googleapis.com%2Fgen-atmedia%2F3%2F2008%2F10%2Fb0cf04736b7e0e81a712f157fc173fb5fcd308b3.jpeg
000303.jpg,http://www.justysproduce.com/images/Orange_bell.jpg
000304.jpg,https://i.ebayimg.com/images/g/6wYAAOSwWfdbET5P/s-l300.jpg
000305.jpg,https://s3-media2.fl.yelpcdn.com/bphoto/boaN3U_0XMTLWwS0nSs01Q/348s.jpg
000306.jpg,https://newrootsorganics.com/blog/wp-content/uploads/2012/10/DSC_0035.jpg
000307.jpg,https://www.kingkullen.com/wp-content/uploads/2016/12/Heat-Chart.jpg
000308.jpg,https://delightmakers.com/admin/wp-content/uploads/the_beatles_sgt_pepper_gatefold_sleeve_OPD_Paul_McCartney2.jpg
000309.jpg,https://image.slidesharecdn.com/2015ngbyearofsweetpepper-141008144648-conversion-gate02/95/2015-national-garden-bureaus-year-of-the-sweet-pepper-43-638.jpg?cb=1412779731
000310.jpg,https://cdn.eateasily.com/food/9f7b35813a75cb1dde4fd5d8c75421c0/354004_large.jpg
000311.jpg,https://www.berkeleywellness.com/sites/default/files/field/image/ThinkstockPhotos-200249734-001_field_img_hero_988_380.webp
000312.jpg,https://www.johnnyseeds.com/dw/image/v2/BBBW_PRD/on/demandware.static/-/Sites-jss-master/default/dw7ce7c6f9/images/products/vegetables/cornito_ps.jpg?sw=280&cx=302&cy=0&cw=1196&ch=1196
000313.jpg,https://media.gettyimages.com/photos/gypsy-hybrid-sweet-peppers-picture-id73072926
000314.jpg,https://marblegypsy.com/wp-content/uploads/2019/08/CowHide-Slim02.jpg
000315.jpg,https://ne1.wac.edgecastcdn.net/80281E/ll_as_u1/thumbs/2016/Dec/14/5d2de95018b7_sf_10.jpg
000316.jpg,https://media.istockphoto.com/photos/closeup-organic-gypsy-peppers-ripening-on-plant-picture-id936610022
000317.jpg,https://www.feddeck-dauerwaren.de/shop/images/product_images/original_images/Travellunch_HG_Nudeln_Rind_Paprikasauce_250g.jpg
000318.jpg,http://smart-up.co/wp-content/uploads/2019/01/gypsy-plant-wandering-leaves-pepper-the-epic-gardening.jpg
000319.jpg,https://img1.cookinglight.timeinc.net/sites/default/files/styles/4_3_horizontal_-_1200x900/public/image/gypsy-pepper-cl.jpg?itok=-tKWkmvl
000320.jpg,https://www.compassionhat.com/wp-content/uploads/2017/03/salt-pepper-short-side.png
000321.jpg,https://www.adaptiveseeds.com/wp-content/uploads/2014/12/Stocky-Red-Roaster-Pepper-2-340x340.jpg
000322.jpg,https://i.imgur.com/SkoVS5L.jpg
000323.jpg,http://www.wheninmanila.com/wp-content/uploads/2016/06/Travel-the-World-On-Your-Plate-with-Gourmet-Gypsy-Art-Cafe3.jpg
000324.jpg,http://s6655.pcdn.co/wp-content/uploads/2010/09/IMG_5352.jpg
000325.jpg,https://www.lulus.com/images/product/xlarge/72946.jpg
000326.jpg,http://www.lowcarbkitty.com/wp-content/uploads/2013/07/boarburger1.jpg
000327.jpg,https://i.pinimg.com/originals/4b/62/33/4b6233f8f65b510faf17839333d9e4a6.jpg
000328.jpg,https://www.kitchenproject.com/german/recipes/Schnitzel/Ziguenerschnitzel/GypsySchnitzel/redP4.jpg
000329.jpg,https://farm8.static.flickr.com/7355/9630729237_1b2ff4c5bf.jpg
000330.jpg,https://i.imgur.com/mSCRvoU.jpg
000331.jpg,https://www.chilipeppermadness.com/wp-content/uploads/2019/09/Numex-Joe-E-Parker.jpg
000332.jpg,https://i.redd.it/pyu9liobh5031.jpg
000333.jpg,http://2.bp.blogspot.com/-SRBbLPdZsYQ/VC9j2xXxRII/AAAAAAAADdc/ktv1MwpIDgU/s1600/IMG_5470.JPG
000334.jpg,http://pictify.saatchigallery.com/files/works/gypsy-girl-painting-by-marcela-rogel-de-pepper-1464103020_b.jpg
000335.jpg,https://d2fizz4npx5v6x.cloudfront.net/covers/1/10520946.jpg
000336.jpg,https://www.binkysculinarycarnival.com/Images/pickled-peppers/pickled-peppers19.jpg
000337.jpg,https://goodeggs2.imgix.net/product_photos/n4S27lqdRb2FIPjdS9Vf_20160712-Rundle_RedBellPepperDuo_MG_5082%20%286fabd6b386981b98fbefe81906dc87972ae388be%29.jpg?w=840&h=525&fm=jpg&q=80&fit=crop
000338.jpg,https://no1replacements.com/wp-content/uploads/imported/4/2-x-Denby-Gypsy-Replacement-Pepper-Pots-With-Stoppers-323520643854.JPG
000339.jpg,http://4paws1heart.org/wp-content/uploads/2018/06/gypsy-6418.jpg
000340.jpg,https://beatlesarama.com/wp-content/uploads/2019/04/Lennon-Sgt-Pepper-Caravan.jpeg
000341.jpg,https://tessyrue.typepad.com/.a/6a00d83453e04269e201157110d278970b-800wi
000342.jpg,https://image.shutterstock.com/image-photo/gypsy-peppers-600w-215892754.jpg
000343.jpg,https://scontent-frt3-1.cdninstagram.com/v/t51.2885-15/sh0.08/e35/p750x750/66880266_151086759344361_1458538953264990693_n.jpg?_nc_ht=scontent-frt3-1.cdninstagram.com&oh=d095707d4b6044cb4b1742e8bcdb773f&oe=5DFF70FD&ig_cache_key=MjA4OTY5NDI4OTEyNzA1NzgxNQ%3D%3D.2
000344.jpg,https://ichef.bbci.co.uk/news/660/media/images/67801000/png/_67801120_beatlescaravan.png
000345.jpg,https://assets.epicurious.com/photos/5baa6af8699dbf53d1b3a6d0/4:6/w_1600%2Cc_limit/shutterstock_616671473.jpg
000346.jpg,https://s3.eu-west-2.amazonaws.com/growinginteractive/blog/peppers-2x.jpg
000347.jpg,https://all-thats-jas.com/wp-content/uploads/2019/07/Easy-skillet-Gipsy-schnitzel-dinner5.jpg
000348.jpg,https://www.guiltfree.pl/18711-large_default/got7-gipsy-sauce.jpg
000349.jpg,https://static.wixstatic.com/media/779415_f6638ba486934c0181a3214b95289878~mv2.jpg/v1/fill/w_270,h_532,al_c,lg_1,q_80/779415_f6638ba486934c0181a3214b95289878~mv2.webp
000350.jpg,http://farm8.staticflickr.com/7377/9494016387_380b53ab69_z.jpg
000351.jpg,https://scontent-cdt1-1.cdninstagram.com/v/t51.2885-15/e35/69247928_164429964680131_7030135821634598675_n.jpg?_nc_ht=scontent-cdt1-1.cdninstagram.com&_nc_cat=107&se=7&oh=1aa4c02b67e1af00783adc30dbc604ff&oe=5E1DDB39&ig_cache_key=MjEyNzk5MjA4NDMyNDc3NDk4OQ%3D%3D.2
000352.jpg,https://alexandracooks.com/wp-content/uploads/2018/03/harissapastevert.jpg
000353.jpg,https://www.daringgourmet.com/wp-content/uploads/2015/09/Pickled-Pepper-prep-1-1024x683.jpg
000354.jpg,http://intuitiveforager.com/availability/wp-content/uploads/2014/07/IMG_7143-705x940.jpg
000355.jpg,https://washington.agrilife.org/files/2018/01/2018-Tomato-and-Pepper-Plant-Sale-Flyer.jpg
000356.jpg,http://www.roceco.co.uk/images/pepper%20gypsy.jpg
000357.jpg,https://cdn0.rubylane.com/_pod/item/520021/RLP-1050/Red-Wing-Gypsy-Trail-Fondoso-Salt-pic-1o-2048%3A10.10-52-f.jpg
000358.jpg,https://karlehmer.com/media/catalog/product/cache/1/thumbnail/600x/17f82f742ffe127f42dca9de82fb58b1/b/l/black-kassel-gypsy-gold-salami.jpg
000359.jpg,https://www.neon-gypsy.co.nz/wp-content/uploads/2019/04/ZEPHYR_PEPPER_SUNDRESS_01_0d46e928-1227-42a5-b6be-5457e1562112_2048x2048.jpg
000360.jpg,https://live.staticflickr.com/8430/29122160184_4b3c723f96_b.jpg
000361.jpg,https://scontent-lhr3-1.cdninstagram.com/vp/867739eb93b05243320d64562e1c9459/5DEDC4E8/t51.2885-15/e35/65958877_158052395328733_3745580109932592651_n.jpg?_nc_ht=scontent-lhr3-1.cdninstagram.com&se=7&ig_cache_key=MjA5MzAwOTA5NDAzMzE2NjExMA%3D%3D.2
000362.jpg,http://freybe.com/wp-content/uploads/2016/10/Product-Image-125g_FL_Gypsy_Salami_v8_PKG_RS.jpg
000363.jpg,https://www.thatbloomingarden.com/wp-content/uploads/2012/12/dsc01032.x56516.jpg
000364.jpg,https://www.newschannel6now.com/resizer/VXk_YkVjY-57dm-5TRIsqMrwRSc=/1200x600/arc-anglerfish-arc2-prod-raycom.s3.amazonaws.com/public/MD2GTUMUPNCYNDBTWO3QA43IO4.jpg
000365.jpg,https://media-cdn.tripadvisor.com/media/photo-s/05/97/e6/08/aziza.jpg
000366.jpg,https://scontent-lga3-1.cdninstagram.com/vp/b4c59322e1d4e80230d1c879248ca5b7/5E2ABB95/t51.2885-15/e35/c185.0.604.604a/69149987_393334198035625_4690459275208269280_n.jpg?_nc_ht=scontent-lga3-1.cdninstagram.com&_nc_cat=101
000367.jpg,https://lppool.catalogsites.net/lf?source=url[file:itemimages/BS/HiRes/BD9144H.tif&sink=format[jpg],quality[70]
000368.jpg,https://imgc.artprintimages.com/img/print/sweet-pepper-gypsy-hybrid_u-l-q10ebfn0.jpg?LID=53&h=550&w=550&background=fbfbfb
000369.jpg,https://cdn-image.foodandwine.com/sites/default/files/styles/medium_2x/public/200904-xl-cheese-stuffed-grilled-peppers.jpg?itok=6K29JCYz
000370.jpg,http://i465.photobucket.com/albums/rr16/lonestarson/Photo0043.jpg
000371.jpg,https://scontent-msp1-1.cdninstagram.com/vp/029429f664d4eaa49e4fb6e9f8f60b01/5E2792DC/t51.2885-15/e35/s480x480/69167894_533739997379684_800356412878918267_n.jpg?_nc_ht=scontent-msp1-1.cdninstagram.com&_nc_cat=108
000372.jpg,https://cdn.shopify.com/s/files/1/0822/3611/products/IMG_3660_grande_04ce4281-a8d7-4eb0-a7d5-1583732b6d1d_620x.jpg?v=1558672119
000373.jpg,https://dtpmhvbsmffsz.cloudfront.net/posts/2017/08/31/59a80ea678b31c77b602649f/m_59a80eab41b4e0df290260b0.jpg
000374.jpg,https://pics.davesgarden.com/pics/2009/04/08/melody/3adf2c.jpg
000375.jpg,https://www.thenavagepatch.com/wp-content/uploads/2017/08/Midsummer-Vegetable-Garden-2017-022.jpg
000376.jpg,http://www.boilingfrogproductions.com/uploads/1/3/7/7/13772550/2704491_orig.jpg
000377.jpg,https://images.squarespace-cdn.com/content/v1/51216f8ce4b0dce195c5239b/1434506688093-LLI48LY8PJPI1H2I06VK/ke17ZwdGBToddI8pDm48kEpVg-ILAPna1wRh-xAJ9fRZw-zPPgdn4jUwVcJE1ZvWQUxwkmyExglNqGp0IvTJZUJFbgE-7XRK3dMEBRBhUpwEv36x-EUL2-BSQ5feDhwGCbXuJBFqZ-erYzVouT8yOb9TwqchglLQOCYTRn7ZGxI/image-asset.jpeg
000378.jpg,https://i.imgur.com/ppT14SA.jpg
000379.jpg,https://media.lasvegasweekly.com/img/photos/2018/05/01/0503_Food_American-Gypsy_Photo-by-Wade-Vandervort_t1000.jpg?c76bf34eada957f64a0b14990027a576ff9bf379
000380.jpg,https://previews.123rf.com/images/bhofack2/bhofack21904/bhofack2190400107/120079301-raw-green-organic-spicy-gypsy-peppers-ready-to-cook.jpg
000381.jpg,https://www.feddeck-dauerwaren.de/shop/images/product_images/original_images/Travellunch_HG_Zigeunertopf_10er.jpg
000382.jpg,https://cdn-img-2.wanelo.com/p/a3c/83e/15c/36f9f344da47a20f3b4c28a/x354-q80.jpg
000383.jpg,https://i.dailymail.co.uk/i/pix/2013/06/04/article-2335605-1A23387B000005DC-351_306x441.jpg
000384.jpg,https://www.germanshop24.com/images/detailed/2/0d13b32d63d50d66c81d6d4775969e4b.jpg
000385.jpg,https://i.etsystatic.com/7662161/r/il/e1cdc2/1324529359/il_fullxfull.1324529359_jqbl.jpg
000386.jpg,https://i.ebayimg.com/images/g/uuEAAOSwYlJW6dqI/s-l300.jpg
000387.jpg,http://www.foodgypsy.ca/wp-content/uploads/2013/07/DSC_0184.jpg
000388.jpg,https://www.displayfakefoods.com/store/pc/catalog/9823_1774_detail.jpg
000389.jpg,https://cookingupveggies.files.wordpress.com/2013/07/0021.jpg
000390.jpg,https://assets3.thrillist.com/v1/image/1303319/size/tl-stack_mobile.jpg
000391.jpg,https://cdn-image.foodandwine.com/sites/default/files/HD-201008-r-roasted-peppers.jpg
000392.jpg,https://www.rhs.org.uk/getmedia/35815136-7fe9-4301-a3c8-bd5cb825d230/Sweet-pepper_PUB0024946-3x2.jpg?width=556&height=313
000393.jpg,https://www.johnnyseeds.com/dw/image/v2/BBBW_PRD/on/demandware.static/-/Sites-jss-master/default/dw1d60e17d/images/products/vegetables/03418_01_ninja.jpg?sw=280&cx=302&cy=0&cw=1196&ch=1196
000394.jpg,http://canterburycreekgardens.com/wp-content/uploads/2014/04/pepper-lipstick.jpg
000395.jpg,https://as1.ftcdn.net/jpg/01/64/74/28/500_F_164742881_c1enKiu0i2SRd3w2dX03HlhH6Fate187.jpg
000396.jpg,https://edge.bonnieplants.com/www/uploads/20180920003929/straightneck-squash-480x360.jpg
000397.jpg,https://www.thenavagepatch.com/wp-content/uploads/2017/08/Midsummer-Vegetable-Garden-2017-031.jpg
000398.jpg,http://www.rebekahblakely.com/wp-content/uploads/2016/08/IMG_7552-e1474153491767-768x576.jpg
000399.jpg,https://assets.epicurious.com/photos/5baa663433a94b3f7788825a/6:4/w_1600%2Cc_limit/shutterstock_510309472.jpg
000400.jpg,https://i.ytimg.com/vi/Ayg6smHNBIw/maxresdefault.jpg
000401.jpg,https://cdn.shopify.com/s/files/1/1299/0309/products/spellgypsyiana_1024x1024.jpg?v=1467747166
000402.jpg,https://dtpmhvbsmffsz.cloudfront.net/posts/2017/04/02/58e1238bea3f36b1870804d2/m_58e1238bea3f36b1870804d3.jpg
000403.jpg,https://media.istockphoto.com/photos/closeup-organic-gypsy-peppers-ripening-on-plant-picture-id183030939
000404.jpg,https://cdn11.bigcommerce.com/s-ktm9ya7aqh/images/stencil/1280x1280/products/1260/5051/Black-Pepper-Ground-14__21693.1555661266.jpg?c=2?imbypass=on
000405.jpg,https://farmerstoyou.com/organicfoodblog/wp-content/uploads/2017/09/peppers-gypsy-mix-800x400.jpg
000406.jpg,https://i.etsystatic.com/10537006/r/il/32c20c/1443396331/il_570xN.1443396331_fi75.jpg
000407.jpg,http://www.safarinow.com/db/id/1052133/g286610.jpg
000408.jpg,https://www.foodgal.com/wp-content/uploads/2015/08/Sweatbreads.jpg
000409.jpg,http://eatsdelicious.co.za/23/gypsy-ham.jpg
000410.jpg,http://www.tableandhome.com/prodimages/30350.jpg
000411.jpg,https://garden.org/pics/2017-06-28/cwhitt/e69532.jpg
000412.jpg,http://lh5.ggpht.com/-AIesFVw7uWA/UhbYjUZxUKI/AAAAAAAAIn4/GOnmuOvvNhg/s1600/20130822_175425.jpg
000413.jpg,http://farm6.staticflickr.com/5509/9496816040_b9a72ffdc4_z.jpg
000414.jpg,https://static1.squarespace.com/static/5af385b9b1059830d8044580/5af385d70e2e728342b9a406/5af386912b6a288d9b7a1da1/1533673274269/pepper-varieties-good-eggs.jpg?format=1000w
000415.jpg,https://d2fizz4npx5v6x.cloudfront.net/covers/1/10498922.jpg
000416.jpg,https://scontent-frt3-1.cdninstagram.com/v/t51.2885-15/e35/c2.0.1435.1435/s320x320/69902591_387365565310986_4736478199498832922_n.jpg?_nc_ht=scontent-frt3-1.cdninstagram.com&oh=cf870b7ef186d639aeb045fd2fa92e94&oe=5E15302A&ig_cache_key=MjEyNDI4NzY1NjQ2NzgzMDU4NA%3D%3D.2.c
000417.jpg,https://scontent-frt3-2.cdninstagram.com/v/t51.2885-15/e35/p1080x1080/68965964_215376306076311_9214792110500295623_n.jpg?_nc_ht=scontent-frt3-2.cdninstagram.com&oh=646a6a7417e6968d528bd1cac45617f0&oe=5DCEB814&ig_cache_key=MjEwMzg0NzE0MDA3Njk1MjI1Mg%3D%3D.2
000418.jpg,https://www.chilipeppermadness.com/wp-content/uploads/2019/07/Cubanelle-Peppers.jpg
000419.jpg,https://live.staticflickr.com/6213/6272295858_5b1189ed86_b.jpg
000420.jpg,https://scontent-cdt1-1.cdninstagram.com/v/t51.2885-15/e35/s320x320/14099717_660823290742412_901549227_n.jpg?_nc_ht=scontent-cdt1-1.cdninstagram.com&oh=5d85b44c7c56ff4d093d4c906441786f&oe=5E13959B&ig_cache_key=MTMyNzY4MjQyNzg2NjQ0MTAyNg%3D%3D.2
000421.jpg,https://cdn.shopify.com/s/files/1/1672/8829/products/DSC07850_2_530x@2x.jpg?v=1534190292
000422.jpg,https://scontent-waw1-1.cdninstagram.com/v/t51.2885-15/e35/66698006_369064687373927_3397833133955654756_n.jpg?_nc_ht=scontent-waw1-1.cdninstagram.com&se=7&oh=90b01c0cfd5f0e12473fd49eb3f2a303&oe=5DCFCF08&ig_cache_key=MjEwOTE0NTUxNDE1MjE2ODUwNg%3D%3D.2
000423.jpg,http://canterburycreekgardens.com/wp-content/uploads/2014/04/pepper-lunchbox-red.jpg
000424.jpg,https://blindpigandtheacorn.com/wp-content/uploads/2014/08/6a00e54ffe2ad3883301b7c87c0e74970b-800wi.png
000425.jpg,http://static1.squarespace.com/static/51216f8ce4b0dce195c5239b/t/561daaa2e4b0b5f8adc8ff0e/1444784803489/?format=1500w
000426.jpg,https://www.thespruceeats.com/thmb/ItAbnKJVPuFsTvdv9_uD6qVE98w=/425x326/filters:no_upscale():max_bytes(150000):strip_icc()/GettyImages-613727526-5c004fd246e0fb0001886fea.jpg
000427.jpg,https://www.neon-gypsy.co.nz/wp-content/uploads/2019/06/rwVFHHZg.jpg
000428.jpg,http://www.mariquita.com/images/photogallery/prepared%20food/roasted%20sweet%20peppers/01_washing_peppers.jpg
000429.jpg,https://www.adaptiveseeds.com/wp-content/uploads/2017/12/pepper-etuida-1-340x340.jpg
000430.jpg,https://tipsfromashton.files.wordpress.com/2014/06/blog21.jpg
000431.jpg,https://www.johnnyseeds.com/dw/image/v2/BBBW_PRD/on/demandware.static/-/Sites-jss-master/default/dwcebd8a5d/images/products/vegetables/corno_di_toro_ps.jpg?sw=280&cx=302&cy=0&cw=1196&ch=1196
000432.jpg,https://i.redd.it/n2ace3b6d5z21.jpg
000433.jpg,http://www.tanktopandtennisshoegirl.com/wp-content/uploads/2015/07/20160517_181323-e1463580574113-243x300.jpg
000434.jpg,https://media-cdn.tripadvisor.com/media/photo-s/05/97/e6/16/aziza.jpg
000435.jpg,https://di2ponv0v5otw.cloudfront.net/posts/2018/08/21/5b7ca0b3a31c3337d960a413/m_5b7ca0cac2e88eec2f1ea913.jpg
000436.jpg,https://i.ebayimg.com/images/g/i1MAAOSwErJc1e4p/s-l300.jpg
000437.jpg,https://s3.eu-west-2.amazonaws.com/growinginteractive/blog/chilli_on_windowsill_in_autumn.jpg
000438.jpg,https://s3-media1.fl.yelpcdn.com/bphoto/n5FJCMnU0NGrjdXYyhnofA/o.jpg
000439.jpg,https://www.otravezcollection.com/content/images/thumbs/0011039_abito-dritto-scollato-con-laccetti-peperoncini_1125.jpeg
000440.jpg,http://www.foodgypsy.ca/wp-content/uploads/2013/07/DSC_0248.jpg
000441.jpg,https://edge.bonnieplants.com/www/uploads/20180920004002/yellow-bell-pepper-480x360.jpg
000442.jpg,https://cdn.shopify.com/s/files/1/0467/4741/products/3210-spell-gypsiana-maxi-dress-pepper1_1024x1024.jpg?v=1469279655
000443.jpg,https://www.thenavagepatch.com/wp-content/uploads/2017/08/Midsummer-Vegetable-Garden-2017-025.jpg
000444.jpg,https://d2fizz4npx5v6x.cloudfront.net/covers/1/10933728.jpg
000445.jpg,https://media.istockphoto.com/photos/closeup-of-organic-gypsy-peppers-on-the-vine-picture-id468597877
000446.jpg,http://1.bp.blogspot.com/_H_wh1M4zdWA/TJA-YyuLZ9I/AAAAAAAABSc/KM-DII5BB9o/s1600/IMG_6288.JPG
000447.jpg,https://c1.staticflickr.com/7/6166/6139421538_0a9516ba51_z.jpg
000448.jpg,https://i.imgur.com/pipceWQ.jpg
000449.jpg,https://www.thespruceeats.com/thmb/MVfXAGW4Tusp28BrZj_-KLnWiXg=/425x326/filters:no_upscale():max_bytes(150000):strip_icc()/jalapenopeppersmarcgutierrezGettyImages-88850228-5988ace7d963ac0011de677f.jpg
000450.jpg,https://www.chilipeppermadness.com/wp-content/uploads/2019/09/Temp-Pepper-Types.jpg
000451.jpg,https://images.squarespace-cdn.com/content/v1/5af385b9b1059830d8044580/1533663186210-CJM7RC3BF5T2BOJ70OP3/ke17ZwdGBToddI8pDm48kIIWdAnyBSrZ5E6Gv7JXlDh7gQa3H78H3Y0txjaiv_0fDoOvxcdMmMKkDsyUqMSsMWxHk725yiiHCCLfrh8O1z4YTzHvnKhyp6Da-NYroOW3ZGjoBKy3azqku80C789l0k9kZPbuygN4RSDPe_G5PO_pbVb0jdkjHmk-MhSr8npod9fyhKaF6iH64GfT8sX2GQ/peppers-good-eggs
000452.jpg,https://di2ponv0v5otw.cloudfront.net/posts/2018/02/25/5a937ac9a4c48551e1a0a957/m_5a937b1d85e605eca3b81f63.jpg
000453.jpg,https://media-cdn.tripadvisor.com/media/photo-s/0b/9d/2b/18/pepper-egg-sub.jpg
000454.jpg,http://www.foodgypsy.ca/wp-content/uploads/2013/07/DSC_0218.jpg
000455.jpg,https://s3.eu-west-2.amazonaws.com/growinginteractive/blog/peppers-cupid-2x.jpg
000456.jpg,https://www.johnnyseeds.com/dw/image/v2/BBBW_PRD/on/demandware.static/-/Library-Sites-JSSSharedLibrary/default/dwb8fd32b7/images/catbanner/vegetables/peppers_bn.jpg?sw=920
000457.jpg,https://i.ebayimg.com/images/g/eckAAOSwW75czYo6/s-l300.jpg
000458.jpg,https://www.thenavagepatch.com/wp-content/uploads/2017/08/Midsummer-Vegetable-Garden-2017-014.jpg
000459.jpg,https://www.adaptiveseeds.com/wp-content/uploads/2014/12/pepper_pointy_kaibi-340x340.jpg
000460.jpg,https://pics.davesgarden.com/pics/2008/01/20/critterologist/3494e5.jpg
000461.jpg,https://tipsfromashton.files.wordpress.com/2014/09/blog3.jpg
000462.jpg,https://edge.bonnieplants.com/www/uploads/20180920004014/orange-bell-pepper-480x360.jpg
000463.jpg,https://farm4.staticflickr.com/3407/3432101115_2661544a7d_z.jpg?zz=1
000464.jpg,https://i.etsystatic.com/10874648/r/il/120d1c/803488100/il_570xN.803488100_j1hp.jpg
000465.jpg,http://4.bp.blogspot.com/-NT6cHRIobpg/UCEIlMK1K-I/AAAAAAAAAbg/anwCgFd1sZs/s1600/IMG_0853.JPG
000466.jpg,https://www.johnnyseeds.com/dw/image/v2/BBBW_PRD/on/demandware.static/-/Sites-jss-master/default/dwe834684b/images/products/vegetables/04004_01_nassau.jpg?sw=280&cx=302&cy=0&cw=1196&ch=1196
000467.jpg,http://canterburycreekgardens.com/wp-content/uploads/2014/04/pepper-Golden-Greek-Pepperoncini.jpg
000468.jpg,https://di2ponv0v5otw.cloudfront.net/posts/2018/06/12/5b2088bc9519969aa8dd7dc5/m_5b20892a2e1478286f71b85d.jpg
000469.jpg,https://www.chilipeppermadness.com/wp-content/uploads/2019/09/Sonoran-Peppers.jpg
000470.jpg,https://www.thenavagepatch.com/wp-content/uploads/2017/08/Midsummer-Vegetable-Garden-2017-020.jpg
000471.jpg,https://pics.davesgarden.com/pics/2013/10/16/gfetelya/40eb34.jpg
000472.jpg,https://s3.eu-west-2.amazonaws.com/growinginteractive/blog/harvesting_chilli.jpg
000473.jpg,https://images.squarespace-cdn.com/content/v1/5af385b9b1059830d8044580/1533663453360-A6YJVOHN04JTR7A85X6V/ke17ZwdGBToddI8pDm48kJ2Jb7EP_6LG2ogwTWnNDiJZw-zPPgdn4jUwVcJE1ZvWQUxwkmyExglNqGp0IvTJZamWLI2zvYWH8K3-s_4yszcp2ryTI0HqTOaaUohrI8PI4m430TnM7XRY1MHGX0dAqzIJ0NOSBNUkRDSG9jrcXYEKMshLAGzx4R3EDFOm1kBS/shishito-peppers
000474.jpg,https://media-cdn.tripadvisor.com/media/photo-s/17/77/62/41/bebi-csirke-sult-ceklaval.jpg
000475.jpg,http://photos1.blogger.com/blogger/4483/1750/1600/BlogGypsyPepper.jpg
000476.jpg,https://eatfromtheearth.files.wordpress.com/2012/06/6-10-stuffed-gypsy-peppers.jpg
000477.jpg,https://i.ebayimg.com/images/g/grsAAOSwtvZdW-DX/s-l300.jpg
000478.jpg,https://chicofarmersmarket.com/wp-content/uploads/2019/08/peppers11.jpg
000479.jpg,https://www.adaptiveseeds.com/wp-content/uploads/2015/01/p-7414-peppersweetshephards1-340x340.jpg
000480.jpg,https://www.johnnyseeds.com/dw/image/v2/BBBW_PRD/on/demandware.static/-/Sites-jss-master/default/dwf1f5337d/images/products/vegetables/02592_01_mellowstar.jpg?sw=280&cx=302&cy=0&cw=1196&ch=1196
000481.jpg,https://s3.eu-west-2.amazonaws.com/growinginteractive/blog/caloro-pepper-2x.jpg
000482.jpg,https://wallingfordfarmersmarket.files.wordpress.com/2009/07/familypeppergypsypeppers.jpg?w=584
000483.jpg,http://1.bp.blogspot.com/-VAua2FHXVD0/U6gdAiT--gI/AAAAAAAAE-k/br27oI2SEaA/s1600/rosaalbese.jpg
000484.jpg,http://www.foodgypsy.ca/wp-content/uploads/2013/07/DSC_0197.jpg
000485.jpg,https://www.johnnyseeds.com/dw/image/v2/BBBW_PRD/on/demandware.static/-/Sites-jss-master/default/dw2e434718/images/products/vegetables/02244g_01_olympus.jpg?sw=280&cx=302&cy=0&cw=1196&ch=1196
000486.jpg,https://live.staticflickr.com/2097/1682408983_cda3e0bdd3_z.jpg
000487.jpg,https://s3.eu-west-2.amazonaws.com/growinginteractive/blog/chillies-drying-2x.jpg
000488.jpg,https://edge.bonnieplants.ca/www/cowhorn-pepper-580x280.jpg
000489.jpg,https://www.chilipeppermadness.com/wp-content/uploads/2019/08/Chilaca-Peppers.jpg
000490.jpg,http://3.bp.blogspot.com/_7EtSs69Fi18/TIf2SMbBfLI/AAAAAAAAATE/6cXmSOb3I-g/s1600/DSCN0221.JPG
000491.jpg,http://canterburycreekgardens.com/wp-content/uploads/2014/04/pepper-hot-paper-lantern.jpg
000492.jpg,https://s3.eu-west-2.amazonaws.com/growinginteractive/blog/chillies-yellow-2x.jpg
000493.jpg,https://www.chilipeppermadness.com/wp-content/uploads/2013/09/Aji-Panca-Peppers-Dried.jpg
000494.jpg,https://i.ebayimg.com/images/g/V9kAAOSwMoldLMkz/s-l640.jpg
000495.jpg,https://images-eu.ssl-images-amazon.com/images/I/51ZOYBk2q2L.jpg
000496.jpg,https://s3.eu-west-2.amazonaws.com/growinginteractive/plants/chilli-2x.jpg
000497.jpg,https://cdn.shopify.com/s/files/1/1095/8052/products/Pepper_GatherersGold.jpg
000498.jpg,http://canterburycreekgardens.com/wp-content/uploads/2014/04/pepper-el-jefe.jpg
000499.jpg,https://www.chilipeppermadness.com/wp-content/uploads/2018/02/Sweet-Pepper-Chili-Sauce-Recipe1.jpg
000500.jpg,https://s3.eu-west-2.amazonaws.com/growinginteractive/blog/smoked-peppers-2x.jpg
000501.jpg,https://www.chilipeppermadness.com/wp-content/uploads/2019/09/Numex-RNaky.jpg
000502.jpg,https://www.chilipeppermadness.com/wp-content/uploads/2019/05/Anaheim-Peppers.jpg
000503.jpg,https://gottaeatsf.files.wordpress.com/2013/09/pepper_onthevine_fw.jpg
000504.jpg,https://homesteadredhead.files.wordpress.com/2013/06/img_1910.jpg
000505.jpg,http://2.bp.blogspot.com/_p4jB7cGjlfE/TE9Vsdwvk1I/AAAAAAAABHA/ORmfuuYPnUE/s400/DSCF2343.JPG
000506.jpg,http://3.bp.blogspot.com/-SmTcSyya8fo/UiaQZcqkm5I/AAAAAAAB8ME/4I1eYQOJyfo/s1600/gypsy+peppers.jpg
000507.jpg,https://bonnieplants.com/wp-content/uploads/gypsy-pepper.jpg
000508.jpg,http://pics.davesgarden.com/pics/2014/06/07/sunkissed/01e328.jpg
000509.jpg,http://berkshirenursery.com/wp-content/uploads/2015/06/Pepper-Gypsy-Sweet-Frying.jpg
000510.jpg,https://img0.etsystatic.com/036/0/6784982/il_fullxfull.651171942_htf4.jpg
000511.jpg,http://www.peanutbutterandpeppers.com/wp-content/uploads/2012/06/berry-cake-sheetal-watermelon-peppers-053.jpg
000512.jpg,http://1.bp.blogspot.com/_aA-ni2ZT5uU/TKZOqewTMJI/AAAAAAAAAPk/-uAl1U9Cxto/s1600/first+gypsy+pepper+red.jpg
000513.jpg,https://wheremyfoodiesat.files.wordpress.com/2012/11/san-jose-20121002-00279.jpg
000514.jpg,https://www.petittigardencenter.com/plantfiles/114416.jpg
000515.jpg,http://www.peanutbutterandpeppers.com/wp-content/uploads/2012/06/berry-cake-sheetal-watermelon-peppers-051-1024x673.jpg
000516.jpg,https://i.ebayimg.com/images/i/173469921573-0-1/s-l1000.jpg
000517.jpg,http://www.lowcarbkitty.com/wp-content/uploads/2013/08/gyps1.jpg
000518.jpg,https://earthoutlet.files.wordpress.com/2010/03/img_0006.jpg
000519.jpg,http://2.bp.blogspot.com/_aA-ni2ZT5uU/TIAoLJT7XCI/AAAAAAAAAPU/gef9VL6ztPc/s1600/gypsy+pepper+sept+1.jpg
000520.jpg,http://chefneil.com/wp-content/uploads/2013/07/gypsy-pepper.jpg
000521.jpg,https://tipsfromashton.files.wordpress.com/2014/06/blog21.jpg
000522.jpg,https://i1.wp.com/noshmyway.com/wp-content/uploads/2013/06/Diakon-Carrot-Gyspy-Pepper-Slaw-Recipe-005.jpg
000523.jpg,https://photos1.blogger.com/blogger/4483/1750/1600/BlogGypsyPepper.jpg
000524.jpg,https://www.seedsnsuch.com/wp-content/uploads/2013/08/Pep_Gypsy_cmyk.jpg
000525.jpg,http://assets.marthastewartweddings.com/styles/wmax-520-highdpi/d25/msw_23spr10_biscuits_1081/msw_23spr10_biscuits_1081_hd.jpg
000526.jpg,http://thumbs.dreamstime.com/z/sweet-red-gypsy-pepper-6217095.jpg
000527.jpg,http://arrowandsage.files.wordpress.com/2013/06/20130625-142228.jpg
000528.jpg,http://www.peanutbutterandpeppers.com/wp-content/uploads/2012/06/berry-cake-sheetal-watermelon-peppers-058.jpg
000529.jpg,http://3.bp.blogspot.com/-i3FPhqRc_gI/TeWtP-GQVcI/AAAAAAAACl8/AjJWGjZbXTM/s1600/Gypsy+bell+pepper.jpg
000530.jpg,https://11milestocool.files.wordpress.com/2011/06/2011-06-17-box-gypsy-peppers.jpg
000531.jpg,https://cdn.shopify.com/s/files/1/1095/8052/products/Peppers_Gypsy_Queen_71e95496-992f-46d9-8f36-5f0cbdca1b2d.jpg
000532.jpg,https://images-na.ssl-images-amazon.com/images/I/71AqYtnVwrL._SL1211_.jpg
000533.jpg,http://350orbust.files.wordpress.com/2013/03/gypsy-peppers-2013.jpg
000534.jpg,https://eatfromtheearth.files.wordpress.com/2012/06/6-10-stuffed-gypsy-peppers.jpg
000535.jpg,https://edge.bonnieplants.ca/www/gypsy-pepper-580x280.jpg
000536.jpg,http://www.artsnursery.com/products/WC_Pepper_Gypsy_Front.jpg
000537.jpg,http://suttons.s3.amazonaws.com/p/156828f_3.jpg
000538.jpg,https://images-na.ssl-images-amazon.com/images/I/412e4Ilf1yL.01_SL500_.jpg
000539.jpg,http://3.bp.blogspot.com/-V4FmKKBe_8k/TsO6DJaYOyI/AAAAAAAAAc0/wOGWAfTupug/s1600/gypsy.jpg
000540.jpg,http://croatianseeds-store.com/images/stories/virtuemart/product/Gypsy%20Baron%205.jpg
000541.jpg,https://11milestocool.files.wordpress.com/2011/06/produce-box-gypsy-peppers.jpg
000542.jpg,https://www.displayfakefoods.com/store/pc/catalog/9826_1923_detail.jpg
000543.jpg,http://croatianseeds-store.com/images/stories/virtuemart/product/Gypsy%20Baron%201.jpg
000544.jpg,https://www.humphreysfarm.com/productcart/pc/catalog/9824rs_809_detail.jpg
000545.jpg,https://c8.alamy.com/comp/EE0411/capisicum-annum-fruit-pepper-gypsy-growing-on-plant-in-a-protected-EE0411.jpg
000546.jpg,https://i.pinimg.com/736x/52/72/a6/5272a673ad1353fc66e376d8d2855cf7--exotic-plants-gypsy.jpg
000547.jpg,https://www.displayfakefoods.com/store/pc/catalog/9824_2181_detail.jpg
000548.jpg,http://www.roceco.co.uk/images/pepper%20gypsy.jpg
000549.jpg,http://croatianseeds-store.com/images/stories/virtuemart/product/Gypsy%20Baron%202.jpg
000550.jpg,https://www.humphreysfarm.com/productcart/pc/catalog/9825ys_1650_detail.jpg
000551.jpg,https://www.humphreysfarm.com/ProductCart/pc/catalog/9825_1112_detail.jpg
000552.jpg,https://www.displayfakefoods.com/store/pc/catalog/9823_1774_detail.jpg
000553.jpg,https://kitchenwood.files.wordpress.com/2012/06/img_2038.jpg
000554.jpg,https://www.displayfakefoods.com/store/pc/catalog/9823a_281_detail.jpg
000555.jpg,http://eei2018.org/wp-content/uploads/2019/06/gypsy-sweet-pepper-eggplant-chili-red-velvet-okra-size-bell-seeds-when-to-pick.jpg
000556.jpg,https://www.displayfakefoods.com/store/pc/catalog/9824a_2119_detail.jpg
000557.jpg,https://www.chilipeppermadness.com/wp-content/uploads/2018/07/Gypsy-Hybrid-Chili-Peppers1.jpg
000558.jpg,https://www.replaceyourchina.com/ekmps/shops/mrpottery/images/denby-pottery-gypsy-pepper-pots-434-p.jpg
000559.jpg,http://www.peanutbutterandpeppers.com/wp-content/uploads/2012/06/granola-caprese-parfait-028.jpg
000560.jpg,http://thatbloomingarden.files.wordpress.com/2012/08/dsc01128.jpg
000561.jpg,http://croatianseeds-store.com/images/stories/virtuemart/product/GypsyBaron.jpg
000562.jpg,http://eei2018.org/wp-content/uploads/2019/06/gypsy-sweet-pepper-early-west-bell-size-recipes.jpg
000563.jpg,http://3.bp.blogspot.com/-yaF_eYRTLkA/VBJ4iaRRPDI/AAAAAAAAgLg/R2RCbSiQgEc/s1600/Peppers-1.jpg
000564.jpg,http://www.robinskey.com/wp-content/uploads/2014/03/Gypsy-Sweet-Potato-Tomato-Soup-Recipe-6-add-toamtoes-potatoes-peppers-1024x768.jpg
000565.jpg,https://i0.wp.com/noshmyway.com/wp-content/uploads/2013/06/Diakon-Carrot-Gyspy-Pepper-Slaw-Recipe-010.jpg
000566.jpg,https://www.humphreysfarm.com/ProductCart/pc/catalog/9825a_1143_detail.jpg
000567.jpg,https://gypsyworldspicecafe.files.wordpress.com/2012/05/black-pepper-tortilla-napoleon.jpg
000568.jpg,https://s-media-cache-ak0.pinimg.com/736x/30/9e/49/309e49f5c32ef0c733c28ba76a82c7ba.jpg
000569.jpg,http://suttons.s3.amazonaws.com/p/156828b_3.jpg
000570.jpg,https://2.bp.blogspot.com/-a95GStD6caY/XCsFJXd6loI/AAAAAAAFbRQ/0AYKy0ZgoWgUuN6HkZ4YEKVDUSoZeoLgwCLcBGAs/s1600/JohnLennonRR.jpg
000571.jpg,https://chagrinnamontoast.files.wordpress.com/2015/08/hollowed-out-peppers.jpg
000572.jpg,http://noshmyway.com/wp-content/uploads/2013/06/Diakon-Carrot-Gyspy-Pepper-Slaw-Recipe-013.jpg
000573.jpg,https://i.pinimg.com/736x/5f/86/d0/5f86d02448eba6ddabc13fe8241d2904--liver-sausage-gypsy.jpg
000574.jpg,http://cookingupveggies.files.wordpress.com/2013/07/013.jpg
000575.jpg,https://cdn0.rubylane.com/_pod/item/671407/VNeckChiliPeppers/Red-Hot-Chili-Pepper-Coin-Beaded-full-2-2048-43.jpg
000576.jpg,https://i1.wp.com/noshmyway.com/wp-content/uploads/2013/06/Diakon-Carrot-Gyspy-Pepper-Slaw-Recipe-003.jpg
000577.jpg,http://ecdn2.shoptiques.net/products/blu_pepper-gypsy-love-blouse-multicolor-dca1ce33_l.jpg
000578.jpg,https://i.pinimg.com/736x/b3/65/fb/b365fbd7fb8e11b60fbf4ec7a323d1c8--austrian-recipes-german-recipes.jpg
000579.jpg,http://3.bp.blogspot.com/-WTdbb4zC32I/VVIGVgPBUvI/AAAAAAAG8Ag/G9mhyNtUBig/s1600/051-spell-designs-gypsiana-maxi-skirt-off-shoulder-top-pepper.jpg
000580.jpg,https://dragonflygypsyusa.files.wordpress.com/2016/05/20160503_071906.jpg
000581.jpg,https://dispatchesfromthegypsyroller.files.wordpress.com/2013/01/peppers1.jpg
000582.jpg,http://www.danzia.com/images/large/w/BELST015/BELST015_LRG.jpg
000583.jpg,https://dispatchesfromthegypsyroller.files.wordpress.com/2013/01/peppers3.jpg
000584.jpg,https://gypsyworldspicecafe.files.wordpress.com/2012/05/black-pepper-tortilla-vi.jpg
000585.jpg,https://dispatchesfromthegypsyroller.files.wordpress.com/2013/01/peppers4.jpg
000586.jpg,https://gypsyandthebotanist.files.wordpress.com/2014/12/img_1780.jpg
000587.jpg,https://gypsyworldspicecafe.files.wordpress.com/2012/05/black-pepper-tortilla-i.jpg
000588.jpg,https://s-media-cache-ak0.pinimg.com/736x/c0/4a/5f/c04a5f891a4f75a544a5628590bceb88--boho-girl-hippie-boho.jpg
000589.jpg,https://www.danzia.com/images/large/w/BELST013/BELST013_LRG.jpg
000590.jpg,https://gypsyworldspicecafe.files.wordpress.com/2012/05/black-pepper-tortilla-iv.jpg
000591.jpg,https://static.wixstatic.com/media/5aecbd_419c84f59e7b427283bf0a964567da48~mv2.jpg
000592.jpg,https://images.squarespace-cdn.com/content/v1/5bf2f52f2714e50b0c099448/1570804303945-RVL6MA1PMDXTH0Q62SE7/ke17ZwdGBToddI8pDm48kKjRgjDTTaikyCedeFTXbloUqsxRUqqbr1mOJYKfIPR7LoDQ9mXPOjoJoqy81S2I8PaoYXhp6HxIwZIk7-Mi3Tsic-L2IOPH3Dwrhl-Ne3Z2wkuOF1FC-pO4nAG0vKvfAH6axPrG9deDx909bBe1utExb27qhdBlCJwccbVYQTp-/Image+10-11-19+at+10.19+AM.jpg
000593.jpg,https://media.springernature.com/original/springer-static/image/art%3A10.1186%2F1471-2164-12-85/MediaObjects/12864_2010_3216_Fig8_HTML.jpg
000594.jpg,https://media-live.byredo.com/media/catalog/product/optimized/d/a/da7c4584d552a74763f3edfe7bbe9f847c210df0bdbecff1868881c684167db3/desk_1996-hand-cream-30-ml.jpg
000595.jpg,https://www.danzia.com/images/large/w/BELPA007/BELPA007_LRG.jpg
000596.jpg,https://www.jjshouse.com/blog/wp-content/uploads/2019/10/7-1024x1024.jpg
000597.jpg,https://s-media-cache-ak0.pinimg.com/736x/5b/90/9f/5b909f92d6a3789ae2207a6df3330f5a--the-gypsy-absolutely-stunning.jpg
000598.jpg,https://cdn.sabrinamontecarlo.com/4492-large_default/gypset-living.jpg
000599.jpg,https://assets.bonappetit.com/photos/5da5ed224e36c10009f81a2a/master/w_2560%2Cc_limit/HLY-Arepa-Lede.jpg
000600.jpg,https://cdn.sabrinamontecarlo.com/2191-large_default/gypset-travel.jpg
000601.jpg,https://www.whiskaffair.com/wp-content/uploads/2019/10/Russian-Dry-Mushroom-Soup-1.jpg
