image,source
000001.jpg,https://www.fruitionseeds.com/v/vspfiles/photos/PEP17-2T.jpg
000002.jpg,https://pepperhead.com/wp-content/uploads/2013/06/Orange-Habanero-e1530039663247.jpg
000003.jpg,https://edge.bonnieplants.com/www/uploads/20180920003724/habanro-golden-pepper.jpg
000004.jpg,https://upload.wikimedia.org/wikipedia/commons/8/86/Habanero_closeup_edit2.jpg
000005.jpg,http://www.crystalvalleyfoods.com/wp-content/uploads/2017/05/Golden-Habanero-Pepper_86197456-560x560.jpg
000006.jpg,https://www.pepperscale.com/wp-content/uploads/2013/07/habanero-pepper-1-768x432.jpg
000007.jpg,https://www.johnnyseeds.com/dw/image/v2/BBBW_PRD/on/demandware.static/-/Sites-jss-master/default/dwe0191610/images/products/vegetables/03572_01_roulette.jpg?sw=387&cx=488&cy=0&cw=1196&ch=1196
000008.jpg,https://www.featurepics.com/StockImage/20140614/habanero-pepper-stock-picture-3098113.jpg
000009.jpg,https://www.mexicanplease.com/wp-content/uploads/2018/10/habanero-peppers-are-small.jpg
000010.jpg,https://pepperhead.com/wp-content/uploads/2018/07/habanero-feature-image2.jpg
000011.jpg,https://i5.walmartimages.ca/images/Enlarge/836/042/6000196836042.jpg
000012.jpg,https://cdn.shopify.com/s/files/1/0915/1060/products/Caribbean-chili-habanero-blend-hot-pepper-pepper-joes.jpg?v=1457471166
000013.jpg,https://www.meijer.com/content/dam/meijer/product/0008/16/7908/75/0008167908753_0_A1C1_1200.png
000014.jpg,https://www.cayennediane.com/wp-content/uploads/2015/02/Golden-Habanero-2.jpg
000015.jpg,https://truegarden.com/wp-content/uploads/2018/01/aeroponic-seedling-habanero.jpg
000016.jpg,http://www.specialtyproduce.com/sppics/820.png
000017.jpg,https://www.burpee.com/dw/image/v2/ABAQ_PRD/on/demandware.static/-/Sites-masterCatalog_Burpee/default/dwb672bf98/Images/Product%20Images/prod000805/prod000805.jpg?sw=320&sh=378&sm=fit
000018.jpg,https://www.wegmans.com/content/dam/wegmans/products/352/47352.jpg
000019.jpg,https://assets.bonappetit.com/photos/59a420216de0812f7c0e14f6/master/w_2560%2Cc_limit/Pepper_Beige2.jpg
000020.jpg,https://www.americanseedco.com/wp-content/uploads/2013/07/Peppers-Habanero.jpg
000021.jpg,https://images-na.ssl-images-amazon.com/images/I/41zTACiFSAL.jpg
000022.jpg,https://img-aws.ehowcdn.com/350x235p/photos.demandstudios.com/getty/article/148/18/87967544_XS.jpg
000023.jpg,https://smhttp-ssl-17653.nexcesscdn.net/media/catalog/product/cache/1/thumbnail/9df78eab33525d08d6e5fb8d27136e95/s/n/snv8123-web_1.jpg
000024.jpg,https://d1nw62gticy6e9.cloudfront.net/uploads/Orange-Habanero-Pepper-Seeds.gif
000025.jpg,https://pepperhead.com/wp-content/uploads/2012/10/Red-Savina-1-e1530039762484.jpg
000026.jpg,https://paramountseeds.com/wp-content/uploads/2017/08/Habanero.jpg
000027.jpg,https://www.bravotv.com/sites/bravo/files/field_blog_image/2017/02/habaneros-chili-post-promote_0.jpg
000028.jpg,https://cdn.shopify.com/s/files/1/0242/9205/products/Habanero_crate_300x300.jpg?v=1463096044
000029.jpg,https://www.cayennediane.com/wp-content/uploads/Caribbean-Red-Habanero.jpg
000030.jpg,https://www.pepperscale.com/wp-content/uploads/2014/04/scotch-bonnet-vs-habanero-768x512.jpg
000031.jpg,https://i.ebayimg.com/images/g/eWgAAOSw8axZ6Pxy/s-l300.jpg
000032.jpg,https://cdn.shopify.com/s/files/1/0011/2341/8172/products/PP644-1_480x480.jpg?v=1523414084
000033.jpg,https://d2lnr5mha7bycj.cloudfront.net/product-image/file/large_a7405e85-529c-47e8-8967-a6747026a536.jpg
000034.jpg,http://www.southernexposure.com/images/large/hot-pepper-combahee-red-habanero_LRG.jpg
000035.jpg,https://www.spicejungle.com/media/catalog/product/cache/2/image/9df78eab33525d08d6e5fb8d27136e95/h/a/habenero-chile-pepper_2.jpg
000036.jpg,https://www.chili-shop24.com/media/image/95/fc/4f/9241_Habanero-St-Lucia-Isl_600x600.jpg
000037.jpg,https://img-aws.ehowcdn.com/600x600p/photos.demandstudios.com/getty/article/148/18/87967544_XS.jpg
000038.jpg,https://product-images.metro.ca/images/h0a/hdc/8889270632478.jpg
000039.jpg,http://www.seedgeeks.com/store/image/cache/data/product/vegetables/peppers/sweet/pepper.habanero.red1-500x500_0.jpg
000040.jpg,https://d1nw62gticy6e9.cloudfront.net/uploads/Chocalate_Habanero_Pepper1.jpg
000041.jpg,https://imagesvc.meredithcorp.io/v3/mm/image?url=https%3A%2F%2Fimg1.southernliving.timeinc.net%2Fsites%2Fdefault%2Ffiles%2Fstyles%2F4_3_horizontal_-_1200x900%2Fpublic%2Fimage%2F2018%2F11%2Fmain%2Fgettyimages-511912683.jpg%3Fitok%3DA5AO2Rlw%261541188224&w=400&c=sc&poi=face&q=85
000042.jpg,https://livingseeds.co.za/image-smp/orange-habanero-peppercontainer-gardening_10541_500x500.jpg
000043.jpg,https://f6m6k4p3.stackpathcdn.com/wp-content/uploads/2019/02/habanero-peppers-sonoran-spice-1.jpg
000044.jpg,https://images-na.ssl-images-amazon.com/images/I/71uTUAvGExL._SL1500_.jpg
000045.jpg,http://www.crystalvalleyfoods.com/wp-content/uploads/2017/05/Fresh-habanero-peppers_285641987-1.jpg
000046.jpg,https://www.magicgardenseeds.com/pics/mgs/CAP12/1000/Caribbean-Red-Habanero-pepper-(Capsicum-chinense).jpg
000047.jpg,https://static.artfire.com/uploads/mfs/items/44/d3/large/44d35e53488ea978d4d3df80f5f60498f2f39ced0c145d71eac4df1780d840a8.jpg
000048.jpg,http://www.blueheronoregon.com/resize/Shared/Images/Product/Aloha-Habanero-Pepper-Jelly/aloha-habanero-pepper-jelly.jpeg?bw=1000&w=1000&bh=1000&h=1000
000049.jpg,https://www.kitchengardenseeds.com/media/catalog/product/cache/1/image/0dc2d03fe217f8c83829496872af24a0/3/6/3630_a.jpg
000050.jpg,https://www.mexicanplease.com/wp-content/uploads/2018/10/habanero-peppers-on-a-cutting-board.jpg
000051.jpg,https://cdn.shopify.com/s/files/1/0915/1060/products/Scotch-Bonnet-Bounty-600-Yellow-Scotch-Bonnet.JPG?v=1457041788
000052.jpg,https://www.cayennediane.com/wp-content/uploads/Habanero-Pepper02.jpg
000053.jpg,https://www.chilipeppermadness.com/wp-content/uploads/2013/10/Habanero-Peppers1.jpg
000054.jpg,https://previews.123rf.com/images/thodonal/thodonal1407/thodonal140700386/30280720-red-habanero-pepper-isolated-on-white.jpg
000055.jpg,https://cdn.shopify.com/s/files/1/0089/1562/products/2017-01-27_1437158122606182701_1024x1024.jpg?v=1488896747
000056.jpg,https://thehippyseedcompany.com/wp-content/uploads/2017/07/Tasmanian-Habanero.jpg
000057.jpg,https://thehippyseedcompany.com/wp-content/uploads/2017/07/Purple-Habanero.jpg
000058.jpg,http://better-produce.com/wp-content/uploads/habaneros-better-produce.jpg
000059.jpg,https://prods3.imgix.net/images/articles/2017_02/non-featured-fb-habaneros.jpeg?auto=format%2Ccompress&dpr=2.63&ixjsv=2.2.3&q=38&w=370
000060.jpg,https://www.magicgardenseeds.com/pics/mgs/1220/1000/Yellow-Habanero-Pepper-(Capsicum-chinense).jpg
000061.jpg,https://www.superhotchiles.com/wp-content/uploads/2018/09/ChilesAvenir14-2018.jpg
000062.jpg,https://d1nw62gticy6e9.cloudfront.net/uploads/Caribbean_Red_Pepper1.jpg
000063.jpg,https://static.artfire.com/uploads/mfs/items/34/a8/large/34a8112cf60b7c83499043b49521448d392b2243d497e5663ca4985522bf00fe.jpg
000064.jpg,https://previews.123rf.com/images/dreamcreation01/dreamcreation011806/dreamcreation01180602261/104760687-habanero-pepper-plant.jpg
000065.jpg,https://cdn.shopify.com/s/files/1/1766/2959/products/Choc_2048x.jpg?v=1536538916
000066.jpg,https://q7i2y6d5.stackpathcdn.com/wp-content/uploads/2012/04/habanero-400x533.jpg
000067.jpg,https://www.vegaproduce.com/wp-content/uploads/2018/09/Red-Hab-1.png
000068.jpg,https://www.gannett-cdn.com/-mm-/e31faa5486eeeaf95383fc316351faba48c4c74a/c=484-0-3357-2160/local/-/media/2017/04/25/Bergen/NorthJersey/636287265610789287-PumpkinHabaneroCameronBowman-2-.jpg?width=534&height=401&fit=crop
000069.jpg,https://cdn.shopify.com/s/files/1/0915/1060/products/Chocolate-Habanero-hot-pepper-pepper-joes.jpg?v=1543851802
000070.jpg,https://i2.wp.com/osuhotsauce.com/wp-content/uploads/2018/09/habanaro-pepper-hotsauce.png?fit=600%2C600&ssl=1
000071.jpg,https://www.pepperscale.com/wp-content/uploads/2015/03/habanero-substitute-768x768.jpg
000072.jpg,https://cdn.thehippyseedcompany.com/wp-content/uploads/2017/06/west-indian-Yellow-Habanero.jpg
000073.jpg,http://www.specialtyproduce.com/sppics/12875.png
000074.jpg,https://s3-us-west-1.amazonaws.com/contentlab.studiod/getty/49e3ea751aa144e0bbf953df8ae2f721.jpg
000075.jpg,https://www.pepperseeds.eu/pub/media/catalog/product/cache/b56a9049443cfaeedfe24666b14227c1/h/a/habanero_chocolate.jpg
000076.jpg,https://assets.bwbx.io/images/users/iqjWHBFdfxIU/iKYa8J1COcUs/v1/1200x801.jpg
000077.jpg,https://inmamamaggieskitchen.com/wp-content/uploads/2019/05/SOCIAL-Habanero.jpg
000078.jpg,https://www.gazdabolt.hu/141860-large_default/chili-paprika-habanero-piros-20-szem.jpg
000079.jpg,https://images-na.ssl-images-amazon.com/images/I/71eF%2BT7p4iL._SL1500_.jpg
000080.jpg,http://alkalinevalley.com/wp-content/uploads/2016/06/Habanero-Pepper-534x400.jpg
000081.jpg,https://www.chilliworld.com/content/images/thumbs/0000606_el-yucateco-chile-habanero-red_550.png
000082.jpg,https://novenypatika.cdn.shoprenter.hu/custom/novenypatika/image/cache/w900h500wt1/product/vetomag/habaneroorange.jpg?lastmod=1565614953.1562609943
000083.jpg,https://shop.chilifarm.hu/wp-content/uploads/2019/07/habanero-1.jpg
000084.jpg,https://cdn11.bigcommerce.com/s-qqb56hyrha/images/stencil/original/products/3608/7811/1438AH__73147.1560394837.jpg
000085.jpg,https://s.yimg.com/aah/mex-grocer/fresh-chile-habanero-peppers-29.png
000086.jpg,http://www.johnvenaproduce.com/OCM/imageuploads/jvi_0003s_0007_habanero.jpg
000087.jpg,https://inmamamaggieskitchen.com/wp-content/uploads/2019/05/Habanero-for-Salsa-1.jpg
000088.jpg,https://i.ebayimg.com/images/g/rIEAAOSw8BRax7yY/s-l300.jpg
000089.jpg,http://www.brookstropicals.com/wp-content/uploads/2019/06/oneorange-1240x752.jpg
000090.jpg,https://tamarorganics.co.uk/wp-content/uploads/2017/11/Pepper-Habanero-Magnum-2.jpg
000091.jpg,https://i0.wp.com/growhotpeppers.com/wp-content/uploads/2009/12/shutterstock_38729497.jpg?fit=1000%2C667&ssl=1
000092.jpg,https://www.burpee.com/dw/image/v2/ABAQ_PRD/on/demandware.static/-/Sites-masterCatalog_Burpee/default/dw0449e6fa/Images/Product%20Images/prod000806/prod000806.jpg?sw=265&sh=312&sm=fit
000093.jpg,https://cdn11.bigcommerce.com/s-qqb56hyrha/images/stencil/original/products/3635/8303/1744__93384.1561922858.jpg
000094.jpg,https://assets.jayagrocer.com/images/product/done/074392-0.05-1.jpg?v=1531966457
000095.jpg,https://www.chilipeppermadness.com/wp-content/uploads/2018/07/10-Habanero-Harvest-Ideas-PIN.jpg
000096.jpg,https://www.fataliiseeds.net/wp-content/uploads/2018/03/habanero_orange235.jpg
000097.jpg,https://comps.canstockphoto.hu/habanero-csokol%C3%A1d%C3%A9-stock-f%C3%A9nyk%C3%A9p_csp48282793.jpg
000098.jpg,https://chilis.hu/shop_ordered/19763/pic/chili-lexikon/habanero.jpg
000099.jpg,https://www.neseed.com/wp-content/uploads/2016/08/32180-Habanero-Orange-Hot-Pepper.jpg
000100.jpg,https://www.rareseeds.com/assets/1/14/DimRegular/Pepper_Habanada_Sweet_Habanero_DSC02635.jpg
000101.jpg,https://www.pepperworldhotshop.com/out/pictures/master/product/1/tabasco-habanero-pepper-sauce-148-ml-lt007-1.jpg
000102.jpg,https://www.sustainableorganicq8.com/wp-content/uploads/2018/10/3068i_Pepper-Chile-Habanero.jpg
000103.jpg,http://cdn.shopify.com/s/files/1/1537/5553/products/11211_grande.jpg?v=1486444575
000104.jpg,https://croatianseeds-store.com/images/stories/virtuemart/product/habanero%20chocolate1.jpg
000105.jpg,https://ndgbotanicals.com/wp-content/uploads/2016/08/White-Habanero-1-7051.jpg
000106.jpg,https://floridagardenseeds.com/images/store/habanero-pepper-1.jpg
000107.jpg,https://cdn.shopify.com/s/files/1/1230/5400/products/Marie-Sharp_s-Firey-Hot-Habanero-Hot-Sauce-5oz.jpg?v=1466274883
000108.jpg,https://www.fataliiseeds.net/wp-content/uploads/fromoldsite/1786395794920339-800x800.jpg
000109.jpg,https://allourway.com/wp-content/uploads/2016/09/Light-My-Fire-Habanero-Pepper-Sauce.jpg
000110.jpg,https://www.thespruceeats.com/thmb/aNNKwE4ThS17X0kfQOYmDDXBre4=/960x0/filters:no_upscale():max_bytes(150000):strip_icc()/habanero-chillies-at-tepoztlan-market--148865423-59b0463d845b340010d5cbcb.jpg
000111.jpg,https://previews.123rf.com/images/mauriziobiso/mauriziobiso1701/mauriziobiso170100027/70368923-many-red-yellow-orange-habanero-peppers-background.jpg
000112.jpg,https://cdn0.wideopeneats.com/wp-content/uploads/2018/06/Untitled-design-2-2-720x405.png
000113.jpg,https://cdn5.vectorstock.com/i/1000x1000/14/84/habanero-pepper-plant-vector-20801484.jpg
000114.jpg,https://www.pepperseeds.eu/pub/media/catalog/product/cache/b56a9049443cfaeedfe24666b14227c1/h/a/habanero_lemon.jpg
000115.jpg,https://f6m6k4p3.stackpathcdn.com/wp-content/uploads/2019/02/pepper-health-benefits-habanero.jpg
000116.jpg,http://lsplace.com.vn/wp-content/uploads/2018/10/TABASCO.jpg
000117.jpg,https://static.wixstatic.com/media/a7c1cd_9a801fa345524f778c3d31de63ec9136.jpg
000118.jpg,https://thepioneerwoman.com/wp-content/uploads/2017/09/hot-peppers-101-13.jpg?resize=780%2C1170
000119.jpg,https://www.rareseeds.com/assets/1/14/DimRegular/Pepper-Hot-Peach-Habanero-IMG_9595.jpg
000120.jpg,https://maryscroftagriculture.com.ng/wp-content/uploads/2019/04/bonney-pepper-600x480.jpg
000121.jpg,https://novenypatika.cdn.shoprenter.hu/custom/novenypatika/image/cache/w900h500wt1/product/vetomag/HabaneroK.jpg?lastmod=1565614953.1562609943
000122.jpg,https://www.pepperscale.com/wp-content/uploads/2014/03/ghost-pepper-vs-habanero-768x512.jpg
000123.jpg,http://www.crystalvalleyfoods.com/wp-content/uploads/2017/05/Orange-Habanero-Retouched-Hi-Res-560x560.jpg
000124.jpg,https://neveldfel.cdn.shoprenter.hu/custom/neveldfel/image/cache/w550h550wt1/STOCK%20k%C3%A9pek/habanerobigsun.jpg?lastmod=1531904447.1482238000
000125.jpg,https://www.thechili.life/wp-content/uploads/2017/11/red-habanero-chili-peppers-uses.jpg
000126.jpg,http://www.specialtyproduce.com/sppics/11386.png
000127.jpg,https://cdn11.bigcommerce.com/s-k4j7yahdid/images/stencil/1280x1280/products/68/436/il_fullxfull.1092928027_m909__82357.1505688680.jpg?c=2
000128.jpg,https://media.gettyimages.com/photos/habanero-pepper-picture-id899984072?s=612x612
000129.jpg,https://i.ytimg.com/vi/Ylc0eqrXIEU/hqdefault.jpg
000130.jpg,https://cdn.shopify.com/s/files/1/0250/5878/products/Screen_Shot_2015-03-25_at_2.10.02_PM_large.png?v=1427307044
000131.jpg,https://i0.wp.com/www.hortzone.com/wp-content/uploads/2016/09/habanero-hot-pepper-plant-pepper-joes.jpg?resize=651%2C434&ssl=1
000132.jpg,https://biokiskert.hu/wp-content/uploads/2018/12/habanero-red-1.jpg
000133.jpg,http://kertabc.hu/images/stories/virtuemart/product/sargahabanero.jpg
000134.jpg,https://amarimport.nl/wp-content/uploads/2018/06/IMG_1396kopie-1030x687.jpg
000135.jpg,https://thecafesucrefarine.com/wp-content/uploads/Pineapple-Habanero-Pepper-Jelly.jpg
000136.jpg,https://pepperhead.com/wp-content/uploads/2018/07/yucatecan-habaneros.jpg
000137.jpg,https://image.shutterstock.com/image-photo/extremely-spicy-orange-habanero-pepper-260nw-1498331801.jpg
000138.jpg,https://cdn11.bigcommerce.com/s-cb3kf/images/stencil/900x1800/products/730/1066/marie_bel5__75088.1428604463.jpg?c=2
000139.jpg,http://cdn.shopify.com/s/files/1/1234/2786/products/orange_habanero_662ff636-6e49-4a3c-b054-a478db820714_1200x1200.jpeg?v=1545969975
000140.jpg,https://biokiskert.hu/wp-content/uploads/2018/12/habanero-golden.jpg
000141.jpg,https://www.harvesttotable.com/wp-content/uploads/2013/03/Hot-Peppers-Jalapeno-Thai-Serrano-Habanero-ScotchBonnet.jpg
000142.jpg,https://www.chilliworld.com/content/images/thumbs/0000834_marie-sharps-hot-habanero-pepper-sauce_550.jpeg
000143.jpg,https://img.jofogas.hu/hdimages/_483231492937485.jpg
000144.jpg,https://www.hotsaucemall.com/store/graphics/00000001/HH274_2.jpg
000145.jpg,https://www.gardeningchannel.com/how-to-grow-habanero-peppers/untitled-design-9/
000146.jpg,https://agfstorage.blob.core.windows.net/misc/FP_es/2019/09/10/habanero.jpg
000147.jpg,http://rahiseedbank.com/wp-content/uploads/2014/07/0_2.jpg
000148.jpg,https://cdn.initial-website.com/proxy/apps/shai10/uploads/paypal/instances/4B24BC12-9C7A-49C6-B043-4F09CF4557A3/wcinstances/paypalShop/f93fc751-9aae-4384-89b1-153488cbcbb0/productImage/habanero.jpeg?download
000149.jpg,https://www.thespruceeats.com/thmb/XhaSYM5uH4jHOu9tBu-pBZZsaMI=/1500x1125/filters:no_upscale():max_bytes(150000):strip_icc()/GettyImages-1167868879-1bc8a079f67b410c800638fcdee88a1a.jpg
000150.jpg,https://d36tnp772eyphs.cloudfront.net/blogs/1/2014/05/Orange-habanero-peppers.jpg
000151.jpg,https://www.panamseed.com/dispthumb.aspx?imgsize=Display&imageid=159487
000152.jpg,https://www.devonchilifarm.hu/wp-content/uploads/2019/01/Orange-Habanero-Chilli-324x324.jpg
000153.jpg,https://www.ukchilliseeds.co.uk/ekmps/shops/chilliwizard/images/black-habanero-chilli-pepper-10-x-seeds-265-p.jpg
000154.jpg,https://www.vibrantlivingrecipes.com/wp-content/uploads/2018/10/IMG_9920-750x330.jpg
000155.jpg,https://m-garden.eu/img/4242/habred/470x450/habred.jpg
000156.jpg,https://www.plant-world-seeds.com/images/item_images/000/003/453/large_square/HABANERO_CHOCOLATE_BROWN.JPG?1495390553
000157.jpg,https://d56z4kbqgbv8m.cloudfront.net/wp-content/uploads/2019/05/Marie-Sharps-Belizean-Heat-Habanero-Pepper-Sauce-267x400.jpg
000158.jpg,https://az836796.vo.msecnd.net/media/image/product/en/medium/0000000003125.jpg
000159.jpg,https://d2lnr5mha7bycj.cloudfront.net/product-image/file/large_904b86c9-143f-4898-9494-fe97d5b15d66.jpg
000160.jpg,http://www.myspicer.com/wp-content/uploads/2014/09/habanero-300x300.jpg
000161.jpg,https://www.chilipeppermadness.com/wp-content/uploads/2013/10/Chocolate-Habanero-Peppers.jpg
000162.jpg,https://www.magicplantfarms.com/wp-content/uploads/2016/09/Red-Habanero.jpg
000163.jpg,https://images.obi.hu/product/HU/412x329/403649_1.jpg
000164.jpg,https://cdn.shopify.com/s/files/1/1196/4148/products/Scoville_graphic_1024x1024.jpg?v=1493054585
000165.jpg,https://www.chili-shop24.com/media/image/d5/83/2c/9202_Madame-Jeanette-Yellow_600x600.jpg
000166.jpg,http://sunriseseedinc.com/wp-content/uploads/2014/02/Yucatan-Habanero-Pepper-Seeds-Sunrise-Seeds-Inc.jpg
000167.jpg,https://i.ytimg.com/vi/KovBL1HX7Rk/maxresdefault.jpg
000168.jpg,https://cdn.shopify.com/s/files/1/0915/1060/products/lemon-habanero-hot-pepper-pepper-joes.jpg?v=1461955964
000169.jpg,https://www.chileplants.com/images/chiles/habanero-red-savina-pepper-plants.jpg
000170.jpg,https://peppergeek.com/wp-content/uploads/2019/07/Habanero-Sliced-Lengthwise.jpg
000171.jpg,https://i2.wp.com/pegplant.com/wp-content/uploads/2019/08/habanadaplant.jpg?ssl=1
000172.jpg,https://www.devonchilifarm.hu/wp-content/uploads/2019/01/Paper-Lantern-Habanero-Chilli-324x324.jpg
000173.jpg,https://media.istockphoto.com/photos/habanero-the-hottest-picture-id172384467?k=6&m=172384467&s=612x612&w=0&h=tLwbgBAzhCH3vNTZH1lrK8gZy04hoZNQsgZEByVil-4=
000174.jpg,http://www.habaneromadness.com/images/habanero2.jpg
000175.jpg,https://www.wikihow.com/images/b/be/Habanero-peppers-and-mash.jpg
000176.jpg,https://www.rareseeds.com/assets/1/14/DimRegular/peach-habanero.jpg
000177.jpg,https://upload.wikimedia.org/wikipedia/commons/b/b4/Habanero_closeup.jpg
000178.jpg,https://cdn.shortpixel.ai/client/q_lossy,ret_img,w_700,h_467/https://veramexicana.com/wp-content/uploads/2019/05/vera-mexicana-oaxaca-ingridients-and-salsas-3-e1565353463428.jpg
000179.jpg,https://www.thespruce.com/thmb/gGinBUuMjST4AEpD65-LbiDSH-Q=/960x0/filters:no_upscale():max_bytes(150000):strip_icc()/ChilePepper2-56a346595f9b58b7d0d13931.jpg
000180.jpg,https://www.cayennediane.com/wp-content/uploads/Red-Savina-Pepper-01.jpg
000181.jpg,https://www.mexicanplease.com/wp-content/uploads/2018/10/habanero-peppers-are-small-and-orange.jpg
000182.jpg,https://www.jimmyinthegarden.com/wp-content/uploads/2017/05/Pickled-Habanero-2-of-1-1024x683.jpg
000183.jpg,https://getredbeards.com/wp-content/uploads/2017/10/hab-nutrition-FNL.jpg
000184.jpg,http://www.brookstropicals.com/wp-content/uploads/2019/06/inadish-1240x1103.jpg
000185.jpg,https://blog.sonoranspice.com/wp-content/uploads/2019/02/Habanero-Guide-Book-Cover-1.jpg
000186.jpg,http://newscenter.nmsu.edu/Photos/get/2639/full/100702-VE-Habenro-mug.jpg
000187.jpg,https://www.melissas.com/v/vspfiles/photos/1224-2T.jpg
000188.jpg,https://www.garden.eco/wp-content/uploads/2018/02/how-many-peppers-per-plant.jpg
000189.jpg,https://all-americaselections.org/wp-content/uploads/2017/11/Roulette-Habanero-3.jpg
000190.jpg,https://media.npr.org/assets/img/2017/02/08/courtesy-of-blue-hill_slide-9b632a9cd15cdc7e587d3adea9090145933a476f-s1100-c15.jpg
000191.jpg,https://image.shutterstock.com/image-photo/group-extremely-hot-habanero-peppers-260nw-70702471.jpg
000192.jpg,http://www.tradewindsfruit.com/content/images/habanero-pastel-pepper.jpg
000193.jpg,https://peppergeek.com/wp-content/uploads/2019/08/Featured-Images-2.jpg
000194.jpg,http://kertabc.hu/images/stories/virtuemart/product/K%C3%A9p3.jpg
000195.jpg,https://www.pepperseeds.eu/pub/media/catalog/product/cache/51e4881dc4e265ed9adcb710d483ab73/h/a/habanero_orange.jpg
000196.jpg,https://www.tasteofhome.com/wp-content/uploads/2017/10/Homemade-Spicy-Hot-Sauce_EXPS_FTTMZ18_176551_B11_15_5b-1-696x696.jpg
000197.jpg,https://www.bestfoodfacts.org/wp-content/uploads/2017/04/New-Habanero-824x325.jpg
000198.jpg,https://comps.canstockphoto.hu/habanero-pepper-%C3%A1bra-stock-illusztr%C3%A1ci%C3%B3_csp0858396.jpg
000199.jpg,https://cdn.shopify.com/s/files/1/1775/9063/products/HotLargeNikV_530x@2x.jpg?v=1520798864
000200.jpg,https://d36tnp772eyphs.cloudfront.net/blogs/1/2014/05/Yellow-spicy-naga-viper-chilis.jpg
000201.jpg,https://www.isabeleats.com/wp-content/uploads/2019/09/habanero-peppers-small-2.jpg
000202.jpg,https://m-garden.eu/img/4242/haborange/haborange.jpg?time=1551004088
000203.jpg,http://d16d1dwb6hz1ty.cloudfront.net/wp-content/uploads/2017/02/16141326/orange-habanero-pasta-9-2.2.jpg
000204.jpg,https://cdn.initial-website.com/proxy/apps/shai10/uploads/paypal/instances/4B24BC12-9C7A-49C6-B043-4F09CF4557A3/wcinstances/paypalShop/59f70c00-33bf-4c5f-8a0a-e1858255417d/productImage/yellow_habs.jpg?download
000205.jpg,http://www.chiccacook.com/wp-content/uploads/2018/12/Habanero-Pepper-Jam-in-a-jar.jpg
000206.jpg,https://www.pepperheads-hotsauces.com/wp-content/uploads/Batch-2-017.jpg
000207.jpg,https://cdn.shortpixel.ai/client/q_lossy,ret_img,w_900/https://veramexicana.com/wp-content/uploads/2019/05/vera-mexicana-habanero-chiles.jpg
000208.jpg,https://img1.cookinglight.timeinc.net/sites/default/files/image/1601p136-peppers.jpg
000209.jpg,https://video-images.vice.com/articles/5ad0f4904ad42a000d7e9dde/lede/1523645714310-GettyImages-486528374-1.jpeg?crop=1xw%3A0.9310897435897436xh%3Bcenter%2Ccenter&resize=2000%3A*
000210.jpg,https://thecafesucrefarine.com/wp-content/uploads/Pineapple-Habanero-Pepper-Jelly-4.jpg
000211.jpg,https://www.panamseed.com/dispthumb.aspx?imgsize=Display&imageid=159489
000212.jpg,http://bostonjerkfest.com/2016/wp-content/uploads/2015/04/unnamed-1.jpg
000213.jpg,http://choicefarmsnig.com/wp-content/uploads/2019/05/Habanero-1024x1024.jpg
000214.jpg,https://i.etsystatic.com/10946652/r/il/16814a/827181796/il_570xN.827181796_t5gf.jpg
000215.jpg,http://www.habaneromadness.com/images/habanero-types-varieties/Red%20Savina%20Habanero%20Peppers.jpg
000216.jpg,https://hotsaucefever.com/images/chiles/habanero/habanero_stage_ripe.jpg
000217.jpg,https://www.chilipeppermadness.com/wp-content/uploads/2018/07/Aji-Habanero-Chili-Pepper1.jpg
000218.jpg,https://i.ytimg.com/vi/2cSq6CRMOe0/maxresdefault.jpg
000219.jpg,https://www.kitchengardenseeds.com/media/catalog/product/cache/1/thumbnail/0dc2d03fe217f8c83829496872af24a0/3/6/3640_a.jpg
000220.jpg,https://neveldfel.cdn.shoprenter.hu/custom/neveldfel/image/cache/w900h500wt1/STOCK%20k%C3%A9pek/habaernocaribbean.jpg?lastmod=1539531482.1482238000
000221.jpg,http://pluspng.com/img-png/habanero-png-orange-habanero-chile-peppers-872.png
000222.jpg,https://i.pinimg.com/originals/b9/30/13/b93013a065a1bddd844a4f3f2f382d1e.jpg
000223.jpg,https://i1.wp.com/miakouppa.com/wp-content/uploads/2019/09/Peach-jam-edited-4.jpg?resize=656%2C437&ssl=1
000224.jpg,https://i1.wp.com/forknplate.com/wp-content/uploads/2015/03/peppers-feature-free-e1427854746401.jpg?fit=1200%2C961&ssl=1
000225.jpg,https://cf.shopee.ph/file/7ef0f0a81268652288541fe1c15b93fb
000226.jpg,http://www.guidetobelize.info/images/habaneros_mixed.jpg
000227.jpg,https://assets3.thrillist.com/v1/image/2823060/size/gn-gift_guide_variable_c_2x.jpg
000228.jpg,https://i.ytimg.com/vi/iRDeOWmQw4s/maxresdefault.jpg
000229.jpg,https://www.cayennediane.com/wp-content/uploads/Habanero-Mustard.jpg
000230.jpg,https://storage.needpix.com/rsynced_images/habanero-1396838_1280.jpg
000231.jpg,http://farm9.staticflickr.com/8323/8084305051_c1cca63862.jpg
000232.jpg,https://www.seriouseats.com/recipes/images/20101118_habLARGE.jpg
000233.jpg,https://cdn11.bigcommerce.com/s-qqb56hyrha/images/stencil/original/products/2819/8310/7763__42288.1561924436.jpg
000234.jpg,https://www.magicplantfarms.com/wp-content/uploads/2016/09/Orange-Habanero-400.jpg
000235.jpg,https://all-americaselections.org/wp-content/uploads/2017/11/Roullettefruit.png
000236.jpg,https://i.dlpng.com/static/png/437704_preview.png
000237.jpg,https://www.devonchilifarm.hu/wp-content/uploads/2019/01/White-Habanero-Chilli-324x324.jpg
000238.jpg,https://cdn.shopify.com/s/files/1/0915/1060/products/White_Habanero.jpg?v=1461955771
000239.jpg,https://cdn.pixabay.com/photo/2010/12/13/10/25/habanero-chilli-peppers-2804_960_720.jpg
000240.jpg,https://static.vecteezy.com/system/resources/previews/000/148/436/original/habanero-vector-icons.jpg
000241.jpg,https://www.isabeleats.com/wp-content/uploads/2019/09/habanero-peppers-small-3.jpg
000242.jpg,https://ecowatchroar-img.rbl.ms/simage/https%3A%2F%2Fassets.rbl.ms%2F6457285%2F980x.jpg/2000%2C2000/7hMUEecTWuyI6Mnh/img.jpg
000243.jpg,https://media.gettyimages.com/photos/los-tres-habaeros-picture-id184637804?s=612x612
000244.jpg,https://media.npr.org/assets/img/2017/02/08/2016-10-05-13.36.44-1_vert-ef1b0c0e01da9d38246a5a69ab5604153527c35b-s800-c15.jpg
000245.jpg,https://cdn1.bigcommerce.com/server700/5mvrqhbm/products/1014/images/149990/caribbean_habanero_pepper_350__41288.1522257927.451.395.jpg?c=2
000246.jpg,https://media.istockphoto.com/vectors/chili-pepper-vector-id598177734?k=6&m=598177734&s=612x612&w=0&h=wcrryjXWgf0MPDqIvwyHUk7Z98CM_hlmgmtLPWLgo-c=
000247.jpg,https://static.wixstatic.com/media/d45f52_21575da032294097b3755a2cb05d5c35~mv2_d_4672_2628_s_4_2.jpg/v1/crop/x_520,y_0,w_3105,h_2628/fill/w_560,h_474,al_c,q_90/d45f52_21575da032294097b3755a2cb05d5c35~mv2_d_4672_2628_s_4_2.webp
000248.jpg,https://i0.wp.com/www.gardeningchannel.com/wp-content/uploads/2018/06/growing-hot-habanero-peppers.jpg?resize=600%2C900&ssl=1
000249.jpg,https://3k0j0647ji3n23p72y2u5n65-wpengine.netdna-ssl.com/wp-content/uploads/2013/10/Habanero-Pepper-Jelly-featured-700x394.jpg
000250.jpg,https://i.ytimg.com/vi/A99SDvNNzcI/maxresdefault.jpg
000251.jpg,https://www.sandals.com/blog/content/images/2018/03/scotch-4--1---1-.jpg
000252.jpg,https://www.rareseeds.com/assets/1/14/DimRegular/Pepper-Chocolate-Habanero-Hpp136-DSC00397_11.jpg
000253.jpg,https://prods3.imgix.net/images/articles/2015_08/Web-Article-Chile-Pepper-Guide-Varieties-Spicy-Cayenne-Jalapeno-Habanero-Scotch-Bonnet-Recipe.jpg?auto=format%2Ccompress&dpr=2.63&ixjsv=2.2.3&q=38&w=370
000254.jpg,https://static.artfire.com/uploads/mfs/items/47/b1/large/47b1eb2f83c738c2ecdac5cc27c0919c26bb0f9cec8d68c621cf370ce8008eff.jpg
000255.jpg,https://www.seedsbydesign.com/_ccLib/image/plants/DETA-1951.jpg
000256.jpg,https://images-na.ssl-images-amazon.com/images/I/711H-RUlYpL._SY606_.jpg
000257.jpg,https://i5.walmartimages.com/asr/40a3f2a5-c125-46d6-a52b-79d1ab32ec34_1.bd486e4da8225225f6b62c7cb9a00146.jpeg?odnHeight=450&odnWidth=450&odnBg=FFFFFF
000258.jpg,http://ankert.hu/wp-content/uploads/2018/09/habanero.jpg
000259.jpg,https://images.food52.com/jDcdu3rZED8D-V4AflE86kWxhm0=/1200x1200/e6a7b45a-1c31-4b46-a9a3-a77f0e9008e2--habanero_jelly.JPG
000260.jpg,https://i0.wp.com/pegplant.com/wp-content/uploads/2019/08/fruitonboard.jpg?ssl=1
000261.jpg,https://t3.ftcdn.net/jpg/02/46/01/04/500_F_246010417_WblVKnWkgETfMdovrebPAAN7TQZDplVB.jpg
000262.jpg,http://ipepperco.com/wp-content/uploads/2019/09/419088e5a1134244c40cfbaa0b839711.jpg
000263.jpg,https://img-aws.ehowcdn.com/750x500/s3-us-west-1.amazonaws.com/contentlab.studiod/getty/cache.gettyimages.com/86e81cad17e64b8a99b6f474f0f76c74.jpg
000264.jpg,https://st.depositphotos.com/1385699/3360/v/450/depositphotos_33601121-stock-illustration-chili-habanero-peppers-isolated-vector.jpg
000265.jpg,http://ludanproduce.com/wp-content/uploads/2019/02/Chile-Habanero.png
000266.jpg,https://awapuni.co.nz/images/products/large/79_HabaneroWEB.jpg
000267.jpg,https://chilimania.hu/wp-content/uploads/Habanero-red.jpg
000268.jpg,https://inmamamaggieskitchen.com/wp-content/uploads/2019/05/Jalapeno-Peppers-vs.-Habanero-Peppers.jpg
000269.jpg,https://www.delcarmenfoods.com.mx/images/products/hot-peppers/habanero-red-pepper-supplier.jpg
000270.jpg,https://cdn0.wideopeneats.com/wp-content/uploads/2018/06/006.jpg
000271.jpg,https://discoverkl.com/wp-content/uploads/sites/20/2019/04/Salt-and-Pepper-Bangi-Carolina-Reaper-Jolokia-Habanero-Pepper-1024x512.jpg
000272.jpg,https://cdn.images.express.co.uk/img/dynamic/126/590x/secondary/Eat-habanero-peppers-to-help-lose-weight-FAST-788419.jpg
000273.jpg,https://www.tasteofhome.com/wp-content/uploads/2018/08/shutterstock_5637250.jpg
000274.jpg,https://www.sandals.com/blog/content/images/2018/04/Scotch-Bonnet-Peppers-1--1---1-.jpg
000275.jpg,https://cdn.shopify.com/s/files/1/2343/4699/products/7_habanero_chocolate_1_1024x1024.jpg?v=1518772156
000276.jpg,https://sc01.alicdn.com/kf/UTB8tKztGyDEXKJk43Oqq6Az3XXa3/Tabasco-Habanero-Pepper-Sauce-148ml.jpg
000277.jpg,https://d1q37hfylrf11n.cloudfront.net/wp-content/uploads/2015/12/pj3.jpg
000278.jpg,https://img-aws.ehowcdn.com/350x235p/photos.demandstudios.com/getty/article/191/134/skd286740sdc_XS.jpg
000279.jpg,https://melindas.com/wp-content/uploads/2019/06/Melindas-Mango-Hot-Sauce.jpg
000280.jpg,https://gadgetsandrecipes.com/wp-content/uploads/2017/08/Habanero-Pepper-Plant.png
000281.jpg,https://images.media-allrecipes.com/userphotos/560x315/5839567.jpg
000282.jpg,https://www.mariesharps.bz/wp-content/uploads/2015/08/bowl_peppers.png
000283.jpg,https://neveldfel.cdn.shoprenter.hu/custom/neveldfel/image/cache/w900h500wt1/STOCK%20k%C3%A9pek/habanero_mustard.jpg?lastmod=1566559548.1482238000
000284.jpg,https://www.pepperseeds.eu/pub/media/catalog/product/cache/51e4881dc4e265ed9adcb710d483ab73/h/a/habanero_red.jpg
000285.jpg,https://all-americaselections.org/wp-content/uploads/2017/11/Pepper-habanero-Roulette.jpg
000286.jpg,https://as2.ftcdn.net/jpg/00/75/22/61/500_F_75226175_z9YpRUoq5V3nv5cT5KKKk7XNkuGJkIua.jpg
000287.jpg,https://www.thespruceeats.com/thmb/Xw2FLEn301qc-kKL9nRES9EXRlI=/1500x1000/filters:no_upscale():max_bytes(150000):strip_icc()/GettyImages-520182918-4ea26fcd1c9f4047a9816488e196f845.jpg
000288.jpg,https://storage.googleapis.com/monic.drhealthbenefits.com/2017/09/Health-Benefits-of-Habanero-Pepper-300x201.jpg
000289.jpg,http://www.habaneromadness.com/images/habanero-recipes-blurb1.jpg
000290.jpg,https://i1.wp.com/www.evseats.com/wp-content/uploads/2016/08/Nigerian-Pepper-Sauce-3.jpg?resize=1080%2C1080
000291.jpg,https://c8.alamy.com/comp/X3W4AE/habanero-pepper-X3W4AE.jpg
000292.jpg,http://kinchiles.com/wp-content/uploads/2015/08/habanero-naranja-pasta.jpg
000293.jpg,https://www.seedsavers.org/site/img/seo-images/0484-habanero-red-pepper.jpg
000294.jpg,https://blabto.com/img/osobennostiuxodavdomashnixusloviyaxzazhg_365ED08F.jpg
000295.jpg,https://st2.depositphotos.com/1971443/6998/v/450/depositphotos_69982753-stock-illustration-low-poly-habanero-pepper.jpg
000296.jpg,http://chili-sauces.com/wp-content/uploads/2011/11/habanero-pepper-header.jpg
000297.jpg,https://cdn.shopify.com/s/files/1/0188/0032/products/ass-kickin-ground-habanero-pepper-heat-level-06-meta-related-collection-powder-spicepeppers-southwest-specialty-food-chilly-chiles-largest-selection-of-hot_789.jpg
000298.jpg,https://i0.wp.com/growhotpeppers.com/wp-content/uploads/2010/02/chocolate-habanero-peppers.jpg?resize=1000%2C1000&ssl=1
000299.jpg,https://lh3.ggpht.com/-c4xvNeyxqQI/TlTnyS3tAbI/AAAAAAAABcw/frvsLddEgO8/Habaneros02_thumb5.jpg?imgmax=800
000300.jpg,https://mycookingjourney.com/wp-content/uploads/2019/02/habanero-sauce-19.jpg
000301.jpg,https://s3.eu-west-2.amazonaws.com/growinginteractive/blog/chilli_on_windowsill_in_autumn.jpg
000302.jpg,https://middle.pngfans.com/20190505/gx/vegetables-png-habanero-chili-pepper-clipart-cc7ea0e74e413bed.jpg
000303.jpg,https://i.etsystatic.com/14438497/r/il/f15750/1344990751/il_fullxfull.1344990751_rkat.jpg
000304.jpg,https://i2.wp.com/thepioneerwoman.com/wp-content/uploads/2010/11/5166904402_ef56b413fe_z.jpg?resize=630%2C420
000305.jpg,https://alamopeppers.com/media/catalog/category/habanero.jpg
000306.jpg,https://www.pepperscale.com/wp-content/uploads/2016/08/Habanero-Planting.jpeg
000307.jpg,http://1.bp.blogspot.com/-SQOx4aJJ5tE/TfA6-WO6CSI/AAAAAAAAJX8/qkyX0gOqSGg/s1600/5784867787_3a9f0cf5b8_o.jpg
000308.jpg,https://i2.wp.com/topfoodfacts.com/wp-content/uploads/2013/01/ARS-habanero.jpg
000309.jpg,https://upload.wikimedia.org/wikipedia/commons/thumb/9/97/Scotch_bonnet_chili_pepper.jpg/1200px-Scotch_bonnet_chili_pepper.jpg
000310.jpg,https://www.mariesharps.bz/wp-content/uploads/2015/11/OriginalHot.jpg
000311.jpg,https://images.food52.com/lbA9eiot7slZiMRsWbTNSBNm1bc=/fit-in/530x0/c6259aba-5fb9-420f-936a-be7c254f1133--IMG_0186.jpg
000312.jpg,https://hotsaucefever.com/images/chiles/habanero/habanero_stage_pepper.jpg
000313.jpg,https://image.shutterstock.com/image-photo/habanero-pepper-260nw-171863849.jpg
000314.jpg,https://www.ortoporrini.it/wp-content/uploads/2018/12/peperoncino-2-.jpg
000315.jpg,http://cdn3.craftsy.com/a/general/wp-content/uploads/2014/05/IMG_7949.jpg
000316.jpg,https://cdn.shopify.com/s/files/1/0915/1060/products/peach-habanero-hot-pepper-pepper-joes.jpg?v=1457644981
000317.jpg,https://ndgbotanicals.com/wp-content/uploads/2016/08/REd-Habanero-1-7057.jpg
000318.jpg,http://kertabc.hu/images/stories/virtuemart/product/K%C3%A9p2.jpg
000319.jpg,http://kinchiles.com/wp-content/uploads/2011/02/cajaabierta-300x200.jpg
000320.jpg,https://images.media-allrecipes.com/images/61206.jpg?width=420&height=237
000321.jpg,https://www.cleveland.com/resizer/KtwdiExo0VXm_Pb6txuoR28yIs0=/1280x0/smart/advancelocal-adapter-image-uploads.s3.amazonaws.com/image.cleveland.com/home/cleve-media/width2048/img/insideout_impact/photo/habanero-pepper-plantjpg-65b447b1c8f751fa.jpg
000322.jpg,https://www.ohbiteit.com/wp-content/uploads/2014/05/fhpcov.jpg
000323.jpg,https://img.theculturetrip.com/768x432/wp-content/uploads/2018/04/a-guide-to-mexicos-most-essential-chillies-header-100.jpg
000324.jpg,https://wademack.files.wordpress.com/2011/06/red-savina-05.jpg
000325.jpg,https://media.gettyimages.com/photos/fresh-picked-red-habanero-peppers-from-the-garden-picture-id859037038?s=612x612
000326.jpg,https://www.chilipeppermadness.com/wp-content/uploads/2018/03/5288462d048e0d3f60f64bb84cff6df4.jpg
000327.jpg,https://www.wokandskillet.com/wp-content/uploads/2016/09/orange-and-pepper-jelly.jpg
000328.jpg,https://www.cayennediane.com/wp-content/uploads/Chocolate-Habanero.jpg
000329.jpg,https://www.cicy.mx/images/Sitios/Habanero/History.jpg
000330.jpg,https://res.cloudinary.com/hz3gmuqw6/image/upload/c_fill,h_450,q_60,w_710/habenero-peppers-phpdIuJNW
000331.jpg,https://www.binkysculinarycarnival.com/Images/habanero-recipe/habanero-recipe7.jpg
000332.jpg,https://q7i2y6d5.stackpathcdn.com/wp-content/uploads/2015/06/hot-pepper.jpg
000333.jpg,https://foodinjars.com/wp-content/uploads/2016/08/peppers-for-peach-habanero-hot-sauce.jpg
000334.jpg,https://cdn.shopify.com/s/files/1/0250/5878/products/orangeCrush_large.jpg?v=1418323688
000335.jpg,https://www.spicesinc.com/images/product/large/132.jpg
000336.jpg,https://munchies-images.vice.com/wp_upload/LIFESTYLE-HEATLESS-HABANERO.jpg?crop=1xw%3A0.5625xh%3Bcenter%2Ccenter&resize=2000%3A*
000337.jpg,https://localbanquet.com/media/zoo/images/Habanero_2e73434b97291d6efb50369aecff92ca.jpg
000338.jpg,http://www.growingpeppers.org/wp-content/uploads/2011/09/Habanero-Peppers.jpg
000339.jpg,http://cdn.territorialseed.com/images/uploads/1044_8891_large.jpg
000340.jpg,https://payload.cargocollective.com/1/3/105211/3739435/PepperGrid.jpg
000341.jpg,https://3k0j0647ji3n23p72y2u5n65-wpengine.netdna-ssl.com/wp-content/uploads/2013/10/Habanero-Pepper-Jelly-close-2.jpg
000342.jpg,https://media.istockphoto.com/photos/red-and-yellow-habanero-chili-peppers-picture-id114274639?k=6&m=114274639&s=612x612&w=0&h=8Wmo1G2u5X86chUulXriA-nixz-F7A99IenfTBdUw9M=
000343.jpg,https://images.homedepot-static.com/productImages/30ac819c-c75b-4442-8388-12b9033e5cce/svn/bonnie-plants-vegetable-plants-2701-64_400.jpg
000344.jpg,http://1.bp.blogspot.com/-8ETaWiTrqJ8/T49J5C61ziI/AAAAAAAABV0/yH6zcMTAGiM/s1600/habanero+sauce.jpg
000345.jpg,https://mycookingjourney.com/wp-content/uploads/2019/02/habanero-sauce-5.jpg
000346.jpg,http://www.crystalvalleyfoods.com/wp-content/uploads/2017/05/Habanero-Peppers-Growing_38729503-560x560.jpg
000347.jpg,https://mediaproxy.salon.com/width/1200/height/1200/https://media.salon.com/2019/10/haban%CC%83ero-hot-sauce.jpg
000348.jpg,http://dpseeds.com/wp-content/uploads/2017/10/HP-12-211-Xaman-Rojo-Habanero-Pepper-300x300.jpg
000349.jpg,https://img.pngio.com/golden-red-bell-pepper-png-download-800531-free-transparent-habanero-chili-png-900_540.jpg
000350.jpg,http://www.chiliszoszok.hu/img/7378/132854/400x400/132854.jpg
000351.jpg,https://i2.wp.com/mariesharpscanada.com/wp-content/uploads/2018/09/11-bottles-50-ml.jpg?fit=2048%2C1144&ssl=1
000352.jpg,https://gadgetsandrecipes.com/wp-content/uploads/2017/08/Habanero-Pepper-Home-Grown.jpg
000353.jpg,https://www.cicy.mx/images/Sitios/Habanero/Research-habanero.jpg
000354.jpg,https://blabto.com/img/osobennostiuxodavdomashnixusloviyaxzazhg_4E64C196.jpg
000355.jpg,https://live.staticflickr.com/8031/7986135315_43e3ea2701_b.jpg
000356.jpg,https://cdn.pixabay.com/photo/2018/09/03/16/45/chili-3651701_960_720.jpg
000357.jpg,https://lh4.ggpht.com/-WVvfZh89mNU/VQxAsfF2a7I/AAAAAAAAHq0/OuiFAKTLmw8/CreamyHabaneroSauce1_thumb3.jpg?imgmax=800
000358.jpg,https://www.sweetgarden.hu/uploads/images/display/72454_Orange-Habanero-Chilli-Pepper.jpg
000359.jpg,http://www.themeaningofpie.com/wp-content/uploads/2011/07/IMG_2233-2.jpg
000360.jpg,https://storcpdkenticomedia.blob.core.windows.net/media/philia/media/philia_images/product-habanero-800.jpg?ext=.jpg
000361.jpg,https://img-aws.ehowcdn.com/350x235p/photos.demandstudios.com/getty/article/41/177/87967541_XS.jpg
000362.jpg,https://www.pasumadre.com/wp-content/uploads/2017/11/Habanero.png
000363.jpg,https://i0.wp.com/www.gardeningchannel.com/wp-content/uploads/2019/02/Growing-ghost-peppers-600x314.jpg?resize=350%2C200&ssl=1
000364.jpg,https://thecafesucrefarine.com/wp-content/uploads/Pineapple-Habanero-Pepper-Jelly-8.jpg
000365.jpg,http://static1.squarespace.com/static/53f2223ee4b0516cd60b393d/53f36841e4b08b35065b992f/53f368afe4b08b35065bab29/1408544228626/?format=1500w
000366.jpg,https://i.ytimg.com/vi/g6Bj9HfyxqI/maxresdefault.jpg
000367.jpg,https://s3-us-west-1.amazonaws.com/contentlab.studiod/getty/c0ad1195f2c04116a39ed0385a02a8ef
000368.jpg,https://image.jimcdn.com/app/cms/image/transf/dimension=origxorig:format=gif/path/sc4ae002441bf5149/image/ibad1ae6890f15e44/version/1363832955/image.gif
000369.jpg,https://cosmopolitancornbread.com/wp-content/uploads/2018/07/Peach-Habanero-Jam-1.jpg
000370.jpg,https://assets.bonappetit.com/photos/59c924d6e668d86225d1a329/16:9/w_2560%2Cc_limit/1017%252520WEB%252520WEEK1042.jpg
000371.jpg,http://caribbeanpot.com/wp-content/uploads/2015/02/traditional-caribbean-peppersauce-2.jpg
000372.jpg,https://t3.ftcdn.net/jpg/02/46/01/04/500_F_246010407_LcUtDhokmewC15IpWDwYWXwcCWFLgUTs.jpg
000373.jpg,https://www.austchilli.com.au/media/1155/fatalii-medley.jpg
000374.jpg,https://pannonrtv.com/sites/default/files/styles/facebook/public/2017-08/2017-08-16-habaneropaprika1.jpg?h=c66d06c9&itok=jqPXOTnl
000375.jpg,https://www.seriouseats.com/recipes/images/20090813-serioussalsa.jpg
000376.jpg,https://www.elletalk.com/wp-content/uploads/2018/09/Habenero-Tequila-Sunrise-6.jpg
000377.jpg,https://isteam.wsimg.com/neb/obj/MTM1Mzg5OTU2NTg5MkU2Q0Q5OEI6YTMwNDEwM2U1OTJhZjllYmJiY2M1OTliNjMzM2ViNWE6Ojo6OjA=/:/rs=w:600,h:600
000378.jpg,https://i.pinimg.com/originals/0f/30/c6/0f30c6f03297ce92e22908ee8320838b.jpg
000379.jpg,https://www.mexicanplease.com/wp-content/uploads/2016/01/fresh-and-dried-habanero-peppers.jpg
000380.jpg,https://growinginthegarden.com/wp-content/uploads/2019/05/Pepper-Varieties-Types-of-Peppers-28.png
000381.jpg,https://cdn.lifesambrosia.com/wp-content/uploads/Habanero-Hot-Sauce-800x1208.jpg
000382.jpg,https://kitchenproject.com/history/HotSauce/FreeImages/habanero-444.jpg
000383.jpg,https://i1.wp.com/www.streetsmartkitchen.com/wp-content/uploads/2013/08/IMG_20130730_164028.jpg?fit=586%2C440&ssl=1
000384.jpg,http://www.habaneromadness.com/images/habanero-types-varieties/peach%20habanero.jpg
000385.jpg,https://cdn0.wideopeneats.com/wp-content/uploads/2018/06/Caribbean-Style-Mango-Habanero-Hot-Sauce-Recipe1-683x1024.jpg
000386.jpg,https://i.guim.co.uk/img/static/sys-images/Guardian/Pix/pictures/2015/1/8/1420720171418/d6699c83-0efc-426e-98fe-c1abde579c20-1474x2040.jpeg?width=700&quality=85&auto=format&fit=max&s=a40edba34807c488ef6050560d62ba97
000387.jpg,https://www.naturespride.eu/uploads/images/producten/product/habanero/habanero_2c.jpg
000388.jpg,https://www.robertos-salsa.com/wp-content/uploads/2018/06/Master-Habanero-Salsa-Xtra-Hot-1200px-V2.jpg
000389.jpg,https://m.blog.hu/we/westernchili/image/Red-Savina-Habaneros.jpg
000390.jpg,https://st3.depositphotos.com/14836424/18534/i/1600/depositphotos_185343430-stock-photo-one-yellow-habanero-chili-red.jpg
000391.jpg,https://www.feedingthefamished.com/wp-content/uploads/2017/09/IMGP3132.jpg
000392.jpg,https://www.burpee.com/dw/image/v2/ABAQ_PRD/on/demandware.static/-/Sites-masterCatalog_Burpee/default/dwec1e9db7/Images/Product%20Images/prod500129/prod500129.jpg?sw=265&sh=312&sm=fit
000393.jpg,http://www.prestoimages.net/store30/rd6368/6368_pd1175793_1.jpg
000394.jpg,https://www.rareseeds.com/assets/1/14/DimRegular/Mustard-Habanero-web.jpg
000395.jpg,https://m.media-amazon.com/images/I/519iYzd+AML._SR500,500_.jpg
000396.jpg,https://biokiskert.hu/wp-content/uploads/2018/12/habanero-red.jpg
000397.jpg,https://www.chili-shop24.com/media/image/e7/61/69/9267_Habanero-Hot-Lemon_600x600.jpg
000398.jpg,https://cdn.shopify.com/s/files/1/2271/8887/products/HapPepperJ-noemb_large.jpg?v=1511320721
000399.jpg,https://padonchili.com/wp-content/uploads/2018/10/maxresdefault.jpg
000400.jpg,https://pannonrtv.com/sites/default/files/2017-08/2017-08-16-habaneropaprika3.jpg
000401.jpg,https://s3.amazonaws.com/cdn.totallytomato.com/images/thumb/03000.jpg
000402.jpg,https://cdn.shopify.com/s/files/1/1775/9063/products/Product_Page_Images_-_2048_x_2048-6_037d9e2b-50cd-4b12-982a-d26333c03796_530x@2x.jpg?v=1520798864
000403.jpg,https://www.spicesinc.com/images/product/large/131.jpg
000404.jpg,https://chilitermesztes.files.wordpress.com/2017/09/red_habanero1.jpg?w=616
000405.jpg,http://kinchiles.com/wp-content/uploads/2015/08/habanero-pasta-rojo.jpg
000406.jpg,https://2.bp.blogspot.com/-Uq6VSa_nPrI/Ws9sTvL4MQI/AAAAAAAAOD8/ShKuT-0VLm8kyoGNKg0k3oKXfEBe1KWkwCLcBGAs/s640/habanero.png
000407.jpg,https://all-americaselections.org/wp-content/uploads/2017/11/Roulette-with-knife.jpg
000408.jpg,https://dish-environment-prod-contentbucket-10u8bszryovz3.s3.amazonaws.com/assets/s3fs-public/styles/content_image_medium/public/102372630_L-to-R-banana-jalapeno-habanero-Thai-chile-serrano-poblano-Fresno-and-Anaheim-peppers-Photo-by-Meredith.jpg?itok=Yt4tLpx3
000409.jpg,https://hepworthfarms.com/images/ProduceShots/p_RedLava.jpg
000410.jpg,https://i0.wp.com/fratelliaifornelli.it/wp-content/uploads/2018/11/marmellata-di-cipolle.jpg?fit=839%2C559&ssl=1
000411.jpg,http://1.bp.blogspot.com/-ejHIoRT6GNI/ToaI6PogSNI/AAAAAAAADHk/X_C0G4_pQ-I/s1600/DSC_0253.JPG
000412.jpg,https://media.buzzle.com/media/images-en/gallery/vegetables/1200-508581114-habanero-pepper.jpg
000413.jpg,https://www.pepperworldhotshop.com/out/pictures/wysiwigpro/Bilder%20Kategorien/Banner%20HOME%20%26%20KAT%20Q2%202018%20(12).jpg
000414.jpg,https://media.gettyimages.com/photos/fresh-picked-red-habanero-peppers-from-the-garden-picture-id859037000?s=612x612
000415.jpg,https://res.cloudinary.com/hz3gmuqw6/image/upload/c_fill,h_450,q_60,w_710/peter-peppers-phpO5memm
000416.jpg,https://i2.wp.com/growhotpeppers.com/wp-content/uploads/2010/02/chocolate-habanero-ripening.jpg?resize=640%2C480&ssl=1
000417.jpg,https://smallfarms.cornell.edu/wp-content/uploads/2015/03/Habanada-The-Unmasked-Habanero3-1oo1rxd.jpg
000418.jpg,https://image.shutterstock.com/image-photo/red-orange-scotch-bonnet-habanero-260nw-53568379.jpg
000419.jpg,https://chilis.hu/shop_ordered/19763/pic/chili-lexikon/a-20-legerosebb-chili-paprika/Caribbean-Red-Habanero.jpg
000420.jpg,https://cdn.shopify.com/s/files/1/0915/1060/products/Red-Savina-hot-pepper-2-pepper-joes.jpg?v=1457657091
000421.jpg,https://s.yimg.com/aah/blaircandy/giant-gummy-habanero-pepper-18.jpg
000422.jpg,https://www.oregonlive.com/resizer/MLZCR5TZmwmBIbmoQuqSZNU0IF0=/1280x0/smart/advancelocal-adapter-image-uploads.s3.amazonaws.com/image.oregonlive.com/home/olive-media/width2048/img/hg_impact/photo/pepperjpg-a93813f582784d86.jpg
000423.jpg,https://i.etsystatic.com/9096500/r/il/2605bc/1089787307/il_fullxfull.1089787307_a1vv.jpg
000424.jpg,https://c8.alamy.com/comp/FYNF44/round-red-habanero-pepper-on-a-white-background-with-a-soft-shadow-FYNF44.jpg
000425.jpg,https://www.davids-garden-seeds-and-products.com/images/habaneromix.jpg
000426.jpg,https://thumbs.dreamstime.com/z/different-habanero-chilis-28049647.jpg
000427.jpg,https://chilitermesztes.files.wordpress.com/2017/09/red_habanero.jpg
000428.jpg,https://www.elletalk.com/wp-content/uploads/2018/09/Habanero-Tequila-Sunrise-3.jpg
000429.jpg,http://habanerochipotlehotsauce.com/wp-content/uploads/2014/08/pile-o-habs.jpg
000430.jpg,https://www.pepperscale.com/wp-content/uploads/2014/08/habanero-vs-jalapeno-768x512.jpg
000431.jpg,https://cbsnews3.cbsistatic.com/hub/i/r/2013/06/14/aa23a046-251c-11e3-9283-005056850598/thumbnail/1200x630/16118bd3e5c686d7a6d0bcc9ae01125e/pepper.jpg
000432.jpg,https://pepperheadsforlife.com/wp-content/uploads/2015/01/Big-Sun-Habanero.jpg
000433.jpg,https://www.isabeleats.com/wp-content/uploads/2018/04/spicy-habanero-pineapple-margarita-small-1.jpg
000434.jpg,https://i0.wp.com/mariesharpscanada.com/wp-content/uploads/2018/11/Mango-screenshot.jpg?fit=575%2C581&ssl=1
000435.jpg,https://imgs.clipartwiki.com/clipimg/small/30-305162_peppers-clipart-habanero-pepper-plant-transparent.png
000436.jpg,https://www.belizehub.com/wp-content/uploads/2016/04/Marie-Sharps-Habanero-Pepper-Sauce-Belize.jpg
000437.jpg,https://media.istockphoto.com/photos/red-habaneros-picture-id161664101?k=6&m=161664101&s=612x612&w=0&h=AN32Jeg-69zpuy8n2XfOWK2FoO1Il7jNWgCoykL5ggk=
000438.jpg,https://novenyem.hu/sites/default/files/termekek/piros-habanero-chili-paprika-novenyem2.jpg
000439.jpg,https://cdn.shopify.com/s/files/1/1206/6042/products/Golden-Toad-Habanero-Pepper-Sauce-1024x1024.jpg?v=1474846687
000440.jpg,https://vignette.wikia.nocookie.net/chilipeps/images/3/39/ChocolateHabanero.jpg/revision/latest?cb=20180106143253
000441.jpg,https://3k0j0647ji3n23p72y2u5n65-wpengine.netdna-ssl.com/wp-content/uploads/2013/10/Habanero-Pepper-Jelly-pinterest-image.png
000442.jpg,http://www.specialtyproduce.com/sppics/7377.png
000443.jpg,http://www.chileunderground.com/wp-content/uploads/2013/05/HotThree.png
000444.jpg,http://www.crystalvalleyfoods.com/wp-content/uploads/2017/05/Red-Habanero-Pepper_1593015-560x560.jpg
000445.jpg,https://www.therummiest.com/wp-content/uploads/2017/05/sauces-red-hot-habanero-400x400.jpg
000446.jpg,https://d36tnp772eyphs.cloudfront.net/blogs/1/2014/05/Bhut-Jolokia-Red-Chili-Peppers-hanging-from-clippers.jpg
000447.jpg,http://www.omafra.gov.on.ca/CropOp/images/crop_images/specialty-veg/fr_veg/pepp/peppf1_zoom.jpg
000448.jpg,https://www.chileplants.com/images/chiles/antillais-caribbean-pepper-plants.jpg
000449.jpg,https://hotsaucefever.com/images/chiles/ghostchile/ghost_stage_ripe.jpg
000450.jpg,https://img-aws.ehowcdn.com/620x500/photos.demandstudios.com/14/209/fotolia_2878401_XS.jpg
000451.jpg,https://gasztrocoach.hu/wp-content/uploads/2018/03/chili3-1170x658.jpg
000452.jpg,https://i.etsystatic.com/14438497/r/il/536c85/1297742142/il_fullxfull.1297742142_gyu6.jpg
000453.jpg,https://www.superhotchiles.com/wp-content/uploads/2018/04/Ecuadorian-Devils-Breath-seeds-300x225.jpg
000454.jpg,https://img-aws.ehowcdn.com/350x235p/photos.demandstudios.com/getty/article/148/160/AA051037_XS.jpg
000455.jpg,https://www.wokandskillet.com/wp-content/uploads/2016/09/orange-pepper-jelly-Collage.jpg
000456.jpg,https://www.chilipeppermadness.com/wp-content/uploads/2015/06/Habanero-Pepper-Jam2.jpg
000457.jpg,https://pepperhead.com/wp-content/uploads/2018/07/7-Pot-Barrackpore.jpg
000458.jpg,https://i.pinimg.com/originals/a9/25/00/a9250050440c05e7ff28f96c6978773c.jpg
000459.jpg,https://deliciousfromscratch.com/wp-content/uploads/2014/10/habanero-chilli-oil-recipe-3.jpg
000460.jpg,http://www.diverdan.name/tlhabs/TLHab1a.jpg
000461.jpg,https://www.hotlinepepperproducts.com/hosted/images/43/4b8f90892911e88ce2d1ac5da9f7a8/b.png
000462.jpg,https://www.cayennediane.com/wp-content/uploads/12-Hottest-Peppers.jpg
000463.jpg,https://assets3.thrillist.com/v1/image/2823055/size/gn-gift_guide_variable_c;jpeg_quality=20.jpg
000464.jpg,https://photos.bigoven.com/recipe/hero/pineapple-habanero-jam.jpg
000465.jpg,https://peppergeek.com/wp-content/uploads/2019/07/Habanero-Sliced-Crosswise.jpg
000466.jpg,https://mycookingjourney.com/wp-content/uploads/2019/02/habanero-sauce-24.jpg
000467.jpg,https://i2.wp.com/topfoodfacts.com/wp-content/uploads/2013/01/photo_001.jpg
000468.jpg,https://cdn3.volusion.com/dhshr.sqyzd/v/vspfiles/photos/categories/1831.jpg?1446646163
000469.jpg,https://cdn.nwmgroups.hu/s/img/i/1608/20160825gabko-chili-nagymaros.jpg?w=976&h=651
000470.jpg,https://cdn.thehippyseedcompany.com/wp-content/uploads/2017/06/Adalberto-Habanero-5fb-262x328.jpg
000471.jpg,https://i2.wp.com/jaskeff.com/wp-content/uploads/2018/07/20180721_133411208_iOS.jpg?resize=1500%2C500&ssl=1
000472.jpg,https://www.altronova.com/sites/default/files/styles/800x600/public/P-5281%20%284%29%20Web.jpg?itok=2sWf42eJ
000473.jpg,https://cdn2.bigcommerce.com/server5100/d9y6kc2h/products/321/images/1172/9026__21658.1364497201.1280.1280.jpg?c=2
000474.jpg,https://philosokitchen.com/wp-content/uploads/2018/05/serrano-jalapenos-and-habanero.jpg
000475.jpg,https://www.planetnatural.com/wp-content/uploads/2015/03/red-habanero-pepper.jpg
000476.jpg,https://images.squarespace-cdn.com/content/v1/52f93320e4b060ae5a8123be/1521645496270-Z2T22A5FACPEAP0QX48B/ke17ZwdGBToddI8pDm48kF4pxudGnTsgHdzotlYGWs9Zw-zPPgdn4jUwVcJE1ZvWEtT5uBSRWt4vQZAgTJucoTqqXjS3CfNDSuuf31e0tVED0Uyzpx6AensL6W1g9aD-CiU6_8Q6Q3jBi56JCgxq2Cb8BodarTVrzIWCp72ioWw/Habaneros.PNG
000477.jpg,https://img-aws.ehowcdn.com/350x235p/photos.demandstudios.com/getty/article/151/204/87686560_XS.jpg
000478.jpg,http://www.marketmanila.com/images/aahabanero1.JPG
000479.jpg,http://3.bp.blogspot.com/-oq69948EJvI/Te_AECLoOOI/AAAAAAAAJW0/WYANoujKKsY/s1600/5785103779_aa482b0dc4_o.jpg
000480.jpg,http://ludanproduce.com/wp-content/uploads/2018/12/Chile-Habanero.jpg
000481.jpg,https://i.pinimg.com/originals/16/aa/37/16aa372f72fee90f03d0f5d558bf9ce7.jpg
000482.jpg,https://st2.depositphotos.com/1385699/7195/v/450/depositphotos_71959131-stock-illustration-seamless-vector-pattern-with-chili.jpg
000483.jpg,https://www.suzdaily.com/wp-content/uploads/2012/09/habanero-supplies.jpg
000484.jpg,https://cdn11.bigcommerce.com/s-qqb56hyrha/images/stencil/original/products/1864/8642/3407__93381.1565310356.jpg
000485.jpg,https://blabto.com/img/osade_179D01A9.jpg
000486.jpg,http://www.chiliszoszok.hu/img/7378/379934_altpic_1/400x400/379934_altpic_1.jpg?time=1478636297
000487.jpg,https://cdn0.wideopeneats.com/wp-content/uploads/2017/06/dr-pepper-habanero-meatballs-720x405.png
000488.jpg,https://www.thespruceeats.com/thmb/h6cuWK2h1LURMTV2XTrV5lJSYV0=/425x326/filters:no_upscale():max_bytes(150000):strip_icc()/GettyImages-186590319-5c6b302f46e0fb0001b35dd6.jpg
000489.jpg,http://www.heliotricity.com/wp-content/uploads/2018/01/Haban%CC%83ero-Peppers-with-seeds.jpg
000490.jpg,https://i1.wp.com/www.vegaproduce.com/wp-content/uploads/2018/09/Red-Hab.png?fit=800%2C800&ssl=1
000491.jpg,https://www.mexicanplease.com/wp-content/uploads/2018/10/habanero-hot-sauce-in-bottles-closeup.jpg
000492.jpg,http://kinchiles.com/wp-content/uploads/2015/08/habanero-verd-pasta-300x200.jpg
000493.jpg,https://cdn.shortpixel.ai/client/q_lossy,ret_img,w_2048/https://veramexicana.com/wp-content/uploads/2019/05/dsc_0137-min.jpg
000494.jpg,https://media.gettyimages.com/photos/habanero-chilli-peppers-on-white-picture-id161818590?s=612x612
000495.jpg,https://smallfarms.cornell.edu/wp-content/uploads/2015/03/Habanada-The-Unmasked-Habanero2-22upswn.jpg
000496.jpg,https://www.rareseeds.com/assets/1/14/DimRegular/Pepper-Hot-Chocolate-Habanero-HPP136-LSS-000_7123.jpg
000497.jpg,https://thecafesucrefarine.com/wp-content/uploads/Pineapple-Habanero-Pepper-Jelly-2.jpg
000498.jpg,https://www.magicplantfarms.com/wp-content/uploads/2016/09/Red-Savina-habanero-400.jpg
000499.jpg,https://i.ytimg.com/vi/axqj-vMgWeI/maxresdefault.jpg
000500.jpg,https://inmamamaggieskitchen.com/wp-content/uploads/2019/05/Diced-Habanero-Pepper.jpg
000501.jpg,https://i1.wp.com/mariesharpscanada.com/wp-content/uploads/2018/06/SweetHabanero-on-wood-layered-with-stamp-flattened.gif?fit=457%2C650&ssl=1
000502.jpg,https://chilitermesztes.files.wordpress.com/2017/09/peruvian-white-habanero_1.jpg?w=371&h=332
000503.jpg,https://i.pinimg.com/originals/18/df/7c/18df7c86e4db3c65a3234689c7a1be2e.jpg
000504.jpg,https://upload.wikimedia.org/wikipedia/commons/3/38/Red_savina_cropped.jpg
000505.jpg,https://previews.123rf.com/images/olenka/olenka0706/olenka070600015/1067376-cayenne-habanero-and-bell-peppers-in-rows-on-white.jpg
000506.jpg,https://www.mariesharps.bz/wp-content/uploads/2015/10/green_pepper_jelly.jpg
000507.jpg,https://www.pepperscale.com/wp-content/uploads/2018/10/hot-paper-lantern-768x670.jpg
000508.jpg,http://www.ilovegrillingmeat.com/wp-content/uploads/2016/12/Homemade-Ghost-Pepper-Hot-Sauce-Recipe-b_FB-1024x538-1024x538.png
000509.jpg,https://thumbs.dreamstime.com/b/habanero-pepper-cartoon-illustration-36398774.jpg
000510.jpg,https://media.istockphoto.com/vectors/chili-peppers-vector-id858139794?k=6&m=858139794&s=612x612&w=0&h=gspgTFr4NQJ7Ey6wEgQDPBB5ALrMMaubsbSzgbqOQ_8=
000511.jpg,https://media2.giphy.com/media/xThtatolwRgH3xT116/giphy.gif
000512.jpg,https://st.depositphotos.com/1967477/2305/v/450/depositphotos_23056030-stock-illustration-chili-cartoon-character-breathing-fire.jpg
000513.jpg,https://i2.wp.com/www.gardeningchannel.com/wp-content/uploads/2019/03/tabasco-pepper-plant-growing.jpg?fit=1200%2C628&ssl=1&resize=350%2C200
000514.jpg,https://images.squarespace-cdn.com/content/v1/53f2223ee4b0516cd60b393d/1408461200916-IAV7TU9FMXA9GZFA1P1M/ke17ZwdGBToddI8pDm48kODEHMGUBRgRRplOmqRomK1Zw-zPPgdn4jUwVcJE1ZvWhcwhEtWJXoshNdA9f1qD7Xj1nVWs2aaTtWBneO2WM-vKKmLGZcam4wNLVFkW8ocU3wCuzBZdxfWEqO227KYmPQ/Habanero-Peach-pepper.jpg
000515.jpg,https://blabto.com/img/osade_F581F781.jpg
000516.jpg,https://all-americaselections.org/wp-content/uploads/2017/11/Roulette-Habenero-2.jpg
000517.jpg,https://www.tasteofhome.com/wp-content/uploads/2018/08/shutterstock_319852949.jpg
000518.jpg,https://mycookingjourney.com/wp-content/uploads/2019/02/habanero-sauce-11.jpg
000519.jpg,https://i.etsystatic.com/14438497/r/il/df9c59/1344990799/il_fullxfull.1344990799_gcrg.jpg
000520.jpg,https://www.thespruceeats.com/thmb/6ggL9eK0ZLVKMZHEo2n0gIb3AFQ=/425x0/filters:no_upscale():max_bytes(150000):strip_icc()/GettyImages-767968485-5bb6cf2146e0fb00267d83ea.jpg
000521.jpg,https://media.gettyimages.com/photos/habanero-chilli-peppers-on-white-picture-id174446984?s=612x612
000522.jpg,http://kinchiles.com/wp-content/uploads/2015/08/clamshell-fondo-blanco-300x200.jpg
000523.jpg,https://thumbs-prod.si-cdn.com/Y-OdHkwBtadIjZdYZYMtGIr52CI=/fit-in/1600x0/https://public-media.si-cdn.com/filer/Burning-Desire-peppers-631.jpg
000524.jpg,https://www.theblackpeppercorn.com/wp-content/uploads/2012/02/habanero-mango-sauce.jpg
000525.jpg,https://img-aws.ehowcdn.com/600x600p/photos.demandstudios.com/getty/article/18/25/57099955_XS.jpg
000526.jpg,https://hotsaucefever.com/images/chiles/ghostchile/ghost_stage_pepper.jpg
000527.jpg,http://www.tradewindsfruit.com/content/images/aji_habanero_pepper2.jpg
000528.jpg,https://www.fataliiseeds.net/wp-content/uploads/fromoldsite/rocoto_guatemala_orange-800x800-324x324.jpg
000529.jpg,https://cdn.shopify.com/s/files/1/1766/2959/products/Pepper_Habanero_Peach_1af009a0-1538-4a14-9d3e-1da2119d5e9c_2048x.jpg?v=1536538919
000530.jpg,https://www.superhotchiles.com/wp-content/uploads/2018/05/Giant_White_Habanero_15.jpg
000531.jpg,https://image.shutterstock.com/image-photo/habanero-pepper-bowl-260nw-332724647.jpg
000532.jpg,https://www.chileplants.com/images/chiles/scotch-bonnet-yellow-pepper-plants.jpg
000533.jpg,https://c8.alamy.com/comp/EGHM1R/basket-full-of-fine-grown-habanero-pepper-EGHM1R.jpg
000534.jpg,https://upload.wikimedia.org/wikipedia/commons/thumb/3/3e/Adjoema_chili.jpg/1200px-Adjoema_chili.jpg
000535.jpg,https://cdn11.bigcommerce.com/s-qqb56hyrha/products/3477/images/8307/1283MS__14004.1561923470.500.750.jpg?c=2
000536.jpg,https://www.pepperscale.com/wp-content/uploads/2016/02/Habanero-Pepper-e1456683799462-768x512.jpg
000537.jpg,https://media.istockphoto.com/vectors/whole-half-slice-different-types-of-pepper-sweet-bell-chilli-habanero-vector-id927027466?k=6&m=927027466&s=612x612&w=0&h=KetaoHIq2Sn2YEvzPzZiSJngxm9n9FIf4POehF_Xy2U=
000538.jpg,https://inmamamaggieskitchen.com/wp-content/uploads/2019/03/How-hot-are-chiles.jpg
000539.jpg,https://i.ytimg.com/vi/eyhJGThCW4w/maxresdefault.jpg
000540.jpg,https://cdn.shopify.com/s/files/1/0237/0893/products/habanero-pepper-powder-habanero-powder-sonoran-spice-627225_2048x.jpg?v=1556661312
000541.jpg,https://thecafesucrefarine.com/wp-content/uploads/Pineapple-Habanero-Pepper-Jelly-5.jpg
000542.jpg,https://www.chilipeppermadness.com/wp-content/uploads/2018/05/Habanero-Salsa-Recipe1.jpg
000543.jpg,https://images-na.ssl-images-amazon.com/images/I/612PZEAyItL._SX522_.jpg
000544.jpg,https://media.gettyimages.com/photos/habanero-peppers-picture-id88299784?s=612x612
000545.jpg,https://d1nw62gticy6e9.cloudfront.net/uploads/Peach_Habanero_Pepper_Seeds-300x300.jpg
000546.jpg,https://www.rareseeds.com/assets/1/14/DimRegular/White-Habanero-Pepper-web.jpg
000547.jpg,https://cdn.shopify.com/s/files/1/1766/2959/products/Pepper_Habanero_Lemon_2048x.jpg?v=1541212227
000548.jpg,https://blabto.com/img/osobennostiuxodavdomashnixusloviyaxzazhg_80186143.jpg
000549.jpg,https://www.thespruceeats.com/thmb/MdATwzsJxwYutd-wGYDvYq9z0rk=/3345x5050/filters:fill(auto,1)/different-hot-chili-peppers-585833251-581a887b5f9b581c0b1d58c4.jpg
000550.jpg,https://cdn0.wideopeneats.com/wp-content/uploads/2018/06/fhpb4.jpg
000551.jpg,https://st2.depositphotos.com/2580163/10776/i/950/depositphotos_107764170-stock-photo-round-red-habanero-pepper-on.jpg
000552.jpg,https://i.etsystatic.com/14438497/r/il/aad8c1/1344990785/il_fullxfull.1344990785_dp5l.jpg
000553.jpg,https://cdn11.bigcommerce.com/s-qqb56hyrha/images/stencil/original/products/1920/8313/1056__12722.1561924684.jpg
000554.jpg,http://www.tradewindsfruit.com/content/images/aji_habanero_pepper.jpg
000555.jpg,https://upload.wikimedia.org/wikipedia/commons/d/da/Habanero_chile_-_fruits_%28aka%29.jpg
000556.jpg,https://www.chileplants.com/images/chiles/habanero-golden-pepper-plants.jpg
000557.jpg,https://cdn.shopify.com/s/files/1/0915/1060/products/Orange-Habanero-Scotch-Bonnet-hot-pepper-pepper-joes.jpg?v=1457047154
000558.jpg,http://www.seedgeeks.com/store/image/cache/data/product/vegetables/peppers/sweet/pepper.habanero.red2-500x500_0.jpg
000559.jpg,https://media.istockphoto.com/vectors/habanero-peppers-vector-id136907460?k=6&m=136907460&s=612x612&w=0&h=tXkVo0IYs7lPgH92LQ2iSsTR74xXTZV9O9e_haRz7Jo=
000560.jpg,https://cdn.thehippyseedcompany.com/wp-content/uploads/2018/05/aji-cachucha-2-262x328.jpg
000561.jpg,https://i.ytimg.com/vi/ih6xyBjOfSA/maxresdefault.jpg
000562.jpg,https://www.cayennediane.com/wp-content/uploads/Ginger-Habanero-Simple-Syrup.jpg
000563.jpg,https://www.chilipeppermadness.com/wp-content/uploads/2017/02/Sweet-Habanero-Chili-Sauce-Recipe1.jpg
000564.jpg,http://kinchiles.com/wp-content/uploads/2015/08/habanero-pasta-rojo-300x200.jpg
000565.jpg,https://media.gettyimages.com/photos/a-basket-of-habanero-peppers-picture-id683233977?s=612x612
000566.jpg,https://img-aws.ehowcdn.com/600x600p/photos.demandstudios.com/getty/article/184/142/87524799_XS.jpg
000567.jpg,https://st2.depositphotos.com/2580163/10776/i/950/depositphotos_107764246-stock-photo-round-yellow-habanero-pepper-on.jpg
000568.jpg,https://image.shutterstock.com/image-photo/raw-organic-orange-habanero-peppers-260nw-266296256.jpg
000569.jpg,https://i.ytimg.com/vi/2Ly23D8C5TE/maxresdefault.jpg
000570.jpg,https://www.thespruceeats.com/thmb/Fz8OELL_uy8YAKyXHuYhxSSW7Z0=/425x326/filters:no_upscale():max_bytes(150000):strip_icc()/jalapeno-2500-56a210cd5f9b58b7d0c631b8.jpg
000571.jpg,https://m.media-amazon.com/images/I/31XkYuZT-JL._SR500,500_.jpg
000572.jpg,https://media.gettyimages.com/photos/little-pepper-picture-id552142897?s=612x612
000573.jpg,https://st2.depositphotos.com/2966141/9790/i/950/depositphotos_97902762-stock-photo-orange-habanero-pepper.jpg
000574.jpg,http://www.tradewindsfruit.com/content/images/harold_st_barts_pepper.jpg
000575.jpg,https://www.cayennediane.com/wp-content/uploads/Habanero-Orange-300x300.jpg
000576.jpg,http://www.tradewindsfruit.com/content/images/habanero_red.jpg
000577.jpg,https://i.ytimg.com/vi/pReWtTUUJIE/maxresdefault.jpg
000578.jpg,https://www.rareseeds.com/assets/1/14/DimLarge/Mustard-Habanero-web.jpg
000579.jpg,https://img-aws.ehowcdn.com/350x235p/s3-us-west-1.amazonaws.com/contentlab.studiod/getty/d102cc782f084b64925d0d931a85ea4c.jpg
000580.jpg,https://www.chilipeppermadness.com/wp-content/uploads/2018/03/Habanero-Pepper-Jam3.jpg
000581.jpg,https://m.media-amazon.com/images/I/31ogaKjWvKL._SR500,500_.jpg
000582.jpg,https://st2.depositphotos.com/2580163/10776/i/950/depositphotos_107764240-stock-photo-round-yellow-habanero-pepper-on.jpg
000583.jpg,https://cdn.shopify.com/s/files/1/0915/1060/collections/Snapchat-19316701_large_df771105-e1fc-4241-be07-674327063d85_grande.jpg?v=1523044561
000584.jpg,https://upload.wikimedia.org/wikipedia/commons/thumb/0/03/Carolina_Reaper_pepper_pods.jpg/1200px-Carolina_Reaper_pepper_pods.jpg
000585.jpg,https://media.gettyimages.com/photos/orange-habanero-peppers-in-an-open-market-picture-id600085981?s=612x612
000586.jpg,https://i.ytimg.com/vi/JV-o6QIxFxs/maxresdefault.jpg
000587.jpg,http://www.tradewindsfruit.com/content/images/habanero_paper_lantern.jpg
000588.jpg,https://i.ytimg.com/vi/XfUWk0p9kOo/hqdefault.jpg
000589.jpg,https://st2.depositphotos.com/1682711/6440/i/950/depositphotos_64406561-stock-photo-habanero-pepper.jpg
000590.jpg,https://media.gettyimages.com/photos/single-habanero-pepper-closeup-picture-id79560672?s=612x612
000591.jpg,https://upload.wikimedia.org/wikipedia/commons/thumb/d/d6/Immature_jalapeno_capsicum_annuum_var_annuum.jpeg/1200px-Immature_jalapeno_capsicum_annuum_var_annuum.jpeg
000592.jpg,https://images-na.ssl-images-amazon.com/images/I/81AO6lTzRxL._SX425_.jpg
000593.jpg,https://i.ytimg.com/vi/38uem4NIBWg/maxresdefault.jpg
000594.jpg,https://i.ytimg.com/vi/i2nQ0HL6mpk/maxresdefault.jpg
000595.jpg,https://media.gettyimages.com/photos/happy-habaneros-picture-id494605703?s=612x612
000596.jpg,https://pepperhead.com/wp-content/uploads/2013/06/Orange-Habanero-e1530039663247.jpg
000597.jpg,https://bonnieplants.com/wp-content/uploads/habanro-golden-pepper.jpg
000598.jpg,https://www.pepperscale.com/wp-content/uploads/2013/07/habanero-pepper-1.jpg
000599.jpg,https://www.gardeningknowhow.com/wp-content/uploads/2012/04/habanero.jpg
000600.jpg,http://www.rareseeds.com/assets/1/14/DimRegular/peach-habanero.jpg
000601.jpg,https://www.worldseedsupply.com/wp-content/uploads/2014/12/Habanero_pepers.jpg
000602.jpg,https://easternseastar21.files.wordpress.com/2015/02/habanero-peppers.jpg
000603.jpg,https://101habaneros.files.wordpress.com/2012/10/habanero-peppers-orange-1.jpg
000604.jpg,https://pepperhead.com/wp-content/uploads/2012/10/Red-Savina-1-e1530039762484.jpg
000605.jpg,http://www.crystalvalleyfoods.com/wp-content/uploads/2017/05/Fresh-habanero-peppers_285641987-1.jpg
000606.jpg,https://d36tnp772eyphs.cloudfront.net/blogs/1/2014/05/14.jpg
000607.jpg,https://cdn.shopify.com/s/files/1/0915/1060/files/habanero-hot-pepper-plant-pepper-joes.jpg
000608.jpg,http://upload.wikimedia.org/wikipedia/commons/1/1d/ARS-habanero.jpg
000609.jpg,https://www.wikihow.com/images/b/be/Habanero-peppers-and-mash.jpg
000610.jpg,https://www.premierseedsdirect.com/wp-content/uploads/2017/11/41581166-1.jpg
000611.jpg,http://joesbigfoot.com/wp-content/uploads/2014/08/habanero.jpg
000612.jpg,https://www.chilipeppermadness.com/wp-content/uploads/2016/06/Xni-Pec-Habanero-Salsa1.jpg
000613.jpg,https://thecafesucrefarine.com/wp-content/uploads/Pineapple-Habanero-Pepper-Jelly-8.jpg
000614.jpg,https://www.pepperscale.com/wp-content/uploads/2016/05/Peruvian-White-Habanero.jpg
000615.jpg,https://powerplantmen.files.wordpress.com/2013/10/habanero-peppers.jpg
000616.jpg,https://www.pepperscale.com/wp-content/uploads/2014/03/ghost-pepper-vs-habanero.jpg
000617.jpg,https://truegarden.com/wp-content/uploads/2018/01/aeroponic-seedling-habanero.jpg
000618.jpg,http://www.tradewindsfruit.com/content/images/habanero-pastel-pepper.jpg
000619.jpg,http://3.bp.blogspot.com/_D3DWg3VeBQk/TLIqTANd-gI/AAAAAAAAHsw/NVa3dki-0yI/s1600/vegetables.habanerochilis.DSC_0002+%283%29.1280.jpg
000620.jpg,https://i.ebayimg.com/images/i/301595197016-0-1/s-l1000.jpg
000621.jpg,https://thecafesucrefarine.com/wp-content/uploads/Pineapple-Habanero-Pepper-Jelly-4.jpg
000622.jpg,https://i.ebayimg.com/images/i/301649135890-0-1/s-l1000.jpg
000623.jpg,https://mypantryshelf.files.wordpress.com/2012/10/001.jpg
000624.jpg,https://ndgbotanicals.com/wp-content/uploads/2016/08/Red-Habanero-2-7058.jpg
000625.jpg,https://www.magicgardenseeds.com/pics/H4Ore3kvY3C6-km3JTA_GdxqZ0C2WNQ6a5oC5D6QpVPZX6gQaWV2O2rxbqeQU0c8WtlTqeFbp53G9JhbBhkFfA/CAP12_1000.jpg
000626.jpg,https://news.rutgers.edu/sites/medrel/files/inline-img/highres/PumpkinHabaneroCameronBowman.jpg
000627.jpg,http://kolya.typepad.com/photos/uncategorized/habaneros.jpg
000628.jpg,http://upload.wikimedia.org/wikipedia/commons/c/c1/Habanero_chile_-_flower_with_fruit_(aka).jpg
000629.jpg,https://adoboloco.com/wp-content/uploads/2013/04/Habanero-fruit-tree-ripened-Adoboloco.jpg
000630.jpg,https://shop.westlandpeppers.com/wp-content/uploads/2017/07/habanero-red_westlandpeppers-1.jpg
000631.jpg,http://i.ebayimg.com/images/i/261931416420-0-1/s-l1000.jpg
000632.jpg,https://mypantryshelf.files.wordpress.com/2012/10/habanero-pepper-jelly.jpg
000633.jpg,http://tried-and-true.com/wp-content/uploads/2011/01/Tried-True-Rojo-Habanero-Pepper.jpg
000634.jpg,https://www.chilipeppermadness.com/wp-content/uploads/2018/03/Scoville-Scale-Chili-Peppers-List-Hottest-to-Mildest.jpg
000635.jpg,https://borderlinespicy.files.wordpress.com/2011/02/17th-st-and-girls-080.jpg
000636.jpg,https://3.bp.blogspot.com/-7L5oItqdNhc/Vi09abzhHUI/AAAAAAAANIo/TTx7xtSHCr0/s1600/IMG_6172.jpg
000637.jpg,https://ndgbotanicals.com/wp-content/uploads/2016/08/Chocolate-Habanero-Pepper-7213.jpg
000638.jpg,http://www.southernexposure.com/images/large/hot-pepper-combahee-red-habanero_LRG.jpg
000639.jpg,https://www.chilipeppermadness.com/wp-content/uploads/2015/04/Garlic-Habanero-Hot-Sauce1.jpg
000640.jpg,https://thumbs.dreamstime.com/z/habanero-chili-pepper-jalapeno-hot-spicy-56513899.jpg
000641.jpg,https://ndgbotanicals.com/wp-content/uploads/2016/08/White-Habanero-2-7053.jpg
000642.jpg,https://thecafesucrefarine.com/wp-content/uploads/Pineapple-Habanero-Pepper-Jelly.jpg
000643.jpg,https://www.chilipeppermadness.com/wp-content/uploads/2016/02/Cilantro-Habanero-Hot-Sauce1.jpg
000644.jpg,http://all-americaselections.org/wp-content/uploads/2017/11/Roulette-on-board.jpg
000645.jpg,https://www.barbequick.com/recipes/wp-content/uploads/2018/04/SWEET-HABANERO-CHILI-SAUCE.jpg
000646.jpg,https://img-aws.ehowcdn.com/default/ds-photo/getty/article/178/33/200247853-001.jpg
000647.jpg,https://www.blackdogled.com/info/wp-content/uploads/2014/10/Capsicum-chinense-Trinidad-Perfume-large.jpg
000648.jpg,https://ndgbotanicals.com/wp-content/uploads/2016/08/White-Habanero-1-7051.jpg
000649.jpg,https://www.chilipeppermadness.com/wp-content/uploads/2018/05/Habanero-Salsa-Recipe1.jpg
000650.jpg,http://thehotpepper.com/uploads/monthly_11_2017/post-13751-0-95543500-1511106261.jpg
000651.jpg,https://cdn.shopify.com/s/files/1/0915/1060/products/Chocolate-Habanero-hot-pepper-pepper-joes.jpg
000652.jpg,https://www.chilipeppermadness.com/wp-content/uploads/2018/07/Moores-Habanero-Hot-Sauce.jpg
000653.jpg,https://cdn8.bigcommerce.com/s-9d454/images/stencil/1280x1280/products/4971/9645/habanero-powder__30536.1299860244.jpg
000654.jpg,http://www.schoolphotoproject.com/_picture-of-vegetable/habanero-pepper-photo1-l.jpg
000655.jpg,https://s-media-cache-ak0.pinimg.com/736x/64/57/7c/64577ce7b11dfad62553febda2f5f08c--habanero-recipes-habanero-salsa.jpg
000656.jpg,http://www.publicdomainpictures.net/pictures/10000/velka/chile-habanero-25761283137901dcVG.jpg
000657.jpg,https://thecafesucrefarine.com/wp-content/uploads/Pineapple-Habanero-Pepper-Jelly-5.jpg
000658.jpg,https://diplomatickitchen.files.wordpress.com/2013/07/warm-southwestern-spiced-pecans-all-007.jpg
000659.jpg,https://all-americaselections.org/wp-content/uploads/2017/11/Roulette-in-salsa-3.jpg
000660.jpg,http://www.lifesatomato.com/wp-content/uploads/2016/10/Stubbs-Wicked-Habanero-Pepper-Wings.jpg
000661.jpg,https://s-media-cache-ak0.pinimg.com/736x/28/cf/4f/28cf4f138b9f096931585f6ced827a5c--light-my-fire-sauce-recipes.jpg
000662.jpg,http://static.squarespace.com/static/53b6f7c3e4b07ea978429cc2/53e0e47ee4b0130e42133361/53e0e6b3e4b06e039b72315e/1407248292325/Habanero%20Pepper-Capsicum%20chinense.jpg
000663.jpg,https://i.pinimg.com/originals/60/6e/97/606e973cf096192253c0bffc3ccb9f09.jpg
000664.jpg,https://cdn.shopify.com/s/files/1/0915/1060/products/Pepper_Joes_in_Pub-00008.jpg
000665.jpg,https://www.chilipeppermadness.com/wp-content/uploads/2018/07/Grilled-Chicken-Sandwich-Recipe1.jpg
000666.jpg,http://fundaciondelchile.com/wp-content/uploads/2016/09/habaneros-orange-devil-01.jpg
000667.jpg,http://thumbnails-visually.netdna-ssl.com/the-scoville-scale-of-hotness_516e708835c8d_w1500.jpg
000668.jpg,http://bzt.ca/gh/images/habanero%201.jpg
000669.jpg,https://i.pinimg.com/736x/f9/66/b3/f966b34433331dc6ba28c3250e14586f--minimal-hot-sauces.jpg
000670.jpg,https://res.cloudinary.com/dyx4yhvoq/image/upload/v1550874456/5c5209f74dee820019191f05/ov7lfdrhldw6tmievdil.jpg
000671.jpg,https://res.cloudinary.com/dyx4yhvoq/image/upload/v1550875134/5c5209f74dee820019191f05/gimrjk3ioljjx3f8mv7g.jpg
000672.jpg,https://lh6.googleusercontent.com/-XEnmLrkOflg/TXP9ZgeY6-I/AAAAAAAAATE/Gp9OgHC0e5M/s1600/Pepper%20Sauce.jpg
000673.jpg,https://www.magicgardenseeds.de/pics/LKM705DZQL9cW720mttijaKROQ3fuZTEJ5jgwxtP8nN-hzG4prPfo1zLGewLTp7m/CAP03_1000.jpg
000674.jpg,https://i.pinimg.com/originals/ad/53/9b/ad539b5e889c3cbbd0ab9bdd5860b4f1.jpg
000675.jpg,https://cdn.shopify.com/s/files/1/1196/4148/products/Scoville_graphic_1024x1024.jpg
000676.jpg,https://images-na.ssl-images-amazon.com/images/I/71A7c5niDAL.jpg
000677.jpg,https://c8.alamy.com/comp/F2GX3N/habanero-chilli-chili-hot-pepper-on-the-bush-green-yellow-red-fresh-F2GX3N.jpg
000678.jpg,https://static.vecteezy.com/system/resources/previews/000/172/429/original/set-of-chili-habanero-vector.jpg
000679.jpg,https://www.chilipeppermadness.com/wp-content/uploads/2019/07/Mango-Habanero-BBQ-Chicken-Recipe1.jpg
000680.jpg,https://www.pepperscale.com/wp-content/uploads/2014/06/spicy-habanero-marinade_hr-e1501359680152.jpg
000681.jpg,https://saucegoddess.com/wp-content/uploads/2017/02/Habanero-Onion-Pepper-Relish.jpg
000682.jpg,https://cdn.shopify.com/s/files/1/0915/1060/products/Chipotle-jalapeno-hot-pepper-pepper-joes.jpg
000683.jpg,https://thumbs.dreamstime.com/z/chili-habanero-serrano-hot-mexican-peppers-18381777.jpg
000684.jpg,https://worldcrops.org/sites/worldcrops.org/files/crops/aji_habaneo_market_basket.jpg
000685.jpg,http://i.ebayimg.com/images/i/112061350861-0-1/s-l1000.jpg
000686.jpg,https://thumbs.dreamstime.com/z/chili-habanero-peppers-isolated-red-yellow-green-orange-hot-34505890.jpg
000687.jpg,http://2.bp.blogspot.com/-TZxLMoVC3lI/UHmm0_Pn9yI/AAAAAAAAA24/Cn3IC4GYwoI/s1600/chile+habanero.jpg
000688.jpg,https://1.bp.blogspot.com/-DDJBvGWOnnc/Vi1A-UFchtI/AAAAAAAANI0/kG9o7yUWMXA/s1600/IMG_6165.jpg
000689.jpg,https://static.vecteezy.com/system/resources/previews/000/148/877/original/habanero-and-chili-vector.jpg
000690.jpg,https://alamopeppers.com/media/catalog/product/cache/1/image/1300x1300/9df78eab33525d08d6e5fb8d27136e95/o/r/orangehabanero.jpg
000691.jpg,http://kelleychisholm.files.wordpress.com/2012/07/stuffed-pepper-up-close2.jpg
000692.jpg,https://habanerored.files.wordpress.com/2015/07/img_2825w.jpg
000693.jpg,https://www.chiligrowshop.cz/resize/e/1200/1200/files/spicegarden/habanero-gambia.jpg
000694.jpg,https://www.aidells.com/static/96ee5562d4702beab694d65c0a7673e1/13e10/aidells-habanero-green-chile-dinner-sausage.jpg
000695.jpg,http://thehotpepper.com/uploads/monthly_01_2019/post-14082-0-13149900-1548369173.jpg
000696.jpg,http://lacocinadevero.com/wp-content/uploads/2014/08/red-habanero-mayonnaise.jpg
000697.jpg,https://s-media-cache-ak0.pinimg.com/736x/a2/a2/2c/a2a22c9936df0736227e1dcfae5f510f.jpg
000698.jpg,https://coconutcreamcare.files.wordpress.com/2013/09/7511peppers.jpg
000699.jpg,http://gaertnerei-bender.de/images/stories/Capsicum_chinense/Capsicum_chinense_Habanero_Gambia_.jpg
000700.jpg,https://lokvina.hr/images/made/slike/chili-paprika-habanero-golden-621.jpg
000701.jpg,http://www.belizehub.com/wp-content/uploads/2016/04/Marie-Sharps-Habanero-Pepper-Sauce-Belize.jpg
000702.jpg,https://static.vecteezy.com/system/resources/previews/000/150/778/original/vector-set-of-seamless-habanero-peppers-patterns.jpg
000703.jpg,https://s-media-cache-ak0.pinimg.com/originals/c5/5e/70/c55e7056563848fd7b0ead47d8cf9187.jpg
000704.jpg,https://seedsnsuch-qb2qm0z.netdna-ssl.com/wp-content/uploads/2013/08/Pep_Serrano_Chili_cmyk.jpg
000705.jpg,http://lacocinadevero.com/wp-content/uploads/2014/08/mayonesa-de-chile-habanero.jpg
000706.jpg,https://whatsthatchallenge.com/wp-content/uploads/2017/01/hot-pepper-challenge-glozell-youtube-thumbnail.jpg
000707.jpg,https://upload.wikimedia.org/wikipedia/commons/4/4d/Habanero,_bell_pepper_and_garlic_hot_sauce.jpg
000708.jpg,https://s-media-cache-ak0.pinimg.com/originals/8c/f1/83/8cf183090ccad1728a5efe2db57c1e22.jpg
000709.jpg,https://i.pinimg.com/originals/7c/d2/e8/7cd2e879ebfac1d006a464de01fbe36c.jpg
000710.jpg,http://www.hotsauceblog.com/wp-content/uploads/2012/07/IMG_3100-revised072612-833x1024.jpg
000711.jpg,http://montalvans.com/wp-content/uploads/2015/01/MK_02032_-HOT_PEPPER_SAUCE_10OZ.jpg
000712.jpg,https://www.pepperscale.com/wp-content/uploads/2019/10/Crushed-Red-Pepper-Uses-740x400.jpg
000713.jpg,https://static.vecteezy.com/system/resources/previews/000/148/478/original/extra-hot-chili-pepper-and-habanero-vectors.jpg
000714.jpg,https://secureservercdn.net/50.62.173.69/2vs.f89.myftpupload.com/wp-content/uploads/2019/10/Hot-Pepper-Festival.jpg
000715.jpg,https://tadkapasta.files.wordpress.com/2012/08/hot-pepper-jelly4.jpg
000716.jpg,http://thehotpepper.com/uploads/monthly_10_2017/post-13782-0-04651500-1508434245.jpg
000717.jpg,http://2.bp.blogspot.com/-NeleHNm-h30/VS29-5eHPjI/AAAAAAAAGb0/6zVO4qSa4LU/s1600/IMG_20150331_172859613.jpg
000718.jpg,https://static.vecteezy.com/system/resources/previews/000/095/664/original/hot-pepper-vectors.jpg
000719.jpg,http://thumb9.shutterstock.com/display_pic_with_logo/671308/671308,1310096213,2/stock-vector-raging-bull-chili-pepper-cartoon-character-80606782.jpg
000720.jpg,http://4.bp.blogspot.com/-ncB_S26QxJ0/U7HOLWzBluI/AAAAAAAAAdA/ht-0hIrfNwQ/s1600/Capsicum_pubescens_flower.jpg
000721.jpg,https://www.maangchi.com/wp-content/uploads/2008/02/gochugaru1.jpg
000722.jpg,https://flouronmyface.com/wp-content/uploads/2016/06/Cherry-Habanero-Jam-recipe-flouronmyface.jpg
000723.jpg,https://static.vecteezy.com/system/resources/previews/000/148/734/original/hot-chili-sauce-bottle-habanero-vector-illustration.jpg
000724.jpg,https://piimages.parfumo.de/0/4/94291_5436e05df38f30611f6cf13590db5eb4_hot_pepper_red_chili.jpg
000725.jpg,https://www.elvigia.net/u/fotografias/fotosnoticias/2018/4/7/366211.jpg
000726.jpg,https://lib.store.yahoo.net/lib/yhst-20803342241356/HPWHomePageINSECT.jpg
000727.jpg,http://chili-papricice.com/wp-content/uploads/2015/10/20150808_174116.jpg
000728.jpg,https://st.depositphotos.com/1713003/3008/v/950/depositphotos_30081567-stock-illustration-hot-pepper.jpg
000729.jpg,https://thumbs.dreamstime.com/z/mexican-chili-cartoon-isolated-white-background-52964403.jpg
000730.jpg,https://www.cheesehouse.com/wp-content/uploads/1970/01/Super-Hot-Pepper-Cheese-002-620x414.jpg
000731.jpg,https://www.maangchi.com/wp-content/uploads/2008/02/gochugaru.jpg
000732.jpg,https://www.maangchi.com/wp-content/uploads/2008/02/hotpepperflakes-708848.jpg
000733.jpg,https://www.maangchi.com/wp-content/uploads/2008/02/hot-pepper-flakes-assi1.jpg
000734.jpg,https://dmplast.mx/wp-content/uploads/cesta-de-chile-habanero-de-yucatan-chile-verde-cajas-plasticas-dmplast-caja-para-chile-5.jpg
000735.jpg,https://s-media-cache-ak0.pinimg.com/736x/0b/cc/06/0bcc06894dbdf676b2356fa83216010b.jpg
000736.jpg,https://aliciaentreespeciasyrecetas.files.wordpress.com/2014/09/img_8661.jpg
000737.jpg,http://junkfoodbetty.com/wp-content/uploads/2010/08/Doritos-1st-2nd-and-3rd-Degree-Burn-Tortilla-Chips.jpg
