image,source
000001.jpg,https://www.pepperscale.com/wp-content/uploads/2016/06/holy-mole-pepper-lg-768x576.jpg
000002.jpg,http://cdn.shopify.com/s/files/1/1537/5553/products/11658_grande.jpg?v=1486445419
000003.jpg,http://cdn.shopify.com/s/files/1/1196/4148/products/Holy-Mole-Pepper-Plant_grande.jpg?v=1463988164
000004.jpg,https://www.victoriananursery.co.uk/images/800/chilli_pepper_holy_mole_002.jpg
000005.jpg,https://d1nw62gticy6e9.cloudfront.net/uploads/Holy-Mole-Pepper-Seeds.jpg
000006.jpg,https://s3.amazonaws.com/cdn.totallytomato.com/images/popup/03046.jpg
000007.jpg,https://www.chileplants.com/images/chiles/holy-mole-hybrid-pepper-plants.jpg
000008.jpg,https://images-na.ssl-images-amazon.com/images/I/71HG5SRjuhL._SY741_.jpg
000009.jpg,https://images-na.ssl-images-amazon.com/images/I/51yq47pIV1L.jpg
000010.jpg,http://www.cultivatetoplate.com/wp-content/uploads/2015/05/holy-mole-pepper-2015.jpg
000011.jpg,https://i.pinimg.com/originals/0f/c1/9a/0fc19a67831b3ca9570bed8f8106b005.jpg
000012.jpg,https://pics.davesgarden.com/pics/2008/12/17/aries44/aa66ba.jpg
000013.jpg,https://pics.davesgarden.com/pics/2010/05/17/Alexcast/216b30.jpg
000014.jpg,https://www.piedmontfarmandgarden.com/v/vspfiles/photos/PPP095-2T.jpg
000015.jpg,https://i.pinimg.com/originals/52/02/51/5202514924d635cf2bfb81c1f9bf283c.jpg
000016.jpg,https://i.pinimg.com/originals/36/9c/73/369c732f0b3a2d8ef0518c719256c651.jpg
000017.jpg,https://miro.medium.com/max/8064/1*tV1bVtMHBgla0hZFgmsHBw.jpeg
000018.jpg,http://1.bp.blogspot.com/_EEAm3fp4UBM/SMxPPOIqWVI/AAAAAAAABCE/IH47s-qgV_4/s320/IMG_4389.JPG
000019.jpg,https://cdn.shopify.com/s/files/1/1698/1675/products/Pepper_Hot_Holy_Mole_Hybrid.jpg?v=1536948581
000020.jpg,https://www.madeinnewmexico.com/media/catalog/product/cache/1/image/9df78eab33525d08d6e5fb8d27136e95/h/o/holy_trinity_3_pack.jpg
000021.jpg,https://nanasbloomers.com/wp-content/uploads/2017/09/Pepper-Hole-mole.jpg
000022.jpg,http://www.xavagetech.com/wp-content/uploads/2018/04/holy-mole-pepper-plants-594aa0fa832f3.jpg
000023.jpg,https://images-na.ssl-images-amazon.com/images/I/51WV7eglMrL._SX425_.jpg
000024.jpg,https://www.chili-shop24.com/media/image/09/af/c8/9305_Holy-Mole_600x600.jpg
000025.jpg,https://img-aws.ehowcdn.com/600x600p/cpi.studiod.com/www_ehow_com/i.ehow.com/images/a08/5n/5d/holy-moly-pepper-plants-800x800.jpg
000026.jpg,https://i.pinimg.com/originals/90/8b/1d/908b1d49697b0eaad287dd6b05c7404a.jpg
000027.jpg,https://garden.org/pics/2012-07-06/BookerC1/d32fba.jpg
000028.jpg,https://davesgarden.com/guides/pf/thumbnail.php?image=2008/01/16/wind/b89df8.jpg&widht=700&height=312
000029.jpg,https://images.forwardcdn.com/image/370x/center/images/cropped/chilis-82512-1425716250.jpg
000030.jpg,http://i428.photobucket.com/albums/qq9/abraidwood/DSC_0183.jpg
000031.jpg,http://1.bp.blogspot.com/-dErnizJekms/T9IoishGZqI/AAAAAAAAA8g/G8fmDifKC70/s1600/TabascoPeppers.jpg
000032.jpg,https://i.ytimg.com/vi/70blWXAJIQo/hqdefault.jpg
000033.jpg,http://2.bp.blogspot.com/_L4JA5IeFoMo/TTsWVWQniEI/AAAAAAAAF_U/DGCwBAwtsFg/s1600/Annieinaustin%252C%2B2011%252C%2BJan%252C%2BHoly%2BMole%2Bpeppers.jpg
000034.jpg,http://www.gimmesomeoven.com/wp-content/uploads/2018/10/Holy-Mole-Enchiladas-Recipe-with-Chicken-and-Black-Beans-3.jpg
000035.jpg,https://unclewaynestomatoes.com/sites/default/files/Holy%20Mole%203%20colors%20IMG_1456.JPG
000036.jpg,https://media.gettyimages.com/photos/pepper-picture-id123534190
000037.jpg,https://i.imgur.com/REKw37h.jpg
000038.jpg,https://garden.org/pics/2018-09-17/KarenNebr/7b767c.jpg
000039.jpg,https://all-americaselections.org/wp-content/uploads/2016/10/Pepper_HolyMole-LD.jpg
000040.jpg,https://static.onecms.io/wp-content/uploads/sites/37/2016/02/01001110/100901055.jpg.rendition.largest.jpg
000041.jpg,https://pics.davesgarden.com/pics/2008/01/16/wind/b89df8.jpg
000042.jpg,http://www.gimmesomeoven.com/wp-content/uploads/2018/10/Holy-Mole-Enchiladas-Recipe-with-Chicken-and-Black-Beans-2-1.jpg
000043.jpg,http://www.peppergal.com/files/1917422/uploaded/Holy%20Mole_edited.JPG
000044.jpg,https://seedsnsuch-qb2qm0z.netdna-ssl.com/wp-content/uploads/2018/11/Pep_Mucho_Nacho_cmyk-1-500x500.jpg
000045.jpg,https://www.pepperscale.com/wp-content/uploads/2017/02/peperone-di-senise-e1486858956795.jpg
000046.jpg,https://c.shld.net/rpx/i/s/pi/mp/10160405/prod_8775732532?src=http%3A%2F%2Fd8images.com%2Fimages%2Flawn_garden%2FNDAB00BC3U7RU.jpg&d=e5531bd33bb29c33c764c4227f1697912dc62b41&?hei=64&wid=64&qlt=50
000047.jpg,https://garden.org/pics/2012-07-04/BookerC1/bf2c24.jpg
000048.jpg,https://zoegarden.files.wordpress.com/2014/03/pepper-holy-mole.jpg
000049.jpg,http://hapafarmshawaii.com/wp-content/uploads/2011/01/nuuanu-peppers.jpg
000050.jpg,https://i.pinimg.com/originals/a9/25/f1/a925f1b5e3cd7d957eaaced54cf763f9.jpg
000051.jpg,http://www.muttiworld.com/images/gardenblog/holymole1-9-21.jpg
000052.jpg,https://garden.org/pics/2016-12-30/Lilydaydreamer/e16da1.jpg
000053.jpg,https://scontent.cdninstagram.com/vp/98699a039af105359ee0832c2961ae7b/5E26D39C/t51.2885-15/sh0.08/e35/s640x640/70580751_475030073352451_5703190569798821040_n.jpg?_nc_ht=scontent.cdninstagram.com
000054.jpg,https://www.canr.msu.edu/peppers/uploads/images/Aji%20Peppers.jpg
000055.jpg,https://garden.org/pics/2016-02-10/plantmanager/0d091a-300.jpg
000056.jpg,https://media.gettyimages.com/photos/holy-mole-chili-peppers-picture-id1046040496
000057.jpg,http://plants.natorp.com/assets/plants/PepperHolyMole.jpg
000058.jpg,https://0201.nccdn.net/1_2/000/000/114/402/Pepper--arapaho-500x500.jpg
000059.jpg,https://bloximages.newyork1.vip.townnews.com/wvgazettemail.com/content/tncms/assets/v3/editorial/5/ca/5caa7976-f687-5a07-a1ff-ff7b2c56c814/5d812d7272e15.image.jpg
000060.jpg,https://images.food52.com/xqdXG7SN76F5uehJYbMGIplyDcE=/1200x1200/bb18ae90-c729-468b-a468-ee8c90e40304--cincodemayo.jpg
000061.jpg,https://scontent.cdninstagram.com/vp/414826e37315d1e73203338995ae1b07/5E265A05/t51.2885-15/sh0.08/e35/s640x640/69149345_649887928837010_3047235612922677203_n.jpg?_nc_ht=scontent.cdninstagram.com
000062.jpg,http://img.photobucket.com/albums/0903/willowgarden/07_NOVEMBER/pepperHolyMole_blog9451.jpg
000063.jpg,https://www.victoriananursery.co.uk/images/800/sq_chilli_pepper_numex_heritage_big_jim_003.jpg
000064.jpg,https://www.chilipeppermadness.com/wp-content/uploads/2019/09/Temp-Pepper-Types.jpg
000065.jpg,https://i2.wp.com/happyacres.blog/wp-content/uploads/2011/10/hotpeppers1.jpg?resize=600%2C430&ssl=1
000066.jpg,https://www.picclickimg.com/d/l400/pict/323837649472_/2-Pack-of-Holy-Mole-Pepper-Live-Plants.jpg
000067.jpg,http://cutdriedflowerfarm.com/wp-content/uploads/2018/05/Hot-Peppers.jpg
000068.jpg,https://i.etsystatic.com/8785676/r/il/ed0251/542494272/il_794xN.542494272_rid0.jpg
000069.jpg,http://www.thistledownnursery.biz/assets/img/edibles/edibles-peppers-hot.jpg
000070.jpg,https://www.canr.msu.edu/peppers/uploads/images/Guajillo%20Pepper.jpg
000071.jpg,https://0201.nccdn.net/1_2/000/000/193/af0/3d6e716b352a45b2a126ebd9722f4a90-500x500.jpg
000072.jpg,https://images.food52.com/oH4LCWJJ8yHDLTDRAZ_K-twyB1M=/1200x1200/1568523b-c2a6-48bc-9f0a-c1c1780dd685--holy_mole_chicken_chili.jpg
000073.jpg,https://t7-live-fsmn.nyc3.cdn.digitaloceanspaces.com/friendsschoolplantsale.com/files/images/variety/v-pepper-thai-hot-gr.jpg
000074.jpg,https://i1.wp.com/happyacres.blog/wp-content/uploads/2015/03/carmencontainer.jpg?ssl=1
000075.jpg,https://www.bostonherald.com/wp-content/uploads/migration/2011/03/12/5b53f5_TRAVEL_UST-SANTAFE-RES.11.jpg?w=620
000076.jpg,https://scontent.cdninstagram.com/vp/6ad1b274c4408d3dcb14adf4fe56f32e/5E2D6C34/t51.2885-15/sh0.08/e35/s640x640/67741087_162634918192373_8511198174746009105_n.jpg?_nc_ht=scontent.cdninstagram.com
000077.jpg,https://yourmomsvegan.com/wp-content/uploads/2018/10/chili-bowl-vertical.jpg
000078.jpg,http://www.specialtyproduce.com/sppics/8010.png
000079.jpg,https://img-aws.ehowcdn.com/350x235p/photos.demandstudios.com/getty/article/178/138/87777324_XS.jpg
000080.jpg,https://www.bmrgreenhouses.com/uploads/images/gardening-tips/hot-peppers-cropped.jpg
000081.jpg,https://www.pepperscale.com/wp-content/uploads/2015/03/cowhorn-pepper-1-768x768.jpg
000082.jpg,https://media-cdn.tripadvisor.com/media/photo-s/07/f4/17/45/artizen-tables-deli.jpg
000083.jpg,https://www.canr.msu.edu/contentAsset/image/6a529228-1e6f-42a9-b3fd-9dfe00f909d3/fileAsset/filter/Resize,Crop/resize_w/300/crop_w/300/crop_h/200/crop_x/0/crop_y/0
000084.jpg,https://www.friendsschoolplantsale.com/sites/default/files/styles/square_480/public/images/variety/v-pepper-tangerine-dream-rc-ball.jpg?itok=JCoMZCXY
000085.jpg,https://i2.wp.com/growhotpeppers.com/wp-content/uploads/2012/12/pick_peppers.jpg?fit=3264%2C2448&ssl=1
000086.jpg,https://edengardencentre.co.za/wp-content/uploads/2013/10/9370.jpg
000087.jpg,http://www.thistledownnursery.biz/assets/img/edibles/edibles-peppers-sweetbell.jpg
000088.jpg,https://seedsnsuch-qb2qm0z.netdna-ssl.com/wp-content/uploads/2018/11/Pep_Northstar_cmyk-1-457x500.jpg
000089.jpg,http://farm4.staticflickr.com/3822/10292369854_e9855c2155.jpg
000090.jpg,http://i67.tinypic.com/p117r.jpg
000091.jpg,https://www.seedman.com/image/jf597.jpg
000092.jpg,https://1.bp.blogspot.com/-Lfh2Vey0Cyc/WaN2hL_1yQI/AAAAAAAAA8c/UZGxjpqB7_khFMfKgX9sURJYPc3enquTgCLcBGAs/s1600/2-IMG_6276.JPG
000093.jpg,https://upload.wikimedia.org/wikipedia/commons/thumb/d/d6/Immature_jalapeno_capsicum_annuum_var_annuum.jpeg/1200px-Immature_jalapeno_capsicum_annuum_var_annuum.jpeg
000094.jpg,https://i.redd.it/zq8b639astpy.jpg
000095.jpg,http://www.diversivore.com/wp-content/uploads/2018/05/Puya-chilies-square.jpg
000096.jpg,https://www.pepperscale.com/wp-content/uploads/2014/11/pasilla-pepper-768x512.jpeg
000097.jpg,https://www.chilipeppermadness.com/wp-content/uploads/2019/08/Chilaca-Peppers.jpg
000098.jpg,http://www.gimmesomeoven.com/wp-content/uploads/2018/10/Holy-Mole-Sauce-Recipe-1.jpg
000099.jpg,https://t7-live-fsmn.nyc3.cdn.digitaloceanspaces.com/friendsschoolplantsale.com/files/images/variety/V-Pepper-jaloro-TradeWindsFruit.jpg
000100.jpg,https://www.greenvalleygrowers.com/uploads/1/2/3/6/123679897/ajircio.gif
000101.jpg,https://www.victoriananursery.co.uk/images/800/chilli_pepper_pasilla_bajio_001.jpg
000102.jpg,https://media-cdn.tripadvisor.com/media/photo-s/07/f4/17/3c/artizen-tables-deli.jpg
000103.jpg,https://0201.nccdn.net/4_2/000/000/082/8ea/176541762be0417a9ee2884c333f8140-500x500.jpg
000104.jpg,https://i.etsystatic.com/7720565/c/350/278/0/107/il/fcac76/1175948393/il_340x270.1175948393_gyxt.jpg
000105.jpg,https://www.chilipeppermadness.com/wp-content/uploads/2019/07/Cubanelle-Peppers.jpg
000106.jpg,https://s3.amazonaws.com/cdn.totallytomato.com/images/thumb/03083.jpg
000107.jpg,https://www.victoriananursery.co.uk/images/800/sq_chilli_pepper_cayenne_purple_001.jpg
000108.jpg,https://amyleestudios.files.wordpress.com/2011/10/dsc_5800.jpg
000109.jpg,https://t7-live-fsmn.nyc3.cdn.digitaloceanspaces.com/friendsschoolplantsale.com/files/images/variety/v-pepper-hot-super-chili-gr.jpg
000110.jpg,https://cdn.shopify.com/s/files/1/1537/5553/products/12719_07753e29-b63c-4704-a2ff-f69696ecaf77_medium.jpg?v=1553386811
000111.jpg,http://i1166.photobucket.com/albums/q611/heebner/Me/2012%20Garden/SANY0430.jpg
000112.jpg,http://farm4.staticflickr.com/3743/10292837773_31eede5e94.jpg
000113.jpg,https://d1nw62gticy6e9.cloudfront.net/uploads/Hot_and_Happy_Pepper_Seed_Mix1.jpg
000114.jpg,https://www.pepperscale.com/wp-content/uploads/2019/03/Guajillo-Pepper-1024x682.jpg
000115.jpg,https://i2.wp.com/www.homebakedjoy.com/wp-content/uploads/2016/05/Zucchini-Chili-6.jpg?resize=600%2C900
000116.jpg,https://www.spicesinc.com/images/product/large/293.jpg
000117.jpg,https://cdn.shopify.com/s/files/1/1766/2959/products/Pepper_Pasilla_Bajio_99ec31be-a4cd-4518-a13a-643c62acbc11_2048x.jpg?v=1536538911
000118.jpg,https://www.rogersgardens.com/wp-content/uploads/2019/02/hot-pepper-anaheim_LRG-800x800.jpg
000119.jpg,https://www.greenvalleygrowers.com/uploads/1/2/3/6/123679897/aconcagua.gif
000120.jpg,https://0201.nccdn.net/4_2/000/000/06b/a1b/Pepper-Cajun-Belle-535x535.jpg
000121.jpg,https://i2.wp.com/perrinelson.com/wp-content/uploads/2016/08/IMG_3870.jpg?resize=225%2C300
000122.jpg,https://lh3.googleusercontent.com/pd0s2RfVqp2Dar08VwD5mUENMJdc7rvZ_2nxmiLcPi_tsteIpslHBE2u6BgdIiTKeKsC2XZml-SbFnI=w3264-h1952-rw-no
000123.jpg,https://edengardencentre.co.za/wp-content/uploads/2013/10/Black-Pepper.jpg
000124.jpg,https://funwiththefrels.files.wordpress.com/2015/10/pantry-main.jpg?w=900&h=903
000125.jpg,https://www.macheesmo.com/wp-content/uploads/2012/04/mole_feature.jpg
000126.jpg,https://cdn.shopify.com/s/files/1/2132/0183/products/81ZJgPvW0VL._SX522_1024x1024.jpg?v=1529599239
000127.jpg,https://s3.amazonaws.com/cdn.totallytomato.com/images/thumb/03763.jpg
000128.jpg,https://www.gannett-cdn.com/-mm-/cc1bc2b7dc8850a6820828fd30897f6bca5c330f/c=0-240-4928-3024/local/-/media/2016/03/31/Springfield/Springfield/635950430643811503-hot-peppers-by-Juliana-Goodwin.jpg?width=3200&height=1680&fit=crop
000129.jpg,https://edengardencentre.co.za/wp-content/uploads/2013/10/jalapenopeppers.jpg
000130.jpg,https://www.seedman.com/image/5039.jpg
000131.jpg,https://www.victoriananursery.co.uk/images/800/sq_chilli_pepper_pinocchios_nose_001.jpg
000132.jpg,https://veritablyvegetarian.files.wordpress.com/2018/03/mole-e1521096937109.png?w=584
000133.jpg,https://www.pepperscale.com/wp-content/uploads/2015/10/Beaver-Dam-Pepper_3.jpg
000134.jpg,https://elevatednutrition.files.wordpress.com/2014/09/tomato1.jpg
000135.jpg,https://bloximages.newyork1.vip.townnews.com/bakersfield.com/content/tncms/assets/v3/editorial/5/74/57490694-8b1e-5c67-aec0-c0a93c2ba874/5d93e50ce4635.image.jpg?resize=1200%2C936
000136.jpg,https://d1nw62gticy6e9.cloudfront.net/uploads/DevilsTongueRedchilliseeds-300x300.jpg
000137.jpg,https://bloximages.newyork1.vip.townnews.com/wvgazettemail.com/content/tncms/assets/v3/editorial/8/83/8837bf0f-d2b6-59a0-9797-b5ccf7337398/5d812d734e128.image.jpg?resize=1200%2C800
000138.jpg,https://www.diversivore.com/wp-content/uploads/2016/10/Various-Dried-Mexican-Chilies-banner.jpg
000139.jpg,https://img-aws.ehowcdn.com/350x235p/photos.demandstudios.com/getty/article/154/200/200353187-001_XS.jpg
000140.jpg,https://store.brooklynbornchocolate.com/Images/bbc%20chocolate%20bar%20Chocolate%20Holy%20Mole%20Bar%201-19-18.jpg
000141.jpg,http://www.gimmesomeoven.com/wp-content/uploads/2018/10/Holy-Mole-Enchiladas-Recipe-with-Chicken-and-Black-Beans-1-1.jpg
000142.jpg,https://s3.amazonaws.com/cdn.totallytomato.com/images/thumb/00008.jpg
000143.jpg,https://www.canr.msu.edu/peppers/uploads/images/Guajillo%20x%20Poblano%20Hybrid%20Pepper.jpg
000144.jpg,https://t7-live-fsmn.nyc3.cdn.digitaloceanspaces.com/friendsschoolplantsale.com/files/images/variety/v-pepper-fish-sse.jpg
000145.jpg,https://prettybirdfarm.files.wordpress.com/2016/11/20161108_164008.jpg
000146.jpg,http://vivis-chili.dk/wp-content/uploads/2012/01/Holy-Mole1.jpg
000147.jpg,http://cutdriedflowerfarm.com/wp-content/uploads/2018/05/HotPepperPlantsIMG_9501.jpg
000148.jpg,https://i0.wp.com/happyacres.blog/wp-content/uploads/2018/08/ajiangelocontaineraug14watermarked.jpg?fit=600%2C469&ssl=1
000149.jpg,https://www.victoriananursery.co.uk/images/800/sq_chilli_pepper_cayenne_sweet_003.jpg
000150.jpg,https://www.chilipeppermadness.com/wp-content/uploads/2019/05/Anaheim-Peppers.jpg
000151.jpg,https://cdn.shopify.com/s/files/1/1537/5553/products/12556_medium.jpg?v=1507564274
000152.jpg,https://d1nw62gticy6e9.cloudfront.net/uploads/Organic-Joe-Parker-Pepper-300x300.jpg
000153.jpg,https://0201.nccdn.net/1_2/000/000/0d5/1a7/f11cca7f3bd74c9ca02b558309de1073-500x500.jpg
000154.jpg,https://www.victoriananursery.co.uk/images/800/sq_chilli_pepper_numex_april_fools_day_001.jpg
000155.jpg,https://www.almanac.com/sites/default/files/styles/primary_image_in_article/public/image_nodes/get-rid-of-moles.jpg?itok=Hdy3pnc7
000156.jpg,https://i0.wp.com/growhotpeppers.com/wp-content/uploads/2009/12/shutterstock_38729497.jpg?fit=1000%2C667&ssl=1&resize=350%2C200
000157.jpg,https://www.organicauthority.com/.image/t_share/MTU5MzI5NjI1NDY0ODQxODI0/peppers.jpg
000158.jpg,https://st.hzcdn.com/fimgs/1352203004cab2a5_0152-w500-h375-b0-p0--.jpg
000159.jpg,https://edengardencentre.co.za/wp-content/uploads/2013/10/cayenne_peppers2.jpg
000160.jpg,https://cdn10.bigcommerce.com/s-yaozho/products/4591/images/12211/Chili_Pepper_Garden_Salsa3__89311.1483501184.300.300.jpg?c=2
000161.jpg,https://www.chilipeppermadness.com/wp-content/uploads/2013/09/Birds-Eye-Peppers.jpg
000162.jpg,http://cdn.shopify.com/s/files/1/1890/9819/articles/Guajillo-Chili-Substitute_1024x1024.jpg?v=1536483439
000163.jpg,https://0201.nccdn.net/1_2/000/000/0d0/666/Pepper-Flaming-Flare-AAS-535x535.jpg
000164.jpg,http://seasonalseedsstore.com/uploads/3/5/3/7/35370299/s570394649134112489_p496_i1_w200.jpeg
000165.jpg,https://edengardencentre.co.za/wp-content/uploads/2013/10/dutchis.jpg
000166.jpg,https://img-aws.ehowcdn.com/350x235p/photos.demandstudios.com/getty/article/117/208/87714824_XS.jpg
000167.jpg,https://t7-live-fsmn.nyc3.cdn.digitaloceanspaces.com/friendsschoolplantsale.com/files/images/variety/V-Pepper-GhostChocolate-wiki-Jansen.jpg
000168.jpg,https://www.picclickimg.com/d/l400/pict/333219868604_/Autumn-Garden-13000-NonGmo-and-Organic-Seed-Buy.jpg
000169.jpg,https://farm6.staticflickr.com/5343/9809769255_1813c9d44a_b.jpg
000170.jpg,http://2.bp.blogspot.com/-N1vdhS8otAQ/VOk2rlW1n8I/AAAAAAAAP-s/RCUTT041UOc/s1600/pierres%2Bhole%2Bmole%2Bcroppy%2Broad%2Bice%2Bcream%2Bbistro%2Bpint.jpg
000171.jpg,https://s3.amazonaws.com/cdn.totallytomato.com/images/thumb/03038.jpg
000172.jpg,https://www.greenvalleygrowers.com/uploads/1/2/3/6/123679897/salsagarden.gif
000173.jpg,https://t4.thpservices.com/previewimage/gallil/1b502777abacd4357ace464e1eff955a/gwg-tre12680.jpg
000174.jpg,https://www.pepperscale.com/wp-content/uploads/2015/11/Italian-Long-Hot-Peppers-e1456720367116.jpg
000175.jpg,https://cdn.shopify.com/s/files/1/1537/5553/products/12798_medium.jpg?v=1544631106
000176.jpg,https://st.hzcdn.com/fimgs/b1a2ff7104cbe638_8890-w240-h393-b0-p0--.jpg
000177.jpg,http://3.bp.blogspot.com/_nT2_xut8ukY/TBJhs6KLDUI/AAAAAAAAC64/AAAPUCrnFC0/s1600/P5290513.JPG
000178.jpg,https://www.victoriananursery.co.uk/images/800/chilli_pepper_bulgarian_carrot_001.jpg
000179.jpg,https://t7-live-fsmn.nyc3.cdn.digitaloceanspaces.com/friendsschoolplantsale.com/files/images/variety/V-Pepper-BlackCobra-TradeWindsFruit.jpg
000180.jpg,https://cdn10.bigcommerce.com/s-yaozho/products/258/images/12234/Organic_Chili_Pepper_Seeds_Cayenne_Ring_of_Fire__83840.1483504102.300.300.jpg?c=2
000181.jpg,https://scontent-frx5-1.cdninstagram.com/vp/974ed5a3b54f34e41bf3292f18c6c639/5DC1B178/t51.2885-15/e35/s320x320/64857615_407837456483626_4833054198479813473_n.jpg?_nc_ht=scontent-frx5-1.cdninstagram.com&_nc_cat=110&ig_cache_key=MjA3MTIwMzYxNTMwOTQ3NzcyNA%3D%3D.2
000182.jpg,https://farm8.static.flickr.com/7032/6733999179_bd16f47145_b.jpg
000183.jpg,https://s3.amazonaws.com/cdn.totallytomato.com/images/thumb/03061.jpg
000184.jpg,https://bitsandbreadcrumbs.files.wordpress.com/2011/10/peppers.jpg
000185.jpg,https://upload.wikimedia.org/wikipedia/commons/thumb/5/58/Schinus_Molle.jpg/1200px-Schinus_Molle.jpg
000186.jpg,https://edengardencentre.co.za/wp-content/uploads/2013/10/ChiliPepper.jpg
000187.jpg,https://cdn.shopify.com/s/files/1/1537/5553/products/12607_1024x1024.jpg?v=1511276701
000188.jpg,https://d1nw62gticy6e9.cloudfront.net/uploads/Tobasco-Pepper-Seeds.jpg
000189.jpg,https://i.imgur.com/BBp2ZlH.jpg
000190.jpg,http://www.asenzya.com/wp-content/uploads/2016/05/Chili-Ancho.png
000191.jpg,https://t7-live-fsmn.nyc3.cdn.digitaloceanspaces.com/friendsschoolplantsale.com/files/images/variety/V-Pepper-Pequin-wikipedia-Sjalex76.jpg
000192.jpg,https://www.greenvalleygrowers.com/uploads/1/2/3/6/123679897/labomba.gif
000193.jpg,https://www.chilipeppermadness.com/wp-content/uploads/2013/09/Aji-Panca-Peppers-Dried.jpg
000194.jpg,https://media.istockphoto.com/photos/dark-mexican-chilies-in-bulk-in-the-market-a-mild-to-medium-dried-a-picture-id946586116
000195.jpg,https://www.pepperscale.com/wp-content/uploads/2015/05/Pasilla-Pepper-Substitute_lg1.jpg
000196.jpg,https://img-aws.ehowcdn.com/350x235p/photos.demandstudios.com/getty/article/41/25/86537819_XS.jpg
000197.jpg,https://d1nw62gticy6e9.cloudfront.net/uploads/Organic-Big-Jim-Pepper-300x300.jpg
000198.jpg,https://blackhillslocalfoods.files.wordpress.com/2010/09/100_3086.jpg
000199.jpg,https://www.canr.msu.edu/peppers/uploads/images/Poblano%20pepper.jpg
000200.jpg,https://i0.wp.com/happyacres.blog/wp-content/uploads/2015/03/happyyummycontainer.jpg?resize=401%2C600&ssl=1
000201.jpg,https://cdn10.bigcommerce.com/s-yaozho/products/4580/images/12222/numexbigjimchilipepper3__79703.1483502539.300.300.jpg?c=2
000202.jpg,https://cdn.shopify.com/s/files/1/1585/3941/products/12417_medium.jpg?v=1550782256
000203.jpg,https://s3.amazonaws.com/cdn.totallytomato.com/images/thumb/03080.jpg
000204.jpg,https://www.austinchronicle.com/binary/4cf3/hoja_santa.JPG
000205.jpg,https://d1nw62gticy6e9.cloudfront.net/uploads/Red-Sweet-Petite-Mini-Bell-Pepper-300x300.jpg
000206.jpg,https://0201.nccdn.net/1_2/000/000/127/547/08214ab3478d4d1b9b1865496acd3a8e-500x500.jpg
000207.jpg,https://www.spicesinc.com/images/product/large/10795.jpg
000208.jpg,https://elevatednutrition.files.wordpress.com/2014/09/img_2698.jpg
000209.jpg,https://www.chilipeppermadness.com/wp-content/uploads/2019/09/Sonoran-Peppers.jpg
000210.jpg,https://www.seedman.com/image/trn822.jpg
000211.jpg,https://www.rogersgardens.com/wp-content/uploads/2019/02/shishitos-quart-edited-1.jpg
000212.jpg,https://img-aws.ehowcdn.com/600x600p/photos.demandstudios.com/getty/article/88/29/86537829_XS.jpg
000213.jpg,https://pocketchangegourmet.com/wp-content/uploads/2014/04/12-Essential-Chili-Peppers.feature.jpg
000214.jpg,https://i2.wp.com/wellplated.com/wp-content/uploads/2018/05/Instant-Pot-Shredded-Chicken-Mole-Tacos-600x714.jpg
000215.jpg,https://www.victoriananursery.co.uk/images/800/sq_chilli_pepper_cow_horn_001.jpg
000216.jpg,http://yonderfarms.com/Yonder_Farms/Vegetables_files/Media/202/thumb.jpg
000217.jpg,https://images.dailykos.com/images/347419/large/IMG_2862.JPG?1483847179
000218.jpg,https://t7-live-fsmn.nyc3.cdn.digitaloceanspaces.com/friendsschoolplantsale.com/files/images/variety/v-pepper-korean-baker-creek.png
000219.jpg,https://edengardencentre.co.za/wp-content/uploads/2013/10/5043151365_a7e669c5fc_z.jpg
000220.jpg,http://farm4.static.flickr.com/3430/3397285838_9be1ca0e89_o.jpg
000221.jpg,https://dish-environment-prod-contentbucket-10u8bszryovz3.s3.amazonaws.com/assets/s3fs-public/styles/content_image_medium/public/mole-ingredients.jpg?itok=_i4Pn9z_
000222.jpg,https://blackgold.bz/wp-content/uploads/2017/08/summer-vegetables-peppers-jessie-keith-SMALL.jpg
000223.jpg,https://untappd.akamaized.net/photos/2019_09_11/15f33fff98d3d0cd7dfd15ba83ae3bb3_640x640.jpg
000224.jpg,http://4.bp.blogspot.com/-UF9SnE1eZ1Y/TmgLcQQ4h3I/AAAAAAAAAXU/qVIiefA3XyM/s1600/Aug2011+065.jpg
000225.jpg,http://i1.wp.com/shutupeat.com/wp-content/uploads/2017/05/mole-127.jpg?resize=300%2C200
000226.jpg,https://scontent-cdg2-1.cdninstagram.com/v/t51.2885-15/e35/65661993_141069916987534_991186463142163537_n.jpg?_nc_ht=scontent-cdg2-1.cdninstagram.com&se=7&oh=5c78b97adfe288bf0f19d4c073cfceaf&oe=5DE846F2&ig_cache_key=MjA3ODYzOTUzMDU3NTM1MjMyOQ%3D%3D.2
000227.jpg,https://0201.nccdn.net/1_2/000/000/0a7/54e/Pepper-Flaming-Jade-AAS-800x800.jpg
000228.jpg,https://s3.amazonaws.com/cdn.totallytomato.com/images/thumb/03008.jpg
000229.jpg,https://cdn.shopify.com/s/files/1/1537/5553/products/23432_1024x1024.jpg?v=1511277317
000230.jpg,https://www.chili-shop24.com/media/image/73/ac/19/9324_Capia_600x600.jpg
000231.jpg,https://cdn10.bigcommerce.com/s-yaozho/products/4597/images/12206/chili_Pepper-Santa-Fe-Grande__86567.1483489885.300.300.jpg?c=2
000232.jpg,https://media-cdn.tripadvisor.com/media/photo-s/07/f4/17/52/artizen-tables-deli.jpg
000233.jpg,https://www.rogersgardens.com/wp-content/uploads/2019/02/lemon_drop.23132643_std.jpg
000234.jpg,http://i182.photobucket.com/albums/x281/Combustation/2012-01-26130547.jpg
000235.jpg,https://www.cottercrunch.com/wp-content/uploads/2016/11/Quick-Sweet-Potato-Mole-Turkey-Chili-Paleo-5-763x1024.jpg
000236.jpg,https://www.chilipeppermadness.com/wp-content/uploads/2019/09/Numex-Joe-E-Parker.jpg
000237.jpg,https://img-aws.ehowcdn.com/350x235p/photos.demandstudios.com/getty/article/151/93/87537196_XS.jpg
000238.jpg,https://cdn.shopify.com/s/files/1/1585/3941/products/11443_medium.jpg?v=1550780346
000239.jpg,https://thewandertheory.com/wp-content/uploads/2017/07/Peppers_List_900.jpeg
000240.jpg,http://2.bp.blogspot.com/_XNzizZMhyX4/SZbnXjdLtaI/AAAAAAAAASg/BKD1Jg3ZiLU/s640/DSCN0933.JPG
000241.jpg,https://farm5.static.flickr.com/4092/4954517009_da4e217f7b.jpg
000242.jpg,https://gran.luchito.com/wp-content/uploads/2014/05/Jalapeno-mexican-chilli-pepper.jpg
000243.jpg,https://www.greenvalleygrowers.com/uploads/1/2/3/6/123679897/sweetbanana.gif
000244.jpg,https://2.bp.blogspot.com/-ObNpSgssFqQ/WaN2hNxLmFI/AAAAAAAAA8g/UmQmeFG0jVEUR3Vgb3QH5za-mYG_ccIPQCLcBGAs/s1600/1-IMG_6273.JPG
000245.jpg,https://t7-live-fsmn.nyc3.cdn.digitaloceanspaces.com/friendsschoolplantsale.com/files/styles/square_480/public/images/variety/V-Pepper-Habanada-BC.jpg?itok=o9JBBooh
000246.jpg,https://pheasantsforever.org/getattachment/f6f3cd45-d8ee-457e-bca8-12139c7e6abb/Pheasant-Mole-Enchiladas.aspx?maxsidesize=660&width=440&height=500
000247.jpg,https://d1nw62gticy6e9.cloudfront.net/uploads/Organic-emerald-Giant-Pepper-300x300.jpg
000248.jpg,https://s3.amazonaws.com/cdn.totallytomato.com/images/thumb/03746.jpg
000249.jpg,https://www.gannett-cdn.com/montage/3c/-mm-/ff2722faab74e4390a22115767c9234667612e40/c=400-0-2000-1600/local/-/media/2016/11/20/DetroitFreePress/DetroitFreePress/636152647129498643-Holy-Mole-112016-EC-04.jpg;/-mm-/ff2722faab74e4390a22115767c9234667612e40/c=400-0-2000-1600/local/-/media/2016/11/20/DetroitFreePress/DetroitFreePress/636152647217483207-Holy-Mole-112016-EC-07.jpg;/-mm-/ff2722faab74e4390a22115767c9234667612e40/c=400-0-2000-1600/local/-/media/2016/11/20/DetroitFreePress/DetroitFreePress/636152647143538733-Holy-Mole-112016-EC-01.jpg?width=640&padding=6&bg-color=ffffff
000250.jpg,https://img-aws.ehowcdn.com/350x235p/photos.demandstudios.com/getty/article/18/100/78365677_XS.jpg
000251.jpg,http://i1166.photobucket.com/albums/q611/heebner/Me/2012%20Garden/SANY0424.jpg
000252.jpg,http://www.gimmesomeoven.com/wp-content/uploads/2018/10/Holy-Mole-Enchiladas.jpg
000253.jpg,https://www.countrycleaver.com/wp-content/uploads/2012/04/IMG_6674-1.jpg
000254.jpg,https://cdn.shopify.com/s/files/1/1585/3941/products/00683_e1356090-c7f5-4e19-803e-b2ffebad2c3a_medium.jpg?v=1550776596
000255.jpg,https://colorfulgardenswholesale.com/wp-content/uploads/2018/05/pepper-hot-mucho-nacho.jpg
000256.jpg,https://pbs.twimg.com/profile_images/447646062585450496/2qeXkD1__400x400.jpeg
000257.jpg,https://www.chilipeppermadness.com/wp-content/uploads/2013/09/Espanola-Pepper.jpg
000258.jpg,https://d1nw62gticy6e9.cloudfront.net/uploads/Bhut-Jolokia-Pepper-Seed-Blend1-300x300.jpg
000259.jpg,https://cdn.shopify.com/s/files/1/1537/5553/products/11637_medium.jpg?v=1486445376
000260.jpg,http://benitosmexican.com/wp-content/uploads/2017/07/iStock-516819620.jpg
000261.jpg,https://yourmomsvegan.com/wp-content/uploads/2018/10/chili-onions-spices-salsa.jpg
000262.jpg,https://cdn10.bigcommerce.com/s-yaozho/products/4586/images/12216/chili_pepper_jalapeno_tam_pepper__44915.1483501636.300.300.jpg?c=2
000263.jpg,https://0201.nccdn.net/1_2/000/000/0b5/448/Hot-Pepper--Chichimeca-POOR-QUALITY-Square-500x500.jpg
000264.jpg,http://cdn.shopify.com/s/files/1/2132/0183/products/916L0s0p7KL._SX522_grande.jpg?v=1529599239
000265.jpg,https://s3.amazonaws.com/cdn.totallytomato.com/images/thumb/03754.jpg
000266.jpg,http://farm4.staticflickr.com/3712/10292787483_9ef16c80ec.jpg
000267.jpg,https://elevatednutrition.files.wordpress.com/2014/09/onion.jpg
000268.jpg,http://d2tfjcn1pw5sr4.cloudfront.net/sites/default/files/styles/square_480/public/images/variety/v-Pepper-CapezzolidiScimmia-Fatalii.jpg?itok=cOoHkCJV
000269.jpg,https://www.savoryspiceshop.com/content/mercury_modules/cart/items/2/7/4/2749/ratio4x3-400.jpg
000270.jpg,https://pocketchangegourmet.com/wp-content/uploads/2013/04/Jalapenos.jpg
000271.jpg,https://static.wixstatic.com/media/ab1c07_ffabd135df6d4ff0a85a732d5fdea658~mv2.jpg/v1/fill/w_622,h_464,al_c,q_80,usm_0.66_1.00_0.01/ab1c07_ffabd135df6d4ff0a85a732d5fdea658~mv2.webp
000272.jpg,https://space10io-zhjgfejx8sl.netdna-ssl.com/content/uploads/2019/05/SPACE10-%E2%80%93-Future-Food-Today-%E2%80%93-Holy-Mole-Fish-Taco-%E2%80%93-Web-%E2%80%93-Photo-by-Kasper-Kristoffersen-%E2%80%93-0031.jpg
000273.jpg,https://i2.wp.com/growhotpeppers.com/wp-content/uploads/2019/04/IMG_0382-426.jpg?fit=1200%2C800&ssl=1&resize=350%2C200
000274.jpg,https://www.greenvalleygrowers.com/uploads/1/2/3/6/123679897/sweetsavour.gif
000275.jpg,https://bucketeer-4da08c3b-09c2-42ba-9fcb-00880140f1a5.s3.amazonaws.com/public/classes/MOLE_slide2.jpg
000276.jpg,https://www.canr.msu.edu/contentAsset/image/baec7af8-2aad-4174-ad52-51c2b4508148/fileAsset/filter/Resize,Crop/resize_w/300/crop_w/300/crop_h/200/crop_x/0/crop_y/0
000277.jpg,http://secureservercdn.net/198.71.233.179/gje.f8e.myftpupload.com/wp-content/uploads/2018/10/mole9.png
000278.jpg,http://yonderfarms.com/Yonder_Farms/Vegetables_files/Media/Pepper20-20Garden20Salsa/thumb.jpg
000279.jpg,https://m.blog.hu/bl/blogkocsma/image/csilipaprikak/26.jpg
000280.jpg,https://res.cloudinary.com/ratebeer/image/upload/e_trim:1/d_beer_img_default.png,f_auto/beer_163023
000281.jpg,http://farm4.staticflickr.com/3698/10292472485_9a2598a461.jpg
000282.jpg,https://chasingchilli.com.au/wp-content/uploads/2017/04/Carolina-Reaper.png
000283.jpg,https://edengardencentre.co.za/wp-content/uploads/2013/10/vegetables.thaichilipeppers.DSC_0022.1280.jpg
000284.jpg,https://s3.amazonaws.com/cdn.totallytomato.com/images/thumb/03084.jpg
000285.jpg,https://www.healthyfood.co.uk/wp-content/uploads/2017/04/hole-mole-black-bean-chilli.gif
000286.jpg,https://www.mexicanplease.com/wp-content/uploads/2018/05/pipian-verde-adding-fresh-ingredients.jpg
000287.jpg,https://img-aws.ehowcdn.com/600x600p/photos.demandstudios.com/getty/article/214/58/skd286964sdc_XS.jpg
000288.jpg,https://www.rogersgardens.com/wp-content/uploads/2019/02/Serrano-Peppers2-800x800.jpg
000289.jpg,https://scontent.cdninstagram.com/vp/1fd3c8110de739c3ce267557fefd671a/5E1F92B6/t51.2885-15/sh0.08/e35/s640x640/68693038_2921616511397462_1865324557916713176_n.jpg?_nc_ht=scontent.cdninstagram.com
000290.jpg,https://untappd.akamaized.net/photos/2019_08_31/814160f1e42de2379dfa27de2b02dee2_640x640.jpg
000291.jpg,https://pocketchangegourmet.com/wp-content/uploads/2013/04/Pasilla.jpg
000292.jpg,http://mikesblog.americasdebate.com/wp-content/uploads/2008/07/100_6202.jpg
000293.jpg,https://cdn10.bigcommerce.com/s-yaozho/products/5260/images/13536/Pepper_Thai_Hot__35798.1514402910.300.300.jpg?c=2
000294.jpg,https://blog.stokesstores.com/wp-content/uploads/2018/05/IMG_5915.jpg
000295.jpg,https://www.picclickimg.com/d/l400/pict/171574110645_/Chilli-Powder-Mexican-Ancho-Chilli-Powder-1kg.jpg
000296.jpg,https://gran.luchito.com/wp-content/uploads/2014/05/habanero-mexican-chilli-pepper.jpg
000297.jpg,https://farm5.static.flickr.com/4132/5024291326_9de0e3f901.jpg
000298.jpg,https://1.bp.blogspot.com/-rCr6IHyQd9s/W_2R0jX_rpI/AAAAAAAAIPk/GxnrNO2FnxU3iWLrvXjwLaWCxyoThCoYACLcBGAs/s640/IMG_6036.JPG
000299.jpg,https://m.blog.hu/bl/blogkocsma/image/csilipaprikak/15.jpg
000300.jpg,https://cdn.shopify.com/s/files/1/2132/0183/products/71MekachGNL._SL1200_1024x1024.jpg?v=1529599239
000301.jpg,https://colorfulgardenswholesale.com/wp-content/uploads/2018/05/pepper-hot-hungarian-wax.jpg
000302.jpg,https://www.presstelegram.com/wp-content/uploads/migration/2017/201704/FEATURES_170429639_AR_0_AJXNRWINITME.jpg?w=620
000303.jpg,http://www.thistledownnursery.biz/assets/img/edibles/edibles-peppers.jpg
000304.jpg,http://howwillmygardengrow.com/wp-content/uploads/2019/04/IMG_7692-e1555371117354.jpg
000305.jpg,https://d1nw62gticy6e9.cloudfront.net/uploads/Super_Chili1-250x300.jpg
000306.jpg,http://www.johnstonplants.com/images/peppers/chilli-pepper-institure-bhut-jolokia.jpg
000307.jpg,http://i1.wp.com/shutupeat.com/wp-content/uploads/2017/05/1441600246762.jpeg
000308.jpg,http://farm8.staticflickr.com/7365/10292539204_333160e8b8.jpg
000309.jpg,https://www.chilipeppermadness.com/wp-content/uploads/2019/09/Numex-RNaky.jpg
000310.jpg,https://1.bp.blogspot.com/-epHQl5T6xNE/V8HDR5D531I/AAAAAAAKwIg/lhLZdIzqzqw-7TYEvq9yrsTCF82YGqneQCLcB/s1600/Holy%2BMole%2BBeefsteak%2BChili%2BCon%2BCarne.jpg
000311.jpg,https://easyfoodhacks.files.wordpress.com/2012/03/d1b80-p3104424.jpg?w=356&h=267
000312.jpg,https://t7-live-fsmn.nyc3.cdn.digitaloceanspaces.com/friendsschoolplantsale.com/files/images/variety/v-Pepper-BirdsEyeBaby-Fatalii.jpg
000313.jpg,https://static.spacecrafted.com/f69a70dec9ec4f3bb3d00f3cbdcfe1fe/i/b1ebd48e03e249cba7510caf73a0673a/1/4SoifmQp45JMgBnHgiPBA/Guajillo%20Chiles.jpg
000314.jpg,http://www.johnstonplants.com/images/peppers/serrano.jpg
000315.jpg,http://howwillmygardengrow.com/wp-content/uploads/2019/04/IMG_7621-1024x768.jpeg
000316.jpg,https://www.ocado.com/productImages/417/417258011_0_640x640.jpg?identifier=81ea817d8021569e2765e2cddfdae1d0
000317.jpg,https://0201.nccdn.net/4_2/000/000/008/486/Pepper--jalafuego-500x500.jpg
000318.jpg,https://pbs.twimg.com/media/BX7U-ImIgAA4IEN.jpg
000319.jpg,https://www.veganfoodandliving.com/wp-content/uploads/2017/06/Holy-Moly-Saintly-Original-Guacamole-photo-credit-Holy-Moly-1.jpg
000320.jpg,https://www.gannett-cdn.com/-mm-/5940e049fcfd3258dd650a761334fe5476f0d9ab/c=222-0-1566-2400/local/-/media/2016/04/13/PAGroup/YorkDailyRecord/635961486834513551-YDR-CD-041016-container-garden-5.jpg?width=580&height=1031&fit=crop
000321.jpg,https://d1nw62gticy6e9.cloudfront.net/uploads/Gypsy-Pepper-Seeds.jpg
000322.jpg,https://www.greenvalleygrowers.com/uploads/1/2/3/6/123679897/tridentscorpion.gif
000323.jpg,https://irepo.primecp.com/2016/03/269501/recipe-23940_ExtraLarge1000_ID-1528020.jpg?v=1528020
000324.jpg,https://gran.luchito.com/wp-content/uploads/2014/05/pequin-mexican-chilli-pepper.jpg
000325.jpg,https://jolygram.com/img/stuffit765791092.jpg?aHR0cHM6Ly9zY29udGVudC1hbXM0LTEuY2RuaW5zdGFncmFtLmNvbS92L3Q1MS4yODg1LTE1L2UzNS8zNTk5OTE1OV8yMzA2Mzk1MzQyMTIyNzZfNjQxMTEzMDQ5NjI4OTM0MTQ0X24uanBnP19uY19odD1zY29udGVudC1hbXM0LTEuY2RuaW5zdGFncmFtLmNvbSZzZT03Jm9oPTczZDU2ZDIxZGNjMTkzMGQxY2E2Njg0YTdhY2EzZGM0Jm9lPTVERDNGREE4JmlnX2NhY2hlX2tleT1NVGd4TnpFeE9UWTROamt4TmpJM01ETXpOUSUzRCUzRC4y
000326.jpg,http://i1185.photobucket.com/albums/z354/SoCalCH/DSCN0302.jpg
000327.jpg,https://cdn.shopify.com/s/files/1/1585/3941/products/12416_medium.jpg?v=1550782250
000328.jpg,https://beerconnoisseur.com/sites/default/files/articles/2018/chili_pepper_beers_bring_the_heat/11.jpg
000329.jpg,https://cdn.shopify.com/s/files/1/1537/5553/products/12772_medium.jpg?v=1544630988
000330.jpg,http://roneade.com/wp-content/uploads/2014/03/IMG_8541.jpg
000331.jpg,https://media.foodnetwork.ca/recipetracker/17999e5e-d022-4511-9ac4-679c55d97139_Hole%20Mole%20Burrito_WebReady.jpg
000332.jpg,https://yourmomsvegan.com/wp-content/uploads/2018/10/chili-ingredients-vert.jpg
000333.jpg,https://www.sarcasticcooking.com/wp-content/uploads/2017/08/red-mole-sauce.jpg
000334.jpg,http://www.diversivore.com/wp-content/uploads/2018/05/Ancho-chilies-square-2.jpg
000335.jpg,http://www.johnstonplants.com/images/peppers/Trinidad-Moruga-Sc_2140472b.jpg
000336.jpg,https://edengardencentre.co.za/wp-content/uploads/2013/10/ChilliHungarianYellowWax0-500x500.jpg
000337.jpg,https://s3.amazonaws.com/cdn.totallytomato.com/images/thumb/03036.jpg
000338.jpg,https://images.squarespace-cdn.com/content/v1/50c8d6dbe4b015d1d5e7fa21/1429402472466-JT488SRUXOBVLB3NKU7W/ke17ZwdGBToddI8pDm48kKWebp3cCkqjElJlDI8NzLx7gQa3H78H3Y0txjaiv_0fDoOvxcdMmMKkDsyUqMSsMWxHk725yiiHCCLfrh8O1z5QPOohDIaIeljMHgDF5CVlOqpeNLcJ80NK65_fV7S1Ubs7kPH3GF6_zBjXd_452txcu6z3wPoRAi103lsPWGnMoRwB-dUGsSquCnVTFQcaRg/HolyMole%211.png
000339.jpg,https://www.wikihow.com/images/thumb/5/54/Make-Mole-Sauce-Step-24.jpg/aid495200-v4-728px-Make-Mole-Sauce-Step-24.jpg
000340.jpg,https://cdn3.volusion.com/xmrez.zqxet/v/vspfiles/photos/R14761-2.jpg?1353420373
000341.jpg,http://storage.ning.com/topology/rest/1.0/file/get/2654458865?profile=RESIZE_320x320
000342.jpg,https://scontent-dfw5-1.cdninstagram.com/vp/a3ca28b0d71d296d4ec62bd6abc11623/5DDC7B97/t51.2885-15/fr/e15/s1080x1080/66358364_1800046576806311_651519516406873217_n.jpg?_nc_ht=scontent-dfw5-1.cdninstagram.com
000343.jpg,https://www.rogersgardens.com/wp-content/uploads/2019/02/Bhut-Jolokia-%E2%80%9CRed-Ghost%E2%80%9D-e1551293549900.jpg
000344.jpg,https://cdn.shopify.com/s/files/1/1537/5553/products/00982_medium.jpg?v=1511409809
000345.jpg,http://www.albinusfro.dk/images/Pepper-HolyMole-II-p.jpg
000346.jpg,https://colorfulgardenswholesale.com/wp-content/uploads/2018/05/pepper-hot-long-red.jpg
000347.jpg,https://edengardencentre.co.za/wp-content/uploads/2013/10/Chili_0020_aji_0020_cito.jpg
000348.jpg,http://www.diversivore.com/wp-content/uploads/2018/05/Chinese-chilies-square.jpg
000349.jpg,https://www.sarcasticcooking.com/wp-content/uploads/2017/08/1-only-child-brewing-stout-red-mole-sauce.jpg
000350.jpg,https://pocketchangegourmet.com/wp-content/uploads/2013/04/Serranos.jpg
000351.jpg,http://i1185.photobucket.com/albums/z354/SoCalCH/DSCN0306.jpg
000352.jpg,https://d1nw62gticy6e9.cloudfront.net/uploads/Redskin-Sweet-Pepper-Seeds.jpg
000353.jpg,https://t7-live-fsmn.nyc3.cdn.digitaloceanspaces.com/friendsschoolplantsale.com/files/images/variety/v-de_padron-wiki-lmbuga.jpg
000354.jpg,https://colorfulgardenswholesale.com/wp-content/uploads/2018/05/pepper-hot-poblano.jpg
000355.jpg,http://media1.myfolio.com/users/sking/images/thumbs/zhqnp0c8fp_poster.jpg
000356.jpg,https://i.etsystatic.com/16318392/d/il/86b031/1403538975/il_340x270.1403538975_1a8x.jpg?version=0
000357.jpg,https://raster-static.postmates.com/?url=com.postmates.img.prod.s3.amazonaws.com/2ad97ba9-90fd-48ee-8f3a-5871783a79f3/orig.jpg&quality=90&w=1500&h=900&mode=crop&format=jpg&v=4
000358.jpg,https://www.almanac.com/sites/default/files/users/AlmanacStaffArchive/moles-in-yard-ground-moles_full_width.jpg
000359.jpg,https://cdn10.bigcommerce.com/s-yaozho/products/5258/images/13528/Pepper_Prik_Chi_Faa_Medium_Hot_Thai__55781.1514401658.300.300.jpg?c=2
000360.jpg,http://2.bp.blogspot.com/_nT2_xut8ukY/TBJhmCilpTI/AAAAAAAAC6w/ivdZx6lSkbs/s1600/P5290516.JPG
000361.jpg,http://cdn.shopify.com/s/files/1/1654/8555/articles/IMG_8230_1024x1024.JPEG?v=1563387525
000362.jpg,https://i2.wp.com/standeyo.com/NEWS/14_Food_Water/14_Food_Water_pics/140303.mucho.nacho.jpg?resize=251%2C320
000363.jpg,https://www.greenvalleygrowers.com/uploads/1/2/3/6/123679897/hungarianhotwax.gif
000364.jpg,http://howwillmygardengrow.com/wp-content/uploads/2019/07/IMG_7930-1024x768.jpeg
000365.jpg,http://coffeetarian.com/wp-content/plugins/RSSPoster_PRO/cache/52db3_spur-spicy.jpg
000366.jpg,https://www.chilipeppermadness.com/wp-content/uploads/2019/06/Guajillo-Peppers.jpg
000367.jpg,https://i1.wp.com/theheritagecook.com/wp-content/uploads/2011/05/mole.jpg?resize=699%2C589&ssl=1
000368.jpg,https://cdn.shopify.com/s/files/1/1537/5553/products/11660_medium.jpg?v=1486445428
000369.jpg,http://i1185.photobucket.com/albums/z354/SoCalCH/DSCN0309.jpg
000370.jpg,https://prettybirdfarm.files.wordpress.com/2016/11/20161106_141901.jpg?w=640
000371.jpg,https://www.almanac.com/sites/default/files/users/AlmanacStaffArchive/mole-damage-tunnels_full_width.jpg
000372.jpg,https://www.canr.msu.edu/contentAsset/image/7e8eef4a-d100-4173-ba00-1c7c5ecb7e5a/fileAsset/filter/Resize,Crop/resize_w/300/crop_w/300/crop_h/200/crop_x/0/crop_y/0
000373.jpg,https://i1.wp.com/www.homesicktexan.com/wp-content/uploads/2009/02/Texas-chili-with-seven-chiles-DSC3817.jpg?resize=900%2C598
000374.jpg,https://img.sndimg.com/food/image/upload/c_thumb,q_80,w_412,h_232/v1/img/recipes/78/74/0/picBv2JGB.jpg
000375.jpg,https://www.chilliseedbank.com.au/media/catalog/product/cache/image/720x560/4c3462793ba5f87d7658a49338bdb5e2/w/h/whole_dried_ancho.jpg
000376.jpg,https://upload.wikimedia.org/wikipedia/commons/thumb/5/50/Madame_Jeanette_and_other_chillies.jpg/1200px-Madame_Jeanette_and_other_chillies.jpg
000377.jpg,https://i2.wp.com/pressureluckcooking.com/wp-content/uploads/2018/06/Chicken-Mole-1.jpg?w=1080&ssl=1
000378.jpg,https://d3awvtnmmsvyot.cloudfront.net/api/file/8uCfZMJIQ7aClSwVPBwL/convert?fit=crop&w=300&h=200&quality=60&cache=true&rotate=exif&compress=true
000379.jpg,https://0201.nccdn.net/4_2/000/000/058/ad8/Pepper-Emerald-Fire-535x535.jpg
000380.jpg,http://eatlocal365.com/wp-content/uploads/2011/03/2011-03-13_Mole_Chili8.jpg
000381.jpg,https://www.organicauthority.com/.image/ar_16:9%2Cc_fill%2Ccs_srgb%2Cfl_progressive%2Cg_faces:center%2Cq_auto:good%2Cw_620/MTU5MzMwMjMzNDczMTE1NzQ0/freshsalsagarden.jpg
000382.jpg,http://1.bp.blogspot.com/-A2MC-exBSqo/TlznNOvKYyI/AAAAAAAAFis/Detd_rXXmAk/s1600/9237a.jpg
000383.jpg,https://i.imgur.com/jLhSfrSh.jpg
000384.jpg,https://cdn10.bigcommerce.com/s-yaozho/products/5259/images/13533/Pepper_Takanotsume_Hawk_Claw_Hot__01845.1514402441.300.300.jpg?c=2
000385.jpg,https://static.spacecrafted.com/f69a70dec9ec4f3bb3d00f3cbdcfe1fe/i/ee44e6f91030422ea9369ab1d79cf0ab/1/4SoifmQp45JMgBnHgiPBA/Chipotle%20Morita%20Chiles.jpg
000386.jpg,https://tucsoneatsdinner.com/wp-content/uploads/2014/05/Holy-Mole.jpg
000387.jpg,http://www.onetomato-twotomato.com/wp-content/uploads/2014/06/Guajillo-Chili-Peppers.png
000388.jpg,https://slideplayer.com/slide/1723402/7/images/4/Chili+pepper%3A+Varieties.jpg
000389.jpg,http://www.onetomato-twotomato.com/wp-content/uploads/2014/06/Chicken-Stuffed-Poblanos-with-Chile-Cherry-Mole-Recipe.png
000390.jpg,http://joyit.co/wp-content/uploads/2019/10/mole-resistant-plants-voles-mole-vole-resistant-plants.jpg
000391.jpg,https://thegenuinekitchen.files.wordpress.com/2010/06/img_0894.jpg
000392.jpg,http://www.diversivore.com/wp-content/uploads/2018/05/Arbol-chilies-square.jpg
000393.jpg,https://www.metroweekly.com/articles/blogimages/foodwise/assets_c/2013/11/MoleRojo3-thumb-550x365-5191.jpg
000394.jpg,https://colorfulgardenswholesale.com/wp-content/uploads/2018/05/pepper-hot-portugal.jpg
000395.jpg,https://cdn.copymethat.com/media/orig_recipe-20160914061905758373e4lmie.jpg
000396.jpg,https://cdn10.bigcommerce.com/s-yaozho/products/5256/images/13522/Pepper_Bird_Hot_Thai__92247.1523743433.300.300.jpg?c=2
000397.jpg,https://1.bp.blogspot.com/-1e1cBiE_Z-Q/Wv0u8foXRwI/AAAAAAAATKU/E65SWOn2iOAXxIXWiQEhQUyCLIj1uM47gCLcBGAs/s1600/Holy%2Bmoly%2Bpeppers_Westlandpeppers%2B%25282%2529.JPG
000398.jpg,https://i.ytimg.com/vi/_Uhfpo4Y9zY/maxresdefault.jpg
000399.jpg,https://media1.fdncms.com/charleston/imager/u/original/28290082/screen_shot_2019-05-14_at_4.56.54_pm.png
000400.jpg,https://pbs.twimg.com/media/Do1wLdsU4AASHTn.jpg
000401.jpg,https://static.spacecrafted.com/f69a70dec9ec4f3bb3d00f3cbdcfe1fe/i/e7d2f0d0eba84e5d9bbd20cf7a93db70/1/4SoifmQp45JMgBnHgiPBA/Mulato%20Chiles.jpg
000402.jpg,https://www.chilipeppermadness.com/wp-content/uploads/2019/04/Espelette-Chili-Peppers.jpg
000403.jpg,https://www.cayennediane.com/wp-content/uploads/2016/10/Palestine-TX-Hot-Pepper-Festival-2019.png
000404.jpg,http://i1185.photobucket.com/albums/z354/SoCalCH/DSCN0263.jpg
000405.jpg,https://fatmandoo.files.wordpress.com/2014/06/20140609-193414.jpg
000406.jpg,https://lespetitesgourmettes.com/wp-content/uploads/2011/10/nostick.jpg
000407.jpg,https://farm5.static.flickr.com/4151/4955094460_a224cb4e60.jpg
000408.jpg,http://www.diversivore.com/wp-content/uploads/2019/01/Oaxaca-chilies-square.jpg
000409.jpg,http://eatlocal365.com/wp-content/uploads/2011/03/2011-03-13_Mole_Chili7.jpg
000410.jpg,https://i0.wp.com/happyacres.blog/wp-content/uploads/2015/03/peppercontainer.jpg?ssl=1
000411.jpg,http://www.asenzya.com/wp-content/uploads/2016/05/Chili-Anaheim.png
000412.jpg,https://assets.tastecooking.com/wp-content/uploads/2017/07/PRES_Peppers_Cvr.jpg
000413.jpg,https://0201.nccdn.net/1_2/000/000/0eb/d3c/Pepper-Hot-Sunset-AAS-800x800.jpg
000414.jpg,https://cdn.shopify.com/s/files/1/0915/1060/products/Caramel_trinidad_scorpion_moruga-hot-pepper-pepper-joes_1024x1024.jpg?v=1476888068
000415.jpg,https://pocketchangegourmet.com/wp-content/uploads/2013/04/Chiles-de-arbol.jpg
000416.jpg,https://blog.fatfreevegan.com/wp-content/uploads/2014/02/chipotle-dressing1.jpg
000417.jpg,https://www.greenvalleygrowers.com/uploads/1/2/3/6/123679897/flamingflare.gif
000418.jpg,https://cdn.shopify.com/s/files/1/1455/0504/products/dried_hole_mole_large.png?v=1516971182
000419.jpg,http://i1185.photobucket.com/albums/z354/SoCalCH/DSCN0308.jpg
000420.jpg,https://farm5.static.flickr.com/4131/4955105494_820f67615e.jpg
000421.jpg,https://www.seedman.com/image/jf645.jpg
000422.jpg,https://lespetitesgourmettes.com/wp-content/uploads/2011/10/fillingench.jpg
000423.jpg,https://upload.wikimedia.org/wikipedia/commons/thumb/a/a3/Green_Chilli_with_Kakroda.jpg/220px-Green_Chilli_with_Kakroda.jpg
000424.jpg,https://www.veganfoodandliving.com/wp-content/uploads/2017/06/Holy-Moly-range-300dpi-print-photo-credit-Holy-Moly.jpg
000425.jpg,https://www.rareseeds.com/assets/1/7/MainFCKEditorDimension/mole8.jpg
000426.jpg,https://cdn.shopify.com/s/files/1/1585/3941/products/11673_medium.jpg?v=1550780774
000427.jpg,https://i.etsystatic.com/8838353/r/il/ddc9e2/1651088178/il_570xN.1651088178_j3s6.jpg
000428.jpg,https://cdn10.bigcommerce.com/s-yaozho/products/4575/images/12228/chili_pepper_cayenne_espana3__58034.1483502977.300.300.jpg?c=2
000429.jpg,http://roneade.com/wp-content/uploads/2014/03/10602002-red-hot-chili-pepper-cartoon.jpg
000430.jpg,https://colorfulgardenswholesale.com/wp-content/uploads/2018/05/pepper-hot-ghost-pepper.jpg
000431.jpg,http://benitosmexican.com/wp-content/uploads/2017/07/Mexican-Chili-Peppers-2.jpg
000432.jpg,http://i1185.photobucket.com/albums/z354/SoCalCH/DSCN0312.jpg
000433.jpg,http://www.johnstonplants.com/images/peppers/jalapeno.JPG
000434.jpg,https://cdn.shopify.com/s/files/1/1585/3941/products/11639_c76ff94d-03de-4ade-8795-048fc0b96b49_medium.jpg?v=1550780682
000435.jpg,https://k8643br9gv-flywheel.netdna-ssl.com/wp-content/uploads/2009/09/roasting-chiles-grill-kalynskitchen.jpg
000436.jpg,https://www.greenvalleygrowers.com/uploads/1/2/3/6/123679897/super-chilli.gif
000437.jpg,https://beerservedrare.files.wordpress.com/2013/11/night-shift-holy-mole.jpg
000438.jpg,https://cdn.shopify.com/s/files/1/2132/0183/products/5515_400x400_crop_center.jpg?v=1567115439
000439.jpg,https://www.gretasday.com/wp-content/uploads/2017/07/Holy-Mole-cocktail.jpg
000440.jpg,https://edengardencentre.co.za/wp-content/uploads/2013/10/peppersfordryingoct14.jpg
000441.jpg,https://media-cdn.tripadvisor.com/media/photo-s/03/73/9b/a0/holy-guacamole.jpg
000442.jpg,http://benitosmexican.com/wp-content/uploads/2017/07/iStock-506712023.jpg
000443.jpg,https://www.chilipeppermadness.com/wp-content/uploads/2013/09/Bolivian-Rainbow-Peppers.jpg
000444.jpg,https://www.presstelegram.com/wp-content/uploads/migration/2017/201704/FEATURES_170429639_EP_-1_VSZFFGUUMSZN.jpg?w=620
000445.jpg,http://i1185.photobucket.com/albums/z354/SoCalCH/DSCN0301.jpg
000446.jpg,https://gran.luchito.com/wp-content/uploads/2014/05/arbol-mexican-chilli.jpg
000447.jpg,http://www.joytroupe.com/wp-content/uploads/2015/02/HolyMoleChiliEESC-e1508347575692-1024x794.jpg
000448.jpg,https://static.spacecrafted.com/f69a70dec9ec4f3bb3d00f3cbdcfe1fe/i/d5eca865575b413795dd146115103945/1/4SoifmQp45JMgBnHgiPBA/Tien%20Tsin%20Chiles.jpg
000449.jpg,https://www.seedman.com/image/pep249.jpg
000450.jpg,http://cdn.foodbeast.com/content/uploads/2014/07/Mellow-Chicken-Mole-Pizza.jpg
000451.jpg,https://yourmomsvegan.com/wp-content/uploads/2018/10/chili-bowl-sunflower-horiz.jpg
000452.jpg,http://www.johnstonplants.com/images/peppers/nardello_2.JPG
000453.jpg,https://www.rareseeds.com/assets/1/7/MainFCKEditorDimension/berbere1.jpg
000454.jpg,https://imagesvc.meredithcorp.io/v3/mm/image?url=https%3A%2F%2Fcdn-image.myrecipes.com%2Fsites%2Fdefault%2Ffiles%2Fstyles%2Fmedium_2x%2Fpublic%2Fslow-cooker-chicken-mole-ck.jpg%3Fitok%3DuCih3yJb&w=450&c=sc&poi=face&q=85
000455.jpg,https://colorfulgardenswholesale.com/wp-content/uploads/2018/05/pepper-hot-big-chili.jpg
000456.jpg,https://cdn.shopify.com/s/files/1/1585/3941/products/00657_6e5fc336-c375-4571-8ec9-153d7e714241_medium.jpg?v=1550776542
000457.jpg,http://www.muttiworld.com/images/gardenblog/peppers.jpg
000458.jpg,https://pbs.twimg.com/media/ECKLhG7XUAEKsYz.jpg
000459.jpg,https://i.etsystatic.com/8838353/r/il/144872/1650799724/il_570xN.1650799724_ktve.jpg
000460.jpg,https://cdn10.bigcommerce.com/s-yaozho/products/4470/images/12232/Sweet_Heat_F1_Chili_Pepper__84043.1523743407.300.300.jpg?c=2
000461.jpg,https://scontent-cdt1-1.cdninstagram.com/vp/7595dac4dbca0fab0256dc30e3d9c477/5DE6E4EF/t51.2885-15/sh0.08/e35/p750x750/57240732_163012944701338_1283958106946953206_n.jpg?_nc_ht=scontent-cdt1-1.cdninstagram.com&ig_cache_key=MjAzMjcxMjA2OTA3ODczODYzOA%3D%3D.2
000462.jpg,http://www.johnstonplants.com/images/peppers/chinese_giant.jpg
000463.jpg,https://www.gannett-cdn.com/-mm-/a98a624de7c393bee55318166953890fd5c0f5a5/c=136-0-2264-1600/local/-/media/2016/11/20/DetroitFreePress/DetroitFreePress/636152647129498643-Holy-Mole-112016-EC-04.jpg?width=520&height=390&fit=crop
000464.jpg,https://www.chilipeppermadness.com/wp-content/uploads/2019/08/Banana-Peppers2.jpg
000465.jpg,https://dkscooks.files.wordpress.com/2010/07/img_1684.jpg
000466.jpg,https://cdn.shopify.com/s/files/1/2132/0183/products/4548_400x400_crop_center.jpg?v=1567115726
000467.jpg,https://gran.luchito.com/wp-content/uploads/2014/05/poblano-mexican-chilli-pepper.jpg
000468.jpg,https://www.greenvalleygrowers.com/uploads/1/2/3/6/123679897/sweetsunset.gif
000469.jpg,https://cdn.instructables.com/FTU/BW6J/H5ED98C5/FTUBW6JH5ED98C5.LARGE.jpg?auto=webp&width=1024&height=1024&fit=bounds
000470.jpg,https://i1.wp.com/growhotpeppers.com/wp-content/uploads/2015/05/HandsInSoil.jpg?resize=350%2C200
000471.jpg,https://www.seedman.com/image/jf707.jpg
000472.jpg,http://www.asenzya.com/wp-content/uploads/2016/05/Chili-Jalapeno.png
000473.jpg,https://m.blog.hu/bl/blogkocsma/image/csilipaprikak/25.jpg
000474.jpg,https://lh3.ggpht.com/-Kx54Sm5f2Ao/VLaomJAMbPI/AAAAAAAAHB0/vCpiGStqW3g/Mole%252520verde2B_thumb%25255B5%25255D.jpg?imgmax=800
000475.jpg,https://www.rachaelrayshow.com/sites/default/files/styles/video_1920x1080/public/images/2019-08/pozole-tuesday-nl.jpg?itok=Zx6YTBsE
000476.jpg,https://0201.nccdn.net/1_2/000/000/092/f3b/Pepper-habanero-Roulette-800x800.jpg
000477.jpg,https://colorfulgardenswholesale.com/wp-content/uploads/2018/05/pepper-biscayne.jpg
000478.jpg,http://www.lambrechtgourmet.com/image/cache/catalog/mole/hm16tin-500x500.jpg
000479.jpg,https://www.rogersgardens.com/wp-content/uploads/2019/02/farmsharebox-jan2019-2-31-500x383.jpg
000480.jpg,https://volantefarms.files.wordpress.com/2011/09/cimg2036.jpg
000481.jpg,https://i2.wp.com/thesuburbansoapbox.com/wp-content/uploads/2017/03/Mole-Chicken-Enchiladas-4-220x280.jpg
000482.jpg,https://photo.interior-designy.com/extra/it/2017_garden/holy-mole-pepper-plants.jpg
000483.jpg,https://www.cottercrunch.com/wp-content/uploads/2016/11/Quick-Sweet-Potato-Mole-Turkey-Chili-Paleo-8.jpg
000484.jpg,http://i1185.photobucket.com/albums/z354/SoCalCH/DSCN0307.jpg
000485.jpg,https://media.npr.org/assets/img/2012/11/19/_mg_0075_custom-8e5795d750f65cd9085542017ea8325482355dca-s800-c85.jpg
000486.jpg,https://www.rogersgardens.com/wp-content/uploads/2019/02/farmsharebox-jan2019-2-31.jpg
000487.jpg,https://www.picclickimg.com/d/l400/pict/282834502961_/Sphincter-of-Fire-by-Joe-Pepper-Sauce-Holy.jpg
000488.jpg,https://www.chilipeppermadness.com/wp-content/uploads/2013/09/Chimayo-Pepper.jpg
000489.jpg,http://www.puebla-mexico.com/wordpress/wp-content/uploads/2010/06/mole-poblano.jpg
000490.jpg,https://www.seedman.com/image/jf572.jpg
000491.jpg,http://www.holemole.com/assets/img/menu/wet_burrito.jpg
000492.jpg,https://www.rogersgardens.com/wp-content/uploads/2019/02/poblano-ancho-hot-pepper.jpg
000493.jpg,https://thewandertheory.com/wp-content/uploads/2017/07/Chiles_2.jpg
000494.jpg,https://i2.wp.com/lilachillgreenhouse.com/wp-content/uploads/2019/04/vegetables-752153_1920.jpg?fit=1200%2C821&w=640
000495.jpg,https://pocketchangegourmet.com/wp-content/uploads/2013/04/Guajillo.jpg
000496.jpg,https://macore.com/categories/stream_tag/B3V2621.jpg
000497.jpg,https://i1.wp.com/www.foodrepublic.com/wp-content/uploads/2016/05/enchiladas.jpg?fit=700%2C423&ssl=1
000498.jpg,https://www.rareseeds.com/assets/1/7/MainFCKEditorDimension/mole10.jpg
000499.jpg,http://www.johnstonplants.com/images/peppers/butchT.jpg
000500.jpg,https://cdn.shopify.com/s/files/1/0645/7913/products/holemole_2048x.png?v=1545630603
000501.jpg,https://m.blog.hu/bl/blogkocsma/image/csilipasztak/21.jpg
000502.jpg,https://assets.epicurious.com/photos/560d998df9a84192308a1a28/1:1/w_600%2Ch_600/238185.jpg
000503.jpg,https://upload.wikimedia.org/wikipedia/en/f/f5/Commercial_Mole.jpg
000504.jpg,https://i.etsystatic.com/14146578/r/il/4cc6a3/1449739413/il_570xN.1449739413_e81a.jpg
000505.jpg,https://colorfulgardenswholesale.com/wp-content/uploads/2018/05/pepper-hot-thai-hot.jpg
000506.jpg,https://gran.luchito.com/wp-content/uploads/2014/05/cascabel-mexican-chilli-pepper.jpg
000507.jpg,https://imagesvc.meredithcorp.io/v3/mm/image?url=https%3A%2F%2Fcdn-image.myrecipes.com%2Fsites%2Fdefault%2Ffiles%2Fstyles%2Fmedium_2x%2Fpublic%2Fimage%2Frecipes%2Fhl%2Fmexican-mole-chili-420x420.jpg%3Fitok%3Dqm6zhOcI&w=450&c=sc&poi=face&q=85
000508.jpg,http://fairoaksblvdnursery.com/sitebuilder/images/Shroomies-495x368.jpg
000509.jpg,https://i0.wp.com/images-prod.healthline.com/hlcmsresource/images/AN_images/basil-1296x728-feature.jpg?w=1155&h=1528
000510.jpg,https://www.seedman.com/image/trn953.jpg
000511.jpg,https://scontent-frx5-1.cdninstagram.com/v/t51.2885-15/e35/s320x320/32064014_191017631532528_2333079595860885504_n.jpg?_nc_ht=scontent-frx5-1.cdninstagram.com&oh=9b65d92519cd475e32b124d7618af54c&oe=5E068039&ig_cache_key=MTc4MjEyNTM0NTQ2MjY1OTA3Ng%3D%3D.2
000512.jpg,https://www.presstelegram.com/wp-content/uploads/migration/2017/201704/FEATURES_170429639_EP_-1_BHMDHPYFNTOO.jpg?w=620
000513.jpg,http://www.diversivore.com/wp-content/uploads/2018/05/Pasilla-chilies-square.jpg
000514.jpg,https://cdn.shopify.com/s/files/1/1585/3941/products/11661_medium.jpg?v=1550780748
000515.jpg,https://farm5.static.flickr.com/4105/4954517753_1ed246fdaa.jpg
000516.jpg,https://fastly.4sqi.net/img/general/699x268/409097361_PAyYGLXHHBdhyiLhXLEi7itCNl12s8eh089PWdR0XCk.jpg
000517.jpg,https://i0.wp.com/happyacres.blog/wp-content/uploads/2015/03/ajiangelocontainerjul14.jpg?ssl=1
000518.jpg,https://m.blog.hu/bl/blogkocsma/image/csilipaprikak/14.jpg
000519.jpg,https://mikeh2010.files.wordpress.com/2011/01/mole1.png?w=584
000520.jpg,https://i2.wp.com/lilachillgreenhouse.com/wp-content/uploads/2019/04/vegetables-752153_1920.jpg?resize=1300%2C300
000521.jpg,https://colorfulgardenswholesale.com/wp-content/uploads/2018/05/pepper-hot-tabasco.jpg
000522.jpg,http://www.johnstonplants.com/images/peppers/Fishpepper_1.JPG
000523.jpg,https://www.greenvalleygrowers.com/uploads/1/2/3/6/123679897/bhutjolokiared.gif
000524.jpg,https://i.ytimg.com/vi/vu6hI2pUdjw/hqdefault.jpg
000525.jpg,http://www.sambilton.com/wp-content/uploads/2012/08/IMG_3849.jpg
000526.jpg,http://howwillmygardengrow.com/wp-content/uploads/2019/04/IMG_7626.jpeg
000527.jpg,https://www.pepperscale.com/wp-content/uploads/2016/06/holy-mole-pepper-lg.jpg
000528.jpg,http://pics.davesgarden.com/pics/2008/12/17/aries44/aa66ba.jpg
000529.jpg,https://cdn.shopify.com/s/files/1/1196/4148/products/Holy-Mole-Pepper-Plant_1024x1024.jpg
000530.jpg,https://i.ebayimg.com/images/g/wQMAAOSw14xWKRjr/s-l300.jpg
000531.jpg,http://2.bp.blogspot.com/_L4JA5IeFoMo/TTsWVWQniEI/AAAAAAAAF_U/DGCwBAwtsFg/s1600/Annieinaustin%252C%2B2011%252C%2BJan%252C%2BHoly%2BMole%2Bpeppers.jpg
000532.jpg,http://www.chileplants.com/images/chiles/holy-mole-hybrid-pepper-plants.jpg
000533.jpg,https://www.seedsnsuch.com/wp-content/uploads/2013/10/Pep_Holy_Mole_cmyk-399x600.jpg
000534.jpg,http://pics.davesgarden.com/pics/2010/05/17/Alexcast/216b30.jpg
000535.jpg,https://images-na.ssl-images-amazon.com/images/I/51FsIfE2KbL._SL160_.jpg
000536.jpg,http://www.healthbenefitstimes.com/9/uploads/2013/06/Pepper-Holy-Mole-F1.jpg
000537.jpg,http://www.albinusfro.dk/images/Pepper-HolyMole-II-p.jpg
000538.jpg,http://www.piedmontfarmandgarden.com/v/vspfiles/photos/PPP095-2T.jpg
000539.jpg,https://www.cultivatetoplate.com/wp-content/uploads/2015/05/holy-mole-pepper-2015.jpg
000540.jpg,https://gardenstarters.com/wp-content/uploads/2015/10/GS205-Pepper-Holy-Mole-430x530.jpg
000541.jpg,http://d1nw62gticy6e9.cloudfront.net/uploads/Holy-Mole-Pepper-Seeds-300x300.jpg
000542.jpg,https://all-americaselections.org/wp-content/uploads/2016/10/Pepper_HolyMole-LD.jpg
000543.jpg,http://d2tfjcn1pw5sr4.cloudfront.net/sites/default/files/images/variety/v-pepper-pasilla-holy-mole-park.jpg
000544.jpg,http://www.reimerseeds.com/Images/products/hotpepper/hotpepperH/Holy_Mole_Hot_Peppers_Seeds.jpg
000545.jpg,http://media1.myfolio.com/users/sking/images/zhqnp0c8fp.jpg
000546.jpg,http://www.muttiworld.com/images/gardenblog/cold-holymole.jpg
000547.jpg,https://i.pinimg.com/736x/90/8b/1d/908b1d49697b0eaad287dd6b05c7404a--mole-container-plants.jpg
000548.jpg,http://www.tomatogrowers.com/images/9447.jpg
000549.jpg,https://pics.davesgarden.com/pics/2008/01/16/wind/b89df8.jpg
000550.jpg,http://img-aws.ehowcdn.com/877x500p/cpi.studiod.com/www_ehow_com/i.ehow.com/images/a08/5n/5d/holy-moly-pepper-plants-800x800.jpg
000551.jpg,https://cdn.shopify.com/s/files/1/1698/1675/products/Pepper_Hot_Holy_Mole_Hybrid_600x.jpg
000552.jpg,https://www.gimmesomeoven.com/wp-content/uploads/2018/10/Holy-Mole-Sauce-Recipe-1.jpg
000553.jpg,http://www.muttiworld.com/images/gardenblog/cold-holymole2.jpg
000554.jpg,https://i0.wp.com/happyacres.blog/wp-content/uploads/2014/10/holymoleanchpeppers.jpg
000555.jpg,https://www.gimmesomeoven.com/wp-content/uploads/2018/10/Holy-Mole-Enchiladas-Recipe-with-Chicken-and-Black-Beans-2-1.jpg
000556.jpg,http://howwillmygardengrow.com/wp-content/uploads/2015/06/2015-06-23-19.15.10-768x1024.jpg
000557.jpg,http://2.bp.blogspot.com/-T7PaWWe9sBc/TmgMEkld9hI/AAAAAAAAAXc/T7wVv4c9Q5o/s1600/Aug2011%2B067.jpg
000558.jpg,https://s-media-cache-ak0.pinimg.com/736x/52/02/51/5202514924d635cf2bfb81c1f9bf283c--ground-pepper-mole.jpg
000559.jpg,http://4.bp.blogspot.com/-UF9SnE1eZ1Y/TmgLcQQ4h3I/AAAAAAAAAXU/qVIiefA3XyM/s1600/Aug2011+065.jpg
000560.jpg,https://www.gimmesomeoven.com/wp-content/uploads/2018/10/Holy-Mole-Enchiladas-Recipe-with-Chicken-and-Black-Beans-3.jpg
000561.jpg,http://www.muttiworld.com/images/gardenblog/holymole1-9-21.jpg
000562.jpg,http://www.myhappycrazylife.com/images/2010/mole-1peppers.jpg
000563.jpg,https://dkscooks.files.wordpress.com/2010/07/img_1684.jpg
000564.jpg,https://www.gimmesomeoven.com/wp-content/uploads/2018/10/Holy-Mole-Sauce.jpg
000565.jpg,https://i0.wp.com/www.farmstead593.com/wp-content/uploads/2019/03/DSC_0017.jpg
000566.jpg,http://volantefarms.files.wordpress.com/2011/09/cimg2036.jpg
000567.jpg,http://hapafarmshawaii.com/wp-content/uploads/2011/01/nuuanu-peppers.jpg
000568.jpg,https://seedratings.s3.amazonaws.com/images/full/d06a1ab98276ab34992d7d24400e08befba179b9.jpg
000569.jpg,http://pocketchangegourmet.com/wp-content/uploads/2013/04/Ancho.jpg
000570.jpg,http://howwillmygardengrow.com/wp-content/uploads/2015/06/2015-06-23-19.14.24.jpg
000571.jpg,http://bitsandbreadcrumbs.files.wordpress.com/2011/10/peppers.jpg
000572.jpg,https://kathrynguacamole.files.wordpress.com/2012/07/img_2103.jpg
000573.jpg,https://kathrynguacamole.files.wordpress.com/2012/08/img_2244.jpg
000574.jpg,http://4.bp.blogspot.com/-mipN8dFyC3A/TlGPmhbWkkI/AAAAAAAAFgc/uHsrUVC_Hgs/s1600/9103a.jpg
000575.jpg,https://www.gonnawantseconds.com/wp-content/uploads/2012/07/dsc_bl252b3252besh7896.jpg
000576.jpg,https://fatmandoo.files.wordpress.com/2014/06/20140609-212552.jpg
000577.jpg,https://s-media-cache-ak0.pinimg.com/736x/6b/8b/99/6b8b9913434b23ccb3166a7b5dc726a9.jpg
000578.jpg,https://i.pinimg.com/originals/26/09/49/260949d1d1585d3eb2499636c6eeefa1.jpg
000579.jpg,http://eatlocal365.com/wp-content/uploads/2011/03/2011-03-13_Mole_Chili23.jpg
000580.jpg,https://kathrynguacamole.files.wordpress.com/2012/08/dscf1429.jpg
000581.jpg,https://cdn.shopify.com/s/files/1/0157/0808/products/hole-mole-gift-set_3f5d9010-ec99-47ef-8ff8-9f5ed84690d2_1024x1024.jpg
000582.jpg,http://3.bp.blogspot.com/-19CEZy0lwio/TWShX9owBkI/AAAAAAAAALQ/lAi_tiwuM_8/s1600/IMAG0280.jpg
000583.jpg,https://s-media-cache-ak0.pinimg.com/736x/89/44/17/894417f0da410ec49998e2efd20e90f0.jpg
000584.jpg,http://howwillmygardengrow.com/wp-content/uploads/2015/06/2015-06-23-19.14.17.jpg
000585.jpg,http://3.bp.blogspot.com/_xLflvamFZZg/SLeCG7167AI/AAAAAAAAA1U/KXF5I9xq5UE/s400/Holy+Mole+Cupcakes-+Bianca+Phillips.jpg
000586.jpg,https://www.pepperscale.com/wp-content/uploads/2018/10/black-bean-mole-soup_1.jpg
000587.jpg,http://cmzone.vzbqbxhynotw9ion96xv.netdna-cdn.com/wp-content/uploads/2016/05/Holy-Mole-Chili-Con-Carne.jpg
000588.jpg,http://2.bp.blogspot.com/-rzZmLnKe4ZM/TWSepAv1Q9I/AAAAAAAAALM/PizYp3u5izk/s400/c.jpg
000589.jpg,https://www.pepperscale.com/wp-content/uploads/2018/12/mole-verde.jpg
000590.jpg,http://cooker.delivery/wp-content/uploads/sweet-potato-mole-from-online-searchSQ.jpg
000591.jpg,http://lespetitesgourmettes.com/wp-content/uploads/2011/10/nostick.jpg
000592.jpg,http://edengardencentre.co.za/wp-content/uploads/2013/10/Black-Pepper.jpg
000593.jpg,https://www.pbfingers.com/wp-content/uploads/2011/11/mole.jpg
