image,source
000001.jpg,https://images-na.ssl-images-amazon.com/images/I/51vzdg6EqSL._SX425_.jpg
000002.jpg,https://www.pepperscale.com/wp-content/uploads/2013/07/Hungarian-Wax-Pepper-768x512.jpeg
000003.jpg,https://www.victoryseeds.com/thumbnail.asp?file=assets/images/vegetables/pepper_hungarian-yellow-wax.jpg&maxx=450&maxy=450
000004.jpg,https://cdn.shopify.com/s/files/1/0915/1060/products/Hungarian_Hot_wax_pepper.jpg?v=1537451141
000005.jpg,https://www.cayennediane.com/wp-content/uploads/Hungarian-Wax-Pepper.jpg
000006.jpg,https://www.everwilde.com/media/1000/resized/Hungarian-Wax-Hot-Hot-Pepper-01_medium.gif
000007.jpg,https://cdn.shopify.com/s/files/1/0972/6282/products/hungarian-yellow-wax-pepper-65-days-vegetables-pinetree-garden-seeds_954_600x.jpg?v=1542838638
000008.jpg,https://www.victoriananursery.co.uk/images/800/sq_chilli_pepper_hungarian_hot_wax_005.jpg
000009.jpg,https://www.chilipeppermadness.com/wp-content/uploads/2019/04/Hungarian-Wax-Chili-Peppers-HERO.jpg
000010.jpg,https://www.edenbrothers.com/store/media/Seeds-Vegetables/resized/SVPEP125-2_medium.jpg
000011.jpg,http://www.southernexposure.com/images/large/pepper-hot-hungarian-hot-wax_LRG.jpg
000012.jpg,https://cdn.shopify.com/s/files/1/1071/5268/products/Pepper_HungarianHotWax_WoodGrain_1024x1024.jpg?v=1544659387
000013.jpg,https://cdn.mr-fothergills.co.uk/product-images/op/z/16056az.jpg
000014.jpg,https://www.americanseedco.com/wp-content/uploads/2013/07/Peppers-Hungarian-Hot-Wax.jpg
000015.jpg,https://www.neseed.com/wp-content/uploads/2016/08/32190-Hungarian-Yellow-Hot-Wax-Pepper.jpg
000016.jpg,https://www.edenbrothers.com/store/media/Seeds-Vegetables/resized/SVPEP115-1_medium.jpg
000017.jpg,http://www.seedgeeks.com/store/image/cache/data/product/vegetables/peppers/sweet/pepper.hungarian.sweet.wax3-500x500_0.jpg
000018.jpg,https://static.growseed.co.uk/5-large_default/hungarian-wax.jpg
000019.jpg,http://cdn.shopify.com/s/files/1/0200/5036/products/00025-02_1200x630.jpeg?v=1421308074
000020.jpg,https://www.asiaseeds.com/wp-content/uploads/2015/01/pepper_hungarian_hot_16.jpg
000021.jpg,https://jakeseed.com/wp-content/uploads/2018/01/hungarian-wax.jpg
000022.jpg,https://images-na.ssl-images-amazon.com/images/I/511a8afIloL._SX425_.jpg
000023.jpg,https://cdn.shopify.com/s/files/1/0011/9514/7364/products/il_fullxfull.737596023_avn9_afddf1e4-e94a-4e72-9a1e-49304e03c2aa_1024x1024.jpg?v=1542950484
000024.jpg,https://upload.wikimedia.org/wikipedia/commons/8/8e/Hungarian_wax_pepper.jpg
000025.jpg,https://www.rareseeds.com/assets/1/14/DimRegular/Pepper-Hungarian-Hot-Wax-LSS-185.jpg
000026.jpg,http://www.orchardhouseheirlooms.com/assets/images/hungarian_hot_wax_pepper.jpg
000027.jpg,https://www.rareseeds.com/assets/1/14/DimRegular/Pepper-Hungarian-Hot-Wax-LSS-184.jpg
000028.jpg,http://cdn.shopify.com/s/files/1/0011/2341/8172/products/PP648-1_1024x1024.jpg?v=1523414104
000029.jpg,https://img-aws.ehowcdn.com/350x235p/photos.demandstudios.com/getty/article/191/22/skd286380sdc_XS.jpg
000030.jpg,https://static.artfire.com/img/1x/crop/512/512/0/uploads/mfs/items/a6/a9/a6a91cc6c1aafcc3049afc6c6a7645e9b691717955b993e8a6fb3b065db2f652.jpg
000031.jpg,https://www.kitchengardenseeds.com/media/catalog/product/cache/1/thumbnail/0dc2d03fe217f8c83829496872af24a0/3/6/3685_1.jpg
000032.jpg,https://www.colopac.com/wp-content/uploads/2014/10/Hungarian-Wax-Pepper.jpg
000033.jpg,https://www.highmowingseeds.com/media/catalog/product/cache/f24fe076cc2f73119e7261920a5836c5/2/7/2790.jpg
000034.jpg,https://www.fataliiseeds.net/wp-content/uploads/2019/09/hungarian_hot_wax34468.jpg
000035.jpg,https://www.harrodhorticultural.com/cache/product/350/350/chilli-pepper-hungarian-hot-wax-3-plants-organic-1-2019128101.jpg
000036.jpg,https://cdn.shopify.com/s/files/1/1698/0689/products/pepper_hungarain_large.jpg?v=1484419282
000037.jpg,https://www.australianplantsonline.com.au/pub/media/catalog/product/cache/2a6b0744b87cbe1990f7a65c1fd3659e/h/u/hungarian-wax-peppers_500.jpg
000038.jpg,https://i.ebayimg.com/images/g/AUcAAOSwfplb759q/s-l300.jpg
000039.jpg,https://trocobuy.s3.amazonaws.com/ficheros/14366/big/c3c6e061801d0a6e3a2e99f18708c05d.png
000040.jpg,http://www.foundroot.com/wp-content/uploads/2016/01/Hungarian-Hot-Wax.jpg
000041.jpg,https://i5.walmartimages.com/asr/a4b2c2d0-1619-4925-859a-4ca7280b02c0_1.1a1b421bb91a056353f80e224b81b82f.jpeg?odnHeight=450&odnWidth=450&odnBg=FFFFFF
000042.jpg,https://cdn.shopify.com/s/files/1/1022/5071/products/hungarian-wax-yellow-hot-pepper-capsicum-annuum-heirloom-seeds-excellent-for-pickling-frying-roasting-high-quality-untreated-seeds-from-our-garden-1_800x.jpg?v=1565029116
000043.jpg,https://cdn2.bigcommerce.com/server2000/xbzs5402/products/487/images/3668/Pepper_hungarian_yellow_wax_pepper__89399.1432322066.220.220.jpg?c=2
000044.jpg,https://previews.123rf.com/images/maxsol7/maxsol71701/maxsol7170100044/70178025-whole-and-sliced-orange-hungarian-hot-wax-pepper-or-paprika-capsicum-annuum-clipping-paths-shadow-se.jpg
000045.jpg,https://www.hexhamshireorganics.co.uk/wp-content/uploads/2018/08/Hungarian-Wax-Peppers.jpg
000046.jpg,https://sarahraven.images.blucommerce.com/sarahraven/product/110017.jpg?auto=format%2Ccompress&bluhash=b39eaeaf0ea59ee271b65611cba6b2ff&w=500&h=550&fit=crop&s=1ad7f6a62809541c7c64b1f55302c6f5
000047.jpg,http://cdn.shopify.com/s/files/1/1537/5553/products/00672_a1e9e75c-6370-41b0-88cc-b1d24e9ba546_grande.jpg?v=1486441055
000048.jpg,https://goodeggs1.imgix.net/product_photos/c5hU4jLsR5KvQF9i1pO9_hungarian%20wax%20peppers.jpg?w=840&h=525&fm=jpg&q=80&fit=crop
000049.jpg,https://www.magicgardenseeds.com/pics/mgs/CAP19/1000/Hungarian-Hot-Wax-banana-pepper-(Capsicum-annuum)-organic.jpg
000050.jpg,http://cdn.shopify.com/s/files/1/2550/8730/products/Pepper_Hot_Hungarian-Hot-Wax_on-table-3_SW_web_1200x630.jpg?v=1564505506
000051.jpg,https://cdn3.volusion.com/aueds.gjavs/v/vspfiles/photos/198-2.jpg?v-cache=1471456720
000052.jpg,https://www.everwilde.com/media/1000/resized/Organic-Hungarian-Wax-Hot-Hot-Pepper-Seeds_medium.gif
000053.jpg,https://www.barewalls.com/comp/art-print-poster/bwc7326533/hungarian-wax-or-hot-banana-peppers-on-display.jpg?units=in&ph=10.0&pw=8.0&fit=False
000054.jpg,https://tamarorganics.co.uk/wp-content/uploads/2017/10/Pepper-Hungarian-Hot-Wax-2.jpg
000055.jpg,https://i.pinimg.com/originals/b2/ab/24/b2ab24e35a64c294dc4ca02bc2131c06.jpg
000056.jpg,http://www.seedgeeks.com/store/image/cache/data/product/vegetables/peppers/hot/pepper.hungarian.wax.hot3-500x500_0.jpg
000057.jpg,https://gardeners.s3.amazonaws.com/p/VECHI28621_3.jpg
000058.jpg,https://i0.wp.com/yonderhillfarm.ca/wp-content/uploads/2018/10/hot-pepper-hungarian-hot-wax.jpg?fit=1024%2C768&ssl=1
000059.jpg,https://images-na.ssl-images-amazon.com/images/I/514wsW3-9GL._SX425_.jpg
000060.jpg,https://www.rarexoticseeds.com/media/catalog/product/cache/1/image/600x600/9df78eab33525d08d6e5fb8d27136e95/h/u/hungarian-pepper.jpg
000061.jpg,https://cdn.shopify.com/s/files/1/0089/1562/products/Pepper_-_Hungarian_Hot_Wax.jpg?v=1458706401
000062.jpg,https://www.asklepios-seeds.de/pub/media/catalog/product/cache/e4d64343b1bc593f1c5348fe05efa4a6/h/u/hungarian-wax.jpg
000063.jpg,https://livingseeds.co.za/image-smp/hungarian-hot-waxcontainer-gardening_10510_500x500.jpg
000064.jpg,https://cdn.shopify.com/s/files/1/0736/5693/products/Pepper_Hungarian_Hot_Wax_1024x1024.jpg?v=1422947355
000065.jpg,http://www.mariquita.com/images/photogallery/vegetablesatoz/peppers/peppers.hungwax.JPG
000066.jpg,https://www.picclickimg.com/d/l400/pict/231712066823_/CAPSICUM-Hungarian-Wax-Sweet-40-seeds-UNUSUAL-heirloom.jpg
000067.jpg,https://cazort.net/photos/hungarian-wax-peppers-ripe-unripe-intermediate.jpg
000068.jpg,http://budapestmarkethall.com/wp-content/uploads/2019/04/58372555_2670841816321589_2424931942546800640_n.jpg
000069.jpg,https://cdn.shopify.com/s/files/1/1596/8337/products/banana-pepper-1_chilli_1400x.jpg?v=1563621711
000070.jpg,https://img.crocdn.co.uk/images/products2/pl/20/00/00/77/pl2000007714.jpg?width=940&height=940
000071.jpg,https://uharvest.ca/shop/images/pepper-hungarian-hot-web.jpg
000072.jpg,https://cdn.shopify.com/s/files/1/1022/5071/products/pepper-sweet-pepper-seeds-hungarian-sweet-wax-open-pollinated-1.jpg?v=1565031787
000073.jpg,https://www.worldwondersgardens.co.uk/image/cache/catalog/Product%20Images/Fruit%20and%20Veg/Peppers/Chilli-Hung-Hot-Wax-650x650.jpg
000074.jpg,https://thehippyseedcompany.com/wp-content/uploads/2017/06/Hungarian-Hot-Wax-Chilli.jpg
000075.jpg,https://cf.shopee.co.id/file/c369aa7b9ce22b2e95d8d9939ec0095c_tn
000076.jpg,https://www.pepperworldhotshop.com/out/pictures/master/product/1/hungarianwax.jpg
000077.jpg,https://greenvegetableseeds.com/wp-content/uploads/2013/10/pepper-chilli-hungarian-wax.jpg
000078.jpg,https://images.squarespace-cdn.com/content/v1/566f947da12f444bda8865aa/1551898444706-GFN9Y0MYRTGWVEIEDLBO/ke17ZwdGBToddI8pDm48kIyvoTDOqK6tuLbY8s33gHl7gQa3H78H3Y0txjaiv_0fDoOvxcdMmMKkDsyUqMSsMWxHk725yiiHCCLfrh8O1z5QPOohDIaIeljMHgDF5CVlOqpeNLcJ80NK65_fV7S1UTzjvHSAOXjnTxN2sJb-n4pP61BYfWtluh1bxbCEA7ounr1xKjsq_-rO8kOgOtwYvw/IMG_2219.jpg
000079.jpg,https://www.pepperseeds.eu/pub/media/catalog/product/cache/51e4881dc4e265ed9adcb710d483ab73/h/u/hungarian_hot_wax.jpg
000080.jpg,https://cdn11.bigcommerce.com/s-a9b4a/images/stencil/1024x1024/products/118/4027/Hungarian_Hot_Wax_Pepper__27542.1549401752.jpg?c=2
000081.jpg,https://t7-live-fsmn.nyc3.cdn.digitaloceanspaces.com/friendsschoolplantsale.com/files/images/variety/v-hot_hungarian_wax-ge.jpg
000082.jpg,https://i.etsystatic.com/10286820/r/il/d296db/752286310/il_794xN.752286310_tny4.jpg
000083.jpg,https://www.melissas.com/v/vspfiles/photos/698-2T.jpg
000084.jpg,https://cdn11.bigcommerce.com/s-f6cx4kq/images/stencil/1280x1280/products/219/1012/hungarian_wax__42343.1544930273.JPG?c=2&imbypass=on
000085.jpg,https://www.glacialridgegrowers.com/assets/images/pepper%20hot%20hungarian.jpg
000086.jpg,http://www.wildroseheritageseed.com/uploads/4/2/2/4/42241473/s145558776392258095_p156_i4_w640.jpeg
000087.jpg,https://steemitimages.com/640x0/https://cdn.steemitimages.com/DQmXiw8QVTR6Y5j8gdn4dUWbqfWxFr6ZEGLf7k5dDuv8ijj/banana_peppers_weighed.jpg
000088.jpg,https://cdn.shopify.com/s/files/1/2550/8730/products/v-hot-pepper-hungarian-yellow-hot-wax1_620x.jpg?v=1564505506
000089.jpg,https://cdn.shopify.com/s/files/1/0011/2341/8172/products/PP648-2_480x480.jpg?v=1523414104
000090.jpg,https://c1.neweggimages.com/ProductImage/A93A_1_201904091603565080.jpg
000091.jpg,http://www.debruynseed.com/content/images/thumbs/0000458_pepper-hungarian-yellow-wax-hot_300.jpeg
000092.jpg,https://i.ebayimg.com/images/g/hvYAAOSwDNdV1NdU/s-l300.jpg
000093.jpg,https://images-na.ssl-images-amazon.com/images/I/515ba9hK2tL._SX355_.jpg
000094.jpg,https://www.bfgsupply.com/img/product/large/30224.jpg
000095.jpg,https://www.gannett-cdn.com/-mm-/6d46f0a03148c87ce3989a311abc6d55d0153ee9/c=0-302-3264-2146/local/-/media/2015/12/11/FortMyers/FortMyers/635854302318434662-hungarian-wax-peppers.JPG?width=3200&height=1680&fit=crop
000096.jpg,https://previews.123rf.com/images/maxsol7/maxsol71701/maxsol7170100025/69032849-whole-orange-hungarian-hot-wax-pepper-or-paprika-capsicum-annuum-clipping-paths-shadow-separated.jpg
000097.jpg,https://i1.wp.com/awhaley.com/wp-content/uploads/2018/10/Hungarian-Hot-Wax.jpg?fit=600%2C600&ssl=1
000098.jpg,https://i.imgur.com/KijEXtP.jpg
000099.jpg,https://images.livemint.com/img/2019/05/03/600x338/food_1556865448015.jpg
000100.jpg,https://www.victoriananursery.co.uk/images/800/sq_chilli_pepper_hungarian_yellow_wax_002.jpg
000101.jpg,http://upload.wikimedia.org/wikipedia/commons/f/ff/Fully_Ripe_Hungarian_Wax_pepper_%28Red%29.jpg
000102.jpg,https://www.rareseeds.com/assets/1/14/DimRegular/Pepper-Hungarian-Hot-Wax-LSS-180_1.jpg
000103.jpg,https://davesgarden.com/guides/pf/thumbnail.php?image=2013/03/22/Cville_Gardener/0d9268.jpg&widht=700&height=312
000104.jpg,https://www.barewalls.com/comp/canvas-print/bwc7326533/hungarian-wax-or-hot-banana-peppers-on-display.jpg?ph=20.0&pw=16.0&print_border=&fit=&flip=&stretch_to_fit=true&print_colorfilter=no_filter&bits=&side_style=mirrored&units=in&frame_id=&frame_type=&show_banner=true&artist_attr_name=false&artist_attr_show=false&artist_attr_title=false&artist_attr_format=&artist_attr_font=&artist_attr_size=&custom_x_pct=&custom_y_pct=&custom_w_pct=&custom_h_pct=&bleed_size=&is_custom=false&can_edit_frame=true&object_width=16.0&object_height=20.0&fit_select=&internal_sku=
000105.jpg,https://www.nativityseeds.com/media/catalog/product/cache/1/image/800x800/9df78eab33525d08d6e5fb8d27136e95/p/e/pepper-hungarein-hot-wax-_1.jpg
000106.jpg,http://static1.squarespace.com/static/5b1dd0b85cfd798dc065bb0c/5b25a7291ae6cfe7a8c94bc5/5bc38a8a4785d3ab4df9b6db/1543468002309/?format=1500w
000107.jpg,https://www.seeds-gallery.shop/6093-large_default/hungarian-hot-wax-chili-pepper-seed.jpg
000108.jpg,http://fryfogelflowers.com/wp-content/uploads/2019/02/pepper-hot-hungarian-300x300.jpg
000109.jpg,https://chattygourmet.com/wp-content/uploads/2011/03/tech_preparinghungarianwaxpeppers1.jpg
000110.jpg,https://cdn1.bigcommerce.com/n-yp39j5/wmhmd53/products/1609/images/1783/Hot%252520Wax%252520-Hot%252520Banana__35173.1388430354.1280.1280.JPG?c=2
000111.jpg,https://sites.create-cdn.net/siteimages/11/6/7/116797/17/0/5/17052928/1000x1000.png?1548281368
000112.jpg,https://www.oscseeds.com/wp-content/uploads/2018/10/osc4625-275x240.jpg
000113.jpg,https://www.chili-shop24.com/media/image/13/g0/45/daa604723ec3daa90df1350f0da02969_600x600.jpg
000114.jpg,https://isteam.wsimg.com/ip/330e0516-d423-11e4-93ca-14feb5d9f2e6/ols/416_original/:/rs=w:600,h:600
000115.jpg,https://vignette.wikia.nocookie.net/gardener/images/2/2b/Chilli_Hungarian_hot_wax.jpg/revision/latest?cb=20100905142035
000116.jpg,https://i.etsystatic.com/7255623/r/il/d55c04/1707162262/il_794xN.1707162262_1xib.jpg
000117.jpg,https://shop.westlandpeppers.com/wp-content/uploads/2017/07/russian-paprika_witpunt_westlandpeppers-1.jpg
000118.jpg,https://sc02.alicdn.com/kf/HTB1vfQBKFXXXXbcaXXXq6xXFXXXq/Hungarian-Hot-Wax-Pepper.jpg_350x350.jpg
000119.jpg,https://images.wisegeek.com/hungarian-wax-peppers.jpg
000120.jpg,https://alchetron.com/cdn/hungarian-wax-pepper-b7975966-b575-4c46-b7ee-feaae065cf1-resize-750.jpeg
000121.jpg,http://www.spicegarden.eu/WebRoot/StoreLES/Shops/62431129/524E/E5F6/F4E3/330F/CB4D/C0A8/28B9/3CBA/hungarian_wax_chili.jpg
000122.jpg,http://cdn.shopify.com/s/files/1/2492/6212/products/pepper-600x600_1beb1b2e-7f27-4063-9b31-a2dcea69016e_600x.jpg?v=1513954448
000123.jpg,https://www.burpee.com/dw/image/v2/ABAQ_PRD/on/demandware.static/-/Sites-masterCatalog_Burpee/default/dwa3fbf96c/Images/Product%20Images/prod000815/prod000815.jpg?sw=322&sh=380&sm=fit
000124.jpg,https://c8.alamy.com/comp/DGF0H3/a-crate-of-hungarian-wax-peppers-at-the-farmers-market-on-a-rainy-DGF0H3.jpg
000125.jpg,https://gardenseedsmarket.com/images/detailed/24/3_218cc5028ffa.jpg
000126.jpg,https://chattygourmet.com/wp-content/uploads/2011/03/tech_preparinghungarianwaxpeppers2.jpg
000127.jpg,https://www.friedas.com/wp-content/uploads/2019/05/Friedas-Hungarian-Wax-Peppers.jpg
000128.jpg,https://steemitimages.com/640x0/https://cdn.steemitimages.com/DQmW9LLqviG9jErBXF2qeNb6aaUtieGwPk887RALRofj7Tc/peppersALL.jpg
000129.jpg,http://budapestmarkethall.com/wp-content/uploads/2019/04/58374203_2238681586459933_3378582825933471744_n-617x330.jpg
000130.jpg,https://i5.walmartimages.com/asr/7aefabec-5614-4ed9-9775-f7e2ad6cd7ca_1.6418cc5a4b0343c58ee314a9b970f327.gif?odnHeight=450&odnWidth=450&odnBg=FFFFFF
000131.jpg,https://www.ozfarmer.com/image/cache/catalog/seed/chilli-hungarian-hot-wax-seed-packet-550x550.jpg
000132.jpg,https://hudsonvalleyseed.com/media/catalog/product/cache/2/image/800x600/9df78eab33525d08d6e5fb8d27136e95/h/u/hungarian_hot_wax.jpg
000133.jpg,http://static1.squarespace.com/static/566f947da12f444bda8865aa/5c3e7dca03ce646dc64767a8/5c8010fbe5e5f0c2a45bcdf2/1556750021608/pickled+hung+wax.jpg?format=1500w
000134.jpg,http://4.bp.blogspot.com/_L-zQ3SsxcC0/TGaJFVNO__I/AAAAAAAABBU/YDNS5DOR03E/s1600/IMG_6979.JPG
000135.jpg,http://www.greenlanegardens.com/uploads/9/9/4/5/9945044/s296598595394253076_p697_i1_w500.jpeg
000136.jpg,https://www.bulkherbsandspice.com/wp-content/uploads/Hungarian-Hot-Wax-Pepper.jpg
000137.jpg,https://previews.123rf.com/images/maxsol7/maxsol71701/maxsol7170100024/69118379-whole-orange-hungarian-hot-wax-pepper-or-paprika-capsicum-annuum-clipping-paths-shadow-separated.jpg
000138.jpg,https://www.fedcoseeds.com/seeds/seeds_images/3837.jpg
000139.jpg,https://www.chilipeppermadness.com/wp-content/uploads/2018/03/Hungarian-Wax-Chili-Peppers.jpg
000140.jpg,https://cdn.manomano.com/vegetable-pepper-chilli-hungarian-hot-wax-P-1528882-3627931_1.jpg
000141.jpg,https://www.amazingfoodmadeeasy.com/peppers/pepper_images/hungry-floor.jpg
000142.jpg,https://www.seedparade.co.uk/160-large_default/hot-pepper-hungarian-hot-wax-50-seeds.jpg
000143.jpg,https://www.thespruceeats.com/thmb/hF2cuhUjSb64vh_8ewfCrEQaVPk=/960x0/filters:no_upscale():max_bytes(150000):strip_icc()/banana-peppers-on-wrought-iron-table-top-157644354-59a34caa685fbe00101d17dd.jpg
000144.jpg,https://s3.amazonaws.com/grazecart/profetafarms/images/1471551468_57b617ec4cfa6.jpg
000145.jpg,http://www.busygirlhealthyworld.com/wp-content/uploads/2016/08/DSC03937.jpg
000146.jpg,https://www.cookawesome.com/wp-content/uploads/2017/07/Hungarian-Wax-Pepper.jpg
000147.jpg,https://i.ebayimg.com/images/g/mmcAAOSwokJaYjwL/s-l300.jpg
000148.jpg,https://trademe.tmcdn.co.nz/photoserver/full/1014920770.jpg
000149.jpg,https://www.mediastorehouse.com/p/617/ripe-hungarian-hot-wax-chilli-peppers-close-up-9559599.jpg.webp
000150.jpg,https://i.imgur.com/1sqFMYx.jpg
000151.jpg,https://www.henleyherald.com/wp-content/uploads/2018/09/pickle-peppers-3.jpg
000152.jpg,https://st.hzcdn.com/fimgs/9d624f2c04cb6f7f_8497-w500-h373-b0-p0--.jpg
000153.jpg,http://knowledgeboard.co/wp-content/uploads/2019/01/hot-hungarian-wax-pepper-sweet-wax-pepper.jpg
000154.jpg,https://millerplantfarm.com/media/zoo/images/hungarian_hot_wax_peppers-sized_e4b2fea7ae89abdc79137ed6c68fe41e.jpg
000155.jpg,https://cdn.shopify.com/s/files/1/1537/5553/products/00982_1024x1024.jpg?v=1511409809
000156.jpg,https://www.seaspringseeds.co.uk/images/stories/virtuemart/product/hungarian-hot-wax016.jpg
000157.jpg,https://image.shutterstock.com/image-photo/texture-hungarian-wax-chili-peppers-260nw-1032617062.jpg
000158.jpg,https://myecobin.in/232-large_default/bajji-chilli-or-hungarian-wax-chilli.jpg
000159.jpg,https://i.pinimg.com/236x/0a/61/27/0a612734d59150a6786e553d53869bbc.jpg
000160.jpg,http://www.homesteadeats.com/wp-content/uploads/2018/02/hungarian-wax-peppers-720x480.jpg
000161.jpg,https://i.etsystatic.com/6221434/r/il/edb41e/421521826/il_570xN.421521826_88rb.jpg
000162.jpg,https://static.artfire.com/uploads/mfs/items/4f/40/large/4f40b6824cb4c2253dc1056fc37b95e8738c6d5e2795d6d19372dc7f17fe2dc5.jpg
000163.jpg,http://www.cheatsheet.com/wp-content/uploads/2015/04/Red-Jalapenos1.jpg
000164.jpg,http://cdn.shopify.com/s/files/1/1022/5071/products/other-seeds-bulbs-hot-pepper-seeds-hungarian-wax-hot-1-oz-approximately-4-100-seeds-3_630x630.jpg?v=1565029080
000165.jpg,https://live.staticflickr.com/1857/30611320308_307eb96f07_b.jpg
000166.jpg,http://dewamarketing.co/wp-content/uploads/2019/08/hungarian-wax-pepper-plant-photo-of-hot-banana-pepper-capsicum-hot-wax-uploaded-by-hungarian-wax-pepper-plant-height-hungarian-wax-pepper-plants-for-sale.jpg
000167.jpg,https://www.hummert.com/product/image/medium/72255000_1.jpg
000168.jpg,https://i1.wp.com/www.deelish.ie/wp-content/uploads/images/products/p-789-Peppers-Hungarian-Wax.jpg?fit=374%2C374&ssl=1
000169.jpg,http://colemmanuelrubiano.co/wp-content/uploads/2019/06/hungarian-wax-peppers-prev-canning-hot-pepper-recipes-for-sale.jpg
000170.jpg,http://www.busygirlhealthyworld.com/wp-content/uploads/2016/08/DSC03932-1.jpg
000171.jpg,https://c8.alamy.com/comp/R7DPAR/chilli-hungarian-wax-hot-capsicum-annuum-growing-R7DPAR.jpg
000172.jpg,https://bloominthyme.files.wordpress.com/2010/05/dehydrating-wax-peppers.jpg
000173.jpg,https://i.imgur.com/jqW5S4Z.jpg
000174.jpg,https://i.ytimg.com/vi/XEc3zrymANY/hqdefault.jpg
000175.jpg,https://fairdinkumseeds.com/wp-content/uploads/2015/04/p-283-Hungarian-Wax-Pepper-Capsicum-Annuum-Plant1.jpg
000176.jpg,http://www.thatsquareplate.com/wp-content/uploads/2015/08/DSC_8326.jpg
000177.jpg,https://previews.123rf.com/images/maxsol7/maxsol71705/maxsol7170500021/78487929-dried-hungarian-hot-wax-or-paprika-pepper-pod-whole-clipping-paths-shadow-separated-top-view.jpg
000178.jpg,http://www.sunnygardens.com/images/2187.jpg
000179.jpg,https://i2.wp.com/live.staticflickr.com/65535/48627683832_2f7442e539_b.jpg?resize=1000%2C745&ssl=1
000180.jpg,http://blackheirlooms.co/wp-content/uploads/2019/07/hungarian-hot-peppers-hungarian-hot-peppers-recipe-hungarian-hot-peppers-vs-jalapeno-growing-hungarian-hot-wax-peppers.jpg
000181.jpg,https://media.istockphoto.com/photos/basket-of-farmers-market-hungarian-wax-peppers-serrano-peppers-onions-picture-id1038377240
000182.jpg,https://www.realfoods.co.uk/ProductImagesID/84_1.jpg
000183.jpg,https://images.immediate.co.uk/production/volatile/sites/10/2018/08/4e687439-ea83-4db8-a0b3-e6927ba7f0b3-a14070d.jpg?quality=45&resize=620,413
000184.jpg,https://cdn.shopify.com/s/files/1/2630/8280/products/Hungarian_Yellow_Hot_Wax_PepperCustomer_picture_provided_by_William_T._2_600x.png?v=1522695586
000185.jpg,https://all-americaselections.org/wp-content/uploads/2017/11/Pepper-Mexican-Sunrise-F1.jpg
000186.jpg,http://kawarthasafetechnology.org/wp-content/uploads/2018/12/hungarian-hot-peppers-in-stock-pickled-wax-recipe-for-sale-vs-banana.jpg
000187.jpg,https://www.jamestownsun.com/incoming/article1944579.ece/alternates/BASE_LANDSCAPE/340412%2Ba12.garden.col.jpg
000188.jpg,https://i.imgur.com/rLIWk2N.jpg
000189.jpg,https://www.picclickimg.com/00/s/MzUwWDUwMA==/z/QhwAAOSwBLlVUZ2P/$/30-ORGANICALLY-GROWN-Sweet-Banana-Hungarian-Wax-Pepper-_1.jpg
000190.jpg,https://ssl.c.photoshelter.com/img-get/I0000ebFWGo9BwKM/s/750/750/Peppers-Hungarian-Wax-11265.jpg
000191.jpg,https://shop.westlandpeppers.com/wp-content/uploads/bfi_thumb/corno-di-toro_westlandpeppers-1-ob6ec422zj552k92daz0vbhvrs8ljahigf2xeulaew.jpg
000192.jpg,https://cdn.shopify.com/s/files/1/0011/2341/8172/products/PP648-4_480x480.jpg?v=1523414104
000193.jpg,https://s7d5.scene7.com/is/image/CentralMarket/000318645-1?$large$&hei=416&wid=416
000194.jpg,https://i.ebayimg.com/images/g/uYIAAOSwv0tU-UYj/s-l400.jpg
000195.jpg,https://www.quickcrop.co.uk/site/uploads/sys_products/hungarian-wax-chili.jpg
000196.jpg,https://trademe.tmcdn.co.nz/photoserver/full/83557719.jpg
000197.jpg,https://i.etsystatic.com/10162345/r/il/56be2c/727095155/il_570xN.727095155_qmmq.jpg
000198.jpg,https://irisheyesgardenseeds.com/wp-content/uploads/product_images/product-90684-1559592034-PP140-300x400.jpg
000199.jpg,http://hotellascupulasoaxacacity.co/wp-content/uploads/2019/01/hungarian-wax-peppers-wonder-pepper-hungarian-hot-wax-pepper-canning-recipes-hungarian-wax-peppers-in-oil-recipes.jpg
000200.jpg,https://image.shutterstock.com/image-photo/closeup-view-long-hungarian-hot-260nw-729684754.jpg
000201.jpg,https://i.ytimg.com/vi/0S-ckNZEbvE/hqdefault.jpg
000202.jpg,https://gullosgc.com/wp-content/uploads/2018/05/hungarianwax-700x700.jpg
000203.jpg,http://www.lakevalleyseed.com/wp-content/uploads/2017/01/234-Pepper-Hot-Hungarian-Wax-web-big-217x300.jpg
000204.jpg,https://s3.amazonaws.com/mygardenlife.com/plant-library/full/6320_31.jpg
000205.jpg,https://upload.wikimedia.org/wikipedia/commons/c/c4/Baby_Hungarian_Wax_Peppers_in_a_hydroponic_net_basket.jpg
000206.jpg,https://media.gettyimages.com/photos/hungarian-wax-pablano-and-anaheim-pepper-harvest-picture-id495374111
000207.jpg,https://www.victoryseeds.com/thumbnail.asp?file=assets/images/vegetables/pepper_hungarian-sweet.jpg&maxx=450&maxy=450
000208.jpg,https://i0.wp.com/www.csafarmersmarket.com/wp-content/uploads/2018/08/Hungarian-wax-peppers.jpg?resize=500%2C334
000209.jpg,https://st.hzcdn.com/fimgs/5a02419904cb6f79_8492-w500-h373-b0-p0--.jpg
000210.jpg,https://cazort.net/photos/hungarian-wax-peppers-and-others.jpg
000211.jpg,https://producegeek.com/wp-content/uploads/2016/08/chili-peppers-01-940x626.jpg
000212.jpg,https://steemitimages.com/0x0/https://cdn.steemitimages.com/DQmeXozMhcWE4JwS1QJ57g6aWFfY8pmYmsLtDKYRGVPR9zV/banana_pepper_top2.jpg
000213.jpg,https://moscowbeijing.club/wp-content/uploads/2019/01/amazing-hungarian-wax-pepper-pickling-recipes.jpg
000214.jpg,https://previews.agefotostock.com/previewimage/medibigoff/0d11d95debf08034fe4589a269a8e940/ags-40009-l-5700.jpg
000215.jpg,https://i5.walmartimages.com/asr/c924ef1a-f9f2-4082-991c-f0c56882062e_1.b8d8f6201ddc3ba56b9198234198ae96.jpeg?odnHeight=450&odnWidth=450&odnBg=FFFFFF
000216.jpg,https://1.bp.blogspot.com/_YeQFq_Keqlg/SM2OVgEn8tI/AAAAAAAAAR4/lTvTW4pAvh4/s400/IMG_1256.JPG
000217.jpg,http://www.bbc.co.uk/staticarchive/6f30bed197f72390adc072dc3844a6adef1ad11f.jpg
000218.jpg,http://2.bp.blogspot.com/-0xCHNLK93Xs/TitpEVThnuI/AAAAAAAAAjY/0Me0vAN9Uzs/s1600/2011-07-23_15-06-19_438.jpg
000219.jpg,https://hawthornfarm.ca/content/products/vegetables/peppers/hot/@content_960/hungarian-hot-wax.jpg
000220.jpg,https://image.dhgate.com/0x0/f2/albu/g5/M00/7A/08/rBVaI1lWQQmATACMAANDKgJEzL4530.jpg
000221.jpg,https://media1.popsugar-assets.com/files/thumbor/SPaEH1bjOxLF-eyMr2T1tBBqjrI/fit-in/1024x1024/filters:format_auto-!!-:strip_icc-!!-/2010/05/18/2/192/1922195/Wax_pepper/i/Hungarian-Wax-Pepper.jpg
000222.jpg,http://ww2.kqed.org/bayareabites/wp-content/uploads/sites/24/2013/10/peppers_0.png
000223.jpg,http://abbassi.co/wp-content/uploads/2019/08/hungarian-wax-details-about-pepper-seeds-sweet-wax-pepper-seeds-bulk-seeds.jpg
000224.jpg,http://www.peppergal.com/files/1917422/uploaded/64520066.jpg
000225.jpg,https://images.saatchiart.com/saatchi/1099834/art/5352083/4421897-KAKUIPBK-6.jpg
000226.jpg,https://unclewaynestomatoes.com/sites/default/files/Hungarian%20Wax%20IMG_1484.JPG
000227.jpg,http://pedagogiamadretierra.org/wp-content/uploads/2019/05/hungarian-wax-peppers-pepper-sweet-hot-capsicum-seeds-near-me-canning-recipes.jpg
000228.jpg,https://www.chileplants.com/images/chiles/hungarian-sweet-wax-pepper-seeds.jpg
000229.jpg,https://www.gourmetseed.com/image/cache/catalog/products/H/hungarian_hot_wax_pepper-1024x1024.jpg
000230.jpg,http://colemmanuelrubiano.co/wp-content/uploads/2019/06/hungarian-wax-peppers-pepper-sunset-edible-vegetable-winner-canning-in-oil-hot-recipes-for-sale.jpg
000231.jpg,https://i1.wp.com/stillmansfarm.com/wp-content/uploads/2015/11/Hungarian-Wax-peppers-e1448408843740.jpg?fit=640%2C480&ssl=1
000232.jpg,https://beckyintherootcellar.files.wordpress.com/2011/09/img_4839.jpg
000233.jpg,https://www.projectpurityseeds.com/uploads/8/5/0/5/8505680/hungarian-yellow-wax-hot-pepper-plant-photo-by-don-kikong_orig.jpg
000234.jpg,https://previews.123rf.com/images/maxsol7/maxsol71701/maxsol7170100030/69032871-whole-orange-hungarian-hot-wax-pepper-or-paprika-capsicum-annuum-clipping-paths-shadow-separated.jpg
000235.jpg,http://www.wildroseheritageseed.com/uploads/4/2/2/4/42241473/s145558776392258095_p150_i3_w640.jpeg
000236.jpg,https://www.thatsquareplate.com/wp-content/uploads/2015/08/IMAG0019.jpg
000237.jpg,http://i95.photobucket.com/albums/l142/wvhoopie/Orozco2.jpg
000238.jpg,https://c8.alamy.com/comp/PEDKH1/capsicum-annuum-chilli-pepper-hungarian-hot-wax-fruit-PEDKH1.jpg
000239.jpg,https://thumbs.dreamstime.com/z/hungarian-pepper-hanging-their-plants-42257083.jpg
000240.jpg,https://media.istockphoto.com/photos/stack-of-hungarian-wax-pepper-picture-id1050410196
000241.jpg,https://img.favpng.com/3/24/20/banana-pepper-bell-pepper-hungarian-wax-pepper-chili-pepper-yellow-pepper-png-favpng-caz41fiixTMv51f85Ss1HsSVa_t.jpg
000242.jpg,https://kitchen-garden.be/wp-content/uploads/Hungarian-Wax-plant.jpg
000243.jpg,https://i0.wp.com/yonderhillfarm.ca/wp-content/uploads/2018/10/hot-pepper-criolla-sella.jpg?resize=300%2C300&ssl=1
000244.jpg,https://www.meijer.com/content/dam/meijer/product/0004/15/3055/90/0004153055905_1_A1C1_1200.png
000245.jpg,https://i.ytimg.com/vi/TQMNt4hNse0/hqdefault.jpg
000246.jpg,https://cuesa.org/sites/default/files/styles/scale_610px/public/hungarian_wax.jpg?itok=XQb8tYbu
000247.jpg,https://149361851.v2.pressablecdn.com/wp-content/uploads/chilles-in-the-CSA.jpg
000248.jpg,https://i.redd.it/rg0nozl89cf31.jpg
000249.jpg,https://zserbo.com/wp-content/uploads/2014/08/Lecs%C3%B3.jpg
000250.jpg,https://upload.wikimedia.org/wikipedia/commons/a/a4/Hungarian_wax_peppers_IMG_5535.JPG
000251.jpg,https://pbs.twimg.com/media/DobJOJ5WsAAN0U7.jpg
000252.jpg,https://i.pinimg.com/originals/ea/f2/ae/eaf2ae7bc4904b21b2ee9fb27736b827.jpg
000253.jpg,https://s3.amazonaws.com/cdn0.gurneys.com/images/500/69942A.jpg
000254.jpg,https://image.shutterstock.com/image-photo/hungarian-wax-peppers-260nw-691065469.jpg
000255.jpg,https://s3.amazonaws.com/cdn.gardensalive.com/images/800/69942A.jpg
000256.jpg,http://www.farmfreshseeds.com/media/Vegetables/Peppers/ss_size3/Pepper-Hungarian-Hot.JPG
000257.jpg,http://fisherfarmcsa.com/uploads/3/4/8/9/34898827/2117984_orig.jpg
000258.jpg,http://lifeseedcompany.com/sites/default/files/dreamstime_xl_yellow%20wax%20hot%20pepper.jpg
000259.jpg,https://img.azurestandard.com/unsafe/fit-in/536x536/filters:fill(white)/https://media.azurestandard.com/files/c5a80b4b-352d-4d24-b035-c86f604cc618
000260.jpg,http://www.sharedbounty.com/wp-content/uploads/2016/12/hot-wax.jpg
000261.jpg,http://www.hopeseed.com/img/prod/52e7165605b6e.jpg
000262.jpg,https://www.cochranefamilyfarm.com/wp-content/uploads/2019/03/hungarianhotwax1.jpg
000263.jpg,http://preppings.com/wp-content/uploads/2014/05/hungarianwax.chile_.jpg
000264.jpg,https://cdn.shopify.com/s/files/1/0011/2341/8172/products/PP648-3_480x480.jpg?v=1523414104
000265.jpg,https://www.flarestock.com/thumbnails/two-hungarian-wax-peppers-and-tomatoes-1022.jpg
000266.jpg,http://secureservercdn.net/198.12.145.135/82c.eda.myftpupload.com/wp-content/uploads/2017/02/heres-help-picking-the-right-1-1-627x376.png
000267.jpg,https://st2.depositphotos.com/1075727/5741/i/450/depositphotos_57411649-stock-photo-yellow-chile-peppers.jpg
000268.jpg,https://thevillageplate.files.wordpress.com/2015/02/7.jpg
000269.jpg,https://t3.ftcdn.net/jpg/01/02/74/70/240_F_102747042_opY9xaOnwDyacpPCa6ea71D2OfbT3Gzi.jpg
000270.jpg,https://www.homesteadhealthaustralia.com/hungarian%20wax.jpg
000271.jpg,https://c7.uihere.com/files/765/279/711/yellow-pepper-bell-pepper-vegetarian-cuisine-chili-pepper-vegetable-vegetable-thumb.jpg
000272.jpg,https://www.mamaearth.ca/Resources/PHOTO/08803148-61e5-4d69-b800-78ff7bf92331.jpg
000273.jpg,https://i0.wp.com/www.theschizochef.com/wp-content/uploads/2019/08/Wax-Peppers-Final-SM.jpg?fit=1200%2C630&ssl=1
000274.jpg,https://cazort.net/photos/hungarian-wax-peppers.jpg
000275.jpg,https://static.onecms.io/wp-content/uploads/sites/39/2019/09/20230115/p_RU227276.jpg
000276.jpg,https://www.thedailyherb.com/wp-content/uploads/2011/08/DSCN1473.jpg
000277.jpg,http://3.bp.blogspot.com/-hSsuh9wtFJw/UW4IWsWWk2I/AAAAAAAABGM/786aMpRAHzQ/s1600/DSCF5270.JPG
000278.jpg,https://shop.westlandpeppers.com/wp-content/uploads/bfi_thumb/corno-di-toro_westlandpeppers-2-njs6g7tzv1zdbtrfnax0ygwwu13e7dp77arpi1cr94.jpg
000279.jpg,https://previews.123rf.com/images/regenbogen/regenbogen1009/regenbogen100900006/7826440-stuffed-red-cherry-peppers-and-hungarian-wax-peppers-shallow-dof-.jpg
000280.jpg,https://www.sakurafresh.com/bangalore/image/cache/catalog/sf_products/hotpepper/First%20Agro%20Hungarin%20Wax-800x800.jpg
000281.jpg,https://cdn.shopify.com/s/files/1/1904/8475/products/Pepper_20hungarian_20hotwax.jpg?v=1500653124
000282.jpg,https://c1.staticflickr.com/4/3492/3938262173_d0b30b533e_b.jpg
000283.jpg,http://fryfogelflowers.com/wp-content/uploads/2019/02/pepper-tabasco-300x300.jpg
000284.jpg,https://i2.wp.com/stillmansfarm.com/wp-content/uploads/2017/04/pepperhungarian.jpg?fit=640%2C480&ssl=1
000285.jpg,https://www.gardentags.com/profile/cheerfulandliterate/images/779817/750/capsicum-annuum-hungarian-wax.jpeg
000286.jpg,https://media.istockphoto.com/photos/stack-of-hungarian-wax-pepper-picture-id1050408036
000287.jpg,https://beckyintherootcellar.files.wordpress.com/2011/09/img_4833.jpg
000288.jpg,https://sep.yimg.com/ay/yhst-74381645246355/hungarian-hot-wax-pepper-1.gif
000289.jpg,https://i2.wp.com/bloominthyme.com/wp-content/uploads/2017/09/fill-pepper-jars-to-the-brim.jpg?fit=1936%2C1288&ssl=1
000290.jpg,http://www.friendsdriftinn.com/wp-content/uploads/2016/01/pepper-collage-1.jpg
000291.jpg,http://www.pepperfriends.com/forum/uploads/monthly_07_2010/post-638-1279465076.jpg
000292.jpg,https://www.directgardening.com/125-thickbox_default/hot-pepper-mix.jpg
000293.jpg,https://t4.ftcdn.net/jpg/01/02/74/71/240_F_102747117_yPW1M9tiPNsdraW3tPKcTLusXsLnlfqa.jpg
000294.jpg,https://st4.depositphotos.com/3147771/20063/i/450/depositphotos_200639670-stock-photo-hungarian-gabi-pepper-hot-wax.jpg
000295.jpg,https://cdn-image.foodandwine.com/sites/default/files/1501873866/variety-of-chile-peppers-hungarian-wax-FT-BLOG0817.jpg
000296.jpg,https://c8.alamy.com/comp/X8DK9X/pepper-chili-%60hungarian-wax-veg104550-X8DK9X.jpg
000297.jpg,https://irp-cdn.multiscreensite.com/85981f48/import/clib/floridaspecialties_com/dms3rep/multi/mobile/hungarianwaxpeppers-400x267.jpg
000298.jpg,https://jakeseed.com/wp-content/uploads/2018/01/chimayyo-324x324.jpg
000299.jpg,https://www.superhotchiles.com/wp-content/uploads/2018/05/Yummy_Orange_1-600x400.jpg
000300.jpg,https://contrarymarysplants.com/wp-content/uploads/2018/03/a-selection-1-300x227.jpg
000301.jpg,https://i0.wp.com/www.motherhoodandconfetti.com/wp-content/uploads/2015/04/IMG_0035e.jpg
000302.jpg,http://www.busygirlhealthyworld.com/wp-content/uploads/2016/08/DSC03922.jpg
000303.jpg,https://livingintheshoe.com/wp-content/uploads/2013/08/IMG_5519.jpg?w=640
000304.jpg,https://www.flarestock.com/thumbnails/hungarian-wax-peppers-1021.jpg
000305.jpg,https://www.exotic-seeds.store/6095-medium_default/hungarian-hot-wax-chili-pepper-seed.jpg
000306.jpg,https://images.media-allrecipes.com/userphotos/560x315/1040053.jpg
000307.jpg,https://scontent-lax3-1.cdninstagram.com/v/t51.2885-15/sh0.08/e35/s640x640/69622602_172522630571151_5541574809349020743_n.jpg?_nc_ht=scontent-lax3-1.cdninstagram.com&_nc_cat=103&oh=5b32f3fc207249c6778a5884fff2ea70&oe=5E0C2FAB&ig_cache_key=MjEzMjkzNzgxOTM3MTMwNTQ3OA%3D%3D.2
000308.jpg,https://www.mariannemajerus.com/cache/pcache2/00066784.jpg
000309.jpg,https://previews.agefotostock.com/previewimage/medibigoff/c8946ca730986b8fe3f3d61e2d617a18/nhp-zb2376-247883-0064.jpg
000310.jpg,https://www.healthbenefitstimes.com/9/gallery/hungarian-pepper/Hungarian-pepper-plant.jpg
000311.jpg,https://i.redd.it/n5iohloqvmb21.jpg
000312.jpg,https://www.henleyherald.com/wp-content/uploads/2018/09/pickle-peppers-1.jpg
000313.jpg,https://pics.davesgarden.com/pics/2004/09/12/Weezingreens/e1d848.jpg
000314.jpg,https://www.australianseed.com/persistent/catalogue_images/products/chilli_hungarian_hot_wax_1.jpg
000315.jpg,http://seotutorials.club/wp-content/uploads/2019/05/hot-pepper-plant-this-traditional-chili-pepper-adds-heat-to-many-dishes-hungarian-hot-wax-pepper-plant-care.jpg
000316.jpg,https://www.shiftingroots.com/wp-content/uploads/2018/08/Hungarian-wax-pepper-in-a-pot.jpg
000317.jpg,http://3.bp.blogspot.com/-CFlWuPR5keM/Vb9rjfo-v5I/AAAAAAAACzY/Onj10uaANS8/s1600/2015-08-03%2B-%2BHungarian%2BHot%2BWax%2BPeppers.jpg
000318.jpg,https://sc02.alicdn.com/kf/HTB16ueFdjfguuRjy1zeq6z0KFXaJ.jpg
000319.jpg,https://i1.wp.com/bonniebspeppers.com/wp-content/uploads/2019/04/Jessica-Griffin-Photography-9207.jpg?fit=4062%2C2708&ssl=1
000320.jpg,https://i.ytimg.com/vi/uDg3HRszNjw/hqdefault.jpg
000321.jpg,https://steemitimages.com/640x0/https://cdn.steemitimages.com/DQmWUAVgA1cxGVKt6Jdwyuxix8WktbwnP7eCmqRFKRBcRKV/DSCN5038.JPG
000322.jpg,https://kitchen-garden.be/wp-content/uploads/Hungarian-Wax.jpg
000323.jpg,https://images20.fotki.com/v1666/photos/5/40265/7398568/HUNGARIANHOTWAXPEPPERSEEDS2008-vi.jpg
000324.jpg,https://image.shutterstock.com/image-photo/white-paprika-hungarian-sweet-peppers-260nw-1049515310.jpg
000325.jpg,https://www.ooooby.org/image/product/npm/b7efb0ad-a52a-47a3-86ef-b66f9cdb58b6.jpg
000326.jpg,http://media.tumblr.com/tumblr_ma4z9caRLP1qbrn9o.jpg
000327.jpg,https://i.pinimg.com/originals/3c/fd/4d/3cfd4db51109b7cb353b8a7ebdfa57f7.jpg
000328.jpg,https://thumbs.dreamstime.com/z/hot-wax-paprika-peppers-top-view-paths-hungarian-capsicum-annuum-crossed-clipping-shadow-separated-89187378.jpg
000329.jpg,https://i.ebayimg.com/00/s/NzY4WDEwMjQ=/z/aekAAOSwEwFdMjLb/$_86.JPG
000330.jpg,https://upload.wikimedia.org/wikipedia/commons/thumb/5/50/Madame_Jeanette_and_other_chillies.jpg/1200px-Madame_Jeanette_and_other_chillies.jpg
000331.jpg,https://www.winslow-farm.com/wp-content/uploads/2018/09/Stuffed-hungarian-hot-wax-peppers-1024x913.jpg
000332.jpg,https://i1.wp.com/yonderhillfarm.ca/wp-content/uploads/2018/10/hot-pepper-cayenne.jpg?resize=300%2C300&ssl=1
000333.jpg,https://upload.wikimedia.org/wikipedia/commons/3/3a/Hungarian_wax_peppers_IMG_5543.JPG
000334.jpg,https://www.edenproject.com/shop/sites/default/files/Hungarian-hot-wax-chilli-seeds_1.jpg
000335.jpg,http://3.bp.blogspot.com/_dY8Qzz9P2sU/THBtUcVvC0I/AAAAAAAAArM/ND6hOH_FkCI/s1600/hot+wax+peppers-+Copy.JPG
000336.jpg,https://image.slidesharecdn.com/hot-20chilli-20-26-20uses-20v13-130705000302-phpapp02/95/hot-chilli-uses-v130621wb-14-638.jpg?cb=1372983015
000337.jpg,https://images.food52.com/pIuXyYyCIRT9cMzAah4-eCgVOcU=/753x502/dee33ed8-26a3-428d-b01f-6f17678a5e63--DSC_0001.JPG
000338.jpg,https://irisheyesgardenseeds.com/wp-content/uploads/product_images/product-1388-1559414446-OPP213P-300x400.jpg
000339.jpg,https://c1.staticflickr.com/8/7101/7332671160_82483d7b94_b.jpg
000340.jpg,http://budapestmarkethall.com/wp-content/uploads/2019/04/58713319_641857389591906_5403570467598499840_n.jpg
000341.jpg,https://www.mariannemajerus.com/cache/pcache2/00012298.jpg
000342.jpg,http://www.seaspringseeds.co.uk/blog/wp-content/uploads/2016/03/Hungarian-Hot-Wax-crop.jpg
000343.jpg,https://previews.123rf.com/images/maxsol7/maxsol71705/maxsol7170500025/78487965-dried-hungarian-hot-wax-or-paprika-pepper-pods-whole-clipping-paths-shadow-separated-top-view.jpg
000344.jpg,https://live.staticflickr.com/65535/48225289296_ff49f252e2_c.jpg
000345.jpg,http://www.eatmorechiles.com/chilies/MEETCHILES/yellow_hot.jpg
000346.jpg,https://pbs.twimg.com/media/DnAk02qV4AIERju.jpg
000347.jpg,https://www.rohrerseeds.com/HUNGARIAN-HOT-WAX-PEPPER-ORGANIC-SEED-PKT/image/item/LK13905
000348.jpg,https://cdn.shopify.com/s/files/1/1022/5071/products/other-seeds-bulbs-hot-pepper-seeds-hungarian-wax-hot-1-oz-approximately-4-100-seeds-7_1024x1024.jpg?v=1565029083
000349.jpg,http://secureservercdn.net/198.12.145.135/82c.eda.myftpupload.com/wp-content/uploads/2017/01/1222668390_cdb69207b8_b.jpg
000350.jpg,https://media.gettyimages.com/photos/chilli-peppers-including-hungarian-hot-wax-chilli-pepper-and-peach-picture-id93190741
000351.jpg,https://c8.alamy.com/comp/X138CC/agriculture-hungarian-wax-peppers-on-tile-closeup-volcano-variety-studio-X138CC.jpg
000352.jpg,https://www.picclickimg.com/d/l400/pict/123902887272_/Capsicum-SWEET-BANANA-15-Seeds-PEPPER-spring-vegetable.jpg
000353.jpg,https://chattygourmet.com/wp-content/uploads/2011/03/tech_preparinghungarianwaxpeppers3.jpg
000354.jpg,https://t4.ftcdn.net/jpg/01/01/61/17/240_F_101611704_uXGR0DmcjvkTXK6PdctoacuThZutP5b9.jpg
000355.jpg,http://wlthomas.www3.50megs.com/chilesfrescos3.jpg
000356.jpg,https://i2.wp.com/www.thefooddigger.com/wp-content/uploads/2014/09/hotpeppers.jpg
000357.jpg,https://alchetron.com/cdn/friggitello-ded1a7dc-4714-41f1-a366-69b726bd993-resize-750.png
000358.jpg,https://thevillageplate.files.wordpress.com/2015/01/hungarian-sweet-white-hot-wax-pepper.jpg
000359.jpg,http://2.bp.blogspot.com/-i1d4jNEwYYI/VA3NTGFvtSI/AAAAAAAABL8/Hl37CPVknWg/s1600/2014-09-08%2B-%2BHungarian%2BHot%2BWax%2BPeppers.jpg
000360.jpg,https://www.kerneliv.dk/2137-large_default/chili-pepper-hungarian-yellow-wax-hot-organic.jpg
000361.jpg,https://cazort.net/photos/assorted-hot-peppers.jpg
000362.jpg,https://i.redd.it/d8zep6wiajm31.jpg
000363.jpg,https://kathdedon.files.wordpress.com/2013/09/hungarian-wax-chile-pepper.jpg
000364.jpg,https://i.pinimg.com/originals/61/60/33/616033b02fb05458157fe3ad17758ab5.jpg
000365.jpg,https://i.ytimg.com/vi/khItCbklPuE/maxresdefault.jpg
000366.jpg,https://t4.thpservices.com/previewimage/gallil/015f182d10b3240520520ceb128652b3/aam-aaes30509.jpg
000367.jpg,https://i.imgur.com/f2vGtSP.jpg
000368.jpg,https://kitchen-garden.be/wp-content/uploads/Hungarian-Wax-fruit-1.jpg
000369.jpg,https://previews.123rf.com/images/regenbogen/regenbogen1008/regenbogen100800080/7690092-plate-with-stuffed-hungarian-wax-peppers-shallow-dof-.jpg
000370.jpg,https://mayasfarm.files.wordpress.com/2015/06/hungarian-wax-peppers.jpg
000371.jpg,https://test18.irisheyesgardenseeds.com/wp-content/uploads/product_images/product-46230-1520380687-OPP123P-300x400.jpg
000372.jpg,https://farm2.staticflickr.com/1435/4727415169_3d1a41f10f_b.jpg
000373.jpg,https://media.istockphoto.com/photos/red-hungarian-wax-peppers-in-the-plastic-containers-ready-for-picture-id1041483828
000374.jpg,https://media.gettyimages.com/photos/sweet-yellow-wax-peppers-on-cutting-board-picture-id644089368?s=612x612
000375.jpg,https://www.picclickimg.com/d/l400/pict/262707193048_/Capsicum-Seeds-Hungarian-Yellow-Wax-25-Seeds.jpg
000376.jpg,https://c7.alamy.com/comp/XADD88/pepper-sweet-banana-syn-p-hungarian-wax-sweet-veg097990-XADD88.jpg
000377.jpg,https://upload.wikimedia.org/wikipedia/commons/thumb/6/69/BhutJolokia09_Asit.jpg/1200px-BhutJolokia09_Asit.jpg
000378.jpg,http://i1.wp.com/thriftybynature.files.wordpress.com/2013/07/dscn1266.jpg?w=250
000379.jpg,https://cdn.shopify.com/s/files/1/1022/5071/products/other-seeds-bulbs-hot-pepper-seeds-hungarian-wax-hot-1-oz-approximately-4-100-seeds-4_1024x1024.jpg?v=1565029081
000380.jpg,https://i.ytimg.com/vi/-jOtrfFg-OA/maxresdefault.jpg
000381.jpg,https://media.istockphoto.com/photos/raw-organic-yellow-banana-peppers-picture-id583846970?k=6&m=583846970&s=612x612&w=0&h=UTHhsRd_ccMmC_IfOTVpRNI0GwYT63ro0FNrWm9KZX8=
000382.jpg,http://1.bp.blogspot.com/_lXgxJsKFud4/So1JHtcnEwI/AAAAAAAAFOw/Zk6TIIdP13I/w1200-h630-p-k-no-nu/peppers1.jpg
000383.jpg,https://upload.wikimedia.org/wikipedia/commons/thumb/5/55/Hungarian_wax_pepper_IMG_5672.JPG/400px-Hungarian_wax_pepper_IMG_5672.JPG
000384.jpg,https://upload.wikimedia.org/wikipedia/commons/9/95/Hungarian_wax_peppers_-_Marietta%2C_Georgia.jpg
000385.jpg,https://kitchen-garden.be/wp-content/uploads/Hungarian-Wax-7.jpg
000386.jpg,https://i.redd.it/mnugslfs11l31.jpg
000387.jpg,https://sassysusancreates.files.wordpress.com/2012/07/dsc06064.jpg
000388.jpg,https://previews.123rf.com/images/regenbogen/regenbogen1009/regenbogen100900033/7924239-stuffed-red-cherry-peppers-and-hungarian-wax-peppers-shallow-dof-.jpg
000389.jpg,https://image.shutterstock.com/image-photo/set-whole-chopped-orange-hungarian-260nw-553649143.jpg
000390.jpg,https://c8.alamy.com/comp/GGM9CC/pepper-chili-%60hungarian-wax-veg104550-GGM9CC.jpg
000391.jpg,https://media.gettyimages.com/photos/hungarian-wax-peppers-at-the-farmers-market-picture-id514402417
000392.jpg,https://www.fullcircleseeds.com/static/images/productimage-picture-hungarian-hot-wax-pepper-250.jpg
000393.jpg,https://www.picclickimg.com/d/l400/pict/151204171312_/Hungarian-Hot-Wax-Pepper-Heirloom-Non-GMO-50-Seeds.jpg
000394.jpg,http://1.bp.blogspot.com/-2Pdw48yKAwA/Tlt2gO4zSVI/AAAAAAAAA1M/Co9urRzcQCg/s1600/IMG_4775.JPG
000395.jpg,https://i.ytimg.com/vi/fEUQzkyVqNY/maxresdefault.jpg
000396.jpg,https://beckyintherootcellar.files.wordpress.com/2011/09/img_4840.jpg
000397.jpg,https://c8.alamy.com/comp/A0F9DH/hungarian-hot-wax-chillies-on-sale-at-the-annual-abergavenny-food-A0F9DH.jpg
000398.jpg,https://previews.123rf.com/images/maxsol7/maxsol71701/maxsol7170100034/69032883-sliced-orange-hungarian-hot-wax-pepper-or-paprika-capsicum-annuum-clipping-paths-shadow-separated.jpg
000399.jpg,https://i.redd.it/6wrustgt34a11.jpg
000400.jpg,https://greenpatchseeds.com.au/images/cache/Vegetables/chilli_hungarian_hot_wax.500.jpg
000401.jpg,https://upload.wikimedia.org/wikipedia/commons/5/55/Hungarian_wax_pepper_IMG_5672.JPG
000402.jpg,https://media.istockphoto.com/photos/red-hungarian-wax-peppers-in-the-plastic-containers-ready-for-on-the-picture-id1041483824
000403.jpg,https://trocobuy.s3.amazonaws.com/ficheros/14366/big/10b00b7a5362460387cc7e6d760071a8.png
000404.jpg,http://3.bp.blogspot.com/-1LeOzo1V16s/U-fXbwKfGiI/AAAAAAAAEi0/4ECfx7SlJak/s1600/Hungarian+Wax+pepper+Harvest.jpg
000405.jpg,https://media.istockphoto.com/photos/banana-peppers-picture-id185328123?k=6&m=185328123&s=612x612&w=0&h=2jBu4DCz7NMczNyMk3N6hiHiiBUWaDOs63FYDqzQb0I=
000406.jpg,https://www.bfgsupply.com/img/product/large/30229.jpg
000407.jpg,https://c8.alamy.com/comp/XARD56/assorted-hot-peppers-including-anaheim-long-red-cayenne-and-hungarian-wax-studio-XARD56.jpg
000408.jpg,http://i.imgur.com/KgHz5M5.jpg
000409.jpg,https://2.bp.blogspot.com/-se11ZHULyGU/WZiZj8YaT6I/AAAAAAAALwc/8Xm7__F8W3cDA670MYtXYIkXgNHgjT_lgCLcBGAs/s640/IMG_5837.JPG
000410.jpg,https://media.istockphoto.com/photos/hot-peppers-on-display-ready-to-use-picture-id537044929?k=6&m=537044929&s=612x612&w=0&h=hc4FsvgnUM5xhopsv3RRemquMvUK1Mi_rozu2XUVXD4=
000411.jpg,https://i.etsystatic.com/9864212/r/il/a2db87/1852443914/il_fullxfull.1852443914_g5se.jpg
000412.jpg,https://previews.123rf.com/images/maxsol7/maxsol71703/maxsol7170300072/74990321-hungarian-hot-wax-or-paprika-pepper-capsicum-annuum-horn-like-clipping-paths-shadow-separated.jpg
000413.jpg,https://i.etsystatic.com/18660733/r/il/bd2314/1785031145/il_fullxfull.1785031145_92pu.jpg
000414.jpg,https://cynthiamvoss.files.wordpress.com/2014/06/20140622_074635.jpg
000415.jpg,https://www.meijer.com/content/dam/meijer/product/0000/00/0004/69/0000000004690_1200.png
000416.jpg,https://hungryhannahs.files.wordpress.com/2012/08/hungarian-wax1.jpg
000417.jpg,http://www.rareseeds.com/assets/1/14/DimRegular/Pepper-Hungarian-Hot-Wax-LSS-184.jpg
000418.jpg,https://www.johnnyseeds.com/dw/image/v2/BBBW_PRD/on/demandware.static/-/Sites-jss-master/default/dw582e7328/images/products/vegetables/00585g_01_hungarhotwax.jpg
000419.jpg,http://cdn.shopify.com/s/files/1/0011/2341/8172/products/PP648-1_1024x1024.jpg
000420.jpg,https://brenhaas.com/wp-content/uploads/2016/07/hungarian-wax-peppers-1374791_1280-1024x547.jpg
000421.jpg,https://upload.wikimedia.org/wikipedia/commons/8/8e/Hungarian_wax_pepper.jpg
000422.jpg,http://www.kingsseedsdirect.com/uploads/product-images/1997.jpg
000423.jpg,https://www.neseed.com/wp-content/uploads/2016/08/32190-Hungarian-Yellow-Hot-Wax-Pepper.jpg
000424.jpg,https://bloominthyme.files.wordpress.com/2010/05/successful-wax-pepper-canning-e1281022794889.jpg
000425.jpg,https://www.cayennediane.com/wp-content/uploads/Hungarian-Wax-Pepper.jpg
000426.jpg,https://thriftybynature.files.wordpress.com/2013/07/dscn1269.jpg
000427.jpg,https://i0.wp.com/oldworldgardenfarms.com/wp-content/uploads/2013/04/banana-peppers.jpg
000428.jpg,https://bloominthyme.files.wordpress.com/2010/05/dehydrating-wax-peppers.jpg
000429.jpg,http://www.busygirlhealthyworld.com/wp-content/uploads/2016/08/DSC03937.jpg
000430.jpg,https://thriftybynature.files.wordpress.com/2013/07/dscn1266.jpg
000431.jpg,http://www.asiaseeds.com/wp-content/uploads/2015/01/veg16.jpg
000432.jpg,https://www.melissas.com/v/vspfiles/photos/698-2T.jpg
000433.jpg,http://newearthgardencenter.com/blog/wp-content/uploads/2015/05/hungarian_hot_wax_peppers.jpg
000434.jpg,http://3.bp.blogspot.com/-1LeOzo1V16s/U-fXbwKfGiI/AAAAAAAAEi0/4ECfx7SlJak/s1600/Hungarian+Wax+pepper+Harvest.jpg
000435.jpg,https://www.victoriananursery.co.uk/images/800/sq_chilli_pepper_hungarian_hot_wax_005.jpg
000436.jpg,https://thevillageplate.files.wordpress.com/2015/01/hungarian-sweet-white-hot-wax-pepper.jpg
000437.jpg,http://i2.wp.com/www.foundroot.com/wp-content/uploads/2016/01/Hungarian-Hot-Wax.jpg
000438.jpg,https://cdn.shopify.com/s/files/1/0011/2341/8172/products/PP648-3_1024x1024.jpg
000439.jpg,http://2.bp.blogspot.com/-sIUkIt5yLR4/VBcwOJyxY0I/AAAAAAAACUo/TVugRFEZEyY/s1600/peppers%2C%2Bamy.jpg
000440.jpg,http://plantfreak.files.wordpress.com/2012/04/013.jpg
000441.jpg,http://3.bp.blogspot.com/-9U6PEzWebH8/U8NSP7XY8DI/AAAAAAAAAng/qVN3Lgav3fQ/s1600/2014-07-14+-+Hungarian+Wax+Peppers.jpg
000442.jpg,https://1rxbfb2hflyo2jt6jd3f6sjr-wpengine.netdna-ssl.com/wp-content/uploads/2014/11/PP648-4.jpg
000443.jpg,http://3.bp.blogspot.com/-3VCWEu_sm4U/U8rkS1bsCFI/AAAAAAAAAuE/LuYtGQkeKa4/s1600/2014-07-18+-+Peppers+-+Hungarian+Hot+Wax+Peppers.jpg
000444.jpg,https://i.ebayimg.com/images/i/380358194328-0-1/s-l1000.jpg
000445.jpg,https://i2.wp.com/bloominthyme.com/wp-content/uploads/2017/09/fill-pepper-jars-to-the-brim.jpg
000446.jpg,http://www.seedgeeks.com/store/image/cache/data/product/vegetables/peppers/hot/pepper.hungarian.wax.hot2-500x500_0.jpg
000447.jpg,http://www.acooknotmad.com/wp-content/uploads/2012/10/stuffed-peppers.jpg
000448.jpg,http://kathdedon.files.wordpress.com/2013/09/hungarian-wax-chile-pepper.jpg
000449.jpg,https://blessthishouseblog.files.wordpress.com/2013/08/dsc_0966.jpg
000450.jpg,http://media-cache-ak0.pinimg.com/originals/61/60/33/616033b02fb05458157fe3ad17758ab5.jpg
000451.jpg,https://s-media-cache-ak0.pinimg.com/564x/9a/cf/ce/9acfce2dc37a56b22cfd391b06929cd4.jpg
000452.jpg,http://cdn.shopify.com/s/files/1/0871/0950/products/sweethungarianss2015_1024x1024.jpg
000453.jpg,https://www.chilipeppermadness.com/wp-content/uploads/2019/04/Hungarian-Wax-Chili-Peppers-HERO.jpg
000454.jpg,https://www.magicgardenseeds.com/pics/VzfT9uzNhkvJ1oqc5Cub9JCwk3EZQ-rDd_C0oQmjofKpkxV12hly1xf22iezE5pf/CAP19_1000.jpg
000455.jpg,http://2.bp.blogspot.com/-VG941y-Bq_E/TkS_v2LEtRI/AAAAAAAABfY/TVPGhKT7fX4/s1600/Hungarian%2BWax%2BPepper.jpg
000456.jpg,http://cdn.shopify.com/s/files/1/0011/2341/8172/products/PP648-2_1024x1024.jpg
000457.jpg,http://www.simplyscratch.com/wp-content/uploads/2014/08/pickled-banana-peppers-l-SimplyScratch.com-2.jpg
000458.jpg,https://3.bp.blogspot.com/-CFlWuPR5keM/Vb9rjfo-v5I/AAAAAAAACzY/Onj10uaANS8/s1600/2015-08-03%2B-%2BHungarian%2BHot%2BWax%2BPeppers.jpg
000459.jpg,https://lenoyau.com/wp-content/uploads/2017/01/Hungarian-Pepper-SEND-2-960x960.jpg
000460.jpg,https://pitterpottergardener.files.wordpress.com/2013/07/dsc015151.jpg
000461.jpg,https://mayasfarm.files.wordpress.com/2015/06/hungarian-wax-peppers.jpg
000462.jpg,https://thechickenstreet.files.wordpress.com/2011/09/hungarian-hot-wax.jpg
000463.jpg,https://shop.westlandpeppers.com/wp-content/uploads/2017/07/russian-paprika_witpunt_westlandpeppers-2.jpg
000464.jpg,https://cdn.trueleafmarket.com/products/seeds/pepper-hot-hungarian-yellow-wax-hot/hungarian-hot-wax-pepper-grown-seed-wm.jpg
000465.jpg,https://1.bp.blogspot.com/-Bv8GkGXdXwk/WHdJoxTg4NI/AAAAAAAAqM8/DVEz5vP1-zsaydoIaGE19l33CEp7pxNUwCLcB/s1600/00585g_01_hungarhotwax.jpg
000466.jpg,https://s-media-cache-ak0.pinimg.com/736x/93/e7/4c/93e74cac7ba6778ed40d76c3d2d5521e.jpg
000467.jpg,http://www.busygirlhealthyworld.com/wp-content/uploads/2016/08/DSC03922.jpg
000468.jpg,https://cdn.trueleafmarket.com/products/seeds/pepper-sweet-hungarian-yellow-wax-sweet/pepper-sweet-hungarian-yellow-wax-sweet-seed-wm.jpg
000469.jpg,http://glamorousbite.com/wp-content/uploads/2014/12/lecs%C3%B3-hungarian-pepper-stew-recipe.jpg
000470.jpg,https://thesnailofhappiness.files.wordpress.com/2012/07/dscf1132.jpg
000471.jpg,https://mavieenfood.files.wordpress.com/2011/09/dscn2644-e1315363915899.jpg
000472.jpg,https://jakeseed.com/wp-content/uploads/2018/01/hungarian-wax.jpg
000473.jpg,https://res.cloudinary.com/dyx4yhvoq/image/upload/w_1000,h_1000,c_fit/v1551474163/5c5209f74dee820019191f05/bk9glajkjbcjrw0yfmbd.jpg
000474.jpg,https://res.cloudinary.com/dyx4yhvoq/image/upload/w_1000,h_1000,c_fit/v1551474147/5c5209f74dee820019191f05/mdff4wisjqmwwcvbvfgb.jpg
000475.jpg,https://res.cloudinary.com/dyx4yhvoq/image/upload/w_1000,h_1000,c_fit/v1550875534/5c5209f74dee820019191f05/c63opzjh1w9vcafc6ucw.jpg
000476.jpg,http://sowdelicious.co.za/wp-content/uploads/2014/02/Pepper-Hungarian-Yellow-Wax-1.jpg
000477.jpg,https://c8.alamy.com/comp/A5667X/hungarian-wax-pepper-on-a-white-background-A5667X.jpg
000478.jpg,http://farm5.static.flickr.com/4094/4939754952_30fd515d97.jpg
000479.jpg,https://thriftybynature.files.wordpress.com/2013/07/dscn1267.jpg
000480.jpg,http://cdn.shopify.com/s/files/1/1420/8798/products/pepper-sweethot-hungarian-hot-wax-capsicum-annuum-seeds-amkha-seed_478_1200x1200.jpg
000481.jpg,http://sowdelicious.co.za/wp-content/uploads/2014/02/Pepper-Hungarian-Yellow-Wax.jpg
000482.jpg,http://bloominthyme.com/wp-content/uploads/2012/06/Hungarian-Wax-peppers.jpg
000483.jpg,https://c8.alamy.com/comp/HGNE3H/whole-orange-hungarian-hot-wax-pepper-or-paprika-capsicum-annuum-clipping-HGNE3H.jpg
000484.jpg,https://upload.wikimedia.org/wikipedia/commons/2/24/Banana_Peppers_%28Armenia%29.jpg
000485.jpg,https://www.seedsnsuch.com/wp-content/uploads/2013/08/Pep_Hungarian_YellowHotWax_cmyk.jpg
000486.jpg,https://i.pinimg.com/736x/e5/54/c9/e554c96219de01f061014d4114af08a0--hot-pepper-recipes-hot-dog-recipes.jpg
000487.jpg,https://s-media-cache-ak0.pinimg.com/736x/6e/f6/1e/6ef61ee69273cc8162fdce6b9e6e2144.jpg
000488.jpg,https://s-media-cache-ak0.pinimg.com/564x/a6/35/3b/a6353ba608f2d1670156235cb19b2771.jpg
000489.jpg,http://bloominthyme.com/wp-content/uploads/2012/03/Hungarian-hot-wax-peppers-not-ready-for-ground-yet.jpg
000490.jpg,https://s-media-cache-ak0.pinimg.com/736x/73/d9/df/73d9df38bf7d1557a009b091a29502e6--canning-banana-peppers-pickled-banana-peppers.jpg
000491.jpg,https://s-media-cache-ak0.pinimg.com/736x/63/48/e1/6348e1d32d52a4a76437ea5172a5792a.jpg
000492.jpg,https://s-media-cache-ak0.pinimg.com/originals/e0/b1/e0/e0b1e09c011823590f9fcda87ea94a63.jpg
000493.jpg,https://cdn.shopify.com/s/files/1/1596/8337/products/hungarian-wax-peppers-1374791_960_720_1024x.jpg
000494.jpg,https://s-media-cache-ak0.pinimg.com/736x/a3/3f/77/a33f77f12bc45de7b3e6a1f4e31371a4.jpg
000495.jpg,https://s-media-cache-ak0.pinimg.com/736x/46/eb/9e/46eb9e969d4ad95a1e6f41bf07f3c738.jpg
000496.jpg,https://i.pinimg.com/736x/a9/48/aa/a948aaf422d20a328b3be3edf4b92ddf--hot-pepper-recipes-hot-dog-recipes.jpg
000497.jpg,https://s-media-cache-ak0.pinimg.com/736x/a6/7b/ca/a67bca9834f0ca8becf1826bfc7e0ecb.jpg
000498.jpg,https://thetomatoladyblog.files.wordpress.com/2014/04/hundreds-and-thousands-2013.jpg
000499.jpg,https://i1.wp.com/bloominthyme.com/wp-content/uploads/2012/03/Hungarian-hot-wax-peppers-not-ready-for-ground-yet.jpg
000500.jpg,http://www.thatsquareplate.com/wp-content/uploads/2015/08/DSC_8337.jpg
000501.jpg,https://i1.wp.com/www.recipehow.com/wp-content/uploads/2019/10/Charred-market-peppers-with-pickled-feta-recipe.jpg
