image,source
000001.jpg,https://images-na.ssl-images-amazon.com/images/I/61xAUlvyhBL._SL1500_.jpg
000002.jpg,http://cdn.shopify.com/s/files/1/2550/8730/products/Pepper_Hot_Early-Jalapeno-1_CK_logo_1200x630.jpg?v=1551118959
000003.jpg,https://edge.bonnieplants.com/www/uploads/20180920003952/mammoth-jalapeno-hot-pepper.jpg
000004.jpg,https://cdn.shopify.com/s/files/1/1143/3886/products/pepper-jalapeno_7dc15c16-6b00-45f9-9cad-b7dfdecb3c24_1024x1024.jpg?v=1522431847
000005.jpg,https://cdn.shopify.com/s/files/1/0871/0950/products/jalmundopepperpic_1024x1024.jpg?v=1548196302
000006.jpg,https://edge.bonnieplants.com/www/uploads/20180920003953/jalapeno-hot-pepper.jpg
000007.jpg,https://www.pepperscale.com/wp-content/uploads/2013/06/jalapeno-pepper-1-768x432.jpg
000008.jpg,https://i0.wp.com/images-prod.healthline.com/hlcmsresource/images/AN_images/jalapeno-peppers-1296x728.jpg?w=1155&h=1528
000009.jpg,https://www.simplyrecipes.com/wp-content/uploads/2009/07/jalapeno-hotness-horiz-a-1800.jpg
000010.jpg,https://images-na.ssl-images-amazon.com/images/I/51HCXzp9RtL._SY355_.jpg
000011.jpg,http://cdn.shopify.com/s/files/1/1537/5553/products/00655_b39a1a30-f8b1-4e5a-9957-c43a86f36e2d_grande.jpg?v=1486441022
000012.jpg,https://www.chilipeppermadness.com/wp-content/uploads/2018/10/Jalapeno-Peppers1.jpg
000013.jpg,https://www.americanseedco.com/wp-content/uploads/2013/07/Peppers-Jalapeno.jpg
000014.jpg,http://www.southernexposure.com/images/large/hot-pepper-jalapeno_LRG.jpg
000015.jpg,https://i.ebayimg.com/images/g/9wIAAMXQWHZR5DIk/s-l300.jpg
000016.jpg,https://www.pepperscale.com/wp-content/uploads/2015/08/Anaheim-Pepper-vs-Jalapeno-Pepper-768x594.jpg
000017.jpg,https://d1nw62gticy6e9.cloudfront.net/uploads/Early-Jalapeno-Pepper-Seeds.jpg
000018.jpg,https://www.displayfakefoods.com/store/pc/catalog/9405E-lg.jpg
000019.jpg,https://www.friedas.com/wp-content/uploads/2012/03/Friedas_Peppers_Jalapenos.jpg
000020.jpg,https://cdn.apartmenttherapy.info/image/upload/v1560538281/k/Photo/Recipes/2019-07-recipe-31-days-of-vegetables/Veg-a-Day_jalepen%CC%83os-038.jpg
000021.jpg,https://i5.walmartimages.com/asr/1e6c200b-32df-46ae-8649-7c0f8cd5a15e_1.9e963a28ffbc08b8b1bea7abef860020.jpeg
000022.jpg,https://www.chilipeppermadness.com/wp-content/uploads/2018/10/Jalapeno-Peppers3.jpg
000023.jpg,https://www.bbcgoodfood.com/sites/default/files/glossary/jalapenos.jpg
000024.jpg,https://cdn.shopify.com/s/files/1/0915/1060/products/Chipotle-jalapeno-hot-pepper-pepper-joes.jpg?v=1457582508
000025.jpg,https://img-aws.ehowcdn.com/350x235p/photos.demandstudios.com/getty/article/117/208/87714824_XS.jpg
000026.jpg,https://5.imimg.com/data5/WW/OQ/MY-1812882/jalapeno-pepper-slice-250x250.jpg
000027.jpg,https://cdn.shopify.com/s/files/1/0915/1060/products/giant-jalapeno-plant-hot-pepper-pepper-joes.jpg?v=1462326376
000028.jpg,https://edge.bonnieplants.com/www/uploads/20180920003948/mild-jalapeno-pepper.jpg
000029.jpg,https://www.superhotchiles.com/wp-content/uploads/2018/09/chilesBrownJalapeno9-2018-600x450.jpg
000030.jpg,https://previews.123rf.com/images/annete/annete1302/annete130200153/18057431-green-jalapeno-pepper-isolated-on-white.jpg
000031.jpg,https://www.highmowingseeds.com/media/catalog/product/cache/f24fe076cc2f73119e7261920a5836c5/2/7/2773.jpg
000032.jpg,https://www.melissas.com/v/vspfiles/photos/708-2T.jpg
000033.jpg,https://mobileimages.lowes.com/product/converted/715339/715339011374.jpg?size=xl
000034.jpg,https://www.superhotchiles.com/wp-content/uploads/2018/04/Early-Jalapeno-Pepper-Seeds.jpg
000035.jpg,https://www.aerogarden.com/media/catalog/product/optimized/8/1/816a9cf947cc4e65bbdbaa05ee427748/jalapeno_6pod_comp_800.1560199954.jpg
000036.jpg,https://www.rareseeds.com/assets/1/14/DimRegular/Pepper_Craigs_Grande_Jalapeno_HPP150_LSS_000_1976.JPG
000037.jpg,https://www.oscseeds.com/wp-content/uploads/2018/10/osc4630-1024x1024.jpg
000038.jpg,http://cdn.shopify.com/s/files/1/1766/2959/products/Pepper_TAM_Jalapeno_600x.jpg?v=1536538914
000039.jpg,https://www.rareseeds.com/assets/1/14/DimRegular/Tam-Jalapeno-Pepper.jpg
000040.jpg,https://i0.wp.com/growhotpeppers.com/wp-content/uploads/2012/01/jalapenos1.jpg?fit=1000%2C667&ssl=1
000041.jpg,https://s3-us-west-1.amazonaws.com/contentlab.studiod/getty/4ffe6803e30d4ee2896ee65986d82175.jpg
000042.jpg,https://m.gurneys.com/images/420/83518A.jpg
000043.jpg,http://wholesale.norpro.com/media/catalog/product/cache/125ee2c94bb5dfb1ce132265398e0a0e/1/2/121_pt03.jpg
000044.jpg,https://cdn11.bigcommerce.com/s-2ba96/images/stencil/900x1800/products/249/475/pepper_early_jalapeno__32702.1361230222.jpg?c=2
000045.jpg,https://images.homedepot-static.com/productImages/857b0434-abdd-49d8-b57f-71a2f3fdf88e/svn/burpee-vegetable-herb-seeds-65394-64_1000.jpg
000046.jpg,https://cdn.shopify.com/s/files/1/2954/2248/products/Pepper-Tam-Jalapeno-Vegetable-Ferry-Morse_1400x.jpg?v=1549921433
000047.jpg,https://www.highmowingseeds.com/media/catalog/product/cache/f24fe076cc2f73119e7261920a5836c5/2/7/2780.jpg
000048.jpg,https://www.botanicalinterests.com/images/popup/0038i_Pepper-Chile-Ear-Jalapeno.jpg
000049.jpg,https://cdn.shopify.com/s/files/1/0562/4205/products/jalapeno.jpg?v=1511814288
000050.jpg,https://livingseeds.co.za/image-smp/purple-jalapenopeppers-chillis_11738_500x500.jpg
000051.jpg,https://d1ql6nygpmad1t.cloudfront.net/media/catalog/product/cache/2b4d21b90ad5abb98380bc0a709a4ac8/b/a/base_04694.jpg
000052.jpg,https://truegarden.com/wp-content/uploads/2018/01/aeroponic-seedling-jalapeno.jpg
000053.jpg,https://images-na.ssl-images-amazon.com/images/I/7184VJgYoWL._SX425_.jpg
000054.jpg,https://www.marshalls-seeds.co.uk/images/products/product_2548.jpg
000055.jpg,https://cdn3.iconfinder.com/data/icons/chili-pepper/50/20-512.png
000056.jpg,https://www.heirloomfarms.pk/wp-content/uploads/2019/06/jalapeno1.jpg
000057.jpg,http://cdn.shopify.com/s/files/1/0011/2341/8172/products/PP647-1_1024x1024.jpg?v=1523414096
000058.jpg,https://upload.wikimedia.org/wikipedia/commons/d/d6/Immature_jalapeno_capsicum_annuum_var_annuum.jpeg
000059.jpg,https://s3.envato.com/files/260561431/Jalapeno%20peppers%20whole%20sliced%20halved%20grilled%202019%20copy.jpg
000060.jpg,https://cdn.shopify.com/s/files/1/0844/5779/products/peppers-organic-jalapeno-72dpi-2.jpg?v=1515624888
000061.jpg,https://cdn11.bigcommerce.com/s-q83qdckkjh/images/stencil/1280x1280/products/468/3253/Jalapeno-M-Pepper3BC__03093.1529524184.jpg?c=2&imbypass=on
000062.jpg,https://previews.123rf.com/images/lnsdes/lnsdes1804/lnsdes180400005/99391729-set-of-green-red-hot-chili-peppers-jalapeno-pepper-isolated-hand-drawn-watercolor-illustration-on-wh.jpg
000063.jpg,https://www.thespruce.com/thmb/N9IvAeKm6bf1SA0sy02oDt8HE5M=/960x0/filters:no_upscale():max_bytes(150000):strip_icc()/Jalapeno-GettyImages-157683904-5907a5525f9b586470ecb13a.jpg
000064.jpg,https://cdn11.bigcommerce.com/s-f6cx4kq/images/stencil/1280x1280/products/95/1136/grande_jalapeno__03963.1549154413.jpg?c=2&imbypass=on
000065.jpg,https://paramountseeds.com/wp-content/uploads/2014/08/Centella_3.jpg
000066.jpg,https://s3.amazonaws.com/cdn.totallytomato.com/images/popup/03759.jpg
000067.jpg,https://5.imimg.com/data5/JI/RX/MY-39454629/fresh-jalapeno-500x500.jpg
000068.jpg,https://cdn11.bigcommerce.com/s-f6cx4kq/images/stencil/1280x1280/products/137/769/billy_biker_jalapeno_peppers_at_Tyler_Farms_seeds_1__19618.1521684303.jpg?c=2&imbypass=on
000069.jpg,https://shop.westlandpeppers.com/wp-content/uploads/2017/07/jalapeno-green_westlandpeppers-1.jpg
000070.jpg,https://worldcrops.org/sites/worldcrops.org/files/crops/DSC03081_0.JPG
000071.jpg,https://cdn11.bigcommerce.com/s-bd54d/images/stencil/2048x2048/products/90/449/ceramicjalepaneoristra__54151.1565726304.jpg?c=2
000072.jpg,https://www.landrethseed.com/media/catalog/product/j/a/jalapeno_shutterstock_71802991.jpg?width=700&height=700&canvas=700:700&quality=80&bg-color=255,255,255&fit=bounds
000073.jpg,https://www.freshcityfarms.com/imagefly/w441-h302-c/resources/media/images/products/xfresh-city-organic-jalapenos_57a.jpg.pagespeed.ic.4RpVOA4ycr.jpg
000074.jpg,https://images1.novica.net/pictures/7/p344247_2a_400.jpg
000075.jpg,https://i2.wp.com/www.seed-bank.ca/wp-content/uploads/Jalapeno-Pepper.jpg?fit=500%2C500&ssl=1
000076.jpg,https://cdn3.vectorstock.com/i/1000x1000/28/17/cartoon-jalapeno-hot-green-chilli-pepper-vector-20822817.jpg
000077.jpg,https://www.fiestaspices.com/wp-content/uploads/2016/04/40040-600x600.jpg
000078.jpg,https://www.isabeleats.com/wp-content/uploads/2019/08/jalapenos-small-1.jpg
000079.jpg,https://braswells.com/wp-content/uploads/2016/01/JalepenoPepper.jpg
000080.jpg,https://cdn.shopify.com/s/files/1/1537/5553/products/00059_1024x1024.jpg?v=1507564107
000081.jpg,https://www.bigbasket.com/media/uploads/p/l/177139_2-american-garden-jalapeno-pepper-sliced.jpg
000082.jpg,https://q7i2y6d5.stackpathcdn.com/wp-content/uploads/2012/04/Jalapeno-Pepper-plant-400x499.jpg
000083.jpg,https://edge.bonnieplants.com/www/uploads/20180920003251/coolapeno-heatless-jalapeno-pepper.jpg
000084.jpg,https://smhttp-ssl-21049.nexcesscdn.net/media/catalog/product/cache/1/image/350x/9df78eab33525d08d6e5fb8d27136e95/n/o/norpro-121-pepper-corer.jpg
000085.jpg,https://d2lnr5mha7bycj.cloudfront.net/product-image/file/large_c93c7dd5-2c5e-4cc6-9e3c-7b28b0622aad.jpg
000086.jpg,https://cdn.shoplightspeed.com/shops/604817/files/8006940/300x250x2/ronson-foods-jalapeno-pepper-slices-1-gallon.jpg
000087.jpg,https://www.victoryseeds.com/assets/images/vegetables/pepper_jalapeno.jpg
000088.jpg,https://res-5.cloudinary.com/esajee-com/s--3czsnpa7--/f_auto,fl_lossy,q_auto/c_lpad,dpr_1.0,f_auto,h_700,q_auto,w_700/media/catalog/product/1/8/18_2_6.jpg
000089.jpg,https://www.thompson-morgan.com/product_images/100/optimised/CHIL-KA9602-A.jpg
000090.jpg,http://images.squarespace-cdn.com/content/v1/59ff59bfa803bbdcd265ef82/1510375490748-P6V0LJJSN6NOD5020420/ke17ZwdGBToddI8pDm48kDHPSfPanjkWqhH6pl6g5ph7gQa3H78H3Y0txjaiv_0fDoOvxcdMmMKkDsyUqMSsMWxHk725yiiHCCLfrh8O1z4YTzHvnKhyp6Da-NYroOW3ZGjoBKy3azqku80C789l0mwONMR1ELp49Lyc52iWr5dNb1QJw9casjKdtTg1_-y4jz4ptJBmI9gQmbjSQnNGng/purplejalapenoripe.JPG
000091.jpg,http://www.spicegarden.eu/WebRoot/StoreLES/Shops/62431129/57C5/5931/AF45/F740/EA85/C0A8/2BB9/EA90/Tam_Jalapenos.JPG
000092.jpg,http://cdn.shopify.com/s/files/1/1196/4148/products/tam-mild-jalapeno-plant_grande.png?v=1464349667
000093.jpg,https://www.johnnyseeds.com/dw/image/v2/BBBW_PRD/on/demandware.static/-/Sites-jss-master/default/dw1ffecf17/images/products/vegetables/03771_01_felicity.jpg?sw=387&cx=302&cy=0&cw=1196&ch=1196
000094.jpg,https://cdn.shopify.com/s/files/1/0915/1060/products/black-jalapeno-4-hot-pepper-pepper-joes.jpg?v=1462304386
000095.jpg,https://www.thespruceeats.com/thmb/uU-8kk0TWXK6miGCHmENWNl6sAw=/960x0/filters:no_upscale():max_bytes(150000):strip_icc()/JalapenosWholeandChopped-5a9b1869c064710037f5e4e4.jpg
000096.jpg,https://cdn1.bigcommerce.com/n-yp39j5/wmhmd53/products/1815/images/1983/Craigs__91008.1388430421.1280.1280.JPG?c=2
000097.jpg,https://www.verywellfit.com/thmb/ZwYt6ND1XOiBFREHqastFMCmkNs=/768x0/filters:no_upscale():max_bytes(150000):strip_icc()/jalapeno-pepper-crop-69f60ed65114467c89481c58c2a3bb30.jpg
000098.jpg,https://images.homedepot-static.com/productImages/3c014c35-5738-41c9-a71b-2b02229a5ee5/svn/burpee-vegetable-herb-seeds-60078-64_1000.jpg
000099.jpg,http://www.specialtyproduce.com/sppics/811.png
000100.jpg,https://i.ebayimg.com/images/g/qcMAAOSwN5hcFwqG/s-l300.jpg
000101.jpg,https://i.etsystatic.com/13959533/r/il/df8aff/1891152329/il_570xN.1891152329_kqcq.jpg
000102.jpg,https://www.displayfakefoods.com/store/pc/catalog/9404E-lg.jpg
000103.jpg,http://cdn.shopify.com/s/files/1/1143/3886/products/81_Jalapeno_Pepper_OS_Extract_60mL_bottle_MIX_WELL_R4470_grande.jpg?v=1553891686
000104.jpg,https://image.shutterstock.com/image-photo/sliced-green-jalapeno-peppers-on-260nw-250939984.jpg
000105.jpg,https://images1.novica.net/pictures/7/p344247_2.jpg
000106.jpg,https://farmerstoyou.com/images/products/organic_jalapeno_peppers_675.jpg
000107.jpg,https://luv2garden.com/jalapeno-peppers.jpg
000108.jpg,https://s3.amazonaws.com/cdn.totallytomato.com/images/popup/03028.jpg
000109.jpg,https://cdn1.vectorstock.com/i/1000x1000/16/00/hot-red-chili-jalapeno-pepper-icon-isolated-vector-4401600.jpg
000110.jpg,https://www.pepperscale.com/wp-content/uploads/2014/05/serrano-vs-jalapeno-768x540.jpg
000111.jpg,https://cdn.shopify.com/s/files/1/0668/2207/products/800X800_Jalapeno-Pepper-Crushed_900x.png?v=1484087997
000112.jpg,https://peasandcrayons.com/wp-content/uploads/2016/09/fridge-pickled-jalapeno-peppers-recipe-8875.jpg
000113.jpg,https://www.alfatah.pk/media/catalog/product/cache/1/image/2000x2000/9df78eab33525d08d6e5fb8d27136e95/a/f/afp-000011203.png
000114.jpg,https://res.cloudinary.com/teepublic/image/private/s--qt8omFwN--/t_Resized%20Artwork/c_fit,g_north_west,h_1054,w_1054/co_ffffff,e_outline:38/co_ffffff,e_outline:inner_fill:38/co_bbbbbb,e_outline:3:1000/c_mpad,g_center,h_1260,w_1260/b_rgb:eeeeee/c_limit,f_jpg,h_630,q_90,w_630/v1541240132/production/designs/3435034_0.jpg
000115.jpg,https://previews.123rf.com/images/nungning20/nungning201412/nungning20141200347/34648131-fresh-jalapeno-pepper-or-mexican-pepper-on-white-background.jpg
000116.jpg,https://www.meatmaniac.com/v/vspfiles/photos/JALAPENO-GUMMY-2T.jpg
000117.jpg,https://sc02.alicdn.com/kf/UTB8GSiGtarFXKJk43Ovq6ybnpXax/Fresh-Jalapeno-Pepper.jpg_350x350.jpg
000118.jpg,https://hispanickitchen.com/wp-content/uploads/2016/09/Shrimp_Stuffed_Jalapeno_Peppers_with_Honey_Vinaigrette.jpg
000119.jpg,https://www.everwilde.com/media/1000/resized/Jalapeno-M-Hot-Pepper-01_medium.gif
000120.jpg,https://www.seedranch.com/v/vspfiles/photos/JALAPENO-PEPPER-2T.jpg
000121.jpg,https://worldcrops.org/sites/worldcrops.org/files/crops/zoraia_pic_2008_deerfield.JPG
000122.jpg,https://www.frontiercoop.com/media/catalog/product/cache/1/image/1600x/9df78eab33525d08d6e5fb8d27136e95/F/r/Frontier-Co-op-Bulk-Jalapeno-Chili-Flakes-Organic-836_7.jpg
000123.jpg,https://www.mexicanplease.com/wp-content/uploads/2018/01/jalapenos-closeup-for-article.jpg
000124.jpg,https://croatianseeds-store.com/images/stories/virtuemart/product/jalapenopurple.jpg
000125.jpg,https://markdaviesseeds.co.uk/content/images/thumbs/0003105_jalapeno-chilli-pepper-100-seeds-jalapeno-m_550.jpeg
000126.jpg,https://q7i2y6d5.stackpathcdn.com/wp-content/uploads/2016/10/jalapeno-companions-400x600.jpg
000127.jpg,https://s7d5.scene7.com/is/image/CentralMarket/000374690-1?$large$&hei=416&wid=416
000128.jpg,https://ih0.redbubble.net/image.373212550.8597/mp,840x830,matte,f8f8f8,t-pad,750x1000,f8f8f8.u6.jpg
000129.jpg,https://shellysjellys.com/wp-content/uploads/2019/05/Red-Pepper-Jalapeno-Mild.jpg
000130.jpg,https://s3.envato.com/files/259018568/Jalapeno%20pieces%202019-18-Edit%20copy.jpg
000131.jpg,https://www.magicgardenseeds.com/pics/mgs/CAP08/1000/Jalape%C3%B1o-pepper-(Capsicum-anuum).jpg
000132.jpg,https://www.botanicalinterests.com/images/popup/0269i_Pepper-Chile-Jalafuego.jpg
000133.jpg,https://cdn.shopify.com/s/files/1/0237/0893/products/jalapeno-pepper-powder-jalapeno-powder-sonoran-spice-375-oz-587677.jpg?v=1558471812
000134.jpg,https://images-na.ssl-images-amazon.com/images/I/71QjsS2PuEL._SY450_.jpg
000135.jpg,https://www.theblackpeppercorn.com/wp-content/uploads/2013/04/how-to-roast-jalapeno-peppers-in-the-oven-5.jpg
000136.jpg,https://www.growjoy.com/store/pc/catalog/jalapeno_pepper_plant_2159_detail.jpg
000137.jpg,https://www.victoriananursery.co.uk/images/250/sq_chilli_pepper_jalapeno_numex_orange_spice_003.jpg
000138.jpg,https://cdn1.bigcommerce.com/server700/5mvrqhbm/products/138/images/143811/jalapeno_early_pepper_350__74840.1475552348.451.395.jpg?c=2
000139.jpg,https://s3.amazonaws.com/cdn.gardensalive.com/images/800/83518A.jpg
000140.jpg,https://i.etsystatic.com/6316615/r/il/0a49f4/1827921374/il_570xN.1827921374_ko3b.jpg
000141.jpg,https://www.gourmetseed.com/image/cache/catalog/products/E/early_jalapeno_pepper-1024x1024.jpg
000142.jpg,https://ak0.picdn.net/shutterstock/videos/1027314980/thumb/1.jpg
000143.jpg,https://cdn11.bigcommerce.com/s-f6cx4kq/images/stencil/1280x1280/products/96/1178/mucho_nacho_jalapeno_pepper_tyler_farms__88405.1550453733.jpg?c=2&imbypass=on
000144.jpg,https://www.healthbenefitstimes.com/9/uploads/2016/08/Jalapeno-pepper-Capsicum-anuum.jpg
000145.jpg,https://animamonday.files.wordpress.com/2019/08/jalapec3b1o-pepper.jpg?w=940
000146.jpg,https://cdn.thehealthybutcher.com/images/D.cache.large/Jalapeno-Pepper.jpg
000147.jpg,https://www.dollargeneral.com/media/catalog/product/cache/image/beff4985b56e3afdbeabfc89641a4582/4/6/4693_a1l1_900_900.jpg
000148.jpg,https://img.thrfun.com/img/077/665/jalapeno_peppers_x1.jpg
000149.jpg,https://www.thespruceeats.com/thmb/bPAmq4QeqTJgUrgGASgZRpG6KZQ=/960x0/filters:no_upscale():max_bytes(150000):strip_icc()/jalapenopeppersmarcgutierrezGettyImages-88850228-5988ace7d963ac0011de677f.jpg
000150.jpg,https://www.cayennediane.com/wp-content/uploads/Purple-Jalapeno.jpg
000151.jpg,https://cdn11.bigcommerce.com/s-cb3kf/images/stencil/1200x1800/products/116/2348/Arizona_Green_Jalapeno__83400.1404673403__89749.1513128324.jpg?c=2
000152.jpg,https://cdn.shopify.com/s/files/1/0063/4729/2725/products/mzLXGTg.png?v=1548698658
000153.jpg,https://cf.shopee.ph/file/ee30e2165439bcdaf173ea69fd2957a9
000154.jpg,https://www.rachaelrayshow.com/sites/default/files/styles/video_1920x1080/public/images/2018-09/jalapenos.jpg?itok=5CN4hLEl
000155.jpg,https://cdn.shopify.com/s/files/1/0871/0950/products/lemonjalapenos_1024x1024.jpg?v=1553639276
000156.jpg,https://www.garnishandglaze.com/wp-content/uploads/2019/08/jalapenos.jpg
000157.jpg,https://img-aws.ehowcdn.com/640x425/s3-us-west-1.amazonaws.com/contentlab.studiod/getty/cache.gettyimages.com/4db28d1cae4d4a6ba7fba26e73790d8c.jpg
000158.jpg,https://i.ytimg.com/vi/AdPKfx6PoDE/maxresdefault.jpg
000159.jpg,https://www.victoriananursery.co.uk/images/800/sq_chilli_pepper_jalapeno_fooled_you_002.jpg
000160.jpg,https://floridagardenseeds.com/images/store/jalapeno-pepper-1.jpg
000161.jpg,https://suttons.s3.amazonaws.com/p/VECAP19284_3.jpg
000162.jpg,https://i1.wp.com/www.gardenexperiments.com/wp-content/uploads/2016/08/bowl-jalapenos.jpg
000163.jpg,https://www.superhotchiles.com/wp-content/uploads/2018/04/Lemon-Spice-Jalapeno-Pepper-Seeds.jpg
000164.jpg,https://media.gettyimages.com/vectors/jalepeno-flat-design-vegetable-icon-vector-id1017914984?s=612x612
000165.jpg,https://luv2garden.com/jalapeno_pin.jpg
000166.jpg,https://cdn3.iconfinder.com/data/icons/chili-pepper/50/21-512.png
000167.jpg,https://t7-live-fsmn.nyc3.cdn.digitaloceanspaces.com/friendsschoolplantsale.com/files/images/variety/v-pepper-hot-jalapeno-gr.jpg
000168.jpg,https://i5.walmartimages.com/asr/3ef1eb30-73a7-473f-b891-557c633b6db8_1.4634be4efe7ef5d49472f2bff595201b.jpeg?odnHeight=450&odnWidth=450&odnBg=FFFFFF
000169.jpg,https://www.finedininglovers.com/sites/g/files/xknfdk626/files/styles/open_graph_image/public/Original_17059_red-jalapenos.jpg?itok=vs1yyeLP
000170.jpg,https://www.neseed.com/wp-content/uploads/2016/08/32111-JB-Jalapeno-Pepper-416x416.jpg
000171.jpg,https://target.scene7.com/is/image/Target/GUEST_5e019c56-6db2-4442-b0d4-3457bee5a1c4?wid=488&hei=488&fmt=pjpeg
000172.jpg,https://res.cloudinary.com/teepublic/image/private/s--hSEB6coB--/t_Preview/b_rgb:ffffff,c_lpad,f_jpg,h_630,q_90,w_1200/v1565341466/production/designs/5556521_0.jpg
000173.jpg,https://www.vandrunenfarms.com/filebin/images/products/full/Pepper_Jalapeno.jpg
000174.jpg,https://ae01.alicdn.com/kf/HLB1p6x9a5LxK1Rjy0Ffq6zYdVXaY/JX-LCLYL-Jalapeno-Pepper-Corer-Stainless-Steel-Serrated-Seed-Remover-Kitchen-Tools-Black.jpg
000175.jpg,https://statesymbolsusa.org/sites/statesymbolsusa.org/files/primary-images/JalapenoPeppersTexasSymbol.jpg
000176.jpg,https://c1.neweggimages.com/ProductImage/A93A_1_201904091841721547.jpg
000177.jpg,http://www.jalapenomadness.com/images/jalapeno-peppers/jalapenos1.jpg
000178.jpg,http://www.zone9garden.com/wp-content/uploads/2019/04/Featured-Jalapeno-1.jpg
000179.jpg,https://www.pngtube.com/myfile/detail/10-101382_xanadu-jalapenos-hot-pepper-green-jalapeno-pepper-png.png
000180.jpg,https://imgix.bustle.com/uploads/image/2018/8/14/a561e4d8-8254-4890-bc1c-a7c7e663f007-psj.PNG?w=970&h=546&fit=crop&crop=faces&auto=format&q=70
000181.jpg,https://sitemandala.imgix.net/assets/114416/chile-jalapenos-peppers-734804-photo-by-yasileni-from-pexels.jpg?fit=crop&w=940&h=360
000182.jpg,https://kansascityheirloomsandorganics.com/wp-content/uploads/2014/02/pepperjalapeno-300x300.jpg
000183.jpg,https://img-aws.ehowcdn.com/350x235p/photos.demandstudios.com/7/34/fotolia_7292356_XS.jpg
000184.jpg,https://cdn.shopify.com/s/files/1/0011/2341/8172/products/PP647-2_480x480.jpg?v=1523414096
000185.jpg,https://theviewfromgreatisland.com/wp-content/uploads/2019/06/jalapennos-e1560634780416.jpg
000186.jpg,https://0bb8856ba8259ec33e3d-a40599a114f3a4c6d0979c3ffe0b2bf5.ssl.cf2.rackcdn.com/0000000046930_CL_hyvee_default_large.jpeg
000187.jpg,https://www.buffalowildwings.com/globalassets/menuitems/10040007-jalepenos-sides.png?format=jpg&width=900&v=2
000188.jpg,https://assets3.thrillist.com/v1/image/2823043/size/gn-gift_guide_variable_c;jpeg_quality=20.jpg
000189.jpg,https://d2lnr5mha7bycj.cloudfront.net/product-image/file/large_7f8e0c80-696d-4d07-8341-d72622903320.jpg
000190.jpg,https://cdn.thehealthybutcher.com/images/P/the-healthy-butcher-organic-jalapeno-3pk-94693.jpg
000191.jpg,https://s.yimg.com/aah/mex-grocer/fresh-chile-jalapeno-peppers-3-5-oz-20.png
000192.jpg,https://media.gettyimages.com/photos/jalapeno-pepper-on-white-picture-id184878462?s=612x612
000193.jpg,https://www.displayfakefoods.com/store/pc/catalog/9428-lg.jpg
000194.jpg,https://assets.myfoodandfamily.com/adaptivemedia/rendition/154966_3000x2000.jpg?id=2b041676aade35a2b4a455dcb4b1bac8f88d769a&ht=650&wd=1004&clid=pim
000195.jpg,https://megyeri.cdn.shoprenter.hu/custom/megyeri/image/cache/w900h900wt1/product/Z%C3%B6lds%C3%A9g%20pal%C3%A1nta/paprika/jalapeno_early_paprika.jpg?lastmod=1562327093.1567958905
000196.jpg,https://i2.wp.com/growhotpeppers.com/wp-content/uploads/2012/12/purple_jal.jpg?resize=1000%2C1000&ssl=1
000197.jpg,http://www.organicseed.co.za/177-496-large/jalapeno-pepper.jpg
000198.jpg,https://www.barewalls.com/comp/art-print-poster/bwc62828819/sliced-jalapeno-pepper.jpg
000199.jpg,https://www.reluctantgourmet.com/wp-content/uploads/2012/04/db4fc567ca6f38f6ec00bf19dfb7c044.jpg
000200.jpg,https://cdn.shopify.com/s/files/1/0684/6831/products/Pepper_Corer_Main_large-min_large-min.jpg?v=1527578597
000201.jpg,https://c8.alamy.com/comp/W5C571/green-jalapeno-pepper-isolated-on-white-background-W5C571.jpg
000202.jpg,https://www.manoosh.com.au/wp-content/uploads/jalapeno.jpg
000203.jpg,https://www.thegrocers.com/wp-content/uploads/2019/09/Berrak-Jalapeno-Pepper-SLices-340gm.jpg
000204.jpg,https://media.shophero.com/products/b/0/4/8/y/c/6/8/b048yc68vz.png
000205.jpg,http://clipart-library.com/images/kT8EGKxTr.jpg
000206.jpg,https://www.davidlebovitz.com/wp-content/uploads/2017/08/French-outdoor-market-16-640x960.jpg
000207.jpg,https://images.womans-magazine.com/img/health-and-wellness-2017/8-nutritional-benefits-of-jalapeno-pepper.jpg
000208.jpg,https://www.nicholsgardennursery.com/store/avactis-images/thumb_PepperFelicity.jpg
000209.jpg,https://images.homedepot-static.com/productImages/ae759710-4640-427c-9f2a-555137683524/svn/ferry-morse-vegetable-herb-seeds-2050-64_1000.jpg
000210.jpg,https://static.onecms.io/wp-content/uploads/sites/37/2015/06/08164245/Removing-seeds-from-hot-peppers.jpg
000211.jpg,https://www.isabeleats.com/wp-content/uploads/2019/08/jalapenos-small-3.jpg
000212.jpg,http://rahiseedbank.com/wp-content/uploads/2014/07/r112.jpg
000213.jpg,https://www.pepperworldhotshop.com/out/pictures/wysiwigpro/Bilder%20Kategorien/Kategorie%20Banner%20(2).jpg
000214.jpg,https://www.starkbros.com/images/dynamic/4257-960x960.jpg
000215.jpg,https://www.mjsnutrients.com/image/cache/chilies/early%20jalapeno-750x750.jpg
000216.jpg,https://fairdinkumseeds.com/wp-content/uploads/2015/04/p-804-Jalapeno-Chipotle-Capsicum-Annuum-Chilli-Pepper-Plants.jpg
000217.jpg,https://static.seattletimes.com/wp-content/uploads/2007/09/2003879281-300x0.jpg
000218.jpg,https://cdn.tridge.com/image/original/02/bc/ce/02bccec813ef4cf664536767ccdd5861a64bc168.jpg
000219.jpg,https://s.yimg.com/aah/blaircandy/giant-gummy-jalapeno-pepper-28.jpg
000220.jpg,https://draxe.com/wp-content/uploads/2017/05/JalapenosArticleMeme.jpg
000221.jpg,https://i.pinimg.com/originals/2d/7a/97/2d7a97f2468c1fff6209b8ef9d942e56.jpg
000222.jpg,https://www.magicplantfarms.com/wp-content/uploads/2017/01/Red-Jalape%C3%B1o.jpg
000223.jpg,https://foodinjars.com/wp-content/uploads/2010/08/4922009648_f3a5b201b9_z.jpg
000224.jpg,https://smhttp-ssl-17653.nexcesscdn.net/media/catalog/product/cache/1/thumbnail/9df78eab33525d08d6e5fb8d27136e95/s/n/snv8124-web_1.jpg
000225.jpg,https://media.nbcsandiego.com/images/1940*1213/Marijuana+Jalapeno+Peppers+CBP+Photo.jpg
000226.jpg,https://gaiaolives.com/wp-content/uploads/2019/04/JalapenosOlives.png
000227.jpg,https://www.chefsouschef.com/wp-content/uploads/2018/10/Roasted-Jalapeno-Poppers-PEppers.jpg
000228.jpg,https://cdn.shopify.com/s/files/1/2550/8730/products/Pepper_Hot_Early_Jalapeno_in-bushel_CK_logo_620x.jpg?v=1551118959
000229.jpg,https://www.joyusgarden.com/wp-content/uploads/2015/12/IMG_8314_new.jpg
000230.jpg,https://cdn2.vectorstock.com/i/1000x1000/34/26/jalapeno-pepper-plant-vector-21313426.jpg
000231.jpg,http://www.specialtyproduce.com/sppics/7833.png
000232.jpg,https://edge.bonnieplants.com/www/uploads/20180920004000/mucho-nacho-jalapeno-hot-pepper.jpg
000233.jpg,https://www.eminentfood.nl/portals/4/img/_Producten/Pepers/Jalapeno/Jalapeno_vrij.png?ver=2019-01-30-123203-323
000234.jpg,https://www.chilipeppermadness.com/wp-content/uploads/2018/10/Jalapeno-Peppers2.jpg
000235.jpg,http://www.jalapenomadness.com/images/anatomy-of-a-pepper.jpg
000236.jpg,https://www.kingoscar.com/wp-content/uploads/2016/05/mackerel-with-jalapenos.jpg
000237.jpg,https://q7i2y6d5.stackpathcdn.com/wp-content/uploads/2014/06/jalapeno-corking-400x597.jpg
000238.jpg,https://8e9d5b8b8dcb9208ef3f-01db2a53ae0368d03387780ee86ead55.ssl.cf2.rackcdn.com/0000000046930_CF_hyvee_default_large.png
000239.jpg,https://www.baldorfood.com/uploads/PhotoModel/20314/image/pe998d2.gallery.jpg?t=1524599292
000240.jpg,https://img.freepik.com/free-vector/slices-raw-jalapeno-pepper-vector-illustration_1447-1441.jpg?size=338&ext=jpg
000241.jpg,https://cdn.pixabay.com/photo/2016/08/25/19/23/jalapeno-1620473_960_720.jpg
000242.jpg,https://www.seedsofchange.com/images/default-source/seeds/products/vegetables/b001enok8a/lifestyle.png?Status=Master&sfvrsn=d75d5753_2
000243.jpg,https://sardofoods.ca/wp-content/uploads/2018/10/jalapeno-Red-Pepper-Stuffed-Olives-square.png
000244.jpg,http://www.eastafro.com/Post/wp-content/uploads/2017/09/Jalapeno-Pepper.jpg
000245.jpg,https://gimmedelicious.com/wp-content/uploads/2015/08/pickled-jalapenos-21-of-23.jpg
000246.jpg,https://41388.smushcdn.com/1493210/wp-content/uploads/2019/08/Sweet-Spicy-Jalapeno-Pepper-Jelly-Recipe-14.jpg?lossy=1&strip=1&webp=1
000247.jpg,https://media.istockphoto.com/photos/save-download-preview-pile-of-green-jalapeno-pepper-slices-crosswise-picture-id885481348
000248.jpg,http://www.peanutbutterandpeppers.com/wp-content/uploads/2016/08/Serrano-Jalapeno-Pepper-Jelly-a.jpg
000249.jpg,http://www.museladiesgym.co.uk/images/cate_17/640/Jalapeno-Pepper-Grill-Roasting-Rack-Non-stick-Jalapeno-Popper-Holder-set-with-18-holes-Black-BBQ-Grill-Holder-BBQ-Accessories-Other-BBQ-Tools-qtj0.jpg
000250.jpg,https://www.kitchengardenseeds.com/media/catalog/product/cache/1/thumbnail/0dc2d03fe217f8c83829496872af24a0/3/6/3656_a.jpg
000251.jpg,https://brooklynfarmgirl.com/wp-content/uploads/2015/01/The-Amazing-Jalapeno-Plant_7.jpg
000252.jpg,https://i2.wp.com/www.cheapvegetablegardener.com/wp-content/uploads/2009/09/IMG_4118.jpg?resize=500%2C371
000253.jpg,https://i.ebayimg.com/images/g/Y6EAAOSwy3JcNrgG/s-l400.jpg
000254.jpg,https://www.delcarmenfoods.com.mx/images/products/hot-peppers/red-jalapeno-supplier-271672883.jpg
000255.jpg,https://cdn1.bigcommerce.com/server700/5mvrqhbm/products/4085/images/150546/jalapeno-orange-pepper__96064.1522258034.1280.1280.jpg?c=2
000256.jpg,https://i.etsystatic.com/8200230/r/il/3626b5/870099010/il_570xN.870099010_ee5l.jpg
000257.jpg,http://newley.com/wp-content/uploads/2004/07/jalapeno-1-550x365.jpg
000258.jpg,https://oldworldgardenfarms.com/wp-content/uploads/2019/09/jalapeno-plant-with-red-pepper.jpg
000259.jpg,https://images.eatthismuch.com/site_media/img/90154_Bobeagel70_08915606-4e43-4f9a-8bfc-04041c7b67fd.jpg
000260.jpg,https://www.cooksinfo.com/wp-content/uploads/jalapeno-peppers.jpg
000261.jpg,https://sidwainer.com/ec/images/products/27400.jpg
000262.jpg,https://cdn3.volusion.com/kceqm.mleru/v/vspfiles/photos/1730-2.jpg?v-cache=1570614825
000263.jpg,https://image.shutterstock.com/image-photo/green-jalapeno-pepper-260nw-518885776.jpg
000264.jpg,https://bg-foods-medium.s3.amazonaws.com/trappeys/about/Jalapeno.jpg
000265.jpg,https://joyfilledeats.com/wp-content/uploads/2019/06/Bacon-Jalapeno-Poppers-1.jpg
000266.jpg,https://garden.org/pics/2018-07-10/Cue/51bd5a.jpg
000267.jpg,https://www.dinneratthezoo.com/wp-content/uploads/2017/10/bacon-wrapped-jalapeno-poppers-2.jpg
000268.jpg,https://thumbs.dreamstime.com/b/jalapeno-pepper-c-annuum-paths-chile-capsicum-fruit-whole-green-pod-136624442.jpg
000269.jpg,https://cdn.shopify.com/s/files/1/0915/1060/products/Fresno-jalapeno-4-hot-pepper-pepper-joes.jpg?v=1462320916
000270.jpg,https://www.meijer.com/content/dam/meijer/product/0071/37/3379/64/0071373379649_2_A1C1_1200.png
000271.jpg,https://3k0j0647ji3n23p72y2u5n65-wpengine.netdna-ssl.com/wp-content/uploads/2013/04/how-to-roast-jalapeno-peppers-in-the-oven-1.jpg
000272.jpg,http://cdn.territorialseed.com/images/uploads/15672_8581_large.jpg
000273.jpg,https://cdn11.bigcommerce.com/s-3gt93oj/images/stencil/608x608/products/1698/1057/jalapeno_mix__46119.1361554226.jpg?c=2
000274.jpg,http://www.wildroseheritageseed.com/uploads/4/2/2/4/42241473/s145558776392258095_p20_i13_w640.jpeg
000275.jpg,https://fsi.colostate.edu/wp-content/uploads/2014/03/senoritajalapeno.jpg
000276.jpg,https://i.ytimg.com/vi/R_W6gwuHbwY/maxresdefault.jpg
000277.jpg,http://www.sedanfloral.com/_ccLib/image/plants/DETA-639.jpg
000278.jpg,https://cdn.loveandlemons.com/wp-content/uploads/2019/06/jalapeno.jpg
000279.jpg,https://www.seedsofchange.com/images/default-source/seeds/products/vegetables/b001enok8a/front-of-pack.png?Status=Master&sfvrsn=a663761b_2
000280.jpg,https://scene7.samsclub.com/is/image/samsclub/0003307490050_A?wid=280&hei=280
000281.jpg,https://www.thespruceeats.com/thmb/d9i85pPbVDGVcMMixhjSNlvLgLI=/2495x1672/filters:fill(auto,1)/jalapeno-2500-56a210cd5f9b58b7d0c631b8.jpg
000282.jpg,https://www.ocado.com/productImages/390/39054011_0_640x640.jpg?identifier=778bea0a5c329a965f6a86f50ff0b8cb
000283.jpg,https://img3.stockfresh.com/files/g/gabes1976/m/93/2592875_stock-photo-capsicum-annuum-jalapeno-pepper.jpg
000284.jpg,https://s3.envato.com/files/261870460/Chipotle%202019-7-Edit%20copy.jpg
000285.jpg,https://i2.wp.com/savvygardening.com/wp-content/uploads/2019/07/jalapeno-pepper.jpg?resize=600%2C800&ssl=1
000286.jpg,https://barbecuebible.com/wp-content/uploads/2014/12/Jalapeno-poppers-628x373.jpg
000287.jpg,https://cdn3.iconfinder.com/data/icons/chili-pepper/50/24-512.png
000288.jpg,https://www.mexicanplease.com/wp-content/uploads/2015/10/fresh-chili-peppers-with-scoville-rating.jpg
000289.jpg,https://cdn11.bigcommerce.com/s-f6cx4kq/images/stencil/1280x1280/products/238/1132/lemon_spice_yellow_jalapeno__22562.1549152926.jpg?c=2&imbypass=on
000290.jpg,https://www.superhotchiles.com/wp-content/uploads/2018/04/Zapotec-Jalapeno-seeds.jpg
000291.jpg,https://whyunlike.com/wp-content/uploads/sites/16/2018/10/chile-1635353_1920.jpg
000292.jpg,https://vanillaandbean.com/wp-content/uploads/2019/08/peppers-16-680x1020.jpg
000293.jpg,https://www.wikihow.com/images/6/66/Grow-Jalapeno-Peppers-Step-9.jpg
000294.jpg,https://www.gandgpeppers.com/wp-content/uploads/2018/05/GoodJalapeno-300x300.jpg
000295.jpg,https://hotsaucefever.com/images/chiles/jalapeno/jalapeno_stage_pepper.jpg
000296.jpg,https://cdn.imgbin.com/1/23/20/imgbin-jalape-o-chili-pepper-bell-pepper-chile-pepper-bHT8G6DPJz6ph7eF8y03eMrDv.jpg
000297.jpg,https://cdn.shopify.com/s/files/1/2918/4630/products/Image_1_4f7dcb65-63f5-41b3-92ed-1452d5d3f18c_300x300.jpg?v=1570202549
000298.jpg,https://i1.wp.com/www.gardenexperiments.com/wp-content/uploads/2016/08/eaten-jalapeno.jpg
000299.jpg,http://www.sfi-egypt.com/wp-content/uploads/2016/08/d3.jpg
000300.jpg,https://images2.minutemediacdn.com/image/upload/c_fill,g_auto,h_1248,w_2220/f_auto,q_auto,w_1100/v1555427937/shape/mentalfloss/1113jalapenos.png
000301.jpg,http://www.gazettenet.com/getattachment/3130296b-f276-4310-a420-08d008761e45/23360da3df164459b3dfdf68ea1280bf.jpg
000302.jpg,https://www.rareseeds.com/assets/1/14/DimRegular/Pepper-Hot-Jalapeno-Craigs-Grande-LSS-000_3486.jpg
000303.jpg,http://plants.skh.com/Content/Images/Photos/H122-07.jpg
000304.jpg,https://i2.wp.com/profusioncurry.com/wp-content/uploads/2018/10/Stuffed-Jalapeno-Peppers4.jpg?resize=614%2C650&ssl=1
000305.jpg,https://i0.wp.com/www.foodrepublic.com/wp-content/uploads/2015/04/jalapeno-pepper-picture1.png?resize=1280%2C%20560&ssl=1
000306.jpg,https://images.heb.com/is/image/HEBGrocery/000374686
000307.jpg,https://render.fineartamerica.com/images/rendered/search/print/images/artworkimages/medium/1/1-bell-peppers-jalapeno-irina-sztukowski.jpg
000308.jpg,https://munchies-images.vice.com/wp_upload/Woman-banned-from-Dominos-over-Jalapenos.jpg?crop=1xw%3A0.8435280189423836xh%3Bcenter%2Ccenter&resize=2000%3A*
000309.jpg,https://img.huffingtonpost.com/asset/5b9e3d112600003300803056.jpeg?ops=scalefit_720_noupscale
000310.jpg,https://www.thebossykitchen.com/wp-content/uploads/2018/02/Mexican-Pinto-Bean-Salad-with-Jalapeno-pepper11.jpg
000311.jpg,https://upload.wikimedia.org/wikipedia/commons/thumb/4/4d/JalapenoPeppers.JPG/220px-JalapenoPeppers.JPG
000312.jpg,https://target.scene7.com/is/image/Target/GUEST_50a530b5-d91e-40a5-b390-9fbc08a890ff?wid=488&hei=488&fmt=pjpeg
000313.jpg,https://img-aws.ehowcdn.com/877x500p/photos.demandstudios.com/81/74/fotolia_4141320_XS.jpg
000314.jpg,https://www.mountainvalleygrowers.com/images/Jalapenos.jpg
000315.jpg,https://www.displayfakefoods.com/store/pc/catalog/9428E-lg.jpg
000316.jpg,https://amazingribs.com/files/styles/content_body_600px/public/articles/hero/more-ingredients-glossaries/anatomy-jalapeno.jpg?itok=oCbLjX3m
000317.jpg,https://s3.amazonaws.com/secretsaucefiles/photos/images/000/083/175/large/jalapeno_1.jpg?1482287113
000318.jpg,https://www.tasteofhome.com/wp-content/uploads/2017/10/Easy-Cheese-Stuffed-Jalapenos_exps29318_SA1754024A02_02_4b_RMS-1-696x696.jpg
000319.jpg,https://cdn.shopify.com/s/files/1/0237/0893/products/jalapeno-pepper-flakes-jalapeno-flakes-sonoran-spice-13-oz-606663.jpg?v=1562892155
000320.jpg,https://www.kozat.gr/images/sliced-jalapeno-pepper-11510934.jpg
000321.jpg,https://davesgarden.com/guides/pf/thumbnail.php?image=2010/02/08/Weedwhacker/1ff619.jpg&widht=700&height=312
000322.jpg,https://making-the-web.com/sites/default/files/clipart/173902/pictures-jalapeno-peppers-173902-2474847.png
000323.jpg,https://all-americaselections.org/wp-content/uploads/2016/10/Pepper_EmeraldFire-2-AAS2015-resize.jpg
000324.jpg,https://i0.wp.com/www.cheapvegetablegardener.com/wp-content/uploads/2010/08/024_thumb2.jpg?resize=525%2C394
000325.jpg,https://st.depositphotos.com/1797650/2628/i/450/depositphotos_26283527-stock-photo-jalapeno-peppers.jpg
000326.jpg,https://media.gettyimages.com/vectors/jalapeno-drawing-vector-id951836560?s=612x612
000327.jpg,http://www.vanilleverte.com/wp-content/uploads/2013/09/Jalape%C3%B1o-and-Serrano-Spicy-Sauce-11.jpg
000328.jpg,https://images-na.ssl-images-amazon.com/images/I/41zePpPt0JL.jpg
000329.jpg,https://as2.ftcdn.net/jpg/01/63/20/71/1000_F_163207139_SnKCHiVlGdK7J1RQZfEjL4cA6Cq8rOUA.jpg
000330.jpg,https://d1bjorv296jxfn.cloudfront.net/s3fs-public/styles/recipes_header_image/public/1856JalapenoPoppers.jpg?itok=RUvD851C
000331.jpg,https://thumbs.dreamstime.com/z/green-jalapeno-pepper-vine-ripens-field-peppers-124066746.jpg
000332.jpg,https://i0.wp.com/growhotpeppers.com/wp-content/uploads/2012/12/yellow-jalapeno-pepper.jpg?resize=1920%2C1280&ssl=1
000333.jpg,https://www.neseed.com/wp-content/uploads/2016/08/32112-Bubba-Jalapeno-Pepper.jpg
000334.jpg,https://cookieandkate.com/images/2018/09/baked-jalapeno-poppers-1.jpg
000335.jpg,https://cdn0.wideopeneats.com/wp-content/uploads/2019/08/jalapeno-vs-chipotle-720x405.png
000336.jpg,https://image.freepik.com/free-vector/slices-raw-jalapeno-pepper-vector-illustration_1447-1445.jpg
000337.jpg,https://assets.bonappetit.com/photos/57aca727f1c801a1038bc688/1:1/w_400%2Cc_limit/jalapeno-pickled-peppers-3.jpg
000338.jpg,https://cdn4.eyeem.com/thumb/761af4116111034df0ab0b4a523588ad0f9024a0-1522875280048/w/900
000339.jpg,https://qph.fs.quoracdn.net/main-qimg-b6e59d1370475f3494b8fdf58ca13c7b.webp
000340.jpg,http://www.cypria-teacher.com/wp-content/uploads/2018/02/jalapeno-pepper.png
000341.jpg,https://www.davidlebovitz.com/wp-content/uploads/2009/04/3405863131_048f8f7d33_o.jpg
000342.jpg,https://whyunlike.com/wp-content/uploads/sites/16/2017/06/Starr_070730-7846_Capsicum_annuum-300x225.jpg
000343.jpg,https://image.businessinsider.com/5b6b4a127708e90e16472cd5?width=1100&format=jpeg&auto=webp
000344.jpg,https://s3.amazonaws.com/yummy_uploads2/blog/6498.jpg
000345.jpg,https://assets.atlasobscura.com/media/W1siZiIsInVwbG9hZHMvdGhpbmdfaW1hZ2VzL2NiMDIzNGRjLWI0MzYtNDE0YS1hODIyLTQ0NzAwNjM4NGJhMGU0MTJlZGU3N2VmMWIzOTc2NV9QdW1wa2luU3BpY2UyLmpwZyJdLFsicCIsImNvbnZlcnQiLCIiXSxbInAiLCJjb252ZXJ0IiwiLXF1YWxpdHkgODEgLWF1dG8tb3JpZW50Il0sWyJwIiwidGh1bWIiLCI1ODB4NTgwIyJdXQ/PumpkinSpice2.jpg
000346.jpg,https://www.simplyrecipes.com/wp-content/uploads/2006/08/jalapeno-pepper-jelly-vertical-a-1200.jpg
000347.jpg,http://www.doggonesauce.com/wp-content/uploads/2013/01/jalapenos1.jpg
000348.jpg,https://d3atagt0rnqk7k.cloudfront.net/wp-content/uploads/2019/08/19094540/jalapeno-pepper-cannabis.jpg
000349.jpg,https://c.shld.net/rpx/i/s/pi/mp/10160405/prod_8766357232?src=http%3A%2F%2Fd8b.site%2Fimages%2Fbed-bath2%2FNDAB0029EXZTI.jpg&d=f9460fed45dec8b17178abbcc35dd2c7abb4c9e0&?hei=64&wid=64&qlt=50
000350.jpg,https://food-fanatic-res.cloudinary.com/iu/s--qpJGVPPu--/c_thumb,f_auto,g_auto,h_1200,q_auto,w_1200/v1536289199/jalapeno-infused-tequila-photo
000351.jpg,https://www.ekowarehouse.com/files/product_images/Jalapeno-pepper.jpg
000352.jpg,https://www.myturnforus.com/wp-content/uploads/2018/01/SausageJalapenCC83oPeppers.jpg
000353.jpg,https://www.akin-porter.com/wp-content/uploads/2012/11/jalapeno-pepper-1024x768.jpg
000354.jpg,https://toriavey.com/images/2011/11/How-to-Roast-Jalapenos-1.jpg
000355.jpg,https://www.skyseeds.pk/images/thumbnails-large/384-44691-30102015114122.jpg
000356.jpg,https://www.chilipeppermadness.com/wp-content/uploads/2018/03/78a1f76203c562c3d7c318765865da44.jpg
000357.jpg,https://t3.ftcdn.net/jpg/02/61/54/52/500_F_261545227_SKYahai0FD21HPZ1UD3jvY7WVMPG8i7Q.jpg
000358.jpg,https://www.clipartwiki.com/clipimg/detail/4-45487_download-pepper-clipart-jalapeno-and-use-in-for.png
000359.jpg,https://theviewfromgreatisland.com/wp-content/uploads/2019/08/jalapeno-butter-8500899-July-24-2019-1-500x375.jpg
000360.jpg,https://res.cloudinary.com/paleoleap/image/upload/f_auto,q_70/v1454366432/j-paleo/sausage-stuffed-jalapeno-bites-main_fnjcvs.jpg
000361.jpg,https://previews.123rf.com/images/juliedeshaies/juliedeshaies1409/juliedeshaies140900002/31400385-jalapeno-pepper-plant-in-garden.jpg
000362.jpg,https://www.presidentschoice.ca/content/dam/lclonline/images/products/summer2017/3597217.jpg.thumb.420.420.margin.png
000363.jpg,https://hip2keto.com/wp-content/uploads/sites/3/2019/06/grilled-jalapeno-hot-dogs-.jpg?resize=1024%2C538&strip=all
000364.jpg,https://i0.wp.com/icecreaminspiration.com/wp-content/uploads/2018/11/Jalapeno-Poppers-1.jpg?resize=660%2C990&ssl=1
000365.jpg,https://peppergeek.com/wp-content/uploads/2019/07/jalapenopickled2.jpg
000366.jpg,https://images.megapixl.com/1048/10483868.jpg
000367.jpg,https://omadarling.com/wp-content/uploads/2019/09/Chopped-Jalapeno-peppers-819x1024.jpg
000368.jpg,https://pics.davesgarden.com/pics/2004/06/15/WillowWasp/c3d405.jpg
000369.jpg,https://silva-intl.com/uploads/products/jalapeno-pepper-red/_884x884_crop_center-center_100/Jalapeno-Pepper-Red-Raw.jpg
000370.jpg,https://img.azurestandard.com/unsafe/fit-in/1250x1250/filters:fill(white)/https://media.azurestandard.com/files/6734becd-2835-494d-9666-b9a154cea9bf
000371.jpg,https://www.pepperscale.com/wp-content/uploads/2014/11/ghost-pepper-vs-jalapeno-768x512.jpg
000372.jpg,https://www.garnishandglaze.com/wp-content/uploads/2019/08/jalapeno-pepper-jelly-4.jpg
000373.jpg,http://www.sfi-egypt.com/wp-content/uploads/2016/08/d5.jpg
000374.jpg,https://s3.amazonaws.com/cdn.lemproducts.com/images/popup/719_1.jpg
000375.jpg,https://rareflowers.co.uk/image/cache/catalog/kaetere-piperia-jalapeno-15-sporoi-67-630x552.jpg
000376.jpg,https://blog.fatfreevegan.com/wp-content/uploads/2015/06/jalapeno-peppers.jpg
000377.jpg,https://farmacynyc.com/wp-content/uploads/2018/06/jalapeno-600x800.jpg
000378.jpg,https://recipeland.com/uploads/image/image/416/fit640_jalapeno-pepper-sliced.jpg
000379.jpg,https://lilluna.com/wp-content/uploads/2019/05/Jalapeno-Jelly-Process-Collage.jpg
000380.jpg,http://pepperdiaries.com/wp-content/uploads/2018/10/purple-jalapeno-review.jpg
000381.jpg,https://houseofnasheats.com/wp-content/uploads/2018/11/Jalapeno-Popper-Dip-with-Bacon-3.jpg
000382.jpg,http://littlespicejar.com/wp-content/uploads/2016/10/Jalape%C3%B1o-Salt-and-Pepper-Shrimp-6.jpg
000383.jpg,https://i0.wp.com/domesticdreamboat.com/wp-content/uploads/2016/04/Jalapeno-Poppers-Jalapenos-in-colander-510x765.jpg?resize=510%2C765
000384.jpg,https://cookieandkate.com/images/2018/07/how-to-make-jalapeno-relish.jpg
000385.jpg,https://storage.needpix.com/rsynced_images/jalapeno-peppers-2708676_1280.jpg
000386.jpg,https://www.litehousefoods.com/sites/default/files/styles/recipe_image/public/Jalapeno-96.jpg?itok=-KYdlTW8
000387.jpg,https://www.throughherlookingglass.com/wp-content/uploads/2019/04/Bacon-Wrapped-Stuffed-Jalapenos2.jpg
000388.jpg,https://www.kitchenkonfidence.com/wp-content/uploads/2010/10/roastedjalapenoinfusedtequila2.jpg
000389.jpg,http://cdn.territorialseed.com/images/uploads/1046_8894_large.jpg
000390.jpg,https://lifeatthetable.com/wp-content/uploads/2018/05/Chipotle-An-Ancient-Spice-For-Modern-Times-1080x675.jpg
000391.jpg,https://www.researchgate.net/profile/Monica_Ozores-Hampton/publication/272165677/figure/tbl1/AS:614265610313739@1523463742402/Jalapeno-and-other-hot-pepper-varieties-for-Florida.png
000392.jpg,https://news.wttw.com/sites/default/files/styles/resp-slide/public/pepper2.jpg?itok=FZ81xWRg
000393.jpg,https://www.widmerscheese.com/wp-content/uploads/csm/s-nfnlz3mm/products/127/images/444/jalapeno_pepper_cracker_size_cheddar_cheese_1lb__77259.1439487487.1280.1280.jpgc-2.jpg
000394.jpg,https://qph.fs.quoracdn.net/main-qimg-b59e2124a35f0de5cfcc6cec23ef23ed.webp
000395.jpg,https://cdnprod.mafretailproxy.com/cdn-cgi/image/format=auto,onerror=redirect/sys-master-prod/hf4/h7c/8949797650462/299298_main.jpg_480Wx480H
000396.jpg,https://www.ukchilliseeds.co.uk/ekmps/shops/chilliwizard/images/jalapeno-collection-all-8-jalapeno-varieties-[2]-726-p.jpg
000397.jpg,https://www.ardkeen.com/images/products/Ballymaloe_Jalapeno_Pepper_Relish_Squeezy_325g.jpg
000398.jpg,https://media.istockphoto.com/photos/slice-of-green-jalapeno-peppers-isolated-on-a-white-background-picture-id851551878?k=6&m=851551878&s=612x612&w=0&h=vYtgK_Fm24RodAijYv1ZpurmaCFQaM8ScVtdBVZ0YUk=
000399.jpg,https://www.charbroil.com/wp/wp-content/uploads/2018/03/6449407R04_grill-Double-Pepper-Roaster_in-use_004.jpg
000400.jpg,https://www.curiouscuisiniere.com/wp-content/uploads/2018/04/Mexican-Chiles-Jalapeno-Peppers-5202.212.jpg
000401.jpg,https://secure.i.telegraph.co.uk/multimedia/archive/01484/smileyPepper_1484273c.jpg
000402.jpg,https://mk0mexicanfoodjovj3d.kinstacdn.com/wp-content/uploads/2017/09/Jalape%C3%B1o-Peppers-in-Pan.jpg
000403.jpg,https://www.littlehouseliving.com/wp-content/uploads/2013/07/jalapeno-relish-jalapenos1.jpg
000404.jpg,http://www.ralphobenauf.com/blog/wp-content/uploads/2017/11/ROPost_Peppers.jpg
000405.jpg,https://www.ndsu.edu/pubweb/chiwonlee/plsc211/student%20papers/articles11/shofer/pepper_ghost-pepperA.gif.jpg
000406.jpg,https://thatlowcarblife.com/wp-content/uploads/2018/02/spicy-stuffed-peppers.jpg
000407.jpg,https://rlv.zcache.com/fun_spicy_jalapeno_pepper_metal_ornament-rb899d735c2824daa9b253ce2a8fd5bbc_x7s2s_8byvr_307.jpg
000408.jpg,https://cdn.shopify.com/s/files/1/0915/1060/files/jalapeno-5-pack-collection-hot-pepper-joes.jpg?7846189408371886349
000409.jpg,https://static1.squarespace.com/static/55370317e4b047f1053ee431/t/56197028e4b0769b468e4572/1381278017933/1000w/1013BaconWrappedPepperStuffedJalaps001post.jpg
000410.jpg,https://www.kitchengardenseeds.com/media/catalog/product/cache/1/thumbnail/0dc2d03fe217f8c83829496872af24a0/3/6/3656_c.jpg
000411.jpg,https://c8.alamy.com/comp/DKECJ0/red-orange-yellow-and-green-jalapeno-pepper-in-a-row-DKECJ0.jpg
000412.jpg,https://img-aws.ehowcdn.com/350x235p/photos.demandstudios.com/getty/article/151/93/87537196_XS.jpg
000413.jpg,https://media.naheed.pk/catalog/product/cache/49dcd5d85f0fa4d590e132d0368d8132/1/0/1010026-1.jpg
000414.jpg,https://cdn2.vectorstock.com/i/1000x1000/03/76/watercolor-hand-drawn-pepper-jalapeno-isolated-eco-vector-10250376.jpg
000415.jpg,https://cdn.shopify.com/s/files/1/0871/0950/products/TAMJalapenopepperpic_1024x1024.jpg?v=1566339703
000416.jpg,http://jalapenomadness.com/images/gardening/plant1.jpg
000417.jpg,https://www.fermentationrecipes.com/wp-content/uploads/Jalapeno-peppers.jpg
000418.jpg,https://www.dairygoodness.ca/var/ezflow_site/storage/images/dairy-goodness/home/recipes/grilled-mozzarella-jalapenos/12744474-20-eng-CA/grilled-mozzarella-jalapenos.jpg
000419.jpg,https://www.tastefullysimple.com/_/media/images/recipes/sweetpepperjalapenocreamcheese.jpg
000420.jpg,https://www.createdby-diane.com/wp-content/uploads/2015/07/Jalapeno-Pepper-Jelly-Recipe-@createdbydiane.jpg
000421.jpg,https://images.sellersourcebook.com/users/143753/mucho_nacho_jalapeno_ripe.jpg?1498172551
000422.jpg,https://vanillaandbean.com/wp-content/uploads/2019/08/peppers-15-680x1020.jpg
000423.jpg,https://www.thebossykitchen.com/wp-content/uploads/2018/02/Mexican-Pinto-Bean-Salad-with-Jalapeno-pepper44.jpg
000424.jpg,http://www.horsesandheels.com/wp-content/uploads/2013/01/Stuffed-Jalapenos.jpg
000425.jpg,http://d3bfrz6ajmxups.cloudfront.net/blog/mf/wp-content/uploads/2016/04/25153742/Jalapeno-Pepper-Control.jpg
000426.jpg,https://www.edenbrothers.com/store/media/Seeds-Vegetables/SVPEP116-1.jpg
000427.jpg,https://vignette.wikia.nocookie.net/familyrecipes/images/4/41/Jalapeno.jpg/revision/latest?cb=20111121184959
000428.jpg,https://simplelivingcountrygal.com/wp-content/uploads/2018/05/jalapeno-pepper.jpg
000429.jpg,http://www.organicseed.co.za/177-498-thickbox/jalapeno-pepper.jpg
000430.jpg,https://growagoodlife.com/wp-content/uploads/2019/05/freeze-peppers-harvest-jalapeno.jpg
000431.jpg,https://forktospoon.com/wp-content/uploads/2018/02/IMG_1326.jpg
000432.jpg,https://www.mamalovesfood.com/wp-content/uploads/2019/08/BACON-WRAPPED-JALAPENO-POPPERS-2.jpg
000433.jpg,https://www.delicioustable.com/wp-content/uploads/2018/09/Spicy-Pickled-Eggs-jalapenos-clean-in-basket-680x1020.jpg
000434.jpg,https://www.superhotchiles.com/wp-content/uploads/2018/04/Purple-Jalapeno-Hot-Pepper-Seeds.jpg
000435.jpg,https://inmamamaggieskitchen.com/wp-content/uploads/2019/04/A-green-jalapeno-Pepper-next-to-a-serrano-pepper.jpg
000436.jpg,https://www.ndsu.edu/pubweb/chiwonlee/plsc211/student%20papers/articles11/shofer/jalapeno%20(1).jpg
000437.jpg,https://peasandcrayons.com/wp-content/uploads/2011/10/fresh-garden-jalapeno-pepeprs-quick-pickle-0223.jpg
000438.jpg,https://www.garden.eco/wp-content/uploads/2018/03/growing-jalapeno-peppers.jpg
000439.jpg,https://images.media-allrecipes.com/userphotos/250x250/362492.jpg
000440.jpg,https://i.imgur.com/MkaILEJ_d.jpg?maxwidth=640&shape=thumb&fidelity=medium
000441.jpg,http://media.geekgardener.in/wp-content/uploads/growing-jalapenos-001.jpg
000442.jpg,https://paintingvalley.com/drawings/jalapeno-drawing-5.png
000443.jpg,https://i1.wp.com/feastinthyme.com/wp-content/uploads/2017/01/Candied-Jalapeno-Slices_3-1024x645.jpg?resize=1024%2C645
000444.jpg,https://lingeralittle.com/wp-content/uploads/2019/01/bacon-wrapped-jalapen%CC%83o-poppers.jpg
000445.jpg,http://www.specialtyproduce.com/sppics/810.png
000446.jpg,https://cdn.shopify.com/s/files/1/0011/2341/8172/products/PP647-3_480x480.jpg?v=1523414096
000447.jpg,https://inthekitch.net/wp-content/uploads/2019/10/Jalapenos-whole-and-sliced.jpg
000448.jpg,https://pixnio.com/free-images/2018/12/08/2018-12-08-16-03-02-1200x800.jpg
000449.jpg,https://worldcrops.org/sites/worldcrops.org/files/crops/Jalapeno%20peppers_Merida_Mexico_2017.jpg
000450.jpg,https://vegetarianmamma.com/wp-content/uploads/2017/04/Jalapeno-Poppers-@vegetarianmamma.com_.jpg
000451.jpg,https://i2.wp.com/thepioneerwoman.com/wp-content/uploads/2007/07/731733659_97103e5b84.jpg?resize=500%2C332
000452.jpg,http://www.johnvenaproduce.com/OCM/photogalleries/Green%20Jalapeno%20Peppers%20-%20small.jpg
000453.jpg,https://www.thespruceeats.com/thmb/_GPEhMPxBG5qV2yhj_AmdMXYAM4=/960x0/filters:no_upscale():max_bytes(150000):strip_icc()/JalapenostoChop-5a9b184f1f4e1300360d1c1f.jpg
000454.jpg,http://blog.publix.com/publix/files/2019/05/Jalapeno-Pepper-300x300.jpg
000455.jpg,http://thewildgut.com/wp-content/uploads/2017/10/fermented_jalapeno_peppers.jpg
000456.jpg,https://rlv.zcache.com/fun_spicy_jalapeno_pepper_award-rdf2984a8756c4b51985817c70d23da81_8bozs_8byvr_307.jpg
000457.jpg,https://cdn2.eyeem.com/thumb/e20bb3427c8d96a5b0ca339d5e53c381600f6822-1557142468061/w/850
000458.jpg,https://cdn.shopify.com/s/files/1/2550/8730/products/Hot-Pepper_Early-Jalapeno_CS_logo_620x.jpg?v=1551118959
000459.jpg,https://brooklynfarmgirl.com/wp-content/uploads/2015/09/How-to-Make-Crushed-Chili-Pepper-Powder-from-Jalapeno-Peppers_5.jpg
000460.jpg,https://4.imimg.com/data4/SE/CP/MY-3153114/preserved-jalapenos-250x250.jpg
000461.jpg,https://d2lnr5mha7bycj.cloudfront.net/product-image/file/large_bd22a584-b4fe-4fec-b08a-f09cd30743c4.jpg
000462.jpg,https://www.magicplantfarms.com/wp-content/uploads/2016/09/Jalapeno-400.jpg
000463.jpg,https://glutenfreebaking.com/wp-content/uploads/2015/07/Stuffed-Gluten-Free-Jalapeno-Poppers-3.jpg
000464.jpg,http://cdn.shopify.com/s/files/1/1196/4148/products/jalapeno-pepper-plant-1_grande.png?v=1464027371
000465.jpg,https://media.gettyimages.com/photos/full-frame-of-jalapeno-pepper-for-sale-at-market-picture-id707543865?s=612x612
000466.jpg,https://braswells.com/wp-content/uploads/2016/01/HotJalapenoPepper.jpg
000467.jpg,https://photos.bigoven.com/recipe/hero/oven-baked-tex-mex-jalapeno-pepper-.jpg?h=500&w=500
000468.jpg,https://i.ytimg.com/vi/HseuWVNQufA/maxresdefault.jpg
000469.jpg,https://t4.ftcdn.net/jpg/02/45/38/29/500_F_245382923_C1JAFxWT0F3F2tbghXVq5yYLYIEXIAGL.jpg
000470.jpg,http://www.plantmanagementnetwork.org/pub/php/brief/2003/pepper/image/jalapeno1.jpg
000471.jpg,https://www.thevegspace.co.uk/wp-content/uploads/2015/06/Creamy-Jalapeno-Mini-Pepper-Bites-A-500x500.jpg
000472.jpg,http://www.kamukcr.com/kamuk/files/cache/w300h400q75-crop-jalapeno.png
000473.jpg,http://catchsplace.club/wp-content/uploads/de/decorative-green-jalapeno-pepper-vector-illustration-isolated-white-background-hot-chili-pepper-logo-poster-print-jalapeno-image.jpg
000474.jpg,http://howiehayman.com/graphics/farming/tanegashima-japan-farming-subtropical-climate-growing-producing-gardening-farm-plan-vegetables-pepper-jalapeno-harvest-ready-picture.jpg
000475.jpg,https://st3.depositphotos.com/5134503/14389/i/1600/depositphotos_143899525-stock-photo-green-fresh-jalapeno-pepper-close.jpg
000476.jpg,https://www.zestuous.com/wp-content/uploads/2014/01/core-peppers.jpg
000477.jpg,https://getbusygardening.com/wp-content/uploads/2012/03/jalapenos-are-one-of-the-best-pepper-plants-to-grow.jpg
000478.jpg,https://www.rareseeds.com/assets/1/14/DimRegular/Pepper-Heatless-Jalapeno-Nadapeno-LSS-000_3492.jpg
000479.jpg,https://www.thebewitchinkitchen.com/wp-content/uploads/2017/05/chili-stuffed-peppers-500x750.jpg
000480.jpg,https://shewearsmanyhats.com/wp-content/uploads/2010/07/jalapenopie2.jpg
000481.jpg,https://lh3.googleusercontent.com/B4mLBFK1chm2LaGRx0Fhp3VPdY7rdQEzggf5ZqAygzbOy5ANzkiu4a4IEF4bqk4GVpGi1w3RkXL22MdgB14P7lW8ZGS4Q4iy1kTvhw=w600-l68
000482.jpg,https://anotsosimplelife.com/wp-content/uploads/2013/08/Red-Jalapeno-Peppers.jpg
000483.jpg,https://www.mezzetta.com/mm5/graphics/00000001/Deli-Sliced-Hot-Jalape%C3%B1o-Peppers_lg_2.png
000484.jpg,https://ahealthylifedotme.files.wordpress.com/2012/08/sliced-garden-fresh-jalapeno-peppers.jpg?resize=540%2C360
000485.jpg,https://whatscookingamerica.net/wp-content/uploads/2015/03/Jelly223.jpg
000486.jpg,https://www.harvesttotable.com/wp-content/uploads/2013/03/Hot-Peppers-Jalapeno-Thai-Serrano-Habanero-ScotchBonnet.jpg
000487.jpg,https://images.media-allrecipes.com/userphotos/560x315/2558155.jpg
000488.jpg,https://upload.wikimedia.org/wikipedia/commons/b/b1/Ripe_jalapeno_pepper.jpg
000489.jpg,https://www.tasteaholics.com/wp-content/uploads/2015/06/Bacon-wrapped-Jalapeno-Poppers2.jpg
000490.jpg,https://images-na.ssl-images-amazon.com/images/I/31c6jOpalNL._SX425_.jpg
000491.jpg,https://s3.envato.com/files/259018578/Jalapeno%20pieces%202019-20-Edit%20copy.jpg
000492.jpg,https://images.eatthismuch.com/site_media/img/95051_visualisas_65a3ef7b-8c92-4215-abc5-e7ae6bdeb04a.png
000493.jpg,https://www.halfbakedharvest.com/wp-content/uploads/2013/05/Sweet-Honey-Jalape%C3%B1o-Cheddar-Cornbread-Biscuits-4.jpg
000494.jpg,https://www.southernmadesimple.com/wp-content/uploads/2016/06/pj4.jpg
000495.jpg,https://img.freepik.com/free-photo/jalapeno-pepper-isolated-white-background_88281-1293.jpg?size=626&ext=jpg
000496.jpg,https://www.isabeleats.com/wp-content/uploads/2019/09/serrano-vs-jalapeno.jpg
000497.jpg,http://pluspng.com/img-png/jalapeno-png-hd-jalapeno-pepper-300x300-png-300.png
000498.jpg,http://2.bp.blogspot.com/-IZeoxDsaGkU/UOHHCYKYAQI/AAAAAAAAAuM/Irj0ZLdF8wQ/s1600/How+to+Grow+Jalapeno+Peppers+from+Seed-1.jpg
000499.jpg,https://www.candywarehouse.com/assets/item/regular/jalapenos-133189-im2.jpg
000500.jpg,https://previews.123rf.com/images/maxsol7/maxsol71606/maxsol7160600026/60666113-hot-jalapeno-pepper-capsicum-annuum-with-leaves-and-flower-clipping-paths-for-both-pepper-and-shadow.jpg
000501.jpg,http://media.cleveland.com/insideout_impact/photo/pepper-plant-indoorsjpg-d0f829cbe4e376cb.jpg
000502.jpg,https://hotsaucefever.com/images/chiles/jalapeno/jalapeno_stage_flower.jpg
000503.jpg,https://i.pinimg.com/originals/f2/af/03/f2af0362ce53a875dd46e0c87b8186e5.jpg
000504.jpg,https://tastykitchen.com/wp-content/uploads/2011/09/TK-Blog-Candied-Jalapenos-01.jpg
000505.jpg,https://www.stevennoble.com/main.php?g2_view=core.DownloadItem&g2_itemId=17922&g2_serialNumber=2
000506.jpg,http://clipart-library.com/images/qiBAyaAjT.gif
000507.jpg,https://cdn.thehealthybutcher.com/images/D.cache.x1/Jalapeno-Pepper.jpg
000508.jpg,https://thetomatoladyblog.files.wordpress.com/2017/03/jalapeno-green-pepper.jpg
000509.jpg,https://thumbs.dreamstime.com/z/garlic-cloves-jalapeno-hot-sauce-ingredients-paths-pepper-clipping-shadows-separated-infinite-depth-field-design-76195167.jpg
000510.jpg,https://i.etsystatic.com/19635657/r/il/3447bf/1902221024/il_570xN.1902221024_2fie.jpg
000511.jpg,http://www.sfi-egypt.com/wp-content/uploads/2016/08/d2.jpg
000512.jpg,https://pocketchangegourmet.com/wp-content/uploads/2013/04/Jalapenos.jpg
000513.jpg,http://www.gcfarmsinc.com/system/large_images/28/original/pepper_jalapeno_red.jpg?1256959024
000514.jpg,https://www.pepperscale.com/wp-content/uploads/2019/05/jalapen%CC%83o-varieties-768x512.jpg
000515.jpg,https://image.shutterstock.com/image-photo/one-half-jalapeno-pepper-on-600w-301529168.jpg
000516.jpg,https://www.davidlebovitz.com/wp-content/uploads/2009/04/3405862889_7c922aff1e_o.jpg
000517.jpg,https://1.bp.blogspot.com/-GEA6xGkv-T4/XbNai93UxgI/AAAAAAAAFkY/fAb9mS6SYpoW-HSXnYxpqpKSj7yRs7tEACEwYBhgL/s1600/bell.JPG
000518.jpg,https://www.garnishandglaze.com/wp-content/uploads/2019/08/jalapeno-pepper-jelly-10.jpg
000519.jpg,https://cdn.shopify.com/s/files/1/0237/0893/products/jalapeno-pepper-powder-jalapeno-powder-sonoran-spice-955883_2048x.jpg?v=1558471812
000520.jpg,https://edge.bonnieplants.com/www/uploads/20180920002449/Jalafuego-Hot-Pepper.jpg
000521.jpg,http://www.jalapenomadness.com/images/gardening/jalapenos-in-ground.jpg
000522.jpg,https://3k0j0647ji3n23p72y2u5n65-wpengine.netdna-ssl.com/wp-content/uploads/2013/04/how-to-roast-jalapeno-peppers-in-the-oven-2-2.jpg
000523.jpg,https://beyondgumbo.files.wordpress.com/2016/07/jalapeno-green-and-red-bell-peppers-for-jelly-img_0319_1.jpg
000524.jpg,http://www.organicseed.co.za/177-496-thickbox/jalapeno-pepper.jpg
000525.jpg,https://www.healthbenefitstimes.com/9/gallery/jalapeno-pepper/Close-up-flower-of-Jalapeno-pepper.jpg
000526.jpg,https://c8.alamy.com/comp/DKEDD1/red-and-a-bunch-of-green-jalapeno-isolated-on-white-background-DKEDD1.jpg
000527.jpg,https://cdn.shopify.com/s/files/1/1143/3886/products/81-Jalapeno-Extract-60ml_1024x1024.jpg?v=1553891686
000528.jpg,https://i2.wp.com/growhotpeppers.com/wp-content/uploads/2012/12/purple_jal.jpg?fit=3264%2C2448&ssl=1
000529.jpg,https://www.thespruceeats.com/thmb/TZQIkxnqDiWyg7cFh-W07S4XY_Y=/1500x994/filters:no_upscale():max_bytes(150000):strip_icc()/GettyImages-813847678-ad59a8c8b1d548048f50f19199d26bb6.jpg
000530.jpg,https://cdn2.vectorstock.com/i/1000x1000/41/56/chilli-and-jalapeno-peppers-vector-22424156.jpg
000531.jpg,https://media.istockphoto.com/photos/red-jalapeno-chili-pepper-picture-id175530798
000532.jpg,https://theviewfromgreatisland.com/wp-content/uploads/2017/07/pickled-jalapenos-3086-July-29-2017.jpg
000533.jpg,https://s3-us-west-1.amazonaws.com/contentlab.studiod/getty/08a0808782ed4075b846e5c9f7eae3f1.jpg
000534.jpg,https://www.mexicanplease.com/wp-content/uploads/2015/10/tomato-jalapeno-salsa-ingredients.jpg
000535.jpg,https://brooklynfarmgirl.com/wp-content/uploads/2014/07/28931705476_56e43ab2b1_c.jpg
000536.jpg,https://cdn.shopify.com/s/files/1/0871/0950/products/jalorangespiceppepperpic_1024x1024.jpg?v=1548800707
000537.jpg,https://media.gettyimages.com/photos/green-jalapeno-pepper-isolated-on-white-picture-id497538497?s=612x612
000538.jpg,https://cdn.shopify.com/s/files/1/0011/2341/8172/products/PP647-4_480x480.jpg?v=1523414096
000539.jpg,https://davesgarden.com/guides/pf/thumbnail.php?image=2005/09/05/Scorpioangel/7acb6e.jpg&widht=700&height=312
000540.jpg,https://www.chilipeppermadness.com/wp-content/uploads/2019/08/Chipotle-Peppers.jpg
000541.jpg,https://i.ebayimg.com/images/g/YjIAAOSwJXNcU5wM/s-l400.jpg
000542.jpg,https://images-na.ssl-images-amazon.com/images/I/318iBAdvy0L.jpg
000543.jpg,https://i.ytimg.com/vi/_gq5Y_Bc_T0/maxresdefault.jpg
000544.jpg,https://cdn.thehealthybutcher.com/images/D.cache.x1/Jalapeno-Pepper-4.jpg
000545.jpg,https://www.rareseeds.com/assets/1/14/DimRegular/Pepper-Craigs-Grande-Jalapeno-LSS-0373.jpg
000546.jpg,https://img.freepik.com/free-photo/aerial-view-fresh-jalapeno-pepper-wooden-background_53876-14076.jpg?size=626&ext=jpg
000547.jpg,https://vignette.wikia.nocookie.net/chilipeps/images/f/fe/10000SCOVILLE.png/revision/latest?cb=20180108171221
000548.jpg,https://www.pepperscale.com/wp-content/uploads/2014/09/red-jalapeno-vs-green-jalapeno_1-768x576.jpg
000549.jpg,https://st2.depositphotos.com/3504545/12249/i/950/depositphotos_122491060-stock-photo-purple-jalapeno-pepper.jpg
000550.jpg,https://previews.123rf.com/images/breakingthewalls/breakingthewalls1704/breakingthewalls170400218/77094558-three-fresh-long-green-jalapeno-chili-peppers-isolated-on-white-background-close-up-elevated-top-vie.jpg
000551.jpg,https://www.superhotchiles.com/wp-content/uploads/2018/04/Orange-Spice-Jalapeno-Seeds.jpg
000552.jpg,https://upload.wikimedia.org/wikipedia/commons/thumb/6/69/BhutJolokia09_Asit.jpg/1200px-BhutJolokia09_Asit.jpg
000553.jpg,https://i.pinimg.com/originals/8e/5a/b0/8e5ab063bd883d34c2b98c91113ff596.jpg
000554.jpg,https://thumbs.dreamstime.com/z/jalapeno-pepper-branch-green-table-49387964.jpg
000555.jpg,https://image.shutterstock.com/image-photo/jalapeno-pepper-hot-chili-260nw-724044352.jpg
000556.jpg,https://cdn5.vectorstock.com/i/1000x1000/33/89/red-and-green-mexican-jalapeno-hot-chili-peppers-vector-21723389.jpg
000557.jpg,https://media.istockphoto.com/photos/jalapeno-pepper-picture-id618189034
000558.jpg,https://images.homedepot-static.com/productImages/978d9438-9662-43b7-9c46-bd9edea2ac24/svn/bonnie-plants-vegetable-plants-2500-64_1000.jpg
000559.jpg,http://www.jalapenomadness.com/images/recipes/jalapeno-red-pepper-sauce/1.JPG
000560.jpg,https://www.chilipeppermadness.com/wp-content/uploads/2018/03/5288462d048e0d3f60f64bb84cff6df4.jpg
000561.jpg,https://media.gettyimages.com/photos/green-jalapeno-pepper-picture-id153724115?s=612x612
000562.jpg,https://q7i2y6d5.stackpathcdn.com/wp-content/uploads/2009/08/pepper-bloom.jpg
000563.jpg,https://www.rareseeds.com/assets/1/14/DimRegular/Jalapeno-group-Shot-Upper-left-clockwise-Lemon-Spice-Nadapeno-Orange-Spice-Zapote-Pumpkin-Spice-and-Jalamundo--LSS-000_3596.jpg
000564.jpg,https://pics.davesgarden.com/pics/2005/06/29/Farmerdill/e4e891.jpg
000565.jpg,https://c8.alamy.com/comp/JG5FB9/fresh-red-chili-or-jalapeno-pepper-on-plant-phong-nha-vietnam-vertical-JG5FB9.jpg
000566.jpg,https://www.thespruceeats.com/thmb/e00SGwVRdzlmLNaNilYAo2h8LiY=/2048x1536/filters:no_upscale():max_bytes(150000):strip_icc()/7645547300_f69cbeb383_k-588597cf3df78c2ccdf1fdf1.jpg
000567.jpg,https://d2lnr5mha7bycj.cloudfront.net/product-image/file/large_6fca6238-bd81-436e-9238-8408fdad5afd.jpg
000568.jpg,https://previews.123rf.com/images/phloenphoto/phloenphoto1409/phloenphoto140900957/31952287-sliced-green-jalapeno-peppers-on-white-background.jpg
000569.jpg,https://img.freepik.com/free-photo/aerial-view-fresh-jalapeno-pepper-wooden-background_53876-31688.jpg?size=626&ext=jpg
000570.jpg,https://www.superhotchiles.com/wp-content/uploads/2019/02/ChilesTigerJalapeno37-2018.jpg
000571.jpg,https://img-aws.ehowcdn.com/350x235p/photos.demandstudios.com/getty/article/18/100/78365677_XS.jpg
000572.jpg,https://i.ytimg.com/vi/pG-qOyg1Rlk/hqdefault.jpg
000573.jpg,https://image.shutterstock.com/image-photo/jalapeno-pepper-hot-chili-260nw-724044370.jpg
000574.jpg,https://brooklynfarmgirl.com/wp-content/uploads/2015/01/The-Amazing-Jalapeno-Plant_1.jpg
000575.jpg,https://thumbs.dreamstime.com/b/single-green-jalapeno-pepper-red-bell-plate-isolated-white-background-145151543.jpg
000576.jpg,https://upload.wikimedia.org/wikipedia/commons/thumb/3/32/Thai_peppers.jpg/1200px-Thai_peppers.jpg
000577.jpg,https://www.pepperscale.com/wp-content/uploads/2018/08/what-to-do-with-a-lot-of-jalapenos-768x512.jpg
000578.jpg,https://st.depositphotos.com/2019335/2017/i/450/depositphotos_20171027-stock-photo-jalapeno-pepper.jpg
000579.jpg,https://cdn.shopify.com/s/files/1/0915/1060/products/pepper-joes-jalapeno-hot-pepper.jpg?v=1457654808
000580.jpg,https://media.istockphoto.com/photos/four-green-spicy-jalapeno-peppers-isolated-on-white-picture-id520880034
000581.jpg,https://s3-us-west-1.amazonaws.com/contentlab.studiod/getty/769d9df2870e48c1a68bc757014108f4.jpg
000582.jpg,https://edge.bonnieplants.com/www/uploads/20180920003948/mild-jalapeno-pepper-960x360.jpg
000583.jpg,https://media.gettyimages.com/photos/hand-holding-jalapeno-peppers-fresh-from-the-garden-picture-id1009861716?s=612x612
000584.jpg,https://www.chilipeppermadness.com/wp-content/uploads/2018/09/Coring-Jalapeno-Peppers.jpg
000585.jpg,https://i.ebayimg.com/thumbs/images/g/IZUAAOSwwmlcdpj2/s-l225.jpg
000586.jpg,http://jalapenomadness.com/images/recipes/candied-jalapeno-peppers/candied-jalapeno-peppers.jpg
000587.jpg,https://c8.alamy.com/comp/JFE6C7/fresh-red-chili-or-jalapeno-pepper-on-plant-phong-nha-vietnam-JFE6C7.jpg
000588.jpg,https://image.freepik.com/free-vector/slices-raw-jalapeno-pepper-vector-illustration_1447-1442.jpg
000589.jpg,https://www.rareseeds.com/assets/1/14/DimRegular/spice-jalapeno-pepper-series.jpg
000590.jpg,https://image.shutterstock.com/image-photo/ripe-green-jalapeno-pepper-cutting-260nw-1415584256.jpg
000591.jpg,https://d2lnr5mha7bycj.cloudfront.net/product-image/file/large_b1759a63-5d72-4365-9174-d31b095a3c44.jpg
000592.jpg,https://thumbs.dreamstime.com/z/painting-jalapeno-white-background-hand-drawn-vegetable-illustration-watercolor-chili-hot-pepper-watercolor-green-jalapeno-118435619.jpg
000593.jpg,https://previews.123rf.com/images/imagepixels/imagepixels1801/imagepixels180100002/92767081-isolated-yellow-jalape%C3%B1o-chile-pepper-on-white.jpg
000594.jpg,https://i.ytimg.com/vi/gUDjAQ8c52g/maxresdefault.jpg
000595.jpg,https://brooklynfarmgirl.com/wp-content/uploads/2015/01/The-Little-Jalapeno-Plant-That-Could_1.jpg
000596.jpg,https://static9.depositphotos.com/1549192/1100/i/950/depositphotos_11002621-stock-photo-yellow-jalapeno-pepper.jpg
000597.jpg,https://images-na.ssl-images-amazon.com/images/I/411Nao6j3IL._AC_SY400_.jpg
000598.jpg,https://www.superhotchiles.com/wp-content/uploads/2018/04/Ghostly-Jalapeno-Pepper-Seeds-seeds.jpg
000599.jpg,https://media.istockphoto.com/photos/red-jalapeno-picture-id147691027?k=6&m=147691027&s=612x612&w=0&h=NwvcZ56F9cNdo6IJyFcx0BJrPeLIiZvd7hHLHcPwWUI=
000600.jpg,https://c8.alamy.com/comp/R3EYED/white-jalapeno-peppers-R3EYED.jpg
000601.jpg,https://www.chilipeppermadness.com/wp-content/uploads/2013/09/Fresno-Chili-Peppers.jpg
000602.jpg,https://img.freepik.com/free-vector/slices-raw-jalapeno-pepper-vector-illustration_1447-1440.jpg?size=338&ext=jpg
000603.jpg,https://media.gettyimages.com/photos/closeup-of-jalapeno-pepper-growing-on-tree-picture-id985605830
000604.jpg,https://s3-us-west-1.amazonaws.com/contentlab.studiod/getty/fe2cfe8f881b42c49282efbc6a04c7bc.jpg
000605.jpg,https://img-aws.ehowcdn.com/350x235p/photos.demandstudios.com/getty/article/225/217/476477373_XS.jpg
000606.jpg,https://thumbs.dreamstime.com/b/chopped-jalapeno-pepper-c-annuum-paths-chile-capsicum-fruit-rings-slices-136624516.jpg
000607.jpg,https://i.ytimg.com/vi/L_MzaLbfCwE/maxresdefault.jpg
000608.jpg,https://cdn1.vectorstock.com/i/1000x1000/41/25/pixel-chilli-and-jalapeno-pepper-vector-23524125.jpg
000609.jpg,https://www.rareseeds.com/assets/1/14/DimRegular/spice-jalapeno-pepper-series1.jpg
000610.jpg,https://static8.depositphotos.com/1141099/862/i/950/depositphotos_8622900-stock-photo-nutritional-facts-of-jalapeno.jpg
000611.jpg,https://previews.123rf.com/images/mnsanthoshkumar/mnsanthoshkumar1206/mnsanthoshkumar120600027/14029584-spicy-hot-red-sliced-jalapeno-peppers-chili-showing-seeds-on-white-background.jpg
000612.jpg,https://www.rareseeds.com/assets/1/14/DimRegular/Purple-Jalapeno.jpg
000613.jpg,https://thumbs.dreamstime.com/z/chili-pepper-black-background-smoking-hot-red-jalapeno-isolated-pure-100005267.jpg
000614.jpg,https://previews.123rf.com/images/chrishowey/chrishowey1505/chrishowey150502156/40134003-this-image-shows-a-red-jalapeno-pepper.jpg
000615.jpg,https://media.gettyimages.com/photos/red-jalapeno-pepper-picture-id88179359
000616.jpg,https://www.chilipeppermadness.com/wp-content/uploads/2018/03/fbb4b6a86e716d470f9aaf0dffc43cd5.jpg
000617.jpg,https://i.ytimg.com/vi/vOVtzX1g-2A/hqdefault.jpg
000618.jpg,https://c8.alamy.com/comp/REY7PA/carved-jalapeno-pepper-halves-for-poppers-top-view-REY7PA.jpg
000619.jpg,https://www.superhotchiles.com/wp-content/uploads/2018/04/Yellow-Jalapeno-Pepper-Seeds.jpg
000620.jpg,https://thumbs.dreamstime.com/b/jalapeno-pepper-sliced-cutting-board-58728425.jpg
000621.jpg,https://www.chilipeppermadness.com/wp-content/uploads/2018/03/jalapeno-peppers-red-green1.jpg
000622.jpg,https://img-aws.ehowcdn.com/350x235p/photos.demandstudios.com/getty/article/178/45/87736095_XS.jpg
000623.jpg,https://i.ytimg.com/vi/64kWIuSBA-g/maxresdefault.jpg
000624.jpg,https://www.chilipeppermadness.com/wp-content/uploads/2018/03/Beer-Cheese-Jalapeno-Poppers-JALAPENO-PEPPERS.jpg
000625.jpg,https://c8.alamy.com/comp/R3EYEJ/white-jalapeno-peppers-R3EYEJ.jpg
000626.jpg,https://c8.alamy.com/comp/WETG14/growing-green-jalapeno-pepper-WETG14.jpg
000627.jpg,https://www.chilipeppermadness.com/wp-content/uploads/2018/10/Jalapeno-Jelly-Recipe1.jpg
000628.jpg,https://i.ytimg.com/vi/zbz3CQ-w7uo/maxresdefault.jpg
000629.jpg,https://www.chilipeppermadness.com/wp-content/uploads/2018/12/6-Grab-Some-Cowboy-Candy.jpg
000630.jpg,https://bonnieplants.com/wp-content/uploads/mammoth-jalapeno-hot-pepper.jpg
000631.jpg,https://www.gardeningknowhow.com/wp-content/uploads/2012/04/Jalapeno-Pepper-plant.jpg
000632.jpg,https://bonnieplants.com/wp-content/uploads/jalapeno-hot-pepper.jpg
000633.jpg,http://photos.demandstudios.com/getty/article/88/209/87967542.jpg
000634.jpg,https://www.simplyrecipes.com/wp-content/uploads/2009/07/jalapeno-hotness-horiz-a-1800.jpg
000635.jpg,http://www.goodwholefood.com/wp-content/uploads/2016/02/183881115.jpg
000636.jpg,https://1rxbfb2hflyo2jt6jd3f6sjr-wpengine.netdna-ssl.com/wp-content/uploads/2014/11/PP647-3.jpg
000637.jpg,https://www.healthbenefitstimes.com/9/gallery/jalapeno-pepper/Jalapeno-peppers.jpg
000638.jpg,https://www.pepperscale.com/wp-content/uploads/2014/09/red-jalapeno-vs-green-jalapeno_1.jpg
000639.jpg,https://1rxbfb2hflyo2jt6jd3f6sjr-wpengine.netdna-ssl.com/wp-content/uploads/2014/11/PP647-1.jpg
000640.jpg,http://www.growhotpeppers.com/wp-content/uploads/2012/12/mucho_nacho.jpg
000641.jpg,https://globalexplorerclub.files.wordpress.com/2013/03/jalapenos.jpg
000642.jpg,http://www.southernexposure.com/images/large/hot-pepper-jalapeno_LRG.jpg
000643.jpg,http://rampages.us/nutrition1/wp-content/uploads/sites/2542/2014/10/Jalapeno-pepper.jpg
000644.jpg,https://1rxbfb2hflyo2jt6jd3f6sjr-wpengine.netdna-ssl.com/wp-content/uploads/2014/11/PP647-2.jpg
000645.jpg,https://babybozeman.files.wordpress.com/2014/01/jalapeno-02.jpg
000646.jpg,https://carolynsclassics.com/wp-content/uploads/2017/05/Jalepeno-Jelly.jpg
000647.jpg,https://bonnieplants.com/wp-content/uploads/mucho-nacho-jalapeno-hot-pepper.jpg
000648.jpg,http://www.growhotpeppers.com/wp-content/uploads/2009/12/DSCN0065.jpg
000649.jpg,http://3.bp.blogspot.com/-By-rXOar6oM/Tot8QQ63rLI/AAAAAAAAATw/5cx1uCYcnbc/s1600/cimg7287.jpg
000650.jpg,http://peasandcrayons.com/wp-content/uploads/2016/09/fridge-pickled-jalapeno-peppers-recipe-8810.jpg
000651.jpg,http://www.frugalmomeh.com/wp-content/uploads/2015/05/sliced-jalapenos.jpg
000652.jpg,https://www.healthline.com/assets/0x1528/hlcmsresource/images/AN_images/jalapeno-peppers-1296x728.jpg
000653.jpg,https://cdn.trueleafmarket.com/products/seeds/pepper-hot-jalapeno-organic/jalapeno-m-organic-seed-wm.jpg
000654.jpg,http://www.sustainablemarketfarming.com/wp-content/uploads/2015/10/Jalapeno-Pepper-plants-3-W.jpg
000655.jpg,https://midwestgardening.files.wordpress.com/2014/04/jalapeno_sprouts.jpg
000656.jpg,http://www.frugalmomeh.com/wp-content/uploads/2015/05/Jalapenos-stuffed-in-jar.jpg
000657.jpg,http://www.frugalmomeh.com/wp-content/uploads/2015/05/sliced-jalapenos-in-bowl.jpg
000658.jpg,http://www.frugalmomeh.com/wp-content/uploads/2015/06/pickled-jalapeno-peppers-3.jpg
000659.jpg,https://seedsnsuch-qb2qm0z.netdna-ssl.com/wp-content/uploads/2013/08/Pep_Mucho_Nacho_cmyk.jpg
000660.jpg,http://www.thegreenhead.com/imgs/cayenne-jalapeno-chili-pepper-umbrellas-1.jpg
000661.jpg,http://growhotpeppers.com/wp-content/uploads/2012/12/purple_jal.jpg
000662.jpg,https://shop.westlandpeppers.com/wp-content/uploads/2017/07/jalapeno-green_westlandpeppers-1-1000x1000.jpg
000663.jpg,https://oldworldgardenfarms.com/wp-content/uploads/2012/10/i00358-2.jpg
000664.jpg,https://www.simplyrecipes.com/wp-content/uploads/2006/08/jalapeno-pepper-jelly-vertical-a-1200.jpg
000665.jpg,https://i.pinimg.com/originals/ee/30/7f/ee307fc1388e550cd4511ef35d44fb32.jpg
000666.jpg,https://i0.wp.com/simpleandsavory.com/wp-content/uploads/2015/09/sliced-pickled-jalapeno-peppers.jpg
000667.jpg,https://lovefoodies.com/wp-content/uploads/2015/07/Nannys-Jalapeno-Pepper-Jelly1.jpg
000668.jpg,https://s-media-cache-ak0.pinimg.com/736x/ab/42/47/ab4247ad37c1554c46c68d0870868862.jpg
000669.jpg,http://anotsosimplelife.com/wp-content/uploads/2013/08/Jalapeno-Pepper-Plant.jpg
000670.jpg,https://s-media-cache-ak0.pinimg.com/736x/0e/44/1c/0e441c085423e8c10460bba0301e90d5--pickled-jalapeno-peppers-pickled-eggs.jpg
000671.jpg,https://i.pinimg.com/736x/89/b4/d1/89b4d16f9b28785dbbbb114b04923922--jalapeno-pepper-jelly-pepper-jelly-recipes.jpg
000672.jpg,http://dontsweattherecipe.com/wp-content/uploads/2015/08/IMG_0532.jpg
000673.jpg,https://cdn.shopify.com/s/files/1/0684/6831/products/Jalapeno_Peppers_on_Plate.jpg
000674.jpg,https://res.cloudinary.com/dyx4yhvoq/image/upload/v1550880056/5c5209f74dee820019191f05/mjzog6syds6cmnqyf3wv.jpg
000675.jpg,https://s-media-cache-ak0.pinimg.com/originals/07/d4/76/07d476d9ea968cd101359d3a9b8164dc.jpg
000676.jpg,https://i.ytimg.com/vi/D9UafNqzYK4/maxresdefault.jpg
000677.jpg,https://i.pinimg.com/736x/e7/c2/e6/e7c2e693c4e9889f39c09b3a1a3ef8b2--pickled-pepper-recipe-pickled-jalapeno-peppers.jpg
000678.jpg,https://28wd582ik70pn4qof1ukh902-wpengine.netdna-ssl.com/wp-content/uploads/2014/07/IMG_5944.jpg
000679.jpg,https://www.mtolivepickles.com/wp-content/uploads/2014/10/00016_12_DicedJalapenoPeppers.jpg
000680.jpg,https://s-media-cache-ak0.pinimg.com/736x/21/92/34/21923487d3b9f4fab43c580c8cf605f7.jpg
000681.jpg,https://s-media-cache-ak0.pinimg.com/736x/a2/ee/6f/a2ee6fa5db555b066fb12d7d0a737f36.jpg
000682.jpg,http://fsi.colostate.edu/wp-content/uploads/2014/03/fresnochili.jpg
000683.jpg,http://cornishchillicompany.co.uk/wp-content/uploads/2015/05/jalapeno-pepper-jelly-chilli-cornish.jpg
000684.jpg,https://i.pinimg.com/originals/d1/7f/ed/d17fedb5b0bf7b1b107d30c727e88409.jpg
000685.jpg,https://www.simplyrecipes.com/wp-content/uploads/2011/02/stuffed-jalapeno-method-1.jpg
000686.jpg,https://i.pinimg.com/736x/a0/49/32/a049321399fee96cb0826fd40234ff5f--canning-peppers-candied-jalapenos.jpg
000687.jpg,https://lovefoodies.com/wp-content/uploads/2015/07/Nannys-Jalapeno-Pepper-Jelly8.jpg
000688.jpg,https://s-media-cache-ak0.pinimg.com/736x/c3/c4/71/c3c471472a8156c4fa745b0589a109e3.jpg
000689.jpg,https://i.ytimg.com/vi/AdPKfx6PoDE/maxresdefault.jpg
000690.jpg,http://smokehouseglenn.com/wp-content/uploads/2012/10/sausage-sliced-close-up.jpg
000691.jpg,https://vamarket.us/wp-content/uploads/2015/04/03837_Main.jpg
000692.jpg,https://www.simplyrecipes.com/wp-content/uploads/2011/02/baked-stuffed-jalapenos-horiz-a-1200.jpg
000693.jpg,http://www.thegreenhead.com/imgs/cayenne-jalapeno-chili-pepper-umbrellas-4.jpg
000694.jpg,https://i.pinimg.com/originals/3e/db/67/3edb67f9d5534713e3a5fc47e91dc8e5.jpg
000695.jpg,https://s-media-cache-ak0.pinimg.com/736x/9e/61/f4/9e61f4f6dbd63c78d149fee4a6f4cb0a.jpg
000696.jpg,http://growhotpeppers.com/wp-content/uploads/2012/02/germination.jpg
000697.jpg,https://www.weightwatchers.com/images/1033/dynamic/foodandrecipes/2012/05/GrilledStuffedJalapenos_109_xl.jpg
000698.jpg,https://saucegoddess.com/wp-content/uploads/2017/04/Jalapeno-Onion-Pepper-Relish.jpg
000699.jpg,https://www.simplyrecipes.com/wp-content/uploads/2006/08/jalapeno-pepper-jelly-horiz-a-1600.jpg
000700.jpg,https://www.chilipeppermadness.com/wp-content/uploads/2015/06/Habanero-Pepper-Jam2.jpg
000701.jpg,http://www.simplyrecipes.com/wp-content/uploads/2017/06/2017-06-30-STUBBS-Jalapeno-Poppers-14.jpg
000702.jpg,https://s-media-cache-ak0.pinimg.com/736x/99/67/8a/99678ad6f904494d367896dc560e3f5f.jpg
000703.jpg,https://s-media-cache-ak0.pinimg.com/originals/f6/a6/15/f6a61544487c8a4e9583e2213cfa2660.jpg
000704.jpg,https://cdn3.tmbi.com/secure/RMS/attachments/37/1200x1200/Easy-Cheese-Stuffed-Jalapenos_exps29318_SA1754024A02_02_4b_RMS.jpg
000705.jpg,http://tastykitchen.com/recipes/wp-content/uploads/sites/2/2009/07/july-182.jpg
000706.jpg,https://chipreview.files.wordpress.com/2015/02/doritos-jacked-3d-jalapeno-pepper-jack-e1424432819928.jpg
000707.jpg,https://www.pepperworldhotshop.com/out/pictures/master/product/1/jalapeno_gigantia_sn028_1(1).jpg
000708.jpg,https://i.pinimg.com/736x/81/ca/66/81ca66962864f557d2223220d9242a57--jalapeno-pepper-jelly-hot-pepper-jelly.jpg
000709.jpg,https://assets.simplyrecipes.com/wp-content/uploads/2006/08/jalapeno-pepper-jelly-horiz-b-1600.jpg
000710.jpg,https://www.chilipeppermadness.com/wp-content/uploads/2018/08/Roasted-Red-Jalapeno-Pepper-Hot-Sauce-Recipe1.jpg
000711.jpg,https://s-media-cache-ak0.pinimg.com/736x/5f/02/2a/5f022af93bcb064a7ec4d2dd234d99e2.jpg
000712.jpg,https://cdn.shopify.com/s/files/1/1681/7153/products/Yellow-Flamingo.jpg
000713.jpg,https://i.pinimg.com/736x/56/45/28/5645287b1c3a5cf3b54fde136006a71d--cream-cheese-stuffed-jalapenos-sausage-stuffed-jalapeno-poppers.jpg
000714.jpg,https://i.pinimg.com/736x/40/a0/61/40a06191081fbbeddb998593ef60bcde--jalapeno-popper-recipes-jalepeno-poppers-low-carb.jpg
000715.jpg,https://www.frompastatopaleo.com/wp-content/uploads/2018/02/Bacon-Wrapped-Cashew-Cheese-Stuffed-Jalapeno-Peppers-794x1024.jpg
000716.jpg,https://townleypoolandspa.com/wp-content/uploads/2019/10/Fire-Roasted-Poblano-and-Jalapeno-Chili.jpg
000717.jpg,https://s-media-cache-ak0.pinimg.com/736x/73/18/66/731866ffd19d3d2a241c5faac0ae9ebf.jpg
000718.jpg,https://s-media-cache-ak0.pinimg.com/736x/68/d6/a8/68d6a8e829cf65ca0f712562af648cc7.jpg
000719.jpg,https://i.pinimg.com/736x/e8/4f/3a/e84f3a3af34cb3fdf635a0a5444e389b--canning-jars-mason-jars.jpg
000720.jpg,https://cdn1.vectorstock.com/i/1000x1000/16/00/hot-red-chili-jalapeno-pepper-icon-isolated-vector-4401600.jpg
000721.jpg,https://www.yeprecipes.com/data/media/7/blackberry-jalapeno-glazed-ribs.jpg
000722.jpg,https://peasandcrayons.com/wp-content/uploads/2016/09/fridge-pickled-jalapeno-peppers-recipe-x2-8887.jpg
000723.jpg,http://www.thecomfortofcooking.com/wp-content/uploads/2016/07/Quick_Easy_Hot_Pepper_Jelly-1.jpg
000724.jpg,https://s-media-cache-ak0.pinimg.com/736x/ba/61/bc/ba61bce958fa4253680a41ebd64314d0.jpg
000725.jpg,http://rantsfrommycrazykitchen.com/wp-content/uploads/2016/09/Homemade-Cayenne-Pepper-Sauce-Close-Up.jpg
000726.jpg,https://s-media-cache-ak0.pinimg.com/736x/47/7d/45/477d453cfd944183da5fd6b430f7af26.jpg
000727.jpg,https://i.pinimg.com/736x/4c/ef/9c/4cef9c66fcab172aacbadbe142a7c344--refrigerator-pickles-pickles-recipe.jpg
000728.jpg,https://i.pinimg.com/originals/10/f1/4b/10f14bca628702c27ce2110d4c0e7ac5.jpg
000729.jpg,https://i.pinimg.com/736x/09/0a/a2/090aa2ed4ee871615a7667fad254347f--spicy-chicken-sandwiches-jalapeno-pepper.jpg
000730.jpg,http://americanpreppersnetwork.com/wp-content/uploads/2012/04/pickled-peppers551.jpg
000731.jpg,http://images.media-allrecipes.com/userphotos/960x960/3759384.jpg
000732.jpg,http://www.lifetasteslikefood.com/wp-content/uploads/2013/06/Spicy-Jalapeno-and-Bacon-IPA-Burger-with-Pepper-Jack-Cheese.jpg
000733.jpg,https://thecafesucrefarine.com/wp-content/uploads/Pineapple-Habanero-Pepper-Jelly.jpg
000734.jpg,https://hotworldreport.com/wp-content/uploads/2018/08/chris-evans-feature-080118-820x410.jpg
000735.jpg,http://restaurantnewsrelease.com/wp-content/uploads/2017/09/Freddys-Jalapeno-Pepper-Jack-Steakburger.jpg
000736.jpg,https://upload.wikimedia.org/wikipedia/commons/d/da/Red_capsicum_and_cross_section.jpg
000737.jpg,http://hiddenponies.com/wp-content/uploads/2013/07/red_pepper_jelly_square.jpg
