image,source
000001.jpg,https://www.pepperscale.com/wp-content/uploads/2016/04/Japones-Pepper_1-768x357.jpg
000002.jpg,https://images-na.ssl-images-amazon.com/images/I/61Bt9Yhx9qL._SY355_.jpg
000003.jpg,https://i.ytimg.com/vi/VndUQnXWknk/maxresdefault.jpg
000004.jpg,https://cdn3.volusion.com/kceqm.mleru/v/vspfiles/photos/142-2.jpg?v-cache=1570614825
000005.jpg,https://www.spicejungle.com/media/catalog/product/cache/2/image/9df78eab33525d08d6e5fb8d27136e95/j/a/japones_chile_peppers_2.jpg
000006.jpg,https://i.ebayimg.com/images/g/E0EAAOxygj5ShrWD/s-l300.jpg
000007.jpg,https://images-na.ssl-images-amazon.com/images/I/71EBveUCprL._SY355_.jpg
000008.jpg,http://lifegourmetshop.com/304-thickbox_default/dried-chile-japones-8-oz.jpg
000009.jpg,https://badiaspices.com/wp-content/uploads/2016/12/033844000677.jpg
000010.jpg,https://cdn1.bigcommerce.com/server700/5mvrqhbm/products/2219/images/143852/japones-pepper__95382.1475552396.1280.1280.jpg?c=2
000011.jpg,https://cdn2.bigcommerce.com/server2900/cd406/products/432/images/1710/Japones_Pic__31756.1506621035.500.500.jpg?c=2
000012.jpg,https://www.spicesinc.com/images/product/large/1936.jpg
000013.jpg,https://cdn.shopify.com/s/files/1/0007/7774/8546/products/Japones_Chiles_2000x.jpg?v=1521986542
000014.jpg,http://james-karantonis.me/wp-content/uploads/2018/03/japones-pepper-chili-scoville.jpg
000015.jpg,https://cdn11.bigcommerce.com/s-9d454/images/stencil/608x608/products/4897/9887/japones-peppers-dried-whole__90053.1299862251.jpg?c=2
000016.jpg,http://porcelainbeautyofficialfansite.com/wp-content/uploads/2019/08/japones-pepper-japanese-red-pepper-paste.jpg
000017.jpg,https://static.wixstatic.com/media/d45f52_2741961ebae44c02986007342da228cf~mv2_d_4672_2628_s_4_2.jpg/v1/fill/w_784,h_441,al_c,q_90/d45f52_2741961ebae44c02986007342da228cf~mv2_d_4672_2628_s_4_2.webp
000018.jpg,https://i.ebayimg.com/images/g/BqIAAOSwjZJZ~8JA/s-l400.jpg
000019.jpg,https://s.yimg.com/aah/mex-grocer/chile-japones-by-el-sol-de-mexico-17.png
000020.jpg,https://woodlandfoods.com/img/WF_Images/C06-japones-chiles-peppers-main.jpg
000021.jpg,https://www.cubanfoodmarket.com/mm5/graphics/00000001/BAD00067-1-L.jpg
000022.jpg,https://tbn.bidorbuy.co.za/image/fetch/dpr_1.0,f_auto,t_btbnx/http://img.bidorbuy.co.za/image/upload/user_images/957/1893957/1893957_120515173441_resized_02048.jpg
000023.jpg,https://static.wixstatic.com/media/d45f52_c7925b99ffab4e71bc0987e3274f1d41~mv2_d_4672_2628_s_4_2.jpg/v1/fill/w_784,h_441,al_c,q_90/d45f52_c7925b99ffab4e71bc0987e3274f1d41~mv2_d_4672_2628_s_4_2.webp
000024.jpg,https://i1.wp.com/www.foodinno.com/wp-content/uploads/217946-1.jpg?fit=1191%2C1523
000025.jpg,https://cdn11.bigcommerce.com/s-295z9o5zsa/images/stencil/1280x1280/products/625/1420/Japones_Chile_Peppers_EDITED__78730.1524749149.jpg?c=2
000026.jpg,https://i.etsystatic.com/6948324/r/il/1f2a1b/483407615/il_570xN.483407615_fea1.jpg
000027.jpg,https://i5.walmartimages.com/asr/18ac74f7-ce6b-411a-baa5-d24bcba59f33_1.b9d47b46891cb33825e1945a570f4b6e.jpeg
000028.jpg,https://cdn.shopify.com/s/files/1/1420/8798/products/Pepper_hot_Japones_-_Capsicum_frutescens_-_as_-_rs_394x.jpg?v=1558197379
000029.jpg,https://d2lnr5mha7bycj.cloudfront.net/product-image/file/large_4291bb15-cc36-4b58-96c8-16568b86f6e4.jpg
000030.jpg,https://images-na.ssl-images-amazon.com/images/I/41zsSgbKN8L._SR600%2C315_PIWhiteStrip%2CBottomLeft%2C0%2C35_PIStarRatingTHREEANDHALF%2CBottomLeft%2C360%2C-6_SR600%2C315_SCLZZZZZZZ_.jpg
000031.jpg,https://tucsonfoodie.com/wp-content/uploads/2019/07/TF-chiles-pepper-japones-4198.jpg
000032.jpg,https://www.seriouseats.com/2018/03/20160707-mexican-pantry-guajillo-vicky-wasik-2.jpg
000033.jpg,https://i.pinimg.com/originals/f8/80/d1/f880d1d818f95aeb94601133101e29dd.jpg
000034.jpg,https://www.cubanfoodmarket.com/mm5/graphics/00000001/BAD00681-1-L.jpg
000035.jpg,http://cdn.shopify.com/s/files/1/2586/9918/products/51hAsQwrv3L._SL1000_ce8c09d7-fc15-43d5-9be8-e6f164743065_1200x1200.jpg?v=1545604405
000036.jpg,https://davesgarden.com/guides/pf/thumbnail.php?image=2012/05/15/Online_Lux/ecc8c4.jpg&widht=700&height=312
000037.jpg,http://cdn.shopify.com/s/files/1/1186/5558/products/IMG_2740_1200x1200.JPG?v=1527559299
000038.jpg,https://4.imimg.com/data4/TV/BU/MY-22663875/dried-japones-chili-250x250.jpg
000039.jpg,https://www.diversivore.com/wp-content/uploads/2016/06/Chinese-chilies-feature.jpg
000040.jpg,https://www.distribuidoraloscompadres.com/wp-content/uploads/2017/05/japones-1036.jpg
000041.jpg,https://i.ebayimg.com/images/g/F4YAAOSwFqJWqW6O/s-l300.jpg
000042.jpg,https://cdn2.bigcommerce.com/n-biq04i/n8j4ffcp/products/93/images/364/20140111_98__15504.1389644328.1280.1280.JPG?c=2
000043.jpg,https://www.worldspice.com/uploads/photo/image/142/double_sized_chile_japones_2.jpg
000044.jpg,https://i.pinimg.com/originals/d3/c4/cb/d3c4cb75406d96e934c50d7de5f5ff67.jpg
000045.jpg,https://d2lnr5mha7bycj.cloudfront.net/product-image/file/large_a363825d-045a-4cb3-a2a6-d3055da83d95.jpg
000046.jpg,http://wlthomas.www3.50megs.com/chilesfrescos3.jpg
000047.jpg,https://cdn.shopify.com/s/files/1/2141/8647/products/s8KQF5mh_500x500.jpg?v=1565733880
000048.jpg,https://www.pepperscale.com/wp-content/uploads/2016/04/tien-tsin-pepper.jpg
000049.jpg,https://c8.alamy.com/comp/A3G3H0/red-chile-japones-hot-red-peppers-A3G3H0.jpg
000050.jpg,https://images-na.ssl-images-amazon.com/images/I/51TECsTcl%2BL.jpg
000051.jpg,https://i2.wp.com/www.thespiceagent.com/wp-content/uploads/2018/09/20180831_153905.jpg?fit=816%2C916&ssl=1
000052.jpg,https://www.ontariobeerkegs.com/v/vspfiles/photos/bb-2oz-dried-japones-chiles-2.jpg
000053.jpg,https://cdn.shopify.com/s/files/1/0220/1512/products/CP_194_-_Chile_Japones_-_Thin_7b6b942f-8816-4b31-b5e2-cd15b3914644.jpg?v=1540538438
000054.jpg,https://ua.all.biz/img/ua/catalog/16165386.jpeg
000055.jpg,https://upload.wikimedia.org/wikipedia/commons/e/e5/Chilesdearbol.jpg
000056.jpg,https://i1.wp.com/dondayinsma.com/wp-content/uploads/2017/05/IMG_9478.jpg?resize=600%2C279
000057.jpg,https://www.cubanfoodmarket.com/mm5/graphics/00000001/BAD00067-2-L.jpg
000058.jpg,https://www.spicejungle.com/media/catalog/product/cache/2/thumbnail/200x200/9df78eab33525d08d6e5fb8d27136e95/j/a/japones-chiles_2.jpg
000059.jpg,https://sc01.alicdn.com/kf/HTB1N5AZa7fb_uJkHFqDq6xVIVXas/Dried-Whole-Japones-Chile-Peppers-2-3.jpg
000060.jpg,http://tolucafoods.com/wp-content/uploads/2018/06/Chile-Japones-1.png
000061.jpg,https://i5.walmartimages.com/asr/42e988f0-b4cd-41d5-b1cc-010e2ae1aa7d_1.189bba861c7e37d3df5ea5d391b5cd89.jpeg?odnHeight=450&odnWidth=450&odnBg=FFFFFF
000062.jpg,https://www.thespruceeats.com/thmb/Xe1gZwLRHPm2TUBiM2k_DYkar4s=/2000x1303/filters:no_upscale():max_bytes(150000):strip_icc()/GettyImages-148517664-57f95a8e3df78c690f747607.jpg
000063.jpg,https://media.gettyimages.com/photos/dried-japones-peppers-picture-id115705553?s=612x612
000064.jpg,http://ecx.images-amazon.com/images/I/61X104%2BzXjL._SL960_AA960_.jpg
000065.jpg,https://cdn.influenster.com/media/product/image/f68596bc7920badaca61568b8b9bbd67.png.750x750_q85ss0_progressive.jpg
000066.jpg,http://mysupermarket.me/image/cache/catalog/Products/Badia%20Japones%20Red%20Chili%20Pepper%2085.05%20g-750x750.jpg
000067.jpg,https://www.seriouseats.com/2018/03/20180322-chili-crisp-vicky-wasik-2-chilies.jpg
000068.jpg,https://c.shld.net/rpx/i/s/pi/mp/10167500/prod_12336154608?src=http%3A%2F%2Fwww.cubanfoodmarket.com%2Fmm5%2Fgraphics%2F00000001%2FBAD00681-1-L.jpg&d=8c1b3fbb869c598cf704dc85b7205dd01f1e8a9c&hei=245&wid=245&op_sharpen=1&qlt=85
000069.jpg,http://www.bakespace.com/images/large/d910a81eb790a4b45f44590defb306cd.jpeg
000070.jpg,https://static.wixstatic.com/media/7fd079_565d6de8254a42cb90e6ac353d024ac7.jpg/v1/fit/w_500,h_500,q_90/file.jpg
000071.jpg,https://sapnafoods.imgix.net/content/products/_1200x630_crop_center-center_82_none/Japones-Chiles2_lg.jpg
000072.jpg,https://www.thespruceeats.com/thmb/K58m0it67dkP7lQGGT2maQ6Jnl0=/5616x3159/smart/filters:no_upscale()/spicy-vivid-chili-mexican-peppers-157643424-5977b413845b340011966538.jpg
000073.jpg,https://nancysanchez.files.wordpress.com/2009/12/japones.jpg
000074.jpg,http://www.galenagarlic.com/wp-content/uploads/2017/02/Soup_Montana-Classic-Chili.jpg
000075.jpg,https://sc02.alicdn.com/kf/HTB1UX86jNPI8KJjSspfq6ACFXXaH/HACCP-KOSHER-HALAL-FDA2-3-15-000.jpg_350x350.jpg
000076.jpg,https://s3-media3.fl.yelpcdn.com/bphoto/TYYuSUggLGb5VO-Pg8UfSA/o.jpg
000077.jpg,https://previews.agefotostock.com/previewimage/medibigoff/701ef696fa259c4cbe502b9e9688aad1/sfd-144792.jpg
000078.jpg,https://i2.wp.com/www.foodinno.com/wp-content/uploads/497914-1.jpg?fit=2636%2C1744
000079.jpg,https://farm3.staticflickr.com/2008/2160092187_b27065f625_b.jpg
000080.jpg,http://cdn.shopify.com/s/files/1/2214/5723/products/JAPONES_grande.png?v=1501746598
000081.jpg,https://growagoodlife.com/wp-content/uploads/2016/09/preserve-peppers-growagoodlife.jpg
000082.jpg,https://i2.wp.com/realfoodmostlyplants.com/wp-content/uploads/2018/11/BlogPost_PepperRecipeRoundup_26.jpg?resize=610%2C800&ssl=1
000083.jpg,https://media-cdn.tripadvisor.com/media/photo-s/17/15/42/a4/who-knew-a-carrot-and.jpg
000084.jpg,http://i1260.photobucket.com/albums/ii580/stc3248/P1010851.jpg
000085.jpg,https://www.glueandglitter.com/wp-content/uploads/2011/07/dried-japones-pepper.jpg
000086.jpg,https://www.piedmontfarmandgarden.com/v/vspfiles/photos/PPP107-3.jpg
000087.jpg,https://s23991.pcdn.co/wp-content/uploads/2019/04/sichuan-chile-oil.jpg
000088.jpg,https://i.redd.it/zpjv9lxke8c21.jpg
000089.jpg,https://images-na.ssl-images-amazon.com/images/I/41IrdfFDRGL._SX355SX355_SY240_CR,0,0,355,240_PIbundle-2,TopRight,0,0_SX355_SY240_CR,0,0,355,240_SH20_.jpg
000090.jpg,http://tolucafoods.com/wp-content/uploads/2018/06/Chile-Guajillo-1.png
000091.jpg,http://www.chilepeppersrecipes.com/peppers/pepper_images/yats-dark.jpg
000092.jpg,http://i925.photobucket.com/albums/ad100/sweetandspicymonkey/Sweet%20and%20Spicy%20Monkey/pickerimage198_zpsd3db46a5.jpg
000093.jpg,https://elchinolatinococina.files.wordpress.com/2015/02/pm-img_5499.jpg
000094.jpg,http://i925.photobucket.com/albums/ad100/sweetandspicymonkey/Sweet%20and%20Spicy%20Monkey/pickerimage205_zpsb53fa8a2.jpg
000095.jpg,http://eldeloschiles.com/wp-content/uploads/Chile-Japon%C3%A9s.jpg
000096.jpg,http://georgepeppard.me/wp-content/uploads/2018/09/japones-chiles-pepper-suppliers-and-manufacturers-at-dried-recipes.jpg
000097.jpg,https://upload.wikimedia.org/wikipedia/commons/8/8e/Chile_pequin_fruit_and_flower_closeup.jpg
000098.jpg,https://www.thechileguy.com/wp-content/blogs.dir/17/files/2016/03/De-Arbol-whole-5-300x300.jpg
000099.jpg,https://www.outofmex.com/wp-content/uploads/2015/02/Japones-Pods.jpg
000100.jpg,https://www.savoryspiceshop.com/assets/ckfinder/userfiles/files/ChileDeArbol-RGB1-600.jpg
000101.jpg,https://www.picclickimg.com/d/l400/pict/143181937778_/Grown-Organically-Dried-Chile-Japones-Whole-Peppers-Mexican.jpg
000102.jpg,https://c8.alamy.com/comp/A76PB9/2-two-orange-japones-chilli-on-white-background-A76PB9.jpg
000103.jpg,https://lolascocina.files.wordpress.com/2014/01/spicy-red-salsa-800x600.jpg?w=584
000104.jpg,http://huahespice.com/Uploads/image/20180908/20180908021138_36825.jpg
000105.jpg,http://penderys.com/pub/media/catalog/product/cache/fa1c797dc73bed0459232d1404671b73/h/t/httpswww.penderys.commedia00137.jpg
000106.jpg,http://www.ecoseeds.com/PEPPER21.JPG
000107.jpg,https://st.hzcdn.com/fimgs/058210b004caf4b9_7068-w500-h375-b0-p0--.jpg
000108.jpg,https://ronda14.com/wp-content/uploads/2017/05/producto-peru-Restaurante-fusion-peruano-japones-Ronda14-Madrid-y-Asturias-850x850.jpg
000109.jpg,http://huahespice.com/Uploads/5b932df15f9a4.jpg
000110.jpg,https://badiaspices.com/wp-content/uploads/2016/12/033844006402-300x300.jpg
000111.jpg,https://www.thespruceeats.com/thmb/wgeqlarcT3PWCsObkiYbkxB7ViQ=/2000x1500/filters:no_upscale():max_bytes(150000):strip_icc()/GettyImages-550090083-57f959e93df78c690f7475c9.jpg
000112.jpg,https://www.savoryspiceshop.com/assets/ckfinder/userfiles/files/ChileGhostWhole-RGB2-600.jpg
000113.jpg,https://images.bonanzastatic.com/afu/images/6936/a152/1c68_8362147076/00067_5_thumb200.png
000114.jpg,https://www.pepperscale.com/wp-content/uploads/2017/12/inca-red-drop-pepper-768x576.jpg
000115.jpg,https://i0.wp.com/donjuanchiles.com/wp-content/uploads/2018/08/03-14-19_Japones_Retouched_v1.jpg?resize=400%2C400&ssl=1
000116.jpg,https://img.bidorbuy.co.za/image/upload/user_images/957/1893957/1893957_120515155835_SSVeg.jpg
000117.jpg,https://cdn.shopify.com/s/files/1/1186/5558/products/IMG_2741_1024x1024.JPG?v=1527559299
000118.jpg,https://www.seedman.com/image/jf645.jpg
000119.jpg,https://www.bargainw.com/assets/Image/Product/detailsbig/DeSilvaWhleJapansChiliPods-682254.jpg
000120.jpg,https://media-cdn.tripadvisor.com/media/photo-s/17/e9/44/9c/ayami-restaurante-japones.jpg
000121.jpg,https://previews.123rf.com/images/cbucur/cbucur1212/cbucur121200001/16800036-pepper-selecci%C3%B3n-en-japon%C3%A9s-cucharas-de-cer%C3%A1mica.jpg
000122.jpg,http://www.ecoseeds.com/PEPPER14.JPG
000123.jpg,https://sc01.alicdn.com/kf/HTB1Rh_WLXXXXXaxXFXXq6xXFXXX7/Chile-Japones.jpg_350x350.jpg
000124.jpg,https://cdn.shopify.com/s/files/1/0188/0032/products/brother-bru-brus-very-hot-sauce-habanero-pepper-heat-level-07-shots-japones-peppers-chilly-chiles-largest-selection-of-in-canada-condiment-sauces-flavor-sweet_588.jpg
000125.jpg,https://d2lnr5mha7bycj.cloudfront.net/product-image/file/large_718b62b1-90f5-4268-81a4-d60d7cbff89f.jpg
000126.jpg,https://static1.squarespace.com/static/5972b855a5790aef87d4239b/599b404bd2b8571e5c87ac06/59a6fdd3cd39c3ebb6aa262f/1505504058066/?format=750w
000127.jpg,https://nanlevin.files.wordpress.com/2013/08/san-clemente-8-3a-2013-004.jpg
000128.jpg,https://www.cayennediane.com/wp-content/uploads/2014/06/Aci-Sivri-Pepper-300x300.jpg
000129.jpg,http://www.greenplatebistro.com/wp-content/uploads/2018/12/Szechuan-Pepper.jpg
000130.jpg,https://pbs.twimg.com/media/DNjJh1lUMAEuczX.jpg:large
000131.jpg,https://www.noroeste.com.mx/files/Publicacion/1132931/Foto/note_picture/pimiento_engorda-224748.jpg
000132.jpg,https://spicetrekkers.com//upload/products/sansho.jpg
000133.jpg,https://shop.greatfermentations.com/images/large/2442_1.jpg
000134.jpg,https://static.wixstatic.com/media/d45f52_a798b138fedc40b5a078e128146b2f3b~mv2_d_4672_2628_s_4_2.jpg/v1/fill/w_498,h_280,al_c,q_90/file.jpg
000135.jpg,https://static.wixstatic.com/media/105fba_cf7c81bed574485eae531152c2ccf52a.jpg/v1/fit/w_498,h_373,q_90/file.jpg
000136.jpg,http://img.21food.com/20110609/product/1307119647082.jpg
000137.jpg,https://theancientolive.com/wp-content/uploads/2017/06/classic-chili__62003.1473189970.980.500.jpg
000138.jpg,https://patijinich.com/wp-content/uploads/2009/11/Chile-de-Arbol-thumb-5aa10x342-757-912x622.jpg
000139.jpg,https://sage.blob.core.windows.net/media/5d19c4ccd94d8d8fd4ef662a_upc-00859031003081-glamor-frontpackageglamor-2019-04-15t14-24-46-0ff94e60-4f37-4744-b5cc-522d30e6a5d9.jpg
000140.jpg,https://images.freshop.com/00045255117646/9bf75d3cf651b38687cdbc453882e29b_medium.png
000141.jpg,http://www.ramoshermanos.net/_assets/images/products/secos/hnos-ramos-secos-Chile-Japones.jpg
000142.jpg,http://www.baileyfarmsinc.com/images/products/japones.jpg
000143.jpg,https://i.pinimg.com/originals/95/37/fd/9537fd1362ec364f45f7d95759e46117.jpg
000144.jpg,https://cdn.shopify.com/s/files/1/2141/8647/products/IFnOpBGh_500x500.jpg?v=1565733880
000145.jpg,https://timg.china.cn/3/1_875_50304_800_808.jpg
000146.jpg,https://www.isabeleats.com/wp-content/uploads/2018/09/camarones-a-la-diabla-small-4.jpg
000147.jpg,https://www.innit.com/public/products/images/00042743200057-6DC4HC1Vu5VhJQ-0_s500.jpg
000148.jpg,https://www.cayennediane.com/wp-content/uploads/2016/10/Palestine-TX-Hot-Pepper-Festival-2019.png
000149.jpg,https://c1.staticflickr.com/5/4078/4825109013_f305c9202b_z.jpg
000150.jpg,https://img-s-msn-com.akamaized.net/tenant/amp/entityid/AAlFmhX.img?h=552&w=750&m=6&q=60&u=t&o=f&l=f
000151.jpg,http://nebula.wsimg.com/45ba7fd353fc3058b1607a546d285db2?AccessKeyId=420554B429D4247CBCCB&disposition=0&alloworigin=1
000152.jpg,https://fachadasconbalcon.gq/wp-content/uploads/2018/10/japones-peppers.jpg
000153.jpg,http://1.bp.blogspot.com/_avs60H0CMDw/TK00gTD9fHI/AAAAAAAAAK4/uDjXu7F4OiQ/s1600/P1010422.JPG
000154.jpg,http://3.bp.blogspot.com/-BNVvyJGvfyg/Vjfl_X9zwOI/AAAAAAAAO_A/2lXZ4Md0Pqc/s1600/dried%2Bjapones%2Bchiles%2Bin%2Bsmall%2Bbowl.jpg
000155.jpg,https://forgedmettlefarm.files.wordpress.com/2018/10/img_2066-2.jpg?w=656
000156.jpg,https://elchinolatinococina.files.wordpress.com/2015/02/pm-img_5505.jpg
000157.jpg,https://pinaenlacocina.com/wp-content/uploads/2014/05/100_6527-300x225.jpg
000158.jpg,https://gardenerd.com/wp-content/uploads/2016/06/101chilies.jpg
000159.jpg,https://growagoodlife.com/wp-content/uploads/2016/09/preserve-peppers-freeze.jpg
000160.jpg,https://i5.walmartimages.com/asr/9f2249ca-0699-404a-b818-e9bd088b7900_1.8137446e58bc504cc6ddb8fb8f0af14d.jpeg?odnHeight=450&odnWidth=450&odnBg=FFFFFF
000161.jpg,https://c8.alamy.com/comppt/cbxc35/frutos-de-zanthoxylum-piperitum-japones-pepper-tree-japao-pimenta-sansh-cbxc35.jpg
000162.jpg,http://www.foodsubs.com/Photos/driedchiles-group.jpg
000163.jpg,https://assets.bonappetit.com/photos/58efaae3ab855168bc0ba53f/master/pass/toasted-chile-de-arbol-and-tomatillo-salsa.jpg
000164.jpg,https://images-na.ssl-images-amazon.com/images/I/51TABVK8TQL.jpg
000165.jpg,https://media.brycus.es/c/product/pimentero-japones-pimienta-de-sichuan-sansho-520x520.jpg
000166.jpg,https://img-s-msn-com.akamaized.net/tenant/amp/entityid/AAlF6w5.img?h=552&w=750&m=6&q=60&u=t&o=f&l=f
000167.jpg,https://www.picclickimg.com/d/l400/pict/133104947932_/Japones-Seco-Chili-Peppers-Whole-Dried-Japanese-Chili.jpg
000168.jpg,https://i.ytimg.com/vi/ikdcXqK3pfY/maxresdefault.jpg
000169.jpg,https://www.brandnewvegan.com/wp-content/uploads/2015/12/Red-Chile-Sauce.jpg
000170.jpg,http://3.bp.blogspot.com/-vi527RXjua4/Vjfl_gWVNuI/AAAAAAAAO_Q/CHoneeDyZ68/s1600/dried%2Bjapones%2Bchiles%2Bsimmering%2Bin%2Bwater.jpg
000171.jpg,https://gapa.mx/wp-content/uploads/2017/11/0000_Sasa-877x1024.jpg
000172.jpg,https://www.simplyhealthyfamily.org/wp-content/uploads/2017/05/7_1024x726.jpg
000173.jpg,https://assets.epicurious.com/photos/54b5b5bb2889f660285a7985/16:9/w_2560,c_limit/EP_20140912_boone-1_6x4-lpr.jpg
000174.jpg,https://media.istockphoto.com/photos/dry-japanese-red-pepper-picture-id115765646
000175.jpg,http://www.cultivatetoplate.com/wp-content/uploads/2015/06/cucumber-flower-featured.jpg
000176.jpg,https://pocketchangegourmet.com/wp-content/uploads/2013/04/Chiles-de-arbol.jpg
000177.jpg,https://www.isabeleats.com/wp-content/uploads/2018/09/camarones-a-la-diabla-pinterest1.jpg
000178.jpg,https://media.gettyimages.com/photos/dried-peppers-picture-id86078911?s=612x612
000179.jpg,https://webassets.foodcity.com/getMainImageSquare.php?upc=0003384400681&size=260
000180.jpg,http://huahespice.com/Uploads/5b932b841d296.jpg
000181.jpg,http://cdn.shopify.com/s/files/1/0761/4445/products/SFBC-Peppers_600x.jpg?v=1506704720
000182.jpg,https://images.mentalfloss.com/sites/default/files/styles/insert_main_wide_image/public/iStock_000002401510_Small.jpg
000183.jpg,https://images.bonanzastatic.com/afu/images/6d51/9bf6/57dd_8362113668/00681_5_thumb200.png
000184.jpg,https://untappd.akamaized.net/site/beer_logos_hd/beer-3455339_d4f34_hd.jpeg
000185.jpg,http://nebula.wsimg.com/750e30719c4209acd064cae281693869?AccessKeyId=420554B429D4247CBCCB&disposition=0&alloworigin=1
000186.jpg,http://www.lamexicanaspice.com/products/chiles/images/smalljapones.jpg
000187.jpg,https://www.mexicoinmykitchen.com/wp-content/uploads/2018/09/Chile-de-arbol-salsa-recipe-3.jpg
000188.jpg,http://i1260.photobucket.com/albums/ii580/stc3248/P1010393.jpg
000189.jpg,https://static.wixstatic.com/media/dc3eac_57a5fb436dee435e84e930f4f3f6d6af~mv2.jpg/v1/fill/w_592,h_724,al_c,q_85,usm_0.66_1.00_0.01/dc3eac_57a5fb436dee435e84e930f4f3f6d6af~mv2.webp
000190.jpg,https://http2.mlstatic.com/casa-intuicion-mandoline-slicer-japones-ajustable-5-blade-D_NQ_NP_656394-MLM27966649348_082018-F.jpg
000191.jpg,https://i5.walmartimages.com/asr/c553eb2f-d04c-4471-9378-10fe56ecfbc5_1.a600f2f8e12363338d101939a1b9e988.jpeg?odnHeight=450&odnWidth=450&odnBg=FFFFFF
000192.jpg,http://3.bp.blogspot.com/_CvlpDwgQnhg/TJ7MYadCfcI/AAAAAAAABPA/WuKxQd3iZqM/s1600/IMG_0585.JPG
000193.jpg,http://1.bp.blogspot.com/_n896VWrgUtc/TTNk4pJdx_I/AAAAAAABd1Y/XZvY9FOx6nM/s1600/DSCN7103.JPG
000194.jpg,https://www.seriouseats.com/images/20090930colorfulchiles.jpg
000195.jpg,https://lolascocina.files.wordpress.com/2013/11/cranberry-sauce-with-arbol-chile_small1.jpg?w=584
000196.jpg,https://www.trbimg.com/img-51bb7daa/turbine/la-1412991-fo-0417-culinary-sos-05-rrd-jpg-20130614/600
000197.jpg,https://www.simplyhealthyfamily.org/wp-content/uploads/2017/05/1_Fotor_1024x722.jpg
000198.jpg,https://www.fifteenspatulas.com/wp-content/uploads/2018/03/Romesco-Sauce-Fifteen-Spatulas-3-640x427.jpg
000199.jpg,https://www.thespruceeats.com/thmb/yKML-bqoTUIuICxfuLdQPBwqakA=/1500x1240/filters:fill(auto,1)/GettyImages-1141134933-fcc8ca31c1604de9ae721c4723a5be9c.jpg
000200.jpg,http://static1.squarespace.com/static/5b3b82adaa49a1dd95a884be/5b5f0574575d1fa8d65c0fef/5bd76d63e79c7004feaa9951/1551565797750/sample+bottles.jpg?format=1500w
000201.jpg,http://4.bp.blogspot.com/_OPKpPIV_46E/SgpvvxkgPII/AAAAAAAAGII/zwmghWP7Jd8/s320/May+11+%28Mon%29+--+May+12+%28Tues%29+022.jpg
000202.jpg,https://gourmetspice.com/wp-content/uploads/2016/11/Japones-Chile-El-Molcajete-Brand-0-2-250x250.jpg
000203.jpg,https://pbs.twimg.com/media/DmUu5UTX0AE8bWA.jpg
000204.jpg,https://www.worldofchillies.com/chilligallery/chefschilligallery/files/imgThumb_150.jpg
000205.jpg,https://c.shld.net/rpx/i/s/pi/mp/10140351/prod_9469742319?src=http%3A%2F%2Fwww.bangallawebservices.com%2Fimages%2Fm-sku05777.jpg&d=dc3241d337f6e543f6a6b73acb596e136effa0c4&?hei=64&wid=64&qlt=50
000206.jpg,http://www.latinofoodie.com/pages/wp-content/uploads/2018/08/Braised-Oxtail-in-Guajillo-Sauce-2-LatinoFoodie.jpg
000207.jpg,https://stripedspatula.com/wp-content/uploads/2018/01/homemade-chili-paste-4-680x952.jpg
000208.jpg,http://www.ecoseeds.com/pepper13.JPG
000209.jpg,http://latinosmarket.ca/media/catalog/product/cache/1/small_image/300x/17f82f742ffe127f42dca9de82fb58b1/G/M/GMX241---chile-japones-orale.jpg
000210.jpg,https://bmexdi064h-flywheel.netdna-ssl.com/wp-content/uploads/2016/12/Enchilada-Sauce-foodiecrush.com-001.jpg
000211.jpg,https://images-fe.ssl-images-amazon.com/images/I/612lG2QO6TL.jpg
000212.jpg,https://www.specialtyfood.com/media/multi_image_uploader/source/INDIA_TREE_20406_Chile_Thai_Caravan_Media.jpg
000213.jpg,https://ae01.alicdn.com/kf/HTB1zXQKMXXXXXX5aXXXq6xXFXXXU/Estilo-japon-s-de-madeira-Pepper-Pot-tempero-com-colher-tampa-condimento-sal-leo-criativo-Container.jpg_640x640.jpg
000214.jpg,https://scontent-lax3-2.cdninstagram.com/vp/cb9aaa655905a0716eff6d6326225b80/5DFFAF3C/t51.2885-15/e35/s1080x1080/67404319_187463568927886_1284638703420215279_n.jpg?_nc_ht=scontent-lax3-2.cdninstagram.com
000215.jpg,https://acento.com.do/wp-content/uploads/p1-w2-robot-z-20140606.jpg
000216.jpg,https://cdn.colombia.com/sdi/2015/09/29/d9b924a0e9ad485c9169cbb4d677e44b.jpg
000217.jpg,https://previews.123rf.com/images/cokemomo/cokemomo1606/cokemomo160600041/58489918-japanese-fish-dish-simmered-ayu-sweetfish-with-japanese-pepper.jpg
000218.jpg,https://www.artistshot.com/assets-3/images/admin/product_design/3797183/japones-love-simbolo-para-amor-baby-bibs.jpg
000219.jpg,http://images.squarespace-cdn.com/content/v1/5478a4cde4b0f8c456fd655f/1536701784684-UVIZ0WMWTPGD68MKLYXL/ke17ZwdGBToddI8pDm48kJVInPLdRafTv_XBnQul8bUUqsxRUqqbr1mOJYKfIPR7LoDQ9mXPOjoJoqy81S2I8N_N4V1vUb5AoIIIbLZhVYxCRW4BPu10St3TBAUQYVKcdKaFUv8QnuTMMkpSWaJY0tPZQgbRgYjLrSyhtKnR6DbG_f_y-XhufcFbeZyRIUVB/Curio_Spice_Smoke_Grill_2.jpg
000220.jpg,https://www.lapalmafoods.net/253-home_default/japanese-chili-pod.jpg
000221.jpg,https://img.bidorbuy.co.za/image/upload/user_images/957/1893957/1893957_120515171709_SS16.jpg
000222.jpg,https://images.freshop.com/00044989000927/87bcf5345f9c4e78a1cb78096c5add18_medium.png
000223.jpg,http://img2.rtve.es/i/?w=1600&i=1469096928088.jpg
000224.jpg,https://i1.wp.com/kusuyama.jp/wp-content/uploads/goldfish-2-2.jpg?resize=600%2C399
000225.jpg,https://farm8.static.flickr.com/7893/32182857677_7b7a3ef0b9_b.jpg
000226.jpg,https://www.republica.com/wp-content/uploads/2015/09/pepper.jpg
000227.jpg,https://i1.wp.com/www.thespiceagent.com/wp-content/uploads/2018/09/20180831_153525.jpg?resize=300%2C375&ssl=1
000228.jpg,https://cdn.softbank.jp/en/mobile/set/data/static/robot/img/shared/img-mainvisual-pepper.jpg?20180726
000229.jpg,https://www.sanasana.com/media/catalog/product/cache/1/image/290x/9df78eab33525d08d6e5fb8d27136e95/0/0/00044989012937.1/sanasana-el-guapo-chili-pepper,-japanese-8-oz-(pack-of-12)-30.jpg
000230.jpg,https://static01.diariodenavarra.es/uploads/imagenes/bajacalidad/2016/01/28/_pepper_4a8fddc7.jpg?08eded7f27df8981fca0211b7d7c1ef3
000231.jpg,https://mk0mexicanfoodjovj3d.kinstacdn.com/wp-content/uploads/2014/06/Cleaned-Guajillo-Chile-Peppers.jpg
000232.jpg,https://sc01.alicdn.com/kf/HTB1fmAvKVXXXXcbXFXXq6xXFXXX0/Hot-Chili-Pepper-Rice-Crackers-Japanese-Candy.jpg_350x350.jpg
000233.jpg,https://www.dollaritem.com/images/822358.jpg
000234.jpg,https://stripedspatula.com/wp-content/uploads/2018/01/homemade-chili-paste-3-680x952.jpg
000235.jpg,https://www.asiamarket.ie/pub/media/weltpixel/owlcarouselslider/images/f/u/full-slide-hot-spicy.jpg
000236.jpg,http://ecx.images-amazon.com/images/I/516TF1Ee78L._SL960_AA960_.jpg
000237.jpg,https://i.etsystatic.com/12048674/r/il/25ad0a/1775936712/il_570xN.1775936712_o8n4.jpg
000238.jpg,https://cdn.domestika.org/c_fill,dpr_1.0,f_auto,h_1200,q_auto,w_1200/v1452209219/project-covers/000/232/114/232114-original-mock_up_card.jpg?1452209219
000239.jpg,http://hablasmart.movistar.com.pe/wp-content/uploads/2015/12/pepper-el-robot-japones-dara-las-indicaciones-de-las-estaciones-de-tren-francesas.jpg
000240.jpg,https://as2.ftcdn.net/jpg/02/09/42/47/500_F_209424743_Y29lyF4P9hy8GF4qB2t5noGtaJQzmtrA.jpg
000241.jpg,https://untappd.akamaized.net/photos/2018_03_03/c9fa859997bc0ee13dc23fbfc4e6a54b_320x320.jpeg
000242.jpg,https://www.eldiariodecoahuila.com.mx/u/fotografias/m/2015/11/18/f800x450-407288_458734_31.jpg
000243.jpg,https://www.innit.com/public/products/images/00074734178687-PVeSCy1UZFG7JA-0_s300.jpg
000244.jpg,https://img.webmd.com/dtmcms/live/webmd/consumer_assets/site_images/articles/health_tools/health_benefits_of_hot_peppers_slideshow/1800ss_thinkstock_rf_person_cutting_pepper.jpg?resize=650px:*
000245.jpg,https://www.worldspice.com/uploads/photo/image/73/double_sized_aji_mirasol.jpg
000246.jpg,https://s3-media2.fl.yelpcdn.com/bphoto/GELMabfOSiHji-iO1tIRfg/ls.jpg
000247.jpg,https://media-cdn.tripadvisor.com/media/photo-s/12/9e/da/59/teppan-de-camarao.jpg
000248.jpg,https://www.ocregister.com/wp-content/uploads/2017/10/1102_fea_ocr-l-foshort3.jpg?w=620
000249.jpg,https://media.minutouno.com/adjuntos/150/imagenes/023/816/0023816205.jpg
000250.jpg,https://image.shutterstock.com/image-photo/grilled-mackerel-vegetables-mediterranean-style-260nw-363783230.jpg
000251.jpg,https://ae01.alicdn.com/kf/HTB18gXFX.jrK1RkHFNRq6ySvpXaB/100pcs-Fresh-Japanese-Ornamental-Rainbow-Hybrid-Hot-Pepper-Bonsai-DIY-Home-Garden-Vegetable-Plant-Bonsai-Chili.jpg
000252.jpg,https://upload.wikimedia.org/wikipedia/commons/thumb/1/16/Kkwari-gochu.jpg/1200px-Kkwari-gochu.jpg
000253.jpg,http://www.tradewindsfruit.com/content/images/jimmy_nardello_pepper.jpg
000254.jpg,https://i2.wp.com/ae01.alicdn.com/kf/HTB16kGDXUWF3KVjSZPhq6xclXXaB/Nuevo-Dr-Pepper-Drink-Vintage-japon%C3%A9s-el-logotipo-cl%C3%A1sico-para-hombre-Camiseta.jpg_640x640.jpg
000255.jpg,https://www.seedman.com/image/pep389.jpg
000256.jpg,https://ichef.bbci.co.uk/news/624/cpsprodpb/111F3/production/_83713107_pepper2.gif
000257.jpg,http://www.japanesesushifood.com/photo/pl18305777-japanese_hot_sambal_chilli_sauce_super_hot_spicy_red_chili_pepper_paste.jpg
000258.jpg,https://www.justonecookbook.com/wp-content/uploads/2014/08/Sansho.jpg
000259.jpg,https://media-cdn.tripadvisor.com/media/photo-s/14/12/c5/d6/caption.jpg
000260.jpg,https://media.istockphoto.com/photos/japanese-green-pepper-picture-id840182006
000261.jpg,https://66.media.tumblr.com/afaa77fdad9f1f6b3b672e04018da8f9/tumblr_p6ve9iJczu1ugx6yao1_400.jpg
000262.jpg,http://artfrontgallery.com/artists/upload/85f3babc2e1d96ab92551ed87bbe0f5bb4bb76f1.jpg
000263.jpg,https://previews.123rf.com/images/westhimal/westhimal1305/westhimal130500282/19978115-shishito-pepper-capsicum-annuum-japanese-finger-long-pepper-turning-from-green-to-red-may-be-panfrie.jpg
000264.jpg,https://www.seriouseats.com/images/2014/05/20140520-tsukemono-tsukemono.jpg
000265.jpg,https://d3hg7snzn13jf0.cloudfront.net/files/tokushu/323/323--7fa8c432dbc845f62b9e58abb4a2259c.jpg
000266.jpg,https://foodsofnations.com/wp-content/uploads/japanese_7spice_01.jpg
000267.jpg,https://scx1.b-cdn.net/csz/news/800/2016/asimomeetspe.jpg
000268.jpg,http://i.imgur.com/GAqY3do.jpg
000269.jpg,https://t18.pimg.jp/045/103/318/1/45103318.jpg
000270.jpg,https://www.spiceography.com/wp-content/uploads/2017/04/Shichimi-Togarashi-Substitute-768x514.jpeg
000271.jpg,https://slism.com/calorie/foodImages/117066.jpg
000272.jpg,https://c8.alamy.com/comp/FJ56PP/sichuan-pepper-szetchwan-pepper-anise-pepper-sprice-pepper-chinese-FJ56PP.jpg
000273.jpg,https://urbanplatter.in/wp-content/uploads/2019/03/9491-02.jpg
000274.jpg,https://alchetron.com/cdn/zanthoxylum-piperitum-fa0ec612-b62e-475f-8ce5-5f8ce039888-resize-750.jpeg
000275.jpg,https://calphotos.berkeley.edu/imgs/512x768/0000_0000/0618/0662.jpeg
000276.jpg,http://2015.thewonder500.com/images/421_01.jpg
000277.jpg,https://upload.wikimedia.org/wikipedia/commons/thumb/2/24/Piper_kadsura_%28Montage_s2%29.jpg/1200px-Piper_kadsura_%28Montage_s2%29.jpg
000278.jpg,https://res.cloudinary.com/teepublic/image/private/s--P5_aXQN6--/t_Preview/b_rgb:191919,c_limit,f_jpg,h_630,q_90,w_630/v1565341466/production/designs/5556697_0.jpg
000279.jpg,https://asassyspoon.com/wp-content/uploads/roasted-japanese-sweet-potatoes-charred-scalliions-creme-fraiche-2.jpg
000280.jpg,https://cdn0.rubylane.com/_pod/item/1814613/Img94310/Japanese-Sterling-Silver-Salt-Pepper-Hanetsuki-pic-1A-2048%3A10.10-13-f.jpg
000281.jpg,http://www.foodsubs.com/Photos/szechuanpeppercorns6.jpg
000282.jpg,https://shop.r10s.jp/echigoyonezo/cabinet/esf/dy/s7/sansyou40-a.jpg
000283.jpg,https://www.onsseeds.com/files/2882/products/10389312/zanthoxylumpiperitum.jpg
000284.jpg,https://healthysoshoku.com/wp-content/uploads/2016/08/CIMG0031-640x480.jpg
000285.jpg,https://sg-test-11.slatic.net/p/98084aaab16fcde31ad9988f83b80d16.jpg
000286.jpg,https://img.prtimes.com/2018/01/1516063866_origin.jpg
000287.jpg,https://img.plantis.info/wp-content/uploads/2015/01/Japanese-Pricklyash.jpg
000288.jpg,https://chefshop.com/GetImage.ashx?Path=%7E%2FAssets%2FProductImages%2FOrganic-Sprinkling-Sancho-Pepper-Japanese-Furikake.jpg&maintainAspectRatio=true&maxHeight=480&maxWidth=480
000289.jpg,https://www.maxpixel.net/static/photo/1x/Fukushima-Natural-Japan-Green-Countryside-Pepper-4517029.jpg
000290.jpg,https://i5.walmartimages.ca/images/Large/020/403/999999-74880020403.jpg
000291.jpg,https://media.gettyimages.com/photos/japanese-pepper-picture-id557044305?s=612x612
000292.jpg,https://www.takaski.com/wp-content/uploads/2015/09/HOTEI-Canned-Yakitori-Garlic-Pepper-with-Japanese-Chicken-Made-in-Japan.jpg
000293.jpg,https://live.staticflickr.com/5725/20381658728_633ff3496f_b.jpg
000294.jpg,https://i1.wp.com/beyondherkitchen.com/wp-content/uploads/2015/05/Yerma_Sichuan_pepper_1613.jpg?resize=720%2C480
000295.jpg,http://www.yayoi-ojako.co.jp/sp/english/images/ojako/img01.jpg
000296.jpg,https://www.gewuerze-orlandosidee.de/contents/media/l_shishimi-tougaraschi-japanische-gewuerzmischung-orlandosidee_.jpg
000297.jpg,https://cdn.japantimes.2xx.jp/wp-content/uploads/2017/08/b-pepper-z-20170817-870x489.png
000298.jpg,https://i2.wp.com/tarasmulticulturaltable.com/wp-content/uploads/2017/08/Shishito-Tempura-Japanese-Fried-Shishito-Peppers.jpg?resize=346%2C1024&ssl=1
000299.jpg,https://cdn.britannica.com/20/120820-004-31C84A73/Japanese-pepper.jpg
000300.jpg,http://impexco.org/wp-content/uploads/2012/11/Sansho-Powder.jpg
000301.jpg,https://i0.wp.com/foodiegardener.com/wp-content/uploads/2014/08/Mild-shishito-peppers-japanese-foodie-gardener-351x625.jpg?resize=351%2C625
000302.jpg,http://cdn.shopify.com/s/files/1/0111/1729/7722/products/wooden-japanese-salt-pepper.jpg?v=1534330513
000303.jpg,https://image.shutterstock.com/image-photo/fruit-red-japanese-pepper-260nw-1498432184.jpg
000304.jpg,https://i.dailymail.co.uk/i/pix/2015/11/30/19/2EEFC47C00000578-3339956-image-m-2_1448910711132.jpg
000305.jpg,http://www.japaneseingredients.com/img/a1600_000016.jpg
000306.jpg,https://static.ffx.io/images/$zoom_1%2C$multiply_1%2C$ratio_1.777778%2C$width_2000%2C$x_0%2C$y_158/t_crop_custom/w_375/q_86%2Cf_auto/8490e2ac6a7d28b6540a6ad8d23677aedd68a0f0
000307.jpg,https://www.ubuy.com.ph/productimg/?image=aHR0cHM6Ly9pbWFnZXMtbmEuc3NsLWltYWdlcy1hbWF6b24uY29tL2ltYWdlcy9JLzMxLXVBM1Bra2RMLl9TUzQwMF8uanBn.jpg
000308.jpg,https://cdn.vox-cdn.com/thumbor/F7slqWANMnOM-9BkvptegqH8gRY=/0x0:1616x1080/1200x0/filters:focal(0x0:1616x1080):no_upscale()/cdn.vox-cdn.com/uploads/chorus_asset/file/15977546/Angus_Sirloin_Steak.JPG.jpg
000309.jpg,https://www.bigplantnursery.co.uk/Resources/uploads/670/BPZ%20-%201.jpg
000310.jpg,https://d2imri64gxn369.cloudfront.net/media/catalog/product/cache/1/image/420x/17f82f742ffe127f42dca9de82fb58b1/d/s/dsc07015.jpg
000311.jpg,https://www.zangyo-ninja.com/wp-content/uploads/Japanese-pepper-85849.jpg
000312.jpg,https://cdni.rt.com/files/news/33/63/70/00/pepper.si.jpg
000313.jpg,https://cdn8.dissolve.com/p/D1062_55_412/D1062_55_412_1200.jpg
000314.jpg,https://1.bp.blogspot.com/-4-iIUPlnfMc/WWqqALnb1SI/AAAAAAAAbBo/j1FvIHdvlAM4Mov52zg1j4JgNUBuID5EgCEwYBhgL/s1600/IMG_0673.JPG
000315.jpg,http://ae01.alicdn.com/kf/HTB1cKxMX6nuK1RkSmFPq6AuzFXaw.jpg_q50.jpg
000316.jpg,https://www.sbfoods-worldwide.com/spices/sansho/images/index-03.jpg
000317.jpg,https://st2.depositphotos.com/1354142/11365/i/950/depositphotos_113658216-stock-photo-simmered-ayu-sweetfish-with-japanese.jpg
000318.jpg,https://aussiebonvivant.files.wordpress.com/2015/04/lobster-simmered-w-japanese-pepper-tree-leaf-taro-japanese-mustard-spinach.jpg
000319.jpg,http://media.got-bonsai.co.uk/media/catalog/product/cache/1/image/700x600/9df78eab33525d08d6e5fb8d27136e95/p/e/pepperb1826.jpg
000320.jpg,https://previews.agefotostock.com/previewimage/medibigoff/95f189bc583bd56c9040c1a3854ab951/rdc-ad-224671.jpg
000321.jpg,https://thumbs.dreamstime.com/z/japanese-green-pepper-tougarashi-fresh-white-background-108585489.jpg
000322.jpg,http://www.fiestascafe.com/wp-content/uploads/2014/05/30210_grilled_shishito_peppers.jpg
000323.jpg,https://i.ytimg.com/vi/-TwVB6DeQeQ/maxresdefault.jpg
000324.jpg,https://asobulog.weebly.com/uploads/1/8/0/7/18071315/6986284_orig.jpg
000325.jpg,https://resources.matcha-jp.com/archive_files/jp/2016/09/sansho20160906b.jpg
000326.jpg,https://i.cbc.ca/1.2665857.1401974265!/cpImage/httpImage/image.jpg_gen/derivatives/original_780/japan-emotional-robot.jpg
000327.jpg,https://c8.alamy.com/comp/BCXB9E/japanese-hot-claw-chili-pepper-BCXB9E.jpg
000328.jpg,http://www.city.nikko.lg.jp/hisho/gyousei/shisei/nikko_brand/images/nikkopremium.jpg
000329.jpg,https://jonesinfortaste.com/wp-content/uploads/2018/10/Japanese-Style-Pepper-Steak-FACEBOOK-2.jpg
000330.jpg,https://ab976f528c498801423d-2376439231beb5d718e8f49fe25fed31.ssl.cf1.rackcdn.com/uploads/tms_image/image/5632/art_show_resize_format_003dfull
000331.jpg,https://sociorocketnewsen.files.wordpress.com/2015/07/diet-dr-pepper-top.png?w=640
000332.jpg,https://previews.123rf.com/images/likelike/likelike1406/likelike140600014/28931595-mountain-japanese-pepper-in-forest-of-early-summer.jpg
000333.jpg,https://thumbor.thedailymeal.com/Lq6AeltOcA0joxHzxBCaG3zlD6Y=/870x565/https://www.thedailymeal.com/sites/default/files/story/greenpepperinsideout.jpg
000334.jpg,https://t11.pimg.jp/043/921/601/1/43921601.jpg
000335.jpg,https://image.shutterstock.com/display_pic_with_logo/4255060/543636574/stock-photo-fresh-green-japanese-pepper-sansho-543636574.jpg
000336.jpg,https://images-na.ssl-images-amazon.com/images/I/41QRkNh-DBL.jpg
000337.jpg,https://www.mindenpictures.com/cache/pcache2/00483669.jpg
000338.jpg,https://cdn.shopify.com/s/files/1/0202/8734/products/M-003-1AY2.progressive.jpg?v=1549505934
000339.jpg,https://static.inaturalist.org/photos/502579/original.jpg?1545857417
000340.jpg,https://www.nanuko.de/WebRoot/Store20/Shops/79558993/5B80/0C48/5754/0AF5/2F7D/0A0C/6D04/ADC9/Daruma-Kakinotane-Schwarzer-Pfeffer-Reisgebaeck-japanischer-Art-60g_ml.jpg
000341.jpg,https://s3-ap-southeast-1.amazonaws.com/www8.fairprice.com.sg/fpol/media/images/product/L/12555548_BL1.jpg
000342.jpg,http://www.imgur.com/rf46F.jpg
000343.jpg,https://ab976f528c498801423d-2376439231beb5d718e8f49fe25fed31.ssl.cf1.rackcdn.com/uploads/tms_image/image/5627/art_show_resize_format_003dfull
000344.jpg,https://cdn0.rubylane.com/_pod/item/1356998/1239/Salt-Pepper-Shakers-Bull-Cow-Mid-full-1A-700%3A10.10-b3ffcd47-r-ffffff-99abbc.png
000345.jpg,https://calphotos.berkeley.edu/imgs/512x768/0000_0000/0618/0659.jpeg
000346.jpg,https://sc02.alicdn.com/kf/HTB1Br45zNSYBuNjSspjq6x73VXag/Hot-red-pepper-flakes-export-to-Japan.jpg_300x300.jpg
000347.jpg,https://media.gettyimages.com/photos/salt-of-the-earth-picture-id548780747?s=612x612
000348.jpg,https://live.staticflickr.com/209/516602322_b6bee75ff8_b.jpg
000349.jpg,https://cdn.shopify.com/s/files/1/0212/1922/files/kinobi_front_1024x_6768303b-7a2a-4a6a-871e-6fcc2a43866f_1024x1024.jpg?v=1548306645
000350.jpg,http://hidasansyo.com/images/slider/slider_en_b.png
000351.jpg,https://s3-media4.fl.yelpcdn.com/bphoto/HWO-sVQgTYJBPECGfU3-Rw/o.jpg
000352.jpg,https://www.picclickimg.com/d/l400/pict/254202933779_/Hardy-Zanthoxylum-piperitum-Japanese-pepper-20-fresh.jpg
000353.jpg,https://cdn11.bigcommerce.com/s-cb3kf/images/stencil/900x1800/products/1243/2072/bourbonsmokedtogarashi_600x600__29127.1508809961.jpg?c=2
000354.jpg,http://yakibabar.com/wp-content/uploads/2019/05/Japanese-Pepper.jpg
000355.jpg,https://icdn2.digitaltrends.com/image/digitaltrends/pepper-the-robot-wave.jpg
000356.jpg,https://qph.fs.quoracdn.net/main-qimg-285e6e0299bdd3d96d3e3acd0b1bcd35.webp
000357.jpg,http://hidasansyo.com/images/slider/slider_en_aa.png?timestamp=1536796800042
000358.jpg,https://image.shutterstock.com/image-photo/little-ayu-japanese-pepperjapanese-fish-600w-668400646.jpg
000359.jpg,https://i.kinja-img.com/gawker-media/image/upload/c_fill,f_auto,fl_progressive,g_center,h_675,pg_1,q_80,w_1200/xl2y6zao2zjbwp4gtdkw.jpg
000360.jpg,https://potagery.files.wordpress.com/2014/11/dsc_0949a.jpg
000361.jpg,https://sep.yimg.com/ay/evergreenseeds/japanese-sweet-pepper-shishito-5.gif
000362.jpg,https://journals.ashs.org/view/journals/hortsci/47/7/full-831fig1.jpg
000363.jpg,https://d3i71xaburhd42.cloudfront.net/73db46d0189d5fbb657087082f613fb8ebc45339/2-Table1-1.png
000364.jpg,https://www.thesun.co.uk/wp-content/uploads/2019/10/Pizza-roulette-2.jpg
000365.jpg,https://i.ebayimg.com/images/g/YBAAAOSw~ShcnJm0/s-l1600.jpg
000366.jpg,http://www.joselitolab.com/thumb.php?n=receta%2FRecetas+Seiji%2FJJP+F0001.jpg&w=700&h=466&x=0&y=0
000367.jpg,https://ryukoch.com/images/basics/renkon-m.jpg
000368.jpg,https://www.essentialingredient.com.au/wp-content/uploads/2018/06/01F7330.jpg
000369.jpg,https://images.japancentre.com/recipes/pics/410/main/photo_photo_yuzu_kosho_chicken.jpg?1469573075
000370.jpg,https://img.plantis.info/wp-content/uploads/2015/01/Zanthoxylum-sp.jpg
000371.jpg,https://whattocooktoday.com/wp-content/uploads/2018/06/shishito-3-400x400.jpg
000372.jpg,https://i2.wp.com/beyondherkitchen.com/wp-content/uploads/2015/05/Yerma_Sichuan_pepper_1633.jpg?resize=720%2C480
000373.jpg,https://foodandwine.ie/uploads/article/2018/4/848/article_5H8A3179.jpg?t=1523012920
000374.jpg,https://i.ytimg.com/vi/IQwrTqQ3ue8/maxresdefault.jpg
000375.jpg,https://www.clubjapan-store.jp/resources/upload/products/50038.jpg
000376.jpg,https://www.takaski.com/wp-content/uploads/2015/11/Shichimi_7.jpg
000377.jpg,https://previews.agefotostock.com/previewimage/medibigoff/6a98e1b329542bd5709f4eed6ede119e/bwi-blw042054.jpg
000378.jpg,http://img.city-cost.com/800x800/8557d085dfa706cfdf743cd6a5a612a4.jpg
000379.jpg,http://www.johnvenaproduce.com/OCM/photogalleries/Shishito%20Peppers%20-%20small.jpg
000380.jpg,https://cdn.shopify.com/s/files/1/1218/6304/products/Yamatsu_Tsujita_yuzu_shichimi_togarashi_-_back.jpg?v=1529984079
000381.jpg,https://www.aizle.co.uk/wp-content/uploads/2016/01/sansho.png
000382.jpg,https://i0.wp.com/www.chilicult.com/wp-content/uploads/2018/05/Sansho-Leaf.jpg
000383.jpg,https://www.healingtomato.com/wp-content/uploads/2015/02/orange-tofu.jpg
000384.jpg,https://thumbs.dreamstime.com/z/japanese-pepper-udon-pork-belly-stripped-udon-soup-base-seaweed-sliced-food-green-spring-onions-based-fried-vegetables-potatoes-91195435.jpg
000385.jpg,https://www.thegreenhead.com/imgs/xl/japanese-halloween-doritos-black-garlic-pepper-chips-xl.jpg
000386.jpg,https://uharvest.ca/shop/images/pepper-shishit-greenhouse.jpg
000387.jpg,https://kawaii.kawaii.at/images/product_images/big_images/red-Bell-pepper-eraser-from-Japan-by-Iwako-160715-1.jpg
000388.jpg,https://i1.rgstatic.net/publication/7523033_Quantitative_Analysis_of_Sanshool_Compounds_in_Japanese_Pepper_Xanthoxylum_piperitum_DC_and_Their_Pungent_Characteristics/links/0912f50a7952b0bc86000000/largepreview.png
000389.jpg,https://image.shutterstock.com/display_pic_with_logo/954436/442388794/stock-photo--fruit-of-ripe-zanthoxylum-piperitum-japanese-pepper-pricklyash-or-sansh-red-in-autumn-has-442388794.jpg
000390.jpg,https://www.hotrodtiki-vintage.com/wp-content/uploads/2019/02/Vintage-Japanese-Wood-Salt-Pepper-Shakers-1.jpg
000391.jpg,https://media.istockphoto.com/photos/japanese-green-pepper-picture-id911187734
000392.jpg,https://shop.r10s.jp/hana-online/cabinet/sonota3/budou-sanshou3.jpg
000393.jpg,https://secure.i.telegraph.co.uk/multimedia/archive/03349/pepper1_3349217b.jpg
000394.jpg,https://s3-ap-southeast-1.amazonaws.com/www8.fairprice.com.sg/fpol/media/images/product/L/12555548_L1.jpg
000395.jpg,https://i5.walmartimages.com/asr/41a5aeae-d949-4731-91cd-f9a1bf752515_1.83b8af67a2306e0e3c86697bf9a56c7a.jpeg?odnHeight=450&odnWidth=450&odnBg=FFFFFF
000396.jpg,https://alexguarnaschelli.com/wp-content/uploads/2017/11/fushimi.jpg
000397.jpg,https://cdn.sbfoods.co.jp/spicesherbs/00025_1_l.jpg
000398.jpg,https://img.prtimes.com/2018/01/1516063868_origin.jpg
000399.jpg,https://media2.fdncms.com/clevescene/imager/u/blog/27549563/2173376609_a23d190fa2_z.jpg?cb=1545159568
000400.jpg,http://2015.thewonder500.com/images/421_02.jpg
000401.jpg,https://i.imgur.com/CldcnMX.jpg
000402.jpg,https://i0.wp.com/cooktokyo.com/wordpress/wp-content/uploads/2019/02/chinpi-1.jpg?resize=324%2C324&ssl=1
000403.jpg,https://peachdish.cdn.prismic.io/peachdish/582cebe6cc3a21341cfa81f6399cf3a6b652b156_eggplant_japanese_01.jpg
000404.jpg,https://gurunavi.com/en/japanfoodie/article/japanese-sauces-and-condiments/img/gn_may_condiments_infographic.jpg
000405.jpg,https://media.dhakatribune.com/uploads/2016/07/Image-1.jpg
000406.jpg,http://merchantimages.daganghalal.com/merchants/SmallImage/15418_Prepared%20SUSHI%20WASABI%20in%20tube-260.jpg
000407.jpg,https://pickledplum.com/wp-content/uploads/2012/04/shishito-tsukune.jpg
000408.jpg,https://www.ethnoplants.com/1846/zanthoxylum-piperitum-japanese-szechuan-pepper-seeds.jpg
000409.jpg,https://flora-toskana.com/7859-tm_thickbox_default/zanthoxylum-beecheyanum-chinese-pepper.jpg
000410.jpg,https://www.saqramart.com/resources/upload/products/thumbnail2/4901330563257.jpg
000411.jpg,https://www.yawataya.co.jp/en/common/img/about/pic_ingredient_07.jpg
000412.jpg,https://upload.wikimedia.org/wikipedia/en/1/1d/Pepper_lunch.JPG
000413.jpg,https://i.etsystatic.com/19957112/d/il/67ddfc/1945436166/il_340x270.1945436166_sbg6.jpg?version=0
000414.jpg,https://i0.wp.com/awaytogarden.com/wp-content/uploads/2010/08/19thC-Japanese-pepper-watercolor.jpg?resize=588%2C581&ssl=1
000415.jpg,https://produits.bienmanger.com/31009-0w345h345_Long_Pepper_From_Ishigaki_Jima_Japan.jpg
000416.jpg,https://i.dailymail.co.uk/i/pix/2016/04/14/17/332EBC0E00000578-0-image-a-13_1460651467064.jpg
000417.jpg,https://media-cdn.tripadvisor.com/media/photo-s/14/12/c5/e3/caption.jpg
000418.jpg,https://cdn.shopify.com/s/files/1/0353/5621/files/sansho-9_large.jpg?v=1538752161
000419.jpg,https://cdn.japantimes.2xx.jp/wp-content/uploads/2014/12/b-softbank-a-20141202-870x609.jpg
000420.jpg,https://image.shutterstock.com/display_pic_with_logo/664216/1113050774/stock-photo-japanese-pepper-zanthoxylum-piperitum-1113050774.jpg
000421.jpg,https://i.ytimg.com/vi/g5Fg5bELttM/maxresdefault.jpg
000422.jpg,https://cdn0.rubylane.com/_pod/item/1356998/6711/Japanese-Shoe-Sandals-Salt-Pepper-Shakers-full-1A-700%3A10.10-45-r-ffffff-99abbc.png
000423.jpg,https://media.istockphoto.com/photos/heap-of-sichuan-japanese-pepper-picture-id533069373?b=1&k=6&m=533069373&s=612x612&h=zjNYbO3Gg164jF660Wmpo1etrRRFDK2pJbkIt5_vUH4=
000424.jpg,https://www.japantravel-centre.com/wp-content/uploads/2016/03/kyoto-shichimi.jpg
000425.jpg,https://sc01.alicdn.com/kf/HTB19XDOd2WG3KVjSZPcq6zkbXXaE/2-3-15000-80000SHU-Japanese-Chili-Pepper.jpg_300x300.jpg
000426.jpg,http://the.honoluluadvertiser.com/dailypix/2003/Feb/12/taste16_b.jpg
000427.jpg,https://lh3.googleusercontent.com/-rqT6pe_LaZ8/TnsqIRmiOvI/AAAAAAAAKCI/P5ceFgAm1CU/s800/S%252526B%252520%2525E7%2525B4%252585%2525E8%2525BE%2525A3%2525E6%2525A4%252592%2525E7%2525B2%252589.jpg
000428.jpg,https://asobulog.weebly.com/uploads/1/8/0/7/18071315/header_images/1495254189.jpg
000429.jpg,https://www.sbfoods-worldwide.com/spices/nanami/images/index-01.jpg
000430.jpg,http://www.foundinjapan.com/uploads/1/8/7/6/18762906/s802494234545051789_p169_i1_w640.jpeg
000431.jpg,https://sociorocketnewsen.files.wordpress.com/2019/10/dominos-pizza-japan-russian-roulette-halloween-spicy-chocolate-japanese-fast-food-photos-2.jpg?w=640&h=530
000432.jpg,https://images.hktv-img.com/images/HKTV/10793/SD4511413616833_main_5166953_20181016114932_01_515.jpg
000433.jpg,https://d1k5w7mbrh6vq5.cloudfront.net/images/cache/18/a8/86/18a886d9beae8e3624761ad8a94390c0.jpg
000434.jpg,https://keyserver.lucidcentral.org/weeds/data/media/Images/schinus_terebinthifolius/schinusterebinthifolius2.jpg
000435.jpg,https://www.justonecookbook.com/wp-content/uploads/2017/12/Yellowtail-Teriyaki-V.jpg
000436.jpg,https://www.recruit-lifestyle.co.jp/uploads/en/sites/2/2017/09/HP1709.png
000437.jpg,https://s3-media2.fl.yelpcdn.com/bphoto/kbJMuJB7_FqCu_Am2mbR4Q/348s.jpg
000438.jpg,https://image.shutterstock.com/image-photo/fruit-ripe-zanthoxylum-piperitum-japanese-600w-399837559.jpg
000439.jpg,https://media.istockphoto.com/photos/bell-pepper-model-from-japanese-clay-picture-id478544594
000440.jpg,http://www.japaneseingredients.com/img/a1200_000018.jpg
000441.jpg,http://www.yayoi-ojako.co.jp/sp/english/images/katei/img01.jpg
000442.jpg,https://live.staticflickr.com/8795/17364881201_3de0f2f8ac_b.jpg
000443.jpg,https://previews.agefotostock.com/previewimage/medibigoff/0632e552c678f28304814a840f7566db/rdc-ad-224668.jpg
000444.jpg,https://static.independent.co.uk/s3fs-public/thumbnails/image/2015/06/22/10/pepperrobot.jpg?w968h681
000445.jpg,https://cdn.shopify.com/s/files/1/1218/6304/products/Yamatsu_Tsujita_sansho_-_back.jpg?v=1529984175
000446.jpg,http://www.hanamusubi.co.jp/dining/images/140201/04.jpg
000447.jpg,https://img-global.cpcdn.com/001_recipes/4927592124645376/751x532cq70/tamagoyaki-japanese-omeletes-for-bentos-green-pepper-and-ham-recipe-main-photo.jpg
000448.jpg,https://st4.depositphotos.com/8153606/20663/i/1600/depositphotos_206631146-stock-photo-japanese-chinese-udon-noodles-chicken.jpg
000449.jpg,https://i0.wp.com/www.lslivewell.com/wp-content/uploads/2018/03/shisito.1000.13.jpg?resize=1000%2C668
000450.jpg,https://c8.alamy.com/comp/KEKM2T/fruit-of-ripe-zanthoxylum-piperitum-japanese-pepper-pricklyash-or-KEKM2T.jpg
000451.jpg,https://media.gettyimages.com/photos/japanese-pepper-picture-id557044257?s=612x612
000452.jpg,https://thumbs.dreamstime.com/b/japanese-pepper-white-plate-49492013.jpg
000453.jpg,https://i.pinimg.com/originals/7d/40/c7/7d40c7fd3259f9cbd6422b022b18bfb5.jpg
000454.jpg,https://cf.shopee.ph/file/682293941891cd2541455dfa86fdea3c
000455.jpg,https://i.etsystatic.com/14176630/r/il/d3c7cc/1651438720/il_570xN.1651438720_284v.jpg
000456.jpg,https://n4v5s9s7.stackpathcdn.com/wp-content/uploads/2019/06/fee434_c6b2665b32264290910cea610ea734f6mv2_d_1800_1200_s_2.jpg
000457.jpg,https://d7hftxdivxxvm.cloudfront.net/?resize_to=fit&width=400&height=300&quality=80&src=https%3A%2F%2Fd32dm0rphc51dk.cloudfront.net%2F3XRQXVXVv3TR-If6GJzbWA%2Flarge.jpg
000458.jpg,https://media-cdn.tripadvisor.com/media/photo-s/14/74/d2/83/salt-and-pepper-blue.jpg
000459.jpg,https://www.gotcan.jp/wp-content/uploads/2019/07/kanroni_3-min.jpg
000460.jpg,https://i.dailymail.co.uk/i/pix/2014/12/04/23A0395E00000578-0-image-a-37_1417669717570.jpg
000461.jpg,https://images.japancentre.com/images/pics/14359/original/12537-tonami-yuzu-citrus-and-pepper-paste.jpg?1548766140
000462.jpg,https://image.shutterstock.com/display_pic_with_logo/954436/1260752839/stock-photo-fruit-of-ripe-zanthoxylum-piperitum-japanese-pepper-pricklyash-or-sansh-red-in-autumn-has-1260752839.jpg
000463.jpg,https://i.ytimg.com/vi/V4h-liZeDbA/maxresdefault.jpg
000464.jpg,https://sc01.alicdn.com/kf/HTB13OsWrbsTMeJjy1zeq6AOCVXa6/919841687/HTB13OsWrbsTMeJjy1zeq6AOCVXa6.jpg
000465.jpg,https://cdn.vox-cdn.com/thumbor/8uuC7eABNVogan4jGJRfNjpBA58=/0x0:1000x1001/1200x800/filters:focal(499x470:659x630)/cdn.vox-cdn.com/uploads/chorus_image/image/65272738/Pepper_Lunch.0.jpg
000466.jpg,https://image.shutterstock.com/display_pic_with_logo/479905/152076650/stock-photo-japanese-pepper-japanese-prickly-ash-152076650.jpg
000467.jpg,https://www.justonecookbook.com/wp-content/uploads/2017/12/Yellowtail-Teriyaki-II.jpg
000468.jpg,https://cdn0.rubylane.com/_pod/item/656453/r10079/Japanese-Silver-Figural-Salt-Pepper-Mustard-pic-1o-2048%3A10.10-54-f.jpg
000469.jpg,https://asobulog.weebly.com/uploads/1/8/0/7/18071315/3476013_orig.jpg
000470.jpg,https://i5.walmartimages.com/asr/d8830aca-fc87-4e6d-a5f6-c5bd3f2614cb_1.5e357fe64b35b1cdeaa6ef816d97b61e.jpeg?odnHeight=450&odnWidth=450&odnBg=FFFFFF
000471.jpg,https://image.shutterstock.com/image-photo/fruit-ripe-zanthoxylum-piperitum-japanese-600w-737938897.jpg
000472.jpg,https://sociorocketnewsen.files.wordpress.com/2019/06/starbucks-japan-sencha-green-tea-frappuccino-teavana-apple-japanese-limited-edition-5.jpg?w=640&h=480
000473.jpg,https://upload.wikimedia.org/wikipedia/commons/thumb/d/d6/Immature_jalapeno_capsicum_annuum_var_annuum.jpeg/1200px-Immature_jalapeno_capsicum_annuum_var_annuum.jpeg
000474.jpg,https://www.takaski.com/wp-content/uploads/2015/09/HOTEI-Canned-Yakitori-Garlic-Pepper-with-Japanese-Chicken-375x375.jpg
000475.jpg,https://www.sbfoods-worldwide.com/products/images/img-89159-01.jpg
000476.jpg,https://i1.wp.com/beyondherkitchen.com/wp-content/uploads/2015/05/Yerma_Sichuan_pepper_0853.jpg?resize=720%2C480
000477.jpg,https://c8.alamy.com/comp/X86P22/szechuanpfefferjapanese-pepperaniseed-pepper-or-chinese-pepperwhite-background-X86P22.jpg
000478.jpg,https://media.istockphoto.com/photos/japanese-bento-lunchbox-stirfried-beef-and-bell-pepper-bento-picture-id1067696088
000479.jpg,https://en.pimg.jp/007/175/927/1/7175927.jpg
000480.jpg,https://shop.r10s.jp/arigataya-n/cabinet/sansai01/sansyou-mi/imgrc0065460028.jpg
000481.jpg,https://thumbs.dreamstime.com/z/simmered-ayu-sweetfish-japanese-pepper-japanese-fish-dish-stewed-its-bones-gets-soft-flavored-73084327.jpg
000482.jpg,https://i.pinimg.com/originals/e0/d9/6b/e0d96b5633cb398a1c6c2526c5abe57f.jpg
000483.jpg,https://st4.depositphotos.com/1160465/26399/i/1600/depositphotos_263993654-stock-photo-wagyu-beef-with-garlicsalt-and.jpg
000484.jpg,https://i.etsystatic.com/5257870/r/il/5dfba7/1438322104/il_570xN.1438322104_hp8f.jpg
000485.jpg,https://i.ytimg.com/vi/5Hxbl93FOlU/maxresdefault.jpg
000486.jpg,https://media-cdn.tripadvisor.com/media/photo-s/08/23/69/e8/nobu-japanese-restaurant.jpg
000487.jpg,https://latebloomershow.files.wordpress.com/2012/10/kk_lb-blog1012-7.jpg
000488.jpg,https://cdn0.rubylane.com/_pod/item/1356998/1706/Japanese-Salt-Pepper-Shakers-Geta-Sandal-full-1A-700%3A10.10-705e926a-r-ffffff-99abbc.png
000489.jpg,https://resources.matcha-jp.com/archive_files/jp/2016/09/yuzukosho20160906a.jpg
000490.jpg,https://www.sbfoods-worldwide.com/spices/sansho/images/index-04.jpg
000491.jpg,https://image.shutterstock.com/image-photo/japanese-pepper-tree-260nw-644547955.jpg
000492.jpg,https://images.japancentre.com/images/pics/18249/original/13702-Spice_Kitchen_UK_Shichimi_Togarashi_Red_Chilli_Pepper_Mix.jpg?1554456283
000493.jpg,https://c1.staticflickr.com/1/103/276943615_42665e92ec_b.jpg
000494.jpg,https://i1.wp.com/beyondherkitchen.com/wp-content/uploads/2015/05/Yerma_Sichuan_pepper_1629.jpg?fit=720%2C480
000495.jpg,https://c8.alamy.com/comp/KEKM2J/fruit-of-ripe-zanthoxylum-piperitum-japanese-pepper-pricklyash-or-KEKM2J.jpg
000496.jpg,https://i.etsystatic.com/15732841/r/il/6a526e/1511935458/il_570xN.1511935458_930d.jpg
000497.jpg,https://cdn.japantimes.2xx.jp/wp-content/uploads/2017/08/b-pepper-a-20170817.png
000498.jpg,https://i.pinimg.com/originals/92/76/08/927608af80e49284cbb147adf0136f12.jpg
000499.jpg,https://resources.matcha-jp.com/archive_files/jp/2014/03/sichimi1.jpg
000500.jpg,https://upload.wikimedia.org/wikipedia/commons/thumb/6/69/BhutJolokia09_Asit.jpg/1200px-BhutJolokia09_Asit.jpg
000501.jpg,https://media.istockphoto.com/photos/bell-pepper-model-from-japanese-clay-picture-id479157140
000502.jpg,https://previews.123rf.com/images/paylessimages/paylessimages1501/paylessimages150103471/47081472-leaves-of-japanese-pepper.jpg
000503.jpg,https://cdn0.rubylane.com/_pod/item/398016/6556/Norcrest-Frog-Salt-Pepper-Shakers-Hand-full-1A-700%3A10.10-d4a45571-f.png
000504.jpg,https://media-cdn.tripadvisor.com/media/photo-s/14/12/c5/e1/caption.jpg
000505.jpg,https://i.ytimg.com/vi/VprTp5os9qE/hqdefault.jpg
000506.jpg,https://i.etsystatic.com/8060513/r/il/381fac/1758058465/il_570xN.1758058465_duo5.jpg
000507.jpg,https://media.gettyimages.com/photos/buds-of-japanese-pepper-dressed-with-miso-served-on-a-bamboo-shoot-picture-id598833424
000508.jpg,https://i.pinimg.com/originals/0b/02/44/0b0244544a75b96d3550bd6636fbb7ed.jpg
000509.jpg,https://images.japancentre.com/images/pics/12853/large/2734-salt-ippeichan-top.jpg?1548764247
000510.jpg,https://image.shutterstock.com/image-photo/freshly-washed-leaves-japanese-pepper-600w-182411474.jpg
000511.jpg,https://c8.alamy.com/comp/KEKM2M/fruit-of-ripe-zanthoxylum-piperitum-japanese-pepper-pricklyash-or-KEKM2M.jpg
000512.jpg,https://cdn0.rubylane.com/_pod/item/155181/RL-04184/Vintage-Japanese-Rooster-Salt-Pepper-Shakers-full-1A-700%3A10.10-398-f.png
000513.jpg,https://i.ytimg.com/vi/1gKTSqf_mD0/hqdefault.jpg
000514.jpg,https://i.pinimg.com/originals/dd/65/05/dd6505c1e0400537c49885ce36f83ba4.jpg
000515.jpg,https://c8.alamy.com/comp/E3RCJ8/green-pepper-flower-E3RCJ8.jpg
000516.jpg,https://media-cdn.tripadvisor.com/media/photo-s/12/7f/1f/eb/rice-crust.jpg
000517.jpg,https://previews.123rf.com/images/cokemomo/cokemomo1412/cokemomo141200065/35004973-young-leaves-of-sansho-japanese-pepper-tree-japanese-prickly-ash-japanese-cuisine-garnish.jpg
000518.jpg,https://www.sbfoods-worldwide.com/spices/yuzu/images/index-02.jpg
000519.jpg,https://media.gettyimages.com/photos/an-assortment-of-dishes-sansho-tsukudani-with-japanese-pepper-kelp-picture-id148606395
000520.jpg,https://whsprd.s3.amazonaws.com/photos/1803/large.jpg?1422548514
000521.jpg,https://i.ytimg.com/vi/VemKPby26gE/maxresdefault.jpg
000522.jpg,https://media-cdn.tripadvisor.com/media/photo-s/00/17/b5/d3/seared-tuna-with-pepper.jpg
000523.jpg,https://media.gettyimages.com/photos/bell-pepper-growing-on-plant-hyogo-prefecture-japan-picture-id119703658
000524.jpg,https://cdn0.rubylane.com/_pod/item/1218810/1130/Vintage-Lemon-Salt-Pepper-Shakers-Japan-full-1A-700%3A10.10-269d7009-f.png
000525.jpg,https://c8.alamy.com/comp/KEKM2P/fruit-of-ripe-zanthoxylum-piperitum-japanese-pepper-pricklyash-or-KEKM2P.jpg
000526.jpg,https://media.istockphoto.com/photos/japanese-chinese-udon-noodles-with-chicken-and-vegetables-bulgarian-picture-id1125755283
000527.jpg,https://www.sbfoods-worldwide.com/spices/nanami/images/index-03.jpg
000528.jpg,https://cdn0.rubylane.com/_pod/item/656453/r11430/Figural-Bucket-Form-Salt-Cellar-Pepper-full-1o-720-221-r-cccccc-6.png
000529.jpg,https://media-cdn.tripadvisor.com/media/photo-s/14/12/c5/dd/caption.jpg
000530.jpg,https://i.ytimg.com/vi/rkjOFnTJfZ4/maxresdefault.jpg
000531.jpg,https://media.gettyimages.com/photos/japanese-pepper-picture-id557044251?s=612x612
000532.jpg,https://i.ytimg.com/vi/z2_cBUxTQQ0/maxresdefault.jpg
000533.jpg,https://cdn0.rubylane.com/_pod/item/1356998/8929/Kelvinx7892s-Whale-Salt-Pepper-Shakers-S-full-1A-700%3A10.10-ebcfd925-r-ffffff-99abbc.png
000534.jpg,https://media-cdn.tripadvisor.com/media/photo-s/0a/7b/bd/23/grill-banana-fish-waygu.jpg
000535.jpg,https://c8.alamy.com/comp/KEKM2K/fruit-of-ripe-zanthoxylum-piperitum-japanese-pepper-pricklyash-or-KEKM2K.jpg
000536.jpg,https://media.gettyimages.com/photos/japanese-pepper-picture-id557044245?s=612x612
000537.jpg,https://i.ytimg.com/vi/Q3-f0DS-mbo/maxresdefault.jpg
000538.jpg,https://media-cdn.tripadvisor.com/media/photo-s/0a/7b/bd/2b/grill-banana-fish-waygu.jpg
000539.jpg,https://images-eu.ssl-images-amazon.com/images/I/51bk8Aa%2B4TL.jpg
000540.jpg,https://live.staticflickr.com/92/214891958_64cd2e9eec_z.jpg
000541.jpg,https://media-cdn.tripadvisor.com/media/photo-s/11/88/76/21/shishito-japanese-green.jpg
000542.jpg,https://media-cdn.tripadvisor.com/media/photo-s/10/a0/f3/aa/salt-pepper-calamari.jpg
000543.jpg,https://images-na.ssl-images-amazon.com/images/I/61rzMZCQioL.jpg
000544.jpg,https://images-na.ssl-images-amazon.com/images/I/512kCYHNFEL._SX466_.jpg
000545.jpg,https://media-cdn.tripadvisor.com/media/photo-s/10/1d/72/9f/black-pepper-tuna-avocado.jpg
000546.jpg,http://www.spicesinc.com/images/product/large/8315.jpg
000547.jpg,https://i.ebayimg.com/images/g/F4YAAOSwFqJWqW6O/s-l300.jpg
000548.jpg,https://www.pepperscale.com/wp-content/uploads/2016/04/Japones-Pepper_1-e1461585980603.jpg
000549.jpg,http://i.ebayimg.com/images/i/261342852191-0-1/s-l1000.jpg
000550.jpg,https://www.spicejungle.com/media/catalog/product/cache/2/image/600x600/9df78eab33525d08d6e5fb8d27136e95/j/a/japones-chiles_2.jpg
000551.jpg,https://images-na.ssl-images-amazon.com/images/I/41zsSgbKN8L._SL160_.jpg
000552.jpg,http://www.chileplanet.eu/schede/pepper/Japones%20Chilies-2.jpg
000553.jpg,http://www.chileplanet.eu/schede/pepper/Japones%20Chilies.jpg
000554.jpg,https://www.spicesinc.com/images/product/large/1936.jpg
000555.jpg,https://www.gourmetfoodworld.com/images/Product/medium/japones-santaka-chile-pepper-1S-1776.jpg
000556.jpg,https://img1.etsystatic.com/135/0/7574460/il_570xN.1014612789_efek.jpg
000557.jpg,http://www.chileplanet.eu/schede/pepper/Japones%20Chilies-.jpg
000558.jpg,https://i.ytimg.com/vi/VndUQnXWknk/maxresdefault.jpg
000559.jpg,http://pics.davesgarden.com/pics/2012/05/15/Online_Lux/ecc8c4.jpg
000560.jpg,https://images-na.ssl-images-amazon.com/images/I/41stEJFpt7L.jpg
000561.jpg,http://cdn3.volusion.com/kceqm.mleru/v/vspfiles/photos/142-2T.jpg
000562.jpg,http://www.prestoimages.net/store30/rd6368/6368_pd1175803_1.jpg
000563.jpg,http://cdn1.bigcommerce.com/server700/5mvrqhbm/products/2219/images/143852/japones-pepper__95382.1475552396.451.395.jpg
000564.jpg,https://woodlandfoods.com/img/WF_Images/E54-diced-japones-chile-pepper-main.jpg
000565.jpg,http://www.chileplanet.eu/schede/pepper/Japones%20Chilies-1.jpg
000566.jpg,https://img1.etsystatic.com/010/0/6906352/il_570xN.408811107_fmi5.jpg
000567.jpg,https://woodlandfoods.com/img/WF_Images/C06-japones-chiles-peppers-main.jpg
000568.jpg,https://www.myspicesage.com/media/catalog/product/cache/1/image/430x430/9df78eab33525d08d6e5fb8d27136e95/j/a/japones_chile_peppers.jpg
000569.jpg,https://i.ebayimg.com/images/g/BqIAAOSwjZJZ~8JA/s-l300.jpg
000570.jpg,http://www.thechileguy.com/wp-content/blogs.dir/17/files/2016/03/Japones-Scan.jpg
000571.jpg,http://2.bp.blogspot.com/-I6n3k6fVgXI/Tn43HypQBAI/AAAAAAAABXc/y8C8dUpIv5M/s1600/Japones-Chiles_lg.jpg
000572.jpg,http://davesgarden.com/guides/pf/thumbnail.php?image=2012/05/15/Online_Lux/ecc8c4.jpg
000573.jpg,http://cdn2.bigcommerce.com/server2000/9d454/products/4897/images/9887/20588p__96640.1299862251.1280.1280.jpg
000574.jpg,https://www.thespiceagent.com/wp-content/uploads/2018/09/20180831_153905.jpg
000575.jpg,http://i.ebayimg.com/images/g/lXcAAMXQgPFRG5gz/s-l300.jpg
000576.jpg,https://pinaenlacocina.com/wp-content/uploads/2014/05/100_6528-225x300.jpg
000577.jpg,https://img.etsystatic.com/il/1f2a1b/483407615/il_570xN.483407615_fea1.jpg
000578.jpg,https://badiaspices.com/wp-content/uploads/2016/12/033844006402.jpg
000579.jpg,https://images-na.ssl-images-amazon.com/images/I/911%2Bjso8ruL._AC_UL115_.jpg
000580.jpg,http://pics.mexgrocer.com/images/9879.jpg
000581.jpg,https://i.pinimg.com/originals/f8/80/d1/f880d1d818f95aeb94601133101e29dd.jpg
000582.jpg,https://images-gmi-pmc.edge-generalmills.com/0d6bf47e-5640-4ba4-a5d4-d319e5e54c1c.jpg
000583.jpg,https://s-media-cache-ak0.pinimg.com/736x/5a/ce/bd/5acebd4c0d82f007cc570fea89678d0b.jpg
000584.jpg,http://i925.photobucket.com/albums/ad100/sweetandspicymonkey/Sweet%20and%20Spicy%20Monkey/pickerimage205_zpsb53fa8a2.jpg
000585.jpg,http://img.21food.com/20110609/product/1307119647082.jpg
000586.jpg,https://c1.staticflickr.com/3/2008/2160092187_b27065f625_b.jpg
000587.jpg,https://i.pinimg.com/originals/8d/32/81/8d32816d56fb4d44ccda3c704668bcbe.jpg
000588.jpg,https://badiaspices.com/wp-content/uploads/2016/12/033844000677.jpg
000589.jpg,http://i925.photobucket.com/albums/ad100/sweetandspicymonkey/Sweet%20and%20Spicy%20Monkey/pickerimage198_zpsd3db46a5.jpg
000590.jpg,http://img.21food.com/20110609/product/1307124520551.jpg
000591.jpg,http://i925.photobucket.com/albums/ad100/sweetandspicymonkey/Sweet%20and%20Spicy%20Monkey/pickerimage204_zpsaaa1b34d.jpg
000592.jpg,http://www.mercado.com.ar/public/imagenes/0000059589.jpg
000593.jpg,https://www.worldspice.com/uploads/photo/image/142/chile_japones_2.jpg
000594.jpg,https://nancysanchez.files.wordpress.com/2009/12/japones.jpg
000595.jpg,https://img0.etsystatic.com/020/0/6948324/il_570xN.483368342_41xy.jpg
000596.jpg,http://www.vernonsales.com/images/items/10208.jpg
000597.jpg,http://img.21food.com/20110609/product/1307119086504.jpg
000598.jpg,http://www.elevenrivers.org/espanol/wp-content/uploads/2018/06/05.7-sanitary-barrier-japanese-market.jpg
000599.jpg,https://i.ebayimg.com/images/g/e1kAAOSwfgNcQ9d~/s-l400.jpg
000600.jpg,https://www.rareseeds.com/assets/1/14/DimRegular/Pepper-Shishito-DSC06552.jpg
000601.jpg,https://images-na.ssl-images-amazon.com/images/I/911%2Bjso8ruL.jpg
000602.jpg,https://whattocooktoday.com/wp-content/uploads/2018/06/shishito-2.jpg
000603.jpg,http://blogimg.goo.ne.jp/user_image/59/3b/755febeaa3e41e931eccbcaf0ddacea0.jpg
000604.jpg,https://gnwebprensalibrerootwest.s3.us-west-2.amazonaws.com/mmediafiles/pl/be/be1b9075-0586-4889-9a11-1ac237a17455_1024_512.jpg
000605.jpg,https://images-na.ssl-images-amazon.com/images/I/81zE7++H6tL.jpg
000606.jpg,https://www.spicejungle.com/media/catalog/product/cache/2/small_image/295x/040ec09b1e35df139433887a97daa66f/m/u/mulato_chile_peppers_2_2.jpg
000607.jpg,https://www.republica.com/wp-content/uploads/2015/09/pepper-650x330.jpg
000608.jpg,https://gnwebprensalibrerootwest.s3.us-west-2.amazonaws.com/mmediafiles/pl/f3/f3e90e00-a189-4a4f-b7a3-290c7444f8a6_879_586.jpg
000609.jpg,https://i.ytimg.com/vi/b2-L7T6ABYY/hqdefault.jpg
000610.jpg,https://images-na.ssl-images-amazon.com/images/I/51TABVK8TQL.jpg
000611.jpg,https://i.pinimg.com/originals/6e/ac/a0/6eaca0fbdba8014eb102a8968bb6b377.jpg
000612.jpg,http://gapa.mx/wp-content/uploads/2017/11/0000_Sasa-823x960.jpg
000613.jpg,http://gapa.mx/wp-content/uploads/2017/11/0002_Shishito.jpg
000614.jpg,https://http2.mlstatic.com/boneco-tomy-xuxa-ventriloquo-japones-D_NQ_NP_909838-MLB25785551347_072017-F.jpg
000615.jpg,http://p2.trrsf.com/image/fget/cf/600/600/images.terra.com/2015/11/19/robot.jpg
000616.jpg,https://i.pinimg.com/originals/60/d3/90/60d390479fe86cc675f67c905519edce.jpg
000617.jpg,https://www.cocinavital.mx/wp-content/uploads/2017/08/salsa-macha-con-cacahuate-y-ajonjoli-video.jpg
000618.jpg,https://www.ecotvpanama.com/site/assets/files/others/2018/11/23/MEDIMA/4398/google-tribunal.720x420.jpg
000619.jpg,https://s-media-cache-ak0.pinimg.com/736x/27/5a/9f/275a9f09c3a50ef1ec2af066da5d0c1c--vodka-recipes-drink-recipes.jpg
000620.jpg,https://i.pinimg.com/originals/c8/99/c1/c899c127c0e698a90f74cc9c1e28e8bb.jpg
000621.jpg,https://i.pinimg.com/originals/58/21/7d/58217d922ba6c54db25c351fad69a033.jpg
000622.jpg,https://i.pinimg.com/736x/af/d4/d6/afd4d6396f6bdfafdac7c94aa4206b47--volcano-maine.jpg
000623.jpg,https://i.pinimg.com/originals/58/12/8a/58128a395eaae8e645edc8531108a9b2.jpg
000624.jpg,https://www.chilipeppermadness.com/wp-content/uploads/2018/12/Cowhorn-Chili-Peppers1.jpg
000625.jpg,http://www.diversivore.com/wp-content/uploads/2016/06/Various-Dried-Mexican-Chilies-1024x678.jpg
000626.jpg,https://i.pinimg.com/736x/9f/27/41/9f2741d744851a10dfe9e072f951b8f2--quilt-blocks-japanese-patchwork.jpg
000627.jpg,https://nancysanchez.files.wordpress.com/2009/12/pulla.jpg
000628.jpg,http://kuramexico.com/wp-content/uploads/2017/02/41menu-e1507862131571.jpg
000629.jpg,https://nancysanchez.files.wordpress.com/2009/12/img_0485.jpg
000630.jpg,https://cdn.foodandwineespanol.com/2017/11/huertoshiso-cover.jpg
000631.jpg,https://media-cdn.tripadvisor.com/media/photo-s/02/73/fa/3b/filename-img-2716-jpg.jpg
000632.jpg,https://1.bp.blogspot.com/-hsHzPtBgRtg/UH0Q_bLac3I/AAAAAAAAELg/ldhdtDI357I/s1600/IMG_0667+copy.jpg
000633.jpg,https://i.pinimg.com/originals/f5/5e/f1/f55ef1344342a9b6334af26f0c1b86e0.jpg
000634.jpg,https://ifeltlikeagringo.files.wordpress.com/2015/02/retromatic-121.jpg
000635.jpg,https://s-media-cache-ak0.pinimg.com/736x/21/cd/b2/21cdb29f914c23dd728187ce89e3fab6.jpg
000636.jpg,https://salaovirtual.org/wp-content/uploads/2015/11/lindsay-woods.jpg
000637.jpg,https://s-media-cache-ak0.pinimg.com/736x/f3/f9/ad/f3f9ade8bfb2f25365c0fbfbcdd52961--cartoons-tatu.jpg
000638.jpg,https://s-media-cache-ak0.pinimg.com/236x/af/d4/d6/afd4d6396f6bdfafdac7c94aa4206b47.jpg
000639.jpg,https://s-media-cache-ak0.pinimg.com/600x315/c2/7f/34/c27f341850dbfa971d9d49c5acd1e8a5.jpg
000640.jpg,https://nancysanchez.files.wordpress.com/2009/12/chile-amarillo.jpg
000641.jpg,http://elheraldoslp.com.mx/wp-content/uploads/2015/11/s813-300x277.jpg
000642.jpg,https://www.radioscool.com/wp-content/uploads/2017/05/enra-en-cdmx-2017-un-ballet-japones-que-te-hipnotizara-01-1110x400.jpg
