image,source
000001.jpg,https://images-na.ssl-images-amazon.com/images/I/712sGmA7tKL._SX355_.jpg
000002.jpg,https://upload.wikimedia.org/wikipedia/commons/7/7c/Komodo_Dragon_Chili_%28cropped%29.jpg
000003.jpg,https://www.pepperscale.com/wp-content/uploads/2017/06/Komodo-Dragon-Pepper-4-768x624.jpg
000004.jpg,https://www.cayennediane.com/wp-content/uploads/Komodo-Dragon-2.jpg
000005.jpg,https://i.etsystatic.com/7824311/r/il/39d2e1/1326101340/il_794xN.1326101340_nrs5.jpg
000006.jpg,https://i.ytimg.com/vi/_2JtAejZUHo/maxresdefault.jpg
000007.jpg,https://www.chilipeppermadness.com/wp-content/uploads/2017/06/Komodo-Dragon-Peppers.jpg
000008.jpg,https://www.cayennediane.com/wp-content/uploads/12-Hottest-Peppers-1000x640.jpg
000009.jpg,https://i.dailymail.co.uk/i/pix/2015/08/13/21/2B57B6E400000578-3196943-image-m-44_1439496653167.jpg
000010.jpg,https://www.eurofresh-distribution.com/sites/default/files/styles/news_and_events_1xs/public/field/image/caroliner-reaper-5.jpg?itok=tGmAK4GQ
000011.jpg,https://i.ytimg.com/vi/hTxHQJ9idDU/maxresdefault.jpg
000012.jpg,https://i2.wp.com/metro.co.uk/wp-content/uploads/2015/08/komodo-dragon-pack-shot-e1439388096642.jpg?quality=90&strip=all&zoom=1&resize=644%2C375&ssl=1
000013.jpg,https://images-na.ssl-images-amazon.com/images/I/81Rywa6reBL._SY679_.jpg
000014.jpg,https://images.firstwefeast.com/complex/image/upload/c_limit,f_auto,fl_lossy,q_auto,w_1100/hqawuk7mroaaps2sqiuv
000015.jpg,https://www.farminguk.com/images/News/50162_1.jpg
000016.jpg,https://i.ytimg.com/vi/mMGIfGkAMtI/maxresdefault.jpg
000017.jpg,http://www.telegraph.co.uk/content/dam/food-and-drink/2016/07/19/chillichart_trans%2B%2BCca9BU0TuyHkZJzHTSJqzg57EFzlVrO-V_kNyX87nOk.jpg
000018.jpg,https://i0.wp.com/metro.co.uk/wp-content/uploads/2015/08/salvatore-genovese-with-komodo-dragon-chilli-peppers.jpg?quality=90&strip=all&zoom=1&resize=540%2C357&ssl=1
000019.jpg,https://i.guim.co.uk/img/media/b22149788d43a1d655120c25420adc2bf19a3ff0/0_0_4928_3264/master/4928.jpg?width=700&quality=85&auto=format&fit=max&s=47676401ebd244dd7487659c5af76eed
000020.jpg,http://upload.evocdn.co.uk/fruitnet/uploads/asset_image/2_1206611_e.jpg
000021.jpg,https://thehippyseedcompany.com/wp-content/uploads/2019/04/Komodo-Dragon-3ws.jpg
000022.jpg,https://i.ebayimg.com/images/g/fusAAOSwbrZcfreW/s-l300.jpg
000023.jpg,https://www.telegraph.co.uk/content/dam/news/2016/07/20/SuperChilli_1829008c_trans_NvBQzQNjv4Bq6f7LZ7seCW96zliyTYX6ViIMpBIiS72GQ3QPBtusw-s.jpg?imwidth=450
000024.jpg,https://previews.123rf.com/images/dave0992/dave09921707/dave0992170700001/81231902-fiery-red-komodo-dragon-chillies-on-a-wooden-background.jpg
000025.jpg,http://static1.squarespace.com/static/5853b4451b631b6c064349f8/5853cf06414fb53b184a27eb/5a1d7217e4966b134264706c/1562789928416/Komodo+Dragon.jpg?format=1500w
000026.jpg,https://pbs.twimg.com/media/CMSeUIwW8AAZsYb.jpg
000027.jpg,https://img.huffingtonpost.com/asset/55ccc0421d00002f00144ba2.jpeg?ops=scalefit_720_noupscale
000028.jpg,https://i.ebayimg.com/images/g/BF0AAOSwqs1b7I0y/s-l400.jpg
000029.jpg,https://cached.imagescaler.hbpl.co.uk/resize/scaleWidth/885/cached.offlinehbpl.hbpl.co.uk/news/WOH/Komodo-2015081310313841.jpg
000030.jpg,https://img2.thejournal.ie/inline/2285339/original/?width=503&version=2285339
000031.jpg,https://cdn.andnowuknow.com/thumbnails/scale_0.png?twwpH13HRskkFrnp44UbQ2MXWM4BYvGq
000032.jpg,http://cdn.instructables.com/FL6/0XAI/IHP4O16H/FL60XAIIHP4O16H.SMALL.jpg
000033.jpg,https://www.maddog357.com/wp-content/uploads/2016/07/Outcry-against-British-Grocery-Store-Selling-Reapers-CREDIT-scunthorpetelegraph-dot-co-dot-uk.jpg
000034.jpg,https://www.pepperscale.com/wp-content/uploads/2016/08/Ghost-Pepper-Planting.jpeg
000035.jpg,https://images-na.ssl-images-amazon.com/images/I/410llEroPHL._SX355_.jpg
000036.jpg,https://images.squarespace-cdn.com/content/v1/59196aae1b10e3f7ad2d47f7/1557772462465-95D9T1SWHQJ8RGT0R0PO/ke17ZwdGBToddI8pDm48kMTLu8sgmHFNwUXrcQJxFOcUqsxRUqqbr1mOJYKfIPR7LoDQ9mXPOjoJoqy81S2I8N_N4V1vUb5AoIIIbLZhVYy7Mythp_T-mtop-vrsUOmeInPi9iDjx9w8K4ZfjXt2dhi97jUa2TytcCum8ByYudXKQnYk-km6tMsXf96SbiOUZDqXZYzu2fuaodM4POSZ4w/komodo123.jpg?format=2500w
000037.jpg,https://cdn0.wideopeneats.com/wp-content/uploads/2017/05/hottest-pepper-dragon-breath-720x405.png
000038.jpg,https://www.chilipeppermadness.com/wp-content/uploads/2019/04/Hottest-Peppers-in-the-World-List.jpg
000039.jpg,https://cdn.thehippyseedcompany.com/wp-content/uploads/2019/06/Chocolate-Barrackpore-21ws-262x328.jpg
000040.jpg,https://images-na.ssl-images-amazon.com/images/I/51YXvEBlxSL._SS500_.jpg
000041.jpg,https://healthylife.werindia.com/wp-content/uploads/2019/07/komodo-dragon-habanero-chilis-healthylife-werindia-600x339.jpg
000042.jpg,https://www.tescoplc.com/media/754613/4b8a8036_resize.jpg
000043.jpg,https://i0.wp.com/www.thechillidiaries.co.uk/blog/wp-content/uploads/2016/07/20160727_181919_PerfectlyClear-01-e1469877341450.jpeg?fit=624%2C351&ssl=1
000044.jpg,https://i2.wp.com/growhotpeppers.com/wp-content/uploads/2017/03/hottest-peppers-in-the-world.jpg?resize=1000%2C1000&ssl=1
000045.jpg,https://chasingchilli.com.au/wp-content/uploads/2018/05/Carolina-Reaper.png
000046.jpg,https://www.thesun.co.uk/wp-content/uploads/2016/07/nintchdbpict000253174495.jpg
000047.jpg,https://cdn0.wideopeneats.com/wp-content/uploads/2017/09/worlds-hottest-peppers-720x405.png
000048.jpg,https://img2.thejournal.ie/inline/2333549/original/?width=500&version=2333549
000049.jpg,https://images.firstwefeast.com/complex/image/upload/c_limit,f_auto,fl_lossy,q_auto,w_768/15806402318_063ebe36d7_o_um8kte
000050.jpg,https://i.dailymail.co.uk/i/pix/2015/08/16/11/2B67941C00000578-3196943-MailOnline_journalist_Jess_Long_tries_the_pepper_for_herself-a-81_1439721187096.jpg
000051.jpg,https://www.cayennediane.com/wp-content/uploads/7-Pot-Barrackpore.jpg
000052.jpg,http://upload.evocdn.co.uk/fruitnet/uploads/asset_image/2_1213241_e.jpg
000053.jpg,https://www.chileseeds.co.uk/wp-content/uploads/2016/10/Naga-Viper-Chilli-Seeds-300x300.jpg
000054.jpg,https://i.guim.co.uk/img/static/sys-images/Guardian/Pix/pictures/2015/9/9/1441815964484/7e8e8ef7-c180-468f-848e-d46ff5dd1806-620x372.jpeg?width=700&quality=85&auto=format&fit=max&s=9da098fc282e7c063ab00e3a1c902ba3
000055.jpg,https://img2.thejournal.ie/inline/2285337/original/?width=630&version=2285337
000056.jpg,https://ichef.bbci.co.uk/news/660/cpsprodpb/0D30/production/_100767330_carolina_reaper_chilli_pepper_plant-spl.jpg
000057.jpg,http://www.curry-recipes.co.uk/imagehost/pics/2b0351eef321c3f4594c6bd9ad8d9ed2.jpg
000058.jpg,https://i.ytimg.com/vi/_2JtAejZUHo/hqdefault.jpg
000059.jpg,https://imagesvc.meredithcorp.io/v3/mm/image?url=https%3A%2F%2Fcdn-image.myrecipes.com%2Fsites%2Fdefault%2Ffiles%2Fstyles%2Fmedium_2x%2Fpublic%2Ffield%2Fimage%2Fpepper-hero.jpg%3Fitok%3Dic5B2iPh&w=450&c=sc&poi=face&q=85
000060.jpg,https://www.telegraph.co.uk/content/dam/food-and-drink/2016/07/19/chilli1_trans_NvBQzQNjv4Bqeo_i_u9APj8RuoebjoAHt0k9u7HhRJvuo-ZLenGRumA.jpg?imwidth=450
000061.jpg,https://digitalcontent.api.tesco.com/v1/media/ghs/snapshotimagehandler_795612210/70c525153f304daa03b76e6ccb955c6068dfa200e577890299de5dd1115ecc4a/00000003257142/snapshotimagehandler_795612210.jpeg?h=540&w=540
000062.jpg,https://i.pinimg.com/474x/c6/a5/11/c6a511255d3f4b97b3b2517550142bf5.jpg
000063.jpg,https://preview.redd.it/twi0d134mhaz.jpg?width=767&auto=webp&s=532c09690791d3f12e0b56977c43bebd77195f2b
000064.jpg,https://i.ebayimg.com/images/g/1sMAAOSwvjtc0ZVr/s-l640.jpg
000065.jpg,https://static.independent.co.uk/s3fs-public/thumbnails/image/2016/01/22/12/carolina-reaper-chilli.jpg?w968h681
000066.jpg,http://www.freshplaza.com/2017/0620/pepper.jpg
000067.jpg,https://c8.alamy.com/comp/F4K9YA/komodo-dragon-chillis-touted-as-britains-hottest-chillis-they-are-F4K9YA.jpg
000068.jpg,https://cdn.junglecreations.com/wp/foodenvy/2018/10/6381bf1a-chilies.jpg
000069.jpg,http://www.quicktoptens.com/wp-content/uploads/2016/10/Komodo-Dragon-813x1024.jpg
000070.jpg,https://blog.assets.triviagenius.com/2019/02/21-1-DebbiSmirnoff-istock.jpg
000071.jpg,https://www.cayennediane.com/wp-content/uploads/Trinidad_Scorpion_Butch_T1.jpg
000072.jpg,https://i2.wp.com/drpeppascondiments.co/wp-content/uploads/2017/12/original-16.jpeg?fit=1920%2C1920&ssl=1
000073.jpg,https://img2.thejournal.ie/inline/2333498/original/?width=500&version=2333498
000074.jpg,https://www.irishtimes.com/polopoly_fs/1.2735206.1469555424!/image/image.jpg
000075.jpg,https://images.squarespace-cdn.com/content/v1/59196aae1b10e3f7ad2d47f7/1559337406997-0ZQRW9Q7L33ZQ4P903OH/ke17ZwdGBToddI8pDm48kEpVg-ILAPna1wRh-xAJ9fRZw-zPPgdn4jUwVcJE1ZvWQUxwkmyExglNqGp0IvTJZUJFbgE-7XRK3dMEBRBhUpwEv36x-EUL2-BSQ5feDhwGCbXuJBFqZ-erYzVouT8yOb9TwqchglLQOCYTRn7ZGxI/image-asset.jpeg
000076.jpg,https://www.chilipeppermadness.com/wp-content/uploads/2013/10/Spanish-Naga-Peppers.jpg
000077.jpg,https://thefoodpeople.co.uk/images/2b61c23d85e16bd9af20483a72da6ec5/tesco-chilliometer-600x375.jpg
000078.jpg,https://i.guim.co.uk/img/media/14be15c0ecfea9c91876a2170395f57ae288836f/0_109_6000_3600/6000.jpg?width=1200&height=630&quality=85&auto=format&fit=crop&overlay-align=bottom%2Cleft&overlay-width=100p&overlay-base64=L2ltZy9zdGF0aWMvb3ZlcmxheXMvdGctYWdlLTIwMTYucG5n&s=3f28238e9657b11ae3142b1210a2734a
000079.jpg,https://magilkey.com/wp-content/uploads/South-CK-Statuary.jpg
000080.jpg,https://cdn.mos.cms.futurecdn.net/NvQtfFeKRw4zYsCPaE6bN9-1200-80.jpg
000081.jpg,https://www.tescoplc.com/media/264575/mixed-uk-grown-chillis.jpg
000082.jpg,https://www.pepperscale.com/wp-content/uploads/2013/06/hottest-peppers.jpeg
000083.jpg,https://www.jessicagavin.com/wp-content/uploads/2019/05/types-of-peppers-1-600x900.jpg
000084.jpg,https://cdn.thehippyseedcompany.com/wp-content/uploads/2019/02/Red-Habanero-7ws-262x328.jpg
000085.jpg,https://mpng.pngfly.com/20181108/fq/kisspng-habanero-birds-eye-chili-scoville-unit-chili-pepp-worldampaposs-top-5-hottest-peppers-dekho-jod-5be3e1bde9a8d4.6432185615416611179571.jpg
000086.jpg,https://i.ytimg.com/vi/mO6F7Mhsrew/maxresdefault.jpg
000087.jpg,https://4.bp.blogspot.com/-Qi0UfwYI-_A/Ws9oPPzG3wI/AAAAAAAAODk/rW3RgMWczd0IG0NYoCzzacbbrLtx0-cOwCLcBGAs/s640/naga-viper-chili.png
000088.jpg,https://upload.wikimedia.org/wikipedia/commons/3/37/Trinidad_Moruga_Scorpion.jpg
000089.jpg,http://viraltalks.com/wp-content/uploads/2017/02/1486390707_komodo.jpg
000090.jpg,https://pepperhead.com/wp-content/uploads/2018/07/7-Pot-Barrackpore.jpg
000091.jpg,http://thehotpepper.com/uploads/monthly_01_2019/post-14987-0-25858000-1548431551.jpg
000092.jpg,https://blog.sonoranspice.com/wp-content/uploads/2018/12/Ghost-Pepper-Guide-Book.jpg
000093.jpg,http://www.telegraph.co.uk/content/dam/food-and-drink/2016/07/19/scotchbonnet1_trans%2B%2Beo_i_u9APj8RuoebjoAHt0k9u7HhRJvuo-ZLenGRumA.jpg
000094.jpg,https://chasingchilli.com.au/wp-content/uploads/2018/05/7-Pot-Brain-Strain.png
000095.jpg,https://cdn.djaunter.com/wp-content/uploads/2019/03/hot-peppers-in-Bali-Indonesia.jpg
000096.jpg,http://blogs.discovermagazine.com/d-brief/files/2019/08/KomodoandDeer.jpg
000097.jpg,https://sa1s3optim.patientpop.com/assets/images/provider/photos/1891706.jpg
000098.jpg,https://i.ytimg.com/vi/O0fju-frVws/hqdefault.jpg
000099.jpg,https://i.guim.co.uk/img/static/sys-images/Guardian/Pix/pictures/2015/9/9/1441816119531/62f01d4f-784b-4c08-81a4-c15e4588ec9b-2060x1236.jpeg?width=700&quality=85&auto=format&fit=max&s=ef628582534a738cd53272a0f0847593
000100.jpg,https://www.chilipeppermadness.com/wp-content/uploads/2017/06/7-Pot-Douglah-Pepper.jpg
000101.jpg,https://recipes.timesofindia.com/thumb/48463830.cms?resizemode=4&width=800
000102.jpg,https://www.pepperscale.com/wp-content/uploads/2017/07/trinidad-scorpion-butch-t.jpg
000103.jpg,https://www.jessicagavin.com/wp-content/uploads/2019/05/types-of-peppers-red-fresno-1-600x400.jpg
000104.jpg,https://www.chilipeppermadness.com/wp-content/uploads/2013/10/Carribean-Red-Peppers.jpg
000105.jpg,https://foodyoushouldtry.com/wp-content/uploads/2018/09/6.-Trinidad-Scorpion-Butch-T-1024x576.jpg
000106.jpg,https://www.lovethegarden.com/sites/default/files/styles/header_image_xl/public/content/articles/UK_advice-gardening-grow-your-own-how-grow-chillies_header.jpg?itok=06XE8PQ_
000107.jpg,https://images.squarespace-cdn.com/content/v1/5853b4451b631b6c064349f8/1502209183621-7IU0SCOI6LE6WHYAUC2K/ke17ZwdGBToddI8pDm48kGDpvalPb1SqHoCn1hwN0Y57gQa3H78H3Y0txjaiv_0fDoOvxcdMmMKkDsyUqMSsMWxHk725yiiHCCLfrh8O1z5QHyNOqBUUEtDDsRWrJLTmQPoRzxSr1hzN-vPBHt7YyLLXgctAyUJRqJUUGWVDK_ZzIgvsybGcZEPqUYiXY8im/shake1award.jpg?format=1500w
000108.jpg,https://images-na.ssl-images-amazon.com/images/I/51YXvEBlxSL._SR600%2C315_PIWhiteStrip%2CBottomLeft%2C0%2C35_SCLZZZZZZZ_.jpg
000109.jpg,https://www.lovethegarden.com/sites/default/files/styles/og_image/public/content/articles/UK_advice-gardening-grow-your-own-how-grow-chillies_main.jpg?itok=b2EkJyVi
000110.jpg,https://cdn.thehippyseedcompany.com/wp-content/uploads/2017/06/Po-Chong-web-1-262x328.jpg
000111.jpg,http://jeanetteshealthyliving.com/wp-content/uploads/2012/11/Ghost-Hot-Chili-Sauce.jpg
000112.jpg,https://chasingchilli.com.au/wp-content/uploads/2018/05/7-Pot-Douglah.png
000113.jpg,https://www.worldofchillies.com/chilligallery/recordbreakerchilligallery/files/imgThumb_348.jpg
000114.jpg,https://i2.wp.com/growhotpeppers.com/wp-content/uploads/2017/03/hottest-pepper-bhut-jolokias-1024x683.jpg
000115.jpg,https://www.bravotv.com/sites/bravo/files/field_blog_image/2017/01/the-feast-chili-peppers.jpg
000116.jpg,https://2.bp.blogspot.com/-Uq6VSa_nPrI/Ws9sTvL4MQI/AAAAAAAAOD8/ShKuT-0VLm8kyoGNKg0k3oKXfEBe1KWkwCLcBGAs/s640/habanero.png
000117.jpg,https://cdn0.wideopeneats.com/wp-content/uploads/2017/05/Mike-Smith-owner-of-Tom-Smith-Plants-in-St-Asaph-has-grown-the-worlds-hottest-chilli-named-Dragons.jpg
000118.jpg,https://cdn.thehippyseedcompany.com/wp-content/uploads/2019/09/Julian-7-pod-8ws-262x328.jpg
000119.jpg,https://www.chilipeppermadness.com/wp-content/uploads/2019/09/Temp-Pepper-Types.jpg
000120.jpg,https://pbs.twimg.com/media/DLZU9wSW4AALx9j.jpg
000121.jpg,https://steemitimages.com/640x0/https://d1vof77qrk4l5q.cloudfront.net/img/3abb02c02a1471d0f7f576cc7ce6b34317a99c9e.jpg
000122.jpg,https://ae01.alicdn.com/kf/HTB14j0ji8DH8KJjSspnq6zNAVXaH.jpg
000123.jpg,https://lonumedhu.com/sites/default/files/HottestPepper.jpg
000124.jpg,https://www.tescoplc.com/media/264572/chilli-farm-visit-sept-2013-12.jpg
000125.jpg,https://www.pepperscale.com/wp-content/uploads/2017/07/7-Pot-Primo-Pepper.jpg
000126.jpg,https://s1.dmcdn.net/v/Mvo_M1QKekIwxqMtp/x1080
000127.jpg,https://ichef.bbci.co.uk/news/660/cpsprodpb/12A61/production/_95058367_chillis.jpg
000128.jpg,https://www.asiamarket.ie/pub/media/catalog/product/cache/small_image/294x374/beff4985b56e3afdbeabfc89641a4582/6/9/6956956900083_800x800.jpg
000129.jpg,https://www.cayennediane.com/wp-content/uploads/Ghost-Peppers-300x300.jpg
000130.jpg,https://www.worldofchillies.com/chilligallery/recordbreakerchilligallery/files/imgThumb_205.jpg
000131.jpg,https://www.chilipeppermadness.com/wp-content/uploads/2014/03/Red-Savina-Pepper.jpg
000132.jpg,https://chasingchilli.com.au/wp-content/uploads/2018/05/Naga-Viper.png
000133.jpg,https://superiorfruit.com.au/wp-content/uploads/2018/07/SF_News_chillies.png
000134.jpg,https://img2.thejournal.ie/inline/2285338/original/?width=630&version=2285338
000135.jpg,https://www.pepperscale.com/wp-content/uploads/2017/05/trinidad-7-pot-pepper-768x459.jpg
000136.jpg,https://i.ebayimg.com/images/g/ZkYAAOSwuxFY2S-H/s-l300.jpg
000137.jpg,https://realfood.tesco.com/media/images/chilli-75998983-HERO-1ae285c8-f5ca-41f3-99cf-414783a87674-0-472x310.jpg
000138.jpg,https://2.bp.blogspot.com/-lCu8KPpsEc4/WrEsMwCKBVI/AAAAAAAAN7M/OVmlVpBmm9cB3PJEDaV-cABQUkEmzBf3gCLcBGAs/s640/bhut-jolokia.png
000139.jpg,https://pbs.twimg.com/media/CnM9NwSXEAQcJ2r.jpg
000140.jpg,https://cdn.thehippyseedcompany.com/wp-content/uploads/2019/02/Red-Habanero-11ws-262x328.jpg
000141.jpg,https://i.pinimg.com/236x/7c/d2/e8/7cd2e879ebfac1d006a464de01fbe36c--burpee-infographic.jpg
000142.jpg,https://c8.alamy.com/comp/RXNWT4/isolated-single-komodo-dragon-red-hot-pepper-positioned-on-outlined-in-glowing-light-spoon-on-black-backgroundmodern-food-cooking-concept-RXNWT4.jpg
000143.jpg,https://www.sciencenews.org/wp-content/uploads/2018/04/040918_DG_hot-pepper_feat.jpg
000144.jpg,https://www.picclickimg.com/d/l400/pict/171515117533_/Chilli-Seeds-Dragons-Back-Chinese-Chilli-Pepper.jpg
000145.jpg,https://cdn.quizzclub.com/share/trivia/2018-03/as-of-2018-what-is-the-hottest-pepper.jpg
000146.jpg,https://www.chileseeds.co.uk/wp-content/uploads/2016/10/MorougatrinidadScorpionchilliseeds-300x300.jpg
000147.jpg,https://bloximages.chicago2.vip.townnews.com/auburnpub.com/content/tncms/assets/v3/editorial/6/99/699ec7e0-c1ab-57f9-b21e-fba8e8b36426/5d1fc19d3719a.image.jpg?crop=651%2C651%2C307%2C126&resize=1200%2C1200&order=crop%2Cresize
000148.jpg,https://airpotgardener.files.wordpress.com/2016/10/chilies-1-small.jpg
000149.jpg,https://pepperhead.com/wp-content/uploads/2013/08/Ghost-Pepper-247x300.jpg
000150.jpg,https://assets3.thrillist.com/v1/image/2638823/size/tmg-article_default_mobile.jpg
000151.jpg,https://kcdgarden.com/varieties/169/IMG_2314.JPG?width=480&height=400&mode=crop&format=jpg&quality=55
000152.jpg,https://upload.wikimedia.org/wikipedia/commons/6/69/BhutJolokia09_Asit.jpg
000153.jpg,https://thebigcarrot.ca/wp-content/uploads/2018/03/Hurts-So-Good-Hot-Peppers-Chiles.png
000154.jpg,https://i.redd.it/zrqg0ul57wc01.png
000155.jpg,https://static1.squarespace.com/static/5853b4451b631b6c064349f8/5a37deec9140b7643712b326/5a37efe6652dea7bc2311253/1513615672979/NAGAFRUIT.jpg?format=500w
000156.jpg,https://www.pepperscale.com/wp-content/uploads/2017/08/7-Pot-Jonah.jpg
000157.jpg,https://i.ytimg.com/vi/mMGIfGkAMtI/hqdefault.jpg
000158.jpg,https://www.chilipeppermadness.com/wp-content/uploads/2015/10/7-Pot-Barrackapore2.jpg
000159.jpg,https://cartloom.s3.amazonaws.com/worldofchillies/120346_3a73246ba9d20afa3d55445c21c3393f_orig.jpg
000160.jpg,https://www.picclickimg.com/d/l400/pict/223196152261_/Komodo-Dragon-Chilli-10-SEEDS.jpg
000161.jpg,https://thepepperfestival.com/wp-content/uploads/2017/12/Peppers-MildPeppers2.png
000162.jpg,https://image.shutterstock.com/image-photo/komodo-dragon-national-park-flores-260nw-1442251523.jpg
000163.jpg,https://bloximages.chicago2.vip.townnews.com/auburnpub.com/content/tncms/assets/v3/editorial/6/99/699ec7e0-c1ab-57f9-b21e-fba8e8b36426/5d1fc19d3719a.image.jpg?resize=1200%2C1598
000164.jpg,https://kcdgarden.com/varieties/293/CountDraculaPepper.jpg?width=730&height=500&mode=crop&format=jpg&quality=65
000165.jpg,https://www.gletech.com/StockPhotos/Baseball/2018/146972/front_7131720.jpg
000166.jpg,https://www.thesun.ie/wp-content/uploads/sites/3/2016/07/2946503.main_image.jpg?strip=all&w=960&h=720&crop=1
000167.jpg,https://lonumedhu.com/sites/default/files/douglah.jpg
000168.jpg,https://i.pinimg.com/236x/1a/2d/19/1a2d19a5393f3a43bbc4e0a75dbb4b6f.jpg
000169.jpg,https://a57.foxnews.com/a57.foxnews.com/static.foxnews.com/foxnews.com/content/uploads/2018/09/640/320/1862/1048/ewrwer54536fddf435.jpg?ve=1&tl=1?ve=1&tl=1
000170.jpg,https://cdn.thehippyseedcompany.com/wp-content/uploads/2019/03/Brazilian-Moruga-Scorpion-10ws-262x328.jpg
000171.jpg,https://cdn.dtbrownseeds.co.uk/product-images/op/d/CHI-018d.jpg
000172.jpg,https://www.jessicagavin.com/wp-content/uploads/2019/05/types-of-peppers-dried-chilis-600x400.jpg
000173.jpg,https://image.shutterstock.com/image-photo/little-komodo-dragon-looking-around-260nw-1381090190.jpg
000174.jpg,https://www.saltscapes.com/images/stories/2019/HomeAndCottage/APeckOfPeppers/Header.jpg
000175.jpg,https://amp.insider.com/images/5760559bdd0895ea098b4953-750-562.jpg
000176.jpg,https://cdn3.volusion.com/9nxdj.fchy5/v/vspfiles/photos/WR-14147-2.jpg?v-cache=1528893029
000177.jpg,https://cdn.shopify.com/s/files/1/1607/9573/files/Scoville_Heat_Scale_SHU_17f52a4c-7b2b-4d96-b985-37f66e3a4fee.jpg?v=1525935578
000178.jpg,https://chasingchilli.com.au/wp-content/uploads/2018/05/Trinidad-Scorpion-Butch-T.png
000179.jpg,https://i1.wp.com/growhotpeppers.com/wp-content/uploads/2017/03/ts-scorpions-moruga-1024x861.jpg
000180.jpg,https://www.chilipeppermadness.com/wp-content/uploads/2013/10/Chocolate-7-Pot-Peppers.jpg
000181.jpg,https://3.bp.blogspot.com/-rn5hYozKuMU/WrUSuYdWqDI/AAAAAAAAN8s/rxUYA5ONJLcA3chZOpSCHdRsmxzpDGDLACLcBGAs/s640/7-pot-caramel.png
000182.jpg,https://cdn.hswstatic.com/gif/ghost-pepper-basket-360x240.jpg
000183.jpg,https://sm.mashable.com/t/mashable_in/photo/default/blob_2cdj.910.jpg
000184.jpg,https://i.ytimg.com/vi/DLKEM2TRDwQ/maxresdefault.jpg
000185.jpg,https://f6m6k4p3.stackpathcdn.com/wp-content/uploads/2019/04/The-Ultimate-Guide-to-the-Carolina-Reaper-Sonoran-Spice-1-1024x536.jpg
000186.jpg,https://4.bp.blogspot.com/-QlzXEN9havM/Ws9qa2L_UsI/AAAAAAAAODw/tFQD5zBIUq45Rbh34UcXjHMD6tHzIe8uACLcBGAs/s640/red-savina-chili.png
000187.jpg,https://www.capgenseeds.com/images/productos/pimientos/sidi/pimiento-sidi-1.jpg
000188.jpg,https://iluminasi.com/img/upload/7-pot-primo.jpg
000189.jpg,https://img2.thejournal.ie/inline/2333514/original/?width=630&version=2333514
000190.jpg,https://static.wixstatic.com/media/d45f52_f7bb9873ad454f08876022002ecbecb8~mv2_d_2520_1920_s_2.jpg/v1/fill/w_640,h_358,al_c,q_90/image-coming-soon-1.webp
000191.jpg,https://cdn.shopify.com/s/files/1/0871/0950/products/Reaperpeppers2_eb80be0b-0078-418b-bde4-305139146203.jpg?v=1535494929
000192.jpg,https://worldofchillies.com/chilli-plants/files/stacks-image-64ec71a.jpg
000193.jpg,https://i.ebayimg.com/images/g/240AAOSw~Shcfr34/s-l300.jpg
000194.jpg,https://media.istockphoto.com/photos/komodo-dragon-on-black-background-picture-id187135823
000195.jpg,https://img.resized.co/lovindublin_com/eyJkYXRhIjoie1widXJsXCI6XCJodHRwczpcXFwvXFxcL3MzLmV1LXdlc3QtMS5hbWF6b25hd3MuY29tXFxcL3BwbHVzLmltYWdlcy5sb3ZpbmR1Ymxpbi5jb21cXFwvdXBsb2Fkc1xcXC9pbWFnZXNcXFwvdXBsb2Fkc1xcXC8yMDE1XFxcLzA4XFxcL19ibG9nV2lkZVxcXC9zcGljeS5naWY_bXRpbWU9MjAxNTA4MjExNTA3NDJcIixcIndpZHRoXCI6XCJcIixcImhlaWdodFwiOlwiXCIsXCJkZWZhdWx0XCI6XCJodHRwczpcXFwvXFxcL2QyNmhlMDM4YTcwZGdzLmNsb3VkZnJvbnQubmV0XFxcL3dwLWNvbnRlbnRcXFwvdGhlbWVzXFxcL2xvdmluXFxcL2Fzc2V0c1xcXC9pbWdcXFwvY2FyZC1kZWZhdWx0LWxvdmluLWR1Ymxpbi5wbmdcIn0iLCJoYXNoIjoiYTQ1NDNmYjAzMmNkYzI2MWQ0OGQwYmFiNjg2NmUyZDJkZWE2YWZjNiJ9/listen-up-spiciness-lovers-the-insanely-hot-komodo-dragon-chilli-pepper-will-hit-tesco-stores-soon.gif?mtime=20150821150742
000196.jpg,https://blog.assets.triviagenius.com/2019/02/21-4-_jure-istock.jpg
000197.jpg,https://i.pinimg.com/originals/4c/1d/2f/4c1d2f808ddbd5d0400b8e863b6f78cd.jpg
000198.jpg,https://images-na.ssl-images-amazon.com/images/I/51N9qZrBnTL.jpg
000199.jpg,https://bloximages.chicago2.vip.townnews.com/napavalleyregister.com/content/tncms/assets/v3/editorial/8/17/8174d0e0-aaeb-543f-b57b-238392c0e4d3/5d6e9c1760165.image.jpg?resize=400%2C533
000200.jpg,https://kcdgarden.com/remote.axd?https://i.ytimg.com/vi/1s59JbFTImQ/sddefault.jpg?width=500&height=320&mode=crop&anchor=center&overlay=playbutton.png&overlay.opacity=100&format=jpg&quality=65
000201.jpg,https://qph.fs.quoracdn.net/main-qimg-bd6d5926a82e8b868b70ad829a5ad911
000202.jpg,https://66.media.tumblr.com/f8f0c8b678648ae501296d8b91baecee/tumblr_p9rqo3mLdo1w8gm4eo2_250.jpg
000203.jpg,https://www.chileseeds.co.uk/wp-content/uploads/2018/12/chilliseedsmonsterapocalisse-1-300x300.jpg
000204.jpg,https://cdn.junglecreations.com/wp/foodenvy/2018/10/c4d693df-chi.jpg
000205.jpg,https://cdn.shopify.com/s/files/1/2027/3035/products/komodo-dragon_dbc647f2-c371-4d4e-8d41-684a6b48fe2b_1024x1024.jpg?v=1561054754
000206.jpg,https://www.nairaland.com/attachments/6223382_fbimg1510123741375_jpegf3922726103c388f9e9047a32b11f66a
000207.jpg,https://static.independent.co.uk/s3fs-public/thumbnails/image/2015/06/03/09/pizza.jpg
000208.jpg,https://www.hervia.com/uploads/images/products/large/httpswww.hervia.comimagesproductszoom1516975475-31531200.jpg
000209.jpg,http://2ucloq3z4wn48w1h11mb5302-wpengine.netdna-ssl.com/wp-content/uploads/nuoc-cham-vietnamese-fish-sauce-recipe-480x480.jpg
000210.jpg,https://bobcat.grahamdigital.com/image/upload/view?width=1280&height=720&method=fit&url=https://media.clickorlando.com/photo/2019/06/13/komodo-insidepic-061319_1560445762383_21975402_ver1.0.jpg
000211.jpg,https://static.standard.co.uk/s3fs-public/thumbnails/image/2015/04/27/13/GojiBerries.jpg
000212.jpg,https://media.wired.com/photos/5932bc4faef9a462de9847e9/master/w_1526,c_limit/fruit-veggies.jpg
000213.jpg,https://i0.wp.com/nothingbutgeek.com/wp-content/uploads/2018/07/Tiger-Paw.png?resize=800%2C445&ssl=1
000214.jpg,https://img-s-msn-com.akamaized.net/tenant/amp/entityid/BBVBrsI.img?h=416&w=624&m=6&q=60&o=f&l=f&x=1913&y=18
000215.jpg,https://www.bmrgreenhouses.com/uploads/images/bmr-peppers.jpg
000216.jpg,https://www.jessicagavin.com/wp-content/uploads/2019/05/types-of-peppers-pasilla-600x400.jpg
000217.jpg,https://i.rmbl.ws/s8/1/H/N/s/P/HNsPa.O-xb.1-small-Did-You-Know-Eating-Spicy-F.jpg
000218.jpg,https://cdn.andnowuknow.com/thumbnails/shutterstock_314593325.jpg?ESvJ5ACHzZ2zmDUMpKUa11Q_L0U6EX1j
000219.jpg,https://static1.squarespace.com/static/5825b2bed482e95e63bf89c2/5825de9c37c5812d97c36eec/5825e2b8ff7c50364e598c39/1548171679866/Red_pepper.jpg?format=500w
000220.jpg,https://i.dailymail.co.uk/i/newpix/2018/08/02/11/4EC3564400000578-6018745-image-m-17_1533205531929.jpg
000221.jpg,https://i1.wp.com/www.thechillidiaries.co.uk/blog/wp-content/uploads/2016/10/20161008_134914_PerfectlyClear-01-e1475931938240.jpeg
000222.jpg,http://blogs.discovermagazine.com/discoblog/files/2008/08/komodo220.jpg
000223.jpg,https://cdn.shopify.com/s/files/1/0188/0032/products/puckerbutt-gator-squeezins-hot-sauce-gluten-free-heat-level-11-meta-related-collection-peppers-pepper-company-chilly-chiles-largest-selection-of-in-canada_634.jpg
000224.jpg,https://i1.wp.com/blog.wildpepper.com/wp-content/uploads/2018/03/iStock-926260144.jpg?fit=640%2C427
000225.jpg,https://cdn.shopify.com/s/files/1/0871/0950/files/Carolina-Reaper-Seeds_7dcb7118-1a9f-494a-80d2-0ddae6f42e0f_large.jpg?v=1565737984
000226.jpg,https://pbs.twimg.com/media/DpuJL0ZUwAAmHRA.jpg
000227.jpg,https://diningguide.hu/wp-content/uploads/2017/09/51304058_xl.jpg
000228.jpg,https://gfx.archiwum.radiozet.pl/var/radiozetv3/storage/images/rozrywka/o-tym-sie-mowi/najostrzejsza-papryczka-chilli-na-swiecie-komodo-dragon.-video-test-00009764/736037-1-pol-PL/Ostra-papryczka-Komodo-Dragon-Odwazysz-sie-jej-sprobowac.jpg
000229.jpg,https://www.chilipeppermadness.com/wp-content/uploads/2019/06/Dorset-Naga-Pepper.jpg
000230.jpg,https://s3.eu-west-2.amazonaws.com/growinginteractive/blog/chillies-2x.jpg
000231.jpg,https://cdn.shopify.com/s/files/1/1537/5553/products/61702_1024x1024.jpg?v=1518034451
000232.jpg,https://www.peregrineadventures.com/sites/peregrine/files/styles/low-quality/public/pd/highlight/image/highlight-indonesia-Rinca-dragon.jpg
000233.jpg,https://images.squarespace-cdn.com/content/v1/59196aae1b10e3f7ad2d47f7/1557773644010-1SZP28X6WAVLB4MXFMFS/ke17ZwdGBToddI8pDm48kNFdBZtbjwbbmF6OmhatOQt7gQa3H78H3Y0txjaiv_0fDoOvxcdMmMKkDsyUqMSsMWxHk725yiiHCCLfrh8O1z5QPOohDIaIeljMHgDF5CVlOqpeNLcJ80NK65_fV7S1UXvlBwClq-CfZgKRbKWo11iafCPz8Ow8yGf0lJvxIy3FIRYFvXug880VhTjpmCh4DQ/paprika-fruit-the-inside-of-the-peppers-the-grain-of-paprika.jpg?format=2500w
000234.jpg,https://i.ytimg.com/vi/84oaIaS9KVo/maxresdefault.jpg
000235.jpg,https://www.bbcgoodfood.com/sites/default/files/styles/carousel_medium/public/recipe/recipe-image/2018/10/cranberry-sweet-chilli-jam.jpg?itok=QDqr8Xzw
000236.jpg,https://pepperhead.com/wp-content/uploads/2018/07/Carolina-Reaper-Pepper.jpg
000237.jpg,https://satyrdayreptiles.com/can-bearded-dragons-eat-peppers-1.jpg
000238.jpg,https://yesweekly.com/greensboro-science-center-to-unveil-new-exhibit-prehistoric-passages-realm-of-dragons/img-7436/
000239.jpg,https://www.picclickimg.com/d/l400/pict/312290581699_/2018-Topps-Allen-Ginter-Mini-World-Hottest-Peppers-WHP9.jpg
000240.jpg,https://static.independent.co.uk/s3fs-public/thumbnails/image/2012/06/21/18/38-hot-alamy.jpg?w968h681
000241.jpg,https://www.kingsseeds.co.nz/site/kingseeds-2019/images//items/3495.jpg
000242.jpg,https://www.chileseeds.co.uk/wp-content/uploads/2018/12/jays-x-pink-tiger-x-reaperchilliseeds-300x300.jpg
000243.jpg,http://www.destinasian.com/travel/wp-content/uploads/ps_bajo_0822-665x831.jpg
000244.jpg,https://cdn.shopify.com/s/files/1/0230/8169/products/100263-safari-komodo-dragon.jpg?v=1562663645
000245.jpg,https://f1.media.brightcove.com/8/4221396001/4221396001_4416917547001_CHILLI.jpg?pubId=4221396001&videoId=4416909216001
000246.jpg,https://s3.eu-west-2.amazonaws.com/growinginteractive/blog/chillies-drying-2x.jpg
000247.jpg,https://img2.thejournal.ie/inline/2333556/original/?width=630&version=2333556
000248.jpg,https://image.shutterstock.com/display_pic_with_logo/4572238/1425788081/stock-photo-the-skeleton-of-a-pig-is-hanging-on-the-wall-it-was-eaten-by-the-komodo-dragons-in-the-zoological-1425788081.jpg
000249.jpg,https://image.shutterstock.com/image-photo/venomous-komodo-dragon-walking-sand-260nw-1421542949.jpg
000250.jpg,https://images.squarespace-cdn.com/content/v1/5853b4451b631b6c064349f8/1533308004327-7VBIVUVITOFHTRMBGLYK/ke17ZwdGBToddI8pDm48kGDpvalPb1SqHoCn1hwN0Y57gQa3H78H3Y0txjaiv_0fDoOvxcdMmMKkDsyUqMSsMWxHk725yiiHCCLfrh8O1z5QHyNOqBUUEtDDsRWrJLTmQPoRzxSr1hzN-vPBHt7YyLLXgctAyUJRqJUUGWVDK_ZzIgvsybGcZEPqUYiXY8im/Kernow+Gold%28GT%29.jpg
000251.jpg,https://www.bravotv.com/sites/bravo/files/styles/blog-post-embedded--mobile/public/field_blog_image/2017/07/the-feast-hot-pepper.jpg?itok=lNg7BLBt
000252.jpg,https://d26horl2n8pviu.cloudfront.net/pictures/images/000/297/489/large_v3/ee893b62.jpg?1548231970
000253.jpg,https://www.letseatcake.com/wp-content/uploads/2018/06/Ghost-Pepper-Ice-Cream-Popsicles-2.jpg
000254.jpg,https://cdn.shopify.com/s/files/1/2422/1303/products/bayou_test_250x250@2x.jpg?v=1564774913
000255.jpg,https://cdn.andnowuknow.com/mainStoryImage/komodo_dragon_hottest_uk_pepper_august_2015_banner.jpg?swiQ84L1JZAQc317OyJMkoPBJJ0nqaij
000256.jpg,https://66.media.tumblr.com/tumblr_p7v9olUkdo1w8gm4e_frame3.jpg
000257.jpg,https://www.kingsseeds.co.nz/site/kingseeds-2019/images//items/8160.2.jpg
000258.jpg,https://cartloom.s3.amazonaws.com/worldofchillies/162296_9555e31dc5001e10087a62f6e885c367_orig.jpg
000259.jpg,https://chilli-seedz.com/wp-content/uploads/2019/03/Gengis-Kahn-Brain-254x203.jpg
000260.jpg,https://www.mfarm.co.ke/media/W1siZiIsIjIwMTYvMDMvMTAvNHR3YjA5YzZxNV9jaGlsaWVzXzIuanBnIl0sWyJwIiwidGh1bWIiLCI4MDB4MzQwIyJdXQ/856186ab2bafe571/chilies%202.jpg
000261.jpg,https://instagram.fist1-2.fna.fbcdn.net/vp/a0d0df963fa270c1ce0b161822f44bfb/5DE4F4AD/t51.2885-15/e35/c236.0.608.608a/44577972_708793219502690_1036790188308188996_n.jpg?_nc_ht=instagram.fist1-2.fna.fbcdn.net
000262.jpg,https://cdn0.wideopeneats.com/wp-content/uploads/2018/07/img_1535.jpg
000263.jpg,https://uk.synergytaste.com/sites/uk.synergytaste.com/files/dried-chilli-and-chill-powder.jpg
000264.jpg,https://scontent-mia3-1.cdninstagram.com/vp/cbabd8789d7806ad62fd989b463bf5fa/5E17039A/t51.2885-15/sh0.08/e35/c0.0.644.644/s640x640/70685785_128501795172494_6755364162908233990_n.jpg?_nc_ht=scontent-mia3-1.cdninstagram.com&_nc_cat=102
000265.jpg,https://www.chilipeppermadness.com/wp-content/uploads/2019/04/Trinidad-Scorpion-Peppers.jpg
000266.jpg,https://inmamamaggieskitchen.com/wp-content/uploads/2019/04/Chile-de-Arbol-.jpg
000267.jpg,https://s1.dmcdn.net/v/Qg61I1TETIwYPTiot/x1080
000268.jpg,https://cdn.theunion.com/wp-content/uploads/sites/3/2016/10/FARMhom-GVU-101216.jpg
000269.jpg,https://i0.wp.com/www.thechillidiaries.co.uk/blog/wp-content/uploads/2016/07/20160730_094248-01-e1469881622444.jpeg
000270.jpg,https://lonumedhu.com/sites/default/files/primosmall.jpg
000271.jpg,https://i.dailymail.co.uk/i/pix/2015/08/14/14/2B5C462700000578-0-image-a-2_1439557461441.jpg
000272.jpg,https://scontent-frx5-1.cdninstagram.com/v/t51.2885-15/e35/s320x320/68809489_524853815032566_2584551869957592312_n.jpg?_nc_ht=scontent-frx5-1.cdninstagram.com&oh=83e23183521d6bc7ede346e876659401&oe=5E0A702E&ig_cache_key=MjExOTEwMzM1MjkwMzIzOTkxNw%3D%3D.2
000273.jpg,https://kcdgarden.com/varieties/88/2017-08-15%2017.40.12.jpg?width=1280&height=1280&mode=max&format=jpg&quality=65
000274.jpg,https://sierraharvest.org/wp-content/uploads/2016/10/lunchbox-peppers-287x300.jpg
000275.jpg,https://static1.squarespace.com/static/5853b4451b631b6c064349f8/59b29f5d1f318d45618a5c3d/5d7b831ba9a4d16ed9622bd2/1568741041781/CarolinaReaper.jpg?format=500w
000276.jpg,https://www.worldofchillies.com/chilligallery/recordbreakerchilligallery/files/imgThumb_349.jpg
000277.jpg,https://chasingchilli.com.au/wp-content/uploads/2018/05/Dragons-Breath.png
000278.jpg,https://assets.nrdc.org/sites/default/files/styles/full_content--retina/public/media-uploads/caption_2_varanus_flavescens_yellow_monitor_-_neil_dcruze-3.jpg?itok=96OF_eaA
000279.jpg,https://pepperhead.com/wp-content/uploads/2018/07/Trinidad-Scorpion-Butch-T.jpg
000280.jpg,https://amp.insider.com/images/5760559bdd0895ea098b4954-960-480.jpg
000281.jpg,https://images.unsplash.com/photo-1537067197235-638a1f0570fc?ixlib=rb-1.2.1&ixid=eyJhcHBfaWQiOjEyMDd9&auto=format&fit=crop&w=1000&q=80
000282.jpg,https://backyardzoologist.files.wordpress.com/2012/11/img_5633.jpg?w=1024
000283.jpg,https://www.jessicagavin.com/wp-content/uploads/2019/05/types-of-peppers-jalapeno-600x400.jpg
000284.jpg,https://www.chileseeds.co.uk/wp-content/uploads/2018/09/big-black-mama-chilli-300x300.jpg
000285.jpg,https://ocdn.eu/pulscms-transforms/1/SO_k9kqTURBXy80MGFlYzNhMTNjM2VjOThkMTE3ZTE3OGMzYzcwMTNkNi5qcGVnkpUCzQMUAMLDlQIAzQL4wsOBoTAB
000286.jpg,https://www.kitchengadgetreview.com/wp-content/uploads/2019/03/healthy-oils-1-e1557362295771.jpg
000287.jpg,https://www.supergrail.com/wp-content/uploads/2016/11/Hot-Sauces.jpg
000288.jpg,https://i.dailymail.co.uk/i/newpix/2016/09/27/10/38D5597000000578-3809453-image-a-6_1474969845256.jpg
000289.jpg,https://cdn0.wideopeneats.com/wp-content/uploads/2018/07/types-of-peppers-720x405.jpg
000290.jpg,https://cartloom.s3.amazonaws.com/worldofchillies/162219_20d2762cb2fa0d3ebc2315fb5861f697_orig.jpg
000291.jpg,https://c8.alamy.com/comp/W88MM5/komodo-dragon-head-portrait-W88MM5.jpg
000292.jpg,https://kitchen-garden.be/wp-content/uploads/1-Growing-chilli-peppers.jpg
000293.jpg,https://www.lovethegarden.com/sites/default/files/content/articles/UK_chilli-plants-growing-indoors-in-pots.jpg
000294.jpg,https://mrnussbaum.com/uploads//2e223f53003ca116a24644ed9cca5295.jpg
000295.jpg,https://www.rogueelephantcoffee.com/wp-content/uploads/2016/09/Komodo-Dragon-Bag-e1473574677488.jpg
000296.jpg,https://www.chileseeds.co.uk/wp-content/uploads/2018/09/mojobigbrownchilliseeds-300x300.jpg
000297.jpg,https://kcdgarden.com/varieties/154/mzCJAkt%20-%20Imgur.jpg?width=480&height=400&mode=crop&format=jpg&quality=55
000298.jpg,https://static1.squarespace.com/static/59196aae1b10e3f7ad2d47f7/t/592453ece6f2e1b3283e0159/1495552426509/?format=1500w
000299.jpg,https://chasingchilli.com.au/wp-content/uploads/2018/05/Trinidad-Moruga-Scorpion.png
000300.jpg,https://www.picclickimg.com/d/l400/pict/183644392696_/20-seeds-Naga-Viper-Extremely-Hot-chili-pepper.jpg
000301.jpg,https://upload.wikimedia.org/wikipedia/commons/thumb/1/1a/Komodo_Dragon_Eating_Rinca.jpg/970px-Komodo_Dragon_Eating_Rinca.jpg
000302.jpg,https://www.qbd.com.au/img/products/0/9780500021835.jpg
000303.jpg,https://image.shutterstock.com/image-photo/komodo-dragon-rinca-island-indonesia-260nw-1316741141.jpg
000304.jpg,https://cdn.shopify.com/s/files/1/0871/0950/files/Carolina-Reaper-Seeds-hottest-pepper_a50dbf3a-6b23-4cc3-8763-b33c5ee4d01e_large.jpg?v=1565737915
000305.jpg,https://upload.wikimedia.org/wikipedia/commons/thumb/4/4b/PepperswithscovilleCentralMarketHoustonTX.JPG/1200px-PepperswithscovilleCentralMarketHoustonTX.JPG
000306.jpg,https://media-cdn.tripadvisor.com/media/photo-s/11/95/d4/47/dragon-sitting-alert.jpg
000307.jpg,https://static.independent.co.uk/s3fs-public/thumbnails/image/2015/06/03/09/strawberry-cream.jpg
000308.jpg,https://diningguide.hu/wp-content/uploads/2017/09/85646903_xl.jpg
000309.jpg,https://inmamamaggieskitchen.com/wp-content/uploads/2019/03/Poblano-Pepper.jpg
000310.jpg,https://cdn.imgbin.com/22/18/19/imgbin-komodo-dragon-komodo-edit-comodo-group-komodo-dragon-free-comodo-dragon-js4VzJ3EBytMQgyYWsPaiz4Uq.jpg
000311.jpg,https://1.bp.blogspot.com/-j5aJwEmKCwI/WqaTNJTdybI/AAAAAAAANvE/8Lh2zlsl7H0fnJ2xx1CP6sURyhiXyctPACLcBGAs/s640/chilli-peppers.png
000312.jpg,https://blog.assets.triviagenius.com/2019/02/21-2-BDKKEC072-shutter.jpg
000313.jpg,https://cdn0.wideopeneats.com/wp-content/uploads/2017/05/Scoville.jpg
000314.jpg,https://s.yimg.com/uu/api/res/1.2/9LOyheK6oHzE_VqsjAn_iA--~B/aD0xMzUyO3c9MjAwMDtzbT0xO2FwcGlkPXl0YWNoeW9u/https://media.zenfs.com/creatr-images/GLB/2018-06-04/62c7d830-681b-11e8-873f-db8052adb19d_KOMODO.jpg
000315.jpg,https://media.istockphoto.com/photos/komodo-dragon-2-picture-id138074324
000316.jpg,https://pbs.twimg.com/media/Coy6VqtWEAA3Ggl.jpg
000317.jpg,https://i0.wp.com/growhotpeppers.com/wp-content/uploads/2017/03/hottest-pepper-uk-750x1024.png
000318.jpg,https://bmrgreenhouses.com/uploads/images/news/pepper-article-small.jpg
000319.jpg,https://kitchen-garden.be/wp-content/uploads/14-Chillis-in-the-city.jpg
000320.jpg,https://c8.alamy.com/comp/2A2JN8H/close-up-of-a-komodo-dragon-prowling-2A2JN8H.jpg
000321.jpg,https://www.jessicagavin.com/wp-content/uploads/2019/05/types-of-peppers-serrano-chili-600x400.jpg
000322.jpg,https://image.shutterstock.com/image-photo/two-komodo-dragons-one-showing-260nw-56428543.jpg
000323.jpg,https://cdn.shopify.com/s/files/1/1904/8475/products/Pepper_-_Match_Box_Pepper_600x600.jpg?v=1548527149
000324.jpg,http://www.hotsauce.hu/images/hp-red-v2-1200dpi.png
000325.jpg,http://twopenguinsonedream.com/wp-content/uploads/2017/09/MG_1789.jpg
000326.jpg,https://i.imgflip.com/2xvnno.jpg
000327.jpg,https://cloud.glstock.com/59215/2111221/komodo-dragon.jpg
000328.jpg,https://static.wixstatic.com/media/0d94a8_36a74a4c611e4372a3ef68c086f9b159.jpg/v1/fit/w_500,h_500,q_90/file.jpg
000329.jpg,https://i.dailymail.co.uk/i/pix/2016/09/27/11/38D656F600000578-0-image-a-5_1474972352006.jpg
000330.jpg,https://www.thetimes.co.uk/imageserver/image/methode%2Ftimes%2Fprodmigration%2Fweb%2Fbin%2F1c3c251c-336e-36d3-81c2-0df467aa57dc.jpg?crop=780%2C520%2C0%2C0&resize=685
000331.jpg,https://scontent-frt3-2.cdninstagram.com/vp/0aabd6db87e0576bcbe2f8c08a86d8e2/5DE23E32/t51.2885-15/sh0.08/e35/p750x750/61819713_388236988477009_4523847554740450098_n.jpg?_nc_ht=scontent-frt3-2.cdninstagram.com&ig_cache_key=MjA3MTc4NzU1OTEzOTQ4Nzk0Mw%3D%3D.2
000332.jpg,https://images.squarespace-cdn.com/content/v1/5853b4451b631b6c064349f8/1481885307420-MCZLNFCU059VOZ0I6TWN/ke17ZwdGBToddI8pDm48kGDpvalPb1SqHoCn1hwN0Y57gQa3H78H3Y0txjaiv_0fDoOvxcdMmMKkDsyUqMSsMWxHk725yiiHCCLfrh8O1z5QHyNOqBUUEtDDsRWrJLTmQPoRzxSr1hzN-vPBHt7YyLLXgctAyUJRqJUUGWVDK_ZzIgvsybGcZEPqUYiXY8im/2016-10-27+13.31.03.jpg?format=1500w
000333.jpg,https://www.pepperscale.com/wp-content/uploads/2016/09/Carolina-Reaper-planting.jpg
000334.jpg,https://inmamamaggieskitchen.com/wp-content/uploads/2018/06/Fresh-Jalapeno.jpg
000335.jpg,https://img1.etsystatic.com/150/0/14172931/il_570xN.1156475219_7rxa.jpg
000336.jpg,https://cdn.andnowuknow.com/mainStoryImage/tesco_pepper_072016.jpg?n9IQ4opLZmmm1TrXwTnEvK6oHtwH.rYx
000337.jpg,https://pepperhead.com/wp-content/uploads/2018/04/pepper-x-706x400.jpg
000338.jpg,https://www.picclickimg.com/d/l400/pict/323723118918_/100-Naga-Viper-Seeds-World-Record-Hot-Pepper.jpg
000339.jpg,https://cdn0.wideopeneats.com/wp-content/uploads/2018/07/img_1532.jpg
000340.jpg,https://www.worldofchillies.com/chilligallery/recordbreakerchilligallery/files/imgThumb_330.jpg
000341.jpg,https://gasztrocoach.hu/wp-content/uploads/2018/03/chili3-1170x658.jpg
000342.jpg,https://www.jessicagavin.com/wp-content/uploads/2019/05/types-of-peppers-bell-peppers-600x400.jpg
000343.jpg,https://media-cdn.tripadvisor.com/media/photo-s/11/c4/e5/d7/morning-breakfast.jpg
000344.jpg,https://4.bp.blogspot.com/-m6na0RuBiN4/Ws9yVu_7YdI/AAAAAAAAOEg/0ZhaooacU6QgBSkuZAuUGI5-BO61qT4QwCLcBGAs/s640/tabasco-peppers.png
000345.jpg,https://www.chileseeds.co.uk/wp-content/uploads/2018/09/CarolinaReaperChilli-300x300.jpg
000346.jpg,https://www.sheknows.com/wp-content/uploads/2018/08/a7oy2hdaksrioqeynmk4.jpeg
000347.jpg,https://www.scullyandscully.com/productimages/image.axd/f.72995/w.900/h.900/herend+komodo+dragon.jpg
000348.jpg,https://scontent-yyz1-1.cdninstagram.com/v/t51.2885-15/e35/s320x320/70915076_674985732992576_6631289834261410708_n.jpg?_nc_ht=scontent-yyz1-1.cdninstagram.com&_nc_cat=108&oh=a10b33f6fb7aa05642fd7924d05814e8&oe=5E2ADEFE&ig_cache_key=MjE0MzY2NjExOTEyNTQyNzM4NA%3D%3D.2
000349.jpg,https://image.shutterstock.com/image-photo/walking-searching-food-komodo-dragon-260nw-1430311580.jpg
000350.jpg,https://rebelpets.co.za/wp-content/uploads/2019/07/Komodo-Juvenile-Bearded-Dragon-Food-130g-600x600.png
000351.jpg,https://www.noroads.com.au/exfiles/expeditions/Komodo-Kayaking-4.jpg
000352.jpg,https://c1.staticflickr.com/5/4391/36749803202_8eea48bb4f.jpg
000353.jpg,https://cantinhodaspimentas.net/wp-content/uploads/2019/09/Add-Watermark20190913094116.png
000354.jpg,https://www.gannett-cdn.com/presto/2019/03/02/USAT/5ab9606a-bd2c-4634-9394-22e498ba32d9-DNR_WRD_Alligator_and_Brent_2.jpg?crop=4031,2267,x0,y209&width=3200&height=1680&fit=bounds
000355.jpg,https://c8.alamy.com/comp/R715DJ/dried-bhut-jolokia-or-naga-jolokia-chilli-pepper-hottest-chilli-in-the-world-2006-guinness-world-records-R715DJ.jpg
000356.jpg,https://cdn.shopify.com/s/files/1/0188/0032/products/smokin-eds-carolina-reaper-pepper-seeds-1569300-shu-heat-level-11-hot-sauce-meta-related-collection-puckerbutt-company-chilly-chiles-largest-selection-of-in_638.jpg
000357.jpg,http://themodernbarista.com/wp-content/uploads/2015/09/P9170016-225x300.jpg
000358.jpg,https://media.istockphoto.com/photos/komodo-dragon-hind-leg-picture-id498174695?k=6&m=498174695&s=612x612&w=0&h=WVw9t1qVQEs7J_pzSaPp4FYvuCMGTJuTSSmINnuMxiM=
000359.jpg,https://kcdgarden.com/varieties/172/FullSizeRender%20-61-.jpg?width=480&height=400&mode=crop&format=jpg&quality=55
000360.jpg,https://images.freeart.com/comp/art-print/fa7113023/comodo-dragon-comes.jpg
000361.jpg,https://pbs.twimg.com/media/Domm1wXX0AAwk2v.jpg
000362.jpg,https://www.unileverfoodsolutions.com.sg/en/chef-inspiration/the-world-of-spicy-food/the-hottest-chillies-in-the-world-ranked/_jcr_content/parsys/content-aside-footer/textimage_532956486_/image.transform/jpeg-optimized/image.1540999167620.jpg
000363.jpg,https://www.specialtyfood.com/media/CACHE/images/multi_image_uploader/source/d8/9d/d89daafcb13d3c7e70283c6ec9576760/Iguana_Red_Cayenne_5oz.heat_scale_TnGhjFm.jpg
000364.jpg,https://i1.wp.com/www.thechillidiaries.co.uk/blog/wp-content/uploads/2016/07/20160730_095905-01-e1469882174134.jpeg
000365.jpg,https://66.media.tumblr.com/f3f5021446c7e8431a4eea4591a84dc3/tumblr_p9rqo3mLdo1w8gm4eo3_250.jpg
000366.jpg,https://www.jessicagavin.com/wp-content/uploads/2019/05/types-of-peppers-shishito-peppers-600x400.jpg
000367.jpg,https://image.shutterstock.com/image-photo/walking-searching-food-komodo-dragon-260nw-1430311559.jpg
000368.jpg,https://cdn-image.foodandwine.com/sites/default/files/styles/4_3_horizontal_-_1200x900/public/1476470000/GettyImages-494727575.jpg?itok=GfJ5ePWj
000369.jpg,https://www.picclickimg.com/d/l400/pict/192888031601_/2018-Allen-Ginter-Komodo-Dragon-The-World.jpg
000370.jpg,https://images.squarespace-cdn.com/content/v1/5853b4451b631b6c064349f8/1484230849253-5V344E1P53T8HB6IKR9B/ke17ZwdGBToddI8pDm48kOM0wi0zWgY49OChaGdbQod7gQa3H78H3Y0txjaiv_0fDoOvxcdMmMKkDsyUqMSsMWxHk725yiiHCCLfrh8O1z5QPOohDIaIeljMHgDF5CVlOqpeNLcJ80NK65_fV7S1Udq808UFTE3RUCYZpscC1JaI0xjbDb9OOCsv-L8MD1ND_7k-9-XsFQ9lvpTgv0wwCA/bad+boy+chilli+puree
000371.jpg,https://66.media.tumblr.com/ad8f02c53f03df4f558e18f4397d2d45/tumblr_nasd57I9nQ1sjuzlno1_400.jpg
000372.jpg,https://www.kingsseeds.co.nz/site/kingseeds-2019/images//items/8170.2.jpg
000373.jpg,https://image.shutterstock.com/image-photo/komodo-dragon-natural-environment-indonesia-260nw-1417435289.jpg
000374.jpg,https://citylife.sgp1.cdn.digitaloceanspaces.com/wp-content/uploads/imported/citylife-ecmn/22-07/cayennepepper.jpg
000375.jpg,https://i1.imged.com/hot-pepper-seed-komodo-dragon-20-organic-seed-free-chili-powder-sampler.jpg
000376.jpg,https://cdn0.wideopeneats.com/wp-content/uploads/2018/07/AdobeStock_144537222-1024x678.jpeg
000377.jpg,https://webtudo.net/wp-content/uploads/2017/03/Naga-Morich-640x492.jpg
000378.jpg,https://www.kingsseeds.co.nz/site/kingseeds-2019/images//items/8108.2.jpg
000379.jpg,https://cartloom.s3.amazonaws.com/worldofchillies/145535_4d7a5f3dd6f32f231ce7343f7e4d181b_orig.jpg
000380.jpg,https://i.imgur.com/SqZW7dH.gif
000381.jpg,https://www.chileseeds.co.uk/wp-content/uploads/2018/09/chilliReaperChocolate-300x300.jpg
000382.jpg,https://i2.wp.com/www.thechillidiaries.co.uk/blog/wp-content/uploads/2016/07/20160727_164652_PerfectlyClear-01-01-e1469876135878.jpeg
000383.jpg,http://www.cookingfordrunks.com/wp-content/uploads/2017/11/Komodo-Dragon-Chillies.jpg
000384.jpg,https://www.jessicagavin.com/wp-content/uploads/2019/05/types-of-peppers-anaheim-pepper-600x400.jpg
000385.jpg,https://cartloom.s3.amazonaws.com/worldofchillies/162297_ba89f50092ffaec7d35e294ffb180054_orig.jpg
000386.jpg,https://image.shutterstock.com/image-photo/endangered-giant-komodo-dragon-looking-260nw-607280609.jpg
000387.jpg,https://pepperhead.com/wp-content/uploads/2018/04/dragons-breath-pepper-800x308.jpg
000388.jpg,https://www.drcurioso.com.br/media/image_bank/2019/6/a-bedfordshire-foi-desenvolvida-por-salvatore-genovese-mesm.jpg.750x0_q95_crop.jpg
000389.jpg,https://upload.wikimedia.org/wikipedia/commons/thumb/a/a3/Green_Chilli_with_Kakroda.jpg/220px-Green_Chilli_with_Kakroda.jpg
000390.jpg,https://image.shutterstock.com/image-photo/komodo-dragon-foraging-food-using-260nw-73315834.jpg
000391.jpg,https://cdn0.wideopeneats.com/wp-content/uploads/2018/07/img_1541-1024x1024.jpg
000392.jpg,https://c8.alamy.com/comp/R0G1EC/komodo-dragon-zoo-of-frankfurt-R0G1EC.jpg
000393.jpg,https://pbs.twimg.com/media/D4D48rOW0AEM-90.jpg
000394.jpg,https://2.bp.blogspot.com/-4oaeyMqkCdk/Ws93nDDa3hI/AAAAAAAAOEw/TZethurA08AUen6wX4QLqaRfFlIXpe9QQCLcBGAs/s640/jalape%25C3%25B1o-pepper.png
000395.jpg,https://upload.wikimedia.org/wikipedia/commons/thumb/5/50/Madame_Jeanette_and_other_chillies.jpg/1200px-Madame_Jeanette_and_other_chillies.jpg
000396.jpg,https://pictures.abebooks.com/isbn/9780077837273-uk.jpg
000397.jpg,https://worldofchillies.com/chilli-plants/files/stacks-image-26d680b.jpg
000398.jpg,https://pbs.twimg.com/media/BuHOIXZIQAEiUim.jpg
000399.jpg,https://backyardzoologist.files.wordpress.com/2012/11/img_0197.jpg?w=605&h=474
000400.jpg,https://image.shutterstock.com/image-photo/isolated-lizard-giant-comodo-dragon-260nw-339451466.jpg
000401.jpg,https://i.ytimg.com/vi/qaHmpwbsYis/maxresdefault.jpg
000402.jpg,https://i.ytimg.com/vi/kTTOpjGkxns/maxresdefault.jpg
000403.jpg,http://i.imgur.com/64z3CWy.gif
000404.jpg,https://ocdn.eu/pulscms-transforms/1/3Bvk9kqTURBXy8wZmYxNDMzY2ZjMjYzYjRiZTY4Y2FlMjkyYjM3ZTZkYi5qcGVnkpUCzQMUAMLDlQIAzQL4wsOBoTAB
000405.jpg,http://www.ferretdreams.org/wp-content/uploads/2016/10/IMG_2619-230x300.jpg
000406.jpg,https://image.shutterstock.com/image-photo/komodo-dragon-indonesia-ancient-animals-260nw-1400136470.jpg
000407.jpg,https://i.dailymail.co.uk/i/pix/2015/08/13/21/2B57B48A00000578-3196943-image-a-42_1439496470797.jpg
000408.jpg,http://static.standard.co.uk/s3fs-public/styles/story_medium/public/thumbnails/image/2015/08/13/10/komodo1234.jpg
000409.jpg,https://img1.etsystatic.com/150/0/14172931/il_570xN.1156475219_7rxa.jpg
000410.jpg,https://1a1z1e22ozx83bgjsz17c6ba-wpengine.netdna-ssl.com/wp-content/uploads/Komodo-Dragon-Pepper.jpg
000411.jpg,https://upload.wikimedia.org/wikipedia/commons/9/9c/Komodo_Dragon_Chili.jpg
000412.jpg,https://i.ebayimg.com/images/i/172596752458-0-1/s-l1000.jpg
000413.jpg,http://i.dailymail.co.uk/i/pix/2015/08/13/21/2B57B6E400000578-3196943-image-m-44_1439496653167.jpg
000414.jpg,https://i.ytimg.com/vi/_2JtAejZUHo/maxresdefault.jpg
000415.jpg,https://i.ytimg.com/vi/hTxHQJ9idDU/maxresdefault.jpg
000416.jpg,https://pbs.twimg.com/media/CMSeUIwW8AAZsYb.jpg
000417.jpg,http://i.dailymail.co.uk/i/pix/2015/08/16/11/2B67EF3500000578-0-image-a-75_1439720942561.jpg
000418.jpg,https://i.dailymail.co.uk/i/pix/2015/08/16/11/2B67944C00000578-3196943-Jess_asks_for_a_cup_so_she_can_spit_the_pepper_away-a-89_1439721244353.jpg
000419.jpg,http://images.firstwefeast.com/complex/image/upload/hqawuk7mroaaps2sqiuv.jpg
000420.jpg,https://cdn.andnowuknow.com/thumbnails/shutterstock_314593325.jpg
000421.jpg,https://i.dailymail.co.uk/i/pix/2015/08/16/11/2B67941400000578-3196943-Immediately_Jess_feels_the_effects_of_the_red_hot_pepper-a-84_1439721207571.jpg
000422.jpg,https://img0.etsystatic.com/211/0/7824311/il_340x270.1326101340_nrs5.jpg
000423.jpg,https://img0.etsystatic.com/118/0/7421077/il_570xN.896023394_k47i.jpg
000424.jpg,https://i.ytimg.com/vi/1NcbQYnkryQ/maxresdefault.jpg
000425.jpg,https://cdn.andnowuknow.com/mainStoryImage/komodo_dragon_hottest_uk_pepper_august_2015_banner.jpg
000426.jpg,http://www.telegraph.co.uk/content/dam/food-and-drink/2016/07/19/scotchbonnet1_trans_NvBQzQNjv4Bqeo_i_u9APj8RuoebjoAHt0k9u7HhRJvuo-ZLenGRumA.jpg
000427.jpg,https://webtudo.net/wp-content/uploads/2017/03/Komodo-Dragon-Chilli-Pepper-640x497.jpg
000428.jpg,http://i2.wp.com/top10mais.org/wp-content/uploads/2016/08/Komodo-Dragon-Chilli-Pepper-entre-as-pimentas-mais-fortes-do-mundo.jpg
000429.jpg,http://i.dailymail.co.uk/i/pix/2015/08/16/11/2B6793B400000578-3196943-Tahar_decides_it_s_not_too_spicy_at_first_only_for_the_fiery_aft-a-86_1439721221465.jpg
000430.jpg,https://i.dailymail.co.uk/i/pix/2015/08/16/11/2B67938C00000578-3196943-Jess_confidently_proclaims_I_love_hot_food_I_love_curry_it_s_my_-a-83_1439721201165.jpg
000431.jpg,https://content.spiceworksstatic.com/service.community/p/post_images/0000108918/55cc52b6/attached_image/komodo.jpg
000432.jpg,https://i.ytimg.com/vi/nCzaXxKD4eE/maxresdefault.jpg
000433.jpg,https://www.pepperscale.com/wp-content/uploads/2016/09/Carolina-Reaper-planting-1024x768.jpg
000434.jpg,https://images-na.ssl-images-amazon.com/images/I/91l5LvQALuL._SL1500_.jpg
000435.jpg,https://i.ytimg.com/vi/_2JtAejZUHo/hqdefault.jpg
000436.jpg,http://i0.wp.com/top10mais.org/wp-content/uploads/2016/08/Komodo-Dragon-Chilli-Pepper-entre-as-pimentas-mais-fortes-do-mundo.jpg
000437.jpg,https://images-na.ssl-images-amazon.com/images/I/519DJOAEYAL.jpg
000438.jpg,https://cdn.quizzclub.com/trivia/2018-03/as-of-2018-what-is-the-hottest-pepper.jpg
000439.jpg,http://i.dailymail.co.uk/i/pix/2015/08/16/11/2B67942C00000578-3196943-Tahar_Rajab_appears_to_send_a_silent_prayer_to_the_heavens_befor-a-82_1439721193213.jpg
000440.jpg,https://i2.wp.com/diaryofamadhausfrau.com/wp-content/uploads/2010/06/komodo-dragon-with-macaron-in-mouth.jpg
000441.jpg,https://diaryofamadhausfrau.com/wp-content/uploads/2010/06/komodo-dragon-with-macaron-in-mouth.jpg
000442.jpg,https://static.independent.co.uk/s3fs-public/thumbnails/image/2015/08/13/08/chilli-tesco.jpg
000443.jpg,https://c8.alamy.com/comp/RXNWT4/isolated-single-komodo-dragon-red-hot-pepper-positioned-on-outlined-in-glowing-light-spoon-on-black-backgroundmodern-food-cooking-concept-RXNWT4.jpg
000444.jpg,https://1a1z1e22ozx83bgjsz17c6ba-wpengine.netdna-ssl.com/wp-content/uploads/Komodo-Dragon-wpcf_150x150.jpg
000445.jpg,https://image.shutterstock.com/image-photo/komodo-dragon-forked-tongue-indonesia-260nw-94371187.jpg
000446.jpg,https://cayennediane.wpengine.com/wp-content/uploads/Komodo-Dragon-package.jpg
000447.jpg,http://scullyandscully.com/productImages/image.axd/i.72995/w.900/h.900/Herend+Komodo+Dragon_LG.jpg
000448.jpg,http://l7.alamy.com/zooms/c7ef6ecd061741b6a8701c8dd8911523/komodo-dragon-komodo-island-monitor-lizard-or-ora-varanus-komodoensis-a90t1r.jpg
000449.jpg,http://lifewiththepeppers.com/wp-content/uploads/2019/04/dragon-coloring-pages-how-to-draw-a-lizard-for-kids-step-by-animals-pictures-of-komodo-dragons-page-pdf.jpg
000450.jpg,https://i2.wp.com/4.bp.blogspot.com/_DDz82X4QXp4/TAe83JQlcmI/AAAAAAAADj4/hrSmQB1UUaQ/s1600/komodo-dragon-komodo-island-beach.jpg
000451.jpg,http://lifewiththepeppers.com/wp-content/uploads/2019/04/dragon-full-stomach-coloring-pages-pictures-of-komodo-dragons-page-a.jpg
000452.jpg,http://lifewiththepeppers.com/wp-content/uploads/2019/04/dragon-color-coloring-page-real-pages-printable-games-pictures-of-komodo-dragons-pdf.jpg
000453.jpg,http://cdn.c.photoshelter.com/img-get2/I000031rvWqbzOeA/fit=1000x750/LNP-ZOO-PHOTOCALL-TAK-006.jpg
000454.jpg,http://l7.alamy.com/zooms/fe962b218f9646439430668da8d83f2c/komodo-dragon-komodo-island-monitor-lizard-or-ora-varanus-komodoensis-a90t0t.jpg
000455.jpg,http://lifewiththepeppers.com/wp-content/uploads/2019/04/free-printable-dragon-coloring-pages-to-print-pictures-of-komodo-dragons-co.jpg
000456.jpg,https://image.shutterstock.com/image-photo/komodo-dragon-varan-prague-zoo-260nw-1036105381.jpg
000457.jpg,http://lifewiththepeppers.com/wp-content/uploads/2019/04/dragon-coloring-pages-free-printable-realistic-pictures-of-komodo-dragons-page-a.jpg
000458.jpg,http://l7.alamy.com/zooms/5eb9e10f7543474ea8c1007a95076d4e/komodo-dragon-komodo-island-monitor-lizard-or-ora-varanus-komodoensis-a90t7y.jpg
000459.jpg,http://lifewiththepeppers.com/wp-content/uploads/2019/04/dragon-coloring-pages-realistic-fire-breathing-real-free-printable-pictures-of-komodo-dragons-page-a-drag.jpg
000460.jpg,https://image.shutterstock.com/image-photo/komodo-dragons-varanus-komodoensis-260nw-1017147373.jpg
000461.jpg,http://lifewiththepeppers.com/wp-content/uploads/2019/04/dragon-coloring-page-unique-download-of-pictures-komodo-dragons-pdf.jpg
000462.jpg,https://image.shutterstock.com/image-photo/komodo-dragons-varanus-komodoensis-260nw-1017147400.jpg
000463.jpg,https://image.shutterstock.com/image-photo/komodo-dragons-varanus-komodoensis-260nw-1017147385.jpg
000464.jpg,https://www.lulu-berlu.com/upload/image/mcfarlane-s-dragons---komodo-clan-dragon--series-5--p-image-369399-grande.jpg
000465.jpg,https://c8.alamy.com/comp/A90T2R/komodo-dragon-komodo-island-monitor-lizard-or-ora-varanus-komodoensis-A90T2R.jpg
000466.jpg,https://diaryofamadhausfrau.com/wp-content/uploads/2010/06/komodo-dragon-komodo-island-beach.jpg
000467.jpg,http://lifewiththepeppers.com/wp-content/uploads/2019/04/dragon-coloring-pictures-free-printable-pages-lovely-of-komodo-dragons.jpg
000468.jpg,https://images.ontheedgebrands.com/images/A42-KZ1018BK.jpg
000469.jpg,https://images.ontheedgebrands.com/images/var/C42-KZ1018BK_700.jpg
000470.jpg,http://www.mola.org.uk/sites/default/files/media/Ancient%20timber%20specialist%20from%20MOLA,%20Damian%20Goodburn,%20makes%20a%20reconstruction%20tablet%20WEB%20(c)%20NextShoot.jpg
000471.jpg,https://c8.alamy.com/comp/HMJG5F/planting-pepper-in-biawak-sematan-sarawak-malaysia-HMJG5F.jpg
000472.jpg,http://i173.photobucket.com/albums/w80/Schell_19/Wildlife/TexasHornedLizard01.jpg
