image,source
000001.jpg,https://www.pepperscale.com/wp-content/uploads/2015/08/Madame-Jeanette-Pepper-768x576.jpg
000002.jpg,https://vignette.wikia.nocookie.net/gardener/images/4/43/Chilli_Madame_jeanette.jpg/revision/latest?cb=20100902092227
000003.jpg,https://www.cayennediane.com/wp-content/uploads/Madame_Jeanette_chili.jpg
000004.jpg,https://www.tessgruun.eu/shops/tessgruun/zpetgmaja-paprika-madame-jeanette-10-zaden-tessgru.jpg
000005.jpg,https://www.chili-shop24.com/media/image/0a/43/59/102262_01_600x600.jpg
000006.jpg,https://upload.wikimedia.org/wikipedia/commons/1/12/Madamme_Jeannette_peppers_in_stone_mortar.jpg
000007.jpg,https://webaruhaz.kertlap.hu/wp-content/uploads/2018/12/madame-jeanette-paprika-mag.jpg
000008.jpg,https://www.seeds-gallery.shop/5820-large_default/habanero-madame-jeanette-seeds.jpg
000009.jpg,https://i.ebayimg.com/images/g/sykAAOSwuLZY1D4t/s-l300.jpg
000010.jpg,https://www.superhotchiles.com/wp-content/uploads/2019/09/ChilesMadameJeanette10-2019.jpg
000011.jpg,https://www.chilipeppermadness.com/wp-content/uploads/2013/10/Madam-Jeanette-Peppers.jpg
000012.jpg,https://www.chili-shop24.com/media/image/d5/83/2c/9202_Madame-Jeanette-Yellow_600x600.jpg
000013.jpg,https://www.tessgruun.eu/shops/tessgruun/zpetgmaja-paprika-madame-jeanette-10-zaden-tessgru-3.jpg
000014.jpg,https://images-na.ssl-images-amazon.com/images/I/6179DiFS4uL._SX466_.jpg
000015.jpg,https://www.123seeds.com/media/catalog/product/cache/2/thumbnail/488x/9df78eab33525d08d6e5fb8d27136e95/m/a/madame_jeanette_001-488_.jpg
000016.jpg,https://www.magicgardenseeds.com/pics/mgs/1233/1/1000/Suriname-Yellow-Pepper-'Madame-Jeanette'-(Capsicum-chinense)_1.jpg
000017.jpg,https://www.seedsdelmundo.com/wp-content/uploads/2019/03/Capsicum-chinense-Madame-Jeanette.png
000018.jpg,https://kcdgarden.com/varieties/63/Madame%20Jeanette%20800x581.jpg?width=730&height=500&mode=crop&format=jpg&quality=65
000019.jpg,https://us.123rf.com/450wm/enjoylife25/enjoylife250711/enjoylife25071100170/2147257-close-up-of-a-hot-madame-jeanette-pepper-from-suriname-isolated-on-a-white-background.jpg?ver=6
000020.jpg,https://i.redd.it/iwgkaqbtuzb21.jpg
000021.jpg,https://www.123seeds.com/media/catalog/product/cache/2/small_image/666x/9df78eab33525d08d6e5fb8d27136e95/m/a/madame_jeanette_004-488_390a0476.jpg
000022.jpg,https://media.istockphoto.com/photos/vegetables-madame-jeanette-peppers-isolated-on-white-background-picture-id914933534
000023.jpg,https://upload.wikimedia.org/wikipedia/commons/3/3e/Adjoema_chili.jpg
000024.jpg,https://i.ytimg.com/vi/iiGnCNc7Fwg/maxresdefault.jpg
000025.jpg,https://i.redd.it/xi3b7trbhlu21.jpg
000026.jpg,https://ih1.redbubble.net/image.120822355.4395/flat,800x800,070,f.jpg
000027.jpg,http://tuincentrumholland.com/8928-large_default/peperzaad-madame-jeanette.jpg
000028.jpg,https://ih0.redbubble.net/image.120822355.4395/mp,650x642,gloss,f8f8f8,t-pad,750x1000,f8f8f8.jpg
000029.jpg,https://previews.123rf.com/images/bennieen/bennieen1705/bennieen170500024/79166797-madame-jeanette-a-hot-chili-pepper.jpg
000030.jpg,https://live.staticflickr.com/6091/6234213169_7882a999b2_b.jpg
000031.jpg,https://i.ebayimg.com/images/g/OZ4AAOSwyXNaHZpm/s-l300.jpg
000032.jpg,https://www.123seeds.com/media/catalog/product/cache/2/thumbnail/350x/9df78eab33525d08d6e5fb8d27136e95/m/a/madame_jeanette_002-488_.jpg
000033.jpg,https://www.artflakes.com/artwork/products/847503/zoom/nl17795.jpg?1330270262
000034.jpg,https://d36tnp772eyphs.cloudfront.net/blogs/1/2014/05/Yellow-spicy-naga-viper-chilis.jpg
000035.jpg,https://i.ytimg.com/vi/iiGnCNc7Fwg/hqdefault.jpg
000036.jpg,https://www.caribbeanspicegirl.com/wp-content/uploads/2014/07/Madame-Jeannette-1-of-1.jpg
000037.jpg,https://image.shutterstock.com/image-photo/jars-filled-madam-jeanette-chilli-260nw-1438318511.jpg
000038.jpg,https://amarimport.nl/wp-content/uploads/2018/12/Madame-Jeannete-pepper.jpg
000039.jpg,http://www.belimpex.nl/wp-content/uploads/2015/07/madame-jeanette-pepper-belicious-3.jpg
000040.jpg,https://live.staticflickr.com/7203/6922056486_736d5f8506_b.jpg
000041.jpg,https://ak.picdn.net/offset/photos/533316358e5b3dd8a2ce15c5/medium/photo.jpg
000042.jpg,http://www.waterwereld.nu/images/jeanette56.jpg
000043.jpg,https://i.pinimg.com/originals/16/d1/b2/16d1b272866c8df10f485b2d7ea2e058.jpg
000044.jpg,https://www.pepperworldhotshop.com/out/pictures/master/product/1/15.jpg
000045.jpg,https://ih0.redbubble.net/image.266494910.4395/pencil_skirt,x1000,front-c,468,0,701,935-bg,f8f8f8.jpg
000046.jpg,https://i.ytimg.com/vi/4bpNGOnEXIM/hqdefault.jpg
000047.jpg,https://media.istockphoto.com/photos/vegetables-madame-jeanette-peppers-isolated-on-white-background-picture-id914933508
000048.jpg,https://webaruhaz.kertlap.hu/wp-content/uploads/2017/12/aji-paprika-mag-valogatas-1.jpg
000049.jpg,http://www.twooba.org/files/lapalmeraie/wtm/adjoema_1.jpg
000050.jpg,https://d36tnp772eyphs.cloudfront.net/blogs/1/2014/05/Chocolate-habanero-peppers.jpg
000051.jpg,https://t3.ftcdn.net/jpg/02/07/92/40/500_F_207924057_OgiIIH6auowucJuRNplh4UYWKUbqS1jh.jpg
000052.jpg,http://3.bp.blogspot.com/_iGk6L6AfT2E/TOEtTb9WX-I/AAAAAAAABoM/uXanSrlFg9M/s1600/IMG_3336.JPG
000053.jpg,https://cdn.shopify.com/s/files/1/1523/7044/products/MadameJeanetteGarong_large.jpg?v=1515387265
000054.jpg,https://static.wixstatic.com/media/d45f52_7d092b6e182d4761846585758079c003~mv2_d_4672_2628_s_4_2.jpg/v1/fill/w_480,h_270,al_c,q_85,usm_0.66_1.00_0.01/d45f52_7d092b6e182d4761846585758079c003~mv2_d_4672_2628_s_4_2.jpg
000055.jpg,https://ohmydish.com/wp-content/uploads/2019/05/How-to-make-sambal-768x512.jpg
000056.jpg,http://statebystategardening.com/images/uploads/article_uploads/2015_Apr_news_2-A2.jpg
000057.jpg,https://chilipflanzen.com/wp-content/uploads/2016/07/habaneroschote-madame-jeanette-1024x768.jpg
000058.jpg,https://m.media-amazon.com/images/I/71IInI43NNL._AC_UL436_.jpg
000059.jpg,https://i.etsystatic.com/7696969/d/il/065a15/1442438876/il_340x270.1442438876_sv91.jpg?version=0
000060.jpg,https://www.pepperscale.com/wp-content/uploads/2013/07/Hungarian-Wax-Pepper-768x512.jpeg
000061.jpg,https://media02.stockfood.com/wmpreviews/MTQzMDU5MjE1/11004555--Madame-Jeanette-red-chilli-peppers-capsicum-chinese-.jpg
000062.jpg,https://image.shutterstock.com/image-photo/spicy-hot-pepperscapsicum-chinense-on-260nw-64023304.jpg
000063.jpg,https://www.worldwideholland.com/images/productimages/big/swiet-moffo-madame-jeanette-pepersaus.jpg
000064.jpg,https://www.seeds-gallery.shop/5822-large_default/habanero-madame-jeanette-red-seeds.jpg
000065.jpg,https://i.pinimg.com/originals/fa/84/c2/fa84c2d1a25a162b3e82b9676736d395.jpg
000066.jpg,https://res.cloudinary.com/twenty20/private_images/t_watermark-criss-cross-10/v1544570737000/photosp/2a947585-97b2-4a6f-883d-ea184ce84bce/stock-photo-orange-red-green-pepper-red-hot-spanish-pepper-rawits-madame-jeanette-2a947585-97b2-4a6f-883d-ea184ce84bce.jpg
000067.jpg,https://www.chili-shop24.com/media/image/62/31/4a/102246_01_600x600.jpg
000068.jpg,https://globalfoodtrade.eu/image/650x0/80/uploads/product/swiet-moffo-madame-jeanette-pepper-sauce.jpg
000069.jpg,https://liveloveyummy.com/wp-content/uploads/2017/10/traditional-pika-spicy-onion-relish-recipe.jpg
000070.jpg,http://www.hotel-r.net/im/hotel/nl/madame-jeanette-2.jpg
000071.jpg,https://previews.123rf.com/images/bennieen/bennieen1705/bennieen170500025/79167562-madame-jeanette-a-hot-chili-pepper.jpg
000072.jpg,https://ecs7.tokopedia.net/img/cache/700/product-1/2018/4/25/23750175/23750175_4516ea5b-6c53-4ebf-b2a4-a7eb883c0e43_1000_669.jpg
000073.jpg,https://c8.alamy.com/comp/FED3JE/mix-of-fresh-hot-chili-peppers-on-white-background-FED3JE.jpg
000074.jpg,https://croatianseeds-store.com/images/stories/virtuemart/product/datil%20super2.jpg
000075.jpg,https://shop.westlandpeppers.com/wp-content/uploads/2017/07/habanero-lemon_westlandpeppers-1.jpg
000076.jpg,https://media.istockphoto.com/photos/vegetables-madame-jeanette-peppers-isolated-on-white-background-picture-id914933512
000077.jpg,https://d36tnp772eyphs.cloudfront.net/blogs/1/2014/05/Orange-habanero-peppers.jpg
000078.jpg,http://theindigokitchen.com/wp-content/uploads/2016/06/IMG_7225__1464965679_86.82.108.171.jpg
000079.jpg,http://tuincentrumholland.com/8928-thickbox_default/peperzaad-madame-jeanette.jpg
000080.jpg,http://www.atastefortravel.ca/wp-content/uploads/2017/06/Madame-Jeanette-peppers-are-a-hot-pepper-from-Suriname-in-Aruba--700x611.jpg
000081.jpg,https://www.telegraph.co.uk/content/dam/Gardening/11sept/B1RCP8_2645684a-xlarge.jpg
000082.jpg,https://www.chilipeppermadness.com/wp-content/uploads/2018/10/Ghost-Peppers1.jpg
000083.jpg,https://chasingchilli.com.au/wp-content/uploads/2017/04/Carolina-Reaper.png
000084.jpg,https://usercontent1.hubstatic.com/8228262_f520.jpg
000085.jpg,http://farm4.static.flickr.com/3631/3407613935_d98ef4fac5.jpg?v=0
000086.jpg,https://webaruhaz.kertlap.hu/wp-content/uploads/2018/12/Tasmanian-Black.jpg
000087.jpg,https://thebigcarrot.ca/wp-content/uploads/2018/03/Hurts-So-Good-Hot-Peppers-Chiles.png
000088.jpg,https://m.media-amazon.com/images/I/61P8g3WDy2L._AC_UY218_.jpg
000089.jpg,https://tfc-holland.nl/wp-content/uploads/2019/01/Madame-jeanette.jpg
000090.jpg,http://www.chiliszoszok.hu/img/7378/169854/400x400/169854.jpg
000091.jpg,http://4.bp.blogspot.com/_iGk6L6AfT2E/TOEtxU4SixI/AAAAAAAABoY/Wm46R9GlpSI/s1600/IMG_3346.JPG
000092.jpg,https://66.media.tumblr.com/48f2986e1249b943db9540bd50622a4a/tumblr_o8f10awDeg1sk5vbvo1_400.jpg
000093.jpg,https://previews.agefotostock.com/previewimage/medibigoff/3314b6d816d971eda2a8040989b54299/sfd-11004554.jpg
000094.jpg,http://www.belimpex.nl/wp-content/uploads/2015/07/madame-jeanette-pepper-belicious-21.jpg
000095.jpg,https://m.blog.hu/fo/foolchili/image/termekek/madame_jeanette/mj02.jpg
000096.jpg,https://world-crops.com/wp-content/uploads/Habanero-by-Eric-Bronson-3515064429_e7d743232c_b.jpg
000097.jpg,https://www.mygreenchapter.com/media/catalog/product/cache/4/image/1170x/9df78eab33525d08d6e5fb8d27136e95/b/u/bu080465.jpg
000098.jpg,https://www.pepperscale.com/wp-content/uploads/2015/01/fatalii-pepper1-e1423964329619.jpg
000099.jpg,https://i.etsystatic.com/7696969/r/il/065a15/1442438876/il_794xN.1442438876_sv91.jpg
000100.jpg,https://image.jimcdn.com/app/cms/image/transf/dimension=490x1024:format=jpg/path/s199cba13d4a7bd37/image/i38bafa57c065c1d6/version/1518337492/image.jpg
000101.jpg,https://chilipflanzen.com/wp-content/uploads/2016/07/ppw-madame-jeanette.jpg
000102.jpg,http://i365.photobucket.com/albums/oo99/chancellorofchinense/Madame%20Jeanette%201b_1.jpg
000103.jpg,https://chilimania.hu/wp-content/uploads/2019/08/Chili-mix.jpg
000104.jpg,https://www.learnodo-newtonic.com/wp-content/uploads/2013/04/Hottest-Chillies-Featured-Image-Bhut-Jolokia.jpg
000105.jpg,https://www.chilipeppermadness.com/wp-content/uploads/2013/10/Devils-Tongue.jpg
000106.jpg,https://cdn.webshopapp.com/shops/241343/files/164563574/900x900x2/madame-jeanette-pepers.jpg
000107.jpg,https://webaruhaz.kertlap.hu/wp-content/uploads/2018/01/Pequin.jpg
000108.jpg,http://www.canna-uk.com/sites/default/files/images/pagebanners/default/articles-chillipepper-growityourself_banner_1.jpg
000109.jpg,https://www.telegraph.co.uk/content/dam/Gardening/11sept/B8WFBX_2645690a.jpg?imwidth=450
000110.jpg,https://bottledistillery.nl/wp-content/uploads/2018/08/BD_PepperGin.png
000111.jpg,https://d36tnp772eyphs.cloudfront.net/blogs/1/2014/05/Scotch-bonnet-peppers.jpg
000112.jpg,https://image.shutterstock.com/image-photo/yellow-hot-peppers-madame-janette-260nw-494775394.jpg
000113.jpg,https://t1.thpservices.com/previewimage/gallil/fb3a375b288ede2cfd9b6a66b17edc1b/pna-7220827.jpg
000114.jpg,https://secureservercdn.net/198.71.233.109/rbt.6dd.myftpupload.com/wp-content/uploads/2013/03/MadameJeanette-530x300.jpg
000115.jpg,https://fesaja-versand.de/images/product_images/original_images/chili-habanero-madame-jeanette-samen-05.jpg
000116.jpg,https://www.foodandwine.hu/wp-content/uploads/2011/07/news-worlds-spiciest-pepper-x-630x448.jpg
000117.jpg,https://i.pinimg.com/originals/a1/94/eb/a194eb9ffa201cb883e15442e8a0576f.jpg
000118.jpg,https://lovelyspice.nl/wp-content/uploads/2018/12/EGDS2580.jpg
000119.jpg,https://www.caribbeanandco.com/wp-content/uploads//2018/02/Caribbean-Hot-Sauce_Hot-Mamas-Belize-collection-of-Habanero-Products-9d501baf3427e77254920ade174927ce.jpg
000120.jpg,https://chili-pepper.de/media/madame-jeanette-3.1106/full?d=1502546013
000121.jpg,https://5.allegroimg.com/s512/03796a/ce06ef2b4a229e588f35fd8d2515/nasiona-papryka-HABANERO-LEMON-MADAME-JEANETTE-Rodzaj-rosliny-Papryka
000122.jpg,https://image.shutterstock.com/display_pic_with_logo/196191566/1076837543/stock-photo-madame-jeanette-yellow-half-double-1076837543.jpg
000123.jpg,http://cdn.shopify.com/s/files/1/1486/1598/products/madame-js-gourmet-pepper-sauce_1024x1024.jpg?v=1511988222
000124.jpg,https://thespicedchickpea.com/media/1160/img_6580.jpg
000125.jpg,http://www.twooba.org/files/lapalmeraie/wtm/800px-Schaal_met_pepers.jpg
000126.jpg,https://www.thoughtco.com/thmb/epSasjYlIQtTyTTWMHZ-Knrd8lU=/768x0/filters:no_upscale():max_bytes(150000):strip_icc()/vegetable-stills--chili-pepper-red-172716606-5b958e8246e0fb0050304ff8.jpg
000127.jpg,https://chilishop-werder.com/WebRoot/Store28/Shops/43e01a20-424a-48d1-a48b-85eeddc548ec/59E3/A4F1/7DDE/4F9D/59DD/0A48/3671/2F4C/madame_jeanette_habanero_pflanze_gelb_ml.jpg
000128.jpg,https://s3-media1.fl.yelpcdn.com/bphoto/ZnkECKeex3NioqVnQvZ9Fw/o.jpg
000129.jpg,https://www.atastefortravel.ca/wp-content/uploads/2017/06/siboya-tempera-500x375.jpg
000130.jpg,https://image.shutterstock.com/image-photo/hot-colorful-chili-peppers-row-260nw-473582047.jpg
000131.jpg,https://fesaja-versand.de/images/product_images/original_images/chili-habanero-madame-jeanette-samen-02.jpg
000132.jpg,http://www.belimpex.nl/wp-content/uploads/2015/08/habanerogeel.jpg
000133.jpg,http://2.bp.blogspot.com/_iGk6L6AfT2E/TOEsKrMTXVI/AAAAAAAABoA/rF-KVci95Yc/s1600/IMG_3326.JPG
000134.jpg,https://cdn.webshopapp.com/shops/133932/files/123265520/wanita-djawa-kemangi-290ml-medium-hot.jpg
000135.jpg,http://1.bp.blogspot.com/-u5CMZtzw8no/VqJEkIn9C2I/AAAAAAAAOt4/tb_PMwJicQ4/s1600/Madame%2BJeanette.jpg
000136.jpg,https://www.firelandfoods.at/shop/images/product_images/popup_images/494-MadameJeanette.JPG
000137.jpg,https://i2.wp.com/mycaribbeantrip.com/wp-content/uploads/2014/05/Madam-Janette-Sauce-Aruba-Cuisine.jpg?fit=1600%2C1200
000138.jpg,https://i.redd.it/020hl0wsutwy.jpg
000139.jpg,https://scharfundlecker.de/WebRoot/Store16/Shops/72ecc385-2423-4740-a34d-191be29dfbd6/542B/B567/DDB6/D2FE/8825/0A48/354C/644B/Madame_Jeantte_Saatgut__Chili_samen__Gemuesesamen__vegetable_seeds_chilisamen_chilisaatgut_Habanero_samen_8.jpg
000140.jpg,https://www.chilipeppermadness.com/wp-content/uploads/2013/09/Birds-Eye-Peppers.jpg
000141.jpg,http://www.eliefs.com/wp-content/uploads/2016/12/Eliefs-Life-is-a-Choice-3-e1498304494956.jpg
000142.jpg,https://scontent-yyz1-1.cdninstagram.com/vp/d88b9d2165e78fcd130eada7c5ff3e53/5DFDEDA3/t51.2885-15/sh0.08/e35/c0.13.1080.1080a/s640x640/67686457_2240373362740332_977469486909210456_n.jpg?_nc_ht=scontent-yyz1-1.cdninstagram.com&_nc_cat=100
000143.jpg,https://www.matelma.com/img/tuinadvies/uploads/1492812378-369280-340.jpg
000144.jpg,http://www.ozgrow.com/index.php?action=dlattach;topic=12337.0;attach=36059;image
000145.jpg,https://www.pobezin.com/images/projecten/madame_jeanette/collages/1/2017-08-14%2019.56.16.JPG
000146.jpg,https://kcdgarden.com/varieties/326/IMG-9183.JPG?width=1280&height=1280&mode=max&format=jpg&quality=65
000147.jpg,https://cdn.myonlinestore.eu/93e426a2-6be1-11e9-a722-44a8421b9960/image/cache/full/0380168c3fd3378e5949b96d402e38be74615de2.jpg
000148.jpg,https://thespicedchickpea.com/media/1156/img_5788.jpg
000149.jpg,https://hotsaucefever.com/images/chiles/pequin_pepper.jpg
000150.jpg,https://i.ytimg.com/vi/OFz5T4Ixzg0/maxresdefault.jpg
000151.jpg,https://i.imgur.com/jLhSfrS.jpg
000152.jpg,https://static.wixstatic.com/media/d45f52_0515a4d85a5e495dbbb00dad9d4d8edf~mv2_d_4672_2628_s_4_2.jpg/v1/fill/w_638,h_356,al_c,q_90/d45f52_0515a4d85a5e495dbbb00dad9d4d8edf~mv2_d_4672_2628_s_4_2.webp
000153.jpg,https://cdn.shopify.com/s/files/1/0242/9205/products/Habanero_crate_300x300.jpg?v=1463096044
000154.jpg,https://chili-pepper.de/media/madame-jeanette-2.1105/full?d=1502546013
000155.jpg,https://i.etsystatic.com/7696969/r/il/6bf33c/1489698329/il_570xN.1489698329_jdkd.jpg
000156.jpg,http://www.ell.gr/PEPPERS/MADAME%20JEANETTE.png
000157.jpg,https://pbs.twimg.com/profile_images/955759152432852992/Rl9anc_9.jpg
000158.jpg,https://s3.eu-central-1.amazonaws.com/verseoogst-production/uploads/2016/07/v/o/m/vo_madam-jeanette-peper_2638.jpg
000159.jpg,https://www.telegraph.co.uk/content/dam/gardening/2019/05/03/TELEMMGLPICT000194672153_trans%2B%2BdQ8YrSsR88w3pzEpBtW9VviIpm396m4xDOphN7GncDE.jpeg
000160.jpg,https://s3-media1.fl.yelpcdn.com/bphoto/MkStvUzxa694mdCT0hgoeg/348s.jpg
000161.jpg,https://www.tastyaruba.nl/wp-content/uploads/2017/10/160g-hot-delight-madam-jeanette-bottle-tasty-aruba-400x600.jpg
000162.jpg,https://images.smulweb.nl/recepten/1110771/high_res/MadameJeanettes.jpg
000163.jpg,https://t4.ftcdn.net/jpg/02/06/95/67/240_F_206956726_n9pkWkgRBWgEMu9lxAAGgPJX0BjiWnC9.jpg
000164.jpg,https://i.pinimg.com/originals/30/5d/81/305d8151e7073bc2c542817a211c2e22.jpg
000165.jpg,https://www.pepperscale.com/wp-content/uploads/2017/03/devils-tongue-pepper-768x432.jpg
000166.jpg,http://www.eliefs.com/wp-content/uploads/2016/12/fermented-hot-sauce-in-onggi_eliefs2.jpg
000167.jpg,https://live.staticflickr.com/8652/15905433294_7e935a9944_b.jpg
000168.jpg,https://i2.wp.com/mycaribbeantrip.com/wp-content/uploads/2014/05/Madam-Janette-Sauce-Aruba-Cuisine.jpg?resize=1200%2C480
000169.jpg,https://www.peperoncino.org/wp-content/uploads/2018/10/madamejeanetteyellow.jpg
000170.jpg,http://i365.photobucket.com/albums/oo99/chancellorofchinense/Madame%20Jeanette%201a_1.jpg
000171.jpg,https://pbs.twimg.com/profile_images/2280590321/pqup7wji4917zikrmztz_400x400.jpeg
000172.jpg,https://world-crops.com/wp-content/uploads/Habanero-by-Di%C3%B3genes-8755504347_799abc7399_k.jpg
000173.jpg,https://cdn.shopify.com/s/files/1/1064/4816/products/Hot_Delight_Papaya_Gourmet_Hot_Sauce_large.jpg?v=1447968123
000174.jpg,http://d3e1m60ptf1oym.cloudfront.net/d4d5ff89-de8d-4a02-b76b-c97a4342b244/nl17799_xlarge.jpg
000175.jpg,https://cdn2-img.pressreader.com/pressdisplay/docserver/getimage.aspx?regionKey=9hoajgHdravTjUn8YFLGkw%3D%3D
000176.jpg,https://media.gettyimages.com/photos/red-madame-jeanette-on-white-background-picture-id152760828?s=170667a
000177.jpg,http://www.johnstonplants.com/images/peppers/orange_habanero_pepper.jpg
000178.jpg,https://image.shutterstock.com/image-photo/madame-jeanette-yellow-half-double-260nw-1076837486.jpg
000179.jpg,https://img.thrfun.com/img/025/608/growing_hot_peppers_fancy1.jpg
000180.jpg,https://alchetron.com/cdn/capsicum-chinense-2db8556c-2d07-4382-8865-5a20e3c6e58-resize-750.jpg
000181.jpg,https://www.timeoutabudhabi.com/sites/default/files/tod/article_embed_images/2016_chili_4_base.jpg
000182.jpg,http://www.cannagardening.com/sites/default/files/images/articles/default/articles-chillipepper-growityourself_text_1.jpg
000183.jpg,http://statebystategardening.com/images/uploads/article_uploads/2015_Apr_news_2-B2.jpg
000184.jpg,https://www.vreeken.nl/afb2/x250/208400-peper-madame-jeanette.jpg
000185.jpg,https://d36tnp772eyphs.cloudfront.net/blogs/1/2017/02/Fatalii_Chili_Fruit.jpg
000186.jpg,https://fesaja-versand.de/images/product_images/original_images/chili-habanero-madame-jeanette-samen-06.jpg
000187.jpg,https://vignette.wikia.nocookie.net/gardener/images/f/ff/Chilli_Habanero_chichen_itza.jpg/revision/latest?cb=20101002174849
000188.jpg,https://www.chilipeppermadness.com/wp-content/uploads/2013/10/Carribean-Red-Peppers.jpg
000189.jpg,http://www.heliotricity.com/wp-content/uploads/2018/01/Hot-Chile-Pepper-Guide-to-Heat-Levels.jpg
000190.jpg,https://nova.co.at/marsNova/Thumbnail?oid=33297&version=-2&thumbnailVersion=3
000191.jpg,https://www.hydroponics.eu/officinal-medical-vegetables-and-chilli-pepper-seeds/chilli-seeds-bank/the-superhot-beast-10-x-pepper-seeds~Img_Principale_25297.jpg
000192.jpg,https://upload.wikimedia.org/wikipedia/commons/9/97/Scotch_bonnet_chili_pepper.jpg
000193.jpg,https://www.foodandwine.hu/wp-content/uploads/2011/07/trinidadscorpionbutcht_hottestchillie_1.jpg
000194.jpg,https://www.exotic-seeds.store/5823-medium_default/habanero-madame-jeanette-red-seeds.jpg
000195.jpg,https://farm6.staticflickr.com/5539/30925008746_03edc433d7_k_d.jpg
000196.jpg,https://lovelyspice.nl/wp-content/uploads/2019/08/Madame-jeanette-pepergelei-100gr-300x300.jpg
000197.jpg,https://secureservercdn.net/198.71.233.109/rbt.6dd.myftpupload.com/wp-content/uploads/2016/04/PegProdLoogoGreen.jpg
000198.jpg,https://scontent-sjc3-1.cdninstagram.com/v/t51.2885-15/e35/s320x320/65388439_738971909853054_8799791964907491997_n.jpg?_nc_ht=scontent-sjc3-1.cdninstagram.com&oh=2e0d63143d77e0fe77de55f50e3bb833&oe=5DE5B228&ig_cache_key=MjA3OTI5MDg5NTg3MTU4NjkxNw%3D%3D.2
000199.jpg,https://scontent-frx5-1.cdninstagram.com/vp/759358e1122a2095f846e983718ebc3d/5DE84C68/t51.2885-15/sh0.08/e35/s640x640/66313051_478049586312264_8464122238407258693_n.jpg?_nc_ht=scontent-frx5-1.cdninstagram.com
000200.jpg,https://www.gartneri-toftegaard.dk/images/shop/cache/catalog/products/chili/1010-Madame-Jeanette-500x500.jpg
000201.jpg,https://cdn.shopify.com/s/files/1/2953/5362/products/chili-rainbow-embroidery-fill-a-stitch-half-astitchahalf_698_2048x.jpg?v=1528083050
000202.jpg,http://www.johnstonplants.com/images/peppers/butchT.jpg
000203.jpg,https://cdn.tasteatlas.com//Images/Emblems/c11a04cd529e4e298e983d27a0d6e6cf.png
000204.jpg,http://2.bp.blogspot.com/_iGk6L6AfT2E/TOEt9JXmvrI/AAAAAAAABog/AEsI7BP2wnY/s1600/IMG_3352.JPG
000205.jpg,https://ih0.redbubble.net/image.120822378.4395/mwo,x1000,ipad_2_snap-pad,750x1000,f8f8f8.jpg
000206.jpg,http://thehotpepper.com/uploads/monthly_05_2018/post-11776-0-48824000-1525815205.jpg
000207.jpg,https://c8.alamy.com/comp/S03J07/a-plate-with-a-hot-pepoer-is-seen-S03J07.jpg
000208.jpg,https://www.mrpic.it/public/chili-pepper-photos/20170202123752.jpg
000209.jpg,http://www.bihrmann.com/rikke/Foto/cap-chi.JPG
000210.jpg,https://cdn.myshoptet.com/usr/www.woch.cz/user/shop/big/530_habanero-madame-jeanette-yellow.jpg?5c2ce04c
000211.jpg,https://cdn.webshopapp.com/shops/225503/files/154312808/900x900x2/lekker-bekkie-madame-jeanette-piccalilly-290ml.jpg
000212.jpg,https://www.pobezin.com/images/projecten/madame_jeanette/collages/1/2017-07-01%2012.29.13.JPG
000213.jpg,https://nova.co.at/marsNova/Thumbnail?oid=33296&version=-2&thumbnailVersion=3
000214.jpg,https://ohmydish.com/wp-content/uploads/2019/05/Slow-cooker-spicy-chicken-1024x683.jpg
000215.jpg,https://hotsaucefever.com/images/chiles/devils_tongue_chilli.jpg
000216.jpg,https://thechillifactory.com/images/scorpion8.jpg
000217.jpg,http://scharfundlecker.de/WebRoot/Store16/Shops/72ecc385-2423-4740-a34d-191be29dfbd6/542B/B567/DDB6/D2FE/8825/0A48/354C/644B/Madame_Jeantte_Saatgut__Chili_samen__Gemuesesamen__vegetable_seeds_chilisamen_chilisaatgut_Habanero_samen_4.jpg
000218.jpg,https://partyflock.nl/images/party/301847_letterbox_664_390776/Madame-Jeanette-x-Canvas.jpg
000219.jpg,https://fluxcup18.files.wordpress.com/2018/11/madame-jeanette-pepper-1-e1439252428598.jpeg?w=300&h=225
000220.jpg,https://www.chilli-grower.uk/chilli-grower.png
000221.jpg,http://www.chiliszoszok.hu/img/7378/179926/310x310/179926.jpg?time=1478185833
000222.jpg,https://www.bud.nl/images/producten/pepers/poblano-peper.jpg
000223.jpg,https://chilifee.de/WebRoot/Store17/Shops/6785a7bf-b9bd-45fa-b711-164bd13875ab/5721/F8AF/2090/82B5/EE22/0A48/3549/AC26/Madame_Jeanette.jpg
000224.jpg,https://greenworldev.com/sites/default/files/styles/zuschnitt_3_4/public/2019-04/Madame%20Jeanette%202018.jpg?h=946edd34&itok=l42EEOY7
000225.jpg,http://heuschenschroufforder.com/link/en/pastes-spice-mixes/sambal-chilli-paste-/madame-jeanette-piccalilly-medium-hot-6-x-145-g/75701/images/pictures/hr/75701.jpg
000226.jpg,http://africanbites.com/wp-content/uploads/2015/12/IMG_8006.jpg
000227.jpg,https://webaruhaz.kertlap.hu/wp-content/uploads/2019/02/tasmanian-red-1.jpg
000228.jpg,https://di4emboswtgin.cloudfront.net/x/plants/12302.jpg
000229.jpg,https://cdn.shopify.com/s/files/1/0279/3721/articles/chili_s.jpg?v=1447061912
000230.jpg,https://www.chili-shop24.com/media/image/fe/c6/3a/9185_HabaneroCaribbeanRed1_600x600.jpg
000231.jpg,https://cdn.shopify.com/s/files/1/2953/5362/products/chili-dance-embroidery-fill-a-stitch-half-astitchahalf_1_797_2048x.jpg?v=1561150021
000232.jpg,https://cdn.webshopapp.com/shops/101536/files/265299905/345x345x1/gele-madam-jeanette-peper-planten.jpg
000233.jpg,http://www.twooba.org/files/lapalmeraie/wtm/adjoema_mj_plant.jpg
000234.jpg,https://vignette.wikia.nocookie.net/gardener/images/4/40/Chilli_Bird%27s_eye_chilli.jpg/revision/latest/scale-to-width-down/2000?cb=20100902104557
000235.jpg,https://scontent-frt3-1.cdninstagram.com/v/t51.2885-15/e35/c78.0.923.923a/s320x320/47125861_1890671204387648_1247528990365582745_n.jpg?_nc_ht=scontent-frt3-1.cdninstagram.com&oh=660f7c864baf573f4494882f9274d8d0&oe=5DDA9DEA&ig_cache_key=MTkyNTc0MDQ0ODA5MTIzNDc0Mw%3D%3D.2.c
000236.jpg,https://www.mrpic.it/i/peperoncini/degree-of-spiciness.jpg
000237.jpg,https://www.telegraph.co.uk/content/dam/Gardening/11sept/filename_ext_2645741a.jpg
000238.jpg,https://www.fire-eaters-bbq.net/wp-content/uploads/2011/07/chili0711_38.jpg
000239.jpg,https://lh3.googleusercontent.com/_6Vk6qz3iXtE/S6Gp9xZmy8I/AAAAAAAAAMM/HjhH3DHghxM/s400/100_0125.JPG
000240.jpg,https://amarimport.nl/wp-content/uploads/2018/06/IMG_1576kopie-300x200.jpg
000241.jpg,https://i.etsystatic.com/7824311/r/il/c6a4fe/1916358040/il_794xN.1916358040_djnb.jpg
000242.jpg,https://i.pinimg.com/originals/f8/55/5c/f8555c24405abe7d4686667e42daf936.jpg
000243.jpg,https://media-cdn.tripadvisor.com/media/photo-s/0b/02/0e/9d/photo2jpg.jpg
000244.jpg,http://www.ozgrow.com/index.php?action=dlattach;topic=12337.0;attach=36061
000245.jpg,https://img2.10bestmedia.com/Images/Photos/372161/MadameJanette_55_660x440.jpg
000246.jpg,https://www.cayennediane.com/wp-content/uploads/2015/02/Peach-Habanero-300x300.jpg
000247.jpg,http://www.adjoema.net/adjoema/madame_jeanette_green.jpg
000248.jpg,http://i365.photobucket.com/albums/oo99/chancellorofchinense/Madame%20Jeanette6_1.jpg
000249.jpg,https://kcdgarden.com/varieties/10/IMG_4285.JPG?width=480&height=400&mode=crop&format=jpg&quality=55
000250.jpg,https://www.fodors.com/wp-content/uploads/2017/09/Hot-Sauce-Around-The-World-Tabasco.jpg
000251.jpg,https://www.pepperscale.com/wp-content/uploads/2015/06/aji-amarillo_1500px-e1433814734489.jpeg
000252.jpg,http://www.jubileehealthplace.org/wp-content/uploads/2014/11/peppers-at-market-700x400.jpg
000253.jpg,https://globalfoodtrade.eu/image/260x0/80/uploads/product/grace-hot-pepper-sauce-small.jpg
000254.jpg,https://i0.wp.com/www.thechiliblender.eu/wp-content/uploads/2019/05/blendN5_2.jpg?fit=730%2C730&ssl=1
000255.jpg,https://www.foodandwine.hu/wp-content/uploads/2011/07/450x364-alg_naga_viper_pepper.jpg
000256.jpg,https://ecs7.tokopedia.net/img/cache/700/product-1/2017/6/2/16987409/16987409_b8dad54e-7674-4118-b90b-8ffc1b6d85df_343_343.png
000257.jpg,https://cdn02.plentymarkets.com/3eialin64h0j/item/images/4524/full/4524-1.jpg
000258.jpg,https://cdn.shopify.com/s/files/1/0915/1060/products/Caramel_trinidad_scorpion_moruga-hot-pepper-pepper-joes_1024x1024.jpg?v=1476888068
000259.jpg,http://cdn.recepten100.nl/v/nl/7/7dc4f03bc931ca866ecd913c5339c906.jpg
000260.jpg,https://kitchen-garden.be/wp-content/uploads/Bulgarian-Carrot-Chilli-Seeds-320x320.jpg
000261.jpg,https://cdn.webshopapp.com/shops/133932/files/174658997/260x260x2/lekker-bekkie-hot-sweet-caribbean-pepper-sauce.jpg
000262.jpg,https://world-crops.com/wp-content/uploads/Capsicum-chinense-by-Thomas-Backa-4337827385_69818d4e30_o.jpg
000263.jpg,https://i.redd.it/p5qixvoa93921.jpg
000264.jpg,https://scontent-lax3-1.cdninstagram.com/vp/ad0118acf06083a2e052a8dc7fb7e112/5DDA8FBE/t51.2885-15/e35/s480x480/66338044_2295658940700138_1655124468233971953_n.jpg?_nc_ht=scontent-lax3-1.cdninstagram.com
000265.jpg,https://cdn.shopify.com/s/files/1/0242/9205/products/Jalapeno_crate_300x300.jpg?v=1463030770
000266.jpg,https://www.pobezin.com/images/projecten/madame_jeanette/collages/1/2017-07-18%2018.52.44.JPG
000267.jpg,https://d36tnp772eyphs.cloudfront.net/blogs/1/2017/02/15769838819_38aadda7d2_k.jpg
000268.jpg,http://i783.photobucket.com/albums/yy115/DutchPeppers/2013/MadameJeanette2_zps2522b9be.jpg
000269.jpg,https://img.thrfun.com/img/131/510/reproducing_a_rare_type_of_chilli_naga_viper_m6.jpg
000270.jpg,http://1.bp.blogspot.com/_iGk6L6AfT2E/TOEtZDLwOdI/AAAAAAAABoQ/WtqOldVteVM/s1600/IMG_3337.JPG
000271.jpg,https://fesaja-versand.de/images/product_images/original_images/chili-habanero-madame-jeanette-samen-04.jpg
000272.jpg,https://untappd.akamaized.net/photos/2018_11_27/5598dbf7c8daa1f9161187c7018893c6_640x640.jpg
000273.jpg,https://chili-pepper.de/media/madame_jeanette.4431/full?d=1538954485
000274.jpg,https://www.seedo.nl/images/peper%20madam%20jeannette.jpg
000275.jpg,https://upload.wikimedia.org/wikipedia/commons/thumb/8/89/Red_hot_chilli_peppers.jpg/440px-Red_hot_chilli_peppers.jpg
000276.jpg,https://alchetron.com/cdn/capsicum-chinense-25fdfedf-5622-4f19-9bb8-f096a951730-resize-750.jpg
000277.jpg,https://inkuiri.net/i/large/s0.bukalapak.com%2Fimg%2F515329607%2Flarge%2FCYMERA_20161124_193218_scaled.jpg
000278.jpg,https://www.worldwideholland.com/images/manufacturerimages/swiet-moffo.jpg
000279.jpg,https://cdn.webshopapp.com/shops/225503/files/157086290/500x350x2/sambal-madam-jeanette-200g.jpg
000280.jpg,https://thespicedchickpea.com/media/1154/img_5264.jpg
000281.jpg,https://t3.ftcdn.net/jpg/02/55/18/86/240_F_255188625_Pxyy8n4rx1WPAZON0WMBR6NPOUaTSSyi.jpg
000282.jpg,http://www.belimpex.nl/wp-content/uploads/2015/07/habanero-peper-pepper-belicious-6.jpg
000283.jpg,https://i2.wp.com/www.thechiliblender.eu/wp-content/uploads/2019/05/chili-lime.jpg?fit=730%2C730&ssl=1
000284.jpg,https://www.cilicen.si/165-thickbox_default/madame-jeanette-10-semen.jpg
000285.jpg,https://d36tnp772eyphs.cloudfront.net/blogs/1/2014/05/Bhut-Jolokia-Red-Chili-Peppers-hanging-from-clippers.jpg
000286.jpg,https://scontent-iad3-1.cdninstagram.com/vp/1faaaae3c763d7b3a68aea70171794d7/5E3951F2/t51.2885-15/sh0.08/e35/s640x640/65618003_474693059759411_3236939397103219824_n.jpg?_nc_ht=scontent-iad3-1.cdninstagram.com&_nc_cat=111
000287.jpg,https://cdn2-img.pressreader.com/pressdisplay/docserver/getimage.aspx?regionKey=Wbx5YnZJ7X0yGvw8rrfP%2Bg%3D%3D
000288.jpg,https://www.exotic-seeds.store/7360-home_default/chili-aji-patillo-seeds-capsicum-pendulum.jpg
000289.jpg,http://jogl75.bplaced.net/chilianbau2012/chili-14-august2012%20012.jpg
000290.jpg,https://thechillifactory.com/images/scorpion3.jpg
000291.jpg,https://farm2.static.flickr.com/1857/42450474590_4b1b477257.jpg
000292.jpg,https://www.surinaamseten.nl/UserFiles/1a.%20Madam%20Jeanette%20peper%203%20def.jpg
000293.jpg,https://hotsaucefever.com/images/chiles/friggitello_pepperoncini_pepper.jpg
000294.jpg,https://www.bud.nl/images/producten/pepers/peper.jpg
000295.jpg,http://www.twooba.org/files/lapalmeraie/wtm/pepersdrogen.jpg
000296.jpg,http://www.eliefs.com/wp-content/uploads/2016/12/425622570_8701670232240082509.jpg
000297.jpg,https://www.zuidoost.nl/wp-content/uploads/2016/10/zuidoostnl-20110313-groene-en-gele-pepers-493x340.jpg
000298.jpg,https://bensbookings.com/wp-content/uploads/mjp-16.jpg
000299.jpg,https://amarimport.nl/wp-content/uploads/2018/12/Surinam-Okra.jpg
000300.jpg,https://plantfreak.files.wordpress.com/2012/04/bhut-jolokia11.jpeg
000301.jpg,https://image.shutterstock.com/image-photo/madame-jeanette-surinam-yellow-whole-260nw-1066422140.jpg
000302.jpg,https://i.pinimg.com/originals/13/99/58/13995859e7d77397c2f31c865da827b0.jpg
000303.jpg,https://superscanner.ams3.cdn.digitaloceanspaces.com/images/original/4/6/8/468952-2316718-faja-lobi-madam-jeanette-piccalilly-400.jpeg
000304.jpg,https://pbs.twimg.com/media/DsWq6PmWwAI53I1.jpg
000305.jpg,https://www.foodandwine.hu/wp-content/uploads/2011/07/maxresdefault-1.jpg
000306.jpg,https://shop.westlandpeppers.com/wp-content/uploads/bfi_thumb/sweety-drops_westlandpeppers-4-ntco2s1n643fx5si7z0mmpg8hlo76s8p80egdqsmbc.jpg
000307.jpg,https://ih0.redbubble.net/image.381760557.7074/rco,long_t_shirt,mens,x1770,fafafa:ca443f4786,front-c,295,40,750,1000-bg,f8f8f8.jpg
000308.jpg,https://www.caribbeanandco.com/wp-content/uploads/2018/02/Caribbean-Hot-Sauce_Baron-Foods-Classic-Pepper-Sauce.jpg
000309.jpg,https://rlv.zcache.co.uk/madame_jeanette_peppers_oil_paint_effect_dummy-rf72f6ef22167465b91786e7e6f93f325_8byvd_8byvr_307.jpg
000310.jpg,https://kcdgarden.com/varieties/119/King%20Boc.JPG?width=400&height=270&mode=crop&format=jpg&quality=65
000311.jpg,https://img.fotocommunity.com/madame-jeanette-8d44607e-4e24-461a-b7f1-051a591de618.jpg?height=1080
000312.jpg,https://www.telegraph.co.uk/content/dam/gardening/2019/05/07/TELEMMGLPICT000196341695_trans%2B%2BmMcDmMiX7mH398F97w1Me8FLzmTnh0S5tnkIiwz59Lw.jpeg
000313.jpg,https://www.pepperscale.com/wp-content/uploads/2014/10/hot-pepper-list-768x511.jpeg
000314.jpg,https://kitchen-garden.be/wp-content/uploads/Corno-di-Toro-pepper-320x320.jpg
000315.jpg,https://i.etsystatic.com/7824311/r/il/a9f314/1070244550/il_794xN.1070244550_hvdl.jpg
000316.jpg,https://bensbookings.com/wp-content/uploads/mjp-011.jpg
000317.jpg,http://www.johnstonplants.com/images/peppers/Socrates.JPG
000318.jpg,https://www.cayennediane.com/wp-content/uploads/Spanish-Naga-300x300.jpg
000319.jpg,https://upload.wikimedia.org/wikipedia/commons/thumb/d/d6/Immature_jalapeno_capsicum_annuum_var_annuum.jpeg/1200px-Immature_jalapeno_capsicum_annuum_var_annuum.jpeg
000320.jpg,https://www.chili-shop24.com/media/image/2d/a1/a9/9263_Puerto-Rican-Yellow_600x600.jpg
000321.jpg,https://i.redd.it/4vlom08ndcb11.jpg
000322.jpg,https://scontent-lga3-1.cdninstagram.com/vp/42cbf84d6bdf81486e77f7650754d34b/5DD31606/t51.2885-15/sh0.08/e35/s640x640/66163683_2490463767667277_6274025420305833856_n.jpg?_nc_ht=scontent-lga3-1.cdninstagram.com
000323.jpg,https://c8.alamy.com/comp/S2X1GJ/striped-holland-bell-pepper-S2X1GJ.jpg
000324.jpg,https://media-cdn.tripadvisor.com/media/photo-s/05/c9/30/91/madame-janette.jpg
000325.jpg,https://i.ebayimg.com/images/g/P8kAAOSwHF1cOmPB/s-l300.jpg
000326.jpg,https://d36tnp772eyphs.cloudfront.net/blogs/1/2017/02/Ripe_dorset_naga_chile.jpg
000327.jpg,http://1.bp.blogspot.com/_iGk6L6AfT2E/TOEuj3n5MfI/AAAAAAAABpA/ZiPUmlPSv2w/s1600/IMG_3356.JPG
000328.jpg,https://www.pobezin.com/images/projecten/madame_jeanette/collages/1/2017-08-21%2012.52.41.JPG
000329.jpg,https://img.thrfun.com/img/025/607/hot_peppers_l1.jpg
000330.jpg,https://www.chilipeppermadness.com/wp-content/uploads/2013/10/Jamaican-Peppers.jpg
000331.jpg,https://i.ytimg.com/vi/4Qlxyntg2II/hqdefault.jpg
000332.jpg,https://webaruhaz.kertlap.hu/wp-content/uploads/2018/12/joes-long-cayenne-paprika-mag.jpg
000333.jpg,https://www.thisgirlcancook.nl/wp-content/uploads/2017/05/brownies-met-madame-Jeanette-recept-close.jpg
000334.jpg,http://i783.photobucket.com/albums/yy115/DutchPeppers/Peppers%2018-08-2010/MmeJeanette218-08-10.jpg
000335.jpg,https://fesaja-versand.de/images/product_images/original_images/chili-habanero-madame-jeanette-samen-03.jpg
000336.jpg,https://globalfoodtrade.eu/image/260x0/80/uploads/product/swiet-moffo-surinamese-peanut-butter.jpg
000337.jpg,http://www.pflanzen-traum.de/images/devils-tongue-yellow-chili.jpg
000338.jpg,http://img1.wikia.nocookie.net/__cb20100120171812/recepten/nl/images/0/0d/Madame_Jeanette.JPG
000339.jpg,https://world-crops.com/wp-content/uploads/Habanero-by-Eric-Bronson-3515064221_5812423e35_b.jpg
000340.jpg,https://www.thechiliblender.eu/wp-content/uploads/2019/01/mdm_jeanette-e1546545036552.jpg
000341.jpg,https://chili-pepper.de/media/madame-jeanette-1.1104/full?d=1502546013
000342.jpg,https://alchetron.com/cdn/guntur-chilli-14b3d032-02dc-4111-9e99-8528d4018c4-resize-750.jpeg
000343.jpg,https://www.cilicen.si/395-large_default/habanero-madame-jeanette-red-10-semen.jpg
000344.jpg,https://elholandespicante.com/shop/wp-content/uploads/2016/05/madame-jeanette-2.jpg
000345.jpg,https://cdn.myonlinestore.eu/93e426a2-6be1-11e9-a722-44a8421b9960/image/cache/full/94c237365395c9c775609c2c0b38946b0810bd43.jpg
000346.jpg,https://d36tnp772eyphs.cloudfront.net/blogs/1/2014/05/Carolina-Reaper-peppers.jpg
000347.jpg,https://t4.ftcdn.net/jpg/02/06/95/67/500_F_206956743_ds0wtrALDaA81xGADXvwy17WU0clE0oi.jpg
000348.jpg,http://www.eliefs.com/wp-content/uploads/2016/12/425606450_6651007320550925700.jpg
000349.jpg,https://9.allegroimg.com/original/0c3805/97763f4c49d88975832bfb60a2b9
000350.jpg,https://thechillifactory.com/images/scorpion5.jpg
000351.jpg,http://www.belimpex.nl/wp-content/uploads/2015/07/habanero-peper-pepper-belicious-5.jpg
000352.jpg,https://live.staticflickr.com/714/22045332689_71961ba214_b.jpg
000353.jpg,https://www.telegraph.co.uk/content/dam/gardening/2019/05/03/TELEMMGLPICT000185952822_trans_NvBQzQNjv4Bq900leoZVuq6ru6F43OqP_jlaTMTxUhlzF8Rkw038U-A.jpeg?imwidth=450
000354.jpg,https://hotsaucefever.com/images/chiles/serrano_chile.jpg
000355.jpg,https://rlv.zcache.com.au/madame_jeanette_peppers_oil_paint_effect_key_ring-reea67b671342499492e466f2c61b68e6_x7j3z_8byvr_307.jpg
000356.jpg,https://www.chili-shop24.com/media/image/44/0e/5c/102204_01_600x600.jpg
000357.jpg,https://www.cayennediane.com/wp-content/uploads/Ghost-Peppers-300x300.jpg
000358.jpg,https://bensbookings.com/wp-content/uploads/Jeanette-voor.jpg
000359.jpg,https://shop.westlandpeppers.com/wp-content/uploads/bfi_thumb/scotch-bonnet_westlandpeppers-nmhpuxsseqqa8x4wtj6rxnxde4qm04i1ea0oawx1iw.jpg
000360.jpg,https://i.redd.it/r1h52m7url0z.jpg
000361.jpg,https://webaruhaz.kertlap.hu/wp-content/uploads/2017/12/yellow-cayenne.jpg
000362.jpg,https://www.pobezin.com/images/projecten/madame_jeanette/collages/1/2017-07-18%2018.53.05.JPG
000363.jpg,https://upload.wikimedia.org/wikipedia/commons/thumb/a/ac/2015_1001_Chinny%27s_broodje_bakeljauw.jpg/440px-2015_1001_Chinny%27s_broodje_bakeljauw.jpg
000364.jpg,https://kcdgarden.com/varieties/398/IMG_0658.JPG?width=1280&height=1280&mode=max&format=jpg&quality=65
000365.jpg,https://upload.wikimedia.org/wikipedia/commons/thumb/0/03/Carolina_Reaper_pepper_pods.jpg/1200px-Carolina_Reaper_pepper_pods.jpg
000366.jpg,http://www.johnstonplants.com/images/peppers/Fishpepper_1.JPG
000367.jpg,http://i783.photobucket.com/albums/yy115/DutchPeppers/Peppers%2018-08-2010/MmeJeanette118-08-10.jpg
000368.jpg,https://img.purch.com/o/aHR0cDovL3d3dy5uZXdzYXJhbWEuY29tL2ltYWdlcy9pLzAwMC8yMzQvMjM1L2kwMi9UYW5nZXJpbmVEcmVhbS5wbmc=
000369.jpg,https://ih0.redbubble.net/image.381760557.7074/rco,womens_premium_t_shirt,womens,x1770,fafafa:ca443f4786,front-c,295,40,750,1000-bg,f8f8f8.lite-3.jpg
000370.jpg,https://pbs.twimg.com/profile_images/1108902780956217344/aktSC-Z__400x400.jpg
000371.jpg,https://www.chilipeppermadness.com/wp-content/uploads/2013/10/Spanish-Naga-Peppers.jpg
000372.jpg,http://3.bp.blogspot.com/_iGk6L6AfT2E/TOEstwtpTkI/AAAAAAAABoE/-tTN-Tm7BtY/s1600/IMG_3330.JPG
000373.jpg,https://www.pepperscale.com/wp-content/uploads/2013/07/tabasco-pepper-1-768x512.jpg
000374.jpg,https://t3.ftcdn.net/jpg/02/06/95/64/240_F_206956401_sWgBtBJHENbYIG5jRgUQbpjpENApjahR.jpg
000375.jpg,https://cookingwithoutborders.files.wordpress.com/2011/01/sambalsetan.jpg
000376.jpg,https://6.allegroimg.com/original/0c21c8/c5246e484004b03584b0d85ad8f6
000377.jpg,https://www.cayennediane.com/wp-content/uploads/2014/06/Aci-Sivri-Pepper-300x300.jpg
000378.jpg,https://d36tnp772eyphs.cloudfront.net/blogs/1/2017/02/BhutJolokia06_Asit.jpg
000379.jpg,https://globalfoodtrade.eu/image/260x0/80/uploads/product/swiet-moffo-surimayo.jpg
000380.jpg,https://i.ytimg.com/vi/OFz5T4Ixzg0/hqdefault.jpg
000381.jpg,http://www.eliefs.com/wp-content/uploads/2016/12/fermented-hot-sauce-in-onggi_eliefs7.jpg
000382.jpg,https://www.pobezin.com/images/projecten/madame_jeanette/collages/1/2017-08-26%2015.12.12.JPG
000383.jpg,https://www.chili-shop24.com/media/image/3d/6f/0f/102308_01_600x600.jpg
000384.jpg,https://hotsaucefever.com/images/chiles/naga_viper_pepper.jpg
000385.jpg,https://fesaja-versand.de/images/product_images/original_images/chili-habanero-madame-jeanette-samen-01.jpg
000386.jpg,https://d36tnp772eyphs.cloudfront.net/blogs/1/2014/05/Trinidad-Morgua-spicy-peppers-on-a-vine.jpg
000387.jpg,http://www.johnstonplants.com/images/peppers/chilli-pepper-institure-bhut-jolokia.jpg
000388.jpg,https://webaruhaz.kertlap.hu/wp-content/uploads/2019/01/bhut-jolokia-white-paprika-mag-2.jpg
000389.jpg,https://shop.westlandpeppers.com/wp-content/uploads/bfi_thumb/naga-jolokia_westlandpeppers-1-o9hz03k1d5wdritkj07p3kzxxk6r2a7wjxrdself5k.jpg
000390.jpg,https://www.chilipeppermadness.com/wp-content/uploads/2018/10/Datil-Peppers.jpg
000391.jpg,https://www.telegraph.co.uk/content/dam/gardening/2019/05/03/TELEMMGLPICT000000246635_trans%2B%2BGLLAPY3LddE1Qiv-bsIMYKIgV0QMoxtyc85P9UtXlis.jpeg
000392.jpg,http://www.twooba.org/files/lapalmeraie/wtm/Adjoemagroei.jpg
000393.jpg,https://kcdgarden.com/varieties/343/IMG_9138%20-1-.jpg?width=480&height=400&mode=crop&format=jpg&quality=55
000394.jpg,https://plantekasse.dk/shop2/382-large_default/madame-jeanette-obs-kun-10-fro.jpg
000395.jpg,https://c1.staticflickr.com/1/283/19074793288_59730464d7_b.jpg
000396.jpg,https://globalfoodtrade.eu/image/260x0/80/uploads/product/swiet-moffo-surinamese-garlic-spicy.jpg
000397.jpg,https://images-wixmp-ed30a86b8c4ca887773594c2.wixmp.com/f/9ec00ac7-2ed9-484d-b902-dbbb0a066a81/dbc83ts-94fd2700-773f-44ce-b294-0901e2c46749.png/v1/fill/w_542,h_516,q_80,strp/horseland_oc_iv_madame_jeanette__by_rosie_love98_dbc83ts-fullview.jpg?token=eyJ0eXAiOiJKV1QiLCJhbGciOiJIUzI1NiJ9.eyJzdWIiOiJ1cm46YXBwOjdlMGQxODg5ODIyNjQzNzNhNWYwZDQxNWVhMGQyNmUwIiwiaXNzIjoidXJuOmFwcDo3ZTBkMTg4OTgyMjY0MzczYTVmMGQ0MTVlYTBkMjZlMCIsIm9iaiI6W1t7ImhlaWdodCI6Ijw9NTE2IiwicGF0aCI6IlwvZlwvOWVjMDBhYzctMmVkOS00ODRkLWI5MDItZGJiYjBhMDY2YTgxXC9kYmM4M3RzLTk0ZmQyNzAwLTc3M2YtNDRjZS1iMjk0LTA5MDFlMmM0Njc0OS5wbmciLCJ3aWR0aCI6Ijw9NTQyIn1dXSwiYXVkIjpbInVybjpzZXJ2aWNlOmltYWdlLm9wZXJhdGlvbnMiXX0.PUnf1FeBhFJMDG0jFkfVve3bnTxrN6xSXKi_AbH_HIE
000398.jpg,https://t4.ftcdn.net/jpg/01/22/99/09/240_F_122990997_pSbdjVOYkD95d6jM0qjPEg5bSrO2UzdA.jpg
000399.jpg,https://pbs.twimg.com/media/DuUE-3QWkAIv3H2.jpg
000400.jpg,https://c8.alamy.com/comp/AH0KHN/habanero-chillies-capsicum-chinense-in-bowl-AH0KHN.jpg
000401.jpg,http://i181.photobucket.com/albums/x61/whitekoohii/madamejeanette021.jpg
000402.jpg,https://i.ytimg.com/vi/YJZodR-Hw0s/maxresdefault.jpg
000403.jpg,http://4.bp.blogspot.com/_iGk6L6AfT2E/TOEuoOv2QJI/AAAAAAAABpE/e2JUmb6A5hM/s1600/IMG_3361.JPG
000404.jpg,https://www.pobezin.com/images/projecten/madame_jeanette/collages/1/2017-08-09%2016.10.04.JPG
000405.jpg,https://d36tnp772eyphs.cloudfront.net/blogs/1/2014/05/Woman-biting-into-a-spicy-pepper-1200x853.jpg
000406.jpg,https://hotsaucefever.com/images/chiles/thai_hot_pepper.jpg
000407.jpg,https://www.chili-shop24.com/media/image/e7/61/69/9267_Habanero-Hot-Lemon_600x600.jpg
000408.jpg,http://www.johnstonplants.com/images/peppers/peter_pepper.JPG
000409.jpg,https://www.cayennediane.com/wp-content/uploads/Super-Chili-2-300x300.jpg
000410.jpg,https://kcdgarden.com/varieties/167/IMG_9590.JPG?width=480&height=400&mode=crop&format=jpg&quality=55
000411.jpg,https://www.chilipeppermadness.com/wp-content/uploads/2016/09/Caribbean-Style-Mango-Habanero-Hot-Sauce-Recipe1.jpg
000412.jpg,https://shop.westlandpeppers.com/wp-content/uploads/bfi_thumb/pepermix_75g_westlandpeppers-1-njrxi4gxyt26y5mcg2rajqyossngl70ex31xcmxbeg.jpg
000413.jpg,http://i20.photobucket.com/albums/b221/MavicaMedic/01%202015%20C2C/Miscellaneous2/Sept_Harvest/IMG_0790_zpseos6a8wj.jpg
000414.jpg,https://webaruhaz.kertlap.hu/wp-content/uploads/2018/12/Lucifers-dream2.jpg
000415.jpg,https://i.redd.it/oo85hzt1xwf31.jpg
000416.jpg,https://upload.wikimedia.org/wikipedia/commons/d/d2/Capsicum_annuum_-_K%C3%B6hler%E2%80%93s_Medizinal-Pflanzen-027.jpg
000417.jpg,https://www.telegraph.co.uk/content/dam/Gardening/11sept/filename_ext_2645689a.jpg
000418.jpg,http://3.bp.blogspot.com/_iGk6L6AfT2E/TOEsuuw33uI/AAAAAAAABoI/GRha73PRixY/s1600/IMG_3329.JPG
000419.jpg,http://www.pobezin.com/images/projecten/madame_jeanette/collages/1/2017-09-09%2001.12.16.JPG
000420.jpg,https://i.redd.it/9togsjhka5ez.jpg
000421.jpg,https://www.cayennediane.com/wp-content/uploads/2015/04/Trinidad-7-Pod-300x300.jpg
000422.jpg,http://i783.photobucket.com/albums/yy115/DutchPeppers/2012%20PeppersRus/Pepperplant%20pictures/Pepper%20pod%20shots/MadameJeanette1.jpg
000423.jpg,https://i.ytimg.com/vi/uRM9QVw1fRY/maxresdefault.jpg
000424.jpg,https://t4.ftcdn.net/jpg/01/60/51/39/240_F_160513935_KWfdWRlkkT4A3bR9Ic7SAM06oDUxWCPh.jpg
000425.jpg,https://pbs.twimg.com/media/Do1h5VNXUAEsznY.jpg
000426.jpg,https://www.chilipeppermadness.com/wp-content/uploads/2013/10/Scotch-Bonnet-Chili-Peppers2.jpg
000427.jpg,https://webaruhaz.kertlap.hu/wp-content/uploads/2018/12/Morovars-Yellow.jpg
000428.jpg,https://kcdgarden.com/varieties/208/download_20180330_115221.jpeg?width=480&height=400&mode=crop&format=jpg&quality=55
000429.jpg,https://www.telegraph.co.uk/content/dam/Gardening/11sept/filename_ext_2645691a.jpg
000430.jpg,http://4.bp.blogspot.com/_iGk6L6AfT2E/TOEuxCtYYkI/AAAAAAAABpM/aeWP-ENCduw/s1600/IMG_3364.JPG
000431.jpg,http://www.johnstonplants.com/images/peppers/Trinidad-Moruga-Sc_2140472b.jpg
000432.jpg,https://i.ytimg.com/vi/JSyd6OPBpq0/hqdefault.jpg
000433.jpg,https://www.pobezin.com/images/projecten/madame_jeanette/collages/1/2017-08-14%2019.55.53.JPG
000434.jpg,https://upload.wikimedia.org/wikipedia/commons/thumb/4/4b/PepperswithscovilleCentralMarketHoustonTX.JPG/1200px-PepperswithscovilleCentralMarketHoustonTX.JPG
000435.jpg,https://hotsaucefever.com/images/chiles/chocolate_habanero_chilli.jpg
000436.jpg,https://t3.ftcdn.net/jpg/02/55/18/78/240_F_255187867_IhIpyx6Q1GjXJ0RYU5fdvmJax9QKrQ70.jpg
000437.jpg,https://pbs.twimg.com/media/DmkLYyqXgAAA8dd.jpg
000438.jpg,https://www.cayennediane.com/wp-content/uploads/Hungarian-Wax-Pepper-300x300.jpg
000439.jpg,https://kcdgarden.com/varieties/40/orangehab.jpg?width=480&height=400&mode=crop&format=jpg&quality=55
000440.jpg,https://www.chilipeppermadness.com/wp-content/uploads/2018/04/Peach-Scotch-Bonnet-Hot-Sauce-Recipe1.jpg
000441.jpg,https://i.redd.it/z9wwh2dx6njz.jpg
000442.jpg,https://webaruhaz.kertlap.hu/wp-content/uploads/2018/01/naga-jolokia-paprika-mag-3.jpg
000443.jpg,http://3.bp.blogspot.com/_iGk6L6AfT2E/TOEuqPt8NpI/AAAAAAAABpI/0QrnNYtzoqs/s1600/IMG_3363.JPG
000444.jpg,http://www.johnstonplants.com/images/peppers/Crimson_hot__low_heat.JPG
000445.jpg,https://i.ytimg.com/vi/cJna_VR9fMI/maxresdefault.jpg
000446.jpg,https://www.cayennediane.com/wp-content/uploads/Cheyenne-Pepper-300x300.jpg
000447.jpg,https://www.pobezin.com/images/projecten/madame_jeanette/collages/1/2017-08-09%2016.09.42.JPG
000448.jpg,http://farm9.staticflickr.com/8518/8544830655_85df65f38f_d.jpg
000449.jpg,https://www.chilipeppermadness.com/wp-content/uploads/2019/08/Naga-Morich-Pepper.jpg
000450.jpg,http://i140.photobucket.com/albums/r38/picstor77/Faria7-7-12.jpg
000451.jpg,https://www.pepperscale.com/wp-content/uploads/2015/08/Madame-Jeanette-Pepper-1-e1439252428598.jpg
000452.jpg,https://c1.staticflickr.com/7/6229/6234737744_b6eec3042b_b.jpg
000453.jpg,http://farm7.staticflickr.com/6091/6234213169_7882a999b2_z.jpg
000454.jpg,https://pepperheadsforlife.com/wp-content/uploads/2015/01/madame-jeanette-pepper.jpg
000455.jpg,http://vignette4.wikia.nocookie.net/gardener/images/4/43/Chilli_Madame_jeanette.jpg
000456.jpg,http://oi58.tinypic.com/r0uvir.jpg
000457.jpg,http://heliotricity.com/images/chile_peppers/Madame%20Jeanette%20800x581.jpg
000458.jpg,https://www.seeds-gallery.shop/5820-medium_default/habanero-madame-jeanette-seeds.jpg
000459.jpg,https://www.vreeken.nl/afbv/208400-peper-madame-jeanette.jpg
000460.jpg,https://www.chili-shop24.com/media/image/thumbnail/9202_Madame-Jeanette-Yellow_720x600.jpg
000461.jpg,http://www.atastefortravel.ca/wp-content/uploads/2017/06/Madame-Jeanette-peppers-are-a-hot-pepper-from-Suriname-in-Aruba--700x611.jpg
000462.jpg,http://farm8.staticflickr.com/7203/6922056486_736d5f8506_z.jpg
000463.jpg,http://www.belimpex.nl/wp-content/uploads/2015/07/madame-jeanette-pepper-belicious-3.jpg
000464.jpg,https://www.magicgardenseeds.com/pics/mgs/1233/1/1000/Suriname-Yellow-Pepper-'Madame-Jeanette'-(Capsicum-chinense)_1.jpg
000465.jpg,https://c2.staticflickr.com/6/5123/5314266356_e7b3422600_b.jpg
000466.jpg,https://i.ytimg.com/vi/boGq3W78kTk/hqdefault.jpg
000467.jpg,https://www.magicgardenseeds.com/pics/mgs/1233/1000/Suriname-Yellow-Pepper-'Madame-Jeanette'-(Capsicum-chinense).jpg
000468.jpg,https://s-media-cache-ak0.pinimg.com/236x/cd/57/0e/cd570eb582ca758013d776f78edc6b01.jpg
000469.jpg,https://www.mygreenchapter.com/media/catalog/product/cache/4/image/585x/9df78eab33525d08d6e5fb8d27136e95/b/u/bu080465.jpg
000470.jpg,https://1a1z1e22ozx83bgjsz17c6ba-wpengine.netdna-ssl.com/wp-content/uploads/Madame_Jeanette_flower-wpcf_1024x1024.jpg
000471.jpg,https://bensbookings.com/wp-content/uploads/Madame-Jeanette-the-Peppers-Curacao.jpg
000472.jpg,https://bensbookings.com/wp-content/uploads/mjp-22-683x1024.jpg
000473.jpg,https://bensbookings.com/wp-content/uploads/Jeanette-voor.jpg
000474.jpg,http://images.smulweb.nl/recepten/1110771/high_res/MadameJeanettes.jpg
000475.jpg,https://bensbookings.com/wp-content/uploads/Slider051-600x265.jpg
000476.jpg,http://usercontent2.hubimg.com/4358407_f248.jpg
000477.jpg,https://bensbookings.com/wp-content/uploads/mjp-01.jpg
000478.jpg,https://bensbookings.com/wp-content/uploads/mjp-23-683x1024.jpg
000479.jpg,http://www.belimpex.nl/wp-content/uploads/2015/07/PepperSclePro.jpg
000480.jpg,https://bensbookings.com/wp-content/uploads/mjp-03-683x1024.jpg
000481.jpg,https://image.shutterstock.com/image-photo/madame-jeanette-surinam-yellow-whole-260nw-1066422140.jpg
000482.jpg,https://bensbookings.com/wp-content/uploads/mjp-curacao.jpg
000483.jpg,https://bensbookings.com/wp-content/uploads/mjp-26-678x1024.jpg
000484.jpg,https://bensbookings.com/wp-content/uploads/mjp-06-787x1024.jpg
000485.jpg,http://ih3.redbubble.net/image.9670230.4395/flat,550x550,075,f.jpg
000486.jpg,https://globalfoodtrade.eu/image/260x0/80/uploads/product/swiet-moffo-madame-jeanette-pepper-sauce.jpg
000487.jpg,https://upload.wikimedia.org/wikipedia/commons/9/95/Achill.jpg
000488.jpg,https://bensbookings.com/wp-content/uploads/mjp-04-683x1024.jpg
000489.jpg,https://bensbookings.com/wp-content/uploads/mjp-10.jpg
000490.jpg,http://i783.photobucket.com/albums/yy115/DutchPeppers/2013/MadameJeanette1_zpse50c9996.jpg
000491.jpg,https://bensbookings.com/wp-content/uploads/mjp-08.jpg
000492.jpg,https://bensbookings.com/wp-content/uploads/mjp-11.jpg
000493.jpg,https://bensbookings.com/wp-content/uploads/Drummer-Onno-Roell-bij-Madame-Jeanette-the-Peppers-600x600.jpg
000494.jpg,https://bensbookings.com/wp-content/uploads/mjp-18.jpg
000495.jpg,https://bensbookings.com/wp-content/uploads/mjp-25-683x1024.jpg
000496.jpg,https://bensbookings.com/wp-content/uploads/mjp-05-683x1024.jpg
000497.jpg,https://bensbookings.com/wp-content/uploads/TdH-Ben-Jeanette-16.jpg
000498.jpg,https://bensbookings.com/wp-content/uploads/Gitarist-Ben-Blue-en-jazz-zangeres-Madame-Jeanette.jpg
000499.jpg,https://bensbookings.com/wp-content/uploads/MJP.jpg
000500.jpg,https://bensbookings.com/wp-content/uploads/mjp-21-e1501523194703.jpg
000501.jpg,https://image.jimcdn.com/app/cms/image/transf/dimension=490x1024:format=jpg/path/s199cba13d4a7bd37/image/i38bafa57c065c1d6/version/1518337492/image.jpg
000502.jpg,https://bensbookings.com/wp-content/uploads/mjp-sijf-2017.jpg
000503.jpg,https://bensbookings.com/wp-content/uploads/Jeanette-voor-600x265.jpg
000504.jpg,https://image.jimcdn.com/app/cms/image/transf/dimension=496x1024:format=jpg/path/s199cba13d4a7bd37/image/i20ea1ea82e1436ce/version/1514748023/image.jpg
000505.jpg,https://bensbookings.com/wp-content/uploads/mjp-14.jpg
000506.jpg,https://tokohoiyunrotterdam.files.wordpress.com/2012/03/lekkerbekkie_madame_jeanette_piccalilly_3.jpg
000507.jpg,https://world-crops.com/wp-content/uploads/Habanero-by-Eric-Bronson-3515064429_e7d743232c_b-570x350.jpg
000508.jpg,https://bensbookings.com/wp-content/uploads/TdH-Ben-Jeanette-35.jpg
000509.jpg,http://www.heliotricity.com/wp-content/uploads/2018/01/Dorset-Naga-Chile-Peppers.jpg
000510.jpg,https://bensbookings.com/wp-content/uploads/Jazz-combo-Madame-Jeanette-the-Peppers-met-Ben-Blaauw-Madame-Jeanette-Onno-Roell-en-Ed-de-Jong.jpg
