image,source
000001.jpg,https://www.pepperscale.com/wp-content/uploads/2013/07/malagueta-pepper-768x577.jpeg
000002.jpg,https://static.artfire.com/uploads/mfs/items/b7/05/large/b70599abfcc5da03c26faa8c1bdb95a84a83b0af7b12726c298ab2bb63ca452c.jpg
000003.jpg,https://images-na.ssl-images-amazon.com/images/I/61j5Hl%2BgmiL._SX466_.jpg
000004.jpg,https://upload.wikimedia.org/wikipedia/commons/2/2e/Sayaca_Tanager_feeding_on_malagueta_peppers.jpg
000005.jpg,https://i.etsystatic.com/7824311/r/il/e64814/523114608/il_794xN.523114608_mjrn.jpg
000006.jpg,https://worldcrops.org/sites/worldcrops.org/files/styles/crop_lead_image/public/crops/DSCN1022.jpg?itok=2neyAs2t&c=b2da28465bdff5ac1ab4d0d6814a6017
000007.jpg,https://www.magicplantfarms.com/wp-content/uploads/2017/01/Malagueta-Pepper.jpg
000008.jpg,https://www.chilipeppermadness.com/wp-content/uploads/2019/09/Malagueta-Peppers.jpg
000009.jpg,https://www.magicgardenseeds.com/pics/mgs/1238/1000/Malagueta-Pepper-(Capsicum-frutescens).jpg
000010.jpg,https://worldcrops.org/sites/worldcrops.org/files/crops/DSCN1022.jpg
000011.jpg,https://images-na.ssl-images-amazon.com/images/I/61IfyooRo8L._SX425_.jpg
000012.jpg,https://www.amazingfoodmadeeasy.com/peppers/pepper_images/malag-bowl.jpg
000013.jpg,https://cdn.shopify.com/s/files/1/0915/1060/products/Pepper-Joes-3943_54f2f66d-2467-4249-9ff2-f55e86e08fa4.jpg?v=1476890343
000014.jpg,https://worldcrops.org/sites/worldcrops.org/files/crops/DSCN1013.jpg
000015.jpg,https://sc02.alicdn.com/kf/HTB1LWXGKVXXXXa1XpXXq6xXFXXXn/Malagueta-Pepper-Seeds.jpg
000016.jpg,https://m.media-amazon.com/images/S/aplus-seller-content-images-us-east-1/ATVPDKIKX0DER/A2UWPV9RGR1LSN/37b8f40a-8089-4bd5-8457-f23bb5954cf2.__CR0,324,1000,309_PT0_SX970_V1___.jpg
000017.jpg,https://www.sciencenewsforstudents.org/sites/default/files/2016/05/main/articles/header-860-Red_Peppers.jpg
000018.jpg,https://sc01.alicdn.com/kf/HTB1MSckKpXXXXX4XFXXq6xXFXXXO/Red-Malagueta-Pepper-35g.jpg_350x350.jpg
000019.jpg,https://tasteofbrazilkc.com/wp-content/uploads/2017/12/Malagueta-pepper-500.png
000020.jpg,https://cdn0.wideopeneats.com/wp-content/uploads/2017/09/worlds-hottest-peppers-720x405.png
000021.jpg,https://c8.alamy.com/comp/BE1H36/capsicum-chinense-en-brazilian-malagueta-hot-pepper-fr-piment-brazilian-BE1H36.jpg
000022.jpg,https://www.giollo.com.br/ebay/imagens/pimenta%20vidros.jpg
000023.jpg,https://www.chilipeppermadness.com/wp-content/uploads/2018/06/A-Guide-to-Growing-Chili-Peppers.jpg
000024.jpg,https://images.homedepot-static.com/productImages/83dc9e19-e57d-4b2f-81cb-c15e3aa4e4ec/svn/bonnie-plants-vegetable-plants-3300-64_1000.jpg
000025.jpg,https://get.pxhere.com/photo/agriculture-background-bright-cayenne-chili-chilli-chilly-closeup-color-cook-cooking-cuisine-eating-food-fresh-freshness-green-health-healthy-heat-hot-ingredient-isolated-market-mexican-nature-nutrition-organic-paprika-pepper-peppers-plant-raw-red-ripe-seasoning-spice-spicy-vegetable-vegetables-vegetarian-water-natural-foods-chili-pepper-malagueta-pepper-serrano-pepper-bird's-eye-chili-peperoncini-tabasco-pepper-local-food-chile-de-rbol-pimiento-cayenne-pepper-bell-peppers-and-chili-peppers-italian-sweet-pepper-jalapeno-vegan-nutrition-pasilla-poblano-flowering-plant-piquillo-pepper-capsicum-habanero-chili-produce-nightshade-family-fruit-vegetarian-food-legume-whole-food-Long-pepper-1595871.jpg
000026.jpg,https://upload.wikimedia.org/wikipedia/commons/thumb/0/03/African_red_devil_peppers.jpg/1200px-African_red_devil_peppers.jpg
000027.jpg,https://images.homedepot-static.com/productImages/30ac819c-c75b-4442-8388-12b9033e5cce/svn/bonnie-plants-vegetable-plants-2701-64_300.jpg
000028.jpg,https://library.kissclipart.com/20191022/yce/kissclipart-chili-pepper-tabasco-pepper-malagueta-pepper-pimie-eb65e72204585f3c.png
000029.jpg,http://www.southernexposure.com/images/large/hot-pepper-cayenne-long-red_LRG.jpg
000030.jpg,https://banner2.cleanpng.com/20180213/akq/kisspng-serrano-pepper-birds-eye-chili-cayenne-pepper-taba-1-small-red-pepper-5a82f6867b6ad0.3716101915185322305055.jpg
000031.jpg,https://i.ytimg.com/vi/70Pkme-Onrk/hqdefault.jpg
000032.jpg,https://sambavanilla.com/WebRoot/LaPoste/Shops/box26121/53C3/F7F8/3A01/100C/13EB/0A0C/05E0/FB88/piment_rouge_entier_sambavanilla_ml.JPG
000033.jpg,https://i-love-png.com/images/red-chili-pepper-clipart-png-715x715.png
000034.jpg,https://www.chillihead.co.za/image/cache/data/products/malaguetta-500x500.jpg
000035.jpg,https://www.maddog357.com/wp-content/uploads/2017/04/iStock-512107210-600x400.jpg
000036.jpg,https://www.superhotchiles.com/wp-content/uploads/2018/09/ChilesMirasolChihuahua9-2018.jpg
000037.jpg,https://mobileimages.lowes.com/product/converted/715339/715339011572.jpg?size=xl
000038.jpg,https://library.kissclipart.com/20191024/twq/kissclipart-birds-eye-chili-chili-pepper-serrano-pepper-malag-59a842d4ce881046.png
000039.jpg,https://tamarorganics.co.uk/wp-content/uploads/2017/11/Pepper-Early-Jalapeno-2.jpg
000040.jpg,https://www.adaptiveseeds.com/wp-content/uploads/2014/12/pepper-adaptive-early-thai-2.jpg
000041.jpg,https://www.adaptiveseeds.com/wp-content/uploads/2018/12/Hong-Gochu-Large-Fruit-Hot-Pepper-1.jpg
000042.jpg,https://upload.wikimedia.org/wikipedia/commons/3/32/Thai_peppers.jpg
000043.jpg,https://www.seedsavers.org/site/img/seo-images/1299-joes-long-pepper.jpg
000044.jpg,https://get.pxhere.com/photo/plant-fruit-flower-food-pepper-spice-chili-red-produce-vegetable-cuisine-hot-peppers-spicy-flowering-plant-acerola-malpighia-chili-pepper-cayenne-pepper-land-plant-bird's-eye-chili-malagueta-pepper-bell-peppers-and-chili-peppers-tabasco-pepper-habanero-chili-858444.jpg
000045.jpg,https://turtletreeseed.org/wp-content/uploads/2015/12/Sweet-Paprika-e1474984083799.jpg
000046.jpg,http://www.southernexposure.com/images/large/hot-pepper-serrano-tampiqueno_LRG.jpg
000047.jpg,https://www.superhotchiles.com/wp-content/uploads/2018/09/ChilesTarahumara4-2018.jpg
000048.jpg,https://cdn.shopify.com/s/files/1/0220/1512/products/bih-jolokia_d1c32079-6e6a-4e11-a55d-95fa6d9f564f.jpg?v=1540538767
000049.jpg,https://www.landrethseed.com/media/catalog/product/h/o/hot-pepper-cayenne_-long-red-slim_1.jpg?quality=80&bg-color=255,255,255&fit=bounds&height=&width=
000050.jpg,https://previews.123rf.com/images/chayantorn/chayantorn1706/chayantorn170600360/79570368-shot-of-dried-red-chili-pepper-for-original-thai-food-thai-spices-concept-.jpg
000051.jpg,https://cdn.dtbrownseeds.co.uk/product-images/op/d/CHI-018d.jpg
000052.jpg,https://paramountseeds.com/wp-content/uploads/2014/08/Centella_3.jpg
000053.jpg,https://chilimania.hu/wp-content/uploads/Bhut-Jolokia-Chocolate-chili-paprika-mag.jpg
000054.jpg,https://greenvegetableseeds.com/wp-content/uploads/2016/04/Chilli-Pepper-Ring-of-Fire-www.greenvegetableseeds.com_.jpg
000055.jpg,https://www.cayennediane.com/wp-content/uploads/2017/09/Cacho-de-Cabra.jpg
000056.jpg,https://www.seedsavers.org/site/img/seo-images/1178-tollis-sweet-italian-pepper-organic.jpg
000057.jpg,https://flamingfoodtop20.files.wordpress.com/2013/01/cayenne-pepper.jpg
000058.jpg,https://cdn1.bigcommerce.com/server700/5mvrqhbm/products/5396/images/150735/aji-strawberry-drop-pepper-x__05624.1522258071.1280.1280.jpg?c=2
000059.jpg,https://www.aerogarden.com/media/catalog/product/optimized/9/1/91c0adc8706fef1e3da4d84bf26987b4/01_cayennepeppers_swatches.1556736339.jpg
000060.jpg,https://cdn.webshopapp.com/shops/60827/files/235035532/image.jpg
000061.jpg,https://previews.123rf.com/images/vitalinar/vitalinar1802/vitalinar180200116/95053093-background-of-ripe-red-chili-peppers-with-leaves-.jpg
000062.jpg,http://cdn.shopify.com/s/files/1/2406/3467/products/Jimmy_Nardello_wide_1024x1024.JPG?v=1546739803
000063.jpg,https://delicaciesjewelry.com/wp-content/uploads/2015/08/Chile_WEB.jpg
000064.jpg,http://www.organicseed.co.za/367-981-thickbox/malagueta-pepper.jpg
000065.jpg,https://www.cayennediane.com/wp-content/uploads/Thai-Peppers.jpg
000066.jpg,https://m-garden.eu/img/4242/petered/petered.jpg?time=1549359988
000067.jpg,https://i-love-png.com/images/pepper-png-pluspngcom-979-pepper-png-chili-pepper-png-979_979.png
000068.jpg,https://banner2.kisspng.com/20180718/cjv/kisspng-chile-de-rbol-serrano-pepper-pasilla-cayenne-pep-hot-peppers-5b4ede1026b1d7.9622232715318953121585.jpg
000069.jpg,https://www.aerogarden.com/media/catalog/product/optimized/9/1/91c0adc8706fef1e3da4d84bf26987b4/01_ghostpeppers_swatches.1556736339.jpg
000070.jpg,http://64thstreetspecialties.com/images/peppers.jpg
000071.jpg,https://library.kissclipart.com/20191024/cpe/kissclipart-chili-pepper-birds-eye-chili-malagueta-pepper-ser-7c9c46421a44bd12.png
000072.jpg,https://www.johnnyseeds.com/dw/image/v2/BBBW_PRD/on/demandware.static/-/Sites-jss-master/default/dwcebd8a5d/images/products/vegetables/corno_di_toro_ps.jpg?sw=387&cx=302&cy=0&cw=1196&ch=1196
000073.jpg,https://amp.businessinsider.com/images/5b6b4a127708e90e16472cd5-750-563.jpg
000074.jpg,https://imgaz1.staticbg.com/thumb/large/oaupload/banggood/images/EE/EA/5fe2484d-da72-4bf8-8306-0c77a088c01b.jpg.webp
000075.jpg,https://www.thespruceeats.com/thmb/yKML-bqoTUIuICxfuLdQPBwqakA=/1500x1240/filters:fill(auto,1)/GettyImages-1141134933-fcc8ca31c1604de9ae721c4723a5be9c.jpg
000076.jpg,http://cdn.shopify.com/s/files/1/2406/3467/products/IMG_5335_1024x1024.JPG?v=1550610401
000077.jpg,https://www.burpee.com/dw/image/v2/ABAQ_PRD/on/demandware.static/-/Sites-masterCatalog_Burpee/default/dwf96063bb/Images/Product%20Images/prod001937/prod001937.jpg?sw=320&sh=378&sm=fit
000078.jpg,https://basbaassauce.com/wp-content/uploads/2019/03/Screen-Shot-2019-03-12-at-11.41.05-AM.png
000079.jpg,https://cdn.shopify.com/s/files/1/1385/6321/products/IMG_0935_1024x1024_ac55fee5-effb-461b-9e89-00cf37369a9e_1024x1024.JPG?v=1494283816
000080.jpg,https://seaspringplants.co.uk/wp-content/uploads/2016/02/pimiento-de-padron-20.jpg
000081.jpg,https://www.andersonseedandgarden.com/media/catalog/product/cache/1/image/720x868/9df78eab33525d08d6e5fb8d27136e95/S/P/SPA.jpg
000082.jpg,https://www.superhotchiles.com/wp-content/uploads/2018/09/chilesBrownJalapeno9-2018-600x450.jpg
000083.jpg,https://www.bbbseed.com/wp-content/uploads/2018/02/PepperFiestaCayenneBlend.jpg
000084.jpg,https://www.thoughtco.com/thmb/UwpMLo9eMa6RQwz-ZuxNdbK0YOk=/768x0/filters:no_upscale():max_bytes(150000):strip_icc()/chilli-3724773_1920-ddfce7e623be47d2bf6ee5c4e2d8e7f0.jpg
000085.jpg,https://cdn.shopify.com/s/files/1/0237/0893/products/ghost-pepper-hot-sauce-hot-sauce-sting-n-linger-270696_2048x.jpg?v=1554937518
000086.jpg,https://thumbs-prod.si-cdn.com/T9b6P7RkwpdeHyqVuw6lYqsIqCw=/420x240/https://public-media.si-cdn.com/filer/FoodandThink-Chili-Peppers-631.jpg
000087.jpg,https://www.thespruceeats.com/thmb/5VOnpMEKi3IM67ZM-XstqZobL2s=/960x0/filters:no_upscale():max_bytes(150000):strip_icc()/GettyImages-767968485-5bb6cf2146e0fb00267d83ea.jpg
000088.jpg,https://neveldfel.cdn.shoprenter.hu/custom/neveldfel/image/cache/w955h500/STOCK%20k%C3%A9pek/ghostgreen.jpg?lastmod=1544512236.1482238000
000089.jpg,http://cdn.shopify.com/s/files/1/0220/1512/products/Ghost-Peppers_1200x630.jpg?v=1553756719
000090.jpg,https://cdn.webshopapp.com/shops/60827/files/245743889/image.jpg
000091.jpg,https://cdn.shopify.com/s/files/1/2040/5211/products/Vibrant-Red-Pepper-510629908_2124x1417_fd4b2ac4-05fb-465c-8367-3f0f448bfb4f_900x.jpeg?v=1555345816
000092.jpg,http://www.southernexposure.com/images/large/sweet-banana-pepper_LRG.jpg
000093.jpg,https://www.rocketgardens.co.uk/wp-content/uploads/2018/02/birds-eye-chilli-1000x500.jpg
000094.jpg,https://www.thompson-morgan.com/product_images/100/optimised/CHILL-T77746-A_h.jpg
000095.jpg,https://cdn.shopify.com/s/files/1/0011/2341/8172/products/PP636_Sureno_IMG_2999_600x600.jpg?v=1523414065
000096.jpg,https://www.tripsavvy.com/thmb/Rn1vNhrOp6q_FH5Ab_pJ7ZlhlVA=/1620x1080/filters:no_upscale():max_bytes(150000):strip_icc()/serrano-chiles-597a1be6af5d3a0011a56435.jpg
000097.jpg,https://www.thoughtco.com/thmb/epSasjYlIQtTyTTWMHZ-Knrd8lU=/768x0/filters:no_upscale():max_bytes(150000):strip_icc()/vegetable-stills--chili-pepper-red-172716606-5b958e8246e0fb0050304ff8.jpg
000098.jpg,https://www.pepperworldhotshop.com/out/pictures/generated/product/1/540_340_75/frische-chili-naga-bhut-jolokia-rot-100g-ba030-1.jpg
000099.jpg,https://previews.123rf.com/images/stefanocarella/stefanocarella1711/stefanocarella171100039/93833593-mixt-of-chili-pepper-in-a-white-basket.jpg
000100.jpg,https://www.tripsavvy.com/thmb/8nREYBlZrQs9PVz-4NuKWL2OSno=/1440x1080/smart/filters:no_upscale()/serrano-chiles-597a1be6af5d3a0011a56435.jpg
000101.jpg,https://images2.minutemediacdn.com/image/upload/c_crop,h_1192,w_2121,x_0,y_111/f_auto,q_auto,w_1100/v1554931859/shape/mentalfloss/21583-istock-474683586.jpg
000102.jpg,https://media.npr.org/assets/img/2018/04/13/carolinareaper-1-744f42b11e1f5e0519a8ee2979c7492ea3a4c417-s1100-c15.jpg
000103.jpg,https://www.mmtimes.com/sites/mmtimes.com/files/styles/mmtimes_ratio_c_normal_detail_image/public/news-images/chilli.jpg?itok=IkyxLaI6
000104.jpg,https://www.gonomad.com/wp-content/uploads/2019/08/Datil-Peppers-500x334.jpg
000105.jpg,https://www.truetreatscandy.com/wp-content/uploads/2017/08/Chili-Pepper.jpg
000106.jpg,https://cdn10.bigcommerce.com/s-in8z1v8/products/136/images/343/Pepper_Red__75827.1455072488.1280.1280.JPG?c=2
000107.jpg,https://a57.foxnews.com/a57.foxnews.com/static.foxnews.com/foxnews.com/content/uploads/2018/09/640/320/1862/1048/ewrwer54536fddf435.jpg?ve=1&tl=1?ve=1&tl=1
000108.jpg,https://www.adaptiveseeds.com/wp-content/uploads/2014/12/p-7324-hot_pepper_korean1.jpg
000109.jpg,https://cdn.theatlantic.com/assets/media/img/mt/2018/05/RTXW9MF/lead_720_405.jpg?mod=1533691464
000110.jpg,https://stoffe.kawaiifabric.com/images/product_images/large_img/fabric-with-chili-pepper-fabric-by-Timeless-Treasures--217637-1.jpg
000111.jpg,https://www.jessicagavin.com/wp-content/uploads/2019/05/types-of-peppers-1-600x900.jpg
000112.jpg,https://uharvest.ca/shop/images/pepper-shishit-greenhouse.jpg
000113.jpg,https://www.lovethegarden.com/sites/default/files/styles/header_image_xl/public/content/articles/UK_advice-gardening-grow-your-own-how-grow-chillies_header.jpg?itok=06XE8PQ_
000114.jpg,https://image.shutterstock.com/image-photo/colorful-mix-peppers-on-market-600w-746536675.jpg
000115.jpg,http://cloud.foodista.com/content/images/a91ff02e35c52df4a165da0f845a9b14c20092ed_607x400.jpg
000116.jpg,https://www.superhotchiles.com/wp-content/uploads/2018/09/ChilesOrangeCayenne4-2018.jpg
000117.jpg,https://irp-cdn.multiscreensite.com/md/unsplash/dms3rep/multi/tablet/photo-1484216287461-d8f62bc4d22a.jpg
000118.jpg,https://hips.hearstapps.com/hmg-prod.s3.amazonaws.com/images/red-and-green-chile-peppers-in-bushel-baskets-royalty-free-image-519051025-1534797097.jpg
000119.jpg,https://www.bannergreenhouses.com/wp-content/uploads/2018/10/Pepper-Hot-Tabasco.jpg
000120.jpg,https://static.scientificamerican.com/blogs/cache/file/A60F4BB1-3B08-4AF5-8A9016A2B2E23E34_source.jpg?w=590&h=800&100827CA-1E58-46EF-8266AB3CBE00F1EE
000121.jpg,https://www.provenwinners.com/sites/provenwinners.com/files/imagecache/low-resolution/ifa_upload/capsicum_fire_away_hot_and_heavy_tag.jpg
000122.jpg,https://dovemed-prod-k8s.s3.amazonaws.com/media/original_images/chili_red_sharp_spice_chili_peppers_pepperoni_pods_nachtschattengewachs_fo.jpg
000123.jpg,https://www.cayennediane.com/wp-content/uploads/2016/10/Palestine-TX-Hot-Pepper-Festival-2019.png
000124.jpg,https://cdn.cjr.org/wp-content/uploads/2018/02/chilli-2438001_1920-686x371.jpg
000125.jpg,https://www.chilipeppermadness.com/wp-content/uploads/2013/09/Birds-Eye-Peppers.jpg
000126.jpg,https://library.kissclipart.com/20191024/wcq/kissclipart-chili-pepper-serrano-pepper-birds-eye-chili-tabas-baeb158817f62c59.png
000127.jpg,https://res.cloudinary.com/hz3gmuqw6/image/upload/c_fill,h_450,q_60,w_710/kung-pao-phpiH4Qrh
000128.jpg,https://www.santamariaworld.com/optimized/hero-xlarge/globalassets/_featurelandingpage/chili/chili_block.jpg
000129.jpg,https://i2.wp.com/www.theorganickitchen.org/wp-content/uploads/2012/12/theorganickitchen-116-72dpi-1.jpg?resize=720%2C1080&ssl=1
000130.jpg,https://www.aerogarden.com/media/catalog/product/optimized/4/1/41a9ee85281392e3557830b466c9dfc4/chilipeppers_swatches.1556736072.jpg
000131.jpg,https://s3.eu-west-2.amazonaws.com/growinginteractive/blog/red-peppers-2x.jpg
000132.jpg,https://www.gannett-cdn.com/-mm-/1592725cc80e6d3a7f7a8cc6f279129fd31fe33d/c=0-0-1497-1996/local/-/media/2018/07/10/USATODAY/USATODAY/636668625630379722-GettyImages-136560221.jpg?width=534&height=712&fit=crop
000133.jpg,https://i1.wp.com/eatrio.net/wp-content/uploads/2014/08/TDSC_0048.jpg?resize=600%2C415
000134.jpg,https://cdn.vox-cdn.com/thumbor/uldttGkLpqhka3Xq0OVwd6t5aK4=/0x0:1000x750/1200x800/filters:focal(0x0:1000x750)/cdn.vox-cdn.com/uploads/chorus_image/image/46023746/shutterstock_134841626.0.0.jpg
000135.jpg,https://www.modernrestaurantmanagement.com/assets/media/2018/08/peter-hershey-113980-unsplash-1600x655.jpg
000136.jpg,https://cdn.shopify.com/s/files/1/0915/1060/products/RED_SAVINA_hot-pepper-pepper-joes.jpg?v=1457657091
000137.jpg,https://usercontent2.hubstatic.com/8228241_f520.jpg
000138.jpg,https://c8.alamy.com/comp/TDE0F8/capsicum-frutescens-pimenta-malagueta-pepper-so-paulo-brazil-TDE0F8.jpg
000139.jpg,https://www.seedsavers.org/site/img/seo-images/1398-wenks-yellow-hots-pepper-organic.jpg
000140.jpg,https://uharvest.ca/shop/images/pepper-fiariello-greenhouse.jpg
000141.jpg,https://y6f2g9y6.stackpathcdn.com/wp-content/uploads/2017/05/TABASCO-PEPPERS-683x1024.jpg
000142.jpg,https://all-americaselections.org/wp-content/uploads/2017/11/Pepper-Mexican-Sunrise-F1.jpg
000143.jpg,https://resize.hswstatic.com/w_907/gif/banana-peppers-update.jpg
000144.jpg,https://www.tripsavvy.com/thmb/hycY31z5N39iqflPgeKj15LkvAc=/2121x1414/filters:fill(auto,1)/GettyImages-638984756-59744d2d22fa3a001069bfe2.jpg
000145.jpg,https://www.sydneymarkets.com.au/assets/image-cache/Chilli%20banner.7aac4410.jpg
000146.jpg,https://ewscripps.brightspotcdn.com/dims4/default/9fa1b06/2147483647/strip/true/crop/640x360+0+60/resize/1280x720!/quality/90/?url=https%3A%2F%2Fsharing.wxyz.com%2Fsharescnn%2Fphoto%2F2018%2F04%2F15%2FPepper_1523828178111_83910282_ver1.0_640_480.jpg
000147.jpg,https://www.thespruce.com/thmb/qx81FxdUikXpCj8fSK6mj5SiEbY=/1881x1411/smart/filters:no_upscale()/Jalapeno-GettyImages-157683904-5907a5525f9b586470ecb13a.jpg
000148.jpg,https://suttons.s3.amazonaws.com/p/VECHI33763_3.jpg
000149.jpg,https://media.phillyvoice.com/media/images/temitope-amodu-753799-unsplash.2e16d0ba.fill-735x490.jpg
000150.jpg,https://i.ytimg.com/vi/xM3JbXE2tUc/maxresdefault.jpg
000151.jpg,https://res.cloudinary.com/hz3gmuqw6/image/upload/c_fill,h_450,q_60,w_710/BananaPeppers20120903-phpXQkg8a
000152.jpg,https://media.gadventures.com/media-server/cache/76/6a/766a3ffbdb05b70182634c0138f14f75.jpg
000153.jpg,https://media.npr.org/assets/img/2018/10/02/gettyimages-1037464570_wide-ca5e0dabb33501f3e0014651339f4ab4e88e1416.jpg?s=1400
000154.jpg,https://i1.wp.com/savvygardening.com/wp-content/uploads/2019/07/growing-hot-peppers.jpg?fit=657%2C360&ssl=1
000155.jpg,https://www.southernexposure.com/images/large/pepper-sweet-jimmy-nardello_LRG.jpg
000156.jpg,https://www.rareseeds.com/assets/1/14/DimRegular/Pepper-Hot-Datil-LSS-DSC_6934.jpg
000157.jpg,https://www.seedman.com/image/bm23.jpg
000158.jpg,https://images.unsplash.com/photo-1526346698789-22fd84314424?ixlib=rb-1.2.1&ixid=eyJhcHBfaWQiOjEyMDd9&w=1000&q=80
000159.jpg,https://smallaxepeppers.com/wp-content/uploads/2019/04/Screen-Shot-2019-04-25-at-6.07.27-PM-1024x418.png
000160.jpg,https://gingerhaze.com/wp-content/uploads/2019/10/serrano-peppers.jpg
000161.jpg,https://sakatavegetables.com/wp-content/uploads/2019/10/Pepper_ArapahoXPP3800B-400x300.jpg
000162.jpg,https://s3.eu-west-2.amazonaws.com/growinginteractive/blog/chilli_on_windowsill_in_autumn.jpg
000163.jpg,https://d.newsweek.com/en/full/887145/chilies.jpg?w=1600&h=1600&q=88&f=51849c83ad589c168a60457be3c08efc
000164.jpg,http://www.foodsubs.com/Photos/chiles-serranos.jpg
000165.jpg,https://i.guim.co.uk/img/media/851aef5003a42ce6f6fb1b5a763ff57930cb86d3/0_17_1024_615/master/1024.jpg?width=1200&height=630&quality=85&auto=format&fit=crop&overlay-align=bottom%2Cleft&overlay-width=100p&overlay-base64=L2ltZy9zdGF0aWMvb3ZlcmxheXMvdGctYWdlLTIwMTUucG5n&enable=upscale&s=968fd4b09f7c2916508cb5bcc79bd730
000166.jpg,https://assets3.thrillist.com/v1/image/2823041/size/gn-gift_guide_variable_c;jpeg_quality=20.jpg
000167.jpg,http://vegetalis.com/images/uploads/Pepper_Longhorn.jpg
000168.jpg,https://www.abc.net.au/news/image/9675022-3x2-700x467.jpg
000169.jpg,https://upload.wikimedia.org/wikipedia/commons/b/bf/Capsicum_%27Siling_Labuyo%27_%28Mindanao%2C_Philippines%29_2.jpg
000170.jpg,https://cms.splendidtable.org/sites/default/files/styles/w2000/public/various-green-peppers-LEDE.jpg?itok=El_QRIPx
000171.jpg,https://i2.wp.com/themom100.com/wp-content/uploads/2019/07/mom100-pinterest-howtocook-hatchchiles.jpg?ssl=1
000172.jpg,https://www.thehindubusinessline.com/migration_catalog/article19350506.ece/alternates/LANDSCAPE_435/chilli
000173.jpg,https://dw8stlw9qt0iz.cloudfront.net/SE8hIDwPW3Nt9hSKMV4OMzPp95s=/2000x2000/filters:format(jpeg):quality(75)/s3.amazonaws.com/curiosity.content-sync/curiosity-topic-assets-allyears/2016/07/the-seeds-arent-the-spicy-part-of-peppers-curiosity/thumbnail_standard.png
000174.jpg,https://www.lovethegarden.com/sites/default/files/styles/large/public/content/articles/UK_advice-gardening-grow-your-own-how-grow-chillies_main.jpg?itok=SKH37_P4
000175.jpg,https://www.bolster.eu/media/images/1635_dbweb.jpg?1549350221
000176.jpg,https://today.agrilife.org/wp-content/uploads/2018/06/KIMG3116.jpg
000177.jpg,https://img.etimg.com/thumb/height-450,width-800,msid-63655114,imgsize-23054/red-chilli-export-slackens-as-prices-rise.jpg
000178.jpg,https://www.chileplants.com/images/chiles/ancho-mulato-pepper-plants.jpg
000179.jpg,https://img2.thejournal.ie/article/2948899/river/?height=400&version=2948938
000180.jpg,https://edgeforscholars.org/wp-content/uploads/2018/06/Screen-Shot-2018-06-28-at-10.56.45-PM.png
000181.jpg,https://imagesvc.meredithcorp.io/v3/mm/image?url=https%3A%2F%2Fcdn-image.foodandwine.com%2Fsites%2Fdefault%2Ffiles%2F.%2Fwhat-is-ghost-pepper-fwx.jpg&w=400&c=sc&poi=face&q=85
000182.jpg,https://smallaxepeppers.com/wp-content/uploads/2019/05/Screen-Shot-2019-05-01-at-5.59.39-PM-1024x550.png
000183.jpg,https://www.ghostscream.com/wp-content/uploads/2019/09/ghost-pepper-3743479_1920.jpg
000184.jpg,https://www.thompson-morgan.com/static-images/tandm/static-articles/how-grow-chillies/ChilliesImage1.jpg
000185.jpg,https://www.worldofchillies.com/Chilli-plant-varieties/Chilli-plant-varieties-Frutescens/files/stacks-image-16fa31f-462x352.jpg
000186.jpg,https://www.chipotle.com/content/dam/chipotle/global-site-design/en/menu/ingredients/red-chili/panel/redchile-desktop@2x.jpg
000187.jpg,https://cdn.shopify.com/s/files/1/0871/0950/products/Malaguetapepperspile_1024x1024.jpg?v=1554244028
000188.jpg,https://ichef.bbci.co.uk/wwfeatures/live/960_540/images/live/p0/4c/lq/p04clq2t.jpg
000189.jpg,https://img-s-msn-com.akamaized.net/tenant/amp/entityid/AACmRuq.img?h=0&w=720&m=6&q=60&u=t&o=f&l=f
000190.jpg,https://s3.amazonaws.com/growlermag-media/wp-content/uploads/20190731212846/ChilePeppers-Featured-Image.jpg
000191.jpg,https://s3.amazonaws.com/one_org_international/international/media/international/2018/05/30163331/FeatureChilli-640x640.jpg
000192.jpg,https://imgix.bustle.com/rehost/2016/9/13/d164eb3a-7c23-4943-952a-8a4ccef818af.jpg?w=970&h=546&fit=crop&crop=faces&auto=format&q=70
000193.jpg,https://neveldfel.cdn.shoprenter.hu/custom/neveldfel/image/cache/w550h550wt1/STOCK%20k%C3%A9pek/tabasco.jpg?lastmod=1565544198.1482238000
000194.jpg,https://www.seedsofchange.com/images/default-source/seeds/products/vegetables/b07kwxshms/shishito_pepper-packet-glam.jpg?sfvrsn=bcb5af89_2
000195.jpg,https://previews.123rf.com/images/airubon/airubon1610/airubon161000262/65816168-red-hot-chili-peppers-on-tree-in-garden.jpg
000196.jpg,https://caes.ucdavis.edu/sites/g/files/dgvnsk1721/files/styles/sf_landscape_16x9/public/images/article/chilis.jpeg?h=f50ad424&itok=pSOzLYvr
000197.jpg,https://i2.wp.com/www.foodrepublic.com/wp-content/uploads/2011/05/chilis.jpg?resize=1920%2C%20560&ssl=1
000198.jpg,https://cms.qz.com/wp-content/uploads/2017/06/chili-peppers.jpg?quality=75&strip=all&w=1200&h=900&crop=1
000199.jpg,https://www.ocregister.com/wp-content/uploads/migration/oe8/oe8inx-b88801724z.120160928150235000ggij00fk.10.jpg?w=620
000200.jpg,http://www.theflavorbender.com/wp-content/uploads/2016/09/Roasted-Hatch-Chile-3446-Copy.jpg
000201.jpg,https://www.magicplantfarms.com/wp-content/uploads/2016/09/Bhut-Jolokia-400-1.jpg
000202.jpg,https://www.beyondthechickencoop.com/wp-content/uploads/2015/09/Peppers-480x270.jpg
000203.jpg,http://www.hotwinterhotsauce.com/uploads/1/5/9/3/15930756/s416374885531905770_p65_i1_w640.jpeg
000204.jpg,https://cdn.mos.cms.futurecdn.net/qtvKtEXpq29yPd8UnVVggV.jpg
000205.jpg,https://www.adaptiveseeds.com/wp-content/uploads/2014/12/Stocky-Red-Roaster-Pepper-2.jpg
000206.jpg,https://www.seedman.com/image/trn822.jpg
000207.jpg,https://whiteonricecouple.com/recipe/images/Goats-weed-Black-cobra-pepper-3.jpg
000208.jpg,https://www.semo.cz/en/wp-content/uploads/profi-zs-en-02/p2557-semo-vegetable-pepper-hot-naga-morich.jpg
000209.jpg,https://images.csmonitor.com/csmarchives/2011/12/1221-chili-peppers-water.jpg?alias=standard_900x600nc
000210.jpg,https://assets3.thrillist.com/v1/image/2823042/size/gn-gift_guide_variable_c;jpeg_quality=20.jpg
000211.jpg,https://images.unsplash.com/photo-1546860255-95536c19724e?ixlib=rb-1.2.1&ixid=eyJhcHBfaWQiOjEyMDd9&w=1000&q=80
000212.jpg,https://www.chilipeppermadness.com/wp-content/uploads/2013/09/Cayenne-Peppers.jpg
000213.jpg,https://www.burpeehomegardensbrand.com/utility/dispthumb.aspx?imageid=158160&imgsize=Display
000214.jpg,https://hotsaucefever.com/images/chiles/periperi/periperi_ripe.jpg
000215.jpg,https://welovebalaton.hu/image/chili.csabi.alsopahok.korosi.tamas.5948.inbox1200x630.png
000216.jpg,https://www.superhotchiles.com/wp-content/uploads/2018/09/ChilesCaribe2-2018-600x450.jpg
000217.jpg,https://www.chileplants.com/images/chiles/cayenne-long-slim-pepper-plants.jpg
000218.jpg,https://www.chronicle.com//img/photos/biz/photo_87935_landscape_850x566.jpg
000219.jpg,https://worldcrops.org/sites/worldcrops.org/files/crops/DSCN5804.jpg
000220.jpg,https://www.snopes.com/tachyon/2017/01/chili_peppers_fb.jpg?resize=865,452
000221.jpg,https://img.theculturetrip.com/768x432/wp-content/uploads/2018/07/chilli-festival-china.jpg
000222.jpg,https://www.alstedefarms.com/wp-content/uploads/2018/09/Peppers.jpg
000223.jpg,https://www.savoryexperiments.com/wp-content/uploads/2018/08/How-To-Roast-Hatch-Chile-7.jpg
000224.jpg,https://i-love-png.com/images/pepper.png
000225.jpg,https://images.pexels.com/photos/1086719/pexels-photo-1086719.jpeg?auto=compress&cs=tinysrgb&dpr=1&w=500
000226.jpg,https://www.netafim.co.za/bynder/AD385270-E7DD-435C-AFDF7FEF4D89E7CE-greenhouse-peppers---south-africa-9.jpg
000227.jpg,https://ichef.bbci.co.uk/news/660/cpsprodpb/9D13/production/_103511204_chilli.jpg
000228.jpg,https://all-americaselections.org/wp-content/uploads/2017/11/Pepper-RedEmberField.jpg
000229.jpg,https://a57.foxnews.com/a57.foxnews.com/static.foxnews.com/foxnews.com/content/uploads/2018/09/640/320/1862/1048/ghostpepper660_istock.jpg?ve=1&tl=1?ve=1&tl=1
000230.jpg,https://www.aerogarden.com/media/catalog/product/cache/1/image/85e4522595efc69f496374d01ef2bf13/j/a/jalapenos_swatches_1_2.1556735383.jpg
000231.jpg,https://cdn11.bigcommerce.com/s-hhv2ux6/images/stencil/1280w/carousel/92/dried-peppers__16773.jpg
000232.jpg,https://s3-us-west-1.amazonaws.com/contentlab.studiod/getty/57703fd12e86444ca8e45ae437ce55d6.jpg
000233.jpg,https://www.thejoyofplants.co.uk/sites/default/files/styles/article_portrait/public/field/image/groentenplanten_peper_mooiwatplantendoen_2.jpg?itok=Ls09AhQA
000234.jpg,https://thumbs-prod.si-cdn.com/fbH52n1SaK40qVGlhr9EsNKRMmY=/fit-in/1600x0/https://public-media.si-cdn.com/filer/02/d5/02d5d8fb-35a8-4478-b498-3029449083ca/chili_peppers.jpg
000235.jpg,https://cdn.britannica.com/31/148031-050-F57AF011/jalapeno-peppers.jpg
000236.jpg,https://www.panamseed.com/dispthumb.aspx?imgsize=Display&imageid=159481
000237.jpg,https://a2e5c2y9.stackpathcdn.com/wp-content/uploads/2016/07/peperoncino_serrano_messico.jpg
000238.jpg,https://mtv-main-assets.mountvernon.org/files/modules/plantfinder/mainphoto/c-annuum_pequin_2015_summer_lg1.jpg
000239.jpg,https://www.tuigarden.co.nz/media/3208/chilli_growing_guide.png
000240.jpg,https://cdn.shopify.com/s/files/1/2700/1922/products/Row7_Habanada_Pepper_Cooked_619a1898-3261-4571-b02c-3c6af024b0a5_1024x.jpg?v=1519329300
000241.jpg,https://q7i2y6d5.stackpathcdn.com/wp-content/uploads/2013/04/chili-pepper.jpg
000242.jpg,http://www.hotwinterhotsauce.com/uploads/1/5/9/3/15930756/s416374885531905770_p60_i4_w640.png
000243.jpg,http://cdn.territorialseed.com/images/uploads/1527_9939_large.jpg
000244.jpg,https://metro.co.uk/wp-content/uploads/2016/09/ghost-pepper.jpg?quality=90&strip=all&crop=0px%2C220px%2C1200px%2C631px&resize=1200%2C630
000245.jpg,https://aztecreports.com/wp-content/uploads/2018/12/chilli-peppers-food-green-68170.jpg
000246.jpg,https://res.cloudinary.com/hz3gmuqw6/image/upload/c_fill,h_450,q_60,w_710/peter-peppers-phpO5memm
000247.jpg,https://en.es-static.us/upl/2011/05/wiki_BhutJolokia06_Asit.jpg
000248.jpg,https://chilitermesztes.files.wordpress.com/2017/07/1024px-capsicum_frutescens.jpg?w=616
000249.jpg,https://www.cayennediane.com/wp-content/uploads/Mirasol.jpg
000250.jpg,https://www.burpee.com/dw/image/v2/ABAQ_PRD/on/demandware.static/-/Sites-masterCatalog_Burpee/default/dwec1e9db7/Images/Product%20Images/prod500129/prod500129.jpg?sw=265&sh=312&sm=fit
000251.jpg,https://www.kitchengardenseeds.com/media/catalog/product/cache/1/thumbnail/0dc2d03fe217f8c83829496872af24a0/3/6/3656_a.jpg
000252.jpg,https://www.theorganickitchen.org/wp-content/uploads/2012/12/theorganickitchen-117.jpg
000253.jpg,https://media.npr.org/assets/img/2011/07/31/ap0811240178980_custom-5a4385479ade0a33dfddc9ee9478d8a870306b5e-s800-c85.jpg
000254.jpg,https://media.spokesman.com/photos/2019/03/27/Greenbluff_harvest_hot_peppers.jpg
000255.jpg,https://cdn.foodsofnations.com/wp-content/uploads/2018/04/chiliwholground.jpg
000256.jpg,http://www.cannagardening.com/sites/default/files/images/articles/default/articles-ghost-pepper-growityourself_text_2.jpg
000257.jpg,https://cdn.apartmenttherapy.info/image/upload/v1560538281/k/Photo/Recipes/2019-07-recipe-31-days-of-vegetables/Veg-a-Day_jalepen%CC%83os-038.jpg
000258.jpg,https://library.kissclipart.com/20191024/fsq/kissclipart-malagueta-pepper-serrano-pepper-tabasco-pepper-pep-506274a511f8da39.png
000259.jpg,https://www.seedsavers.org/site/img/seo-images/1618-martins-carrot-pepper-organic.jpg
000260.jpg,https://assets.simpleviewinc.com/simpleview/image/upload/c_limit,h_500,q_70,w_740/v1/clients/newmexico/Red_and_green_chile_basket_1__54aa001b-b076-4528-bf3f-d04ff083b7d9.jpg
000261.jpg,http://budapestmarkethall.com/wp-content/uploads/2019/04/58372555_2670841816321589_2424931942546800640_n.jpg
000262.jpg,https://c8.alamy.com/comp/TDE0F3/capsicum-frutescens-pimenta-malagueta-and-orange-habanero-pepper-so-paulo-brazil-TDE0F3.jpg
000263.jpg,https://www.unwins.co.uk/images/products/product_9890_large.jpg
000264.jpg,https://www.jacksonwholegrocer.com/wp-content/uploads/2019/08/hatch-chile-crop_2000x1500.jpg
000265.jpg,http://www.brwm.org/wp-content/uploads/2018/02/peppers.jpg
000266.jpg,https://hotsaucefever.com/images/chiles/periperi/periperi_pepper.jpg
000267.jpg,https://www.greenegrape.com/wp-content/uploads/2018/08/Screen-Shot-2018-08-30-at-12.37.22-PM.png
000268.jpg,https://cdn.hellovidek.hu/images/site/articles/lead/2018/11/1542371179-v3WiUtWhF_md.jpg
000269.jpg,https://www.thoughtco.com/thmb/d8Ls2LDNpj7P9j8CgRQrvmrwPIU=/768x0/filters:no_upscale():max_bytes(150000):strip_icc()/pepper-on-fire-166275185-80b16650ed4a474cad95bd02818c675a.jpg
000270.jpg,https://i.guim.co.uk/img/media/22d7d2940d1fbfb21b276348daff9b662553a084/0_1135_8018_4813/500.jpg?quality=85&auto=format&fit=max&s=5ae89e8de1417ec030c03f700a5752d2
000271.jpg,https://www.rareseeds.com/assets/1/14/DimRegular/Pepper_Habanada_Sweet_Habanero_DSC02635.jpg
000272.jpg,https://www.thespruceeats.com/thmb/b9nBPXhUGyKp6-1rtS7GRd0NOFg=/2000x1125/smart/filters:no_upscale()/Gettty-Mixed-Chiles-58a1a10e5f9b58819c125321.jpg
000273.jpg,https://bg-foods-medium.s3.amazonaws.com/trappeys/about/Serrano.jpg
000274.jpg,https://www.beyondthechickencoop.com/wp-content/uploads/2019/07/Roasting-and-Freezing-Chili-Peppers-Image.jpg
000275.jpg,https://blog.daveasprey.com/wp-content/uploads/2018/04/Avoid-Hot-Peppers-and-Other-Lectins-to-Stay-Out-of-the-Hospital_header-752x401.jpg
000276.jpg,https://cdn.shopify.com/s/files/1/1071/5268/products/Pepper_HungarianHotWax_WoodGrain_large.jpg?v=1544659387
000277.jpg,https://www.tropicalpermaculture.com/images/growing-chillies1.jpg
000278.jpg,https://cosmos-images1.imgix.net/file/spina/photo/19815/190724_chilli_full.jpg?ixlib=rails-2.1.4&auto=format&ch=Width%2CDPR&fit=max&w=835
000279.jpg,https://target.scene7.com/is/image/Target/GUEST_50a530b5-d91e-40a5-b390-9fbc08a890ff?wid=488&hei=488&fmt=pjpeg
000280.jpg,https://d.newsweek.com/en/full/1387299/chili-pepper-stock-getty.jpg
000281.jpg,http://www.freshplaza.com/2018/0824/Chisa.JPG
000282.jpg,https://cuesa.org/sites/default/files/styles/scale_610px/public/anaheim_pepper.jpg?itok=pecnwO6T
000283.jpg,https://www.seedsavers.org/site/img/seo-images/0239-jimmy-nardellos-pepper.jpg
000284.jpg,http://www.brazilbythebaymarket.com/image/cache/catalog/produtos/41uyYMIpKoL-270x270.jpg
000285.jpg,https://suttons.s3.amazonaws.com/p/VECHI34310_3.jpg
000286.jpg,https://mediterranmag.hu/_files/200000257-8f652905a2/PeterPepperNEU.jpg
000287.jpg,https://www.semo.cz/en/wp-content/uploads/profi-zs-en/p2563-semo-vegetable-pepper-hot-kristian1.jpg
000288.jpg,https://image.shutterstock.com/image-photo/red-pepper-spice-herb-field-260nw-1438533188.jpg
000289.jpg,https://www.bottlestore.com/blog/wp-content/uploads/2018/04/Bottlestore.com-Chili-Peppers-5-1024x565.jpg
000290.jpg,https://cdn.shopify.com/s/files/1/0034/1917/7060/products/pepper-jalapeno-mix-vegetable-sow-easy-mckenzie-seeds_-_Copy_300x.jpg?v=1553980930
000291.jpg,https://images.unsplash.com/photo-1566045023256-fb2339a82526?ixlib=rb-1.2.1&ixid=eyJhcHBfaWQiOjEyMDd9&w=1000&q=80
000292.jpg,https://www.panamseed.com/dispthumb.aspx?imgsize=Display&imageid=147941
000293.jpg,https://images.immediate.co.uk/production/volatile/sites/4/2018/07/fe-iStock_000049796672_Large-b94c8f5.jpg?quality=90&resize=768,574
000294.jpg,https://cdn.shopify.com/s/files/1/0237/0893/products/cayenne-pepper-powder-cayenne-pepper-powder-sonoran-spice-628572_2048x.jpg?v=1556323858
000295.jpg,https://img3.stockfresh.com/files/s/suljo/m/51/8408485_stock-photo-purple-chilli-peppers.jpg
000296.jpg,https://sweetpalermo.com/images/w1200/uploads/content/152_1.sweetpalermo-pepper-quality-1.jpg?1441100534
000297.jpg,https://i.kinja-img.com/gawker-media/image/upload/c_fill,f_auto,fl_progressive,g_center,h_675,pg_1,q_80,w_1200/18dt0k7gszp65jpg.jpg
000298.jpg,https://www.evodelborgo.com/wp-content/uploads/2018/03/LBBH9728.jpg
000299.jpg,https://bg-foods-medium.s3.amazonaws.com/trappeys/about/CayennePepper.jpg
000300.jpg,https://www.koppert.hu/content/_processed_/e/4/csm_Hungarian_pepper_f5e293bcf0.jpg
000301.jpg,https://hips.hearstapps.com/hmg-prod.s3.amazonaws.com/images/bird-chilli-isolated-on-white-background-royalty-free-image-855683732-1558537631.jpg?crop=0.709xw:0.993xh;0.112xw,0.00242xh&resize=480:*
000302.jpg,https://i.guim.co.uk/img/media/5e84ad1a17315365b49f9f18b2a9b26927f67d60/0_284_6000_3602/500.jpg?quality=85&auto=format&fit=max&s=4b294be81f7f5f1836e9b4d568750037
000303.jpg,https://www.newmexicoriveradventures.com/wp-content/uploads/2019/06/red-hot-chili-peppers-1200x804.jpg
000304.jpg,https://portal.andina.pe/EDPfotografia3/Thumbnail/2019/09/05/000617922W.jpg
000305.jpg,https://www.garden.eco/wp-content/uploads/2018/03/when-to-pick-ghost-peppers-1.jpg
000306.jpg,https://www.sunsetgrown.com/wp-content/uploads/2018/05/ShishitoPeppers_CROPPED_001.jpg
000307.jpg,https://hepworthfarms.com/images/ProduceShots/p_Baluarte.jpg
000308.jpg,https://www.travelwisconsin.com/uploads/events/df/dff3715b-61b7-4d25-a15e-01ffcf9c7bfc-p02xlbtw.jpg?preset=listing-page-slider-desktop
000309.jpg,https://thelocalpalate.com/wp-content/uploads/2015/08/Peppers1-600x600.jpg
000310.jpg,https://www.cbc.ca/kidscbc2/content/the_feed/pixabay-chilis-compressor.jpg
000311.jpg,http://farm4.static.flickr.com/3335/3223334410_4bfea4740f.jpg
000312.jpg,https://pallensmith.com/wp-content/uploads/16_07231-copy.jpg
000313.jpg,https://thepicklestation.ca/wp-content/uploads/2016/02/pepper_web11.jpg
000314.jpg,https://www.naturalfoodseries.com/wp-content/uploads/2017/10/Chili-Pepper-800x416.jpg
000315.jpg,https://images.food52.com/SdXkIgaed9ZjW9mx_o9CxuXSDTo=/1200x1200/4e6ac652-3d22-43e1-b43c-52fc42fb9bd8--2015-0427_how-to-de-seed-hot-peppers_mark-weinberg_0117.jpg
000316.jpg,https://q7i2y6d5.stackpathcdn.com/wp-content/uploads/2015/06/hot-pepper.jpg
000317.jpg,https://www.thespruceeats.com/thmb/MKkO9TkOx06lW9jRgOrWzFrxD2g=/2121x1193/smart/filters:no_upscale()/anaheim-chiles-574c716b5f9b5851655975bc.jpg
000318.jpg,http://www.vegetablefacts.net/images/vegetablefacts/picture-of-capsicum-chili-red-sharp-peppers-small.jpg
000319.jpg,https://growagoodlife.com/wp-content/uploads/2016/06/growing-peppers-growagoodlife.jpg
000320.jpg,https://thumbor.thedailymeal.com/ZuqR2TvYsJiZSG9fsRkcr8aW6TI=/870x565/filters:focal(895x596:896x597)/https://www.thedailymeal.com/sites/default/files/story/2018/iStock-177399352.jpg
000321.jpg,https://cdn.apartmenttherapy.info/image/fetch/f_jpg,q_auto:eco,c_fill,g_auto,w_1500,ar_16:9/https%3A%2F%2Fstorage.googleapis.com%2Fgen-atmedia%2F3%2F2014%2F08%2F38eeb061dae2e344f9bf72c2bf482af6b05502c6.jpeg
000322.jpg,https://gimmedelicious.com/wp-content/uploads/2015/08/pickled-jalapenos-21-of-23.jpg
000323.jpg,http://www.portugaliamarketplace.com/images-catalog/categories/cat_glam_peppers.jpg
000324.jpg,http://www.ecoseeds.com/PEPPER20.JPG
000325.jpg,http://howtoperu.com/wp-content/uploads/2016/07/aji-mirasol_pepper_peru.jpg
000326.jpg,https://www.kingsseeds.co.nz/site/kingseeds-2019/images//items/3495.jpg
000327.jpg,https://i1.wp.com/www.thesun.co.uk/wp-content/uploads/2018/04/nintchdbpict000397813781.jpg?crop=1013px%2C834px%2C2468px%2C1647px&resize=1200%2C800&ssl=1
000328.jpg,http://milbergerfarms.com/wp-content/uploads/2018/08/SHISHITO-800x600.jpg
000329.jpg,https://ded8b07dd9e637888fc2-e87978aaae5cf97349d88697fd53e4c9.ssl.cf1.rackcdn.com/cb39b12c-63fd-4f3b-8744-28b1bdac12fc.jpg
000330.jpg,https://cuesa.org/sites/default/files/styles/scale_610px/public/gypsy_peppers.jpg?itok=t9ZXTukL
000331.jpg,https://www.australianseed.com/persistent/catalogue_images/products/chilli-serrano.jpg
000332.jpg,https://assets.atlasobscura.com/article_images/61985/image.jpg
000333.jpg,https://www.gardensalive.com/images/800/1674A.jpg
000334.jpg,https://www.terreexotique.com/blog/wp-content/uploads/2016/09/Captura-de-pantalla-2016-09-13-a-las-18.58.07-400x610.png
000335.jpg,https://www.anniesheirloomseeds.com/product_images/uploaded_images/pepper-banner.jpg
000336.jpg,https://www.chilipeppermadness.com/wp-content/uploads/2019/09/Naga-Viper-Peppers.jpg
000337.jpg,https://img-s-msn-com.akamaized.net/tenant/amp/entityid/AAHWSBn.img?h=630&w=1200&m=6&q=60&o=t&l=f&f=jpg
000338.jpg,https://bioterraneo.com/wp-content/uploads/2016/02/Pimiento-rojo-italiano2.jpg
000339.jpg,https://res.cloudinary.com/hz3gmuqw6/image/upload/c_fill,h_450,q_60,w_710/serrano-phpK2ZoFM
000340.jpg,https://images.pexels.com/photos/173880/pexels-photo-173880.jpeg?auto=compress&cs=tinysrgb&dpr=1&w=500
000341.jpg,http://duna-r.hu/assets/uploads/sliders/e24d4-kapitany.jpg
000342.jpg,https://img-aws.ehowcdn.com/600x600p/photos.demandstudios.com/getty/article/56/161/71017774_XS.jpg
000343.jpg,https://img3.stockfresh.com/files/h/hamik/m/92/7905111_stock-photo-chili-peppers.jpg
000344.jpg,https://cdn.pixabay.com/photo/2017/03/11/18/47/chilli-2135631__340.jpg
000345.jpg,https://www.seedman.com/image/5039.jpg
000346.jpg,https://cdn3.tmbi.com/toh/GoogleImages/Grilled-Peppers-and-Zucchini_exps19165_UGG143377C01_09_4b_RMS.jpg
000347.jpg,https://cdn.app.compendium.com/uploads/user/60e1f3de-9022-4822-b04f-6e65a57f5d12/01a3f5fb-f8e9-41db-9b01-1e00919a1dc3/Image/a936d6bae751bfe43fe5950955548be1/twenty20_5e9cacb0_9adb_464c_b9ab_ec07a51dc4a0.jpg
000348.jpg,https://previews.123rf.com/images/lp2studio/lp2studio1810/lp2studio181000133/110538624-red-chili-pepper-in-a-basket-in-a-market.jpg
000349.jpg,https://www.rareseeds.com/assets/1/14/DimRegular/Pepper_HPP132_Tunisian_Baklouti_2013_P_T_DSC09510.jpg
000350.jpg,http://www.ecoseeds.com/PEPPER55.JPG
000351.jpg,https://hepworthfarms.com/images/ProduceShots/p_nassau.jpg
000352.jpg,https://www.annabel-langbein.com/images/recipes/heros/KickstarterChilliPaste_hero.jpg?width=608&height=547
000353.jpg,https://images.herzindagi.info/image/2019/Jul/green-chilli-for-health.jpg
000354.jpg,https://m.economictimes.com/thumb/height-450,width-800,imgsize-68094,msid-58002737/.jpg
000355.jpg,https://webaruhaz.kertlap.hu/wp-content/uploads/2017/12/Aji-Cito-Chilli.jpg
000356.jpg,https://upload.wikimedia.org/wikipedia/commons/thumb/1/15/Serranochilis.jpg/1200px-Serranochilis.jpg
000357.jpg,https://i.pinimg.com/originals/d9/bb/ff/d9bbff891318cfea0fd6e6ffcec730ba.jpg
000358.jpg,https://www.tripsavvy.com/thmb/_mYtBvN6yljI6ExzzoVpyJkxG4w=/2000x1333/filters:no_upscale():max_bytes(150000):strip_icc()/Jalepeno-Chile-597a1c58845b340011bb5126.jpg
000359.jpg,https://www.savoryexperiments.com/wp-content/uploads/2018/08/How-To-Roast-Hatch-Chile-8.jpg
000360.jpg,https://www.scottrobertsweb.com/wp-content/uploads/2017/12/ultimate-guide-to-drying-hot-chile-peppers.jpg
000361.jpg,https://i.ytimg.com/vi/3klmiK-ryIw/maxresdefault.jpg
000362.jpg,https://www.friedas.com/wp-content/uploads/2017/06/DriedHotNewMexicoChiles.jpg
000363.jpg,https://www.tropicalpermaculture.com/images/growing-chillies8.jpg
000364.jpg,https://s3.eu-west-2.amazonaws.com/growinginteractive/blog/chilli-pepper.jpg
000365.jpg,https://media.npr.org/assets/img/2014/04/17/istock_000033839174large_wide-69ade133888088a10db45d664f06900879cf4f0d-s1100-c15.jpg
000366.jpg,https://media.gettyimages.com/photos/dry-pepper-picture-id462120397
000367.jpg,http://ucanr.edu/blogs/SBMGBlog/blogfiles/61113_original.jpg
000368.jpg,https://library.kissclipart.com/20191026/uxw/kissclipart-natural-foods-chili-pepper-vegetable-jalapeo-mal-70e8861b87c96e83.png
000369.jpg,https://get.pxhere.com/photo/nature-sharp-plant-flower-food-pepper-spice-chili-red-produce-vegetable-healthy-eat-pepperoni-pods-vegetables-bright-peppers-bell-pepper-chilli-fiery-vitamins-frisch-red-pepper-paprika-sharpness-pepper-crop-macro-photography-flowering-plant-nachtschattengew-chs-chili-peppers-fruity-hot-chili-pepper-hot-peppers-cayenne-pepper-plant-stem-land-plant-bird's-eye-chili-malagueta-pepper-peperoncini-bell-peppers-and-chili-peppers-pimiento-tabasco-pepper-habanero-chili-565343.jpg
000370.jpg,https://www.chileplants.com/images/chiles/candlelight-pepper-plants.jpg
000371.jpg,https://www.superhotchiles.com/wp-content/uploads/2018/04/Urfa_Biber_3-600x400.jpg
000372.jpg,https://www.fedcoseeds.com/seeds/seeds_images/3762.jpg
000373.jpg,https://www.cayennediane.com/wp-content/uploads/Hidalgo-Chili-Pepper-300x300.jpg
000374.jpg,https://www.kentchillifarm.co.uk/wp-content/uploads/2016/11/Prairie-Fire-Chilli.png
000375.jpg,https://i-love-png.com/images/37-red-chili-pepper-png-image.png
000376.jpg,http://www.southernexposure.com/images/large/hot-pepper-jalapeno_LRG.jpg
000377.jpg,https://melindas.com/wp-content/uploads/2019/09/shutterstock_225745744.png
000378.jpg,http://www.foodsubs.com/Photos/driedchiles-group.jpg
000379.jpg,https://edge.bonnieplants.com/www/uploads/20180920004009/sandia-hot-pepper-480x360.jpg
000380.jpg,https://www.pickandjoy.com/media/1167/000000000000136883_008-capsicum-pick-a-pep-red-pepper.jpeg?anchor=center&mode=crop&width=1600&height=300&rnd=131680149150000000%201600w
000381.jpg,https://image.shutterstock.com/image-photo/red-pepperchili-pepper-260nw-699266857.jpg
000382.jpg,https://hips.hearstapps.com/hmg-prod.s3.amazonaws.com/images/basket-of-farmers-market-red-fresno-chili-peppers-royalty-free-image-1038379104-1558537386.jpg?crop=0.578xw:0.868xh;0.0793xw,0.101xh&resize=480:*
000383.jpg,https://assets3.thrillist.com/v1/image/2823043/size/gn-gift_guide_variable_c_2x.jpg
000384.jpg,http://www.thetimes.co.uk/imageserver/image/methode%2Ftimes%2Fprod%2Fweb%2Fbin%2F67a4877c-3c2e-11e8-b6d1-2c479ec10e4b.jpg?crop=3594%2C2022%2C21%2C194&resize=685
000385.jpg,https://cms.splendidtable.org/sites/default/files/anaheim-peppers-whole-grilled-LEDE.jpg
000386.jpg,https://cuesa.org/sites/default/files/styles/scale_610px/public/bhut-jolokia.jpg?itok=4ngAtxzD
000387.jpg,https://www.bolster.eu/media/images/1629_2.jpg?1549350221
000388.jpg,https://q7i2y6d5.stackpathcdn.com/wp-content/uploads/2018/03/anaheim-1.jpg
000389.jpg,https://www.thespruceeats.com/thmb/72vt4Ifvm-ET5B73KPFOMt00K8M=/483x483/smart/filters:no_upscale()/GettyImages-639871580-5c67140746e0fb000123cb63.jpg
000390.jpg,https://cdn.pixabay.com/photo/2019/04/03/02/06/pepper-4099379_960_720.jpg
000391.jpg,https://all-americaselections.org/wp-content/uploads/2016/10/Orn.Pepper_ChillyChili-2002.jpg
000392.jpg,http://www.ecoseeds.com/pepper13.JPG
000393.jpg,https://www.agrarszektor.hu/images/cimlap/S/shutterstock_1236278212-20191012.jpg
000394.jpg,https://res.cloudinary.com/hz3gmuqw6/image/upload/c_fill,h_450,q_60,w_710/sweet-peppers-italian-phpOu9DfY
000395.jpg,https://cdn.shopify.com/s/files/1/0915/1060/files/Bounty-mix-of-super-hot-peppers-pepper-joes.jpg?7280046007899583732
000396.jpg,https://www.adaptiveseeds.com/wp-content/uploads/2017/01/pepperhotdragontongue1.jpg
000397.jpg,https://www.semo.cz/en/wp-content/uploads/profi-zs-en/p2561-semo-vegetable-pepper-hot-damian1.jpg
000398.jpg,https://www.magicplantfarms.com/wp-content/uploads/2017/01/Red-Jalape%C3%B1o.jpg
000399.jpg,https://cdn.shopify.com/s/files/1/2406/3467/products/jimmy_nardello_trays_ground_1024x1024@2x.JPG?v=1546739728
000400.jpg,https://www.rareseeds.com/assets/1/14/DimRegular/spice-jalapeno-pepper-series1.jpg
000401.jpg,https://worldcrops.org/sites/worldcrops.org/files/crops/IMG_3010_0.JPG
000402.jpg,https://cdn.britannica.com/s:500x350/56/186956-138-5FCD152E/science-heat-flavour-Sriracha-sauce.jpg
000403.jpg,https://cdn.apartmenttherapy.info/image/fetch/f_auto,q_auto:eco,c_fill,g_auto,w_800,h_418/https%3A%2F%2Fstorage.googleapis.com%2Fgen-atmedia%2F3%2F2015%2F06%2Fa5b76c5e815f09c9a65f2bd6678afea24a556804.jpeg
000404.jpg,https://upload.wikimedia.org/wikipedia/commons/thumb/5/58/France-Piment_d%27Espelette-2005-08-05.jpg/1200px-France-Piment_d%27Espelette-2005-08-05.jpg
000405.jpg,https://media.npr.org/assets/img/2017/02/08/2016-10-05-13.36.44-1_vert-ef1b0c0e01da9d38246a5a69ab5604153527c35b-s800-c85.jpg
000406.jpg,https://www.chilipeppermadness.com/wp-content/uploads/2013/09/Tabasco-Peppers.jpg
000407.jpg,https://s3-us-west-1.amazonaws.com/contentlab.studiod/getty/ae283b98732c4ceba2695125f40e5398.jpg
000408.jpg,https://www.cayennediane.com/wp-content/uploads/Hungarian-Wax-Pepper-300x300.jpg
000409.jpg,https://munchies-images.vice.com/wp_upload/hot-harissa-peppers.jpg?resize=1000:*
000410.jpg,https://library.kissclipart.com/20191025/vve/kissclipart-birds-eye-chili-serrano-pepper-malagueta-pepper-v-3549d122983edd14.png
000411.jpg,https://i-love-png.com/images/1866454.png
000412.jpg,https://i.ytimg.com/vi/GiMbGVC2wds/maxresdefault.jpg
000413.jpg,https://www.chileplants.com/images/chiles/tabasco-greenleaf-pepper-plants.jpg
000414.jpg,http://e-pao.org/galleries/images/Food/2019/Chilli_08/Hathei/Hathei_201908_11.jpg
000415.jpg,https://get.pxhere.com/photo/sharp-plant-food-spice-red-produce-vegetable-kitchen-pepperoni-vegetables-peppers-bell-pepper-hungary-paprika-capsicum-flowering-plant-jalapeno-fruity-hot-chili-pepper-cayenne-pepper-land-plant-bird's-eye-chili-serrano-pepper-malagueta-pepper-peperoncini-bell-peppers-and-chili-peppers-pimiento-tabasco-pepper-italian-sweet-pepper-red-bell-pepper-490699.jpg
000416.jpg,https://previews.123rf.com/images/taira42/taira421809/taira42180900123/108375081-dried-red-chilli-or-chilli-cayenne-peppers-on-vintage-background-tone-.jpg
000417.jpg,https://images.unsplash.com/photo-1511941923513-f7749910f91d?ixlib=rb-1.2.1&ixid=eyJhcHBfaWQiOjEyMDd9&w=1000&q=80
000418.jpg,https://372buosk462gbq472l3h0wuu-wpengine.netdna-ssl.com/wp-content/uploads/2017/12/pepper-mash.jpg
000419.jpg,https://all-americaselections.org/wp-content/uploads/2016/11/Pepper_Aji_Rico_2017_AASWinner_w_sunlight.jpg
000420.jpg,https://www.pickandjoy.com/media/1156/000000000000136884_005-capsicum-pick-a-pep-mini-pepper.jpeg?anchor=center&mode=crop&width=1600&height=300&rnd=131680130250000000%201600w
000421.jpg,https://q7i2y6d5.stackpathcdn.com/wp-content/uploads/2010/06/pepper-ground.jpg
000422.jpg,https://edge.bonnieplants.com/www/uploads/20180920002209/lunchbox-red-pepper.jpg
000423.jpg,https://s3.eu-west-2.amazonaws.com/growinginteractive/blog/chillies-2x.jpg
000424.jpg,https://thumbs-prod.si-cdn.com/Y-OdHkwBtadIjZdYZYMtGIr52CI=/fit-in/1600x0/https://public-media.si-cdn.com/filer/Burning-Desire-peppers-631.jpg
000425.jpg,http://www.southernexposure.com/images/large/hot-pepper-anaheim_LRG.jpg
000426.jpg,https://res.cloudinary.com/hz3gmuqw6/image/upload/c_fill,h_450,q_60,w_710/11-hot-peppers-and-how-to-eat-them-phpEc29gF
000427.jpg,https://img-aws.ehowcdn.com/600x600p/photos.demandstudios.com/getty/article/178/138/87777324_XS.jpg
000428.jpg,https://www.superhotchiles.com/wp-content/uploads/2018/06/Peri_Peri_3.jpg
000429.jpg,https://www.seedman.com/image/pep087.jpg
000430.jpg,https://assets3.thrillist.com/v1/image/2823053/size/gn-gift_guide_variable_c_2x.jpg
000431.jpg,https://www.semo.cz/en/wp-content/uploads/profi-zs-en-02/p9141-semo-vegetable-pepper-ornamental-victoria.jpg
000432.jpg,http://www.ecoseeds.com/PEPPER21.JPG
000433.jpg,https://cdn.shopify.com/s/files/1/2406/3467/products/IMG_E5324_1024x1024@2x.JPG?v=1550610409
000434.jpg,https://hips.hearstapps.com/hmg-prod.s3.amazonaws.com/images/serrano-chilies-royalty-free-image-154216012-1558537514.jpg?crop=0.948xw:0.633xh;0.0517xw,0.0725xh&resize=480:*
000435.jpg,https://www.adaptiveseeds.com/wp-content/uploads/2016/01/hot_pepper_aji_crystal2-340x340.jpg
000436.jpg,https://i-love-png.com/images/red-chili-pepper-png-image.png
000437.jpg,https://www.rareseeds.com/assets/1/14/DimRegular/Pepper_Hot_Thai_Burapa_HPP127_LSS_000_6971.JPG
000438.jpg,https://www.magicplantfarms.com/wp-content/uploads/2017/01/Red-Cayenne.jpg
000439.jpg,https://www.chilipeppermadness.com/wp-content/uploads/2013/10/Spanish-Naga-Peppers.jpg
000440.jpg,https://www.cayennediane.com/wp-content/uploads/Fish-Pepper-300x300.jpg
000441.jpg,https://www.seedsavers.org/site/img/seo-images/0209-yellow-peru-pepper-organic.jpg
000442.jpg,https://i.ytimg.com/vi/2cSq6CRMOe0/maxresdefault.jpg
000443.jpg,https://library.kissclipart.com/20191024/uw/kissclipart-tabasco-pepper-chili-pepper-birds-eye-chili-malag-8dceb2247334512d.png
000444.jpg,https://cdn.britannica.com/84/142084-050-B8ED2AB8/Tabasco-peppers.jpg
000445.jpg,https://get.pxhere.com/photo/plant-flower-food-red-produce-vegetable-vegetables-peppers-capsicum-flowering-plant-jalapeno-chili-pepper-red-peppers-cayenne-pepper-land-plant-bird's-eye-chili-serrano-pepper-malagueta-pepper-peperoncini-bell-peppers-and-chili-peppers-pimiento-tabasco-pepper-italian-sweet-pepper-habanero-chili-891431.jpg
000446.jpg,https://storage.googleapis.com/gen-atmedia/3/2014/08/8c80ecee92cfa74da09a9d20f71cd66f5a93ff7b.jpeg
000447.jpg,https://www.southernexposure.com/images/large/spice-pepper-hungarian-paprika_LRG.jpg
000448.jpg,https://q7i2y6d5.stackpathcdn.com/wp-content/uploads/2013/05/cayene-peppers.jpg
000449.jpg,https://www.seedman.com/image/trm755.jpg
000450.jpg,https://res.cloudinary.com/hz3gmuqw6/image/upload/c_fill,h_450,q_60,w_710/piri-piri-pepper-phpEFPkBy
000451.jpg,https://s3.eu-west-2.amazonaws.com/growinginteractive/plants/PEP1.jpg
000452.jpg,https://assets3.thrillist.com/v1/image/2823037/size/gn-gift_guide_variable_c;jpeg_quality=20.jpg
000453.jpg,https://www.adaptiveseeds.com/wp-content/uploads/2014/12/p-7414-sweet_pepper_shephardsramshorn2.jpg
000454.jpg,https://all-americaselections.org/wp-content/uploads/2016/09/Pepper_FlamingJade-AAS2016-4.jpg
000455.jpg,https://www.magicplantfarms.com/wp-content/uploads/2017/01/Calabrian-Pepper.jpg
000456.jpg,https://worldcrops.org/sites/worldcrops.org/files/crops/DSC03081_0.JPG
000457.jpg,https://www.rareseeds.com/assets/1/14/DimRegular/Pepper-Pasilla-Bajio-LSS-299.jpg
000458.jpg,https://cdn.shopify.com/s/files/1/2406/3467/products/Shishito_square_e99e1662-4bc0-4b66-b4e3-0546d303bb77_300x300.jpg?v=1512673175
000459.jpg,https://s3-us-west-1.amazonaws.com/contentlab.studiod/getty/4ffe6803e30d4ee2896ee65986d82175.jpg
000460.jpg,https://www.cayennediane.com/wp-content/uploads/Spanish-Naga-300x300.jpg
000461.jpg,https://i.ytimg.com/vi/tSwDi2HzaAg/maxresdefault.jpg
000462.jpg,https://www.chilipeppermadness.com/wp-content/uploads/2019/09/Sonoran-Peppers.jpg
000463.jpg,https://media.npr.org/assets/img/2017/02/08/courtesy-of-blue-hill_wide-c5cc9826988b5f02b39c24812baced0abf58e85c.jpg?s=1400
000464.jpg,https://www.superhotchiles.com/wp-content/uploads/2018/06/Bradleys_Bahamian_4.jpg
000465.jpg,https://i-love-png.com/images/pepper-2511236_960_720.png
000466.jpg,https://thepepperfestival.com/wp-content/uploads/2019/09/11-1024x686.jpg
000467.jpg,https://get.pxhere.com/photo/sharp-plant-food-chili-red-produce-vegetable-healthy-eat-pepperoni-vegetables-peppers-bell-pepper-fiery-vitamins-paprika-capsicum-flowering-plant-nachtschattengew-chs-chili-pepper-capsaicin-cayenne-pepper-land-plant-bird's-eye-chili-serrano-pepper-malagueta-pepper-peperoncini-bell-peppers-and-chili-peppers-pimiento-tabasco-pepper-italian-sweet-pepper-red-bell-pepper-1156707.jpg
000468.jpg,https://s3.eu-west-2.amazonaws.com/growinginteractive/blog/peppers-in-pot-2x.jpg
000469.jpg,https://img-aws.ehowcdn.com/600x600p/photos.demandstudios.com/getty/article/178/33/200247853-001_XS.jpg
000470.jpg,https://q7i2y6d5.stackpathcdn.com/wp-content/uploads/2012/05/banana-peppers.jpg
000471.jpg,https://all-americaselections.org/wp-content/uploads/2016/09/Pepper_FlamingJade-AAS2016-2.jpg
000472.jpg,https://www.seedman.com/image/trm754.jpg
000473.jpg,https://www.southernexposure.com/images/large/hot-pepper-chimayo_LRG.jpg
000474.jpg,https://www.adaptiveseeds.com/wp-content/uploads/2018/12/Lady-Han-Hot-Pepper-1-340x340.jpg
000475.jpg,https://assets3.thrillist.com/v1/image/1638264/size/tmg-article_default_mobile_2x.jpg
000476.jpg,https://cdn.shopify.com/s/files/1/2406/3467/products/buenamulata3_10cc5019-3e0e-41dd-9f19-15447b4f903d_1024x1024@2x.jpg?v=1512675145
000477.jpg,https://res.cloudinary.com/hz3gmuqw6/image/upload/c_fill,h_450,q_60,w_710/tabasco-peppers-phpzNUIu0
000478.jpg,https://www.rareseeds.com/assets/1/14/DimRegular/Pepper-Buena-Mulata-LSS-000_3239.jpg
000479.jpg,https://www.cayennediane.com/wp-content/uploads/Red-Amazon-Pepper-300x300.jpg
000480.jpg,https://www.magicplantfarms.com/wp-content/uploads/2017/01/Urfa-Biber.jpg
000481.jpg,https://www.chilipeppermadness.com/wp-content/uploads/2019/08/Bishops-Crown-Peppers.jpg
000482.jpg,https://all-americaselections.org/wp-content/uploads/2016/11/Pepper_Aji_Rico_Pepper_2017_AASWinner.jpg
000483.jpg,https://img-s-msn-com.akamaized.net/tenant/amp/entityid/AAHWIwV.img?h=0&w=720&m=6&q=60&u=t&o=f&l=f
000484.jpg,https://www.seedsavers.org/site/img/seo-images/0971A-fish-pepper-organic.jpg
000485.jpg,https://upload.wikimedia.org/wikipedia/commons/d/d2/Capsicum_annuum_-_K%C3%B6hler%E2%80%93s_Medizinal-Pflanzen-027.jpg
000486.jpg,https://www.superhotchiles.com/wp-content/uploads/2018/06/Bradleys_Bahamian_3.jpg
000487.jpg,https://i.ytimg.com/vi/hVL1hpcthJM/maxresdefault.jpg
000488.jpg,http://www.southernexposure.com/images/large/hot-pepper-czech-black_LRG.jpg
000489.jpg,https://s3.eu-west-2.amazonaws.com/growinginteractive/blog/smoked-peppers-2x.jpg
000490.jpg,https://img-aws.ehowcdn.com/600x600p/photos.demandstudios.com/getty/article/117/19/55842665_XS.jpg
000491.jpg,https://worldcrops.org/sites/worldcrops.org/files/crops/seed-sources/Cubanelle_peppers__grown_UMass_2015%20%2810%29.JPG
000492.jpg,https://www.cayennediane.com/wp-content/uploads/Tabasco-Peppers-300x300.jpg
000493.jpg,https://get.pxhere.com/photo/plant-food-green-spice-chili-red-ingredient-produce-vegetable-color-natural-fresh-garden-healthy-delicious-heat-cook-freshness-seasoning-eating-nutrition-hot-peppers-spicy-tasty-vegetarian-raw-organic-taste-flavor-flowering-plant-fresh-food-chili-pepper-cayenne-pepper-land-plant-bird's-eye-chili-serrano-pepper-malagueta-pepper-peperoncini-bell-peppers-and-chili-peppers-pimiento-tabasco-pepper-italian-sweet-pepper-669442.jpg
000494.jpg,https://www.seedman.com/image/pep394.jpg
000495.jpg,https://www.adaptiveseeds.com/wp-content/uploads/2014/12/Stocky-Red-Roaster-Pepper-2-340x340.jpg
000496.jpg,https://www.superhotchiles.com/wp-content/uploads/2018/09/ChilesPicoDeGallo5-2018.jpg
000497.jpg,https://www.magicplantfarms.com/wp-content/uploads/2016/09/Aji-Amarillo-400.jpg
000498.jpg,https://www.rareseeds.com/assets/1/14/DimRegular/Jalapeno-group-Shot-Upper-left-clockwise-Lemon-Spice-Nadapeno-Orange-Spice-Zapote-Pumpkin-Spice-and-Jalamundo--LSS-000_3596.jpg
000499.jpg,https://www.chilipeppermadness.com/wp-content/uploads/2019/05/Anaheim-Peppers.jpg
000500.jpg,https://s3.eu-west-2.amazonaws.com/growinginteractive/blog/harvesting_chilli.jpg
000501.jpg,http://www.southernexposure.com/images/large/hot-pepper-charleston-hot_LRG.jpg
000502.jpg,https://www.seedman.com/image/jf458.jpg
000503.jpg,https://i-love-png.com/images/red-pepper-png-2-1.png
000504.jpg,https://i.ytimg.com/vi/S2X640SQEAo/maxresdefault.jpg
000505.jpg,https://www.cayennediane.com/wp-content/uploads/Bahamian-Bird-Pepper-300x300.jpg
000506.jpg,https://all-americaselections.org/wp-content/uploads/2016/11/Pepper_Aji_Rico_2017_AASWinner_1.jpg
000507.jpg,https://upload.wikimedia.org/wikipedia/commons/thumb/5/50/Madame_Jeanette_and_other_chillies.jpg/1200px-Madame_Jeanette_and_other_chillies.jpg
000508.jpg,https://get.pxhere.com/photo/plant-ripe-food-pepper-spice-chili-red-cooking-ingredient-produce-vegetable-fresh-kitchen-healthy-cuisine-seasoning-nutrition-hot-spicy-vegetarian-mexican-paprika-organic-taste-flowering-plant-flavoring-cayenne-chili-pepper-cayenne-pepper-land-plant-bird's-eye-chili-serrano-pepper-malagueta-pepper-peperoncini-bell-peppers-and-chili-peppers-pimiento-tabasco-pepper-italian-sweet-pepper-red-bell-pepper-1226546.jpg
000509.jpg,https://www.chilipeppermadness.com/wp-content/uploads/2013/10/Devils-Tongue.jpg
000510.jpg,https://img-aws.ehowcdn.com/600x600p/photos.demandstudios.com/getty/article/88/221/92838765_XS.jpg
000511.jpg,https://s3.eu-west-2.amazonaws.com/growinginteractive/blog/peppers-2x.jpg
000512.jpg,https://www.magicplantfarms.com/wp-content/uploads/2016/09/Trinidad-7-Pot-7-Pod-Douglah-400-300x300.jpg
000513.jpg,https://i-love-png.com/images/769759_hot_512x512.png
000514.jpg,https://www.superhotchiles.com/wp-content/uploads/2018/09/ChilesHidalgo7-2018.jpg
000515.jpg,https://i.ytimg.com/vi/xXAQCmjpb_g/maxresdefault.jpg
000516.jpg,https://www.seedman.com/image/pep389.jpg
000517.jpg,https://www.chilipeppermadness.com/wp-content/uploads/2013/10/Diablo-Grande-Peppers.jpg
000518.jpg,https://s3.eu-west-2.amazonaws.com/growinginteractive/blog/cayenne-peppers-2x.jpg
000519.jpg,https://www.cayennediane.com/wp-content/uploads/2018/05/anatomy-of-a-chile-pepper-1000x640.jpg
000520.jpg,https://i-love-png.com/images/habanero-clipart-9.png
000521.jpg,https://www.superhotchiles.com/wp-content/uploads/2018/04/Aleppo-Pepper-Seeds-300x225.jpg
000522.jpg,https://all-americaselections.org/wp-content/uploads/2016/10/Pepper_CajunBelle-3-2010AAS.jpg
000523.jpg,https://www.superhotchiles.com/wp-content/uploads/2018/06/Peri_Peri_2.jpg
000524.jpg,https://assets3.thrillist.com/v1/image/1638263/size/tmg-article_default_mobile_2x.jpg
000525.jpg,http://www.southernexposure.com/images/large/pepper-hot-hungarian-hot-wax_LRG.jpg
000526.jpg,https://all-americaselections.org/wp-content/uploads/2017/11/Pepper_red_ember.jpg
000527.jpg,http://worldcrops.org/sites/worldcrops.org/files/crops/DSCN5804.jpg
000528.jpg,http://www.organicseed.co.za/367-980-thickbox/malagueta-pepper.jpg
000529.jpg,https://i.ytimg.com/vi/70Pkme-Onrk/hqdefault.jpg
000530.jpg,http://worldcrops.org/sites/worldcrops.org/files/crops/DSCN1022.jpg
000531.jpg,https://3.bp.blogspot.com/-AWgf-kosJok/TcrjahY212I/AAAAAAAACRU/sVMALct6l5c/s1600/banner.jpg
000532.jpg,http://worldcrops.org/sites/worldcrops.org/files/styles/crop_lead_image/public/crops/DSCN1022.jpg
000533.jpg,https://img0.etsystatic.com/026/0/7824311/il_570xN.523114610_dg8i.jpg
000534.jpg,http://ktpress.rw/wp-content/uploads/2017/08/chili-pepper-in-rwanda-ripe.jpg
000535.jpg,https://www.giollo.com.br/ebay/imagens/pimenta%20vidros.jpg
000536.jpg,http://www.giollo.com.br/ebay/imagens/malagueta_red.jpg
000537.jpg,http://www.magicgardenseeds.com/pics/1ZZXQ8OawL75FIoIueHcZDqrbhzInGJ_ZM78QpqARB-P9hZ8EOGgzfVQaK-H4ZNs/1238_1000.jpg
000538.jpg,https://1a1z1e22ozx83bgjsz17c6ba-wpengine.netdna-ssl.com/wp-content/uploads/Malagueta.jpg
000539.jpg,http://www.organicseed.co.za/367-981-thickbox/malagueta-pepper.jpg
000540.jpg,https://img0.etsystatic.com/131/0/7824311/il_340x270.876237500_snl3.jpg
000541.jpg,http://4.bp.blogspot.com/-kCRr9Uch36A/U6jHyvFzE2I/AAAAAAAAAIw/bIS55dzeIaQ/s1600/IMG_4331-1024x681.jpg
000542.jpg,http://1.bp.blogspot.com/_KdcWntyPmeg/TR4uIL4knYI/AAAAAAAAA4I/rhnSd9V7IM4/s1600/Photo+of+Malagueta+%2528Capsicum+frutescens%2529+Pepper.jpg
000543.jpg,https://worldcrops.org/sites/worldcrops.org/files/crops/DSCN1013.jpg
000544.jpg,https://images-na.ssl-images-amazon.com/images/I/41uyYMIpKoL._SY300_QL70_.jpg
000545.jpg,https://www.magicplantfarms.com/wp-content/uploads/2017/01/Malagueta-Pepper.jpg
000546.jpg,https://images-na.ssl-images-amazon.com/images/I/416vbi6gycL.jpg
000547.jpg,http://hgdiy.com/files/2014/04/8-Malagueta-Pepper-80000-Scovilles.jpg
000548.jpg,https://flamingfoodtop20.files.wordpress.com/2013/01/cayenne-pepper.jpg
000549.jpg,https://img1.etsystatic.com/129/0/11226248/il_340x270.892657017_iu93.jpg
000550.jpg,https://usercontent1.hubstatic.com/8228262_f1024.jpg
000551.jpg,https://get.pxhere.com/photo/plant-food-pepper-chili-red-produce-vegetable-flowering-plant-chili-pepper-cayenne-pepper-land-plant-bird's-eye-chili-serrano-pepper-malagueta-pepper-peperoncini-bell-peppers-and-chili-peppers-pimiento-tabasco-pepper-italian-sweet-pepper-633870.jpg
000552.jpg,http://www.emporiumaquila.com.au/sites/default/files/styles/product-zoom/public/img/product/molho_malagueta_full.jpg
000553.jpg,https://get.pxhere.com/photo/plant-food-green-red-produce-vegetable-vegetables-peppers-bell-pepper-ingredients-flowering-plant-jalapeno-chili-pepper-chilli-peppers-cayenne-pepper-land-plant-bird's-eye-chili-serrano-pepper-malagueta-pepper-peperoncini-bell-peppers-and-chili-peppers-pimiento-tabasco-pepper-1106768.jpg
000554.jpg,http://lumafoods.com/wp-content/uploads/2018/09/Pim-Malagueta-600g-foto-Faial.jpg
000555.jpg,https://get.pxhere.com/photo/plant-food-pepper-chili-red-produce-vegetable-carrot-flowering-plant-chili-pepper-cayenne-pepper-land-plant-bird's-eye-chili-serrano-pepper-malagueta-pepper-peperoncini-bell-peppers-and-chili-peppers-tabasco-pepper-1203755.jpg
000556.jpg,https://c8.alamy.com/comp/BE1H36/capsicum-chinense-en-brazilian-malagueta-hot-pepper-fr-piment-brazilian-BE1H36.jpg
000557.jpg,http://www.shipfrombrazil.com/wp-content/uploads/2018/11/paoa.jpg
000558.jpg,https://get.pxhere.com/photo/sharp-plant-food-pepper-spice-chili-red-produce-vegetable-market-basket-pod-peppers-capsicum-piquant-flowering-plant-chili-pepper-cayenne-pepper-land-plant-bird's-eye-chili-serrano-pepper-malagueta-pepper-peperoncini-bell-peppers-and-chili-peppers-pimiento-tabasco-pepper-1054149.jpg
000559.jpg,http://3.bp.blogspot.com/-4Ya52HY12Xg/UpIhSY_JWoI/AAAAAAAAmvs/pY-j68ihTVo/s1600/malagueta_pepper.jpg
000560.jpg,https://www.southernexposure.com/images/large/hot-pepper-serrano-tampiqueno_LRG.jpg
000561.jpg,https://i.pinimg.com/originals/68/01/9a/68019a25dc32abc2fc9bad688245ec68.jpg
000562.jpg,https://s-media-cache-ak0.pinimg.com/736x/a8/2e/3f/a82e3f594c236b9dc0618b9bb01b8301.jpg
000563.jpg,http://img.21food.com/20110609/product/1305722857140.jpg
000564.jpg,https://usercontent2.hubstatic.com/8228241_f520.jpg
000565.jpg,https://get.pxhere.com/photo/red-chili-plant-flora-chili-pepper-bird's-eye-chili-bell-peppers-and-chili-peppers-tabasco-pepper-peppers-leaf-malagueta-pepper-flower-bud-nightshade-family-cayenne-pepper-habanero-chili-wildflower-1452949.jpg
000566.jpg,https://bakesalotlady.files.wordpress.com/2017/09/wp-image-1945968721.jpg
000567.jpg,https://get.pxhere.com/photo/sharp-plant-food-green-red-produce-vegetable-sour-citrus-fruits-flowering-plant-jalapeno-chili-pepper-cayenne-pepper-land-plant-bird's-eye-chili-serrano-pepper-malagueta-pepper-peperoncini-bell-peppers-and-chili-peppers-pimiento-tabasco-pepper-chili-lime-1157543.jpg
000568.jpg,https://cdn.shopify.com/s/files/1/1343/0857/products/food-and-beverages-passion-fruit-malagueta-pepper-sauce-1_1024x.jpg
000569.jpg,http://sc02.alicdn.com/kf/HTB1LWXGKVXXXXa1XpXXq6xXFXXXn/Malagueta-Pepper-Seeds.jpg
000570.jpg,https://get.pxhere.com/photo/plant-fruit-flower-food-pepper-spice-chili-red-produce-vegetable-cuisine-hot-peppers-spicy-flowering-plant-acerola-malpighia-chili-pepper-cayenne-pepper-land-plant-bird's-eye-chili-malagueta-pepper-bell-peppers-and-chili-peppers-tabasco-pepper-habanero-chili-858444.jpg
000571.jpg,https://sc02.alicdn.com/kf/HTB1n5ZrKpXXXXaZXpXXq6xXFXXX8/Red-Malagueta-Pepper-50g.jpg
000572.jpg,https://static.artfire.com/uploads/mfs/items/ec/30/large/ec3026209f2bf34bbc8a85845e3204033125a3505f552cf60e8f419e42b62a35.jpg
000573.jpg,https://get.pxhere.com/photo/nature-sharp-plant-flower-food-pepper-spice-chili-red-produce-vegetable-healthy-eat-pepperoni-pods-vegetables-bright-peppers-bell-pepper-chilli-fiery-vitamins-frisch-red-pepper-paprika-sharpness-pepper-crop-macro-photography-flowering-plant-nachtschattengew-chs-chili-peppers-fruity-hot-chili-pepper-hot-peppers-cayenne-pepper-plant-stem-land-plant-bird's-eye-chili-malagueta-pepper-peperoncini-bell-peppers-and-chili-peppers-pimiento-tabasco-pepper-habanero-chili-565343.jpg
000574.jpg,https://get.pxhere.com/photo/sharp-plant-food-spice-red-produce-vegetable-kitchen-pepperoni-vegetables-peppers-bell-pepper-hungary-paprika-capsicum-flowering-plant-jalapeno-fruity-hot-chili-pepper-cayenne-pepper-land-plant-bird's-eye-chili-serrano-pepper-malagueta-pepper-peperoncini-bell-peppers-and-chili-peppers-pimiento-tabasco-pepper-italian-sweet-pepper-red-bell-pepper-490699.jpg
000575.jpg,https://get.pxhere.com/photo/plant-food-pepper-red-produce-vegetable-vegetables-peppers-bell-pepper-flowering-plant-chili-pepper-cayenne-pepper-land-plant-bird's-eye-chili-serrano-pepper-malagueta-pepper-peperoncini-bell-peppers-and-chili-peppers-pimiento-tabasco-pepper-italian-sweet-pepper-red-bell-pepper-563827.jpg
000576.jpg,https://get.pxhere.com/photo/plant-white-fruit-restaurant-meal-food-green-pepper-spice-red-cooking-produce-vegetable-macro-natural-fresh-weight-colorful-garden-banana-healthy-eat-lunch-delicious-health-cookery-fitness-close-up-calories-eating-nutrition-vegetables-dinner-hot-peppers-spicy-bell-pepper-chilli-good-slim-loss-catering-diet-veggies-hungry-flowering-plant-cholesterol-appetite-jalapeno-chili-pepper-nourishing-cayenne-pepper-land-plant-bird's-eye-chili-serrano-pepper-malagueta-pepper-peperoncini-bell-peppers-and-chili-peppers-pimiento-italian-sweet-pepper-cellulite-wholesome-1048666.jpg
000577.jpg,https://images-na.ssl-images-amazon.com/images/I/41gydkD7r1L.jpg
000578.jpg,https://get.pxhere.com/photo/plant-flower-food-red-produce-vegetable-vegetables-peppers-capsicum-flowering-plant-jalapeno-chili-pepper-red-peppers-cayenne-pepper-land-plant-bird's-eye-chili-serrano-pepper-malagueta-pepper-peperoncini-bell-peppers-and-chili-peppers-pimiento-tabasco-pepper-italian-sweet-pepper-habanero-chili-891431.jpg
000579.jpg,http://aminottiphotos.files.wordpress.com/2012/02/dsc_4851.jpg
000580.jpg,https://s-media-cache-ak0.pinimg.com/736x/9a/0a/49/9a0a49d38304f80a87948097288e508d.jpg
000581.jpg,https://get.pxhere.com/photo/plant-isolated-ripe-food-pepper-spice-chili-red-ingredient-produce-vegetable-fresh-vitamin-hot-peppers-spicy-bell-pepper-chilli-paprika-organic-flowering-plant-chili-pepper-cayenne-pepper-land-plant-serrano-pepper-malagueta-pepper-peperoncini-bell-peppers-and-chili-peppers-pimiento-italian-sweet-pepper-red-bell-pepper-1159516.jpg
000582.jpg,http://img.21food.com/20110609/product/1305594289578.jpg
000583.jpg,https://thumbs.dreamstime.com/z/peppers-sold-open-market-rio-de-janeiro-72410122.jpg
000584.jpg,https://c8.alamy.com/comp/TDE0F3/capsicum-frutescens-pimenta-malagueta-and-orange-habanero-pepper-so-paulo-brazil-TDE0F3.jpg
000585.jpg,https://c8.alamy.com/comp/AM63RP/piri-piri-chili-pepper-african-devil-malagueta-capsicum-frutescens-AM63RP.jpg
000586.jpg,https://get.pxhere.com/photo/plant-food-green-pepper-spice-red-cooking-produce-vegetable-grow-market-agriculture-healthy-health-nutrition-peppers-bell-pepper-capsicum-ingredients-taste-flowering-plant-jalapeno-chili-pepper-cayenne-pepper-pimento-land-plant-bird's-eye-chili-serrano-pepper-malagueta-pepper-peperoncini-bell-peppers-and-chili-peppers-pimiento-tabasco-pepper-italian-sweet-pepper-habanero-chili-1035982.jpg
000587.jpg,https://i.pinimg.com/736x/80/18/ed/8018ed2dc0fc321ec2fa71144f4ff72e.jpg
000588.jpg,https://kitchengardendiaries.files.wordpress.com/2014/05/cayenne-pepper-plant_fotor.jpg
000589.jpg,https://http2.mlstatic.com/2-frascos-de-hot-pepper-creme-de-malagueta-pimenta-mendez-D_NQ_NP_817101-MLB20277293066_042015-F.jpg
000590.jpg,https://st.depositphotos.com/1542745/4668/i/950/depositphotos_46680313-stock-photo-chilli-pepper-plant.jpg
000591.jpg,https://get.pxhere.com/photo/plant-food-produce-vegetable-peppers-flowering-plant-chili-pepper-cayenne-pepper-land-plant-bird's-eye-chili-serrano-pepper-malagueta-pepper-peperoncini-bell-peppers-and-chili-peppers-pimiento-tabasco-pepper-italian-sweet-pepper-18342.jpg
000592.jpg,http://feedthelion.co.uk/wp-content/uploads/2016/04/cabana-P1010198-1024x768.jpg
000593.jpg,https://get.pxhere.com/photo/sharp-plant-flower-food-spice-chili-red-produce-vegetable-kitchen-eat-season-pepperoni-pods-vegetables-chilli-fiery-frisch-red-pepper-capsicum-sharpness-pepper-crop-piquant-market-fresh-vegetables-flowering-plant-chili-pepper-cayenne-pepper-land-plant-bird's-eye-chili-serrano-pepper-malagueta-pepper-peperoncini-bell-peppers-and-chili-peppers-tabasco-pepper-334690.jpg
000594.jpg,https://upload.wikimedia.org/wikipedia/commons/8/8c/Cherrypeppers.jpg
000595.jpg,https://get.pxhere.com/photo/sharp-plant-dish-food-green-produce-vegetable-market-healthy-close-salty-peppers-bell-pepper-vegetarian-tenerife-paprika-flowering-plant-jalapeno-chili-pepper-mild-piementos-cayenne-pepper-land-plant-bird's-eye-chili-serrano-pepper-malagueta-pepper-peperoncini-bell-peppers-and-chili-peppers-pimiento-tabasco-pepper-550940.jpg
000596.jpg,https://st.depositphotos.com/1031343/1604/v/950/depositphotos_16044427-stock-illustration-hot-chilli-pepper-vector-set.jpg
000597.jpg,https://static8.depositphotos.com/1391857/1022/v/950/depositphotos_10225871-stock-illustration-pepper.jpg
000598.jpg,https://static8.depositphotos.com/1001150/1055/v/950/depositphotos_10554975-stock-illustration-hot-chilli-pepper-vector-set.jpg
000599.jpg,https://get.pxhere.com/photo/nature-plant-fruit-food-pepper-produce-vegetable-vegetables-bell-pepper-flowering-plant-chili-pepper-cayenne-pepper-land-plant-bird's-eye-chili-malagueta-pepper-peperoncini-bell-peppers-and-chili-peppers-pimiento-tabasco-pepper-1007598.jpg
000600.jpg,https://get.pxhere.com/photo/sharp-plant-food-pepper-spice-chili-red-produce-vegetable-eat-pepperoni-market-stall-vegetables-sale-fiery-vitamins-red-pepper-paprika-capsicum-flowering-plant-nachtschattengew-chs-chili-peppers-nightshade-fruity-hot-chili-powder-chili-pepper-hot-peppers-cayenne-pepper-land-plant-bird's-eye-chili-serrano-pepper-malagueta-pepper-peperoncini-bell-peppers-and-chili-peppers-pimiento-tabasco-pepper-italian-sweet-pepper-1091544.jpg
000601.jpg,http://st.depositphotos.com/1038411/2108/v/950/depositphotos_21088803-Hot-chilli-pepper-in-fire.jpg
000602.jpg,http://st.depositphotos.com/1006488/3875/v/950/depositphotos_38751421-stock-illustration-hot-chilli-pepper-vector-set.jpg
000603.jpg,http://4.bp.blogspot.com/-E_oiCBi2LqU/UAWYPFPMywI/AAAAAAAAACk/dJrL1SDFMFs/s1600/Chili-Peppers.jpg
000604.jpg,https://c8.alamy.com/comp/ABJ4AA/sao-paulo-brazil-fresh-spices-colorao-pimenta-do-reino-pimenta-da-ABJ4AA.jpg
000605.jpg,https://kitchengardendiaries.files.wordpress.com/2014/08/cayenne-pepper-plant_fotor.jpg
000606.jpg,https://i.pinimg.com/originals/07/70/ec/0770ec0197859d16fd2f12de5567dbde.jpg
000607.jpg,https://get.pxhere.com/photo/plant-fruit-orange-food-red-produce-vegetable-peppers-bell-pepper-chilli-flowering-plant-chili-pepper-cayenne-pepper-land-plant-bird's-eye-chili-malagueta-pepper-peperoncini-bell-peppers-and-chili-peppers-pimiento-tabasco-pepper-italian-sweet-pepper-red-bell-pepper-habanero-chili-455136.jpg
000608.jpg,http://st.depositphotos.com/1006488/3875/v/950/depositphotos_38751425-Hot-chilli-pepper-vector-set.jpg
000609.jpg,http://yesofcorsa.com/wp-content/uploads/2017/03/Chili-Pepper-Wallpaper.jpg
000610.jpg,http://st.depositphotos.com/1038411/2126/v/950/depositphotos_21262961-Hot-chilli-pepper-in-fire.jpg
000611.jpg,http://1.bp.blogspot.com/_37ejnm8ifpI/TIeAiDMTpXI/AAAAAAAAAnE/kX7da09KChE/s1600/Pepper_by_itemb.jpg
000612.jpg,https://s-media-cache-ak0.pinimg.com/736x/38/5f/70/385f708f1ca247aa8d5cc4db9a0e6d1d.jpg
000613.jpg,https://cdn.imgbin.com/20/7/16/imgbin-christmas-garland-wreath-25-off-gVLKdMxLGmEurg5v9xetnFc2v.jpg
000614.jpg,https://4.bp.blogspot.com/--bfXCHrb27c/WVA4UfgwH7I/AAAAAAAAfYg/iV9PCr8sa-QxBk7gxYvl6b1NBmvMO_-EwCKgBGAs/s1600/P%25C3%25A3o%2Bde%2BChocolate%2B%2526%2BPimenta-Malagueta%2B%257BChocolate%2B%2526%2BChili%2BPepper%2BBread%257D-004.jpg
000615.jpg,http://cdn2.coloringcrew.com/coloring-book/coloring/hot-pepper-colorear.jpg
000616.jpg,https://get.pxhere.com/photo/sharp-plant-flower-food-chili-red-produce-vegetable-eat-peppers-flowering-plant-jalapeno-chili-pepper-cayenne-pepper-land-plant-bird's-eye-chili-serrano-pepper-malagueta-pepper-peperoncini-bell-peppers-and-chili-peppers-pimiento-tabasco-pepper-habanero-chili-685744.jpg
000617.jpg,https://cilantroperonotanto.files.wordpress.com/2014/05/dsc9552.jpg
