image,source
000001.jpg,https://q7i2y6d5.stackpathcdn.com/wp-content/uploads/2018/03/mulato-peppers-1-400x266.jpg
000002.jpg,https://www.ukchilliseeds.co.uk/ekmps/shops/chilliwizard/images/mulato-isleno-chilli-pepper-seeds-x-10-460-p.jpg
000003.jpg,https://www.spicesinc.com/images/product/large/1647.jpg
000004.jpg,https://images-na.ssl-images-amazon.com/images/I/71wZnrB7DVL._SL1500_.jpg
000005.jpg,https://vignette.wikia.nocookie.net/chilipeps/images/0/01/Mulato_peppers.jpg/revision/latest?cb=20180108014257
000006.jpg,https://upload.wikimedia.org/wikipedia/commons/5/5d/Mulato_chile_pods_%28dried%29.JPG
000007.jpg,https://images-na.ssl-images-amazon.com/images/I/7143p4l0ATL._SX342_.jpg
000008.jpg,https://www.neseed.com/wp-content/uploads/2016/08/32077-Mulato-Isleno-Hot-Pepper.jpg
000009.jpg,https://cdn.shopify.com/s/files/1/0871/0950/products/MulatoIslenopic_1024x1024.jpg?v=1548800712
000010.jpg,https://cdn10.bigcommerce.com/s-2drwt2az/products/4537/images/48272/mulato_island__79185.1493258203.500.659.jpg?c=2
000011.jpg,https://i1.wp.com/bestmexicancookbook2015.files.wordpress.com/2015/03/sil_chili_mulato1.jpg?zoom=1.25&w=900&ssl=1
000012.jpg,https://www.savoryspiceshop.com/content/mercury_modules/cart/items/2/7/4/2749/ratio6x5-600.jpg
000013.jpg,https://www.magicgardenseeds.co.uk/pics/mgs/CAP02/1000/Poblano-Mulato-chili-pepper-(Capsicum-annuum).jpg
000014.jpg,https://www.spicejungle.com/media/catalog/product/cache/2/image/9df78eab33525d08d6e5fb8d27136e95/d/r/dried_mulato_chiles_2_2.jpg
000015.jpg,http://cdn.shopify.com/s/files/1/0148/1945/9126/products/ATIMiHUjwp16o3xLX-aXn94dO6MckvDwTdrq4qzKLDa8eSYA1glNLJM_GBlUg09aW5cR-0VXszk_w615-h615_1200x1200.png?v=1568397345
000016.jpg,https://www.diversivore.com/wp-content/uploads/2016/06/Mulato-Chilies-feature.jpg
000017.jpg,https://www.premierseedsdirect.com/wp-content/uploads/2017/02/pepper-mulato-isleno.jpg
000018.jpg,https://images-na.ssl-images-amazon.com/images/I/71xkSaiP6YL._SX425_.jpg
000019.jpg,https://previews.123rf.com/images/maxsol7/maxsol71805/maxsol7180500031/101997227-dried-mexican-chile-peppers-pasilla-ancho-mulato-chipotle-morita-whole-pods.jpg
000020.jpg,http://croatianseeds-store.com/images/stories/virtuemart/product/mulato2.jpg
000021.jpg,https://www.edenbrothers.com/store/media/Seeds-Vegetables/resized/SVPEP136-1_medium.jpg
000022.jpg,https://www.mexicoinmykitchen.com/wp-content/uploads/2017/11/Mulato-pepper-1a.jpg
000023.jpg,https://www.seeds-gallery.shop/1429-home_default/ancho-mulato-poblano-chili-seeds.jpg
000024.jpg,https://shop.westlandpeppers.com/wp-content/uploads/2017/07/gedroogde_mulato_westlandpeppers-2.jpg
000025.jpg,https://i.ebayimg.com/images/g/w~AAAOxy0NtTE0bG/s-l300.jpg
000026.jpg,https://www.chilipeppermadness.com/wp-content/uploads/2019/09/Temp-Pepper-Types.jpg
000027.jpg,https://spicespecialist.com/spice/wp-content/uploads/chile-mulato-peppers-dried-e1486844781846.jpg
000028.jpg,https://www.chileplants.com/images/chiles/ancho-mulato-pepper-plants.jpg
000029.jpg,https://previews.123rf.com/images/cokemomo/cokemomo1210/cokemomo121000019/15686757-chile-mulato-mexican-dried-chili-pepper.jpg
000030.jpg,https://chilli-seedz.com/wp-content/uploads/2018/09/Mulato-Islano-Hand.jpg
000031.jpg,https://cdn2.bigcommerce.com/server2000/xbzs5402/products/483/images/3671/Pepper_mulato_isleno__79659.1432323611.1280.1280.jpg?c=2
000032.jpg,http://cdn.shopify.com/s/files/1/1766/2959/products/Pepper_Ancho_Grande_6b072d58-5942-44eb-bebd-fd8ab6d402d5_600x.jpg?v=1536202219
000033.jpg,https://www.mexicoinmykitchen.com/wp-content/uploads/2017/11/Mexican-Dried-Peppers-Uses.jpg
000034.jpg,http://www.specialtyproduce.com/sppics/7304.png
000035.jpg,https://www.superhotchiles.com/wp-content/uploads/2018/04/Mulato-Isleno-Pepper-seeds.jpg
000036.jpg,https://www.chilliseedbank.com.au/media/catalog/product/cache/image/720x560/4c3462793ba5f87d7658a49338bdb5e2/w/h/whole_dried_mulato_2.jpg
000037.jpg,https://www.chili-shop24.com/media/image/b5/82/3e/9297_Ancho-Mulato_600x600.jpg
000038.jpg,https://cdn.shopify.com/s/files/1/0376/5213/products/Mulato_chilies_50g.jpg?v=1406952569
000039.jpg,http://www.ecoseeds.com/ancho.jpg
000040.jpg,https://www.piedmontfarmandgarden.com/v/vspfiles/photos/PPP125-2.jpg?v-cache=1366092667
000041.jpg,https://algarvespice.com/z1/images/product_images/popup_images/157_1.jpg
000042.jpg,https://www.rareseeds.com/assets/1/14/DimRegular/Hot-Pepper-HPP500-Buena-Mulata-DSC06770.jpg
000043.jpg,https://cdn1.bigcommerce.com/server700/5mvrqhbm/products/122/images/149495/mulato-isleno-pepper-x__22290.1515459331.1280.1280.jpg?c=2
000044.jpg,https://i.ebayimg.com/images/g/BFEAAOSwMmBVqzF5/s-l300.jpg
000045.jpg,https://cdn.grapegears.net/public/resize/index.php?w=300&h=450&src=https://cdn.grapegears.net/public/media/2013/03/797.jpg
000046.jpg,https://wholespice.com/media/catalog/product/cache/1/image/9df78eab33525d08d6e5fb8d27136e95/c/h/chili_pods_mulato.jpg
000047.jpg,http://nebula.wsimg.com/e17d45b85429e06022cfc4b1bd19364b?AccessKeyId=4666F146996DD20F0A74&disposition=0&alloworigin=1
000048.jpg,http://helenkrayenhoff.com/wp/wp-content/uploads/2013/06/Mulato-Isleno.png
000049.jpg,https://www.mexicoinmykitchen.com/wp-content/uploads/2017/11/Ancho-Pepper-2-a.jpg
000050.jpg,https://c8.alamy.com/comp/D20YP3/mulato-peppers-in-mexico-D20YP3.jpg
000051.jpg,https://www.pepperscale.com/wp-content/uploads/2015/05/Pasilla-Pepper-Substitute_lg1-768x570.jpg
000052.jpg,https://sapnafoods.imgix.net/content/products/MulatoChili_115061965_190612_000448.jpg?auto=compress%2Cformat&bg=0fff&fit=fill&h=350&q=40&w=470
000053.jpg,https://i5.walmartimages.com/asr/2ab9b3e0-f378-41a1-bf7c-742f8425bae1_1.8da234e0f37e8b1674b918588a43a89c.jpeg?odnHeight=450&odnWidth=450&odnBg=FFFFFF
000054.jpg,http://www.foodsubs.com/Photos/driedchiles-group.jpg
000055.jpg,https://www.mexicoinmykitchen.com/wp-content/uploads/2017/11/CHipotle-pepper-2-a.jpg
000056.jpg,https://www.kitchengardenseeds.com/media/catalog/product/cache/1/thumbnail/0dc2d03fe217f8c83829496872af24a0/3/6/3612_1.jpg
000057.jpg,https://cdn.starwebserver.se/shops/andale/files/cache/mulato_dup1_tiny.jpg?_=1468609755
000058.jpg,https://images.bonanzastatic.com/afu/images/2960/1796/02/Mulato_3_clipped_clipped_rev_1.png
000059.jpg,https://www.curiouscuisiniere.com/wp-content/uploads/2018/02/Mexican-Chilies-Ancho-4506.212.jpg
000060.jpg,https://www.seasonedpioneers.com/wp-content/uploads/importedimages/imported-image-4889-v2.jpg
000061.jpg,http://www.loganzenner.com/wp-content/uploads/2016/10/Corcel-F1.jpg
000062.jpg,https://c8.alamy.com/comp/D20YPW/mulato-peppers-in-mexico-D20YPW.jpg
000063.jpg,https://i.etsystatic.com/17951386/r/il/da9d6f/1878527376/il_794xN.1878527376_ddr9.jpg
000064.jpg,https://upload.wikimedia.org/wikipedia/commons/f/f6/Poblano_Pepper.jpg
000065.jpg,https://i.ytimg.com/vi/jz6LfoDME8g/maxresdefault.jpg
000066.jpg,https://www.australianseed.com/persistent/catalogue_images/products/chilli_mulato_isleno.jpg
000067.jpg,https://www.austinchronicle.com/binary/e833/food_feature6.jpg
000068.jpg,https://www.rareseeds.com/assets/1/14/DimRegular/Pepper-Buena-Mulata-LSS-000_7313.jpg
000069.jpg,https://seaspringplants.co.uk/wp-content/uploads/2016/02/Mulato-Isleno-20.jpg
000070.jpg,https://www.pepperscale.com/wp-content/uploads/2014/11/pasilla-pepper-768x512.jpeg
000071.jpg,https://sidwainer.com/ec/images/products/136260.jpg
000072.jpg,https://www.curiouscuisiniere.com/wp-content/uploads/2018/02/Mexican-Chilies-Pasilla-4500.21.jpg
000073.jpg,http://i2.wp.com/www.tartqueenskitchen.com/wp-content/uploads/2013/11/IMG_11224.jpg
000074.jpg,https://www.worldspice.com/uploads/photo/image/76/product_ancho_pod.jpg
000075.jpg,https://cdn2.bigcommerce.com/server2900/cd406/products/421/images/1650/421__19399.1502214838.1280.1280.jpg?c=2
000076.jpg,https://media-cdn.tripadvisor.com/media/photo-s/12/f2/b4/87/yellow-fin-tuna-steak.jpg
000077.jpg,https://www.mexicaansewinkel.nl/540-home_default/chili-guajillo-200gr.jpg
000078.jpg,https://garden.org/pics/2012-01-15/DanCarmona/e0611b-300.jpg
000079.jpg,https://cdn.starwebserver.se/shops/andale/files/cache/ancho_dup1_tiny.jpg?_=1468609732
000080.jpg,https://shop.westlandpeppers.com/wp-content/uploads/2017/07/gedroogde_ancho-_westlandpeppers-2.jpg
000081.jpg,http://wlthomas.www3.50megs.com/chilessecos1.jpg
000082.jpg,https://media.istockphoto.com/photos/dried-mulato-pepper-picture-id182029627
000083.jpg,https://static.wixstatic.com/media/d45f52_e8400ba6441243d48e3ed9a6f8c4ae9a~mv2_d_4672_2628_s_4_2.jpg/v1/crop/x_880,y_0,w_3105,h_2628/fill/w_560,h_474,al_c,q_90/d45f52_e8400ba6441243d48e3ed9a6f8c4ae9a~mv2_d_4672_2628_s_4_2.webp
000084.jpg,https://media.gettyimages.com/photos/dried-mulato-pepper-picture-id1085609580
000085.jpg,https://i.pinimg.com/originals/5e/79/b9/5e79b9b6997140d017234426d3922510.jpg
000086.jpg,https://cdn.shopify.com/s/files/1/0008/2735/9290/products/MulatoChile_530x@2x.JPG?v=1548218519
000087.jpg,https://cdn.webshopapp.com/shops/225503/files/233871531/500x350x2/gedroogde-chipotle-peppers-1kg.jpg
000088.jpg,http://shop.mexiland.ch/121-large_default/dried-chilli-mulato-100gr.jpg
000089.jpg,https://www.seaspringseeds.co.uk/images/stories/virtuemart/product/Mulato_Isleno_Po_4ec01906e7e8e.jpg
000090.jpg,https://www.cayennediane.com/wp-content/uploads/Mulato-Chili.jpg
000091.jpg,https://www.chilipeppermadness.com/wp-content/uploads/2013/09/Poblano-Peppers2.jpg
000092.jpg,https://www.gourmetsleuth.com/shop/Assets/ProductImages/mulato-chiles.jpg
000093.jpg,https://media.gettyimages.com/photos/chile-mulato-peppers-dried-picture-id140648490
000094.jpg,https://spicetrekkers.com//upload/share/chile-mulato.jpg
000095.jpg,https://cdn.tasteatlas.com/images/ingredients/7684d0cc4de64b3ead72c6fb9ae98a81.jpg?mw=1300
000096.jpg,https://d2h1pu99sxkfvn.cloudfront.net/b0/2799938/235171955_LTGjc4myki/P6.jpg
000097.jpg,https://www.melburyandappleton.co.uk/ekmps/shops/melburyapple/images/mulato-chillies-100g-4144-p.jpg
000098.jpg,https://cdn.shopify.com/s/files/1/1022/5071/products/chocolate-poblano-pepper-seeds-capsicum-annuum-also-called-mulato-isleno-popular-chilies-in-mexico-1.jpg?v=1565027782
000099.jpg,https://www.chileplants.com/images/chiles/mulato-isleno-pepper-plants.jpg
000100.jpg,https://cdn.shopify.com/s/files/1/1326/4013/products/Peppers_Dried_Mulato.jpg?v=1479483185
000101.jpg,https://www.chilipeppermadness.com/wp-content/uploads/2019/08/Chilaca-Peppers.jpg
000102.jpg,http://cdn.shopify.com/s/files/1/0955/4450/products/mulato3_grande.jpg?v=1469570244
000103.jpg,https://www.curiouscuisiniere.com/wp-content/uploads/2018/02/Mexican-Chilies-Arbol-4519.21.jpg
000104.jpg,https://cdn.webshopapp.com/shops/225503/files/157633019/500x350x2/dried-ancho-peppers-100g.jpg
000105.jpg,https://m-garden.eu/img/4242/mulisl/mulisl.jpg?time=1497868428
000106.jpg,https://i.etsystatic.com/12292559/r/il/2499d7/1065750696/il_570xN.1065750696_n6hd.jpg
000107.jpg,https://www.diversivore.com/wp-content/uploads/2016/10/Various-Dried-Mexican-Chilies-banner.jpg
000108.jpg,http://wlthomas.www3.50megs.com/chilesfrescos3.jpg
000109.jpg,http://www.foodsubs.com/Photos/guajillo.jpg
000110.jpg,https://www.worldspice.com/uploads/photo/image/245/double_sized_chile_mulato.jpg
000111.jpg,http://toldifuszer.hu/img/30306/5999550162038/400x400/chili_mulato_egesz.jpg
000112.jpg,https://www.epicesanatol.com/media/original/39270-165-d_retap.jpg
000113.jpg,https://q7i2y6d5.stackpathcdn.com/wp-content/uploads/2019/06/indoor-pepper-400x600.jpg
000114.jpg,https://www.superhotchiles.com/wp-content/uploads/2018/04/Ancho-Gigantea-Pepper-Plants.jpg
000115.jpg,https://aztecmexicanproductsandliquor.com.au/wp-content/uploads/2017/05/Dried-Chilli-Mulato-out-of-bag-1.jpg
000116.jpg,https://portalvhds26k4f5tktj3ck.blob.core.windows.net/spotpics/sp43495.jpg
000117.jpg,https://www.curiouscuisiniere.com/wp-content/uploads/2018/05/Dried-Chile-Pepper-Pin.21.jpg
000118.jpg,https://www.qualifirst.com/media/catalog/product/cache/1/image/1000x/9df78eab33525d08d6e5fb8d27136e95/1/8/184072jpg.jpg
000119.jpg,https://assets.epicurious.com/photos/54b5b5bb2889f660285a7985/16:9/w_2560,c_limit/EP_20140912_boone-1_6x4-lpr.jpg
000120.jpg,http://www.diversivore.com/wp-content/uploads/2018/05/Puya-chilies-square.jpg
000121.jpg,https://i0.wp.com/donjuanchiles.com/wp-content/uploads/2018/08/03-14-19_Mulato_Retouched_v1.jpg?fit=600%2C400&ssl=1
000122.jpg,https://media.gettyimages.com/photos/dried-mulato-pepper-picture-id1085609580?s=170667a
000123.jpg,https://cdn.shopify.com/s/files/1/0559/1229/products/Picado_Mulato_1_1024x1024.jpg?v=1518546452
000124.jpg,https://0201.nccdn.net/1_2/000/000/0a7/54e/Pepper-Flaming-Jade-AAS-800x800.jpg
000125.jpg,https://cdn.webshopapp.com/shops/225503/files/233873499/500x350x2/dried-arbol-peppers-100g.jpg
000126.jpg,https://www.picclickimg.com/00/s/NTAwWDM3NQ==/z/7pMAAOSwabhUXZsQ/$/30-ORGANICALLY-GROWN-Mulato-Isleno-Pepper-Seeds-Heirloom-_1.jpg
000127.jpg,https://images.ctfassets.net/qe08557i7rmu/V2xZVCgAADAE-QfG/60b743eb2560d1f2ab34e27800b38740/38f904cc5c399035086c5d117113b66095e4a011_spicy.png?w=1600&fm=jpg&fl=progressive
000128.jpg,https://www.edenbrothers.com/store/media/Seeds-Vegetables/ss_size1/SVPEP165.jpg
000129.jpg,https://davesgarden.com/guides/pf/thumbnail.php?image=2011/10/31/chimayo/57c3ce.jpg&widht=700&height=312
000130.jpg,https://cookingontheweekends.com/wp-content/uploads/2012/11/November-14-Ancho-Chile-Sauce3-1.jpg
000131.jpg,https://www.curiouscuisiniere.com/wp-content/uploads/2018/05/Dried-Chile-Pepper-450.jpg
000132.jpg,https://cdn11.bigcommerce.com/s-p82jn6co/images/stencil/280x280/products/11770/14455/20556__67495.1557170917.jpg?c=2
000133.jpg,https://d2lnr5mha7bycj.cloudfront.net/product-image/file/large_3d73c1e8-672d-4fa7-80df-8b702d784567.jpg
000134.jpg,https://images-na.ssl-images-amazon.com/images/I/51bksrD0VWL.jpg
000135.jpg,https://shop.westlandpeppers.com/wp-content/uploads/bfi_thumb/gedroogde_mulato_westlandpeppers-1-o9fb7o1qb79a0duxxwhz1a6hqz2axn6s3sfxuhm8l4.jpg
000136.jpg,http://www.fullcircleseeds.com/static/images/productimage-picture-mulato-pepper-201.png
000137.jpg,https://i.ytimg.com/vi/ar8N5j_CHxE/maxresdefault.jpg
000138.jpg,https://bestmexicancookbook2015.files.wordpress.com/2015/03/sil_chili_ancho1.jpg?w=558
000139.jpg,https://pics.davesgarden.com/pics/2007/11/19/aries44/8aba2e.jpg
000140.jpg,http://www.fooduniversity.com/foodu/produce_c/producereference/Resources/Field%20Veg/peppers/image/Ancho.jpg
000141.jpg,https://www.pepperscale.com/wp-content/uploads/2014/11/ancho-pepper_1-768x510.jpg
000142.jpg,https://assets.epicurious.com/photos/5aa00cbc0165770628983f3f/16:9/w_2560,c_limit/Posole-peppers-03012018.jpg
000143.jpg,https://www.chilliwizards.co.uk/Graphics/Product_Detail_Images/chipotle-mulato-ancho-chilli-flakes-mexican-3-x-400g-shaker-tub-set-[2]-4402-p.jpg
000144.jpg,https://media.istockphoto.com/photos/ancho-chile-and-mulato-chile-or-dried-poblano-chile-peppers-picture-id1145700961?k=6&m=1145700961&s=612x612&w=0&h=Xn1NIc468SfN1gseD1d4raMu9YHaFOPpg81SOyoyos0=
000145.jpg,https://www.exotic-seeds.store/1428-home_default/ancho-mulato-poblano-chili-seeds.jpg
000146.jpg,https://www.chilipeppermadness.com/wp-content/uploads/2019/08/Pasilla-Peppers.jpg
000147.jpg,https://images-na.ssl-images-amazon.com/images/I/51bwQaTucGL.jpg
000148.jpg,https://veramexicana.com/wp-content/uploads/2019/05/mulato.jpg
000149.jpg,https://www.theseedcollection.com.au/assets/full/G3-01.jpg?1513293174
000150.jpg,https://alchetron.com/cdn/friggitello-ded1a7dc-4714-41f1-a366-69b726bd993-resize-750.png
000151.jpg,https://4.bp.blogspot.com/-RL_vwcGwn48/WLGOegDtyEI/AAAAAAAAG0k/7FBVh-ZYe0ogG2NC5xn_F-S_XTPDWFTjgCLcB/s1600/P1011893.JPG
000152.jpg,https://previews.agefotostock.com/previewimage/medibigoff/adfbe6839db68bf83672566ca49b124e/sfd-663282.jpg
000153.jpg,https://www.ukchilliseeds.co.uk/ekmps/shops/chilliwizard/images/habanero-chocolate-10-seeds-116-p.jpg
000154.jpg,https://d1j7n9gc77msrx.cloudfront.net/spice/wp-content/uploads/chili-de-arbol-whole-e1478981324843.jpg
000155.jpg,http://chilliguru.uk/annuum/images/mulato_3.jpg
000156.jpg,https://tucsonfoodie.com/wp-content/uploads/2019/07/TF-chiles-pepper-anaheim-verde-new-mexico-colorado-4176-1024x683.jpg
000157.jpg,https://cdn.shopify.com/s/files/1/1022/5071/products/chocolate-poblano-pepper-seeds-capsicum-annuum-also-called-mulato-isleno-popular-chilies-in-mexico-5_1024x1024.jpg?v=1565027785
000158.jpg,https://www.thespiceworks.co.uk/wp-content/uploads/csm/MulatoAnchotsw-400x400.jpg
000159.jpg,https://www.chilliwright.co.uk/wp-content/uploads/2017/05/IMG_1755-e1494608941437.jpg
000160.jpg,https://thumbs.dreamstime.com/b/ancho-chile-mulato-dried-poblano-peppers-mexican-traditional-food-146245967.jpg
000161.jpg,https://www.mexicaansewinkel.nl/205-home_default/dried-chili-morita-100g.jpg
000162.jpg,http://www.foodsubs.com/Photos/driedhabaneros.jpg
000163.jpg,https://4.bp.blogspot.com/-iKs8ig-M04k/UrnMJDiqDFI/AAAAAAAAHUs/Vwi7cQ0EVMY/s1600/ancho+chile+760x703.jpg
000164.jpg,https://www.theseedcollection.com.au/assets/alt_2/G3-01.jpg?1513293698
000165.jpg,https://s.yimg.com/aah/mex-grocer/chile-california-dried-chile-pepper-by-el-guapo-16.png
000166.jpg,https://cdn.webshopapp.com/shops/225503/files/141196994/500x350x2/poblano-chili-pepper.jpg
000167.jpg,https://st.focusedcollection.com/11312302/i/650/focused_157146700-stock-photo-dried-mulato-peppers.jpg
000168.jpg,https://www.edenbrothers.com/store/media/Seeds-Vegetables/ss_size1/SVPEP138-1.jpg
000169.jpg,https://www.foodrepublic.com/wp-content/uploads/2016/10/ATK.FR_.ChilesFamilyTree-2.jpg
000170.jpg,https://thespicelibrary.com.au/wp-content/uploads/2016/04/mulato-chilli.jpg
000171.jpg,https://www.chilliwizards.co.uk/Graphics/Product_Detail_Images/mulato-chilli-flakes-400g-shaker-jar-[2]-4396-p.jpg
000172.jpg,https://dwgfmnrdprofc.cloudfront.net/wp-content/uploads/2013/01/mexican_chiles_guide.jpg
000173.jpg,https://image.shutterstock.com/image-photo/dried-chili-peppers-isolated-on-260nw-418488808.jpg
000174.jpg,https://cdn2.bigcommerce.com/server2900/cd406/products/733/images/1707/Mulato_Pic__62173.1505236008.500.500.jpg?c=2
000175.jpg,https://t3.ftcdn.net/jpg/01/53/03/08/240_F_153030864_s3zuKes4dtm8kojekJBT8LqlzsgidLHL.jpg
000176.jpg,https://www.chilipeppermadness.com/wp-content/uploads/2018/07/Super-Shepherd-Chili-Pepper1.jpg
000177.jpg,https://www.thespruceeats.com/thmb/T9BegUx2oT8qwfmvq6zlwvzJgk0=/425x326/filters:no_upscale():max_bytes(150000):strip_icc()/GettyImages-639871580-5c67140746e0fb000123cb63.jpg
000178.jpg,https://www.gourmetsleuth.com/images/default-source/articles/jalapeno-chile.jpg?sfvrsn=6
000179.jpg,http://www.thymegarden.com/files/561124/uploaded/Mulattos.jpg
000180.jpg,https://images-na.ssl-images-amazon.com/images/I/51vdwSXEEmL.jpg
000181.jpg,https://www.rareseeds.com/assets/1/14/DimRegular/Pepper-Buena-Mulata-LSS-000_7298.jpg
000182.jpg,https://www.glacialridgegrowers.com/thumbnail.asp?file=assets/images/pepper%20hot%20mulato%20isleno.jpg&maxx=300&maxy=300
000183.jpg,https://upload.wikimedia.org/wikipedia/commons/8/8e/Chile_pequin_fruit_and_flower_closeup.jpg
000184.jpg,https://aztecmexicanproductsandliquor.com.au/wp-content/uploads/2017/04/Dried-chilli-guajillo-out-of-bag-400x400.jpg
000185.jpg,https://d1j7n9gc77msrx.cloudfront.net/spice/wp-content/uploads/aji-panca-peppers.jpg
000186.jpg,http://i2.wp.com/www.tartqueenskitchen.com/wp-content/uploads/2013/11/IMG_1119.jpg
000187.jpg,https://i.etsystatic.com/7824311/r/il/a76333/910732610/il_794xN.910732610_hsm8.jpg
000188.jpg,http://nebula.wsimg.com/23023539bba7d6a6205aada6834c2765?AccessKeyId=4666F146996DD20F0A74&disposition=0&alloworigin=1
000189.jpg,https://tucsonfoodie.com/wp-content/uploads/2019/07/TF-chiles-pepper-poblano-ancho-4177-1-1024x683.jpg
000190.jpg,https://www.ethno2.ethno-botanik.org/Capsicum/Chile-Mulato/Fotos/500/Chile-Mulato-15.jpg
000191.jpg,https://i.ebayimg.com/images/g/2aoAAOSwe-FU-dac/s-l300.jpg
000192.jpg,https://s2.postimg.cc/45kql0ft5/IMG_0549.jpg
000193.jpg,https://www.picclickimg.com/00/s/MTI4MFg5NjA=/z/VdAAAOSwCGVX4SmZ/$/Verato-rote-Paprika-aus-Spanien-Chili-ohne-Scharfe-_1.jpg
000194.jpg,https://i.imgur.com/ZCQT82M.jpg
000195.jpg,https://cdn.webshopapp.com/shops/225503/files/156358658/500x350x2/fresh-jalapeno-peppers.jpg
000196.jpg,http://da.lnwfile.com/3gwa1z.jpg
000197.jpg,https://www.infiniteherbs.com/wp-content/uploads/2018/02/poblano_new_4.jpg
000198.jpg,https://www.curiouscuisiniere.com/wp-content/uploads/2018/02/Mexican-Chilies-Chipotle-4511.21.jpg
000199.jpg,https://www.magicgardenseeds.com/pics/mgs/AS-00038/6/1000/Sowing-growing-gift-kit%3A-'Traditional-Mexican-chilli-peppers'-4-essential-varieties-for-Tex-Mex-dishes-salsa-mole-more_6.jpg
000200.jpg,https://upload.wikimedia.org/wikipedia/commons/thumb/8/85/Green-Yellow-Red-Pepper-2009.jpg/1200px-Green-Yellow-Red-Pepper-2009.jpg
000201.jpg,https://cdn.starwebserver.se/shops/andale/files/cache/guahillo_dup1_tiny.jpg?_=1469791295
000202.jpg,https://amyinthekitchen.com/wp-content/uploads/2014/10/dried-ancho-chili.png
000203.jpg,http://shop.latortilla.de/WebRoot/Store/Shops/80025728/46E5/1F73/902C/2DCB/6DBD/D472/5220/E3BD/405_0020_Chile_0020_Ancho.jpg
000204.jpg,http://cdn.shopify.com/s/files/1/1890/9819/articles/Guajillo-Chili-Substitute_1024x1024.jpg?v=1536483439
000205.jpg,https://www.johnnyseeds.com/dw/image/v2/BBBW_PRD/on/demandware.static/-/Sites-jss-master/default/dw7b2112cd/images/products/vegetables/03274g_01_bastan.jpg?sw=280&cx=302&cy=0&cw=1196&ch=1196
000206.jpg,https://www.goodfood.com.au/content/dam/images/g/p/c/m/3/x/image.gallery.galleryLandscape.620x414.gpclk8.png/1466379664998.jpg
000207.jpg,https://www.mexicoinmykitchen.com/wp-content/uploads/2017/11/Arbol-pepper-1-1.jpg
000208.jpg,https://i.ebayimg.com/images/g/7WcAAOSwoGxcoM4P/s-l400.jpg
000209.jpg,https://tucsonfoodie.com/wp-content/uploads/2019/07/TF-Chiles-Chili-Peppers.jpg
000210.jpg,https://q7i2y6d5.stackpathcdn.com/wp-content/uploads/2019/03/indoor-pepper-400x267.jpg
000211.jpg,http://toldifuszer.hu/img/30306/5999550162083/310x310/chili_holy_trinity_egesz.jpg?time=1565682542
000212.jpg,https://www.rareseeds.com/assets/1/1/Pepper-Hot-Buena-Mulata-HPP500-Roughwood-Collection-William-Woys-Weaver2.jpg
000213.jpg,https://www.theseedcollection.com.au/assets/alt_3/G3-01.jpg?1513294438
000214.jpg,http://www.foodsubs.com/Photos/moritachile.jpg
000215.jpg,https://www.curiouscuisiniere.com/wp-content/uploads/2018/02/Mexican-Chilies-Cayenne-4514.21.jpg
000216.jpg,http://cdn.shopify.com/s/files/1/2295/0043/products/504030021178a_1024x1024.jpg?v=1505329442
000217.jpg,http://www.gourmetgenetics.com/capsicum/images/mulato_3428.jpg
000218.jpg,https://s3.amazonaws.com/finecooking.s3.tauntonclud.com/app/uploads/2017/04/19011040/fc029be37-05_xlg-500x500.jpg
000219.jpg,https://0201.nccdn.net/1_2/000/000/193/af0/3d6e716b352a45b2a126ebd9722f4a90-500x500.jpg
000220.jpg,https://comercialmexicanaint.com/wp-content/uploads/2019/01/CM3.jpg
000221.jpg,https://c8.alamy.com/comp/B51238/two-ancho-chiles-dried-poblano-chiles-dried-red-peppers-used-in-traditional-B51238.jpg
000222.jpg,https://aztecmexicanproductsandliquor.com.au/wp-content/uploads/2017/04/Dried-chilli-new-mexico-out-of-bag-400x400.jpg
000223.jpg,http://i1.wp.com/www.tartqueenskitchen.com/wp-content/uploads/2013/11/IMG_1113.jpg
000224.jpg,https://i.ytimg.com/vi/A99SDvNNzcI/maxresdefault.jpg
000225.jpg,https://www.anniesannuals.com/signs/p%20-%20r/images/pepper_mulato_isleno.jpg
000226.jpg,https://www.rareseeds.com/assets/1/14/DimRegular/Pepper-Buena-Mulata-LSS-000_3239.jpg
000227.jpg,https://static.wixstatic.com/media/d45f52_e8400ba6441243d48e3ed9a6f8c4ae9a~mv2_d_4672_2628_s_4_2.jpg/v1/fit/w_498,h_280,q_90/file.jpg
000228.jpg,http://cdn.shopify.com/s/files/1/1890/9819/articles/ancho-chili-powder-substitute_1024x1024.jpg?v=1536483384
000229.jpg,https://www.seedsbydesign.com/_ccLib/image/plants/THUM-2001.jpg
000230.jpg,https://www.thespruceeats.com/thmb/K58m0it67dkP7lQGGT2maQ6Jnl0=/5616x3159/smart/filters:no_upscale()/spicy-vivid-chili-mexican-peppers-157643424-5977b413845b340011966538.jpg
000231.jpg,https://www.chilipeppermadness.com/wp-content/uploads/2018/08/Tiburon-Hybrid-Poblano-Type-Chili-Pepper2.jpg
000232.jpg,https://upload.wikimedia.org/wikipedia/commons/thumb/1/16/Kkwari-gochu.jpg/1200px-Kkwari-gochu.jpg
000233.jpg,http://cdn.shopify.com/s/files/1/0111/1729/7722/products/mulato-chilli-50g.jpg?v=1548870966
000234.jpg,https://stripedspatula.com/wp-content/uploads/2018/01/homemade-chili-paste-3-680x952.jpg
000235.jpg,https://t3.ftcdn.net/jpg/02/59/14/84/500_F_259148438_9mVJfxqsySCJvTPueEzflqlcGsYovAMv.jpg
000236.jpg,https://cdn.webshopapp.com/shops/225503/files/157632290/500x350x2/dried-cascabel-peppers-100g.jpg
000237.jpg,https://unclewaynestomatoes.com/sites/default/files/Mulato%20IMG_1462.JPG
000238.jpg,https://tucsonfoodie.com/wp-content/uploads/2019/07/TF-chiles-pepper-jalapeno-morita-chipotle-meco-4190-1024x683.jpg
000239.jpg,https://i.ytimg.com/vi/jQjLOkABZzQ/hqdefault.jpg
000240.jpg,http://wlthomas.www3.50megs.com/chilessecos3.jpg
000241.jpg,http://www.diversivore.com/wp-content/uploads/2018/05/Chinese-chilies-square.jpg
000242.jpg,https://assets.epicurious.com/photos/5baa70887f6592487f97a8ea/6:4/w_1600%2Cc_limit/shutterstock_713262178.jpg
000243.jpg,https://www.simplyorganic.com/media/catalog/product/cache/4/image/1600x/9df78eab33525d08d6e5fb8d27136e95/s/i/simply-organic-ancho-chili-powder-19559-front_3.jpg
000244.jpg,http://www.foodsubs.com/Photos/driedchiles-OnzaRoja.jpg
000245.jpg,https://thespicepeople.com.au/wp-content/uploads/2017/05/chilli-mulato-whole-0000i13-1.jpg
000246.jpg,http://www.saigontacos.com/sites/default/files/DCsmall.jpg?1526783163
000247.jpg,https://www.picclickimg.com/d/l400/pict/142567557315_/Grown-Organically-Dried-Chile-Japones-Whole-Peppers-Japanese.jpg
000248.jpg,https://pics.davesgarden.com/pics/2007/10/11/aries44/60664c.jpg
000249.jpg,https://pbs.twimg.com/media/Dz9HYPmXcAAjW4H.jpg
000250.jpg,https://en.pimg.jp/023/222/967/1/23222967.jpg
000251.jpg,https://www.cayennediane.com/wp-content/uploads/2019/02/Arapaho-Pepper-2-300x300.jpg
000252.jpg,https://sidwainer.com/ec/images/products/330070.jpg
000253.jpg,https://i.imgur.com/E8yp3lq.jpg
000254.jpg,https://en.pimg.jp/023/222/957/1/23222957.jpg
000255.jpg,https://www.chilliwizards.co.uk/Graphics/Std_Product_Images/chipotle-mulato-ancho-chilli-flakes-mexican-3-x-400g-shaker-tub-set-4402-p.jpg
000256.jpg,https://cilipipp.si/trgovina/35-home_default/dry-chili-guahillo.jpg
000257.jpg,https://tucsonfoodie.com/wp-content/uploads/2019/07/TF-chiles-4214-1024x683.jpg
000258.jpg,https://bestmexicancookbook2015.files.wordpress.com/2015/03/sil_chili_pasilla2.jpg?w=558
000259.jpg,http://eldeloschiles.com/wp-content/uploads/2018/06/CHILE-MULATO.jpg
000260.jpg,https://www.thespruceeats.com/thmb/xl-68BrQrva0PjrtVYemgZSLEOY=/1885x1414/smart/filters:no_upscale()/DriedChiles-5a4d21a647c2660036bafad7.jpg
000261.jpg,https://images.food52.com/e54CXSpg0ol1tLfgu71oP4xx5UU=/1930x1286/filters:format(webp)/a7acbdbe-fdba-404e-9b21-337064eb7fa9--Soaking_Chiles.jpg
000262.jpg,https://www.mediterranpiac.com/images/product_images/original_images/zertifikat-deutsch_114.jpg
000263.jpg,https://0201.nccdn.net/1_2/000/000/114/402/Pepper--arapaho-500x500.jpg
000264.jpg,https://www.seriouseats.com/2018/03/20160707-mexican-pantry-guajillo-vicky-wasik-2.jpg
000265.jpg,https://www.spicejungle.com/media/catalog/product/cache/2/small_image/295x/040ec09b1e35df139433887a97daa66f/c/h/chipotle_morita_chile_peppers_2.jpg
000266.jpg,http://www.aglassofredwine.com/wp-content/uploads/2016/03/IMG_4673.jpg
000267.jpg,https://gran.luchito.com/wp-content/uploads/2014/05/Jalapeno-mexican-chilli-pepper.jpg
000268.jpg,https://www.highmowingseeds.com/media/catalog/product/cache/b881baec66cfad522cf6fcf51bd9a7b2/2/7/2795.jpg
000269.jpg,https://s.yimg.com/aah/mex-grocer/chile-negro-dried-chile-pepper-by-el-sol-de-mexico-12.png
000270.jpg,https://ichef.bbci.co.uk/food/ic/food_16x9_832/foods/c/chilli_16x9.jpg
000271.jpg,https://s7d5.scene7.com/is/image/CentralMarket/002107434-1?$large$&hei=416&wid=416
000272.jpg,http://www.diversivore.com/wp-content/uploads/2019/01/Oaxaca-chilies-square.jpg
000273.jpg,https://shop.westlandpeppers.com/wp-content/uploads/bfi_thumb/pablano-powder_westlandpeppers-2-o6hzx14x7dcb2ubb1ax0xpk9beblo9palnt3flppfc.jpg
000274.jpg,https://www.kingsseeds.co.nz/site/kingseeds-2019/images//items/8120.2.jpg
000275.jpg,http://photos1.blogger.com/img/54/1090/1024/post-chiles.jpg
000276.jpg,https://upload.wikimedia.org/wikipedia/commons/thumb/d/d6/Immature_jalapeno_capsicum_annuum_var_annuum.jpeg/1200px-Immature_jalapeno_capsicum_annuum_var_annuum.jpeg
000277.jpg,https://i.imgur.com/XsW7Hp3.jpg
000278.jpg,https://www.thespruceeats.com/thmb/bfSPbQWgfMatpG1X_DRCAJVKgcg=/3000x1687/smart/filters:no_upscale()/hot-chile-peppers-scoville-scale-1807552-sketch_Final-5c54d11446e0fb0001be6629.png
000279.jpg,https://assets.epicurious.com/photos/572a1f5cb17323114dea87c6/6:4/w_1600%2Cc_limit/chipotle.jpg
000280.jpg,https://www.pepperscale.com/wp-content/uploads/2015/07/ancho-pepper-substitute-300x200.jpg
000281.jpg,https://pics.davesgarden.com/pics/2007/12/15/aries44/771be8.jpg
000282.jpg,https://gran.luchito.com/wp-content/uploads/2014/05/poblano-mexican-chilli-pepper.jpg
000283.jpg,https://ichef.bbci.co.uk/food/ic/food_16x9_832/foods/b/birds-eye_chillies_16x9.jpg
000284.jpg,https://www.grow-it-organically.com/images/growing-hot-peppers-jpk1-lg.jpg
000285.jpg,https://cdn.shopify.com/s/files/1/1420/8798/products/pepper-hot-mulato-capsicum-annuum-seeds-amkha-seed_185.jpg?v=1535012300
000286.jpg,https://image.shutterstock.com/image-photo/dark-dried-whole-mulato-poblano-260nw-1064797565.jpg
000287.jpg,https://cdn.shopify.com/s/files/1/0188/0032/products/poblano-mulato-whole-dried-chile-3-oz-all-natural-chiles-heat-level-02-los-chileros-spicepeppers-chilly-largest-selection-of-hot-sauce-in-canada-flavor_817_550x.jpg?v=1553122420
000288.jpg,https://www.chilipeppermadness.com/wp-content/uploads/2019/07/Cubanelle-Peppers.jpg
000289.jpg,https://www.cayennediane.com/wp-content/uploads/Jwala-Pepper-300x300.jpg
000290.jpg,https://cdn.andnowuknow.com/thumbnails/redghostchile_500.jpg?lFe7WfPezXlAuw3KjmXR8cN4eWqWsP2p
000291.jpg,https://0201.nccdn.net/1_2/000/000/0d5/1a7/f11cca7f3bd74c9ca02b558309de1073-500x500.jpg
000292.jpg,https://images-eu.ssl-images-amazon.com/images/I/51EODgLxyUL.jpg
000293.jpg,http://cienciasagricolas.inifap.gob.mx/editorial/files/imagenes/v9n4/016/images/image2.jpg
000294.jpg,https://www.thespruceeats.com/thmb/Fz8OELL_uy8YAKyXHuYhxSSW7Z0=/425x326/filters:no_upscale():max_bytes(150000):strip_icc()/jalapeno-2500-56a210cd5f9b58b7d0c631b8.jpg
000295.jpg,https://media.mercola.com/assets/images/foodfacts/poblano-pepper-fb.jpg
000296.jpg,https://www.inspiredtaste.net/wp-content/uploads/2016/08/Chili-Powder-Recipe-1.jpg
000297.jpg,https://cdn.craftbeer.com/wp-content/uploads/Chili_Chocolate_Beer_2.jpg
000298.jpg,http://www.foodsubs.com/Photos/dearbol.jpg
000299.jpg,https://static.wixstatic.com/media/2ef5b1_fa25fb519dc848dbaca03ade9bd0dcda~mv2.jpg/v1/fill/w_2064,h_1026,al_c,q_85/2ef5b1_fa25fb519dc848dbaca03ade9bd0dcda~mv2.jpg
000300.jpg,https://www.mexicaansewinkel.nl/992-home_default/dried-chili-pasilla-100g.jpg
000301.jpg,https://tucsonfoodie.com/wp-content/uploads/2019/07/TF-chiles-pepper-serrano-4193-1024x683.jpg
000302.jpg,https://jetimages.jetcdn.net/md5/1b6c390d43a4a48705eb116aa4a22ee2?odnBound=576
000303.jpg,https://cdn.shopify.com/s/files/1/0111/1729/7722/files/pasilla-mulato-ancho-mole-labels.jpg?v=1542623672
000304.jpg,https://p1-ssl.teszvesz.hu/photos/40/dd/mulato-isleno-csoki-chili-csili-paprika-mag-magok-808a_3_big.jpg?v2
000305.jpg,http://www.diversivore.com/wp-content/uploads/2018/05/Morita-chipotle-chilies-square.jpg
000306.jpg,https://www.chili-shop24.com/media/image/f9/26/b5/Pfanne_800_600x600.jpg
000307.jpg,https://www.mexicanplease.com/wp-content/uploads/2019/02/Pasilla-Chile-Salsa-2.jpg
000308.jpg,https://www.curiouscuisiniere.com/wp-content/uploads/2018/02/Mexican-Chilies-Guajillo-4503.212.jpg
000309.jpg,https://www.egzotikusfuszerek.hu/images/products/product_672_1_20160129155928_kywny.jpg
000310.jpg,https://cdn.shopify.com/s/files/1/0011/2341/8172/products/PP643-1_480x480.jpg?v=1523414079
000311.jpg,https://www.savoryspiceshop.com/content/mercury_modules/cart/items/2/7/4/2742/chile-guajillo-whole-1.jpg
000312.jpg,https://gourmet-shop.lv/image/cache/catalog/Cool%20Chile/cool-chile-product-whole-mulato-v2-1200x1200.jpg
000313.jpg,https://www.mexicanplease.com/wp-content/uploads/2019/03/Pasilla-vs.-Pasilla-de-Oaxaca-graphic.jpg
000314.jpg,https://aztecmexicanproductsandliquor.com.au/wp-content/uploads/2017/04/dried-chillis-guajillo-out-of-bag-2-400x400.jpg
000315.jpg,https://www.spicejungle.com/media/catalog/product/cache/2/small_image/295x/040ec09b1e35df139433887a97daa66f/p/a/pasilla-negro-chile-peppers_1.jpg
000316.jpg,https://cdn.tasteatlas.com/images/ingredients/2122978b10394caaaeae671b93eeab6d.jpg?mw=1300
000317.jpg,https://i.etsystatic.com/14438497/r/il/7792a8/1292609758/il_fullxfull.1292609758_36tl.jpg
000318.jpg,http://firetonguefarm.com/wp-content/uploads/2016/07/Peppers-2013-15-1.jpg
000319.jpg,https://www.cayennediane.com/wp-content/uploads/Puya-Chili-300x300.jpg
000320.jpg,https://www.mexicoinmykitchen.com/wp-content/uploads/2017/11/Piquin-pepper-2-a.jpg
000321.jpg,https://assets.epicurious.com/photos/5aa00cbc0165770628983f3f/4:6/w_2553,h_3830,c_limit/Posole-peppers-03012018.jpg
000322.jpg,https://www.thespruceeats.com/thmb/LzK9rUf-Et_dCZIY7YVBy93cXMA=/1981x1514/filters:no_upscale():max_bytes(150000):strip_icc()/Pequin-Chiles-5773da975f9b585875e69d05.jpg
000323.jpg,https://www.rareseeds.com/assets/1/14/DimRegular/Buena-Mulata.jpg
000324.jpg,http://www.sciencefriday.com/wp-content/uploads/2016/08/Poblano.png
000325.jpg,http://www.altamirafood.com/local/images/items/jumbo/IT003663.jpg
000326.jpg,https://www.seedsavers.org/site/img/seo-images/0209-yellow-peru-pepper-organic.jpg
000327.jpg,https://s3.amazonaws.com/finecooking.s3.tauntonclud.com/app/uploads/2017/04/19011040/fc029be37-06_xlg-500x500.jpg
000328.jpg,https://q7i2y6d5.stackpathcdn.com/wp-content/uploads/2018/09/bitter-pepper-400x424.jpg
000329.jpg,https://www.spiceography.com/wp-content/uploads/2017/03/ancho-pepper-substitute_1-768x309.jpg
000330.jpg,https://images.bonanzastatic.com/afu/images/3638/5426/78/Combo_Chiles_5_clipped_rev_1_1_LB.png
000331.jpg,http://www.chinelos.hk/uploads/9/2/5/2/92524344/s879494318611470798_p18_i1_w640.png
000332.jpg,https://0201.nccdn.net/1_2/000/000/0b5/448/Hot-Pepper--Chichimeca-POOR-QUALITY-Square-500x500.jpg
000333.jpg,https://spicespecialist.com/spice/wp-content/uploads/mulato-chili-powder-ground-spice.jpg
000334.jpg,http://www.foodsubs.com/Photos/cascabelchiles5.jpg
000335.jpg,https://i.imgur.com/yb4dLQH.jpg
000336.jpg,https://www.seriouseats.com/images/20090930colorfulchiles.jpg
000337.jpg,https://www.kingsseeds.co.nz/site/kingseeds-2019/images//items/8030A.jpg
000338.jpg,https://media.gettyimages.com/photos/mulato-chili-picture-id498746029?s=612x612
000339.jpg,https://www.grow-it-organically.com/images/growing-hot-peppers-bjm1-lg.jpg
000340.jpg,http://www.ecoseeds.com/PEPPER21.JPG
000341.jpg,https://www.chilipeppermadness.com/wp-content/uploads/2014/04/How-to-Rehydrate-Dried-Chili-Peppers.jpg
000342.jpg,https://cdn.shopify.com/s/files/1/0027/7227/1149/products/mulato_whole_single_-_smaller_400x.jpg?v=1561613667
000343.jpg,https://www.thespruceeats.com/thmb/h6cuWK2h1LURMTV2XTrV5lJSYV0=/425x326/filters:no_upscale():max_bytes(150000):strip_icc()/GettyImages-186590319-5c6b302f46e0fb0001b35dd6.jpg
000344.jpg,https://t2.thpservices.com/previewimage/gallil/e064edff9bcc27354cd42df77914fa92/sof-60151285.jpg
000345.jpg,https://www.cayennediane.com/wp-content/uploads/Hungarian-Wax-Pepper-300x300.jpg
000346.jpg,https://static.wixstatic.com/media/1b4e2a_0a9fa3e8c52940e9bf58ba8ceafdf6d6~mv2.jpg/v1/fill/w_576,h_709,al_c,lg_1,q_85/1b4e2a_0a9fa3e8c52940e9bf58ba8ceafdf6d6~mv2.jpg
000347.jpg,https://assets.epicurious.com/photos/5baa6af8699dbf53d1b3a6d0/4:6/w_1600%2Cc_limit/shutterstock_616671473.jpg
000348.jpg,https://cdn.shopify.com/s/files/1/0007/7774/8546/products/Pasilla_Chiles_1_900x.jpg?v=1558715803
000349.jpg,https://images-na.ssl-images-amazon.com/images/I/61TMLY6J68L.jpg
000350.jpg,https://aztecmexicanproductsandliquor.com.au/wp-content/uploads/2017/04/Dried-Chilli-Ancho-out-of-bag-400x400.jpg
000351.jpg,https://www.mexicanplease.com/wp-content/uploads/2019/06/Homemade-Chili-Powder-3.jpg
000352.jpg,https://www.magicgardenseeds.com/pics/mgs/A-ST00003/1000/'Miscellaneous-Chilli-peppers'-seed-kit-gift-box-20-incredible-varieties.jpg
000353.jpg,http://i783.photobucket.com/albums/yy115/DutchPeppers/Peppers%2018-08-2010/MulatoIsleno18-08-10.jpg
000354.jpg,https://www.kitchengardenseeds.com/media/catalog/product/cache/1/thumbnail/0dc2d03fe217f8c83829496872af24a0/3/6/3612_chile_pepper_mulato_isleno_3612_chile_pepper_mulato_isl_2.jpg
000355.jpg,https://q7i2y6d5.stackpathcdn.com/wp-content/uploads/2018/01/pepper-variety-400x300.jpg
000356.jpg,http://www.foodsubs.com/Photos/mirasolchile.jpg
000357.jpg,https://cdn.shopify.com/s/files/1/0871/0950/files/Mild-Green-Chile-Hatch-Chile-Seeds_1024x1024.jpg?v=1554239435
000358.jpg,https://www.kingsseeds.co.nz/site/kingseeds-2019/images//items/3495.jpg
000359.jpg,https://gran.luchito.com/wp-content/uploads/2014/05/arbol-mexican-chilli.jpg
000360.jpg,https://kcdgarden.com/varieties/155/Aji%20Dulce%20%20Pepper%20mulato%20greengroup.jpg?width=730&height=500&mode=crop&format=jpg&quality=65
000361.jpg,https://www.spicejungle.com/media/catalog/product/cache/2/small_image/295x/040ec09b1e35df139433887a97daa66f/t/h/thai-chiles_2.jpg
000362.jpg,https://usercontent2.hubstatic.com/8798439_f496.jpg
000363.jpg,https://tomatenfinden.de/media/catalog/product/cache/1/image/b0586ecaa6fc9ee05f860fc40d5c3082/t/s/tschechischer-fru_her-blockpaprika-0794klein.jpg.jpg
000364.jpg,https://media-cdn.tripadvisor.com/media/photo-s/12/f2/b4/82/oysters-samba-an-absolute.jpg
000365.jpg,https://upload.wikimedia.org/wikipedia/commons/thumb/6/69/BhutJolokia09_Asit.jpg/1200px-BhutJolokia09_Asit.jpg
000366.jpg,http://www.helengraves.co.uk/wp-content/uploads/2016/09/Chillies.jpg
000367.jpg,https://thecheapgourmet.typepad.com/.a/6a00d834526a4d69e2014e61097192970c-320wi
000368.jpg,https://aztecmexicanproductsandliquor.com.au/wp-content/uploads/1970/01/dried-california-400x400.jpg
000369.jpg,http://www.diversivore.com/wp-content/uploads/2018/05/Chipotle-meco-chilies-square.jpg
000370.jpg,https://image.shutterstock.com/image-photo/dried-black-pasilla-chili-pepper-260nw-428993995.jpg
000371.jpg,https://www.mexicoinmykitchen.com/wp-content/uploads/2018/08/Ancho-Arbol-Chile-Salsa-3.jpg
000372.jpg,https://www.thespruceeats.com/thmb/Gn3VZGCS7L6_jzfzAIOpCEkDg5Q=/425x326/filters:no_upscale():max_bytes(150000):strip_icc()/New-Mexico-Chiles-57dd90463df78c9cce331b3e.jpg
000373.jpg,https://www.rareseeds.com/assets/1/14/DimRegular/BUENA-MULATA-PEPPER-WILLIAm-WOYS.jpg
000374.jpg,https://www.chilipeppermadness.com/wp-content/uploads/2019/09/Sonoran-Peppers.jpg
000375.jpg,https://i5.walmartimages.com/asr/3ef6835b-403f-47f7-9687-cb986cc78cc6_1.0d11f2eeed98876650754c9f289a94ec.png
000376.jpg,https://cdn.shopify.com/s/files/1/0871/0950/products/puyapepperpicfrompkt_1024x1024.jpg?v=1554244044
000377.jpg,https://0201.nccdn.net/1_2/000/000/127/547/08214ab3478d4d1b9b1865496acd3a8e-500x500.jpg
000378.jpg,https://www.mestizomarket.com/media/catalog/product/cache/1/image/1200x/9df78eab33525d08d6e5fb8d27136e95/8/8/88_morita.jpg
000379.jpg,https://www.seedsbydesign.com/_ccLib/image/plants/THUM-1918.jpg
000380.jpg,https://comercialmexicanaint.com/wp-content/uploads/2019/01/CM76-1.jpg
000381.jpg,https://image.isu.pub/180924140047-5145cdc7185ce36174d378e366f90ed0/jpg/page_32.jpg
000382.jpg,https://www.mex-al.de/shop/media/images/popup/001032.jpg
000383.jpg,https://www.pepperscale.com/wp-content/uploads/2016/09/Poblano-Pepper-Planting-768x404.jpg
000384.jpg,https://i.ytimg.com/vi/YEUHMdIhipo/hqdefault.jpg
000385.jpg,https://macore.com/categories/stream_tag/D3V2720.jpg
000386.jpg,https://s.yimg.com/aah/mex-grocer/the-poblano-chile-enchiladas-de-mole-15.gif
000387.jpg,https://upload.wikimedia.org/wikipedia/commons/thumb/0/03/Carolina_Reaper_pepper_pods.jpg/1200px-Carolina_Reaper_pepper_pods.jpg
000388.jpg,https://static.wixstatic.com/media/d45f52_a798b138fedc40b5a078e128146b2f3b~mv2_d_4672_2628_s_4_2.jpg/v1/fill/w_784,h_441,al_c,q_90/d45f52_a798b138fedc40b5a078e128146b2f3b~mv2_d_4672_2628_s_4_2.webp
000389.jpg,https://i2.wp.com/www.foodrepublic.com/wp-content/uploads/2016/11/paprika_main.jpg?resize=480%2C%20270&ssl=1
000390.jpg,https://www.cayennediane.com/wp-content/uploads/Thai-Peppers-300x300.jpg
000391.jpg,http://www.ecoseeds.com/PEPPER38.JPG
000392.jpg,https://www.ukchilliseeds.co.uk/ekmps/shops/chilliwizard/images/serenade-chilli-10-seeds-1038-1-p[ekm]360x360[ekm].jpg
000393.jpg,https://gardeningkiwi.files.wordpress.com/2017/04/20170413_140202.jpg?w=604
000394.jpg,https://www.highmowingseeds.com/media/catalog/product/cache/b881baec66cfad522cf6fcf51bd9a7b2/2/7/2782.jpg
000395.jpg,https://kcdgarden.com/varieties/155/images/Aji%20Ducle%20%20Mulato%20Green%20Group%20Pepper%20Farm.jpg?width=400&height=270&mode=crop&format=jpg&quality=65
000396.jpg,https://www.seriouseats.com/images/2015/01/20150205-how-to-clean-chilies-01-625x469.jpg
000397.jpg,http://coinclassifier.club/wp-content/uploads/2019/07/guajillo-plant-seed-seed-trinity-mole-seed-holy-trinity-mole-seed-3-pk-mulato-planta-medicinal-nombre-cientifico.jpg
000398.jpg,https://pbs.twimg.com/media/EBIbVAnXkAEf5oS.jpg
000399.jpg,https://ssl.c.photoshelter.com/img-get/I0000zChp0THOBEo/s/750/750/Chili-Peppers-jww.jpg
000400.jpg,https://www.finecooking.com/app/uploads/cms/uploadedimages/images/cooking/articles/issues_71-80/fc073wa064-02_xlg.jpg
000401.jpg,https://www.mexicanplease.com/wp-content/uploads/2019/02/Pasilla-Chile-Salsa-graphic.jpg
000402.jpg,https://0201.nccdn.net/1_2/000/000/0d0/666/Pepper-Flaming-Flare-AAS-535x535.jpg
000403.jpg,https://assets.epicurious.com/photos/5baa644112c8f517ba93335e/6:4/w_1600%2Cc_limit/shutterstock_233373640.jpg
000404.jpg,https://media.istockphoto.com/photos/mexican-pepper-chorus-picture-id171555260?k=6&m=171555260&s=612x612&w=0&h=R5C_AlEoButQvtNbhHGHUBsTO_Ev2dQhI3Tx34ZZ0LY=
000405.jpg,https://tucsonfoodie.com/wp-content/uploads/2019/07/TF-chiles-pepper-guajillo-4180-1024x683.jpg
000406.jpg,http://resizer.shared.arcpublishing.com/xrC5DVGKgZHLix6ZDK4RdTZzUkM=/arc-anglerfish-arc2-prod-bonnier/public/DXZ4COQQCJPXLHBLV2HSZMTOHA.jpg
000407.jpg,https://www.cayennediane.com/wp-content/uploads/Ghost-Peppers-300x300.jpg
000408.jpg,https://q7i2y6d5.stackpathcdn.com/wp-content/uploads/2019/04/hot-pepper-harvest-400x267.jpg
000409.jpg,https://www.seedsbydesign.com/_ccLib/image/plants/THUM-1981.jpg
000410.jpg,https://www.rickbayless.com/wp-content/uploads/2014/01/mulato_V1_hero.jpg
000411.jpg,http://www.ecoseeds.com/PEPPER14.JPG
000412.jpg,https://www.chilipeppermadness.com/wp-content/uploads/2013/09/Espanola-Pepper.jpg
000413.jpg,https://www.thespruceeats.com/thmb/0otFGFQiEQTldeqRWk1F7sBb5Ks=/425x326/filters:no_upscale():max_bytes(150000):strip_icc()/7645547300_f69cbeb383_k-588597cf3df78c2ccdf1fdf1.jpg
000414.jpg,https://ih.constantcontact.com/fs085/1101647035633/img/544.jpg?a=1109132555367
000415.jpg,https://www.mex-al.de/shop/media/images/popup/020194.jpg
000416.jpg,http://www.diversivore.com/wp-content/uploads/2018/05/Pasilla-chilies-square.jpg
000417.jpg,https://kcdgarden.com/varieties/155/images/Aji%20Cachucha%20mulato%20green%20group%20pepper%20farm.jpg?width=400&height=270&mode=crop&format=jpg&quality=65
000418.jpg,https://0201.nccdn.net/1_2/000/000/0eb/d3c/Pepper-Hot-Sunset-AAS-800x800.jpg
000419.jpg,https://pbs.twimg.com/media/DdY2zGlVAAE2ZAj.jpg
000420.jpg,https://www.chilipeppermadness.com/wp-content/uploads/2019/05/Anaheim-Peppers.jpg
000421.jpg,https://media.istockphoto.com/photos/mexican-pepper-on-white-picture-id174748457?k=6&m=174748457&s=612x612&w=0&h=tOnsdcdJueqSaD2cRXy62Rk4t0W-Y_scflKFbg77zFc=
000422.jpg,https://d1j7n9gc77msrx.cloudfront.net/spice/wp-content/uploads/chipotle-peppers-dried.jpg
000423.jpg,https://www.thespruceeats.com/thmb/YmWzDXAJPidxwghTesWrQPJkZMU=/425x326/filters:no_upscale():max_bytes(150000):strip_icc()/anaheim-chiles-574c716b5f9b5851655975bc.jpg
000424.jpg,https://0201.nccdn.net/1_2/000/000/092/f3b/Pepper-habanero-Roulette-800x800.jpg
000425.jpg,https://macore.com/categories/stream_tag/EB5V2720.jpg
000426.jpg,https://usercontent1.hubstatic.com/7422394_f496.jpg
000427.jpg,https://upload.wikimedia.org/wikipedia/commons/d/d2/Capsicum_annuum_-_K%C3%B6hler%E2%80%93s_Medizinal-Pflanzen-027.jpg
000428.jpg,https://www.cayennediane.com/wp-content/uploads/2014/06/Aci-Sivri-Pepper-300x300.jpg
000429.jpg,http://www.ecoseeds.com/PEPPER26.JPG
000430.jpg,https://www.chilipeppermadness.com/wp-content/uploads/2018/10/Chili-Colorado-Chili-Peppers.jpg
000431.jpg,http://www.diversivore.com/wp-content/uploads/2018/05/Arbol-chilies-square.jpg
000432.jpg,https://www.spicejungle.com/media/catalog/product/cache/2/small_image/295x/040ec09b1e35df139433887a97daa66f/d/r/dried-puya-chiles.jpg
000433.jpg,https://tucsonfoodie.com/wp-content/uploads/2019/07/TF-chiles-pepper-puya-4181-1024x683.jpg
000434.jpg,http://4.bp.blogspot.com/-QDBjhKftQjY/Uj8LkveKksI/AAAAAAAAAiE/TfJ_sn24PbY/s1600/Doms+Chillies.jpg
000435.jpg,https://www.cayennediane.com/wp-content/uploads/Hidalgo-Chili-Pepper-300x300.jpg
000436.jpg,http://www.ecoseeds.com/PEPPER25.JPG
000437.jpg,https://lacocinahistorica.files.wordpress.com/2014/12/dscn0273.jpg
000438.jpg,https://www.cayennediane.com/wp-content/uploads/Barkers-Hot-pepper-300x300.jpg
000439.jpg,https://upload.wikimedia.org/wikipedia/commons/8/8e/Hungarian_wax_pepper.jpg
000440.jpg,https://www.cayennediane.com/wp-content/uploads/Bahamian-Bird-Pepper-300x300.jpg
000441.jpg,http://www.ecoseeds.com/PEPPER55.JPG
000442.jpg,https://www.cayennediane.com/wp-content/uploads/Spanish-Naga-300x300.jpg
000443.jpg,http://www.ecoseeds.com/PEPPER20.JPG
000444.jpg,http://www.ecoseeds.com/pepper13.JPG
000445.jpg,https://www.cayennediane.com/wp-content/uploads/Super-Chili-2-300x300.jpg
000446.jpg,https://upload.wikimedia.org/wikipedia/commons/thumb/9/97/Scotch_bonnet_chili_pepper.jpg/1200px-Scotch_bonnet_chili_pepper.jpg
000447.jpg,http://www.ecoseeds.com/PEPPER62.JPG
000448.jpg,http://www.ecoseeds.com/PEPPER64.JPG
000449.jpg,http://www.ecoseeds.com/PEPPER31.JPG
000450.jpg,http://www.foodsubs.com/Photos/driedchiles-puya.jpg
000451.jpg,https://www.picclickimg.com/d/l400/pict/264079324513_/Ghost-Bhut-Jolokia-Chocolate-Hot-Pepper-Organic-Non-GMO.jpg
000452.jpg,https://www.kingsseeds.co.nz/site/kingseeds-2019/images//items/8080A.jpg
000453.jpg,https://www.pepperscale.com/wp-content/uploads/2014/11/Mulato-Pepper.jpg
000454.jpg,https://www.premierseedsdirect.com/wp-content/uploads/2017/02/pepper-mulato-isleno.jpg
000455.jpg,http://ukchilliseeds.co.uk/ekmps/shops/chilliwizard/images/mulato-isleno-chilli-pepper-seeds-x-10-%5B2%5D-460-p.jpg
000456.jpg,http://www.anniesannuals.com/signs/p%20-%20r/images/pepper_mulato_isleno.jpg
000457.jpg,http://ukchilliseeds.co.uk/ekmps/shops/chilliwizard/images/mulato-isleno-chilli-pepper-seeds-x-10-460-p.jpg
000458.jpg,https://static.thespicehouse.com/images/file/321/large_square_Mulato_Dried_Chili_Peppers__close.jpg
000459.jpg,http://www.ukchilliseeds.co.uk/ekmps/shops/chilliwizard/images/mulato-isleno-chilli-pepper-seeds-x-10-[3]-460-p.jpg
000460.jpg,https://cdn.shopify.com/s/files/1/0200/5036/products/Mulato_2.jpg
000461.jpg,http://www.croatianseeds-store.com/images/stories/virtuemart/product/MulatoIsleno3.jpg
000462.jpg,https://www.spicejungle.com/media/catalog/product/cache/2/image/600x600/9df78eab33525d08d6e5fb8d27136e95/m/u/mulato_chile_peppers_2_2.jpg
000463.jpg,http://farm9.staticflickr.com/8157/7653453308_ed97711c99_z.jpg
000464.jpg,https://d1j7n9gc77msrx.cloudfront.net/spice/wp-content/uploads/chile-mulato-peppers-dried-e1486844781846.jpg
000465.jpg,http://www.seaspringseeds.co.uk/blog/wp-content/uploads/2012/12/Poblano-1.jpg
000466.jpg,https://jerry2point0.files.wordpress.com/2012/03/mulato_isleno_pepper_sm.jpg
000467.jpg,http://www.edenbrothers.com/store/media/Seeds-Vegetables/SVPEP136-1.jpg
000468.jpg,https://www.magicgardenseeds.com/pics/mgs/CAP02/1000/Poblano-Mulato-chili-pepper-(Capsicum-annuum).jpg
000469.jpg,https://www.cayennediane.com/wp-content/uploads/Mulato-Chili.jpg
000470.jpg,https://www.gardeningknowhow.com/wp-content/uploads/2018/03/mulato-peppers-1-400x266.jpg
000471.jpg,https://www.spicesinc.com/images/product/large/1647.jpg
000472.jpg,http://www.organikplants.com/images/705955_pepper_poblano_mulato_isleno.jpg
000473.jpg,https://shop.westlandpeppers.com/wp-content/uploads/2017/07/gedroogde_mulato_westlandpeppers-2.jpg
000474.jpg,https://i.pinimg.com/736x/ff/84/45/ff8445a1774e3725313eb359b0d014ee--chile-mulato-cousins.jpg
000475.jpg,https://images.bonanzastatic.com/afu/images/2960/2007/86/1lb_1.jpg
000476.jpg,https://cdn1.bigcommerce.com/server700/5mvrqhbm/products/122/images/149495/mulato-isleno-pepper-x__22290.1515459331.1280.1280.jpg
000477.jpg,http://www.grow-it-organically.com/images/chile-mulato-isleno2-l.jpg
000478.jpg,https://images.bonanzastatic.com/afu/images/2960/1787/98/8OZ_-_copia.jpg
000479.jpg,https://images.bonanzastatic.com/afu/images/2960/1786/59/4OZ_-_copia.jpg
000480.jpg,http://i2.wp.com/www.tartqueenskitchen.com/wp-content/uploads/2013/11/IMG_1123.jpg
000481.jpg,http://www.chileplants.com/images/chiles/mulato-isleno-pepper-seeds.jpg
000482.jpg,https://img.etsystatic.com/il/0f55bd/308233129/il_570xN.308233129.jpg
000483.jpg,https://images.bonanzastatic.com/afu/images/2960/2006/51/1.jpg
000484.jpg,https://cdn.shopify.com/s/files/1/0148/1945/9126/products/rZ7L4ZcXaD6q0bZ_LEjdMmefmEFUxQDzADa8kqCGDmiiw7fL6Xh0273qXjdKU6E3d0GJ8LySAFA_w615-h615_400x.jpg
000485.jpg,https://www.spicejungle.com/media/catalog/product/cache/2/image/480x480/9df78eab33525d08d6e5fb8d27136e95/d/r/dried_mulato_chiles_2_2.jpg
000486.jpg,http://pakistanhydroponics.com/wp-content/uploads/2018/01/Growing-Carolina-Reaper-Pepper-Worlds-Hottest-Pepper-Mulato-Isleno-Pepper-Chocolate-Bell.jpg
000487.jpg,http://i1.wp.com/www.tartqueenskitchen.com/wp-content/uploads/2013/11/IMG_1113.jpg
000488.jpg,https://www.semillas.de/pepper_fruits/ancho_mulato.jpg
000489.jpg,https://gourmet-shop.lv/image/cache/catalog/Cool%20Chile/cool-chile-product-whole-mulato-v2-1200x1200.jpg
000490.jpg,https://s-media-cache-ak0.pinimg.com/736x/0f/47/b6/0f47b667cb3868f0c40dff0a060f3cdf.jpg
000491.jpg,https://s-media-cache-ak0.pinimg.com/736x/63/00/1e/63001e7b07dedd0f5979f0f703660632.jpg
000492.jpg,https://www.kitchengardenseeds.com/media/catalog/product/cache/1/thumbnail/0dc2d03fe217f8c83829496872af24a0/3/6/3612_1.jpg
000493.jpg,http://benitosmexican.com/wp-content/uploads/2017/07/iStock-516819620.jpg
000494.jpg,https://gourmet-shop.lv/image/cache/catalog/Cool%20Chile/cool-chile-packshots-whole-mulato-1-1200x1200.jpg
000495.jpg,https://farm5.staticflickr.com/4037/4420445973_e64e7d642f.jpg
000496.jpg,https://s-media-cache-ak0.pinimg.com/736x/54/19/38/54193886c818214a1ebd00074309c205.jpg
000497.jpg,https://pics.davesgarden.com/pics/2007/10/11/aries44/60664c.jpg
000498.jpg,https://i.pinimg.com/736x/8e/cc/ff/8eccff54f72010d10a5d4816fcda310b--chile-mulato-coriander-seeds.jpg
000499.jpg,https://www.magicgardenseeds.com/pics/mgs/CAP02/1/1000/Poblano-Mulato-chili-pepper-(Capsicum-annuum)_1.jpg
000500.jpg,http://www.diversivore.com/wp-content/uploads/2016/06/Mulato-Chilies-feature.jpg
000501.jpg,http://www.fooduniversity.com/foodu/produce_c/producereference/Resources/Field%20Veg/peppers/image/Ancho.jpg
000502.jpg,https://live.staticflickr.com/3264/2833803553_4c4b0f95a6.jpg
000503.jpg,https://i.pinimg.com/736x/a4/16/c8/a416c884ad690982dd02f5ea7b83e5cd--chile-mulato.jpg
000504.jpg,http://i1282.photobucket.com/albums/a521/thirdcoasttx/20130819_171746_zps64743928.jpg
000505.jpg,https://i.pinimg.com/736x/5e/15/c5/5e15c5cb36ae34013fb7ff4d2eb700d7--chile-mulato-salsa-roja.jpg
000506.jpg,http://www.erbeincucina.it/schede/mulatoisleno1.jpg
000507.jpg,http://benitosmexican.com/wp-content/uploads/2017/07/iStock-182029627.jpg
000508.jpg,http://www.pimentsforts.com/images/2014/mulato_10_sept_04.jpg
000509.jpg,https://i.pinimg.com/736x/b3/a8/b5/b3a8b5e2ce6f38af1b61d0e34afc7651--chilli-homesteading.jpg
000510.jpg,http://i2.wp.com/www.tartqueenskitchen.com/wp-content/uploads/2013/11/IMG_11042.jpg
000511.jpg,https://i.pinimg.com/736x/d0/7f/6b/d07f6b6c0ca79e22de5d3dbc7a06ac05--chile-mulato-chiles.jpg
000512.jpg,https://sallypepperblog.files.wordpress.com/2017/06/sally-pepper-spices-tienda-de-especias-y-chiles-en-madrid-receta-salsa-mole-mc3a9xico-1000-x-562.jpg
000513.jpg,http://members.chello.nl/j.pulido1/Chiles/substitute_/chilessecos1.jpg
000514.jpg,https://www.infiniteherbs.com/wp-content/uploads/2018/02/poblano_new_4.jpg
000515.jpg,http://i2.wp.com/www.tartqueenskitchen.com/wp-content/uploads/2013/11/IMG_1102.jpg
000516.jpg,https://acimg.auctivacommerce.com/imgdata/0/1/4/8/9/9/webimg/1675040.jpg
000517.jpg,https://c8.alamy.com/comp/JR5MT5/ancho-mulato-dark-dried-poblano-chile-peppers-whole-clipping-path-JR5MT5.jpg
000518.jpg,http://i1282.photobucket.com/albums/a521/thirdcoasttx/20130819_171758_zps1f4cd563.jpg
000519.jpg,http://members.chello.nl/j.pulido1/Chiles/substitute_/chilesfrescos3.jpg
000520.jpg,http://wlthomas.www3.50megs.com/chilesfrescos1.jpg
000521.jpg,https://i.pinimg.com/originals/5d/46/c9/5d46c93d0c241d23893a7a76d0a64f69.jpg
000522.jpg,https://s-media-cache-ak0.pinimg.com/236x/5d/46/c9/5d46c93d0c241d23893a7a76d0a64f69.jpg
000523.jpg,https://cdn.shopify.com/s/files/1/0188/0032/products/poblano-mulato-whole-dried-chile-3-oz-all-natural-chiles-heat-level-02-los-chileros-spicepeppers-chilly-largest-selection-of-hot-sauce-in-canada-flavor_817_580x@2x.jpg
000524.jpg,https://i.pinimg.com/736x/d0/85/00/d085000a04d20de5bd0ab9b5d5ed1bb2--food-posters-kitchen-art.jpg
000525.jpg,https://i.pinimg.com/originals/29/1d/ed/291ded0accf18d55370647b618ec7100.jpg
000526.jpg,https://thumb1.shutterstock.com/display_pic_with_logo/2124014/688431508/stock-photo-ancho-mulato-dark-dried-poblano-chile-peppers-whole-clipping-path-for-each-pod-688431508.jpg
000527.jpg,https://cdn.shopify.com/s/files/1/0148/1945/9126/products/rZ7L4ZcXaD6q0bZ_LEjdMmefmEFUxQDzADa8kqCGDmiiw7fL6Xh0273qXjdKU6E3d0GJ8LySAFA_w615-h615_1200x1200.jpg
