image,source
000001.jpg,http://www.chiliszoszok.hu/img/7378/482301/400x400/482301.jpg
000002.jpg,http://www.chiliszoszok.hu/img/7378/482301_altpic_1/482301_altpic_1.jpg?time=1477916751
000003.jpg,https://www.seminka-chilli.cz/fotografie/max/naga-morich-69-0.jpg
000004.jpg,https://chilitermesztes.files.wordpress.com/2017/05/naga-morich_lg.jpg?w=371&h=246
000005.jpg,https://upload.wikimedia.org/wikipedia/commons/8/8b/Naga_jolokia_chili.jpg
000006.jpg,https://pepperhead.com/wp-content/uploads/2016/12/Naga-Morich-e1529429814793.jpg
000007.jpg,https://www.seminka-chilli.cz/fotografie/max/naga-morich-69-2.jpg
000008.jpg,http://cdn.shopify.com/s/files/1/0679/7951/products/naga-morich-chilli-seeds_grande.jpg?v=1484395829
000009.jpg,https://chilitermesztes.files.wordpress.com/2017/05/naga-morich-324-500x500-e1497176159651.jpg?w=616
000010.jpg,https://chilli-seedz.com/wp-content/uploads/2018/03/Naga-Morich-bunch-Small-900x900.jpg
000011.jpg,https://cdn11.bigcommerce.com/s-f6cx4kq/images/stencil/1280x1280/products/178/1126/naga_morich_pepper__85862.1549150630.jpg?c=2&imbypass=on
000012.jpg,https://images-na.ssl-images-amazon.com/images/I/51z8x7AOaHL._SX425_.jpg
000013.jpg,https://images-na.ssl-images-amazon.com/images/I/51pfPsSOfOL._SX522_.jpg
000014.jpg,https://www.seminka-chilli.cz/fotografie/max/naga-morich-69-1.jpg
000015.jpg,https://www.superhotchiles.com/wp-content/uploads/2018/04/Naga-Morich-Pepper-seeds.jpg
000016.jpg,https://i.ytimg.com/vi/SwtqsXPLrcI/maxresdefault.jpg
000017.jpg,https://images-na.ssl-images-amazon.com/images/I/612oBU9FAPL._SY550_.jpg
000018.jpg,https://www.chileseeds.co.uk/wp-content/uploads/2016/10/nagamorichchilli.jpg
000019.jpg,http://www.htpepper.com/wp-content/uploads/2015/11/NagaMorich01.jpg
000020.jpg,https://www.magicgardenseeds.com/pics/mgs/1232/1000/Very-Hot-Chili-Pepper-'Naga-Morich'-(Capsicum-chinense).jpg
000021.jpg,https://www.gazdabolt.hu/175779-large_default/naga-morich-pepperoni-rendkivul-csipos-kb-10-20-szem.jpg
000022.jpg,https://www.seminka-chilli.cz/fotografie/max/naga-morich-69-3.jpg
000023.jpg,https://cdn1.bigcommerce.com/server700/5mvrqhbm/products/112/images/147361/naga_morich_pepper__52170.1501738252.1280.1280.JPG?c=2
000024.jpg,http://www.htpepper.com/wp-content/uploads/2015/09/SB-x-NagaMorich01.jpg
000025.jpg,https://images.obi.hu/product/HU/412x329/403652_1.jpg
000026.jpg,https://previews.123rf.com/images/bdspn/bdspn1309/bdspn130900015/22035966-bhut-jolokia-chili-pepper-or-the-naga-morich-of-bangladesh.jpg
000027.jpg,https://neveldfel.cdn.shoprenter.hu/custom/neveldfel/image/cache/w550h550wt1/STOCK%20k%C3%A9pek/Naga%20Morich.jpg?lastmod=1539542833.1482238000
000028.jpg,https://www.chili-shop24.com/media/image/e6/a8/7c/102331_01_600x600.jpg
000029.jpg,https://thehippyseedcompany.com/wp-content/uploads/2017/06/Naga-Morich-web-2.jpg
000030.jpg,https://i.ebayimg.com/images/g/bHAAAOSwWXFdRlyA/s-l300.jpg
000031.jpg,https://tedfo.com/wp-content/uploads/naga_morich.jpg
000032.jpg,https://p1.akcdn.net/full/558888711.blumen-naga-morich-pepperoni-rendkivul-csipos.jpg
000033.jpg,https://previews.123rf.com/images/snparvin14/snparvin141705/snparvin14170500012/78067756-slices-bhut-jolokia-chili-pepper-or-naga-morich-over-white-background.jpg
000034.jpg,https://i.etsystatic.com/11551982/r/il/150993/1113227313/il_570xN.1113227313_aovj.jpg
000035.jpg,https://www.fataliiseeds.net/wp-content/uploads/fromoldsite/naga2010-800x800.jpg
000036.jpg,https://cdn.dtbrownseeds.co.uk/product-images/op/d/CHI-012d.jpg
000037.jpg,https://www.chileplants.com/images/chiles/naga-morich-pepper-plants.jpg
000038.jpg,https://images-na.ssl-images-amazon.com/images/I/91jiItJ4geL._SX425_.jpg
000039.jpg,https://www.ingegnoli.it/media/catalog/product/cache/2/image/1000x1000/e9c3970ab036de70892d86c6d221abfe/1/6/1659-peperoncino-naga-morich.jpg
000040.jpg,https://comps.canstockphoto.com/dorset-naga-pepper-cchinense-top-stock-images_csp63356751.jpg
000041.jpg,https://trademe.tmcdn.co.nz/photoserver/full/631633160.jpg
000042.jpg,http://cdn.shopify.com/s/files/1/1654/8555/products/Naga_Morich_54_b_1024x1024.jpg?v=1542198190
000043.jpg,https://www.worldseedsupply.com/wp-content/uploads/2014/08/nagas.jpg
000044.jpg,https://www.pepperscale.com/wp-content/uploads/2015/01/naga-morich-1.jpg
000045.jpg,https://static.artfire.com/uploads/mfs/items/3b/a6/large/3ba60255cdcf77f7c68a91d618204b782445102076ce345922362c0193f3e6bd.jpg
000046.jpg,https://www.mondopiante.com/332-large_default/naga-morich-chili-seeds.jpg
000047.jpg,https://previews.123rf.com/images/tehcheesiong/tehcheesiong1208/tehcheesiong120800001/15041092-world-hottest-bhut-jolokia-chili-pepper-or-the-naga-morich.jpg
000048.jpg,http://www.bountifulseeds.com/127-large/naga-morich.jpg
000049.jpg,https://www.chilipeppermadness.com/wp-content/uploads/2019/08/Naga-Morich-Pepper.jpg
000050.jpg,https://www.kerneliv.dk/2226-large_default/chili-pepper-naga-morich-.jpg
000051.jpg,https://i.ebayimg.com/images/g/JoIAAOSwDNdVl9JB/s-l300.jpg
000052.jpg,https://images.fineartamerica.com/images/artworkimages/mediumlarge/2/naga-morich-chili-peppers-jarmo-honkanen.jpg
000053.jpg,https://www.chili-shop24.com/media/image/c3/36/8f/9101_600x600.jpg
000054.jpg,https://www.semo.cz/en/wp-content/uploads/profi-zs-en-02/p2557-semo-vegetable-pepper-hot-naga-morich.jpg
000055.jpg,https://www.chileseeds.co.uk/wp-content/uploads/2016/10/nagamorichnewimprovedchilliseeds.jpg
000056.jpg,https://images-na.ssl-images-amazon.com/images/I/81GoNIovT2L._SL1500_.jpg
000057.jpg,https://thechillifactory.com/images/products/IMG_3781.jpg
000058.jpg,https://www.chillihead.co.za/image/cache/data/products/nagamorich-500x500.jpg
000059.jpg,https://professionale.saissementi.it/wp-content/uploads/sites/2/2014/08/naga-morich-e1408354338595.jpg
000060.jpg,https://rukminim1.flixcart.com/image/832/832/jmz7csw0/plant-seed/v/c/b/20-jsbj20-justseeds-original-imaf9rbbpqaykzus.jpeg?q=70
000061.jpg,https://www.pepperworldhotshop.com/out/pictures/master/product/1/nagamorich.jpg
000062.jpg,https://tedfo.com/wp-content/uploads/16117861_1437542662923716_1623946970_n-1.jpg
000063.jpg,https://chillimashcompany.com/wp-content/uploads/2018/09/IMG_1352-e1536500310941-800x800.jpg
000064.jpg,https://i.etsystatic.com/7824311/r/il/484d79/870910491/il_794xN.870910491_6ztm.jpg
000065.jpg,https://italianchilli.com/151-large_default/dried-naga-morich.jpg
000066.jpg,https://www.seminka-chilli.cz/fotografie/max/naga-morich-69-4.jpg
000067.jpg,https://m.blog.hu/na/nagamorich/image/NagaMorich/2014_Aug/IMG_0771.JPG
000068.jpg,https://fscomps.fotosearch.com/compc/CSP/CSP990/naga-morich-of-bangladesh-stock-photography__k10147405.jpg
000069.jpg,https://thehippyseedcompany.com/wp-content/uploads/2017/07/Bombay-Morich-2.jpg
000070.jpg,https://www.hottyplace.com/img/p/7/8/5/785-home_default.jpg
000071.jpg,https://www.seeds-gallery.shop/1958-large_default/habanero-naga-morich-seeds.jpg
000072.jpg,https://images.fineartamerica.com/images/artworkimages/mediumlarge/2/naga-morich-chili-pepper-jarmo-honkanen.jpg
000073.jpg,https://image.shutterstock.com/image-photo/red-naga-morich-chili-peppers-600w-1242234967.jpg
000074.jpg,https://cdn.shopify.com/s/files/1/1022/5071/products/white-ghost-chili-bhut-jolokia-also-known-as-naga-jolokia-naga-morich-or-the-ghost-chili-organic-seeds-world-s-hottest-pepper-1.jpg?v=1565032482
000075.jpg,https://i.etsystatic.com/18891878/r/il/d4c6a3/1737220621/il_570xN.1737220621_m0gp.jpg
000076.jpg,https://i.ytimg.com/vi/tz8Vc8CsrZ0/maxresdefault.jpg
000077.jpg,https://i.ebayimg.com/images/g/spsAAOSwRxpcvaC6/s-l300.jpg
000078.jpg,https://images.fineartamerica.com/images-medium-large-5/4-naga-morich-jari-hindstroem.jpg
000079.jpg,https://www.plantasia.co.uk/images/stories/virtuemart/product/sku_cp16.jpg
000080.jpg,https://www.hydroponics.eu/officinal-medical-vegetables-and-chilli-pepper-seeds/chilli-seeds-bank/vogliapiccante-pepper-seeds-naga-morich~Img_Principale_34089.jpg
000081.jpg,https://previews.123rf.com/images/snparvin14/snparvin141705/snparvin14170500011/78130478-fresh-bhut-jolokia-chili-pepper-or-naga-morich-over-white-background.jpg
000082.jpg,https://www.exotic-seeds.store/1957-home_default/habanero-naga-morich-seeds.jpg
000083.jpg,https://i.pinimg.com/originals/8f/43/eb/8f43eba292bd22cb6b9c0893d067ee2d.jpg
000084.jpg,https://images-na.ssl-images-amazon.com/images/I/51VQcnS1D%2BL._SX385_.jpg
000085.jpg,https://static.artfire.com/uploads/mfs/items/78/d1/large/78d1dadbe0618546d6aa803e7b74df5613d06d7aea0c4c42c290f58a62c7de96.jpg
000086.jpg,https://www.chili-shop24.com/media/image/52/4e/a7/9100_neu_600x600.jpg
000087.jpg,https://comps.canstockphoto.com/naga-morich-of-bangladesh-stock-image_csp10147463.jpg
000088.jpg,https://www.crushpixel.com/static12/preview2/naga-morich-chili-pepper-808663.jpg
000089.jpg,https://ukrainianstuff.com/2716-large_default/naga-morich-chili-pepper-seeds-1-pack.jpg
000090.jpg,http://cdn.shopify.com/s/files/1/2165/3209/products/imagejpg_0f3e15de-a748-4169-971e-7e36e4d36054_1200x1200.jpg?v=1556472503
000091.jpg,https://www.chileseeds.co.uk/wp-content/uploads/2016/10/KingNagachilliseeds.jpg
000092.jpg,https://www.pepperworldhotshop.com/out/pictures/master/product/1/nagamorich(1).jpg
000093.jpg,https://live.staticflickr.com/3510/4018851973_fe71180816_b.jpg
000094.jpg,https://mh-1-stockagency.panthermedia.net/media/previews/0026000000/26830000/26830583_high.jpg
000095.jpg,https://www.decariashop.it/121502/the-plant-of-hot-pepper-naga-morich-in-a-jar.jpg
000096.jpg,https://c8.alamy.com/comp/D1Y589/bhut-jolokia-chili-pepper-or-the-naga-morich-of-bangladesh-D1Y589.jpg
000097.jpg,https://upload.wikimedia.org/wikipedia/commons/6/69/BhutJolokia09_Asit.jpg
000098.jpg,https://vitiveto.cdn.shoprenter.hu/custom/vitiveto/image/cache/w955h500/semo/naga-morich-.jpg?lastmod=1546971620.1482236000
000099.jpg,http://www.chileplanet.eu/schede/pepper/Naga%20Morich-2.jpg
000100.jpg,https://www.plantasia.co.uk/images/stories/virtuemart/product/Naga3.jpg
000101.jpg,https://live.staticflickr.com/4115/4938177239_251c41def4_b.jpg
000102.jpg,https://cdn.shopify.com/s/files/1/1022/5071/products/purple-ghost-pepper-seeds-bhut-jolokia-aka-naga-jolokia-naga-morich-1.jpg?v=1565030931
000103.jpg,https://st.depositphotos.com/1009329/3820/i/950/depositphotos_38204259-stock-photo-bhut-jolokia-chili-pepper-or.jpg
000104.jpg,https://images-na.ssl-images-amazon.com/images/I/51q6IQBvAYL._SX466_.jpg
000105.jpg,https://comps.canstockphoto.com/naga-morich-of-bangladesh-stock-images_csp10147352.jpg
000106.jpg,https://media.istockphoto.com/photos/fresh-bhut-jolokia-chili-pepper-or-naga-morich-picture-id691946022
000107.jpg,https://cdn11.bigcommerce.com/s-cg0adf/images/stencil/1280x1280/products/1329/3663/Naga_Morich_Chocolate__56862.1555751128.jpg?c=2&imbypass=on
000108.jpg,https://webimg.secondhandapp.com/w-i-mgl/5cfcbf9aba03b3412258f6a7
000109.jpg,https://www.ilikeseeds.com/assets/full/CNagaM20.jpg?1504011699
000110.jpg,https://www.seminka-chilli.cz/fotografie/max/naga-morich-69-5.jpg
000111.jpg,https://i.etsystatic.com/11551982/r/il/98f966/1767269607/il_570xN.1767269607_lq9s.jpg
000112.jpg,https://www.my-italian-garden.com/media/catalog/product/cache/1/image/650x/040ec09b1e35df139433887a97daa66f/b/s/bs1024_1.jpg
000113.jpg,https://previews.123rf.com/images/maxsol7/maxsol71901/maxsol7190100049/118711232-dorset-naga-or-naga-morich-peppers-capsicum-chinense-x-c-frutescens-whole-and-halved-ripe-pods.jpg
000114.jpg,https://thumbs.dreamstime.com/z/naga-morich-22738155.jpg
000115.jpg,http://staging.superhotchiles.com/wp-content/uploads/2018/07/Naga_Morich_10-600x400.jpg
000116.jpg,https://www.fruttaweb.com/12677-medium_default/peperoncino-naga-morich-jolokia-rosso-fresco-.jpg
000117.jpg,https://www.pepperworldhotshop.com/out/pictures/master/product/1/naga-morich-pj409-1.jpg
000118.jpg,https://neveldfel.cdn.shoprenter.hu/custom/neveldfel/image/cache/w900h500wt1/ujstock/naga-chilli.jpg?lastmod=1548523062.1482238000
000119.jpg,https://fscomps.fotosearch.com/compc/CSP/CSP991/naga-morich-stock-image__k11734930.jpg
000120.jpg,https://previews.agefotostock.com/previewimage/medibigoff/009bb56230a0f0588efba835171a75f6/gwg-wkc1767.jpg
000121.jpg,http://nagamorich.blog.hu/media/image/Naga%20Morich2.JPG
000122.jpg,https://images.fineartamerica.com/images-medium-large-5/3-naga-morich-jari-hindstroem.jpg
000123.jpg,https://cdn.shopify.com/s/files/1/0220/1512/products/TN_Seeds_PainfullyHot_1200x1200_a32d9a12-33ad-47f1-a1ea-544fa346f65b.jpg?v=1540538740
000124.jpg,https://cdn.shopify.com/s/files/1/1654/8555/products/Naga_Morich_54_d_530x@2x.jpg?v=1542198190
000125.jpg,https://image.shutterstock.com/image-photo/naga-morich-chili-peppers-450w-1242234970.jpg
000126.jpg,https://stockgraphy.net/wp-content/uploads/edd/2019/09/Naga-Morich-Images-1024x768.jpg
000127.jpg,https://d1yn1kh78jj1rr.cloudfront.net/image/preview/HGBXqNWJ4jp6rrwcj/storyblocks-dorset-naga-or-naga-morich-pepper-capsicum-chinense-x-c-frutescens-whole-ripe-pod_rieL91OALV_SB_PM.jpg
000128.jpg,http://www.ortomio.it/public/foto_prodotti_n/pianta_da_orto_477.jpg
000129.jpg,https://tbn.bidorbuy.co.za/image/fetch/dpr_1.0,f_auto,t_btbnx/https://cdn.shopify.com/s/files/1/0200/5036/products/1893957_130422175233_00630.jpeg%3Fv=1421773389
000130.jpg,https://cdn11.bigcommerce.com/s-cg0adf/images/stencil/1280x1280/products/1229/3205/Naga_Morich_Chocolate__10655.1550747094.jpg?c=2&imbypass=on
000131.jpg,https://www.mokkimies.com/images/products/naga-kasvatuskuva5_orig.jpg
000132.jpg,https://i2.wp.com/www.peppersbymail.com/wp-content/uploads/2015/07/naga_morich.jpg?fit=1280%2C960
000133.jpg,https://www.picclickimg.com/d/l400/pict/192711839617_/Naga-Mix-Naga-Morich-Bhut-Jolokia-Super.jpg
000134.jpg,https://i.pinimg.com/originals/a1/7a/c4/a17ac44d4fdbe764dd8e9bfa797ada7f.jpg
000135.jpg,https://images06.foap.com/images/50fbff2d-7380-4349-9852-94efbced0b73/the-naga-chili-also-known-as-naga-morich-is-by-far-the-hottest-peppers-in-bangladesh-the-range-in-colors-makes-it-look-sweet-enough-to-eat-until-you-grab-a-cup-of-water-and-yogurt.jpg?filename=w1280&dw=960
000136.jpg,https://www.devonchilliman.co.uk/wp-content/uploads/2017/03/King-Naga-Morich-chilli.jpg
000137.jpg,http://cdn.shopify.com/s/files/1/1022/5071/products/pepper-seeds-bhut-jolokia-yellow-capsicum-chinense-also-known-as-naga-jolokia-naga-morich-or-the-ghost-chili-2_1024x1024.jpg?v=1565027148
000138.jpg,https://c8.alamy.com/comp/PXY7WG/naga-chili-naga-morich-chili-pepper-capsicum-chinense-naga-morich-fruit-growing-in-a-greenhouse-PXY7WG.jpg
000139.jpg,https://i.ebayimg.com/images/g/nBUAAOSwjm5dTp8M/s-l300.jpg
000140.jpg,https://thumbs.dreamstime.com/z/naga-morich-bangladesh-fresh-chilies-34075232.jpg
000141.jpg,https://cdn.shopify.com/s/files/1/1523/7044/products/NagaMorichRipeInHand_large.jpg?v=1475911521
000142.jpg,https://cdn1.foap.com/images/d24063d1-2fbd-4c23-a293-aa93ff8017c5/w640.jpg?1537867155
000143.jpg,https://rukminim1.flixcart.com/image/832/832/jn4x47k0/plant-seed/t/m/5/10-jsbj10-justseeds-original-imaf9ryvxvkbf3e5.jpeg?q=70
000144.jpg,https://imgur.com/FkWc6fi.jpg
000145.jpg,https://www.nickys-nursery.co.uk/images/VEG590.jpg
000146.jpg,https://wallsheaven.com/photos/C26844046/400/bhut-jolokia-chili-pepper-or-the-naga-morich.jpg
000147.jpg,https://www.chilliwizards.co.uk/Graphics/Std_Product_Images/naga-morich-chilli-pepper-the-true-parent-of-the-dorset-naga-10-seeds-737-p.jpg
000148.jpg,https://c1.staticflickr.com/5/4489/26267999809_622bf4be07_b.jpg
000149.jpg,https://www.portaledelverde.it/upload/catalogo/prodotti/img/watermark/20180323122752-peperoncino-naga-morich.jpg
000150.jpg,http://seedcostore.weebly.com/uploads/7/0/3/9/7039327/5260228.jpg
000151.jpg,https://i.ytimg.com/vi/gDWoTzUMYus/maxresdefault.jpg
000152.jpg,https://webimg.secondhandapp.com/w-i-mgl/5cfcbfa0af28cf2a96a23a2a
000153.jpg,https://m.blog.hu/na/nagamorich/image/2014/Aprilis/IMG_0628.JPG
000154.jpg,https://www.chilliworld.com/content/images/thumbs/0000217_naga-morich-snake-bite-original-recipe_550.jpeg
000155.jpg,https://render.fineartamerica.com/images/rendered/medium/greeting-card/images-medium-5/2-naga-morich-jari-hindstroem.jpg
000156.jpg,https://i.etsystatic.com/18891878/r/il/98a045/1737220623/il_570xN.1737220623_awie.jpg
000157.jpg,https://t4.ftcdn.net/jpg/01/65/61/17/240_F_165611750_EWqmzrwEusEl8CVSRkykwVnu7mUHK0QP.jpg
000158.jpg,https://www.maddog357.com/wp-content/uploads/2014/07/Naga-Morich.jpg
000159.jpg,https://images-na.ssl-images-amazon.com/images/I/515RQVIFO2L._SX425_.jpg
000160.jpg,https://i.redd.it/2ovck7hnpd431.jpg
000161.jpg,https://cdn-pi.niceshops.com/upload/image/product/large/default/peperita-finely-chopped-naga-morich-chillies-45-g-465355-en.jpg
000162.jpg,https://cdn11.bigcommerce.com/s-qqb56hyrha/images/stencil/original/products/2501/6755/1072-01__92975.1537644687.jpg
000163.jpg,https://www.coltivazioneindoor.it/media/catalog/product/cache/1/image/450x450/9df78eab33525d08d6e5fb8d27136e95/n/a/naga-morich.jpg
000164.jpg,https://www.peperoncinipiccanti.com/wp-content/uploads/2012/05/IMG_0081-1500x1000-1500x1000.jpg
000165.jpg,https://www.udvarmester.hu/img/38758/8006933052255/585x585,r/8006933052255.jpg
000166.jpg,https://previews.123rf.com/images/tehcheesiong/tehcheesiong1208/tehcheesiong120800003/15041093-world-hottest-bhut-jolokia-chili-pepper-or-the-naga-morich.jpg
000167.jpg,https://media.gettyimages.com/photos/bhut-jolokia-chili-pepper-or-the-naga-morich-of-bangladesh-picture-id522471745
000168.jpg,https://c8.alamy.com/comp/DDWA0E/bhut-jolokia-chili-pepper-or-the-naga-morich-of-bangladesh-DDWA0E.jpg
000169.jpg,https://comps.canstockphoto.com/bhut-jolokia-chili-peppers-stock-photo_csp19304023.jpg
000170.jpg,https://www.hottyplace.com/2254/naga-big-bang-chocolate-polvere-puro-peperoncino-piccante-estremo-vaso-vetro-10g.jpg
000171.jpg,http://i188.photobucket.com/albums/z74/Whorst/Naga.jpg
000172.jpg,https://media.gettyimages.com/photos/plant-red-naga-morich-mature-of-chili-cultivated-in-the-garden-picture-id821634746
000173.jpg,https://peperoncini.top/wp-content/uploads/2017/05/Naga-Morich.jpg
000174.jpg,https://i.pinimg.com/originals/34/0a/ec/340aece0a67adf576c979b2b560656a4.jpg
000175.jpg,https://pics.davesgarden.com/pics/2010/06/11/Quyen/1ce222.jpg
000176.jpg,https://www.ukchilliseeds.co.uk/ekmps/shops/chilliwizard/images/naga-morich-chilli-pepper-the-true-parent-of-the-dorset-naga-10-seeds-108-p.jpg
000177.jpg,https://www.venditapiccolifrutti.it/wp-content/uploads/2016/04/naga-morich.png
000178.jpg,https://www.viadellorto.it/wp-content/uploads/2019/01/via-dell-orto-spezie-toscana-polvere-11-peperita.jpg
000179.jpg,http://cdn.shopify.com/s/files/1/1022/5071/products/purple-ghost-pepper-seeds-bhut-jolokia-aka-naga-jolokia-naga-morich-2_1024x1024.jpg?v=1565030932
000180.jpg,http://i7.photobucket.com/albums/y295/thechileman/Naga_1.jpg
000181.jpg,http://s3.amazonaws.com/everystockphoto/fspid20/84/67/5/shozu-chili-chilli-84675-o.jpg
000182.jpg,https://www.trymynuts.com/thumbnail.asp?file=assets/images/mad-dog-357-naga-pepper-puree.jpg&maxx=500&maxy=0
000183.jpg,https://media.istockphoto.com/photos/bhut-jolokia-chili-pepper-or-the-naga-morich-of-bangladesh-picture-id522806079
000184.jpg,https://www.ostrakuchnia.pl/userdata/gfx/ae9fb2d217bdbcb01d58fb765ffa9aa5.jpg
000185.jpg,https://static.turbosquid.com/Preview/2014/07/09__09_02_02/naga_4.jpg608a157c-1256-40e4-ac2d-244339f74917Zoom.jpg
000186.jpg,https://d1k5w7mbrh6vq5.cloudfront.net/images/cache/8a/0c/9d/8a0c9d626ed4dc1c7b3a0f3c4868cc69.jpg
000187.jpg,https://m.blog.hu/na/nagamorich/image/NagaMorich/2014_Aug/IMG_0748.JPG
000188.jpg,https://www.ukchilliseeds.co.uk/ekmps/shops/chilliwizard/images/naga-morich-yellow-chilli-pepper-true-parent-of-the-dorset-naga-10-seeds-uk-chilli-seed-exclusive-874-p.jpg
000189.jpg,https://images-na.ssl-images-amazon.com/images/I/419jYa3iwdL._SX425_.jpg
000190.jpg,http://2.bp.blogspot.com/-_6Lb3mKWxcM/T3cL0tthVxI/AAAAAAAAA7I/b-d5_k3TqHo/s1600/DSC02724.JPG
000191.jpg,https://tse2.mm.bing.net/th?id=OIP.joEspLdvr-n74o0PlszAPwHaFj
000192.jpg,https://c8.alamy.com/comp/X211W5/naga-morich-of-bangladesh-X211W5.jpg
000193.jpg,https://webimg.secondhandapp.com/w-i-mgl/5d193c4994f974284f21a8da
000194.jpg,https://image.shutterstock.com/image-photo/capsicum-chinense-naga-morich-green-600w-676567363.jpg
000195.jpg,https://i.ebayimg.com/images/g/XKMAAOSwdSRaFKWr/s-l300.jpg
000196.jpg,https://images-eu.ssl-images-amazon.com/images/I/41Al0A5ivZL.jpg
000197.jpg,https://www.picclickimg.com/d/l400/pict/182417582583_/Black-Naga-Morich-15-Seeds-Heirloom-Hot-Chocolate.jpg
000198.jpg,https://render.fineartamerica.com/images/rendered/medium/phone-case/iphone10/images-medium-5/1-naga-morich-jari-hindstroem.jpg
000199.jpg,https://www.hottyplace.com/2255-tm_thickbox_default/naga-big-bang-chocolate-polvere-puro-peperoncino-piccante-estremo-vaso-vetro-10g.jpg
000200.jpg,https://www.mrpic.it/public/chili-pepper-photos/20140410154512.jpg
000201.jpg,https://static8.depositphotos.com/1460388/931/i/950/depositphotos_9314160-stock-photo-naga-morich.jpg
000202.jpg,https://cdn.manomano.com/plants-from-seed-grow-your-own-naga-morich-chilli-plant-kit-P-1528882-3628273_1.jpg
000203.jpg,https://nova.co.at/marsNova/Thumbnail?oid=9268513&version=-2&thumbnailVersion=3
000204.jpg,https://images07.foap.com/images/4a09a85f-5965-4929-ae9b-932081f531d1/naga-morich-habanero-chili-very-hot-naga-morich-and-habanero.jpg?filename=w1280&dw=960
000205.jpg,http://mondodelpeperoncino.it/wp-content/uploads/2017/03/naga-morich-300x200.jpg
000206.jpg,https://cdn.starwebserver.se/shops/spicehouse/files/cache/naga-puree-600_grande.jpg?_=1534587939
000207.jpg,https://alchetron.com/cdn/naga-morich-11873bdc-bd4b-492d-895a-5e45c614edf-resize-750.jpeg
000208.jpg,https://upload.wikimedia.org/wikipedia/commons/6/63/Capsicum_chinense_%27Naga_morich%27_-_MHNT_Borderouge.jpg
000209.jpg,https://cdn.shopify.com/s/files/1/1654/8555/products/Naga_Morich_54_c_530x@2x.jpg?v=1542198190
000210.jpg,https://www.pulju.net/images/products/fatalii-gourmet-nagamorich-suklaa_orig.jpg
000211.jpg,https://st.hzcdn.com/fimgs/2632eeeb04cb6fa2_8533-w500-h375-b0-p0--.jpg
000212.jpg,https://www.seedwise.com/assets/uploads/listings/main/54b7505397223.jpg
000213.jpg,https://2.bp.blogspot.com/-p5QXmId1hdI/WgR9r20Bw7I/AAAAAAAAJy8/eTztWLQdt7kEHq57_VvoOlqxLqnDCOhgACLcBGAs/s1600/Naga%2Bmorich%2B20170903_121827.jpg
000214.jpg,https://media-cdn.tripadvisor.com/media/photo-s/06/b4/f6/b2/naga-morich.jpg
000215.jpg,https://www.picclickimg.com/00/s/NDcyWDc5NA==/z/lIoAAOSw5cNYYIp-/$/25-Organically-Grown-Monster-Naga-Hot-Pepper-Seeds-_1.jpg
000216.jpg,http://www.sativa.it/upload/prodotti/img/233-naga-morich.jpg
000217.jpg,https://peperoncini.top/wp-content/uploads/2017/05/naga-morich-peperoncino.jpg
000218.jpg,http://www.aromiumbri.it/img/p/6/5/65-large_default.jpg
000219.jpg,https://thumbs.dreamstime.com/z/naga-morich-bangladesh-24117116.jpg
000220.jpg,https://www.mokkimies.com/images/products/naga-kasvatuskuva3_orig.jpg
000221.jpg,http://www.hotchi.li/wp-content/uploads/2014/12/SBxNaga03.jpg
000222.jpg,https://www.flortis.it/media/catalogo/prodotti/3/1553787454107PEPERONCINO_NAGA_MORICH_4365510.png
000223.jpg,https://www.iltubero.com/wp-content/uploads/2018/04/peperoncino-Naga-Morich.jpg
000224.jpg,https://www.ilgiardinodellemeraviglie.it/upload/cache/immagini/prodotti/orto/peperoncini/naga_morich_mg_8927_web-400x400.jpg
000225.jpg,https://www.maddog357.com/wp-content/uploads/2019/02/Naga-Morich-Chicken-Curry-w-600x393.jpg
000226.jpg,https://cdn02.plentymarkets.com/ln590pyonzot/item/images/40700/full/40700.jpg
000227.jpg,https://tokhjhaalmishti.files.wordpress.com/2018/09/img_4778.jpg?w=825
000228.jpg,https://i.ebayimg.com/images/g/3~oAAOSwezVWzOgw/s-l300.jpg
000229.jpg,https://www.fatalii.net/growing/pics/naga.jpg
000230.jpg,https://italianchilli.com/219-large_default/naga-morich-powder.jpg
000231.jpg,https://www.thedailystar.net/upload/gallery/image/arts/naga-morich.jpg
000232.jpg,https://i.redd.it/rr9j1is8wk031.jpg
000233.jpg,https://farm4.staticflickr.com/3501/3469722598_c9d3e84e30_b.jpg
000234.jpg,http://static.licit.hu/img/8/9/2/228914/1279170351_nagamorich.jpg
000235.jpg,https://www.worldofchillies.com/chilligallery/recordbreakerchilligallery/files/imgThumb_330.jpg
000236.jpg,https://webimg.secondhandapp.com/w-i-mgl/5d193c4ad78a5a29803ca704
000237.jpg,https://m.blog.hu/na/nagamorich/image/NagaMorich/2014_Aug/IMG_0772.JPG
000238.jpg,https://c8.alamy.com/comp/X5XR8J/hot-very-very-hot-naga-morich-chili-X5XR8J.jpg
000239.jpg,https://cdn.myshoptet.com/usr/www.woch.cz/user/shop/big/848_pure-koncentrat-naga-morich.jpg?5c696d63
000240.jpg,https://www.shaggkvist.se/wp-content/uploads/naga_tabasco_2.jpg?lang=en
000241.jpg,https://i.imgur.com/dBS8HH6.jpg
000242.jpg,http://cdn.shopify.com/s/files/1/1022/5071/products/white-ghost-chili-bhut-jolokia-also-known-as-naga-jolokia-naga-morich-or-the-ghost-chili-organic-seeds-world-s-hottest-pepper-2_1024x1024.jpg?v=1570135148
000243.jpg,https://cdn.shopify.com/s/files/1/0188/0032/products/mad-dog-naga-morich-pepper-puree-2-oz-ashley-foods-heat-level-09-hot-shots-spicepeppers-chilly-chiles-largest-selection-of-sauce-in-canada-fruit-preserve_967.jpg
000244.jpg,https://zaanrecipe.files.wordpress.com/2011/07/nagamorich1.jpg
000245.jpg,https://images-na.ssl-images-amazon.com/images/I/41MrgrgRfRL.jpg
000246.jpg,https://media.istockphoto.com/photos/fresh-bhut-jolokia-chili-pepper-or-naga-morich-picture-id692905546
000247.jpg,https://algarvespice.com/z1/images/product_images/original_images/152_0.jpg
000248.jpg,https://www.hottyplace.com/2256-tm_thickbox_default/naga-big-bang-chocolate-polvere-puro-peperoncino-piccante-estremo-vaso-vetro-10g.jpg
000249.jpg,https://t2.thpservices.com/previewimage/gallil/e712106fd8df60008959eb377414d617/esy-012061796.jpg
000250.jpg,https://www.ramda.hr/f/pics/3576/PLA-900596_b.jpg
000251.jpg,http://www.jenuina.com/pimages/Naga-Morich-cream-90-gr-big-483-261.jpg
000252.jpg,https://www.ethno2.ethno-botanik.org/Capsicum/Naga-Morich/Fotos/500/Naga-Morich-04.jpg
000253.jpg,http://banglabussan.com/images/nagaslide.jpg
000254.jpg,https://media-cdn.tripadvisor.com/media/photo-s/06/83/ab/0a/polpette-vegane-in-salsa.jpg
000255.jpg,https://cdn.manomano.com/naga-morich-P-609103-1791867_1.jpg
000256.jpg,https://spicybeard.com/wp-content/uploads/2017/02/naga-morich-capsicum-chinense.jpg
000257.jpg,https://www.ashleyfoods.com/hotsauceblog/wp-content/uploads/2018/10/Naga-Morich-Pepper-Pizzas-2.jpg
000258.jpg,https://chilis.hu/shop_ordered/19763/pic/chili-lexikon/a-20-legerosebb-chili-paprika/Red-Savina.jpg
000259.jpg,https://www.thechileman.org/guide_img/snake_bite.jpg
000260.jpg,http://ianbruno.com/wp-content/uploads/2013/06/141-Tall-ones-are-Cayenne-Peppers-the-smaller-ones-are-Naga-Morich.jpg
000261.jpg,https://www.shaggkvist.se/wp-content/uploads/naga_tabasco_3.jpg?lang=en
000262.jpg,https://www.chilliworld.com/content/images/thumbs/0000219_naga-morich-concentrate_550.jpeg
000263.jpg,https://farm7.staticflickr.com/6024/5985336760_1d928a24be_b.jpg
000264.jpg,https://i2.wp.com/www.tablecrowd.com/blog/wp-content/uploads/2013/02/naga2.jpg?resize=460%2C476
000265.jpg,https://eshop.agrocentrumpd.sk/obchod_homedir/data/2573/obrazky/naga%20morich.jpg
000266.jpg,https://tbn.bidorbuy.co.za/image/fetch/dpr_1.0,f_auto,t_btbnx/https://img.bidorbuy.co.za/image/upload/user_images/805/1734805/1734805_141110091110_Bhut-Jolokia-HPP-web.jpg
000267.jpg,http://thumb4.zeppy.io/d/l400/pict/254341465915/naga-morich-pods-super-hot-dorset-chillis-bangladeshi-fresh-from-my-plant-x-50
000268.jpg,https://www.lagrijonica.com/wp-content/uploads/2015/02/Olter-Semi-Peperoncino-Naga-Morich.gif
000269.jpg,https://www.tibiona.shop/image/cache/catalog/peperoncino-naga-morich-trito-fresco-45g-biopeperita-2469-700x926.jpg
000270.jpg,https://media.istockphoto.com/photos/naga-morich-chili-pepper-picture-id134569409
000271.jpg,https://spicefreakblog.files.wordpress.com/2019/04/placeholder2.jpg?w=636
000272.jpg,https://i.ytimg.com/vi/YQsvB_CiqEs/maxresdefault.jpg
000273.jpg,http://i7.photobucket.com/albums/y295/thechileman/NagaPlant.jpg
000274.jpg,https://peperita.it/writable/public/tbl_catalogo/grande/q962g748339703179.jpg
000275.jpg,https://www.mokkimies.com/images/products/naga-kasvatuskuva4_orig.jpg
000276.jpg,https://www.viadellorto.it/wp-content/uploads/2019/01/via-dell-orto-spezie-toscana-trito-naga-morich-peperita.jpg
000277.jpg,https://t3.thpservices.com/previewimage/gallil/c67e743284b5dcaa3cc2f9ae90e8917c/esy-011896870.jpg
000278.jpg,https://static.wixstatic.com/media/cf1b8d_e1b1c34e5b414dbaa725803f5e236697~mv2.jpg/v1/fill/w_581,h_873,al_c,q_85/cf1b8d_e1b1c34e5b414dbaa725803f5e236697~mv2.jpg
000279.jpg,https://i.redd.it/tqg0s40xkv931.jpg
000280.jpg,https://images-na.ssl-images-amazon.com/images/I/51VhiVt8mFL.jpg
000281.jpg,https://upload.wikimedia.org/wikipedia/commons/thumb/3/35/Naga_Jolokia_Peppers.jpg/250px-Naga_Jolokia_Peppers.jpg
000282.jpg,http://4.bp.blogspot.com/_XjDij_J5Aq0/TFmt5L5IcZI/AAAAAAAAAhE/0tEOgv8iHlU/s1600/chili19+002.jpg
000283.jpg,https://www.pulju.net/images/products/naga-morich-mausteliemi_orig.jpg
000284.jpg,https://http2.mlstatic.com/sementes-de-pimenta-naga-jolokia-ghost-pepper-naga-morich-D_NQ_NP_980180-MLB25712596969_062017-F.jpg
000285.jpg,https://webimg.secondhandapp.com/w-i-mgl/5d193c4b94d84928e9cc5b53
000286.jpg,http://cdn.shopify.com/s/files/1/1486/1598/products/mad-dog-357-ghost-naga-morich-peppers_1024x1024.jpg?v=1477877262
000287.jpg,https://live.staticflickr.com/6125/5984770409_5b3dc0b33b_b.jpg
000288.jpg,https://cdn.thehippyseedcompany.com/wp-content/uploads/2017/06/Naga-Morich-Web-1-1-262x328.jpg
000289.jpg,https://www.viridea.it/wp-content/uploads/2019/06/naga-morich-chocolate.jpg
000290.jpg,https://www.shopagriturismoilcampo.it/452-large_default/naga-morich.jpg
000291.jpg,https://i.ebayimg.com/images/g/9bAAAOxy63FS~gRu/s-l300.jpg
000292.jpg,https://i.pinimg.com/originals/fb/bc/be/fbbcbeee2c78527641321ac1e9dc9015.jpg
000293.jpg,https://www.hottyplace.com/785/naga-morich-peperoncino-india-re-cobra-indiano-polvere-piccante-flacone-10g.jpg
000294.jpg,http://www.chillipikanterie.cz/img/uploads/hires/naga_morich_dorset_naga2.jpg
000295.jpg,http://i780.photobucket.com/albums/yy89/nicolauiuliana/Naga%20Morich._zpszbfbz2q0.jpg
000296.jpg,https://fransgoesblog.files.wordpress.com/2018/04/2018-04-15-09-47-21-hdr.jpg
000297.jpg,https://www.sementidotto.it/wp-content/img/2019/03/Peperoncino-Naga-Morich-1.jpg
000298.jpg,https://fataliiphoto.net/var/albums/flowers/naga_morich_flower232.jpg?m=1452065365
000299.jpg,https://peperita.it/writable/public/tbl_catalogo/grande/b472q390460184922.jpg
000300.jpg,https://cdn.shopify.com/s/files/1/1503/3510/products/maddogNAGAmorichPeppers_1024x1024.JPG?v=1511812743
000301.jpg,https://www.maddog357.com/wp-content/uploads/2018/10/Naga-Morich-Garlic-Noodles.jpg
000302.jpg,https://i.ytimg.com/vi/COOJ4dyCndw/hqdefault.jpg
000303.jpg,https://www.tibiona.shop/image/cache/catalog/peperoncino-naga-morich-in-polvere-n-11-14gpeperita-2471-270x357.jpg
000304.jpg,https://www.pepperworldhotshop.com/out/pictures/master/product/1/li252_ganzenagamorich_web.jpg
000305.jpg,https://static.turbosquid.com/Preview/2014/07/09__09_02_02/naga_3.pngd8d7dbf8-3687-4ef3-8515-d155d2a9c67bLarge.jpg
000306.jpg,https://cdn.shopify.com/s/files/1/0008/0550/3037/products/Mad_Dog_Naga_Morich_Puree_grande.jpg?v=1542045930
000307.jpg,http://www.xobdo.org/photo/IDEA0006310.jpg
000308.jpg,https://i7.photobucket.com/albums/y295/thechileman/Naga%20Morich%20Gallery/naga_morich.jpg?width=200&height=200&crop=1:1,smart
000309.jpg,https://chilis.hu/shop_ordered/19763/pic/chili-lexikon/a-20-legerosebb-chili-paprika/Naga-Viper.jpg
000310.jpg,https://cdn.starwebserver.se/shops/spicehouse/files/cache/naga-morich_grande.gif?_=1534589202
000311.jpg,https://algarvespice.com/z1/images/product_images/popup_images/152_1.jpg
000312.jpg,http://www.chiliwiki.fi/images/thumb/9/97/Nagaa_290910.jpg/346px-Nagaa_290910.jpg
000313.jpg,https://image.shutterstock.com/display_pic_with_logo/206715685/1207256473/stock-photo-shot-of-a-mix-of-habanero-naga-morich-and-cayenna-peppers-in-a-round-dish-ready-to-be-dried-1207256473.jpg
000314.jpg,https://images.fineartamerica.com/images-medium-large-5/naga-morich-jari-hindstroem.jpg
000315.jpg,http://fataliiphoto.net/var/albums/chiles/c_chinense/fatalii_gourmet_naga_morich8876.jpg?m=1452065150
000316.jpg,http://i7.photobucket.com/albums/y295/thechileman/Naga2.jpg
000317.jpg,https://www.shopagriturismoilcampo.it/452-home_default/naga-morich.jpg
000318.jpg,http://www.fieryfoodscentral.com/wp-content/uploads/2008/07/all3pods_open.jpg
000319.jpg,https://www.h-h-shop.com/images/product_images/popup_images/-Naga-Morich-106-ml-L-albero-dei-golosi-2018-03-09CET10-03-46_0.jpg
000320.jpg,https://chilipflanzen.com/wp-content/uploads/2016/10/naga-morich-1024x682.jpg
000321.jpg,https://www.barney.dk/wp-content/uploads/2008/02/Dorset-Naga-480x480.jpg
000322.jpg,https://cdn.shopify.com/s/files/1/1717/1391/products/Mad_20Dog_20357_20Naga_20Morich_20Pepper_20Puree.jpg?v=1500329097
000323.jpg,https://media.istockphoto.com/photos/so-many-pepperoncinis-red-habaneros-chocolate-and-orange-tree-and-picture-id823582688
000324.jpg,https://media-cdn.tripadvisor.com/media/photo-s/0d/7c/2b/34/naga-morich-chili.jpg
000325.jpg,https://www.picclickimg.com/d/l400/pict/223398421161_/Worlds-Hottest-Bhut-Jolokia-Ghost-Chili-Pepper-25.jpg
000326.jpg,https://www.seminka-chilli.cz/fotografie/max/naga-morich-69-6.jpg
000327.jpg,https://www.piedmontfarmandgarden.com/v/vspfiles/photos/PPP198-2.jpg?v-cache=1366092667
000328.jpg,https://c1.staticflickr.com/9/8461/7936490880_f1cea6d3e3_b.jpg
000329.jpg,https://srfstable.com/Assets/upload/Naga%20Morich1-hs.jpg
000330.jpg,https://ferrerovivai.it/wp-content/uploads/2017/05/PEPERONE-PICCANTE-NAGA-MORICH.jpg
000331.jpg,https://media.gettyimages.com/photos/so-many-pepperoncinis-red-habaneros-chocolate-and-orange-tree-and-picture-id823585832
000332.jpg,https://images-wixmp-ed30a86b8c4ca887773594c2.wixmp.com/f/22d6d498-3e3b-4b60-bd6f-1e4348dcba76/d7xadxq-e3a397aa-003f-4710-a163-239ecfb63ed4.png/v1/fill/w_800,h_600,strp/4094_naga_morich_by_thatdenver_d7xadxq-fullview.png?token=eyJ0eXAiOiJKV1QiLCJhbGciOiJIUzI1NiJ9.eyJzdWIiOiJ1cm46YXBwOjdlMGQxODg5ODIyNjQzNzNhNWYwZDQxNWVhMGQyNmUwIiwiaXNzIjoidXJuOmFwcDo3ZTBkMTg4OTgyMjY0MzczYTVmMGQ0MTVlYTBkMjZlMCIsIm9iaiI6W1t7ImhlaWdodCI6Ijw9NjAwIiwicGF0aCI6IlwvZlwvMjJkNmQ0OTgtM2UzYi00YjYwLWJkNmYtMWU0MzQ4ZGNiYTc2XC9kN3hhZHhxLWUzYTM5N2FhLTAwM2YtNDcxMC1hMTYzLTIzOWVjZmI2M2VkNC5wbmciLCJ3aWR0aCI6Ijw9ODAwIn1dXSwiYXVkIjpbInVybjpzZXJ2aWNlOmltYWdlLm9wZXJhdGlvbnMiXX0.Z46wYQ8JwGeR7C0_GDV9teYPrY1QkEHE-ZjxXOvaZYU
000333.jpg,https://www.pulju.net/images/products/naga-morich-mylly_orig.jpg
000334.jpg,http://nagamorich.blog.hu/media/image/Naga%20Morich1.jpg
000335.jpg,https://i1.wp.com/www.assopepper.com/wp-content/uploads/2019/04/Peperoncino-Naga-Morich-fresco-Assopepper.png?fit=1000%2C1000&ssl=1
000336.jpg,https://static.wixstatic.com/media/23d4e7_22e73c9a1e4144a4a7d249c9be122985~mv2_d_2907_3964_s_4_2.jpg/v1/crop/x_0,y_97,w_2907,h_3770/fill/w_280,h_306,al_c,q_80,usm_0.66_1.00_0.01/IMG_5921.jpg
000337.jpg,https://alchetron.com/cdn/naga-morich-97185a6b-5712-4248-b5e2-04c6bf79931-resize-750.jpg
000338.jpg,https://www.fruttaweb.com/img/cms/Immagini%20per%20descrizione%20prodotti/naga-morich-piccante1.jpg
000339.jpg,https://static.wixstatic.com/media/bef906_b2c68254ab244b348fdcc7d25fd9fd9c~mv2.png/v1/fill/w_486,h_605,al_c,lg_1/bef906_b2c68254ab244b348fdcc7d25fd9fd9c~mv2.png
000340.jpg,https://www.gartneri-toftegaard.dk/images/shop/cache/catalog/products/chili/1010-Naga-Morich-500x500.jpg
000341.jpg,https://www.mokkimies.com/images/products/naga-kasvatuskuva2_orig.jpg
000342.jpg,https://www.chileseeds.co.uk/wp-content/uploads/2016/10/PeachBhutjolokiachilliseeds-300x300.jpg
000343.jpg,https://upload.wikimedia.org/wikipedia/commons/4/44/Naga_Morich_Flora_%2835010812%29.jpeg
000344.jpg,https://www.chili-shop24.com/media/image/72/f5/c4/104404_01_1280x1280.jpg
000345.jpg,http://www.pepperfriends.com/forum/uploads/gallery/album_184/gallery_2453_184_114149.jpg
000346.jpg,https://cdn-pi.niceshops.com/upload/image/product/large/default/peperita-naga-morich-chili-powder-12-g-429962-en.jpg
000347.jpg,http://www.chillipikanterie.cz/img/uploads/naga_morich_dorset_naga.png
000348.jpg,https://2.bp.blogspot.com/-bTndUDeY_rk/WZWytKC0mdI/AAAAAAAAAaY/4cZ8wDQvtMgXk7m_J5Ry8WpxRAKoUy7sQCLcBGAs/s1600/IMG_2867_sig.jpg
000349.jpg,https://i.ytimg.com/vi/CGgwUAWJm90/maxresdefault.jpg
000350.jpg,https://www.picclickimg.com/d/l400/pict/254119829944_/NAGA-morich-PLANT-Bangladeshi-Bhut-Jolokia-Dorset.jpg
000351.jpg,http://www.fieryfoodscentral.com/wp-content/uploads/2008/07/all3plants.jpg
000352.jpg,http://www.pepperfriends.com/database/nagamorich/003/naga-morich_003_pianta_06.jpg
000353.jpg,https://www.hottyplace.com/2008/naga-big-bang-chocolate-polvere-puro-peperoncino-piccante-estremo-vaso-vetro-10g.jpg
000354.jpg,https://www.vidapeperoncini.it/wp-content/uploads/Naga-Morich.png
000355.jpg,https://i.pinimg.com/236x/d6/8f/5e/d68f5e8d38e4d6b12fcb85ae72fbce2a.jpg
000356.jpg,https://diningguide.hu/wp-content/uploads/2017/09/ghostpepperstore-1.jpg
000357.jpg,https://media.istockphoto.com/photos/so-many-pepperoncinis-red-habaneros-chocolate-and-orange-tree-and-picture-id823600042
000358.jpg,https://peperita.it/writable/public/tbl_catalogo/grande/k538d558497159507.jpg
000359.jpg,https://www.pepperscale.com/wp-content/uploads/2015/02/Dorset-Naga-pepper_lg.jpg
000360.jpg,https://www.pepperworldhotshop.com/out/pictures/master/product/1/li530_cremanagamorich(1).jpg
000361.jpg,https://farm4.staticflickr.com/3953/14908195744_7ae75576e1_b.jpg
000362.jpg,http://www.laurisrl.it/images/JPEG2222222222222222.jpg
000363.jpg,https://as2.ftcdn.net/jpg/01/65/60/97/500_F_165609715_v1v8AOj0dccqHCS27dP41bgEzJhscuwN.jpg
000364.jpg,https://www.growland.it/bilder/produkte/gross/Semi-di-peperoncino-Naga-Morich-Yellow_b2.jpg
000365.jpg,https://rlv.zcache.co.uk/naga_morich_t_shirt-rb432267ede834e3fa718f6bcfcbf3d5a_k2gr0_307.jpg?rvtype=content
000366.jpg,https://i.redd.it/bpbbr7jpsso11.png
000367.jpg,https://www.chililovers.nu/wp-content/uploads/2015/08/dorset-naga-2.jpg
000368.jpg,https://cdn.shopify.com/s/files/1/0679/7951/products/naga-morich-chilli-seed-packet_large.jpg?v=1484395825
000369.jpg,https://media-cdn.tripadvisor.com/media/photo-s/05/ab/d8/37/pizzolando-il-re-delle.jpg
000370.jpg,https://www.picclickimg.com/d/l400/pict/153625358874_/Ripen-Fresh-Naga-Morich-Dorset-Naga-chillies.jpg
000371.jpg,https://www.planetasementes.com.br/image/cache/data/produtos/naga-morich-250x250.jpg
000372.jpg,https://image.shutterstock.com/display_pic_with_logo/206715685/1207256467/stock-photo-shot-of-a-mix-of-habanero-naga-morich-and-cayenna-peppers-in-a-round-dish-ready-to-be-dried-1207256467.jpg
000373.jpg,https://farm4.static.flickr.com/3179/2774734256_ef3fe546b8_b.jpg
000374.jpg,https://www.seminka-chilli.cz/fotografie/max/naga-viper-pepper-133-0.jpg
000375.jpg,https://c1.staticflickr.com/3/2778/4148340152_e8e67176af_z.jpg?zz=1
000376.jpg,https://tedfo.com/wp-content/uploads/12565431_1767251393491218_2755213273600007435_n-300x300.jpg
000377.jpg,http://www.rainbowchiliseeds.com/sitebuildercontent/sitebuilderpictures/NagaMorichCIMG0243.JPG
000378.jpg,https://www.hottyplace.com/img/p/1/7/7/4/1774-home_default.jpg
000379.jpg,https://www.shaggkvist.se/wp-content/uploads/naga_tabasco1.jpg?lang=en
000380.jpg,https://cdn.shopify.com/s/files/1/1022/5071/products/pepper-seeds-bhut-jolokia-yellow-capsicum-chinense-also-known-as-naga-jolokia-naga-morich-or-the-ghost-chili-5_1024x1024.jpg?v=1565027149
000381.jpg,https://www.shopagriturismoilcampo.it/245-thickbox_default/naga-morich.jpg
000382.jpg,https://www.mokkimies.com/images/products/naga-kasvatuskuva1_orig.jpg
000383.jpg,http://chillichilli.sk/domains/7m6fl1jz8u/my_photos/SHU_stupnica/Naga_Morich.jpg
000384.jpg,https://www.piantinedaorto.it/img_prodotti/big/8407.jpg
000385.jpg,http://i98.photobucket.com/albums/l279/b4ff0/Peppers/Dat002.jpg
000386.jpg,https://i.ytimg.com/vi/BYhTpx74qpg/hqdefault.jpg
000387.jpg,https://i.redd.it/7nytc4s2t9z21.jpg
000388.jpg,https://media-cdn.tripadvisor.com/media/photo-s/07/08/f7/15/tropicana.jpg
000389.jpg,https://farm4.static.flickr.com/3065/2964981281_52d26090c9_b.jpg
000390.jpg,https://www.picclickimg.com/d/l400/pict/293122398181_/Naga-Morich-Chilli-Plant-x3-Very-Hot-Chillies.jpg
000391.jpg,https://www.mokkimies.com/images/products/nagajauhe-rgb_orig.jpg
000392.jpg,https://live.staticflickr.com/631/20863611812_e440c1a0cf_b.jpg
000393.jpg,http://4.bp.blogspot.com/_n5zslV7WSHE/SZoK5dySUZI/AAAAAAAAAA0/QD_F8GlPu1w/s320/JournalchilesJan29,2009NagaSprouting.jpg
000394.jpg,https://www.picclickimg.com/d/l400/pict/232146029910_/25-Premium-Organically-Grown-Mucho-Nacho-Jalape%C3%B1o-Hot.jpg
000395.jpg,https://media-cdn.tripadvisor.com/media/photo-s/09/93/2e/95/la-casina-di-alice.jpg
000396.jpg,https://www.seminka-chilli.cz/fotografie/max/dorset-naga-64-0.jpg
000397.jpg,https://c1.staticflickr.com/2/1061/1093834960_d31d7921ea_b.jpg
000398.jpg,https://i.ytimg.com/vi/zAP4jVk-U90/maxresdefault.jpg
000399.jpg,https://www.hottyplace.com/1777-tm_thickbox_default/naga-morich-polvere-100-peperoncino-piccante-re-cobra-india-vaso-vetro-10g.jpg
000400.jpg,https://i.ytimg.com/vi/aUs1-hjCZqc/hqdefault.jpg
000401.jpg,https://www.shaggkvist.se/wp-content/uploads/naga_tabasco.jpg?lang=en
000402.jpg,https://live.staticflickr.com/2033/2422367347_a58c01cdd0_b.jpg
000403.jpg,https://www.picclickimg.com/d/l400/pict/254243464266_/2-x-NAGA-morich-Chilli-PLANTS-Bangladeshi-BHUT.jpg
000404.jpg,http://3.bp.blogspot.com/_n5zslV7WSHE/SZoLcaKh_eI/AAAAAAAAABM/BsbF-tFbtug/s320/JournalchilesJan30,2009Scorpionsprouting.jpg
000405.jpg,https://images-na.ssl-images-amazon.com/images/I/716gmzY%2BppL._SL1280_.jpg
000406.jpg,http://4.bp.blogspot.com/_XjDij_J5Aq0/TFmumw8x-II/AAAAAAAAAhU/WF4tvmewSsQ/s1600/chili19+006.jpg
000407.jpg,http://wroclawskiejedzenie.pl/wp-content/uploads/2014/10/naga_morich-300x300.jpg
000408.jpg,http://www.chileplanet.eu/schede/pepper/Naga%20Morich-2.jpg
000409.jpg,https://pepperhead.com/wp-content/uploads/2016/12/Naga-Morich.jpg
000410.jpg,http://www.seminka-chilli.cz/fotografie/max/naga-morich-69-0.jpg
000411.jpg,http://www.seminka-chilli.cz/fotografie/max/naga-morich-69-4.jpg
000412.jpg,http://www.coolweirdo.com/wp-content/uploads/2013/08/Naga-Morich.jpg
000413.jpg,https://d36tnp772eyphs.cloudfront.net/blogs/1/2017/02/Ripe_dorset_naga_chile.jpg
000414.jpg,http://www.chileplanet.eu/schede/pepper/Naga%20Morich-1.jpg
000415.jpg,https://www.peperoncinipiccanti.com/wp-content/uploads/2012/05/IMG_0081-1500x1000-1500x1000.jpg
000416.jpg,https://www.magicgardenseeds.de/pics/ZQep9gqzHzkIheMpt74BROLf6pB9mZ3SkrQjw8jtOxWGDgBzaxnqb6yTpObmDlsk/1232_1000.jpg
000417.jpg,http://i.ebayimg.com/images/i/250891683317-0-1/s-l1000.jpg
000418.jpg,https://cdn.myshoptet.com/usr/www.specialnizahradnictvi.cz/user/shop/big/3850-1_naga-morich.jpg
000419.jpg,http://www.htpepper.com/wp-content/uploads/2015/09/SB-x-NagaMorich01.jpg
000420.jpg,https://chilli-seedz.com/wp-content/uploads/2018/03/Naga-Morich-bunch-Small-900x900.jpg
000421.jpg,http://www.htpepper.com/wp-content/uploads/2015/11/NagaMorich01.jpg
000422.jpg,http://fatalii.net/fg_naga_wide.jpg
000423.jpg,http://www.hjbaader.de/chili/sorten/Naga%20Morich/naga-morich-05.jpg
000424.jpg,http://thehotpepper.com/uploads/monthly_10_2012/post-5119-0-38137200-1351548863.jpg
000425.jpg,https://habanerored.files.wordpress.com/2014/08/dsc2377w.jpg
000426.jpg,http://ferrerovivai.it/wp-content/uploads/2017/05/PEPERONE-PICCANTE-NAGA-MORICH.jpg
000427.jpg,https://chilli-seedz.com/wp-content/uploads/2018/03/Naga-Morich-Couple-Small-900x900.jpg
000428.jpg,http://www.hjbaader.de/chili/sorten/Naga%20Morich/naga-morich-03.jpg
000429.jpg,https://fransgoesblog.files.wordpress.com/2018/04/2018-04-15-09-47-21-hdr.jpg
000430.jpg,https://3.bp.blogspot.com/-cUdrIuN_8Ag/Up-VXpJXnmI/AAAAAAAAAXg/y39oRiKO-To/s1600/Immagine%2B11111%2B102.jpg
000431.jpg,https://www.pepperscale.com/wp-content/uploads/2015/01/naga-morich-1.jpg
000432.jpg,https://www.seeds-gallery.shop/2129-large_default/habanero-naga-morich-seeds.jpg
000433.jpg,https://www.seeds-gallery.shop/1940-large_default/semi-di-peperoncino-naga-morich.jpg
000434.jpg,http://chili-papricice.com/wp-content/uploads/2014/08/DSCN5811.jpg
000435.jpg,http://www.peppersbymail.com/wp-content/uploads/2015/07/naga_morich.jpg
000436.jpg,https://peperoncini.top/wp-content/uploads/2017/05/Naga-Morich.jpg
000437.jpg,http://www.peperoncinipiccanti.com/wp-content/uploads/2012/05/IMG_6558-1500x1000.jpg
000438.jpg,https://chili.moikka.fi/wp-content/uploads/2018/12/Naga_Morich_IMG_0053.jpg
000439.jpg,https://www.pepperworldhotshop.com/out/pictures/master/product/1/naga-morich-pj409-1.jpg
000440.jpg,http://www.plantasia.co.uk/images/stories/virtuemart/product/sku_cp16.jpg
000441.jpg,http://thehotpepper.com/uploads/monthly_10_2012/post-5119-0-58811500-1351548710.jpg
000442.jpg,http://www.teatrodelgusto.it/images/items/socialimg/naga-morich.jpg
000443.jpg,https://olico.it/423-thickbox_default/naga-morich-chilipulver.jpg
000444.jpg,https://www.peperoncinipiccanti.com/wp-content/uploads/2012/05/IMG_6590-1500x1000.jpg
000445.jpg,http://chili-papricice.com/wp-content/uploads/2014/08/DSCN5812.jpg
000446.jpg,http://www.hjbaader.de/chili/sorten/Naga Morich/naga-morich-04.jpg
000447.jpg,http://www.hjbaader.de/chili/sorten/Naga%20Morich/naga-morich-02.jpg
000448.jpg,http://www.hjbaader.de/chili/sorten/Naga%20Morich/naga-morich-07.jpg
000449.jpg,https://i0.wp.com/fratelliaifornelli.it/wp-content/uploads/2013/11/naga-morich.jpg
000450.jpg,https://www.seeds-gallery.shop/1958-large_default/semillas-de-chile-naga-morich.jpg
000451.jpg,https://www.seminka-chilli.cz/fotografie/max/naga-morich-69-6.jpg
000452.jpg,https://chili.moikka.fi/wp-content/uploads/2018/12/Naga_Morich_leikkuulaudalla_IMG_0148.jpg
000453.jpg,https://spicybeard.com/wp-content/uploads/2017/02/naga-morich-capsicum-chinense.jpg
000454.jpg,https://cdn.myshoptet.com/usr/www.nejgrow.cz/user/shop/big/9528-2_naga-morich.jpg
000455.jpg,https://www.peperoncinipiccanti.com/wp-content/uploads/2013/08/crema-naga-e1424519237765-1500x941-1500x941.jpg
000456.jpg,http://3.bp.blogspot.com/_ukyUKpbfKdA/THFz2wFsE4I/AAAAAAAAAXA/SGZgZHqB0Lg/s1600/IMG_0696.jpg
000457.jpg,https://1.bp.blogspot.com/-JfvqBkeuLnQ/UhSCECNnZDI/AAAAAAAABuc/gSJlvdAtyXA/s1600/IMG_3968_tn.jpg
000458.jpg,https://www.chilisorte.de/fotos/Capsicum-654.jpg
000459.jpg,https://posadime.weebly.com/uploads/3/2/0/1/3201732/5233615_orig.jpg
000460.jpg,https://habanerored.files.wordpress.com/2014/06/img_1233w.jpg
000461.jpg,https://4.bp.blogspot.com/-H3rkct3kwAo/UhMz11I4ioI/AAAAAAAABoY/Kf55PrLJqng/s1600/Mojo+Pepper+man_tn.jpg
000462.jpg,https://www.viscardisrl.it/wp-content/uploads/2015/06/naga_retro-800x800.jpg
000463.jpg,https://suolakurkut.files.wordpress.com/2015/11/020.jpg
000464.jpg,https://thumbs.dreamstime.com/z/naga-morich-bangladesh-bhut-jolokia-chili-pepper-33434430.jpg
000465.jpg,https://habanerored.files.wordpress.com/2014/09/img_1646w.jpg
000466.jpg,https://cdn.myshoptet.com/usr/www.specialnizahradnictvi.cz/user/shop/big/3850_8847pi.jpg
000467.jpg,https://media.peragashop.com/media/catalog/product/cache/1/image/9df78eab33525d08d6e5fb8d27136e95/p/i/pianta_da_orto_478.jpg
000468.jpg,https://www.graines-baumaux.fr/3184-thickbox_default/piment-naga-morich.jpg
000469.jpg,http://3.bp.blogspot.com/-e9-3J-TeBDE/Uz3ZnDmhexI/AAAAAAAAABY/bhXDae8cZyY/s1600/IMG_20130824_140054.jpg
000470.jpg,https://habanerored.files.wordpress.com/2014/08/img_1504w.jpg
000471.jpg,http://www.semillasorganicas.cl/wp-content/uploads/2016/09/semillas-de-aji-naga-morich-3.jpg
000472.jpg,https://cdn.shopify.com/s/files/1/1022/5071/products/white-ghost-chili-bhut-jolokia-also-known-as-naga-jolokia-naga-morich-or-the-ghost-chili-organic-seeds-world-s-hottest-pepper-1_1024x1024.jpg
000473.jpg,http://www.cascinabeneficio.it/wp-content/uploads/2016/11/Crema-Naga-Morich.jpg
000474.jpg,http://3.bp.blogspot.com/-L_pcWQUTTl0/UhSCBmnPeyI/AAAAAAAABuQ/ToN0xQ6z6-8/s1600/IMG_3970_tn.jpg
000475.jpg,https://habanerored.files.wordpress.com/2014/08/img_1501w.jpg
000476.jpg,http://4.bp.blogspot.com/-LpYoLzXFHl8/VUCn0AqCQqI/AAAAAAAAAHM/y4TA2783EaM/s1600/20150429_104618.jpg
000477.jpg,http://1.bp.blogspot.com/-ryH2nvBeK9k/UhMze0lqRvI/AAAAAAAABnw/msIfcaMLCjo/s1600/IMG_3939_tn.jpg
000478.jpg,https://www.viscardisrl.it/wp-content/uploads/2015/06/naga.jpg
000479.jpg,http://blog.garlicfarm.ru/files/photos/141/p1016934.jpg
000480.jpg,https://cdn.myshoptet.com/usr/www.nejgrow.cz/user/shop/big/9528-1_scovilleho-stupnice.jpg
000481.jpg,https://www.peperoncinipiccanti.com/wp-content/uploads/2012/09/IMG_1016-1500x1000-525x564.jpg
000482.jpg,https://salumigombitelli.it/wp-content/uploads/2015/03/boxe__04.jpg
000483.jpg,https://2.bp.blogspot.com/-O7ov2lStr1U/TqRUueSf25I/AAAAAAAAAGo/qK32-Q3IFXs/s1600/p12.jpg
000484.jpg,https://alamopeppers.com/media/catalog/product/cache/1/image/1300x1300/9df78eab33525d08d6e5fb8d27136e95/n/a/nagamorich_25oz_1.jpg
000485.jpg,https://salumigombitelli.it/wp-content/uploads/2015/03/boxe__05.jpg
000486.jpg,http://blog-imgs-19.fc2.com/c/h/i/chillipepper/071225_dorsetnaga1.jpg
000487.jpg,https://images-na.ssl-images-amazon.com/images/I/51QqrEKA96L.jpg
000488.jpg,http://blog.cookaround.com/bricioledidolcezza/wp-content/uploads/2016/01/IMG_20160105_175329-e1452019520776.jpg
000489.jpg,https://4.bp.blogspot.com/-3c6XNJg8UvE/VUChyNywdOI/AAAAAAAAAG8/1qsfGPTitUg/s1600/20150429_104733.jpg
000490.jpg,https://cdn.shopify.com/s/files/1/1022/5071/products/white-ghost-chili-bhut-jolokia-also-known-as-naga-jolokia-naga-morich-or-the-ghost-chili-organic-seeds-world-s-hottest-pepper-4_1024x1024.jpg
000491.jpg,http://foodpassions.net/files/2015/06/Naga-Morich-aka-Dorset-Naga-chillie-images-www.foodpassions.net_.jpg
000492.jpg,https://www.worldseedsupply.com/wp-content/uploads/2014/08/nagas.jpg
000493.jpg,https://c8.alamy.com/comp/DF8W7N/bhut-jolokia-chili-pepper-or-the-naga-morich-of-bangladesh-DF8W7N.jpg
000494.jpg,http://i.ebayimg.com/images/i/301649135890-0-1/s-l1000.jpg
000495.jpg,https://www.fruttaweb.com/15745-home_default/peperoncino-naga-morich-jolokia-rosso-fresco-.jpg
000496.jpg,https://img2.hyperinzerce.cz/x-cz/inz/13341/13341394-5-chilli-dorset-naga--28naga-morich-29-7-seminek-bonus-1.jpg
000497.jpg,https://c8.alamy.com/comp/D754PT/dried-bhut-jolokia-aka-naga-jolokia-naga-morich-etc-chillies-in-a-D754PT.jpg
000498.jpg,https://c8.alamy.com/comp/PX77X4/shot-of-orange-naga-morich-peppers-on-a-cutting-board-PX77X4.jpg
000499.jpg,https://c8.alamy.com/comp/PX77XH/shot-of-orange-naga-morich-peppers-on-a-cutting-board-sliced-with-a-knife-PX77XH.jpg
000500.jpg,https://i.pinimg.com/736x/96/09/c1/9609c143bfbc509ed5b262ec80573014--naga-morich-organic-seeds.jpg
000501.jpg,https://i.pinimg.com/736x/5e/5c/db/5e5cdb2be481038abf45988197806f43--naga-morich-jolokia-pepper.jpg
000502.jpg,https://www.passionepiante.it/catalog/images/medium/nagadorset_Ixz1M5ICzCir_medium.jpg
000503.jpg,https://www.pulju.net/images/products/naga-morich-chilijauhe-savustettu_orig.jpg
000504.jpg,https://habanerored.files.wordpress.com/2014/09/dsc2474w.jpg
000505.jpg,https://c8.alamy.com/comp/PDFGY5/dorset-naga-or-naga-morich-pepper-capsicum-annuum-top-view-PDFGY5.jpg
000506.jpg,https://c8.alamy.com/comp/D75453/dried-bhut-jolokia-aka-naga-jolokia-naga-morich-etc-chillies-in-a-D75453.jpg
