image,source
000001.jpg,http://www.chiliszoszok.hu/img/7378/743788/400x400/743788.jpg
000002.jpg,https://images-na.ssl-images-amazon.com/images/I/51A2WdrfAzL._SX425_.jpg
000003.jpg,https://www.cayennediane.com/wp-content/uploads/2015/05/Naga_Viper_Pepper-4.jpg
000004.jpg,https://pepperhead.com/wp-content/uploads/2016/12/Naga-Viper1.jpg
000005.jpg,https://upload.wikimedia.org/wikipedia/commons/7/7b/Naga_Viper_486_orig.jpg
000006.jpg,https://cdn11.bigcommerce.com/s-f6cx4kq/images/stencil/1280x1280/products/181/1112/chocolate_naga_viper_pepper__44268.1549145167.jpg?c=2&imbypass=on
000007.jpg,https://www.chileseeds.co.uk/wp-content/uploads/2016/10/Naga-Viper-Chilli-Seeds.jpg
000008.jpg,https://m-garden.eu/img/4242/nagvip/nagvip.jpg?time=1559080877
000009.jpg,https://chilli-seedz.com/wp-content/uploads/2018/04/Naga-Viper-Neon-Main-Small-1-900x900.jpg
000010.jpg,https://i.ebayimg.com/images/g/3~kAAOSwYRJc8~dB/s-l640.jpg
000011.jpg,https://cdn11.bigcommerce.com/s-f6cx4kq/images/stencil/1280x1280/products/122/1171/Naga_Viper_1__23738.1550292992.jpg?c=2&imbypass=on
000012.jpg,https://images-na.ssl-images-amazon.com/images/I/818ilwApTpL._SX425_.jpg
000013.jpg,https://www.pepperscale.com/wp-content/uploads/2017/09/naga-viper-768x627.jpg
000014.jpg,https://www.ukchilliseeds.co.uk/ekmps/shops/chilliwizard/images/naga-viper-brain-1033-p.jpg
000015.jpg,https://i.ebayimg.com/images/g/-bEAAOSwg0BZ2~UQ/s-l300.jpg
000016.jpg,https://cdn.shopify.com/s/files/1/0915/1060/products/Naga-viper-hot-pepper-pepper-joes.jpg?v=1462325805
000017.jpg,https://italianchilli.com/145-large_default/dried-naga-viper.jpg
000018.jpg,https://i.ytimg.com/vi/68mJQ3fwJJU/maxresdefault.jpg
000019.jpg,http://rahiseedbank.com/wp-content/uploads/2014/07/n1.jpg
000020.jpg,https://croatianseeds-store.com/images/stories/virtuemart/product/naga%20viper2.jpg
000021.jpg,https://images-na.ssl-images-amazon.com/images/I/81z2DmA4IcL._SY550_.jpg
000022.jpg,https://www.chilipeppermadness.com/wp-content/uploads/2019/09/Naga-Viper-Peppers.jpg
000023.jpg,https://i1.wp.com/www.peppersbymail.com/wp-content/uploads/2014/12/naga_viper.gif
000024.jpg,https://previews.123rf.com/images/captainvector/captainvector1602/captainvector160213692/81418721-naga-viper-pepper.jpg
000025.jpg,https://cdn.initial-website.com/proxy/apps/shai10/uploads/paypal/instances/4B24BC12-9C7A-49C6-B043-4F09CF4557A3/wcinstances/paypalShop/2303d77b-3d73-4666-b17a-ba4841444a75/productImage/nagaviper.jpg?download
000026.jpg,https://i.pinimg.com/originals/8b/e2/8a/8be28a5ca208adaed40b4c61223f4263.jpg
000027.jpg,https://cdn1.bigcommerce.com/server700/5mvrqhbm/products/4456/images/144610/naga-viper-pepper__42786.1475553563.1280.1280.jpg?c=2
000028.jpg,https://www.devonchilliman.co.uk/wp-content/uploads/2017/03/Naga-viper-chilli.jpg
000029.jpg,https://www.chileseeds.co.uk/wp-content/uploads/2016/10/NagaViperChillisauce.jpg
000030.jpg,https://images-na.ssl-images-amazon.com/images/I/71m-64CVPvL._SX425_.jpg
000031.jpg,https://2.bp.blogspot.com/-jNn3QGu-Fuc/VrwudiY2ceI/AAAAAAAAE_k/D1wBGhOkmz0/s640/Naga_Viper_1.jpg
000032.jpg,https://www.ukchilliseeds.co.uk/ekmps/shops/chilliwizard/images/naga-viper-brain-[2]-1033-p.jpg
000033.jpg,https://thechillifactory.com/images/products/IMG_7657.jpg
000034.jpg,https://i.etsystatic.com/9911861/r/il/bd315a/1130930735/il_794xN.1130930735_ng4y.jpg
000035.jpg,https://i.ebayimg.com/images/g/A9AAAOSwNC5dBb~Y/s-l400.jpg
000036.jpg,https://chilli-seedz.com/wp-content/uploads/2016/05/Naga-Viper-900x900.png
000037.jpg,http://cdn.shopify.com/s/files/1/0019/9884/8099/products/346645-c98d994b3bd447829e883c0a16b0d38f_1200x1200.png?v=1551869165
000038.jpg,https://www.picclickimg.com/00/s/NDY5WDUwMA==/z/ZSIAAOSwHqdascBu/$/COMBO-Carolina-Reaper-Naga-Viper-Red-Ghost-Moruga-_1.jpg
000039.jpg,https://secure.i.telegraph.co.uk/multimedia/archive/02868/hottest_pepper_878_2868766c.jpg
000040.jpg,https://cdn.webshopapp.com/shops/60827/files/244438886/image.jpg
000041.jpg,https://image.shutterstock.com/image-photo/naga-viper-chilli-pepper-isolated-600w-1195746580.jpg
000042.jpg,https://trademe.tmcdn.co.nz/photoserver/full/793011466.jpg
000043.jpg,http://img.bidorbuy.co.za/image/upload/user_images/957/1893957/1893957_120324140330_01462.jpg
000044.jpg,https://thehippyseedcompany.com/wp-content/uploads/2017/06/Purple-Viper-Naga-1.jpg
000045.jpg,https://i.etsystatic.com/17447389/r/il/6dbcf9/1727069600/il_570xN.1727069600_rzax.jpg
000046.jpg,https://i.guim.co.uk/img/static/sys-images/Guardian/Pix/pictures/2015/1/8/1420721393093/0442f882-b2ec-43b9-818a-6255804270be-1360x2040.jpeg?width=700&quality=85&auto=format&fit=max&s=755f2df083490f12ca84a86471fea90d
000047.jpg,http://www.foodandwine.hu/wp-content/uploads/2011/07/450x364-alg_naga_viper_pepper.jpg
000048.jpg,https://gnarlypods.com/104-large_default/aryonas-chocolate-naga-viper-seeds.jpg
000049.jpg,https://www.thedailymeal.com/sites/default/files/external/images/content/HeatChart.jpg
000050.jpg,https://thechillifactory.com/images/products/IMG_3587.jpg
000051.jpg,https://italianchilli.com/211/naga-viper-powder.jpg
000052.jpg,https://alchetron.com/cdn/naga-viper-pepper-35055dc5-c6e2-4f3f-b3cb-a7252edd8f8-resize-750.jpeg
000053.jpg,https://community.giffgaff.com/assets/post-images/173203i07F3EC1FD3D2F06E
000054.jpg,https://static.wixstatic.com/media/1e0cca_96034e319f9a4762859309b597e87237.jpg/v1/fill/w_480,h_480,al_c,q_85,usm_0.66_1.00_0.01/1e0cca_96034e319f9a4762859309b597e87237.jpg
000055.jpg,http://3.bp.blogspot.com/-M4eBm3zgyMU/VAX9p268pAI/AAAAAAAADjI/ZluxtCb4pfQ/s1600/IMG_0483_Naga%2BViper.jpg
000056.jpg,https://backtomygarden.com/wp-content/uploads/hottest-pepper-on-earth-NEW.png
000057.jpg,https://chilis.hu/shop_ordered/19763/pic/chili-lexikon/a-20-legerosebb-chili-paprika/Naga-Viper.jpg
000058.jpg,https://cdn.shopify.com/s/files/1/0736/5693/products/Pepper-Naga-Viper_1024x1024.jpg?v=1435608708
000059.jpg,https://www.kentchillifarm.co.uk/wp-content/uploads/2017/09/naga-viper.jpg
000060.jpg,https://i.guim.co.uk/img/static/sys-images/Guardian/Pix/pictures/2015/1/8/1420721282123/4484a2b0-69bd-4c21-9730-63692391fd38-1360x2040.jpeg?width=700&quality=85&auto=format&fit=max&s=3a33ec05f628d28ba4904477abbad583
000061.jpg,https://cdn.shopify.com/s/files/1/1523/7044/products/nopictureavailable-50_a0ceb39a-ee66-4056-89eb-68fbd1af53dc_large.JPG?v=1486953860
000062.jpg,https://tbn.bidorbuy.co.za/image/fetch/dpr_1.0,f_auto,t_btbnx/http://img.bidorbuy.co.za/image/upload/user_images/957/1893957/1893957_130215065508_Naga_Viper2.jpg
000063.jpg,https://www.chillihead.co.za/image/cache/data/products/nagaviper-500x500.jpg
000064.jpg,https://www.hotsauce.ch/wp-content/uploads/2018/09/naga-viper.jpg
000065.jpg,http://cloud.foodista.com/content/images/9413742f73569fb0afbc87bc641ecd3643ba5219_607x400.jpg
000066.jpg,https://nyugdijban.sk/wp-content/uploads/2019/05/Naga-Viper.jpg
000067.jpg,http://www.chiliszoszok.hu/img/7378/482301/250x250/482301.jpg?time=1477916751
000068.jpg,https://images-na.ssl-images-amazon.com/images/I/91afLHQAv8L._SL1500_.jpg
000069.jpg,https://rukminim1.flixcart.com/image/704/704/jxgflow0/plant-seed/y/r/h/30-gardens-world-s-hottest-chili-pepper-naga-viper-ghost-chilli-original-imafhwgc9gwzmgmp.jpeg?q=70
000070.jpg,https://media.sweetwater.com/api/i/q-82__ha-b9c0db1fd56702b0__hmac-c977194bfe9138fe6f7985cd8a99a6804195b4ef/images/closeup/750-NagaViper_detail1.jpg
000071.jpg,https://image.shutterstock.com/image-photo/spicy-chilli-naga-viper-plant-600w-1070011832.jpg
000072.jpg,https://feelingchilli.files.wordpress.com/2014/12/bhutjolokia09_asit.jpg
000073.jpg,https://www.ukchilliseeds.co.uk/ekmps/shops/chilliwizard/images/7-pod-lucy-hybrid-naga-viper-x-red-7-pod-[2]-753-p.jpg
000074.jpg,https://thehippyseedcompany.com/wp-content/uploads/2018/03/Viper-Naga-9.jpg
000075.jpg,https://www.learnodo-newtonic.com/wp-content/uploads/2013/04/NagaViper.jpg
000076.jpg,https://nyugdijban.sk/wp-content/uploads/2019/05/chili_lead-1024x577-300x200.jpg
000077.jpg,https://img.thrfun.com/img/131/510/reproducing_a_rare_type_of_chilli_naga_viper_x6.jpg
000078.jpg,http://i.imgur.com/QvZ7Pxv.jpg
000079.jpg,http://gondoltadvolna.com/wp-content/uploads/2015/07/1436598434673.jpg
000080.jpg,https://cdn.shopify.com/s/files/1/0019/9884/8099/products/346645-9623907ca1f248e79c42174573abc400_300x300.png?v=1551869162
000081.jpg,https://media.karousell.com/media/photos/products/2019/08/24/preorder_carolina_reaper__trinidad_moruga_scorpion__naga_viper__ghost_pepper_bhut_jolokia__savina_ha_1566621435_0cf2ba2f0_progressive
000082.jpg,https://2.bp.blogspot.com/-GcWmxT8DBpc/VrwvupaMS_I/AAAAAAAAE_w/MwwXUPOiqis/s1600/10527273_948301348533621_3888450747010250894_n.jpg
000083.jpg,https://img.thrfun.com/img/131/510/reproducing_a_rare_type_of_chilli_naga_viper_fancy6.jpg
000084.jpg,https://static.wixstatic.com/media/9bcda3_c29b1b47616f4842a12b4c393bf62048~mv2_d_3024_4032_s_4_2.jpg/v1/fit/w_498,h_664,q_90/file.jpg
000085.jpg,https://wacse.org/wp-content/uploads/2017/04/IMG_1067.jpg
000086.jpg,https://eshop.plantvisionz.com/image/thumbnails/18/7b/Naga_Viper_png-100276-500x500.png
000087.jpg,https://images.obi-italia.it/product/IT/1500x1500/470362_1.jpg
000088.jpg,https://www.worldseedsupply.com/wp-content/uploads/2015/10/naga-viper2.jpg
000089.jpg,https://www.mediteranka.com/media/k2/items/cache/be4e4fd1bcb87d92f342f6e3e3e1d9e2_XL.jpg
000090.jpg,https://i.pinimg.com/originals/a1/7a/c4/a17ac44d4fdbe764dd8e9bfa797ada7f.jpg
000091.jpg,https://images-na.ssl-images-amazon.com/images/I/71LkR7985pL._SX466_.jpg
000092.jpg,https://static.wixstatic.com/media/cf1b8d_e61a4e6a896242b6b07276bff369751f~mv2.jpg/v1/fill/w_239,h_358,al_c,lg_1,q_85/cf1b8d_e61a4e6a896242b6b07276bff369751f~mv2.jpg
000093.jpg,http://guitar-fx-layouts.42897.x6.nabble.com/file/n13514/Catalinbread_Naga_Viper.png
000094.jpg,https://image.shutterstock.com/image-photo/holding-peppers-yellow-chilli-naga-600w-425744944.jpg
000095.jpg,https://ctl.s6img.com/society6/img/SFjWNy-YamRWRehZOC96aeaIfdU/w_700/prints/~artwork/s6-original-art-uploads/society6/uploads/misc/027eff39c57649e6bc12dcb00173a2fc/~~/naga-viper-prints.jpg
000096.jpg,https://farm9.staticflickr.com/8864/27946525153_d404e8df3a_b.jpg
000097.jpg,https://www.cilicen.si/367-large_default/naga-viper-x-murup-f1i-10-semen.jpg
000098.jpg,https://tedfo.com/wp-content/uploads/16650307_1462569613754354_2047269652_n.jpg
000099.jpg,http://thehotpepper.com/uploads/monthly_07_2019/post-5857-0-36280100-1562801128.jpg
000100.jpg,https://www.chilisepp.at/images/Wissenswertes/Pflanzenbeschreibungen/Naga_Viper/Naga-Viper-2016-9.jpg
000101.jpg,https://i.redd.it/92nkroh2s3i01.jpg
000102.jpg,https://c8.alamy.com/comp/WWBE97/chocolate-naga-viper-and-dragons-breath-peppers-WWBE97.jpg
000103.jpg,https://plantekasse.dk/shop2/788-large_default/naga-viper-10-fro.jpg
000104.jpg,https://www.premierguitar.com/ext/resources/archives/15aa02ac-850b-44dd-bf9c-b331578a4d75.JPG?1502216542
000105.jpg,https://www.volimljuto.com/wp-content/uploads/2018/05/naga-viper-2-7.jpg
000106.jpg,https://spicefreakblog.files.wordpress.com/2019/04/nagaviperpurple.jpg?w=636
000107.jpg,https://media.karousell.com/media/photos/products/2017/05/08/naga_viper_chilli_1494239214_dc14fa12.jpg
000108.jpg,https://cdn.shopify.com/s/files/1/1435/2784/products/WCF_Naga_1200X_Group1.jpg?v=1559195080
000109.jpg,https://cdn1.i-scmp.com/sites/default/files/styles/1200x800/public/images/methode/2018/04/10/0bc78928-3c5a-11e8-b6d9-57447a4b43e5_1280x720_090338.JPG?itok=i68pFrjG
000110.jpg,https://i.ytimg.com/vi/-W-Gy_MA5zQ/maxresdefault.jpg
000111.jpg,https://www.picclickimg.com/d/l400/pict/372767968418_/20-Naga-Viper-Chilli-Seeds-Volcanic.jpg
000112.jpg,https://www.barney.dk/wp-content/uploads/2016/08/Naga-Viper.jpg
000113.jpg,https://st.hzcdn.com/fimgs/d9f2d06a04cb5928_2779-w500-h375-b0-p0--.jpg
000114.jpg,http://plantium.ru/image/catalog/seeds/peppers/chinense/naga/viper/naga-viper-plantium.ru.jpg
000115.jpg,https://pfefferhaus.de/media/images/popup/NAGAVIPER.JPG
000116.jpg,https://2.bp.blogspot.com/-vZjzx7VjRQU/WgSARShptyI/AAAAAAAAJzg/Z2LBPymqpMolPIISm9K-ZuQwoI7BKDD-QCLcBGAs/s1600/Naga%2Bviper%2B20170823_091805.jpg
000117.jpg,https://www.worldofchillies.com/chilligallery/recordbreakerchilligallery/files/imgThumb_346.jpg
000118.jpg,https://cdn.shopify.com/s/files/1/2221/6669/products/Naga_Viper_Edited_1_2048x.png?v=1548771211
000119.jpg,https://i0.wp.com/nothingbutgeek.com/wp-content/uploads/2018/07/Tiger-Paw.png?resize=800%2C445&ssl=1
000120.jpg,https://i0.wp.com/polizeros.com/wp-content/uploads/2014/07/Carolina_Reaper_pepper_pods.jpg?fit=500%2C326&ssl=1&resize=350%2C200
000121.jpg,https://cdn.shopify.com/s/files/1/0019/9884/8099/products/346645-b289344c18f54d3ba6e2152a633653db_1024x1024.png?v=1551869170
000122.jpg,https://www.selectguitars.eu/upload/pics/product/_crop/_1000w_666h_78.jpg
000123.jpg,https://i.guim.co.uk/img/static/sys-images/Guardian/Pix/pictures/2015/1/8/1420720465200/3fadc9b7-7066-4078-b297-a0886b748005-1845x2040.jpeg?width=700&quality=85&auto=format&fit=max&s=ad31e2b2bbf09fd9f681689289396ff7
000124.jpg,https://www.portaledelverde.it/upload/catalogo/prodotti/img/watermark/20180323122834-peperoncino-naga-viper.jpg
000125.jpg,https://www.seminka-chilli.cz/fotografie/max/naga-viper-pepper-133-0.jpg
000126.jpg,https://i.dawn.com/primary/2018/03/5aa1a4c19ac74.jpg
000127.jpg,https://media.gettyimages.com/photos/naga-viper-chillis-at-red-dog-saloon-on-hoxton-square-on-october-18-picture-id174515634
000128.jpg,https://image.shutterstock.com/display_pic_with_logo/3914846/426574741/stock-photo-yellow-chilli-or-naga-viper-426574741.jpg
000129.jpg,https://d36tnp772eyphs.cloudfront.net/blogs/1/2014/05/Yellow-spicy-naga-viper-chilis.jpg
000130.jpg,http://n4mb3rs.com/wp-content/uploads/2016/07/world-hottest-pepper-Naga-Viper-6.jpg
000131.jpg,http://www.seaspringseeds.co.uk/images/stories/Dorset-Naga.jpg
000132.jpg,https://www.kut.org/sites/kut/files/styles/x_large/public/201012/ghost_chili.jpg
000133.jpg,https://cf.shopee.ph/file/5525c39773700e159500e44d22d92919_tn
000134.jpg,http://niagaraorganichotpepperseeds.com/wp-content/uploads/2014/10/IMG_00000393.jpg
000135.jpg,https://http2.mlstatic.com/100-sementes-de-pimenta-naga-viper--D_NQ_NP_144015-MLB25212065240_122016-F.jpg
000136.jpg,https://www.thomann.de/pics/bdb/385295/11222724_800.jpg
000137.jpg,http://sc02.alicdn.com/kf/HTB1yUXDbJHO8KJjSZFL761TqVXam/Naga-Viper-Sauce-and-Infinity-Chilli-Sauce.png
000138.jpg,https://www.chilisepp.at/images/Wissenswertes/Pflanzenbeschreibungen/Naga_Viper/Naga-Viper-2016-10.jpg
000139.jpg,https://thephiladelphiapepperproject.files.wordpress.com/2011/08/veggie_peppers-5648.jpg?w=480&h=362
000140.jpg,https://cdn11.bigcommerce.com/s-d7gj5x0hjm/images/stencil/1280x1280/products/6328/19240/1_4ff8c761-2384-4dd3-aa92-0170fd3032a5__94948.1508092655.jpg?c=2&imbypass=on
000141.jpg,https://images.reverb.com/image/upload/s--M1UxoRqt--/a_exif,c_limit,e_unsharp_mask:80,f_auto,fl_progressive,g_south,h_620,q_90,w_620/v1512630784/p2bktnqvff1f5jums3gn.jpg
000142.jpg,https://images-eu.ssl-images-amazon.com/images/I/51UQzY5gs6L.jpg
000143.jpg,https://www.ilgiardinodellemeraviglie.it/upload/cache/immagini/prodotti/orto/orto_vario/peperoncino_super_piccante/naga_viper-400x400.jpg
000144.jpg,http://i871.photobucket.com/albums/ab275/nickdu6/013-4.jpg
000145.jpg,https://upload.wikimedia.org/wikipedia/commons/8/8b/Naga_jolokia_chili.jpg
000146.jpg,http://chili-sauces.com/wp-content/uploads/2011/11/naga-chili-pepper-200x200.jpg
000147.jpg,https://cdn.shopify.com/s/files/1/0014/9602/3140/products/pnvb-blueberries.png?v=1544445726
000148.jpg,https://thelatinkitchen.com/sites/default/files/slide/6807/shutterstock_116225512-naga-main.jpg
000149.jpg,https://live.staticflickr.com/875/41128641790_720d63c87e_z.jpg
000150.jpg,https://i.pinimg.com/originals/ac/fd/3d/acfd3d0bbcf48aaaf08a2fc78995807d.jpg
000151.jpg,https://tuttosemi.com/images/navi1.jpg
000152.jpg,https://www.picclickimg.com/d/l400/pict/123159041824_/Naga-Viper-Chilli-Seeds-Various-Quantities-5X.jpg
000153.jpg,http://guitar-fx-layouts.42897.x6.nabble.com/file/n7371/NAGA_VIPER_MOJO.png
000154.jpg,https://4.bp.blogspot.com/-Qi0UfwYI-_A/Ws9oPPzG3wI/AAAAAAAAODk/rW3RgMWczd0IG0NYoCzzacbbrLtx0-cOwCLcBGAs/s640/naga-viper-chili.png
000155.jpg,https://ichef.bbci.co.uk/images/ic/640x360/p02rwyg2.jpg
000156.jpg,http://blackberryburrow.com/wp-content/uploads/2014/11/Naga-Viper-October-2014.jpg
000157.jpg,https://steemitimages.com/640x0/https://ipfs.busy.org/ipfs/QmP9TLHdUnN3JGAsDMjVTVk8KmBQTXA5EcjiCyEKRYupEZ
000158.jpg,https://i.etsystatic.com/10816057/d/il/540adf/1962616626/il_340x270.1962616626_qynk.jpg?version=0
000159.jpg,https://www.chilipeppermadness.com/wp-content/uploads/2013/10/Spanish-Naga-Peppers.jpg
000160.jpg,https://chillisgalore.co.uk/images/diary/2012/nagaviper2.jpg
000161.jpg,https://i.ytimg.com/vi/RZRGAoHfLuw/maxresdefault.jpg
000162.jpg,https://pepperhead.com/wp-content/uploads/2015/02/Peach-bhut-jolokia1.jpg
000163.jpg,https://campaniagourmet.com/wp-content/uploads/2018/12/naga-viper-3.jpg
000164.jpg,https://image.shutterstock.com/image-illustration/red-naga-viper-pepper-watercolors-600w-1030006153.jpg
000165.jpg,https://www.lortofruttifero.it/wp-content/uploads/2015/12/peperoncino-naga-viper.jpg
000166.jpg,https://i0.wp.com/www.teninsider.com/wp-content/uploads/2016/07/naga-viper.jpg
000167.jpg,https://img.thrfun.com/img/135/597/gorgeous_naga_viper_chili_fancy3.jpg
000168.jpg,https://cdn1.bigcommerce.com/server700/5mvrqhbm/products/4992/images/150670/chocolate-naga-brain-pepper__37110.1522258058.1280.1280.jpg?c=2
000169.jpg,https://img-s-msn-com.akamaized.net/tenant/amp/entityid/AAlFmhV.img?h=552&w=750&m=6&q=60&u=t&o=f&l=f
000170.jpg,https://images.reverb.com/image/upload/s--PjR-Cqr9--/f_auto,t_large/v1553963299/p2o5gyihnyvpzxmvzvjq.jpg
000171.jpg,https://www.pepperscale.com/wp-content/uploads/2017/07/trinidad-scorpion-butch-t.jpg
000172.jpg,https://secure.i.telegraph.co.uk/multimedia/archive/02861/Untitled-1_2861500b.jpg
000173.jpg,https://ih0.redbubble.net/image.524031711.9412/flat,1000x1000,075,f.u1.jpg
000174.jpg,https://www.peperoncino.org/wp-content/uploads/2018/10/nagaviper.jpg
000175.jpg,https://i.redd.it/1nujhjlwglm31.jpg
000176.jpg,https://www.vidapeperoncini.it/wp-content/uploads/Naga-Viper.png
000177.jpg,https://www.semillas.de/pepper_fruits/naga_viper.jpg
000178.jpg,https://tedfo.com/wp-content/uploads/16683395_1462569560421026_1070990140_n.jpg
000179.jpg,http://www.hotroxuk.com/media/catalog/product/cache/1/image/1500x/0f396e8a55728e79b48334e699243c07/n/a/naga_viper_1.jpg
000180.jpg,https://www.volimljuto.com/wp-content/uploads/2018/08/Naga_viper-VolimLjuto.jpg
000181.jpg,https://www.capsicum-chinense.org/fotos/Naga-Viper.jpg
000182.jpg,https://cdn.websites.hibu.com/17877cee51294afba1d4f42cd8c86467/dms3rep/multi/mobile/2188NagaViper-764x1024.jpg
000183.jpg,https://cdn.wrytin.com/images/wrytup/r/1024/infinity-pepper-e1547090377133-jvxxbk9m.jpeg
000184.jpg,https://store.npelectronics.co.uk/images/source/pcbs/nagaviper2.jpg
000185.jpg,https://www.venditapiccolifrutti.it/wp-content/uploads/2017/04/peperoncino-naga-viper.jpg
000186.jpg,https://i.guim.co.uk/img/static/sys-images/Guardian/Pix/pictures/2015/1/8/1420720962427/6c51f52e-ff25-4804-a0a4-25d83fe358a1-2060x1764.jpeg?width=1200&height=630&quality=85&auto=format&fit=crop&overlay-align=bottom%2Cleft&overlay-width=100p&overlay-base64=L2ltZy9zdGF0aWMvb3ZlcmxheXMvdGctZGVmYXVsdC5wbmc&s=7c3a2fbaef4ab3492aa05a2e175305d5
000187.jpg,https://www.effekt-boutique.de/media/catalog/product/cache/2/image/9df78eab33525d08d6e5fb8d27136e95/d/s/dsc_0004_3_1.jpg
000188.jpg,https://www.seminka-chilli.cz/fotografie/max/naga-viper-pepper-133-1.jpg
000189.jpg,https://www.chilli-shop.cz/fotky53041/fotos/_vyr_109nejpal_23.jpg
000190.jpg,https://chilitermesztes.files.wordpress.com/2017/05/ghost-pepper_lg.jpeg?w=304&h=228
000191.jpg,https://easychurchtech.com/wp-content/uploads/2019/03/Catalinbread-Naga-Viper.jpg
000192.jpg,https://smallestforest.files.wordpress.com/2011/05/tabasco.jpg
000193.jpg,http://thehotpepper.com/uploads/monthly_07_2019/post-5857-0-54350900-1562801098.jpg
000194.jpg,https://wacse.org/wp-content/uploads/2017/04/Photo-10-4-17-5-08-51-am-300x300.jpg
000195.jpg,http://79.170.44.156/chileseeds.co.uk/media/bakery/thumbs/item1166/naga-viper-chilli-seeds_small.jpg
000196.jpg,https://loveincorporated.blob.core.windows.net/contentimages/gallery/189d96c3-db0b-4a6e-99dc-09494a71ad6a-shutterstock_314084270%20(1).jpg
000197.jpg,https://www.chileseeds.co.uk/wp-content/uploads/2016/10/trinidadscorpionPrimo7Potchilliseeds-300x300.jpg
000198.jpg,https://i.imgur.com/b2k7hlP.jpg
000199.jpg,https://img.etsystatic.com/il/8a3880/1559750278/il_340x270.1559750278_4xd8.jpg
000200.jpg,https://www.chilli-shop.cz/fotky53041/fotos/_vyr_154spaluj_kol.jpg
000201.jpg,https://static.wixstatic.com/media/be05fe_18452b84afe745ab8adc70436cf410ab~mv2_d_2392_4326_s_2.jpg/v1/fill/w_2392,h_4325,al_c,q_85/be05fe_18452b84afe745ab8adc70436cf410ab~mv2_d_2392_4326_s_2.jpg
000202.jpg,https://media.mydukkan.com/image/22253/thmb_900x900_Catalinbread.CatalinbreadNagaViper22253.jpg
000203.jpg,https://media.istockphoto.com/photos/naga-viper-hot-pepper-sapling-picture-id472138672
000204.jpg,https://i.ytimg.com/vi/guqAJouuyjc/maxresdefault.jpg
000205.jpg,https://farm9.static.flickr.com/8711/28557572975_5b4e012f40_b.jpg
000206.jpg,https://www.picclickimg.com/d/l400/pict/132328576621_/Naga-Viper-Chilli-One-of-the-Hotest-in.jpg
000207.jpg,https://www.thegearpage.net/board/index.php?media/naga-viper.108481/full
000208.jpg,https://foarteiute.ro/335/seminte-naga-viper.jpg
000209.jpg,https://cdn11.bigcommerce.com/s-7utostwv/images/stencil/603x905/products/22377/78567/DSC_0077__68144.1553806372.jpg?c=2
000210.jpg,http://i.ebayimg.com/images/g/EpcAAOSwTapV5i1c/s-l300.jpg
000211.jpg,https://archiwum.allegro.pl/image//imagesNEW/big/c3121f7e17a1c2616a307a670e878e6db8bd957b72f43954240443774c0c1092
000212.jpg,https://t4.ftcdn.net/jpg/01/90/63/21/500_F_190632103_HWURAO5q5XeTiN5rG35xdP0GtXvNQ2qY.jpg
000213.jpg,https://infernoz.co.za/wp-content/uploads/2019/09/Naga-Viper-125ml-johny-hexburg.jpg
000214.jpg,https://live.staticflickr.com/854/42964047655_9245f618c2_b.jpg
000215.jpg,http://chili-papricice.com/wp-content/uploads/2014/03/20140906_163409.jpg
000216.jpg,https://img.thrfun.com/img/135/597/gorgeous_naga_viper_chili_x3.jpg
000217.jpg,https://upload.wikimedia.org/wikipedia/commons/1/15/Naga_viper.jpg
000218.jpg,https://scontent-cdt1-1.cdninstagram.com/v/t51.2885-15/e35/c135.0.810.810a/s320x320/68832722_127923708513226_5955415332702060416_n.jpg?_nc_ht=scontent-cdt1-1.cdninstagram.com&_nc_cat=110&oh=64b4d2e6cf31bf8ac27a3de140d56836&oe=5DF77454&ig_cache_key=MjEyNzQ0MDc3MDQ2OTM4NjAxMQ%3D%3D.2.c
000219.jpg,https://d1f7geppf3ca7.cloudfront.net/resize/602227/1554039727713_1.jpeg/200/200/0/?bg=FFFFFF
000220.jpg,https://cdn.shopify.com/s/files/1/1035/1939/products/6c77435a2ac62fc0c4e29fc6d645d0212e0f8495_588a6802-6add-4081-8edc-7d8e66fa4d79_1024x1024.jpg?v=1544705936
000221.jpg,https://images-na.ssl-images-amazon.com/images/I/71GI6eb1GcL.jpg
000222.jpg,https://www.premierseedsdirect.com/wp-content/uploads/2017/02/41581162-300x300.jpg
000223.jpg,https://img.tradera.net/medium/045/306746045_6acac78f-47de-498d-b072-b0b8837a1458.jpg
000224.jpg,https://image.isu.pub/180831025620-781a1b40a57432608589cd8445c25d0f/jpg/page_63.jpg
000225.jpg,https://ih0.redbubble.net/image.524031719.9412/pr%2C150x100%2C210x-c%2C0%2C20%2C210%2C230-bg%2Cf8f8f8.2u1.jpg
000226.jpg,https://www.guitar-emporium.com/images/product/large/ae00-5596.jpg
000227.jpg,http://www.heliotricity.com/wp-content/uploads/2018/01/Dorset-Naga-Chile-Peppers.jpg
000228.jpg,https://www.chilisepp.at/images/Wissenswertes/Pflanzenbeschreibungen/Naga_Viper/Naga-Viper-2016-13.jpg
000229.jpg,https://cdn.shopify.com/s/files/1/0647/9057/products/naga_1.jpg?v=1472166029
000230.jpg,https://s.yimg.com/ny/api/res/1.2/C6pzdZzlZTQB86RLuIq5CQ--~A/YXBwaWQ9aGlnaGxhbmRlcjtzbT0xO3c9ODAwO2lsPXBsYW5l/http://media.zenfs.com/en_us/News/afp.com/Part-DV-DV1594059-1-1-0.jpg
000231.jpg,https://diavolopiccante.it/206-large_default/pianta-naga-viper.jpg
000232.jpg,https://scontent-lga3-1.cdninstagram.com/vp/d90856068e44b113d903a47f1036c9d6/5DF64DD4/t51.2885-15/sh0.08/e35/c0.180.1440.1440a/s640x640/66418750_481568776000490_1861467377180692244_n.jpg?_nc_ht=scontent-lga3-1.cdninstagram.com
000233.jpg,https://en.customsounds.fi/media/catalog/product/cache/3/image/650x/040ec09b1e35df139433887a97daa66f/d/s/dsc_1047.jpg
000234.jpg,https://images-na.ssl-images-amazon.com/images/I/61Jtvzh3grL.jpg
000235.jpg,https://ileauxepices.com/1005-large_default/piment-naga.jpg
000236.jpg,https://image.shutterstock.com/image-photo/closeup-green-chilli-naga-viper-600w-383644621.jpg
000237.jpg,http://assets.keptelenseg.hu/img/content/2011/06/09/3450057760_48a88728d0_z.jpg
000238.jpg,https://image.shutterstock.com/z/avopix-425736391.jpg
000239.jpg,https://casablancamexican.com/wp-content/uploads/2013/05/Hot-Peppers-Hanging-86496342-300x200.jpg
000240.jpg,https://images.reverb.com/image/upload/s--2TLuo6x4--/f_auto,t_large/v1553601012/yyyhttyi3lccarfjj1hg.jpg
000241.jpg,https://alvasmusic.com/media/catalog/product/cache/1/image/9df78eab33525d08d6e5fb8d27136e95/catalinbread-naga-viper-treble-booster-853710004017_1.jpg
000242.jpg,https://www.premierguitar.com/ext/resources/archives/37b21c60-ff02-4529-9e68-fdafc1322cab.JPG?1502216320
000243.jpg,https://i.imgur.com/WPygefW.jpg
000244.jpg,https://thumbs.dreamstime.com/z/hot-pepper-saplings-greenhouse-naga-viper-small-cultivated-abel-erase-letters-write-your-own-53818891.jpg
000245.jpg,http://images.richtonemusic.co.uk/product/YCATALINBREAD66394b.jpg
000246.jpg,https://www.dealsanimg.com/d/l400/pict/132775418238_/2018-topps-allen-ginter-mini-hottest-peppers-naga-viper-.jpg
000247.jpg,https://www.mediteranka.com/images/slider/slid1.jpg
000248.jpg,http://www.sonicftp.com/122943/images/viper.png
000249.jpg,https://media.musicstorelive.com/media/catalog/product/cache/1/image/9df78eab33525d08d6e5fb8d27136e95/b/u/bu-cb-nagaviper-1-1.jpg
000250.jpg,https://assets.bigcartel.com/product_images/168743488/Naga_Viper.jpg?auto=format&fit=max&h=1000&w=1000
000251.jpg,http://d.facdn.net/art/kobaiy7598/1477176099/1477176085.kobaiy7598_naga_viper.png
000252.jpg,https://i.ebayimg.com/00/s/ODAwWDYwMA==/z/QUkAAOSwv-Bc8m~D/$_86.PNG
000253.jpg,https://store.npelectronics.co.uk/images/source/pedals/naga_shop.jpg
000254.jpg,https://ctl.s6img.com/society6/img/jYLcxfd82VSQbPfcAPof8I6wvX0/w_700/canvas/front-corner/~artwork/s6-original-art-uploads/society6/uploads/misc/027eff39c57649e6bc12dcb00173a2fc/~~/naga-viper-canvas.jpg?wait=0&attempt=0
000255.jpg,https://www.kitarapaja.com/images/products/catalin-viper_orig.jpg
000256.jpg,http://www.angrykoko.com/pictures/nagaviper/20140621_170511.jpg
000257.jpg,https://media-cdn.tripadvisor.com/media/photo-s/04/c1/8f/46/red-dog-saloon.jpg
000258.jpg,https://images-eu.ssl-images-amazon.com/images/I/51e64ZSr%2BPL.jpg
000259.jpg,https://c8.alamy.com/comp/J4AECG/naga-chili-J4AECG.jpg
000260.jpg,https://images1.selzstatic.com/users/194550/img/hjinrpureeo/dragon.jpg
000261.jpg,https://cdn.shopify.com/s/files/1/0620/0809/products/Naga_Viper.png?v=1475265750
000262.jpg,http://www.bassexchange.com/images/Catalinbread%20Naga%20Viper.JPG
000263.jpg,https://scontent-yyz1-1.cdninstagram.com/vp/25f0882670e0b27944b0473ac8f25565/5E23F867/t51.2885-15/sh0.08/e35/c0.135.1080.1080a/s640x640/69230292_2433411863372467_7043517403069411939_n.jpg?_nc_ht=scontent-yyz1-1.cdninstagram.com&_nc_cat=107
000264.jpg,https://images.reverb.com/image/upload/s--m_jcTcN3--/a_exif,c_limit,e_unsharp_mask:80,f_auto,fl_progressive,g_south,h_1600,q_80,w_1600/v1485452224/qj1optjoox1z211pkrek.jpg
000265.jpg,https://image.slidesharecdn.com/ignitetalks-170108210333/95/ignite-talks-11-638.jpg?cb=1483909506
000266.jpg,https://chillisgalore.co.uk/images/diary/2012/nagaviper1.jpg
000267.jpg,http://www.lahabitacionsaludable.com/wp-content/uploads/2016/03/chiles.jpg
000268.jpg,https://www.chili-shop.org/fotos/naga_viper_0.jpg
000269.jpg,https://mthumbs.static-thomann.de/thumb/padthumb600x360/pics/bdb/385295/11222704_800.jpg
000270.jpg,http://nerdtrek.com/wp-content/uploads/2010/12/Naga-Viper.jpg
000271.jpg,https://i.ytimg.com/vi/e0rFZwYjkaE/sddefault.jpg#404_is_fine
000272.jpg,https://www.kentchillifarm.co.uk/wp-content/uploads/2017/09/naga-viper2.jpg
000273.jpg,https://cdn.shopify.com/s/files/1/0987/8460/products/6cc0b871bdf98709a336aa83d66d6671_1400x.jpg?v=1538177236
000274.jpg,https://previews.123rf.com/images/fcw5/fcw51307/fcw5130700008/20986751-details-of-various-peppers-cajenna-habaneros-red-savina-seed-ancho-usa-capsico-naga-viper.jpg
000275.jpg,http://thumbor-prod-us-east-1.photo.aws.arc.pub/vj6N-5yncMoWZHBoR8s3vsVNt8k=/arc-anglerfish-arc2-prod-dmn/public/ZKL6R4BSVXCGMTUBNNJW6H2P7M.jpg
000276.jpg,http://i2.wp.com/www.thechillipepper.co.uk/wp-content/uploads/2015/10/Naga-Viper-Wings-e1445117628676.jpg?resize=960%2C720
000277.jpg,https://i.ebayimg.com/00/s/MTAyNFg1NzY=/z/lCgAAOSwm79c9Tg3/$_86.JPG
000278.jpg,https://1.bp.blogspot.com/-npa680WLitc/WgSA4t6Qw2I/AAAAAAAAJzs/h7yDEjfbF_4OHiltrSCzjNMWZby9jyeIgCLcBGAs/s1600/Naga%2Bviper%2B20170818_084028.jpg
000279.jpg,https://img.huffingtonpost.com/asset/5d021f0c210000a718eda84d.jpeg?ops=1778_1000
000280.jpg,https://cdn.junglecreations.com/wp/foodenvy/2018/10/6381bf1a-chilies.jpg
000281.jpg,http://image.free.in.th/z/ii/sam_3550copy.jpg
000282.jpg,https://www.worldofchillies.com/chilligallery/recordbreakerchilligallery/files/imgThumb_334.jpg
000283.jpg,http://www.curry-recipes.co.uk/imagehost/pics/38277c715253166d5553d8eaa4b4e4cb.jpg
000284.jpg,https://1.semena.cz/2892-thickbox_default/chilli-naga-viper-capsicum-chinense-semena-6-ks.jpg
000285.jpg,https://www.nosalty.hu/files/enhanced-26197-1436573786-1.png
000286.jpg,https://image.shutterstock.com/display_pic_with_logo/586069/1504288250/stock-photo-chocolate-naga-viper-pepper-isolated-on-a-white-background-1504288250.jpg
000287.jpg,https://cdn11.bigcommerce.com/s-7utostwv/images/stencil/800x800/products/22376/78561/DSC_0072__13540.1553806302.jpg?c=2&imbypass=on
000288.jpg,https://i.ytimg.com/vi/qfwU8jwhpLA/maxresdefault.jpg
000289.jpg,https://media-cdn.tripadvisor.com/media/photo-s/12/55/5e/6d/the-moab-mother-of-all.jpg
000290.jpg,https://scontent-yyz1-1.cdninstagram.com/vp/e23b43b55d8469c582d072b723ca500b/5E29C9CD/t51.2885-15/sh0.08/e35/c0.180.1440.1440a/s640x640/71031926_131189891581546_7131474845392077031_n.jpg?_nc_ht=scontent-yyz1-1.cdninstagram.com&_nc_cat=110
000291.jpg,https://s3.manualzz.com/store/data/017364388_1-2592beb516d8a9d42f2c008ec2cbd4c8.png
000292.jpg,https://a1.amlimg.com/OGRhYzNlNGQxNWE2YmM0NzRkNjE4Mzg5M2ZkN2Y2ZjZihOG0Qr1CThI1FhHic5k1aHR0cDovL21lZGlhLmFkc2ltZy5jb20vMDBkYTYxZWRhNWZjYTYyY2M0YmZiMDg5YTlhMTE2ZGU3YThiMTg1MDYxMGQ5YWVjZjgyYmFkMTNmMTdkZjhiNS5qcGd8fHx8fHw1MjV4NTI1fGh0dHA6Ly93d3cuYWR2ZXJ0cy5pZS9zdGF0aWMvaS93YXRlcm1hcmsucG5nfHx8.jpg
000293.jpg,http://salsaspicantes.net/wp-content/uploads/2019/04/Naga-viper-escala-scoville.jpg
000294.jpg,https://d1k5w7mbrh6vq5.cloudfront.net/images/cache/40/09/bf/4009bf8b2a87fce2eb4fa2c9364b3775.jpg
000295.jpg,https://www.nicepng.com/png/detail/133-1338079_doritos-naga-viper-graphic-design.png
000296.jpg,https://www.jrrshop.com/media/catalog/product/cache/1/small_image/300x300/74a4a449a69aa4085172589406c2c80b/i/m/img_2999-2.jpg
000297.jpg,https://papaspepperfarm.files.wordpress.com/2014/11/mg_0110.jpg
000298.jpg,https://pbs.twimg.com/media/DiL_lI5XcAU4yBI.jpg
000299.jpg,https://mir-s3-cdn-cf.behance.net/project_modules/max_1200/035b6d46609795.58cc0024d4187.jpg
000300.jpg,http://ecx.images-amazon.com/images/I/51wtNUrWBLL.jpg
000301.jpg,http://www.iloveitspicy.com/wp-content/uploads/2011/01/P1000330.jpg
000302.jpg,https://img2.wantitall.co.za/prodimages/2018-topps-allen-and-ginter-baseball-mini-world-s-hottest-peppers-whp-7-naga-viper__51vKiZ62oQL.jpg
000303.jpg,https://sc01.alicdn.com/kf/HTB1KxnwflfH8KJjy1Xb762LdXXaY/Naga-Viper-Sauce-and-Infinity-Chilli-Sauce.png
000304.jpg,https://scontent-frx5-1.cdninstagram.com/v/t51.2885-15/e35/s240x240/67820180_124016945572190_6161774316096835008_n.jpg?_nc_ht=scontent-frx5-1.cdninstagram.com&oh=2018f09b73fb7e600c74588b693801d9&oe=5E1018A2&ig_cache_key=MjExNTM1NjMzMDc4OTYxNTI0Ng%3D%3D.2
000305.jpg,https://i.redd.it/1y48swgasmg31.jpg
000306.jpg,https://i1.wp.com/newstaco.com/wp-content/uploads/2011/01/chile-worlds-hottest-naga-viper-300x276.jpg?resize=350%2C200
000307.jpg,http://files.effectsdatabase.com/gear/pics/catalinbread_nagaviper_002.jpg
000308.jpg,https://alchetron.com/cdn/infinity-chili-da0ab4d4-8d25-4c6f-86b8-918664e6373-resize-750.jpg
000309.jpg,https://http2.mlstatic.com/D_NQ_NP_724536-MLM30525171549_052019-W.jpg
000310.jpg,https://www.chili-shop.org/fotos/naga_viper_1.jpg
000311.jpg,https://static.kupindoslike.com/NAGA-VIPER-Chili-Peppers-15-semena-_slika_O_93567201.jpg
000312.jpg,https://www.chilipeppermadness.com/wp-content/uploads/2019/08/Naga-Morich-Pepper.jpg
000313.jpg,https://image.shutterstock.com/z/stock-photo-holding-peppers-yellow-chilli-or-naga-viper-in-hand-427542577.jpg
000314.jpg,https://images.reverb.com/image/upload/s--NHSUd1mo--/f_auto,t_large/v1544724354/kuw5y1a8p9gh6d2lcrvl.jpg
000315.jpg,https://ih1.redbubble.net/image.237571191.7268/ssrco%2Cracerback%2Cwomens%2Cfafafa%3Aca443f4786%2Cfront%2Cartwork%2C210x230-bg%2Cf8f8f8.u3.jpg
000316.jpg,https://media.karousell.com/media/photos/products/2017/10/22/naga_viper_seedling_1508667144_b482b471.jpg
000317.jpg,https://image.shutterstock.com/display_pic_with_logo/3914846/420231142/stock-photo-red-chilli-or-naga-viper-on-black-background-420231142.jpg
000318.jpg,http://www.pepperuko.com/wp-content/uploads/2019/01/NagaViper.jpg
000319.jpg,https://www.seminka-chilli.cz/fotografie/max/naga-viper-pepper-133-3.jpg
000320.jpg,https://scontent-lax3-1.cdninstagram.com/vp/cee8b7ea6d793e28f39be5c459a1a701/5DB788B4/t51.2885-15/sh0.08/e35/c0.100.800.800a/s640x640/61966485_356976905014984_1013739348028818489_n.jpg?_nc_ht=scontent-lax3-1.cdninstagram.com
000321.jpg,https://www.volimljuto.com/wp-content/uploads/2019/01/web-6-300x300.jpg
000322.jpg,https://cdn.shopify.com/s/files/1/0019/9884/8099/products/346645-4f8921a4edc04a21be4a310992c95b4b_1024x1024.png?v=1551869177
000323.jpg,http://i9.photobucket.com/albums/a88/Dumo_/catalinbread-naga-viper-treble-booster__99268140763253812801280_zpsa22a10bd.jpg
000324.jpg,https://img.thrfun.com/img/131/521/reproducing_a_rare_type_of_chilli_1_x5.jpg
000325.jpg,http://diavolopiccante.it/img/cms/naga-viper.jpg
000326.jpg,http://www.chiliszoszok.hu/shop_ordered/7378/pic/youtube.jpg
000327.jpg,https://scontent-yyz1-1.cdninstagram.com/vp/87a7d1aa9b071803d5a51b42ea892915/5DF68D91/t51.2885-15/sh0.08/e35/s640x640/28157074_151210358888672_736170275141320704_n.jpg?_nc_ht=scontent-yyz1-1.cdninstagram.com&_nc_cat=108
000328.jpg,https://www.cocinayvino.com/wp-content/uploads/2016/08/51303885_ml-e1470876791547.jpg
000329.jpg,https://pbs.twimg.com/media/DMQJgRBW4AA7P-E.jpg
000330.jpg,https://www.camicidivise.com/it/computedimage/attachment-556f3581e4b0ec33960de405.i1385-ksdwli2-l1.jpg
000331.jpg,http://fireislandfoods.weebly.com/uploads/5/5/0/3/5503719/7795862.jpg?968
000332.jpg,http://assets.keptelenseg.hu/img/content/2011/06/09/4971086216_2eae138c40_b.jpg
000333.jpg,https://www.picclickimg.com/d/l400/pict/253535011129_/20-NAGA-VIPER-CHOCOLATE-CHILLI-SEEDS-Capsicum-chinense.jpg
000334.jpg,https://zalajkowane.pl/wp-content/uploads/2014/11/papryka-naga-viper.jpg
000335.jpg,https://media.gettyimages.com/photos/tom-berk-holds-up-a-naga-viper-chilli-at-red-dog-saloon-on-hoxton-on-picture-id174515571
000336.jpg,https://scontent-lga3-1.cdninstagram.com/vp/6cdc71e508b5399e06dad3f93bfdd721/5E0857BD/t51.2885-15/sh0.08/e35/s640x640/69510236_1182265595295217_4549141375425082319_n.jpg?_nc_ht=scontent-lga3-1.cdninstagram.com&_nc_cat=101
000337.jpg,https://www.shaggkvist.se/wp-content/uploads/nagaviper2.jpg?lang=en
000338.jpg,https://i.ytimg.com/vi/sQedxQ6J5i8/maxresdefault.jpg
000339.jpg,https://img.bidorbuy.co.za/image/upload/user_images/957/1893957/1893957_120628214236_Worlds_Hottest.jpg
000340.jpg,https://contestimg.wish.com/api/webimage/5af93a99983376225df3eafa-large.jpg?cache_buster=2a579ab883ea76125f6fd140993ef44c
000341.jpg,http://media2.valvic.se/2017/08/20170809_161100.jpg
000342.jpg,https://c1.staticflickr.com/1/629/31474348056_fec971ec65_b.jpg
000343.jpg,https://www.premierseedsdirect.com/wp-content/uploads/2017/02/41581583-2-300x300.jpg
000344.jpg,https://scontent-yyz1-1.cdninstagram.com/vp/a4c178e74ac314e40fe872e9dc21fc26/5E1B58D7/t51.2885-15/sh0.08/e35/c0.0.1439.1439a/s640x640/69339805_557331821701579_1916699616311210629_n.jpg?_nc_ht=scontent-yyz1-1.cdninstagram.com&_nc_cat=107
000345.jpg,https://1.bp.blogspot.com/-RpLVCsbgQVk/WgSBaReA5uI/AAAAAAAAJz4/kt1rwmhIqsU65RLZ0_EcDCAgMnJoFp1BACLcBGAs/s1600/Naga%2Bviper%2B20170903_114859.jpg
000346.jpg,http://guitar-fx-layouts.42897.x6.nabble.com/file/n13514/photo.jpg
000347.jpg,http://thehotpepper.com/uploads/monthly_10_2017/post-13612-0-22142600-1507808149.jpg
000348.jpg,http://test.wacse.org/wp-content/uploads/2017/11/Orange-Bhut-Jolokia-300x300.jpg
000349.jpg,https://image.shutterstock.com/display_pic_with_logo/3914846/427376263/stock-photo-yellow-chilli-or-naga-viper-in-a-bowl-on-the-wooden-background-427376263.jpg
000350.jpg,https://www.chili-shop.org/fotos/naga_viper_2.jpg
000351.jpg,https://ih0.redbubble.net/image.482874820.5172/ra%2Ctank%2Cx925%2Cfafafa%3Aca443f4786%2Cfront-c%2C192%2C157%2C210%2C230-bg%2Cf8f8f8.lite-1u1.jpg
000352.jpg,https://static.kupindoslike.com/Seme-chilli-paprike-Naga-Viper_slika_XL_90753269.jpg
000353.jpg,https://www.seminka-chilli.cz/fotografie/max/naga-viper-pepper-133-4.jpg
000354.jpg,https://i.imgur.com/EQssFhm.jpg
000355.jpg,https://preview.redd.it/rvkwthmxsi731.jpg?width=640&crop=smart&auto=webp&s=ff3b5bf5d0fbd965c9b65844bb679c32969f9c6c
000356.jpg,https://i.etsystatic.com/17447389/r/il/ff1368/1841469407/il_570xN.1841469407_32v2.jpg
000357.jpg,https://images.reverb.com/image/upload/s--TC5GPTX_--/a_exif,c_limit,e_unsharp_mask:80,f_auto,fl_progressive,g_south,h_620,q_90,w_620/v1432782412/unf19fatwu1ievgblyxb.jpg
000358.jpg,https://farm8.staticflickr.com/7795/27072417704_767b61db43_b.jpg
000359.jpg,http://1.bp.blogspot.com/-eyGY4PEnzDI/UCF70K6YLUI/AAAAAAAACK4/tYVSwGWSvA4/s1600/Catalinbread+Naga+Viper.png
000360.jpg,https://rawpetiteness.files.wordpress.com/2014/02/1014129_10152229166126007_2140966280_n.jpg
000361.jpg,https://pbs.twimg.com/media/DBiwGA-WAAEPSzV.jpg
000362.jpg,https://i.ytimg.com/vi/jmEZdCZza3s/maxresdefault.jpg
000363.jpg,http://thehotpepper.com/uploads/monthly_07_2019/post-5857-0-48228200-1562801119.jpg
000364.jpg,https://c8.alamy.com/comp/H8MTGW/three-red-and-green-norfolk-naga-or-naga-jolokia-chilli-peppers-on-H8MTGW.jpg
000365.jpg,https://www.seminka-chilli.cz/fotografie/max/naga-viper-pepper-133-6.jpg
000366.jpg,https://media.karousell.com/media/photos/products/2019/04/24/world_of_chili__whole_oven_dried__carolina_reaper__trinidad_moruga_scorpion__naga_viper__ghost_peppe_1556068452_9ae31a580
000367.jpg,https://images.reverb.com/image/upload/s--mY9YQYhs--/a_exif,c_limit,e_unsharp_mask:80,f_auto,fl_progressive,g_south,h_620,q_90,w_620/v1501697255/g2dh3x5ajxzolc0kqo1x.jpg
000368.jpg,https://www.picclickimg.com/d/l400/pict/263582049006_/20-NAGA-VIPER-ORANGE-CHILLI-SEEDS-Capsicum-chinense.jpg
000369.jpg,https://upload.wikimedia.org/wikipedia/commons/thumb/3/35/Naga_Jolokia_Peppers.jpg/1200px-Naga_Jolokia_Peppers.jpg
000370.jpg,https://www.chili-shop.org/fotos/naga_viper_3.jpg
000371.jpg,https://www.chileseeds.co.uk/wp-content/uploads/2016/10/BlackNagachilliseed.jpg
000372.jpg,http://3.bp.blogspot.com/-lHw2Uu1lqBA/WBnyuclaRAI/AAAAAAAAEXE/WtoSbtURhvQN02QQKIQydvPHmQf9gOZMQCK4B/s1600/Catalinbread%2BNaga%2BViper.png
000373.jpg,https://www.picclickimg.com/d/l400/pict/323767416811_/15-Naga-Viper-Pepper-Seeds-chili-chile.jpg
000374.jpg,https://i.redd.it/0dk54ugqxod11.jpg
000375.jpg,https://i.ytimg.com/vi/tIvaxNSLoAE/hqdefault.jpg
000376.jpg,https://images.reverb.com/image/upload/s--TdVXIusy--/a_exif,c_limit,e_unsharp_mask:80,f_auto,fl_progressive,g_south,h_620,q_90,w_620/v1514070790/cul0xx3suqi7fxwaxsx2.jpg
000377.jpg,https://img.thrfun.com/img/131/522/reproducing_a_rare_type_of_chilli_2_x5.jpg
000378.jpg,https://static.kupindoslike.com/Cili-Naga-Viper-10-semenki_slika_O_46624845.jpg
000379.jpg,https://farm9.staticflickr.com/8340/8194718528_c13bb2b1d8_b.jpg
000380.jpg,https://images.reverb.com/image/upload/s--HzFlact9--/f_auto,t_large/v1568576533/ievkerplqsed9deip5it.jpg
000381.jpg,https://i.ytimg.com/vi/wNLc5T15TTc/maxresdefault.jpg
000382.jpg,https://external-preview.redd.it/q_rQr304xA_qcXYSnopYdcbygvIri09GlHRFQl93IHQ.jpg?auto=webp&s=0a3d3063b5c1cf9c822b79f829d82fb1b99353a8
000383.jpg,https://live.staticflickr.com/1448/25759722270_6f535a377b_b.jpg
000384.jpg,https://images.reverb.com/image/upload/s--rN8WSyyP--/a_exif,c_limit,e_unsharp_mask:80,f_auto,fl_progressive,g_south,h_620,q_90,w_620/v1383430304/gjfxlnazak4o3n5fn7ph.jpg
000385.jpg,https://i.ytimg.com/vi/5V7tc86GfSY/maxresdefault.jpg
000386.jpg,https://images.reverb.com/image/upload/s--4P0PGHFz--/f_auto,t_large/v1533848655/wg5mtdls2p99s5anmmn7.jpg
000387.jpg,http://thehotpepper.com/uploads/monthly_10_2015/post-8323-0-27710600-1446234090.jpg
000388.jpg,https://i.ytimg.com/vi/iqeQBCqq0ZM/maxresdefault.jpg
000389.jpg,https://images.reverb.com/image/upload/s--TovuH-DN--/a_exif,c_limit,e_unsharp_mask:80,f_auto,fl_progressive,g_south,h_620,q_90,w_620/v1526885091/z48f5xutweywcsvqc24d.jpg
000390.jpg,http://i783.photobucket.com/albums/yy115/DutchPeppers/2012%20PeppersRus/Pepperplant%20pictures/Pepper%20pod%20shots/NagaViper1-1.jpg
000391.jpg,http://thehotpepper.com/uploads/monthly_07_2015/post-9529-0-76310200-1437592846.jpg
000392.jpg,https://i.ytimg.com/vi/jtVI9uCr9WU/maxresdefault.jpg
000393.jpg,https://i.redd.it/bgnlai67gjp31.jpg
000394.jpg,https://i.ytimg.com/vi/RVdVRjRA1pM/maxresdefault.jpg
000395.jpg,http://image.free.in.th/z/ib/sam_3552copy.jpg
000396.jpg,http://i608.photobucket.com/albums/tt162/JungleRain_Chilli/2011_2012%20Season/Something%20New/NagaViper11.jpg
000397.jpg,https://i.ytimg.com/vi/kikEcm5QpX8/maxresdefault.jpg
000398.jpg,http://rahiseedbank.com/wp-content/uploads/2014/07/061.jpg
000399.jpg,https://www.ilikeseeds.com/assets/full/CBJChoc20.jpg
000400.jpg,https://image.jimcdn.com/app/cms/image/transf/dimension=1820x1280:format=jpg/path/s5e1b30cc4970f2bf/image/if8a82204cf863487/version/1541792173/image.jpg
000401.jpg,https://pepperhead.com/wp-content/uploads/2016/12/Naga-Viper1.jpg
000402.jpg,https://www.pepperscale.com/wp-content/uploads/2017/09/naga-viper.jpg
000403.jpg,https://www.ukchilliseeds.co.uk/ekmps/shops/chilliwizard/images/naga-viper-brain-1033-p.jpg
000404.jpg,https://cdn.shopify.com/s/files/1/0915/1060/products/Naga-Viper-hot-pepper-4-pepper-joes.jpg
000405.jpg,https://www.ukchilliseeds.co.uk/ekmps/shops/chilliwizard/images/7-pod-lucy-hybrid-naga-viper-x-red-7-pod-[2]-753-p.jpg
000406.jpg,http://www.seminka-chilli.cz/fotografie/max/naga-viper-pepper-133-4.jpg
000407.jpg,https://i0.wp.com/pepperhead.com/wp-content/uploads/Naga-Viper-Header.jpg
000408.jpg,https://d36tnp772eyphs.cloudfront.net/blogs/1/2017/02/naga-viper.jpg
000409.jpg,https://cayennediane.wpengine.com/wp-content/uploads/2015/05/Naga_Viper_Pepper.jpg
000410.jpg,http://rahiseedbank.com/wp-content/uploads/2014/07/n1.jpg
000411.jpg,http://i.imgur.com/QvZ7Pxv.jpg
000412.jpg,https://cdn.thehippyseedcompany.com/wp-content/uploads/2018/03/Viper-Naga-13.jpg
000413.jpg,https://effektpedaler.dk/wp-content/uploads/catalinbread-naga-viper.jpg
000414.jpg,http://2.bp.blogspot.com/_MJC_-n8ZzoQ/TPrVX1wiZII/AAAAAAAAV8U/ENFOaeikiBg/s1600/Naga-Viper-L.jpg
000415.jpg,https://www.chileseeds.co.uk/wp-content/uploads/2016/10/Naga-Viper-Chilli-Seeds-1024x768.jpg
000416.jpg,http://www.seminka-chilli.cz/fotografie/max/naga-viper-pepper-133-1.jpg
000417.jpg,https://cdn.thehippyseedcompany.com/wp-content/uploads/2018/03/Viper-Naga-6.jpg
000418.jpg,http://www.seminka-chilli.cz/fotografie/max/naga-viper-pepper-133-3.jpg
000419.jpg,https://i0.wp.com/www.teninsider.com/wp-content/uploads/2016/07/naga-viper.jpg
000420.jpg,http://i871.photobucket.com/albums/ab275/nickdu6/013-3.jpg
000421.jpg,http://www.seminka-chilli.cz/fotografie/max/naga-viper-pepper-133-5.jpg
000422.jpg,https://cdn.thehippyseedcompany.com/wp-content/uploads/2017/06/Purple-Viper.jpg
000423.jpg,https://www.ukchilliseeds.co.uk/ekmps/shops/chilliwizard/images/naga-viper-brain-[2]-1033-p.jpg
000424.jpg,https://www.seminka-chilli.cz/fotografie/max/naga-viper-pepper-133-2.jpg
000425.jpg,http://www.seminka-chilli.cz/fotografie/max/naga-viper-pepper-133-0.jpg
000426.jpg,http://chili-papricice.com/wp-content/uploads/2014/03/20140906_163409.jpg
000427.jpg,http://3.bp.blogspot.com/-M4eBm3zgyMU/VAX9p268pAI/AAAAAAAADjI/ZluxtCb4pfQ/s1600/IMG_0483_Naga%2BViper.jpg
000428.jpg,https://i.pinimg.com/736x/fc/6e/01/fc6e01e04d0cdf641e9a301dd2b4a583--viper-naga.jpg
000429.jpg,https://www.scattidigusto.it/wp-content/uploads/2016/01/peperoncino-Naga-Viper.jpg
000430.jpg,https://alvasmusic.com/media/catalog/product/cache/1/image/9df78eab33525d08d6e5fb8d27136e95/catalinbread-naga-viper-treble-booster-853710004017_1.jpg
000431.jpg,https://cdn.thehippyseedcompany.com/wp-content/uploads/2017/06/Purple-Viper-Naga-1.jpg
000432.jpg,https://cdn2.shopify.com/s/files/1/0647/9057/products/naga_2.jpg
000433.jpg,https://images.reverb.com/image/upload/s--oO7dSecY--/a_exif,c_limit,e_unsharp_mask:80,f_auto,fl_progressive,g_south,h_1600,q_80,w_1600/v1440444337/xqlcmw6sht4thxc1xkey.jpg
000434.jpg,http://blackberryburrow.com/wp-content/uploads/2014/11/Naga-Viper-October-2014.jpg
000435.jpg,http://images.peachguitars.com/1/1522229048_3763.jpg
000436.jpg,https://cdn.thehippyseedcompany.com/wp-content/uploads/2017/06/Purple-Naga-Viper-1.jpg
000437.jpg,https://alvasmusic.com/media/catalog/product/cache/1/image/9df78eab33525d08d6e5fb8d27136e95/catalinbread-naga-viper-treble-booster-853710004017_2.jpg
000438.jpg,https://cdn.thehippyseedcompany.com/wp-content/uploads/2017/06/Purple-Naga-Viper-15.jpg
000439.jpg,https://www.volimljuto.com/wp-content/uploads/2018/08/Naga_viper-VolimLjuto.jpg
000440.jpg,http://www.seminka-chilli.cz/fotografie/max/naga-viper-pepper-133-6.jpg
000441.jpg,https://www.chilisepp.at/images/Wissenswertes/Pflanzenbeschreibungen/Naga_Viper/Naga-Viper-2016-13.jpg
000442.jpg,https://cdn.shopify.com/s/files/1/2015/7205/products/Catalinbread_Naga_Viper_02_1400x.jpg
000443.jpg,https://www.bonedo.de/fileadmin/Images/Gitarre/Test/Catalinbread_Naga_Viper/Catalinbread_Naga_Viper_005FIN.jpg
000444.jpg,https://diavolopiccante.it/132-thickbox_default/semi-naga-viper.jpg
000445.jpg,https://static.kupindoslike.com/Cili-Naga-Viper-10-semenki_slika_O_46624845.jpg
000446.jpg,https://reverb-res.cloudinary.com/image/upload/s--611UHwKg--/a_exif,c_limit,f_auto,fl_progressive,g_south,h_620,q_auto:eco,w_620/v1461788476/yyx7mtwebqgv9nkmrobh.jpg
000447.jpg,https://img.thrfun.com/img/131/510/reproducing_a_rare_type_of_chilli_naga_viper_x6.jpg
000448.jpg,https://diavolopiccante.it/93-thickbox_default/naga-viper-secco.jpg
000449.jpg,http://chili-papricice.com/wp-content/uploads/2014/03/20140906_163402.jpg
000450.jpg,https://www.venditapiccolifrutti.it/wp-content/uploads/2017/04/peperoncino-naga-viper.jpg
000451.jpg,https://musicstorelive.com/media/catalog/product/cache/1/image/1200x1200/0dc2d03fe217f8c83829496872af24a0/1/4/1430010-6.jpg
000452.jpg,https://1.bp.blogspot.com/-ItDh56x3WCw/UPGFIU0OXsI/AAAAAAAABQc/tjLv0ZOJqWU/s1600/2013-01-12+14.14.08.jpg
000453.jpg,http://img.thrfun.com/img/135/597/gorgeous_naga_viper_chili_l3.jpg
000454.jpg,https://www.zikinf.com/_gfx/matos/dyn/large/catalinbread-naga-viper_2.jpg
000455.jpg,https://www.volimljuto.com/wp-content/uploads/2019/01/web-6.jpg
000456.jpg,https://cdn.shopify.com/s/files/1/0915/1060/products/Naga-viper-hot-pepper-pepper-joes.jpg
000457.jpg,https://1.bp.blogspot.com/-9plgDEhbqUc/UPGFHWWX6TI/AAAAAAAABQU/NWFrKNfJU3A/s1600/2013-01-11+20.03.22.jpg
000458.jpg,https://st2.depositphotos.com/3147683/7047/i/950/depositphotos_70477047-stock-photo-naga-viper-hot-pepper-sapling.jpg
000459.jpg,https://lacuocaignorante.altervista.org/wp-content/uploads/2019/07/Naga-Viper2.jpg
000460.jpg,https://cdn.webshopapp.com/shops/60827/files/244438880/purple-viper-naga.jpg
000461.jpg,https://www.chilisepp.at/images/Wissenswertes/Pflanzenbeschreibungen/Naga_Viper/Naga-Viper-2016-9.jpg
000462.jpg,https://cdn.shopify.com/s/files/1/2015/7205/products/Catalinbread_Naga_Viper_01_1400x.jpg
000463.jpg,https://medias.audiofanzine.com/images/normal/catalinbread-naga-viper-1768891.jpg
000464.jpg,https://diavolopiccante.it/133-thickbox_default/semi-naga-viper.jpg
000465.jpg,http://www.passionpepper.it/wp-content/uploads/2017/02/Naga-viper..jpg
000466.jpg,https://i.ytimg.com/vi/Wuw93ZEA1U4/maxresdefault.jpg
000467.jpg,https://medias.audiofanzine.com/images/normal/catalinbread-naga-viper-2075924.jpg
000468.jpg,https://i.ytimg.com/vi/xq5AAUeRPvg/hqdefault.jpg
000469.jpg,http://i.ytimg.com/vi/Y70yD5p9RxA/0.jpg
000470.jpg,http://pieroturri.creabit.it/wp-content/uploads/2017/06/Naga-Viper.jpg
000471.jpg,http://backtomygarden.com/wp-content/uploads/2014/06/nagaviperpepper2-e1402313368472.jpg
000472.jpg,https://www.capsicum-chinense.org/fotos/Naga-Viper.jpg
000473.jpg,http://cdn1.shopmania.biz/files/s1/129541897/p/l/1/ardei-iute-purple-viper-naga~7740061.jpg
000474.jpg,https://www.mrjackguitars.com/media/catalog/product/cache/8/image/9df78eab33525d08d6e5fb8d27136e95/c/a/cat_nagaviper.jpg
000475.jpg,https://annegerrish.files.wordpress.com/2012/02/naga-viper.jpg
000476.jpg,http://niagaraorganichotpepperseeds.com/wp-content/uploads/2014/10/IMG_00000393.jpg
000477.jpg,https://www.kitarapaja.com/images/products/catalin-viper-back_orig.jpg
000478.jpg,http://i.ytimg.com/vi/RVdVRjRA1pM/0.jpg
000479.jpg,http://www.crokfun.com/manger-insolite/wp-content/uploads/2014/02/chilesTrinidadScorpion89-2011.jpg
000480.jpg,http://www.eatnwaf.com/wp-content/uploads/2011/02/Naga11.jpg
000481.jpg,http://i.ytimg.com/vi/PzkASRiqywk/0.jpg
000482.jpg,https://www.kitarapaja.com/images/products/catalin-viper_orig.jpg
000483.jpg,https://www.chilisepp.at/images/Wissenswertes/Pflanzenbeschreibungen/Naga_Viper/Gallery/2017-10-20-078.jpg
000484.jpg,https://www.chilisepp.at/images/fotos/Pflanzen/Naga_Viper/2017-10-20-091.jpg
000485.jpg,https://i.pinimg.com/originals/77/59/cc/7759cc9f4cd9d7f3acf91244ed170055.jpg
000486.jpg,https://image.shutterstock.com/z/stock-photo-yellow-chilli-or-naga-viper-425736388.jpg
000487.jpg,https://3.bp.blogspot.com/-M4eBm3zgyMU/VAX9p268pAI/AAAAAAAADjI/ZluxtCb4pfQ/s1600/IMG_0483_Naga%2BViper.jpg
000488.jpg,http://blackberryburrow.com/wp-content/uploads/2014/11/DavidwithPepperandTomato.jpg
000489.jpg,http://blackberryburrow.com/wp-content/uploads/2014/11/tomatohiding1_iTunesArtwork_1400_Fotor-1024x1024.jpg
000490.jpg,https://media.guitarcenter.com/is/image/MMGS7/J06442000000000-00-1000x1000.jpg
000491.jpg,https://s-media-cache-ak0.pinimg.com/564x/ec/fb/6f/ecfb6f5adfd7943e1dfbffd36f50b80d.jpg
000492.jpg,https://s-media-cache-ak0.pinimg.com/736x/3c/4f/66/3c4f66a339f1b39e41bd862cf5dd4b21.jpg
000493.jpg,https://i.pinimg.com/originals/09/90/9d/09909d51764f421b91f852560e9ca445.jpg
000494.jpg,https://files.libero.pe/Libero/2019/10/23/20191022192514-1-1571793071.jpg
000495.jpg,https://static.kupindoslike.com/Cili-Naga-Viper-10-semenki_slika_O_46624849.jpg
000496.jpg,https://s-media-cache-ak0.pinimg.com/736x/08/41/81/084181bef30a1dbce086d4c766214fe4.jpg
