image,source
000001.jpg,https://www.seriouseats.com/recipes/images/2015/04/20150420-pimientos-de-padron-tapas-easy-peppers-spanish-6-1500x1125.jpg
000002.jpg,https://spanishsabores.com/wp-content/uploads/2018/02/IMG_1734.jpg
000003.jpg,https://flockler.com/thumbs/sites/192/rick_stein-s_spain_1_19_img_s600x600.jpg
000004.jpg,https://www.bbcgoodfood.com/sites/default/files/styles/recipe/public/recipe/recipe-image/2019/06/padron-peppers.jpg?itok=x3-jWYaE
000005.jpg,https://www.bascofinefoods.com/spanish-recipes-wpfiles/wp-content/uploads/2019/05/fried-padron-peppers.jpg
000006.jpg,https://smhttp-ssl-17653.nexcesscdn.net/media/catalog/product/cache/1/thumbnail/9df78eab33525d08d6e5fb8d27136e95/j/s/jsspadron.cat-web.jpg
000007.jpg,https://cdn.shopify.com/s/files/1/0915/1060/products/Padron_Pepper_Seeds.jpg?v=1536940763
000008.jpg,https://www.carolinescooking.com/wp-content/uploads/2019/06/pimiento-de-padron-peppers-photo.jpg
000009.jpg,https://assets.epicurious.com/photos/54b02e8e766062b2034487ea/master/pass/51149050_padron-peppers_1x1.jpg
000010.jpg,https://honestcooking.com/wp-content/uploads/2011/07/DSC00903.jpg
000011.jpg,http://images.media-allrecipes.com/userphotos/960x960/4526613.jpg
000012.jpg,https://upload.wikimedia.org/wikipedia/commons/5/54/Pementos_de_Padron.jpg
000013.jpg,https://www.fearlessdining.com/wp-content/uploads/2018/06/roasted-padrone-peppers-hero.jpg
000014.jpg,https://www.abelandcole.co.uk/media/6856_16819_z.jpg
000015.jpg,https://cdn.shopify.com/s/files/1/0972/6282/products/padron-pepper-60-days-heirloom-vegetables-pinetree-garden-seeds_845.jpg?v=1542897623
000016.jpg,https://images-na.ssl-images-amazon.com/images/I/A1N9xA%2B1fkL._SY450_.jpg
000017.jpg,https://www.southdevonchillifarm.co.uk/images/detailed/1/PadronSeeds21100_ywdk-t2.jpg
000018.jpg,http://www.pbs.org/food/wp-content/blogs.dir/2/files/2013/08/padron-peppers-3.jpg
000019.jpg,https://www.elmundoeats.com/wp-content/uploads/2018/04/Stuffed-Padron-Peppers-1.jpg
000020.jpg,https://images-na.ssl-images-amazon.com/images/I/717R9EhxeJL._SL1500_.jpg
000021.jpg,https://i1.wp.com/theyumyumclub.com/wp-content/uploads/2018/11/PP-7.png?resize=610%2C376&ssl=1
000022.jpg,https://www.rareseeds.com/assets/1/14/DimRegular/Pepper_Pimiento_De_Padron__168_LSS_000_2247.JPG
000023.jpg,https://www.foodifancy.com/wp-content/uploads/2017/09/padron-peppers.jpg
000024.jpg,https://scm-assets.constant.co/unilever/e9dc924f238fa6cc29465942875fe8f0/ee6173ba-6b04-4989-a525-c8462eb5ecf4.jpg
000025.jpg,https://www.seriouseats.com/images/2015/04/20150420-pimientos-de-padron-tapas-easy-peppers-spanish-1.jpg
000026.jpg,https://www.craftbeering.com/wp-content/uploads/2019/05/Padron-Peppers-SQ-3.jpg
000027.jpg,http://garlicgold.com/wp-content/uploads/2015/08/garlic-gold-padron-peppers.jpg
000028.jpg,https://honestcooking.com/wp-content/uploads/2012/09/Pimientos-Padr%C3%B3n_1-HC.jpg
000029.jpg,https://flockler.com/thumbs/sites/192/padron-pepper-halloumi-salad-7e589568-2e65-44e4-a4c8-a3b2c1c141e7_s1200x630_c600x349_l0x145.jpg
000030.jpg,https://www.nativityseeds.com/media/catalog/product/cache/1/image/800x800/9df78eab33525d08d6e5fb8d27136e95/p/a/padron_pepper_2.jpg
000031.jpg,https://www.sandiegoseedcompany.com/wp-content/uploads/2018/04/Pepper-Padron-2-960x640.jpg
000032.jpg,http://www.specialtyproduce.com/sppics/9010.png
000033.jpg,https://www.comenaranjas.com/images/stories/virtuemart/product/pimiento-padron.jpg
000034.jpg,https://cdn.whatsgabycooking.com/wp-content/uploads/2011/08/08_17_16_WGC_CB_26455-copy-2.jpg
000035.jpg,https://www.specialtyproduce.com/sppics/5211.png
000036.jpg,https://www.cuisinefiend.com/RecipeImages/Padron%20peppers/fresh-padron-peppers.jpg
000037.jpg,https://cdn.shopify.com/s/files/1/0129/8922/products/Padro-pepper_-sweet_c391a9b8-c35c-4445-be57-f38a4eb7053a_grande.jpg?v=1487923511
000038.jpg,https://144f2a3a2f948f23fc61-ca525f0a2beaec3e91ca498facd51f15.ssl.cf3.rackcdn.com/uploads/food_portal_data/recipes/recipe/hero_article_image/76/letterbox_PEPPERS_ALMONDS_1088801593.jpg
000039.jpg,https://www.kitchenkonfidence.com/wp-content/uploads/2011/09/SpanishStylePadronPeppers2.jpg
000040.jpg,https://cdn.shopify.com/s/files/1/1904/8475/products/Padron_Pepper_large.jpg?v=1551790632
000041.jpg,https://goodeggs2.imgix.net/product_photos/i9pX6dmzSvKx37O3xuug_2018_0309_DelCabo_PadronPeppers%20%281d2f749bb757476fa8f7aacdc58f1e4c08c0d07e%29.jpg?w=840&h=525&fm=jpg&q=80&fit=crop
000042.jpg,https://images.tienda.com/is/image/LaTienda/vg-08?wid=720&qlt=60
000043.jpg,https://www.gastronomicspain.com/2444-thickbox_default/padron-peppers.jpg
000044.jpg,https://img.sunset02.com/sites/default/files/styles/4_3_horizontal_-_900x675/public/rib-eye-steaks-blistered-padron-peppers-su.jpg
000045.jpg,https://img.sndimg.com/food/image/upload/c_thumb,q_80,w_412,h_232/v1/img/recipes/41/84/42/piclQrnq9.jpg
000046.jpg,https://blog.williams-sonoma.com/wp-content/uploads/2015/09/Sept-11-Grilled-Padron-Peppers-with-Sea-Salt.jpg
000047.jpg,https://www.cilantroandcitronella.com/wp-content/uploads/2015/04/padron-peppers-picture-720x405.jpg
000048.jpg,https://cdn.thehippyseedcompany.com/wp-content/uploads/2017/06/Padron-pepper-2.jpg
000049.jpg,https://www.seriouseats.com/images/2015/04/20150420-pimientos-de-padron-tapas-easy-peppers-spanish-3.jpg
000050.jpg,https://img.sunset02.com/sites/default/files/styles/4_3_horizontal_-_900x675/public/image/recipes/su/14/09/pan-roasted-padron-peppers-su-x.jpg
000051.jpg,https://cookingwithawallflower.com/wp-content/uploads/2018/10/Furikake-Seasoned-Padron-Peppers-1.jpg
000052.jpg,https://images-na.ssl-images-amazon.com/images/I/51SsWmmAuKL.jpg
000053.jpg,https://www.thetapaslunchcompany.co.uk/products/large/pimientos-padron-200g3.jpg
000054.jpg,https://lunya.co.uk/wp-content/uploads/2013/11/DeliProducts-0311.jpg
000055.jpg,https://suttons.s3.amazonaws.com/p/156220f_3.jpg
000056.jpg,http://www.ck-creativekitchen.com/uploads/recipe/249/800x533/Padron_pepper_tempura.jpg
000057.jpg,https://www.friedas.com/wp-content/uploads/2015/06/christinascucina_shishito-1024x682.jpg
000058.jpg,https://www.thetapaslunchcompany.co.uk/products/large/pimientos-padron-200g.jpg
000059.jpg,https://cdn11.bigcommerce.com/s-a9b4a/images/stencil/1024x1024/products/360/4046/Padron_Pepper__02994.1549402220.jpg?c=2
000060.jpg,https://i.etsystatic.com/15006422/r/il/8d2b31/1411924771/il_794xN.1411924771_7nzl.jpg
000061.jpg,https://cdn-image.myrecipes.com/sites/default/files/styles/medium_2x/public/image/recipes/su/14/03/padron-pepper-salad-su-x.jpg?itok=KgGxCrt3
000062.jpg,https://www.chilipeppermadness.com/wp-content/uploads/2019/04/Pimiento-de-Padron-Peppers.jpg
000063.jpg,https://fussfreeflavours.com/wp-content/uploads/2015/08/Cheesy-Padron-Peppers-Recipe-captioned-500x375.jpg
000064.jpg,https://www.pepperscale.com/wp-content/uploads/2015/01/Padron-Pepper-768x512.jpeg
000065.jpg,https://cdn.shopify.com/s/files/1/1275/3287/products/Padron_Pepper_USF_600x600.png?v=1481499807
000066.jpg,https://www.chilliseedbank.com.au/media/catalog/product/cache/image/720x560/4c3462793ba5f87d7658a49338bdb5e2/p/a/padronplate.jpg
000067.jpg,https://www.greedygourmet.com/wp-content/uploads/2018/01/spanishtapaspeppers.jpg
000068.jpg,https://bojongourmet.com/wp-content/uploads/2015/07/padron-pepper-margherita-pizza-gluten-free-22.jpg
000069.jpg,https://cdn11.bigcommerce.com/s-q83qdckkjh/images/stencil/1280x1280/products/471/4036/Padron-PepperBC1__55727.1555968962.jpg?c=2&imbypass=on
000070.jpg,https://cmkt-image-prd.global.ssl.fastly.net/0.1.0/ps/4599801/910/607/m2/fpnw/wm1/hm3gdpgjxg1p43rawrehua7urkzjimndyqh5fwuqk5szkaamape7frh9rwnjbiqb-.jpg?1528879411&s=46ff0f919c6de3ea93754eb6752a9b07
000071.jpg,https://cdn.shopify.com/s/files/1/0314/3901/products/IMG_8288sq.png?v=1538607297
000072.jpg,https://www.edenbrothers.com/store/media/Seeds-Vegetables/resized/SVPEP137-1_medium.jpg
000073.jpg,https://asiantestkitchen.com/wp-content/uploads/2018/10/padron-peppers-on-plate-with-whisky-1-of-1.jpg
000074.jpg,https://www.gastronomicspain.com/2443-thickbox_default/padron-peppers-500-gr.jpg
000075.jpg,https://images-eu.ssl-images-amazon.com/images/I/61KcBWU3t8L.jpg
000076.jpg,https://www.thespruceeats.com/thmb/LeOLH38RhT0_QQQCwOUlp0drVN8=/960x0/filters:no_upscale():max_bytes(150000):strip_icc()/GettyImages-503124353-58f040295f9b582c4dd2e7e9.jpg
000077.jpg,https://www.extertronic.com/4263-large_default/padron-pepper.jpg
000078.jpg,https://cdn.shopify.com/s/files/1/0025/8002/1309/files/2.-Padron-peppers--in-page_3635_2_2658fec3-9913-4995-b5a5-a7b8f2ddefce.jpg?16782188037303070388
000079.jpg,https://assets.marthastewart.com/styles/img_520x520-highdpi/d21/peppers7-0711md106460/peppers7-0711md106460_hd.jpg?itok=ChvmRmp1
000080.jpg,https://www.k33kitchen.com/wp-content/uploads/2019/05/k33kitchen_spanish-tapas-style-green-pepper_3-750x563.jpg
000081.jpg,https://cdn11.bigcommerce.com/s-83924/images/stencil/2048x2048/products/1323/492/FDBO_97-38_400px__55215.1311021142.jpg?c=2
000082.jpg,https://i.pinimg.com/originals/64/b3/66/64b366431fe4914318a4061a60967b14.png
000083.jpg,https://previews.123rf.com/images/victority/victority1804/victority180400299/100445983-pimientos-de-padr%C3%B3n-preparing-green-padron-peppers-in-the-frying-pan-.jpg
000084.jpg,https://cdn.shopify.com/s/files/1/1022/5071/products/pimientos-de-padron-pepper-capiscum-annuum-hot-sweet-mild-spanish-heirloom-1.jpg?v=1565030727
000085.jpg,https://www.superhotchiles.com/wp-content/uploads/2018/04/Pimiento_de_Padron_4-600x400.jpg
000086.jpg,https://cdn-image.foodandwine.com/sites/default/files/styles/4_3_horizontal_-_1200x900/public/201401-xl-spicy-hominy-and-padron-pepper-succotash-with-seared-scallops.jpg?itok=mNd4-kLv
000087.jpg,https://daisiesandpie.co.uk/wp-content/uploads/2017/05/blistered-padron-peppers.jpg
000088.jpg,https://images-na.ssl-images-amazon.com/images/I/71VyrcIiQSL._SX425_.jpg
000089.jpg,https://cdn7.dissolve.com/p/D1062_65_115/D1062_65_115_1200.jpg
000090.jpg,https://smhttp-ssl-17653.nexcesscdn.net/media/catalog/product/cache/1/thumbnail/9df78eab33525d08d6e5fb8d27136e95/s/n/snv8523-web_1.jpg
000091.jpg,https://previews.123rf.com/images/victority/victority1805/victority180500066/100930450-fried-green-padron-peppers-in-white-bowl-pimientos-de-padron-.jpg
000092.jpg,https://static.artfire.com/uploads/mfs/items/c6/23/large/c6238f65f2b10963a438a092efa2f412ae769d5b7a699e98b22a0d4b98e66f56.jpg
000093.jpg,https://andreasrecipes.com/photos/Peppers_padron_tapa.jpg
000094.jpg,https://comps.canstockphoto.co.uk/padron-pepper-plant-stock-photo_csp60275043.jpg
000095.jpg,https://i.etsystatic.com/9762701/r/il/ffcc37/1371168558/il_570xN.1371168558_221t.jpg
000096.jpg,https://i.ytimg.com/vi/FiGjCtujhrY/maxresdefault.jpg
000097.jpg,https://www.theanticancerkitchen.com/wp-content/uploads/2018/02/Padron_peppers.jpg
000098.jpg,https://www.theocooks.com/wp-content/uploads/Padron-Peppers-by-Theo-Michaels.jpg
000099.jpg,https://www.rocketgardens.co.uk/wp-content/uploads/2019/05/padron.jpg
000100.jpg,https://blog.ideasinfood.com/.a/6a00d83451f83a69e201b7c87dabcb970b-500wi
000101.jpg,https://cookingwithawallflower.com/wp-content/uploads/2017/10/Pan-Seared-Padron-Peppers-with-Honey-Soy-Sesame-Dipping-Sauce-2.jpg
000102.jpg,http://liveearthfarm.net/wp-content/uploads/2012/09/RoastingPadronPeppers-e1346691585127.jpg
000103.jpg,https://acapitolcontessa.files.wordpress.com/2015/08/dsc00906.jpg
000104.jpg,https://comps.canstockphoto.co.uk/padron-peppers-on-plant-stock-photo_csp60275049.jpg
000105.jpg,https://bojongourmet.com/wp-content/uploads/2013/08/padron-pepper-soft-tacos-bright-11.jpg
000106.jpg,https://www.southdevonchillifarm.co.uk/images/detailed/1/Padron-pepper-on-plant.jpg
000107.jpg,https://s3.envato.com/files/251460611/Padron%20red%20ripe-3-Edit%20copy.jpg
000108.jpg,https://media.istockphoto.com/photos/pinchos-burgos-morcilla-with-padron-pepper-picture-id918463344
000109.jpg,https://www.carolinescooking.com/wp-content/uploads/2019/06/start-cook-pimiento-de-padron-peppers.jpg
000110.jpg,https://imagesvc.meredithcorp.io/v3/mm/image?url=https%3A%2F%2Fcdn-image.myrecipes.com%2Fsites%2Fdefault%2Ffiles%2Fstyles%2Fmedium_2x%2Fpublic%2Fimage%2Frecipes%2Fcl%2F09%2F11%2Fgrilled-padron-peppers-cl-x.jpg%3Fitok%3DrlHChrsc&w=450&c=sc&poi=face&q=85
000111.jpg,https://www.bascofinefoods.com/media/catalog/product/cache/1/small_image/337x/17f82f742ffe127f42dca9de82fb58b1/f/r/fresh-padron-peppers.jpg
000112.jpg,https://www.finefoodspecialist.co.uk/media/catalog/product/cache/1/image/9df78eab33525d08d6e5fb8d27136e95/_/m/_mg_2594.jpg
000113.jpg,https://i.ytimg.com/vi/VlKGYXRaAlo/maxresdefault.jpg
000114.jpg,http://yespleaseblog.co/wp-content/uploads/2015/12/IMG_6268-1050x788.jpg
000115.jpg,https://img.crocdn.co.uk/images/products2/pl/20/00/00/77/pl2000007711.jpg?width=940&height=940
000116.jpg,https://blog.williams-sonoma.com/wp-content/uploads/2016/04/may-30-Grilled-Padron-Pepper-and-Goat-Cheese-Tacos.jpg
000117.jpg,https://www.chiceats.com/sites/default/files/styles/1080x1300/public/recipe/photo/chorizo-shishito-2016-1080x1300c@2x.jpg?itok=Bkd7SbuY
000118.jpg,https://www.everylastbite.com/wp-content/uploads/2014/08/DSC_0673-683x1024.jpg
000119.jpg,https://www.firedragonchillies.co.nz/wp-content/uploads/2018/07/padron-peppers.jpg
000120.jpg,https://www.mascarellsemillas.com/1277-large_default/padron-pepper.jpg
000121.jpg,https://images-na.ssl-images-amazon.com/images/I/51LS0%2BoavZL._AC_SY400_.jpg
000122.jpg,https://www.waitrose.com/content/dam/waitrose/recipes/images/p/Padron-Peppers.jpg/_jcr_content/renditions/cq5dam.thumbnail.400.400.png
000123.jpg,https://healyeatsreal.com/wp-content/uploads/2013/07/pimientos-de-padron-e1374033814501.jpg
000124.jpg,https://www.craftbeering.com/wp-content/uploads/2019/05/Padron-peppers-in-grilling-basket.jpg
000125.jpg,https://media.istockphoto.com/photos/cartons-of-farmers-market-pimento-de-padron-peppers-picture-id1038376900
000126.jpg,https://togetherinfood.files.wordpress.com/2010/09/dsc_09921.jpg
000127.jpg,https://img.huffingtonpost.com/asset/5b9d6f7e2200005600d9a18c.jpeg?ops=scalefit_720_noupscale
000128.jpg,https://yourspanishcorner.com/1369-large_default/pimientos-de-padron.jpg
000129.jpg,https://cdn6.dissolve.com/p/D943_135_838/D943_135_838_1200.jpg
000130.jpg,https://cuesa.org/sites/default/files/styles/article_feature_image_600/public/padron_peppers.jpg?itok=U0JXvJLa
000131.jpg,https://images.fineartamerica.com/images-medium-large-5/traditional-spanish-tapas-padron-peppers-fitopardocom.jpg
000132.jpg,https://i.pinimg.com/originals/67/09/5c/67095c43e200abd0a66d6fd70f2f974f.jpg
000133.jpg,https://cdn1.bigcommerce.com/server700/5mvrqhbm/products/1895/images/151435/pimiento_de_padron_pepper2__49104.1555536466.1280.1280.JPG?c=2
000134.jpg,https://i1.wp.com/www.stsupery.com/wp-content/uploads/2017/12/St.-Supery-Blistered-Padron-Peppers.jpg?fit=1067%2C800&ssl=1
000135.jpg,https://previews.123rf.com/images/tonobalaguer/tonobalaguer1703/tonobalaguer170300659/73357041-pinchos-burgos-morcilla-with-padron-pepper-tapas-pintxos-from-spain-food.jpg
000136.jpg,https://tastykitchen.com/recipes/wp-content/uploads/sites/2/2011/08/Sauteed-Padron-Peppers1-410x273.jpg
000137.jpg,https://cdn.gearpatrol.com/wp-content/uploads/2018/09/Padron-Peppers-Recipe-Gear-Patrol-Lead-Full.jpg
000138.jpg,https://s3.envato.com/files/251460614/Padron%20red%20ripe-4-Edit%20copy.jpg
000139.jpg,https://goodeggs2.imgix.net/product_photos/H9On0jSiRR2XApXmzF39_2018_0705_TomateroFarm_PadronPeppers_0.5lbloose%20%282d20aa851c8fd897c74842210b19e560b4f31337%29.jpg?w=840&h=525&fm=jpg&q=80&fit=crop
000140.jpg,https://www.binnysfoodandtravel.com/wp-content/uploads/2015/09/img_2250-1-1440x1440.jpg
000141.jpg,http://safereating.co.uk/wp-content/uploads/2018/07/Padros-peppers-e1532102756969.jpg
000142.jpg,https://i1.wp.com/theyumyumclub.com/wp-content/uploads/2018/11/PP-2.png?resize=610%2C405&ssl=1
000143.jpg,https://food.ubc.ca/wp-content/uploads/2019/09/DSC06124-1080x675.jpg
000144.jpg,http://www.bulkseeds.es/WebRoot/StoreES2/Shops/64306168/5572/EE25/0462/082B/E08D/C0A8/2AB9/7CD6/Pimientos_de_Padron_ml.JPG
000145.jpg,https://i.redd.it/gseqkbok18l11.jpg
000146.jpg,https://www.fearlessdining.com/wp-content/uploads/2018/06/Padrone-Pepper-Cracker-appetizer-.jpg
000147.jpg,http://thesimplekitchen.net/wp-content/uploads/2014/10/Blistered-Padron-Peppers2.jpg
000148.jpg,https://www.abc.net.au/cm/rimage/8087088-16x9-large.jpg?v=2
000149.jpg,https://image.shutterstock.com/image-photo/pile-raw-padron-peppers-typical-260nw-108550559.jpg
000150.jpg,https://cmkt-image-prd.freetls.fastly.net/0.1.0/ps/188713/910/603/m2/fpnw/wm1/e15hjooswn1lgnn4qei9w2vrtjmjktphchdmfqd8xqnzribzmhf7pjawk4vg8abz-.jpg?1411268079&s=603eb1f5115ce70b939fd85d94530443
000151.jpg,https://i.ebayimg.com/images/g/nQkAAOSw4ahbA08V/s-l400.jpg
000152.jpg,http://spanishwinecountry.com/wp-content/uploads/2014/05/padronepeppers1.jpg
000153.jpg,https://c8.alamy.com/comp/BDR09H/whole-griddled-padron-peppers-snack-with-sea-salt-BDR09H.jpg
000154.jpg,https://www.carolinescooking.com/wp-content/uploads/2019/06/Blistered-Padron-peppers-pimientos-de-Padro%CC%81n-pin.jpg
000155.jpg,http://parismadridgrocery.com/wp-content/uploads/2019/04/Padron-pepper-plants-2019.jpg
000156.jpg,https://fscomps.fotosearch.com/compc/CSP/CSP656/padron-peppers-stock-image__k23655503.jpg
000157.jpg,http://holafoodie.com/wp-content/uploads/2015/08/Padron_Peppers_02-1050x700.jpg
000158.jpg,https://i5.walmartimages.com/asr/d9858b9d-40fe-411a-9c6e-d6d235db6d90_1.11ff4e06bcc88b9867a6e6f2df68ddc2.jpeg?odnHeight=450&odnWidth=450&odnBg=FFFFFF
000159.jpg,https://portalvhds26k4f5tktj3ck.blob.core.windows.net/spotpics/sp45712.jpg
000160.jpg,https://www.superhotchiles.com/wp-content/uploads/2018/04/Pimentos-De-Padron-Pepper-Plants.jpg
000161.jpg,https://i0.wp.com/www.turkswhoeat.com/wp-content/uploads/2019/07/Quick-Easy-1.png?resize=367%2C550&ssl=1
000162.jpg,https://media.istockphoto.com/photos/red-padron-peppers-closeup-3-picture-id1054777800
000163.jpg,https://www.cilantroandcitronella.com/wp-content/uploads/2015/04/padron-peppers-image.jpg
000164.jpg,https://absolutehealth.com/wp-content/uploads/-000//1/padron-pepper-620x413.jpg
000165.jpg,https://www.turntablekitchen.com/_uploads/Corn-Zucchini-and-Padron-Pepper-Hash.jpg
000166.jpg,https://muybuenocookbook.com/wp-content/uploads/2014/02/padron-peppers1.jpg
000167.jpg,https://thegloss.ie/wp-content/uploads/2017/08/The-Gloss-Magazine-Food-Trish-Deseine-Padron-pepper-898x654.jpg
000168.jpg,https://www.nomadistribution.com.au/images/stories/virtuemart/product/pimiento-del-pad-4ceca27325ff4.jpg
000169.jpg,https://www.theinnergarden.co.uk/wp-content/uploads/2015/02/Seeds-Padron.jpg
000170.jpg,https://images.tienda.com/is/image/LaTienda/pimientos-padron?&wid=1087
000171.jpg,https://render.fineartamerica.com/images/rendered/default/metal-print/10.000/6.625/break/images-medium-5/traditional-spanish-tapas-padron-peppers-fitopardocom.jpg
000172.jpg,https://cdn.shopify.com/s/files/1/1721/4391/articles/Lamb_Curry_1024x1024.jpg?v=1534326122
000173.jpg,http://www.gastronomydomine.com/uploaded_images/Padron-peppers-780361.JPG
000174.jpg,https://comps.canstockphoto.com/roasted-padron-peppers-on-a-plate-stock-photo_csp35706929.jpg
000175.jpg,https://2.bp.blogspot.com/-gRxN7djFcrc/W4Afs_QMrZI/AAAAAAAASBY/vdkJUftIrlYckEkPGOvkcaLbLwLZlD7-gCLcBGAs/s1600/IMG_8501.png
000176.jpg,https://images.rove.me/w_1920,q_85/mhdbijlnr0azczwfrhr3/spain-pimientos-de-padron-peppers.jpg
000177.jpg,https://media1.popsugar-assets.com/files/thumbor/va89G_q8w3K6XSXpRO4o51QssCA/fit-in/550x550/filters:format_auto-!!-:strip_icc-!!-/2010/08/32/4/192/1922195/db416a22d1345e49_Padron_peppers.JPG
000178.jpg,http://3.bp.blogspot.com/_TtjHZtf6vtA/SL7rqV-lGMI/AAAAAAAACGQ/dFqRiblMmqw/s320/pep.jpg
000179.jpg,https://www.bemindfulbehuman.com/wp-content/uploads/MG_8878.padron.pepper.chimichuri.final1_2.png
000180.jpg,https://previews.123rf.com/images/victority/victority1804/victority180400175/99914801-green-padron-peppers-in-the-frying-pan-pimientos-de-padron-.jpg
000181.jpg,https://i.pinimg.com/originals/ba/75/b7/ba75b73516b4a5d0e90b977656f0eabe.jpg
000182.jpg,https://honestcooking.com/wp-content/uploads/2012/09/Pimientos-Padr%C3%B3n_3-HC.jpg
000183.jpg,http://www.happyboyfarms.com/mediafiles/home/articles/5_1_pad_v_shis_01.jpg
000184.jpg,https://s3.envato.com/files/249095212/Padron%20peppers-20-Edit%20copy.jpg
000185.jpg,https://fscomps.fotosearch.com/compc/CSP/CSP289/mediterranean-padron-peppers-stock-photography__k39905385.jpg
000186.jpg,https://media-cdn.tripadvisor.com/media/photo-s/10/b0/8e/37/padron-peppers.jpg
000187.jpg,http://www.browsersgrazers.com/wp-content/uploads/2014/12/pimientos-de-padron.jpg
000188.jpg,https://www.craftbeering.com/wp-content/uploads/2019/05/Raw-padron-peppers.jpg
000189.jpg,https://c8.alamy.com/comp/BDR0A8/whole-griddled-padron-peppers-snack-with-sea-salt-BDR0A8.jpg
000190.jpg,https://farm2chopstick.com/wp-content/uploads/2018/09/Snapseed-4.jpg
000191.jpg,http://parismadridgrocery.com/wp-content/uploads/2016/10/ParisMadridGrocery_Cazuela-padron-peppers-bowl.jpg
000192.jpg,https://www.culinaemundi.com/wp-content/uploads/2019/07/IMG_2508-575x431.jpg
000193.jpg,https://www.kibsons.com/assets/products/detail/CHIPANLXX8PKA1/CHIPANLXX8PKA1.jpg
000194.jpg,https://www.gourmetsleuth.com/images/default-source/dictionary/padron-peppers-jpg.jpg?sfvrsn=5
000195.jpg,https://www.rareseeds.com/assets/1/14/DimRegular/HPP-168-Pimiento-De-Padron-DSC00469.jpg
000196.jpg,https://1.bp.blogspot.com/-Bb_Oh0PxxRc/TlgAbvPvjSI/AAAAAAAAA24/k-303Wrb9Ig/s1600/padron+open.jpg
000197.jpg,https://cdn.shopify.com/s/files/1/2550/8730/products/PadronPepper_wiki-2_620x.jpg?v=1544043646
000198.jpg,https://farm4.staticflickr.com/3711/19046001773_c0404b0388.jpg
000199.jpg,https://i0.wp.com/www.maya-cooks.com/wp-content/uploads/2015/09/spicy-peppers.jpg?fit=900%2C598&ssl=1
000200.jpg,https://uprisingorganics.com/media/catalog/product/cache/1/image/9df78eab33525d08d6e5fb8d27136e95/p/a/padrone.jpg
000201.jpg,http://italyonmymind.com.au/wp-content/uploads/2012/02/dsc04131.jpg
000202.jpg,https://instagram.ffra1-1.fna.fbcdn.net/v/t51.2885-15/e35/69079973_176310646860252_6798403833662576589_n.jpg?_nc_ht=instagram.ffra1-1.fna.fbcdn.net&_nc_cat=100&se=7&oh=5f3eb014dc718e6a4a4935c71b01cbf5&oe=5E3623A3&ig_cache_key=MjEzMTk2MzYzMTE3MjkwOTkwOA%3D%3D.2
000203.jpg,https://loveincorporated.blob.core.windows.net/contentimages/main/padronpeppers.jpg
000204.jpg,http://www.richardholdenbbq.co.uk/wp-content/uploads/2018/07/Padron-Peppers-Grilling-Jul-18-Finished-sml.jpg
000205.jpg,https://www.ocado.com/productImages/281/281771011_1_640x640.jpg?identifier=49b3f4fb56c55d287b01d53ae7913796
000206.jpg,https://upload.wikimedia.org/wikipedia/commons/1/11/Padron_Pepper.jpg
000207.jpg,https://cdn.shopify.com/s/files/1/0972/6726/products/02_22_2017_Mealmade-091-Edit_1024x1024.jpg?v=1491902622
000208.jpg,https://www.bemindfulbehuman.com/wp-content/uploads/IMG_1230.herb_.rubbed.pepper.steak_.final1_4.png
000209.jpg,https://www.foodgal.com/wp-content/uploads/2019/07/Shishitos-with-goat-cheese-lede.jpg
000210.jpg,https://bgproduce.files.wordpress.com/2017/08/20170730_125753.jpg?w=640&h=360
000211.jpg,https://image.shutterstock.com/image-photo/fresh-padron-peppers-on-basket-260nw-1160492422.jpg
000212.jpg,https://i.etsystatic.com/5222430/r/il/4bcb25/1686934525/il_570xN.1686934525_k7xt.jpg
000213.jpg,https://andreasrecipes.com/photos/Peppers_padron_081112.jpg
000214.jpg,http://cdn.ecommercedns.uk/files/1/228081/4/4723954/padronpeppers-edited.jpg
000215.jpg,http://www.bridgetospain.com/wp-content/uploads/2017/10/201710PadronPeppers.jpg
000216.jpg,http://www.junedarville.com/wp-content/uploads/2016/08/Bestand-17-08-16-13-34-38.jpg
000217.jpg,https://static.standard.co.uk/s3fs-public/thumbnails/image/2016/08/22/11/warm-padron-pepper-and-chor.jpg?w968
000218.jpg,https://i0.wp.com/www.foodrepublic.com/wp-content/uploads/2014/06/CharredPadronpeppers.jpg?resize=1280%2C%20560&ssl=1
000219.jpg,https://thumbs.dreamstime.com/z/pimientos-de-padron-fried-green-padron-peppers-white-bowl-wooden-background-fried-green-padron-peppers-white-bowl-117000107.jpg
000220.jpg,http://decisivecravings.com.au/wp-content/uploads/2019/07/Blistered-Balsamic-Padron-Peppers-website-.jpg
000221.jpg,https://www.cookwithwhatyouhave.com/wp-content/uploads/2014/01/peppers_padrons-04.jpg
000222.jpg,https://planteveryday.files.wordpress.com/2014/08/img_1159.jpg
000223.jpg,https://images.squarespace-cdn.com/content/v1/50f466e2e4b0cfc6e7811426/1371873794537-M2EC4X44EHLX8O46PS3G/ke17ZwdGBToddI8pDm48kLXCf88_9uNTKXkq27cF4sB7gQa3H78H3Y0txjaiv_0fDoOvxcdMmMKkDsyUqMSsMWxHk725yiiHCCLfrh8O1z5QHyNOqBUUEtDDsRWrJLTmzUsryC7riGV7bTeYhg5Sep4Y8p3OCJVqs3FfNTLch3O2M0DsfUdwheg190rC2-Re/padron_peppers_dish+%281%29.jpg
000224.jpg,https://www.carolinescooking.com/wp-content/uploads/2019/06/pimiento-de-padron-peppers-ohead-pic.jpg
000225.jpg,https://i2.wp.com/www.countrywives.co.uk/wp-content/uploads/2017/10/IMG_9030.jpg?resize=703%2C340
000226.jpg,https://farm4.staticflickr.com/3774/19480295489_1ff13418c3_b.jpg
000227.jpg,https://portalvhds26k4f5tktj3ck.blob.core.windows.net/spotpics/sp42941.jpg
000228.jpg,http://www.velvetedition.com/wp-content/uploads/2015/08/Padron-1.jpg
000229.jpg,https://www.sundaypost.com/wp-content/uploads/sites/13/2016/04/growing-Padron.jpg
000230.jpg,https://www.thesaturdaypaper.com.au/sites/default/files/styles/slides/public/property/padronpeppers-001.jpg?itok=W9cZCdM8
000231.jpg,https://cdn.shopify.com/s/files/1/0004/4426/8609/products/Padron_peppers2_400x400.jpg?v=1535119007
000232.jpg,https://oliveolives.com/wp-content/uploads/2018/06/piments-padron-rotis.jpg
000233.jpg,https://www.nativespanishtapas.com/wp-content/uploads/2016/07/padron-pepper.jpg
000234.jpg,https://st4.depositphotos.com/8954216/19977/i/1600/depositphotos_199773206-stock-photo-green-padron-peppers-in-the.jpg
000235.jpg,http://i2.wp.com/theweeklypickle.com/wp-content/uploads/2016/07/pickled-padrons-cover.jpg?resize=720%2C300
000236.jpg,http://tiepot.co.uk/wp-content/uploads/2019/08/August-2019-Padron-Peppers-4.jpg
000237.jpg,https://gourmandisesacademy.co.uk/wp-content/uploads/2019/04/padron-peppers-and-chorizo-1-1030x687.jpg?0232c3&0232c3
000238.jpg,https://i1.wp.com/mamalotties.com/wp-content/uploads/2019/02/padron-peppers.jpg?fit=800%2C1422&ssl=1
000239.jpg,http://i0.wp.com/sugarthumb.co.uk/wp-content/uploads/2014/02/IMG_0061.jpg
000240.jpg,https://www.sunnyvalegarden.com/wp-content/uploads/2014/12/Padron_peppers-660x330.jpg
000241.jpg,https://yourfoodchoices.files.wordpress.com/2011/08/081611-padron-1.jpg?w=560&h=261&crop=1
000242.jpg,http://www.happyboyfarms.com/mediafiles/produce/categories/43_1_padron_resize.jpg
000243.jpg,https://comps.canstockphoto.com/roasted-padron-peppers-stock-photo_csp35706946.jpg
000244.jpg,https://www.greatbritishfoodmagazine.com/wp-content/uploads/2018/06/Padron-Pepper_UC141279-645x861.jpg
000245.jpg,https://previews.123rf.com/images/victority/victority1804/victority180400142/99914768-green-padron-peppers-in-the-frying-pan-pimientos-de-padron-.jpg
000246.jpg,https://media4.s-nbcnews.com/j/newscms/2016_36/1156516/marthastewartpadronpeppers_bd287aa1a1a25c8c6804702f4b385801.today-inline-large.jpg
000247.jpg,https://karenpavonesfoodforthought.files.wordpress.com/2016/09/ffpadroneplatedtilted.jpeg
000248.jpg,http://robhobson.co.uk/2015/wp-content/uploads/2016/02/padron-peppers-1024x1024.jpg
000249.jpg,https://neighbourfoodproduction.blob.core.windows.net/cb72efae-46f5-44c9-98a1-fa2866aabd62/products/medium/3956224d-166d-498f-9c82-15858aa5228f_8camtzv1h06oildjkjpplq.jpeg
000250.jpg,https://images.rove.me/w_1920,q_85/xfhftxryulyos5vyx9a2/spain-pimientos-de-padron-peppers.jpg
000251.jpg,https://vikalinka.com/wp-content/uploads/2014/10/MG_1044.jpg
000252.jpg,http://loveandduckfat.com/wp-content/uploads/2013/10/1-DSC_0881.jpg
000253.jpg,https://i0.wp.com/theyumyumclub.com/wp-content/uploads/2018/11/PP-9.png?resize=610%2C405&ssl=1
000254.jpg,https://www.abelandcole.co.uk/media/6883_13367_z.jpg
000255.jpg,https://i0.wp.com/kelciesfreshfridge.com/wp-content/uploads/2018/08/Blistered-Padron-Peppers.jpg?resize=610%2C915&ssl=1
000256.jpg,https://uploads.tapatalk-cdn.com/20180707/077ef309e7acbe7be4c5101a1dfd5b66.jpg
000257.jpg,https://images-na.ssl-images-amazon.com/images/I/81uh6bC%2BAxL._SX425_.jpg
000258.jpg,http://ediblesantabarbara.com/wp-content/uploads/2014/08/PadronPeppers.jpg
000259.jpg,https://greenwichfreepress.com/wp-content/uploads/2016/05/5.3.16-cinco-de-mayo-shrimp-art-15.jpg
000260.jpg,https://www.fearlessdining.com/wp-content/uploads/2018/06/padrone-peppers-roasting-550x413.jpg
000261.jpg,https://www.thespruceeats.com/thmb/GEoYk-cdvvHSdjlQEzMJ7OY1dN8=/425x326/filters:no_upscale():max_bytes(150000):strip_icc()/pimentonspadron-56a5b2175f9b58b7d0de0414.jpg
000262.jpg,https://photo2.foodgawker.com/wp-content/uploads/2019/05/3434767.jpg
000263.jpg,https://i5.walmartimages.com/asr/e03c990c-9133-40bc-8cba-5624c78d1b4b_1.fb746151826b3aa3075db72cc1ba8ee0.jpeg?odnHeight=450&odnWidth=450&odnBg=FFFFFF
000264.jpg,https://media-cdn.tripadvisor.com/media/photo-s/11/58/f4/00/padron-peppers.jpg
000265.jpg,https://static3.bigstockphoto.com/6/3/2/large1500/236535298.jpg
000266.jpg,https://aureliaschorizo.com/product_images/uploaded_images/grilled-spanish-chorizo-besitos-with-padron-peppers-cheese-skewers.jpg
000267.jpg,https://deborahbeckett.files.wordpress.com/2014/08/padron-peppers-closeup.jpg?w=900&h=768&crop=1
000268.jpg,https://www.bemindfulbehuman.com/wp-content/uploads/MG_8443.padron.pepper.chimichuri.ingredients.png
000269.jpg,http://farm8.staticflickr.com/7159/6780538595_021f498e64_o.png
000270.jpg,https://img-global.cpcdn.com/001_recipes/658ef0e9c8806487/751x532cq70/padron-pepper-and-mushroom-kinpira-recipe-main-photo.jpg
000271.jpg,https://assets.epicurious.com/photos/54b318b13edeef84363bb264/master/pass/358589_padron-peppers_1x1.jpg
000272.jpg,https://karenpavonesfoodforthought.files.wordpress.com/2016/09/ffpadronbowl.jpeg
000273.jpg,https://maneatplant.com/wp-content/uploads/2019/08/DSC_4203-768x1024.jpg
000274.jpg,https://pbs.twimg.com/media/DDv7_c_XgAA5Es1.jpg
000275.jpg,https://i.pinimg.com/474x/b0/6f/1d/b06f1d05ed46c97651db1f306d6b63c2.jpg
000276.jpg,https://st.focusedcollection.com/14026668/i/650/focused_176827016-stock-photo-bowl-of-padron-peppers.jpg
000277.jpg,https://images.food52.com/DbiWsn0Z2hGQ7_WUqGx6rzvjEQI=/1200x900/88aecacc-c5c2-495f-99af-50e63710c482--padron_peppers.jpg
000278.jpg,https://genabell.com/wp-content/uploads/2016/07/Grilled-Rib-Eye-Padron-Pepper-Relish-095-480x480.jpg
000279.jpg,https://i2.wp.com/www.spainonafork.com/wp-content/uploads/2017/03/pimmientos1-111.png?fit=750%2C750&ssl=1
000280.jpg,https://fussfreeflavours.com/wp-content/uploads/2015/09/Padron-Peppers-Long-Pin.jpg
000281.jpg,https://www.ocado.com/productImages/281/281771011_0_640x640.jpg?identifier=49b3f4fb56c55d287b01d53ae7913796
000282.jpg,https://www.thetastytapas.co.uk/media/rokgallery/6/6b4f64dc-4f1f-4ab0-d115-1fbd3f8eb249/7a6bddc3-37e8-4e71-e303-4bc2a2697b8c.jpg
000283.jpg,https://www.rareseeds.com/assets/1/14/DimRegular/Pimiento-De-Padron.jpg
000284.jpg,https://media.gettyimages.com/photos/padron-peppers-picture-id1032761998
000285.jpg,https://goodeggs2.imgix.net/product_photos/j6giXYAyQVawS4Bv4y2q_20160726-FullBelly_Padron_2pd_MG_5827.jpg?w=840&h=525&fm=jpg&q=80&fit=crop
000286.jpg,https://i0.wp.com/frytheworld.com/wp-content/uploads/2016/01/Padron-Peppers-AirFryer-3.jpg?resize=730%2C350
000287.jpg,https://www.chefs-garden.com/TheChefsGarden/media/TCG/Product-Detail-Images/Peppers/Padron/padron-the-chefs-garden.jpg?width=360&height=450
000288.jpg,http://jameskullander.com/wp-content/uploads/2016/08/Pimentos-de-Padron-at-the-Market.jpg.jpeg
000289.jpg,https://c8.alamy.com/comp/R9Y21G/little-padron-peppers-growing-in-plant-orchard-at-urban-garden-R9Y21G.jpg
000290.jpg,https://imagesvc.meredithcorp.io/v3/mm/image?url=https%3A%2F%2Fcdn-image.myrecipes.com%2Fsites%2Fdefault%2Ffiles%2Fstyles%2Fmedium_2x%2Fpublic%2Fimage%2Frecipes%2Fsu%2F14%2F09%2Fstuffed-padron-peppers-su-x.jpg%3Fitok%3D9UB8Yi8t&w=450&c=sc&poi=face&q=85
000291.jpg,https://thumbs.dreamstime.com/z/italian-green-padron-peppers-preparation-dark-frying-pan-green-padron-peppers-preparation-frying-pan-116881364.jpg
000292.jpg,http://decisivecravings.com.au/wp-content/uploads/2019/07/Blistered-Balsamic-Padron-Peppers-website-cover.jpg
000293.jpg,https://www.chileplants.com/images/chiles/pimiento-de-padron-pepper-plants.jpg
000294.jpg,https://previews.agefotostock.com/previewimage/medibigoff/8fb3c3de8d43e33239bc10211c990e7f/x9a-3001622.jpg
000295.jpg,https://www.pressdemocrat.com/csp/mediapool/sites/dt.common.streams.StreamServer.cls?STREAMOID=FNTigsUE65nJgMw04uSiQc$daE2N3K4ZzOUsqbU5sYt3DsNPcLBG$$_YtsEySGBkWCsjLu883Ygn4B49Lvm9bPe2QeMKQdVeZmXF$9l$4uCZ8QDXhaHEp3rvzXRJFdy0KqPHLoMevcTLo3h8xh70Y6N_U_CryOsw6FTOdKL_jpQ-&CONTENTTYPE=image/jpeg
000296.jpg,https://fastlanefoodie.files.wordpress.com/2016/11/img_2673.jpg?w=663&h=663&crop=1
000297.jpg,http://farm5.static.flickr.com/4098/4883808327_3df37cc688_z.jpg
000298.jpg,http://www.takestockmagazine.com/wp-content/uploads/2018/06/Octopus-1-1.jpeg
000299.jpg,http://bluestrawberry-tabletalk.co.uk/wp-content/uploads/2018/10/PardonPeppers_1-and-2-edit-landscape.jpg
000300.jpg,http://bridgetownnutrition.com/wp-content/uploads/2017/09/Padron-peppers.jpg
000301.jpg,https://716f24d81edeb11608aa-99aa5ccfecf745e7cf976b37d172ce54.ssl.cf1.rackcdn.com/padron-pepper-chorizo-and-halloumi-1964429l3.jpg
000302.jpg,https://gogingham.files.wordpress.com/2019/07/71087-spicy-padron-peppers-go-gingham.jpg?w=663
000303.jpg,https://spanishtableseattle.files.wordpress.com/2013/05/padron-plants-1.jpg
000304.jpg,https://i.redd.it/92hhbsmq0bw11.jpg
000305.jpg,https://i.ytimg.com/vi/qUx-UVssreY/maxresdefault.jpg
000306.jpg,https://www.grubmarket.com/images/thumb/grubmarketproduce/10258957691_organic_padron_peppers.jpg
000307.jpg,http://potluck.ohmyveggies.com/wp-content/uploads/2016/08/ohmy1.jpg
000308.jpg,http://parismadridgrocery.com/wp-content/uploads/2017/07/padrones.jpg
000309.jpg,https://i1.wp.com/www.delish-dish.com/wp-content/uploads/2014/10/IMG_4396.jpg
000310.jpg,https://res.cloudinary.com/fleetnation/image/private/c_fit,w_1120/g_south,l_text:style_gothic2:%C2%A9%20Sergio%20Barrios,o_20,y_10/g_center,l_watermark4,o_25,y_50/v1541087070/zxvjthuoqzqddagi8ljx.jpg
000311.jpg,https://www.seriouseats.com/images/2015/04/20150420-pimientos-de-padron-tapas-easy-peppers-spanish-5.jpg
000312.jpg,http://cthydroponic.com/wp-content/uploads/2014/08/slide6-new.jpg
000313.jpg,https://www.feistytapas.com/wp-content/uploads/2012/07/padron-peppers-in-frying-pan-300x225.jpeg
000314.jpg,https://img-global.cpcdn.com/001_recipes/6bcf26f862a3f4bd/751x532cq70/5-minute-cooking-with-padron-peppersuk-shishitojp-recipe-main-photo.jpg
000315.jpg,https://www.thesaturdaypaper.com.au/sites/default/files/styles/food/public/padron-peppers.jpg
000316.jpg,http://www.tcfruits.com/FilesRepo///N/6/C/nmWdLeRNHk-pimientos.jpg
000317.jpg,https://st4.depositphotos.com/3147771/19952/i/1600/depositphotos_199527628-stock-photo-padron-pepper-spanish-heirloom-capsicum.jpg
000318.jpg,https://previews.123rf.com/images/alexat25/alexat251609/alexat25160900080/63951220-padron-pepper-on-white-background.jpg
000319.jpg,http://www.s4c.cymru/media/media_assets/PEPPERS1600.jpg
000320.jpg,https://t4.ftcdn.net/jpg/02/01/05/41/500_F_201054120_BHQGC3mM8TkbfQR7i3sosy0eYrCGHNqJ.jpg
000321.jpg,https://www.craftbeering.com/wp-content/uploads/2019/05/Padron-Peppers-4-1.jpg
000322.jpg,http://www.enotecagroup.com/wp-content/uploads/2015/09/IMG_7665-900x444.jpg
000323.jpg,https://cdn.tridge.com/image/original/a4/1c/22/a41c22d3b8a40eeb97e822edb92459f98a12ca23.jpg
000324.jpg,https://images.squarespace-cdn.com/content/v1/50f466e2e4b0cfc6e7811426/1371873757209-PDAOV8SOZI4XAJAMJKLA/ke17ZwdGBToddI8pDm48kMFwbn2Mbt8CD0xJQ9n_8OwUqsxRUqqbr1mOJYKfIPR7LoDQ9mXPOjoJoqy81S2I8GRo6ASst2s6pLvNAu_PZdKPDjL2Obblf8KmUAqqkrZ-oTpwsOMUIONrjmGnzrSxZ4yiakAq3pxL2onHJ0P_TGs/padron_peppers+%282%29.jpg
000325.jpg,https://i0.wp.com/eatroamlive.com/wp-content/uploads/2018/07/3-Salt-Padron-Peppers.jpg?ssl=1
000326.jpg,https://images.immediate.co.uk/production/volatile/sites/2/2015/05/8722.jpg?quality=45&resize=768,574
000327.jpg,https://coosemans-cdn.ebizcdn.com/full/NY0212_Stewed-Okra-and-Tomatoes_lg.jpg
000328.jpg,https://www.acozykitchen.com/wp-content/uploads/2013/08/PBS_PadronPeppers_3.jpg
000329.jpg,https://farm4.staticflickr.com/3832/19480295549_5defd5254d.jpg
000330.jpg,https://i2.wp.com/fullaccessnyc.com/wp-content/uploads/2014/08/padron-peppers.jpg?ssl=1
000331.jpg,https://agfstorage.blob.core.windows.net/misc/FP_es/2019/06/11/horsalflorpimeinto460.jpg
000332.jpg,http://images.foodmento.com/U3P456F1621-1353634590-1749.jpg
000333.jpg,http://weekendtable.com/wp-content/uploads/2012/08/shishito2-1024x627.jpg
000334.jpg,https://as1.ftcdn.net/jpg/02/40/90/54/500_F_240905407_qb9yDKW9CapwP3SqDZf879aMifMK9eEq.jpg
000335.jpg,https://media-cdn.tripadvisor.com/media/photo-s/12/64/c1/dc/grilled-padron-peppers.jpg
000336.jpg,https://www.foodgal.com/wp-content/uploads/2019/07/Padrons2.jpg
000337.jpg,https://www.vegiworks.com/wp-content/uploads/2016/12/CHILE-padron-pepper-mild.jpg
000338.jpg,https://www.turtletreeseed.org/wp-content/uploads/2015/12/padron.jpg
000339.jpg,https://farm2chopstick.com/wp-content/uploads/2018/09/padron-peppers-in-pan-1-of-1.jpg
000340.jpg,http://www.newfarm.org/columns/CSA_journal/2004/0904/images/padrongreen.jpg
000341.jpg,https://st.focusedcollection.com/14026668/i/650/focused_176835984-stock-photo-upturned-wicker-basket-of-padron.jpg
000342.jpg,https://cdn.shortpixel.ai/client/q_glossy,ret_img,w_600/https://thismessisours.com/wp-content/uploads/2014/07/padron-pepper-1-3.jpg
000343.jpg,https://www.spainbuddy.com/wp-content/uploads/2016/05/Deep-fried-padron-peppers-640x427.jpg
000344.jpg,http://www.vanilleverte.com/wp-content/uploads/2013/11/Charred-Padron-Peppers-with-Garlic-Aioli.jpg
000345.jpg,https://media1.popsugar-assets.com/files/thumbor/0ztOj8sxtr58ABRRznpM9h8u_Dc/fit-in/550x550/filters:format_auto-!!-:strip_icc-!!-/2010/09/39/1/192/1922195/de68dbbc36135dbd_padron_peppers/i/Have-You-Ever-Eaten-Spanish-Style-Padron-Peppers.JPG
000346.jpg,http://omglifestyle.com/wp-content/uploads/2014/08/IMG_6258.jpg
000347.jpg,https://comps.canstockphoto.co.uk/padron-peppers-picture_csp42424212.jpg
000348.jpg,http://meatsmokefire.co.uk/wp-content/uploads/2015/09/Square-Padron-Peppers.jpg
000349.jpg,https://i2.wp.com/circleofeaters.com/wp-content/uploads/2017/07/Padron-Peppers-with-Feta-1.jpg?resize=680%2C1020
000350.jpg,https://countrywalksinketosis.files.wordpress.com/2014/11/padron.png
000351.jpg,https://portalvhds26k4f5tktj3ck.blob.core.windows.net/spotpics/sp51616.jpg
000352.jpg,https://www.laweekly.com/wp-content/uploads/2019/05/padron1_thumb_560x374.jpeg
000353.jpg,http://www.padronpeppers.com/images/greenhouse.jpg
000354.jpg,https://c8.alamy.com/comp/MMHMDX/padron-peppers-capsicum-anuum-imported-from-spain-and-bought-from-a-supermarket-in-the-uk-gb-most-are-mild-but-a-small-percentage-are-very-hot-the-MMHMDX.jpg
000355.jpg,https://s3.envato.com/files/249095221/Padron%20Peppers%202018%20copy.jpg
000356.jpg,https://img.freepik.com/free-photo/small-green-peppers-isolated-white-padron-peppers_110706-226.jpg?size=626&ext=jpg
000357.jpg,http://www.junedarville.com/wp-content/uploads/2016/08/Bestand-17-08-16-13-31-53.jpg
000358.jpg,https://www.friedas.com/wp-content/uploads/2015/06/BlisteredShishitoPeppers-1024x681.jpg
000359.jpg,https://static3.bigstockphoto.com/9/3/2/large1500/239098012.jpg
000360.jpg,https://snapshotsandsojourns.files.wordpress.com/2013/10/img_1176-e1381327658417.jpg
000361.jpg,https://4.bp.blogspot.com/-TpsAd-glrHE/ThpPhohoE6I/AAAAAAAAFzA/5K9_RDhtTpE/s1600/IMG_8891.jpg
000362.jpg,https://www.carolinescooking.com/wp-content/uploads/2019/06/pimiento-de-padron-peppers-w-sides-pic.jpg
000363.jpg,http://www.tomatogrowers.com/images/9133.jpg
000364.jpg,http://www.theblissfulgardeners.com/wp-content/uploads/2017/07/DSF1705-900x444.jpg
000365.jpg,http://2.bp.blogspot.com/-QuOMIK7I1uI/VGSsSmh0KqI/AAAAAAAAhR4/vJOxcYerDOs/s1600/PDK_20141101_2009.JPG
000366.jpg,https://images.rove.me/w_1920,q_85/tw3enyy5ywjxz1axr2da/spain-pimientos-de-padron-peppers.jpg
000367.jpg,https://i0.wp.com/kelciesfreshfridge.com/wp-content/uploads/2018/08/Cooking-Padron-Peppers.jpg?resize=610%2C915&ssl=1
000368.jpg,http://www.lastapas.ie/wp-content/uploads/2018/07/FriedPadronPeppers.jpg
000369.jpg,https://spanishtableseattle.files.wordpress.com/2011/05/blog.jpg
000370.jpg,https://i.pinimg.com/originals/b0/fe/54/b0fe54eef903538cc2dc8c9479265f05.jpg
000371.jpg,https://thumbs.dreamstime.com/z/grilled-padron-peppers-rustic-white-plate-pimientos-de-padron-green-padron-peppers-rustic-white-plate-116997516.jpg
000372.jpg,http://www.crystalvalleyfoods.com/wp-content/uploads/2018/04/Black-Bean-and-Avocado-Salsa-Web-e1561733379554-400x260.jpg
000373.jpg,http://shreddedsprout.com/wp-content/uploads/2013/06/DSC_0449.jpg
000374.jpg,https://cdn.shopify.com/s/files/1/1022/5071/products/pimientos-de-padron-pepper-capiscum-annuum-hot-sweet-mild-spanish-heirloom-4_1024x1024.jpg?v=1565030728
000375.jpg,http://greatroadfarm.com/wp-content/uploads/2012/07/shishitopepper0721-960x700.jpg
000376.jpg,https://www.everylastbite.com/wp-content/uploads/2014/08/DSC_0627-683x1024.jpg
000377.jpg,https://thelatinkitchen.com/sites/default/files/styles/recipe-big/public/main/233/baked_chicken_and_padron_pepper_risotto-carolyng_gomes.jpg?itok=pzh5RllQ
000378.jpg,https://www.flawlesschaos.com/wp-content/uploads/2017/08/Shishito-Peppers-Cooking-730x340.jpg
000379.jpg,https://cloud.glstock.com/52272/1700337/small-padron-peppers-pimiento-de-padron.jpg
000380.jpg,https://i.redd.it/a24nz6th51h11.jpg
000381.jpg,https://i0.wp.com/www.delish-dish.com/wp-content/uploads/2015/09/IMG_1639.jpg
000382.jpg,https://myvegetariankitchen.files.wordpress.com/2011/08/img_1510.jpg
000383.jpg,https://farm66.staticflickr.com/65535/48503917437_42e602ae45_b.jpg
000384.jpg,https://www.turntablekitchen.com/_uploads/Corn-Zucchini-and-Padron-Pepper-Hash2.jpg
000385.jpg,https://gardenerd.com/wp-content/uploads/2016/07/IMG_3815.jpg
000386.jpg,http://i0.wp.com/cali-zona.com/wp-content/uploads/2013/08/3U9A2712-1.jpg?fit=800%2C1200&resize=350%2C200
000387.jpg,https://st4.depositphotos.com/8954216/19866/i/1600/depositphotos_198661840-stock-photo-fried-green-padron-peppers-in.jpg
000388.jpg,https://granarysquarebrasserie.com/wp-content/uploads/sites/35/2019/06/Chargrilled-halloumi-and-padron-peppers.jpg
000389.jpg,https://images.tienda.com/is/image/LaTienda/se-170?wid=1087&qlt=60
000390.jpg,https://www.choosehappinessadventures.com/wp/wp-content/uploads/2016/11/PadronPeppers.jpg
000391.jpg,https://previews.123rf.com/images/victority/victority1805/victority180500028/100930523-fried-green-padron-peppers-in-white-bowl-pimientos-de-padron-.jpg
000392.jpg,http://www.notmartha.org/images/other/2014july/padron1.jpg
000393.jpg,http://3.bp.blogspot.com/-mlsPK4mwPIQ/UEeetuPgRxI/AAAAAAAAAoU/_KOWlyoejpg/s1600/padron+1++raw.JPG
000394.jpg,https://t4.ftcdn.net/jpg/02/19/02/21/240_F_219022105_f08mZusZ1XUSSnfzsjKupNyLA9SJVXf1.jpg
000395.jpg,https://gogingham.files.wordpress.com/2019/07/a769f-spanish-padron-peppers-go-gingham.jpg?w=663
000396.jpg,http://3.bp.blogspot.com/-88pJXvP86ws/Tm1wNBAU9rI/AAAAAAAAA24/qKvNNY2jlaY/s1600/Shishito+and+Padron+Peppers.JPG
000397.jpg,http://www.freshpoint.com/wp-content/uploads/produce/padron-pepper-ph.png
000398.jpg,https://ak.picdn.net/offset/photos/54383d06a6dfde507e9f75fe/medium/offset_148440.jpg
000399.jpg,https://www.nativespanishtapas.com/wp-content/uploads/2016/07/padron-pepper-cultivation.jpg
000400.jpg,http://offthemeathook.com/wp-content/uploads/2011/07/padronpepper.jpg
000401.jpg,https://ak8.picdn.net/shutterstock/videos/34745398/thumb/1.jpg
000402.jpg,http://www.newfarm.org/columns/CSA_journal/2004/0904/images/padronred.jpg
000403.jpg,https://photo2.foodgawker.com/wp-content/uploads/2019/08/3468259.jpg
000404.jpg,https://image.shutterstock.com/image-photo/padron-peppers-260nw-256150096.jpg
000405.jpg,https://static.wixstatic.com/media/0b09ed_0d2e56177db246e7821a11bc4280425a~mv2_d_4032_3024_s_4_2.jpg/v1/fill/w_560,h_400,al_c,q_80,usm_0.66_1.00_0.01/0b09ed_0d2e56177db246e7821a11bc4280425a~mv2_d_4032_3024_s_4_2.webp
000406.jpg,https://t2.thpservices.com/previewimage/gallil/23e0373bb883df0d086004a907c51c45/wes-csf018157.jpg
000407.jpg,https://cloud.glstock.com/52272/1700335/small-padron-peppers-pimiento-de-padron.jpg
000408.jpg,https://bybabette.com/wp-content/uploads/2019/03/padron-peppers-5.jpg
000409.jpg,https://www.kitchenfrau.com/wp-content/uploads/2018/07/IMG_9591est.jpg
000410.jpg,http://www.tableandfield.com/wp-content/uploads/2015/08/Oakland-Padron-Peppers-1024x768.jpg
000411.jpg,https://www.travelgumbo.com/fileSendAction/fcType/5/fcOid/493184366873124213/fodoid/493184366873124212/imageType/LARGE/inlineImage/true/IMG_3124.JPG
000412.jpg,https://www.victoriasartofliving.com/wp-content/uploads/2019/04/P3190460.jpg
000413.jpg,https://media.istockphoto.com/photos/fried-green-padron-peppers-in-white-bowl-pimientos-de-padron-picture-id955145598
000414.jpg,https://www.nomadistribution.com.au/images/Padron_peppers_served_with_flake_salt.jpg
000415.jpg,http://www.hortafina.com/en/wp-content/uploads/2016/02/pimentopadrao01-1173x786.jpg
000416.jpg,https://res.cloudinary.com/fleetnation/image/private/c_fit,w_1120/g_south,l_text:style_gothic2:%C2%A9%20Caron%20Badkin,o_20,y_10/g_center,l_watermark4,o_25,y_50/v1459507936/kli5wld85lkdl1klocjl.jpg
000417.jpg,https://media1.popsugar-assets.com/files/thumbor/zhjjZHepFrxGKJXyyioipBwKLEU/fit-in/550x550/filters:format_auto-!!-:strip_icc-!!-/2011/08/31/3/192/1922195/e60f275e4400103d_t/i/Cooking-Padron-Peppers.jpg
000418.jpg,https://andreasrecipes.com/photos/Pepper_padron_060811.jpg
000419.jpg,https://gasmarkfive.files.wordpress.com/2015/02/padron-peppers-656x492.jpg?w=764
000420.jpg,https://www.bascofinefoods.com/media/catalog/category/cache/1000x/padron-peppers-2.jpg
000421.jpg,https://comps.canstockphoto.com/pinchos-burgos-morcilla-with-padron-stock-photo_csp45372423.jpg
000422.jpg,https://fussfreeflavours.com/wp-content/uploads/2015/08/How-to-cook-padron-peppers-on-the-BBQ.jpg
000423.jpg,https://sgfm.elcorteingles.es/SGFM/dctm/MEDIA03/201908/23/00118166101891____3__600x600.jpg
000424.jpg,https://uharvest.ca/shop/images/pepper-padroncm.jpg
000425.jpg,https://s3-media4.fl.yelpcdn.com/bphoto/rDsM3h47v74rXMTnonPVew/348s.jpg
000426.jpg,https://images.squarespace-cdn.com/content/v1/50f466e2e4b0cfc6e7811426/1371872805781-QWI1WBJXKHIKS6IT43XM/ke17ZwdGBToddI8pDm48kB9faiTtnUNbl4qg6OzvplQUqsxRUqqbr1mOJYKfIPR7LoDQ9mXPOjoJoqy81S2I8PaoYXhp6HxIwZIk7-Mi3Tsic-L2IOPH3Dwrhl-Ne3Z2G0MP6jRiuby3GqbNHNKK9PvfAlUP_tgPwJelcn3DlEPvOzbI-NzUQK-lrlmb-Qyr/padron_peppers_dish_final.jpg
000427.jpg,https://cookingwithawallflower.com/wp-content/uploads/2018/10/Furikake-Seasoned-Padron-Peppers-2-683x1024.jpg
000428.jpg,https://www.grupoherbex.com/imagenes/nuevos_productos/zoom_padron.jpg
000429.jpg,https://media-cdn.tripadvisor.com/media/photo-s/06/86/4c/d6/padron-peppers.jpg
000430.jpg,https://fd-v5-api.imgix.net/assets/product_images/c1e062005201f22636e451f302cb9a231a843f983708db9c248635c5ea31981d/The_tomato_stall_PadronFramdrop19_May732541.jpg?fit=crop&q=99&w=412&h=344&fm=pjpg
000431.jpg,https://cdn.videosofproducts.com/products/videos/thumbnails/B00DR303OU.jpg
000432.jpg,https://blog.sigonas.com/wp-content/uploads/2015/08/Spicy-Chorizo-and-Padro%CC%81n-Pepper-Corn-Chowder_0167E-1-of-1_360.jpg
000433.jpg,https://c8.alamy.com/comp/MMHMCA/padron-peppers-capsicum-anuum-imported-from-spain-and-bought-from-a-supermarket-in-the-uk-gb-most-are-mild-but-a-small-percentage-are-very-hot-the-MMHMCA.jpg
000434.jpg,https://img.freepik.com/free-photo/padron-peppers-green-wooden-table_79295-17814.jpg?size=626&ext=jpg
000435.jpg,https://ibericaspanishfood.co.uk/img/leoblog/b/lg-b-padronpeppers.png
000436.jpg,https://www.starchefs.com/cook/sites/default/files/imagecache/recipe_cover_image/images/recipes/Walker_Justin_photo.jpg
000437.jpg,http://1.bp.blogspot.com/-r_1ZJvZQi5s/Uenkn5hB6yI/AAAAAAAAC_Q/dy5YKHasAtY/s1600/Padron+peppers+tapas+1.jpg
000438.jpg,https://www.cilantroandcitronella.com/wp-content/uploads/2015/04/padron-peppers-photo.jpg
000439.jpg,https://static1.bigstockphoto.com/4/2/2/large2/224896579.jpg
000440.jpg,http://www.happyboyfarms.com/mediafiles/produce/categories/43_2_43_1_baby_padrone.jpg
000441.jpg,https://images.rove.me/w_1920,q_85/p4idhxcmjxtetvls2j62/spain-pimientos-de-padron-peppers.jpg
000442.jpg,https://www.oliveoilsource.com/sites/default/files/stories/peppers2_1.jpg
000443.jpg,https://i1.wp.com/www.pintxoseattle.com/wp-content/uploads/2016/07/instagram-digest-20160727-7.jpg?fit=640%2C640
000444.jpg,http://1.bp.blogspot.com/_LNaQuBlSf8Y/SIwIAvUkk4I/AAAAAAAADIY/hHQEI0pjBYk/s400/happy+quail+farms+pimiento+de+padron+peppers-copyright-2008-nathan-lau.jpg
000445.jpg,https://thumbs.dreamstime.com/z/green-padron-peppers-preparation-frying-pan-italian-green-padron-peppers-preparation-dark-frying-pan-116881412.jpg
000446.jpg,https://bgproduce.files.wordpress.com/2017/08/padron.jpeg?w=640&h=360
000447.jpg,https://live.staticflickr.com/6170/6193744336_fe175cb02a_b.jpg
000448.jpg,http://nigelwakelen.com/wp-content/uploads/2014/08/padron-peppers-400x300.jpg
000449.jpg,https://assets.marthastewart.com/styles/wmax-300/d22/peppers12-0711md106460/peppers12-0711md106460_hd.jpg?itok=7PH_Ekj1
000450.jpg,https://as2.ftcdn.net/jpg/00/41/78/45/500_F_41784566_ShEqkXO3wQKSWestijeKrOIzu1UuqLp8.jpg
000451.jpg,https://s3.amazonaws.com/tinykitch/wp-content/uploads/2016/08/Roasted-Padron-Peppers.jpg
000452.jpg,https://static.seattletimes.com/wp-content/uploads/2013/07/2021464678-780x0.jpg
000453.jpg,https://716f24d81edeb11608aa-99aa5ccfecf745e7cf976b37d172ce54.ssl.cf1.rackcdn.com/padron-peppers-almonds-black-olive-1107997l1.jpg
000454.jpg,http://www.foodiemob.com/wp-content/uploads/2009/08/padron-610x406.jpg
000455.jpg,https://i.etsystatic.com/10816057/d/il/f6ecbb/1488147030/il_340x270.1488147030_8e0f.jpg?version=0
000456.jpg,https://i.pinimg.com/originals/8c/6d/f9/8c6df989ffc0734988d5ef6fda297788.jpg
000457.jpg,https://goodeggs1.imgix.net/product_photos/wsbQ30hTIKxrEX1a7qaN_padrons_02.jpg?w=840&h=525&fm=jpg&q=80&fit=crop
000458.jpg,http://d3e1m60ptf1oym.cloudfront.net/3da6759d-23bc-49cd-a5d1-97ad99d427b6/JB_padron_peppers__hand__3-3525_xlarge.jpg
000459.jpg,http://www.deenakakaya.com/wp-content/uploads/2015/07/padron-paneer-salad-1-jpeg-1024x683.jpg
000460.jpg,https://pbs.twimg.com/media/DlH5StvXgAI0F5l.jpg
000461.jpg,https://i2.wp.com/www.delish-dish.com/wp-content/uploads/2015/09/IMG_1645.jpg?resize=660%2C495
000462.jpg,https://media.gettyimages.com/photos/pimento-de-padron-peppers-picture-id529683724
000463.jpg,https://ak.picdn.net/offset/photos/55e7602c72375f2a29e5a0f8/medium/photo.jpg
000464.jpg,https://st4.depositphotos.com/8954216/19866/i/1600/depositphotos_198660518-stock-photo-fried-green-padron-peppers-in.jpg
000465.jpg,https://previews.123rf.com/images/philkinsey/philkinsey1905/philkinsey190500020/123313030-group-of-fresh-raw-green-mediterranean-padron-peppers-isolated-on-a-white-background.jpg
000466.jpg,https://i2.wp.com/kelciesfreshfridge.com/wp-content/uploads/2018/08/Padron-Peppers.jpg?resize=610%2C915&ssl=1
000467.jpg,https://cf2.foodista.com/sites/default/files/styles/featured/public/field/image/padron%20pepper%20vegetarian%20pizza.jpg
000468.jpg,https://image.shutterstock.com/display_pic_with_logo/1514426/480168880/stock-photo-raw-green-peppers-pimientos-de-padron-traditional-spanish-tapas-480168880.jpg
000469.jpg,https://www.alberteve.com/image/cache/catalog/ShishitoPerrperWeb1-1080x1.jpeg
000470.jpg,https://t3.thpservices.com/previewimage/gallil/000af715e600500b37dfe0a2466c9f47/yl2-1222047.jpg
000471.jpg,https://i2.wp.com/www.foodinspires.com/wp-content/uploads/2014/07/kofta2.jpg
000472.jpg,https://portalvhds26k4f5tktj3ck.blob.core.windows.net/spotpics/sp50650.jpg
000473.jpg,https://image.shutterstock.com/image-photo/padron-peppers-600w-321949001.jpg
000474.jpg,http://1.bp.blogspot.com/-xPyg7k3vrcQ/VcEXZat0s3I/AAAAAAAAHJ4/bRDjDpYPQ8I/s1600/padron%2Bpeppers.jpg
000475.jpg,http://www.seriouseats.com/recipes/assets_c/2015/04/20150420-pimientos-de-padron-tapas-easy-peppers-spanish-6-thumb-1500xauto-421906.jpg
000476.jpg,https://www.carolinescooking.com/wp-content/uploads/2019/06/pimiento-de-padron-peppers-photo.jpg
000477.jpg,https://d2814mmsvlryp1.cloudfront.net/wp-content/uploads/2011/08/08_17_16_WGC_CB_26455-copy-2-copy.jpg
000478.jpg,http://4.bp.blogspot.com/-2LJY5nqPBkk/Ugcgj69At5I/AAAAAAAAE0o/0nSFC6JWdX4/s1600/Padron+pepper+1.jpg
000479.jpg,http://www.seriouseats.com/images/2015/04/20150420-pimientos-de-padron-tapas-easy-peppers-spanish-1.jpg
000480.jpg,http://2.bp.blogspot.com/-1uv2yvQTW58/TlgAbBoldPI/AAAAAAAAA20/GZl5fbNxwoY/s1600/padron+open+plate.jpg
000481.jpg,http://blog.williams-sonoma.com/wp-content/uploads/2016/07/Padron-Peppers.jpg
000482.jpg,http://blog.junbelen.com/wp-content/uploads/2010/09/Pickle-464.jpg
000483.jpg,http://hungrysofia.files.wordpress.com/2011/08/img_3469_2.jpg
000484.jpg,http://1.bp.blogspot.com/_MsH-3feS8hw/S8dDl2LETHI/AAAAAAAAAcs/HE4e_JCsZYA/s1600/Padron+Peppers+017.jpg
000485.jpg,http://www.greatroadfarm.com/wp-content/uploads/2012/07/shishitopepper0721-768x1024.jpg
000486.jpg,https://i.ytimg.com/vi/CcflzaVYeK4/maxresdefault.jpg
000487.jpg,http://1.bp.blogspot.com/_MsH-3feS8hw/S8dDYsOJUEI/AAAAAAAAAcc/kZiD-ChzT4M/s1600/Padron+Peppers+022.jpg
000488.jpg,http://2.bp.blogspot.com/-aX1QQ5W1ABo/U6ySKPUvtfI/AAAAAAAAWG0/PF7n7Uoq1sc/s1600/20140610_181752.jpg
000489.jpg,http://i.ebayimg.com/images/i/152034116627-0-1/s-l1000.jpg
000490.jpg,https://www.bascofinefoods.com/spanish-recipes-wpfiles/wp-content/uploads/2019/05/fried-padron-peppers.jpg
000491.jpg,https://cookingwithawallflower.com/wp-content/uploads/2018/10/Furikake-Seasoned-Padron-Peppers-2.jpg
000492.jpg,https://static1.squarespace.com/static/50f466e2e4b0cfc6e7811426/t/51c52202e4b0c275d0a83562/1371873795466/padron_peppers_dish+%281%29.jpg
000493.jpg,https://spanishtableseattle.files.wordpress.com/2013/05/padron-plants-1.jpg
000494.jpg,https://planteveryday.files.wordpress.com/2014/08/img_1186.jpg
000495.jpg,https://tomsyums.files.wordpress.com/2013/08/dsc_0115.jpg
000496.jpg,https://cookingwithawallflower.com/wp-content/uploads/2018/10/Furikake-Seasoned-Padron-Peppers-1.jpg
000497.jpg,http://www.cilantroandcitronella.com/wp-content/uploads/2015/04/Padron-Peppers.jpg
000498.jpg,https://www.binnysfoodandtravel.com/wp-content/uploads/2015/09/img_2250-1-1440x1440.jpg
000499.jpg,http://1.bp.blogspot.com/-esHs3414pI8/TnYxP0YUq3I/AAAAAAAAAuI/uUH6GLlBmGA/s1600/peppers-padron.jpg
000500.jpg,http://1.bp.blogspot.com/-X_jLTjFORng/TlgAcAJ1OZI/AAAAAAAAA28/DuSqyk6StEc/s1600/padron+pan.jpg
000501.jpg,http://3.bp.blogspot.com/-3uDSkkYbgtM/UiY_2mulvNI/AAAAAAAACoQ/ctPTrYIYSIE/s1600/Padron+peppers.jpg
000502.jpg,https://deeliciouslydotcom.files.wordpress.com/2014/07/padron-pepper.jpg
000503.jpg,http://upload.wikimedia.org/wikipedia/commons/f/fa/Pimientos_de_padron_amb_sal_maldon.jpg
000504.jpg,https://c8.alamy.com/comp/MJC254/fried-green-padron-peppers-in-white-bowl-pimientos-de-padron-MJC254.jpg
000505.jpg,http://demandware.edgesuite.net/sits_pod32/dw/image/v2/BBBW_PRD/on/demandware.static/-/Sites-jss-master/default/dw770d1a53/images/products/vegetables/00666g_02_padron.jpg
000506.jpg,https://foodfitforfelix.files.wordpress.com/2014/08/img_7888.jpg
000507.jpg,https://www.sandiegoseedcompany.com/wp-content/uploads/2018/04/Pepper-Padron-1-2.jpg
000508.jpg,https://www.seriouseats.com/images/2015/04/20150420-pimientos-de-padron-tapas-easy-peppers-spanish-3.jpg
000509.jpg,http://www.thetapaslunchcompany.co.uk/products/large/pimientos-padron-500g.jpg
000510.jpg,https://tomsyums.files.wordpress.com/2013/08/dsc_0116.jpg
000511.jpg,http://supperinthesuburbs.com/wp-content/uploads/2015/08/Chorizo-Meatballs-with-Padron-Peppers-served-with-Alhambra-Reserva-1925.jpg
000512.jpg,https://cdn.shopify.com/s/files/1/0915/1060/products/Padron_Pepper_Seeds.jpg
000513.jpg,https://c8.alamy.com/comp/DD21K0/padron-peppers-on-a-wooden-board-DD21K0.jpg
000514.jpg,https://www.southdevonchillifarm.co.uk/images/detailed/1/PadronSeeds21100_ywdk-t2.jpg
000515.jpg,https://search.chow.com/thumbnail/1280/800/www.chowstatic.com/assets/recipe_photos/29876_grilled_padrone_peppers.jpg
000516.jpg,https://www.chilipeppermadness.com/wp-content/uploads/2019/04/Pimiento-de-Padron-Peppers.jpg
000517.jpg,https://foodfitforfelix.files.wordpress.com/2014/08/img_7957.jpg
000518.jpg,https://c8.alamy.com/comp/DGYCFP/a-single-padron-pepper-on-a-wooden-board-DGYCFP.jpg
000519.jpg,http://1.bp.blogspot.com/_tyHKcXbPr20/TNFXlOmFeII/AAAAAAAAAs0/Tjt96ZjHOrY/s1600/%233a+small.jpg
000520.jpg,https://paulsproduce.files.wordpress.com/2014/06/img_5695.jpg
000521.jpg,https://i.pinimg.com/736x/f0/d6/2b/f0d62b6c0a3e502372dbe9990195025b--padron-peppers-recipe-tapas-food.jpg
000522.jpg,http://i0.wp.com/cali-zona.com/wp-content/uploads/2013/08/3U9A2712-1.jpg
000523.jpg,https://cookingwithawallflower.com/wp-content/uploads/2018/10/Furikake-Seasoned-Padron-Peppers-4.jpg
000524.jpg,http://i0.wp.com/cali-zona.com/wp-content/uploads/2013/08/3U9A2722-1.jpg
000525.jpg,https://cookingwithawallflower.com/wp-content/uploads/2017/10/Pan-Seared-Padron-Peppers-with-Honey-Soy-Sesame-Dipping-Sauce-3.jpg
000526.jpg,https://yummytummyfarms.files.wordpress.com/2012/09/red-padron-pepper.jpg
000527.jpg,https://c8.alamy.com/comp/KYENXF/pimientos-de-padron-plant-capsicum-annuum-in-a-vegetables-padron-peppers-KYENXF.jpg
000528.jpg,https://tomsyums.files.wordpress.com/2013/08/dsc_0079.jpg
000529.jpg,http://i1.wp.com/cali-zona.com/wp-content/uploads/2013/08/3U9A2779-1.jpg
000530.jpg,https://planteveryday.files.wordpress.com/2014/08/img_1159.jpg
000531.jpg,http://2.bp.blogspot.com/-onHlDAvs3Sg/UiZAmD7ewbI/AAAAAAAACoc/5Ux8eA0ONwE/s1600/Pepper+seedlings+March+2012.jpg
000532.jpg,http://scharfundlecker.de/WebRoot/Store16/Shops/72ecc385-2423-4740-a34d-191be29dfbd6/542B/B613/3729/3865/74CB/0A48/354C/6490/Pimento_De_Padron_Pepper_Seeds.jpg
000533.jpg,http://demandware.edgesuite.net/sits_pod32/dw/image/v2/BBBW_PRD/on/demandware.static/-/Sites-jss-master/default/dw6951ad0c/images/products/vegetables/00666g_01_padron.jpg
000534.jpg,http://1.bp.blogspot.com/-WWPaPLy08Hw/UA7PVBWaTSI/AAAAAAAAAkc/6oMrc9hore4/s1600/Imagen+1.jpg
000535.jpg,https://lunya.co.uk/wp-content/uploads/2013/11/DeliProducts-0311.jpg
000536.jpg,https://4.bp.blogspot.com/_MsH-3feS8hw/S8dDYJ4ibNI/AAAAAAAAAcU/0bbwLL9vVn0/s1600/Padron+Peppers+025.jpg
000537.jpg,http://www.seriouseats.com/images/2015/04/20150420-pimientos-de-padron-tapas-easy-peppers-spanish-5.jpg
000538.jpg,http://i1.wp.com/cali-zona.com/wp-content/uploads/2013/08/3U9A2750.jpg
000539.jpg,https://c8.alamy.com/comp/P49PT2/green-padron-peppers-pimientos-de-padron-P49PT2.jpg
000540.jpg,http://i1.wp.com/cali-zona.com/wp-content/uploads/2014/07/3U9A2978-1.jpg
000541.jpg,http://socraticfood.com/wp-content/uploads/2017/03/Pimientos-de-padron.jpg
000542.jpg,https://i2.wp.com/supperinthesuburbs.com/wp-content/uploads/2015/08/Chorizo-Meatballs.jpg
000543.jpg,https://3.bp.blogspot.com/-lr0aPfvYSxY/WeolyNgv4ZI/AAAAAAAAVqs/p6bFZFAnBj81fYEuBdEODtsi-YcP2CCbwCLcBGAs/s1600/0014152-2.jpg
000544.jpg,http://c7.alamy.com/comp/KEMH7T/assorted-pepper-display-KEMH7T.jpg
000545.jpg,http://shreddedsprout.com/wp-content/uploads/2013/06/DSC_0410.jpg
000546.jpg,https://4.bp.blogspot.com/-JyQIhocZlcY/Weol6LK1n7I/AAAAAAAAVqw/VlSlhXolKlwl_5hJHy_Z_xqxG1uesL5JQCLcBGAs/s1600/0014120-2.jpg
000547.jpg,https://acapitolcontessa.files.wordpress.com/2015/08/dsc00908.jpg
000548.jpg,https://c8.alamy.com/comp/HRM7N6/fried-spanish-padron-peppers-famous-for-being-a-bit-like-russian-roulette-HRM7N6.jpg
000549.jpg,https://c8.alamy.com/comp/KN7307/tapas-pimientos-del-padron-green-peppers-with-sausage-KN7307.jpg
000550.jpg,https://c8.alamy.com/comp/FD1N2X/pimiento-de-padron-spanish-pepper-plant-seedlings-growing-in-a-propagator-FD1N2X.jpg
000551.jpg,https://acapitolcontessa.files.wordpress.com/2015/08/dsc00905.jpg
000552.jpg,https://4.bp.blogspot.com/-4VoZ8xeOL5o/WeolrLCMCSI/AAAAAAAAVqk/1LSw0YKbTdklEa3-H7O9-3TGeVglEj7PwCLcBGAs/s1600/0014024-2.jpg
000553.jpg,https://eataduck.files.wordpress.com/2012/09/mississippi-quail-lardo-butter-calabrian-sausage-padron-pepper-conserva.jpg
000554.jpg,https://i.pinimg.com/736x/8a/cc/24/8acc24777b6d56094a0ee7d659f4dd6a--summer-heat-special-recipes.jpg
000555.jpg,https://c8.alamy.com/comp/FW3XKJ/grilled-padron-peppers-with-salt-and-pepper-on-colourful-plates-FW3XKJ.jpg
000556.jpg,http://cookingwithawallflower.com/wp-content/uploads/2017/10/Pan-Seared-Padron-Peppers-with-Honey-Soy-Sesame-Dipping-Sauce-1.jpg
000557.jpg,https://c8.alamy.com/comp/PG53MA/closeup-of-padron-chilli-peppers-growing-on-a-pepper-plant-the-peppers-are-popular-as-a-spanish-tapas-dish-PG53MA.jpg
000558.jpg,https://1.bp.blogspot.com/-stZC6W1MB7A/WeolhqOYJPI/AAAAAAAAVqg/QGBgnldjk6ks0RrsK1yw99kNAGAWnSnigCLcBGAs/s1600/0013989-3.jpg
000559.jpg,https://2.bp.blogspot.com/-h1g0sosGnPc/WeomFCWycCI/AAAAAAAAVq0/67qmNSliB_cW_ovN9eKjqdqenaWNoZ6jgCLcBGAs/s1600/0014236-3.jpg
000560.jpg,https://c8.alamy.com/comp/FDM6P2/single-fresh-whole-green-shisito-pepper-on-white-background-FDM6P2.jpg
000561.jpg,http://buyallgardentools.com/wp-content/uploads/2016/11/71t9F4sgzmL._SL1500_-3.jpg
000562.jpg,https://c8.alamy.com/comp/KN7306/tapas-pimientos-del-padron-green-peppers-with-sausage-KN7306.jpg
000563.jpg,https://stingynomads.com/wp-content/uploads/2019/10/Pulpo-Gallega-Pimientos-de-Padron-Galicia.jpg
000564.jpg,https://bigseventravel.com/wp-content/uploads/2019/10/bistro-1024x935.jpg
000565.jpg,https://bigseventravel.com/wp-content/uploads/2019/10/tapa-2-1024x684.jpg
000566.jpg,https://www.gonomad.com/wp-content/uploads/2019/10/Magazin-saltzburg-500x344.jpg
000567.jpg,https://bigseventravel.com/wp-content/uploads/2019/10/salero-1024x766.jpg
000568.jpg,https://i2.wp.com/www.luxuriousmagazine.com/wp-content/uploads/2019/04/Sea-bream-ceviche.jpg
000569.jpg,https://www.gonomad.com/wp-content/uploads/2019/10/sasuage-man-2-500x571.jpg
