image,source
000001.jpg,https://www.pepperscale.com/wp-content/uploads/2017/04/Poblano-Pepper-Nutrition-1024x683.jpeg
000002.jpg,https://www.melissas.com/v/vspfiles/photos/1277-2T.jpg
000003.jpg,https://www.pepperscale.com/wp-content/uploads/2015/12/pasilla-vs-poblano_1050-768x512.jpg
000004.jpg,https://www.spicesinc.com/images/product/large/293.jpg
000005.jpg,https://cdn.shopify.com/s/files/1/0007/7774/8546/products/Pasilla_Chiles_1_2000x.jpg?v=1558715803
000006.jpg,http://cdn.shopify.com/s/files/1/0148/1945/9126/products/VnQvyEwYoGGHzOThXLbhuSZQit3hTwkYjpLIYcQOiI2DsNwE67vXl_8XphZDRxL3TfMa1I8utTY_w615-h615_1200x1200.png?v=1568397350
000007.jpg,https://target.scene7.com/is/image/Target/GUEST_749e277c-0f10-40e3-8695-5eef424d88f4?wid=488&hei=488&fmt=pjpeg
000008.jpg,https://s.yimg.com/aah/mex-grocer/fresh-chile-poblano-peppers-54.png
000009.jpg,http://cdn.shopify.com/s/files/1/1766/2959/products/Pasilla_Baijo_1_600x.jpg?v=1535257715
000010.jpg,http://www.specialtyproduce.com/sppics/801.png
000011.jpg,https://www.marxfoods.com/images/Fresh-Pasilla-Chiles-Chilaca_FreshPasillaChilesChilaca-1.jpg
000012.jpg,https://www.pepperscale.com/wp-content/uploads/2014/11/pasilla-pepper-768x512.jpeg
000013.jpg,https://i.ebayimg.com/images/g/di8AAMXQyfFR9sCz/s-l300.jpg
000014.jpg,http://better-produce.com/wp-content/uploads/pasilla-peppers-california.jpg
000015.jpg,https://cdn.shopify.com/s/files/1/1698/1675/products/Pepper_Hot_Pasilla_Bajio.jpg?v=1536942952
000016.jpg,https://www.rareseeds.com/assets/1/14/DimRegular/Pepper-Pasilla-Bajio-LSS-299.jpg
000017.jpg,https://www.gourmetfoodworld.com/images/product/large/1774_1_.jpg
000018.jpg,https://previews.123rf.com/images/maxsol7/maxsol71803/maxsol7180300025/97951835-mexican-chile-peppers-arbol-pasilla-guajillo-poblano-habanero-jalapeno-.jpg
000019.jpg,https://images-na.ssl-images-amazon.com/images/I/41I3V-giRtL._SY355_.jpg
000020.jpg,https://previews.123rf.com/images/cokemomo/cokemomo1210/cokemomo121000024/15712867-chile-pasilla-mexican-dried-chili-pepper.jpg
000021.jpg,https://www.botanicalinterests.com/images/popup/0181i_Pepper-Chile-Pasilla-Bajio.jpg
000022.jpg,https://www.spicesinc.com/images/product/large/1659.jpg
000023.jpg,https://www.caligirlcooking.com/wp-content/uploads/2016/07/Spicy-Stuffed-Pasilla-Peppers-with-Cashew-Cream-Sauce-6.jpg
000024.jpg,https://www.mexicanplease.com/wp-content/uploads/2019/02/Pasilla-Chile-Salsa-2.jpg
000025.jpg,https://portalvhds26k4f5tktj3ck.blob.core.windows.net/spotpics/sp46321.jpg
000026.jpg,https://www.chilipeppermadness.com/wp-content/uploads/2019/08/Pasilla-Peppers.jpg
000027.jpg,https://www.distribuidoraloscompadres.com/wp-content/uploads/2017/05/pasilla-1041.jpg
000028.jpg,https://www.spicesinc.com/images/product/large/1647.jpg
000029.jpg,https://www.mestizomarket.com/media/catalog/product/cache/1/image/1200x/9df78eab33525d08d6e5fb8d27136e95/8/5/85_pasilla.jpg
000030.jpg,http://www.baloianfarms.com/images/product/pepper_hot_pasilla.jpg
000031.jpg,https://images-na.ssl-images-amazon.com/images/I/51eM72ioPmL._SR600%2C315_PIWhiteStrip%2CBottomLeft%2C0%2C35_SCLZZZZZZZ_.jpg
000032.jpg,https://cdn11.bigcommerce.com/s-9d454/images/stencil/608x608/products/5105/10877/whole-pasilla-peppers-dried__16493.1540829796.jpg?c=2
000033.jpg,https://veramexicana.com/wp-content/uploads/2019/04/pasilla-mixe-1.png
000034.jpg,https://www.healthbenefitstimes.com/9/uploads/2016/08/Pasilla-pepper-Capsicum-annuum.jpg
000035.jpg,https://www.foodiecrush.com/wp-content/uploads/2011/05/FoodieCrush-Pasilla-Peppers2-1.jpg
000036.jpg,https://images-na.ssl-images-amazon.com/images/I/61TZEYZOcqL._SX355_.jpg
000037.jpg,https://portalvhds26k4f5tktj3ck.blob.core.windows.net/spotpics/sp41004.jpg
000038.jpg,https://i.etsystatic.com/12292559/r/il/579e27/1079657560/il_570xN.1079657560_txef.jpg
000039.jpg,http://cdn.shopify.com/s/files/1/2550/8730/products/Hot_Pepper_Pasilla_Bajio_pixabay_1200x630.jpg?v=1565965132
000040.jpg,https://shop.westlandpeppers.com/wp-content/uploads/2017/07/gedroogde_chile_pasilla_westlandpeppers-1.jpg
000041.jpg,https://mexicanfoodjournal.com/wp-content/uploads/2017/11/Dried-Pasilla-Chiles.jpg
000042.jpg,http://www.specialtyproduce.com/sppics/8010.png
000043.jpg,http://4.bp.blogspot.com/_PsDHxS1frcg/S6Fcwz2V0vI/AAAAAAAAAP8/CKn31pSbLDA/s400/tamales+and+trip+090.JPG
000044.jpg,https://upload.wikimedia.org/wikipedia/commons/d/d5/Pasillachiles.jpg
000045.jpg,https://cdn1.bigcommerce.com/server700/5mvrqhbm/products/2016/images/151115/pasilla_bajio_pepper2__38526.1544144276.1280.1280.jpg?c=2
000046.jpg,https://cdn.shopify.com/s/files/1/0972/6282/products/pasilla-bajio-hot-pepper-heirloom-80-days-vegetables-pinetree-garden-seeds_805_800x.jpg?v=1542980308
000047.jpg,https://cdn.shopify.com/s/files/1/2421/0111/products/Pasilla_Pepper_1024x1024@2x.jpg?v=1510197571
000048.jpg,https://cdn.shopify.com/s/files/1/0871/0950/products/passilabrown_1024x1024.gif?v=1554329195
000049.jpg,https://cdn.shopify.com/s/files/1/2954/2248/products/Pepper-Pasillo-Bajo-Vegetable-Ferry-Morse_1400x.jpg?v=1531860641
000050.jpg,https://previews.123rf.com/images/maxsol7/maxsol71806/maxsol7180600003/102895906-pasilla-bajio-chilaca-chili-peppers-immature-ripe-brown-dried-whole-pods.jpg
000051.jpg,https://www.gourmetsleuth.com/images/default-source/productimages/pasoaxaca-300-jpg.jpg?Status=Master&sfvrsn=2
000052.jpg,https://www.mexworld.nl/67-thickbox_default/whole-dried-pasilla-chili.jpg
000053.jpg,https://images-na.ssl-images-amazon.com/images/I/31bJ8wJDR%2BL._SY450_.jpg
000054.jpg,https://www.thespruceeats.com/thmb/5fK3CjKElm3tazx0fa3G2QCtV_8=/960x0/filters:no_upscale():max_bytes(150000):strip_icc()/GettyImages-639871580-5c67140746e0fb000123cb63.jpg
000055.jpg,https://www.chinelos.hk/uploads/9/2/5/2/92524344/s879494318611470798_p5_i3_w800.png
000056.jpg,https://www.edenbrothers.com/store/media/Seeds-Vegetables/resized/SVPEP138-1_medium.jpg
000057.jpg,https://spicespecialist.com/spice/wp-content/uploads/pasilla-peppers-whole-chile.jpg
000058.jpg,https://cdn11.bigcommerce.com/s-f6cx4kq/images/stencil/1280x1280/products/270/1297/Pasilla__85466.1553657573.jpg?c=2&imbypass=on
000059.jpg,https://www.culinaryhill.com/wp-content/uploads/2015/11/How-to-Roast-Poblano-Peppers-Culinary-Hill-2-660x660.jpg
000060.jpg,https://www.victoriananursery.co.uk/images/800/chilli_pepper_pasilla_bajio_001.jpg
000061.jpg,https://www.superhotchiles.com/wp-content/uploads/2018/04/Pasilla-Bajio-Chilaca-Pepper-seeds.jpg
000062.jpg,https://www.herbies.com.au/wp-content/uploads/images/products/p-651-pasilla-chilli.jpg
000063.jpg,https://s3.envato.com/files/249608578/Chilaca%20Chiles%202018%20copy.jpg
000064.jpg,https://cdn.imgbin.com/0/20/1/imgbin-poblano-bell-pepper-pasilla-chili-pepper-capsicum-annuum-others-uSsDgnTxuW4VmgjmMv7Db4Fyb.jpg
000065.jpg,https://i.pinimg.com/originals/d7/f9/83/d7f983735672e57e857fb23cf6ebd3af.jpg
000066.jpg,https://cdn.shopify.com/s/files/1/0803/5001/products/passila-whole_94ca822e-2e68-4e9d-9bbf-4ed72fc53907_2048x.jpg?v=1519172471
000067.jpg,https://www.spicejungle.com/media/catalog/product/cache/2/image/9df78eab33525d08d6e5fb8d27136e95/d/r/dried-pasilla-negro-chile_2.jpg
000068.jpg,https://previews.123rf.com/images/maxsol7/maxsol71805/maxsol7180500031/101997227-dried-mexican-chile-peppers-pasilla-ancho-mulato-chipotle-morita-whole-pods.jpg
000069.jpg,https://d2lnr5mha7bycj.cloudfront.net/product-image/file/large_cf145a31-43dc-473f-841b-ebc95fbe6fe5.jpg
000070.jpg,https://mexicanfoodproducts.us/wp-content/uploads/2017/01/DRIED-PASILLA-PEPPER-MEXICAN-FOOD-PRODUCTS-US1.jpg
000071.jpg,https://comps.canstockphoto.com/pasilla-chile-isolated-on-white-vector-clip-art_csp38796511.jpg
000072.jpg,https://portalvhds26k4f5tktj3ck.blob.core.windows.net/spotpics/sp46407.jpg
000073.jpg,https://www.thechileguy.com/wp-content/blogs.dir/17/files/2016/03/Negro-Pasilla-200-dpi.jpg
000074.jpg,https://www.superhotchiles.com/wp-content/uploads/2018/09/ChilesVallero10-2018.jpg
000075.jpg,https://elholandespicante.com/shop/wp-content/uploads/2016/10/chiles-chilaca.jpg
000076.jpg,http://latinofoodie.com/pages/wp-content/uploads/2013/01/Green-peppers-1.jpg
000077.jpg,https://www.spicesinc.com/images/product/large/10795.jpg
000078.jpg,https://foodal.com/wp-content/uploads/2014/07/The-Best-Recipe-for-Grilled-Stuffed-Pasilla-Peppers.jpg
000079.jpg,https://www.meijer.com/content/dam/meijer/product/0071/37/3330/34/0071373330348_0_A1C1_1200.png
000080.jpg,http://cdn.shopify.com/s/files/1/0554/6977/products/pas_grande.jpeg?v=1440438052
000081.jpg,https://www.savoryspiceshop.com/content/mercury_modules/cart/items/2/7/4/2749/ratio6x5-600.jpg
000082.jpg,https://images-na.ssl-images-amazon.com/images/I/81mm85kKtaL._SY606_.jpg
000083.jpg,https://st3.depositphotos.com/3147771/19411/i/1600/depositphotos_194111452-stock-photo-pasilla-chilaca-chile-pepper.jpg
000084.jpg,https://media.istockphoto.com/photos/green-pasilla-chile-peppers-isolated-on-white-picture-id906866852
000085.jpg,https://i.ebayimg.com/images/g/BusAAOSwu4BVrkn3/s-l400.jpg
000086.jpg,https://d2lnr5mha7bycj.cloudfront.net/product-image/file/large_ec82aaa4-2d75-4d65-94f8-380bd7125edd.jpg
000087.jpg,https://image.shutterstock.com/image-photo/pasilla-chile-poblano-chili-sweet-260nw-1096456214.jpg
000088.jpg,https://www.curiouscuisiniere.com/wp-content/uploads/2018/02/Mexican-Chilies-Ancho-4506.212.jpg
000089.jpg,https://assets.epicurious.com/photos/5aa00cbc0165770628983f3f/16:9/w_2560,c_limit/Posole-peppers-03012018.jpg
000090.jpg,https://www.dinneratthezoo.com/wp-content/uploads/2019/05/stuffed-poblano-peppers-4.jpg
000091.jpg,https://www.diversivore.com/wp-content/uploads/2016/06/Pasilla-Chilies-feature.jpg
000092.jpg,https://spicetrekkers.com//upload/share/chile-pasilla-de-oaxaca.jpg
000093.jpg,https://previews.123rf.com/images/maxsol7/maxsol71805/maxsol7180500028/101747588-pasilla-bajio-chili-or-chile-negro-a-dried-chilaca-pepper-whole-pods.jpg
000094.jpg,https://cdn11.bigcommerce.com/s-cg0adf/products/92/images/3833/PASILLA__36203.1568188014.500.659.jpg?c=2
000095.jpg,https://www.chilipeppermadness.com/wp-content/uploads/2018/05/Picadillo-Stuffed-Poblano-Peppers-Peeling-Poblanos.jpg
000096.jpg,https://t7-live-fsmn.nyc3.cdn.digitaloceanspaces.com/friendsschoolplantsale.com/files/images/variety/v-pepper-pasilla-holy-mole-park.jpg
000097.jpg,https://lapicanteria.co.uk/wp-content/uploads/2019/07/pasilla-sq-2.png
000098.jpg,https://www.mexicanplease.com/wp-content/uploads/2019/02/Pasilla-Chile-Salsa-graphic.jpg
000099.jpg,https://basilandbubbly.com/wp-content/uploads/2017/01/roasted-poblano-2.jpg
000100.jpg,https://www.fiestaspices.com/wp-content/uploads/2016/07/10273-600x600.jpg
000101.jpg,https://www.edenbrothers.com/store/media/Seeds-Vegetables/resized/SVPEP136-1_medium.jpg
000102.jpg,http://www.marketmanila.com/wp-content/uploads/2013/07/IMG_5822.jpg
000103.jpg,http://cdn.shopify.com/s/files/1/1890/9819/articles/Guajillo-Chili-Substitute_1024x1024.jpg?v=1536483439
000104.jpg,https://cdn.shopify.com/s/files/1/0559/1229/products/Picado_Pasilla_3_1024x1024.jpg?v=1518546358
000105.jpg,https://images-na.ssl-images-amazon.com/images/I/81BFN9fz8hL._SX355_.jpg
000106.jpg,https://images.bonanzastatic.com/afu/images/2850/6478/49/Pasilla__New_1.png
000107.jpg,http://www.specialtyproduce.com/sppics/11255.png
000108.jpg,https://c8.alamy.com/comp/A6FN1Y/fresh-pasilla-chile-peppers-A6FN1Y.jpg
000109.jpg,https://thewandertheory.com/wp-content/uploads/2017/07/Peppers_List_900.jpeg
000110.jpg,http://croatianseeds-store.com/images/stories/virtuemart/product/PasillaBajio1.jpg
000111.jpg,https://www.all-creatures.org/recipes/images/i-peppers-pasilla.jpg
000112.jpg,https://static.wixstatic.com/media/2ef5b1_6fbdc158a1f54bb7b107c9b5819696b6~mv2.jpg/v1/fill/w_2310,h_840,al_c,q_85/2ef5b1_6fbdc158a1f54bb7b107c9b5819696b6~mv2.jpg
000113.jpg,https://thumbs.dreamstime.com/z/pasilla-chilaca-chile-peppers-mexican-bajio-pepper-brown-ripe-whole-fresh-pods-117930058.jpg
000114.jpg,https://www.chieftainwildrice.com/images/custom/2018%20Chiles/C07-pasilla-negro-chiles-peppers-main.jpg
000115.jpg,https://image.shutterstock.com/image-photo/pasilla-bajio-dried-chilaca-peppers-260nw-1143927128.jpg
000116.jpg,https://lapicanteria.co.uk/wp-content/uploads/2019/07/pasilla-oaxaca-sq.png
000117.jpg,https://cdn11.bigcommerce.com/s-9d454/images/stencil/608x608/products/4945/9634/pasilla-negro-chile-powder__95686.1299860236.jpg?c=2
000118.jpg,https://p7.hiclipart.com/preview/689/497/73/bell-pepper-poblano-jalapeno-pasilla-serrano-pepper-vegetable.jpg
000119.jpg,https://previews.123rf.com/images/maxsol7/maxsol71807/maxsol7180700079/106362468-pasilla-bajio-a-dried-chilaca-peppers-or-chile-negro-single-pods-top-view.jpg
000120.jpg,https://cdn.shopify.com/s/files/1/2630/8280/products/accd8d6ae489ef17308e7d5b7096e7e2_470x509_crop_top.jpg?v=1512948269
000121.jpg,https://www.thespruceeats.com/thmb/GDKrZb5PEqBom2CDajxoQ_b27Hs=/2000x1334/filters:no_upscale():max_bytes(150000):strip_icc()/Poblano-Peppers-5808d3895f9b5805c2cb5773.jpg
000122.jpg,https://www.mexicoinmykitchen.com/wp-content/uploads/2017/11/Mexican-Dried-Peppers-Uses.jpg
000123.jpg,http://www.foodsubs.com/Photos/driedchiles-group.jpg
000124.jpg,https://www.mmgood.com/?attachment_id=6102
000125.jpg,https://www.rareseeds.com/assets/1/14/DimRegular/Pasilla-Bajio-Pepper-web-Paul.jpg
000126.jpg,https://www.curiouscuisiniere.com/wp-content/uploads/2018/02/Mexican-Chilies-Pasilla-4500.21.jpg
000127.jpg,http://oriaszabszelet.hu/img/67415/5999550162083/5999550162083.jpg?time=1567581932
000128.jpg,https://foodal.com/wp-content/uploads/2014/07/Vegetarian-Grilled-Stuffed-Pasilla-Peppers.jpg
000129.jpg,https://www.fearlessdining.com/wp-content/uploads/2015/07/Stuffed-Pasilla-Peppers-txt.jpg
000130.jpg,https://www.pepperseeds.eu/pub/media/catalog/product/cache/b56a9049443cfaeedfe24666b14227c1/p/a/pasilla_bajio_pepper.jpg
000131.jpg,https://www.chilipeppermadness.com/wp-content/uploads/2019/08/Chilaca-Peppers.jpg
000132.jpg,https://www.consaborinc.com/uploads/9/1/6/7/91675518/s242344118557108257_p55_i1_w2560.jpeg
000133.jpg,https://q7i2y6d5.stackpathcdn.com/wp-content/uploads/2018/03/mulato-peppers-1-400x266.jpg
000134.jpg,https://st4.depositphotos.com/3147771/20592/i/1600/depositphotos_205924594-stock-photo-pile-pasilla-bajio-dried-chilaca.jpg
000135.jpg,https://i.ytimg.com/vi/4czMpHYebl8/maxresdefault.jpg
000136.jpg,http://cdn.shopify.com/s/files/1/0741/8257/products/Pasilla_Chiles_grande.png?v=1527301326
000137.jpg,http://www.foodsubs.com/Photos/pasillachile5.jpg
000138.jpg,https://thosefoods.com/wp-content/uploads/2016/12/Pasilla-vs-Poblano-3.jpg
000139.jpg,https://cdn.shopify.com/s/files/1/2109/8301/products/Pasilla_Chillies_aka_Chilli_Negro_800x.jpg?v=1509220432
000140.jpg,https://i0.wp.com/www.eatfigsnotpigs.com/wp-content/uploads/2017/02/Vegan-Stuffed-Pasilla-Peppers-1626.jpg?resize=1024%2C591
000141.jpg,https://casaruizbrand.com/wp-content/uploads/2017/01/Pasilla_Negro_Whole.jpg
000142.jpg,https://2peasandadog.files.wordpress.com/2013/03/peppers.jpg
000143.jpg,https://cdn.grapegears.net/public/resize/index.php?w=300&h=450&src=https://cdn.grapegears.net/public/media/2013/03/801.jpg
000144.jpg,https://i2.wp.com/www.kikispeakproduce.com/wp-content/uploads/2018/06/shishito-peppers-1399609_640.jpg?resize=330%2C330&ssl=1
000145.jpg,https://www.cooksinfo.com/wp-content/uploads/pasilla-chile-peppers.jpg
000146.jpg,https://i5.walmartimages.com/asr/9ddd24c6-d6cc-45e7-ae1b-61b72000c39d_1.9244ed320688c94ede3544a7ac854b26.jpeg?odnHeight=450&odnWidth=450&odnBg=FFFFFF
000147.jpg,https://www.pepperscale.com/wp-content/uploads/2015/03/poblano-pepper-substitute-768x432.jpg
000148.jpg,https://veramexicana.com/wp-content/uploads/bfi_thumb/mulato-o8u3cmosoj5byxqv0aiy1khnoybjvnwxc6uha2pqt4.jpg
000149.jpg,http://latinofoodie.com/pages/wp-content/uploads/2012/04/098.jpg
000150.jpg,https://previews.123rf.com/images/maxsol7/maxsol71803/maxsol7180300014/97565554-pasilla-bajio-or-chilaca-chile-peppers-capsicum-annuum-green-.jpg
000151.jpg,https://cdn.imgbin.com/11/14/2/imgbin-serrano-pepper-bell-pepper-jalape-o-pasilla-poblano-chili-red-FgrMUfAv4n34Sjhmjb9KY0cyb.jpg
000152.jpg,https://www.magicplantfarms.com/wp-content/uploads/2016/10/Pasilla-Whole-Podds.jpg
000153.jpg,https://www.healthbenefitstimes.com/9/gallery/pasilla-pepper/Pasilla-pepper-cut.jpg
000154.jpg,https://irepo.primecp.com/2016/03/269501/recipe-23940_ArticleImage-CategoryPage_ID-1528021.jpg?v=1528021
000155.jpg,https://s.yimg.com/aah/mex-grocer/do-a-chonita-salsa-pasilla-pepper-10.png
000156.jpg,https://banner2.kisspng.com/20180630/jl/kisspng-serrano-pepper-jalapeo-poblano-pasilla-cayenne-p-jalapeno-poppers-5b376856f21bc0.9598002415303578469917.jpg
000157.jpg,https://thespicelibrary.com.au/wp-content/uploads/2014/09/pasilla-chilli.jpg
000158.jpg,https://www.spicesinc.com/images/product/large/550.jpg
000159.jpg,https://www.baldorfood.com/uploads/PhotoModel/8123/image/pe92.gallery.jpg?t=1444749587
000160.jpg,https://www.mexicoinmykitchen.com/wp-content/uploads/2017/11/Mulato-pepper-1a.jpg
000161.jpg,https://d104wv11b7o3gc.cloudfront.net/wp-content/uploads/2016/10/chicken-poblano-cream-sauce-2-1.jpg
000162.jpg,https://davesgarden.com/guides/pf/thumbnail.php?image=2004/11/29/beclu727/e2e223.jpg&widht=700&height=312
000163.jpg,https://www.mmgood.com/?attachment_id=6106
000164.jpg,https://i1.wp.com/freshproducegroup.us/wp-content/uploads/2017/01/PUYA-PEPPER-FRESH-PRODUCE-GROUP-LLC.jpg?resize=300%2C225&ssl=1
000165.jpg,https://i.ytimg.com/vi/SeR1mbrwRPQ/hqdefault.jpg
000166.jpg,http://www.freshpoint.com/wp-content/uploads/produce/chilacachili150.jpg
000167.jpg,http://nebula.wsimg.com/020611494f3faa43146ff3ba3b7655d0?AccessKeyId=4666F146996DD20F0A74&disposition=0&alloworigin=1
000168.jpg,https://upload.wikimedia.org/wikipedia/commons/thumb/5/5d/Mulato_chile_pods_%28dried%29.JPG/1200px-Mulato_chile_pods_%28dried%29.JPG
000169.jpg,https://thisoldgal.com/wp-content/uploads/2018/03/How-to-Roast-Peppers-1-1.jpg
000170.jpg,https://doncarlosfoodcompany.com/wp-content/uploads/2019/06/300x365-chile-pasilla-2.jpg
000171.jpg,http://www.eatmorechiles.com/chilies/MEETCHILES/pasilla.jpg
000172.jpg,https://farm2.staticflickr.com/1555/25969543950_1e466cdbc3_c.jpg
000173.jpg,https://img-aws.ehowcdn.com/620x500/s3-us-west-1.amazonaws.com/contentlab.studiod/getty/18479fd43b6b4306b4036fbeb02c185a
000174.jpg,https://cdn.webshopapp.com/shops/225503/files/141196994/500x350x2/poblano-chili-pepper.jpg
000175.jpg,https://i1.wp.com/www.mamalatinatips.com/wp-content/uploads/2016/04/chiles-poblanos-mamalatinatips.jpg?resize=700%2C467&ssl=1
000176.jpg,http://www.freshpoint.com/wp-content/uploads/produce/pasillaii.jpg
000177.jpg,https://www.growjoy.com/store/pc/catalog/pasilla_bajio_pepper_plant_522_detail.jpg
000178.jpg,https://images.homedepot-static.com/productImages/3bed31f9-1c29-4149-b5f2-635db134ec71/svn/ferry-morse-vegetable-herb-seeds-4120-64_1000.jpg
000179.jpg,https://www.fearlessdining.com/wp-content/uploads/2015/07/pasilla-peppers-in-dish.jpg
000180.jpg,https://inmamamaggieskitchen.com/wp-content/uploads/2019/03/SOCIAL-Poblano-Pepper-.jpg
000181.jpg,https://i1.wp.com/plants-rule.com/wp-content/uploads/2018/12/Easy-Black-Bean-Cakes-Healthy-Gluten-Free-Oil-Free-Plant-Based-Essential-Mexican-Vegan-Recipe-3.jpg?resize=1100%2C1330
000182.jpg,https://i.etsystatic.com/19908798/d/il/134c8d/1881526359/il_340x270.1881526359_cgf5.jpg?version=0
000183.jpg,https://migardener.com/wp-content/uploads/2016/11/pasilla-bajio-hot-pepper.jpg
000184.jpg,https://www.gourmetsleuth.com/images/default-source/dictionary/chilechilacasm-jpg.jpg?sfvrsn=2
000185.jpg,https://cdn.starwebserver.se/shops/andale/files/cache/ancho_dup1_tiny.jpg?_=1468609732
000186.jpg,https://www.jessicagavin.com/wp-content/uploads/2019/05/types-of-peppers-pasilla-600x400.jpg
000187.jpg,https://www.callmepmc.com/wp-content/uploads/2018/03/How-to-peel-poblano-peppers.jpg
000188.jpg,https://midcolumbiagardens.com/shop/118-thickbox_default/pasilla-bajio.jpg
000189.jpg,https://image.shutterstock.com/image-photo/green-pasilla-chile-pepper-isolated-260nw-244610038.jpg
000190.jpg,http://tolucafoods.com/wp-content/uploads/2018/06/chile-ancho-1.png
000191.jpg,https://video-images.vice.com/articles/5b9acb3113530f000637c7ed/lede/1536947761944-chiles.jpeg?crop=1xw:0.84375xh;center,center&resize=1200:*
000192.jpg,https://previews.123rf.com/images/maxsol7/maxsol71807/maxsol7180700039/106362458-chilaca-chile-peppers-ripe-brown-whole-pods-known-as-pasilla-when-dried.jpg
000193.jpg,https://www.magicplantfarms.com/wp-content/uploads/2017/01/Pasilla-Pepper-300x300.jpg
000194.jpg,https://cdn.shopify.com/s/files/1/0219/1792/5476/products/pasilla_250x250@2x.png?v=1554258301
000195.jpg,https://s3.amazonaws.com/finecooking.s3.tauntonclud.com/app/uploads/2017/04/19011040/fc029be37-05_xlg.jpg
000196.jpg,https://www.austinchronicle.com/binary/e833/food_feature6.jpg
000197.jpg,https://www.meijer.com/content/dam/meijer/product/0004/52/5511/34/0004525511347_1200.png
000198.jpg,https://mk0mexicanfoodjovj3d.kinstacdn.com/wp-content/uploads/2017/11/Dried-Pasilla-Chile.jpg
000199.jpg,https://upload.wikimedia.org/wikipedia/commons/thumb/4/45/Fresh_chilaca_chillies.jpg/390px-Fresh_chilaca_chillies.jpg
000200.jpg,https://cdn.imgbin.com/0/21/14/imgbin-habanero-serrano-pepper-pasilla-friggitello-yellow-pepper-others-X68CKtGm3f5uH038VRk7hp6yz.jpg
000201.jpg,https://comps.gograph.com/pasilla-chile-isolated-on-white-background_gg87088732.jpg
000202.jpg,https://joaniesimon.com/wp-content/uploads/2019/04/Chicken-Stuffed-Poblano-Peppers-1.jpg
000203.jpg,https://media.mercola.com/assets/images/foodfacts/poblano-pepper-fb.jpg
000204.jpg,https://cdn.starwebserver.se/shops/andale/files/cache/mulato_dup1_tiny.jpg?_=1468609755
000205.jpg,https://c8.alamy.com/comp/S2X7EB/fresh-ripe-raw-spicy-chilaca-peppers-pasilla-chile-chile-negro-green-pasilla-chile-peppers-capsicum-annum-capsicum-annuum-S2X7EB.jpg
000206.jpg,https://d1alt1wkdk73qo.cloudfront.net/images/guide/45fddcd19f4e4d69ba3f62c2c15fd0bd/640x960.jpg
000207.jpg,https://www.colopac.com/wp-content/uploads/2014/10/Poblano-Pasilla.jpg
000208.jpg,https://www.spicesinc.com/images/product/large/620.jpg
000209.jpg,https://static.wixstatic.com/media/828ecb_df2058b2bce6414d9a63ec9187cd6cec~mv2.jpg/v1/fill/w_630,h_787,al_c,q_85,usm_0.66_1.00_0.01/828ecb_df2058b2bce6414d9a63ec9187cd6cec~mv2.jpg
000210.jpg,https://i1.wp.com/plants-rule.com/wp-content/uploads/2018/12/Spicy-Pasilla-Pepper-Sauce-Healthy-Plant-Based-Oil-Free-Gluten-Free-Mexican-Salsa-Vegan-Recipe-7.jpg?w=363&h=486&ssl=1
000211.jpg,https://i0.wp.com/www.mamalatinatips.com/wp-content/uploads/2018/08/poblano-chiles-mlt.jpg?resize=784%2C522&ssl=1
000212.jpg,http://media.cookingandbeer.com/stuffedpasillos3.jpg
000213.jpg,https://foodal.com/wp-content/uploads/2014/07/Delicious-Vegetarian-Grilled-Stuffed-Pasilla-Peppers.jpg
000214.jpg,https://thumbs.dreamstime.com/z/pasilla-chile-isolated-white-background-standing-hot-chili-pepper-negro-chilaca-peppers-vector-illustration-85216441.jpg
000215.jpg,https://vignette.wikia.nocookie.net/gardener/images/7/76/Chilli_Pasilla_bajio.jpg/revision/latest?cb=20101002165620
000216.jpg,https://www.chilipeppermadness.com/wp-content/uploads/2013/09/Aji-Panca-Peppers-Dried.jpg
000217.jpg,https://c7.uihere.com/files/846/598/479/serrano-pepper-chili-con-carne-pasilla-chili-pepper-pepper-creative-thumb.jpg
000218.jpg,http://bobbyflay.com/uploads/blogs/images/posts/dried_chiles-cover.jpg
000219.jpg,http://photos.demandstudios.com/getty/article/181/163/501369813.jpg
000220.jpg,https://media.istockphoto.com/photos/ancho-or-pasilla-peppers-picture-id508150758
000221.jpg,https://www.curiouscuisiniere.com/wp-content/uploads/2018/05/Dried-Chile-Pepper-450.jpg
000222.jpg,http://www.chinelos.hk/uploads/9/2/5/2/92524344/s879494318611470798_p16_i2_w640.png
000223.jpg,https://cdn.shopify.com/s/files/1/0043/4900/1839/products/Pepper-Chilaca_530x@2x.jpg?v=1536619362
000224.jpg,https://gourmet-shop.lv/image/cache/catalog/Cool%20Chile/cool-chile-product-whole-de-oaxaca-v1-1200x1200.jpg
000225.jpg,https://previews.123rf.com/images/maxsol7/maxsol71807/maxsol7180700042/106362462-chilaca-chile-pepper-ripe-brown-whole-pod-known-as-pasilla-when-dried.jpg
000226.jpg,https://www.premierseedsdirect.com/wp-content/uploads/2017/02/41581676.jpg
000227.jpg,http://www.diversivore.com/wp-content/uploads/2018/05/Morita-chipotle-chilies-square.jpg
000228.jpg,https://dinnersswerved.com/wp-content/uploads/2016/09/Pasilla-Spice-Rub-4.jpg
000229.jpg,https://cdn.shortpixel.ai/client/q_lossy,ret_img,w_600/https://veramexicana.com/wp-content/uploads/2019/06/4324fd.jpg
000230.jpg,https://www.savoryspiceshop.com/content/mercury_modules/cart/items/2/7/2/2729/ratio6x5-600.jpg
000231.jpg,https://www.worldspice.com/uploads/photo/image/76/product_ancho_pod.jpg
000232.jpg,http://www.botint.dev-rocket.com/img/site_specific/products/0181i-Pepper-Chile-Pasilla-Bajio.jpg
000233.jpg,https://images-na.ssl-images-amazon.com/images/I/61xv8RhBuDL._SX355_.jpg
000234.jpg,http://notjustbaked.com/wp-content/uploads/2014/07/soy-and-pasilla-grilled-dru.jpg
000235.jpg,https://c1.staticflickr.com/7/6105/6217215767_079f56aa6b_b.jpg
000236.jpg,https://sage.blob.core.windows.net/media/5d19cf302e1036904fd0e1b4_upc-00859031003036-glamor-frontpackageglamor-2019-04-15t14-40-46-7e1db451-157b-411e-ba0a-2671a402eda2.jpg
000237.jpg,https://www.mexicanplease.com/wp-content/uploads/2019/03/single-pasilla-chile.jpg
000238.jpg,https://pocketchangegourmet.com/wp-content/uploads/2014/04/12-Essential-Chili-Peppers.feature.jpg
000239.jpg,http://croatianseeds-store.com/images/stories/virtuemart/product/pasilla5.jpg
000240.jpg,https://www.mexicoinmykitchen.com/wp-content/uploads/2017/11/Morita-pepper-description.jpg
000241.jpg,https://cf-images.us-east-1.prod.boltdns.net/v1/static/1033249144001/a9d32b76-62c3-4eb0-8023-24a5bb69e5ce/f62d2a1f-8947-4603-b58f-e89083af38cf/1280x720/match/image.jpg
000242.jpg,https://www.exotic-plants.de/auktionsbilder/Chili_Pasilla_Bajio1.jpg
000243.jpg,https://tiopablo.co.nz/wp-content/uploads/bfi_thumb/Pasilla-and-Guajillo-Chicken-n6ci1qhgcuuvn5tkw7j3ssg6hxppbcuf9i1qac547c.png
000244.jpg,https://q7i2y6d5.stackpathcdn.com/wp-content/uploads/2018/04/pasilla-400x307.jpg
000245.jpg,https://assets.atlasobscura.com/media/W1siZiIsInVwbG9hZHMvdGhpbmdfaW1hZ2VzL2U3NDMxZjVkLTEwODUtNDY4MS1iYjg4LWFmODU4OTg0MGY2ZjlkNWVjZmE4ZDA3NTFiMzg0MF9jaGlsZW1peGVzMl9Jc2FiZWwgVG9ycmVhbGJhLmpwZyJdLFsicCIsImNvbnZlcnQiLCIiXSxbInAiLCJjb252ZXJ0IiwiLXF1YWxpdHkgODEgLWF1dG8tb3JpZW50Il0sWyJwIiwidGh1bWIiLCI1ODB4NTgwIyJdXQ/chilemixes2_Isabel%20Torrealba.jpg
000246.jpg,https://cdn.webshopapp.com/shops/225503/files/233873499/500x350x2/dried-arbol-peppers-100g.jpg
000247.jpg,https://cdn.shopify.com/s/files/1/0027/7227/1149/products/see888pob2_1600x.jpg?v=1561613503
000248.jpg,http://www.foodsubs.com/Photos/chilepepper-pasilla.jpg
000249.jpg,https://www.gourmetseed.com/image/cache/catalog/products/P/pasilla_bajio_pepper-1024x1024.jpg
000250.jpg,https://civilizedcaveman.com/wp-content/uploads/2011/10/cannibalpasillaPF.jpg
000251.jpg,https://www.fearlessdining.com/wp-content/uploads/2015/07/Stuffed-Pasilla-Pepper-close-up.jpg
000252.jpg,https://c8.alamy.com/comp/MHFJDT/pasilla-bajio-or-chilaca-chili-pepper-capsicum-annuum-whole-green-pod-MHFJDT.jpg
000253.jpg,https://pocketchangegourmet.com/wp-content/uploads/2013/04/Jalapenos.jpg
000254.jpg,http://cdn.shopify.com/s/files/1/1537/5553/products/11658_grande.jpg?v=1486445419
000255.jpg,https://cdn.imgbin.com/1/19/7/imgbin-habanero-serrano-pepper-jalape-o-poblano-pasilla-others-fncnkzNnJ4hPYTZgNjumdMDR4.jpg
000256.jpg,https://i.pinimg.com/originals/35/b4/0f/35b40f95a70aacad38f965f81bcd0f69.jpg
000257.jpg,https://www.spicejungle.com/media/catalog/product/cache/2/small_image/295x/040ec09b1e35df139433887a97daa66f/p/a/pasilla-negro-chile-peppers_1.jpg
000258.jpg,https://minnesota.cbslocal.com/wp-content/uploads/sites/15909630/2014/11/dried-pasilla-pepper.jpg
000259.jpg,https://photos.bigoven.com/recipe/hero/1302100954042083.jpg
000260.jpg,https://www.theprairiehomestead.com/wp-content/uploads/2017/10/canning-peppers-1-682x1024.jpg
000261.jpg,https://www.pepperscale.com/wp-content/uploads/2016/08/aji-panca_1-e1472520503252-768x416.jpg
000262.jpg,https://www.silkroaddiary.com/wp-content/uploads/2014/10/pasilla_oaxaca.jpg
000263.jpg,https://inmamamaggieskitchen.com/wp-content/uploads/2019/03/Chile-Ancho-2.jpg
000264.jpg,http://hispanickitchen.com/wp-content/uploads/2010/09/5677-PepperGroupDried.jpg
000265.jpg,https://www.dinneratthezoo.com/wp-content/uploads/2019/05/stuffed-poblano-peppers-5.jpg
000266.jpg,https://secure.i.telegraph.co.uk/multimedia/archive/02724/pasilla-chilli_2724429b.jpg
000267.jpg,https://www.mexmarket.co.uk/wordpress/wp-content/uploads/2016/07/DSC06225.jpg
000268.jpg,https://woodlandfoods.com/img/WF_Images/E32-pasilla-granulated-chile-pepper-main.jpg
000269.jpg,http://www.mexican-authentic-recipes.com/images/adobo_chile_pasilla.jpg
000270.jpg,https://cookingbythebook.com/wp-content/uploads/2019/06/wc-Lamb-Chopes-with-Pasilla-Chile-Sauce-485x700.jpg
000271.jpg,https://www.ladybehindthecurtain.com/wp-content/uploads/2015/04/Chicken-Filled-Poblano-Peppers-Lady-Behind-The-Curtain-2.jpg
000272.jpg,https://i7.pngguru.com/preview/728/351/630/serrano-pepper-chili-pepper-pasilla-capsicum-cayenne-pepper-green-chili-pepper-free-png-clip-art-image.jpg
000273.jpg,https://i-love-png.com/images/47-477311_chile-jalapeo-chile-jalapeno.png
000274.jpg,https://i.etsystatic.com/12292559/d/il/eb383e/1778350734/il_340x270.1778350734_naza.jpg?version=1
000275.jpg,https://cdn.shopify.com/s/files/1/1623/0125/products/Chilli_Pasilla_Oaxaca_flakes.jpg?v=1527284952
000276.jpg,https://www.edenbrothers.com/store/media/Seeds-Vegetables/ss_size1/SVPEP136-1.jpg
000277.jpg,https://st.hzcdn.com/fimgs/b1a2ff7104cbe638_8890-w240-h393-b0-p0--.jpg
000278.jpg,https://signofthesauce.com/wp-content/uploads/2017/10/pasilla-chili.jpg
000279.jpg,https://amyinthekitchen.com/wp-content/uploads/2014/10/dried-ancho-chili.png
000280.jpg,https://tastykitchen.com/recipes/wp-content/uploads/sites/2/2009/07/20081005_stuffedpasilla2.jpg
000281.jpg,https://www.daringgourmet.com/wp-content/uploads/2018/09/Red-Chile-Sauce-Collage-1.jpg
000282.jpg,http://1.bp.blogspot.com/_PsDHxS1frcg/S6FdRWRgy9I/AAAAAAAAAQM/YS72Fwh9TF0/s400/tamales+and+trip+087.JPG
000283.jpg,https://d193453hoiapjt.cloudfront.net/data/belmontemex/images/products/412513chilepasilla.jpg
000284.jpg,https://garden.org/pics/2012-01-20/DanCarmona/083155.jpg
000285.jpg,https://thumbs.dreamstime.com/b/chilaca-chile-pepper-ripe-brown-whole-pod-known-as-pasilla-dried-brown-chilaca-pasilla-chile-pepper-paths-121396265.jpg
000286.jpg,https://bmexdi064h-flywheel.netdna-ssl.com/wp-content/uploads/2012/08/Corn-Pasilla-Salad-FoodieCrush-009-600x600.jpg
000287.jpg,https://www.mexgrocer.co.uk/images/C/pasilla-chile.png
000288.jpg,https://cdn11.bigcommerce.com/s-9d454/images/stencil/608x608/products/5207/9755/guajillo-chiles-dried-whole__03411.1299860308.jpg?c=2
000289.jpg,https://stripedspatula.com/wp-content/uploads/2018/01/homemade-chili-paste-3-680x952.jpg
000290.jpg,https://2.bp.blogspot.com/_L_3iC0zfdoo/Sf-p-M1sTDI/AAAAAAAAN84/CrXpTLvYyNQ/s400/IMG_7239.JPG
000291.jpg,http://millenniumfarms.bizland.com/sitebuildercontent/sitebuilderpictures/pasillabahio.jpg
000292.jpg,https://www.spicejungle.com/media/catalog/product/cache/2/small_image/295x/040ec09b1e35df139433887a97daa66f/d/r/dried-aji-panca-chiles_2.jpg
000293.jpg,https://penderys.com/pub/media/catalog/product/cache/fa1c797dc73bed0459232d1404671b73/h/t/httpswww.penderys.commedia00481.jpg
000294.jpg,https://www.melissas.com/v/vspfiles/photos/546-2T.jpg
000295.jpg,https://www.ovenstruck.com/wp-content/uploads/2017/04/Drunken-roasted-pepper.jpg
000296.jpg,https://i0.wp.com/plants-rule.com/wp-content/uploads/2018/12/Spicy-Pasilla-Pepper-Sauce-Healthy-Plant-Based-Oil-Free-Gluten-Free-Mexican-Salsa-Vegan-Recipe-12.jpg?resize=1100%2C1473
000297.jpg,https://cdn.shopify.com/s/files/1/2538/2518/products/Spice-Pasilla-Pepper-Salt_800x.png?v=1526665304
000298.jpg,https://www.aspicyperspective.com/wp-content/uploads/2015/10/creamy-poblano-pepper-soup-3.jpg
000299.jpg,https://cdn.shopify.com/s/files/1/0007/7774/8546/products/Ancho_Chiles_900x.jpg?v=1521985512
000300.jpg,https://images.costcobusinessdelivery.com/ImageDelivery/imageService?profileId=12028466&imageId=1078376__1&recipeName=350
000301.jpg,https://www.kawvalleygreenhouses.com/uploads/images/580x700/9c798600f20b47a98df597af1b1584ee.jpg
000302.jpg,https://www.chileplants.com/images/chiles/pasilla-apaseo-pepper-plants.jpg
000303.jpg,http://www.specialtyproduce.com/sppics/263.png
000304.jpg,https://cf.shopee.ph/file/eda6a15bb5cc566d43f8b45e11015a61_tn
000305.jpg,https://www.healthbenefitstimes.com/9/gallery/pasilla-pepper/Pasilla-pepper-plant.jpg
000306.jpg,https://foodal.com/wp-content/uploads/2014/12/Potato-Pasilla-Enchiladas-1.jpg
000307.jpg,https://img.sndimg.com/food/image/upload/v1/img/recipes/48/58/21/picjDeDzQ.jpg
000308.jpg,https://st3.depositphotos.com/3552261/17646/v/1600/depositphotos_176463306-stock-illustration-pasilla-chilechile-negrohot-chili-pepper.jpg
000309.jpg,https://i.ytimg.com/vi/RoaiRvrqNPs/maxresdefault.jpg
000310.jpg,https://cdn.shopify.com/s/files/1/0188/0032/products/pasilla-negro-whole-dried-chile-3-oz-all-natural-chiles-heat-level-02-los-chileros-spicepeppers-chilly-largest-selection-of-hot-sauce-in-canada-meat-snack_574.jpg
000311.jpg,https://www.mexicanplease.com/wp-content/uploads/2019/03/Pasilla-vs.-Pasilla-de-Oaxaca-graphic.jpg
000312.jpg,https://cdn.starwebserver.se/shops/andale/files/cache/guahillo_dup1_tiny.jpg?_=1469791295
000313.jpg,https://mk0mexicanfoodjovj3d.kinstacdn.com/wp-content/uploads/2016/11/Ingredients-Chile-Pasilla-Tomatillo-Salsa.jpg
000314.jpg,https://irepo.primecp.com/2016/03/268984/recipe-20922_Large400_ID-1523408.jpg?v=1523408
000315.jpg,https://img-aws.ehowcdn.com/600x600p/photos.demandstudios.com/getty/article/184/50/87967545_XS.jpg
000316.jpg,https://www.greedygourmet.com/wp-content/uploads/2019/06/pasillapepper.jpg
000317.jpg,https://www.chilliseedbank.com.au/media/catalog/product/cache/image/720x560/4c3462793ba5f87d7658a49338bdb5e2/a/n/ancho_poblano_cropped.jpg
000318.jpg,https://tucsonfoodie.com/wp-content/uploads/2019/07/TF-chiles-pepper-poblano-ancho-4177-1-1024x683.jpg
000319.jpg,http://gromexinc.com/316-thickbox_default/chile-pasilla-25-lb.jpg
000320.jpg,https://upload.wikimedia.org/wikipedia/commons/d/d4/Capsicum_annuum_chipotle_dried.jpg
000321.jpg,https://www.theprairiehomestead.com/wp-content/uploads/2017/10/poblano-1.jpg
000322.jpg,https://s3.amazonaws.com/finecooking.s3.tauntonclud.com/app/uploads/2017/04/24171803/ING-poblanos-pepper-thumb1x1.jpg
000323.jpg,http://www.outofmex.com/wp-content/uploads/2015/02/Pasilla-Pods.jpg
000324.jpg,http://www.foodsubs.com/Photos/mulattochile.jpg
000325.jpg,https://www.diversivore.com/wp-content/uploads/2016/10/Various-Dried-Mexican-Chilies-banner.jpg
000326.jpg,https://patijinich.com/wp-content/uploads/2011/01/DSC_0008-912x622.jpg
000327.jpg,http://cdn.shopify.com/s/files/1/0148/1945/9126/products/wV-RuxBYlWiwzit5Xp_9dw43e7dN2ivevEU1YCMb4BWJJ2DNlc_BXMiNZl8vQipvbGPZNoIo_2U_w615-h615_1200x1200.png?v=1568397326
000328.jpg,https://img.theculturetrip.com/768x432/wp-content/uploads/2018/04/a-guide-to-mexicos-most-essential-chillies-header-100.jpg
000329.jpg,https://www.onionringsandthings.com/wp-content/uploads/2015/11/pasilla.jpg
000330.jpg,https://www.dinneratthezoo.com/wp-content/uploads/2019/05/stuffed-poblano-peppers-3.jpg
000331.jpg,https://thewandertheory.com/wp-content/uploads/2017/07/Chiles_2.jpg
000332.jpg,https://get.pxhere.com/photo/agriculture-background-bright-cayenne-chili-chilli-chilly-closeup-color-cook-cooking-cuisine-eating-food-fresh-freshness-green-health-healthy-heat-hot-ingredient-isolated-market-mexican-nature-nutrition-organic-paprika-pepper-peppers-plant-raw-red-ripe-seasoning-spice-spicy-vegetable-vegetables-vegetarian-water-natural-foods-chili-pepper-malagueta-pepper-serrano-pepper-bird's-eye-chili-peperoncini-tabasco-pepper-local-food-chile-de-rbol-pimiento-cayenne-pepper-bell-peppers-and-chili-peppers-italian-sweet-pepper-jalapeno-vegan-nutrition-pasilla-poblano-flowering-plant-piquillo-pepper-capsicum-habanero-chili-produce-nightshade-family-fruit-vegetarian-food-legume-whole-food-Long-pepper-1595871.jpg
000333.jpg,https://tucsonfoodie.com/wp-content/uploads/2019/07/TF-chiles-pepper-chiltepin-chile-tepin-4213-1024x683.jpg
000334.jpg,http://salsaspicantes.net/wp-content/uploads/2019/04/chile-pasilla.jpg
000335.jpg,http://www.eatmorechiles.com/chilies/MEETCHILES/chilaca.jpg
000336.jpg,https://m-garden.eu/img/4242/pasnpor_altpic_1/pasnpor_altpic_1.jpg?time=1559083083
000337.jpg,https://www.chili-shop24.com/media/image/90/fe/c1/9380_PasillaBajio_600x600.jpg
000338.jpg,https://www.gourmetsleuth.com/images/food/chipao-jpg.jpg?sfvrsn=2
000339.jpg,https://www.acanadianfoodie.com/wp-content/uploads/2014/03/7-Pasilla-Peppers-on-Comal.jpg
000340.jpg,https://media.istockphoto.com/photos/procedure-to-peel-chile-pasilla-picture-id1054829558
000341.jpg,https://shop.westlandpeppers.com/wp-content/uploads/bfi_thumb/gedroogde_mulato_westlandpeppers-1-o9fb7o1qb79a0duxxwhz1a6hqz2axn6s3sfxuhm8l4.jpg
000342.jpg,http://www.gock.hu/sites/default/files/Ancho%20chile%2020%20sm_0.jpg
000343.jpg,http://www.johnvenaproduce.com/OCM/photogalleries/Dried%20pepper%20-%20Aji%20Amarillo%20-%20small.jpg
000344.jpg,https://static1.squarespace.com/static/5972b855a5790aef87d4239b/599b404bd2b8571e5c87ac06/59a6f9edf43b556e54d8a1e1/1505503896838/?format=750w
000345.jpg,http://rahiseedbank.com/wp-content/uploads/2014/07/p15.jpg
000346.jpg,https://aji.io/wp-content/uploads/2015/05/pasilla-de-oaxaca-02-825x510.jpg
000347.jpg,https://sunshineandsavory.files.wordpress.com/2016/11/turkeypasillachili1.jpg?w=1060
000348.jpg,https://static.wixstatic.com/media/5d5896_05b126e12ad04472836f2784511a723e~mv2_d_3092_1586_s_2.jpg/v1/fill/w_3092,h_1586,al_c,q_85/5d5896_05b126e12ad04472836f2784511a723e~mv2_d_3092_1586_s_2.jpg
000349.jpg,http://www.paccoastproduce.com/wp-content/uploads/2019/05/Pasilla.png
000350.jpg,https://i-love-png.com/images/52-525696_jalapeno-peppers-jalapeo.png
000351.jpg,https://simmersmokeandshake.com/wp-content/uploads/2018/09/DSC04251.jpg
000352.jpg,https://www.mexconnect.com/photos/9329-huazontle-pasilla-original.JPG?1281142002
000353.jpg,https://www.thechileguy.com/wp-content/blogs.dir/17/files/2016/08/NegroPasilla.jpg
000354.jpg,http://www.themijachronicles.com/wp-content/uploads/2011/05/pasillaoax4.jpg
000355.jpg,https://www.mmgood.com/?attachment_id=6101
000356.jpg,https://d2lnr5mha7bycj.cloudfront.net/product-image/file/large_303d7b83-8006-4dd9-a851-a41151f8449a.jpg
000357.jpg,https://keviniscooking.com/wp-content/uploads/2015/07/Roasted-Tomatillo-Pasilla-Chile-and-Potato-Soup-with-Chicken3-681x1024.jpg
000358.jpg,https://www.victoryseeds.com/thumbnail.asp?file=assets/images/vegetables/pepper_ancho.jpg&maxx=450&maxy=450
000359.jpg,https://i.pinimg.com/originals/05/50/d6/0550d63a66d2827246c5d5d7f24f556b.jpg
000360.jpg,https://bmexdi064h-flywheel.netdna-ssl.com/wp-content/uploads/2012/08/Corn-Pasilla-Salad-FoodieCrush-002.jpg
000361.jpg,https://p7.hiclipart.com/preview/676/525/69/poblano-salsa-chili-pepper-chili-con-carne-enchilada-chili-thumbnail.jpg
000362.jpg,https://www.publicdomainpictures.net/pictures/10000/nahled/chile-pasilla-25761283138712K44z.jpg
000363.jpg,https://www.daringgourmet.com/wp-content/uploads/2018/09/Mexican-Red-Sauce-Chile-Peppers-1.jpg
000364.jpg,https://www.edenbrothers.com/store/media/Seeds-Vegetables/ss_size1/SVPEP112-1.jpg
000365.jpg,https://assets.bonappetit.com/photos/57d310b7abffea600db60afc/master/w_1600%2Cc_limit/undefined
000366.jpg,https://www.thisgalcooks.com/wp-content/uploads/2013/01/how-to-roast-poblanoswm.jpg
000367.jpg,https://s3.amazonaws.com/cdn.botanicalinterests.com/images/thumb/0281i_Pepper-Chile-Padron.jpg
000368.jpg,https://c8.alamy.com/comp/PFRKEY/two-dried-pasilla-negro-chilli-peppers-PFRKEY.jpg
000369.jpg,https://thehonestbison.com/wp-content/uploads/Blog_bison-stuffed-peppers-4.jpg
000370.jpg,https://i1.wp.com/plants-rule.com/wp-content/uploads/2018/12/Spicy-Pasilla-Pepper-Sauce-Healthy-Plant-Based-Oil-Free-Gluten-Free-Mexican-Salsa-Vegan-Recipe-3.jpg?w=363&h=486&ssl=1
000371.jpg,https://1.bp.blogspot.com/_L_3iC0zfdoo/Sf9MbbGu8zI/AAAAAAAAN8o/wUkMQBqrB_w/s400/IMG_7228.JPG
000372.jpg,http://better-produce.com/wp-content/uploads/serrano-peppers-better-produce-300x300.jpg
000373.jpg,https://s.yimg.com/aah/mex-grocer/pasilla-dried-chile-pepper-by-el-sol-de-mexico-12.png
000374.jpg,https://www.cookingforkeeps.com/wp-content/uploads/2014/07/Baked-Chili-Rellenos-with-Homemade-Turkey-Chorizo-and-Poblano-Cream-Sauce.jpg
000375.jpg,https://foodal.com/wp-content/uploads/2014/07/Make-These-Grilled-Stuffed-Pasilla-Peppers-for-Dinner-Tonight.jpg
000376.jpg,https://66.media.tumblr.com/8225d9e54636f9edf5fff5fd93d141a8/0c6c98ae81b1d77a-c1/s500x750/dd11f04288aadc0af254e481b8b59648c41bfba0.jpg
000377.jpg,http://patijinich.com/wp-content/uploads/2010/10/Brisket-2-thumb-510x343-1472.jpg
000378.jpg,https://www.seedman.com/image/pep373.jpg
000379.jpg,https://as2.ftcdn.net/jpg/01/71/56/41/500_F_171564172_0OmDWnFN5aw87JkJxSK6l4Tkg3zKGIN6.jpg
000380.jpg,https://i.ytimg.com/vi/4czMpHYebl8/hqdefault.jpg
000381.jpg,https://i.etsystatic.com/14438497/r/il/6c179f/1292610398/il_fullxfull.1292610398_6zad.jpg
000382.jpg,http://www.specialtyproduce.com/sppics/16146.png
000383.jpg,http://www.cliffsnotesbeerguide.com/wp-content/uploads/pasilla-02.jpeg
000384.jpg,https://www.mexicoinmykitchen.com/wp-content/uploads/2017/11/How-to-Cure-a-Molcajete.jpg
000385.jpg,https://sakatavegetables.com/wp-content/uploads/2019/01/Pepper_CampesinoSHP9018A-400x300.jpg
000386.jpg,https://firstandfull.com/wp-content/uploads/2018/07/Enchilada-Stuffed-Poblanos-6-1024x684.jpg
000387.jpg,https://www.ukchilliseeds.co.uk/ekmps/shops/chilliwizard/images/pasilla-bajio-mexican-chilli-pepper-seeds-x-10-456-p.jpg
000388.jpg,https://pocketchangegourmet.com/wp-content/uploads/2013/04/Anaheim.jpg
000389.jpg,https://s.yimg.com/ny/api/res/1.2/pakbZfNcOvy78jvRy4EqYA--/YXBwaWQ9aGlnaGxhbmRlcjt3PTY0MDtoPTQyNi42NjY2NjY2NjY2NjY3/https://media.zenfs.com/en-US/homerun/epicurious_289/4cb5e591a9e9bdd644a2686b256646de
000390.jpg,https://www.biscuitsandburlap.com/wp-content/uploads/2018/06/poblano-crop.jpg
000391.jpg,http://www.angelfire.com/weird2/chile/cpoblanochile.jpg
000392.jpg,http://recipes.olemission.com/wp-content/uploads/2018/03/shutterstock_114978478-2-1024x576.jpg
000393.jpg,https://www.fearlessdining.com/wp-content/uploads/2015/07/Stuffed-Pasilla-Peppers-top.jpg
000394.jpg,https://get.pxhere.com/photo/bird's-eye-chili-chili-pepper-malagueta-pepper-cayenne-pepper-vegetable-serrano-pepper-bell-peppers-and-chili-peppers-chile-de-rbol-peperoncini-tabasco-pepper-spice-ingredient-produce-paprika-jalapeno-peppers-pasilla-1541009.jpg
000395.jpg,https://www.spicejungle.com/media/catalog/product/cache/2/small_image/295x/040ec09b1e35df139433887a97daa66f/c/h/chipotle_morita_chile_peppers_2.jpg
000396.jpg,http://nebula.wsimg.com/3d8df6c87585b360afa48d2a0115d059?AccessKeyId=7D752BD061D2C5DDF96D&disposition=0&alloworigin=1
000397.jpg,https://www.thespruceeats.com/thmb/ONId3bo9hkqnE-X9EYomudyoyTo=/4032x2688/filters:no_upscale()/ChilesFullyRoasted-59acb37c6f53ba001168cb97.jpg
000398.jpg,http://www.diversivore.com/wp-content/uploads/2019/01/Oaxaca-chilies-square.jpg
000399.jpg,https://www.distribuidoraloscompadres.com/wp-content/uploads/2017/05/chile-puya-102.jpg
000400.jpg,https://cdn11.bigcommerce.com/s-3gvtaz9op9/images/stencil/350x350/products/2237/6979/AjiPaprikaChilesLarge__58567.1528359095.jpg?c=2
000401.jpg,https://cdn.shopify.com/s/files/1/0157/0808/products/Negro_Pasilla_Whole_Chile.jpg?v=1342630875
000402.jpg,https://underwoodfamilyfarms.com/wp-content/uploads/2016/07/anaheim.jpg
000403.jpg,https://www.madeinnewmexico.com/media/catalog/product/cache/1/image/9df78eab33525d08d6e5fb8d27136e95/h/o/holy_trinity_3_pack.jpg
000404.jpg,https://www.thechileguy.com/wp-content/blogs.dir/17/files/2016/03/PasilladeOaxaca1-600x611.jpg
000405.jpg,http://www.foodsubs.com/Photos/driedchiles-OnzaRoja.jpg
000406.jpg,https://www.ladybehindthecurtain.com/wp-content/uploads/2015/04/Chicken-Filled-Poblano-Peppers-Lady-Behind-The-Curtain-1.jpg
000407.jpg,https://i.etsystatic.com/12292559/c/1464/1162/0/0/il/b1f1d3/1739476958/il_340x270.1739476958_ne17.jpg
000408.jpg,https://cdn11.bigcommerce.com/s-9d454/products/5208/images/9756/new-mexico-dried-chiles__46717.1299860309.500.750.jpg?c=2
000409.jpg,https://penandfork.com/wp-content/uploads/2012/11/raw-ingredients.jpg
000410.jpg,https://www.mexicanplease.com/wp-content/uploads/2016/12/roasted-poblano-soup-six-poblano-peppers-after-roasting.jpg
000411.jpg,https://penderys.com/pub/media/catalog/product/cache/fa1c797dc73bed0459232d1404671b73/h/t/httpswww.penderys.commediaimagesdried-ancho-chilies-00132.jpg
000412.jpg,https://www.thisgalcooks.com/wp-content/uploads/2013/01/How-to-Roast-Poblano-Peppers.png
000413.jpg,https://s3.amazonaws.com/finecooking.s3.tauntonclud.com/app/uploads/2017/04/19011040/fc029be37-06_xlg-500x500.jpg
000414.jpg,https://www.tastequest.co.uk/ImageHandler/123516w600h600/pasila-jpg?sequence=123516&width=600&height=600
000415.jpg,https://www.rareseeds.com/assets/1/14/DimLarge/Pepper_Craigs_Grande_Jalapeno_HPP150_LSS_000_1976.JPG
000416.jpg,https://anotherfoodieblogger.files.wordpress.com/2013/06/ancho-pasilla-peppers.jpg
000417.jpg,https://i-love-png.com/images/47-477299_jalapeno-piment-jalapenos-png_207.png
000418.jpg,https://lapicanteria.co.uk/wp-content/uploads/2017/01/mexican-smokies-sq-2-400x400.jpeg
000419.jpg,https://www.worldspice.com/uploads/photo/image/243/double_sized_chile_pasilla_negro.jpg
000420.jpg,https://foodal.com/wp-content/uploads/2014/12/Vegetarian-Potato-and-Pasilla-Enchiladas-Pin-1.jpg
000421.jpg,https://p7.clipartsky.com/preview/1013/48/873/tabasco-pepper-pasilla-chili-con-carne-chili-pepper-cayenne-pepper-peppers-thumbnail.jpg
000422.jpg,https://upload.wikimedia.org/wikipedia/commons/9/9e/PasillaKnife.jpg
000423.jpg,https://c8.alamy.com/comp/E6RCY7/dried-red-hot-cayenne-chili-and-pasilla-pepper-at-benito-juarez-market-E6RCY7.jpg
000424.jpg,http://assets.wholefoodsmarket.com/recipes/2233/2048/1536/2233-4.jpg
000425.jpg,https://d2lnr5mha7bycj.cloudfront.net/product-image/file/large_ecb0a226-c028-49b1-8f17-06a1e12e7302.jpg
000426.jpg,http://www.tanyagulati.com/wp-content/uploads/2014/12/IMG_6260.jpg
000427.jpg,https://thumbnail.imgbin.com/15/9/13/imgbin-serrano-pepper-jalape-o-poblano-pasilla-chili-con-carne-pepper-5jhZapNPEXCY8FXwm11R5Gdea_t.jpg
000428.jpg,https://thisoldgal.com/wp-content/uploads/2018/03/How-to-Roast-Peppers-5.jpg
000429.jpg,https://www.chilipeppermadness.com/wp-content/uploads/2019/03/How-to-Grill-Poblano-Peppers.jpg
000430.jpg,https://cdn.loveandlemons.com/wp-content/uploads/2014/01/IMG_0014.jpg
000431.jpg,https://comps.canstockphoto.com/hot-sweet-and-chili-pepper-varieties-stock-images_csp27512254.jpg
000432.jpg,http://www.marketmanila.com/wp-content/uploads/2013/07/IMG_5823.jpg
000433.jpg,https://www.chowstatic.com/uploads/9/0/0/1197009_poblano-chiles-2.jpg
000434.jpg,https://www.savoryspiceshop.com/content/mercury_modules/cart/items/2/7/5/2752/chile-smoked-serrano-1.jpg
000435.jpg,https://i.ebayimg.com/images/g/-agAAOSw44BYcY5K/s-l300.jpg
000436.jpg,https://cookieandkate.com/images/2014/10/jalapenos.jpg
000437.jpg,https://bmexdi064h-flywheel.netdna-ssl.com/wp-content/uploads/2012/07/PasillaPeppers-FoodieCrush.jpg
000438.jpg,https://cdn.shopify.com/s/files/1/0027/7227/1149/products/don350pas_600x.jpg?v=1561613290
000439.jpg,https://www.seriouseats.com/images/20111108-beef-texas-chili-con-carne-05.jpg
000440.jpg,https://cdn.shopify.com/s/files/1/2625/0162/files/FHS-pepperSpreadprecut_large.jpg?v=1565320630
000441.jpg,https://www.chili-shop24.com/media/image/b5/82/3e/9297_Ancho-Mulato_600x600.jpg
000442.jpg,https://q7i2y6d5.stackpathcdn.com/wp-content/uploads/2018/03/Aji-panca-1-400x236.jpg
000443.jpg,https://s.yimg.com/aah/mex-grocer/chile-negro-dried-chile-pepper-by-el-sol-de-mexico-12.png
000444.jpg,https://www.spicejungle.com/media/catalog/product/cache/2/image/9df78eab33525d08d6e5fb8d27136e95/d/r/dried_mulato_chiles_2_2.jpg
000445.jpg,https://i5.walmartimages.com/asr/fe7cd5b2-61af-4616-a331-76a64db1f689_1.0398fc2972638c8ae10b9e9498dc06e8.jpeg?odnHeight=450&odnWidth=450&odnBg=FFFFFF
000446.jpg,https://i.ytimg.com/vi/NZSr_PH-mLE/maxresdefault.jpg
000447.jpg,https://static.wixstatic.com/media/ae7b07_0aa8a0447ac64090ae40d8683d0e8171.jpg/v1/fill/w_480,h_480,al_c,q_85,usm_0.66_1.00_0.01/ae7b07_0aa8a0447ac64090ae40d8683d0e8171.jpg
000448.jpg,https://www.mexicoinmykitchen.com/wp-content/uploads/2010/09/Guajillo-Pepper-for-making-pozole-rojo-red-2-a-copy.jpg
000449.jpg,https://i.etsystatic.com/12292559/c/1382/1098/0/82/il/684292/1079674792/il_340x270.1079674792_ev9h.jpg
000450.jpg,https://pocketchangegourmet.com/wp-content/uploads/2013/04/Pasilla.jpg
000451.jpg,https://lapicanteria.co.uk/wp-content/uploads/2019/08/mexican-saints-sq-2-400x400.jpeg
000452.jpg,http://www.foodsubs.com/Photos/guajillo.jpg
000453.jpg,https://www.chilipeppermadness.com/wp-content/uploads/2013/09/Ancho-Chili-Sauce-Recipe3.jpg
000454.jpg,https://www.mmgood.com/?attachment_id=6099
000455.jpg,https://foodal.com/wp-content/uploads/2014/07/How-to-Make-Grilled-Stuffed-Pasilla-Peppers.jpg
000456.jpg,https://i.pinimg.com/originals/71/ca/6d/71ca6defdaef84234ca743fd0f2a6e3d.jpg
000457.jpg,https://cdn11.bigcommerce.com/s-3gvtaz9op9/images/stencil/350x350/products/2372/6538/Serrano__25245.1528358862.jpg?c=2
000458.jpg,https://cdn.imgbin.com/1/22/10/imgbin-serrano-pepper-pasilla-yellow-pepper-friggitello-bell-pepper-others-6XquE0hW1bp0LKvxhrkWbFru8.jpg
000459.jpg,https://rincondelchili.files.wordpress.com/2012/09/chile_pasilla-360135519_std.jpg
000460.jpg,https://s.yimg.com/aah/mex-grocer/mexichef-chile-pasilla-pepper-paste-33.png
000461.jpg,https://d2lnr5mha7bycj.cloudfront.net/product-image/file/primary_5c186005-7be5-42d4-9aa1-28bb5c37159e.png
000462.jpg,https://www.thechileguy.com/wp-content/blogs.dir/17/files/2016/03/Negro-Pasilla-200-dpi-300x300.jpg
000463.jpg,https://i.etsystatic.com/11149467/r/il/ece269/1829049319/il_570xN.1829049319_6aj9.jpg
000464.jpg,https://upload.wikimedia.org/wikipedia/commons/d/d4/Capsicum_annuum_pasilla_dried.jpg
000465.jpg,https://www.spicejungle.com/media/catalog/product/cache/2/small_image/295x/040ec09b1e35df139433887a97daa66f/a/j/aji-paprika-chile-peppers_2.jpg
000466.jpg,https://www.spicesinc.com/Images/product/medium/2603.jpg
000467.jpg,http://www.foodsubs.com/Photos/cbirdpeppers.jpg
000468.jpg,https://cdn.imgbin.com/20/0/16/imgbin-bird-s-eye-chili-serrano-pepper-tabasco-pepper-pasilla-chili-pepper-vegetable-xEWiYd90mFjR4T7CxPZ0LpC3C.jpg
000469.jpg,https://i.ytimg.com/vi/cbvnNjqWxN4/hqdefault.jpg
000470.jpg,https://www.chilipeppermadness.com/wp-content/uploads/2018/10/Chili-Colorado-Chili-Peppers.jpg
000471.jpg,https://www.spicesinc.com/Images/product/medium/1126.jpg
000472.jpg,https://i.ytimg.com/vi/t5TD_UBr5ls/maxresdefault.jpg
000473.jpg,https://www.chilipeppermadness.com/wp-content/uploads/2018/08/Tiburon-Hybrid-Poblano-Type-Chili-Pepper1.jpg
000474.jpg,https://www.mexicanplease.com/wp-content/uploads/2018/02/rajas-poblano-peppers-roasting.jpg
000475.jpg,https://www.spicejungle.com/media/catalog/product/cache/2/image/9df78eab33525d08d6e5fb8d27136e95/s/e/serrano-chile-peppers_2.jpg
000476.jpg,http://www.foodsubs.com/Photos/chiles-serranos.jpg
000477.jpg,https://www.chilipeppermadness.com/wp-content/uploads/2018/03/569585164bf57f8a1e8703b19497bdbc.jpg
000478.jpg,https://i.ytimg.com/vi/YH8bA0r4HMA/maxresdefault.jpg
000479.jpg,https://www.chilipeppermadness.com/wp-content/uploads/2018/05/Picadillo-Stuffed-Poblano-Peppers-Roasting-Poblanos1.jpg
000480.jpg,https://foodal.com/wp-content/uploads/2014/07/Grilled-Stuffed-Pasilla-Peppers-Recipe.jpg
000481.jpg,http://www.foodsubs.com/Photos/driedchiles-puya.jpg
000482.jpg,https://www.chilipeppermadness.com/wp-content/uploads/2019/08/Chipotle-Peppers.jpg
000483.jpg,https://portalvhds26k4f5tktj3ck.blob.core.windows.net/spotpics/sp46650.jpg
000484.jpg,https://www.melissas.com/v/vspfiles/photos/1277-2T.jpg
000485.jpg,https://www.gourmetfoodworld.com/images/Product/large/ancho-pasilla-chili-peppers-dried-1S-1774.jpg
000486.jpg,https://www.rareseeds.com/assets/1/14/DimLarge/Pepper-Pasilla-Bajio-LSS-299.jpg
000487.jpg,https://anotherfoodieblogger.files.wordpress.com/2013/06/ancho-pasilla-peppers.jpg
000488.jpg,https://mexicanfoodproducts.us/wp-content/uploads/2017/09/PASILLA-PEPPER-FRESH-PRODUCE-GROUP-LLC.jpg
000489.jpg,https://www.pepperscale.com/wp-content/uploads/2015/12/pasilla-vs-poblano_1050.jpg
000490.jpg,https://hoteddies.files.wordpress.com/2014/10/chiles.jpg
000491.jpg,http://www.seriouseats.com/images/2014/10/20141013-white-chicken-chili-food-lab-03.jpg
000492.jpg,http://7gigzxopz0uiqxo1-zippykid.netdna-ssl.com/wp-content/uploads/2017/03/vegan-stuffed-pasilla-pepper-1628.jpg
000493.jpg,http://civilizedcavemancooking.com/wp-content/uploads/2011/10/cannibalpasillaPF.jpg
000494.jpg,https://i.pinimg.com/736x/d1/30/14/d13014ca5308ec1f9ce772ba1f032695--stuffed-poblano-peppers-grilled-peppers.jpg
000495.jpg,https://www.pepperscale.com/wp-content/uploads/2015/07/guajillo-pepper-substitute.jpg
000496.jpg,https://www.botanicalinterests.com/images/popup/0181i_Pepper-Chile-Pasilla-Bajio.jpg
000497.jpg,https://ablogaboutfood.files.wordpress.com/2013/01/pasilla-chile.jpg
000498.jpg,http://irepo.primecp.com/2016/03/269501/recipe-23940_ExtraLarge1000_ID-1528020.jpg
000499.jpg,https://i.ytimg.com/vi/cbvnNjqWxN4/maxresdefault.jpg
000500.jpg,https://foolproofliving.com/wp-content/uploads/2014/11/16-4922-post/Huevos-Rancheros-with-Posado-Corazons-Pasilla-Chile-Sauce-1216-Edit.jpg
000501.jpg,http://3.bp.blogspot.com/-Pgu_us6Irnw/T_jZrGZQogI/AAAAAAAALhs/5ClgU5JTFFs/s1600/Stuffed+Pasilla+Peppers+034.jpg
000502.jpg,https://images.bonanzastatic.com/afu/images/2850/6438/15/0-02.jpg
000503.jpg,https://www.pepperscale.com/wp-content/uploads/2016/06/holy-mole-pepper-lg.jpg
000504.jpg,http://www.savoryspiceshop.com/content/mercury_modules/cart/items/2/7/5/2750/chile-pasilla-negro-1.jpg
000505.jpg,http://1.bp.blogspot.com/-oMWjbBLQnjY/T_kJzdpH5II/AAAAAAAALiY/FFtfcBMBqSQ/s1600/Stuffed+Pasilla+Peppers+056.jpg
000506.jpg,http://1.bp.blogspot.com/-0q4XdR5f1kA/T_kK1c1GCrI/AAAAAAAALiw/carfeutfyYc/s1600/Stuffed+Pasilla+Peppers+068.jpg
000507.jpg,https://66.media.tumblr.com/3ea2fdc502562c6281dd6f12fd2e73c4/tumblr_n7stsxRWGR1srglyao1_1280.jpg
000508.jpg,http://1.bp.blogspot.com/-37PIzRCgiw8/T_kGOSEiPRI/AAAAAAAALh4/eiNqNIkaKJ0/s1600/Stuffed+Pasilla+Peppers+050.jpg
000509.jpg,http://3.bp.blogspot.com/-bpooz5lDic8/T_jVrMGVBDI/AAAAAAAALhQ/1RDj3O70bho/s1600/Stuffed+Pasilla+Peppers+WM+TS072.jpg
000510.jpg,http://latinofoodie.com/pages/wp-content/uploads/2012/04/110.jpg
000511.jpg,https://c8.alamy.com/comp/PRGA4C/variety-of-chili-peppers-some-sort-of-habanero-manzano-serrano-and-pasilla-pepper-very-spicy-PRGA4C.jpg
000512.jpg,http://www.thechileguy.com/wp-content/blogs.dir/17/files/2016/03/Negro-Pasilla-200-dpi.jpg
000513.jpg,https://www.marxfoods.com/images/Fresh-Pasilla-Chiles-Chilaca_FreshPasillaChilesChilaca-1.jpg
000514.jpg,https://c8.alamy.com/comp/PRGA7F/variety-of-chili-peppers-some-sort-of-habanero-manzano-serrano-and-pasilla-pepper-very-spicy-PRGA7F.jpg
000515.jpg,https://jocelyn2013.files.wordpress.com/2014/04/imag0988.jpg
000516.jpg,http://niagaraorganichotpepperseeds.com/wp-content/uploads/2014/10/IMG_00000390.jpg
000517.jpg,https://keviniscooking.com/wp-content/uploads/2015/07/Roasted-Tomatillo-Pasilla-Chile-and-Potato-Soup-with-Chicken5.jpg
000518.jpg,https://s-media-cache-ak0.pinimg.com/236x/71/33/17/7133173345813c0e68a1e8967c540869.jpg
000519.jpg,http://latinofoodie.com/pages/wp-content/uploads/2012/04/133.jpg
000520.jpg,https://i.pinimg.com/736x/df/fa/7d/dffa7dda3bd7256eed201326f23f8be6--pasilla-chile-recipes-chile-pasilla.jpg
000521.jpg,https://www.casaschools.com/wp-content/uploads/2015/02/Pasilla_pepper.jpg
000522.jpg,http://members.chello.nl/j.pulido1/Chiles/substitute_/chilessecos3.jpg
000523.jpg,https://s-media-cache-ak0.pinimg.com/736x/85/d1/ab/85d1abbe76256de75515046eaca7962e.jpg
000524.jpg,http://upload.wikimedia.org/wikipedia/commons/9/9e/PasillaKnife.jpg
000525.jpg,http://latinofoodie.com/pages/wp-content/uploads/2013/01/Green-peppers-1.jpg
000526.jpg,https://s-media-cache-ak0.pinimg.com/736x/7e/6d/4c/7e6d4caabf5d6935bc93cf2eb03487df.jpg
000527.jpg,https://foolproofliving.com/wp-content/uploads/2014/11/16-4922-post/Huevos-Rancheros-with-Posado-Corazons-Pasilla-Chile-Sauce-850-1136-Edit-2.jpg
000528.jpg,http://cdn-image.foodandwine.com/sites/default/files/variety-of-chile-chilaca-blog0817.jpg
000529.jpg,http://www.ineedtext.com/FoodBlog/wp-content/uploads/2009/09/misc-0051.jpg
000530.jpg,http://1.bp.blogspot.com/-P1av8AZeXIE/T_kMfsXGNVI/AAAAAAAALjI/cKL7UB9bvuc/s1600/Stuffed+Pasilla+Peppers+082.jpg
000531.jpg,https://vittlemonster.files.wordpress.com/2011/07/photo-797674.jpg
000532.jpg,https://gourmet-shop.lv/image/cache/catalog/Cool%20Chile/cool-chile-product-whole-de-oaxaca-v1-1200x1200.jpg
000533.jpg,http://www.thegardenerseden.com/wp-content/uploads/2010/02/Pepper-Pasilla-Bajio-the-little-raisin-smokey-mildly-hot-flavor.jpg
000534.jpg,http://www.themijachronicles.com/wp-content/uploads/2011/05/pasillaoax4.jpg
000535.jpg,https://cdna1.zoeysite.com/Adzpo594RQGDpLcjBynL1z/cache=expiry:31536000/compress/https://s3.amazonaws.com/zcom-media/sites/a0i0h00000LCpd5AAD/media/catalog/product/P/a/Pasilla_Powder_1_1.jpg
000536.jpg,https://cdn-pi.niceshops.com/upload/image/product/large/default/spiceworld-orange-pasilla-chili-ground-70-g-397591-en.jpg
000537.jpg,https://www.casaschools.com/wp-content/uploads/2015/02/Great_greens_pasilla_pepper.jpg
000538.jpg,https://foolproofliving.com/wp-content/uploads/2014/11/16-4922-post/Huevos-Rancheros-with-Posada-Corazons-Pasilla-Chili-Sauce-0726-Edit-2.jpg
000539.jpg,https://c8.alamy.com/comp/PBJ1K1/pasilla-bajio-a-dried-chilaca-peppers-or-chile-negro-single-pods-PBJ1K1.jpg
000540.jpg,https://ameatlessmess.files.wordpress.com/2012/04/imag1359.jpg
000541.jpg,http://4.bp.blogspot.com/-lqcu25L1VS8/UQQnid8kNhI/AAAAAAAAOxM/kGzhRpiJnIM/s1600/Stuffed+Pasilla+Peppers+026.jpg
000542.jpg,https://i.pinimg.com/736x/7b/41/02/7b4102e9d0a1628fb0e046c6c856f9f8--black-bean-corn-black-beans.jpg
000543.jpg,http://www.themijachronicles.com/wp-content/uploads/2011/05/pasillaoax.jpg
000544.jpg,http://members.chello.nl/j.pulido1/Chiles/substitute_/chilessecos1.jpg
000545.jpg,http://hotmexicanfood.com/2302-tm_thickbox_default/chile-pasilla-tajin-net-wt-352-oz.jpg
000546.jpg,https://ameatlessmess.files.wordpress.com/2012/04/imag1352.jpg
000547.jpg,https://gourmet-shop.lv/image/cache/catalog/Cool%20Chile/cool-chile-product-whole-de-oaxaca-v2-1200x1200.jpg
000548.jpg,https://gourmet-shop.lv/image/cache/catalog/Cool%20Chile/cool-chile-packshots-whole-de-oaxaca-1-1200x1200.jpg
000549.jpg,https://i.pinimg.com/736x/24/17/9d/24179dc40ed98ff0304422f2bdccc3b9--tomatillo-recipes-tomatillo-salsa-verde.jpg
000550.jpg,http://i1.wp.com/www.tartqueenskitchen.com/wp-content/uploads/2013/11/IMG_1113.jpg
000551.jpg,http://3.bp.blogspot.com/-SI9swRQLQo0/UQQoF-Jye_I/AAAAAAAAOxU/MwYYEqldh7c/s1600/Stuffed+Pasilla+Peppers+025.jpg
000552.jpg,http://upload.wikimedia.org/wikipedia/commons/d/d4/Capsicum_annuum_pasilla_dried.jpg
000553.jpg,https://www.mexicanplease.com/wp-content/uploads/2015/10/dried-chili-peppers-guajillo-pasilla-new-mexico.jpg
000554.jpg,http://www.marxfoods.com/images/Fresh-Thai-Chilies_FreshThaiChilies-1.jpg
000555.jpg,https://www.mexicodesconocido.com.mx/wp-content/uploads/2018/02/chile-pasilla.jpg
000556.jpg,http://www.notjustbaked.com/wp-content/uploads/2014/07/soy-and-pasilla-pepper-drum.jpg
000557.jpg,https://cdn-pi.niceshops.com/upload/image/product/large/default/spiceworld-pasilla-chili-orange-gemahlen-70-g-413888-de.jpg
000558.jpg,https://http2.mlstatic.com/70-semillas-capsicum-annuum-chile-chilaca-pasilla-cod-471-D_NQ_NP_17249-MLM20134105679_072014-F.jpg
000559.jpg,https://www.casaschools.com/wp-content/uploads/2015/02/Pepper_peeled.jpg
000560.jpg,http://chili-papricice.com/wp-content/uploads/2014/06/DSCN5194_cr.jpg
000561.jpg,http://www.acozykitchen.com/wp-content/uploads/2017/11/AcornSquashQuesoFundido-7.jpg
000562.jpg,https://www.lamexicanabremen.de/1194-home_default/guajillo-chilli-80gr.jpg
000563.jpg,https://www.seeds-gallery.shop/909-large_default/schwarze-chili-samen-pasilla-bajio.jpg
000564.jpg,https://images-na.ssl-images-amazon.com/images/I/91pem9ejOBL.jpg
000565.jpg,https://cdn.shopify.com/s/files/1/0188/0032/products/pasilla-negro-whole-dried-chile-3-oz-all-natural-chiles-heat-level-02-los-chileros-spicepeppers-chilly-largest-selection-of-hot-sauce-in-canada-meat-snack_574_580x@2x.jpg
000566.jpg,http://3.bp.blogspot.com/-xzmTXK6HFbc/T_kKTn0AjWI/AAAAAAAALio/HtkAexyK3Nk/s1600/Stuffed+Pasilla+Peppers+062.jpg
000567.jpg,https://cdn.shopify.com/s/files/1/0080/6695/7423/products/Screenshot_20191013-192427_Drive_512x507.jpg
000568.jpg,https://www.seeds-gallery.shop/7100-home_default/crni-chili-seme-pasilla-bajio-.jpg
000569.jpg,https://i.pinimg.com/736x/d0/77/d5/d077d596bbb0e1bdc3766ddb5e218e26--poblano-pepper-recipes-mexican-dishes-pasilla-chile-recipes.jpg
000570.jpg,http://chili-papricice.com/wp-content/uploads/2014/06/DSCN5195_cr.jpg
000571.jpg,https://i.blogs.es/753e36/1366_2000---2019-10-20t103920.095/450_1000.jpg
000572.jpg,https://cdn.shopify.com/s/files/1/0080/6695/7423/products/Screenshot_20191013-192613_Drive_512x512.jpg
000573.jpg,https://shop.westlandpeppers.com/wp-content/uploads/2017/07/gedroogde_chile_pasilla_westlandpeppers-1.jpg
000574.jpg,https://www.spicescave.com/899-tm_thickbox_default/comprar-chile-pasilla.jpg
000575.jpg,https://i.ytimg.com/vi/Co2Z2buqD_4/maxresdefault.jpg
000576.jpg,https://149361091.v2.pressablecdn.com/wp-content/uploads/2020/09/white-chili-1-735x1038.jpg
000577.jpg,https://i.pinimg.com/originals/4e/1e/aa/4e1eaaa3ed905dea470b643985476c98.jpg
000578.jpg,https://yocontrolo.com/mitienda/almacenes/img/835.jpg
000579.jpg,https://cdn.shopify.com/s/files/1/0080/6695/7423/products/Screenshot_20191013-141325_Drive_512x508.jpg
000580.jpg,https://cdn.kiwilimon.com/recetaimagen/30913/34944.jpg
000581.jpg,https://www.xochitla.org.mx/galerias/parque/proximos-eventos/2019/dias-de-pozoles/PozoleVegetarianoFestivalXochitla.jpg
000582.jpg,https://pbs.twimg.com/amplify_video_thumb/1183901549342461953/img/_ai3xYh6MOyBWNjz.jpg
000583.jpg,https://cdn.shopify.com/s/files/1/0080/6695/7423/products/Screenshot_20191013-200348_Drive_512x508.jpg
000584.jpg,https://i.pinimg.com/originals/05/50/d6/0550d63a66d2827246c5d5d7f24f556b.jpg
000585.jpg,http://latinofoodie.com/pages/wp-content/uploads/2012/04/128-1024x768.jpg
000586.jpg,http://www.latinofoodie.com/pages/wp-content/uploads/2012/04/128.jpg
