image,source
000001.jpg,https://images-na.ssl-images-amazon.com/images/I/41IxX4znsML._SX425_.jpg
000002.jpg,https://webaruhaz.kertlap.hu/wp-content/uploads/2018/01/Pequin2.jpg
000003.jpg,https://cdn.shopify.com/s/files/1/0915/1060/products/Chile_Pequin_Pepper_-_instagram_ellcj.jpg?v=1536941505
000004.jpg,https://www.cayennediane.com/wp-content/uploads/PequinPeppers.jpg
000005.jpg,https://cdn.shopify.com/s/files/1/0871/0950/products/pequins_1024x1024.jpg?v=1548800724
000006.jpg,https://www.superhotchiles.com/wp-content/uploads/2018/04/Chile-Pequin-Pepper-Seeds.jpg
000007.jpg,https://i.etsystatic.com/6728015/r/il/40e3c2/756455401/il_794xN.756455401_gy2k.jpg
000008.jpg,https://www.chili-shop24.de/media/image/d2/92/c7/Pequin_600x600.jpg
000009.jpg,https://i.ytimg.com/vi/q2hFLYjy40Y/maxresdefault.jpg
000010.jpg,https://edge.bonnieplants.com/www/uploads/20180920002214/pequin-chili-pepper-iStock.jpg
000011.jpg,https://cdn11.bigcommerce.com/s-f6cx4kq/images/stencil/1280x1280/products/277/1321/Pequin__43257.1558100183.JPG?c=2&imbypass=on
000012.jpg,https://images-na.ssl-images-amazon.com/images/I/71VnnpLnyzL._SX425_.jpg
000013.jpg,https://www.pepperscale.com/wp-content/uploads/2013/07/pequin-pepper-768x576.jpg
000014.jpg,https://www.chilipeppermadness.com/wp-content/uploads/2013/09/Pequin-Peppers.jpg
000015.jpg,https://usercontent2.hubstatic.com/8796327.jpg
000016.jpg,https://s3.amazonaws.com/cdn.totallytomato.com/images/popup/03196.jpg
000017.jpg,http://pantrygardenherbs.azurewebsites.net/wp-content/uploads/2016/12/Pepper-Chili-Pequin-298x360-2.jpg
000018.jpg,https://thehippyseedcompany.com/wp-content/uploads/2017/07/Pequin.jpg
000019.jpg,https://i.ytimg.com/vi/CvDYarPRfpE/hqdefault.jpg
000020.jpg,https://www.magicplantfarms.com/wp-content/uploads/2016/09/Chili-Pequin-400.jpg
000021.jpg,https://www.spicesinc.com/images/product/large/1537.jpg
000022.jpg,https://www.wildflower.org/wp-content/uploads/2017/03/chile-pequin-sally-and-andy-wasowski_PR.jpeg
000023.jpg,https://www.fataliiseeds.net/wp-content/uploads/fromoldsite/long_pequin3-800x800.jpg
000024.jpg,https://i.pinimg.com/originals/32/ff/de/32ffde79acb24e5644ea5c4677ef5071.jpg
000025.jpg,https://cdn.shopify.com/s/files/1/1095/8052/products/Pepper_Pequin1_grande.jpg?v=1544140537
000026.jpg,https://burmaspice.com/wp-content/uploads/2017/07/Pequin-Chile-II.jpg
000027.jpg,https://vignette.wikia.nocookie.net/chilipeps/images/6/6f/Pequin.jpeg/revision/latest?cb=20180109212936
000028.jpg,https://www.chileplants.com/images/chiles/bailey-piquin-pepper-plants.jpg
000029.jpg,https://assets.listia.com/photos/46b4d0ea543fb6463a25/original.jpg?s=320x320m&sig=3902246fad5d850f&ts=1335706198
000030.jpg,https://images.sellersourcebook.com/users/143753/pequin_pepper_1_1539045278.jpg
000031.jpg,https://cdn.shopify.com/s/files/1/2630/8280/products/a0394001456d93ebcd5bf156ea935236_800x.jpg?v=1512948042
000032.jpg,https://www.rviplanning.com/wp-content/uploads/2016/11/Featured-Image.jpg
000033.jpg,https://www.picclickimg.com/d/l400/pict/122623438121_/20-Rare-Odham-Indian-Pequin-Pepper-Seeds-Hot%C2%A0.jpg
000034.jpg,https://images-na.ssl-images-amazon.com/images/I/71mOtw0UMhL._SX425_.jpg
000035.jpg,https://images.sellersourcebook.com/users/143753/purple_pequin_1e.jpg
000036.jpg,https://cdn1.bigcommerce.com/server700/5mvrqhbm/products/3999/images/144030/numex_bailey_pequin_pepper_n__97248.1475552618.1280.1280.jpg?c=2
000037.jpg,https://i.etsystatic.com/16189753/r/il/613ded/1370140203/il_570xN.1370140203_jmvd.jpg
000038.jpg,http://thumbor-prod-us-east-1.photo.aws.arc.pub/yp_B3YdiOg5Yfq6mH5JnTLV9ROA=/arc-anglerfish-arc2-prod-dmn/public/ZCNKTCWUDZ7WCWGTTIV5AGAEQ4.jpg
000039.jpg,https://plantswithapurpose.net/wp-content/uploads/2015/08/greenpepper.jpg
000040.jpg,https://www.pepperseeds.eu/pub/media/catalog/product/cache/b56a9049443cfaeedfe24666b14227c1/p/e/pequin.jpg
000041.jpg,https://cdn.shopify.com/s/files/1/1022/5071/products/indian-pequin-pepper-seeds-capsicum-annum-very-hot-rare-heirloom-chili-1.jpg?v=1565029242
000042.jpg,https://previews.123rf.com/images/ottoblotto/ottoblotto1802/ottoblotto180200164/95623263-red-background-of-dried-bird-peppers-capsicum-annuum-pequin-pepper-piquin-food-ingredient-horizontal.jpg
000043.jpg,https://www.chileplants.com/images/chiles/firecracker-piquin-pepper-plants.jpg
000044.jpg,https://www.amazingfoodmadeeasy.com/peppers/pepper_images/peq-none.jpg
000045.jpg,http://res.cloudinary.com/sagacity/image/upload/c_crop,h_1600,w_1210,x_0,y_0/c_scale,w_640/v1396555525/IMG_3510_me5hxx.jpg
000046.jpg,https://www.superhotchiles.com/wp-content/uploads/2018/09/ChilesYellowPequin3-2018-1.jpg
000047.jpg,https://200birdies.files.wordpress.com/2013/10/2013-1010-img_2811-pequin-peppers-in-sieve.jpg
000048.jpg,https://cdn.shopify.com/s/files/1/1351/6403/products/279726656_grande.jpg?v=1468623164
000049.jpg,http://i.justcooking.in/media/peqin.png
000050.jpg,http://mjskitchen.com/wp-content/uploads/2013/10/PepperSaucePequinCU4_Web.jpg
000051.jpg,https://vignette.wikia.nocookie.net/gardener/images/f/f7/Chilli_Pequin.jpg/revision/latest?cb=20101002170241
000052.jpg,http://rahiseedbank.com/wp-content/uploads/2014/07/o1-Copy.jpg
000053.jpg,https://www.picclickimg.com/d/l400/pict/264059381996_/125-Chile-Pequin-Pepper-Seeds.jpg
000054.jpg,https://i.ytimg.com/vi/8V_qD9K43l0/maxresdefault.jpg
000055.jpg,https://www.arbico-organics.com/images/uploads/Native-Seeds-Search-Seeds/1850021_chili_pequin_600x600.jpg
000056.jpg,https://cdn.copymethat.com/media/orig_pickled-pequin-peppers-chile-pequin-en-e-20171024015120746937b7xzf7.jpg
000057.jpg,https://www.seedsbydesign.com/_ccLib/image/plants/DETA-343.jpg
000058.jpg,https://s3.envato.com/files/233767599/Pequin%20chile-28-Edit%20copy.jpg
000059.jpg,https://images.sellersourcebook.com/users/143753/pequin_pepper_1537125724.jpg
000060.jpg,https://www.magicplantshop.com/images/thumbnails/450/450/detailed/1/PEQUIN-Flakes.png
000061.jpg,http://thehotpepper.com/uploads/monthly_04_2019/post-15112-0-23453700-1555179353.jpg
000062.jpg,http://www.chiliszoszok.hu/img/7378/436271_altpic_1/400x400/436271_altpic_1.jpg?time=1468137473
000063.jpg,http://www.specialtyproduce.com/sppics/13998.png
000064.jpg,https://200birdies.files.wordpress.com/2013/10/2013-1010-img_2806-pequin-pepper-bush.jpg
000065.jpg,https://i.redd.it/8i5ezozkq3931.jpg
000066.jpg,http://www.rviplanning.com/wp-content/uploads/2016/11/Image-1.jpg
000067.jpg,https://tbn.bidorbuy.co.za/image/fetch/dpr_1.0,f_auto,t_btbnx/http://img.bidorbuy.co.za/image/upload/user_images/957/1893957/1893957_120614112623_resized_02109.jpg
000068.jpg,https://www.superhotchiles.com/wp-content/uploads/2018/09/ChilesYellowPequin2-2018.jpg
000069.jpg,https://c8.alamy.com/comp/R715KF/pequin-pepper-chilltepin-capsicum-annuum-pequin-wild-growing-chili-R715KF.jpg
000070.jpg,https://usercontent2.hubstatic.com/8860115_f520.jpg
000071.jpg,http://www.tradewindsfruit.com/content/images/pequin_chile.jpg
000072.jpg,https://www.chileplants.com/images/chiles/south-african-pequin-pepper-plants.jpg
000073.jpg,https://c7.uihere.com/files/203/373/157/bell-pepper-chili-pepper-chili-con-carne-serrano-pepper-pequin-pepper-vegetable.jpg
000074.jpg,http://thephilbeckteam.com/wp-content/uploads/2018/02/pequin-pepper-plant-visit-to-buy-seeds-chili-peppers-capsicum-vegetables-bonsai-mini-hot-pepper-seeds-pequin-pepper-plants-for-sale.jpg
000075.jpg,https://static.wixstatic.com/media/d45f52_81ddb6aee49746b3af0ff78b91ae9f30~mv2.png/v1/crop/x_261,y_0,w_625,h_529/fill/w_560,h_474,al_c,q_90/pequin%20(4).webp
000076.jpg,http://www.prestoimages.net/store30/rd6368/6368_pd1175809_1.jpg
000077.jpg,https://images-na.ssl-images-amazon.com/images/I/41tJVbUmNQL.jpg
000078.jpg,https://images2.minutemediacdn.com/image/upload/c_crop,h_1192,w_2121,x_0,y_111/f_auto,q_auto,w_1100/v1554931859/shape/mentalfloss/21583-istock-474683586.jpg
000079.jpg,https://www.starkl.hu/img/eshop/thumbnails/190520_jpg_483066_406_488.jpg
000080.jpg,https://pinaenlacocina.com/wp-content/uploads/2018/03/017.jpg
000081.jpg,http://farm4.static.flickr.com/3134/2912140697_c6e8c47c44.jpg
000082.jpg,http://rahiseedbank.com/wp-content/uploads/2014/07/v111.jpg
000083.jpg,http://pepperdiaries.com/wp-content/uploads/2018/07/pequin-taste-test-2.jpg
000084.jpg,https://wholespice.com/media/catalog/product/cache/1/image/9df78eab33525d08d6e5fb8d27136e95/c/h/chili-pequin_pods.jpg
000085.jpg,https://c8.alamy.com/comp/T2DPFF/red-chile-pepper-ristras-of-small-pequin-peppers-for-sale-in-santa-fe-new-mexico-usa-T2DPFF.jpg
000086.jpg,http://foodie-isms.com/wp-content/uploads/2011/01/pequinChili-210x300.jpg
000087.jpg,https://i.redd.it/ry1je0p84pg01.jpg
000088.jpg,https://live.staticflickr.com/605/22660940236_0d06fac6e7_b.jpg
000089.jpg,https://www.magicgardenseeds.com/pics/mgs/1182/1000/Black-Pequin-Pepper-(Capsicum-annuum).jpg
000090.jpg,http://peoplesempowerment.org/wp-content/uploads/2019/07/pequin-peppers-pepper-plant-scale-scoville-growing.jpg
000091.jpg,https://image.shutterstock.com/image-photo/pequin-pepper-daiquiri-popular-alcoholic-260nw-1479370076.jpg
000092.jpg,https://cdn.imgbin.com/25/8/11/imgbin-capsicum-annuum-var-glabriusculum-pequin-pepper-cayenne-pepper-tabasco-pepper-chili-pepper-plant-bjjTxaBX3sDAVSVQArLvWKTZs.jpg
000093.jpg,https://ravenscourtgardens.files.wordpress.com/2014/10/img_4607.jpg
000094.jpg,https://i.ytimg.com/vi/lcovsczWoqE/maxresdefault.jpg
000095.jpg,https://breadandtortillas.files.wordpress.com/2013/07/dsc_0420.jpg
000096.jpg,https://edge.bonnieplants.com/www/uploads/20180920003956/chile-de-arbol-hot-pepper-480x360.jpg
000097.jpg,https://www.backyardnature.net/n/19/190816pq.jpg
000098.jpg,https://image.shutterstock.com/image-photo/pequin-pepper-daiquiri-popular-alcoholic-260nw-1479370073.jpg
000099.jpg,https://media.istockphoto.com/photos/closeup-of-two-fresh-pequin-chiles-or-piquin-pepper-capsicum-annuum-picture-id1128284987?k=6&m=1128284987&s=612x612&w=0&h=At9AXViwPfaWLhnkMseGFv9vk8xzUUXXid-aCmmtwls=
000100.jpg,http://peoplesempowerment.org/wp-content/uploads/2019/07/pequin-peppers-pepper-plant-about-the-its-a-hot-one-plants-for-flavor-profile-how-spicy-scoville-units.jpg
000101.jpg,https://i.etsystatic.com/8444065/c/1500/1192/0/25/il/61a8b7/1211005517/il_340x270.1211005517_38k2.jpg
000102.jpg,https://usercontent1.hubstatic.com/8860116_f520.jpg
000103.jpg,https://s.yimg.com/aah/mex-grocer/chile-pequin-whole-dried-piquin-chili-pepper-13.png
000104.jpg,https://www.picclickimg.com/d/l400/pict/183182364807_/100-Premium-Pequin-Pepper-Seeds.jpg
000105.jpg,http://www.tradewindsfruit.com/content/images/chimayo-pepper2.jpg
000106.jpg,https://thumbs.dreamstime.com/z/pequin-piquin-chile-peppers-paths-pequin-piquin-chile-peppers-ripe-pods-pedicels-capsicum-annuum-var-glabriusculum-101920673.jpg
000107.jpg,https://bloximages.newyork1.vip.townnews.com/victoriaadvocate.com/content/tncms/assets/v3/editorial/9/66/9669491d-dee4-5918-99a0-b69e9aa92064/5a8e31f5e00d8.image.jpg?resize=1200%2C795
000108.jpg,https://lh3.ggpht.com/C7ScbIgV6lJENIy07dmc6IhgDngPCYcYE_Nwa3o52CA78xl9x880YxGHPWCUQd1o6i7QmWG9EKCH5yGZ2FBD=s580
000109.jpg,http://rahiseedbank.com/wp-content/uploads/2014/07/bp1.jpg
000110.jpg,http://www.tomatogrowers.com/images/9377.jpg
000111.jpg,https://image.shutterstock.com/display_pic_with_logo/3892256/1298344471/stock-photo-close-up-of-a-fresh-pequin-pepper-or-piquin-chile-capsicum-annuum-vaiety-glabriusculum-on-the-1298344471.jpg
000112.jpg,http://nectarie.co/wp-content/uploads/2019/04/chili-pequin-a-bounty-worth-sharing-how-to-grow-hot-peppers-transplant-plant-pepper-heat-scale-growing.jpg
000113.jpg,http://pepperdiaries.com/wp-content/uploads/2018/07/pequin-taste-test.jpg
000114.jpg,https://alchetron.com/cdn/pequin-pepper-fe91557a-9fdc-4cdf-bfaf-443b17bde96-resize-750.jpg
000115.jpg,https://cdn.instructables.com/FBA/Q0A5/H0FLR806/FBAQ0A5H0FLR806.LARGE.jpg?auto=webp&frame=1&width=320
000116.jpg,https://live.staticflickr.com/2482/3935184253_bca9253307_b.jpg
000117.jpg,https://c8.alamy.com/comp/X2T442/bush-of-chili-pequin-X2T442.jpg
000118.jpg,http://thumbor-prod-us-east-1.photo.aws.arc.pub/H4HlmI5MRPekt0uVSTmzRFB01iE=/arc-anglerfish-arc2-prod-dmn/public/RGUBZUZSUGWRCCGQ7ZYQOE5B6M.jpg
000119.jpg,https://cdn.shopify.com/s/files/1/1022/5071/products/other-seeds-bulbs-tiny-brilliantly-red-chile-peppers-chile-pequin-peppers-capsicum-annuum-1.jpg?v=1565031931
000120.jpg,http://framingtrauma.org/wp-content/uploads/2019/01/chili-pequin-plant-chilli-plants-pepper-scoville-scale-recipe.jpg
000121.jpg,https://www.mexicoinmykitchen.com/wp-content/uploads/2017/03/salsadechilepiquin12A.jpg
000122.jpg,https://pbs.twimg.com/media/D-qIgJbX4AUmZQg.jpg
000123.jpg,https://c7.uihere.com/files/58/762/512/mexican-cuisine-chile-de-arbol-poblano-guajillo-chili-pequin-pepper-pequin.jpg
000124.jpg,https://i.pinimg.com/originals/3e/79/69/3e7969e47ae4d034cd17520a1b3ee438.jpg
000125.jpg,https://i.etsystatic.com/7824311/r/il/944aa9/701940080/il_794xN.701940080_9g32.jpg
000126.jpg,http://bamstudios.com.co/wp-content/uploads/2019/05/chili-peppers-plants-for-sale-chilli-produces-amazingly-long-narrow-chillies-ghost-chili-pepper-plants-for-sale-chile-pequin-pepper-plants-for-sale.jpg
000127.jpg,https://cdn.instructables.com/F9Z/E3LV/H0FLBCZW/F9ZE3LVH0FLBCZW.LARGE.jpg?auto=webp&frame=1&width=320
000128.jpg,https://howmytexasgardensgrow.files.wordpress.com/2016/10/20161021_220733-2.jpg
000129.jpg,https://usercontent2.hubstatic.com/8860113_f520.jpg
000130.jpg,https://www.arbico-organics.com/images/uploads/Native-Seeds-Search-Seeds/1850021_chili_pequin_300x300.jpg
000131.jpg,https://www.penick.net/digging/images/2014_12_10/Chile_pequin.JPG
000132.jpg,https://i.redd.it/4h80cu1470q11.png
000133.jpg,https://thumbs.dreamstime.com/z/cayenne-chili-pequin-peppers-capsicum-annuum-glabriusculum-red-hot-arranged-row-77814979.jpg
000134.jpg,https://txmg-wpengine.netdna-ssl.com/cbmg/files/2016/10/Chile-Pequin-NPB-160518-wr.jpg
000135.jpg,https://media.istockphoto.com/photos/dried-pequin-chili-peppers-in-a-supermarket-with-great-dark-red-color-picture-id1150188743?k=6&m=1150188743&s=612x612&w=0&h=MFX7sEeY4mJJmjzF9QjFVTUzCth3P6ukYhvxxjYbqM0=
000136.jpg,https://s.ecrater.com/stores/160211/4c9309633ba38_160211n.jpg
000137.jpg,https://live.staticflickr.com/4089/4970963278_a73f48c54e_b.jpg
000138.jpg,https://i.ytimg.com/vi/v9qoCASypKI/maxresdefault.jpg
000139.jpg,https://image.shutterstock.com/display_pic_with_logo/3892256/1291657138/stock-photo-close-up-of-a-fresh-pequin-pepper-or-piquin-chile-capsicum-annuum-vaiety-glabriusculum-on-the-1291657138.jpg
000140.jpg,https://s.yimg.com/aah/mex-grocer/dried-chile-pequin-chili-pods-16.png
000141.jpg,https://c8.alamy.com/comp/F6TNP6/bush-of-chili-pequin-F6TNP6.jpg
000142.jpg,https://www.centraltexasgardener.org/wp-content/uploads/2013/05/chile-pequin-stewart-400x300.jpg
000143.jpg,http://www.tradewindsfruit.com/content/images/rain_forest_pepper2.jpg
000144.jpg,https://live.staticflickr.com/693/22673436502_b9188202c1.jpg
000145.jpg,https://www.penick.net/digging/images/2014_12_10/Chile_pequin_&_yucca.JPG
000146.jpg,https://i.ebayimg.com/images/g/awkAAOSwqu9VMgUW/s-l300.jpg
000147.jpg,https://badiaspices.com/wp-content/uploads/2016/12/033844006549.jpg
000148.jpg,https://pixl.varagesale.com/http://s3.amazonaws.com/hopshop-image-store-production/34800390/55898fe8df15f4e15375ba6be5889602.jpg?_ver=large&w=1500&h=1500&fit=max&s=04538a6b2bd7400ac2defee9cb5a1f09
000149.jpg,https://assets.listia.com/photos/d6e4cf2b1200d3fe4924/original.png?s=320x320m&sig=c9026814f0864f01&ts=1425202889
000150.jpg,http://dailymedicalcases.info/wp-content/uploads/2018/11/chile-pequin-plant-plant-plant-cherry-bomb-plants-for-sale-plant-chile-pequin-pepper-plants-for-sale.jpg
000151.jpg,https://www.pepperscale.com/wp-content/uploads/2017/10/roatan-pumpkin-habanero.jpg
000152.jpg,https://www.consaborinc.com/uploads/9/1/6/7/91675518/s242344118557108257_p36_i2_w2160.jpeg
000153.jpg,https://howmytexasgardensgrow.files.wordpress.com/2016/10/20161023_170445.jpg
000154.jpg,https://static.wixstatic.com/media/d45f52_d2535ae7ddf340da99e67221a3eb5c2f~mv2.png/v1/fill/w_640,h_358,al_c,q_90/d45f52_d2535ae7ddf340da99e67221a3eb5c2f~mv2.webp
000155.jpg,https://bloximages.newyork1.vip.townnews.com/victoriaadvocate.com/content/tncms/assets/v3/editorial/c/25/c251f0fd-8899-5406-b23a-13bb04421f11/5a8e31f542049.image.jpg?resize=1200%2C838
000156.jpg,http://nebula.wsimg.com/42837f5e76f8fb81ee99ed52aecfa4f4?AccessKeyId=4666F146996DD20F0A74&disposition=0&alloworigin=1
000157.jpg,https://ravenscourtgardens.files.wordpress.com/2014/10/img_4611.jpg
000158.jpg,http://peoplesempowerment.org/wp-content/uploads/2019/07/pequin-peppers-salsa-a-tasty-homemade-and-served-on-many-new-dishes-growing-recipes-green.jpg
000159.jpg,https://static1.bigstockphoto.com/1/0/3/large1500/301812943.jpg
000160.jpg,https://i.ytimg.com/vi/w527xwkFrmU/maxresdefault.jpg
000161.jpg,https://www.chileplants.com/images/chiles/lisas-pequin-pepper-plants.jpg
000162.jpg,https://austintexas.gov/sites/default/files/ChiliPequin.jpg
000163.jpg,https://davesgarden.com/guides/pf/thumbnail.php?image=2007/08/18/jumpinjak/1890ab.jpg&widht=700&height=312
000164.jpg,https://alchetron.com/cdn/fresno-chili-pepper-528aecea-e50d-4987-8de8-b6b44a374af-resize-750.jpg
000165.jpg,https://as1.ftcdn.net/jpg/01/91/93/96/500_F_191939654_oKpWxHL6ZghHg6L9z4jjAFxjELa0io2N.jpg
000166.jpg,https://thumbs.dreamstime.com/z/pequin-chile-piquin-peppers-pile-whole-pods-capsicum-annuum-var-glabriusculum-clipping-path-pequin-piquin-chile-peppers-100174637.jpg
000167.jpg,https://live.staticflickr.com/5646/22499043400_120eb282a2.jpg
000168.jpg,https://i.pinimg.com/originals/65/19/30/651930a277f1acca9fe680133d9062a2.jpg
000169.jpg,https://breadandtortillas.files.wordpress.com/2013/07/dsc_0511.jpg
000170.jpg,http://www.tradewindsfruit.com/content/images/pepperoncini_pepper2.jpg
000171.jpg,https://www.superhotchiles.com/wp-content/uploads/2018/04/Urfa-Biber-Chile-Pepper-Plants-300x225.jpg
000172.jpg,https://farm5.static.flickr.com/4143/4900292080_8c642a0c4a_b.jpg
000173.jpg,http://womencanrun.org/wp-content/uploads/2019/01/chili-pequin-pepper-recipes-how-to-make-chile-jelly-hot-sauce.jpg
000174.jpg,https://envato-shoebox-0.imgix.net/607e/da5c-633b-431a-9d5e-403ecbac16c6/Pequin+chile-Edit+copy.jpg?auto=compress%2Cformat&fit=max&mark=https%3A%2F%2Felements-assets.envato.com%2Fstatic%2Fwatermark2.png&markalign=center%2Cmiddle&markalpha=18&w=700&s=0ef4be2f1c79222201ec7ab2b88ee7d4
000175.jpg,https://i.pinimg.com/originals/0f/04/29/0f0429298fdaa867c8426f9eaf76d186.jpg
000176.jpg,https://previews.123rf.com/images/maxsol7/maxsol71711/maxsol7171100035/90527843-dried-chile-pequin-peppers-capsicum-annuum-var-glabriusculum-top-view-clipping-paths.jpg
000177.jpg,http://jandlgardens.com/xencart/images/Chile%20Pequin(r).JPG
000178.jpg,https://www.chilliworld.com/content/images/thumbs/0000225_chile-today-peguin-pepper-pods_550.jpeg
000179.jpg,https://ucarecdn.com/12bfae64-9eca-4d27-b014-283d6f5c4a29/-/format/auto/
000180.jpg,https://edge.bonnieplants.com/www/uploads/20180920004006/serrano-hot-pepper-480x360.jpg
000181.jpg,https://assets.listia.com/photos/961787f7b2eb4837d785/original.jpg?s=320x320m&sig=075d8ed60bc49325&ts=1375753832
000182.jpg,https://usercontent2.hubstatic.com/8796325.jpg
000183.jpg,https://www.pepperscale.com/wp-content/uploads/2017/04/siling-labuyo.jpg
000184.jpg,https://www.wildflower.org/wp-content/uploads/2017/03/chile-pequin-vinegar-triptych2_PR.jpeg
000185.jpg,https://portalvhds26k4f5tktj3ck.blob.core.windows.net/spotpics/sp49033.jpg
000186.jpg,https://www.chileseeds.co.uk/wp-content/uploads/2016/10/bih_Jo8-300x300.jpg
000187.jpg,https://live.staticflickr.com/3064/2860275818_275401e750_z.jpg
000188.jpg,http://daivietgroup.info/wp-content/uploads/2019/07/chile-pequin-plant-peppers-chile-pequin-plants-for-sale.jpg
000189.jpg,https://c8.alamy.com/comp/PGEJAJ/pequin-chilies-in-a-small-cork-bowl-against-a-birdseye-maple-background-shot-flat-lay-capsicum-annuum-var-glabriusculum-PGEJAJ.jpg
000190.jpg,https://pbs.twimg.com/media/D7Hh8rnWkAAnasA.jpg
000191.jpg,https://www.mexicanplease.com/wp-content/uploads/2016/08/chile-pequin-salsa-in-package.jpg
000192.jpg,https://chilli-seedz.com/wp-content/uploads/2017/01/HPL-1-of-1-11-900x900.jpg
000193.jpg,https://www.ethno2.ethno-botanik.org/Capsicum/Chile-Piquin/Fotos/500/Chile-Piquin-9741.jpg
000194.jpg,https://kcdgarden.com/varieties/172/FullSizeRender%20-61-.jpg?width=730&height=500&mode=crop&format=jpg&quality=65
000195.jpg,https://austinsunshinepatch.files.wordpress.com/2017/10/img_9777.jpg?w=840&h=630
000196.jpg,https://scontent-frx5-1.cdninstagram.com/v/t51.2885-15/e35/s320x320/64955080_128162611737086_3750917421895659_n.jpg?_nc_ht=scontent-frx5-1.cdninstagram.com&oh=6645cb16f90f48cc53e665ccacf9f501&oe=5DCB665A&ig_cache_key=MjA4NDk3MDQ1NzUzNDQxODcwMQ%3D%3D.2
000197.jpg,https://fscomps.fotosearch.com/compc/IMB/IMB007/pequin-pepper-chilltepin-capsicum-stock-photograph__ibxsce04216426.jpg
000198.jpg,http://realfans.info/wp-content/uploads/2018/09/chile-pequin-plant-serve-as-is-or-you-can-mix-in-some-finely-diced-white-onion-and-fresh-cilantro-chile-pequin-pepper-plants-for-sale.jpg
000199.jpg,https://i.ytimg.com/vi/WrS8ZvJYpJw/maxresdefault.jpg
000200.jpg,https://st.hzcdn.com/fimgs/30b23df104af99ab_4285-w500-h416-b0-p0--.jpg
000201.jpg,https://media1.thehungryjpeg.com/thumbs/800_3435649_2cb240a0b3f23b5f0a6ecc36ec30248e4171a8ab.jpg
000202.jpg,https://i5.walmartimages.com/asr/3006dd9a-f8b2-4f21-bcc9-3f76fbc93128_1.fa008c50370f8e55d665c7455cfbcec9.jpeg?odnHeight=450&odnWidth=450&odnBg=FFFFFF
000203.jpg,https://woodlandfoods.com/img/WF_Images/c11-texas-hot-pepper-vinegar-1.jpg
000204.jpg,https://media.istockphoto.com/photos/two-fresh-mexican-pequin-chiles-or-piquin-pepper-capsicum-annuum-picture-id1098076668?k=6&m=1098076668&s=612x612&w=0&h=BN51U8CEMrWBRZUYxerEozGSwT4l9p-gWhEQVdqIur4=
000205.jpg,https://cdn11.bigcommerce.com/s-9d454/images/stencil/608x608/products/4896/9886/pequin-chiles-dried-whole__38709.1299862250.jpg?c=2
000206.jpg,https://www.superhotchiles.com/wp-content/uploads/2018/04/Devils-Tongue-Hot-Pepper-Seeds-300x225.jpg
000207.jpg,https://image.shutterstock.com/image-photo/red-pequin-peppers-potted-chili-260nw-1246298338.jpg
000208.jpg,https://garden.org/pics/2016-10-22/tx_flower_child/0e9db9-300.jpg
000209.jpg,https://i.redd.it/ay3stry7c1g01.jpg
000210.jpg,https://cdn3.strosstock.com/wp-content/uploads/edd/2017/11/Chili-Pequin-1-1560x2340.jpg
000211.jpg,http://www.tradewindsfruit.com/content/images/peter_pepper2.jpg
000212.jpg,https://thumbs.dreamstime.com/z/dried-chile-pequin-peppers-capsicum-annuum-var-glabriusculum-top-view-clipping-paths-chili-116380492.jpg
000213.jpg,https://www.picclickimg.com/d/l400/pict/283419850217_/Chile-Pequin-Piquin-Pepper-Dried-Whole-Pods.jpg
000214.jpg,https://sweetlifebake.com/wp-content/uploads/2012/04/chile-pequins-020.jpg
000215.jpg,https://www.ohiogamefishing.com/attachments/pepperblooms01-jpg.301245/
000216.jpg,https://upload.wikimedia.org/wikipedia/commons/e/e5/Chilesdearbol.jpg
000217.jpg,http://mateur.info/wp-content/uploads/2019/05/chile-pequin-plants-for-sale-plants-for-sale-hatch-plants-for-sale-plants-for-sale.jpg
000218.jpg,https://farm7.static.flickr.com/6203/6138475313_982a194806.jpg
000219.jpg,https://image.shutterstock.com/display_pic_with_logo/196969270/1479370079/stock-photo-the-pequin-pepper-daiquiri-is-a-popular-alcoholic-beverage-with-pepper-rum-vodka-lemon-juice-and-1479370079.jpg
000220.jpg,https://thelocalpalate.com/wp-content/uploads/2018/04/Livers-Thumb.jpg
000221.jpg,http://peoplesempowerment.org/wp-content/uploads/2019/07/pequin-peppers-pepper-cut-open-green-scoville-scale-recipes.jpg
000222.jpg,http://cloud.foodista.com/content/images/f6eb353b8b66778042fabcb1b7c5f691aa47d9be_607x400.jpg
000223.jpg,https://pinaenlacocina.com/wp-content/uploads/2018/03/22154648_1669557343118449_834434755941977619_n.jpg
000224.jpg,http://sangabrielfarm.com/wp-content/uploads/2015/08/chili-pequin.png
000225.jpg,http://www.duke.edu/~mturner/DSC01474%20(Large).JPG
000226.jpg,https://i5.walmartimages.com/asr/0ed365b1-e663-47f4-a9ff-9fff0e6bc990_1.3f83190122b0d4513fdb5e5369a28700.jpeg?odnHeight=450&odnWidth=450&odnBg=FFFFFF
000227.jpg,http://www.tradewindsfruit.com/content/images/goat_horn_pepper.jpg
000228.jpg,https://d2lnr5mha7bycj.cloudfront.net/product-image/file/large_2269d97c-0f1b-4dbf-8782-9e8fa1ffc115.jpg
000229.jpg,http://samimattila.co/wp-content/uploads/2019/01/chili-pequin-gallery-small-from-2-fresh-salsa-pepper-substitute-purple-plant.jpg
000230.jpg,https://howmytexasgardensgrow.files.wordpress.com/2016/10/20161021_213156-1-1.jpg
000231.jpg,https://www.cayennediane.com/wp-content/uploads/Dried-Peppers-1024x640.jpg
000232.jpg,https://www.melburyandappleton.co.uk/ekmps/shops/melburyapple/images/piquin-chilli-powder-ground-pequin-pepper-50g-11529-p.jpg
000233.jpg,https://d1k5w7mbrh6vq5.cloudfront.net/images/cache/c4/42/02/c442024fc99d0611591ca3824e222c8a.jpg
000234.jpg,https://www.picclickimg.com/d/l400/pict/172599851248_/Liveseeds-very-hot-chilli-pepper-genuine.jpg
000235.jpg,https://pixl.varagesale.com/http://s3.amazonaws.com/hopshop-image-store-production/104708151/b71528bc5beb3408006f4a23041d5bb7.jpg?_ver=large_uploader_thumbnail&w=640&h=640&fit=crop&s=c1a124b9d841d46617a69c93a85cff6f
000236.jpg,https://images-na.ssl-images-amazon.com/images/I/51wI9OOK0SL.jpg
000237.jpg,https://www.maica-leaf.com/wp-content/uploads/2019/08/Jual-Pack-Maica-Leaf-PEQUIN-PEPPER-10-Seeds.png
000238.jpg,https://d1k5w7mbrh6vq5.cloudfront.net/images/cache/18/28/15/182815a418b77baf3dee9376ddfcacd3.jpg
000239.jpg,https://fscomps.fotosearch.com/compc/IMB/IMB007/pequin-pepper-chilltepin-capsicum-stock-image__ibxsce04216421.jpg
000240.jpg,https://s1.bukalapak.com/img/1441813682/w-1000/Benih_Cabai_Hias_Pequin_Pepper_Maica_Leaf.png
000241.jpg,https://cdn.shopify.com/s/files/1/1503/3510/products/sanPedroPiquinPickled_1024x1024.JPG?v=1513620735
000242.jpg,https://usercontent1.hubstatic.com/8860112_f520.jpg
000243.jpg,http://womencanrun.org/wp-content/uploads/2019/01/chili-pequin-pepper-recipes-powder-how-to-make-chile-jelly.jpg
000244.jpg,https://davesgarden.com/guides/pf/thumbnail.php?image=2008/02/18/htop/83c442.jpg&widht=700&height=312
000245.jpg,https://cdn.shopify.com/s/files/1/1022/5071/products/black-pequin-chilli-chili-pepper-seed-capsicum-annum-very-hot-and-rare-heirloom-chili-from-africa-1.jpg?v=1565027219
000246.jpg,http://www.magicplantshop.com/images/watermarked/1/detailed/1/PEQUIN-Flakes.jpg
000247.jpg,https://www.mexicoinmykitchen.com/wp-content/uploads/2017/03/Salsadechilepiquin13.jpg
000248.jpg,http://www.thetreasuredepot.com/webbbs/media/camera/202/202269_1.jpg
000249.jpg,https://cdn2.bigcommerce.com/server2900/cd406/products/734/images/1553/734__01566.1502214057.500.500.jpg?c=2
000250.jpg,https://images.squarespace-cdn.com/content/v1/5236205be4b0adf633e526e7/1447090422370-WTZUDF7NQCKUUCX2HA1G/ke17ZwdGBToddI8pDm48kJqmS8PCekAtoPajnrtx-YF7gQa3H78H3Y0txjaiv_0fDoOvxcdMmMKkDsyUqMSsMWxHk725yiiHCCLfrh8O1z4YTzHvnKhyp6Da-NYroOW3ZGjoBKy3azqku80C789l0jRb3i7UjwNNySrgFE_nWauYqbXxubCfHAstCA1ZMGsP_-pc1sFh92CL5wMHmUHCXQ/IMG_8643.JPG?format=1500w
000251.jpg,https://as1.ftcdn.net/jpg/01/91/93/96/500_F_191939664_h3lLiTKAzj3DTxnslBzN6OOWz8z0ViM2.jpg
000252.jpg,https://c8.alamy.com/comp/R715K8/pequin-pepper-chilltepin-capsicum-annuum-pequin-wild-growing-chili-R715K8.jpg
000253.jpg,https://pinaenlacocina.com/wp-content/uploads/2018/03/024.jpg
000254.jpg,https://i.redd.it/61wsz4jg6yl21.jpg
000255.jpg,https://cdn.shopify.com/s/files/1/1326/4013/products/Peppers_Dried_Pequin.jpg?v=1537950799
000256.jpg,http://peoplesempowerment.org/wp-content/uploads/2019/07/pequin-peppers-turning-black-flavor-profile-scale.jpg
000257.jpg,https://www.chileseeds.co.uk/wp-content/uploads/2016/10/Dried_Texan_Chilli_Pequin.jpg
000258.jpg,http://www.tradewindsfruit.com/content/images/santa_fe_grande_pepper.jpg
000259.jpg,https://www.fataliiseeds.net/wp-content/uploads/fromoldsite/madre_vieja-640x640-324x324.jpg
000260.jpg,https://pbs.twimg.com/media/DzU3EVMWoAEwkuG.jpg
000261.jpg,https://www.ethno2.ethno-botanik.org/Capsicum/Chile-Piquin/Fotos/500/Chile-Piquin-9733.jpg
000262.jpg,http://2.bp.blogspot.com/-82p5EBO7Mlk/VlZUU9oXLcI/AAAAAAAACHo/ObhNdnCUC0k/s1600/chili%2Bpequin.jpg
000263.jpg,https://woodlandfoods.com/img/WF_Images/C11-pequin-chiles-peppers-main.jpg
000264.jpg,https://www.ohiogamefishing.com/attachments/pequinpod-jpg.301249/
000265.jpg,https://d2lnr5mha7bycj.cloudfront.net/product-image/file/large_e68df261-acb1-4f83-b790-28a6166e3c37.png
000266.jpg,https://previews.123rf.com/images/ottoblotto/ottoblotto1802/ottoblotto180200169/95623265-dried-red-bird-peppers-piquin-capsicum-annuum-pequin-pepper-isolated-on-white-horizontal-aspect.jpg
000267.jpg,https://mexicanfoodproducts.us/wp-content/uploads/2017/01/DRIED-PEQUIN-PEPPER-MEXICAN-FOOD-PRODUCTS-US-300x300.jpg
000268.jpg,http://cdn.shopify.com/s/files/1/1072/5570/products/SASOPequin_grande.jpeg?v=1466036553
000269.jpg,https://usercontent2.hubstatic.com/8796329_f520.jpg
000270.jpg,https://www.spicejungle.com/media/catalog/product/cache/2/image/480x480/9df78eab33525d08d6e5fb8d27136e95/_/p/_pequins_2.jpg
000271.jpg,https://www.worldseedsupply.com/wp-content/uploads/2014/08/800px-Chiltepin_Cluster.png
000272.jpg,https://s15.postimg.cc/mr8qwhrbf/IMG_1545_1.jpg
000273.jpg,http://www.tradewindsfruit.com/content/images/indian_pc1_pepper.jpg
000274.jpg,https://thumbs.dreamstime.com/z/white-dish-scattered-piquin-bird-peppers-capsicum-annuum-peq-white-dish-scattered-piquin-bird-peppers-capsicum-annuum-109707788.jpg
000275.jpg,https://www.chileplants.com/images/chiles/piquin-large-black-pepper-plants.jpg
000276.jpg,https://www.madeinnewmexico.com/media/catalog/product/cache/1/image/9df78eab33525d08d6e5fb8d27136e95/6/i/6intreatedpiq.jpg
000277.jpg,https://pbs.twimg.com/media/DXejnzmXUAASbQ6.jpg
000278.jpg,https://www.savoryspiceshop.com/content/mercury_modules/cart/items/2/7/5/2751/ratio6x5-600.jpg
000279.jpg,https://pinaenlacocina.com/wp-content/uploads/2018/03/22050344_1669557203118463_2623070422962513657_n.jpg
000280.jpg,https://cdn.shortpixel.ai/client/q_glossy,ret_img,w_274,h_293/https://www.peppersofkeywest.com/wp-content/uploads/2014/07/cho-chili-gar-274x293.png
000281.jpg,https://www.thespruceeats.com/thmb/b3wsORyAd8DyyYgnpe6CCqKB62g=/2667x2000/smart/filters:no_upscale()/hot-chile-peppers-scoville-scale-1807552-sketch_Final-5c54d11446e0fb0001be6629.png
000282.jpg,http://nebula.wsimg.com/0fce7d56d52e297f628bdf2f31abc542?AccessKeyId=4666F146996DD20F0A74&disposition=0&alloworigin=1
000283.jpg,https://www.magicplantfarms.com/wp-content/uploads/2016/10/Pequin-Whole-Pods.jpg
000284.jpg,https://rincondelchili.files.wordpress.com/2012/09/chile-piquin.jpg
000285.jpg,https://i2.wp.com/www.thespiceagent.com/wp-content/uploads/2018/09/20180831_154124.jpg?fit=871%2C916&ssl=1
000286.jpg,https://garden.org/pics/2012-09-16/Paul2032/e43321-300.jpg
000287.jpg,https://www.mexicoinmykitchen.com/wp-content/uploads/2017/03/salsadechilepiquin11A.jpg
000288.jpg,https://img.letgo.com/images/c3/01/19/4f/c301194f2b64e8238d41b417f59374c8.jpg?impolicy=img_600
000289.jpg,https://steemitimages.com/640x0/https://i.postimg.cc/gjqybBJR/IMG-8278.jpg
000290.jpg,https://www.picclickimg.com/d/l400/pict/264188790131_/Rezha-Macedonian-Pepper-Capsicum-annuum-10.jpg
000291.jpg,https://cdn11.bigcommerce.com/s-295z9o5zsa/images/stencil/1280x1280/products/630/1443/Pequin_Chile_Peppers_2_EDITED__07718.1524748785.jpg?c=2
000292.jpg,https://i.pinimg.com/originals/18/fe/f3/18fef31ca6bc8577e5e1966840646785.jpg
000293.jpg,https://c8.alamy.com/comp/BBYAF6/close-up-of-dried-red-chili-peppers-BBYAF6.jpg
000294.jpg,https://st3.depositphotos.com/1692343/15873/i/1600/depositphotos_158739260-stock-photo-organic-dry-small-pequin-chili.jpg
000295.jpg,https://i1.wp.com/www.sippitysup.com/wp-content/uploads/drupal-images/jicamaslawweb.jpg?fit=333%2C333&ssl=1
000296.jpg,https://cdn.instructables.com/F8V/522D/K02P0F1C/F8V522DK02P0F1C.LARGE.jpg?auto=webp&&frame=1
000297.jpg,http://rahiseedbank.com/wp-content/uploads/2014/07/o5-Copy.jpg
000298.jpg,http://1.bp.blogspot.com/_kMSYwo-WCBc/TMQQixRDlrI/AAAAAAAAB-E/nCZ6ICv2VE8/s1600/Wild+Chile+Pequin.jpg
000299.jpg,https://www.piedmontfarmandgarden.com/v/vspfiles/photos/PPP140-2.jpg?v-cache=1366092667
000300.jpg,http://upload.wikimedia.org/wikipedia/commons/2/2e/Sayaca_Tanager_feeding_on_malagueta_peppers.jpg
000301.jpg,http://www.tradewindsfruit.com/content/images/jimmy_nardello_pepper.jpg
000302.jpg,https://c.shld.net/rpx/i/s/pi/mp/3793/prod_11587159325?src=http%3A%2F%2Fimages.amiventures.net%2FB01E0D2IOI.jpg&d=4815ec2c33ac679655d475964ea4a5383550c151&?hei=64&wid=64&qlt=50
000303.jpg,https://i.ytimg.com/vi/KprbMh0JuSU/maxresdefault.jpg
000304.jpg,https://www.curiouscuisiniere.com/wp-content/uploads/2018/05/Dried-Chile-Pepper-Pin.21.jpg
000305.jpg,https://www.wildflower.org/image_archive/640x480/JAM6151/6151_IMG00281.JPG
000306.jpg,https://cdn.shopify.com/s/files/1/0679/3479/products/Chili_Pequin_Wine_Pepper_Jelly_-_Brazos_River_Provisions_1024x1024.png?v=1420915876
000307.jpg,https://www.fataliiseeds.net/wp-content/uploads/2019/09/jalapeno_orange_spice335-324x250.jpg
000308.jpg,https://i0.wp.com/npsot.org/wp/boerne/files/2011/01/chilepetin_a.jpg?resize=294%2C264
000309.jpg,https://i1347.photobucket.com/albums/p706/iSloth/Mobile%20Uploads/image_zps876bae35.jpg
000310.jpg,https://cdn.kiwilimon.com/recetaimagen/27276/th5-640x426-26151.jpg
000311.jpg,https://rlv.zcache.co.uk/purple_pequin_pepper_magnet-r214d44107ec246069736900d40d84670_x7js9_8byvr_307.jpg?rvtype=content
000312.jpg,https://www.magicplantshop.com/images/thumbnails/450/450/detailed/1/Pequin-Powder.png
000313.jpg,https://www.thespruceeats.com/thmb/evOS_iZQ-JXKQ-pjnmFim4MGmjM=/425x326/filters:no_upscale():max_bytes(150000):strip_icc()/GettyImages-495634572-968c1621a8a843f999f9282af85c9a64.jpg
000314.jpg,https://edge.bonnieplants.com/www/uploads/20180920003952/mammoth-jalapeno-hot-pepper-480x360.jpg
000315.jpg,https://garden.org/pics/2016-01-13/Esperanza/c7fa36.jpg
000316.jpg,https://woodlandfoods.com/img/WF_Images/e63-pequin-flakes-main.jpg
000317.jpg,https://www.superhotchiles.com/wp-content/uploads/2018/04/Broome-Chile-Plants-300x225.jpg
000318.jpg,https://i1.wp.com/rincondelchili.files.wordpress.com/2012/09/chile-piquin-seco1.jpg?zoom=1.25&w=900&ssl=1
000319.jpg,https://media01.stockfood.com/wmpreviews/NDE5NjQ1Mg==/00322804.jpg
000320.jpg,https://pixl.varagesale.com/http://s3.amazonaws.com/hopshop-image-store-production/51418231/a5325325b08e47d62896c6c5ba6fa0a4.jpg?_ver=large_uploader_thumbnail&w=640&h=640&fit=crop&s=10926549deea9e8090fe1ee03cbd2ac0
000321.jpg,https://cdn11.bigcommerce.com/s-f6cx4kq/images/stencil/500x659/products/104/429/pequin_pepper_tyler_farms__31810.1407124602.jpg?c=2
000322.jpg,https://previews.123rf.com/images/maxsol7/maxsol71710/maxsol7171000022/92399790-dried-chile-pequin-peppers-capsicum-annuum-var-glabriusculum-without-stalks-pile-of-clipping-paths-s.jpg
000323.jpg,https://ediblehouston.ediblecommunities.com/sites/default/files/styles/recipe_banner/public/images/recipe/chile-pequin-peppa-sauce-2.jpg?itok=pjDpEgJL&c=f74d669db9611bf8624d5412aba3fea5
000324.jpg,https://media.istockphoto.com/photos/pile-of-whole-chili-pequin-peppers-on-a-black-background-picture-id983056538
000325.jpg,http://vcmga.org/yahoo_site_admin/assets/images/05July03ChilePequin.26295748_std.jpg
000326.jpg,http://www.themahanandi.org/images/mirchi/dahipequinpeppercopyrightedimage1.jpg
000327.jpg,https://www.chili-shop24.com/media/image/65/04/0c/c616b5d599ff589f137e85c949a667c2_600x600.jpg
000328.jpg,https://pbs.twimg.com/media/EBklZ2HW4AAkSba.jpg
000329.jpg,https://cdn.shopify.com/s/files/1/2597/0754/products/d67a97dce7d14ac281221034b3a4e923_400x.jpg?v=1547097732
000330.jpg,https://usercontent2.hubstatic.com/8860111_f520.jpg
000331.jpg,https://steemitimages.com/640x0/https://i.postimg.cc/h45qvRpW/IMG_4877.jpg
000332.jpg,http://www.tradewindsfruit.com/content/images/habanero_paper_lantern.jpg
000333.jpg,https://img.bidorbuy.co.za/image/upload/user_images/957/1893957/1893957_120614122342_SSVeg.jpg
000334.jpg,https://pics.davesgarden.com/pics/2008/09/13/RBCano/7100ac.jpg
000335.jpg,https://plan.flowergardennews.com/img/gardening/424/growing-pequin-peppers-11.jpg
000336.jpg,http://rahiseedbank.com/wp-content/uploads/2014/07/i41.jpg
000337.jpg,https://www.mexicoinmykitchen.com/wp-content/uploads/2017/10/Piquin-peppers.jpg
000338.jpg,https://upload.wikimedia.org/wikipedia/commons/thumb/6/69/BhutJolokia09_Asit.jpg/1200px-BhutJolokia09_Asit.jpg
000339.jpg,https://s.hdnux.com/photos/40/21/02/8458393/3/gallery_medium.jpg
000340.jpg,https://rincondelchili.files.wordpress.com/2012/09/chile-piquin2.jpg
000341.jpg,https://banner2.kisspng.com/20180526/xbp/kisspng-chile-de-rbol-pasilla-cayenne-pepper-chili-peppe-chile-pequin-5b0962a19f4c67.2954275415273417296525.jpg
000342.jpg,https://i.ytimg.com/vi/QowlRnpwufU/maxresdefault.jpg
000343.jpg,https://pinaenlacocina.com/wp-content/uploads/2018/03/Chile-Piquin-Salsa-Recipes.jpg
000344.jpg,http://www.themahanandi.org/images/mirchi/dahipequinpeppercopyrightedimage3.jpg
000345.jpg,https://st.hzcdn.com/fimgs/288276c606ec2afa_8085-w500-h375-b0-p0--.jpg
000346.jpg,https://cdn.shopify.com/s/files/1/1503/3510/products/San_Pedro_Hot_Sauce_-_Pequin_1024x1024.JPG?v=1539640248
000347.jpg,https://d2lnr5mha7bycj.cloudfront.net/product-image/file/large_022457a0-461b-458e-9fc9-a8395c59d276.JPG
000348.jpg,http://i1111.photobucket.com/albums/h469/Pr0digal_son/Album%202/DSCN6447_zpsf7659eb1.jpg
000349.jpg,https://alchetron.com/cdn/dundicut-251b3190-0c0f-48d9-ac76-41bd76ac3a4-resize-750.jpg
000350.jpg,http://www.tradewindsfruit.com/content/images/zimbabwe_bird_pepper.jpg
000351.jpg,https://www.juniorsjerky.com/wp-content/uploads/2014/10/chilepequin.jpg
000352.jpg,https://www.curiouscuisiniere.com/wp-content/uploads/2018/05/Dried-Chile-Pepper-450.jpg
000353.jpg,https://pixl.varagesale.com/http://s3.amazonaws.com/hopshop-image-store-production/134809894/a3c9fe215702689cad02f4970fb50b80.jpg?_ver=large_uploader_thumbnail&w=640&h=640&fit=crop&s=be608da41b525943ed5a0a99124cc9b7
000354.jpg,https://i.ebayimg.com/images/g/LMcAAOSwal5YLVfn/s-l640.jpg
000355.jpg,https://edge.bonnieplants.com/www/uploads/20180920004140/hot-and-spicy-oregano-960x360.jpg
000356.jpg,https://res.cloudinary.com/twenty20/private_images/t_watermark-criss-cross-10/v1515722983000/photosp/452cf974-c5dd-4762-8521-1e0bbbf50df4/stock-photo-yellow-cooking-mexican-food-spicy-ingredients-chili-peppers-condiments-still-life-food-pickled-peppers-452cf974-c5dd-4762-8521-1e0bbbf50df4.jpg
000357.jpg,https://i0.wp.com/freshproducegroup.us/wp-content/uploads/2017/01/PEQUIN-PEPPER-FRESH-PRODUCE-GROUP-LLC3.jpg?resize=300%2C225&ssl=1
000358.jpg,https://pbs.twimg.com/media/D9iDialWkAA6orI.jpg
000359.jpg,https://cheflippe.files.wordpress.com/2012/05/smoked-sausage-peppers-onions-mushrooms.jpg
000360.jpg,https://pinaenlacocina.com/wp-content/uploads/2018/03/IMG_0681-680x907.jpg
000361.jpg,https://c8.alamy.com/comp/JFEF57/organic-dry-small-pequin-chili-peppers-in-a-bowl-JFEF57.jpg
000362.jpg,https://i.ytimg.com/vi/R8ptO1kHCJA/maxresdefault.jpg
000363.jpg,https://i.redd.it/dvlg4lknwuu21.jpg
000364.jpg,https://www.backyardnature.net/m/produce/pepper.jpg
000365.jpg,https://www.fataliiseeds.net/wp-content/uploads/fromoldsite/carib_red_hab_mature-800x800-324x324.jpg
000366.jpg,https://lh4.ggpht.com/Twfn5wcfLP9RjueGk5ZWOX0R5x9cFY7r5oi75eAlsp2ERwk7mxS6X18lJu54j9gjuEqFU-DFa_Sc2PmpBTStpg=s1200
000367.jpg,https://gardenerspath.com/wp-content/uploads/2018/02/How-to-Grow-Hot-Peppers-Pin-468x1024.jpg
000368.jpg,http://www.duke.edu/~mturner/DSC01414%20(Large).JPG
000369.jpg,https://i17.onbuy.com/product/d9e728c3d6cc4b65bf2cba6bdcef3b06-m15817751.jpg
000370.jpg,http://www.tradewindsfruit.com/content/images/thai_dragon.jpg
000371.jpg,https://www.magicplantshop.com/images/watermarked/1/detailed/1/55-Gallon-Chili-Pepper-Mash_8ook-sv_ymq0-ud_oz94-py.jpg
000372.jpg,http://i1111.photobucket.com/albums/h469/Pr0digal_son/RSCN1431-1.jpg
000373.jpg,https://plan.flowergardennews.com/img/gardening/424/growing-pequin-peppers-2.jpg
000374.jpg,https://www.mexicoinmykitchen.com/wp-content/uploads/2017/03/Salsadechilepiquin14.jpg
000375.jpg,https://alchetron.com/cdn/capsicum-annuum-var-glabriusculum-5c41702c-9289-4fc8-af34-b9bd6774a25-resize-750.jpg
000376.jpg,https://cdn.instructables.com/FDF/YPT5/H0GGYGQV/FDFYPT5H0GGYGQV.LARGE.jpg?auto=webp&frame=1&width=320
000377.jpg,https://pics.davesgarden.com/pics/2017/07/19/htop/17d1c4.jpg
000378.jpg,https://steemitimages.com/640x0/https://i.postimg.cc/Pf3r2QKF/11.jpg
000379.jpg,https://img.bidorbuy.co.za/image/upload/user_images/957/1893957/1893957_120614122501_SS16.jpg
000380.jpg,https://santafebasketcompany.com/images//439-large_Chile-pequin-ristra.jpg
000381.jpg,http://www.nativeenhancements.com/bmz_cache/7/753bd9e5448415ebb7364091b37532da.image.350x252.jpg
000382.jpg,https://www.plantanswers.com/parsons_penquins08/1.jpg
000383.jpg,https://canadiansemillaexports.com/en/wp-content/uploads/sites/4/2017/12/imageedit_3_8230024080.jpg
000384.jpg,https://rincondelchili.files.wordpress.com/2012/09/chile-piquin5.jpg
000385.jpg,http://www.tradewindsfruit.com/content/images/yuquitania_pepper.jpg
000386.jpg,https://img0.etsystatic.com/028/0/8444065/il_fullxfull.525757870_mig4.jpg
000387.jpg,https://previews.123rf.com/images/2d9/2d91605/2d9160500006/55942259-man-hand-harvested-pequin-or-bird-s-eye-pepper-the-smallest-chili-pepper-and-one-of-the-most-acute-v.jpg
000388.jpg,https://pixl.varagesale.com/http://s3.amazonaws.com/hopshop-image-store-production/37463225/9592d3f70e0aac058d194d0be6285287.jpg?_ver=large_uploader_thumbnail&w=640&h=640&fit=crop&s=de7e3b019ac84963bb7f8fd62e60e84a
000389.jpg,http://www.mapsshops.com/viewimge/ecx.images--CovImg-.com/images/I/51fB8xuT%2BkL.jpg
000390.jpg,https://upload.wikimedia.org/wikipedia/commons/thumb/3/32/Thai_peppers.jpg/1200px-Thai_peppers.jpg
000391.jpg,https://www.azuredandelion.com/images/BlackHungarianPepperwm.jpg
000392.jpg,http://greentv-20c0.kxcdn.com/wp-content/uploads/2016/05/yt-2919-How-to-grow-Hot-Peppers.-Tips-on-growing-Hot-Peppers.-Growing-Chiles-101-for-newer-gardeners.jpg
000393.jpg,https://www.seekpng.com/png/detail/514-5142885_marsam-churro-de-amaranto-enchilado-piquin-16-500g.png
000394.jpg,http://i870.photobucket.com/albums/ab262/roguejim/Cooking%20It%20Hot/IMG_20140413_160147_105_zps83525cbc.jpg
000395.jpg,https://i.ytimg.com/vi/F3-j1_bUTMg/maxresdefault.jpg
000396.jpg,https://pics.davesgarden.com/pics/2017/07/19/htop/02a8d4.jpg
000397.jpg,http://www.tradewindsfruit.com/content/images/hawaiian_sweet_hot_pepper3.jpg
000398.jpg,http://1.bp.blogspot.com/-zD53LafoXPE/TVp0xIYEHeI/AAAAAAAAAII/qTcemAkt1vE/s1600/TexasPreppersNetworkMasthead.jpg
000399.jpg,https://live.staticflickr.com/3041/2912997000_bfcb98a32d_b.jpg
000400.jpg,https://pbs.twimg.com/media/CO6DnkFWgAI2oTH.jpg
000401.jpg,https://previews.123rf.com/images/bhofack2/bhofack21706/bhofack2170600839/81205857-organic-dry-small-pequin-chili-peppers-in-a-bowl.jpg
000402.jpg,https://pinaenlacocina.com/wp-content/uploads/2018/03/13925401_1147008825373306_3886562601247055087_n.jpg
000403.jpg,https://www.superhotchiles.com/wp-content/uploads/2018/04/Fushimi-Pepper-Seeds-300x225.jpg
000404.jpg,https://pics.davesgarden.com/pics/2003/08/30/IslandJim/6c0024.jpg
000405.jpg,https://i.ytimg.com/vi/ZndfrOjmpfs/hqdefault.jpg
000406.jpg,https://www.chileplants.com/images/chiles/malibu-purple-pepper-plants.jpg
000407.jpg,http://i1111.photobucket.com/albums/h469/Pr0digal_son/DSCN5383.jpg
000408.jpg,https://pbs.twimg.com/media/D9iDbthXoAA8eJL.jpg
000409.jpg,https://culinarycompost.files.wordpress.com/2016/02/pequin-salsa-finished.jpg
000410.jpg,https://upload.wikimedia.org/wikipedia/commons/d/d2/Capsicum_annuum_-_K%C3%B6hler%E2%80%93s_Medizinal-Pflanzen-027.jpg
000411.jpg,https://pbs.twimg.com/media/D9iDakCXUAAmCKw.jpg
000412.jpg,https://pics.davesgarden.com/pics/2004/10/21/KactusKathi/0bf726.jpg
000413.jpg,https://upload.wikimedia.org/wikipedia/commons/thumb/4/4b/PepperswithscovilleCentralMarketHoustonTX.JPG/1200px-PepperswithscovilleCentralMarketHoustonTX.JPG
000414.jpg,https://plantfreak.files.wordpress.com/2012/04/dsc_0047.jpg
000415.jpg,https://pics.davesgarden.com/pics/2012/08/03/fredgm/27171a.jpg
000416.jpg,https://suzandtell.files.wordpress.com/2018/12/img_1102-e1544481156673.jpg?w=685
000417.jpg,https://culinarycompost.files.wordpress.com/2016/02/toasted-chili-pequin-and-garlic.jpg
000418.jpg,https://www.superhotchiles.com/wp-content/uploads/2018/04/Peter-Pepper-Red-Hot-Pepper-Plants-300x225.jpg
000419.jpg,https://ocdn.eu/pulscms-transforms/1/S5pktkqTURBXy81NWYwZDZlYWIxM2JkMzE4ZDcwMTQ2NTc5MGJmNTg0NS5qcGVnkpUDGsyszQL4zQGskwXNBLDNAnY
000420.jpg,https://breadandtortillas.files.wordpress.com/2015/08/dsc_5750.jpg
000421.jpg,https://www.cayennediane.com/wp-content/uploads/PequinPeppers.jpg
000422.jpg,https://cdn.shopify.com/s/files/1/0871/0950/products/pequins_1024x1024.jpg
000423.jpg,https://usercontent2.hubstatic.com/8796327_f496.jpg
000424.jpg,https://farm1.staticflickr.com/605/22660940236_0d06fac6e7.jpg
000425.jpg,https://breadandtortillas.files.wordpress.com/2013/07/dsc_0078.jpg
000426.jpg,http://res.cloudinary.com/sagacity/image/upload/c_crop,h_1200,w_1600,x_0,y_0/c_scale,w_1080/v1396555527/IMG_3467_h7nrdd.jpg
000427.jpg,https://www.ukchilliseeds.co.uk/ekmps/shops/chilliwizard/images/pequin-chilli-10-x-seeds-990-p.jpg
000428.jpg,https://i.etsystatic.com/6728015/r/il/40e3c2/756455401/il_fullxfull.756455401_gy2k.jpg
000429.jpg,https://howmytexasgardensgrow.files.wordpress.com/2016/10/20161021_220733-2.jpg
000430.jpg,https://www.pepperscale.com/wp-content/uploads/2013/07/pequin-pepper.jpg
000431.jpg,http://cdn1.bigcommerce.com/server700/5mvrqhbm/products/3999/images/144030/numex_bailey_pequin_pepper_n__97248.1475552618.451.395.jpg
000432.jpg,https://cdn.thehippyseedcompany.com/wp-content/uploads/2017/07/Pequin.jpg
000433.jpg,http://plantfreak.files.wordpress.com/2012/04/dsc_0047.jpg
000434.jpg,https://texasjellymaking.files.wordpress.com/2012/11/dsc02257.jpg
000435.jpg,https://200birdies.files.wordpress.com/2013/10/2013-1010-img_2811-pequin-peppers-in-sieve.jpg
000436.jpg,https://usercontent2.hubstatic.com/8860113_f520.jpg
000437.jpg,http://cdn.shopify.com/s/files/1/1351/6403/products/363541391_grande.jpg
000438.jpg,https://i1.wp.com/bonnieplants.com/wp-content/uploads/pequin-chili-pepper-iStock.jpg
000439.jpg,http://breadandtortillas.files.wordpress.com/2013/07/dsc_0420.jpg
000440.jpg,https://www.cayennediane.com/wp-content/uploads/Pequin-01.jpg
000441.jpg,http://www.plantanswers.com/pepper_fest07/7.jpg
000442.jpg,http://www.plantanswers.com/parsons_penquins08/5.jpg
000443.jpg,http://cdn2.bigcommerce.com/server2000/9d454/products/4896/images/9886/20586p__96786.1299862250.1280.1280.jpg
000444.jpg,https://ravenscourtgardens.files.wordpress.com/2014/10/img_4611.jpg
000445.jpg,https://cdn.shopify.com/s/files/1/0915/1060/products/Chile_Pequin_Pepper_-_instagram_ellcj.jpg
000446.jpg,https://ravenscourtgardens.files.wordpress.com/2014/10/img_4617.jpg
000447.jpg,https://breadandtortillas.files.wordpress.com/2013/07/dsc_0469.jpg
000448.jpg,http://farm7.static.flickr.com/6203/6138475313_982a194806.jpg
000449.jpg,https://cdn.shopify.com/s/files/1/0915/1060/products/7_Pot_Merlot_grande.jpg
000450.jpg,https://i.pinimg.com/736x/e9/81/04/e98104df1e01e76a3905bc30c811b1ec--pequin-salsa-recipe.jpg
000451.jpg,https://images.bonanzastatic.com/afu/images/3602/9990/27/__57.jpg
000452.jpg,http://200birdies.files.wordpress.com/2013/10/2013-1010-img_2812-pequin-peppers-for-pickling.jpg
000453.jpg,https://cdn.shopify.com/s/files/1/1351/6403/products/279726656_1024x1024.jpg
000454.jpg,http://2.bp.blogspot.com/_F6QtDPjM8QM/Swqh6vCjVnI/AAAAAAAABhM/mdFRkvPq0fg/s1600/chile-pequin.jpg
000455.jpg,https://www.magicplantshop.com/images/watermarked/1/detailed/1/Pequin-Whole-Pods.jpg
000456.jpg,http://i.ebayimg.com/images/i/250888839789-0-1/s-l1000.jpg
000457.jpg,https://howmytexasgardensgrow.files.wordpress.com/2016/10/20161023_170445.jpg
000458.jpg,https://mjskitchen.com/wp-content/uploads/2013/10/PepperSaucePequinCU4_Web.jpg
000459.jpg,https://i0.wp.com/freshproducegroup.us/wp-content/uploads/2017/01/PEQUIN-PEPPER-FRESH-PRODUCE-GROUP-LLC3.jpg
000460.jpg,https://chilli-seedz.com/wp-content/uploads/2017/01/P1012043-Edit.jpg
000461.jpg,https://breadandtortillas.files.wordpress.com/2013/07/dsc_0511.jpg
000462.jpg,http://upload.wikimedia.org/wikipedia/commons/2/2e/Sayaca_Tanager_feeding_on_malagueta_peppers.jpg
000463.jpg,http://200birdies.files.wordpress.com/2013/10/2013-1010-img_2806-pequin-pepper-bush.jpg
000464.jpg,http://www.prestoimages.net/store30/rd6368/6368_pd1175809_1.jpg
000465.jpg,http://c8.alamy.com/comp/KDRRH1/pequin-or-piquin-chile-peppers-ripe-pods-with-pedicels-capsicum-annuum-KDRRH1.jpg
000466.jpg,https://c8.alamy.com/comp/K8EFJW/pequin-or-chile-piquin-peppers-pile-of-whole-pods-capsicum-annuum-K8EFJW.jpg
000467.jpg,https://66.media.tumblr.com/b1c5dc69c953a7dc45aa02a16cedf793/tumblr_o4vuk8LLIc1r21edwo5_500.jpg
000468.jpg,https://c8.alamy.com/comp/JFEF4X/organic-dry-small-pequin-chili-peppers-in-a-bowl-JFEF4X.jpg
000469.jpg,https://media.victoriaadvocate.com/img/photos/2015/07/02/hg_garden_dirt1_070515_273488.jpg
000470.jpg,https://ravenscourtgardens.files.wordpress.com/2014/10/img_20141011_181328.jpg
000471.jpg,https://farm4.static.flickr.com/3612/3621998941_921ce460a2_b.jpg
000472.jpg,https://66.media.tumblr.com/20460ba1287cd10e74473551b759c4ce/tumblr_o4vuk8LLIc1r21edwo1_500.jpg
000473.jpg,https://c8.alamy.com/comp/K8EFM3/pequin-or-piquin-chile-pepper-plant-with-fruits-capsicum-annuum-var-K8EFM3.jpg
000474.jpg,https://i.pinimg.com/736x/c1/b5/db/c1b5dbf464923cb6d3e9d52fcd39999b--hispanic-kitchen-carrot-salad.jpg
000475.jpg,https://s-media-cache-ak0.pinimg.com/736x/3e/79/69/3e7969e47ae4d034cd17520a1b3ee438.jpg
000476.jpg,https://i.pinimg.com/originals/74/a1/34/74a134ce617b25a6262556d805c17f9e.jpg
000477.jpg,https://plantswithapurpose.net/wp-content/uploads/2015/08/greenpepper.jpg
000478.jpg,https://c8.alamy.com/comp/JFEF4E/organic-dry-small-pequin-chili-peppers-in-a-bowl-JFEF4E.jpg
000479.jpg,https://c8.alamy.com/comp/K8EFKE/pequin-or-piquin-chile-peppers-pile-of-whole-pods-capsicum-annuum-K8EFKE.jpg
000480.jpg,https://mexicanfoodproducts.us/wp-content/uploads/2017/01/pasilla-pepper-mexican-food-products.jpg
000481.jpg,https://c8.alamy.com/comp/KXY1TY/kitchen-still-life-food-ingredients-preparation-limes-chili-peppers-KXY1TY.jpg
000482.jpg,https://c8.alamy.com/comp/R715KA/pequin-pepper-chilltepin-capsicum-annuum-pequin-wild-growing-chili-R715KA.jpg
000483.jpg,https://www.unamericanaincucina.com/wp-content/uploads/2010/02/truffles.jpg
000484.jpg,https://cdn.shopify.com/s/files/1/0207/8590/products/Aleppo_Chile_Flakes_1_cc1296c5-24c3-43de-b788-80561d5d1cea_1024x1024.jpg
000485.jpg,http://c8.alamy.com/comp/KJJ138/dried-chile-pequin-peppers-capsicum-annuum-var-glabriusculum-top-view-KJJ138.jpg
000486.jpg,https://c8.alamy.com/comp/JFEF5B/organic-dry-small-pequin-chili-peppers-in-a-bowl-JFEF5B.jpg
000487.jpg,https://ravenscourtgardens.files.wordpress.com/2014/10/img_4607.jpg
000488.jpg,https://media.buzzle.com/media/images-en/photos/vegetables/1200-38028316-chili-pequin.jpg
000489.jpg,https://c8.alamy.com/comp/C7TB5X/red-chili-peppers-for-sale-at-an-indonesian-market-C7TB5X.jpg
000490.jpg,https://c8.alamy.com/comp/JFEF4G/organic-dry-small-pequin-chili-peppers-in-a-bowl-JFEF4G.jpg
000491.jpg,https://farm4.static.flickr.com/3226/3015873052_987f4d56a7_b.jpg
000492.jpg,https://ravenscourtgardens.files.wordpress.com/2014/10/img_4613.jpg
000493.jpg,https://www.chiligrowshop.cz/resize/e/1200/1200/files/spicegarden/-9011800.jpg
000494.jpg,https://culinarycompost.files.wordpress.com/2016/02/pequin-salsa-finished.jpg
000495.jpg,https://c8.alamy.com/comp/KJJ139/dried-chile-pequin-peppers-capsicum-annuum-var-glabriusculum-top-view-KJJ139.jpg
000496.jpg,https://i.pinimg.com/originals/8c/df/5d/8cdf5d7f89d316ca30a3ba46bde01515.jpg
000497.jpg,https://ravenscourtgardens.files.wordpress.com/2014/10/img_4608.jpg
000498.jpg,https://c8.alamy.com/comp/KEE6CK/dried-chile-pequin-peppers-capsicum-annuum-var-glabriusculum-without-KEE6CK.jpg
000499.jpg,https://woodlandfoods.com/img/WF_Images/E63-pequin-flake-chile-pepper-main.jpg
000500.jpg,https://c8.alamy.com/comp/R715K8/pequin-pepper-chilltepin-capsicum-annuum-pequin-wild-growing-chili-R715K8.jpg
000501.jpg,https://c8.alamy.com/comp/F1GJY1/chili-annuum-style-pequin-or-tepin-capsicum-pequin-an-ancient-form-F1GJY1.jpg
000502.jpg,https://mexicanfoodproducts.us/wp-content/uploads/2017/01/Guajillo-Pepper-Fresh-Produce-Group-LLC.jpg
000503.jpg,https://c8.alamy.com/comp/JFEF4H/organic-dry-small-pequin-chili-peppers-in-a-bowl-JFEF4H.jpg
000504.jpg,https://c8.alamy.com/comp/F1GJY6/chili-annuum-style-pequin-or-tepin-capsicum-pequin-an-ancient-form-F1GJY6.jpg
000505.jpg,https://c8.alamy.com/comp/F1GJY0/chili-annuum-style-pequin-or-tepin-capsicum-pequin-an-ancient-form-F1GJY0.jpg
000506.jpg,https://c8.alamy.com/comp/JFEF53/organic-dry-small-pequin-chili-peppers-in-a-bowl-JFEF53.jpg
000507.jpg,http://mygardenersays.files.wordpress.com/2011/12/20111125_14.jpg
000508.jpg,https://c8.alamy.com/comp/CXTR61/pequin-ristras-chilis-in-a-chilli-shop-in-santa-fe-new-mexico-usa-CXTR61.jpg
000509.jpg,https://c8.alamy.com/comp/K8EFJ1/pequin-or-piquin-chile-pepper-plantfruits-blossom-exploded-view-elements-K8EFJ1.jpg
000510.jpg,https://c8.alamy.com/comp/M9Y188/capsicum-genus-plants-peppers-annuum-baccatum-chinense-frutescens-pubescens-species-clipping-paths-M9Y188.jpg
000511.jpg,https://cdn.shopify.com/s/files/1/0188/0032/products/chile-pequin-crushed-3-oz-all-natural-heat-level-05-meta-related-collection-pepper-spicepeppers-los-chileros-chilly-chiles-largest-selection-of-hot-sauce-in_205_580x@2x.jpg
000512.jpg,https://marysblack.files.wordpress.com/2013/02/handful-chili-petine.jpg
000513.jpg,http://foodie-isms.com/wp-content/uploads/2011/01/Darren-Carbone-Chef.jpg
000514.jpg,https://plantswithapurpose.net/wp-content/uploads/2015/08/greenpepper-1200x900.jpg
000515.jpg,http://img.21food.com/20110609/product/1307124520551.jpg
000516.jpg,https://mygardenersays.files.wordpress.com/2014/10/imgp1286-new.jpg
