image,source
000001.jpg,https://i.ebayimg.com/images/g/V-4AAOSwvqFcyofU/s-l300.jpg
000002.jpg,https://images-na.ssl-images-amazon.com/images/I/61PGyKfQKtL._SL1024_.jpg
000003.jpg,https://cdn.shopify.com/s/files/1/0915/1060/products/Peter-Pepper-600-Peter-Pepper.JPG?v=1541518131
000004.jpg,https://images-na.ssl-images-amazon.com/images/I/41w4pd5UsVL.jpg
000005.jpg,https://i.ebayimg.com/images/g/AAYAAOSwLpdW9gRB/s-l300.jpg
000006.jpg,https://www.asklepios-seeds.de/pub/media/catalog/product/cache/e4d64343b1bc593f1c5348fe05efa4a6/p/e/peterpepper-red.jpg
000007.jpg,https://cdn.shopify.com/s/files/1/0220/1512/products/peter_pepper_6522b92f-81d0-4a19-b203-51afc261ff55.jpg?v=1540538863
000008.jpg,https://cdn.shopify.com/s/files/1/0915/1060/products/peter-pepper-rainbow-hot-pepper-joes.jpg?v=1462327251
000009.jpg,https://www.ukchilliseeds.co.uk/ekmps/shops/chilliwizard/images/peter-pepper-10-x-chilli-seeds-974-p.jpg
000010.jpg,https://webaruhaz.kertlap.hu/wp-content/uploads/2018/12/Peter-pepper.jpg
000011.jpg,https://d1nw62gticy6e9.cloudfront.net/uploads/Peter-Pepper-Seeds.jpg
000012.jpg,https://images-na.ssl-images-amazon.com/images/I/519qeUUnGaL._SX425_.jpg
000013.jpg,https://www.victoriananursery.co.uk/images/800/sq_chilli_pepper_peter_pepper_007.jpg
000014.jpg,https://cdn.shopify.com/s/files/1/0027/7227/1149/products/see888ppp_600x.jpg?v=1561613745
000015.jpg,https://www.cayennediane.com/wp-content/uploads/Peter_Pepper.jpg
000016.jpg,https://www.premierseedsdirect.com/wp-content/uploads/2017/02/41583713.jpg
000017.jpg,https://www.plant-world-seeds.com/images/item_images/000/007/050/large_square/Peter_Pepper_5807.jpg?1502897449
000018.jpg,https://www.victoryseeds.com/assets/images/vegetables/pepper_peter.jpg
000019.jpg,https://www.chileseeds.co.uk/wp-content/uploads/2016/10/peter-pepper.jpg
000020.jpg,https://ae01.alicdn.com/kf/HTB1JnDORXXXXXcEXXXXq6xXFXXX7/Penis-Chili-Red-Hot-Peter-Pepper-Bonsai-100-Pcs-Vegetables-Fruit-Bonsai-The-Most-Funny-Peppers.jpg
000021.jpg,https://cdn1.bigcommerce.com/n-yp39j5/wmhmd53/products/1650/images/2077/Peter_pepper__71367.1388631322.1280.1280.JPG?c=2
000022.jpg,https://www.dhresource.com/0x0/f2/albu/g6/M00/D5/B9/rBVaSFpHRmSAZAzSAAOFOJz_1O8620.jpg
000023.jpg,https://cdn10.bigcommerce.com/s-2drwt2az/products/25978/images/71803/peterpepper2__20683.1556374731.500.659.jpg?c=2
000024.jpg,https://cdn.shopify.com/s/files/1/1523/7044/products/PeterPepper_large.jpg?v=1475913557
000025.jpg,https://www.dhresource.com/600x600/f2/albu/g4/M00/2F/BD/rBVaEFnFDnWATXlBAAFbZwX0tVI385.jpg
000026.jpg,https://upload.wikimedia.org/wikipedia/en/4/44/Mature_peter_red_chili_next_to_a_dried_pod.PNG
000027.jpg,https://www.chili-shop24.com/media/image/92/fe/d2/9210_Penis-Chili_600x600.jpg
000028.jpg,http://upload.wikimedia.org/wikipedia/commons/thumb/5/5c/Peter_pepper%2CCapsicum_annuum_var._annuum_1.jpg/800px-Peter_pepper%2CCapsicum_annuum_var._annuum_1.jpg
000029.jpg,https://previews.123rf.com/images/makrobetz/makrobetz1812/makrobetz181200003/117488785-dried-red-thai-chili-and-peter-pepper-chili-isolated-on-white-background.jpg
000030.jpg,https://contestimg.wish.com/api/webimage/5ad6ba2d5708595ab3fa5c9b-large.jpg?cache_buster=3d18f50986f373b77b2f2bc1b0b744c9
000031.jpg,https://www.chili-shop24.com/media/image/b9/e0/9b/e5ff785e10e29a8e7360a19b2d6ec3be_600x600.jpg
000032.jpg,https://cdn.imgbin.com/10/15/7/imgbin-chili-pepper-vegetable-bell-pepper-spice-peter-pepper-vegetable-PNZKj1Vc1frZXPPSjQWhS5he9.jpg
000033.jpg,https://images-na.ssl-images-amazon.com/images/I/61cILTqXD3L._SX425_.jpg
000034.jpg,https://palinkaust.hu/sites/default/files/termekkep/peter-pepper-paprika-novenyem_0.jpg
000035.jpg,https://ae01.alicdn.com/kf/HLB1Qa64X0fvK1RjSszhq6AcGFXa2/Penis-Chili-Red-Hot-Peter-Pepper-Bonsai-100-Pcs-Organic-Vegetables-Fruit-Bonsai-The-Most-Funny.jpg
000036.jpg,https://static.wixstatic.com/media/9bc169_de98bceb889648379f78f8bb1d8f695b~mv2.jpg/v1/fill/w_576,h_768,al_c,lg_1,q_85/9bc169_de98bceb889648379f78f8bb1d8f695b~mv2.jpg
000037.jpg,https://neveldfel.cdn.shoprenter.hu/custom/neveldfel/image/cache/w900h500wt1/STOCK%20k%C3%A9pek/peter.jpg?lastmod=1506790450.1482238000
000038.jpg,http://www.gaertnerei-bender.de/images/stories/Capsicum_annuum/Capsicum_annuum_Peter_Pepper_Chili_06.jpg
000039.jpg,http://cdn.shopify.com/s/files/1/1494/7000/products/Bitmap_Peter_Pepper_Red_grande.png?v=1549730553
000040.jpg,https://media-cdn.tripadvisor.com/media/photo-s/04/6c/ec/8e/peter-pepper-detto-anche.jpg
000041.jpg,https://gd.image-gmkt.com/li/834/714/1136714834.g_400-w-st_g.jpg
000042.jpg,https://images.lookhuman.com/render/standard/9440166900144000/iphone4to-whi-one_size-t-peter-pepper-patern.jpg
000043.jpg,https://images-na.ssl-images-amazon.com/images/I/51-xxOOgDwL._SL1274_.jpg
000044.jpg,https://www.firelandfoods.at/shop/images/product_images/original_images/619_PeterPepperyellow.jpg
000045.jpg,https://www.chilipeppermadness.com/wp-content/uploads/2019/08/Peter-Pepper2.jpg
000046.jpg,https://images.lookhuman.com/render/standard/3500264925615522/tote18in-whi-z1-t-ripening-peter-pepper-pattern.png
000047.jpg,https://i.redd.it/uiym1kqq8ri21.jpg
000048.jpg,https://i.etsystatic.com/18891878/r/il/248edc/1729092147/il_570xN.1729092147_r79m.jpg
000049.jpg,https://www.mondopiante.com/328-large_default/peter-pepper-chili-seeds.jpg
000050.jpg,https://www.chilliseedbank.com.au/media/catalog/product/cache/image/720x560/4c3462793ba5f87d7658a49338bdb5e2/p/e/peter_pepper_plate.jpg
000051.jpg,https://shop.r10s.jp/mrsliving/cabinet/tane/imgrc0121800086.jpg
000052.jpg,https://s3.amazonaws.com/cdn.jungseed.com/images/popup/03071.jpg
000053.jpg,http://cdn.shopify.com/s/files/1/1270/2601/products/Glen_Seeds_Heirloom_Chillies_-_Yellow_Peter_1_grande.jpg?v=1481104193
000054.jpg,https://www.chili-shop24.com/media/image/24/23/12/9507_1_oT_600x600.jpg
000055.jpg,https://thechillifactory.com/images/products/cropped_IMG_6375.jpg
000056.jpg,https://cdn1.bigcommerce.com/server700/5mvrqhbm/products/3868/images/151234/peter_pepper2_350__00213.1548802795.451.395.jpg?c=2
000057.jpg,https://www.chilliseedbank.com.au/media/catalog/product/cache/image/720x560/4c3462793ba5f87d7658a49338bdb5e2/p/p/ppo.jpg
000058.jpg,https://images.lookhuman.com/render/standard/XF48GGVDqEDTU6eMXtFWNz50b68iBLkX/legging-whi-z1-t-peter-pepper.png
000059.jpg,https://www.ozfarmer.com/image/cache/catalog/seed/chilli-peter-pepper-penis-seed-packet-organically-certified-550x550.jpg
000060.jpg,https://cdn11.bigcommerce.com/s-f6cx4kq/images/stencil/500x659/products/98/941/peter_pepper_2_tyler_farms__46914.1542477427.jpg?c=2
000061.jpg,https://i.etsystatic.com/10161551/r/il/ddaa21/1657887746/il_570xN.1657887746_ovxt.jpg
000062.jpg,http://cdn.shopify.com/s/files/1/1022/5071/products/peter-pepper-seeds-yellow-also-known-as-penis-pepper-chili-willy-capsicum-annuum-2_b0f16857-3f19-40d6-b0c5-4651af158653_1024x1024.jpg?v=1565030674
000063.jpg,https://ae01.alicdn.com/kf/HTB1lEAoatfvK1RjSspfq6zzXFXaL/100-Pcs-Mixed-Peter-Pepper-Bonsai-Easy-Growing-Paprika-Chili-Plants-Red-Hot-Chili-Peppers-Organic.jpg
000064.jpg,https://fairdinkumseeds.com/wp-content/uploads/2014/04/Penis-Chilli-Peter-Pepper-Capsicum-Annuum-Seeds.jpg
000065.jpg,https://previews.123rf.com/images/algeba/algeba1809/algeba180900001/107341148-peter-pepper-capsicum-on-light-background.jpg
000066.jpg,https://www.hydroponics.eu/officinal-medical-vegetables-and-chilli-pepper-seeds/chilli-seeds-bank/vogliapiccante-pepper-seeds-peter-pepper~Img_Principale_34060.jpg
000067.jpg,https://i.ebayimg.com/00/s/MTE1OFgxNjAw/z/s58AAOSwPCVX6myn/$_57.JPG?set_id=880000500F
000068.jpg,https://cf.shopee.com.my/file/4fc3e08482adb2bdfb94f59eab304021
000069.jpg,https://www.southernharvest.com.au/sites/default/files/Chilli%20peter%20peper.jpg
000070.jpg,https://www.chili-shop24.com/media/image/9f/6a/a1/102232_01_600x600.jpg
000071.jpg,https://www.asklepios-seeds.de/pub/media/catalog/product/cache/e4d64343b1bc593f1c5348fe05efa4a6/p/e/peter-pepper-yellow.jpg
000072.jpg,https://i.etsystatic.com/9911861/r/il/8cdaf1/1130642199/il_794xN.1130642199_ilo6.jpg
000073.jpg,https://cdn.shopify.com/s/files/1/1654/8555/products/Peter_Pepper_7e_530x@2x.jpg?v=1542198194
000074.jpg,https://www.superhotchiles.com/wp-content/uploads/2018/04/Peter-Pepper-Yellow-seeds.jpg
000075.jpg,https://www.pepperworldhotshop.com/out/pictures/master/product/1/carolinareaper(11).jpg
000076.jpg,https://i.pinimg.com/originals/d5/11/c0/d511c0e34ee28dd239016152462a7d7b.jpg
000077.jpg,http://2.bp.blogspot.com/_NZIfN_CXxX8/S5nphUpByvI/AAAAAAAAADk/Em8RcsctLZQ/s400/peter-pepper-2.jpg
000078.jpg,https://italianchilli.com/251-large_default/peter-pepper-seeds.jpg
000079.jpg,https://garden.org/pics/2018-10-21/pinkiris/667e7b.jpg
000080.jpg,https://previews.123rf.com/images/onlyfabrizio/onlyfabrizio1511/onlyfabrizio151100007/48287092-peter-pepper-on-a-white-background.jpg
000081.jpg,https://www.ethnoplants.com/1890-large_default/penis-red-peter-pepper-seeds.jpg
000082.jpg,https://sep.yimg.com/ay/yhst-134474119746231/peter-pepper-red-alfrey-39-s-strain-4.gif
000083.jpg,https://live.staticflickr.com/4443/38058307752_2683cb2857_b.jpg
000084.jpg,https://tbn.bidorbuy.co.za/image/fetch/dpr_1.0,f_auto,t_btbnx/https://cdn.shopify.com/s/files/1/0200/5036/products/1893957_121215115534_00039.jpeg%3Fv=1421756134
000085.jpg,https://pics.davesgarden.com/pics/2004/11/29/Geo1ThiChi/9b0937.jpg
000086.jpg,https://www.pepperworldhotshop.com/out/pictures/generated/product/1/390_245_75/peterpepperrot.jpg
000087.jpg,https://static.wixstatic.com/media/9bc169_73769466aaca4a9396e13d50528651ef~mv2.jpg/v1/fill/w_240,h_265,al_c,q_85,usm_0.66_1.00_0.01/9bc169_73769466aaca4a9396e13d50528651ef~mv2.jpg
000088.jpg,https://ae01.alicdn.com/kf/HTB15nj6LkzoK1RjSZFlq6yi4VXaa/500-pc-Vegetables-And-Fruit-Penis-Chill-Purple-Hot-Peter-Pepper-The-Most-Funny-Peppers-Home.jpg
000089.jpg,http://cdn.shopify.com/s/files/1/1022/5071/products/peter-pepper-seeds-yellow-also-known-as-penis-pepper-chili-willy-capsicum-annuum-3_1024x1024.jpg?v=1565030673
000090.jpg,https://cf.shopee.ph/file/c64b20fa58b1f0af3b014cfb03cd9a13_tn
000091.jpg,https://www.pepperscale.com/wp-content/uploads/2014/11/peter-pepper-1-768x411.jpg
000092.jpg,https://upload.wikimedia.org/wikipedia/commons/5/5a/Peter_pepper%2CCapsicum_annuum_var._annuum_3.jpg
000093.jpg,https://i.etsystatic.com/10797960/r/il/069430/1813487997/il_570xN.1813487997_77vk.jpg
000094.jpg,https://cdn1.bigcommerce.com/server700/5mvrqhbm/products/4936/images/146767/peter-pepper-orange__07115.1479406402.1280.1280.jpg?c=2
000095.jpg,https://previews.123rf.com/images/makrobetz/makrobetz1810/makrobetz181000020/117488562-ripe-red-hot-chili-pepper-peter-pepper-with-leafs-isolated-on-white-background.jpg
000096.jpg,https://contestimg.wish.com/api/webimage/5acd521e2d659f191acae9cf-large.jpg?cache_buster=a3fb4b97222ab67465e76f62dc4884d1
000097.jpg,https://cdn11.bigcommerce.com/s-f6cx4kq/images/stencil/1280x1280/products/260/1252/peter_pepper_at_tyler_farms__81125.1551326570.png?c=2&imbypass=on
000098.jpg,https://www.pepperworldhotshop.com/out/pictures/master/product/1/biopeterpepperorange.jpg
000099.jpg,http://www.kaleidoscopedinner.co.uk/image/cache/data/category_28/200pcsbag%20Peter%20Pepper%20Garden%20taste%20chili%20Plantas%20sementes%20home%20bonsai%20Pornographic%20plants%20vegetables%20Penis%20chili%20pepper%20ali54445929_1-500x500-product_popup.jpg
000100.jpg,https://www.dhresource.com/600x600/f2/albu/g4/M00/7B/D3/rBVaEFoAFrGAKd9NAACCSLBKr9c482.jpg
000101.jpg,https://ae01.alicdn.com/kf/HTB1Fd9jbfvsK1RjSspdq6AZepXaZ/Garden-Plants-Free-Shipping-Peter-Pepper-Bonsai-Red-Hot-Chili-Peppers-100-Grain-Pack-Vegetable-Bonsai.jpg
000102.jpg,https://ae01.alicdn.com/kf/HTB126yDKb5YBuNjSspoq6zeNFXau.jpg_q50.jpg
000103.jpg,http://files.kulonlegespaprikak-hu.webnode.hu/200000033-51f6e52efe/peter_pepper.JPG
000104.jpg,https://webaruhaz.kertlap.hu/wp-content/uploads/2018/12/joes-long-cayenne-paprika-mag.jpg
000105.jpg,https://www.pepperworldhotshop.com/out/pictures/master/product/1/peterpepperpflanze_pj116.jpg
000106.jpg,https://www.picclickimg.com/d/l400/pict/161999128707_/Penis-Chilli-Red-Hot-Peter-Pepper-Willy-Chillies.jpg
000107.jpg,https://www.dhresource.com/600x600/f2/albu/g5/M01/62/05/rBVaI1gxG0SANhfWAAJTrMEIOTE027.jpg
000108.jpg,https://www.exitshop.cz/files/56/media/soubory/577_papriky1.jpg
000109.jpg,https://sep.yimg.com/ay/yhst-134474119746231/peter-pepper-3-color-blend-3.gif
000110.jpg,https://cdn.imgbin.com/16/16/5/imgbin-bell-pepper-serrano-pepper-chili-pepper-cubanelle-peter-pepper-red-pepper-9zk3Tj4KuBGCkJf0ttAWS39Yp.jpg
000111.jpg,https://www.superhotchiles.com/wp-content/uploads/2019/04/ChilesPeterPepperOrange3-2018-1.jpg
000112.jpg,https://i.etsystatic.com/11320207/r/il/e9d0fd/1330305240/il_570xN.1330305240_fcgk.jpg
000113.jpg,http://www.sunshine-seeds.de/thumbs/capsicum_peter-pepper.jpg
000114.jpg,https://www.magicplantshop.com/images/watermarked/1/thumbnails/602/597/detailed/2/Peter-Pepper-Powder.jpg
000115.jpg,https://media.istockphoto.com/photos/close-shot-of-ripe-peter-pepper-chili-picture-id1031529758
000116.jpg,https://ae01.alicdn.com/kf/HTB1O8HfKh9YBuNjy0Ffq6xIsVXaO/50pcs-red-peter-pepper-THE-MOST-PORNOGRAPHIC-PEPPER-IN-THE-WORLD-ABSOLUTELY-GENUINE-FREE-SHIPPING.jpg
000117.jpg,https://www.gartenrot.com/out/pictures/master/product/1/chili-peter-pepper.jpg
000118.jpg,https://pepperheadsforlife.com/wp-content/uploads/2014/06/peter-pepper-shu.jpg
000119.jpg,https://garden.org/pics/2012-01-20/DanCarmona/d3fbfa.jpg
000120.jpg,https://www.fataliiseeds.net/wp-content/uploads/2018/03/penis_pepper1.jpg
000121.jpg,https://www.pepperworldhotshop.com/out/pictures/master/product/1/frische-chili-peter-pepper-ba018-1.jpg
000122.jpg,https://static.wixstatic.com/media/b32abc_a6e31d8d313d4494b2f70f64ab59c6aa~mv2.jpg/v1/fill/w_480,h_608,al_c,q_85,usm_0.66_1.00_0.01/b32abc_a6e31d8d313d4494b2f70f64ab59c6aa~mv2.jpg
000123.jpg,https://cdn.shopify.com/s/files/1/1654/8555/products/Peter_Pepper_7g_530x@2x.jpg?v=1542198194
000124.jpg,https://i.pinimg.com/736x/96/f4/22/96f422af7de408158cba13b24fd91fb2.jpg
000125.jpg,https://media.istockphoto.com/photos/close-shot-of-peter-pepper-chili-picture-id1031529780
000126.jpg,https://i.imgur.com/sfGswY2.jpg
000127.jpg,https://images.dailykos.com/images/105506/large/rpplant914.jpg?1410562319
000128.jpg,https://i.etsystatic.com/8785676/r/il/df2c64/542493850/il_794xN.542493850_ejly.jpg
000129.jpg,https://webaruhaz.kertlap.hu/wp-content/uploads/2018/12/madame-jeanette-paprika-mag.jpg
000130.jpg,http://www.griechische-pflanzen-und-samen.de/WebRoot/Store17/Shops/61827386/59F4/F2DF/94E7/7F24/1633/0A0C/6D0A/51E6/peter_rot_neu_Kopie_ml.jpg
000131.jpg,https://www.superhotchiles.com/wp-content/uploads/2018/04/Peter-Pepper-Yellow-Chile-Plants.jpg
000132.jpg,https://p7.hiclipart.com/preview/588/736/945/jalapexf1o-bell-pepper-chili-con-carne-mexican-cuisine-peter-pepper-hot-pepper-cliparts.jpg
000133.jpg,http://siforfuture.co/wp-content/uploads/2019/02/peter-pepper-seeds-details-about-erotic-original-how-to-grow-piper-canada.jpg
000134.jpg,https://www.dhresource.com/600x600/f2/albu/g5/M01/C3/2B/rBVaJFhA98-AT7oEAAGitROdhC4634.jpg
000135.jpg,https://image.shutterstock.com/image-photo/peter-pepper-chili-260nw-598058282.jpg
000136.jpg,https://ecs7.tokopedia.net/img/cache/700/product-1/2019/1/8/24499517/24499517_c6fabae2-eeb7-4d35-b876-702affbad7cf_794_1146.jpg
000137.jpg,https://cdn.shopify.com/s/files/1/0915/1060/products/Live_Red_Peter_Pepper_plant_1024x1024.png?v=1549040491
000138.jpg,https://live.staticflickr.com/7004/6460897439_07d1ecff5f.jpg
000139.jpg,http://fundmercy.info/wp-content/uploads/2019/02/peter-pepper-plant-peter-pepper-plant-garden-plants-peter-pepper-bonsai-red-hot-chili-peppers-organic-vegetable-potted-plant-growing-peter-pepper-plants.jpg
000140.jpg,https://images.lookhuman.com/render/standard/NnT78WWIncwGCK7ZRJuzKrmvc0jcrBqX/sock-whi-one_size-t-peter-pepper.jpg
000141.jpg,https://www.magicplantshop.com/images/watermarked/1/detailed/2/Peter-Pepper.jpg
000142.jpg,https://palinkaust.hu/sites/default/files/termekkep/peter_pepper_novenyem_fakockaban.jpg
000143.jpg,https://www.newhopeseed.com/assets/img/veggies/pepper/peter_pepper.jpg
000144.jpg,https://i.etsystatic.com/11642485/d/il/d820cf/2067473213/il_340x270.2067473213_2muc.jpg?version=0
000145.jpg,https://ae01.alicdn.com/kf/HTB1ptwBKVXXXXXIapXXq6xXFXXXu/Peter-Pepper-Chili-Super-Multicolored-Ornamental-Hot-Pepper-Seeds-Vegetables-Paprika-120-Particles-Pack.jpg
000146.jpg,http://spinnytop.co/wp-content/uploads/2019/08/peter-pepper-seeds-peter-pepper-seeds-amazon-peter-pepper-seeds-growing-peter-pepper-seeds-ebay.jpg
000147.jpg,https://rukminim1.flixcart.com/image/300/300/plant-seed/e/r/a/nooelec-india-15-peter-pepper-hot-original-imaekyfkswfwebkb.jpeg?q=90
000148.jpg,https://www.pepperworldhotshop.com/out/pictures/wysiwigpro/bruno2-frei.png
000149.jpg,https://www.chili-shop24.com/media/image/bb/42/a4/9381_PeterPepperSchwarz_720x600.jpg
000150.jpg,https://cdn.shopify.com/s/files/1/1654/8555/products/Peter_Pepper_7a_530x@2x.jpg?v=1542198194
000151.jpg,https://livingseeds.co.za/image-smp/yellow-peter-peppercontainer-gardening_10519_500x500.jpg
000152.jpg,https://static.wixstatic.com/media/d45f52_b606fe5bb9d54e6788f45b43809a994d~mv2.jpg/v1/crop/x_79,y_0,w_479,h_405/fill/w_560,h_474,al_c,lg_1,q_90/peter%20pepper%20orange%20(4).webp
000153.jpg,https://ssmscdn.yp.ca/image/resize/1e1a9dc9-cecb-48d3-be89-caf4293982b3/ypui-d-mp-pic-tb/peter-pepper-inc-4.jpg
000154.jpg,https://spicybeard.com/wp-content/uploads/2017/02/Peter-Pepper-Red-capsicum-annuum-.jpg
000155.jpg,https://www.123seeds.com/media/catalog/product/cache/2/image/350x/9df78eab33525d08d6e5fb8d27136e95/p/e/peter_peper_geel_3-488_.jpg
000156.jpg,https://www.magicplantshop.com/images/thumbnails/450/450/detailed/2/Peter-Pepper.png
000157.jpg,http://www.atomicmall.com/cpic/x/183203/peter-pepper-seeds-phallic-shaped-novelty-pepper-organic_13.jpg
000158.jpg,https://lh3.googleusercontent.com/WGeELVVQbaJhJe2zFrRamVH_9fnaA255yYtMWmTgylnkIBuhimyas2v1VnhAODhSfariSTD8-rQZJxrJR4Mr-5dpE3iVwBHE7-0368A=w600-l68
000159.jpg,https://webaruhaz.kertlap.hu/wp-content/uploads/2018/01/Pequin.jpg
000160.jpg,https://media.istockphoto.com/photos/close-shot-of-peter-pepper-chili-picture-id1031529782
000161.jpg,https://i1.wp.com/www.peppersbymail.com/wp-content/uploads/2015/08/peter_pepper_04.jpg?fit=1280%2C960
000162.jpg,https://www.dhresource.com/0x0/f2/albu/g5/M00/0D/58/rBVaJFiiSa2AKcgtAAE_9uIS4iM416.jpg
000163.jpg,https://cdn.shopify.com/s/files/1/0745/0293/products/X1A6113.jpg?v=1541800424
000164.jpg,http://www.tradewindsfruit.com/content/images/peter_pepper.jpg
000165.jpg,https://upload.wikimedia.org/wikipedia/commons/2/2f/Peter_pepper%2CCapsicum_annuum_var._annuum_2.jpg
000166.jpg,https://cf.shopee.ph/file/57c30fea5ef7205aab1b0dd7049b3176
000167.jpg,https://c8.alamy.com/comp/DW5RPE/green-and-red-chopped-cayenne-and-thai-birds-eye-chili-peppers-DW5RPE.jpg
000168.jpg,http://media.designerpages.com/3rings/wp-content/uploads/2016/10/ibooth.jpg
000169.jpg,https://image.architonic.com/img_pro2-4/138/8868/polygon-stool-1-b.jpg
000170.jpg,https://cdn.shopify.com/s/files/1/0207/8590/products/Peter_Pepper_Seasoning.jpg?v=1470417548
000171.jpg,https://t4.ftcdn.net/jpg/02/20/63/11/240_F_220631121_rytydhCWr9XHmDdo8AA8o6hW6IDeIFR0.jpg
000172.jpg,https://www.chili-shop24.com/media/image/cb/71/a0/101691_01_600x600.jpg
000173.jpg,http://agrobejaia.com/wp-content/uploads/2019/09/peter-pepper-coat-hook-hooks-2030-pet.jpg
000174.jpg,https://www.chili-seminka.cz/1707-thickbox_default/peter-pepper-penis-red-semena.jpg
000175.jpg,https://www.picclickimg.com/d/l400/pict/173952834609_/Special-50pcs-Organic-Peter-Pepper-Chili-Seeds-DIY.jpg
000176.jpg,http://peterpepper.net/wp-content/uploads/2014/01/Peter-Pepper-Pepper-Seeds.jpg
000177.jpg,http://germaniaseed.com/StoreImages/8158.jpg
000178.jpg,https://garden.org/pics/2015-09-01/Anderwood/e6f851.jpg
000179.jpg,https://gd.image-gmkt.com/20-PARTICLE-PETER-PEPPER-CHILI-SEEDS-BONSAI-VEGETABLE-GARDEN/li/381/042/1192042381.g_400-w_g.jpg
000180.jpg,https://tbn.bidorbuy.co.za/image/fetch/dpr_1.0,f_auto,t_btbnx/https://img.bidorbuy.co.za/image/upload/v1490474924/user_images/805/1734805/170325224840_chilly%20willy.jpg
000181.jpg,https://cdn.shopify.com/s/files/1/1022/5071/products/peter-pepper-seeds-yellow-also-known-as-penis-pepper-chili-willy-capsicum-annuum-4_1024x1024.jpg?v=1565030673
000182.jpg,https://hartks.com/wp-content/uploads/2015/12/Peter-Pepper-Stools-Polygon.jpg
000183.jpg,https://officesnapshots.com/wp-content/uploads/2016/12/PeterPepper-OfficeSnapshots-BrandCover-500x500.jpg
000184.jpg,https://www.campbellkeller.com/wp-content/uploads/2014/12/Peter-Pepper-Planters_Page_3.jpg
000185.jpg,https://vignette.wikia.nocookie.net/seuss/images/0/00/Peter_Pepper%27s_Puppy.jpg/revision/latest?cb=20130516181920
000186.jpg,https://pics.me.me/peter-pepper-peter-pepper-capsicum-annuum-peter-penis-pepper-an-29885334.png
000187.jpg,https://images.bonanzastatic.com/afu/images/3734/4472/35/5882051_a37692b4-f075-4065-8a99-2fb33e00b811.jpg
000188.jpg,https://giantbomb1.cbsistatic.com/uploads/scale_medium/0/31/11150-BurgerTime-Full-sideart-%28right%29-.jpg
000189.jpg,https://cdn.shopify.com/s/files/1/1654/8555/products/Peter_Pepper_7b_530x@2x.jpg?v=1542198194
000190.jpg,https://i.ytimg.com/vi/t4kTwzdeO2w/hqdefault.jpg
000191.jpg,https://image.architonic.com/img_pro2-4/142/7151/stream-wastebasket-orthos-rkp-b.jpg
000192.jpg,https://vetomagmester.hu/wp-content/uploads/2019/02/PEP156.jpg
000193.jpg,https://www.jcwhite.com/wp-content/uploads/2018/11/Peter-Pepper-ibooth-2-840x560.jpg
000194.jpg,https://www.velocityofficefurniture.com/uploads/1/2/9/6/12964209/peter-pepper-ibooth.jpg
000195.jpg,https://chairish-prod.freetls.fastly.net/image/product/sized/4b22cf80-9963-4909-b054-426e85c9badf/peter-pepper-mid-century-modern-tall-cylinder-ashtray-ash-can-1212?aspect=fit&width=640&height=640
000196.jpg,http://www.vegarden.com/wp-content/uploads/2012/05/Peter-Pepper-750x330.jpg
000197.jpg,https://www.jcwhite.com/wp-content/uploads/2018/11/Peter-Pepper-ibooth-1-840x560.jpg
000198.jpg,https://markdaviesseeds.co.uk/content/images/thumbs/0002602_peter-pecker-pepper-chilli_550.jpeg
000199.jpg,https://www.pepperworldhotshop.com/out/pictures/master/product/1/chilisamenfeb2017(2).png
000200.jpg,https://p7.hiclipart.com/preview/567/986/336/chili-con-carne-bell-pepper-chili-pepper-mexican-cuisine-peter-pepper-chili-pepper-border.jpg
000201.jpg,https://ssmscdn.yp.ca/image/resize/5fdfefbf-fe7e-4d2d-aada-9e0300c111b5/ypui-d-mp-pic-tb/peter-pepper-inc-2.jpg
000202.jpg,https://www.picclickimg.com/d/l400/pict/192860433710_/20-RARE-VERY-HOT-PETER-PEPPER-SEEDS.jpg
000203.jpg,https://www.velocityofficefurniture.com/uploads/1/2/9/6/12964209/peter-pepper-angie-seating.jpg
000204.jpg,https://preview.redd.it/b0rulll0zsaz.jpg?width=640&crop=smart&auto=webp&s=8affb71fb8309e75f5f00f85fb404997f0449979
000205.jpg,https://images02.foap.com/images/5d1e3969-9915-4b19-86ca-88ae6c7a0c0a/peter-pepper-fruit-this-is-a-pepper-that-has-a-phallic-shape.jpg?filename=w1280&dw=960
000206.jpg,https://static.wixstatic.com/media/d45f52_4a4cb1f3955b457e85ab4b34cbea58b4~mv2.jpg/v1/fill/w_640,h_358,al_c,q_90/peter%20pepper%20orange%20(6).webp
000207.jpg,https://hartks.com/wp-content/uploads/2018/08/peter_pepper_partitions-2.jpg
000208.jpg,https://media.istockphoto.com/photos/peter-pepper-red-hot-chili-pepper-on-white-background-picture-id474569342
000209.jpg,https://origin2images-rainbowresource.netdna-ssl.com/products/054788i1.jpg
000210.jpg,https://kellybarker.com/wp-content/uploads/2017/10/peter-pepper.jpg
000211.jpg,https://banner2.kisspng.com/20180314/wuw/kisspng-bell-pepper-peter-pepper-free-content-clip-art-green-pepper-clipart-5aa9daf7108268.7985717515210810790676.jpg
000212.jpg,https://image.shutterstock.com/image-photo/hot-chili-pepper-safe-sex-600w-1321405595.jpg
000213.jpg,https://cdn.shopify.com/s/files/1/1654/8555/products/Peter_Pepper_7d_530x@2x.jpg?v=1542198194
000214.jpg,https://thumbs.ebaystatic.com/d/l480/pict/302333631675.jpg
000215.jpg,https://cdn11.bigcommerce.com/s-pwzs7a/images/stencil/350x350/products/4707/8921/Montreal-Planter-Group-Cover-7x7-Web__80326.1480855102.jpg?c=2
000216.jpg,https://ae01.alicdn.com/kf/HTB1gdzdLSzqK1RjSZFpq6ykSXXac/200-pc-Peter-Pepper-the-Most-Funny-Chili-Chili-Super-Porn-looks-Like-A-Man-s.jpg
000217.jpg,https://origin2images-rainbowresource.netdna-ssl.com/products/054788.jpg
000218.jpg,https://www.transamfurn.com/wp-content/uploads/2018/03/Peter-Pepper-Products-Furniture-Line-1080x810.jpg
000219.jpg,https://garden.org/pics/2012-01-20/DanCarmona/0a2fbc.jpg
000220.jpg,https://image.architonic.com/img_pfm2-2/209/8101/tria-planters-1-b.jpg
000221.jpg,https://www.chili-seminka.cz/1706-thickbox_default/peter-pepper-penis-red-semena.jpg
000222.jpg,https://ssmscdn.yp.ca/image/resize/10e2926b-f46d-4155-991c-1f4e3aa7ba9b/ypui-d-mp-pic-tb/peter-pepper-inc-6.jpg
000223.jpg,https://cdn2.fermedesaintemarthe.com/I-Autre-22496_1200x1200-piment-penis-rouge-ou-peter-pepper-rouge-nt.net.jpg
000224.jpg,http://www.avalanchemma.ca/bmz_cache/4/479d1f4d73ba750c122f2e3dbfb70ed3.image.500x376.jpg
000225.jpg,http://newsicolist.co/wp-content/uploads/2019/06/fiberglass-planters-peter-pepper-tapered-planter-group-image-shown-to-illustrate-design-not-scale-bullet-for-sale-winter-care-o.jpg
000226.jpg,https://m.media-amazon.com/images/I/51FgO8wY6aL._AC_UL320_.jpg
000227.jpg,https://cdn10.bigcommerce.com/s-4tvv3af7zd/products/126/images/397/400P-0-lv__10354.1459230504.1280.1280.jpg?c=2
000228.jpg,https://henisland.files.wordpress.com/2015/08/imag2861.jpg
000229.jpg,https://www.contractdesign.com/wp-content/uploads/peterMain1.jpg
000230.jpg,https://cdn10.bigcommerce.com/s-of8msi2zqc/products/16515/images/18747/pickup-4-lv__23813.1515711942.1280.1280.jpg?c=2
000231.jpg,https://sites.google.com/site/drpsychostat/_/rsrc/1472871442145/files/PeterPepper3.jpg?height=615&width=562
000232.jpg,https://gamepedia.cursecdn.com/kynseed_gamepedia_en/thumb/6/6e/PeterPepper.png/300px-PeterPepper.png?version=b5b653c169f03fce1721b6363e36f8cf
000233.jpg,https://i.ytimg.com/vi/Ebi5B-CWvqw/maxresdefault.jpg
000234.jpg,https://as2.ftcdn.net/jpg/02/35/96/35/500_F_235963526_u0DITfaNZPYRdXS78YQiPlWYem0AdB9N.jpg
000235.jpg,https://image.shutterstock.com/image-illustration/picture-red-chili-peter-pepper-600w-517306957.jpg
000236.jpg,https://media.licdn.com/dms/image/C510BAQFZgjJuys2YYQ/company-logo_200_200/0?e=2159024400&v=beta&t=mE7ODnvdI9Fd0syLj4eZD5NDsNP2cLe3x6eAsu59RVE
000237.jpg,https://ssmscdn.yp.ca/image/resize/97102e48-67cf-4217-82e2-e607c96b2519/ypui-d-mp-pic-tb/peter-pepper-inc-1.jpg
000238.jpg,https://www.velocityofficefurniture.com/uploads/1/2/9/6/12964209/peter-pepper-nik-desk.jpg
000239.jpg,https://cdn10.bigcommerce.com/s-of8msi2zqc/products/16042/images/16808/4141-2-lv__24436.1504142666.1280.1280.jpg?c=2
000240.jpg,https://www.superhotchiles.com/wp-content/uploads/2018/04/Pinquita-De-Mono-Hot-Pepper-seeds-300x225.jpg
000241.jpg,https://cdn.shopify.com/s/files/1/0246/5048/1716/products/IMG_0114_300x.jpg?v=1563246528
000242.jpg,https://image.architonic.com/img_pro2-4/142/7063/axcess-20environment-201-20alt-201-20higher-20angle-b.jpg
000243.jpg,http://spinnytop.co/wp-content/uploads/2019/08/peter-pepper-seeds-peter-pepper-seeds-for-sale-peter-pepper-seeds-ebay-peter-pepper-seeds-growing.jpg
000244.jpg,https://i0.wp.com/www.peppersbymail.com/wp-content/uploads/2015/11/20160925_142930.jpg?fit=2560%2C1536
000245.jpg,https://hartks.com/wp-content/uploads/2015/11/peter_pepper_featured.jpg
000246.jpg,http://jarontiques.com/wp-content/uploads/2018/12/1-10.jpg
000247.jpg,https://image.shutterstock.com/image-photo/hot-chili-pepper-safe-sex-600w-1321405592.jpg
000248.jpg,https://thechillifactory.com/images/products/IMG_6145.jpg
000249.jpg,https://chairish-prod.freetls.fastly.net/image/product/sized/7733c061-6491-4173-9c16-8c74deed5889/mid-century-modern-peter-pepper-products-legal-letter-desk-swivel-tray-2092?aspect=fit&width=640&height=640
000250.jpg,https://www.leisuretimery.com/wp-content/uploads/2019/05/148800-9.jpg
000251.jpg,https://pbs.twimg.com/profile_images/991467985/IMG_5292---Desktop-v3---icon-v6c-twitter_400x400.jpg
000252.jpg,https://d4qwptktddc5f.cloudfront.net/Peter-Pepper-Slalom-baffle_yellow.jpg
000253.jpg,https://www.chileseeds.co.uk/wp-content/uploads/2018/09/chilliseedsorangetiger-300x300.jpg
000254.jpg,https://cdn10.bigcommerce.com/s-of8msi2zqc/products/14289/images/18636/RF36-0-lv__42510.1515648860.1280.1280.jpg?c=2
000255.jpg,https://www.medicalresources.com/media/catalog/product/cache/1/image/1200x/9df78eab33525d08d6e5fb8d27136e95/p/e/pet_442.jpg
000256.jpg,https://www.mcmorrowreports.com/content/uploads/2018/07/neocon2018-boomerang-art-1-1024x620.jpg
000257.jpg,https://cdn.facilityexecutive.com/wp-content/uploads/2017/12/Peter-Pepper-Products-Nik-Desk-551x300.jpg
000258.jpg,https://jarontiques.com/wp-content/uploads/2018/12/1-11.jpg
000259.jpg,https://secure.img2-ag.wfcdn.com/im/40381009/resize-h700-p1-w700%5Ecompr-r85/4594/459400/Long+Tapered+Coat+and+Hat+Hook.jpg
000260.jpg,https://t4.ftcdn.net/jpg/02/20/63/11/240_F_220631136_LvERhMWeFJU1XflqeQZ7uHx5nBvlSTJd.jpg
000261.jpg,http://filetnet.co/wp-content/uploads/2019/06/peter-pepper-coat-hooks-2039.jpg
000262.jpg,https://ssmscdn.yp.ca/image/resize/8da7dcc3-9f2d-4ce2-910f-1135392c3617/ypui-d-mp-pic-tb/peter-pepper-inc-3.jpg
000263.jpg,https://cdn.sothebyshome.com/media/catalog/product/cache/1/image/736x460/9df78eab33525d08d6e5fb8d27136e95/p/e/peter_pepper_products_mid-century_modern_double_office_tray_front.jpg
000264.jpg,https://cdn.imgbin.com/22/4/3/imgbin-vodka-cocktail-peter-pepper-nemiroff-distilled-beverage-feeling-hot-Gjm6tnstkWpdC1sFvZhw3HQBf.jpg
000265.jpg,https://i.pinimg.com/originals/a5/76/83/a57683dbf294a0947944f36647fdc215.jpg
000266.jpg,https://altbusfurn.com/wp-content/uploads/2017/10/Peter-Pepper-Healthcare-Alert-Signage-1170x700.jpg
000267.jpg,https://www.contractdesign.com/wp-content/uploads/planter-feature.jpg
000268.jpg,https://mpng.pngfly.com/20180316/efw/kisspng-bell-pepper-peter-pepper-chili-pepper-clip-art-green-pepper-clipart-5aac85dfc29c24.7701759615212559037971.jpg
000269.jpg,https://i.ytimg.com/vi/MY0mc_bJr2U/hqdefault.jpg
000270.jpg,https://i5.walmartimages.com/asr/ef5a78af-e48c-426c-8b2c-0788ea867285_1.40b0b793f5106feb9b63b326f738591f.jpeg?odnHeight=450&odnWidth=450&odnBg=FFFFFF
000271.jpg,https://altbusfurn.com/wp-content/uploads/2017/10/Peter-Pepper_Clock-1170x700.jpg
000272.jpg,https://www.peperoncino.org/wp-content/uploads/2018/11/Peter_pepper_.jpg
000273.jpg,https://plantswithapurpose.net/wp-content/uploads/2019/07/20190605_162726_Film1-767x905.jpg
000274.jpg,https://www.chileseeds.co.uk/wp-content/uploads/2018/09/hold-600x600.jpg
000275.jpg,https://cdn10.bigcommerce.com/s-of8msi2zqc/products/16506/images/18599/SRT-2-lv__59357.1515640738.1280.1280.jpg?c=2
000276.jpg,https://i.imgur.com/85ZxZoP.jpg
000277.jpg,https://rosemaryandporkbelly.co.uk/wp-content/uploads/2014/08/Peter-Pepper-aka-Willy-Chilli-Kent-Chilli-Farm.jpg
000278.jpg,https://chairish-prod.freetls.fastly.net/image/product/sized/5cf17ba4-494f-4b00-a2fd-1375b8967950/mid-century-brutalist-metal-sculptural-wall-art-by-peter-pepper-6134?aspect=fit&width=640&height=640
000279.jpg,https://www.pepperworldhotshop.com/out/pictures/master/product/1/spicy-garden-peter-pepper-zr146-1(1).jpg
000280.jpg,https://live.staticflickr.com/6009/5963181434_1f0215f4ea_b.jpg
000281.jpg,https://f4.bcbits.com/img/a4034555616_10.jpg
000282.jpg,https://chairish-prod.freetls.fastly.net/image/product/sized/fd0c2b05-83b9-49f9-91e2-399d0f5343d5/mad-men-metcor-mid-century-desk-ashtray-like-peter-pepper-products-4242?aspect=fit&width=640&height=640
000283.jpg,https://static.wixstatic.com/media/4cf72e_96bf94fdb0a94a22b3e6a68a584ee42c.jpg/v1/fill/w_580,h_753,al_c,q_85,usm_0.66_1.00_0.01/4cf72e_96bf94fdb0a94a22b3e6a68a584ee42c.jpg
000284.jpg,https://c.shld.net/rpx/i/s/pi/mp/10139695/prod_19025241407?src=http%3A%2F%2Fimg.wfrcdn.com%2Flf%2F8%2Fhash%2F1840%2F10651587%2F1%2F1%2F640819251.jpg&d=ebe2f80f72ad9b46dc8f325e27cdf5a33906f70a&?hei=64&wid=64&qlt=50
000285.jpg,http://workspaceelements.com/wp-content/uploads/2016/08/peterPepper.png
000286.jpg,https://m.media-amazon.com/images/I/5163moxCpRL._AC_UL320_.jpg
000287.jpg,https://www.campbellkeller.com/wp-content/uploads/2018/10/GoToPedestal-pdf-image.jpg
000288.jpg,https://images.prod.meredith.com/product/ee1d3e9254f1cf01c48d5874e1580016/1567061595312/l/fiberglass-pot-planter-peter-pepper
000289.jpg,https://www.interiorsandsources.com/Portals/0/Images/ProductImages/1908/13aug19-peterpepper-SKIN-2.jpg
000290.jpg,https://dygtyjqp7pi0m.cloudfront.net/i/4903/7292561_1.jpg?v=8C9CAA41372C000
000291.jpg,https://www.formfonts.com/files/1/11285/various-coat-hooks-from-peter-pepper-part-the_FF_Model_ID11285_2_2001.jpg
000292.jpg,https://www.peterpepper.ca/wp-content/uploads/2017/05/peter-pepper-presentoir.jpg
000293.jpg,https://image.shutterstock.com/image-illustration/picture-red-chili-peter-pepper-600w-517862503.jpg
000294.jpg,https://p1.liveauctioneers.com/6206/126725/64472858_1_x.jpg?auto=webp&format=pjpg&version=1535155496&width=310
000295.jpg,https://workstationconsultants.com/wp-content/uploads/2018/04/Peter-Pepper-Whiteboard.jpg
000296.jpg,https://secure.img1-fg.wfcdn.com/im/68775276/resize-h700-p1-w700%5Ecompr-r85/4594/459438/Coat+and+Hat+Hook.jpg
000297.jpg,https://i5.walmartimages.com/asr/e6a036b5-43ce-4a25-9fab-804d02f5f4fa_1.ce3fffc468b5fe93fc95a266536de14e.jpeg?odnHeight=450&odnWidth=450&odnBg=FFFFFF
000298.jpg,https://www.promatsolutions.com/assets/products/peter-pepper-products/model-r10100710-sq-244384_large.jpg
000299.jpg,https://www.ragoarts.com/img/auctions/2019/02/24/unreserved/929.jpg
000300.jpg,https://i.pinimg.com/originals/61/fd/5e/61fd5ea2db715f0a5461f57252263f56.jpg
000301.jpg,https://d1w7fb2mkkr3kw.cloudfront.net/assets/images/book/lrg/9781/6009/9781600952579.jpg
000302.jpg,https://circle.org/wp-content/uploads/2018/10/Thank-Peter-Pepper-for-his-leadership-as-President-of-the-Workmens-Circle.png
000303.jpg,https://www.allmar.com/wp-content/uploads/2016/02/ppp_mag_rack_1100-300x291.jpg
000304.jpg,https://www.velocityofficefurniture.com/uploads/1/2/9/6/12964209/peter-pepper-slalom-acoustic-panels_orig.jpg
000305.jpg,https://chairish-prod.freetls.fastly.net/image/product/sized/8205e02e-22e3-4b84-a389-f7b73b8d0b82/mid-century-modern-peter-pepper-products-magazine-holder-9925?aspect=fit&width=640&height=640
000306.jpg,http://www.tropenvielfalt.de/WebRoot/Store16/Shops/78060295/54BF/86CF/256B/D5E8/5E58/C0A8/2AB8/97DC/penisorange-25-12.jpg
000307.jpg,https://cdn10.bigcommerce.com/s-of8msi2zqc/products/15949/images/16227/2136-0-lv__94325.1483587637.1280.1280.jpg?c=2
000308.jpg,https://altbusfurn.com/wp-content/uploads/2017/10/Peter-Pepper-Axcess-Mobile-Desk-1170x700.jpg
000309.jpg,https://www.123seeds.com/media/catalog/product/cache/2/thumbnail/488x/9df78eab33525d08d6e5fb8d27136e95/p/e/peter_peper_geel_2-488_.jpg
000310.jpg,https://www.medicalresources.com/media/catalog/product/cache/1/image/1200x/9df78eab33525d08d6e5fb8d27136e95/2/0/2081-0-lv.jpg
000311.jpg,https://cdn11.bigcommerce.com/s-pwzs7a/images/stencil/608x608/products/4452/7714/Peter-Pepper-1001-R-7x7-Web__02891.1476383583.jpg?c=2
000312.jpg,http://zazenno.info/wp-content/uploads/2019/02/adjustable-side-table-by-peter-pepper-at-furniture-for-sale-stores-near-me.jpg
000313.jpg,https://mothershiparts.com/mas/wp-content/uploads/PeterPepperClocks-logo.jpg
000314.jpg,https://mineblocks.com/1/skins/scene/38043.png
000315.jpg,https://live.staticflickr.com/8386/8594674445_351cd38d23_b.jpg
000316.jpg,https://dygtyjqp7pi0m.cloudfront.net/i/5256/8179362_1.jpg?v=8CA9DF17BC17090
000317.jpg,https://s7d9.scene7.com/is/image/NationalBusinessFurniture/IC2_1
000318.jpg,https://www.wright20.com/items/index/2000/214_1_american_design_february_2017_peter_pepper_products_rare_wall_mounted_weather_station__wright_auction.jpg?t=1485223501
000319.jpg,http://peterpepper.net/wp-content/uploads/2013/05/YouTube-Icons-India-1.jpg
000320.jpg,https://images.prod.meredith.com/product/fa09c85033285ecad7d61690200bb322/1567056465857/l/matrix-wall-clock-peter-pepper
000321.jpg,https://i.pinimg.com/originals/9d/35/5f/9d355f5fc447e58091813c0763b29dd8.jpg
000322.jpg,https://www.campbellkeller.com/wp-content/uploads/2014/12/Peter-Pepper1-pdf-image.jpg
000323.jpg,https://image.architonic.com/img_pro2-1/138/8845/parallel-2-b.jpg
000324.jpg,https://pics.davesgarden.com/pics/2007/09/07/EvaPilot/8985ee.jpg
000325.jpg,http://screm.co/wp-content/uploads/2019/05/round-wall-clock-round-wall-clock-without-acrylic-cover-peter-pepper-model-analog-peter-pepper-clocks-decorative-wall-clocks-ikea-wall-clocks-for-sale-at-target.jpg
000326.jpg,https://hartks.com/wp-content/uploads/2015/12/Peter-Pepper-Benches-Oceano.jpg
000327.jpg,https://www.superhotchiles.com/wp-content/uploads/2018/04/Syrian-Goathorn-Chile-Plants-300x225.jpg
000328.jpg,https://www.promatsolutions.com/assets/products/peter-pepper-products/model-1007-hex-bin-248670_large.jpg
000329.jpg,https://secure.img1-ag.wfcdn.com/im/06934153/resize-h400-w400%5Ecompr-r85/4593/459352/.jpg
000330.jpg,https://a.1stdibscdn.com/mid-century-double-letter-tray-by-peter-pepper-products-for-sale/1121189/f_150523321560293477825/15052332_master.jpg?width=768
000331.jpg,http://www.sunaoyasai.com/shop/images/peter_orenge_ok.jpg
000332.jpg,https://p1.liveauctioneers.com/6206/131134/66742353_1_x.jpg?auto=webp&format=pjpg&version=1542246197&width=310
000333.jpg,https://altbusfurn.com/wp-content/uploads/2017/10/Peter-Pepper-Infection-Control-Center2-1170x700.jpg
000334.jpg,https://secure.img2-fg.wfcdn.com/im/16883570/resize-h700-p1-w700%5Ecompr-r85/4593/459311/Wall+Mounted+Magazine+Rack.jpg
000335.jpg,http://alicianoel.co/wp-content/uploads/2018/12/sailboat-metal-wall-art-image-2-peter-pepper-sailboats-relief-large.jpg
000336.jpg,https://cdn11.bigcommerce.com/s-pwzs7a/images/stencil/350x350/products/4695/8888/R164824-ppic-7x7-Web__87185.1480713281.jpg?c=2
000337.jpg,http://peterpepper.net/wp-content/uploads/2014/01/Peter-Pepper-header-3.jpg
000338.jpg,https://www.cmecorp.com/media/catalog/product/cache/2/image/9df78eab33525d08d6e5fb8d27136e95/4/0/4000collage.jpg
000339.jpg,https://s7d9.scene7.com/is/image/NationalBusinessFurniture/pet-25251_s7
000340.jpg,https://cdn10.bigcommerce.com/s-4tvv3af7zd/products/149/images/380/Z1810-0-lv__05614.1459226086.1280.1280.jpg?c=2
000341.jpg,http://okgittis.info/wp-content/uploads/2018/10/peter-pepper-products-chart-holders-model-1-pocket-medical-file-holder-wall-mount-mounted.jpg
000342.jpg,http://sealmycountertop.info/data/upright-file-holders/images/upright-file-holders-file-folder-rack-facility-support-file-room-file-holders-avadenalicom-peter-pepper-file-holder-qs-wall-mount-quick-ship.jpg
000343.jpg,https://i.ytimg.com/vi/a9kPd-xT6xk/maxresdefault.jpg
000344.jpg,https://i5.walmartimages.com/asr/7eaabb58-2685-4a65-b155-d283d2240a39_1.14123e451b31203425a770d20abdfaa4.jpeg?odnHeight=450&odnWidth=450&odnBg=FFFFFF
000345.jpg,https://www.medicalresources.com/media/catalog/product/cache/1/image/1200x/9df78eab33525d08d6e5fb8d27136e95/1/1/1102-0-lv.jpg
000346.jpg,https://img.yumpu.com/23800272/1/500x640/healthfirst-peter-pepper-products.jpg
000347.jpg,https://images.prod.meredith.com/product/d6e2ec41eb42a1c27e93fc9876771af3/1520765013074/l/peter-pepper-envision-wall-mounted-aluminum-shelf-with-lip-prxx-size-72
000348.jpg,https://cdn10.bigcommerce.com/s-of8msi2zqc/products/14263/images/18514/AR72-0-lv__55155.1515617702.1280.1280.jpg?c=2
000349.jpg,http://titanyumcinko.info/wp-content/uploads/2019/01/recycling-peter-pepper-stainless-steel-finish-nested-bin-bins-for-office-r-stainle-top-opening-x-gallo.jpg
000350.jpg,https://secure.img1-fg.wfcdn.com/im/94181744/resize-h700-p1-w700%5Ecompr-r85/4593/459313/Steel+One+Pocket+Medical+%2526+File+Chart+Holder.jpg
000351.jpg,https://i.pinimg.com/236x/e8/1c/07/e81c074abf0017c267003f535eb6a317--expressive-signage.jpg
000352.jpg,https://image.architonic.com/img_pro2-1/138/8969/tria-planters-4-b.jpg
000353.jpg,https://www.promatsolutions.com/assets/products/peter-pepper-products/model-40311-pocket-243868_large.jpg
000354.jpg,https://www.cmecorp.com/media/catalog/product/c/e/cess-90630-00.jpg
000355.jpg,https://www.campbellkeller.com/wp-content/uploads/2014/12/Peter-Pepper-Magazine-Racks-pdf-image.jpg
000356.jpg,http://peterpepper.net/wp-content/uploads/2014/01/peter-pepper-plush1a.jpg
000357.jpg,https://i5.walmartimages.com/asr/410062fa-d87d-4ab6-91e8-a3c2beb8d948_1.391b85f5c79ea7618dd9e93307a15edb.jpeg?odnHeight=450&odnWidth=450&odnBg=FFFFFF
000358.jpg,https://www.jcwhite.com/wp-content/uploads/2018/11/Peter-Pepper-Wing-Bench-3-840x560.jpg
000359.jpg,https://i.ytimg.com/vi/ufstCnAoEN0/hqdefault.jpg
000360.jpg,https://cdn10.bigcommerce.com/s-of8msi2zqc/products/13982/images/12828/peter-pepper-magazine-rack-604-7__72482.1461168353.1280.1280.jpg?c=2
000361.jpg,https://cdn11.bigcommerce.com/s-pwzs7a/products/4488/images/7780/845-0-lv-7x7-Web__75607.1477360025.576.576.jpg?c=2
000362.jpg,https://chairish-prod.freetls.fastly.net/image/product/sized/49cc5ff1-e6a9-4e64-84a5-0127135481b6/space-age-peter-pepper-products-model-7000-modular-fiberglass-table-set-5-pieces-7155?aspect=fit&width=640&height=640
000363.jpg,https://www.promatsolutions.com/assets/products/peter-pepper-products/model-htm18-h-hang-250269_large.jpg
000364.jpg,https://www.campbellkeller.com/wp-content/uploads/2015/02/PeterPepper-Slalom-pdf-image.jpg
000365.jpg,https://image.architonic.com/img_pro2-4/138/8456/15h-hangover-table-1-b.jpg
000366.jpg,https://cdn10.bigcommerce.com/s-4tvv3af7zd/products/137/images/406/880-0-lv__92648.1459230856.1280.1280.jpg?c=2
000367.jpg,https://i5.walmartimages.com/asr/b373722c-4948-42ab-b534-6a3cce2f4abd_1.bae5e84bde340e82090f9d8e152a88c0.jpeg?odnHeight=450&odnWidth=450&odnBg=FFFFFF
000368.jpg,https://www.medicalresources.com/media/catalog/product/cache/1/image/1200x/9df78eab33525d08d6e5fb8d27136e95/p/e/pet4011k1.jpg
000369.jpg,https://cdn10.bigcommerce.com/s-of8msi2zqc/products/14290/images/18644/RF48-0-lv__62547.1515649226.1280.1280.jpg?c=2
000370.jpg,https://www.superhotchiles.com/wp-content/uploads/2018/04/Aji-Rojo-Chile-Plants-300x225.jpg
000371.jpg,https://i.pinimg.com/originals/5f/9a/07/5f9a072e8adcbd6be3844e2ed0f5873b.jpg
000372.jpg,https://cdn11.bigcommerce.com/s-pwzs7a/products/5507/images/11816/606-7x7-Web__17856.1520827558.576.576.jpg?c=2
000373.jpg,https://altbusfurn.com/wp-content/uploads/2017/10/Peter-Pepper-Infection-Control-Center-Wall-Moutn-1170x700.jpg
000374.jpg,https://www.bolerium.com/pictures/82307.jpg?v=1484028260
000375.jpg,https://www.promatsolutions.com/assets/products/peter-pepper-products/model-icx-1healthfi-239595_large.jpg
000376.jpg,https://www.campbellkeller.com/wp-content/uploads/2015/04/PeterPepper-Hooks-Racks-pdf-image.jpg
000377.jpg,https://static.wixstatic.com/media/9bc169_bf0ccd7f65c04d9193cc9d691cdf64ee.jpg/v1/fill/w_629,h_629,al_c,lg_1,q_85/9bc169_bf0ccd7f65c04d9193cc9d691cdf64ee.jpg
000378.jpg,https://cdn11.bigcommerce.com/s-pwzs7a/images/stencil/350x350/products/4715/8941/KW2436-4-lv-7x7-Web__76001.1480873988.jpg?c=2
000379.jpg,https://i.pinimg.com/originals/63/6e/be/636ebe372d11e9fb73a4eedf8f561aa7.jpg
000380.jpg,https://farm6.staticflickr.com/5530/9607670571_c97e915900_b.jpg
000381.jpg,https://i5.walmartimages.com/asr/be20fcc9-3a7a-4eb0-822c-30ded7462bec_1.9a9bac28309f551b062bb5d801f59bb5.jpeg?odnHeight=450&odnWidth=450&odnBg=FFFFFF
000382.jpg,http://www.promatsolutions.com/assets/Products/peter-pepper-products/model-tc243624-w-x-248846_large.jpg
000383.jpg,http://peterpepper.net/wp-content/uploads/2012/09/peter_pepper_4.jpg
000384.jpg,https://cdn10.bigcommerce.com/s-of8msi2zqc/products/16097/images/16993/4151-0-lv__82223.1504466509.1280.1280.jpg?c=2
000385.jpg,https://cdn11.bigcommerce.com/s-pwzs7a/images/stencil/608x608/products/4219/6889/4031_LV.jpg_Crappy_7x7_Web__28464.1462655894.jpg?c=2
000386.jpg,https://upload.wikimedia.org/wikipedia/commons/thumb/6/69/BhutJolokia09_Asit.jpg/1200px-BhutJolokia09_Asit.jpg
000387.jpg,https://cdn10.bigcommerce.com/s-of8msi2zqc/products/13961/images/16753/4081-0-lv__21966.1504043364.1280.1280.jpg?c=2
000388.jpg,https://www.promatsolutions.com/assets/products/peter-pepper-products/model-art-arrow-tab-239892_large.jpg
000389.jpg,https://a.wattpad.com/cover/155623309-352-k158281.jpg
000390.jpg,https://i5.walmartimages.com/asr/282b5d92-79a3-4fc7-940f-8634f94705e6_1.1fc86bbd72a1b0ed12939e68455ce383.jpeg?odnHeight=450&odnWidth=450&odnBg=FFFFFF
000391.jpg,https://www.promatsolutions.com/assets/products/peter-pepper-products/model-tl-s-tilt-rec-248676_large.jpg
000392.jpg,http://peterpepper.net/wp-content/uploads/2014/01/Peter-Pepper-sling-bag.jpg
000393.jpg,https://giantbomb1.cbsistatic.com/uploads/scale_tiny/10/103881/2307294-peter_pepper_s_ice_cream_factory_flyer.jpg
000394.jpg,https://i5.walmartimages.com/asr/8770efb4-48d7-451e-b159-96f4e3c2f8df_1.b9ccc4dcb8b0d250c571fe5847596f7e.jpeg?odnHeight=450&odnWidth=450&odnBg=FFFFFF
000395.jpg,https://cdn11.bigcommerce.com/s-pwzs7a/images/stencil/608x608/products/3833/5700/2057AL_ppic_7x7_Web__31656.1457189016.jpg?c=2
000396.jpg,http://www.promatsolutions.com/assets/Products/peter-pepper-products/model-793520-w-whee-239862_large.jpg
000397.jpg,https://live.staticflickr.com/7217/7322221768_986732302c_b.jpg
000398.jpg,https://www.pepperworldhotshop.com/out/pictures/wysiwigpro/Peter%20Pepper.jpg
000399.jpg,https://my-live-01.slatic.net/p/2aa51fd3ab77227f052bf2fbbc3aaead.jpg
000400.jpg,https://www.campbellkeller.com/wp-content/uploads/2014/12/Peter-Pepper-Wheelies-pdf-image.jpg
000401.jpg,https://image.architonic.com/img_pro2-1/138/8860/parallel-3-b.jpg
000402.jpg,https://www.bmorespicy.com/wp-content/uploads/imported/5/25-Seeds-Peter-Pepper-YELLOW-Heirloom-Hot-XXX-chili-Hilarious-Rare-unique-Gift-172359679495-2.jpg
000403.jpg,https://www.picclickimg.com/d/l400/pict/123639427607_/100X-Organic-Peter-Pepper-Chili-Seeds-Special-Funny.jpg
000404.jpg,https://www.bolerium.com/pictures/medium/158806.jpg
000405.jpg,http://i.ebayimg.com/images/i/261663144740-0-1/s-l1000.jpg
000406.jpg,http://i.ebayimg.com/images/i/351916440110-0-1/s-l1000.jpg
000407.jpg,http://i.ebayimg.com/images/i/182025692630-0-1/s-l1000.jpg
000408.jpg,https://d1nw62gticy6e9.cloudfront.net/uploads/Peter-Pepper-Seeds.jpg
000409.jpg,https://cdn.shopify.com/s/files/1/0915/1060/files/peter-pepper-trio-pepper-joes.jpg
000410.jpg,http://www.tradewindsfruit.com/content/images/peter_pepper2.jpg
000411.jpg,http://www.vegarden.com/wp-content/uploads/2012/05/Peter-Pepper.jpg
000412.jpg,https://chilli-seedz.com/wp-content/uploads/2016/05/Yellow-Penis-Pepper-900x900.jpg
000413.jpg,https://chilli-seedz.com/wp-content/uploads/2016/05/P1011822-Edit-900x900.jpg
000414.jpg,https://upload.wikimedia.org/wikipedia/commons/2/2f/Peter_pepper,Capsicum_annuum_var._annuum_2.jpg
000415.jpg,https://cdn.shopify.com/s/files/1/0915/1060/products/peter-pepper-red-hot-pepper-pepper-joes.jpg
000416.jpg,http://1.bp.blogspot.com/_GVqtw4v0KyQ/TC2pDJV5N6I/AAAAAAAABck/su2hFLyTogE/s1600/peter.jpg
000417.jpg,https://www.medicalresources.com/media/catalog/product/cache/1/image/1200x/9df78eab33525d08d6e5fb8d27136e95/1/1/1102-0-lv.jpg
000418.jpg,https://images.bonanzastatic.com/afu/images/2495/9084/06/Penis_Red_Hot_Chill_Peter_Pepper_2.jpg
000419.jpg,http://www.gaertnerei-bender.de/images/stories/Capsicum_annuum/Capsicum_annuum_Peter_Pepper_Chili_06.jpg
000420.jpg,http://peterpepper.net/wp-content/uploads/2014/01/Peter-Pepper-P-Logo-Shirt-2.jpg
000421.jpg,https://ozarkhomesteader.files.wordpress.com/2010/05/dscn4415.jpg
000422.jpg,https://www.peterpepper.ca/wp-content/uploads/2016/10/Tahitiaki.jpg
000423.jpg,https://ozarkhomesteader.files.wordpress.com/2010/04/dscn4073.jpg
000424.jpg,https://ae01.alicdn.com/kf/HTB1NqLjHVXXXXc5XXXXq6xXFXXX4/200pcs-Vegetables-and-fruit-seeds-Penis-Chill-Peter-Pepper-seeds-The-most-font-b-funny-b.jpg
000425.jpg,http://2.bp.blogspot.com/-iancMXR_JdU/TmD6tniuvPI/AAAAAAAAIM0/dgej5DGHj7U/s1600/Cooking+125.jpg
000426.jpg,http://www.gaertnerei-bender.de/images/stories/Capsicum_annuum/Capsicum_annuum_Chili_Peter_Pepper.jpg
000427.jpg,https://image.architonic.com/img_pfm2-4/210/5440/nik-collaboration-environment-b.jpg
000428.jpg,https://cdn7.bigcommerce.com/s-pwzs7a/images/stencil/1280x1280/products/5435/11419/ibooth-lobby-7x7-Web__97062.1519142509.jpg
000429.jpg,http://www.gaertnerei-bender.de/images/stories/Capsicum_annuum/Capsicum_annuum_Peter_Pepper_Chili_08.jpg
000430.jpg,http://peterpepper.net/wp-content/uploads/2014/01/Peter-Pepper-sling-bag.jpg
000431.jpg,https://www.peterpepper.ca/wp-content/uploads/2016/10/Kumawanakillya.jpg
000432.jpg,http://peterpepper.net/wp-content/uploads/2014/01/MG_1207v2.jpg
000433.jpg,http://peterpepper.net/wp-content/uploads/2014/01/Peter-Pepper-P-Logo-Shirt-11.jpg
000434.jpg,https://www.peterpepper.ca/wp-content/uploads/2017/01/danny-cash-habanero-mustard-flaming-habanero-gluten-free.jpg
000435.jpg,http://www.gaertnerei-bender.de/images/stories/Capsicum_annuum/Capsicum_annuum_Peter_Pepper_Chili_05.jpg
000436.jpg,https://cdn7.bigcommerce.com/s-pwzs7a/images/stencil/1280x1280/products/4638/8790/tms2038-to-lv-7x7-Web__79666.1479673004.jpg
000437.jpg,https://cdn7.bigcommerce.com/s-pwzs7a/images/stencil/1280x1280/products/4155/6713/411xFronts-slots-7x7-Web__12905.1461847481.jpg
000438.jpg,http://peterpepper.net/wp-content/uploads/2014/01/Peter-Pepper-P-Logo-Shirt-3.jpg
000439.jpg,http://wiseconomy.net/wp-content/uploads/2016/08/IMG_20160803_093930.jpg
000440.jpg,http://scharfundlecker.de/WebRoot/Store16/Shops/72ecc385-2423-4740-a34d-191be29dfbd6/55FD/AB01/6111/4F28/3B85/0A48/3547/E5A9/Chilisaatgut.jpg
000441.jpg,https://i2.wp.com/wiseconomy.net/wp-content/uploads/2016/08/IMG_20160803_093944.jpg
000442.jpg,https://scharfundlecker.de/WebRoot/Store16/Shops/72ecc385-2423-4740-a34d-191be29dfbd6/55FD/AB01/6111/4F28/3B85/0A48/3547/E5A9/Chili_Samen_Penis_Pepper.jpg
000443.jpg,https://cdn7.bigcommerce.com/s-pwzs7a/images/stencil/1280x1280/products/4117/6609/461_1_lv_7x7_Web__86620.1460506111.jpg
000444.jpg,http://www.gaertnerei-bender.de/images/stories/Capsicum_annuum/Capsicum_annuum_Peter_Pepper_Chili_04.jpg
000445.jpg,https://www.medicalresources.com/media/catalog/product/cache/1/image/1200x/9df78eab33525d08d6e5fb8d27136e95/p/e/pet13129.jpg
000446.jpg,https://cdn.shopify.com/s/files/1/0915/1060/products/55.jpg
000447.jpg,https://cdn7.bigcommerce.com/s-pwzs7a/images/stencil/1280x1280/products/4417/7620/ICM1MA-bluetop-ppic-CORRECTED-7x7-Web__59637.1476120108.jpg
000448.jpg,https://scharfundlecker.de/WebRoot/Store16/Shops/72ecc385-2423-4740-a34d-191be29dfbd6/55FD/AB01/6111/4F28/3B85/0A48/3547/E5A9/Chili_Penis_Pepper_semillas_de_chile.jpg
000449.jpg,http://peterpepper.net/wp-content/uploads/2014/01/Peter-Pepper-Pepper-Seeds.jpg
000450.jpg,https://www.medicalresources.com/media/catalog/product/cache/1/image/1200x/9df78eab33525d08d6e5fb8d27136e95/p/e/pet481.jpg
000451.jpg,https://www.medicalresources.com/media/catalog/product/cache/1/image/1200x/9df78eab33525d08d6e5fb8d27136e95/1/3/13126-0-lv_1.jpg
000452.jpg,https://www.peterpepper.ca/wp-content/uploads/2016/10/Berry-Mangolo.jpg
000453.jpg,https://scharfundlecker.de/WebRoot/Store16/Shops/72ecc385-2423-4740-a34d-191be29dfbd6/55FD/AB01/6111/4F28/3B85/0A48/3547/E5A9/IMG_9474_prot.jpg
000454.jpg,https://www.medicalresources.com/media/catalog/product/cache/1/image/1200x/9df78eab33525d08d6e5fb8d27136e95/2/0/2004-0-lv.jpg
000455.jpg,https://www.peterpepper.ca/wp-content/uploads/2016/08/defcon-sauces-defense-condition-2.jpg
000456.jpg,https://cdn7.bigcommerce.com/s-pwzs7a/images/stencil/1280x1280/products/4801/11496/4800-3-lv-7x7-Web__92684.1519535264.jpg
000457.jpg,https://www.peterpepper.ca/wp-content/uploads/2016/10/Killer-Garlic.jpg
000458.jpg,https://cdn7.bigcommerce.com/s-pwzs7a/images/stencil/1280x1280/products/4801/9307/4800-0-lv-7x7-Web__02574.1493126208.jpg
000459.jpg,http://chilifee.de/WebRoot/Store17/Shops/6785a7bf-b9bd-45fa-b711-164bd13875ab/578F/7AA0/074D/0BC3/0DE4/0A48/3549/8165/IMG_4209.jpg
000460.jpg,https://www.peterpepper.ca/wp-content/uploads/2016/10/Tropi-Garlic.jpg
000461.jpg,https://cdn7.bigcommerce.com/s-pwzs7a/images/stencil/1280x1280/products/4825/9631/4808-0-lv__06131.1494945408.jpg
000462.jpg,https://s-media-cache-ak0.pinimg.com/originals/d8/d9/2e/d8d92e7d084873a8b4cfd5d87d27692e.jpg
000463.jpg,https://www.peterpepper.ca/wp-content/uploads/2016/10/Wet-Fart.jpg
000464.jpg,https://remcooks.files.wordpress.com/2012/09/dsc07684-copy.jpg
000465.jpg,http://peterpepper.net/wp-content/uploads/2014/01/MG_1305-e1389163033317.jpg
000466.jpg,https://cdn7.bigcommerce.com/s-pwzs7a/images/stencil/1280x1280/products/4801/11497/4800-4-lv-7x7-Web__55843.1519535264.jpg
000467.jpg,http://scharfundlecker.de/WebRoot/Store16/Shops/72ecc385-2423-4740-a34d-191be29dfbd6/55FD/AB01/6111/4F28/3B85/0A48/3547/E5A9/herba_purus_piper.jpg
000468.jpg,https://theragingfanboy.files.wordpress.com/2012/09/wreckitralph-peterpepper001.jpg
000469.jpg,http://www.medicalresources.com/media/catalog/product/cache/1/image/1200x/9df78eab33525d08d6e5fb8d27136e95/p/e/pet4003.jpg
000470.jpg,https://cdn7.bigcommerce.com/s-pwzs7a/images/stencil/1280x1280/products/4801/9309/4800-2-lv-7x7-Web__37989.1493126229.jpg
000471.jpg,https://www.medicalresources.com/media/catalog/product/cache/1/image/1200x/9df78eab33525d08d6e5fb8d27136e95/p/e/pet4013.jpg
000472.jpg,https://monkees.coolcherrycream.com/images/season-2/bluray/46-monkees-on-the-wheel/w/1024-biggy-davy-micky-peter.jpg
000473.jpg,https://www.medicalresources.com/media/catalog/product/cache/1/image/1200x/9df78eab33525d08d6e5fb8d27136e95/1/3/13130h-0-lv_1.jpg
000474.jpg,https://www.medicalresources.com/media/catalog/product/cache/1/image/1200x/9df78eab33525d08d6e5fb8d27136e95/6/0/600w-0-lv.jpg
000475.jpg,https://www.medicalresources.com/media/catalog/product/cache/1/image/1200x/9df78eab33525d08d6e5fb8d27136e95/1/3/13115h-0-lv_1.jpg
000476.jpg,https://www.medicalresources.com/media/catalog/product/cache/1/image/1200x/9df78eab33525d08d6e5fb8d27136e95/4/0/4031-0-lv_1.jpg
000477.jpg,https://elmundano.files.wordpress.com/2012/04/las-2-portadas.jpg
000478.jpg,https://i.pinimg.com/originals/da/49/87/da4987225684fca5eedd6030910bb789.jpg
000479.jpg,https://www.peterpepper.ca/wp-content/uploads/2016/09/hellfire-fiery-fool-hot-sauce-.jpg
000480.jpg,https://monkees.coolcherrycream.com/images/season-2/bluray/46-monkees-on-the-wheel/w/1012-biggy-micky-peter-davy.jpg
000481.jpg,https://www.medicalresources.com/media/catalog/product/cache/1/image/1200x/9df78eab33525d08d6e5fb8d27136e95/4/0/4001-0-lv_1.jpg
000482.jpg,http://peterpepper.net/wp-content/uploads/2014/01/Peter-Pepper-Shark-Shirt-3.jpg
000483.jpg,https://www.medicalresources.com/media/catalog/product/cache/1/image/1200x/9df78eab33525d08d6e5fb8d27136e95/1/3/13126h-0-lv_2.jpg
000484.jpg,http://www.brummellmagazine.co.uk/wp-content/uploads/2019/10/Peter_Sanchez_Iglesias_Gallery.jpg
000485.jpg,https://www.peterpepper.ca/wp-content/uploads/2016/10/Mango-Meltdown.jpg
000486.jpg,http://www.brummellmagazine.co.uk/wp-content/uploads/2019/10/Peter_Sanchez_Iglesias_Gallery2-785x475.jpg
000487.jpg,https://www.medicalresources.com/media/catalog/product/cache/1/image/1200x/9df78eab33525d08d6e5fb8d27136e95/p/e/pet462.jpg
000488.jpg,https://www.medicalresources.com/media/catalog/product/cache/1/image/1200x/9df78eab33525d08d6e5fb8d27136e95/p/e/pet4011k1.jpg
000489.jpg,https://www.peterpepper.ca/wp-content/uploads/2016/09/hellfire-pure-hell-hot-sauce.jpg
000490.jpg,https://paktanidigital.com/artikel/wp-content/uploads/2019/10/Cabe-Peter.jpg
000491.jpg,http://i.dailymail.co.uk/i/pix/2012/04/02/article-2123734-126DAA3C000005DC-316_964x968.jpg
000492.jpg,https://s-media-cache-ak0.pinimg.com/736x/0e/87/76/0e8776da8173531490eae798540fe64d.jpg
000493.jpg,http://4.bp.blogspot.com/-4CdMRZbvBRU/TdPXGe9wPTI/AAAAAAAAAeU/oXdzUHuvivw/s1600/peter+blake+1967+BEATLES+Sgt+Pepper+PETER+BLAKE+CUT+OUT+INSERT+vintage+LP+record+vinyl+album.jpg
000494.jpg,https://ruk.ca/sites/ruk.ca/files/styles/full_width/public/sound/two_green_peppers_a_pound_of_parsnips_and_a_vegan_chocolate_cupcake_1.jpg
000495.jpg,https://archello.s3.eu-central-1.amazonaws.com/images/2018/01/23/stool--1-.1516716255.8055.jpg
000496.jpg,https://paktanidigital.com/artikel/wp-content/uploads/2019/10/5-Tips-Tanam-Anggrek-dengan-Sabut-Kelapa.jpg
000497.jpg,https://paktanidigital.com/artikel/wp-content/uploads/2019/10/5-Jenis-Singkong-Ini-Memiliki-Keuntungan-Melimpah-untuk-Petani.jpg
000498.jpg,https://beatlesblogger.files.wordpress.com/2010/09/sgt-pepper.jpg
000499.jpg,http://image.tmdb.org/t/p/original/gwtpevMjWPQUduUAnIgLx2wmMsA.jpg
000500.jpg,http://www.brummellmagazine.co.uk/wp-content/uploads/2019/10/Peter_Sanchez_Iglesias_Gallery5-785x475.jpg
000501.jpg,http://www.brummellmagazine.co.uk/wp-content/uploads/2019/10/Peter_Sanchez_Iglesias_Gallery3-785x475.jpg
000502.jpg,https://i.pinimg.com/736x/84/13/65/841365b5c7db795588cc801071a8981d--peter-zumthor-pepper-mills.jpg
000503.jpg,https://www.beatlesbible.com/wp/media/sgt_pepper_collage_peter_blake.jpg
000504.jpg,http://georgiabattalion.com/wp-content/uploads/2012/09/Margaret-Gignilliat-Trezevant-Hi-Res.jpg
000505.jpg,http://gamesdbase.com/Media/SYSTEM/Arcade/Title/big/Peter_Pepper-s_Ice_Cream_Factory_-_1984_-_Data_East.jpg
000506.jpg,https://monkees.coolcherrycream.com/images/season-2/bluray/46-monkees-on-the-wheel/w/0527-davy-biggy-peter-micky-mike.jpg
000507.jpg,https://monkees.coolcherrycream.com/images/season-2/bluray/46-monkees-on-the-wheel/w/0346-biggy-micky-peter-davy-manager.jpg
000508.jpg,http://1.bp.blogspot.com/-myEKvVssGu0/VJYeeKOv1RI/AAAAAAAAPJs/2XxhoQKN19U/s1600/pepperouttake8.jpg
000509.jpg,https://paktanidigital.com/artikel/wp-content/uploads/2019/10/Mengenal-Hama-Wereng-Batang-Coklat-dan-Cara-Mengatasinya.jpg
000510.jpg,https://monkees.coolcherrycream.com/images/season-2/bluray/46-monkees-on-the-wheel/w/0515-davy-biggy-peter-micky-mike.jpg
000511.jpg,https://i.pinimg.com/736x/55/7f/d4/557fd48052bb5531205797f127d7075d--peter-blake-peter-otoole.jpg
000512.jpg,http://lowres.cartoonstock.com/children-bobby-peter-pickled-peppers-beans-shl081001_low.jpg
000513.jpg,https://4.bp.blogspot.com/-4CdMRZbvBRU/TdPXGe9wPTI/AAAAAAAAAeU/oXdzUHuvivw/s1600/peter+blake+1967+BEATLES+Sgt+Pepper+PETER+BLAKE+CUT+OUT+INSERT+vintage+LP+record+vinyl+album.jpg
000514.jpg,https://kitchenspain.com/wp-content/uploads/2018/02/Officina-Alessi-Peter-Zumthor-Oil-Vinegar-Cruet-Zumthor-salt-castor-Zumthor-pepper-castor-Zumthor-spices-castor-and-Zumthor-Sugar-castor-2.jpg
000515.jpg,https://cnet4.cbsistatic.com/img/wRUOZ3dftsWHdPgVA-6xDuxpxZM=/980x551/2019/10/18/cbe024a5-4813-4081-bb21-4b69e602b48f/01-icon-49-mercury-coupe-ev.jpg
000516.jpg,https://kitchenspain.com/wp-content/uploads/2018/02/Officina-Alessi-Peter-Zumthor-Salt-Castor-Glass.jpg
000517.jpg,http://3.bp.blogspot.com/_VoFM4aW7x9A/TDhywJHQF6I/AAAAAAAACo0/PvMVS388qa0/s1600/beatles-sgt-peppers-lonely-heart-club-band.jpg
000518.jpg,http://www.feelnumb.com/wp-content/uploads/2010/01/sgt_pepper_cover-714928.jpg
000519.jpg,https://blob.freent.de/image/7469480/847x565/847/565/b0/a7a19b7457c583080703fe88517d0c38/fz/red-hot-chili-peppers--bassist-flea-hat-wieder-geh-img-731659-0-8-1000x562-jpg.jpg
