image,source
000001.jpg,https://www.pepperscale.com/wp-content/uploads/2016/06/prairie-fire-pepper-768x638.jpg
000002.jpg,https://images-na.ssl-images-amazon.com/images/I/71sWlIaKFJL._SX425_.jpg
000003.jpg,https://images-na.ssl-images-amazon.com/images/I/71JWL2hyy4L._SX425_.jpg
000004.jpg,https://cdn11.bigcommerce.com/s-c49b6/images/stencil/1280x1280/products/532/3311/Chili_Pepper_Ornamental_Prairie_Fire_Seeds_Capsicum_Annuum__77735.1448730258.jpg?c=2&imbypass=on
000005.jpg,https://www.thompson-morgan.com/product_images/100/optimised/CHIL-P258-B_h.jpg
000006.jpg,https://www.outsidepride.com/images/products/detail/graphics/prairiefire.jpg
000007.jpg,https://suttons.s3.amazonaws.com/p/VECHI29236rt_3.jpg
000008.jpg,https://cdn.mr-fothergills.co.uk/product-images/op/z/16166z.jpg
000009.jpg,https://www.cayennediane.com/wp-content/uploads/2014/12/Prairie-Fire-Pepper.jpg
000010.jpg,https://img.crocdn.co.uk/images/products2/pl/20/00/02/17/pl2000021747.jpg?width=940&height=940
000011.jpg,https://static.artfire.com/uploads/mfs/items/45/bb/large/45bbeb333ebe1b7d2ffb5cf11ea174fd27eda1917341292f7dc4547126c13588.jpg
000012.jpg,https://cdn.shopify.com/s/files/1/1008/4432/products/1_15b9162e-2881-4480-96d0-63b832ee117a.jpeg?v=1479872804
000013.jpg,https://www.victoriananursery.co.uk/images/800/chilli_pepper_prairie_fire_005.jpg
000014.jpg,https://www.fataliiseeds.net/wp-content/uploads/fromoldsite/prairie_fire_maturing4543-640x640.jpg
000015.jpg,https://i.ebayimg.com/images/g/u5YAAOSwOVpXbfUY/s-l300.jpg
000016.jpg,https://www.seaspringseeds.co.uk/images/stories/virtuemart/product/Prairie_Fire_4d37d07ca5d96.jpg
000017.jpg,https://previews.123rf.com/images/nutfieldchase/nutfieldchase1809/nutfieldchase180900014/110821340-plant-capsicum-annuum-chilli-pepper-prairie-fire-.jpg
000018.jpg,https://images-na.ssl-images-amazon.com/images/I/61t2sN1uU4L.jpg
000019.jpg,https://www.seedparade.co.uk/162-large_default/hot-pepper-prairie-fire-10-seeds.jpg
000020.jpg,https://images-na.ssl-images-amazon.com/images/I/51vQMpDaBQL.jpg
000021.jpg,https://ae01.alicdn.com/kf/HTB1v3OlOXXXXXblXFXXq6xXFXXXz/New-50PCS-Ornamental-Hot-Pepper-bonsai-Prairie-Fire-Edible-Grow-Inside-or-Out-Home.jpg
000022.jpg,https://previews.123rf.com/images/nutfieldchase/nutfieldchase1809/nutfieldchase180900015/110821341-plant-capsicum-annuum-chilli-pepper-prairie-fire-.jpg
000023.jpg,https://i.etsystatic.com/7255623/r/il/99ed11/1730721670/il_570xN.1730721670_hlh4.jpg
000024.jpg,https://cdn.manomano.com/thompson-morgan-vegetables-pepper-chilli-prairie-fire-20-seed-P-1528882-3627912_1.jpg
000025.jpg,https://www.chillihead.co.za/image/cache/data/prairiefire2-500x500.jpg
000026.jpg,https://i.redd.it/pzhekdclvik11.jpg
000027.jpg,https://i.etsystatic.com/9817393/r/il/8f8fce/752255186/il_570xN.752255186_s8dg.jpg
000028.jpg,https://cdn.shopify.com/s/files/1/0955/4450/products/prairie_fire1_1024x1024.jpg?v=1469570419
000029.jpg,https://www.chileplants.com/images/chiles/prairie-fire-pepper-pepper-plants.jpg
000030.jpg,https://i.pinimg.com/originals/bd/83/55/bd835539f11b6e03dd61b9cdad267fa9.jpg
000031.jpg,http://www.artsgardenideas.co.uk/shopping/images/arts-garden-ideas/Prairie%20Fire72.jpg
000032.jpg,https://i.ebayimg.com/images/g/z5UAAOSwLcNcjj9A/s-l300.jpg
000033.jpg,https://c8.alamy.com/comp/E6E3G0/ornamental-pepper-capsicum-annuum-prairie-fire-plant-usa-E6E3G0.jpg
000034.jpg,https://www.irishexaminer.com/remote/content.assets.pressassociation.io/2018/08/19195107/91f0715b-2ac8-41fc-8155-e31fa7ac8b5d.jpg?crop=0,27,4300,2446&ext=.jpg&width=648&s=ie-863524
000035.jpg,https://davesgarden.com/guides/pf/thumbnail.php?image=2014/09/23/Terri1948/ea2afd.jpg&widht=700&height=312
000036.jpg,http://sunriseseedinc.com/wp-content/uploads/2012/06/Prairie-Fire-Pepper-Seeds-Sunrise-Seeds-Inc.jpg
000037.jpg,https://c8.alamy.com/comp/RP1A6F/chilli-peppers-prairie-fire-potted-in-greenhouse-with-black-slate-identification-label-plant-capsicum-annuum-chilli-pepper-prairie-fire-RP1A6F.jpg
000038.jpg,https://c8.alamy.com/comp/E6E3G3/ornamental-pepper-capsicum-annuum-prairie-fire-plant-usa-E6E3G3.jpg
000039.jpg,http://www.lubera.co.uk/media/image/thumbnail/2278487_720x600.jpg
000040.jpg,https://ae01.alicdn.com/kf/HTB1tP7ga5zxK1Rjy1zkq6yHrVXaL/100Pcs-Bag-Ornamental-Hot-Pepper-Multicolored-Vegetable-Prairie-Fire-Edible-Grow-Flores-Bonsai-Indoor-Home-Sementes.jpg_q50.jpg
000041.jpg,https://www.mediastorehouse.com/p/617/chilli-peppers-prairie-fire-close-up-9552301.jpg.webp
000042.jpg,https://culinaris-saatgut.de/wp-content/uploads/2017/03/DSC00153.jpg
000043.jpg,https://garden.org/pics/2016-11-02/kniphofia/e6899f.jpg
000044.jpg,https://thumbs.dreamstime.com/z/row-terracotta-pots-holds-vibrant-red-chilli-peppers-capsicum-annuum-variety-called-prairie-fire-kept-open-135600066.jpg
000045.jpg,https://www.picclickimg.com/00/s/Nzk4WDgwMA==/z/F5kAAOSwmtJXbfUb/$/50Pcs-Ornamental-Hot-Pepper-Seeds-Prairie-Fire-Edible-_1.jpg
000046.jpg,http://image1.gardenersworld.com/img.jpg?tag=5950b52e-bbc5-4a0f-8b9e-2323a4fa4db4
000047.jpg,https://c8.alamy.com/comp/E6E3G2/ornamental-pepper-capsicum-annuum-prairie-fire-plant-usa-E6E3G2.jpg
000048.jpg,http://cdn.shopify.com/s/files/1/1022/5071/products/pepper-prairie-fire-hot-edible-ornamental-pepper-capsicum-annuum-also-known-as-christmas-pepper-2_1024x1024.jpg?v=1565030596
000049.jpg,https://www.dhresource.com/0x0/f2/albu/g5/M01/A2/67/rBVaI1knwpOAVnsyAALogXTuPgE321.jpg
000050.jpg,https://images.prod.meredith.com/product/20015e0654d27d5ea867d2dda0f9b435/1566900220204/l/20-seeds-prairie-fire-pepper-seeds-free-shipping-heirloom-rainbow-colorful-fruit-ornamental-perfect-for-container-growing
000051.jpg,https://ssl.c.photoshelter.com/img-get/I0000LvfkJ_Io_Ys/s/750/750/Chili-pepper-Prairie-Fire-10795.jpg
000052.jpg,https://c8.alamy.com/comp/E6E3G6/ornamental-pepper-capsicum-annuum-prairie-fire-plant-usa-E6E3G6.jpg
000053.jpg,http://www.lubera.co.uk/media/image/thumbnail/2278487_5_720x600.jpg
000054.jpg,https://www.seeds-gallery.shop/6402-large_default/prairie-fire-chilli-seeds.jpg
000055.jpg,http://www.artsgardenideas.co.uk/shopping/images/Basket%20of%20Fire001.jpg
000056.jpg,https://www.southdevonchillifarm.co.uk/images/thumbnails/800/800/detailed/1/PFiseeds1100.jpg
000057.jpg,https://i.pinimg.com/originals/95/1f/f1/951ff1a56683da86026c4f767e85da61.jpg
000058.jpg,https://i.pinimg.com/originals/30/55/59/305559892fc207b8addf49e9e4851687.jpg
000059.jpg,https://cdn02.plentymarkets.com/4upha8em6p5v/item/images/535987/full/535987-Chilli-Prairie-Fire.jpg
000060.jpg,https://kingfisher.scene7.com/is/image/Kingfisher/5011567355521_02
000061.jpg,https://www.thompson-morgan.com/product_images/100/counter/c-Pepper%20Prairie%20Fire.jpg
000062.jpg,https://res.cloudinary.com/fleetnation/image/private/c_fit,w_1120/g_south,l_text:style_gothic2:%C2%A9%20Chris%20Gorst-Smith,o_20,y_10/g_center,l_watermark4,o_25,y_50/v1557862089/acejyoogm3recrd0r4ym.jpg
000063.jpg,https://c8.alamy.com/comp/E6E3G5/ornamental-pepper-capsicum-annuum-prairie-fire-plant-usa-E6E3G5.jpg
000064.jpg,https://c8.alamy.com/comp/BNHBCK/capsicum-annuum-var-annuum-prairie-fire-at-the-chelsea-physic-garden-BNHBCK.jpg
000065.jpg,https://www.irishexaminer.com/remote/content.assets.pressassociation.io/2018/08/19195251/50a7189d-d49b-49b9-b9c4-294cf52b27a3.jpg?width=600&s=ie-863524
000066.jpg,https://nickelarse.com/Photos/Various2009-09To10/2009_10_11%20Chillies/1152x768/002%20LOTS%20Of%20Chillies%20-%20Prairie%20Fire,%20Pinocchio's%20Nose,%20And%20Some%20Generic%20Chilli.JPG
000067.jpg,https://img.bidorbuy.co.za/image/upload/user_images/805/1734805/1734805_140116094120_Prairie_Fire2.jpg
000068.jpg,https://www.pepperscale.com/wp-content/uploads/2015/08/numex-twilight-1-768x575.jpg
000069.jpg,http://www.skyecunningham.ca/bmz_cache/5/5521156778da8d5a96c43c896a2de789.image.500x375.jpg
000070.jpg,https://thumbs.dreamstime.com/z/prairie-fire-atomic-chilli-heatwave-chilli-yellow-wicker-basket-rustic-table-34433507.jpg
000071.jpg,https://static1.squarespace.com/static/5826bb149de4bb1fe2e102ad/583d3636e4fcb5082fe40788/583d4b2fe6f2e18631e29bf6/1557084854939/?format=1000w
000072.jpg,https://balconygardenweb-lhnfx0beomqvnhspx.netdna-ssl.com/wp-content/uploads/2017/03/pepper-in-pot.jpg
000073.jpg,https://www.seminka-chilli.cz/fotografie/max/prairie-fire-195-4.jpg
000074.jpg,https://garden.org/pics/2019-01-31/Paul2032/2e1952-250.jpg
000075.jpg,https://ae01.alicdn.com/kf/HTB1ftofa5nrK1Rjy1Xcq6yeDVXaL.jpg_q50.jpg
000076.jpg,http://cdn.shopify.com/s/files/1/1022/5071/products/pepper-prairie-fire-hot-edible-ornamental-pepper-capsicum-annuum-also-known-as-christmas-pepper-3_630x630.jpg?v=1565030597
000077.jpg,https://cdn.shopify.com/s/files/1/1109/3566/products/662a1f0c-f1ea-4c1d-afc9-62c29ede385f_1024x1024.jpeg?v=1512809138
000078.jpg,http://www.lubera.co.uk/media/image/thumbnail/2278487_2_720x600.jpg
000079.jpg,https://www.daviddomoney.com/wp-content/uploads/2019/06/AdobeStock_215228528.jpeg
000080.jpg,http://growpepperseeds.com/wp-content/uploads/2019/06/prariefire1-300x225.jpg
000081.jpg,https://c8.alamy.com/comp/E6E3G1/ornamental-pepper-capsicum-annuum-prairie-fire-plant-usa-E6E3G1.jpg
000082.jpg,https://www.daviddomoney.com/wp-content/uploads/2017/05/Pepper-Hot-Mix.jpg
000083.jpg,https://www.picclickimg.com/d/l400/pict/254151684928_/Ornamental-Pepper-Bonsai-Seeds-Plants-Prairie-Fire-Edible.jpg
000084.jpg,https://gardening.usask.ca/images/fruit%20and%20veg/peppers-938938_1920.jpg
000085.jpg,https://www.pepperseeds.eu/pub/media/catalog/product/cache/51e4881dc4e265ed9adcb710d483ab73/p/a/patio_f.jpg
000086.jpg,http://ynakep.info/wp-content/uploads/2019/05/chili-peppers-plants-red-hot-chili-pepper-seeds-organic-vegetable-garden-courtyard-with-potted-plants-vegetable-seeds-line-pepper-from.jpg
000087.jpg,https://media-cdn.tripadvisor.com/media/photo-s/12/5d/ae/50/prairie-fire.jpg
000088.jpg,https://scontent-lax3-1.cdninstagram.com/vp/2d38a70c3f562509a7694987db463484/5E18F1A3/t51.2885-15/e35/69597394_157739978672489_9110538704946240065_n.jpg?_nc_ht=scontent-lax3-1.cdninstagram.com&_nc_cat=105
000089.jpg,https://www.dhresource.com/600x600/f2/albu/g5/M01/B1/93/rBVaJFoBUfCAEGZhAAGaDMakA4o526.jpg
000090.jpg,https://media.gettyimages.com/photos/prairie-fire-chillies-picture-id184638794
000091.jpg,http://chilifee.de/WebRoot/Store17/Shops/6785a7bf-b9bd-45fa-b711-164bd13875ab/578F/A40E/D14F/EFBF/C133/0A48/3549/6B56/IMG_5891.jpg
000092.jpg,https://scontent-lax3-1.cdninstagram.com/vp/d77236bff51c06a0fb697c7245abd5d8/5E00E1B0/t51.2885-15/sh0.08/e35/s640x640/68763591_1138241983033811_3361413581189744234_n.jpg?_nc_ht=scontent-lax3-1.cdninstagram.com
000093.jpg,https://ae01.alicdn.com/kf/HTB1VorwLXXXXXb3XpXXq6xXFXXXa/Home-Garden-Plant-30-Seeds-Ornamental-Pepper-Capsicum-Annuum-Prairie-Fire-chili-Pepper-vegetable-seeds-Free.jpg
000094.jpg,http://d3e1m60ptf1oym.cloudfront.net/06750575-e338-4933-900b-583a1c0cef03/DRA39918_xgaplus.jpg
000095.jpg,https://www.pepperscale.com/wp-content/uploads/2017/08/rooster-spur-pepper.jpg
000096.jpg,https://www.mariannemajerus.com/cache/pcache2/00029256.jpg
000097.jpg,http://www.downsizer.net/gallery/21926/fire-chilli-small2.jpg
000098.jpg,https://www.gapphotos.com/images/LargeWebPreview/1305/1305826.jpg
000099.jpg,https://upload.wikimedia.org/wikipedia/commons/8/8d/Capsicum_annuum_var._annuum_Prairie_Fire_1zz.jpg
000100.jpg,https://thumbs.dreamstime.com/z/prairie-fire-atomic-chilli-heatwave-chilli-yellow-wicker-basket-rustic-table-34433469.jpg
000101.jpg,https://image.shutterstock.com/image-photo/rainbow-chillie-peppers-260nw-751737391.jpg
000102.jpg,https://c8.alamy.com/comp/K5A8E6/capsicum-annuum-chilli-prairie-fire-fruits-K5A8E6.jpg
000103.jpg,https://s1.stabroeknews.com/images/2012/08/20120819Plant2.jpg
000104.jpg,https://www.urbangardening.co/185-thickbox_default/hot-pepper-prairie-fire-10-seeds.jpg
000105.jpg,https://www.webbsdirect.co.uk/images/products/medium/1001708.jpg
000106.jpg,https://garden.org/pics/2014-11-27/Paul2032/d86e99-250.jpg
000107.jpg,https://image.shutterstock.com/image-photo/mexican-hot-chilli-peppers-colorful-260nw-1202592679.jpg
000108.jpg,https://static1.squarespace.com/static/5826bb149de4bb1fe2e102ad/583d3636e4fcb5082fe40788/583d4a0de6f2e18631e2945b/1557084835806/?format=1000w
000109.jpg,http://www.lubera.co.uk/media/image/thumbnail/2278487_3_720x600.jpg
000110.jpg,https://suttons.s3.amazonaws.com/p/VECHI28626_3.jpg
000111.jpg,https://www.chili-seminka.cz/639/prairie-fire-semena.jpg
000112.jpg,https://www.pepperscale.com/wp-content/uploads/2017/03/chilly-chili.jpg
000113.jpg,https://www.irishexaminer.com/remote/content.assets.pressassociation.io/2018/08/19200144/ac723d29-e9ea-40a1-8bac-68bb0d28fd04.jpg?width=600&s=ie-863524
000114.jpg,https://i.redd.it/70upexuwo63z.jpg
000115.jpg,http://acodres.co/wp-content/uploads/2019/07/basket-of-fire-peppers-colours.jpg
000116.jpg,https://scontent-msp1-1.cdninstagram.com/vp/71bdace4dcfa136cec736d14fe9b7bed/5E19BC33/t51.2885-15/e35/s480x480/70600406_120989049282104_299949975648186005_n.jpg?_nc_ht=scontent-msp1-1.cdninstagram.com&_nc_cat=108
000117.jpg,https://c2.staticflickr.com/4/3111/2862496711_4937507629_z.jpg?zz=1
000118.jpg,https://cdn.shopify.com/s/files/1/1692/5687/products/Colorado_chili_cowboy_premium_prarie_fire_red_hot_sauce_large.jpg?v=1520458381
000119.jpg,https://www.webbsdirect.co.uk/images/products/medium/1001619.jpg
000120.jpg,https://www.pepperscale.com/wp-content/uploads/2017/10/chiltepin-pepper.jpeg
000121.jpg,https://image.shutterstock.com/display_pic_with_logo/2152430/1257352426/stock-photo-home-grown-organic-chili-or-chilli-peppers-prairie-fire-capsicum-annuum-growing-in-a-greenhouse-1257352426.jpg
000122.jpg,http://media.growsonyou.com/photos/question/image/5727/main/prairie_fire_pepper_seeds.jpg
000123.jpg,https://cdn.shopify.com/s/files/1/1022/5071/products/pepper-prairie-fire-hot-edible-ornamental-pepper-capsicum-annuum-also-known-as-christmas-pepper-5_1024x1024.jpg?v=1565030598
000124.jpg,https://www.thespruceeats.com/thmb/iIrDuUEqDTcnkcpIivC2dQieuNg=/960x0/filters:no_upscale():max_bytes(150000):strip_icc()/PrairieFire-Shot-5c2160bf46e0fb00012a4768.jpg
000125.jpg,https://www.seminka-chilli.cz/fotografie/max/prairie-fire-195-0.jpg
000126.jpg,https://productprice.org/pictures/3988-5_thumb.jpg
000127.jpg,http://www.councilsites.co.uk/image/cache/data/category_29/ZLKING%20200Pcs%20bag%20Ornamental%20Hot%20Pepper%20Multicolored%20Vegetable%20Prairie%20Fire%20Edible%20Grow%20Flores%20Bonsai%20Inside%20Bonsai%20ali92183959_0-500x500-product_popup.jpg
000128.jpg,http://oldewestportspice.com/72-thickbox_default/prairie-fire-chipotle-pepper-blend.jpg
000129.jpg,https://www.pepperscale.com/wp-content/uploads/2015/11/Medusa-Pepper-1-e1456719037887.jpeg
000130.jpg,http://i.ytimg.com/vi/wuSiHLh7Z7I/hqdefault.jpg
000131.jpg,https://c8.alamy.com/comp/XD2BW2/capsicum-annuum-%60prairie-fire-hps104546-XD2BW2.jpg
000132.jpg,https://www.lovethegarden.com/sites/default/files/content/articles/UK_chilli-plants-growing-indoors-in-pots.jpg
000133.jpg,https://www.chilipeppermadness.com/wp-content/uploads/2014/02/Harvesting-Chili-Peppers.jpg
000134.jpg,https://bloximages.newyork1.vip.townnews.com/hngnews.com/content/tncms/assets/v3/editorial/9/a1/9a16f2e6-e766-11e4-9da6-eb4d5812c6f2/5535085f1529f.image.png
000135.jpg,https://i.etsystatic.com/19077373/d/il/ac4130/1943878461/il_340x270.1943878461_b1i1.jpg?version=0
000136.jpg,https://seaspringseeds.co.uk/images/stories/virtuemart/product/Stumpy_4ccaa5eb4c12a.jpg
000137.jpg,https://www.mrpic.it/public/chili-pepper-photos/20140410131905.jpg
000138.jpg,https://www.lovethegarden.com/sites/default/files/styles/header_image_xl/public/content/articles/UK_advice-gardening-grow-your-own-how-grow-chillies_header.jpg?itok=06XE8PQ_
000139.jpg,https://chillisgalore.co.uk/images/diary/2004/ringfire3.jpg
000140.jpg,https://media.gettyimages.com/photos/chilli-pepper-prairie-fire-picture-id126026638?s=170667a
000141.jpg,https://live.staticflickr.com/8179/8032271480_cb4aaf0acc_b.jpg
000142.jpg,http://mallshoppingcentre.com/images/get_product_image.php?id=https://ae01.alicdn.com/kf/HTB1b8aTOVXXXXb2XpXXq6xXFXXX0/200pcs-bag-Ornamental-Pepper-Bonsai-seeds-multicolored-vegetable-seeds-Prairie-Fire-Edible-Grow-flores-bonsai-Inside.jpg
000143.jpg,https://dzosyj1ckn6vn.cloudfront.net/ProductImages/310/SCP015B_310.jpg
000144.jpg,https://www.pepperscale.com/wp-content/uploads/2017/11/Bolivian-Rainbow-Pepper-768x512.jpeg
000145.jpg,http://79.170.44.156/chileseeds.co.uk/media/bakery/thumbs/item164/prairie-fire-chilli-seeds_small.jpg
000146.jpg,http://www.chillibonsai.com/wp-content/uploads/2014/05/feature11.png
000147.jpg,https://t3.ftcdn.net/jpg/00/57/20/88/500_F_57208895_IH7pKh4x8Z7jI1R6L4sELHni1wm6QilY.jpg
000148.jpg,https://cdn.shopify.com/s/files/1/0992/8374/products/8ozPF_1024x1024.jpg?v=1517508496
000149.jpg,https://www.pepperscale.com/wp-content/uploads/2016/09/NuMex-Centennial.jpg
000150.jpg,https://www.cayennediane.com/wp-content/uploads/Tabasco-Peppers-300x300.jpg
000151.jpg,https://bcc53877d7aa0a135b9a-1452ca75bf8985207bb5b0c44a65ef28.ssl.cf4.rackcdn.com/Product-800x800/65fd5704-cdc3-497e-850d-8dc00ec0222e.jpg
000152.jpg,https://www.hotsaucesunlimited.com/images/D/colorado2-001.jpg
000153.jpg,http://harborlightstage.org/wp-content/uploads/2019/08/ornamental-pepper-plants-peppers-are-pretty-purple-plant-with-leaves-chili-care.jpg
000154.jpg,https://www.mcds.ie/wp-content/uploads/2019/02/logo-large-547x547.jpg
000155.jpg,https://allotmentnotes.com/wp-content/uploads/2016/09/20160907-chilli-prairie-fir.jpg
000156.jpg,https://www.irishexaminer.com/remote/content.assets.pressassociation.io/2018/08/19201143/e3c39907-6edc-4937-a9cb-359d10fbb14e.jpg?width=600&s=ie-863524
000157.jpg,https://images.bonanzastatic.com/afu/images/3529/8444/46/Ornamental-font-b-Hot-b-font-font-b-Pepper-b-font-Seeds-Prairie-Fire-Edible-font.jpg
000158.jpg,https://static1.squarespace.com/static/5826bb149de4bb1fe2e102ad/583d3636e4fcb5082fe40788/583d48761b631b93002b5613/1557084824764/?format=1000w
000159.jpg,https://chasingchilli.com.au/wp-content/uploads/2017/04/Carolina-Reaper.png
000160.jpg,https://3.bp.blogspot.com/-BPZT30djZE0/XIM8hv3SWhI/AAAAAAAAAFw/kthG0YR6O9ECy3tGx1dumvqtC00FLShzACLcBGAs/s1600/IMG_20180906_154424846%2B%25281%2529.jpg
000161.jpg,http://bestchillisauce.co.uk/m.bestchillisauce/wp-content/uploads/2015/05/shutterstock_469738463-3-min.jpg
000162.jpg,https://www.daviddomoney.com/wp-content/uploads/2019/06/AdobeStock_127672265.jpeg
000163.jpg,https://www.pepperscale.com/wp-content/uploads/2017/04/Tangerine-Dream-Pepper.jpg
000164.jpg,https://i.etsystatic.com/7255623/r/il/41e077/1648694568/il_570xN.1648694568_9mvr.jpg
000165.jpg,https://ae01.alicdn.com/kf/HTB1Yo4ZOXXXXXXJaFXXq6xXFXXXW.jpg
000166.jpg,https://live.staticflickr.com/8299/7986207481_1c9e65aa5c_b.jpg
000167.jpg,https://www.deeproot.co.uk/photo/images360/c/Capsicum%20annuum%20%27Prairie%20Fire%27.jpg
000168.jpg,https://image.shutterstock.com/image-photo/prairie-fire-chilli-on-bush-600w-78646891.jpg
000169.jpg,https://www.chileseeds.co.uk/wp-content/uploads/2016/10/hot_ch69-300x300.jpg
000170.jpg,http://www.lightdio.eu/home/projects/pepper-2016-60-60-120/image.raw?view=image&type=orig&id=624
000171.jpg,https://community.thewinesociety.com/uploads/db2593/original/2X/1/167e5d12c17d40b03e42233f4a8a0c865f14b801.jpeg
000172.jpg,http://bestchillisauce.co.uk/m.bestchillisauce/wp-content/uploads/2017/08/shutterstock_385584226-3-Focus-growing-min.jpg
000173.jpg,https://cdn11.bigcommerce.com/s-c49b6/images/stencil/500x659/products/531/3310/Chili_Pepper_Ornamental_Goldfinger_Seeds_Capsicum_Annuum__08200.1448730233.jpg?c=2
000174.jpg,https://www.flatlandkc.org/assets/uploads/2019/04/border-chili-040419.jpg
000175.jpg,http://www.lightdio.eu/home/projects/pepper-2016-60-60-120/image.raw?view=image&type=orig&id=621
000176.jpg,https://secure.i.telegraph.co.uk/multimedia/archive/02148/Prairie-Fire1_2148410i.jpg
000177.jpg,https://culinaris-saatgut.de/wp-content/uploads/2017/12/170925hh54d05%E2%80%93090-300x300.jpg
000178.jpg,https://www.kentchillifarm.co.uk/wp-content/uploads/2016/11/prairie_fire.jpg
000179.jpg,https://www.thompson-morgan.com/product_images/100/zoom/z-CHIL-TT79401-A.jpg
000180.jpg,https://www.irishexaminer.com/remote/content.assets.pressassociation.io/2018/08/19201943/d854c6b6-b274-4933-8c12-4b499c0e4fe9.jpg?width=600&s=ie-863524
000181.jpg,http://kuletos.com.au/cocktails/images/Ingredient-Chili.jpg
000182.jpg,https://cdn.instructables.com/FS8/51I1/IEID62BG/FS851I1IEID62BG.LARGE.jpg?auto=webp&frame=1&width=320
000183.jpg,https://pbs.twimg.com/media/EFi7K-JXoAIOJAH.jpg
000184.jpg,https://i.ytimg.com/vi/5PW1whthnLo/maxresdefault.jpg
000185.jpg,https://live.staticflickr.com/3077/2642087380_26b099e072_z.jpg
000186.jpg,http://d3d71ba2asa5oz.cloudfront.net/12001418/images/pepperprairiefire1.jpg
000187.jpg,http://kuletos.com.au/cocktails/images/Ingredient-Tabasco-Pepper-Sauce.jpg
000188.jpg,https://www.kentchillifarm.co.uk/wp-content/uploads/2016/11/Prairie-Fire-Chilli.png
000189.jpg,https://static1.squarespace.com/static/5826bb149de4bb1fe2e102ad/583d3636e4fcb5082fe40788/583d4aa5e6f2e18631e29803/1557084845650/?format=1000w
000190.jpg,https://pbs.twimg.com/media/DhCWIrNX0AAvbED.jpg
000191.jpg,https://d6ozfheqtj1tz.cloudfront.net/ChIJ5zv9uDVl6lIRt9oucdezkcI/5cf8e7e5499aa.jpg
000192.jpg,http://1.bp.blogspot.com/-P_mar1MF6vE/U6AYxhBPkzI/AAAAAAAABoE/NmltSUt3OZo/s1600/cili+prairiefire+1.jpg
000193.jpg,https://www.peperoncino.org/wp-content/uploads/2018/11/prairiefire.jpg
000194.jpg,https://inkuiri.net/i/large/https%2Fecs7.tokopedia.net%2Fimg%2Fcache%2F200-square%2Fproduct-1%2F2016%2F11%2F30%2F5923700%2F5923700_3daae1b1-5989-47ce-a98e-d55325ac4485_700_466.jpg
000195.jpg,https://i0.wp.com/thepioneerwoman.com/wp-content/uploads/2008/06/2590180048_9ea11fee47_o.jpg?resize=500%2C332
000196.jpg,https://culinaris-saatgut.de/wp-content/uploads/2017/12/170925hh54d16%E2%80%93090-300x300.jpg
000197.jpg,https://www.wyevalegardencentres.co.uk/ccstore/v1/images/?source=/file/v9091362934576318478/products/p0820010742.01.jpg&height=300&width=300
000198.jpg,https://www.irishexaminer.com/remote/content.assets.pressassociation.io/2018/08/19195623/619891f0-28be-4de2-9de0-8c498303b468.jpg?width=600&s=ie-863524
000199.jpg,https://thechickenstreet.files.wordpress.com/2011/09/prairie-fire1.jpg
000200.jpg,http://media.growsonyou.com/photos/photo/image/23950/main/chilliinbucket2.jpg
000201.jpg,https://balconygardenweb-lhnfx0beomqvnhspx.netdna-ssl.com/wp-content/uploads/2017/03/How-to-Grow-HOT-Pepper-in-Pots-2.jpg
000202.jpg,https://www.southdevonchillifarm.co.uk/images/companies/1/potplantsweb.png
000203.jpg,https://www.gardentags.com/plant-encyclopedia/images/27293/capsicum-annuum-la-bomba.jpeg
000204.jpg,http://xega.info/data/home-depot-pepper-plants/images/home-depot-pepper-plants-chile-pepper-the-home-depots-garden-club-seeds-at-home-decorating-interior-of-your-house-chili-pepper-ornamental-prairie-fire-seeds-capsicum-annuum-grass-seeds.jpg
000205.jpg,https://cdn.instructables.com/FZ3/BZOB/I7YLHW9V/FZ3BZOBI7YLHW9V.LARGE.jpg?auto=webp&frame=1&width=320
000206.jpg,https://www.thompson-morgan.com/product_images/100/counter/c-CHIL-817-B.jpg
000207.jpg,https://culinaris-saatgut.de/wp-content/uploads/2017/12/170815hh54d134%E2%80%93090-300x300.jpg
000208.jpg,https://www.seedman.com/image/pep750.jpg
000209.jpg,https://greenvegetableseeds.com/wp-content/uploads/2016/04/Chilli-Pepper-Ring-of-Fire-www.greenvegetableseeds.com_.jpg
000210.jpg,https://www.cayennediane.com/wp-content/uploads/Ring-O-Fire-300x300.jpg
000211.jpg,https://i.redd.it/qk3e6e4ldnj11.jpg
000212.jpg,https://thepioneerwoman.com/wp-content/uploads/2010/11/5216345584_4a97f4bb15_o2.jpg?fit=630%2C420
000213.jpg,http://gernot-katzers-spice-pages.com/pictures/caps_15.jpg
000214.jpg,https://d2fizz4npx5v6x.cloudfront.net/covers/1/10011470.jpg
000215.jpg,https://images-eu.ssl-images-amazon.com/images/I/51aDcKaDbML.jpg
000216.jpg,http://www.lubera.co.uk/media/image/thumbnail/2278487_6_720x600.jpg
000217.jpg,https://www.tedxrockcreekpark.com/thumbnail/ornamental-pepper-plant-growing-ornamental-peppers-the-most-versatile-beautiful_g_21770-13.jpg
000218.jpg,https://www.southdevonchillifarm.co.uk/images/companies/1/germinationframe.jpg
000219.jpg,https://www.ravissant-jardin.com/wp-content/uploads/2016/12/piment-prairie-fire-566p.png
000220.jpg,https://www.kentchillifarm.co.uk/wp-content/uploads/2017/02/Basket-of-Fire-300x300.jpg
000221.jpg,http://4.bp.blogspot.com/-QgUHCS5RCGA/UlbpT-Tx6WI/AAAAAAAAhbM/n7_byGuc014/s1600/10-10+039.jpg
000222.jpg,https://chilifee.de/WebRoot/Store17/Shops/6785a7bf-b9bd-45fa-b711-164bd13875ab/578F/A40E/D14F/EFBF/C133/0A48/3549/6B56/IMG_6091.jpg
000223.jpg,http://thehotpepper.com/uploads/monthly_06_2018/post-14347-0-45349200-1528137841.jpg
000224.jpg,https://shop.saatgut-dillmann.de/249-large_default/chilisamen-prairie-fire-bio.jpg
000225.jpg,https://cowboycharcoal.com/files/Sauce%20Ingredients%20and%20Facts/Prairie%20Fire%20INGREDIENTS.jpg
000226.jpg,https://smhttp-ssl-84412.nexcesscdn.net/media/catalog/product/cache/1/image/500x500/9df78eab33525d08d6e5fb8d27136e95/a/l/alpine_touch_prairie_fire_rub_8oz_1295666_a.jpg
000227.jpg,https://s3.amazonaws.com/cdn.totallytomato.com/images/popup/00585.jpg
000228.jpg,https://www.seminka-chilli.cz/fotografie/max/prairie-fire-195-6.jpg
000229.jpg,https://cdn.shortpixel.ai/client/to_webp,q_glossy,ret_img,w_200,h_272/https://www.prairiefirewinery.com/images/labels/small/Storm-Chaser-Red-Web.jpg
000230.jpg,http://tuincentrumholland.com/8862-home_default/gro-sure-chilli-zaden-cheyenne-spaanse-peper.jpg
000231.jpg,https://www.chilipeppermadness.com/wp-content/uploads/2018/10/Roasted-Ghost-Pepper-Sauce-Recipe1.jpg
000232.jpg,https://d2fizz4npx5v6x.cloudfront.net/covers/1/10027902.jpg
000233.jpg,https://www.cayennediane.com/wp-content/uploads/2014/06/Aci-Sivri-Pepper-300x300.jpg
000234.jpg,https://66.media.tumblr.com/cfa91ea1591ea96a11cf282fe63a0b1e/d6f6dce6c16edc8c-f6/s640x960/ce37d904c984adf5750882e4f9f454b0d0a6b7ae.jpg
000235.jpg,https://balconygardenweb-lhnfx0beomqvnhspx.netdna-ssl.com/wp-content/uploads/2017/03/how-to-grow-pepper-in-pots-3.jpg
000236.jpg,https://www.cowboycharcoal.com/assets/img/product-thumbnail/1528916360ca39e0e8488c3f0829966b256e3572fd.png
000237.jpg,https://sarahraven.images.blucommerce.com/sarahraven/article/chilli-padron-hung-on-wires.jpg?auto=format%2Ccompress&bluhash=8303110d6d9e4cba64859e4c0efec3a6&w=660&fit=fillmax&fill=solid&s=0c272409189c99bd4652d3f626b643a8
000238.jpg,https://cdn11.bigcommerce.com/s-c49b6/images/stencil/500x659/products/185/3554/Pepper_Pimento_Seeds_Capsicum_Annuum__22733.1450576794.jpg?c=2
000239.jpg,https://www.waterperrygardens.co.uk/shop/User/Products/MedImg/2016-10-11%20suttons%20seeds/156190_1.jpg
000240.jpg,https://3emsiq36oenj2cmlhdjc290x-wpengine.netdna-ssl.com/wp-content/uploads/2019/04/Prairie-Fire-2018-CM2_0189.jpg
000241.jpg,http://www.lightdio.eu/home/projects/pepper-2016-60-60-120/image.raw?view=image&type=orig&id=623
000242.jpg,https://www.seedman.com/image/5039.jpg
000243.jpg,https://www.lovethegarden.com/sites/default/files/styles/article_md/public/content/articles/UK_plant-finder-annuals-poppy_main.jpg?itok=UZFA4Ve-
000244.jpg,https://i2.wp.com/files.hungryforever.com/wp-content/uploads/2019/01/26161433/tmg-facebook_social-11.jpg?resize=1075%2C605&ssl=1
000245.jpg,https://www.thompson-morgan.com/product_images/100/zoom/z-CHIL-TM79407-A.jpg
000246.jpg,https://chilifee.de/WebRoot/Store17/Shops/6785a7bf-b9bd-45fa-b711-164bd13875ab/578F/A40E/D14F/EFBF/C133/0A48/3549/6B56/IMG_6090.jpg
000247.jpg,http://4.bp.blogspot.com/-eUmmZw9GcI4/UlbprMdLjJI/AAAAAAAAhbU/-Z2iHPa7v0U/s1600/10-10+037.jpg
000248.jpg,https://storage.googleapis.com/cdn.vinoshipper.com/wine/28f800c9-d6ce-4bdc-824d-6bd3440b442f.jpg
000249.jpg,https://shop11813.hstatic.dk/upload_dir/shop/prairie-fire-chili.w610.h610.fill.jpg
000250.jpg,https://www.static-src.com/wcsstore/Indraprastha/images/catalog/full/bibit-bunga_johnsons-seed-pepper-prairie-fire-merah-bibit-tanaman_full01.jpg
000251.jpg,https://drinks.seriouseats.com/images/2013/03/20130320PFireChile.jpg
000252.jpg,https://www.seedman.com/image/trn822.jpg
000253.jpg,https://easyponix.com/wp-content/uploads/2012/05/Prairie-Fire-Pepper1-1024x608.jpg
000254.jpg,https://www.thompson-morgan.com/product_images/100/counter/c-mr-sneeze-front.jpg
000255.jpg,https://www.homestead.com/~site/ecomm/media/image/242595/o
000256.jpg,http://thehotpepper.com/uploads/monthly_06_2018/post-14347-0-51293100-1528137828.jpg
000257.jpg,https://d1alt1wkdk73qo.cloudfront.net/images/guide/d2fd77e77ba0475a9ff94937844dac51/640x960.jpg
000258.jpg,https://i0.wp.com/thepioneerwoman.com/wp-content/uploads/2010/11/5215757105_3cc1960850_z.jpg?resize=630%2C420
000259.jpg,https://www.southdevonchillifarm.co.uk/images/companies/1/seedlingframe.jpg
000260.jpg,https://s3-media4.fl.yelpcdn.com/bphoto/XX9QpnvBLlLuMzmaJNG20A/o.jpg
000261.jpg,https://balconygardenweb-lhnfx0beomqvnhspx.netdna-ssl.com/wp-content/uploads/2017/03/how-to-grow-pepper-in-pots-1.jpg
000262.jpg,https://www.theplymouthdaily.co.uk/sites/default/files/field/image/chillies.jpg
000263.jpg,http://content.assets.pressassociation.io/2019/09/27194140/98cce2db-8b2f-4a63-b8e7-c555a12d6fc4.jpg
000264.jpg,https://3emsiq36oenj2cmlhdjc290x-wpengine.netdna-ssl.com/wp-content/uploads/2019/04/Prairie-Fire-2018-CM2_0257.jpg
000265.jpg,https://d6ozfheqtj1tz.cloudfront.net/ChIJ5zv9uDVl6lIRt9oucdezkcI/5cf8e7e65cf59.jpg
000266.jpg,https://pbs.twimg.com/profile_images/887440631869521920/RA8bvpSO_400x400.jpg
000267.jpg,https://s3.amazonaws.com/trycaviar.com/offers/14865/831656-201908272034.jpg
000268.jpg,http://www.lightdio.eu/home/projects/pepper-2016-60-60-120/image.raw?view=image&type=orig&id=611
000269.jpg,https://www.chilipeppermadness.com/wp-content/uploads/2018/10/Datil-Pepper-Sauce-Recipe1.jpg
000270.jpg,https://www.thompson-morgan.com/product_images/100/zoom/z-SWEE-TM54720-A1.jpg
000271.jpg,https://italianchilli.com/191-home_default/dried-fuoco-della-prateria.jpg
000272.jpg,http://1.bp.blogspot.com/-1ZlwKjqjxH8/TpyIEO6Ck2I/AAAAAAAAAFk/M-ncOLTguqQ/s1600/new_tamales1.jpg
000273.jpg,http://img0046.psstatic.com/153167132_amazoncom-prairie-fire-pepper-20-seeds---hundreds-mini-.jpg
000274.jpg,https://www.cayennediane.com/wp-content/uploads/Ghost-Peppers-300x300.jpg
000275.jpg,https://cdn11.bigcommerce.com/s-c49b6/images/stencil/500x659/products/225/3555/Pepper_Sweet_Red_Marconi_Seeds_Capsicum_Annuum__20097.1450581260.jpg?c=2
000276.jpg,https://media.socastsrm.com/wordpress/wp-content/blogs.dir/2275/files/2019/09/5d85fff8023d1620a37f5fa4jpeg.jpg
000277.jpg,https://www.lovethegarden.com/sites/default/files/styles/article_md/public/content/articles/UK_plant-finder-annuals-nasturtium_main.jpg?itok=ME5G6g8L
000278.jpg,https://cdn.shopify.com/s/files/1/0072/1921/6473/products/Ring_of_Fire_Chilli_Seeds_580x.jpg?v=1565530107
000279.jpg,http://4.bp.blogspot.com/-6rXL87RxPAc/TivHpy1LJnI/AAAAAAAAALk/O3XGoi_b8W4/s1600/DSCN2189.JPG
000280.jpg,https://www.cayennediane.com/wp-content/uploads/Jwala-Pepper-300x300.jpg
000281.jpg,https://www.seedman.com/image/jf645.jpg
000282.jpg,https://www.victoriananursery.co.uk/images/800/sq_chilli_pepper_prairie_fire_004.jpg
000283.jpg,https://d2fizz4npx5v6x.cloudfront.net/scores-png/1/10011470-1.png
000284.jpg,https://www.victoriananursery.co.uk/images/250/sq_chilli_pepper_golden_cayenne_001.jpg
000285.jpg,http://burgerdays.com/wp-content/uploads/2015/05/holycowdetails.jpg
000286.jpg,https://union.wisc.edu/assets/DINE/Storefronts/PrairieFireCoffeeNEW.jpg
000287.jpg,https://3emsiq36oenj2cmlhdjc290x-wpengine.netdna-ssl.com/wp-content/uploads/2019/04/Prairie-Fire-2018-CM2_0210.jpg
000288.jpg,https://www.thechileman.org/guide_img/winter003.jpg
000289.jpg,https://www.seminka-chilli.cz/fotografie/max/prairie-fire-195-7.jpg
000290.jpg,https://www.gapphotos.com/images/LargeWebPreview/0116/0116570.jpg
000291.jpg,https://www.nicks-sticks.com/wp-content/uploads/carry-over/gallery-spicy-beef-jerky/prairie-fire-beef-jerky-unwrapped-side.jpg
000292.jpg,https://www.pressdemocrat.com/csp/mediapool/sites/dt.common.streams.StreamServer.cls?STREAMOID=nYPpzkcwxIo3K1WHeVpzYM$daE2N3K4ZzOUsqbU5sYuBDS0P$fM8pBTeOtB2NBJMWCsjLu883Ygn4B49Lvm9bPe2QeMKQdVeZmXF$9l$4uCZ8QDXhaHEp3rvzXRJFdy0KqPHLoMevcTLo3h8xh70Y6N_U_CryOsw6FTOdKL_jpQ-&CONTENTTYPE=image/jpeg
000293.jpg,http://www.scovieawards.com/wp-content/uploads/2015/06/2009-Scovie-Awards-Default238.png
000294.jpg,https://upload.wikimedia.org/wikipedia/commons/thumb/5/50/Madame_Jeanette_and_other_chillies.jpg/1200px-Madame_Jeanette_and_other_chillies.jpg
000295.jpg,https://cdn.shortpixel.ai/client/q_glossy,ret_img,w_200,h_271/https://www.prairiefirewinery.com/images/labels/small/Purple-Grin.jpg
000296.jpg,https://i.redd.it/yjkh2ozk0ip11.jpg
000297.jpg,https://myrepublica.nagariknetwork.com/uploads/media/6things(1)_20190921173213.jpg
000298.jpg,http://www.gimmesomeoven.com/wp-content/uploads/2014/02/Pasta-with-Easy-Roasted-Red-Pepper-Sauce-2.jpg
000299.jpg,https://autonomyacres.files.wordpress.com/2011/05/cornelian-cherry.jpg?w=584
000300.jpg,https://growingchilliesbook.files.wordpress.com/2016/03/wp-1457353163374.jpeg?w=473&h=266
000301.jpg,https://www.nicks-sticks.com/wp-content/uploads/carry-over/gallery-spicy-turkey-jerky/prairie-fire-turkey-jerky-unwrapped-side.jpg
000302.jpg,https://static1.squarespace.com/static/5826bb149de4bb1fe2e102ad/583d3636e4fcb5082fe40788/583d4ce2440243877a0c8f21/1557084897335/?format=1000w
000303.jpg,https://www.green-you.de/shop/images/products/main/011.jpg
000304.jpg,https://capi.myleasestar.com/v2/dimg-crop/45676111/660x375/45676111.jpg
000305.jpg,https://www.seminka-chilli.cz/fotografie/max/prairie-fire-195-2.jpg
000306.jpg,http://www.shopgi.com/gardenpics/2011-07-prairieFire01sm.JPG
000307.jpg,https://www.chilipeppermadness.com/wp-content/uploads/2017/02/Sweet-Habanero-Chili-Sauce-Recipe1.jpg
000308.jpg,https://www.cayennediane.com/wp-content/uploads/2019/02/Tennessee-Teardrop-Pepper-300x300.jpg
000309.jpg,https://d1alt1wkdk73qo.cloudfront.net/images/guide/6d7e96794a6742a2961548040669b469/640x960.jpg
000310.jpg,https://cdn11.bigcommerce.com/s-c49b6/images/stencil/500x659/products/530/3309/Chili_Pepper_Ornamental_Filius_Blue_Seeds_Capsicum_Annuum__39693.1448729741.jpg?c=2
000311.jpg,https://www.themiddlesizedgarden.co.uk/wp-content/uploads/Choose-your-chilli-267x400.jpg
000312.jpg,https://3emsiq36oenj2cmlhdjc290x-wpengine.netdna-ssl.com/wp-content/uploads/2019/04/Prairie-Fire-2018-CM2_0232.jpg
000313.jpg,https://growingchilliesbook.files.wordpress.com/2014/07/jalapenosandbeer.jpg?w=221&h=331
000314.jpg,https://media-cdn.tripadvisor.com/media/photo-s/0a/f0/75/8d/wonderful-salad-with.jpg
000315.jpg,https://www.gardeningforall.co.uk/GetImage.aspx?imageid=6381&size=large
000316.jpg,http://adaytoadore.net/wp-content/uploads/2017/05/Museum-at-Prairie-Fire-Wedding-Photography-62.jpg
000317.jpg,http://www.lightdio.eu/home/projects/pepper-2016-60-60-120/image.raw?view=image&type=orig&id=612
000318.jpg,https://i0.wp.com/c8.alamy.com/comp/K4DFGD/chili-pepper-capsicum-annuum-black-prince-K4DFGD.jpg?w=600
000319.jpg,https://union.wisc.edu/assets/DINE/Storefronts/PrairieFireWineBarNEW.jpg
000320.jpg,https://scontent-ams4-1.cdninstagram.com/v/t51.2885-15/e35/s320x320/67670060_2461611810777893_4338508119704078814_n.jpg?_nc_ht=scontent-ams4-1.cdninstagram.com&oh=ba9cddb0e41581d56deff5174d526096&oe=5DDF0F59&ig_cache_key=MjEwODE4ODA2NTM2MjI1MDExMA%3D%3D.2
000321.jpg,https://app.mt.gov/madeinmontana/File/GetImage/e2101965-449e-4b3c-9481-bcbffd54f443?height=470
000322.jpg,https://www.penzeys.com/media/7649/teaser_penzeys_pepper_v3_360x380.jpg?width=360&height=380
000323.jpg,https://www.chilipeppermadness.com/wp-content/uploads/2017/09/How-to-Make-Fermented-Pepper-Mash-HERO.jpg
000324.jpg,https://www.foodiewithfamily.com/wp-content/uploads/2016/08/Fire-Cider.jpg
000325.jpg,https://growingchilliesbook.files.wordpress.com/2015/09/chilhuacle-negro-close-web.jpg?w=260&h=290
000326.jpg,http://cdn.lolwot.com/wp-content/uploads/2016/02/10-shots-thatll-test-how-much-you-love-alcohol-1.jpg
000327.jpg,https://i2.wp.com/thepioneerwoman.com/wp-content/uploads/2010/11/5215757287_c2bf434245_z.jpg?resize=630%2C420
000328.jpg,https://cdn.shortpixel.ai/client/to_webp,q_glossy,ret_img,w_200,h_272/https://www.prairiefirewinery.com/images/labels/small/Bare-Mare-Web.jpg
000329.jpg,https://www.irishexaminer.com/remote/content.assets.pressassociation.io/2018/08/19200028/b69df663-dc1a-4b7c-b0ca-4f7c2f43c354.jpg?width=600&s=ie-863524
000330.jpg,https://homemadehooplah.com/wp-content/uploads/2018/07/Cowboy-Candy-Step-2b.jpg
000331.jpg,https://www.seedman.com/image/jf707.jpg
000332.jpg,https://chilliesgrimsby.files.wordpress.com/2011/10/dsc02813.jpg
000333.jpg,https://i5.walmartimages.com/asr/a50df40c-e297-4ccc-b420-f4d205cc17c3_1.6d3c348806d071e0087df2384d5a401d.png?odnHeight=450&odnWidth=450&odnBg=FFFFFF
000334.jpg,https://easyponix.com/wp-content/uploads/2012/07/Green-Bell.jpg
000335.jpg,https://www.cayennediane.com/wp-content/uploads/Barkers-Hot-pepper-300x300.jpg
000336.jpg,https://3emsiq36oenj2cmlhdjc290x-wpengine.netdna-ssl.com/wp-content/uploads/2019/04/Prairie-Fire-2018-CM2_0173.jpg
000337.jpg,https://secure.i.telegraph.co.uk/multimedia/archive/03227/hang_3227155b.jpg
000338.jpg,https://i.ytimg.com/vi/4-J4QqBEmrw/maxresdefault.jpg
000339.jpg,https://d6ozfheqtj1tz.cloudfront.net/ChIJRyCHUE6X51IRewIezruKtIQ/5aaa93d6e8db8.jpg
000340.jpg,https://homemadehooplah.com/wp-content/uploads/2018/07/Cowboy-Candy-Step-2a.jpg
000341.jpg,http://bestchillisauce.co.uk/m.bestchillisauce/wp-content/uploads/2017/09/shutterstock_601078532-3-planting-min.jpg
000342.jpg,https://dinnerthendessert.com/wp-content/uploads/2016/02/Panda-Express-Sweetfire-Chicken-Breast-5-680x1020.jpg
000343.jpg,https://www.lovethegarden.com/sites/default/files/styles/article_md/public/content/articles/UK_plant-finder-indoor-plants-gerbera-transvaal-daisy_main.jpg?itok=S2PNfLp4
000344.jpg,https://cdn.shortpixel.ai/client/to_webp,q_glossy,ret_img,w_200,h_271/https://www.prairiefirewinery.com/images/labels/small/Cowabunga-Blush.jpg
000345.jpg,https://untappd.akamaized.net/photos/2019_06_21/134dcb6e58edac94e36f356b7489d27b_640x640.jpg
000346.jpg,https://cowboycharcoal.com/files/Sauce%20Ingredients%20and%20Facts/Prairie%20Fire%20FACTS.jpg
000347.jpg,https://dinnerthendessert.com/wp-content/uploads/2016/02/Panda-Express-Sweetfire-Chicken-Breast-4-680x453.jpg
000348.jpg,https://image3.owler.com/5080466-1433533507306.png
000349.jpg,https://www.southdevonchillifarm.co.uk/images/detailed/1/ChilliPlantGuide.jpg
000350.jpg,https://img.evbuc.com/https%3A%2F%2Fcdn.evbuc.com%2Fimages%2F64030793%2F285167688737%2F1%2Foriginal.20190617-191722?w=512&auto=compress&rect=1%2C370%2C666%2C333&s=47089827c2f62aba9eb1718d764eb13c
000351.jpg,https://www.cayennediane.com/wp-content/uploads/Spanish-Naga-300x300.jpg
000352.jpg,http://www.pflanzen-traum.de/images/chili-samen-6-sorten.jpg
000353.jpg,https://cdn.instructables.com/F1H/S9JR/I7MY4FPF/F1HS9JRI7MY4FPF.LARGE.jpg?auto=webp&frame=1&width=320
000354.jpg,https://pbs.twimg.com/media/EESoAKIXoAEvKoN.jpg
000355.jpg,http://4.bp.blogspot.com/-6wJAecRKO6c/U6AY4pwDf5I/AAAAAAAABoM/4RaoncqOtrM/s1600/cili+prairiefire3.jpg
000356.jpg,https://assets3.thrillist.com/v1/image/2845881/size/tmg-article_default_mobile;jpeg_quality=20.jpg
000357.jpg,https://www.seedman.com/image/jf597.jpg
000358.jpg,https://www.chilipeppermadness.com/wp-content/uploads/2018/09/Cayenne-Pepper-Sauce-Recipe1.jpg
000359.jpg,https://docplayer.net/docs-images/48/23912659/images/page_9.jpg
000360.jpg,https://www.prairiefirewinery.com/Cellar/wp-content/uploads/2016/02/JustKS-January-Farm-and-Ranch-to-Table-Dinner-Menu.jpg
000361.jpg,https://www.seminka-chilli.cz/fotografie/max/prairie-fire-195-1.jpg
000362.jpg,https://www.cayennediane.com/wp-content/uploads/2019/02/Arapaho-Pepper-2-300x300.jpg
000363.jpg,https://3emsiq36oenj2cmlhdjc290x-wpengine.netdna-ssl.com/wp-content/uploads/2019/04/Prairie-Fire-2018-CM2_0200.jpg
000364.jpg,https://dinnerthendessert.com/wp-content/uploads/2016/02/Panda-Express-Sweetfire-Chicken-Breast-2-680x920.jpg
000365.jpg,https://prairiegardens.org/wp-content/uploads/2017/09/SummerCornPasta.jpg
000366.jpg,https://tours.360wichita.com/40591/products/11012_lg_11012_lg_jose_peppers_kids_chicken_fingers.jpg
000367.jpg,http://kuletos.com.au/cocktails/images/Ingredient-Tequila-Silver-Patron.jpg
000368.jpg,http://bestchillisauce.co.uk/m.bestchillisauce/wp-content/uploads/2015/05/shutterstock_185853761-2-seedling-trays-min.jpg
000369.jpg,http://www.realseeds.co.uk/images/hpkr.jpg
000370.jpg,https://d6ozfheqtj1tz.cloudfront.net/ChIJ5zv9uDVl6lIRt9oucdezkcI/5cf8e820b2486.jpg
000371.jpg,https://growingchilliesbook.files.wordpress.com/2014/11/green-chilli-and-green-bean-salad-web.jpg?w=427&h=313
000372.jpg,https://upload.wikimedia.org/wikipedia/commons/thumb/b/bc/Fort_Whoop-Up_2018.jpg/1200px-Fort_Whoop-Up_2018.jpg
000373.jpg,https://www.gapphotos.com/images/LargeWebPreview/1305/1305779.jpg
000374.jpg,http://3.bp.blogspot.com/-6OkxwXCRGwU/U6AYrYVlD4I/AAAAAAAABn8/lkIIo73WoaE/s1600/cili+prairiefire2.jpg
000375.jpg,https://scontent-frt3-2.cdninstagram.com/vp/8a3bfd0e666c80152645c2bad11a65d6/5DE35D4D/t51.2885-15/e35/c191.0.1057.1057a/s320x320/67171406_166686421045625_5442388476511466703_n.jpg?_nc_ht=scontent-frt3-2.cdninstagram.com&ig_cache_key=MjA5Mzg1MjQ4OTAyNzM2ODgwNA%3D%3D.2.c
000376.jpg,https://cdn0.rubylane.com/_pod/item/520021/04231604/Vintage-Hocking-Glass-Blue-Circle-Vitrock-full-1A-700%3A10.10-41-f.png
000377.jpg,https://www.irishexaminer.com/remote/content.assets.pressassociation.io/2018/08/19200307/6cf2a0dc-221a-480b-983e-a189809b94fd.jpg?width=600&s=ie-863524
000378.jpg,https://fastly.4sqi.net/img/general/600x600/69216801_R9hpOAytstwnNYKWzCxQbyK-4I5NJwsjljAL5O-2FoE.jpg
000379.jpg,https://dtjew9b6f6zyn.cloudfront.net/wp-content/uploads/2017/05/10491968_767694513290008_4985612437254822983_n.jpg
000380.jpg,https://3emsiq36oenj2cmlhdjc290x-wpengine.netdna-ssl.com/wp-content/uploads/2017/01/logo-original-prairie-fire-380x214.jpg
000381.jpg,https://www.wyso.org/sites/wyso/files/styles/medium/public/201904/56614026_2003777383066502_5055364687089106944_n.jpg
000382.jpg,https://i1.wp.com/thepioneerwoman.com/wp-content/uploads/2008/06/2590183254_91794a3e74_o.jpg?resize=500%2C332
000383.jpg,https://d28hgpri8am2if.cloudfront.net/book_images/onix/interior_spreads/9781849759670/summer-grilling-9781849759670.in02.jpg
000384.jpg,https://eon51.com/wp-content/uploads/2016/04/4-1024x683.jpg
000385.jpg,https://bloximages.chicago2.vip.townnews.com/rapidcityjournal.com/content/tncms/assets/v3/editorial/7/17/717e14dd-ef7a-5b09-868d-4787767fa0cf/5d56de095a832.image.jpg?resize=1024%2C583
000386.jpg,https://www.chilipeppermadness.com/wp-content/uploads/2018/01/Jamaican-Scotch-Bonnet-Pepper-Sauce-Recipe1.jpg
000387.jpg,http://nohomejustroam.com/wp-content/uploads/2019/02/Stone-Pillar-Vineyard-Winery-Lenexa-KS-5.jpg
000388.jpg,https://www.kunm.org/sites/kunm/files/styles/medium/public/201608/Chile_TurquoiseTable.jpg
000389.jpg,https://pbs.twimg.com/media/BzWMjc1IYAASpSm.jpg
000390.jpg,https://scontent-lga3-1.cdninstagram.com/vp/029a371d6ab4cb203c14a42984a855d9/5DEC9205/t51.2885-15/sh0.08/e35/s640x640/67695343_396893390930615_4239589153393369201_n.jpg?_nc_ht=scontent-lga3-1.cdninstagram.com
000391.jpg,https://scontent-ort2-1.cdninstagram.com/vp/05b1e62ab2531b9dc985bb04d885c1f5/5DB7127B/t51.2885-15/e35/66311929_3052591868100676_7920396306959345567_n.jpg?_nc_ht=scontent-ort2-1.cdninstagram.com
000392.jpg,https://dinnerthendessert.com/wp-content/uploads/2016/02/Panda-Express-Sweetfire-Chicken-Breast-1-680x453.jpg
000393.jpg,https://0.gravatar.com/avatar/9ac1499707224e19e9630cd1b233492b?s=384&d=identicon&r=G
000394.jpg,https://i2.wp.com/thepioneerwoman.com/wp-content/uploads/2008/06/2589347031_2002ac2799_o.jpg?resize=500%2C332
000395.jpg,http://www.gapphotos.com/images/LargeWebPreview/0116/0116564.jpg
000396.jpg,https://i.redd.it/po4pdiplxrf11.jpg
000397.jpg,http://www.prairiefirewinery.com/Cellar/wp-content/uploads/2017/03/Picture1.png
000398.jpg,https://dinnerthendessert.com/wp-content/uploads/2016/02/Panda-Express-Sweetfire-Chicken-Breast-L-501x1024.jpg
000399.jpg,https://dinnerthendessert.com/wp-content/uploads/2016/02/Panda-Express-SweetFire-Chicken-Breast-Copycat-L-358x1024.jpg
000400.jpg,https://i.pinimg.com/originals/3c/e7/4e/3ce74e3ef1dd53131d67fcc04910cd8d.jpg
000401.jpg,https://images-na.ssl-images-amazon.com/images/I/71ftVAs4ZnL._SY450_.jpg
000402.jpg,https://cdn.shopify.com/s/files/1/1109/3566/products/828387ac-6419-4ae7-8d4c-8dce1beb180a_large.jpg
000403.jpg,https://thepropagatorblog.files.wordpress.com/2017/02/wp-image-487413638jpg.jpg
000404.jpg,https://www.pepperscale.com/wp-content/uploads/2016/06/prairie-fire-pepper-1024x850.jpg
000405.jpg,https://www.seedparade.co.uk/162-large_default/hot-pepper-prairie-fire-10-seeds.jpg
000406.jpg,https://1a1z1e22ozx83bgjsz17c6ba-wpengine.netdna-ssl.com/wp-content/uploads/2014/12/Prairie-Fire-Pepper-640x640.jpg
000407.jpg,http://qscaping.com/Content/Images/Photos/F782-03.jpg
000408.jpg,http://www.labonsai.com/wp-content/uploads/2015/06/Prairie-Fire-chilli.jpg
000409.jpg,https://img.etsystatic.com/il/c319aa/752375063/il_570xN.752375063_3x8e.jpg
000410.jpg,http://www.chillibonsai.com/wp-content/uploads/2014/05/2014-05-10-10.24.19.jpg
000411.jpg,https://www.victoriananursery.co.uk/images/800/sq_chilli_pepper_prairie_fire_004.jpg
000412.jpg,https://cdn.mr-fothergills.co.uk/product-images/op/d/16166d.jpg
000413.jpg,http://media.growsonyou.com/photos/question/image/5727/main/prairie_fire_pepper_seeds.jpg
000414.jpg,https://seedempire.com/images/detailed/1/Chili_Pepper_Ornamental_Prairie_Fire_Seeds_Capsicum_Annuum.jpg
000415.jpg,http://i.ebayimg.com/images/i/331455729965-0-1/s-l1000.jpg
000416.jpg,https://i.pinimg.com/originals/bd/83/55/bd835539f11b6e03dd61b9cdad267fa9.jpg
000417.jpg,http://www.chillibonsai.com/wp-content/uploads/2014/05/2014-05-10-10.24.34.jpg
000418.jpg,http://www.chillibonsai.com/wp-content/uploads/2014/05/2014-05-10-10.24.11.jpg
000419.jpg,https://ae01.alicdn.com/kf/HTB1v3OlOXXXXXblXFXXq6xXFXXXz/New-50PCS-Ornamental-Hot-Pepper-Seeds-Prairie-Fire-Edible-Grow-Inside-or-Out-Home.jpg
000420.jpg,https://www.ashleyfoodcompany.com/wp-content/uploads/2018/11/iStock-463069779-small.jpg
000421.jpg,http://suttons.s3.amazonaws.com/p/VECHI29236rt_3.jpg
000422.jpg,https://www.thompson-morgan.com/product_images/100/zoom/z-Pepper%20Prairie%20Fire.jpg
000423.jpg,https://seedratings.s3.amazonaws.com/images/full/8ae588c86778098f5e658a4bb2c946a225de3b81.jpg
000424.jpg,https://img.crocdn.co.uk/images/products2/pl/20/00/02/17/pl2000021747.jpg
000425.jpg,http://www.chillibonsai.com/wp-content/uploads/2014/05/2014-05-10-10.24.00.jpg
000426.jpg,https://static.artfire.com/uploads/mfs/items/62/59/large/6259ecdc8b26b0ba085d40668a4171654158704e99b819d670dd9e4aeac97c4d.jpg
000427.jpg,https://images.bonanzastatic.com/afu/images/3286/9537/96/71r1ogprgpl.jpg
000428.jpg,https://www.gapphotos.com/images/LargeWebPreview/0116/0116564.jpg
000429.jpg,https://thechickenstreet.files.wordpress.com/2011/09/prairie-fire1.jpg
000430.jpg,http://gardeners.s3.amazonaws.com/p/VECHI29236_3.jpg
000431.jpg,http://n7.alamy.com/zooms/9ecfe757c6f74a1e89630b6b58717e19/ornamental-pepper-capsicum-annuum-prairie-fire-plant-usa-e6e3g6.jpg
000432.jpg,https://ae01.alicdn.com/kf/HTB1AEvHKXXXXXXDXpXXq6xXFXXXN/New-100PCS-Ornamental-Hot-Pepper-Seeds-font-b-Prairie-b-font-Fire-Edible-Grow-Inside-or.jpg
000433.jpg,https://i.ebayimg.com/images/g/u5YAAOSwOVpXbfUY/s-l300.jpg
000434.jpg,https://suttons.s3.amazonaws.com/p/156190b_3.jpg
000435.jpg,https://www.seedman.com/image/pep364.jpg
000436.jpg,https://c8.alamy.com/comp/RP1A6F/chilli-peppers-prairie-fire-potted-in-greenhouse-with-black-slate-identification-label-plant-capsicum-annuum-chilli-pepper-prairie-fire-RP1A6F.jpg
000437.jpg,https://suttons.s3.amazonaws.com/p/156190f_1.jpg
000438.jpg,https://c8.alamy.com/comp/E6E3G0/ornamental-pepper-capsicum-annuum-prairie-fire-plant-usa-E6E3G0.jpg
000439.jpg,https://www.thompson-morgan.com/product_images/100/zoom/z-TT00258-P.jpg
000440.jpg,http://www.gapphotos.com/images/LargeWebPreview/0116/0116571.jpg
000441.jpg,https://c8.alamy.com/comp/E6E3G1/ornamental-pepper-capsicum-annuum-prairie-fire-plant-usa-E6E3G1.jpg
000442.jpg,http://l450v.alamy.com/450v/e6e3g3/ornamental-pepper-capsicum-annuum-prairie-fire-plant-usa-e6e3g3.jpg
000443.jpg,https://l450v.alamy.com/450v/pjn4tn/plant-capsicum-annuum-chilli-pepper-prairie-fire-pjn4tn.jpg
000444.jpg,http://datenightdoins.com/wp-content/uploads/2014/02/01200008.jpg
000445.jpg,https://l450v.alamy.com/450v/e6e3g2/ornamental-pepper-capsicum-annuum-prairie-fire-plant-usa-e6e3g2.jpg
000446.jpg,http://4.bp.blogspot.com/-eUmmZw9GcI4/UlbprMdLjJI/AAAAAAAAhbU/-Z2iHPa7v0U/s1600/10-10+037.jpg
000447.jpg,http://l7.alamy.com/zooms/0c2beb598fec475581ff46d98a058c3f/capsicum-annuum-chilli-prairie-fire-fruits-k5a8e6.jpg
000448.jpg,http://l7.alamy.com/zooms/38e6e6565d584e709f72064294cacbd3/ornamental-pepper-capsicum-annuum-prairie-fire-plant-usa-e6e3g5.jpg
000449.jpg,http://www.outsidepride.com/images/products/detail/graphics/prairiefire.jpg
000450.jpg,https://balconygardenweb-lhnfx0beomqvnhspx.netdna-ssl.com/wp-content/uploads/2017/03/pepper-in-pot.jpg
000451.jpg,http://l7.alamy.com/zooms/bad696411ae7424eba14af0081433743/capsicum-prairie-fire-chilli-pepper-ej0012.jpg
000452.jpg,https://img.crocdn.co.uk/images/products2/pl/20/00/02/17/pl2000021747_card2_lg.jpg
000453.jpg,https://www.thompson-morgan.com/product_images/100/zoom/z-CHIL-P258-B_h.jpg
000454.jpg,https://c8.alamy.com/comp/K4DFGD/chili-pepper-capsicum-annuum-black-prince-K4DFGD.jpg
000455.jpg,https://cdn.shopify.com/s/files/1/0992/8374/products/4.5PF_grande.jpg
000456.jpg,http://www.qscaping.com/Content/Images/Photos/H295-22.jpg
000457.jpg,http://g02.a.alicdn.com/kf/HTB1BqusKFXXXXc6XVXXq6xXFXXXv/A-great-border-edible-ground-cover-or-container-plant-Prairie-Fire-Vegetables-Pepper-Seeds-100-SEEDS.jpg
000458.jpg,https://c8.alamy.com/comp/PJN4TJ/plant-capsicum-annuum-chilli-pepper-prairie-fire-PJN4TJ.jpg
000459.jpg,http://cdn.shopify.com/s/files/1/0992/8374/products/8ozPF_grande.jpg
000460.jpg,https://c8.alamy.com/comp/H9WKGH/this-is-capsicum-annuum-the-chili-pepper-or-hot-pepper-family-solanaceae-H9WKGH.jpg
000461.jpg,https://thumbs.dreamstime.com/b/petunia-group-beautiful-pink-35725612.jpg
000462.jpg,http://i375.photobucket.com/albums/oo193/hollyberrylady08/prettypurplepepperplant.jpg
000463.jpg,http://i2.photobucket.com/albums/y1/mac124/photos/HotPatio.jpg
000464.jpg,http://thehotpepper.com/uploads/monthly_02_2015/post-8226-0-62601000-1424221750.jpg
000465.jpg,http://www.bbounous.com/pics/grd_prairiefire1.jpg
000466.jpg,http://www.bbounous.com/pics/grd_prairiefire3.jpg
000467.jpg,https://www.thompson-morgan.com/product_images/100/counter/c-VEGT-T67618-A_h.jpg
000468.jpg,https://img1.etsystatic.com/156/0/7823519/il_340x270.1159605951_8c6h.jpg
000469.jpg,https://www.asba-art.org/sites/default/files/styles/single_view_gallery/public/member-gallery/CHILLI%20PEPPERS_1.jpg
000470.jpg,https://bloximages.newyork1.vip.townnews.com/tulsaworld.com/content/tncms/assets/v3/editorial/e/c3/ec38313f-bc78-583e-b5d5-1eec3e8d613d/5a0a1f57dea11.image.jpg
000471.jpg,https://www.exotic-seeds.store/6402-home_default/prairie-fire-chilli-seeds.jpg
000472.jpg,https://c8.alamy.com/comp/F126GT/prairie-fire-hot-chilli-plant-F126GT.jpg
000473.jpg,https://s-media-cache-ak0.pinimg.com/236x/42/47/e5/4247e5c2c2819bf700657e0732f08b61.jpg
000474.jpg,https://arboretum.wisc.edu/content/uploads/2012/09/Leopold-group-burn_Fdn-orig_leo0678_cr_websz.jpg
000475.jpg,https://c8.alamy.com/comp/X53XD0/ornamental-hot-pepper-bush-X53XD0.jpg
000476.jpg,https://c8.alamy.com/comp/G0T4KN/tall-burnt-tree-stump-on-the-prairie-horizontal-orientation-with-room-G0T4KN.jpg
000477.jpg,http://www.prairiefirewinery.com/Cellar/wp-content/uploads/2015/10/FullSizeRender_1-1024x768.jpg
000478.jpg,https://image.shutterstock.com/image-photo/plant-capsicum-annuum-chilli-pepper-260nw-1171593907.jpg
000479.jpg,http://www.prairiefirewinery.com/Cellar/wp-content/uploads/2015/10/5.jpg
000480.jpg,https://thumbs.dreamstime.com/b/plant-capsicum-annuum-chilli-pepper-prairie-fire-close-up-128261725.jpg
000481.jpg,https://cowboycharcoal.com/files/Sauce%20Ingredients%20and%20Facts/Prairie%20Fire%20FACTS.jpg
000482.jpg,http://www.prairiefirewinery.com/Cellar/wp-content/uploads/2015/10/6.jpg
000483.jpg,http://g03.a.alicdn.com/kf/HTB1AEvHKXXXXXXDXpXXq6xXFXXXN/New-100PCS-font-b-Ornamental-b-font-Hot-font-b-Pepper-b-font-Seeds-Prairie-Fire.jpg
