image,source
000001.jpg,https://i.ytimg.com/vi/5VE4iVTGsV0/maxresdefault.jpg
000002.jpg,https://bloximages.chicago2.vip.townnews.com/thesouthern.com/content/tncms/assets/v3/editorial/9/f9/9f95993b-3de6-5c6f-8dd7-443e3a08da54/54d5441686418.image.jpg?resize=400%2C371
000003.jpg,https://ecs7.tokopedia.net/img/cache/700/product-1/2016/2/10/2494366/2494366_59ba53e8-5d75-4e32-aa97-c2141ca3b03c.jpg
000004.jpg,https://www.attainable-sustainable.net/wp-content/uploads/2011/07/edible-front-yard-garden-1.jpg
000005.jpg,http://andihays.net/drupal/files/images/pepper2.preview.JPG
000006.jpg,https://ssl.c.photoshelter.com/img-get/I0000NxsPfiE5sgo/s/500/400/HS41-180x.jpg
000007.jpg,https://thumbs.imagekind.com/2116831_650/Pretty-Purple-Hot-Pepper-Plant_art.jpg?v=1492100136
000008.jpg,http://i.imgur.com/yL97qFW.jpg
000009.jpg,https://farawaygarden.nl/wp-content/uploads/2019/08/69526092_485411975589643_5914009467959115776_n.jpg
000010.jpg,https://ssl.c.photoshelter.com/img-get/I0000WIEqZYjL3is/s/500/400/HS41-016b.jpg
000011.jpg,http://www.homegrown-peppers.com/wp-content/uploads/2009/04/thai-hot-pepper-20090419.jpg
000012.jpg,https://pbs.twimg.com/media/DPJAc-KW0AAzHQq.jpg
000013.jpg,https://www.dominion-seed-house.com/304884-large/hyb-pretty-n-sweet-patio-collection.jpg
000014.jpg,http://scharfundlecker.de/WebRoot/Store16/Shops/72ecc385-2423-4740-a34d-191be29dfbd6/5479/DF16/40DA/3E5A/D40E/0A48/3548/A3C2/Pretty_in_Purple_Saatgut_Chilisamen.jpg
000015.jpg,https://cdn.shopify.com/s/files/1/1022/5071/products/pepper-nosegay-pepper-capsicum-annuum-edible-ornamental-pretty-1.jpg?v=1565030226
000016.jpg,http://d5mwzw6aat42d.cloudfront.net/Pepper/Loco/Hot%20Pepper%20Loco%2011036302.jpg
000017.jpg,http://2.bp.blogspot.com/-BiGIaEjNwPU/U2T1pXpFvaI/AAAAAAAACtg/AT9bSzpswd0/s1600/Yaki+blue+ripening_tn.jpg
000018.jpg,https://gardentable.files.wordpress.com/2011/08/img_8249.jpg
000019.jpg,https://assets.bigcartel.com/product_images/244660415/IMG_20190910_164146_216.jpg?auto=format&fit=max&w=1200
000020.jpg,https://pics.davesgarden.com/pics/2007/09/24/EvaPilot/271696.jpg
000021.jpg,https://www.picclickimg.com/d/l400/pict/392378561952_/Basket-of-Fire-Chilli-Chili-Chile-Hot-Pepper.jpg
000022.jpg,https://silverroseknits.files.wordpress.com/2011/08/prettyperu2-1280x960.jpg
000023.jpg,https://callisto.ggsrv.com/imgsrv/FastFetch/UBER1/ZI-3741-2001-MAY00-IDSI-10-1
000024.jpg,https://cdn.shopify.com/s/files/1/0915/1060/products/ukranian-purple-tomato-pepper-joes.jpg?v=1457044566
000025.jpg,https://blackgold.bz/wp-content/uploads/2018/09/IMG_1770.jpeg
000026.jpg,https://s1.bukalapak.com/img/180309861/w-1000/pretty_purple_Bonsai_pepper.png
000027.jpg,https://www.devonchilifarm.hu/wp-content/uploads/2019/01/Demon-Red-Chilli-mag-324x324.jpg
000028.jpg,https://pics.davesgarden.com/pics/2007/09/24/EvaPilot/b6dfae.jpg
000029.jpg,http://huntsvillephotographicsociety.org/application/files/cache/b40888abc180ba339bb4da2776c479dd.jpg
000030.jpg,https://i.ebayimg.com/images/g/yfcAAOSwFMdahZKY/s-l300.jpg
000031.jpg,https://us01.imgcdn.ymcart.com/25804/thumb/500x500/2017/12/25/5/b/5b8c563c489bf045.jpg
000032.jpg,https://www.picclickimg.com/d/l400/pict/252391419783_/A-Rare-Very-Ornamental-Edible-Hot-Chilli-Pepper.jpg
000033.jpg,https://zebrezebre.com/wp-content/uploads/2019/09/cayenne-pepper-in-flower-beds-66-best-photograph-of-growing-chillies-how-to-grow-chili-peppers-from-seed-of-cayenne-pepper-in-flower-beds.jpg
000034.jpg,https://all-americaselections.org/wp-content/uploads/2016/10/Pepper_PrettyNSweet_AAS2015_withRistras.jpg
000035.jpg,https://scontent-lga3-1.cdninstagram.com/vp/516e7b7c8879ff99641da4e10fca28cd/5DF7B463/t51.2885-15/sh0.08/e35/c0.135.1080.1080a/s640x640/65113026_178529963161885_2820925169026089877_n.jpg?_nc_ht=scontent-lga3-1.cdninstagram.com&_nc_cat=101
000036.jpg,https://www.neseed.com/wp-content/uploads/2018/12/32511-Pretty-N-Sweet-Pepper.jpg
000037.jpg,https://organic-gardening.s3.amazonaws.com/p/xl/262464/262464.jpg
000038.jpg,https://www.producebluebook.com/wp-content/uploads/2019/08/pepper-update.png
000039.jpg,http://howlinatthemoon.co/wp-content/uploads/2018/09/purple-hot-peppers-5-color-pepper-pretty-purple-hot-peppers.jpg
000040.jpg,https://cdn.shopify.com/s/files/1/0871/0950/files/tabasco-ornamental-pepper-seeds.jpg?v=1537456826
000041.jpg,https://ae01.alicdn.com/kf/HTB1fdQtKpXXXXX8XFXXq6xXFXXXA/Free-Shipping-20-Pretty-Purple-Pepper-Seeds-Very-Hot-Attractive-DIY-Home-Garden-Vegetable-Plant.jpg
000042.jpg,https://thetomatoladyblog.files.wordpress.com/2019/03/violet-sparkle.jpg?w=584
000043.jpg,https://www.burpee.com/dw/image/v2/ABAQ_PRD/on/demandware.static/-/Sites-masterCatalog_Burpee/default/dwe415d8e6/Images/Product%20Images/prod22487/prod22487.jpg?sw=322&sh=380&sm=fit
000044.jpg,https://www.seedsbydesign.com/_ccLib/image/plants/THUM-1995.jpg
000045.jpg,https://live.staticflickr.com/1944/44470198615_cd4dbc7996_b.jpg
000046.jpg,https://i.redd.it/raaefc2ogt331.jpg
000047.jpg,https://www.swallowtailgardenseeds.com/gardens/vegetables/pepper-pretty-n-sweet.jpg
000048.jpg,https://mumhowmuchlonger.files.wordpress.com/2013/08/cayenne-pepper.jpg?w=1024&h=1014
000049.jpg,http://b-and-t-world-seeds.com/images/457027.jpg
000050.jpg,https://images.knowlesco.com/mls_images/luxury/1100057/image-1100057-1.jpg
000051.jpg,http://i57.photobucket.com/albums/g220/Biscombe/FiliusBlue.jpg
000052.jpg,https://cdn.shopify.com/s/files/1/1796/4623/products/20180512_131351_1527981905772_ac53a693-c5a5-4bfc-9848-b4fab957c2b9_530x@2x.jpg?v=1532621306
000053.jpg,http://debthelper.info/wp-content/uploads/2018/10/here-are-a-few-pictures-of-the-different-stages-last-one-being-when-purple-super-hot-pepper-is-ripe-peppers-colored.jpg
000054.jpg,https://sep.yimg.com/ay/yhst-61819287486445/mini-peppers-pretty-n-sweet-seeds-10.gif
000055.jpg,https://images.prod.meredith.com/product/e8d325191f3b5b42d1a856264f40d22d/1552025160364/l/burpee-tangerine-dream-sweet-pepper-seeds-30-seeds
000056.jpg,https://stuporglue.org/wp-content/uploads/2011/07/IMG_0525-570x427.jpg
000057.jpg,http://4.bp.blogspot.com/-I9CIlDCfNKQ/TueMjnuhTPI/AAAAAAAAAHc/FiVE9lc6eS0/s1600/Peppers+1st+day.JPG
000058.jpg,https://media.istockphoto.com/photos/chilli-flower-pretty-in-purple-picture-id471207709
000059.jpg,https://pics.davesgarden.com/pics/2008/03/02/dda1974/265665.jpg
000060.jpg,https://i.imgur.com/W0aoOnZ.jpg
000061.jpg,https://marylandgrows.files.wordpress.com/2011/06/d2a2e-patsweetpotato.jpg
000062.jpg,https://cdn.shopify.com/s/files/1/1022/5071/products/pepper-nosegay-pepper-capsicum-annuum-edible-ornamental-pretty-4_1024x1024.JPG?v=1565030227
000063.jpg,https://i2.wp.com/localgardener.net/wp-content/uploads/2018/05/peppers2.jpg?ssl=1
000064.jpg,https://image2.slideserve.com/4180974/pretty-in-purple-bell-pepper-l.jpg
000065.jpg,https://www.picclickimg.com/00/s/Nzc1WDEwMjQ=/z/2psAAOxyGb1RFoXH/$/Pretty-in-Purple-Hot-Chili-Chilli-Chile-Pepper-_1.jpg
000066.jpg,https://farawaygarden.nl/wp-content/uploads/2019/08/68861938_485412062256301_2100646097629216768_n.jpg
000067.jpg,https://scontent-frx5-1.cdninstagram.com/v/t51.2885-15/e35/p320x320/69413809_415424082444717_8067706367916361339_n.jpg?_nc_ht=scontent-frx5-1.cdninstagram.com&oh=5370449030e54702bb999f31aacdca2e&oe=5DF40D7A&ig_cache_key=MjExNzI4MTcwNDEyODMxNzQ3MQ%3D%3D.2
000068.jpg,http://2.bp.blogspot.com/-8jJPJPOd-vI/T-yXHyhwKKI/AAAAAAAAJnI/Tli0ByFEI0A/s400/DSC_1840.JPG
000069.jpg,http://thehotpepper.com/uploads/monthly_06_2018/post-14347-0-79196000-1528137734.jpg
000070.jpg,http://i.imgur.com/sT5aeKY.jpg
000071.jpg,https://static2.bigstockphoto.com/0/6/1/large2/160644521.jpg
000072.jpg,https://m.cbhomes.com/p/607/1100057/FA8d3A2E5d8e4f1/pds23tp.jpg
000073.jpg,https://images.homedepot-static.com/productImages/7bba86a8-6ab1-441a-94b8-f7c8474ad0aa/svn/bonnie-plants-vegetable-plants-3400-64_1000.jpg
000074.jpg,https://i.etsystatic.com/6728015/r/il/38880c/746264163/il_570xN.746264163_m1l0.jpg
000075.jpg,https://images.prod.meredith.com/product/dd283b1092402abb0046402499f82bf3/1543735779253/l/hand-painted-glass-mason-jar-salt-and-pepper-shakers-with-purple-tulips
000076.jpg,https://media-cdn.tripadvisor.com/media/photo-s/14/8e/12/5c/white-pepper-crab-not.jpg
000077.jpg,https://all-americaselections.org/wp-content/uploads/2016/10/Pepper_PrettyNSweetF1-AAS2015-2.jpg
000078.jpg,https://i1.wp.com/media.tumblr.com/tumblr_l8pjnsxj1d1qbwcf7.jpg
000079.jpg,https://images2.minutemediacdn.com/image/upload/c_crop,h_1195,w_2125,x_0,y_103/f_auto,q_auto,w_1100/v1555182770/shape/mentalfloss/iStock-513992739.jpg
000080.jpg,https://1.bp.blogspot.com/-yqnSVgRY1jQ/Vb64pe2aDNI/AAAAAAAAdq0/3PObsd8UrMY/s1600/purple%2Bpepper%2Bconfetti%2Bsalad3.JPG
000081.jpg,https://cdn10.bigcommerce.com/s-2drwt2az/products/10562/images/45590/pepperprettysweet3__55397.1493250176.1280.1280.jpg?c=2
000082.jpg,http://livingvintageco.com/wp-content/uploads/2015/07/pretty-purple-bell-peppers-one-of-8-picks-for-this-weeks-Friday-Favorites.jpg
000083.jpg,https://i1.wp.com/garden.rep-am.com/wp-content/uploads/sites/14/2012/01/undated_CXL_normanpeppers1-230x300.jpg?resize=230%2C300
000084.jpg,https://st.depositphotos.com/1708346/2390/i/950/depositphotos_23906799-stock-photo-a-large-group-of-pretty.jpg
000085.jpg,https://media.spokesman.com/photos/2011/09/07/foo_07salsa2b.jpg
000086.jpg,https://s3-media3.fl.yelpcdn.com/bphoto/HPrXjC3gkSKToGEje8UhmQ/o.jpg
000087.jpg,https://media.gettyimages.com/photos/pretty-peppers-picture-id172348187
000088.jpg,https://hggourmet.com/wp-content/uploads/2018/03/Pepper-Gypsy.jpeg
000089.jpg,http://www.rosybluhome.com/wp-content/uploads/2011/10/peppers-before-960x570.jpg
000090.jpg,https://preventionrd.com/wp-content/uploads/2017/11/Bolognese-Stuffed-Peppers-1.jpg
000091.jpg,http://whiskandshout.com/wp-content/uploads/2018/11/543701F3-473C-48A8-8191-2837659951D8.jpg
000092.jpg,https://s3.amazonaws.com/growjourney/Img/Blog/Sept-18/basket-of-peppers.png
000093.jpg,https://live.staticflickr.com/2714/5851371629_9e9c85c388_b.jpg
000094.jpg,http://www.abbondanzafarm.com/uploads/2/6/1/8/26183902/__6777514.png
000095.jpg,https://scontent-yyz1-1.cdninstagram.com/vp/1266411601907ee02aed50c9cef9b36d/5E12A2B6/t51.2885-15/sh0.08/e35/s640x640/66411013_450011245851333_1813007394059989187_n.jpg?_nc_ht=scontent-yyz1-1.cdninstagram.com&_nc_cat=109
000096.jpg,https://cf.shopee.co.id/file/dc28fa57cde3dd66a364de2036708c26_tn
000097.jpg,http://www.fieryfoodscentral.com/wp-content/uploads/2008/07/flowers.jpg
000098.jpg,https://doylehobbs.co/wp-content/uploads/2019/04/banana-tree-container-kitchen-pot-pretty-grow-indoors-plantation-pepper-plants-pots-trees-dwarf-overwintering-winterizing-planting-growing-red-potting-mix.jpeg
000099.jpg,https://meganboley.files.wordpress.com/2009/10/100709.jpg
000100.jpg,https://d1np8g368n9o2h.cloudfront.net/1d630f14-a286-4317-84f0-3a8f9b47fa51
000101.jpg,https://cdn0.rubylane.com/_pod/item/731/RL-021917/Dainty-Violets-Porcelain-Salt-Pepper-Set-full-1o-720-480f81aa-f.png
000102.jpg,https://i.redd.it/sx4nwju4uii31.png
000103.jpg,https://s3.amazonaws.com/filestore.rescuegroups.org/135/pictures/animals/11406/11406291/45277241_500x485.jpg
000104.jpg,https://i.imgur.com/9G28lkZ.jpg
000105.jpg,https://www.nzherald.co.nz/resizer/D99j45T9D68c2OweYGb0Mr9ZwsM=/360x384/filters:quality(70)/arc-anglerfish-syd-prod-nzme.s3.amazonaws.com/public/CD7TJPRPFZCO7KNQBQ4P7FWBUE.jpg
000106.jpg,https://littlesproutslearning.co/wp-content/uploads/2015/03/How-to-Grow-Hot-Peppers-and-Sweet-Peppers.jpg
000107.jpg,http://1.bp.blogspot.com/-Zdr66pGSkmA/T9IoTLTI2EI/AAAAAAAAA8Y/TmQdYTsx8Oc/s1600/ThaiHot.jpg
000108.jpg,https://dynamicmedia.zuza.com/zz/m/original_/b/8/b8e3e4c9-f1a9-41d4-92c1-7c847ffd0f49/da266cd84ba0b52770688793326b_Gallery.jpg
000109.jpg,https://scontent-frt3-1.cdninstagram.com/v/t51.2885-15/e35/c0.132.1440.1440a/s320x320/69484979_425901921378101_3895049997490079329_n.jpg?_nc_ht=scontent-frt3-1.cdninstagram.com&_nc_cat=105&oh=7eba3edbede60b4224a9b313a47a41a0&oe=5E179D4A&ig_cache_key=MjEyNTU1OTM0MTg1OTA0NTI2MA%3D%3D.2.c
000110.jpg,https://w3.chabad.org/media/images/1049/eJDT10497698.jpg
000111.jpg,https://agfstorage.blob.core.windows.net/misc/FP_com/2018/09/26/Peppers%202%20460x345.jpg
000112.jpg,https://media.istockphoto.com/vectors/pretty-seamless-pattern-made-of-hand-drawn-colorful-spicy-sliced-vector-id839826804
000113.jpg,https://i.etsystatic.com/5423753/r/il/d96474/941408394/il_794xN.941408394_hll3.jpg
000114.jpg,https://farawaygarden.nl/wp-content/uploads/2019/08/69268185_485412015589639_3225899508814577664_n.jpg
000115.jpg,https://res.cloudinary.com/twenty20/private_images/t_watermark-criss-cross-10/v1541216754000/photosp/d68d7397-cdd0-43f8-935c-710159a4bb02/stock-photo-cooking-kitchen-dish-homemade-recipe-sweet-peppers-lemon-butter-chicken-d68d7397-cdd0-43f8-935c-710159a4bb02.jpg
000116.jpg,https://cdn.shopify.com/s/files/1/1095/8052/products/Pepper_Chilaque_Rojo4_large.jpg?v=1544139313
000117.jpg,http://www.thedefineddish.com/wp-content/uploads/2019/09/2019-08-26-06.56.50-564x846.jpg
000118.jpg,https://edge.bonnieplants.com/www/uploads/20180920002204/lemon-dream-sweet-pepper-480x360.jpg
000119.jpg,https://marylandgrows.files.wordpress.com/2018/09/img_4679.jpg?w=604
000120.jpg,https://www.pressdemocrat.com/csp/mediapool/sites/dt.common.streams.StreamServer.cls?STREAMOID=izscET4lldYuLuvlyd8r_8$daE2N3K4ZzOUsqbU5sYtDb$iHpFXQjZgtnHUk7DU9WCsjLu883Ygn4B49Lvm9bPe2QeMKQdVeZmXF$9l$4uCZ8QDXhaHEp3rvzXRJFdy0KqPHLoMevcTLo3h8xh70Y6N_U_CryOsw6FTOdKL_jpQ-&CONTENTTYPE=image/jpeg
000121.jpg,https://2.bp.blogspot.com/-Kk0E2oCo1qA/WUXqj-8WnFI/AAAAAAAAVao/F3VIjEG3toYLz88OCvQyeduw4rqxJQOXwCLcBGAs/s1600/IMG_4296.JPG
000122.jpg,https://delicaciesjewelry.com/wp-content/uploads/2017/07/Chile_WEB.jpg
000123.jpg,https://austineconetwork.com/wp-content/uploads/2015/10/halloween-trick-or-treating-at-b.jpg
000124.jpg,https://c1.staticflickr.com/3/2370/5826419957_469f8d9bc6_b.jpg
000125.jpg,https://render.fineartamerica.com/images/rendered/medium/canvas-print/mirror/break/images-medium-5/pretty-purple-qing-yang-canvas-print.jpg
000126.jpg,https://pbs.twimg.com/media/Dd6kB6cWAAAmIgi.jpg
000127.jpg,https://www.chilliseedbank.com.au/media/catalog/product/cache/image/265x265/0f3e1646ecda558b57e1ecc136e0eef6/c/a/cayenne_1.jpg
000128.jpg,https://trademe.tmcdn.co.nz/photoserver/full/986180878.jpg
000129.jpg,https://www.minorcanmayhem.com/uploads/6/1/8/6/61860499/1245279_orig.jpg
000130.jpg,http://www.picklemetoo.com/wp-content/uploads/2012/09/peppertip1.jpg
000131.jpg,http://i1151.photobucket.com/albums/o630/kingdenniz/6eb0ed23.jpg
000132.jpg,https://static3.bigstockphoto.com/0/6/1/large2/160644512.jpg
000133.jpg,https://www.egmontseeds.co.nz/images/products/Capsicum-Hot-Jalwa-India-53736.jpg
000134.jpg,https://www.monticello.org/sites/default/files/inbloom/large/capiscum_annuum_glab.jpg
000135.jpg,https://theskinnyishdish.com/wp-content/uploads/2019/03/16_Philly-Cheese-Stuffed-Peppers_VERT_FINAL.jpg
000136.jpg,https://imagefileshost.co.uk/sparksgiftwholesalers/300x300/LP94066-2.jpg
000137.jpg,https://d2h1pu99sxkfvn.cloudfront.net/b0/4483747/511376413_FwZzlbYTJh/P8.jpg
000138.jpg,https://theprimaldesire.com/wp-content/uploads/2016/05/Egg-Stuffed-Bell-Peppers-title.jpg
000139.jpg,https://hggourmet.com/wp-content/uploads/2018/03/Pepper-Pretty-Sweet.jpeg
000140.jpg,https://papaspepperfarm.files.wordpress.com/2016/05/ans9952.jpg?w=584
000141.jpg,https://moldresistantstrains.com/wp-content/uploads/2019/05/grand-daddy-purple-gdp-strain.jpg
000142.jpg,https://fartleyfarms.com/wp-content/uploads/2019/06/IMG_20190603_063502-e1559606748184-1024x560.jpg
000143.jpg,https://s3.amazonaws.com/cdn.totallytomato.com/images/popup/03061.jpg
000144.jpg,http://schweikertgreenhouse.com/wp-content/uploads/2013/04/purple-beauty.jpg
000145.jpg,https://pics.davesgarden.com/pics/2005/08/28/critterologist/7fe59d.jpg
000146.jpg,https://www.rachelcooks.com/wp-content/uploads/2013/08/pizza-quinoa-stuffed-peppers-text.jpg
000147.jpg,https://farmfreshforlife.com/wp-content/uploads/2018/07/peppers-6.jpg
000148.jpg,https://c7.uihere.com/files/865/955/794/indian-cuisine-asian-cuisine-chili-pepper-food-spice-pretty-red-pepper-vegetables.jpg
000149.jpg,https://2.bp.blogspot.com/-mrcromWlrsk/WUXqkIvR4lI/AAAAAAAAVas/qBaz_N3UfDoTADlT23aYOzGHURGFSGEWACLcBGAs/s1600/IMG_4295.JPG
000150.jpg,https://www.neseed.com/wp-content/uploads/2016/08/32055-Habanero-Red-Hot-Pepper-324x324.jpg
000151.jpg,https://moldresistantstrains.com/wp-content/uploads/2019/05/purple-ryder-auto-strain-seedsman.jpg
000152.jpg,https://media2.fdncms.com/inlander/imager/u/original/9534109/mystery_pepper_salsa.jpg
000153.jpg,https://cdn.shopify.com/s/files/1/0915/1060/products/lilac-bell-pepper-pepper-joes.jpg?v=1457598788
000154.jpg,https://media-cdn.tripadvisor.com/media/photo-s/07/9f/6b/31/salt-and-pepper.jpg
000155.jpg,https://thumbs.dreamstime.com/b/chili-pepper-purple-habanero-peach-chilli-hot-pretty-purple-98940089.jpg
000156.jpg,https://edge.bonnieplants.com/www/uploads/20180920003636/thai-hot-pepper.jpg
000157.jpg,https://instagram.fist1-2.fna.fbcdn.net/vp/05840b098de74218f3b800a074192f05/5DE9E37F/t51.2885-15/sh0.08/e35/s640x640/66658996_2298582560222659_8665483950892323386_n.jpg?_nc_ht=instagram.fist1-2.fna.fbcdn.net
000158.jpg,https://mediad.publicbroadcasting.net/p/wlrn/files/styles/x_large/public/201401/photo_5_copy.JPG
000159.jpg,https://ih1.redbubble.net/image.716517622.3825/flat,1000x1000,075,f.u4.jpg
000160.jpg,https://scontent-yyz1-1.cdninstagram.com/v/t51.2885-15/e35/s240x240/69048314_703015946842393_1216256367128051842_n.jpg?_nc_ht=scontent-yyz1-1.cdninstagram.com&_nc_cat=101&oh=564724ff040991900df815fcc933f0ee&oe=5E1CCE96&ig_cache_key=MjEzNDMzMjc4MzA5NzU2MTA3MQ%3D%3D.2
000161.jpg,https://i.ytimg.com/vi/cce1yoIs-Oc/maxresdefault.jpg
000162.jpg,https://instagram.fist1-2.fna.fbcdn.net/vp/d64d5ff464d0770aac9a50c27610247d/5DE92A6E/t51.2885-15/sh0.08/e35/s640x640/18161388_1557068001031250_9016070041539444736_n.jpg?_nc_ht=instagram.fist1-2.fna.fbcdn.net
000163.jpg,https://www.cajungrocer.com/pub/media/catalog/product/cache/4517d647163cf150fd74181a2458143e/o/l/ole_homestead_muscadine_pepper_jelly.jpg
000164.jpg,https://s3-media3.fl.yelpcdn.com/bphoto/FyA2ip9pCa_MUQbsBL-T7g/348s.jpg
000165.jpg,https://images.prod.meredith.com/product/85e8c27af57e24b4c68187a3267aaef0/1530247469638/l/hand-painted-purple-violets-glass-salt-and-pepper-shakers
000166.jpg,https://www.yummymummykitchen.com/wp-content/uploads/2010/05/4589782945_141812905c_o-725x764.jpg
000167.jpg,http://2.bp.blogspot.com/-reKeEMGIGzs/VC5gB-kL9VI/AAAAAAAAD70/ZhsUFaOl26E/s1600/PA020527_CP1%2Bcream%2Bpurple%2Bbhut%2Bx%2Bneyde.jpg
000168.jpg,https://www.ajvar.com/wp-content/uploads/2017/08/KAKO-IZABRATI-PRAVU-PAPRIKU-1170x780.jpg
000169.jpg,https://d2h1pu99sxkfvn.cloudfront.net/b0/2051598/355179548_jEuFtGbrDo/P0.jpg
000170.jpg,https://4.bp.blogspot.com/-GQwIp5-gnUg/T-yZVZNYAkI/AAAAAAAAJns/kW1nfgRRd9g/s400/DSC_1842.JPG
000171.jpg,http://209dogtraining.com/wp-content/uploads/2019/07/aplus_dog_training-Jack-with-Pepper.jpg
000172.jpg,https://cdn2.foap.com/images/3a2d99c6-2d8a-4421-8a20-d298000ffdb2/w640.jpg?1444696469
000173.jpg,https://live.staticflickr.com/57/201491274_34b656d2dd_z.jpg
000174.jpg,https://www.tokkoro.com/picsup/1415143-pepper.jpg
000175.jpg,https://www.seedsbydesign.com/_ccLib/image/plants/THUM-1128.jpg
000176.jpg,http://www.sciencefriday.com/wp-content/uploads/2016/08/Reapers-pretty-boys.jpg
000177.jpg,https://i0.wp.com/www.tattooedmartha.com/wp-content/uploads/2013/07/Tattooed-Martha-Black-Bean-and-Quinoa-Stuffed-Peppers-7.jpg
000178.jpg,http://durandtsheirloomseeds.co.za/wp-content/uploads/2018/04/Purple-Jalape%C3%B1o.jpg
000179.jpg,https://pics.me.me/the-worlds-hottest-pepper-makes-pretty-little-flowers-carolina-reaper-62720078.png
000180.jpg,https://www.sugarfreemom.com/wp-content/uploads/2019/06/Mediterranean-stuffed-peppers-3.jpg
000181.jpg,https://static.wixstatic.com/media/d70aab_800cd61cf28549d592edaa95a97e77dc~mv2.jpg/v1/fill/w_480,h_287,al_c,q_85,usm_0.66_1.00_0.01/d70aab_800cd61cf28549d592edaa95a97e77dc~mv2.jpg
000182.jpg,https://cdn0.rubylane.com/_pod/item/815747/321-7/Purple-Floral-Chintz-Salt-Pepper-Tray-full-1A-700%3A10.10-32-r-cccccc-6.png
000183.jpg,https://di2ponv0v5otw.cloudfront.net/posts/2019/07/14/5d2bade62c6fc662741e4a0b/m_5d2badeab73ed8b3d188349d.jpeg
000184.jpg,https://images-na.ssl-images-amazon.com/images/I/41ePaL0IXhL._SL500_AC_SS350_.jpg
000185.jpg,https://pinchofyum.com/wp-content/uploads/Sunday-Chili-600x900.jpg
000186.jpg,https://pbs.twimg.com/media/ED4fTb2XYAAs-Pi.jpg
000187.jpg,https://149361851.v2.pressablecdn.com/wp-content/uploads/2014/05/hot-peppers.jpg
000188.jpg,https://static.wixstatic.com/media/0a6f89_967cc5d2df244c31adea293f23828224~mv2_d_2048_1365_s_2.jpg/v1/fit/w_300,h_300,al_c,q_80/file.jpg
000189.jpg,https://cookthestory.com/wp-content/uploads/2011/02/Baked-Brie-with-Garlic-and-Red-Pepper-DPV.jpg
000190.jpg,https://thisnzlife.co.nz/wp-content/uploads/2018/10/LL82_Ruth-Pretty_05.jpg
000191.jpg,https://pics.davesgarden.com/pics/2018/01/17/DaylilySLP/34db33.jpg
000192.jpg,https://assets.epicurious.com/photos/5aa00cbc0165770628983f3f/16:9/w_2560%2Cc_limit/Posole-peppers-03012018.jpg
000193.jpg,http://3.bp.blogspot.com/_2auPgkwYYKY/S3Tj0RnzGQI/AAAAAAAABC8/NS6SKPq6Cfg/s320/Tasmannia+insipida+fruits+Goomburra+Jan10.jpg
000194.jpg,https://ksassets.timeincuk.net/wp/uploads/sites/55/2017/05/beatles_pretty_green_jacket_1000-920x584.jpg
000195.jpg,https://bostonglobe-prod.cdn.arcpublishing.com/resizer/Orfk9s8gaGClYe6MB5Sfkefw41I=/412x0/arc-anglerfish-arc2-prod-bostonglobe.s3.amazonaws.com/public/K52JX5GQDUI6DA5PUNDGDJO3OU.jpg
000196.jpg,http://www.tomatobabycompany.com/pics-big/Cayenne-Pepper-Melissa-and-Darren-Walnut-Ridge-AR.jpg
000197.jpg,https://puriegarden.com/wp-content/uploads/2016/03/pretty-purple-Bonsai-pepper.png
000198.jpg,https://comic-tee.com/wp-content/uploads/Bring-me-a-Dr.Pepper-tell-me-im-pretty-shirt-ladies-tee.jpg
000199.jpg,https://www.mynewroots.org/site/wp-content/uploads/2019/10/pepper6-831x1024.jpg
000200.jpg,https://www.healthy-delicious.com/wp-content/uploads/2011/04/IMG_5136.jpg
000201.jpg,https://i.etsystatic.com/6728015/r/il/b5b781/640737677/il_570xN.640737677_6mdk.jpg
000202.jpg,https://cdn.shopify.com/s/files/1/1095/8052/products/Pepper_Anjali_2_large.jpg?v=1544139048
000203.jpg,https://cdn.ecvol.com/s/www.gardenmania.com.br/produtos/sementes-de-pimenta-ornamental-colorida-pretty-purple-capsicum-annuum/g/0.jpg?v=0
000204.jpg,https://media.istockphoto.com/photos/market-fresh-vegetables-in-a-reusable-pretty-string-bag-on-an-old-picture-id1051613898
000205.jpg,https://trademe.tmcdn.co.nz/photoserver/full/518844855.jpg
000206.jpg,https://img.sndimg.com/food/image/upload/c_thumb,q_80,w_412,h_232/v1/img/recipes/48/27/53/picI06Jxc.jpg
000207.jpg,https://ae01.alicdn.com/kf/HTB167fzKpXXXXbvXXXXq6xXFXXX2/Purple-peppers-color-bell-pepper-sweet-pepper-organic-vegetable-100-particles.jpg
000208.jpg,https://66.media.tumblr.com/621036c517b87e17f983c64e9495b6bd/7d03c8b5f5137960-ed/s500x750/7524fdd45e58203e35c09bec2ac3367716b69016.jpg
000209.jpg,https://cdn.shopify.com/s/files/1/2630/8280/products/dcf31f8c657edc8b2a9f4a9edfa2a077_600x.jpg?v=1512947003
000210.jpg,http://i0.wp.com/1.bp.blogspot.com/_o54OF8xUVYM/TMXYQxDasSI/AAAAAAAAAKA/2G9Ov94T4mw/s1600/DSC_0556-1.JPG
000211.jpg,https://twohealthykitchens.com/wp-content/uploads/2018/09/Sweet-and-Spicy-Pepper-Relish-Ghost-Peppers.jpg
000212.jpg,https://4.bp.blogspot.com/-yeGiws2wATA/Vb64pi9AXkI/AAAAAAAAdq8/zqslg6Kuq04/s1600/purple%2Bpepper%2Bconfetti%2Bsalad4.JPG
000213.jpg,https://www.cookingforkeeps.com/wp-content/uploads/2019/07/Shishito-Pepper-and-Burrata-Crostini-1.jpg
000214.jpg,https://newburyportart.org/wp-content/uploads/2014/11/231132-496x500.jpg
000215.jpg,http://www.tradewindsfruit.com/content/images/aji_pineapple_pepper.jpg
000216.jpg,https://johnlewis.scene7.com/is/image/JohnLewis/003337938alt5?$rsp-pdp-port-1440$
000217.jpg,http://i1238.photobucket.com/albums/ff496/bakerspeppers/Pepper%20Sales%20Pics/IMAG0117.jpg
000218.jpg,https://i1.wp.com/nodighome.com/wp-content/uploads/2018/02/img_5980.jpg?resize=750%2C491&ssl=1
000219.jpg,https://farm2.staticflickr.com/1940/45025099174_19ef02e35c_b.jpg
000220.jpg,https://3518299e595ff97339f4-c42aea95eb149b9cb46332aab2acb8cf.ssl.cf5.rackcdn.com/de2ae3e3f459aeada0d4217d62eb07c9-2-.jpg?1562796630
000221.jpg,https://pbs.twimg.com/media/ED4fTb4WkAACxSm.jpg
000222.jpg,https://xebiijq7c0-flywheel.netdna-ssl.com/wp-content/uploads/2018/04/strawberry-margaritas-with-cilantro02.jpg
000223.jpg,https://www.ambitiouskitchen.com/wp-content/uploads/2018/05/coleslaw-4.jpg
000224.jpg,https://img.sndimg.com/food/image/upload/c_thumb,q_80,w_412,h_232/v1/img/recipes/44/65/61/op7rh6vSKi52Eqdnlzsq_Rice%20pilaf%20cajun.jpg
000225.jpg,https://i.etsystatic.com/10612240/r/il/0dfcd7/1682974978/il_570xN.1682974978_q1u5.jpg
000226.jpg,https://d2lnr5mha7bycj.cloudfront.net/product-image/file/large_625d536d-0601-4326-9695-33dbeacb0e19.jpg
000227.jpg,https://cdn.shortpixel.ai/client/q_glossy,ret_img,w_588/https://www.smalltownwoman.com/wp-content/uploads/2017/08/Mozzarella-Mushroom-Pepper-Chicken-Bake.jpg
000228.jpg,https://4.bp.blogspot.com/-oyIQzh5uTps/Tho0_FoLTOI/AAAAAAAAATE/6yYpg2egwT0/s1600/DSC05504.JPG
000229.jpg,https://hellopretty.co.za/sites/hellopretty.co.za/files/styles/2014_product_full/public/products/black_pepper.jpg?itok=2UbUq2Te
000230.jpg,https://s3.amazonaws.com/cdn.jungseed.com/images/popup/03058.jpg
000231.jpg,http://farm4.staticflickr.com/3770/9010975856_93b1b85b3b_z.jpg
000232.jpg,https://images.atomretro.com/products/1400/beatles-lonley-hearts-tee-blue-4.jpg
000233.jpg,https://cdn.shopify.com/s/files/1/1095/8052/products/Pepper_Fish2_c156252d-b683-4d90-bc65-c91c3d5d50ab.jpg?v=1545075588
000234.jpg,https://tasteandsee.com/wp-content/uploads/2016/08/OT-ECU-pretty-peppers.jpg
000235.jpg,https://thedolcediet.com/wp-content/uploads/2015/09/artichoke-high-586x440.gif
000236.jpg,https://cdn.shopify.com/s/files/1/1879/7605/products/image_41ace36f-4c23-421c-a9e7-18e967cd5740_530x@2x.jpg?v=1540915726
000237.jpg,https://static.wixstatic.com/media/8a3b6f_d7e7b9d454024107b9e94b11eecf599a~mv2.jpg/v1/fit/w_498,h_498,q_90/file.jpg
000238.jpg,https://laurenslatest.com/wp-content/uploads/2011/04/IMG_75521-800x533.jpg
000239.jpg,https://db15.terabitz.com/mls/MREIS/img/01/100/057/9.jpg
000240.jpg,http://harborlightstage.org/wp-content/uploads/2019/08/ornamental-pepper-plants-the-common-name-is-peppers-but-there-are-other-descriptive-names-such-as-pretty-purple-and-black-pearl-these-pint-sized-have-few-pest-pla.jpg
000241.jpg,https://t4.ftcdn.net/jpg/01/82/52/79/500_F_182527988_RyjuiKI7LNJ6aad7aVNDPre1Ot6JDc2U.jpg
000242.jpg,https://scontent-lax3-1.cdninstagram.com/vp/fdd4c74a98e3d07d235102bfdb285b2a/5DE0684A/t51.2885-15/sh0.08/e35/c0.135.1080.1080a/s640x640/67155564_675479699586361_3254102504113633948_n.jpg?_nc_ht=scontent-lax3-1.cdninstagram.com
000243.jpg,http://spectrummetro.co/wp-content/uploads/2019/01/clarise-salt-pepper-shaker-set-soft-green-irwin-ribera-pretty-salt-and-pepper-shakers-cute-owl-salt-and-pepper-shakers.jpg
000244.jpg,https://as1.ftcdn.net/jpg/01/63/89/00/500_F_163890034_oWPiMwGG9jKVhvGqVf9MoOAS7axHbHOG.jpg
000245.jpg,https://i.redd.it/s6izzgp7ttw21.jpg
000246.jpg,https://s3-media4.fl.yelpcdn.com/bphoto/mFKHT10p5DQKE7CSJq5haA/o.jpg
000247.jpg,https://farm6.static.flickr.com/5062/5662263403_c334cf5cab_z.jpg
000248.jpg,https://pbs.twimg.com/media/DTMnr1uVwAEw8qk.jpg
000249.jpg,https://cdn.shopify.com/s/files/1/1704/8365/products/Isotoma-Pretty-in-Pink-4_large.jpg?v=1540647572
000250.jpg,https://funmoneymom.com/wp-content/uploads/2019/03/Taco-Stuffed-Peppers-Pin-2.jpg
000251.jpg,https://www.liveeatlearn.com/wp-content/uploads/2018/03/gorgonzola-risotto-2.jpg
000252.jpg,http://4.bp.blogspot.com/-Mm_Dl6qABTY/VC5gKiOz64I/AAAAAAAAD8c/t0R-YExqjeI/s1600/PA020533_CP1%2Bcream%2Bpurple%2Bbhut%2Bx%2Bneyde.jpg
000253.jpg,https://media.istockphoto.com/vectors/pretty-seamless-pattern-made-of-hand-drawn-colorful-spicy-chili-and-vector-id819861878
000254.jpg,https://s3.amazonaws.com/little-woods/images/images/000/000/371/main/prettypennypepper01.jpg?1504207874
000255.jpg,http://seedsample.com/wp-content/uploads/2009/08/purplebeauty.jpg
000256.jpg,https://3edbb3d3e04a6298baf8-b081ac8703ab1e6bfc07d91605e21d82.ssl.cf1.rackcdn.com/properties/photos/5f10da61ea3d98416e9eaef111847685.jpg
000257.jpg,https://www.thespicery.com/media/wysiwyg/blog_photos/File_003_4_.jpeg
000258.jpg,https://img.sndimg.com/food/image/upload/c_thumb,q_80,w_412,h_232/v1/img/recipes/17/79/48/picENXo3w.jpg
000259.jpg,http://www.420magazine.com/gallery/data/504/122814c.jpg
000260.jpg,https://res.cloudinary.com/fleetnation/image/private/c_fit,w_1120/g_south,l_text:style_gothic2:%C2%A9%20Jade%20Pepper,o_20,y_10/g_center,l_watermark4,o_25,y_50/v1484941801/g3ehffr2lqegtn59vda8.jpg
000261.jpg,https://3.bp.blogspot.com/-hKmHYIHz8cM/WjcDXoVQ5UI/AAAAAAAAXNU/7uTfULyHatshweyo-RL-vrAyXrxDVLbyQCLcBGAs/s1600/fullsizeoutput_1728.jpeg
000262.jpg,http://eclecity.net/wp-content/uploads/2015/12/peppers-300x225.jpg
000263.jpg,https://theprettybee.com/wp-content/uploads/2017/10/white-bean-dip-with-red-peppers.jpg
000264.jpg,https://scontent-frx5-1.cdninstagram.com/v/t51.2885-15/e35/s320x320/64781997_2239465716174975_7375765099957769258_n.jpg?_nc_ht=scontent-frx5-1.cdninstagram.com&oh=a58beb7a5cad8bc80b1d5fd2c62a2e73&oe=5DFCD6DC&ig_cache_key=MjA3ODY0MDQxNDU5MTY0MzgyNw%3D%3D.2
000265.jpg,https://image.shutterstock.com/image-photo/small-pretty-flowers-water-pepper-600w-498948778.jpg
000266.jpg,https://cartloom.s3.amazonaws.com/worldofchillies/6972_ace1008a00179e60738773aad61a6c35_orig.jpg
000267.jpg,https://pics.me.me/was-roasting-peppers-turned-out-pretty-good-63211847.png
000268.jpg,https://media.spokesman.com/photos/2015/07/27/_DSC2382_t1200.JPG?298603a24e8d51915fce203907ff2746e482a5a6
000269.jpg,https://www.chelseadogs.com/media/catalog/product/cache/1/image/2468x/9df78eab33525d08d6e5fb8d27136e95/1/5/1561818388894_pepperdogcollar_1.jpg
000270.jpg,https://www.drysoda.com/wp-content/uploads/2016/05/MW_LobsterRoll.jpg
000271.jpg,https://www.gannett-cdn.com/-mm-/54a484dfe89b5b78799485b007eff0c92a9fabfc/c=24-0-876-639/local/-/media/2016/10/16/Abilene/A0013913949--320254.JPG?width=534&height=401&fit=crop
000272.jpg,https://scontent-frx5-1.cdninstagram.com/v/t51.2885-15/e35/s320x320/51466900_297170857653805_7226109957854757200_n.jpg?_nc_ht=scontent-frx5-1.cdninstagram.com&oh=8c9b38e29a3dd8c6a27483c97b29bacf&oe=5DF3D6B0&ig_cache_key=MTk4MTYxNDY4MTYyNzI1NjMzMQ%3D%3D.2
000273.jpg,https://i.etsystatic.com/6728015/r/il/908bef/814189755/il_570xN.814189755_mg3c.jpg
000274.jpg,https://i2.wp.com/www.pintxoseattle.com/wp-content/uploads/2016/09/instagram-digest-20160928-18.jpg?fit=640%2C640
000275.jpg,https://i.ebayimg.com/00/s/NzM0WDEwMjQ=/z/fDwAAOSwM85bem3G/$_86.JPG
000276.jpg,https://cdn.shopify.com/s/files/1/1095/8052/products/Pepper_Shishito2_large.jpg?v=1544636299
000277.jpg,https://farm6.static.flickr.com/5832/22385231506_b6ff420341_b.jpg
000278.jpg,https://farm6.staticflickr.com/5262/5851373179_1ff3d21633_b.jpg
000279.jpg,https://i0.wp.com/localgardener.net/wp-content/uploads/2018/05/peppers.jpg?ssl=1
000280.jpg,https://ecs7.tokopedia.net/img/cache/700/product-1/2015/8/30/17616703/17616703_0dac3978-a5f8-42ca-8194-87891a73fed2.jpg
000281.jpg,http://www.peanutbutterandpeppers.com/wp-content/uploads/2012/07/stuffed-peppers-003.jpg
000282.jpg,https://cdn.dribbble.com/users/1181460/screenshots/3961764/drb-sgtpepstate.jpg
000283.jpg,https://thisnzlife.co.nz/wp-content/uploads/2018/08/LL_81_Ruth-Pretty_8.jpg
000284.jpg,http://www.eatout.co.za/wp-content/uploads/2014/11/bruschetta-feat-02Apr12-084614-350x399.jpg
000285.jpg,http://blog-20c0.kxcdn.com/wp-content/uploads/2016/09/step0001-14-1.jpg
000286.jpg,http://www.oursoil.org/wp-content/uploads/2019/07/180423-Plant-Compost-Pretty-copy.jpeg
000287.jpg,http://1.bp.blogspot.com/_DtFdtwr5oLU/TB8UorXNcVI/AAAAAAAAFgE/-tkcrBoJlwA/s1600/DSC09882.JPG
000288.jpg,https://cdn11.bigcommerce.com/s-ot1s2k/images/stencil/1280x1280/products/84/1325/PRETTY_PEPPERS__58253.1553275843.jpg?c=2&imbypass=on
000289.jpg,https://i0.wp.com/pressureluckcooking.com/wp-content/uploads/2019/06/Screen-Shot-2019-06-06-at-10.24.14-AM.png?resize=526%2C293&ssl=1
000290.jpg,http://cdn.shopify.com/s/files/1/1043/3552/products/corn-herb-and-roasted-red-pepper-fritters_grande.jpeg?v=1457647061
000291.jpg,https://www.promixgardening.com/sites/promix/files/inline-images/promix_gardening_Pepper_0.jpg
000292.jpg,https://shop.r10s.jp/highcamp/cabinet/04129145/04129147/04488194/imgrc0072747542.jpg
000293.jpg,https://aileencooks.com/wp-content/uploads/2019/06/instant-pot-taco-stuffed-peppers-7.jpg
000294.jpg,https://inkuiri.net/i/large/s1.bukalapak.com%2Fimg%2F1907142611%2Flarge%2FBIBIT_BENIH_CABE_HIAS_PRETTY_PURPLE_BONSAI_PEPPER_MAICA_LEAF.jpg
000295.jpg,https://www.uncommongoods.com/blog//wp-content/uploads/2017/10/Collage-3-1.jpg
000296.jpg,http://i895.photobucket.com/albums/ac153/LindsayArthurRTR/Garden%202014/C11A0319-15DB-4C31-9E48-3E695AF716EC.jpg
000297.jpg,https://macore.com/categories/stream_tag/B3V3377.jpg
000298.jpg,https://i2.wp.com/www.tablecrowd.com/blog/wp-content/uploads/2013/02/naga2.jpg?resize=460%2C476
000299.jpg,https://i5.walmartimages.com/asr/3a6b961a-a3f8-42a1-86c5-a05e35e73435_1.34051256b5f4f8c963704bdc31771375.jpeg?odnHeight=450&odnWidth=450&odnBg=FFFFFF
000300.jpg,https://image.invaluable.com/housePhotos/Chancelors/38/640438/H21313-L165761394.JPG
000301.jpg,https://www.lordbyronskitchen.com/wp-content/uploads/2018/07/4-19.jpg
000302.jpg,https://us.123rf.com/450wm/caritaliberato/caritaliberato1709/caritaliberato170900089/85850349-chili-pepper-purple-habanero-peach-hot-pretty-purple.jpg?ver=6
000303.jpg,https://wacoheartoftexas.com/wp-content/uploads/2019/06/notjustaprettyfaceexhibit-DP.jpg
000304.jpg,http://i1151.photobucket.com/albums/o630/kingdenniz/7184d9d4.jpg
000305.jpg,https://www.vanzelst.com/wp-content/uploads/2014/09/2014-09-17-06.45.06-e1411064634288-1024x912.jpg
000306.jpg,https://xebiijq7c0-flywheel.netdna-ssl.com/wp-content/uploads/2018/04/strawberry-margaritas-with-cilantro03.jpg
000307.jpg,https://brightstargsd.files.wordpress.com/2019/08/pepper1.jpg?w=447&h=332
000308.jpg,https://www.freshoption.ca/wp-content/uploads/2018/09/Pepper-poblano.jpg
000309.jpg,https://thegloss.ie/wp-content/uploads/2018/09/The-Gloss-Magazine-Food-Trish-Deseine-1.jpg
000310.jpg,http://bostonjerkfest.com/2016/wp-content/uploads/2015/04/unnamed-1.jpg
000311.jpg,https://photos.zillowstatic.com/cc_ft_576/ISyz1p7s1fwdmu1000000000.jpg
000312.jpg,https://thumbs.dreamstime.com/z/seamless-pattern-made-hand-drawn-colorful-spicy-chili-peppers-pretty-107154704.jpg
000313.jpg,https://smittenkitchendotcom.files.wordpress.com/2019/08/black-pepper-tofu-and-eggplant-1.jpg?w=1200
000314.jpg,https://media-cdn.tripadvisor.com/media/photo-s/0c/aa/2e/97/photo2jpg.jpg
000315.jpg,http://stmedia.stimg.co/ctyp_pepperpalace.jpg?w=700
000316.jpg,https://moldresistantstrains.com/wp-content/uploads/2019/05/purple-haze-g13-labs-seeds-strain.jpg
000317.jpg,https://hellopretty.co.za/sites/hellopretty.co.za/files/styles/2014_product_full/public/products/img_1784.png?itok=hzIECx-e
000318.jpg,https://d2h1pu99sxkfvn.cloudfront.net/b0/1075215/65835277_PVnpLf7KIs.jpg
000319.jpg,https://sweetpeasandsaffron.com/wp-content/uploads/2018/12/Roasted-Red-Pepper-Hummus-PIN-450x900.jpg
000320.jpg,https://thymeforcocktails.com/wp-content/uploads/2018/10/Jalapeno-Popper-Snack-Board-blog-1.jpg
000321.jpg,https://www.kateaspen.com/blog/wp-content/uploads/2017/07/Perkins_BritPerkinsPhotography_LucyLove75_low.jpg
000322.jpg,https://muybuenocookbook.com/wp-content/uploads/2014/02/padron-peppers1.jpg
000323.jpg,https://merchbar.imgix.net/product/69/4639/10787128579/O2quh7qqA7GMU66229496-PURPLE-LONELY-HEARTS-CLUB-CREW-SWEAT-0.jpg?w=1280&h=1280&quality=60&auto=compress%252Cformat
000324.jpg,https://shop.r10s.jp/cuir-carameliser/cabinet/04058952/imgrc0070974443.jpg
000325.jpg,https://images.ctfassets.net/2c1uqhtp8usj/7CnWiJnaI8G6mQmOYwayqi/164936bd129a31d004728a636dfef2d8/PG_01M.jpg
000326.jpg,https://4.bp.blogspot.com/-oTW9xuy1R1Y/To07iKzIcmI/AAAAAAAAESs/-hBF3LiABOc/s1600/Italian_Sausage_and_Pepper_Trio_Artisan_Pizza_02.JPG
000327.jpg,http://dowdycornerscookbookclub.com/wp-content/uploads/2011/07/Pink-eyed-peas-at-Birmingham-farmers-market-411x473.jpg
000328.jpg,http://sincerelytori.com/wp-content/uploads/2019/03/Roasted-Red-Pepper-Orzo-Pasta-Skillet-Vegan-6.jpg
000329.jpg,https://www.thegraciouspantry.com/wp-content/uploads/2018/05/clean-eating-quinoa-stuffed-spaghetti-squash-recipe-v-1-.jpg
000330.jpg,https://images.9and10news.com/wp-content/uploads/2019/10/FLOWERS-LL-PKG-4.transfer.jpg
000331.jpg,http://4.bp.blogspot.com/-fnQJzeMhsAs/VC5gHzjVGaI/AAAAAAAAD8U/tk6O-rWBuUI/s1600/PA020532_CP1%2Bcream%2Bpurple%2Bbhut%2Bx%2Bneyde.jpg
000332.jpg,http://cdn.shopify.com/s/files/1/1043/3552/products/melon-mint-and-pepper-salad_grande.jpeg?v=1457647498
000333.jpg,http://www.schumachercattle.com/Photos/IMG14840.JPG
000334.jpg,http://theskinnyishdish.com/wp-content/uploads/2017/11/sd_stuffedpeppersoup_4.jpg
000335.jpg,https://st2.depositphotos.com/5765092/12381/i/950/depositphotos_123810420-stock-photo-portrait-of-a-pretty-little.jpg
000336.jpg,https://cdn0.rubylane.com/_pod/item/320674/CH-4552/Pair-Antique-French-Porcelain-Violets-Salt-pic-1A-2048%3A10.10-309defce-f.jpg
000337.jpg,https://staticfanpage.akamaized.net/wp-content/uploads/sites/22/2018/04/roasted-red-pepper-vegan-mac-n-cheese-7-638x425.jpg
000338.jpg,https://pbs.twimg.com/media/DcUcjPBWkAAVVnD.jpg
000339.jpg,https://onyxpublication.com/damserver/norseco_whperron/0003000_0003999/3888_2_1531496127619.jpg
000340.jpg,https://i.etsystatic.com/12828917/r/il/6ab294/1927598013/il_570xN.1927598013_1qpj.jpg
000341.jpg,https://s3-media4.fl.yelpcdn.com/bphoto/0mjxUaCeR55Ton13fZVt2g/348s.jpg
000342.jpg,https://cdn.shopify.com/s/files/1/1095/8052/products/Peppers_Padron.jpg?v=1548094321
000343.jpg,https://di2ponv0v5otw.cloudfront.net/posts/2019/05/11/5cd7b58bbb22e39377804fe7/m_5cd7b5ca2f4831499330171b.jpg
000344.jpg,https://xebiijq7c0-flywheel.netdna-ssl.com/wp-content/uploads/2018/04/strawberry-margaritas-with-cilantro08.jpg
000345.jpg,https://sc01.alicdn.com/kf/HTB1p7v1LFXXXXcQXXXXq6xXFXXXC/Pretty-Quality-Black-Pepper-of-Coarse-Ground.jpg_350x350.jpg
000346.jpg,https://ae01.alicdn.com/kf/HTB1Z3rsKpXXXXbhXpXXq6xXFXXXB/Gratis-Pengiriman-100-Pretty-Purple-Pepper-Yang-Sangat-Panas-Yang-DIY-Taman-Rumah-Sayur-Tanaman.jpg
000347.jpg,http://i2.wp.com/bloomingglenfarm.com/wp-content/uploads/2013/09/bg_blog-freekah-peppers-2-SM-e1378153450414.jpg?resize=300%2C345
000348.jpg,http://www.gardenhealth.com/wp-content/uploads/2018/11/Carrot_Short_and_Sweet.png
000349.jpg,https://moldresistantstrains.com/wp-content/uploads/2019/05/shaman-dutch-passion-purple-strain-outdoor-1.jpg
000350.jpg,http://thehotpepper.com/uploads/monthly_06_2018/post-14347-0-22383100-1528137751.jpg
000351.jpg,https://bg6fhgmkni-flywheel.netdna-ssl.com/wp-content/uploads/2017/06/quesadillas-1@2x-683x1024.jpg
000352.jpg,http://3.bp.blogspot.com/-3oRBKSGXKlc/UWkTaPmCcfI/AAAAAAAAOVI/jCZ8_iiq5SE/s1600/PRETTY+in+Pink+Quilt+8.jpg
000353.jpg,http://static1.squarespace.com/static/5369aa94e4b0e7ee4d6dfb61/57f44c21bb7f1e60513479d5/57f44c57bb7f1e6051348c3a/1475628119971/DSC_95801.jpg?format=original
000354.jpg,https://media-cdn.tripadvisor.com/media/photo-s/07/bf/c4/69/athens-beer.jpg
000355.jpg,https://images.unsplash.com/photo-1506810487030-e7f94a5eef74?ixlib=rb-1.2.1&w=1000&q=80
000356.jpg,https://www.busyinbrooklyn.com/wp-content/uploads/2017/01/peppers.jpg
000357.jpg,http://img0095.psstatic.com/125454097_amazoncom-very-hot-pretty-purple-pepper-4-plants---.jpg
000358.jpg,https://macore.com/categories/stream_tag/A3V3377.jpg
000359.jpg,https://www.fromvalerieskitchen.com/wordpress/wp-content/uploads/2016/01/Mexican-Stuffed-Peppers-286-titled-700.jpg
000360.jpg,http://3.bp.blogspot.com/-0ZYmJKF3O4Y/T1PUkYX1lAI/AAAAAAAAAt4/QUb3Mgs7ID0/s1600/DSC09785.JPG
000361.jpg,https://blog-assets.foodpairing.com/2013/04/sakura.jpg
000362.jpg,https://st.hzcdn.com/fimgs/bac2544407af8265_9988-w240-h320-b0-p0--.jpg
000363.jpg,https://okawari.co/wp-content/uploads/2019/08/teak-outdoor-furniture-los-angeles-used-exciting-lovely-patio-set-with-pepper-marsh-collection-pretty-p.jpg
000364.jpg,https://sweetandsavorymeals.com/wp-content/uploads/2018/08/Instant-Pot-Stuffed-Peppers-Recipe-4-280x280.jpg
000365.jpg,https://www.foodiecrush.com/wp-content/uploads/2017/09/Stuffed-Bell-Peppers-foodiecrush.com-081-500x500.jpg
000366.jpg,https://images.atomretro.com/products/1400/pretty-green-beatles-drum-polo-purple-3.jpg
000367.jpg,http://fiestablog.marketspaceagency.com/wp-content/uploads/2017/06/salsa.png
000368.jpg,https://media.spokesman.com/photos/2015/07/27/_DSC2383_t1200.JPG?298603a24e8d51915fce203907ff2746e482a5a6
000369.jpg,http://www.windmill.hu/girls/pepper/images/web4.jpg
000370.jpg,https://www.antiquesnavigator.com/archive/2015/01/05/301462258476.jpg
000371.jpg,https://i0.wp.com/farm3.static.flickr.com/2307/5809882915_656c0524c9_z.jpg
000372.jpg,https://cdn.ecvol.com/s/www.gardenmania.com.br/produtos/sementes-de-pimenta-ornamental-colorida-pretty-purple-capsicum-annuum/g/2.jpg?v=0
000373.jpg,https://cdn.shopify.com/s/files/1/1817/3281/products/Strawbanero_Wisham_jellies_pepper_jelly_345x@2x.png?v=1504465583
000374.jpg,https://www.theprimaldesire.com/wp-content/uploads/2016/05/Egg-Stuffed-Bell-Peppers-pin.jpg
000375.jpg,http://savoryspin.com/wp-content/uploads/2015/10/FarmRichSnacks-Warm-3-Pepper-Salad-Moms-Wingman-ggnoads.jpg
000376.jpg,https://static.wixstatic.com/media/686607_357217f551844cf6ac4dac70a23634c5~mv2.png/v1/fill/w_556,h_756,al_c,q_85,usm_0.66_1.00_0.01/686607_357217f551844cf6ac4dac70a23634c5~mv2.webp
000377.jpg,https://di2ponv0v5otw.cloudfront.net/posts/2019/07/05/5d1fce096a7fbac52d0a5620/m_5d1fce15689ebc14db6066f1.jpg
000378.jpg,https://www.bowlofdelicious.com/wp-content/uploads/2015/07/Pan-Seared-Soy-Sauce-and-Black-Pepper-Tofu-1.jpg
000379.jpg,https://media.istockphoto.com/vectors/pretty-colorful-seamless-pattern-made-of-hand-drawn-chili-peppers-vector-id844078088?k=6&m=844078088&s=612x612&w=0&h=O90kfi5c91D06reo5lLFKwc2Z-BEDpnx9c9H9l9YrAc=
000380.jpg,https://images.prod.meredith.com/product/8357a989156d8126a21c6dd628630257/1501638245573/l/pink-orchid-salt-and-pepper-shakers
000381.jpg,https://db15.terabitz.com/mls/MREIS/img/01/100/057/12.jpg
000382.jpg,https://img.discogs.com/yorex5zSm6wASjtBx3VMNP8GnJs=/fit-in/600x600/filters:strip_icc():format(jpeg):mode_rgb():quality(90)/discogs-images/R-5053943-1383241804-5874.jpeg.jpg
000383.jpg,http://farm8.staticflickr.com/7087/7217671860_c4e6cec55d_z.jpg
000384.jpg,https://cdn.shopify.com/s/files/1/1165/9910/products/10214_4728_0_9c76b5aa-453f-4733-8b6c-14845b0c59f0_large.jpg?v=1566405201
000385.jpg,https://www.foxandbriar.com/wp-content/uploads/2019/06/pineapple-teriyaki-chicken-skewers-1-of-11.jpg
000386.jpg,http://www.pick-a-pepper.com/wp-content/uploads/2016/03/blossom-839594_1920.jpg
000387.jpg,https://xebiijq7c0-flywheel.netdna-ssl.com/wp-content/uploads/2018/04/strawberry-margaritas-with-cilantro12.jpg
000388.jpg,http://4.bp.blogspot.com/-0NFMtHWvMbg/VC5gGPQe3NI/AAAAAAAAD8E/MzY0LNuS7r8/s1600/PA020530_CP1%2Bcream%2Bpurple%2Bbhut%2Bx%2Bneyde.jpg
000389.jpg,https://cdn.shopify.com/s/files/1/1095/8052/products/Pepper_Tobasco3_large.jpg?v=1544140888
000390.jpg,https://reusegrowenjoy.com/wp-content/uploads/Pressure-Cooker-Lemon-Pepper-Chicken.jpg
000391.jpg,https://aprettylifeinthesuburbs.com/wp-content/uploads/2016/10/Halloween-Jello-Skulls-A-Pretty-Life-F.jpg
000392.jpg,https://thumbs.dreamstime.com/z/nice-pretty-woman-biting-chili-pepper-14985327.jpg
000393.jpg,https://www.polkadotstripes.co.uk/img/product/busybees-salt-pepper-shakers-from-our-lesser-and-pavey-range-9026286-0.jpg
000394.jpg,https://nutritionistmeetschef.com/wp-content/uploads/2016/07/charredpeppersaladpini.jpg
000395.jpg,https://image.shutterstock.com/image-vector/pretty-seamless-pattern-made-hand-600w-675368662.jpg
000396.jpg,https://i.ytimg.com/vi/iUWlIhw8xTI/hqdefault.jpg
000397.jpg,https://media-cdn.tripadvisor.com/media/photo-s/06/8e/70/d0/amigos-tortilla-bar.jpg
000398.jpg,https://media.istockphoto.com/vectors/pretty-colorful-seamless-pattern-made-of-hand-drawn-chili-peppers-vector-id844078088
000399.jpg,https://www.dinneratthezoo.com/wp-content/uploads/2015/08/veggie-pinwheels-2.jpg
000400.jpg,https://i1.wp.com/www.mattesar.com/wp-content/uploads/IMG_8517.jpg?resize=1024%2C768&ssl=1
000401.jpg,https://img.sndimg.com/food/image/upload/c_thumb,q_80,w_412,h_232/v1/img/recipes/21/26/01/picsognLM.jpg
000402.jpg,http://www.forcestrades.co.uk/images/cate_6/640/66mm-3colors-Glass-Crystal-Pepper-Paperweight-Souvenir-Smoothy-Pretty-Vegetable-Gifts-Crafts-Souvenir-Home-Decoration-Gifts-Figurines-Miniatures-N32266084-vlf0.jpg
000403.jpg,https://media.eggs.ca/assets/Eggs101/_resampled/FillWyIxMjgwIiwiNzIwIl0/Microwaved-Eggs-in-Peppers-HR.jpg
000404.jpg,https://s3-media2.fl.yelpcdn.com/bphoto/ll156kIlHSkq4TkzO_ichQ/348s.jpg
000405.jpg,https://www.laruchedespassions.com/boutique_us/images_produits/salierepoivriere7-z.jpg
000406.jpg,http://2.bp.blogspot.com/-wEQpYa0cplw/VC5gHbXwigI/AAAAAAAAD8M/Vkhj3RHxgX8/s1600/PA020531_CP1%2Bcream%2Bpurple%2Bbhut%2Bx%2Bneyde.jpg
000407.jpg,https://www.portmeiriononline.co.uk/images/products/large/21258.jpg
000408.jpg,https://d2h1pu99sxkfvn.cloudfront.net/b0/7112008/347143756_Fs73tJgY5z/P0.jpg
000409.jpg,https://edge.bonnieplants.com/www/uploads/20190122202307/09TOM-3696_Tomato_Fresh_Salsa_v2-480x360.jpg
000410.jpg,https://cdn0.rubylane.com/_pod/item/161617/18-19/Lovely-Noritake-Salt-Pepper-Shakers-full-1A-700%3A10.10-768ce3d7-f.png
000411.jpg,https://st3.depositphotos.com/1017228/18410/i/1600/depositphotos_184107346-stock-photo-portrait-of-a-pretty-young.jpg
000412.jpg,https://moldresistantstrains.com/wp-content/uploads/2019/05/ayahuasca-purple-strain-barneys-farm-seeds.jpg
000413.jpg,http://userealbutter.com/recipe_photos/roasted-vegetable-quiche1.jpg
000414.jpg,https://image.shutterstock.com/image-photo/pretty-flowers-water-pepper-polygonum-600w-706806430.jpg
000415.jpg,https://farm4.static.flickr.com/3017/2760827287_e54cf6ec38.jpg
000416.jpg,https://2.bp.blogspot.com/-MwNN7U-uiqA/Ub9U5VKaEwI/AAAAAAAAH9I/vDbtbrJWbZE/s1600/IMG_8197.JPG
000417.jpg,https://cdn-img-1.wanelo.com/p/51f/125/69e/80b48a58da4aea911b060e2/x354-q80.jpg
000418.jpg,http://i1238.photobucket.com/albums/ff496/bakerspeppers/Pepper%20Sales%20Pics/IMAG0118.jpg
000419.jpg,https://s3-media3.fl.yelpcdn.com/bphoto/jrddT3jnms2WpRfS0n91OA/o.jpg
000420.jpg,http://www.52newfoods.com/wp-content/uploads/2014/09/purple-carrots-peel-the-52-new-foods-challenge-jennifer-tyler-lee-800.jpg
000421.jpg,http://people.umass.edu/jmeagy/Chili_pepper_variety.jpg
000422.jpg,https://i.etsystatic.com/5249802/r/il/3bf7e3/866306021/il_fullxfull.866306021_cta0.jpg
000423.jpg,http://2.bp.blogspot.com/-8hqjNVpkrpQ/UkLxwvr8vbI/AAAAAAAABVE/B299kCxrEg8/s1600/photo-11+(2).JPG
000424.jpg,https://img.sndimg.com/food/image/upload/c_thumb,q_80,w_721,h_406/v1/img/recipes/13/81/42/pic3zHQrW.jpg
000425.jpg,https://live.staticflickr.com/3019/2781516087_87620aa288.jpg
000426.jpg,https://cdn.shopify.com/s/files/1/1095/8052/products/Chilies_Aji_Dulce_2eae79a7-39d8-47ed-b52c-188a6f0ddb09_large.jpg?v=1544138716
000427.jpg,https://moldresistantstrains.com/wp-content/uploads/2019/05/purple-1-dutch-passion-seeds-cannabis-plant.jpg
000428.jpg,https://image.shutterstock.com/image-photo/pretty-woman-red-hot-spicy-600w-208524733.jpg
000429.jpg,https://previews.123rf.com/images/vevchic/vevchic1512/vevchic151200008/49584334-pretty-woman-in-red-shirt-holding-green-peppers.jpg
000430.jpg,https://pbs.twimg.com/profile_images/665185114595401733/Ij8xhC1V_400x400.jpg
000431.jpg,http://2.bp.blogspot.com/_K-n9gQarLkE/SekQHbqV7nI/AAAAAAAAAZM/l9oymWj7Ygc/s320/Purple+Pepper+cropped.jpg
000432.jpg,https://moldresistantstrains.com/wp-content/uploads/2019/05/auto-purple-bud-white-label-seeds-weed-strain.jpg
000433.jpg,https://media-cdn.tripadvisor.com/media/photo-s/0c/bc/a5/6d/pepper-and-maybe-switch.jpg
000434.jpg,https://virginiafoodie.typepad.com/.a/6a00e5517aecc2883300e553be77068833-pi
000435.jpg,https://i.redd.it/s0gafiidrcr21.jpg
000436.jpg,https://thumbs.dreamstime.com/z/pretty-young-woman-posing-fresh-red-vegetables-radish-chili-pepper-green-leaves-lettuce-parsley-fork-spoon-dieting-111041291.jpg
000437.jpg,http://i1151.photobucket.com/albums/o630/kingdenniz/ed731fc7.jpg
000438.jpg,https://images.thestar.com/F4rX3ifjEDRvIeLwQPiwBhqYepw=/1086x925/smart/filters:cb(2700061000)/https://www.thestar.com/content/dam/thestar/life/2010/03/25/pintsized_petals_pepper_pretty_prints/liberty.jpeg
000439.jpg,https://as2.ftcdn.net/jpg/01/92/91/15/500_F_192911557_6IJrsrmqoenytNZBhartIJQMKx271Jvx.jpg
000440.jpg,http://2.bp.blogspot.com/_SETtZLo9aXc/TEIye4AuNxI/AAAAAAAABmY/8-awzUl-sto/s1600/Picture+2199.jpg
000441.jpg,https://previews.123rf.com/images/tverdohlib/tverdohlib1610/tverdohlib161004921/65244063-young-cute-woman-or-girl-portrait-with-red-chilli-pepper-in-sexy-lips-on-pretty-face-and-brunette-ha.jpg
000442.jpg,https://ak0.picdn.net/shutterstock/videos/1016441500/thumb/12.jpg?ip=x480
000443.jpg,http://i1151.photobucket.com/albums/o630/kingdenniz/4af74308.jpg
000444.jpg,https://previews.123rf.com/images/tverdohlib/tverdohlib1610/tverdohlib161004507/65175221-young-cute-woman-or-girl-portrait-with-red-chilli-pepper-in-sexy-lips-on-pretty-face-and-brunette-ha.jpg
000445.jpg,https://img.sndimg.com/food/image/upload/c_thumb,q_80,w_721,h_406/v1/img/recipes/25/34/41/w60J4UhTQJyqI4BySCBD_image.jpeg
000446.jpg,https://bloximages.chicago2.vip.townnews.com/wacotrib.com/content/tncms/assets/v3/editorial/2/2c/22c6af58-36b4-11e6-9c87-d7a2a0d35e5e/576793a6a7a26.image.jpg
000447.jpg,http://3.bp.blogspot.com/-piUb0_TPCPc/TiI3_lBSqhI/AAAAAAAAAKU/w6QsJIoDumY/s1600/potato+vine%252C+succulents%252C+purple+peppers.jpg
000448.jpg,https://image.freepik.com/free-photo/pretty-woman-cutting-pepper-cucumber-home_13339-105638.jpg
000449.jpg,http://i1151.photobucket.com/albums/o630/kingdenniz/36c15989.jpg
000450.jpg,https://i.ebayimg.com/images/g/ruAAAOSw2vJcZa20/s-l300.jpg
000451.jpg,https://previews.123rf.com/images/jazzz923/jazzz9231401/jazzz923140100096/25336417-pretty-young-girl-with-orange-pepper-isolated-on-white.jpg
000452.jpg,https://media.istockphoto.com/photos/pretty-girl-with-bell-pepper-in-hands-picture-id875117718
000453.jpg,https://c8.alamy.com/comp/X6F8BB/pretty-woman-cutting-pepper-and-cucumber-at-home-X6F8BB.jpg
000454.jpg,https://s3-eu-west-1.amazonaws.com/wbm.thumbnail/all/543191_1280.jpg
000455.jpg,https://previews.123rf.com/images/tverdohlib/tverdohlib1611/tverdohlib161100192/65380724-young-cute-woman-or-girl-portrait-with-red-chilli-pepper-in-sexy-lips-on-pretty-face-and-brunette-ha.jpg
000456.jpg,https://brightcove04pmdo-a.akamaihd.net/4221396001/4221396001_5369102104001_IVRC1490196952454I-thumb480x360.jpg?pubId=4221396001&videoId=5368970306001
000457.jpg,https://image.shutterstock.com/image-photo/pretty-girl-bell-pepper-hands-600w-755907442.jpg
000458.jpg,https://c8.alamy.com/comp/X5JKWE/happy-pretty-blonde-putting-green-pepper-on-shelf-X5JKWE.jpg
000459.jpg,https://previews.123rf.com/images/iakovenko/iakovenko1606/iakovenko160600410/58171908-portrait-of-pretty-healthy-african-girl-eating-chili-pepper-she-standing-and-smiling-isolated.jpg
000460.jpg,https://images-na.ssl-images-amazon.com/images/I/71GqaqiO%2BSL._SX425_.jpg
000461.jpg,https://previews.123rf.com/images/fotosmurf/fotosmurf1010/fotosmurf101000013/8071163-pretty-young-woman-cleaning-the-pepper-in-the-kitchen.jpg
000462.jpg,https://previews.123rf.com/images/dml5050/dml50501704/dml5050170400022/76330489-pretty-cheerful-young-woman-posing-with-fresh-red-vegetables-radish-pepper-green-leaves-lettuce-pars.jpg
000463.jpg,https://previews.123rf.com/images/iakovenko/iakovenko1506/iakovenko150600059/40852300-pretty-girl-is-proposing-fresh-peppers-isolated-on-a-white-background.jpg
000464.jpg,https://previews.123rf.com/images/tverdohlib/tverdohlib1706/tverdohlib170602033/81060169-bell-pepper-in-hand-of-pretty-blonde-woman-with-creative-fashionable-makeup-on-face-hold-red-sweet-p.jpg
000465.jpg,https://image.shutterstock.com/image-photo/yound-pretty-woman-peppers-isolated-600w-105049487.jpg
000466.jpg,https://images-eu.ssl-images-amazon.com/images/I/61f6-RcosFL.jpg
000467.jpg,https://images-na.ssl-images-amazon.com/images/I/51IPC1aIHOL.jpg
000468.jpg,https://images-eu.ssl-images-amazon.com/images/I/512eUFEfQNL.jpg
000469.jpg,https://image.shutterstock.com/image-photo/little-pretty-smiling-girl-cuts-600w-247398556.jpg
000470.jpg,https://sc02.alicdn.com/kf/UT8oCHzXGNaXXagOFbXl/Thailand-Black-pepper-Ground-and-Seed.jpg
000471.jpg,http://www.homegrown-peppers.com/wp-content/uploads/2009/04/pretty-purple-pepper-20090507.jpg
000472.jpg,http://pics.davesgarden.com/pics/2010/01/28/carotcruncha/bfd6bb.jpg
000473.jpg,http://www.homegrown-peppers.com/wp-content/uploads/2009/04/pretty-purple-pepper-20090419.jpg
000474.jpg,http://mediad.publicbroadcasting.net/p/wnpr/files/styles/x_large/public/201604/pretty-in-purple-pepper-quinn-dombrowski.jpg
000475.jpg,https://img0.etsystatic.com/144/0/7824311/il_570xN.1141205606_8mfz.jpg
000476.jpg,https://pics.davesgarden.com/pics/2010/01/28/carotcruncha/8f42fd.jpg
000477.jpg,http://plants.penderpines.com/Content/Images/Photos/F823-02.jpg
000478.jpg,https://sits-pod32.demandware.net/dw/image/v2/BBBW_PRD/on/demandware.static/-/Sites-jss-master/default/dw8fe8b453/images/products/flowers/00560_01_prettypurpl.jpg
000479.jpg,https://i.ebayimg.com/images/i/272497807134-0-1/s-l1000.jpg
000480.jpg,http://www.tomatogrowers.com/images/9202.jpg
000481.jpg,https://www.prestoimages.net/store30/rd212/212_pd3257460_2_prettyin_purple_peppers_small_.jpg
000482.jpg,https://pics.davesgarden.com/pics/2010/01/26/carotcruncha/6bad71.jpg
000483.jpg,http://edengardencentre.co.za/wp-content/uploads/2013/10/Black-Pepper.jpg
000484.jpg,https://cdn.shopify.com/s/files/1/0089/1562/products/shutterstock_127563998_1024x1024.jpg
000485.jpg,https://img0.etsystatic.com/149/0/7824311/il_340x270.1141066816_4eh9.jpg
000486.jpg,http://www.prestoimages.net/store30/rd212/212_pd3257460_1_prettyin_purple_peppers_2_small.jpg
000487.jpg,http://cdn.shopify.com/s/files/1/0089/1562/products/Pepper_-_Pretty_Purple_HOT_seeds_1024x1024.jpg
000488.jpg,http://www.prestoimages.net/store30/rd212/212_pd3257460_4_prettyin_purple_pepper_blooms_my_plants_small_file.jpg
000489.jpg,https://cdn.shopify.com/s/files/1/0089/1562/products/shutterstock_171158144_1024x1024.jpg
000490.jpg,http://pics.davesgarden.com/pics/2007/09/24/EvaPilot/271696.jpg
000491.jpg,http://cdn.shopify.com/s/files/1/0089/1562/products/sPepper_-_Pretty_Purple_HOT_seed_1024x1024.jpg
000492.jpg,https://c8.alamy.com/comp/F1XPEG/pretty-in-purple-ornamental-pepper-plant-in-garden-usa-F1XPEG.jpg
000493.jpg,http://www.azuredandelion.com/bmz_cache/b/b5894d2b3ffca6f4534b585ba61af531.image.250x250.jpg
000494.jpg,https://cdn.shopify.com/s/files/1/0089/1562/products/shutterstock_149255039_1024x1024.jpg
000495.jpg,http://www.chileplants.com/images/chiles/pretty-purple-pepper-plants.jpg
000496.jpg,https://c8.alamy.com/comp/F1XPEH/pretty-in-purple-ornamental-pepper-plant-in-garden-usa-F1XPEH.jpg
000497.jpg,https://s-media-cache-ak0.pinimg.com/236x/20/73/ea/2073ea7ce2c84b3dc2755af1551c6fd3.jpg
000498.jpg,https://pics.davesgarden.com/pics/2007/09/24/EvaPilot/b6dfae.jpg
000499.jpg,https://s-media-cache-ak0.pinimg.com/736x/7e/05/46/7e0546c5b9dd4d3ddea67e5301dc5681--chilli-ecuador.jpg
000500.jpg,http://davesgarden.com/guides/pf/thumbnail.php?image=2007/06/04/DonnaA2Z/7c50b0.jpg
000501.jpg,https://www.seriouseats.com/images/20080711-potd.jpg
000502.jpg,https://img1.etsystatic.com/163/0/7824311/il_340x270.1162754125_s8nc.jpg
000503.jpg,http://cdn.shopify.com/s/files/1/0089/1562/files/Pretty_Purple_Hot_Pepper_8cf8a2dd-f510-4d21-aabb-a0741e50a7f5.jpg
000504.jpg,https://photos1.blogger.com/img/36/2637/320/DSC00165.jpg
000505.jpg,https://ae01.alicdn.com/kf/HTB17XDfKpXXXXXNXVXXq6xXFXXXK/Free-Shipping-100-Pretty-Purple-Pepper-Seeds-Very-Hot-Attractive-DIY-Home-Garden-Vegetable-Plant.jpg
000506.jpg,https://ae01.alicdn.com/kf/HTB1fdQtKpXXXXX8XFXXq6xXFXXXA/Free-Shipping-20-Pretty-Purple-Pepper-Seeds-Very-Hot-Attractive-DIY-Home-Garden-Vegetable-Plant.jpg
000507.jpg,https://i.pinimg.com/736x/b2/c7/dc/b2c7dcc077e91a9ab83c88ab4d0832cb--green-and-purple-purple-colors.jpg
000508.jpg,http://thumbs.imagekind.com/2116831_650/Pretty-Purple-Hot-Pepper-Plant.jpg
000509.jpg,https://thetomatoladyblog.files.wordpress.com/2015/07/islander-in-purple.jpg
000510.jpg,http://2.bp.blogspot.com/-9Hyu6bKZfQY/UgoO717shBI/AAAAAAAAGWU/5quhWvsr23M/s1600/v1.jpg
000511.jpg,https://cdn.shopify.com/s/files/1/0089/1562/products/Pepper_-_Pretty_Purple_HOT_seeds_2_1024x1024.jpg
000512.jpg,https://pepperworld.com/images/botanisch/profigaertner/pretty_in_purple.jpg
000513.jpg,https://cdn.shopify.com/s/files/1/0089/1562/products/Pepper_-_Pretty_Purple_HOT_seeds_3_1024x1024.jpg
000514.jpg,https://davesgarden.com/guides/pf/thumbnail.php?image=2008/03/02/dda1974/265665.jpg
000515.jpg,https://s-media-cache-ak0.pinimg.com/564x/ff/e8/f2/ffe8f23bf3426470abc5b7e9e8be999e.jpg
000516.jpg,https://ae01.alicdn.com/kf/HTB1zNmhOpXXXXXFXpXXq6xXFXXXW/Pretty-in-Purple-Ornamental-Pepper-Seeds-1-Professional-Pack-50-Seeds-Pack-Mixed-Genuine-Pearl-Hot.jpg
000517.jpg,http://rahiseedbank.com/wp-content/uploads/2014/07/f11.jpg
000518.jpg,https://silverroseknits.files.wordpress.com/2011/08/prettyperu1-1280x960.jpg
000519.jpg,http://www.premierseedsdirect.com/wp-content/uploads/2017/02/41582829-300x300.jpg
000520.jpg,https://pics.davesgarden.com/pics/2018/01/17/DaylilySLP/1bffad.jpg
000521.jpg,https://www.pepperworldhotshop.com/out/pictures/master/product/1/pretty_in_purple_sj123_1(1).jpg
000522.jpg,https://silverroseknits.files.wordpress.com/2011/08/anaheim2-960x1280.jpg
000523.jpg,http://rahiseedbank.com/wp-content/uploads/2014/07/f4.jpg
000524.jpg,https://i.pinimg.com/originals/6e/7a/3a/6e7a3aaffbc5cee62ec9cec3c004e75b.jpg
000525.jpg,https://silverroseknits.files.wordpress.com/2011/08/prettyperu2-1280x960.jpg
000526.jpg,http://3.bp.blogspot.com/-bl_XBu18JyI/VC5gCV6OJpI/AAAAAAAAD78/kQuQ7SXbQ6E/s1600/PA020529_CP1%2Bcream%2Bpurple%2Bbhut%2Bx%2Bneyde.jpg
000527.jpg,https://s-media-cache-ak0.pinimg.com/736x/e0/f0/71/e0f0715f4f257329814a26a74965b353.jpg
000528.jpg,http://rahiseedbank.com/wp-content/uploads/2014/07/f2.jpg
000529.jpg,https://i.pinimg.com/originals/90/fc/5a/90fc5afcf94990e974ecb0edbb394a3e.jpg
000530.jpg,http://rahiseedbank.com/wp-content/uploads/2014/07/f3.jpg
000531.jpg,https://fimgs.net/mdimg/secundar/o.49953.jpg
000532.jpg,https://i.pinimg.com/736x/4f/98/1f/4f981f149ff8ed9a399cdd8c3c0d6b1b--tomato-growers-outdoor-life.jpg
000533.jpg,http://img0040.popscreencdn.com/125454102_amazoncom-very-hot-pretty-purple-pepper-4-plants---.jpg
000534.jpg,http://puriegarden.com/wp-content/uploads/2016/03/pretty-paper-purple-bonsai.jpg
000535.jpg,https://silverroseknits.files.wordpress.com/2011/08/anaheim1-960x1280.jpg
000536.jpg,https://i.ytimg.com/vi/wiL7KUCZxs4/maxresdefault.jpg
000537.jpg,https://i.pinimg.com/originals/b8/52/2e/b8522e26aaae19c7ca2f13b345192f94.jpg
000538.jpg,http://2.bp.blogspot.com/-reKeEMGIGzs/VC5gB-kL9VI/AAAAAAAAD70/ZhsUFaOl26E/s1600/PA020527_CP1%2Bcream%2Bpurple%2Bbhut%2Bx%2Bneyde.jpg
000539.jpg,https://lingfree.files.wordpress.com/2011/07/img_2338.jpg
000540.jpg,https://s-media-cache-ak0.pinimg.com/originals/d8/d9/2e/d8d92e7d084873a8b4cfd5d87d27692e.jpg
000541.jpg,https://i.pinimg.com/736x/9a/c0/cf/9ac0cf52497843ebbc3f9c80a0dc2ca1.jpg
000542.jpg,http://3.bp.blogspot.com/-piUb0_TPCPc/TiI3_lBSqhI/AAAAAAAAAKU/w6QsJIoDumY/s1600/potato+vine%252C+succulents%252C+purple+peppers.jpg
000543.jpg,https://desertcanyonfarm.files.wordpress.com/2014/11/016.jpg
000544.jpg,https://s-media-cache-ak0.pinimg.com/736x/7e/d7/18/7ed718df27f15bfb7b137acf645fd7f9.jpg
000545.jpg,https://i.pinimg.com/originals/9c/68/12/9c6812fd97175a4dfea1feb51cf48641.jpg
000546.jpg,https://s-media-cache-ak0.pinimg.com/736x/2a/34/b2/2a34b2114d8ceb5da8f16c0f5c48b4c2--mini-sweet-peppers-sweet-pepper-salad.jpg
000547.jpg,https://s-media-cache-ak0.pinimg.com/736x/72/fe/a1/72fea1b4e500d9128ab9c8dbfa78db2f.jpg
000548.jpg,https://i.pinimg.com/736x/80/80/69/808069819ad1071ca465e9dd9897df44--veggie-platters-veggie-tray.jpg
000549.jpg,http://seedsample.com/wp-content/uploads/2009/08/purplebeauty.jpg
000550.jpg,https://images.squarespace-cdn.com/content/v1/51338111e4b021358bcbb0e1/1571616774481-JKHPGMQE65W3M2ED92SA/ke17ZwdGBToddI8pDm48kPJXHKy2-mnvrsdpGQjlhod7gQa3H78H3Y0txjaiv_0fDoOvxcdMmMKkDsyUqMSsMWxHk725yiiHCCLfrh8O1z5QHyNOqBUUEtDDsRWrJLTmihaE5rlzFBImxTetd_yW5btdZx37rH5fuWDtePBPDaHF5LxdCVHkNEqSYPsUQCdT/%2528baked%2529%252Bpurple%252Bkale%252C%252Bcilantro%252B%252B%252Bspaghetti%252Bsquash%252Bcakes%252B-%252Bdolly%252Band%252Boatmeal.jpg
000551.jpg,https://zoom50.files.wordpress.com/2011/11/capiscum-frutescens-by-creepingjenny.jpg
000552.jpg,https://di2ponv0v5otw.cloudfront.net/posts/2019/09/17/5d810046a20dfc5ef9f3036f/s_5d81005c8557afa6a92606f9.jpg
000553.jpg,https://perceptivetravel.com/blog/wp-content/Ornamental-peppers-Sangria-at-Dallas-Arboretum-photo-by-Sheila-Scarborough-2.jpg
000554.jpg,https://images.squarespace-cdn.com/content/v1/51338111e4b021358bcbb0e1/1571616868343-0EEP0BW69UOZTCPZ7QR9/ke17ZwdGBToddI8pDm48kJUlZr2Ql5GtSKWrQpjur5t7gQa3H78H3Y0txjaiv_0fDoOvxcdMmMKkDsyUqMSsMWxHk725yiiHCCLfrh8O1z5QPOohDIaIeljMHgDF5CVlOqpeNLcJ80NK65_fV7S1UfNdxJhjhuaNor070w_QAc94zjGLGXCa1tSmDVMXf8RUVhMJRmnnhuU1v2M8fLFyJw/AVOCADO-KALE%252BPESTO%252BPASTA%252B%2528VEGAN%2529%252B_%252Bdolly%252Band%252Boatmeal.jpg
000555.jpg,https://perceptivetravel.com/blog/wp-content/One-of-many-butterflies-in-a-large-stand-of-globe-amaranth-at-the-Dallas-Arboretum-photo-by-Sheila-Scarborough-2.jpg
000556.jpg,https://s-media-cache-ak0.pinimg.com/736x/87/45/38/874538a4e644e611f78490bd5b046607--purple-bell-pepper-all-things-purple.jpg
000557.jpg,https://s-media-cache-ak0.pinimg.com/736x/90/fc/5a/90fc5afcf94990e974ecb0edbb394a3e.jpg
000558.jpg,https://s-media-cache-ak0.pinimg.com/736x/e0/f0/71/e0f0715f4f257329814a26a74965b353--art-flowers-purple-flowers.jpg
000559.jpg,https://di2ponv0v5otw.cloudfront.net/posts/2019/08/19/5d5b933eadb58d8e7198b6d2/s_5d5b935bd40008d3e4e52050.jpg
000560.jpg,https://i.pinimg.com/236x/ce/66/00/ce6600e5ef4b19bb155d9fbcd745e374--art-flowers-purple-flowers.jpg
000561.jpg,https://s-media-cache-ak0.pinimg.com/736x/f5/e2/50/f5e250aaf3920c56229d0f80d090d07e--purple-pepper-colorful-drawings.jpg
000562.jpg,https://s-media-cache-ak0.pinimg.com/736x/ce/66/00/ce6600e5ef4b19bb155d9fbcd745e374.jpg
000563.jpg,https://images.squarespace-cdn.com/content/v1/51338111e4b021358bcbb0e1/1571616957365-ABVLDESHZFO5FV1JBFQ1/ke17ZwdGBToddI8pDm48kJUlZr2Ql5GtSKWrQpjur5t7gQa3H78H3Y0txjaiv_0fDoOvxcdMmMKkDsyUqMSsMWxHk725yiiHCCLfrh8O1z5QPOohDIaIeljMHgDF5CVlOqpeNLcJ80NK65_fV7S1UfNdxJhjhuaNor070w_QAc94zjGLGXCa1tSmDVMXf8RUVhMJRmnnhuU1v2M8fLFyJw/BROKEN%252BLASAGNA%252BW_%252BVEGAN%252BWHITE%252BPESTO%252B%2526%252BBROCCOLI%252BRABE%252B_%252Bdolly%252Band%252Boatmeal.jpg
000564.jpg,http://img0140.psstatic.com/188644811_seeds-and-things-heirloom-ornamental-pepper-pretty-in-.jpg
000565.jpg,https://i.pinimg.com/736x/22/ca/c7/22cac70dd93746ac9909c4d15d1ff165.jpg
000566.jpg,https://s-media-cache-ak0.pinimg.com/736x/44/d2/23/44d223393e2ce103ec47be40914aa720.jpg
000567.jpg,https://di2ponv0v5otw.cloudfront.net/posts/2019/09/18/5d825e61689ebc1e772bc90b/s_5d825e69d1aa257175ef4bf5.jpg
000568.jpg,https://di2ponv0v5otw.cloudfront.net/posts/2019/09/26/5d8ceab226219fe25c6e73f9/s_5d8ceabf152812a3ac2d0d98.jpg
