image,source
000001.jpg,https://www.pepperscale.com/wp-content/uploads/2018/10/satans-kiss-pepper.fdc542455e74427492e68945fc0c7da3-768x826.jpg
000002.jpg,https://cdn.shopify.com/s/files/1/0915/1060/products/satans-kiss-pepper-joes.jpg?v=1457657660
000003.jpg,http://cdn.shopify.com/s/files/1/1196/4148/products/satans-kiss-red-hot-pepper_grande.png?v=1462987456
000004.jpg,https://www.ukchilliseeds.co.uk/ekmps/shops/chilliwizard/images/satans-kiss-chilli-pepper-seeds-x-10-464-p.jpg
000005.jpg,https://www.premierseedsdirect.com/wp-content/uploads/2017/02/41581733.jpg
000006.jpg,https://www.victoriananursery.co.uk/images/800/sq_chilli_pepper_satans_kiss_002.jpg
000007.jpg,https://www.chileplants.com/images/chiles/satans-kiss-pepper-plants.jpg
000008.jpg,https://t7-live-fsmn.nyc3.cdn.digitaloceanspaces.com/friendsschoolplantsale.com/files/images/variety/v-pepper-satans_kiss-pepperseedseu.jpg
000009.jpg,https://images-na.ssl-images-amazon.com/images/I/518qxJ16SkL._SX425_.jpg
000010.jpg,https://chilitermesztes.files.wordpress.com/2017/05/chilli-satans-kiss-sadenicky-45867293-p.jpg?w=371&h=278
000011.jpg,https://cdn1.bigcommerce.com/server700/5mvrqhbm/products/3973/images/150459/satans-kiss-pepper-x__09271.1522258016.1280.1280.jpg?c=2
000012.jpg,https://i.ebayimg.com/images/g/Nw0AAOSwJ6NbxA3y/s-l300.jpg
000013.jpg,https://images-na.ssl-images-amazon.com/images/I/41C0WPmNTgL._SX425_.jpg
000014.jpg,https://i.ebayimg.com/images/g/73UAAOSwDXxcaUXN/s-l300.jpg
000015.jpg,http://www.bountifulseeds.com/100-large/satan-s-kiss-chilli-pepper-seeds.jpg
000016.jpg,https://i.ytimg.com/vi/myK2sGjcs58/maxresdefault.jpg
000017.jpg,https://m-garden.eu/img/4242/satkiss/470x450/satkiss.jpg
000018.jpg,https://i.etsystatic.com/11642485/r/il/1987c0/1705562108/il_570xN.1705562108_68zr.jpg
000019.jpg,https://www.gardenhoard.com/media/catalog/product/cache/1/image/650x/040ec09b1e35df139433887a97daa66f/2/0/20180926_084034.jpg
000020.jpg,https://live.staticflickr.com/7193/6991987643_cffb64ddbd_b.jpg
000021.jpg,https://live.staticflickr.com/7038/6845862818_50617e9dc5_b.jpg
000022.jpg,https://www.picclickimg.com/00/s/MTA2NlgxNjAw/z/NC0AAOSwc2FaOY5z/$/Satans-Kiss-HOT-pepper-50-fresh-organic-seeds-_1.jpg
000023.jpg,https://www.seeds-gallery.shop/4137-home_default/satans-kiss-chili-seeds.jpg
000024.jpg,https://i.pinimg.com/474x/4b/af/b0/4bafb03c74791826933a8c5dec9baacd--satan-american-kitchen.jpg
000025.jpg,https://image.shutterstock.com/image-photo/hot-chili-peppers-harvest-260nw-1236876538.jpg
000026.jpg,https://i.etsystatic.com/6385340/r/il/5ce0c8/1151284805/il_794xN.1151284805_3vch.jpg
000027.jpg,http://www.drybranchranch.com/uploads/1/1/0/4/11045026/4992871.jpg?787
000028.jpg,https://images-na.ssl-images-amazon.com/images/I/711Y2brNubL._SX425_.jpg
000029.jpg,https://cdn11.bigcommerce.com/s-83924/images/stencil/2048x2048/products/1669/982/satans_kiss_peppers__96198.1415899416.jpg?c=2
000030.jpg,https://i.redd.it/b0mn7b4ijru11.jpg
000031.jpg,https://image.shutterstock.com/image-photo/hot-chili-peppers-harvest-260nw-1236876532.jpg
000032.jpg,https://cartloom.s3.amazonaws.com/worldofchillies/6972_ace1008a00179e60738773aad61a6c35_orig.jpg
000033.jpg,https://previews.agefotostock.com/previewimage/medibigoff/cb4547fa5c6a962fb78c422889f4e79f/gwg-wkc178.jpg
000034.jpg,https://thedevilgrowschillies.files.wordpress.com/2011/06/satan-kiss.jpg
000035.jpg,http://2.bp.blogspot.com/-g6NM9zcJiP4/UKK7wvtxekI/AAAAAAAAAj8/Lj8O41klfp4/s1600/Satans+Kiss.jpg
000036.jpg,https://www.capegazette.com/sites/capegazette/files/2017/01/field/image/Satans%20Kiss%20Pepper%20%20YOUTUBE.jpg
000037.jpg,http://www.bountifulseeds.com/130-large/holiday-cheer-chilli-pepper-seeds.jpg
000038.jpg,https://www.ukchilliseeds.co.uk/ekmps/shops/chilliwizard/images/red-savina-habanero-10-x-seeds-171-p.jpg
000039.jpg,https://www.picclickimg.com/d/l400/pict/192078602068_/30-ORGANICALLY-GROWN-Satans-Kiss-Hot-Pepper-Seeds.jpg
000040.jpg,https://gorkichili.si/image/cache/data/artikli/satans_kiss-351x470.jpg
000041.jpg,https://i5.walmartimages.com/asr/7faeb736-0e14-4578-93da-d5420c7bfef2_1.b0bc8cfdaf2186a4bdd38f5b3e6eca72.jpeg?odnHeight=450&odnWidth=450&odnBg=FFFFFF
000042.jpg,http://edenland.com.ua/pictures/semena/perets-potseluj-satany_main_b.jpg
000043.jpg,https://live.staticflickr.com/8388/8519575593_34868d5757_b.jpg
000044.jpg,https://cdn.shopify.com/s/files/1/0196/8750/6020/products/41S77UUakVL._UL1500_1052x700.jpg?v=1551906235
000045.jpg,https://pics.davesgarden.com/pics/2007/07/26/Farmerdill/3e68ad.jpg
000046.jpg,https://www.seeds-gallery.shop/4139-large_default/satans-kiss-chili-seeds.jpg
000047.jpg,https://i.ebayimg.com/images/g/ZLYAAOSwgY9Xekra/s-l300.jpg
000048.jpg,https://http2.mlstatic.com/satan-kiss-pepper-pimenta-10-sementes-baccio-di-satana-D_NQ_NP_14582-MLB2958275122_072012-F.jpg
000049.jpg,https://images-na.ssl-images-amazon.com/images/I/51S1z-5-%2BlL._SX425_.jpg
000050.jpg,https://static.wixstatic.com/media/60441e_cda60b01f857415485dc3e8e55a46017~mv2_d_1536_2048_s_2.jpg/v1/fill/w_504,h_672,al_c,q_80,usm_0.66_1.00_0.01/60441e_cda60b01f857415485dc3e8e55a46017~mv2_d_1536_2048_s_2.jpg
000051.jpg,https://www.seminka-chilli.cz/fotografie/max/satans-kiss-bacio-di-satana-36-2.jpg
000052.jpg,http://cdn.shopify.com/s/files/1/1196/4148/products/scoville-scale-pepper-is_6cd4d213-dad4-4cf1-b83a-eb38a7461806_grande.png?v=1464027406
000053.jpg,https://tibchili.hu/wp-content/uploads/2019/04/Chocolate_Devils_Tongue_1-600x400-500x383.jpg
000054.jpg,https://cdn.shopify.com/s/files/1/1145/1260/products/satans-kiss-2_large.jpg?v=1565965395
000055.jpg,https://davesgarden.com/guides/pf/thumbnail.php?image=2007/07/03/Farmerdill/9f33d3.jpg&widht=700&height=312
000056.jpg,https://c8.alamy.com/comp/P9DRBM/kalocsai-alascony-hungarian-cherry-pepper-capsicum-annuum-var-cerasiforme-P9DRBM.jpg
000057.jpg,https://kitchengardenrecipes.files.wordpress.com/2009/10/chilli-harvest-2008.jpg
000058.jpg,https://neveldfel.cdn.shoprenter.hu/custom/neveldfel/image/cache/w900h500wt1/STOCK%20k%C3%A9pek/satanskiss.jpg?lastmod=1477246953.1482238000
000059.jpg,https://image.shutterstock.com/image-photo/hot-chili-peppers-harvest-260nw-1236876520.jpg
000060.jpg,https://d2h1pu99sxkfvn.cloudfront.net/b0/2799938/235208042_KDvWPH0RTG/P7.jpg
000061.jpg,https://www.exotic-seeds.store/4138-home_default/satans-kiss-chili-seeds.jpg
000062.jpg,http://i.imgur.com/VUEJxqu.jpg
000063.jpg,https://i.pinimg.com/originals/be/ac/4a/beac4afb74ad429ffff8ed90b717c458.jpg
000064.jpg,https://www.superhotchiles.com/wp-content/uploads/2018/04/Calabrian-Pepper-Seeds.jpg
000065.jpg,https://c1.staticflickr.com/8/7205/6842900584_8e38f0a056_b.jpg
000066.jpg,https://images.vat19.com/toe-of-satan/toe-of-satan-lollipop-heat.jpg
000067.jpg,http://www.chilish.com/144-home_default/satans-kiss-chili-pepper-seeds.jpg
000068.jpg,https://tibchili.hu/wp-content/uploads/2019/05/lemon-drop.jpg
000069.jpg,https://3.allegroimg.com/s512/038a40/592476674c92a305c02dd51c7f63
000070.jpg,https://chasingchilli.com.au/wp-content/uploads/2017/04/Carolina-Reaper.png
000071.jpg,http://www.thechilliking.com/wp-content/uploads/2009/08/Ripe-Cayenne-Chilli.jpg
000072.jpg,https://t7-live-fsmn.nyc3.cdn.digitaloceanspaces.com/friendsschoolplantsale.com/files/images/variety/V-Pepper-biquinho-BakerCreek.jpg
000073.jpg,https://cdn.shopify.com/s/files/1/0915/1060/products/Mad_Hatter1.jpg?v=1547672015
000074.jpg,http://cdn.shopify.com/s/files/1/1022/5071/products/satan-s-kiss-hot-pepper-seeds-aka-baccio-ciliegia-piccante-heirloom-from-italy-3_630x630.jpg?v=1565031274
000075.jpg,https://i.redd.it/575ngkxj1ke31.jpg
000076.jpg,https://imageshack.com/a/img843/7015/ejjcg.jpg
000077.jpg,https://www.worldofchillies.com/chilli_seeds/files/stacks-image-0a6a815.jpg
000078.jpg,https://0.gravatar.com/avatar/0ad557c808c73f7b3234ab6d07a74935?s=240&d=identicon&r=G
000079.jpg,https://i.stack.imgur.com/utei8.jpg
000080.jpg,https://www.seminka-chilli.cz/fotografie/max/satans-kiss-bacio-di-satana-36-3.jpg
000081.jpg,https://cdn11.bigcommerce.com/s-83924/images/stencil/2048x2048/products/1044/291/FGLPE97-11_400px__69375.1310678353.jpg?c=2
000082.jpg,https://ekzotomat.in.ua/image/cache/catalog/satana-kiss/dscn9534-800x598.jpg
000083.jpg,https://www.cleaneatingmag.com/.image/t_share/MTQ0NzQxNjUwMTQyNTM2NzUw/hot-pepper.jpg
000084.jpg,https://www.ukchilliseeds.co.uk/ekmps/shops/chilliwizard/images/chile-de-rbol-10-x-seeds-122-p.jpg
000085.jpg,https://i.ytimg.com/vi/RyFR208jhTY/maxresdefault.jpg
000086.jpg,https://www.picclickimg.com/00/s/NTIxWDg3Mg==/z/NsIAAOSwhOxbxA13/$_57.PNG?set_id=8800005007
000087.jpg,http://cdn.shopify.com/s/files/1/2729/2104/products/Satans_Kiss_1200x1200.JPG?v=1537304926
000088.jpg,http://img1.wsimg.com/isteam/ip/80ca2e76-5224-4ef1-bf11-0965514a1189/c990a297-bcd2-4523-b737-2fc71ebbb3c4.jpg
000089.jpg,https://www.pepperscale.com/wp-content/uploads/2019/10/Pepperoncini-768x512.jpg
000090.jpg,https://i.ebayimg.com/images/g/PlkAAOSwstxVWero/s-l300.jpg
000091.jpg,https://www.seedman.com/image/jf707.jpg
000092.jpg,https://i.stack.imgur.com/w3Zij.jpg
000093.jpg,http://4.bp.blogspot.com/-uFHtB6C7RVw/U85c6JGMK7I/AAAAAAAAXFc/Z2W9un__R7Y/s1600/IMG_9675.JPG
000094.jpg,http://bestgardenchannel.com/wp-content/uploads/2018/02/whatpepperthumb.png
000095.jpg,https://s0.bukalapak.com/img/5764753614/medium/satan.png
000096.jpg,http://i.imgur.com/HngkHXd.jpg
000097.jpg,https://i.etsystatic.com/16744720/r/il/75b845/1436129327/il_794xN.1436129327_ny6a.jpg
000098.jpg,https://www.seedman.com/image/jf645.jpg
000099.jpg,https://www.victoriananursery.co.uk/images/800/sq_chilli_pepper_demon_red_006.jpg
000100.jpg,https://t7-live-fsmn.nyc3.cdn.digitaloceanspaces.com/friendsschoolplantsale.com/files/images/variety/v-de_padron-wiki-lmbuga.jpg
000101.jpg,https://ecs7.tokopedia.net/img/product-1/2015/7/10/507210/507210_0d6c8af0-5862-4f50-bbf7-60f7118baa3e.jpg
000102.jpg,https://live.staticflickr.com/7046/6845857876_4677a882b8_b.jpg
000103.jpg,http://www.thechilliking.com/wp-content/uploads/2009/08/Over-ripe-chillies.jpg
000104.jpg,http://www.lightdio.eu/home/projects/pepper-2016-240-120-200/image.raw?view=image&type=orig&id=586
000105.jpg,https://tibchili.hu/wp-content/uploads/2019/04/cayenne-chilik.jpg
000106.jpg,https://image.shutterstock.com/image-photo/hot-chili-peppers-harvest-260nw-1236876529.jpg
000107.jpg,https://s7148.pcdn.co/wp-content/uploads/IMG_0716-e1567435910821.jpg
000108.jpg,https://www.mastercook.com/app/Image/2624635/1288570.jpg
000109.jpg,https://img.bidorbuy.co.za/image/upload/v1546772154/user_images/613/2942613/190106125549_semi-peperoncino-bacio-di-satana.jpg
000110.jpg,https://st3.myideasoft.com/shop/ir/87/myassets/products/496/pr_04_2496_min.jpg?revision=1570198622
000111.jpg,https://m.media-amazon.com/images/I/51Mr6pVikLL._AC_UL320_.jpg
000112.jpg,https://upload.wikimedia.org/wikipedia/commons/thumb/e/e5/Chilesdearbol.jpg/290px-Chilesdearbol.jpg
000113.jpg,https://cartloom.s3.amazonaws.com/worldofchillies/53134_58cdd948fb4222bb49968a8e78ef6abe_orig.jpg
000114.jpg,https://cdn.shopify.com/s/files/1/0915/1060/products/Scarletts_Chili.jpg?v=1547741739
000115.jpg,https://www.chililovers.nu/wp-content/uploads/2015/07/chiltepin.jpg
000116.jpg,https://www.soflor.com.br/wp-content/uploads/2014/02/sementes-de-pimenta-satan-s-kiss-ciliegia-picante-2983-e1495740765770.jpg
000117.jpg,http://cdn.shopify.com/s/files/1/1196/4148/products/garden-salsa-red-pepper_grande.png?v=1464026785
000118.jpg,https://www.seminka-chilli.cz/fotografie/max/satans-kiss-bacio-di-satana-36-0.jpg
000119.jpg,https://chili.tummelsta.se/wp-content/uploads/2017/07/Satans-Kiss.jpg
000120.jpg,https://scontent-frx5-1.cdninstagram.com/v/t51.2885-15/e35/s320x320/70352039_155595235547393_2906316171616234396_n.jpg?_nc_ht=scontent-frx5-1.cdninstagram.com&oh=b3156448a95bb5d57513f6220ba7a7c0&oe=5E07337F&ig_cache_key=MjEyMTg3OTI3ODk5MzI3MzgwNw%3D%3D.2
000121.jpg,https://tse2.mm.bing.net/th?id=OIP.s_KcX64lDNVMpY38XyVO9gAAAA&pid=15.1&h=250&w=250
000122.jpg,https://cdn.shopify.com/s/files/1/2729/2104/products/Satans_Kiss_plante_1_a8a02e2c-cf66-4914-b468-a044edc4a26f_300x300.JPG?v=1537305233
000123.jpg,https://italianchilli.com/141-home_default/dried-little-bastard.jpg
000124.jpg,https://i.etsystatic.com/7947844/r/il/94731e/1185904516/il_fullxfull.1185904516_chfe.jpg
000125.jpg,https://www.cayennediane.com/wp-content/uploads/2016/10/Palestine-TX-Hot-Pepper-Festival-2019.png
000126.jpg,https://i.pinimg.com/236x/b4/d5/b6/b4d5b6f0f1237b90e6b6c632c8e1751b.jpg
000127.jpg,https://scontent-lga3-1.cdninstagram.com/vp/7b2a4e8f343ac55c29b9743fc3e45bba/5DD6F6D2/t51.2885-15/sh0.08/e35/s640x640/19428784_1890292324565823_2344381737875800064_n.jpg?_nc_ht=scontent-lga3-1.cdninstagram.com
000128.jpg,https://www.victoriananursery.co.uk/images/800/chilli_pepper_prairie_fire_005.jpg
000129.jpg,https://www.pepperscale.com/wp-content/uploads/2014/10/hot-pepper-list-768x511.jpeg
000130.jpg,https://www.cleaneatingmag.com/.image/ar_1:1%2Cc_fill%2Ccs_srgb%2Cfl_progressive%2Cg_faces:center%2Cq_auto:good%2Cw_620/MTQ0NzQxNjUwMzk4MTI3MTUw/kale-helps-keep-you-young.jpg
000131.jpg,https://static.wixstatic.com/media/60441e_6e6d4152409e4450877a7e516cf36677~mv2_d_1536_2048_s_2.jpg/v1/fill/w_504,h_672,al_c,q_80,usm_0.66_1.00_0.01/60441e_6e6d4152409e4450877a7e516cf36677~mv2_d_1536_2048_s_2.jpg
000132.jpg,https://farm8.staticflickr.com/7066/6845878894_2a93c4a3ae_b.jpg
000133.jpg,https://t7-live-fsmn.nyc3.cdn.digitaloceanspaces.com/friendsschoolplantsale.com/files/images/variety/V-Pepper-GhostChocolate-wiki-Jansen.jpg
000134.jpg,https://pbs.twimg.com/media/EAOdZgDWwAA15gC.jpg
000135.jpg,https://chilitermesztes.files.wordpress.com/2017/06/cherry-bomb-pepper_1.jpg?w=371&h=278
000136.jpg,http://thumb1.zeppy.io/d/l400/pict/362592177128/carolina-reaper-chilli-pepper-seeds-grow-your-own-world-s-hottest-chilli
000137.jpg,http://www.lightdio.eu/home/projects/pepper-2016-240-120-200/image.raw?view=image&type=orig&id=573
000138.jpg,https://imgv2-1-f.scribdassets.com/img/document/420428874/original/f87d7eadca/1567843259?v=1
000139.jpg,https://www.seedman.com/image/jf597.jpg
000140.jpg,http://cdn.shopify.com/s/files/1/1022/5071/products/other-seeds-bulbs-satan-s-kiss-pepper-seeds-aka-baccio-ciliegia-piccante-heirloom-from-italy-2_630x630.jpg?v=1565031275
000141.jpg,https://t4.thpservices.com/previewimage/gallil/3a0a45a5374f173967bb3482a8ad23b9/sfd-322780.jpg
000142.jpg,https://i.ebayimg.com/images/g/qh4AAOSwn7JYC4UN/s-l300.jpg
000143.jpg,https://italianchilli.com/154-home_default/dried-bubble-gum-7pot.jpg
000144.jpg,https://scontent-cdt1-1.cdninstagram.com/v/t51.2885-15/e35/s320x320/67164373_2612132762153136_1539969851800259239_n.jpg?_nc_ht=scontent-cdt1-1.cdninstagram.com&_nc_cat=100&oh=e5e4433a9ae2025a6d82046459a8184a&oe=5E14C7C1&ig_cache_key=MjExMzcwNzQ3ODExNTM0MDIyMQ%3D%3D.2
000145.jpg,https://spng.pngfly.com/20180227/vbe/kisspng-photography-illustration-vector-peppers-and-garlic-plants-5a9563dd3ff906.5442539815197398692621.jpg
000146.jpg,http://3.bp.blogspot.com/-Zv4yAqfqguA/U85dBH2UGbI/AAAAAAAAXFw/MU8c7A7GQpc/s1600/Seeda.JPG
000147.jpg,https://www.sauce-piquante.fr/615-large_default/graines-de-piment-satans-kiss.jpg
000148.jpg,http://www.tomatobabycompany.com/pics-big/giant-aconcagua-pepper.jpg
000149.jpg,http://www.thechilliking.com/wp-content/uploads/2009/08/UnRipe-Cayenne-Chilli.jpg
000150.jpg,https://upload.wikimedia.org/wikipedia/commons/thumb/3/3c/Dorset_Naga_Peppers.jpg/290px-Dorset_Naga_Peppers.jpg
000151.jpg,https://cartloom.s3.amazonaws.com/worldofchillies/47306_51a8f9565ce84a873dbf695a2734efc3_orig.jpg
000152.jpg,https://images-na.ssl-images-amazon.com/images/I/51%2BgQjbgo5L.jpg
000153.jpg,http://www.chilish.com/168-home_default/world-hottest-chili-pack-seeds.jpg
000154.jpg,https://i.ebayimg.com/thumbs/images/g/UssAAOSwNwhcgNpw/s-l200.jpg
000155.jpg,http://www.tomatobabycompany.com/pics-big/BigBerthaBell.jpg
000156.jpg,http://www.bountifulseeds.com/110-large/portugal-chilli-pepper-seeds.jpg
000157.jpg,https://cdn11.bigcommerce.com/s-83924/images/stencil/2048x2048/products/1630/1353/dolcebergamo__75413.1490310318.jpg?c=2
000158.jpg,https://scontent-sjc3-1.cdninstagram.com/vp/dc1aeb7ba8b2c2dc5cd5121559381c99/5E3CD5CE/t51.2885-15/sh0.08/e35/s640x640/67292694_104272480819823_8965966907890835935_n.jpg?_nc_ht=scontent-sjc3-1.cdninstagram.com&_nc_cat=111
000159.jpg,https://scontent-cdt1-1.cdninstagram.com/vp/429c4357318bc4c657a9a00093cf82c9/5DB47D90/t51.2885-15/e35/s320x320/66420793_871733776542214_3753421730235130350_n.jpg?_nc_ht=scontent-cdt1-1.cdninstagram.com&ig_cache_key=MjA5NDM4NDYxNDYzMTA2MjQ4NQ%3D%3D.2
000160.jpg,https://http2.mlstatic.com/D_NQ_NP_915685-MLB26486268071_122017-W.jpg
000161.jpg,http://thumb3.zeppy.io/d/l400/pict/123750721162/trinidad-moruga-scorpion-seeds-x15-5-free-satan-s-kiss-seeds
000162.jpg,https://b-and-t-world-seeds.com/images/82859.jpg
000163.jpg,https://www.scottrobertsweb.com/images/smokin-eds-carolina-reaper-chile-pepper-worlds-hottest-scoville.jpg
000164.jpg,https://cdn.shopify.com/s/files/1/0915/1060/products/Pepper-Joes-Filius-Blue-Seeds-_2.jpg?v=1478872976
000165.jpg,https://m.media-amazon.com/images/I/81Nmy4tLL6L._AC_UL320_.jpg
000166.jpg,https://cdn.shopify.com/s/files/1/1109/3566/products/987c71a1-c7bf-4d67-8676-948c03bfe82c_large.jpg?v=1536358743
000167.jpg,https://www.mondopiante.com/351-home_default/chili-kiss-of-satan-seeds.jpg
000168.jpg,https://www.victoriananursery.co.uk/images/800/chilli_pepper_rodeo_002.jpg
000169.jpg,http://79.170.44.156/chileseeds.co.uk/media/bakery/thumbs/item1210/Satans_Kiss_CalabrianChilliSeeds.jpg
000170.jpg,https://i.stack.imgur.com/6p0g1.jpg
000171.jpg,https://s7148.pcdn.co/wp-content/uploads/IMG_1833.jpg
000172.jpg,https://live.staticflickr.com/7058/6984171903_c9b8a645eb_b.jpg
000173.jpg,https://www.pepperheads-hotsauces.com/wp-content/uploads/2015/03/Bhutlahredd-e1568557123926-260x220.jpg
000174.jpg,https://t7-live-fsmn.nyc3.cdn.digitaloceanspaces.com/friendsschoolplantsale.com/files/images/variety/V-Pepper-Brazilian-Starfish-BakerCreek.jpg
000175.jpg,https://www.ukchilliseeds.co.uk/ekmps/shops/chilliwizard/images/chilli-rokita-seeds-10-seeds-1076-1-p[ekm]360x393[ekm].jpg
000176.jpg,https://chilitermesztes.files.wordpress.com/2017/05/cayenne-chili-peppers.jpg?w=616
000177.jpg,https://static.mercadoshops.com/satan-kiss-pepper-pimenta-sementes-baccio-di-satana_iZ71XsZ49319539XpZ2XfZ49319539-608211729-2XvZgrandexIM.jpg?v=master-20190826_083842
000178.jpg,https://static.easyhydro.co.uk/wp-content/uploads/2019/01/Black-Hungarian-300x300.jpg
000179.jpg,https://a.allegroimg.com/s400/0369d2/0218c68646659dfabe0a269b4c89/Nasiona-60-RHCP-Chili-SATAN-S-KISS-DE-CAYENNE
000180.jpg,http://www.drybranchranch.com/uploads/1/1/0/4/11045026/7332013.jpg
000181.jpg,https://ecs7.tokopedia.net/img/cache/700/product-1/2018/11/10/1328542/1328542_f670862e-1c4e-43b8-921f-f9f4d2ee85eb_700_933.jpg
000182.jpg,https://i0.wp.com/countrysideliving.net/blog/wp-content/uploads/Chili_Satans-Kiss_Fresno-Supreme.jpg?ssl=1
000183.jpg,https://zestfest.net/wp-content/uploads/2017/10/Home.jpg
000184.jpg,http://i.ebayimg.com/images/i/390601414468-0-1/s-l1000.jpg
000185.jpg,https://www.pepperscale.com/wp-content/uploads/2018/10/satans-kiss-pepper.fdc542455e74427492e68945fc0c7da3.jpg
000186.jpg,http://ukchilliseeds.co.uk/ekmps/shops/chilliwizard/images/satans-kiss-chilli-pepper-seeds-x-10-464-p.jpg
000187.jpg,https://img0.etsystatic.com/052/0/7824311/il_570xN.700805038_h44w.jpg
000188.jpg,https://www.seminka-chilli.cz/fotografie/max/satans-kiss-bacio-di-satana-36-2.jpg
000189.jpg,https://i.ebayimg.com/images/g/gmsAAOSwv0tVAq84/s-l300.jpg
000190.jpg,https://www.victoriananursery.co.uk/images/250/sq_chilli_pepper_satans_kiss_002.jpg
000191.jpg,https://i.ytimg.com/vi/myK2sGjcs58/maxresdefault.jpg
000192.jpg,http://ecx.images-amazon.com/images/I/418Ba4yfQHL.jpg
000193.jpg,https://www.chileplants.com/images/chiles/satans-kiss-pepper-plants.jpg
000194.jpg,https://i.ytimg.com/vi/5HDW7V0vqx0/hqdefault.jpg
000195.jpg,http://www.bountifulseeds.com/100-large/satan-s-kiss-chilli-pepper-seeds.jpg
000196.jpg,http://www.bountifulseeds.com/100-medium/satan-s-kiss-chilli-pepper-seeds.jpg
000197.jpg,http://i.ebayimg.com/images/i/391148032968-0-1/s-l1000.jpg
000198.jpg,https://www.seminka-chilli.cz/fotografie/max/satans-kiss-bacio-di-satana-36-3.jpg
000199.jpg,https://cdn1.bigcommerce.com/server700/5mvrqhbm/products/3973/images/150459/satans-kiss-pepper-x__09271.1522258016.451.395.jpg
000200.jpg,https://c1.staticflickr.com/9/8154/7540993848_4fec0aac7a_b.jpg
000201.jpg,http://www.seminka-chilli.cz/fotografie/max/satans-kiss-bacio-di-satana-36-0.jpg
000202.jpg,http://plantamundo.com/adm/fotos/Pepper%20Satans_kiss.jpg
000203.jpg,http://www.drybranchranch.com/uploads/1/1/0/4/11045026/4992871.jpg
000204.jpg,http://www.neoseeds.cz/_data/s_563/shop/big_147973199315-chilli-papricka-cilegia-picante-satans-kiss.jpg
000205.jpg,http://www.capegazette.com/sites/capegazette/files/2017/01/field/image/Satans%20Kiss%20Pepper%20%20YOUTUBE.jpg
000206.jpg,https://http2.mlstatic.com/satan-kiss-pepper-pimenta-sementes-baccio-di-satana-D_NQ_NP_14638-MLB2958275485_072012-F.jpg
000207.jpg,http://c1.staticflickr.com/8/7177/6838033180_e64cd2f1db.jpg
000208.jpg,http://www.seminka-chilli.cz/fotografie/max/satans-kiss-bacio-di-satana-36-4.jpg
000209.jpg,https://www.chilli-shop.sk/fotografie/max/satans-kiss-bacio-di-satana-36-1.jpg
000210.jpg,https://img1.etsystatic.com/127/0/7574460/il_570xN.910844373_mc2t.jpg
000211.jpg,http://ukchilliseeds.co.uk/ekmps/shops/chilliwizard/images/7-pod-brown-x-10-seeds-637-p[ekm]360x360[ekm].jpg
000212.jpg,https://s-media-cache-ak0.pinimg.com/736x/da/02/b6/da02b696fde55746ed93c1bcf080ed50.jpg
000213.jpg,https://c2.staticflickr.com/8/7149/6712110957_8a3e978178_b.jpg
000214.jpg,https://img0.etsystatic.com/151/0/7824311/il_340x270.1117950340_6wnx.jpg
000215.jpg,https://www.victoriananursery.co.uk/images/75/sq_chilli_pepper_satans_kiss_002.jpg
000216.jpg,https://www.gadar.cz/fotky6629/fotos/_vyrd12_503satkiss3.jpg
000217.jpg,https://http2.mlstatic.com/satan-kiss-pepper-pimenta-sementes-baccio-di-satana-D_NQ_NP_14694-MLB2958257951_072012-F.jpg
000218.jpg,https://cdn.shopify.com/s/files/1/1145/1260/products/satans-kiss-2_large.jpg
000219.jpg,https://i.stack.imgur.com/w3Zij.jpg
000220.jpg,https://chilitermesztes.files.wordpress.com/2017/05/chilli-satans-kiss-sadenicky-45867293-p.jpg
000221.jpg,http://www.worldofchillies.com/chilli_seeds/world_chilli_seeds/files/stacks_image_2695.jpg
000222.jpg,https://www.gadar.sk/fotky7416/fotos/_vyrd11_509satkiss2.jpg
000223.jpg,https://www.gadar.cz/fotky6629/fotos/_vyr_503SATAN22.jpg
000224.jpg,https://static.kupindoslike.com/Chilli-Satan-s-kiss-Ciliegia-picante_slika_O_43856201.jpg
000225.jpg,https://img1.etsystatic.com/101/0/8247641/il_570xN.841668901_1hqo.jpg
000226.jpg,https://img0.etsystatic.com/101/0/8247641/il_fullxfull.841894236_oyha.jpg
000227.jpg,https://www.farmalekvarik.sk/fotky16078/fotos/16078_657_16078_656__vyrd11_255black.jpg
000228.jpg,https://www.pepperfriends.org/uploads/satans-kiss/001/DSC05897.jpg
000229.jpg,https://www.ukchilliseeds.co.uk/ekmps/shops/chilliwizard/images/bahamian-goat-pepper-piment-bouc-10-x-seeds-764-p[ekm]360x360[ekm].jpg
000230.jpg,http://st1.myideasoft.com/shop/ir/87/myassets/products/496/pr_01_2496.jpg
000231.jpg,https://img1.etsystatic.com/111/0/10905888/il_570xN.1022563061_qee0.jpg
000232.jpg,https://www.ukchilliseeds.co.uk/ekmps/shops/chilliwizard/images/aji-picante-10-x-seeds-702-p[ekm]360x360[ekm].jpg
000233.jpg,https://www.gadar.sk/fotky7416/fotos/_vyrn_508SCOTTR22.jpg
000234.jpg,https://static.kupindoslike.com/Chilli-Satan-s-kiss-Ciliegia-picante_slika_O_43856205.jpg
000235.jpg,https://i.pinimg.com/236x/b6/8f/c3/b68fc3b18d61a013fa0874c584115191--satan-the-devils.jpg
000236.jpg,https://i.ebayimg.com/images/g/VAoAAOSwuxFY27ER/s-l300.jpg
000237.jpg,https://i.ytimg.com/vi/RyFR208jhTY/maxresdefault.jpg
000238.jpg,https://i.ytimg.com/vi/aa2PlIJLeJA/maxresdefault.jpg
000239.jpg,http://www.mariquita.com/images/photogallery/vegetablesatoz/peppers/friarelliredreal.jpg
000240.jpg,https://i.ytimg.com/vi/P9lTkHi31wk/maxresdefault.jpg
000241.jpg,https://i.etsystatic.com/7947844/r/il/94731e/1185904516/il_fullxfull.1185904516_chfe.jpg
000242.jpg,http://i.ebayimg.com/images/i/370630731229-0-1/s-l1000.jpg
000243.jpg,https://i.etsystatic.com/10905888/r/il/ed0dea/1503437270/il_fullxfull.1503437270_rzf9.jpg
000244.jpg,https://s-media-cache-ak0.pinimg.com/originals/38/75/51/38755178d464d202d0879fcc2c14023f.jpg
000245.jpg,https://img1.etsystatic.com/034/0/7824311/il_340x270.568380995_bxiq.jpg
000246.jpg,http://i.ebayimg.com/images/i/252008105681-0-1/s-l1000.jpg
000247.jpg,https://i.pinimg.com/736x/b1/f9/d9/b1f9d9dbd40744b884f174a9bb69e7f3--seed-starting-creamy-white.jpg
000248.jpg,https://cdn.shopify.com/s/files/1/0915/1060/products/Pepper-Joes-_Filius-Blue-Seeds-_1_grande.jpg
000249.jpg,http://ukchilliseeds.co.uk/ekmps/shops/chilliwizard/images/pequin-chilli-10-x-seeds-990-p[ekm]360x360[ekm].jpg
000250.jpg,https://www.gadar.cz/fotky6629/fotos/_vyrn_601TABASCO22.jpg
000251.jpg,https://www.ukchilliseeds.co.uk/ekmps/shops/chilliwizard/images/guntur-sannam-indian-chilli-pepper-x-10-seeds-438-p[ekm]360x360[ekm].jpg
000252.jpg,https://s-media-cache-ak0.pinimg.com/736x/be/e4/74/bee474f2db03de40d6b8eb09eba84911.jpg
000253.jpg,https://www.ilikeithot.eu/wp-content/uploads/2018/05/Vrabanero_ajvar_burn_new-15-300x300.jpg
000254.jpg,https://www.chilliwizards.co.uk/Graphics/Std_Product_Images/super-hot-chilli-pepper-seeds-starter-gift-pack.-20-of-our-hottest-varieties.-1300-p.jpg
000255.jpg,https://s-media-cache-ak0.pinimg.com/736x/b4/e7/35/b4e73568b82e643898fd0b9c84e82ca8--anaheim-peppers-total-eclipse.jpg
000256.jpg,https://www.ukchilliseeds.co.uk/ekmps/shops/chilliwizard/images/super-hot-chilli-pepper-seeds-starter-gift-pack.-10-of-our-hottest-varieties.-330-p[ekm]360x360[ekm].jpg
000257.jpg,https://static.independent.co.uk/s3fs-public/thumbnails/image/2017/03/09/16/rhcp.jpg
000258.jpg,https://www.gadar.cz/fotky6629/fotos/_vyrn_393SERRANOTAMPIQUENO22.jpg
000259.jpg,http://cdn8.bigcommerce.com/s-83924/images/stencil/500x500/products/1677/990/fiestapeppers__39843.1415912960.jpg
000260.jpg,https://img0.etsystatic.com/166/0/13362565/il_340x270.1186960290_ih52.jpg
000261.jpg,http://imageshack.us/a/img163/7690/ciliegiapiccantesatanki.jpg
000262.jpg,http://getwallpapers.com/wallpaper/full/6/c/0/883764-large-grim-reaper-backgrounds-3000x1541-for-1080p.jpg
000263.jpg,http://rockklassiker.deaf-dumb.com/shop/4541/art41/h9838/29209838-origpic-71e3ca.jpg
000264.jpg,https://img.etsystatic.com/il/12d5f6/1453866025/il_340x270.1453866025_3xa3.jpg
000265.jpg,http://d2tfjcn1pw5sr4.cloudfront.net/sites/default/files/images/variety/v-pepper-tangerine-dream-rc-ball.jpg
000266.jpg,http://d2tfjcn1pw5sr4.cloudfront.net/sites/default/files/images/variety/v-pepper-hot-hungarian-gr.jpg
000267.jpg,http://nebekerfamilyhistory.com/nebgen/Battalion_3_files/San%20Diego.jpg
