image,source
000001.jpg,https://www.pepperscale.com/wp-content/uploads/2015/11/super-chili-pepper_2-768x511.jpeg
000002.jpg,https://www.thompson-morgan.com/product_images/100/optimised/PEP0905-A_h.jpg
000003.jpg,https://d1nw62gticy6e9.cloudfront.net/uploads/Super_Chili1.jpg
000004.jpg,https://www.cayennediane.com/wp-content/uploads/Super-Chili-2.jpg
000005.jpg,https://s3.amazonaws.com/cdn0.gurneys.com/images/500/64587A_1.jpg
000006.jpg,https://s3.amazonaws.com/mygardenlife.com/plant-library/full/4212_25.jpg
000007.jpg,https://www.seedsnsuch.com/wp-content/uploads/2018/11/Pep_Super_Chili_cmyk-1.jpg
000008.jpg,https://i.ebayimg.com/images/g/MTQAAOSwal5YL1FC/s-l640.jpg
000009.jpg,https://www.chilipeppermadness.com/wp-content/uploads/2019/09/Temp-Pepper-Types.jpg
000010.jpg,https://www.victoriananursery.co.uk/images/800/sq_chilli_pepper_super_chilli_003.jpg
000011.jpg,http://cdn.shopify.com/s/files/1/0038/9405/0868/products/Pepper_Capsicum_SuperChili_1024x1024.jpg?v=1553124956
000012.jpg,https://s3.amazonaws.com/cdn.gardensalive.com/images/800/64587A.jpg
000013.jpg,http://cdn.shopify.com/s/files/1/1196/4148/products/super-chili-pepper-plant_grande.png?v=1464034353
000014.jpg,https://cdn10.bigcommerce.com/s-yaozho/products/4589/images/12213/chili_pepper_thai_super_chili3__01459.1483501359.1280.1280.jpg?c=2
000015.jpg,https://images-na.ssl-images-amazon.com/images/I/41Z3bRXj6aL.jpg
000016.jpg,https://images-na.ssl-images-amazon.com/images/I/61Z2KRaRXiL._SX425_.jpg
000017.jpg,https://cdn.thehippyseedcompany.com/wp-content/uploads/2017/07/Super-Chilli-3.jpg
000018.jpg,https://i.ytimg.com/vi/jSa__R5Isgs/hqdefault.jpg
000019.jpg,https://s3.amazonaws.com/cdn.hpsseed.com/images/popup/03087.jpg
000020.jpg,https://www.maddog357.com/wp-content/uploads/2016/05/How-Are-You-Going-to-Preserve-All-Those-Lovely-Chilies-600x493.jpg
000021.jpg,https://cdn1.bigcommerce.com/server700/5mvrqhbm/products/5403/images/150741/pepper-mix2__89378.1522258072.1280.1280.jpg?c=2
000022.jpg,https://images-na.ssl-images-amazon.com/images/I/91gjdvwJlvL._SL1500_.jpg
000023.jpg,https://cdn.mr-fothergills.co.uk/product-images/op/z/10869z.jpg
000024.jpg,https://all-americaselections.org/wp-content/uploads/2016/10/PepperSuperChili.120.jpg
000025.jpg,https://t7-live-fsmn.nyc3.cdn.digitaloceanspaces.com/friendsschoolplantsale.com/files/images/variety/v-pepper-hot-super-chili-gr.jpg
000026.jpg,https://i5.walmartimages.com/asr/f7c3bb34-5443-4a91-83eb-c01b7c670f47_1.81523323c752171a9f2438e14e7a9617.jpeg?odnHeight=450&odnWidth=450&odnBg=FFFFFF
000027.jpg,https://www.chilipeppermadness.com/wp-content/uploads/2014/10/Cooking-with-Superhot-Chili-Peppers.jpg
000028.jpg,https://www.chileplants.com/images/chiles/super-chili-hybrid-pepper-plants.jpg
000029.jpg,https://static.artfire.com/uploads/mfs/items/2e/53/large/2e530eef5b8a8da284ff52a09931bcf97743da7c3cfab81a2096f6553e651c21.png
000030.jpg,https://www.maddog357.com/wp-content/uploads/2018/05/iStock-466033621.jpg
000031.jpg,https://davesgarden.com/guides/pf/thumbnail.php?image=2005/08/25/ritchh/412eb6.jpg&widht=700&height=312
000032.jpg,https://ae01.alicdn.com/kf/HTB1Hia2mHsTMeJjSszhq6AGCFXaJ/Buy-Hot-Chili-Semente-400pcs-Plant-Super-Chili-Vegetables-Pepper.jpg_640x640q70.jpg
000033.jpg,https://i.pinimg.com/originals/cb/b4/3e/cbb43e620c3ab3fc1b53ae3b6754e24b.jpg
000034.jpg,http://static.dudeiwantthat.com//img/food/candy/ghost-pepper-super-hot-candy-balls-2503.jpg
000035.jpg,https://www.pepperseeds.eu/pub/media/catalog/product/cache/b56a9049443cfaeedfe24666b14227c1/s/u/super_chili.jpg
000036.jpg,https://i.ebayimg.com/images/g/Y3IAAOSwW45dJkjj/s-l300.jpg
000037.jpg,https://previews.123rf.com/images/eglazunoff/eglazunoff1908/eglazunoff190800067/128385780-growing-super-hot-spicy-chili-pepper-plant-closeup-nature-fresh-leaves-bush-with-green-and-ripe-red-.jpg
000038.jpg,https://i.etsystatic.com/18420760/r/il/736c6d/1629382148/il_570xN.1629382148_3eii.jpg
000039.jpg,https://skagit-photos.macore.com/01321748.jpg
000040.jpg,https://i.ebayimg.com/images/g/kfkAAOSw6RVcy~IA/s-l400.jpg
000041.jpg,https://sc02.alicdn.com/kf/UTB8NCY8ognJXKJkSaelq6xUzXXaZ/Fresh-chili-pepper-red-super-hot-from.jpg_350x350.jpg
000042.jpg,https://www.superhotchiles.com/wp-content/uploads/2018/09/ChilesMariaElena6-2018.jpg
000043.jpg,https://media.npr.org/assets/img/2018/04/13/carolinareaper-1-744f42b11e1f5e0519a8ee2979c7492ea3a4c417-s1100-c15.jpg
000044.jpg,https://www.superhotchiles.com/wp-content/uploads/2018/09/ChilesOrangeCayenne4-2018.jpg
000045.jpg,https://ae01.alicdn.com/kf/HTB1Cm3Aa5frK1RjSspbq6A4pFXaR/100PCS-Red-Fresh-Carolina-Reaper-Chilli-Pepper-Bonsais-Super-Hot-Chili-Based-On-Bonsai-Plants-For.jpg
000046.jpg,https://images-na.ssl-images-amazon.com/images/I/91RSG3Js4PL._SY450_.jpg
000047.jpg,http://www.asiaone.com/sites/default/files/original_images/Apr2018/CarolinaReaper_wikimediaMagnolia677.jpg
000048.jpg,https://trademagazin.hu/wp-content/uploads/2019/07/tesco-to-launch-super-hot-armageddon-chilli-pepper.jpg
000049.jpg,http://www.loganzenner.com/wp-content/uploads/2016/10/Super-Chili-F1.jpg
000050.jpg,https://cdn.shopify.com/s/files/1/0250/5878/products/836cd13e6cdd37a5db1556214494082d_original_d84f4796-2667-43f7-87a2-802a916b4154_large.jpg?v=1533512555
000051.jpg,https://cdn.shopify.com/s/files/1/1654/8555/products/20170803_204749_530x@2x.jpg?v=1569002545
000052.jpg,https://www.damseeds.ca/productcart/pc/catalog/A324.jpg
000053.jpg,https://i.etsystatic.com/6728015/r/il/a15257/433863971/il_570xN.433863971_9tz2.jpg
000054.jpg,https://i.ebayimg.com/images/g/ovwAAOSwm8NbEUBr/s-l300.jpg
000055.jpg,https://cdn.shopify.com/s/files/1/1698/1675/products/Pepper_Hot_Super_Chili_Hybrid.jpg?v=1536940061
000056.jpg,https://i.ytimg.com/vi/tpQnTpUnq0k/maxresdefault.jpg
000057.jpg,https://i.pinimg.com/originals/e8/71/59/e871591e8696963177fc30d06604b6f1.png
000058.jpg,https://dqzrr9k4bjpzk.cloudfront.net/images/13049123/947181867.jpg
000059.jpg,https://ae01.alicdn.com/kf/HTB18reUbcfrK1Rjy0Fmq6xhEXXaF/100Pcs-Ghost-Pepper-Carolina-Reaper-Chili-Pepper-Super-Hot-Vegetable-100-Genuine-Home-Garden-Potted-Plant.jpg
000060.jpg,https://static.artfire.com/uploads/mfs/items/f6/5b/large/f65bff2bbd4257bc93b52ce7e2b366e5fa5a395b08b018b25e6fce2f0e9bba68.png
000061.jpg,https://cdn11.bigcommerce.com/s-bwxmf7sxqg/images/stencil/500x659/products/263/1681/bird_peppper_medium_1__91919.1511247968.jpg?c=2
000062.jpg,https://www.dhresource.com/albu_932642995_00/1.0x0.jpg
000063.jpg,https://www.superhotchiles.com/wp-content/uploads/2019/02/ChilesWenksYellowHots1-2019.jpg
000064.jpg,https://cdn.shopify.com/s/files/1/0915/1060/files/Bounty-mix-super-hot-peppers-pepper-joes.jpg?5234964645260025787
000065.jpg,https://i.etsystatic.com/6906352/r/il/4a5aeb/403618447/il_570xN.403618447_eutu.jpg
000066.jpg,https://cdn.shopify.com/s/files/1/0089/1562/files/hot_peppers_grande.png?v=1487282605
000067.jpg,https://i.ebayimg.com/images/g/kU8AAOSw7E5czCwi/s-l300.jpg
000068.jpg,http://cdn.shopify.com/s/files/1/1022/5071/products/super-hot-pepper-ecuadorian-devil-s-breath-capsicum-chinense-chili-pepper-hot-pepper-seeds-2_630x630.jpg?v=1565031717
000069.jpg,https://croatianseeds-store.com/images/stories/virtuemart/product/big%20red%20mama1.jpg
000070.jpg,https://dqzrr9k4bjpzk.cloudfront.net/images/12160176/817487896.jpg
000071.jpg,https://cbsnews1.cbsistatic.com/hub/i/2018/04/09/a54555e1-8a3f-45cc-b31b-db41a056905e/istock-485896838.jpg
000072.jpg,https://cdn.shopify.com/s/files/1/0871/0950/files/Hot-pepper-seeds-sandia-seed.jpg?v=1519669584
000073.jpg,https://www.ballseed.com/dispthumb.aspx?imgsize=Display&imageid=41565
000074.jpg,http://cdn.shopify.com/s/files/1/1654/8555/products/Super_Hot_Beast_71b_1024x1024.jpg?v=1542198198
000075.jpg,https://img.jofogas.hu/hdimages/_483231492937485.jpg
000076.jpg,https://www.dhresource.com/600x600/f2/albu/g4/M00/92/21/rBVaEVgMcOyAQ-0yAAGt11OmxAE454.jpg
000077.jpg,https://static.artfire.com/uploads/mfs/items/f6/09/large/f609b6fca09cf06860ade6c9d9df4a743790531c5612f859bd383dc91ee7914e.png
000078.jpg,https://images-na.ssl-images-amazon.com/images/I/41N7xPcdQeL.jpg
000079.jpg,https://www.hazzardsgreenhouse.com/Merchant2/graphics/00000015/P6574.jpg
000080.jpg,https://www.superhotchiles.com/wp-content/uploads/2018/04/Maules-Red-Hot-Pepper-Seeds.jpg
000081.jpg,https://i.pinimg.com/originals/99/81/36/998136e8ebe3048e3ca1b14e10cd72f8.jpg
000082.jpg,https://i.ebayimg.com/images/g/7DcAAOSwt6Zc3SDk/s-l400.jpg
000083.jpg,https://ae01.alicdn.com/kf/HTB1l3GwmHsTMeJjy1zbq6AhlVXap/Buy-Yellow-Hot-Chili-Semente-200pcs-Plant-Pepper-Vegetables-Super-Chili.jpg_q50.jpg
000084.jpg,http://nemon.co/wp-content/uploads/2019/06/super-chili-plants.jpg
000085.jpg,https://cdn.shopify.com/s/files/1/1022/5071/products/pepper-seeds-siling-labuyo-filipino-bird-s-eye-chili-very-rare-super-hot-1_800x.jpg?v=1565030569
000086.jpg,https://www.superhotchiles.com/wp-content/uploads/2018/04/Fish-Pepper-Seeds.jpg
000087.jpg,https://ae01.alicdn.com/kf/HTB12IxWdeKAUKJjSZFzq6xdQFXaE/100-pcs-bag-ghost-pepper-Carolina-Reaper-chili-Pepper-plants-Super-Hot-plants-vegetables-100-genuine.jpg
000088.jpg,https://upload.wikimedia.org/wikipedia/commons/thumb/6/69/BhutJolokia09_Asit.jpg/1200px-BhutJolokia09_Asit.jpg
000089.jpg,https://c.76.my/Malaysia/bhut-jolokia-chili-seeds-ghost-pepper-super-hot-naga-jolokia-vegetables-home-g-dmmart-1906-19-F1628750_4.jpg
000090.jpg,https://i.ebayimg.com/images/g/tf4AAOSwbiFZOg6s/s-l300.jpg
000091.jpg,https://cdn.shopify.com/s/files/1/1654/8555/products/7_Pot_Bhutlah_Bubblegum_Red_39_f_800x.jpg?v=1550670987
000092.jpg,https://img.tttcdn.com/product/xy/2000/2000/p/gu1/H/5/H20965/H20965-1-2e88-WSQJ.jpg
000093.jpg,https://sc01.alicdn.com/kf/HTB1pSzsXo_rK1Rjy0Fcq6zEvVXac/Factory-Supply-Spices-Super-Hot-Spicy-Chili.jpg
000094.jpg,https://viridishortus.co.uk/WebRoot/Store10/Shops/70aa2b8f-78d4-4174-8951-a251ae9a4f33/5528/F102/5D05/2443/3A5E/0A48/3523/F9CF/Pepper_Hot_Fresno_m.jpg
000095.jpg,https://cdn.shopify.com/s/files/1/1022/5071/products/other-seeds-bulbs-thai-sun-hot-pepper-10-seeds-capsicum-annuum-very-rare-super-hot-1.jpg?v=1565031890
000096.jpg,https://www.picclickimg.com/00/s/MTM2MlgxNjAw/z/1BEAAOSwiONYL07d/$/120-Seeds-CHILI-PEPPERs-Coll-SUPER-HOT-REAPER-_1.jpg
000097.jpg,https://european-seed.com/wp-content/uploads/2019/07/chilli-2438001_1920-696x542.jpg
000098.jpg,https://thumbor.forbes.com/thumbor/960x0/https%3A%2F%2Fblogs-images.forbes.com%2Fgrrlscientist%2Ffiles%2F2016%2F02%2FArrangement_of_jalapen%25CC%2583o_banana_cayenne_chili_and_habanero_peppers-1200x900.jpg
000099.jpg,https://cdn.shopify.com/s/files/1/0915/1060/collections/Snapchat-19316701_large_df771105-e1fc-4241-be07-674327063d85_grande.jpg?v=1523044561
000100.jpg,https://i.ebayimg.com/images/g/GpYAAOSw6S5dOUX8/s-l300.jpg
000101.jpg,https://d1f7geppf3ca7.cloudfront.net/resize/365823/1448945521751_newghostpepperpic.jpg/400/400/0/?bg=FFFFFF
000102.jpg,https://static.artfire.com/uploads/mfs/items/f9/1f/large/f91f0a9a004090a6f2abd047efb55b561bb861798b03d39b27ca6445ed337ffa.png
000103.jpg,https://bloominthyme.files.wordpress.com/2010/07/super-chili-peppers-a-plenty.jpg
000104.jpg,https://cdn.shopify.com/s/files/1/1654/8555/products/20170803_204651_1b544259-e368-4037-9f36-8250c1d346a7_800x.jpg?v=1551875057
000105.jpg,https://i.etsystatic.com/9548906/r/il/9aa4f1/613558928/il_570xN.613558928_m5g3.jpg
000106.jpg,https://i0.wp.com/stutzmans.com/catalog/wp-content/uploads/2015/03/super-chili.gif?fit=500%2C500
000107.jpg,https://www.superhotchiles.com/wp-content/uploads/2018/04/Devils-Tongue-Hot-Pepper-Seeds.jpg
000108.jpg,https://i.pinimg.com/originals/31/8e/a3/318ea386c1c9c63a176128e8e2017ae6.jpg
000109.jpg,https://ae01.alicdn.com/kf/HTB1iPyTmMoQMeJjy0Fpq6ATxpXa1/Buy-Yellow-Hot-Chili-Semente-400pcs-Plant-Pepper-Vegetables-Super-Chili.jpg
000110.jpg,https://www.prestoimages.net/store20/rd2772/2772_pd2102803_1.jpg
000111.jpg,http://www.burn-blog.com/wp-content/uploads/2012/03/King-Naga-Chili-Pepper.jpg
000112.jpg,https://static.artfire.com/uploads/mfs/items/20/22/large/2022734f6e45ddd4f3e28953f380544e237fae2091762467ac72d2c7ef35ec58.png
000113.jpg,https://i.etsystatic.com/13959533/d/il/c83187/1306466314/il_340x270.1306466314_rjv5.jpg?version=0
000114.jpg,https://www.chileplants.com/images/chiles/cayenne-super-ii-hybrid-pepper-plants.jpg
000115.jpg,https://www.superhotchiles.com/wp-content/uploads/2018/09/ChilesMirasolChihuahua9-2018.jpg
000116.jpg,https://ae01.alicdn.com/kf/HTB1s0Q1iqmgSKJjSsplq6yICpXaN/Buy-Yellow-Hot-Chili-Semente-100pcs-Plant-Pepper-Vegetables-Super-Chili.jpg_640x640.jpg
000117.jpg,https://static.artfire.com/uploads/mfs/items/ce/df/large/cedf05e7f7e44e28259c815d4c74c25739fffe43b161fe63382d5446ee67a0e5.png
000118.jpg,https://img.resized.co/newstalk/eyJkYXRhIjoie1widXJsXCI6XCJodHRwczpcXFwvXFxcL3MzLWV1LXdlc3QtMS5hbWF6b25hd3MuY29tXFxcL3N0b3JhZ2UucHVibGlzaGVycGx1cy5pZVxcXC9tZWRpYS5yYWRpb2Ntcy5uZXRcXFwvdXBsb2Fkc1xcXC9jb250ZW50XFxcLzAwMFxcXC9pbWFnZXNcXFwvMDAwMjAxXFxcLzIwNzcxOF81NF9uZXdzX2h1Yl8xNzY5NzVfNjU2eDUwMC5wbmdcIixcIndpZHRoXCI6OTcwLFwiaGVpZ2h0XCI6NDg1LFwiZGVmYXVsdFwiOlwiaHR0cHM6XFxcL1xcXC93d3cubmV3c3RhbGsuY29tXFxcL2ltYWdlc1xcXC9kZWZhdWx0X25vX2ltYWdlLnBuZ1wifSIsImhhc2giOiI4MjEyMjJjNjRiMDQ3MWUyYWUxMWZlODdkY2JhMDYzNGQ0NzE0NWI1In0=/man-takes-part-in-super-hot-pepper-food-challenge-tears-2-5cm-hole-in-his-oesophagus.png
000119.jpg,https://live.staticflickr.com/2577/3832974292_b8b2f8fd2e_b.jpg
000120.jpg,https://thomsensgardencenter.com/wp-content/uploads/plant-library/Pepper_Super_Chili_Vegetable.jpg
000121.jpg,https://sc02.alicdn.com/kf/HTB14407KFXXXXXoXVXXq6xXFXXX1/California-608-Super-Hot-Red-Chili-Seeds.jpg
000122.jpg,https://ae01.alicdn.com/kf/HTB1rmtbdqagSKJjy0Fbq6y.mVXal/100-bag-super-hot-Fresh-red-green-pepper-seeds-chili-chilli-seeds-vegetable-onion-seeds-for.jpg
000123.jpg,https://www.picclickimg.com/d/l400/pict/123649969891_/CHILLI-Guntur-10-CHILI-Seeds-ANDHRA-INDIAN-SUPER.jpg
000124.jpg,https://i.pinimg.com/736x/d9/83/32/d9833218b260545ad68f4ccc0adb7099.jpg
000125.jpg,http://rahiseedbank.com/wp-content/uploads/2014/07/s3.jpg
000126.jpg,https://i.etsystatic.com/7334210/r/il/81f4db/1460301214/il_570xN.1460301214_nifg.jpg
000127.jpg,https://www.superhotchiles.com/wp-content/uploads/2018/04/Purple-Jalapeno-Hot-Pepper-Seeds.jpg
000128.jpg,https://www.seedman.com/image/carolinareaper.jpg
000129.jpg,https://cdn.shopify.com/s/files/1/0034/1917/7060/products/pepper-super-chili-vegetable-mckenzie-seeds_-_Copy_1400x.jpg?v=1553980943
000130.jpg,https://static.artfire.com/img/1x/crop/512/512/0/uploads/mfs/items/e8/63/e863f9c075022afa0fea5f2359eac980afc55283ee8e628cbe1e7bb239da16d8.png
000131.jpg,https://i.ebayimg.com/images/g/vZgAAOSw4GFbSduK/s-l300.jpg
000132.jpg,https://img.alicdn.com/imgextra/i2/2782264687/TB2e8pZrrBmpuFjSZFuXXaG_XXa_!!2782264687.jpg
000133.jpg,https://ae01.alicdn.com/kf/HTB1OriQdvMTUeJjSZFKq6ygopXa9/100-pcs-bag-ghost-pepper-Carolina-Reaper-chili-Pepper-plants-Super-Hot-plants-vegetables-100-genuine.jpg_q50.jpg
000134.jpg,https://cdn.shopify.com/s/files/1/0915/1060/products/7_Pot_Cajun_Craze.jpg?v=1547673534
000135.jpg,https://jakeseed.com/wp-content/uploads/2018/12/Nagabrains-Red.jpg
000136.jpg,https://www.petittigardencenter.com/plantfiles/114265.jpg
000137.jpg,http://cdn.shopify.com/s/files/1/1022/5071/products/other-seeds-bulbs-pepper-siling-labuyo-10-seeds-filipino-bird-s-eye-chili-very-rare-super-hot-3_630x630.jpg?v=1565030620
000138.jpg,https://www.superhotchiles.com/wp-content/uploads/2018/04/Red-Savina-Hot-Pepper-seeds.jpg
000139.jpg,https://cdn.shopify.com/s/files/1/1654/8555/products/IMG_3305_530x@2x.JPG?v=1536150194
000140.jpg,https://i.etsystatic.com/5689121/r/il/0a01ab/1153215148/il_794xN.1153215148_jh39.jpg
000141.jpg,https://static-01.daraz.pk/original/760e085ceac2ae49d3cf1a54f2aef9e6.jpg_340x340q80.jpg_.webp
000142.jpg,https://cf.shopee.com.my/file/9861a82effd7db34a14679ca4dcd82b4_tn
000143.jpg,https://cdn.shopify.com/s/files/1/0871/0950/products/DevilsTongueFrontpic_1024x1024.jpg?v=1548196243
000144.jpg,https://cdn.shopify.com/s/files/1/0250/5878/products/pepper_csa_box_copy_large.jpg?v=1466531633
000145.jpg,https://i.pinimg.com/originals/eb/10/93/eb109358eb71e09bd0d13ab875b02280.jpg
000146.jpg,https://jetimages.jetcdn.net/md5/019fb6f88c4c2eb7d0e5888829944aa5?odnBound=576
000147.jpg,https://dam.farmjournal.com/m/61c4128b3d82c858/webimage-01CF1B2F-5882-454A-8A1E50C7D265E6DA.png
000148.jpg,https://sc01.alicdn.com/kf/UT8w7f5XfVXXXagOFbXe/141617392/UT8w7f5XfVXXXagOFbXe.jpg_.webp
000149.jpg,https://s3.amazonaws.com/cdn.totallytomato.com/images/popup/03762.jpg
000150.jpg,https://www.hooksgreenhouse.com/wp-content/uploads/sites/3/2017/04/pepper-super-chili315457449.jpg
000151.jpg,https://static.artfire.com/uploads/mfs/items/ac/dc/large/acdc68d3cf2aae7f474a94fd3a2a2b1ad80d35cbef2c5524f26ae22a6c06ea0a.png
000152.jpg,https://exoticchillies.com.au/wp-content/uploads/2016/06/Chillies-in-winter.jpg
000153.jpg,https://cdn.shopify.com/s/files/1/0915/1060/products/Big_Black_Mama-hot-pepper-pepper-joes.jpg?v=1487791070
000154.jpg,https://www.simplyseed.co.uk/user/images/Chilli%20Super%20Chilli%20Pot.jpg
000155.jpg,https://www.superhotchiles.com/wp-content/uploads/2018/04/Fatalii-Hot-Pepper-seeds.jpg
000156.jpg,https://upload.wikimedia.org/wikipedia/commons/thumb/3/32/Thai_peppers.jpg/1200px-Thai_peppers.jpg
000157.jpg,https://previews.123rf.com/images/westhimal/westhimal1609/westhimal160900305/63539260-capsicum-annuum-thai-super-chili-hybrid-cultivar-with-5-7-cm-erect-fruits-finally-red-more-than-7500.jpg
000158.jpg,https://s3.amazonaws.com/cdn.gardensalive.com/images/800/69942A.jpg
000159.jpg,http://www.rainbowchiliseeds.com/sitebuildercontent/sitebuilderpictures/SuperP1010303.JPG
000160.jpg,https://dlp2gfjvaz867.cloudfront.net/product_photos/58329918/super_hot_10_2_original.png
000161.jpg,https://i.etsystatic.com/6728015/r/il/dfc4d9/433860854/il_570xN.433860854_1alu.jpg
000162.jpg,https://i0.wp.com/ae01.alicdn.com/kf/HTB16ZPdKhSYBuNjSspjq6x73VXax/100-pcs-bag-Multicolored-font-b-Pepper-b-font-Hot-Capsicum-Annuum-Balcony-Ornamental-font-b.jpg?crop=7,5,939,602&quality=3761
000163.jpg,https://www.superhotchiles.com/wp-content/uploads/2018/04/Aji-Chombo-Hot-Pepper-seeds.jpg
000164.jpg,https://d1nw62gticy6e9.cloudfront.net/uploads/DevilsTongueRedchilliseeds-300x300.jpg
000165.jpg,https://i.pinimg.com/originals/54/17/06/541706a5d79ba83a5208f76dc981be31.jpg
000166.jpg,https://kcdgarden.com/varieties/37/20170816_160032.jpg?width=730&height=500&mode=crop&format=jpg&quality=65
000167.jpg,http://www.burn-blog.com/wp-content/uploads/2012/06/scorpion_lo-272x300.jpg
000168.jpg,https://cdn-images-1.medium.com/fit/t/1600/480/1*dUmkZP7j_KGGWtJ9sI50nQ.jpeg
000169.jpg,https://cf.shopee.ph/file/791811ac09602942f8edf12418d66b85_tn
000170.jpg,https://www.chilipeppermadness.com/wp-content/uploads/2018/09/Cayenne-Pepper-Sauce-Recipe3.jpg
000171.jpg,https://nomadicimagery.com/wp-content/uploads/Butch-T-Chili-Pepper-World8217s-Spiciest-Chilies-4849-900x616.jpg
000172.jpg,https://www.maddog357.com/wp-content/uploads/2016/01/Spotlight-on-International-Hot-and-Spicy-Food-Day-600x400.jpg
000173.jpg,https://thumbor.thedailymeal.com/qCr_6fUyKibTQUBXO3gwTKyNqf0=/870x565/https://www.thedailymeal.com/sites/default/files/story/2016/shutterstock_150294374.jpg
000174.jpg,https://static.artfire.com/uploads/mfs/items/31/84/large/31840a5f7d2111971503d9efbb1dd9c6e801add50f936217a5c716f5f09a4765.jpg
000175.jpg,https://i1.wp.com/www.braisinhussy.com/wp-content/uploads/2015/10/peppers.jpg
000176.jpg,https://i.redd.it/l2vjv4glo9pz.jpg
000177.jpg,https://sc01.alicdn.com/img/pb/115/249/944/944249115_500.jpg
000178.jpg,https://i.ytimg.com/vi/twoRfbJQZeg/maxresdefault.jpg
000179.jpg,https://supergrowled.com/wp-content/uploads/2015/02/Super-Chili-Chilli-Peppers.jpg
000180.jpg,https://www.centertonnursery.com/chefjeff/images/var/sapsc1.jpg
000181.jpg,https://cdn.shopify.com/s/files/1/1654/8555/products/IMG_3608_530x@2x.jpeg?v=1536150194
000182.jpg,https://www.superhotchiles.com/wp-content/uploads/2018/04/Scotch-Bonnet-Hot-Pepper-seeds.jpg
000183.jpg,https://www.aerogarden.com/media/catalog/product/optimized/d/3/d3705bc6d4f3f2fc9aadde5d09d708af/chili_peppers_tomato_peppercollections.1556736087.jpg
000184.jpg,https://pcdn.columbian.com/wp-content/uploads/2015/12/1127_met_HOTPEPPERS191.jpg
000185.jpg,https://gd.image-gmkt.com/li/373/006/1121006373.g_400-w-st_g.jpg
000186.jpg,http://rahiseedbank.com/wp-content/uploads/2014/07/s19.jpg
000187.jpg,http://www.superhotpepperseeds.com/image/catalog/162497B4-8E99-443F-BB02-B9562684535B.jpeg
000188.jpg,https://i.etsystatic.com/16698722/r/il/93e843/1615332934/il_570xN.1615332934_mi82.jpg
000189.jpg,http://www.montrealgazette.com/life/cms/binary/7291870.jpg?size=640x420
000190.jpg,https://thumbs.dreamstime.com/z/super-hot-peppers-harvest-chili-88709120.jpg
000191.jpg,https://s3.amazonaws.com/cdn0.gurneys.com/images/500/69942A.jpg
000192.jpg,https://cdn.shopify.com/s/files/1/0915/1060/products/7_Pot_Brainstrain_Chocolate_JG_Strain_Halved.jpg?v=1547822888
000193.jpg,https://www.seedsnsuch.com/wp-content/uploads/2018/11/Habanero-Mustard-1.jpg
000194.jpg,https://i.ytimg.com/vi/zFKs2-FnzIc/maxresdefault.jpg
000195.jpg,https://european-seed.com/wp-content/uploads/2017/10/D0139123_Tribelli_cmyk.jpg
000196.jpg,https://previews.123rf.com/images/alimuftiii/alimuftiii1604/alimuftiii160400008/56680064-green-chilli-is-one-of-super-hot-chilli-in-indonesia.jpg
000197.jpg,https://thumbor.thedailymeal.com/hBiCEeCOq6cRdTRRsM_CdDHmtzU=/870x565/filters:focal(1060x707:1061x708)/https://www.thedailymeal.com/sites/default/files/story/iStock-639043250.jpg
000198.jpg,https://i.etsystatic.com/13959533/r/il/94a65c/1247398204/il_570xN.1247398204_mjyb.jpg
000199.jpg,https://cdn.shopify.com/s/files/1/0915/1060/files/Bounty-mix-of-super-hot-peppers-pepper-joes.jpg?7280046007899583732
000200.jpg,https://www.worldwondersgardens.co.uk/image/cache/catalog/Product%20Images/Fruit%20and%20Veg/Peppers/BirdeyeChili-650x650.jpg
000201.jpg,https://www.superhotchiles.com/wp-content/uploads/2018/04/Tabasco-Hot-Pepper-Seeds.jpg
000202.jpg,https://www.farmersweekly.co.za/app/uploads/2014/06/Different-type-of-chillies-696x432.jpg
000203.jpg,https://gardens.everybodyshops.com/wp-content/uploads/2019/06/hot_peppers_pittsburgh_3.jpg
000204.jpg,https://www.fataliiseeds.net/wp-content/uploads/2018/11/perkele_pack-416x275.jpg
000205.jpg,https://www.seaspringseeds.co.uk/images/stories/virtuemart/product/super-tramp-web20cm.jpg
000206.jpg,https://previews.123rf.com/images/westhimal/westhimal1609/westhimal160900304/63539257-capsicum-annuum-thai-super-chili-hybrid-cultivar-with-5-7-cm-erect-fruits-finally-red-more-than-7500.jpg
000207.jpg,https://www.telegraph.co.uk/content/dam/news/2016/07/20/SuperChilli_1829008c_trans_NvBQzQNjv4Bq6f7LZ7seCW96zliyTYX6ViIMpBIiS72GQ3QPBtusw-s.jpg?imwidth=450
000208.jpg,http://superhotpeppers.ca/uploads/3/4/8/6/34864362/edited/bb3.jpeg?1509227968
000209.jpg,https://www.pepperscale.com/wp-content/uploads/2013/07/Trinidad-Moruga-Scorpion-768x512.jpg
000210.jpg,https://i.redd.it/6fbaxgburfxz.jpg
000211.jpg,https://hggourmet.com/wp-content/uploads/2018/03/Pepper-Cayenne.jpeg
000212.jpg,https://thumbs.dreamstime.com/z/capsicum-annuum-thai-super-chili-hybrid-cultivar-cm-erect-fruits-finally-red-more-than-scoville-scale-units-hotness-76425257.jpg
000213.jpg,https://c.shld.net/rpx/i/s/pi/mp/10160405/prod_8775141432?src=http%3A%2F%2Fd8images.com%2Fimages%2Flawn_garden%2FNDAB00AZP65NG.jpg&d=94a4b641c14a56e675b1aa46bed9b9410689002c&hei=245&wid=245&op_sharpen=1&qlt=85
000214.jpg,https://cdn.shopify.com/s/files/1/0915/1060/files/rainbow-super-hots-hot-pepper-joes.jpg?15324027170695307391
000215.jpg,https://www.hottyplace.com/1750-tm_thickbox_default/bhut-jolokia-rosso-10g-peperoncino-piccante-polvere-b-j-red-vaso-vetro.jpg
000216.jpg,https://i2.wp.com/realfoodmostlyplants.com/wp-content/uploads/2018/06/BlogPost_ChilePepperGuideHeader.jpg?fit=1170%2C780&ssl=1&resize=350%2C200
000217.jpg,https://advancelocal-adapter-image-uploads.s3.amazonaws.com/image.oregonlive.com/home/olive-media/width2048/img/hg_impact/photo/super-chili-peppersjpg-cd2e4d15139d7de7.jpg
000218.jpg,https://www.kitchengardenseeds.com/media/catalog/product/cache/1/thumbnail/0dc2d03fe217f8c83829496872af24a0/3/6/3635-3-web.jpg
000219.jpg,https://previews.123rf.com/images/subinpumsom/subinpumsom1408/subinpumsom140800127/31019153-pepper-super-hot-at-kanchanaburi-thailand.jpg
000220.jpg,https://i.etsystatic.com/19635657/r/il/9f8bee/1934751955/il_570xN.1934751955_7icm.jpg
000221.jpg,https://media.karousell.com/media/photos/products/2018/03/08/hot_habanero_pepper_habanero_peach_capsicum_chinense_heirloom_10_seeds_1520478808_62e0ad970
000222.jpg,https://www.fataliiseeds.net/wp-content/uploads/2018/11/chili_garden-324x213.jpg
000223.jpg,https://i2.wp.com/forknplate.com/wp-content/uploads/2015/03/peppers-scotch-bonnet-chillis-notes-on-the-meno.jpg?resize=960%2C720&ssl=1
000224.jpg,https://pressfrom.info/upload/images/real/2018/04/10/carolina-reaper-chili-peppers-the-carolina-reaper-hot-chili-pepper__120277_.jpg?content=1
000225.jpg,https://cdn.shopify.com/s/files/1/1154/4274/products/joe_round_1024x1024.jpg?v=1520311245
000226.jpg,https://4.imimg.com/data4/DV/VO/MY-22663875/super-hot-teja-chilli-500x500.jpg
000227.jpg,https://superhotpepper.com/wp-content/uploads/2019/03/7-pot-douglah.jpg
000228.jpg,https://ae01.alicdn.com/kf/HTB1MwOSmMoQMeJjy0Fnq6z8gFXaZ/Buy-Yellow-Hot-Chili-Semente-100pcs-Plant-Pepper-Vegetables-Yunnan-Super-Chili.jpg_q50.jpg
000229.jpg,https://c8.alamy.com/comp/K3C15K/chillies-capsicum-super-chilli-K3C15K.jpg
000230.jpg,http://newscenter.nmsu.edu/Photos/get/8389/full/Trinidad_Moruga_Scorpion_2.jpg
000231.jpg,https://image.shutterstock.com/image-photo/habanero-hot-lemon-super-pepper-600w-1018215169.jpg
000232.jpg,https://image.shutterstock.com/display_pic_with_logo/237863431/1433904236/stock-photo-a-fresh-crop-of-super-cayenne-chili-peppers-1433904236.jpg
000233.jpg,https://static.artfire.com/uploads/mfs/items/a0/5e/large/a05e7868da1efc6de735f4eab164f9951252468babb2968f3c77d951bfe37d50.png
000234.jpg,http://www.asiaone.com/sites/default/files/styles/735x500/public/chillies_7.jpg?itok=u7e7Mo3m
000235.jpg,http://www.sedanfloral.com/_ccLib/image/plants/DETA-640.jpg
000236.jpg,https://greenseeds.net/wp-content/uploads/2014/02/HOT-PEPPER-F1-SUPER-HOT.jpg
000237.jpg,https://www.gardentags.com/profile/sharonking/images/294676/750/capsicum-annuum-super-chilli-f1.jpeg
000238.jpg,https://i.ytimg.com/vi/U65ACFYNQLM/maxresdefault.jpg
000239.jpg,https://www.maddog357.com/wp-content/uploads/2016/08/Super-Hot-Peppers-Are-Really-Taking-Over-600x400.jpg
000240.jpg,https://thumbs-prod.si-cdn.com/Y-OdHkwBtadIjZdYZYMtGIr52CI=/fit-in/1600x0/https://public-media.si-cdn.com/filer/Burning-Desire-peppers-631.jpg
000241.jpg,http://jordanseeds.com/images/P/superchili.jpg
000242.jpg,https://blog.soil3.com/hs-fs/hubfs/organic%20super%20hot%20pepper.jpg?width=710&name=organic%20super%20hot%20pepper.jpg
000243.jpg,https://image.shutterstock.com/image-photo/7-pot-congo-gigantic-red-600w-1172460010.jpg
000244.jpg,https://cdn11.bigcommerce.com/s-ciraphtf85/images/stencil/1280x1280/products/4130/49459/5ab9a9221e520e1bcda1a139-1-big__16100.1527089940.jpg?c=2
000245.jpg,http://www.edmontonjournal.com/cms/binary/7291863.jpg?size=640x420
000246.jpg,https://unclewaynestomatoes.com/sites/default/files/Super%20Chili%20IMG_1440.JPG
000247.jpg,https://cdn.shopify.com/s/files/1/1145/1260/products/7-pot-brain-strain-yellow-4_fd1543ac-8bcc-4dbe-b593-794d242b2742_large.jpg?v=1566689686
000248.jpg,https://i.redd.it/mrp6yhw92jk21.jpg
000249.jpg,http://img.over-blog-kiwi.com/400x260-ct/2/56/61/36/20180417/ob_42c082_grow-chili-peppers-indoors-cayenne-pep.jpg
000250.jpg,https://www.hottyplace.com/1748-tm_thickbox_default/bhut-jolokia-rosso-10g-peperoncino-piccante-polvere-b-j-red-vaso-vetro.jpg
000251.jpg,https://img.jofogas.hu/images/Habanero_Primero_es_Habanero_Super_chili_elado__744181487740096.jpg
000252.jpg,https://www.fataliiseeds.net/wp-content/uploads/2018/09/N%C3%A4ytt%C3%B6kuva-2018-09-16-kello-12.34.47.jpg
000253.jpg,http://fordtufff.files.wordpress.com/2013/05/575404_198232660325572_1189309770_n3.jpg
000254.jpg,https://upload.wikimedia.org/wikipedia/commons/thumb/5/50/Madame_Jeanette_and_other_chillies.jpg/1200px-Madame_Jeanette_and_other_chillies.jpg
000255.jpg,http://www.councilsites.co.uk/image/cache/data/category_29/100%20pcs%20bag%20Multicolored%20Pepper%20Hot%20Capsicum%20Annuum%20Balcony%20Ornamental%20Super%20Chili%20Vegetable%20Plant%20Mini%20Garden%20Decor%20ali59412977_0-500x500-product_popup.jpg
000256.jpg,https://farm9.staticflickr.com/8444/7947038654_c44fc878a4_b.jpg
000257.jpg,https://i.ytimg.com/vi/2_HXhUJhrss/maxresdefault.jpg
000258.jpg,https://www.plantasia.co.uk/images/stories/virtuemart/product/Super%20Chilli3.jpg
000259.jpg,http://www.weststarorganics.com/uploads/1/4/9/5/14950930/1744666_orig.jpg
000260.jpg,https://pepperhead.com/wp-content/uploads/Naga-Viper-Header.jpg
000261.jpg,https://garden.org/pics/2015-08-02/Weedwhacker/294e32.jpg
000262.jpg,https://cdn11.bigcommerce.com/s-f6cx4kq/images/stencil/500x659/products/121/740/7_pot_douglah_pepper_brown_and_ripe_tyler_farms__76239.1514943659.jpg?c=2
000263.jpg,http://www.damseeds.ca/store/pc/catalog/A324.jpg
000264.jpg,http://www.montrealgazette.com/life/cms/binary/7291861.jpg?size=640x420
000265.jpg,https://www.hottyplace.com/1751-tm_thickbox_default/bhut-jolokia-rosso-10g-peperoncino-piccante-polvere-b-j-red-vaso-vetro.jpg
000266.jpg,https://i.etsystatic.com/16698722/r/il/b1f3e2/1574776653/il_570xN.1574776653_f1h8.jpg
000267.jpg,https://upload.wikimedia.org/wikipedia/commons/thumb/d/d6/Immature_jalapeno_capsicum_annuum_var_annuum.jpeg/1200px-Immature_jalapeno_capsicum_annuum_var_annuum.jpeg
000268.jpg,https://img2.thejournal.ie/inline/3713962/original/?width=630&version=3713962
000269.jpg,http://thumb4.zeppy.io/d/l400/pict/123759346711/chilli-asian-birds-eye-vegetable-garden-super-hot-indian-10-chili-seeds-pepper
000270.jpg,http://stanislas.club/wp-content/uploads/2018/12/purple-hot-peppers-image-0-purple-super-hot-peppers.jpg
000271.jpg,https://static.vecteezy.com/system/resources/previews/000/094/475/non_2x/super-hot-chili-pepper-vectors.jpg
000272.jpg,https://i.ytimg.com/vi/fcTdySnXSG0/hqdefault.jpg
000273.jpg,https://c8.alamy.com/comp/F7FHD2/a-sliced-super-hot-ghost-chili-pepper-on-a-wooden-cutting-board-F7FHD2.jpg
000274.jpg,https://cdn.shopify.com/s/files/1/1654/8555/products/Super_Hot_Beast_71f_423ef5b7-3bed-45f0-987a-d3f97c50fb01_530x@2x.jpg?v=1542198198
000275.jpg,https://cdn11.bigcommerce.com/s-f6cx4kq/images/stencil/500x659/products/190/1078/7_Pot_Madballz_pepper_2__03592.1548718117.png?c=2
000276.jpg,https://lansdowneplants.co.uk/wp-content/uploads/2018/03/super-chilli.jpg
000277.jpg,https://thumbs.dreamstime.com/z/extremely-red-hot-chili-pepper-super-chilli-paprika-39404481.jpg
000278.jpg,https://image.spreadshirtmedia.com/image-server/v1/mp/products/T268A544MPA392PT10X4Y0D1021143173FS2722/views/1,width=550,height=550,appearanceId=544,backgroundColor=F2F2F2,modelId=1831,crop=list,version=1560593540,modelImageVersion=1534228056/trinidat-moruga-scorpion-chili-pepper-super-hot-two-tone-mug.jpg
000279.jpg,https://s3.amazonaws.com/cdn.totallytomato.com/images/thumb/03004.jpg
000280.jpg,https://static-01.daraz.pk/p/7f275aa92a1168762eced9a2027dc387.jpg_340x340q80.jpg_.webp
000281.jpg,http://i.imgur.com/8iYxsV6.jpg
000282.jpg,http://myfifa.co/wp-content/uploads/2019/05/mass-of-hot-peppers-prepared-for-drying-super-chili-this-simple-method-outside-c.jpg
000283.jpg,https://c8.alamy.com/comp/EB27JF/studio-photo-of-super-hot-7-pot-yellow-chilli-pepper-isolated-on-white-EB27JF.jpg
000284.jpg,https://jakeseed.com/wp-content/uploads/2018/12/Devils-Brain.jpg
000285.jpg,https://gentlemint-media.s3.amazonaws.com/images/2012/10/17/6e964bdd.jpg.505x650_q85.jpg
000286.jpg,https://previews.123rf.com/images/subinpumsom/subinpumsom1408/subinpumsom140800128/30988298-karen-pepper-super-hot-at-kanchanaburi-thailand.jpg
000287.jpg,https://1.bp.blogspot.com/-jZdLRNSXk_Y/XRKfjIeob-I/AAAAAAAAAqk/9S7J8fK3t7gLoNIBqC6dx8bU8XHXQ8agwCLcBGAs/s1600/fig-01-Habanero-Peppers.jpg
000288.jpg,https://www.superhotchiles.com/wp-content/uploads/2018/09/chilesAlcalde8-20182.jpg
000289.jpg,http://farmfreshselects.com/wp-content/uploads/2014/12/pepper-super-cayenne1.jpg
000290.jpg,https://blogs.forbes.com/eustaciahuen/files/2018/02/Photo-Nov-14-12-58-18-PM.jpg
000291.jpg,https://www.leisuretimery.com/wp-content/uploads/2019/05/147909.jpg
000292.jpg,https://cdn.instructables.com/FZ3/BZOB/I7YLHW9V/FZ3BZOBI7YLHW9V.LARGE.jpg?auto=webp&&frame=1&fit=bounds
000293.jpg,https://cathytesta.files.wordpress.com/2011/04/pepper-portulaca-e1303400219216.jpg
000294.jpg,http://thetomatolady.com/_Media/trinidad-scorpion-hot-peppe_med.jpeg
000295.jpg,https://cdn.shopify.com/s/files/1/1654/8555/products/Bhut_Jolokia_Chocolate_Ghost_14_b_530x@2x.jpg?v=1536150191
000296.jpg,http://www.chiliszoszok.hu/img/7378/871078/400x400/871078.jpg
000297.jpg,https://image.shutterstock.com/image-vector/super-hot-red-chilli-pepper-600w-1112697332.jpg
000298.jpg,https://i.ytimg.com/vi/L_FTlX7DMH4/maxresdefault.jpg
000299.jpg,https://ssl.c.photoshelter.com/img-get/I000085IOBqdcAX8/s/1200/I000085IOBqdcAX8.jpg
000300.jpg,https://www.hottyplace.com/1877-tm_thickbox_default/moruga-scorpion-yellow-polvere-peperoncino-piccante-estremo-fruttato-vaso-10g.jpg
000301.jpg,http://www.vietworldkitchen.com/wp-content/uploads/2017/09/6a00d8341ef22f53ef01bb0928b903970d.jpg
000302.jpg,https://pepperhead.com/wp-content/uploads/2017/11/Seed-Category.jpg
000303.jpg,http://thumb1.zeppy.io/d/l400/pict/192911341827/50-super-hot-pepper-mix-seed-many-varieties-ghost-habanero-pepper-many-other
000304.jpg,https://i0.wp.com/www.littlechillishop.com/wp-content/uploads/2017/03/IMG_1739.jpg?fit=5184%2C3456
000305.jpg,https://www.pepperworldhotshop.com/out/pictures/master/product/1/super-hot-chilis-pflanzen-power-pack-pj508-1.png
000306.jpg,https://live.staticflickr.com/7527/26356060514_fc82cc6438_b.jpg
000307.jpg,http://liveguide.info/wp-content/uploads/2019/03/hot-pepper-plants-load-image-into-gallery-viewer-giant-red-hot-pepper-plants-for-garden-live-super-hot-pepper-plants-for-sale.jpg
000308.jpg,http://essenceofafrica.ug/images/stk/Super-Hot-Chili-Peppers.jpg
000309.jpg,http://images.philippineslisted.com/nlarge/super_hot_chili_pepper_seeds_carolina_reaper_ghost_pepper_scorpion_7080257.jpg
000310.jpg,https://upload.wikimedia.org/wikipedia/commons/thumb/8/8b/Bhoot_Jolokia_%28_Ghost_Chili_pepper_%29.jpg/220px-Bhoot_Jolokia_%28_Ghost_Chili_pepper_%29.jpg
000311.jpg,http://www.peppergal.com/files/1917422/uploaded/64520079_edited.jpg
000312.jpg,http://kalustyanspices.com/images/detailed/2/602573629628.png
000313.jpg,https://c8.alamy.com/comp/F2WWMH/super-hot-scotch-bonnet-chilis-capsicum-chinesefor-sale-in-shop-in-F2WWMH.jpg
000314.jpg,https://www.thesun.co.uk/wp-content/uploads/2018/09/NINTCHDBPICT000293321431.jpg
000315.jpg,https://i.ytimg.com/vi/xVc32G9O53Q/maxresdefault.jpg
000316.jpg,https://s3-ap-southeast-2.amazonaws.com/seminismanageaustralia/600_bocxxyplub_super-chilli-2.jpg
000317.jpg,https://i.imgur.com/4o7QoH0.jpg
000318.jpg,https://image.shutterstock.com/image-photo/super-hot-thai-chili-peppers-260nw-1317783959.jpg
000319.jpg,https://superherologic.com/wp-content/uploads/2019/08/13013/8-of-these-peppers-are-super-hot-can-you-pick-the-one-that8217s-not.jpg
000320.jpg,https://chilli-seedz.com/wp-content/uploads/2018/09/MIX-1.jpg
000321.jpg,https://st2.depositphotos.com/4341251/6512/i/950/depositphotos_65125595-stock-photo-karen-pepper-super-hot.jpg
000322.jpg,https://www.jimmyinthegarden.com/wp-content/uploads/2017/04/Growing-Carolina-Reaper-Super-Hot-Chili-Pepper-Indoors.jpg
000323.jpg,https://as2.ftcdn.net/jpg/02/33/10/19/1000_F_233101932_Fd411MeXWjH9dIs3JF0GDM3ySdhHexoj.jpg
000324.jpg,https://cdn.shortpixel.ai/client/q_lossy,ret_img,w_768/https://www.ghostpepperfarms.com/wp-content/uploads/2019/10/IMG_20180907_104746-768x1024.jpg
000325.jpg,https://cdn.shopify.com/s/files/1/1654/8555/products/IMG_4181_530x@2x.jpeg?v=1536150192
000326.jpg,https://www.gardentags.com/profile/gardplace2/images/788628/750/capsicum-annuum-super-chilli-f1.jpeg
000327.jpg,https://i.ytimg.com/vi/zB95mD00w44/maxresdefault.jpg
000328.jpg,https://i0.wp.com/ae01.alicdn.com/kf/HTB15u68PiLaK1RjSZFxq6ymPFXaj/100Pc-Fresh-Carolina-Reaper-Chilli-font-b-Pepper-b-font-Planting-bonsais-font-b-Super-b.jpg?crop=5,2,900,500&quality=2886
000329.jpg,https://d2a2wjuuf1c30f.cloudfront.net/product_photos/58330068/super_hot_10_4_original.png
000330.jpg,https://i1.wp.com/1.bp.blogspot.com/--qZ0UzGxaZ8/U5h8PgqY3BI/AAAAAAAACe4/SD036M8uJuQ/s1600/bhut-jolokia-ghost-pepper.jpg
000331.jpg,https://hggourmet.com/wp-content/uploads/2018/03/Pepper-Garden-Salsa.jpeg
000332.jpg,https://media-cdn.tripadvisor.com/media/photo-s/09/fa/0c/b2/little-chinatown.jpg
000333.jpg,https://1.bp.blogspot.com/-npu8arBRI6E/XRKg1NhKFHI/AAAAAAAAAqw/4pTnDMJsoaYDbEWIx66p3-mhADrEZkj5gCLcBGAs/s1600/fig-02-Habanero.jpg
000334.jpg,https://images.food52.com/hiSyb9Q-DUwCcSPnKYmR9YcA6SU=/1200x1200/3293dfef-1fce-4409-9820-6b19b6fd6139--pepper.close_up.jpg
000335.jpg,https://image.shutterstock.com/image-photo/super-chili-peppers-green-red-260nw-1520729498.jpg
000336.jpg,https://media.karousell.com/media/photos/products/2018/06/26/super_hot_pepper_seelings_1529997994_d4f51608_progressive.jpg
000337.jpg,https://cdn.shopify.com/s/files/1/0871/0950/products/bhutjolokisss2015_1024x1024.jpg?v=1548800674
000338.jpg,https://thumbs.dreamstime.com/z/yellow-moruga-scorpion-hot-peppers-pepper-one-colors-available-super-second-hottest-77329859.jpg
000339.jpg,https://www.pepperworldhotshop.com/out/pictures/master/product/1/sj124_det_p1.jpg
000340.jpg,https://media.istockphoto.com/photos/super-hot-dried-red-thai-chili-chilli-one-of-the-main-ingredients-of-picture-id914734996
000341.jpg,https://n3.sdlcdn.com/imgs/g/k/o/Super-Hot-Carolina-Reaper-Chilli-SDL699139125-1-b9a87.jpg
000342.jpg,http://dtvalgerie.info/wp-content/uploads/2018/11/hot-peppers-plant-super-hot-pepper-plants-for-sale.jpg
000343.jpg,https://i2.wp.com/ae01.alicdn.com/kf/HTB1IPq8PFXXXXbSXVXXq6xXFXXXX/100PCS-SEEDS-100-Genuine-Fresh-Rare-Red-Carolina-Reaper-Pepper-Seeds-hot-chilli-Organic-Vegetable-Seeds.jpg
000344.jpg,https://cdn.mr-fothergills.co.uk/product-images/op/z/12281z.jpg
000345.jpg,http://helpinghandsyangon.org/wp-content/uploads/2019/09/demon-red-chilli-loads-of-chillies-chocolate-cayenne-demon-red-super-chilli-lemon-drop-and-orange-demon-red-chilli-pepper.jpg
000346.jpg,http://www.asiamarkt-halong.de/WebRoot/Store4/Shops/62946120/585C/5C32/706A/9AAD/474E/C0A8/2AB9/04B5/Habanero_frisch.jpg
000347.jpg,http://thetomatolady.com/_Media/carolina_reaper_pile_med_hr.jpeg
000348.jpg,http://thumb1.zeppy.io/d/l400/pict/312625190135/lot-of-3-orange-ghost-bhut-jolokia-super-hot-pepper-live-plants-1-000-000-shu
000349.jpg,http://hoaxes.org/images/aprilfool/2013chili.jpg
000350.jpg,https://gd.image-gmkt.com/li/170/499/1138499170.g_400-w-st_g.jpg
000351.jpg,https://image.freepik.com/free-photo/karen-pepper-super-hot-kanchanaburi-thailand_42044-863.jpg
000352.jpg,https://i.ytimg.com/vi/t2Mhnw7l37U/maxresdefault.jpg
000353.jpg,https://www.devonchilliman.co.uk/wp-content/uploads/2017/03/King-Naga-Morich-chilli.jpg
000354.jpg,https://www.thechilliguy.com/wp-content/uploads/2016/03/29654593003_4766583fc7_z.jpg
000355.jpg,http://www.montrealgazette.com/life/cms/binary/7291869.jpg?size=640x420
000356.jpg,https://d111vui60acwyt.cloudfront.net/product_photos/58330317/super_hot_7_original.png
000357.jpg,https://image.shutterstock.com/image-photo/super-hot-thai-chili-chilli-600w-643168468.jpg
000358.jpg,https://5.imimg.com/data5/ED/CQ/MY-10741285/green-chillies-2c-bullet-chilly-2c-samba-chilly-2c-green-chilly-500x500.jpg
000359.jpg,https://images-eu.ssl-images-amazon.com/images/I/41OJx8LRihL.jpg
000360.jpg,https://image.spreadshirtmedia.com/image-server/v1/mp/products/T949A258MPA1998PT25X4Y0D1021143173FS2729/views/3,width=550,height=550,appearanceId=258,backgroundColor=F2F2F2,modelId=1333,crop=list,version=1560593540,modelImageVersion=1551169167/trinidat-moruga-scorpion-chili-pepper-super-hot-full-color-mug.jpg
000361.jpg,https://static.lufa.com/uploads/blog/1794_peach.jpg
000362.jpg,https://spicefreakblog.files.wordpress.com/2017/01/dorset-naga-chilli-pepper.jpg?w=636
000363.jpg,https://cdn2-img.pressreader.com/pressdisplay/docserver/getimage.aspx?regionKey=XIPqDxE7Rd6mcW9K7zi1FA%3D%3D
000364.jpg,https://livingseeds.co.za/image-smp/mixed-super-hot-chilliespeppers-chillis_12205_500x500.jpg
000365.jpg,https://media.istockphoto.com/photos/super-hot-picture-id186869361
000366.jpg,https://www.piedmontfarmandgarden.com/v/vspfiles/photos/PPP287-2.jpg?v-cache=1519070777
000367.jpg,https://www.pepperworldhotshop.com/out/pictures/master/product/1/mega-super-hot-pflanzen-power-pack_pj511_1500x1500.jpg
000368.jpg,https://cdn11.bigcommerce.com/s-f6cx4kq/images/stencil/500x659/products/173/1072/7_Pot_Bubblegum_pepper__02348.1548716324.png?c=2
000369.jpg,https://dqzrr9k4bjpzk.cloudfront.net/images/12160176/692195894.jpg
000370.jpg,https://2paragraphs.com/wp-content/uploads/2017/07/Trinidad_Scorpion_Butch_T_Pepper-620x375.jpg
000371.jpg,https://cdn11.bigcommerce.com/s-ciraphtf85/images/stencil/1280x1280/products/15402/162740/5ac6e1e06931da66ce9cebcb-big__86703.1559496632.jpg?c=2
000372.jpg,https://st2.depositphotos.com/4341251/6512/i/950/depositphotos_65125575-stock-photo-karen-pepper-super-hot.jpg
000373.jpg,https://www.superhotchiles.com/wp-content/uploads/2018/04/Fatalii-Hot-Pepper-Plants-.jpg
000374.jpg,https://thumbs.dreamstime.com/z/super-hero-chilli-pepper-1856890.jpg
000375.jpg,https://i1.wp.com/www.360nobs.com/wp-content/uploads/2014/08/super-hot-peppers.jpg?ssl=1
000376.jpg,https://cdn.shopify.com/s/files/1/0036/2351/8321/products/CHILI-POWDER-SUPER-HOT-ICR60PC1_Page_1_1024x1024.jpg?v=1552482763
000377.jpg,https://i.ytimg.com/vi/68mJQ3fwJJU/maxresdefault.jpg
000378.jpg,http://thebalancedboss.co/wp-content/uploads/2019/07/small-hot-peppers-super-hot-small-red-peppers-red-hot-pepper-crossword-clue-small-green-hot-peppers.jpg
000379.jpg,https://cdn.shopify.com/s/files/1/0915/1060/products/7_Pot_Cajun_Craze1.jpg?v=1547673526
000380.jpg,https://www.prestoimages.net/store20/rd2772/2772_pd2228598_1.jpg
000381.jpg,https://www.picclickimg.com/d/l400/pict/283562451989_/30-Red-Ghost-Chili-Pepper-Seeds-Bhut-Jolokia.jpg
000382.jpg,https://farm2.staticflickr.com/1725/42663506922_c46ff84b62_b.jpg
000383.jpg,https://www.radwaygardencentre.com/img/product/johnsons-pepper-hot-super-chilli-f1-seeds-8265-0.jpg
000384.jpg,https://gardens.everybodyshops.com/wp-content/uploads/2018/02/blog-super-chili-pepper.jpg
000385.jpg,https://as1.ftcdn.net/jpg/02/33/10/24/500_F_233102407_8HjgB48PiumEZRL8orpCeKvPHlmQMEKL.jpg
000386.jpg,https://c8.alamy.com/comp/RJN69E/chillies-drying-in-the-sun-in-a-small-village-along-the-banks-of-the-mekong-river-in-northern-laos-tropical-lao-people-eat-super-spicy-hot-food-bel-RJN69E.jpg
000387.jpg,http://stanislas.club/wp-content/uploads/2018/12/purple-hot-peppers-purple-pepper-what-to-do-with-purple-super-hot-peppers.jpg
000388.jpg,https://www.hottyplace.com/1749-tm_thickbox_default/bhut-jolokia-rosso-10g-peperoncino-piccante-polvere-b-j-red-vaso-vetro.jpg
000389.jpg,https://5280heirlooms.com/wp-content/uploads/2018/08/IMG_9519-1-720x405.jpg
000390.jpg,https://www.kitchengardenseeds.com/media/catalog/product/cache/1/thumbnail/0dc2d03fe217f8c83829496872af24a0/3/6/3635_a.jpg
000391.jpg,https://www.lsuagcenter.com/~/media/system/5/c/7/c/5c7ce45536e1673ed2a826f32eec9acd/super%20chili%20peppersjpg.jpg?h=1500&la=en&w=2100
000392.jpg,https://i.guim.co.uk/img/static/sys-images/Guardian/Pix/pictures/2015/9/9/1441815964484/7e8e8ef7-c180-468f-848e-d46ff5dd1806-620x372.jpeg?width=605&quality=85&auto=format&fit=max&s=fe6672029e83d67707e67e901445a118
000393.jpg,https://media-cdn.tripadvisor.com/media/photo-s/17/01/de/52/baja-fish-tack-and-al.jpg
000394.jpg,https://image.spreadshirtmedia.com/image-server/v1/mp/compositions/T1262A228MPA3056PT17X0Y16D1021143173FS4343/views/2,width=1200,height=630,appearanceId=228,backgroundColor=F2F2F2,version=1560593540/trinidat-moruga-scorpion-chili-pepper-super-hot-womens-hoodie-dress.jpg
000395.jpg,http://thumb3.zeppy.io/d/l400/pict/174028005817/super-chili-pepper-20-seeds-2019-harvest
000396.jpg,https://i.ytimg.com/vi/OrZFy77KB_M/maxresdefault.jpg
000397.jpg,https://image.shutterstock.com/image-vector/super-hot-red-chilli-pepper-600w-1109355866.jpg
000398.jpg,https://i2.wp.com/www.peppersbymail.com/wp-content/uploads/2015/07/mixed_pepper_box.jpg?fit=1280%2C960
000399.jpg,https://comps.canstockphoto.com/extremely-hot-red-chili-pepper-on-fire-eps-vector_csp18600548.jpg
000400.jpg,https://upload.wikimedia.org/wikipedia/commons/a/af/Super_Hot_peppers.jpg
000401.jpg,https://www.picclickimg.com/d/l400/pict/142796597994_/20-Seeds-Red-Ghost-Peppers-Super-Hot.jpg
000402.jpg,https://cf.shopee.ph/file/08d3b53fb853e3b65223f388ab06a851
000403.jpg,https://previews.123rf.com/images/abdie11/abdie111907/abdie11190700049/127910702-super-hot-spicy-chilli-pepper-mascot-logo-character-icon-illustration-with-flame-fire-burning-cartoo.jpg
000404.jpg,https://sc01.alicdn.com/kf/HTB13OQqOpXXXXahXXXXq6xXFXXXo/chinese-exporter-of-super-hot-red-whole.jpg_300x300.jpg
000405.jpg,https://www.firedragonchillies.co.nz/wp-content/uploads/2016/01/Manuka-Smoked-Chilli-Salt-85g.jpg
000406.jpg,https://www.hottyplace.com/1560-tm_thickbox_default/carolina-reaper-10g-peperoncino-piccante-estremo-polvere-guinness-vaso-vetro.jpg
000407.jpg,https://thumbs.dreamstime.com/z/jay-s-peach-ghost-super-hot-pepper-peppers-color-flavor-sweet-like-normal-80769534.jpg
000408.jpg,https://st2.depositphotos.com/4341251/6512/i/950/depositphotos_65125581-stock-photo-karen-pepper-super-hot.jpg
000409.jpg,https://image.shutterstock.com/image-photo/closeup-two-green-habanero-super-260nw-1256745181.jpg
000410.jpg,http://thumb1.zeppy.io/d/l400/pict/183767898626/habanero-pepper-seeds-super-hot-pepper-non-gmo-variety-sizes-free-shipping
000411.jpg,https://i.ytimg.com/vi/cd9v2ZHieFE/maxresdefault.jpg
000412.jpg,https://www.kitchengardenseeds.com/media/catalog/product/cache/1/thumbnail/0dc2d03fe217f8c83829496872af24a0/3/6/3635-1-web.jpg
000413.jpg,https://shop.coles.com.au/wcsstore/Coles-CAS/images/2/3/9/2394698.jpg
000414.jpg,https://prodimage.images-bn.com/pimages/9781435117075_p0_v1_s550x406.jpg
000415.jpg,https://c8.alamy.com/comp/F2WWMF/super-hot-scotch-bonnet-chilis-capsicum-chinesefor-sale-in-shop-in-F2WWMF.jpg
000416.jpg,https://www.galenacanning.com/image/cache/data/super%20hot%20cayenne-500x500.jpg
000417.jpg,https://images.food52.com/s9Pib6sXhVZQgvK8BumbJ8fyK7Q=/530x354/3293dfef-1fce-4409-9820-6b19b6fd6139--pepper.close_up.jpg
000418.jpg,https://i0.wp.com/bloominthyme.com/wp-content/uploads/2012/07/lay_out_chilis_bloominthyme.jpg?resize=535%2C356&ssl=1
000419.jpg,https://as2.ftcdn.net/jpg/00/68/87/41/500_F_68874103_R9Qtx0usONK1rPgFrYya6Lkj000KlKG2.jpg
000420.jpg,https://www.picclickimg.com/d/l400/pict/162733130791_/10-Hot-Chili-Pepper-Seeds-BHUT-JOLOKIA-WHITE.jpg
000421.jpg,https://thumbs.dreamstime.com/b/capsicum-annuum-thai-super-chili-hybrid-cultivar-cm-erect-fruits-finally-red-more-than-scoville-scale-units-hotness-76425172.jpg
000422.jpg,https://www.hottyplace.com/1562-tm_thickbox_default/carolina-reaper-10g-peperoncino-piccante-estremo-polvere-guinness-vaso-vetro.jpg
000423.jpg,https://image.spreadshirtmedia.com/image-server/v1/mp/products/T1353A70MPA2787PT10X0Y53D1021143173FS3173/views/1,width=378,height=378,appearanceId=70,backgroundColor=F2F2F2,version=1568588758/trinidat-moruga-scorpion-chili-pepper-super-hot-samsung-galaxy-s9-case.jpg
000424.jpg,https://www.thegreenhead.com/imgs/xl/ghost-pepper-super-hot-candy-balls-xl.jpg
000425.jpg,https://media.gettyimages.com/photos/three-scorpion-moruga-super-hot-chilies-picture-id521478856
000426.jpg,https://www.asiaone.com/sites/default/files/styles/839w/public/chillies_7.jpg?itok=CPC-tKBB
000427.jpg,https://cdn.shopclues.com/images/thumbnails/58220/320/320/NagaViper924x7841487951625.png
000428.jpg,http://thumb1.zeppy.io/d/l400/pict/362768553879/trinidad-moruga-scorpion-3rd-hottest-pepper-6-fresh-picked-red-pods-super-hot
000429.jpg,https://media.production.coolgift.com/product/Super-Hot-Chili-Gift-Set-7.jpg
000430.jpg,https://cdn.shopify.com/s/files/1/1654/8555/products/IMG_3155_530x@2x.jpeg?v=1536150192
000431.jpg,https://steemitimages.com/640x0/https://pixabay.com/static/uploads/photo/2012/04/05/00/41/pepper-25384_960_720.png
000432.jpg,https://c8.alamy.com/comp/CFJNN1/yellow-fruits-of-super-chili-capsicum-annuum-CFJNN1.jpg
000433.jpg,https://cdn.shopify.com/s/files/1/0089/1562/files/pepper_head_grande.png?v=1487338808
000434.jpg,https://spicefreakblog.files.wordpress.com/2017/01/ghost.jpg?w=300&h=298
000435.jpg,https://www.kitchengardenseeds.com/media/catalog/product/cache/1/thumbnail/0dc2d03fe217f8c83829496872af24a0/3/6/3635-2-web.jpg
000436.jpg,https://cdn.shopify.com/s/files/1/0871/0950/files/2019-Hot-Pepper-Seeds-7Pot-Primo-Pepper-Seeds.jpg?v=1535144031
000437.jpg,https://rukminim1.flixcart.com/image/832/832/jmnrtzk0-1/plant-seed/9/f/7/30-hybrid-vegetable-seeds-giant-sized-indian-green-chilli-30-original-imaf9gntzq2hjxuy.jpeg?q=70
000438.jpg,http://hoekrijgikmijnexterug.co/wp-content/uploads/2019/06/cascabella-pepper-are-you-interested-in-chili-peppers-come-to-the-right-place-whether-into-super-hot-mild-or-ornamental-chili-peppers-got-the-right.jpg
000439.jpg,https://jakeseed.com/wp-content/uploads/2018/12/Fatalii-1-324x324.jpg
000440.jpg,http://www.japanesesushifood.com/photo/pl18305777-japanese_hot_sambal_chilli_sauce_super_hot_spicy_red_chili_pepper_paste.jpg
000441.jpg,https://www.hottyplace.com/1622-tm_thickbox_default/carolina-reaper-10g-peperoncino-piccante-estremo-polvere-guinness-vaso-vetro.jpg
000442.jpg,https://seedsnsuch-qb2qm0z.netdna-ssl.com/wp-content/uploads/2018/11/hot-peppers-slider-1-500x500.jpg
000443.jpg,https://thumbs.dreamstime.com/z/jay-s-peach-ghost-super-hot-pepper-peppers-color-flavor-sweet-like-normal-80769485.jpg
000444.jpg,https://contestimg.wish.com/api/webimage/5ca49594e878672b5ed54268-large.jpg?cache_buster=e2ba20a11558bcd376d9ddf579ab6214
000445.jpg,https://media-cdn.tripadvisor.com/media/photo-s/12/3d/c8/c3/chili-pepper-chicken.jpg
000446.jpg,http://ipepperco.com/wp-content/uploads/2019/08/816b9ad44ce51483e43e667081aae9e0.jpg
000447.jpg,https://images.askmen.com/man_skills/homehot_sauce_gettyimages_503156980_10252019.jpg
000448.jpg,https://farm2.staticflickr.com/1970/43686450730_9a471796b6_b.jpg
000449.jpg,http://www.hotlollies.com/wp-content/uploads/2013/09/fatalii-peppers.jpg
000450.jpg,https://image.shutterstock.com/image-photo/super-hot-green-chilies-long-260nw-1036168132.jpg
000451.jpg,https://images.media-allrecipes.com/userphotos/560x315/1060867.jpg
000452.jpg,https://upload.wikimedia.org/wikipedia/commons/d/d2/Capsicum_annuum_-_K%C3%B6hler%E2%80%93s_Medizinal-Pflanzen-027.jpg
000453.jpg,http://www.loganzenner.com/wp-content/uploads/2016/10/Aristotle-X3R-F1-300x300.jpg
000454.jpg,http://cdn.shopify.com/s/files/1/1501/1196/articles/blog-size-chili_1024x1024.png?v=1564583546
000455.jpg,http://motivationalquotesns.info/data/salsa-pepper-plants/images/salsa-pepper-plants-poblano-ancho-hot-pepper-super-chili-pepper-plants.jpg
000456.jpg,https://i0.wp.com/ae01.alicdn.com/kf/HTB1FxyzalLoK1RjSZFuq6xn0XXaR/100-Pcs-font-b-Chilli-b-font-bonsai-Vegetable-Diy-Potted-Plants-Indoor-Outdoor-For-Home.jpg
000457.jpg,http://duniapoint.info/wp-content/uploads/2019/03/thai-hot-pepper-plant-hot-pepper-plant-i-figure-the-peppers-are-still-quite-hot-as-it-is-clearly-a-super-hot-but-i-am-not-going-to-taste-it-to-make-sure-hot-thai-hot-pepper-plant-size.jpg
000458.jpg,https://5.imimg.com/data5/CD/FF/MY-52786600/super-hot-chilli-powder-500x500.jpg
000459.jpg,https://thumbs.dreamstime.com/z/pot-wes-hot-pepper-variety-super-77329872.jpg
000460.jpg,https://www.hottyplace.com/1915-tm_thickbox_default/nagalah-peperoncino-piccantissimo-novita-2015-polvere-super-hot-flacone-10g.jpg
000461.jpg,http://newmaterialismsociety.co/wp-content/uploads/2019/08/bhut-jolokia-pepper-plants-for-sale-buy-pepper-vegetable-seeds-online-plant-vegetables-pucker-butt-pepper-grow-super-chili.jpg
000462.jpg,https://cdn.shopify.com/s/files/1/0871/0950/products/TombstoneGhost_1024x1024.gif?v=1548196385
000463.jpg,https://c8.alamy.com/comp/EB27JH/super-hot-colorful-chillies-selection-food-and-drink-photo-of-chocolate-EB27JH.jpg
000464.jpg,https://media.karousell.com/media/photos/products/2018/07/22/hot_habanero_pepper_habanero_peach_capsicum_chinense_heirloom_10_seeds_1532265338_c0eaa50e0_progressive
000465.jpg,https://cdn.shopify.com/s/files/1/1145/1260/products/BBG7-chocolate-10_large.jpg?v=1566689677
000466.jpg,https://cdn.shopify.com/s/files/1/0915/1060/products/7_Pot_Brainstrain_Chocolate_JG_Strain.jpg?v=1547822888
000467.jpg,https://media.gettyimages.com/photos/peppers-super-cayenne-picture-id88839049
000468.jpg,https://i2.wp.com/4.bp.blogspot.com/-wXULnuqmoIE/U5h8PorHYTI/AAAAAAAACe8/J1AAHSeWaes/s1600/chocolate-bhut-jolokia.jpg
000469.jpg,https://t4.ftcdn.net/jpg/02/33/10/23/500_F_233102393_uiHhfcRmQ50CWt6OQX9BgBWUcFN8x3Qi.jpg
000470.jpg,https://i.ytimg.com/vi/A8rQW3Jn7Bg/maxresdefault.jpg
000471.jpg,https://media.istockphoto.com/photos/super-hot-dried-red-thai-chili-chilli-one-of-the-main-ingredients-of-picture-id914734996?k=6&m=914734996&s=170667a&w=0&h=Es3pfEtk1-FUilrXxiQn1hoLsItKOhO2B0njXA0nfK8=
000472.jpg,https://st3.depositphotos.com/10302016/13531/i/1600/depositphotos_135319984-stock-photo-chilli-karen-pepper-super.jpg
000473.jpg,https://www.nicholsgardennursery.com/store/avactis-images/thumb_CucumberNationalPickling2.jpg
000474.jpg,https://ksr-ugc.imgix.net/assets/015/606/012/a861bdb7db68041090c8c4f20f187ff7_original.jpg?ixlib=rb-2.1.0&crop=faces&w=1552&h=873&fit=crop&v=1497965350&auto=format&frame=1&q=92&s=d4fda9cb8a6ed7e67560d1f687fc5ab1
000475.jpg,https://www.superseedsonline.com/wp-content/uploads/2015/11/SUPER-HOT-1.png
000476.jpg,https://boldersuperhot.com/wp-content/uploads/2019/09/Untitled1_0004_IMG_20190904_142900227-1.png
000477.jpg,https://comps.canstockphoto.com/cartoon-happy-spicy-red-chilly-hot-drawing_csp40478392.jpg
000478.jpg,https://www.clipartmax.com/png/middle/142-1421281_firebreatherlogo-super-hot-logo-tabasco-pepper.png
000479.jpg,https://www.masalaherb.com/wp-content/uploads/2018/07/Mango-Habanero-Sauce-1.jpg
000480.jpg,https://t3.ftcdn.net/jpg/02/33/10/24/500_F_233102451_mPrub1SpFykCUfJTg1uNPOLzgMT7LHQx.jpg
000481.jpg,https://www.pepperscale.com/wp-content/uploads/2017/07/7-Pot-Primo-Pepper.jpg
000482.jpg,https://www.rnz.co.nz/assets/news_crops/89943/eight_col_Chillies.jpg?1571654128
000483.jpg,https://www.nicholsgardennursery.com/store/avactis-images/thumb_Chervil.jpg
000484.jpg,https://static-01.daraz.pk/original/de9b8a9b3a5e3d168c1a80ba976b8627.jpg_720x720q75.jpg
000485.jpg,https://images.squarespace-cdn.com/content/v1/599d88956b8f5b243b189977/1535513268595-OD6GC4F9JMMSZ5OYIJ6U/ke17ZwdGBToddI8pDm48kAqxFPkhsmIcWpF9xC9VCDcUqsxRUqqbr1mOJYKfIPR7LoDQ9mXPOjoJoqy81S2I8N_N4V1vUb5AoIIIbLZhVYxCRW4BPu10St3TBAUQYVKcbjesA8p9e7BhAsqpOByY_un5H-iQ90taHgYzTagYUvP3SBZq6BAca7WO_4bpRndV/Screen+Shot+2018-08-28+at+11.27.16+PM.png
000486.jpg,https://media.karousell.com/media/photos/products/2017/12/11/scotch_bonnet_red_seeds__super_hot_pepper__freshly_harvested_1512956013_875d3733.jpg
000487.jpg,https://jakeseed.com/wp-content/uploads/2018/12/brain-strain-1.jpg
000488.jpg,https://i0.wp.com/www.catsyellowdays.com/wp-content/uploads/2012/12/chilli.jpg?resize=740%2C493
000489.jpg,https://supergrowled.com/wp-content/uploads/2015/02/Scoville-Scale--Chili-Pepper-Hotness-Ratings.jpg
000490.jpg,https://comps.canstockphoto.com/vector-illustration-of-red-hot-mexican-clip-art-vector_csp40988660.jpg
000491.jpg,https://i0.wp.com/www.peppersbymail.com/wp-content/uploads/2016/10/20161012_1723011.jpg?resize=324%2C324
000492.jpg,https://moly.hu/system/covers/big/covers_518417.jpg
000493.jpg,https://upload.wikimedia.org/wikipedia/commons/thumb/a/a3/Green_Chilli_with_Kakroda.jpg/220px-Green_Chilli_with_Kakroda.jpg
000494.jpg,https://ssl.c.photoshelter.com/img-get/I0000Js6iB51mmlY/s/750/750/100906-520-Chilli-Super-Chilli.jpg
000495.jpg,https://live.staticflickr.com/7185/6992018105_1a2468e564_b.jpg
000496.jpg,https://images.askmen.com/360x360/2019/10/25-100143-how_to_make_hot_sauce.jpg
000497.jpg,https://resources.burtonandburton.com/images/catalog/7803036_l.jpg
000498.jpg,https://c8.alamy.com/comp/K3C15E/drying-chillies-capsicum-super-chilli-K3C15E.jpg
000499.jpg,https://cdn.shopify.com/s/files/1/0196/8750/6020/products/Super_Hot_Chilli_Collection_1245x700.jpg?v=1555936483
000500.jpg,https://www5.police-games.org/img/1/59970/50pcs-Jamaican-Chocolate-Super-Hot-Bhutlah-Pepper-Seeds-Heirloom-Vegetables-Chili-Seeds-Home-Garden-Bonsai-Plant_thumb.jpg
000501.jpg,https://4.imimg.com/data4/RC/KA/MY-22663875/teja-chilli-with-stem-500x500.jpg
000502.jpg,https://media.gettyimages.com/photos/katokkon-super-hot-torajan-local-chili-picture-id532811016
000503.jpg,https://5280heirlooms.com/wp-content/uploads/2017/09/IMG_7307.jpg
000504.jpg,https://belianterbaik.aseanpriceblog.org/my/350/products/p/3/10-seeds-bishops-crown-chilli-pepper-5237-261185311-bc9ac5a878ddbd5ba0da35a9e5306270-product.jpg
000505.jpg,https://s3.amazonaws.com/cdn.totallytomato.com/images/thumb/03002.jpg
000506.jpg,https://st2.depositphotos.com/4341251/6513/i/950/depositphotos_65134811-stock-photo-karen-pepper-super-hot.jpg
000507.jpg,https://images-eu.ssl-images-amazon.com/images/I/41E2l6SH5zL.jpg
000508.jpg,https://www.scottrobertsweb.com/wp-content/uploads/2017/12/ultimate-guide-to-drying-hot-chile-peppers.jpg
000509.jpg,https://images-na.ssl-images-amazon.com/images/I/51Ks4e-vGdL.jpg
000510.jpg,https://www.capegazette.com/sites/capegazette/files/2017/02/field/image/3B062D8E00000578-0-image-a-45_1480852812516.jpg
000511.jpg,https://s3.amazonaws.com/cdn.totallytomato.com/images/thumb/03079.jpg
000512.jpg,https://cf.shopee.com.my/file/8d61356a55977db839972cb4f73e6c37
000513.jpg,https://www.hottyplace.com/img/p/8/4/0/840-home_default.jpg
000514.jpg,http://www.burn-blog.com/wp-content/uploads/2011/10/super-hot-pod-group.jpg
000515.jpg,https://t3.ftcdn.net/jpg/02/33/10/20/500_F_233102096_mlyrnJZZio43oL8AOL6aL10PRgryZoZC.jpg
000516.jpg,http://www.storandtfarms.com/wp-content/uploads/2016/02/SF-SuperHotSalsa-1.png
000517.jpg,http://www.chefjeffsgarden.com/images/Vegetables/SALSARIFIC-PEPPER-SUPER-CHILI.jpg
000518.jpg,https://st3.depositphotos.com/10302016/13374/i/1600/depositphotos_133749618-stock-photo-karen-pepper-super-hot-kanchanaburi.jpg
000519.jpg,https://sc01.alicdn.com/kf/UTB8mdm4X_zIXKJkSafVq6yWgXXaj/Frozen-red-small-big-chilli-super-hot.jpg_350x350.jpg
000520.jpg,https://upload.wikimedia.org/wikipedia/commons/thumb/c/c6/Piment_fort.jpg/220px-Piment_fort.jpg
000521.jpg,https://media.istockphoto.com/photos/super-hot-spicy-scorpion-bhut-jolokia-pepper-picture-id847854142
000522.jpg,https://c8.alamy.com/comp/K3C1A9/drying-chillies-capsicum-super-chilli-K3C1A9.jpg
000523.jpg,https://img1.wantitall.co.za/prodimages/yimi-premium-whole-dried-chilies-chinese-dry-red-chili-peppers-for-hot-chili-oil-and-sichuan-chongqi__51mC1J0koyL.jpg
000524.jpg,https://previews.123rf.com/images/pongans68/pongans681606/pongans68160600208/58845375-karen-pepper-super-hot-at-kanchanaburi-thailand.jpg
000525.jpg,https://jakeseed.com/wp-content/uploads/2018/12/cascabella-pepper-324x324.jpg
000526.jpg,https://4.imimg.com/data4/PK/FQ/GLADMIN-1967641/2-500x500.jpg
000527.jpg,https://www.hottyplace.com/1673-tm_thickbox_default/naga-big-bang-chocolate-polvere-puro-peperoncino-piccante-estremo-vaso-vetro-10g.jpg
000528.jpg,http://www.stjohnsbotanicals.com/image/cache/data/incoming/image/data/incoming/graphics/categoryimages/hbs-seed-chili-500x500.jpg
000529.jpg,https://jakeseed.com/wp-content/uploads/2018/12/red-habanero-1-324x324.jpg
000530.jpg,https://c1.staticflickr.com/2/1410/1453126543_2bd43470b6_b.jpg
000531.jpg,https://www.hottyplace.com/1803-tm_thickbox_default/moruga-scorpion-yellow-polvere-peperoncino-piccante-estremo-fruttato-vaso-10g.jpg
000532.jpg,https://i.ytimg.com/vi/-MU98ostLJc/maxresdefault.jpg
000533.jpg,https://www.extension.iastate.edu/jones/sites/www.extension.iastate.edu/files/imagecache/fullwidth_image/New-Arrival-100pcs-Red-Fresh-Carolina-Reaper-Chilli-Pepper-Planting-bonsais-Super-Hot-chili-bonsai-plant%202.jpg
000534.jpg,https://www.hottyplace.com/1746-tm_thickbox_default/carolina-reaper-10g-peperoncino-piccante-estremo-polvere-guinness-vaso-vetro.jpg
000535.jpg,https://jakeseed.com/wp-content/uploads/2018/01/goats-weed-324x324.jpg
000536.jpg,http://semences-partage.net/images/uploads/marcello2/1416340518-everfield.jpg
000537.jpg,http://sc01.alicdn.com/kf/UTB8JJn7nTzIXKJkSafVq6yWgXXay/945921740/UTB8JJn7nTzIXKJkSafVq6yWgXXay.jpg
000538.jpg,https://www.leisuretimery.com/wp-content/uploads/2019/02/135992-6.jpg
000539.jpg,http://www.hotlollies.com/wp-content/uploads/2013/09/1-IMAG1107.jpg
000540.jpg,https://jakeseed.com/wp-content/uploads/2015/01/fresno-324x324.jpg
000541.jpg,https://i.etsystatic.com/7824311/r/il/a6d0c6/705101725/il_794xN.705101725_bf3b.jpg
000542.jpg,http://thumb2.zeppy.io/d/l400/pict/192576517422/100-giant-red-spicy-cayenne-chili-pepper-seeds-non-gmo-heirloom-usa-seller
000543.jpg,https://images-na.ssl-images-amazon.com/images/I/51vHtvlHowL._SX355_.jpg
000544.jpg,https://cdn11.bigcommerce.com/s-cg0adf/images/stencil/1280x1280/products/332/428/No_10__58244.1402334709.jpg
000545.jpg,http://thumb2.zeppy.io/d/l400/pict/191203111207/30-organically-grown-tabasco-hot-pepper-seeds-red-chili-heirloom-non-gmo-usa
000546.jpg,https://www.cayennediane.com/wp-content/uploads/Super-Chili-2.jpg
000547.jpg,https://i.ytimg.com/vi/jSa__R5Isgs/hqdefault.jpg
000548.jpg,https://s3.amazonaws.com/cdn.gardensalive.com/images/800/64587A.jpg
000549.jpg,https://bloominthyme.files.wordpress.com/2010/07/super-chili-peppers-a-plenty.jpg
000550.jpg,https://www.chilipeppermadness.com/wp-content/uploads/2018/07/Super-Shepherd-Chili-Pepper1.jpg
000551.jpg,https://www.chilipeppermadness.com/wp-content/uploads/2019/09/Temp-Pepper-Types.jpg
000552.jpg,https://www.chilipeppermadness.com/wp-content/uploads/2015/08/Picadillo-Stuffed-Poblano-Peppers-Recipe2.jpg
000553.jpg,https://www.chilipeppermadness.com/wp-content/uploads/2018/03/ceec46ac75e6be7f73874fd5573b298d.jpg
000554.jpg,http://static.dudeiwantthat.com/img/food/candy/ghost-pepper-super-hot-candy-balls-2503.jpg
000555.jpg,https://cdn.cnn.com/cnnnext/dam/assets/150804122715-chili-peppers-super-tease.jpg
000556.jpg,https://cdn.shopify.com/s/files/1/1698/1675/products/Pepper_Hot_Super_Chili_Hybrid.jpg
000557.jpg,https://viridishortus.co.uk/WebRoot/Store10/Shops/70aa2b8f-78d4-4174-8951-a251ae9a4f33/5528/F102/5D05/2443/3A5E/0A48/3523/F9CF/Fresno_Super-Hot_Chili_Pepper_2.jpg
000558.jpg,https://i.ebayimg.com/images/g/kXIAAOSwEJ1cKkPH/s-l720.jpg
000559.jpg,http://all-americaselections.org/wp-content/uploads/2016/10/PepperSuperChili.120-500x500.jpg
000560.jpg,https://cdn.trueleafmarket.com/products/seeds/pepper-hot-super-chili/pepper-hot-super-chili-seed-wm.jpg
000561.jpg,https://cathytesta.files.wordpress.com/2011/04/pepper-portulaca-e1303400219216.jpg
000562.jpg,https://bonnieplants.com/wp-content/uploads/pequin-chili-pepper-iStock.jpg
000563.jpg,https://www.chilipeppermadness.com/wp-content/uploads/2018/09/Homemade-Cayenne-Powder-Recipe1.jpg
000564.jpg,https://bloominthyme.files.wordpress.com/2010/07/crushed-red-pepper.jpg
000565.jpg,https://www.jimmyinthegarden.com/wp-content/uploads/2017/04/Growing-Carolina-Reaper-Super-Hot-Chili-Pepper-Indoors.jpg
000566.jpg,http://www.burn-blog.com/wp-content/uploads/2012/03/King-Naga-Chili-Pepper.jpg
000567.jpg,http://www.natures-health-foods.com/images/chili-pepper.jpg
000568.jpg,http://i.ebayimg.com/images/i/391104030437-0-1/s-l1000.jpg
000569.jpg,https://thumbs.dreamstime.com/z/chili-pepper-super-red-hot-36344176.jpg
000570.jpg,http://n7.alamy.com/zooms/a8121dfdc8d4462d81a5558674fb0b03/a-sliced-super-hot-ghost-chili-pepper-on-a-wooden-cutting-board-f7fhd2.jpg
000571.jpg,https://i.pinimg.com/originals/03/b9/64/03b9649fa4609dcab34de5c733dcb131.jpg
000572.jpg,http://www.billboard.com/files/media/bruno-mars-red-hot-chili-peppers-super-bowl-650.jpg
000573.jpg,http://g02.a.alicdn.com/kf/HTB1DvE4QpXXXXbuXVXXq6xXFXXXX/BELLFARM-Rare-Super-Black-Hot-Chili-Pepper-font-b-Seeds-b-font-30-font-b-Seeds.jpg
000574.jpg,https://i.ebayimg.com/images/i/171738905219-0-1/s-l1000.jpg
000575.jpg,https://static.vecteezy.com/system/resources/previews/000/094/475/non_2x/super-hot-chili-pepper-vectors.jpg
000576.jpg,https://c8.alamy.com/comp/F7FHD3/a-sliced-super-hot-ghost-chili-on-a-wooden-cutting-board-F7FHD3.jpg
000577.jpg,https://s-media-cache-ak0.pinimg.com/736x/c1/bb/e1/c1bbe1fb62ee404f0548dcd942040cb6.jpg
000578.jpg,https://thumbs.dreamstime.com/z/extremely-red-hot-chili-pepper-super-chilli-paprika-39404481.jpg
000579.jpg,http://www.prestoimages.net/store20/rd2772/2772_pd2102803_1.jpg
000580.jpg,http://cuisineclipart.com/1024/cuisine-clipart-of-a-proud-chili-pepper-mascot-cartoon-character-dressed-as-a-super-heroproud-chili-pepper-mascot-cartoon-character-dressed-as-a-super-hero-by-toons4biz-1019.jpg
000581.jpg,http://instudio.mabangapp.com/img/018/JS0349/JS0349g08.jpg
000582.jpg,https://thumbs.dreamstime.com/z/red-devious-extremely-hot-cartoon-chili-pepper-character-fire-mexican-smiling-chilli-exploding-making-super-strong-57479260.jpg
000583.jpg,http://www.dishingitupwithlisa.com/wp-content/uploads/2015/02/tricolorpeppers1.jpg
000584.jpg,https://www.chilipeppermadness.com/wp-content/uploads/2018/03/Fresh-Tomato-Mango-Gazpacho-Recipe2.jpg
000585.jpg,https://www.chilipeppermadness.com/wp-content/uploads/2018/03/Fresh-Tomato-Mango-Gazpacho-Recipe3.jpg
000586.jpg,http://heavenlysavings.net/wp-content/uploads/2013/02/018done1.jpg
000587.jpg,http://bloominthyme.files.wordpress.com/2010/07/lay-out-chilis-e1279161483388.jpg
000588.jpg,http://www.dishingitupwithlisa.com/wp-content/uploads/2015/02/turkeychili1.jpg
000589.jpg,https://images6.qualitylogoproducts.com/stress-balls/chili-pepper-squeezie-superextralarge.jpg
000590.jpg,https://bloominthyme.files.wordpress.com/2010/07/lay-out-chilis.jpg
000591.jpg,https://www.chilipeppermadness.com/wp-content/uploads/2018/03/Fresh-Tomato-Mango-Gazpacho-Recipe4.jpg
000592.jpg,http://www.dishingitupwithlisa.com/wp-content/uploads/2015/02/tricolorpeppers2.jpg
000593.jpg,http://4.bp.blogspot.com/-597TlyfcAZA/Vp-b9L8uywI/AAAAAAAAA3I/4OR2ud7LiQg/s1600/2016-01-15%2B20.09.52.jpg
000594.jpg,https://geosociety.files.wordpress.com/2013/08/dsc01153-super-hot-sichuan-chili-peppers-used-in-hot-pot.jpg
000595.jpg,https://i.pinimg.com/originals/16/c2/22/16c222cddbab83f77350e41d94f20409.jpg
000596.jpg,http://i.ebayimg.com/images/i/272288862392-0-1/s-l1000.jpg
000597.jpg,http://static1.businessinsider.com/image/52f17f6d6da8112e06bba6c2/red-hot-chili-peppers-respond-to-reports-they-faked-their-super-bowl-performance.jpg
000598.jpg,https://myfoodclipart.com/1024/food-clip-art-of-a-proud-hot-chili-pepper-mascot-cartoon-character-dressed-as-a-super-hero-by-toons4biz-1331.jpg
000599.jpg,http://cdn.shopify.com/s/files/1/2086/9019/products/Fun_Chili_Pepper_3_600x.jpg
000600.jpg,http://rsc2.saatscommerce.com/img56c27f239fbec_l.jpg
000601.jpg,https://thumbs.dreamstime.com/z/extremely-hot-red-chili-pepper-fire-38315669.jpg
000602.jpg,https://images.clipartof.com/small/6861-Clipart-Picture-Of-A-Chili-Pepper-Mascot-Cartoon-Character-Dressed-As-A-Super-Hero.jpg
000603.jpg,http://imguol.com/c/esporte/2014/02/04/musicos-do-red-hot-chili-peppers-fazem-performance-durante-o-super-bowl-1391516706492_1920x1080.jpg
000604.jpg,http://i.ebayimg.com/images/i/112061350861-0-1/s-l1000.jpg
000605.jpg,http://rsc2.saatscommerce.com/img56c27f246c2ca_l.jpg
000606.jpg,http://static5.businessinsider.com/image/52eefa35eab8eada4393cffd/bruno-mars-and-the-red-hot-chili-peppers-take-over-super-bowl-halftime-show.jpg
000607.jpg,http://stocktoons.com/1024/stock-cartoon-of-a-chili-pepper-mascot-cartoon-character-dressed-as-a-super-hero-with-blue-mask-and-cape-by-toons4biz-5618.jpg
000608.jpg,http://epicclipart.com/1024/vector-clip-art-of-a-red-chili-pepper-mascot-cartoon-character-dressed-as-a-super-hero-by-toons4biz-430.jpg
000609.jpg,https://townsquare.media/site/366/files/2019/10/flea-wedding-photos-2019-red-hot-chili-peppers.jpg
000610.jpg,http://www.denimblog.com/wp-content/uploads/2012/09/Alessandra-Ambrosio-Henry-Belle-Super-Skinny-Chili-Pepper-1.jpg
000611.jpg,https://pearldrum.com/common/assets/images/artists/main/NFL%20KIT%20(2%20of%2012)%20copy.jpg
000612.jpg,https://i.pinimg.com/736x/22/2c/38/222c38b53a3885b62ccbc329bfae9130--ghost-pepper-sauce-ghost-peppers.jpg
000613.jpg,https://c8.alamy.com/comp/DN7N68/chili-peppers-hot-and-spicy-food-icons-set-DN7N68.jpg
000614.jpg,https://s-media-cache-ak0.pinimg.com/736x/67/44/fd/6744fd8423a4bd26a294dc805b5cd6e4.jpg
000615.jpg,http://cdn.shopify.com/s/files/1/0561/3553/products/nutrition_e5c80fee-e87f-46ce-b987-6e62146b3940.jpg
000616.jpg,https://www.superhotchiles.com/wp-content/uploads/2019/09/ChilesPrimoXBOC15-2019-600x450.jpg
000617.jpg,https://www.pepperscale.com/wp-content/uploads/2017/06/Komodo-Dragon-Pepper-4.jpg
000618.jpg,http://images.clipartof.com/Clipart-Picture-Of-A-Chili-Pepper-Mascot-Cartoon-Character-Dressed-As-A-Super-Hero-10246861.jpg
000619.jpg,http://g02.a.alicdn.com/kf/HTB1FVVIPFXXXXXkaXXXq6xXFXXX7/BELLFARM-Jiao-Ao-F1-font-b-Green-b-font-Super-font-b-Long-b-font-Line.jpg
000620.jpg,http://www.topinspired.com/wp-content/uploads/2015/07/tophow_to_make_pickled_peppers.jpg
000621.jpg,https://s-media-cache-ak0.pinimg.com/736x/c5/a6/3d/c5a63d1d32e9ef7843c693127040909d.jpg
000622.jpg,https://s-media-cache-ak0.pinimg.com/736x/bf/5b/af/bf5baf0532cadd94de480c5a6807ed19.jpg
000623.jpg,https://www.diannesvegankitchen.com/wp-content/uploads/2019/09/Two-bowls-of-chili.jpg
000624.jpg,https://mx.hola.com/imagenes/actualidad/20191023152356/flea-red-hot-chili-peppers-boda-melody-ehsani/0-737-214/flea-gtres-z.jpg
000625.jpg,http://www.supercoloring.com/wp-content/uploads/original/2013_05/chili-pepper-coloring-page.jpg
000626.jpg,http://static.supersklep.pl/239783/869014/m/plecak-vans-old-skool-ii-chili-pepper.jpg
000627.jpg,https://nancycreative.files.wordpress.com/2019/10/three-can-chili-40-nancyc.jpg
000628.jpg,https://static.super-shop.com/240808/875057/l/puma-shoes-clyde-normcore-chili-pepper-chili-pepper.jpg
000629.jpg,https://www.theendlessmeal.com/wp-content/uploads/2019/10/Chili-Lime-Shrimp-3.jpg
000630.jpg,https://sweetnsassyeats.com/wp-content/uploads/2019/10/Award-Winning-Chili-process-web-3-1024x1024.jpg
000631.jpg,https://sweetnsassyeats.com/wp-content/uploads/2019/10/Award-Winning-Chili-process-web-4-1024x1024.jpg
000632.jpg,http://www.supercoloring.com/wp-content/uploads/original/2013_05/chile-pepper-coloring-page.jpg
000633.jpg,http://www.supercoloring.com/sites/default/files/styles/coloring_full/public/cif/2013/05/chilli-pepper-coloring-page.jpg
000634.jpg,https://www.diannesvegankitchen.com/wp-content/uploads/2019/09/White-Chili-close-up.jpg
000635.jpg,http://www.fruitlovers.com/Gallery1/HawaiianChilli.jpg
000636.jpg,http://news.sagacom.com/wp-content/blogs.dir/3/files/2014/02/AP65652266356.jpg
000637.jpg,http://cdn03.cdn.justjared.com/wp-content/uploads/2014/02/mars-halftime/bruno-mars-super-bowl-halftime-show-2014-video-watch-now-05.jpg
000638.jpg,http://cuisineclipart.com/1024/cuisine-clipart-of-a-cute-chili-pepper-mascot-cartoon-character-holding-a-stop-signcute-chili-pepper-mascot-cartoon-character-holding-a-stop-sign-by-toons4biz-1018.jpg
000639.jpg,https://static.super-shop.com/248463/912099/m/vans-shoes-chima-ferguson-pro-black-white-chili-pepper.jpg
000640.jpg,http://cuisineclipart.com/1024/cuisine-clipart-of-a-red-chili-pepper-mascot-cartoon-character-reclined-with-his-head-on-his-hand-by-toons4biz-1012.jpg
000641.jpg,http://cdn-s3.si.com/s3fs-public/images/2014-Super-Bowl-XLVIII-Bruno-Mars-Red-Hot-Chili-Peppers.jpg
000642.jpg,http://cdn03.cdn.justjared.com/wp-content/uploads/2014/02/mars-halftime2/bruno-mars-super-bowl-halftime-show-2014-video-watch-now-03.jpg
