image,source
000001.jpg,https://images-na.ssl-images-amazon.com/images/I/81gqww-ng7L._SX425_.jpg
000002.jpg,https://www.pepperscale.com/wp-content/uploads/2017/04/Tangerine-Dream-Pepper-768x529.jpg
000003.jpg,https://edge.bonnieplants.com/www/uploads/20180920002200/tangerine-dream-sweet-pepper.jpg
000004.jpg,https://images.homedepot-static.com/productImages/d90cd4c3-d1fc-4913-b57f-120fcaf2952b/svn/burpee-vegetable-herb-seeds-66438-64_300.jpg
000005.jpg,https://www.superhotchiles.com/wp-content/uploads/2018/11/ChilesTangerineDream9-2018-1.jpg
000006.jpg,https://cdn.manomano.com/vegetable-pepper-sweet-sweet-tangerine-dream-P-1528882-3627684_1.jpg
000007.jpg,https://www.chilipeppermadness.com/wp-content/uploads/2018/03/f14a855e71266fce000280ce97ff2b84.jpg
000008.jpg,https://www.chilipeppermadness.com/wp-content/uploads/2018/03/Tangerine-Dream-Chili-Pepper2.jpg
000009.jpg,http://www.specialtyproduce.com/sppics/16329.png
000010.jpg,https://www.ballseed.com/dispthumb.aspx?imgsize=Display&imageid=158193
000011.jpg,https://www.otterfarm.co.uk/wp-content/uploads/2013/04/apricotchilli.jpg
000012.jpg,https://c1.neweggimages.com/ProductImage/A93A_1_201904096209846.jpg
000013.jpg,https://www.burpee.com/dw/image/v2/ABAQ_PRD/on/demandware.static/-/Sites-masterCatalog_Burpee/default/dwa2c5824f/Images/Product%20Images/prod22487/prod22487_alt1.jpg?sw=322&sh=380&sm=fit
000014.jpg,https://i.ebayimg.com/images/g/IZ4AAOSwd5xcnLpE/s-l300.jpg
000015.jpg,https://www.gardencentrekoeman.co.uk/db/products/141906353714183289570696.jpg
000016.jpg,https://i0.wp.com/foodiegardener.com/wp-content/uploads/2014/04/Tangerine-Dream-orang-pepper-by-burpee-home-gardens-foodie-gardener.jpg?ssl=1
000017.jpg,https://i.ytimg.com/vi/6EZvcJhl26A/maxresdefault.jpg
000018.jpg,https://edge.bonnieplants.com/www/uploads/20180920002204/lemon-dream-sweet-pepper.jpg
000019.jpg,https://pics.davesgarden.com/pics/2009/03/18/DaylilySLP/1c7bd8.jpg
000020.jpg,http://cottagefarmsdirect.com/CFDImages/ProductImages/CategoryThumb/Main1-CFD14279%20Pepper%20Tangerine%20Dream%20Plant.jpg
000021.jpg,https://www.seaspringseeds.co.uk/images/stories/virtuemart/product/Tangerine_Dream_5092c018e971e.jpg
000022.jpg,https://kcdgarden.com/varieties/383/IMG-0321.JPG?width=730&height=500&mode=crop&format=jpg&quality=65
000023.jpg,https://www.marshalls-seeds.co.uk/images/products/product_11599.jpg
000024.jpg,https://www.pepperscale.com/wp-content/uploads/2015/11/Medusa-Pepper-1-e1456719037887.jpeg
000025.jpg,https://i.redd.it/4lxgzeaqc0l31.jpg
000026.jpg,https://i.ytimg.com/vi/Rr57p30IOPA/maxresdefault.jpg
000027.jpg,https://c1.neweggimages.com/ProductImage/A93A_1_201903281554635645.jpg
000028.jpg,https://edge.bonnieplants.com/www/uploads/20180920004009/sandia-hot-pepper-480x360.jpg
000029.jpg,https://i.ytimg.com/vi/gvBdH3TfD28/hqdefault.jpg
000030.jpg,http://thehotpepper.com/uploads/monthly_07_2019/post-15261-0-45973700-1561983275.jpg
000031.jpg,https://chilli-seedz.com/wp-content/uploads/2017/10/Tangerine-Dream-4-Small-900x900.jpg
000032.jpg,https://upload.wikimedia.org/wikipedia/commons/c/c6/Piment_fort.jpg
000033.jpg,http://1.bp.blogspot.com/-73jwIePOxLI/UAsY71jZHhI/AAAAAAAACpY/4T7i_rQGguY/s1600/DSC04506.JPG
000034.jpg,https://s3-us-west-2.amazonaws.com/hobbyfarms.com/wp-content/uploads/2018/04/10205620/peppers-for-patio-pots-600x347.jpg
000035.jpg,https://www.pepperscale.com/wp-content/uploads/2016/06/prairie-fire-pepper-768x638.jpg
000036.jpg,https://davesgarden.com/guides/pf/thumbnail.php?image=2008/11/23/DaylilySLP/1c092f.jpg&widht=700&height=312
000037.jpg,https://www.superhotchiles.com/wp-content/uploads/2018/04/Peperoni-di-Senise-Pepper-Plants-300x225.jpg
000038.jpg,https://edge.bonnieplants.com/www/uploads/20180920003950/tabasco-hot-pepper-480x360.jpg
000039.jpg,https://dynamicmedia.zuza.com/zz/m/original_/b/8/b8e3e4c9-f1a9-41d4-92c1-7c847ffd0f49/da266cd84ba0b52770688793326b_Gallery.jpg
000040.jpg,https://www.burpee.com/dw/image/v2/ABAQ_PRD/on/demandware.static/-/Sites-masterCatalog_Burpee/default/dw4cdaa299/Images/Product%20Images/prod000838/prod000838_alt5.jpg?sw=320&sh=378&sm=fit
000041.jpg,http://ideas.oggardenonline.com/thumbnail/no/2018-vegetables/tangerine-dream-sweet-snacking-pepper.jpg
000042.jpg,https://t7-live-fsmn.nyc3.cdn.digitaloceanspaces.com/friendsschoolplantsale.com/files/styles/square_480/public/images/variety/V-Pepper-Habanada-BC.jpg?itok=o9JBBooh
000043.jpg,https://i.ytimg.com/vi/EiuLY8trX00/maxresdefault.jpg
000044.jpg,https://edge.bonnieplants.com/www/uploads/20180920004013/pimiento-pepper.jpg
000045.jpg,https://farm4.staticflickr.com/3747/19464799513_028570f09f_b.jpg
000046.jpg,https://www.seedo.nl/images/Paprika%20Tangerine%20Dream.jpg
000047.jpg,http://3.bp.blogspot.com/-xzeuGWyjFJ8/UAsXmQ-r6DI/AAAAAAAACpM/tx92yIRzLT4/s1600/DSC04507.JPG
000048.jpg,https://www.superhotchiles.com/wp-content/uploads/2018/04/Sweet-Jalapeno-Pepper-Plants-300x225.jpg
000049.jpg,https://localgardener.org/wp-content/uploads/2019/03/PK2740M-Tangerine-Dream-e1551988115552-300x223.jpg
000050.jpg,https://whiteonricecouple.com/recipe/images/Goats-weed-Black-cobra-pepper-3.jpg
000051.jpg,http://semiramisgardens.ru/upload/iblock/a37/a37c0113ca2017cee92efaad8008e664.jpg
000052.jpg,https://www.unwins.co.uk/images/products/product_11969_3_large.jpg
000053.jpg,https://www.gannett-cdn.com/-mm-/c553d980ebc7382824e5a7e1c7d42fd766e3a89a/c=0-1332-2832-2925/local/-/media/Indianapolis/2014/10/20/sweetheatpepperburpee.jpg?width=3200&height=1680&fit=crop
000054.jpg,https://s3.eu-west-2.amazonaws.com/growinginteractive/blog/ripe-peppers-2x.jpg
000055.jpg,https://scontent-lax3-2.cdninstagram.com/vp/48422b8fb474437313d43447007c8a55/5DB18D57/t51.2885-15/sh0.08/e35/s640x640/67054483_569591293580221_1647950798064898481_n.jpg?_nc_ht=scontent-lax3-2.cdninstagram.com
000056.jpg,https://upload.wikimedia.org/wikipedia/commons/d/db/Capsicum_annuum_Tangerine_Dream_4zz.jpg
000057.jpg,https://cdn3.labonnegraine.com/3976-large_default/tangerine-dream.jpg
000058.jpg,https://www.meijer.com/content/dam/meijer/product/0071/53/3972/40/0071533972402_0_A1C1_1200.png
000059.jpg,https://www.superhotchiles.com/wp-content/uploads/2018/04/ChilesVicentesSweetHabanero3-2018-300x225.jpg
000060.jpg,https://upload.wikimedia.org/wikipedia/commons/thumb/6/67/Capsicum_annuum_Tangerine_Dream_2zz.jpg/1024px-Capsicum_annuum_Tangerine_Dream_2zz.jpg
000061.jpg,https://external-preview.redd.it/spO6bGpc_1BYQA4GUlDz9eikUqhuLM9Zcrg52EJp9QI.jpg?width=640&crop=smart&auto=webp&s=bf690969d810159402c4d3152e44c36bcefce0af
000062.jpg,https://www.burpeeeurope.com/images/shop/more/249x250_1553704041PEPPERHungarianBlack.jpg
000063.jpg,http://www.specialtyproduce.com/sppics/5359.png
000064.jpg,https://www.chilipeppermadness.com/wp-content/uploads/2019/09/Temp-Pepper-Types.jpg
000065.jpg,https://t7-live-fsmn.nyc3.cdn.digitaloceanspaces.com/friendsschoolplantsale.com/files/images/variety/v-pepper-thaiyellowchili-bakercreek.jpg
000066.jpg,http://i445.photobucket.com/albums/qq173/ArmadilloLC/IMG_9361.jpg
000067.jpg,https://edge.bonnieplants.com/www/uploads/20180920003951/mexibell-pepper-480x360.jpg
000068.jpg,https://www.seedo.nl/images/Tomaat%20Rio%20Grando%20fr.jpg
000069.jpg,https://scontent-cdt1-1.cdninstagram.com/vp/a983826fa9dd285db8f82dc45f4873d3/5DCB3AA3/t51.2885-15/e35/c0.180.1440.1440a/s320x320/66911243_136832910856753_7898655569860546650_n.jpg?_nc_ht=scontent-cdt1-1.cdninstagram.com
000070.jpg,https://lastfm-img2.akamaized.net/i/u/300x300/ce67867bdc264af2a4b425ef0a8b228b.jpg
000071.jpg,https://thecynicalgardener.files.wordpress.com/2018/06/07-dsc_0024.jpg
000072.jpg,https://scontent-cdt1-1.cdninstagram.com/vp/ce67a22aad934582ad19756df248fc26/5DD3F02E/t51.2885-15/e35/s1080x1080/66498047_486879515212051_2095545186721864976_n.jpg?_nc_ht=scontent-cdt1-1.cdninstagram.com&ig_cache_key=MjA5OTgwNTMzNDA3NTA1MDEwOA%3D%3D.2
000073.jpg,https://s3.eu-west-2.amazonaws.com/growinginteractive/blog/peppers-2x.jpg
000074.jpg,https://dogwooddays.files.wordpress.com/2018/05/pepper-lemon-dream-sarah-cuttle-rhs.jpg?w=620
000075.jpg,https://www.unwins.co.uk/images/products/product_11970_2_1_large.jpg
000076.jpg,https://files.greenhousegrower.com/greenhousegrow/wp-content/uploads/2016/09/Tangerine-Dream-feature1.jpg
000077.jpg,https://www.chilipeppermadness.com/wp-content/uploads/2013/09/Birds-Eye-Peppers.jpg
000078.jpg,https://www.pepperscale.com/wp-content/uploads/2015/11/super-chili-pepper_2-e1456720037603.jpeg
000079.jpg,http://weknowyourdreams.com/images/pepper/pepper-08.jpg
000080.jpg,http://farmfreshselects.com/wp-content/uploads/2015/03/Capsiucum-annuum-Sweet-Banana2-258x275.jpg
000081.jpg,https://dogwooddays.files.wordpress.com/2019/07/dsc_0058-2.jpg?w=1108
000082.jpg,https://i.imgur.com/KYJszHO.jpg
000083.jpg,https://thumbs.dreamstime.com/z/cultivation-sweet-pepper-drip-irrigation-growing-sweet-pepper-organic-soil-using-drip-irrigation-132874766.jpg
000084.jpg,https://edge.bonnieplants.com/www/uploads/20180920004003/sweet-banana-pepper-480x360.jpg
000085.jpg,https://3.bp.blogspot.com/-2V0soqJYBsA/UCajq550PXI/AAAAAAAAEIQ/AZEtNSh9KEM/s1600/DSC_0025.JPG
000086.jpg,https://www.burpeeeurope.com/images/shop/more/250x250_1553702525HotPepperOrangePepperonchini.jpg
000087.jpg,https://portalvhds26k4f5tktj3ck.blob.core.windows.net/spotpics/sp43314.jpg
000088.jpg,https://viridishortus.co.uk/WebRoot/Store10/Shops/70aa2b8f-78d4-4174-8951-a251ae9a4f33/5528/F107/E93A/437A/8349/0A48/3523/F969/marconi_red_3_m.jpg
000089.jpg,https://www.seaspringseeds.co.uk/images/stories/virtuemart/product/Sivri_Biber_528db01601759.jpg
000090.jpg,https://images.homedepot-static.com/productImages/3c0f6609-358a-4208-92d8-e290182b6726/svn/ferry-morse-vegetable-herb-seeds-4110-64_400.jpg
000091.jpg,https://t7-live-fsmn.nyc3.cdn.digitaloceanspaces.com/friendsschoolplantsale.com/files/images/variety/v-pepper-hot-jalapeno-gr.jpg
000092.jpg,https://smallfarms.cornell.edu/wp-content/uploads/2015/03/Habanada-The-Unmasked-Habanero3-1oo1rxd.jpg
000093.jpg,https://www.chilipeppermadness.com/wp-content/uploads/2019/09/Sonoran-Peppers.jpg
000094.jpg,https://growdiaries.s3-accelerate.amazonaws.com/static/post/photo/5539/411105_tangerine-dream-auto-space-bucketbarneys-farmtangerine-dream-auto_xl.jpg
000095.jpg,https://www.pepperscale.com/wp-content/uploads/2017/08/rooster-spur-pepper.jpg
000096.jpg,http://weknowyourdreams.com/images/pepper/pepper-09.jpg
000097.jpg,https://www.burpeeeurope.com/images/shop/more/250x249_1553705885SweetPepperBellrouge.jpg
000098.jpg,https://i.imgur.com/CsOoDQK.jpg
000099.jpg,https://www.wildgardenseed.com/images/thumbs/KarmaPepper.jpg
000100.jpg,https://www.seedo.nl/images/Tomaat%20Super%20Roma%20VF.jpg
000101.jpg,https://farm4.static.flickr.com/3143/2932928396_814df3e6ff_b.jpg
000102.jpg,http://cdn.shopify.com/s/files/1/0062/8532/8445/products/black-pepper1-400_grande.jpg?v=1547660920
000103.jpg,https://i.redd.it/fz7kwtsaquf21.jpg
000104.jpg,https://1.bp.blogspot.com/-o98QyVAP0c0/WAopRFbbgHI/AAAAAAAAG30/DdE_p4SZqjIwTi67hRDh0idr4zddeaGvACLcB/s1600/DSC_0582.JPG
000105.jpg,https://scontent-mia3-1.cdninstagram.com/vp/648b3b52ded93540196aec12c62944ca/5E0BC928/t51.2885-15/e35/69456088_205560147107070_7883712141798955812_n.jpg?_nc_ht=scontent-mia3-1.cdninstagram.com&se=7&ig_cache_key=MjEyNjMyMjkzMDAyNjgwMzUyNw%3D%3D.2
000106.jpg,https://t7-live-fsmn.nyc3.cdn.digitaloceanspaces.com/friendsschoolplantsale.com/files/images/variety/V-Pepper-Pequin-wikipedia-Sjalex76.jpg
000107.jpg,http://www.cottagefarmsdirect.com/CFDImages/ProductImages/AsShipped-CFD14279%20Pepper%20Tangerine%20Dream%20Plant.jpg
000108.jpg,https://scontent-lhr3-1.cdninstagram.com/v/t51.2885-15/e35/66410697_103133190985153_4772920542042076914_n.jpg?_nc_ht=scontent-lhr3-1.cdninstagram.com&_nc_cat=101&se=7&oh=07d0b53d669245301d5fb0cb7d40b020&oe=5E13BDF7&ig_cache_key=MjExMTE0NTMwMDA4ODUyOTA1OA%3D%3D.2
000109.jpg,https://images.prod.meredith.com/product/108f011d3fa5b093cdb199201f93d05d/1516259042173/l/burpee-long-tall-sally-sweet-pepper-seeds-25-seeds
000110.jpg,https://i.guim.co.uk/img/media/89a6cb1188d1998d091707d2a600d5784f24222b/0_143_5472_3283/master/5472.jpg?width=1200&height=630&quality=85&auto=format&fit=crop&overlay-align=bottom%2Cleft&overlay-width=100p&overlay-base64=L2ltZy9zdGF0aWMvb3ZlcmxheXMvdG8tZGVmYXVsdC5wbmc&s=ab4452cfb2722b2c481f0be6dd45f48b
000111.jpg,https://edge.bonnieplants.com/www/uploads/20180920002209/lunchbox-red-pepper.jpg
000112.jpg,https://www.chilipeppermadness.com/wp-content/uploads/2013/09/Pequin-Peppers.jpg
000113.jpg,https://photo.foodgawker.com/wp-content/uploads/2015/09/2394443.jpg
000114.jpg,https://www.marshalls-seeds.co.uk/images/products/product_3659.jpg
000115.jpg,https://www.burpeeeurope.com/images/shop/more/250x240_1497263317ChiangRaiHotPepper.jpg
000116.jpg,https://q7i2y6d5.stackpathcdn.com/wp-content/uploads/2010/08/yellow-pepper-leaves.png
000117.jpg,https://cdn.apartmenttherapy.info/image/fetch/f_jpg,q_auto:eco,c_fill,g_auto,w_1500,ar_1:1/https%3A%2F%2Fstorage.googleapis.com%2Fgen-atmedia%2F2%2F2015%2F05%2F983c8e06be13e68bb250541c92df880d63a1f3eb.jpeg
000118.jpg,https://www.gardeningwithangus.com.au/wp-content/uploads/2017/01/callistemon-wollumbin_bottlebrush_tangerine-dream-1.jpg
000119.jpg,https://www.sunset.com/wp-content/uploads/fcc92be5c84a2242ceb79d7c0022106c-694x463-c-default.jpg
000120.jpg,http://www.specialtyproduce.com/sppics/15158.png
000121.jpg,https://static.easyhydro.co.uk/wp-content/uploads/2019/01/Bulg-carrot-300x300.jpg
000122.jpg,https://d2h1pu99sxkfvn.cloudfront.net/b0/2304489/466860067_6EhQ95ZCbf/P6.jpg
000123.jpg,http://freestockphotostore.com/Peppers-05-(d254-24)-Peppers.jpg
000124.jpg,https://scontent-lga3-1.cdninstagram.com/vp/d381311f54d05cf15d8c62b17a339cc4/5DE71096/t51.2885-15/sh0.08/e35/s640x640/65953503_1318958318280175_139695374795277884_n.jpg?_nc_ht=scontent-lga3-1.cdninstagram.com
000125.jpg,https://image.slidesharecdn.com/2015ngbyearofsweetpepper-141008144648-conversion-gate02/95/2015-national-garden-bureaus-year-of-the-sweet-pepper-65-638.jpg?cb=1412779731
000126.jpg,https://images.homedepot-static.com/productImages/ae759710-4640-427c-9f2a-555137683524/svn/ferry-morse-vegetable-herb-seeds-2050-64_1000.jpg
000127.jpg,https://www.wildgardenseed.com/images/thumbs/Stoplight_Bell_Mix_Pepper.jpg
000128.jpg,https://www.zingermansroadhouse.com/app/uploads/2018/10/7FFB1775-84AC-475C-A311-E202FBF49683.jpg
000129.jpg,https://weedadvisor.com/wp-content/uploads/2018/09/Tangerine-Dream.jpg
000130.jpg,https://i1.wp.com/www.dreaminterpretation.co/wp-content/uploads/dream-interpretation-pepper_1200x0.jpg?resize=350%2C200&ssl=1
000131.jpg,https://q7i2y6d5.stackpathcdn.com/wp-content/uploads/2012/10/bacterial-leaf-spot-on-peppers-400x270.jpg
000132.jpg,http://mijngroentje.nl/wp-content/uploads/2019/09/peper-tangerine.jpg
000133.jpg,https://s3-us-west-2.amazonaws.com/hobbyfarms.com/wp-content/uploads/2017/11/16151051/storing-garden-containers-for-winter.jpeg
000134.jpg,https://whiteonricecouple.com/recipe/images/tangerine-varieties-1.jpg
000135.jpg,https://b-and-t-world-seeds.com/images/82859.jpg
000136.jpg,https://www.gardeningwithangus.com.au/wp-content/uploads/2017/01/callistemon-wollumbin_bottlebrush_tangerine-dream-2.jpg
000137.jpg,https://growdiaries.s3-accelerate.amazonaws.com/static/post/photo/13319/533563_tangerinebarneys-farmtangerine-dream-auto.jpg
000138.jpg,https://www.seaspringseeds.co.uk/images/stories/virtuemart/product/All_vegetable_ty_50a4b54430693.jpg
000139.jpg,https://pbs.twimg.com/media/CE7fP2ZWMAATKW4.jpg
000140.jpg,https://edge.bonnieplants.com/www/uploads/20180920004027/big-bertha-bell-pepper-480x360.jpg
000141.jpg,http://www.lpdb.ca/wp-content/uploads/2018/12/kiio1wx0lc121_crop.jpg
000142.jpg,https://images.prod.meredith.com/product/3eb7e7d82a371dc623fbd6c57b8e16f1/1564049017994/l/burpee-sweet-pepper-big-red-seeds-75-days-till-harvest-by-burpee-seeds
000143.jpg,https://dogwooddays.files.wordpress.com/2018/05/tomato-shimmer-burpee.jpg?w=343&h=347
000144.jpg,http://i445.photobucket.com/albums/qq173/ArmadilloLC/IMG_9267.jpg
000145.jpg,http://freestockphotostore.com/Peppers-01-(d1268-1)-Pepper%20Jack%20ornamental%20peppers.jpg
000146.jpg,https://pwfourstar.com/photo-gallery/growers/new-plants-2020/Capsicum-Fire-Away-Hot-and-Heavy-SM.jpg
000147.jpg,https://www.autoflower.net/forums/attachments/tc8c8061-jpg.1054181/
000148.jpg,https://www.marshalls-seeds.co.uk/images/products/product_2541.JPG
000149.jpg,https://imgproxy.sunset02.com/0vw1ck0rG3FRCseOxh5GSwBnRZesrXjY8aKUOWaR2tM/rt:fit/w:800/h:450/plain/https://img.sunset02.com/sites/default/files/styles/4_3_horizontal_inbody_900x506/public/image/2016/08/main/edibles-peppers.jpg
000150.jpg,http://www.specialtyproduce.com/sppics/7021.png
000151.jpg,https://www.chilipeppermadness.com/wp-content/uploads/2013/09/Espanola-Pepper.jpg
000152.jpg,https://thumbs.dreamstime.com/z/vivid-colour-red-green-orange-jelly-oranges-peel-full-frame-macro-background-bright-natural-light-vivid-colour-red-green-116254387.jpg
000153.jpg,https://www.maangchi.com/wp-content/uploads/2014/09/green-chili-peppers.jpg
000154.jpg,https://www.gannett-cdn.com/-mm-/39580a828a332cee0cd3add10d4bc2d88b73b240/c=0-303-1630-1224/local/-/media/2017/03/17/WIGroup/GreenBay/636253485844842123-03-20-2017-Salad-greens-in-old-wagon.JPG?width=3200&height=1680&fit=crop
000155.jpg,http://img1.wsimg.com/isteam/ip/353a4258-fc8b-4ab4-b705-f0254780de73/56893d0c-cebd-4ed4-a052-370eb4a1c786.JPG
000156.jpg,https://images.squarespace-cdn.com/content/v1/56fbf41a60b5e910b64e5a83/1462804370177-63GDFQIILRSHP6E638TC/ke17ZwdGBToddI8pDm48kGhQ5IlZ8DaMX0MQERKid2xZw-zPPgdn4jUwVcJE1ZvWEtT5uBSRWt4vQZAgTJucoTqqXjS3CfNDSuuf31e0tVFdglhx3PE-KMQZ4nxlTMbpqv3hDzp176EfxgiecWqZ0emEG6kbT3ipZNNcenn6nhg/image-asset.jpeg
000157.jpg,https://images.homedepot-static.com/productImages/591d90e2-3a88-4114-91f5-e1105799a58e/svn/burpee-vegetable-herb-seeds-50272-64_400.jpg
000158.jpg,https://pbs.twimg.com/media/De3pXf5XkAAgAgF.jpg:large
000159.jpg,https://newhomeeconomics.files.wordpress.com/2018/08/img_6899.jpg?w=611&h=407
000160.jpg,https://spectrumculture.com/wp-content/uploads/2019/07/tangerine.jpg
000161.jpg,https://cdn.shopify.com/s/files/1/1527/8799/products/Echinacea-Tangerine-Dream-PP-21773.i-8878.s-62494.r-1_9a265991-e5be-4c31-8458-0f8e73bada16.jpg?v=1546198357
000162.jpg,http://www.chileunderground.com/wp-content/uploads/2013/05/Cubanelle_thumb.png
000163.jpg,https://i.ytimg.com/vi/nLzeYaViSJI/hqdefault.jpg
000164.jpg,https://www.gannett-cdn.com/-mm-/3ce02554d0efe31c6db2f32fa9a8f90c5f0ee56c/c=2-0-1630-1224/local/-/media/2017/03/17/WIGroup/GreenBay/636253485844842123-03-20-2017-Salad-greens-in-old-wagon.JPG?width=534&height=401&fit=crop
000165.jpg,http://1.bp.blogspot.com/-q8r5R4mE5js/T1AbWGfNabI/AAAAAAAAHQg/3M9p8puXRaM/s1600/CC2+bright+bazaar.png
000166.jpg,https://assets.bonappetit.com/photos/57acbb251b3340441497513b/1:1/w_400%2Cc_limit/grilled-chicken-wings-with-shishito-peppers-and-herbs.jpg
000167.jpg,https://www.planfor.co.uk/Donnees_Site/Produit/Images/9921/pepper-szechuan_UK_500_0019617.jpg
000168.jpg,https://www.dreaminterpretation.co/wp-content/uploads/ruyada-aci-gormek_1200x0-825x510.jpg
000169.jpg,https://i.redd.it/2n0bs40wdanx.jpg
000170.jpg,https://cdn1.feastingnotfasting.com/wp-content/uploads/2015/02/Carrot-Juice-with-Red-Pepper-Orange-and-Lemon-103-640x879.jpg
000171.jpg,http://3.bp.blogspot.com/-LdTegB16V5I/T76AZGvO7EI/AAAAAAAACg8/YEFrrVCUWrc/s1600/DSC04183.JPG
000172.jpg,https://www.pepperscale.com/wp-content/uploads/2016/09/NuMex-Centennial.jpg
000173.jpg,https://www.burpeeeurope.com/images/shop/more/250x240_1529683109SweetPepperConfetti.jpg
000174.jpg,https://img-aws.ehowcdn.com/600x600p/photos.demandstudios.com/getty/article/18/85/78368971_XS.jpg
000175.jpg,https://theviewfromgreatisland.com/wp-content/uploads/2012/11/lemon-jam-8554-December-22-2017.jpg
000176.jpg,https://iafbc.ca/wp-content/uploads/2019/08/IMG_2550-1024x768.jpg
000177.jpg,https://hips.hearstapps.com/del.h-cdn.co/assets/cm/15/11/54fdee9986461-april-golightly-zesty-wine-spritzer-recipe-del0215-s2.jpg
000178.jpg,http://freestockphotostore.com/Peppers-02-(d1267-2)-Lil%E2%80%99%20Pumpkin%20ornamental%20pepper.jpg
000179.jpg,https://t7-live-fsmn.nyc3.cdn.digitaloceanspaces.com/friendsschoolplantsale.com/files/images/variety/v-pepper-sriracha-green-totally-tomato.jpg
000180.jpg,https://la.crescentcrown.com/wp-content/uploads/2019/07/3551-520x451.png
000181.jpg,https://images.squarespace-cdn.com/content/v1/526b23e4e4b0f35a9f01248a/1504402889311-3Y2GC7211LKDWIG55EKF/ke17ZwdGBToddI8pDm48kPguqoWUYtrHsaAoUUrcUCF7gQa3H78H3Y0txjaiv_0fDoOvxcdMmMKkDsyUqMSsMWxHk725yiiHCCLfrh8O1z4YTzHvnKhyp6Da-NYroOW3ZGjoBKy3azqku80C789l0ktJPZ5nzlpAQ9l-HYKRq6UgIupZkHflmCqwP9XDlnh_cSabcs4HVqDnSTfChbnSmw/unnamed.jpg?format=2500w
000182.jpg,https://www.gardeningwithangus.com.au/wp-content/uploads/2017/01/callistemon-wollumbin_bottlebrush_tangerine-dream-3.jpg
000183.jpg,https://www.burpeehomegardensbrand.com/images/blockbuster-plant.jpg
000184.jpg,http://weknowyourdreams.com/images/pepper/pepper-13.jpg
000185.jpg,https://hips.hearstapps.com/clv.h-cdn.co/assets/17/11/1489428019-gettyimages-182051238.jpg
000186.jpg,https://portalvhds26k4f5tktj3ck.blob.core.windows.net/spotpics/sp49214.jpg
000187.jpg,http://thehotpepper.com/uploads/monthly_09_2019/post-15769-0-46500500-1567865893.jpg
000188.jpg,https://4ncpia516q-flywheel.netdna-ssl.com/wp-content/uploads/Peper-Purper-rijpt.jpg
000189.jpg,https://www.udiscovermusic.com/wp-content/uploads/2017/06/Tangerine-Dream-Electronic-Meditation-Album-Cover-web-optimised-820.jpg
000190.jpg,http://farmfreshselects.com/wp-content/uploads/2014/12/Pepper-Intruder.jpg
000191.jpg,https://edge.bonnieplants.com/www/uploads/20180920004021/garden-salsa-hot-pepper.jpg
000192.jpg,https://dogwooddays.files.wordpress.com/2018/05/pepper-afterglow-burpee-2.jpg?w=293&h=382
000193.jpg,https://smallfarms.cornell.edu/wp-content/uploads/2015/03/Habanada-The-Unmasked-Habanero2-22upswn.jpg
000194.jpg,https://thumbs.dreamstime.com/z/yellow-sweet-pepper-white-background-isolated-sweet-pepper-isolated-white-137744150.jpg
000195.jpg,https://i2.wp.com/www.studiomichaelino.com/wp-content/uploads/2016/09/PumpkinPepperStarw.jpg?w=426&h=304&ssl=1
000196.jpg,https://www.chilipeppermadness.com/wp-content/uploads/2017/06/Komodo-Dragon-Peppers.jpg
000197.jpg,https://www.wildgardenseed.com/images/thumbs/GoldenApple_Pepper.jpg
000198.jpg,https://i.ytimg.com/vi/zH0Jztqt5TY/hqdefault.jpg
000199.jpg,https://gelatofestival.cdn.prismic.io/gelatofestival/091830c9528b25e22cf1c46f470f7c29e4f2f87b_jalapenos.jpg
000200.jpg,http://www.chileunderground.com/wp-content/uploads/2013/05/ColoredBells.png
000201.jpg,https://i0.wp.com/chilli-seedz.com/wp-content/uploads/2017/10/Tangerine-Dream-Small-900x900.jpg?w=600
000202.jpg,https://scontent-yyz1-1.cdninstagram.com/vp/ed98b5cf43cb5c4108c6373fe775e7f3/5E061F4B/t51.2885-15/sh0.08/e35/c0.122.980.980a/s640x640/32203136_2093066210969642_7344501080975212544_n.jpg?_nc_ht=scontent-yyz1-1.cdninstagram.com
000203.jpg,https://www.thcfarmer.com/attachments/pc011175-jpg.649420/
000204.jpg,http://cdn.territorialseed.com/images/uploads/715_8562_large.jpg
000205.jpg,https://scontent-lga3-1.cdninstagram.com/vp/d0156ddd36ebd61988d568c69b122c7c/5DC7A2BB/t51.2885-15/e35/66832537_2056105881364646_3514293580944228559_n.jpg?_nc_ht=scontent-lga3-1.cdninstagram.com
000206.jpg,https://www.burpeeeurope.com/images/shop/more/250x240_1497269843PoptiSweetpepper.jpg
000207.jpg,https://i.redd.it/pfk3ystv33321.jpg
000208.jpg,https://www.pepperscale.com/wp-content/uploads/2014/10/hot-pepper-list-768x511.jpeg
000209.jpg,https://eng.generator.pl/img/min/57/715/5715984_insomnia-project-electronic-harmony_500x500_FFFFFF_pad.jpg
000210.jpg,https://991.typepad.com/.a/6a00e5536294b78833019affb50a2e970b-320wi
000211.jpg,https://i2.wp.com/www.dreaminterpretation.co/wp-content/uploads/dream-interpretation-lemon-tree_1200x0.jpg?resize=350%2C200&ssl=1
000212.jpg,https://s3-us-west-2.amazonaws.com/hobbyfarms.com/wp-content/uploads/2018/07/03150900/herbs-sweet-basil-featured-250x250.jpg
000213.jpg,https://hips.hearstapps.com/clv.h-cdn.co/assets/17/10/1489189698-raspberry-shortcake.jpg
000214.jpg,http://4.bp.blogspot.com/-iIrk3SkUhYM/T1AbXkNCRZI/AAAAAAAAHQo/zmhH6kwwdJY/s1600/CC3+bright+bazaar.png
000215.jpg,https://www.thcfarmer.com/attachments/pc011190-jpg.649423/
000216.jpg,https://www.superhotchiles.com/wp-content/uploads/2018/04/Frontera-Sweet-Pepper-Seeds-300x225.jpg
000217.jpg,https://www.seedo.nl/images/Zaai%20Sjalot%20Bonilla%20F1.jpg
000218.jpg,http://farmfreshselects.com/wp-content/uploads/2015/03/Red-Knight-Pepper.jpg
000219.jpg,https://format-com-cld-res.cloudinary.com/image/private/s--zHryI3tQ--/c_limit,g_center,h_65535,w_1600/a_auto,fl_keep_iptc.progressive.apng/v1/67ab094058fb613eada09f1d1746a30a/Screen_Shot_2019-10-01_at_9_33_36_PM.png
000220.jpg,https://recordstoreday.com/Photo/418460431739:360
000221.jpg,https://www.davidvanille.com/1261-thickbox_default/selim-pepper-ivory-coast.jpg
000222.jpg,https://recordstoreday.com/Photo/418460431740:360
000223.jpg,https://mobileimages.lowes.com/product/converted/685229/685229010360.jpg?size=lg
000224.jpg,http://www.specialtyproduce.com/sppics/823.png
000225.jpg,https://render.fineartamerica.com/images/rendered/search/throw-pillow/images-medium-5/tangerine-dream-edit-2-leah-saulnier-the-painting-maniac.jpg?&targetx=-61&targety=0&imagewidth=601&imageheight=479&modelwidth=479&modelheight=479&backgroundcolor=4B4639&orientation=0&producttype=throwpillow-14-14
000226.jpg,https://images.folksy.com/aXRlbXMvOTgzMjQ4LzIwMTkwMjIyLzE3MTI0ODE5NjcyMA-Q-Q-N/main/7243396-Glass-chopping-board-or-worktop-saver-in-vibrant-orange-white-and-grey-0
000227.jpg,http://greensofthestoneage.com/wp-content/uploads/2015/02/paleo-tangerine-dream-truffle-tart-4-940x705.jpg
000228.jpg,https://www.chilipeppermadness.com/wp-content/uploads/2019/05/Anaheim-Peppers.jpg
000229.jpg,https://www.marshalls-seeds.co.uk/images/products/product_11485.jpg
000230.jpg,https://www.premierseedsdirect.com/wp-content/uploads/2018/11/106298296-300x300.jpg
000231.jpg,http://4.bp.blogspot.com/-6hbpX3kOK08/T76DRXm37SI/AAAAAAAACh0/aPnkIC-wrw8/s1600/DSC04193.JPG
000232.jpg,https://thumbs.dreamstime.com/z/salad-arugula-baked-beets-tangerines-salad-arugula-baked-beetroot-tangerine-red-onion-pine-nuts-dish-133284549.jpg
000233.jpg,https://www.420magazine.com/gallery/data/500/IMAG01836.jpg
000234.jpg,https://scontent.cdninstagram.com/vp/4decc1e7050ed518c4b719567b42cb4e/5DCC3B8C/t51.2885-15/e35/s480x480/67114835_148742662886456_6245585152469294825_n.jpg?_nc_ht=scontent-lax3-2.cdninstagram.com
000235.jpg,https://1.bp.blogspot.com/-hvagm8Qjb2Y/UD8xsrfmm3I/AAAAAAAADhE/GS2SGuZhB68/s1600/IMG_3216.JPG
000236.jpg,https://assets.bonappetit.com/photos/57aca727f1c801a1038bc688/1:1/w_400%2Cc_limit/jalapeno-pickled-peppers-3.jpg
000237.jpg,https://www.renaissancefarms.org/wp-content/uploads/2018/10/Aji-Dulce-Pepper-550x550@2x.jpg
000238.jpg,https://scontent-frx5-1.cdninstagram.com/vp/55fed3e55041a5e27fcf66b58ca31be3/5DEAC8B1/t51.2885-15/sh0.08/e35/s640x640/66848753_1227471014089209_7559921482147886456_n.jpg?_nc_ht=scontent-frx5-1.cdninstagram.com
000239.jpg,https://format-com-cld-res.cloudinary.com/image/private/s--Sp_Y5Xj0--/c_limit,g_center,h_65535,w_960/a_auto,fl_keep_iptc.progressive,q_95/v1/0d93409365754fdacfbf93a941f24c47/2019_05_03_SubZero_ChiliPepper_074_3_.jpg
000240.jpg,http://weknowyourdreams.com/images/pepper/pepper-03.jpg
000241.jpg,https://scontent-frx5-1.cdninstagram.com/vp/ba2d9ab9ac3b4e44d6158b75ca60b0c8/5E3BBAD9/t51.2885-15/e35/s1080x1080/70844784_141779520406015_7728770973975706431_n.jpg?_nc_ht=scontent-frx5-1.cdninstagram.com&_nc_cat=107
000242.jpg,https://cdn.shopify.com/s/files/1/0645/7913/products/BlackLabel_2048x.JPG?v=1563168072
000243.jpg,https://t7-live-fsmn.nyc3.cdn.digitaloceanspaces.com/friendsschoolplantsale.com/files/images/variety/V-Pepper-biquinho-BakerCreek.jpg
000244.jpg,https://dogwooddays.files.wordpress.com/2018/05/tomato-oh-happy-day-burpee.jpg?w=269&h=347
000245.jpg,https://www.thaismilepalmsprings.com/uploads/1/2/4/7/124745542/penang-curry-1_orig.jpg
000246.jpg,http://freestockphotostore.com/Peppers-03-(d2133-1)-Bell%20Peppers.jpg
000247.jpg,http://cdconnection.com/covers/228840.jpg
000248.jpg,https://i5.walmartimages.com/asr/e2cb1505-282c-437c-b898-f9f60f7d1fcd_1.9af23c7801d0cc9c2d9c7c647fb301b4.jpeg?odnHeight=450&odnWidth=450&odnBg=FFFFFF
000249.jpg,https://www.wnpr.org/sites/wnpr/files/styles/medium/public/201905/summer_squash.jpg
000250.jpg,https://thedemogardenblog.files.wordpress.com/2016/02/24811149601_8034464002.jpg?w=604
000251.jpg,https://www.burpeeeurope.com/images/shop/more/219x250_1529684205SweetPepperStuffEnuff.jpg
000252.jpg,https://scontent-yyz1-1.cdninstagram.com/vp/7646fb85127d838d47efddcb122569b6/5DD0F6B8/t51.2885-15/sh0.08/e35/s640x640/66385123_942267656112806_9074731352002073219_n.jpg?_nc_ht=scontent-yyz1-1.cdninstagram.com
000253.jpg,https://images.homedepot-static.com/productImages/e43c3b2b-f60f-46e5-8a13-6b62dfca794e/svn/ferry-morse-vegetable-herb-seeds-4118-64_400.jpg
000254.jpg,https://st.hzcdn.com/fimgs/cfa172ed08499fe4_2363-w300-h300-b1-p10--.jpg
000255.jpg,https://www.theglobeandmail.com/files/contentstudio/advertorial/italiantradeagency/img/basilicata.jpg
000256.jpg,https://www.davidvanille.com/1262-thickbox_default/selim-pepper-ivory-coast.jpg
000257.jpg,http://www.leppfarmmarket.com/wp-content/uploads/2018/08/CharredTomatoeChiliSalsa-August2018-Vertical-02-LowRez.jpg
000258.jpg,https://merchbar.imgix.net/product/cdified/upc/95/762182229524.jpg?w=390&h=390&quality=60&auto=compress%252Cformat&px=16&blur=200%22
000259.jpg,https://www.tasteofhome.com/wp-content/uploads/2018/01/exps175204_SD163615D04_08_4b-696x696.jpg
000260.jpg,https://pbs.twimg.com/media/DF4XQ4AU0AAb7q9.jpg
000261.jpg,https://www.pepperscale.com/wp-content/uploads/2015/08/numex-twilight-1.jpg
000262.jpg,https://www.kandyking.co.uk/ekmps/shops/flibackward/images/gc02-chocolate-assorted-creams-4811-p.jpg
000263.jpg,https://static.onecms.io/wp-content/uploads/sites/39/2012/06/20222328/101280547b.jpg
000264.jpg,https://www.thcfarmer.com/attachments/pc011179-jpg.649421/
000265.jpg,https://lift.co/uploads/gIKSRVgX5TapwfyNNgrk.jpg
000266.jpg,https://4ncpia516q-flywheel.netdna-ssl.com/wp-content/uploads/Peper-Habanero-Pastel-plant-1.jpg
000267.jpg,https://portalvhds26k4f5tktj3ck.blob.core.windows.net/spotpics/sp40840.jpg
000268.jpg,https://www.thaismilepalmsprings.com/uploads/1/2/4/7/124745542/devil-scallops.jpg
000269.jpg,https://geminigel-media-w2.s3-us-west-2.amazonaws.com/thumbcache/5d/8e/5d8ea2b8d6e62daddfe5bd649b3c0beb.jpg
000270.jpg,https://vthempicurean.com/wp-content/uploads/sites/11/TD-salt.jpg
000271.jpg,https://www.sluisgarden.com/images/products/pepper_spaanse__cayenne_long_slim_full.jpg
000272.jpg,https://www.chilipeppermadness.com/wp-content/uploads/2019/09/Numex-Joe-E-Parker.jpg
000273.jpg,https://i.ytimg.com/vi/4PBmxZk2Kaw/maxresdefault.jpg
000274.jpg,https://i2.wp.com/www.studiomichaelino.com/wp-content/uploads/2016/09/Sol-Hot-Goghw.jpg?w=580&h=403&ssl=1
000275.jpg,http://www.chileunderground.com/wp-content/uploads/2013/05/ManyBells.png
000276.jpg,https://i2.wp.com/greenline.nl/wp-content/uploads/2018/06/13874584320695.jpg?fit=426%2C640&ssl=1&resize=350%2C200
000277.jpg,http://1.bp.blogspot.com/-H6WvM2D5XIA/ULrYX3xvD-I/AAAAAAAAA3U/Foo0QsPwe-Q/s1600/jacqueline-bishop-boat--s.jpg
000278.jpg,https://stortsmarketdotcom.files.wordpress.com/2017/02/2.jpg?w=611
000279.jpg,https://www.wildgardenseed.com/images/thumbs/Stocky_Golden_Roaster_Pepper.jpg
000280.jpg,https://www.picclickimg.com/d/l400/pict/401782091951_/TANGERINE-DREAM-Atem-LP-RELATIVITY-SEALED.jpg
000281.jpg,https://s3-us-west-2.amazonaws.com/hobbyfarms.com/wp-content/uploads/2017/10/20213215/forcing-flower-bulbs-featured.jpg
000282.jpg,https://i.ytimg.com/vi/_ides4PzeQY/hqdefault.jpg
000283.jpg,https://images.glambot.com/08a5e80689834ed1a4c80134018c0593
000284.jpg,https://thecynicalgardener.files.wordpress.com/2017/06/p10102261.jpg?w=334&h=334&crop=1
000285.jpg,https://mobileimages.lowes.com/product/converted/829701/829701938357.jpg?size=lg
000286.jpg,https://static.onecms.io/wp-content/uploads/sites/39/2012/06/20222330/101055192b.jpg
000287.jpg,https://www.halfbakedharvest.com/wp-content/uploads/2013/12/30-Minute-Sweet-Asian-Chili-Pork-Ginger-and-Tangerine-Stir-Fry-4.jpg
000288.jpg,http://dailylaboratories.com/wp-content/uploads/2019/05/hot-chillies-1194334-639x491.jpg
000289.jpg,http://www.casamanila.ca/images/menu_items/1722598_casa_manila_salad_large.jpg
000290.jpg,https://www.burpeeeurope.com/images/shop/more/250x240_1497270296RedKingHybridSweetPepper.jpg
000291.jpg,https://www.kerrywoollenmills.ie/wp-content/uploads/JC-24-bundle-labelled--510x510.jpg
000292.jpg,http://www.muzines.co.uk/images_mag/articles/emm/EMM_82_01_the_new_tang_5_large.jpg
000293.jpg,http://blog.couponology.com/wp-content/uploads/2014/05/burpee4.jpg
000294.jpg,http://weknowyourdreams.com/images/pepper/pepper-10.jpg
000295.jpg,http://2.bp.blogspot.com/-HKibWpWykFg/T76DIwrgiQI/AAAAAAAAChs/45rc8NcO4Qg/s1600/DSC04192.JPG
000296.jpg,https://image.floranext.com/instances/nwaflorist_com/catalog/product/t/a/tangerine_dream_front_1_1.jpg?w=800&h=800&gen=1
000297.jpg,https://www.burpeehomegardensbrand.com/images/products_take2.jpg
000298.jpg,http://www.progarchives.com/progressive_rock_discography_covers/2282/cover_13182952018_r.jpg
000299.jpg,https://images.homedepot-static.com/productImages/3c014c35-5738-41c9-a71b-2b02229a5ee5/svn/burpee-vegetable-herb-seeds-60078-64_400.jpg
000300.jpg,https://thumbs.dreamstime.com/z/roasted-whole-pumpkin-rice-meat-pepper-mill-horizontal-63012404.jpg
000301.jpg,https://cdn11.bigcommerce.com/s-29i296wym3/images/stencil/500x659/products/3802/10566/TANGERINE_DREAM_INFO__81454.1562934565.png?c=2
000302.jpg,https://s3.amazonaws.com/leafly-s3/content/perfect-pairing-augment-the-power-of-aphrodisiacs-with-cannabis/EfGnXboTFuNXvqS697DQ_Peppers.jpg
000303.jpg,http://www.violetapple.org.uk/images/covers/vta/ballantine_1968.jpg
000304.jpg,https://imagesvc.meredithcorp.io/v3/mm/image?url=https%3A%2F%2Fimg1.cookinglight.timeinc.net%2Fsites%2Fdefault%2Ffiles%2Fstyles%2F4_3_horizontal_-_1200x900%2Fpublic%2F1556033178%2FGettyImages-802933524%2520copy.jpg%3Fitok%3D3BjhOxOY&w=300&h=300&c=sc&poi=face&q=85
000305.jpg,https://www.shipitappliances.com/images/Tangerine%20Dream%20(1).png
000306.jpg,https://www.gelsons.com/content/svu-retail-independents/g/gelsons/en/about/news-and-events/blog/_jcr_content/par/multicolumn_89641440_680988508/column_3/image_322899302.img.jpg/1567018381596.jpg
000307.jpg,https://portalvhds26k4f5tktj3ck.blob.core.windows.net/spotpics/sp44691.jpg
000308.jpg,https://t7-live-fsmn.nyc3.cdn.digitaloceanspaces.com/friendsschoolplantsale.com/files/images/variety/v-pepper-satans_kiss-pepperseedseu.jpg
000309.jpg,http://cdn.territorialseed.com/images/uploads/713_8560_large.jpg
000310.jpg,https://www.thcfarmer.com/attachments/dscn0117-jpg.660931/
000311.jpg,https://www.davidvanille.com/1260-large_default/selim-pepper-ivory-coast.jpg
000312.jpg,https://mixmag.net/assets/uploads/images/cover_535911342016_r.jpg
000313.jpg,https://cdn.shopify.com/s/files/1/1527/8799/products/Echinacea-Tomato-Soup-PP-19427.i-8550.s-60844.r-1.jpg?v=1570055628
000314.jpg,https://www.thesun.co.uk/wp-content/uploads/2017/01/nintchdbpict000259753583.jpg?strip=all&w=960&quality=100
000315.jpg,https://format-com-cld-res.cloudinary.com/image/private/s--N4reWp_M--/c_limit,g_center,h_65535,w_960/a_auto,fl_keep_iptc.progressive,q_95/v1/eadb7259fe480814e784ddee42376563/2019_05_03_SubZero_ChiliPepper_037_3_.jpg
000316.jpg,https://images.squarespace-cdn.com/content/v1/5655e32ce4b01110e1b887f4/1551968009815-EMUO62VW2QQIIQJTFRRM/ke17ZwdGBToddI8pDm48kJK4Mm1kch8SFO9ZNkN1NT97gQa3H78H3Y0txjaiv_0fDoOvxcdMmMKkDsyUqMSsMWxHk725yiiHCCLfrh8O1z5QHyNOqBUUEtDDsRWrJLTmFk_H6M1tkD9NpL7mXac0oVSXdFfjxR5AjcLwGSebOiGBsFzzcw3xKxvyC_6CFFG_/IMG_8084.JPG?format=750w
000317.jpg,https://www.chilipeppermadness.com/wp-content/uploads/2019/04/Espelette-Chili-Peppers.jpg
000318.jpg,https://target.scene7.com/is/image/Target/GUEST_be58eb75-1e5c-4d31-b239-76defc58dd8d?wid=1000&hei=1000
000319.jpg,https://www.udiscovermusic.com/wp-content/uploads/2016/06/Tangerine-Dream-Electronic-Meditation-side-A-label-300.jpg
000320.jpg,https://4ncpia516q-flywheel.netdna-ssl.com/wp-content/uploads/Peper-Masquerade-rijpt.jpg
000321.jpg,https://images.squarespace-cdn.com/content/v1/526b23e4e4b0f35a9f01248a/1562600770405-7CC4JN5MZGQ12T5LTE3F/ke17ZwdGBToddI8pDm48kJKo3YTR7zgUvInmXMbZ6zZ7gQa3H78H3Y0txjaiv_0fDoOvxcdMmMKkDsyUqMSsMWxHk725yiiHCCLfrh8O1z4YTzHvnKhyp6Da-NYroOW3ZGjoBKy3azqku80C789l0geeCvn1f36QDdcifB7yxGjTk-SMFplgtEhJ5kBshkhu5q5viBDDnY2i_eu2ZnquSA/Tangerine+Dream+Nitro.JPG?format=2500w
000322.jpg,https://food-fanatic-res.cloudinary.com/iu/s--lOTExdwo--/t_full/cs_srgb,f_auto,fl_strip_profile.lossy,q_auto:420/v1430237832/product/dreamfarm-savel.jpg
000323.jpg,http://farmfreshselects.com/wp-content/uploads/2015/03/Sweetheart-Hybrid-Sweet-Pepper.jpg
000324.jpg,https://images.food52.com/-osF59AvoW4uvZ3uOJunT-zBHzc=/1930x1286/filters:format(webp)/83304258-6098-4b2c-9ec0-6974cd6c2727--broiledcharwithcitrus2.jpg
000325.jpg,https://trueterpenes.com/wp-content/uploads/2019/07/190715_TrueTerpenes_PrecisionProfile_Tangie_BoxRender-960x960.jpg
000326.jpg,https://www.alcatrazkitchen.com/cms-data/gallery/blog/juices/tangerine-dream/tangerine-dream-ingredients.jpg
000327.jpg,https://dogwooddays.files.wordpress.com/2018/07/dsc_00011.jpg?w=620
000328.jpg,https://www.thompson-morgan.com/product_images/100/optimised/DAHL-KA9503-D.jpg
000329.jpg,https://s3.eu-west-2.amazonaws.com/growinginteractive/blog/caloro-pepper-2x.jpg
000330.jpg,https://maarava-events.com/en/wp-content/uploads/2018/10/e.harodimaarava-205.jpg
000331.jpg,https://onnits3.imgix.net/authority/3548.png?w=735
000332.jpg,https://cdn.apartmenttherapy.info/image/fetch/f_auto,q_auto:eco,w_1460/https%3A%2F%2Fstorage.googleapis.com%2Fgen-atmedia%2F3%2F2012%2F02%2F6ba4e1a9425c6232e8ce5c0ee7908720cf12f21f.jpeg
000333.jpg,https://images.squarespace-cdn.com/content/v1/5ab3e03b8ab7220badf58144/1559417197859-FF3YM0YQDWQN447Z8FQP/ke17ZwdGBToddI8pDm48kHem505q6McQd8XRhQc9zkRZw-zPPgdn4jUwVcJE1ZvWQUxwkmyExglNqGp0IvTJZUJFbgE-7XRK3dMEBRBhUpxpEURhgSBEh9ILe0HKIG3CcOCklsxWwam3CdWF6Xw7jwVv5P97BEtB5XaVnmvMtTA/image-asset.jpeg
000334.jpg,https://dish-environment-prod-contentbucket-10u8bszryovz3.s3.amazonaws.com/assets/s3fs-public/styles/content_image_medium/public/3237742-Tangerine-Dream-Photo-by-thedailygourmet-650X465.jpg?itok=1bAvezxO
000335.jpg,https://yesterdaysoundstoday.files.wordpress.com/2017/06/3baa6-selo2b1.jpg?w=350&h=200&crop=1
000336.jpg,https://images.squarespace-cdn.com/content/v1/565211aae4b058e88fc9eb8d/1565204983328-INA18BLIMWSF9NIAKCS1/ke17ZwdGBToddI8pDm48kMAI9b7xiJzUSQgURFfNUKd7gQa3H78H3Y0txjaiv_0fDoOvxcdMmMKkDsyUqMSsMWxHk725yiiHCCLfrh8O1z5QPOohDIaIeljMHgDF5CVlOqpeNLcJ80NK65_fV7S1UXBKipEhZQUnesuh_Z7UvfoZD9P5l1sxSZdmQBStDFjsnTcRs_B4oRYwWhhGXcwDKw/CF-BLUEDREAM.jpg
000337.jpg,https://foodzcatering.com/wp-content/uploads/2018/05/28089534808_a109f23242_o.jpg
000338.jpg,https://www.thaismilepalmsprings.com/uploads/1/2/4/7/124745542/honey-pork.jpg
000339.jpg,https://i.redd.it/39nt58h8l5y11.jpg
000340.jpg,https://s3-us-west-2.amazonaws.com/hobbyfarms.com/wp-content/uploads/2017/09/25200435/DIY-plant-shelf-complete-featured.jpg
000341.jpg,http://www.chileunderground.com/wp-content/uploads/2013/05/SantaFes.png
000342.jpg,http://www.plantphysiol.org/content/plantphysiol/180/4/1877/F2.large.jpg
000343.jpg,https://snakeoilcocktail.com/wp-content/uploads/2018/03/snake-oil-cocktail-co-tangerine-dream-tiki-cocktail.jpg
000344.jpg,https://images.squarespace-cdn.com/content/v1/526b23e4e4b0f35a9f01248a/1541876125605-43BNE2MF8JCB23V1W4HX/ke17ZwdGBToddI8pDm48kBnVKwybjLPf12OSUSacCAd7gQa3H78H3Y0txjaiv_0fDoOvxcdMmMKkDsyUqMSsMWxHk725yiiHCCLfrh8O1z5QHyNOqBUUEtDDsRWrJLTmWp-RWlGnWD_Yv5axNBE_gpEEEHBR70x_LRhy7X3GDNjlYCbLK1hKYSh5SK41qhAj/Ski+Onesies.jpg?format=2500w
000345.jpg,https://www.thecannabist.co/wp-content/uploads/2014/02/blue-dream-6.jpg
000346.jpg,https://www.chilipeppermadness.com/wp-content/uploads/2019/07/Cubanelle-Peppers.jpg
000347.jpg,https://images.squarespace-cdn.com/content/v1/5c9fb0ef8dfc8c1312de5cd0/1556463319410-J379OBJ5JIGCQUWHV47C/ke17ZwdGBToddI8pDm48kA47qaxzGU3oa60Mv3IrElh7gQa3H78H3Y0txjaiv_0fDoOvxcdMmMKkDsyUqMSsMWxHk725yiiHCCLfrh8O1z4YTzHvnKhyp6Da-NYroOW3ZGjoBKy3azqku80C789l0hGaawTDWlunVGEFKwsEdnE_ZbuhWuTjDl9Hn0Vaidb23CyzgPgNZ_l0zINYXrCLdg/main.jpg?format=2500w
000348.jpg,https://nashhungary.hu/wp-content/uploads/2019/05/Formula-Banana-300x300.jpg
000349.jpg,https://dogwooddays.files.wordpress.com/2018/07/dsc_0177.jpg?w=620
000350.jpg,https://nicksgardencenter.com/wp-content/uploads/2019/10/frozen-fountain-500x403.png
000351.jpg,https://resizer.otstatic.com/v2/photos/wide-huge/25183417.jpg
000352.jpg,https://img.youtube.com/vi/sZC9g5aHEk4/maxresdefault.jpg
000353.jpg,https://images.asos-media.com/products/other-stories-mini-hand-cream-in-avant-garde-air/13890826-1-avantgardeair?$XXL$&wid=513&fit=constrain
000354.jpg,https://cdn.ewg.org/sites/default/files/mobile-carousel/EWG_PFAS-TW-CA_Rotator-Res.jpg
000355.jpg,https://i.imgur.com/ZMqsY92.jpg
000356.jpg,https://www.xfish.hu/tportal_upload/webshop_13/hcbll800bs.jpg
000357.jpg,https://www.fragrancedirect.co.uk/dw/image/v2/BBNB_PRD/on/demandware.static/-/Sites-fragrance-master-catalog/default/dw32f1caea/images/large/Designer-Parfums-Ocean-Dream-Coral-Edt-Spray-100ml-0002231.jpg?sw=340&sh=340&sm=fit
000358.jpg,https://cdn.shopify.com/s/files/1/0645/7913/products/Pink_2048x.JPG?v=1527137918
000359.jpg,https://www.musik-sammler.de/cover/185500/185176_3_300.jpg
000360.jpg,https://img-s-msn-com.akamaized.net/tenant/amp/entityid/AAcuia.img?h=552&w=750&m=6&q=60&u=t&o=f&l=f
000361.jpg,https://i.ytimg.com/vi/Rr57p30IOPA/hqdefault.jpg
000362.jpg,https://albamusic.hu/wp-content/uploads/2019/02/Tangerine-Dream-The-Blue-Years-Studio-Albums-1985-1987-4CD-Clamshell-Box-2019-324x324.jpg
000363.jpg,https://aph-uploads-production.s3.amazonaws.com/uploads/photo/photo/13123/terpenes.predict.high.cannabis.jpg
000364.jpg,https://st.hzcdn.com/fimgs/9552f9b40caa8868_9913-w500-h375-b0-p0--.jpg
000365.jpg,http://recordstoredaycanada.ca/wp-content/uploads/2017/08/418458347976-500-300x300.jpg
000366.jpg,http://1.bp.blogspot.com/-Sz3Q6iqvosA/UQBdcKSXCeI/AAAAAAAAC_k/XIFk9p24kU8/s1600/DSC05279.JPG
000367.jpg,https://static.onecms.io/wp-content/uploads/sites/39/2012/06/20222330/101280545b.jpg
000368.jpg,http://www.merrill-house.com/uploads/5/7/4/3/57435411/merrillhousestyled-33_orig.jpg
000369.jpg,https://aph-uploads-production.s3.amazonaws.com/uploads/photo/photo/13124/terpenes.predict.high.cannabis.jpg
000370.jpg,https://mixmag.net/assets/uploads/images/_fullX2/50_Most_Influential_Albums_2.jpg
000371.jpg,https://webimg.secondhandapp.com/w-i-mgl/5d491fae842a656370e4afbd
000372.jpg,https://timelessvapes.com/wp-content/uploads/2018/03/energy-flavor2-300x469.png
000373.jpg,https://www.beachwoodhollow.com/wp-content/uploads/2018/11/IMG_8539-2.jpg
000374.jpg,https://hips.hearstapps.com/hmg-prod.s3.amazonaws.com/images/gordon-ramsay-s-salmon-en-croute-1563377379.jpg?crop=1.00xw:0.752xh;0,0.156xh&resize=1200:*
000375.jpg,https://www.youngliving.com/sites/en_EU/images/wimg.Sw1LHPN120rjvXml14V.jpg
000376.jpg,http://www.specialtyproduce.com/sppics/8601.png
000377.jpg,https://www.pepperscale.com/wp-content/uploads/2015/06/bolivian-rainbow-pepper_lg.jpg
000378.jpg,https://i2.wp.com/junkbanter.com/wp-content/uploads/2019/09/IMG_0023.jpg?resize=980%2C450
000379.jpg,https://media.winefolly.com/Wine-Folly-Magnum-Edition-Food-pairing-Book-page.jpg
000380.jpg,http://www.rwsentosablog.com/wp-content/uploads/2019/09/Benjamin-Seah_featimg-570x381.jpg
000381.jpg,https://static.wixstatic.com/media/e75678_f3ce75c34d874e60ba13aec3acac8e1c~mv2_d_1920_1275_s_2.jpg/v1/fill/w_640,h_814,al_c,q_85,usm_0.66_1.00_0.01/e75678_f3ce75c34d874e60ba13aec3acac8e1c~mv2_d_1920_1275_s_2.webp
000382.jpg,http://static.wixstatic.com/media/6492d3_8901142f196e4980bf722ee8aa398b7e~mv2.jpg/v1/fill/w_500,h_500,al_c,q_90/file.jpg
000383.jpg,https://www.richmondamerican.com/content/homebackground/media-31316.jpg
000384.jpg,http://weknowyourdreams.com/images/pepper/pepper-02.jpg
000385.jpg,https://www.drhorton.com/-/media//Files/RTE/images/home-slider/RedTag_7.ashx
000386.jpg,https://cdn.shopify.com/s/files/1/1815/9187/products/TIS215_280x@2x.JPG?v=1536270746
000387.jpg,https://i2.wp.com/fbctroytx.org/wp-content/uploads/2017/05/20170521_Lemons.png?resize=978%2C550
000388.jpg,https://cdn.shopify.com/s/files/1/1865/1389/products/unicorn-dreams-26-oz-fantasy_2000x.progressive.jpg?v=1563549866
000389.jpg,https://d6ozfheqtj1tz.cloudfront.net/ChIJ5cXDk63WNogRieBkogeVNNA/5ab0a9f174268.jpg
000390.jpg,https://cdn.aldi-digital.co.uk//C_Fresh-Food-BAN-2_20190710_UK.jpg?o=guNywKn1g5lfbpMK%2420Ca2X0RsYj&V=w9eI&p=2&w=320&c=1180,0,1820,660&q=90
000391.jpg,https://nicksgardencenter.com/wp-content/uploads/2018/01/fountain-01.jpg
000392.jpg,http://www.celestialseasonings.com/sites/all/themes/cs2015/assets/img/slider-new-magical-blends.jpg
000393.jpg,https://merchbar.imgix.net/product/vinylized/upc/26/5099962426916.jpg?w=390&h=390&quality=60&auto=compress%252Cformat&px=16&blur=200%22
000394.jpg,https://www.nwnaturals.com/img/slideshows/c1d38455-437b-40f1-b057-86c566b74158/Pumpkin-Colada.jpg
000395.jpg,https://i.ytimg.com/vi/x-w2pBR8XsA/maxresdefault.jpg
000396.jpg,https://thumbs.dreamstime.com/z/three-oranges-pepper-fruit-natural-41294309.jpg
000397.jpg,https://media1.fdncms.com/eastbayexpress/imager/vapor-room-is-famous-for-its-hash-selection/u/zoom/3204025/legalize.jpg
000398.jpg,https://m.maccosmetics.com/media/export/cms/products/640x600/mac_sku_M2LP05_640x600_1_vto.jpg
000399.jpg,https://outofmyshed.files.wordpress.com/2019/05/trained-rose-on-back-wall-of-at-allt-y-bela-1-e1560163798685.jpg?w=584
000400.jpg,https://s3-media1.fl.yelpcdn.com/bphoto/uonDBl9EOXknzQ3zyDLalQ/o.jpg
000401.jpg,https://static.wixstatic.com/media/880969_7dc49f5f5a184c3094c2b44e10a30594~mv2_d_4375_3672_s_4_2.jpg/v1/fill/w_640,h_882,al_c,q_85,usm_0.66_1.00_0.01/880969_7dc49f5f5a184c3094c2b44e10a30594~mv2_d_4375_3672_s_4_2.webp
000402.jpg,https://cdn.shopify.com/s/files/1/0054/3892/products/TangerineDreamZ_medium.jpg?v=1524526530
000403.jpg,https://image.zmenu.com/menupic/2329765/d061cd5d-d403-4b24-b776-1fff0f8c9a50.jpg
000404.jpg,https://img.monocle.com/gallery/_b4a8341.jpg?w=300&h=400&g=center&q=60
000405.jpg,https://www.drhorton.com/-/media//Files/RTE/images/home-slider/RedTag_3.ashx
000406.jpg,https://cdn.shopify.com/s/files/1/1536/6347/products/81UPnCFnCKL._SL1500_medium.jpg?v=1568237441
000407.jpg,https://countycarriage.com/resources/39082186_1722423881139831_1810283630992293888_n.jpg
000408.jpg,https://www.chilipeppermadness.com/wp-content/uploads/2013/10/Diablo-Grande-Peppers.jpg
000409.jpg,http://www.rwsentosablog.com/wp-content/uploads/2019/08/Screen-1-1280-x-720.jpg
000410.jpg,https://images.squarespace-cdn.com/content/v1/526b23e4e4b0f35a9f01248a/1522597710017-QS9XDQFU2SDR8X4X0JST/ke17ZwdGBToddI8pDm48kC4W4PSQhpVWDByTSitY1zx7gQa3H78H3Y0txjaiv_0fDoOvxcdMmMKkDsyUqMSsMWxHk725yiiHCCLfrh8O1z4YTzHvnKhyp6Da-NYroOW3ZGjoBKy3azqku80C789l0lqfkVpRp1g_2L-WsTQRP4LMjfKA94DoXwU9mfbZ0wueidatsgNTogRoJ7w_N-gAYA/Centennial+IPA.JPG?format=2500w
000411.jpg,https://webimg.secondhandapp.com/w-i-mgl/5cf5e75bd3eef6042b2e593e
000412.jpg,http://rocatileusa.com/wp-content/uploads/2014/08/Trims-2019-31.png
000413.jpg,https://cdn.apartmenttherapy.info/image/fetch/f_jpg,q_auto:eco,c_fill,g_auto,w_1500,ar_4:3/https%3A%2F%2Fstorage.googleapis.com%2Fgen-atmedia%2F3%2F2016%2F04%2Fd08551402703d520848edb03dddd29d450be3db6.jpeg
000414.jpg,https://whiteonricecouple.com/recipe/images/todddianeshoot-242x330.jpg
000415.jpg,http://www.sagaresort.com/wp-content/uploads/2017/06/IMG_3938-1024x683.jpg
000416.jpg,https://static.onecms.io/wp-content/uploads/sites/44/2019/05/28021110/6569085.jpg
000417.jpg,https://images.squarespace-cdn.com/content/v1/5a2eba2face8643b076e5974/1513026641936-YWE42YJ3VQUKJHT4866O/ke17ZwdGBToddI8pDm48kFIVDOMxrkFg-Hewiy4wegIUqsxRUqqbr1mOJYKfIPR7LoDQ9mXPOjoJoqy81S2I8N_N4V1vUb5AoIIIbLZhVYy7Mythp_T-mtop-vrsUOmeInPi9iDjx9w8K4ZfjXt2dt2eDf413NwW9isUz0P2M4XV4YlQjw6-iI4AH-gErkZg7zs2yPjc1ECvpa5Zm_kMqw/Prohibition-Kitchen.jpg?format=2500w
000418.jpg,https://i2.wp.com/www.studiomichaelino.com/wp-content/uploads/2016/09/LemonNapa5x7V2_filteredEw.jpg?w=284&h=203&ssl=1
000419.jpg,https://image.isu.pub/160331093638-fbfd830c04401ff9cd1ec02bed39f647/jpg/page_34.jpg
000420.jpg,https://cdnus.melaleuca.com/ProductContent/1294g_enUs_ExtraLarge.jpg
000421.jpg,https://scontent-yyz1-1.cdninstagram.com/vp/1801d20430e40d193a7453637ed1b9b0/5E2BDD30/t51.2885-15/sh0.08/e35/c135.0.810.810a/s640x640/71809500_828197060978885_7908213251933716206_n.jpg?_nc_ht=scontent-yyz1-1.cdninstagram.com&_nc_cat=105
000422.jpg,https://static1.squarespace.com/static/5ab12465ec4eb78e2865b1b9/t/5adc41f82b6a2829b4c25b65/1562697815698/?format=1500w
000423.jpg,https://cdn.000webhost.com/000webhost/promotions/black-friday-2019-wordpress.png
000424.jpg,http://www.veipmarket.eu/6090-home_default/avoria-mango-dream-10ml.jpg
000425.jpg,https://sportsnutritioncenter.com/wp-content/uploads/2019/07/temp_white_logo.png
000426.jpg,https://www.barneysfarm.com/images/products/barneys_farm_peyote-cookies_cannabis_seeds_328.jpg
000427.jpg,https://static1.squarespace.com/static/5c9fb0ef8dfc8c1312de5cd0/t/5ca0fef6a4222f90653677e6/1569683587139/?format=1500w
000428.jpg,http://www.fourwindsresort.ca/resources/IMG_0316%20%281%29.jpg.opt858x391o0%2C0s858x391.jpg
000429.jpg,https://www.maracayhomes.com/wp-content/uploads/sites/5/2019/10/Homepage-CPV-South-Side-Models-1000.jpg
000430.jpg,https://di2ponv0v5otw.cloudfront.net/posts/2018/08/21/5b7c96c1035cf186ca7bc2e6/s_5b7c97045098a0141e01d9e4.jpg
000431.jpg,https://resizer.otstatic.com/v2/profiles/medium/96897.jpg
000432.jpg,https://static.wixstatic.com/media/e3abed_afba3374f7944e28b4b3deb5885c9bb5~mv2_d_3874_2724_s_4_2.jpg/v1/fill/w_596,h_470,al_c,q_80,usm_0.66_1.00_0.01/e3abed_afba3374f7944e28b4b3deb5885c9bb5~mv2_d_3874_2724_s_4_2.webp
000433.jpg,https://cdn.shopify.com/s/files/1/0645/7913/products/painapple_2048x.JPG?v=1527488293
000434.jpg,https://scontent-yyz1-1.cdninstagram.com/vp/01e58343e3e9b6accbc929e1d439581b/5E004278/t51.2885-15/sh0.08/e35/c0.84.676.676a/s640x640/59253097_126436935209230_3425942688679983112_n.jpg?_nc_ht=scontent-yyz1-1.cdninstagram.com&_nc_cat=110
000435.jpg,https://outofmyshed.files.wordpress.com/2018/04/clematis-columbine-back-garden-april-22-2-e1524382244272.jpg?w=584
000436.jpg,http://rocatileusa.com/wp-content/uploads/2014/08/Trims-2019-3.jpg
000437.jpg,https://cdn.shopify.com/s/files/1/0091/0370/4123/products/YVYWDM04_1_500x500.jpg?v=1558039169
000438.jpg,https://media.npr.org/assets/img/2017/05/17/e720557ad23b585cc172c49ed2d4e2dc-c57a734dff665ed76e39a7d4ec4a5110d0e1bcfd-s800-c85.jpg
000439.jpg,https://nashhungary.hu/wp-content/uploads/2018/02/IMG_7725-e1517654954130-300x300.jpg
000440.jpg,https://msandbeyond.files.wordpress.com/2015/04/100_0562.jpg
000441.jpg,https://www.thaismilepalmsprings.com/uploads/1/2/4/7/124745542/honey-pork_3_orig.jpg
000442.jpg,http://online.fliphtml5.com/gtcea/vkpz/files/large/49.jpg?1547844131
000443.jpg,https://cdn.shopify.com/s/files/1/0054/3892/products/WillSessionsKindredLive_grande.jpg?v=1510767853
000444.jpg,https://i.etsystatic.com/20287469/r/il/846a9c/1943867354/il_570xN.1943867354_or33.jpg
000445.jpg,https://cdnus.melaleuca.com/ProductContent/4056g_enUs_ExtraLarge.jpg
000446.jpg,https://images.squarespace-cdn.com/content/v1/5a2eba2face8643b076e5974/1513020987390-UIY9MJ08ODQAGZBPSCF4/ke17ZwdGBToddI8pDm48kPfruRMo-LKizMkqvzFvQlxZw-zPPgdn4jUwVcJE1ZvWQUxwkmyExglNqGp0IvTJZUJFbgE-7XRK3dMEBRBhUpxwda4vk7Yzfhc-1x7uOrsXI2vICmBXrRxey4w3Zl8musxy4MzkmOPH4jXChrJh1Xg/fd78d2ce4a3cccb17b035b6fa25a5ac9--saint-augustine-florida-christmas-.jpg?format=2500w
000447.jpg,https://portalvhds26k4f5tktj3ck.blob.core.windows.net/spotpics/sp50042.jpg
000448.jpg,https://goodbelly.com/wp-content/themes/goodbelly/assets/main/img/nn/NSA_mobile.png
000449.jpg,https://i2.wp.com/www.hellomydumpling.com/wp-content/uploads/2015/01/StuffPoblanos03_WEB-1.jpg?fit=680%2C1000
000450.jpg,https://cdn07.st-sm.com/sante-et-minceur/1938-medium_default/natural-vegetable-soap-sooksukon-with-carrot-extract-75g.jpg
000451.jpg,https://cdn.shopify.com/s/files/1/1815/9187/products/TIS250_grande.JPG?v=1536270758
000452.jpg,http://shop.toledohempcenter.com/wp-content/uploads/sites/19/2019/08/THC_Logo.png
000453.jpg,http://3.bp.blogspot.com/-iwPpVypKaf0/US_811N0rEI/AAAAAAAABkI/wGcaIg3HMYk/s1600/Tired+Hands+Beer+Menu.jpg
000454.jpg,https://d3laix77jonady.cloudfront.net/370x400/Product/185/Image2/e21f648a-646a-4d85-a37f-826d555bdf82.JPG
000455.jpg,https://image.isu.pub/130305203202-3c4080d658104b47b10c120383300cdc/jpg/page_27.jpg
000456.jpg,https://www.visitoestfold.com//Images/Bilder%20VisitOslofjord/Halden/Fredriksten%20festning/Festningen%20fra%20fiskebrygga.JPG?t=ScaleDownToFill|1500x1500
000457.jpg,https://www.okmusicfoundation.org/wp-content/uploads/2018/03/led-zeppelin-album.jpg
000458.jpg,https://4.bp.blogspot.com/-iTVRD5pbm5c/T0xYeT3YraI/AAAAAAAACdk/LlFWWaoXfgg/s1600/IMAG0290.jpg
000459.jpg,https://www.redlobster.com/images/default-source/images/events/2019/endless-shrimp/hp/nashvillehot_copy_us_es.png?sfvrsn=48b7c0f0_4
000460.jpg,https://4ncpia516q-flywheel.netdna-ssl.com/wp-content/uploads/Peper-Monkey-Face-onrijp.jpg
000461.jpg,https://i.ytimg.com/vi/N8hXBemJgBU/hqdefault.jpg
000462.jpg,https://hips.hearstapps.com/clv.h-cdn.co/assets/17/09/980x980/square-1488408682-picmonkey-collage-flowers.jpg?resize=320:*
000463.jpg,http://www.sagaresort.com/wp-content/uploads/2017/06/IMG_4016.jpg
000464.jpg,https://i.ytimg.com/vi/RpdgR1UOWOs/maxresdefault.jpg
000465.jpg,https://reformationbrewery.com/wp-content/uploads/2018/10/promotionalmaterials_42_original.jpg
000466.jpg,http://img1.wsimg.com/isteam/ip/96a5a280-c737-49c6-99c2-f4dec0f6eff1/e66e5a3f-e029-4581-983a-9627f7f973f1.jpg
000467.jpg,https://scontent.cdninstagram.com/vp/56c2b2eb64cbdd2ef5cc50119480f6ca/5DC467FF/t51.2885-15/e35/s480x480/30855096_424467608024017_8965690646388015104_n.jpg?_nc_ht=scontent-ort2-1.cdninstagram.com
000468.jpg,http://img1.wsimg.com/isteam/ip/2cdeb832-bc57-486e-9ac2-8ba5fd394fc7/03392a01-8aeb-49e1-8e70-32c5fd698eb6.jpg
000469.jpg,https://nicksgardencenter.com/wp-content/uploads/2018/01/plants-01.jpg
000470.jpg,https://icdn.bottlenose.wine/images/full/533805.jpg
000471.jpg,https://twocruisingsisters.files.wordpress.com/2016/09/9-1-dinner-menu.jpg
000472.jpg,https://images.squarespace-cdn.com/content/v1/565211aae4b058e88fc9eb8d/1553189723601-98Y7N697SFMKAV6PZSSC/ke17ZwdGBToddI8pDm48kIASRvbJ8PxvPM3PTJcpRMh7gQa3H78H3Y0txjaiv_0fDoOvxcdMmMKkDsyUqMSsMWxHk725yiiHCCLfrh8O1z5QHyNOqBUUEtDDsRWrJLTmEczKEiHaQrO44vfJ0kKvILAS-NdmzGeCrAJaz1YhIB5yKhaklHg3d3wl48wSboCo/CFL_TERPENES_WEBSITE-%283%29.jpg
000473.jpg,https://media.npr.org/assets/img/2017/05/17/rs26_08_studio_02_wide-a3fd82086d43d2fafef9d5419be6ccafb670fd7c.jpg?s=1400
000474.jpg,http://libretirose.com/sitebuilder/images/SEPT312_005-623x486.jpg
000475.jpg,https://images.squarespace-cdn.com/content/v1/526b23e4e4b0f35a9f01248a/1521657016643-E789B9P8OV24WQQ6JAL9/ke17ZwdGBToddI8pDm48kG0yXsrEaBkkGIXH-6hdCvB7gQa3H78H3Y0txjaiv_0fDoOvxcdMmMKkDsyUqMSsMWxHk725yiiHCCLfrh8O1z4YTzHvnKhyp6Da-NYroOW3ZGjoBKy3azqku80C789l0mxU0godxi02JM9uVemPLqzdzVT1JSttnJhZ2l7-2DVjoWJImBa-JTMHkMb_OorLDA/barrel+ferm+dubbel.JPG?format=2500w
000476.jpg,http://csokik.hu/img/5146/492606/360x360,r/492606.jpg?time=1567252088
000477.jpg,https://m.maccosmetics.com/media/export/cms/products/640x600/mac_sku_M2LP05_640x600_0_vto.jpg
000478.jpg,https://aph-uploads-production.s3.amazonaws.com/uploads/photo/photo/13125/terpenes.predict.high.limonene.jpg
000479.jpg,https://www.sorayasaraswati.com/wp-content/uploads/2019/01/Build-Your-Dream-3.png
000480.jpg,https://i.ytimg.com/vi/HyPWWxqCpMc/maxresdefault.jpg
000481.jpg,https://thumbs.dreamstime.com/z/grilled-chicken-wings-lemon-herbs-greens-dark-background-96071235.jpg
000482.jpg,https://www.chilipeppermadness.com/wp-content/uploads/2013/10/Spanish-Naga-Peppers.jpg
000483.jpg,https://www.barneysfarm.com/images/products/barneys_farm_afghan-hash-plant-regular_cannabis_seeds_427.jpg
000484.jpg,https://www.redlobster.com/images/default-source/images/maquee/hp-marquee/togo-2019/red-15-percent_to-go_badge.png
000485.jpg,https://i.ytimg.com/vi/XrH0FIQ60Mo/hqdefault.jpg
000486.jpg,https://www.pepperscale.com/wp-content/uploads/2016/08/Aji-Omnicolor-1.jpg
000487.jpg,https://scontent-yyz1-1.cdninstagram.com/vp/295a47b23cd0cab109bc9bfebaad40b1/5DF8DDD3/t51.2885-15/sh0.08/e35/c0.84.676.676a/s640x640/58716093_361847561123182_964375748781644462_n.jpg?_nc_ht=scontent-yyz1-1.cdninstagram.com
000488.jpg,http://rocatileusa.com/wp-content/uploads/2014/08/White-Ice-Bright-Beveled-1.jpg
000489.jpg,https://cdn.shopify.com/s/files/1/0645/7913/products/HabaneroMango_cd2ef426-b4fa-46cc-abfa-fa2f8b5d7d31_2048x.JPG?v=1537243881
000490.jpg,https://outofmyshed.files.wordpress.com/2018/04/clematis-columbine-back-garden-april-22-e1524382273188.jpg?w=584
000491.jpg,https://static.onecms.io/wp-content/uploads/sites/39/2012/06/20222328/101055193b.jpg
000492.jpg,https://nashhungary.hu/wp-content/uploads/2018/02/IMG_5943-e1517654936836-300x300.jpg
000493.jpg,https://cdnus.melaleuca.com/ProductContent/5017g_enUs_ExtraLarge.jpg
000494.jpg,https://cdn.apartmenttherapy.info/image/fetch/f_jpg,q_auto:eco,c_fill,g_auto,w_1500,ar_16:9/https%3A%2F%2Fstorage.googleapis.com%2Fgen-atmedia%2F3%2F2017%2F03%2F81469ae7a0427c8ecfd23b96f80a8cd4a504fed2.jpeg
000495.jpg,https://4ncpia516q-flywheel.netdna-ssl.com/wp-content/uploads/Peper-Aji-Ahuachapau-plant-1.jpg
000496.jpg,https://www.thaismilepalmsprings.com/uploads/1/2/4/7/124745542/angel-wings.jpg
000497.jpg,http://4.bp.blogspot.com/-csCBa0riTk8/UQBdsOUw3EI/AAAAAAAAC_8/cIRkW-VWpxs/s1600/DSC05282.JPG
000498.jpg,http://csokik.hu/img/5146/483579/360x360,r/483579.jpg?time=1551614325
000499.jpg,https://portalvhds26k4f5tktj3ck.blob.core.windows.net/spotpics/sp46325.jpg
000500.jpg,https://fr.food-of-dream.com/content/2/2235/119f893c12076fe0b720b9a922da787f.jpg
000501.jpg,https://pbs.twimg.com/media/DKafzQIW0AAZmJx.jpg
000502.jpg,https://thumbs.dreamstime.com/z/raw-organic-orange-habanero-peppers-background-52323129.jpg
000503.jpg,https://imagesvc.meredithcorp.io/v3/mm/image?url=https%3A%2F%2Fstatic.onecms.io%2Fwp-content%2Fuploads%2Fsites%2F39%2F2012%2F06%2F20222321%2F101063535b.jpg&q=85
000504.jpg,https://images.squarespace-cdn.com/content/v1/526b23e4e4b0f35a9f01248a/1497286093841-TK1W2R2DTGNE1LZK12OY/ke17ZwdGBToddI8pDm48kLMXA_me0Bc_50DRv6Y5uiJ7gQa3H78H3Y0txjaiv_0fDoOvxcdMmMKkDsyUqMSsMWxHk725yiiHCCLfrh8O1z4YTzHvnKhyp6Da-NYroOW3ZGjoBKy3azqku80C789l0m_nwPNs2kYVhoOQZiVFxSbl0v4ulNKfbtpck-loWYykWBvvHyhZ-2IjvZERdVkY5g/Broken+Compass20.jpg?format=2500w
000505.jpg,https://www.picclickimg.com/d/l400/pict/254337813810_/Young-Living-Dream-Catcher-Essential-Oil-Blend-1.jpg
000506.jpg,https://s3-media3.fl.yelpcdn.com/bphoto/kp2WO_eesyV62NGijiZdIA/o.jpg
000507.jpg,http://weknowyourdreams.com/images/pepper/pepper-04.jpg
000508.jpg,https://outofmyshed.files.wordpress.com/2018/04/narcissus-tazetta-yellow-cheerfulness-e1524383306295.jpg?w=584
000509.jpg,https://i.ytimg.com/vi/HyPWWxqCpMc/sddefault.jpg#404_is_fine
000510.jpg,https://mobileimages.lowes.com/product/converted/715339/715339041203.jpg?size=xl
000511.jpg,https://www.barneysfarm.com/images/products/barneys_farm_vanilla-kush_cannabis_seeds_25.jpg
000512.jpg,https://dogwooddays.files.wordpress.com/2018/05/dsc_0224-2.jpg?w=620
000513.jpg,https://thestrangebrew.co.uk/wp-content/uploads/2012/03/TangerineDream.jpg
000514.jpg,https://cdn.shopify.com/s/files/1/0645/7913/products/9oz_yb_ghost_front_v1-1_2048x.jpg?v=1527138242
000515.jpg,https://thumbnailer.mixcloud.com/unsafe/300x300/extaudio/a/9/3/9/8674-e989-4dde-8966-09fcb1ac17fa
000516.jpg,https://thumbs.dreamstime.com/z/chinese-new-year-mandarin-oranges-basket-decorate-dragon-spring-festival-ang-pao-orange-fruit-angpao-top-view-close-up-137206329.jpg
000517.jpg,https://townsquare.media/site/366/files/2019/10/GettyImages-1180744257.jpg?w=980&q=75
000518.jpg,http://www.brooklynvegan.com/files/2017/06/summeroflove-lps2.jpg?zc=1&s=0&a=t&q=89&w=630
000519.jpg,https://aph-uploads-production.s3.amazonaws.com/uploads/photo/photo/13119/terpenes.predict.high.beta.caryophyllene.jpg
000520.jpg,http://weknowyourdreams.com/images/pepper/pepper-14.jpg
000521.jpg,https://api.moogmusic.com/sites/default/files/styles/super_key/public/images/2018-09/kw06_0.png?itok=t1GKcFXW
000522.jpg,https://4ncpia516q-flywheel.netdna-ssl.com/wp-content/uploads/Peper-Habanero-Peach-plant-2.jpg
000523.jpg,http://www.muzines.co.uk/images_mag/articles/emm/EMM_82_01_the_new_tang_12_large.jpg
000524.jpg,https://s3-us-west-2.amazonaws.com/hobbyfarms.com/wp-content/uploads/2017/12/05172423/cedar-pot-dolly-featured.jpg
000525.jpg,https://thumbs.dreamstime.com/z/raw-fish-seasonings-gray-paper-plates-first-shrimp-raw-dahlia-salmon-sliced-lemon-slices-pepper-seasoning-gray-paper-134309174.jpg
000526.jpg,https://static.onecms.io/wp-content/uploads/sites/39/2012/06/20222325/BKS052517b.jpg
000527.jpg,https://mobileimages.lowes.com/product/converted/715339/715339041050.jpg?size=lg
000528.jpg,https://www.picclickimg.com/d/l400/pict/192844922548_/50-Poivron-Piquant-de-Cayenne-Semences-Potag%C3%A8res-Orto.jpg
000529.jpg,https://s3-us-west-2.amazonaws.com/hobbyfarms.com/wp-content/uploads/2017/08/30215918/patio-umbrella-succulent-planter-featured.jpg
000530.jpg,https://thumbs.dreamstime.com/z/lemons-vegetables-chiaroscuro-colorful-garden-products-hokkaido-pumpkin-red-bell-pepper-tray-against-grunge-background-67254437.jpg
000531.jpg,https://i.etsystatic.com/11620738/r/il/a0bb06/1564326182/il_794xN.1564326182_d5fz.jpg
000532.jpg,http://weknowyourdreams.com/images/pepper/pepper-01.jpg
000533.jpg,https://static.onecms.io/wp-content/uploads/sites/39/2012/06/20221615/101792085.jpg
000534.jpg,https://4ncpia516q-flywheel.netdna-ssl.com/wp-content/uploads/Peper-Brown-Butlah.jpg
000535.jpg,http://www.muzines.co.uk/images_mag/covers/EMM_jan_1982_large.jpg
000536.jpg,https://s3-us-west-2.amazonaws.com/hobbyfarms.com/wp-content/uploads/2018/02/09183907/Walliser-mug1.jpg
000537.jpg,https://dogwooddays.files.wordpress.com/2018/05/tomato-shimmer-burpee.jpg?w=820&h=312&crop=1
000538.jpg,https://static.onecms.io/wp-content/uploads/sites/39/2012/06/20222333/101280550b.jpg
000539.jpg,https://s3-us-west-2.amazonaws.com/hobbyfarms.com/wp-content/uploads/2018/04/12200938/real-farmers-featured-449647420-250x250.jpg
000540.jpg,https://static.onecms.io/wp-content/uploads/sites/39/2012/06/20222326/100167432b.jpg
000541.jpg,https://i.dailymail.co.uk/i/newpix/2018/06/05/16/4CF0F7E800000578-0-Tangerine_dream_The_beauty_wore_her_newly_dyed_scarlet_tresses_i-a-19_1528213477971.jpg
000542.jpg,https://image.zmenu.com/menupic/1090825/39bd9654-f64c-497a-b910-9c040431c9a8.jpg
000543.jpg,https://portalvhds26k4f5tktj3ck.blob.core.windows.net/spotpics/sp52409.jpg
000544.jpg,http://www.burpee.com/dw/image/v2/ABAQ_PRD/on/demandware.static/-/Sites-masterCatalog_Burpee/default/dwe415d8e6/Images/Product%20Images/prod000838/prod000838.jpg
000545.jpg,http://www.burpee.com/dw/image/v2/ABAQ_PRD/on/demandware.static/-/Sites-masterCatalog_Burpee/default/dwa2c5824f/Images/Product%20Images/prod000838/prod000838_alt1.jpg
000546.jpg,https://www.pepperscale.com/wp-content/uploads/2017/04/Tangerine-Dream-Pepper-1024x705.jpg
000547.jpg,https://bonnieplants.com/wp-content/uploads/tangerine-dream-sweet-pepper.jpg
000548.jpg,https://ind5.ccio.co/4C/Q/g1/b0c098e6d8bfb5f4437c2edc56a0c332.jpg
000549.jpg,https://www.burpee.com/dw/image/v2/ABAQ_PRD/on/demandware.static/-/Sites-masterCatalog_Burpee/default/dwec07da2f/Images/Product%20Images/prod000838/prod000838_alt5.jpg
000550.jpg,http://chilli-seedz.com/wp-content/uploads/2017/10/Tangerine-Dream-4-Small-462x392.jpg
000551.jpg,https://www.chilipeppermadness.com/wp-content/uploads/2018/03/f14a855e71266fce000280ce97ff2b84.jpg
000552.jpg,https://www.gardencentrekoeman.co.uk/db/products/141906353714183289570696.jpg
000553.jpg,https://farm2.static.flickr.com/1493/26477443050_e9b19910d0.jpg
000554.jpg,https://www.chilipeppermadness.com/wp-content/uploads/2018/03/3899dfe821816fbcb3db3e3b23f81585.jpg
000555.jpg,https://whiteonricecouple.com/recipe/images/tangerine-varieties-1.jpg
000556.jpg,https://cdn.parfumdreams.de/Img/Art/5/Korres-Bellflower,-Tangerine,-Pink-Pepper-Shower-Gel-54551.jpg
000557.jpg,https://chilli-seedz.com/wp-content/uploads/2017/10/Tangerine-Dream-Small-900x900.jpg
000558.jpg,http://en.seedfinder.eu/pics/galerie/Barneys_Farm/Tangerine_Dream/05101481053746923_big.jpg
000559.jpg,https://cdn.parfumdreams.de/Img/Art/5/Korres-Bellflower,-Tangerine,-Pink-Pepper-Eau-de-Toilette-Spray-49991.jpg
000560.jpg,https://www.artsnursery.com/products/burpee_sweetpeppertangerinedream.jpg
000561.jpg,http://en.seedfinder.eu/pics/galerie/Barneys_Farm/Tangerine_Dream/05031347962643601_big.jpg
000562.jpg,https://s-media-cache-ak0.pinimg.com/236x/10/f2/39/10f239c2138dd4ff48b1e52e3f7ae65c.jpg
000563.jpg,http://1.bp.blogspot.com/-jt7kvocz8Nk/UlCG2DxEvmI/AAAAAAAAEEA/SKHlrl2Pmck/s1600/Felicia's+Ginger+and+Habenero+Tangerine+Dream.jpg
000564.jpg,http://thumbs.dreamstime.com/z/still-life-tangerine-green-peppers-13205704.jpg
000565.jpg,https://thumbs.dreamstime.com/b/group-sweet-red-peppers-ripe-tangerine-wooden-box-73541851.jpg
000566.jpg,http://en.seedfinder.eu/pics/galerie/Barneys_Farm/Tangerine_Dream/05031390209158902_big.jpg
000567.jpg,http://en.seedfinder.eu/pics/galerie/Barneys_Farm/Tangerine_Dream/06061544163096996_big.jpg
000568.jpg,https://s-media-cache-ak0.pinimg.com/236x/34/c9/b4/34c9b4c7e724bc92d1f9928de8317c08.jpg
000569.jpg,https://p6.storage.canalblog.com/60/69/636073/42357301.jpg
000570.jpg,http://en.seedfinder.eu/pics/galerie/Barneys_Farm/Tangerine_Dream/09011703064153142_big.jpg
000571.jpg,http://en.seedfinder.eu/pics/galerie/Barneys_Farm/Tangerine_Dream/05031323264072697_big.jpg
000572.jpg,http://4.bp.blogspot.com/-SZfYDaYEh3s/UDuhB23OhHI/AAAAAAAACEo/jAGNnmCI2X0/s640/Diana+tangerine+scallops.jpg
000573.jpg,https://thumbs.dreamstime.com/b/fruits-vegetables-heart-shaped-wooden-box-broccoli-apples-pepper-tangerine-glass-juice-over-wooden-background-b-111153473.jpg
000574.jpg,http://shop.totallyvinyl.com/img/uploads/images/tangerinedream/TANGERINE_DREAM_TANGERINE_DREAM_79_80_4LP_BOOKLET_2.jpg
000575.jpg,https://i.pinimg.com/originals/f6/08/f2/f608f26d79123466abbfc4173da5a26a.jpg
000576.jpg,http://en.seedfinder.eu/pics/galerie/Barneys_Farm/Tangerine_Dream/06061537418610335_big.jpg
000577.jpg,https://thumbs.dreamstime.com/b/fruits-vegetables-heart-shaped-wooden-box-broccoli-apples-pepper-tangerine-over-wooden-background-banner-health-food-111153469.jpg
000578.jpg,https://thumbs.dreamstime.com/b/tangerine-white-cheese-pomegranate-seed-sweet-vegetarian-snack-appetizer-breakfast-sliced-sprinkled-black-pepper-85075911.jpg
000579.jpg,https://thumbs.dreamstime.com/b/lemon-tangerine-lime-shopping-cart-11949502.jpg
000580.jpg,https://i1.wp.com/ondergewaardeerdeliedjes.ams3.cdn.digitaloceanspaces.com/2017/03/Tangerine-Dream-colour-1.jpg
000581.jpg,https://i.ytimg.com/vi/6kXOv6dobDU/hqdefault.jpg
000582.jpg,https://thumbs.dreamstime.com/b/fruits-vegetables-heart-shaped-wooden-box-broccoli-apples-pepper-tangerine-glass-juice-over-wooden-background-b-111122794.jpg
000583.jpg,http://www.liveliketheboy.co.uk/wp-content/uploads/2016/05/chouetteorlo.jpg
000584.jpg,https://s-media-cache-ak0.pinimg.com/736x/f6/fa/ab/f6faab9a1ce42953722df9f99414b84d.jpg
000585.jpg,http://img.auctiva.com/imgdata/6/1/5/4/7/4/webimg/711743831_o.jpg
000586.jpg,http://img.auctiva.com/imgdata/6/1/5/4/7/4/webimg/575408933_o.jpg
000587.jpg,https://c8.alamy.com/comp/XA67NP/a-halved-papaya-leaning-against-the-globose-body-of-an-entire-fruit-the-ripe-pulp-has-a-vibrant-tangerine-color-and-numerous-black-seeds-reminiscent-of-black-pepper-XA67NP.jpg
000588.jpg,http://img.auctiva.com/imgdata/6/1/5/4/7/4/webimg/575408895_o.jpg
000589.jpg,http://en.seedfinder.eu/pics/galerie/Barneys_Farm/Tangerine_Dream/05101446783913444_big.jpg
000590.jpg,http://img.auctiva.com/imgdata/6/1/5/4/7/4/webimg/711743845_o.jpg
000591.jpg,http://img.auctiva.com/imgdata/6/1/5/4/7/4/webimg/575408971_o.jpg
000592.jpg,http://img.auctiva.com/imgdata/6/1/5/4/7/4/webimg/575409092_o.jpg
000593.jpg,http://img.auctiva.com/imgdata/6/1/5/4/7/4/webimg/689616381_o.jpg
000594.jpg,http://img.auctiva.com/imgdata/6/1/5/4/7/4/webimg/575410872_o.jpg
000595.jpg,http://img.auctiva.com/imgdata/6/1/5/4/7/4/webimg/681032010_o.jpg
000596.jpg,http://img.auctiva.com/imgdata/6/1/5/4/7/4/webimg/705827600_o.jpg
000597.jpg,http://img.auctiva.com/imgdata/6/1/5/4/7/4/webimg/705479087_o.jpg
000598.jpg,http://img.auctiva.com/imgdata/6/1/5/4/7/4/webimg/711743839_o.jpg
000599.jpg,http://img.auctiva.com/imgdata/6/1/5/4/7/4/webimg/692288415_o.jpg
000600.jpg,http://img.auctiva.com/imgdata/6/1/5/4/7/4/webimg/705827610_o.jpg
000601.jpg,http://img.auctiva.com/imgdata/6/1/5/4/7/4/webimg/711743824_o.jpg
000602.jpg,http://img.auctiva.com/imgdata/6/1/5/4/7/4/webimg/694356234_o.jpg
000603.jpg,http://img.auctiva.com/imgdata/6/1/5/4/7/4/webimg/419906503_o.jpg
000604.jpg,http://img.auctiva.com/imgdata/6/1/5/4/7/4/webimg/419906520_o.jpg
000605.jpg,http://img.auctiva.com/imgdata/6/1/5/4/7/4/webimg/575411371_o.jpg
000606.jpg,http://img.auctiva.com/imgdata/6/1/5/4/7/4/webimg/694334226_o.jpg
000607.jpg,http://img.auctiva.com/imgdata/6/1/5/4/7/4/webimg/575411334_o.jpg
000608.jpg,http://i.ebayimg.com/images/i/261990194414-0-1/s-l1000.jpg
000609.jpg,http://img.auctiva.com/imgdata/6/1/5/4/7/4/webimg/679324743_o.jpg
000610.jpg,http://img.auctiva.com/imgdata/6/1/5/4/7/4/webimg/711743816_o.jpg
000611.jpg,http://img.auctiva.com/imgdata/6/1/5/4/7/4/webimg/580964195_o.jpg
000612.jpg,http://img.auctiva.com/imgdata/6/1/5/4/7/4/webimg/575409601_o.jpg
000613.jpg,http://img.auctiva.com/imgdata/6/1/5/4/7/4/webimg/531113911_o.jpg
000614.jpg,http://img.auctiva.com/imgdata/6/1/5/4/7/4/webimg/419906477_o.jpg
000615.jpg,http://img.auctiva.com/imgdata/6/1/5/4/7/4/webimg/580964158_o.jpg
000616.jpg,http://img.auctiva.com/imgdata/6/1/5/4/7/4/webimg/419906496_o.jpg
000617.jpg,http://img.auctiva.com/imgdata/6/1/5/4/7/4/webimg/580963873_o.jpg
000618.jpg,http://img.auctiva.com/imgdata/6/1/5/4/7/4/webimg/580962299_o.jpg
000619.jpg,http://img.auctiva.com/imgdata/6/1/5/4/7/4/webimg/575410588_o.jpg
