image,source
000001.jpg,https://images-na.ssl-images-amazon.com/images/I/81UBAeqqk7L._SL1500_.jpg
000002.jpg,https://cdn.shopify.com/s/files/1/0237/0893/products/trinidad-moruga-scorpion-seeds-15-count-trinidad-scorpion-sonoran-spice-130315.jpg?v=1555627822
000003.jpg,https://cdn.shopify.com/s/files/1/0871/0950/products/morugacutopen_832cead9-c5f3-41da-b799-4349a17b3aeb_1024x1024.gif?v=1548196392
000004.jpg,https://www.cayennediane.com/wp-content/uploads/Trinidad_Moruga_Scorpion.jpg
000005.jpg,https://pepperhead.com/wp-content/uploads/2016/12/Moruga-Scorpion2-e1529428416563.jpg
000006.jpg,https://images-na.ssl-images-amazon.com/images/I/71soHosZsQL._SX425_.jpg
000007.jpg,https://www.seedsnsuch.com/wp-content/uploads/2018/11/Trinidad-Moruga-Scorpion-Hot-Pepper-Seeds-1.jpg
000008.jpg,https://www.chilipeppermadness.com/wp-content/uploads/2019/04/Trinidad-Moruga-Scorpion-Peppers.jpg
000009.jpg,https://plantswithapurpose.net/wp-content/uploads/2015/08/2-767x768.jpg
000010.jpg,https://gd.image-gmkt.com/100PCS-HOT-REAPER-TRINIDAD-MORUGA-SCORPION-CHILI-MIXED-SEED-GHOST/li/983/041/1181041983.g_400-w_g.jpg
000011.jpg,https://chilifarm.hu/wp-content/uploads/2017/01/trinidad-moruga-scorpion.jpg
000012.jpg,https://www.chilliseedbank.com.au/media/catalog/product/cache/image/720x560/4c3462793ba5f87d7658a49338bdb5e2/s/c/scorp.jpg
000013.jpg,https://thehippyseedcompany.com/wp-content/uploads/2017/07/Trinidad-Moruga-Scorpion.jpg
000014.jpg,https://previews.123rf.com/images/blackboard1965/blackboard19651607/blackboard1965160700125/61386364-red-hot-trinidad-moruga-scorpion-peppers-on-white-background.jpg
000015.jpg,https://upload.wikimedia.org/wikipedia/commons/c/cd/Moruga_Trinidad_Scorpion_ripe.JPG
000016.jpg,https://markdaviesseeds.co.uk/content/images/thumbs/0003281_10-seeds-trinidad-moruga-scorpion-chilli_550.jpeg
000017.jpg,http://cdn.shopify.com/s/files/1/0915/1060/products/trinidad-moruga-scorpion-hot-pepper-pepper-joes_grande.jpg?v=1462314510
000018.jpg,https://cdn11.bigcommerce.com/s-f6cx4kq/images/stencil/1280x1280/products/125/1127/chocolate_trinidad_moruga_scorpion_pepper__46761.1549152247.jpg?c=2&imbypass=on
000019.jpg,https://www.firedragonchillies.co.nz/wp-content/uploads/2014/11/SAM_5869.jpg
000020.jpg,https://www.maddog357.com/wp-content/uploads/2018/09/iStock-614862010-small.jpg
000021.jpg,https://images-na.ssl-images-amazon.com/images/I/51D%2BFLZVihL._SX466_.jpg
000022.jpg,https://cbsnews1.cbsistatic.com/hub/i/2012/02/15/1dca64dd-a644-11e2-a3f0-029118418759/trinidad_moluga_scorpion.jpg
000023.jpg,https://www.superhotchiles.com/wp-content/uploads/2018/04/Moruga-Scorpion-Dried-Peppers.jpg
000024.jpg,https://images.obi.hu/product/HU/412x329/403837_1.jpg
000025.jpg,https://suttons.s3.amazonaws.com/p/VECHI30745_3.jpg
000026.jpg,https://i.ytimg.com/vi/By-Q5TOude8/maxresdefault.jpg
000027.jpg,https://www.pepperworldhotshop.com/out/pictures/master/product/1/trinidad_moruga_scorpion_yellow_sc215_1(1).jpg
000028.jpg,https://i.pinimg.com/originals/cb/a7/1d/cba71d45b0fd1b3ca46a7bcf52fdecf2.gif
000029.jpg,http://kertabc.hu/images/stories/virtuemart/product/K%C3%A9p6.jpg
000030.jpg,https://cdn.dtbrownseeds.co.uk/product-images/op/d/CHI-013d.jpg
000031.jpg,https://www.chilliseedbank.com.au/media/catalog/product/cache/image/720x560/4c3462793ba5f87d7658a49338bdb5e2/m/o/morugayellow.jpg
000032.jpg,https://cdn.shopify.com/s/files/1/0200/5036/products/03014_740x.jpg?v=1464927909
000033.jpg,https://professionale.saissementi.it/wp-content/uploads/sites/2/2014/08/trinidad-rosso.jpg
000034.jpg,https://cdn.webshopapp.com/shops/133932/files/103140941/sambal-trinidad-moruga-scorpion.jpg
000035.jpg,https://www.gazdabolt.hu/141218-large_default/a-vilag-legerosebb-paprikaja-peperone-trinidad-moruga-scorpion-kb-10-20-szem.jpg
000036.jpg,https://www.seminka-chilli.cz/fotografie/max/trinidad-scorpion-moruga-130-0.jpg
000037.jpg,https://www.spicejungle.com/media/catalog/product/cache/2/image/9df78eab33525d08d6e5fb8d27136e95/s/c/scorpion_chiles_whole_2.jpg
000038.jpg,https://img.fasttechcdn.com/969/9696251/9696251-1.jpg
000039.jpg,https://www.pepperworldhotshop.com/out/pictures/master/product/1/trinidadmorugascorpionred.jpg
000040.jpg,https://www.pepperseeds.eu/pub/media/catalog/product/cache/b56a9049443cfaeedfe24666b14227c1/t/r/trinidad_scorpion_moruga_.jpg
000041.jpg,https://cdn.dtbrownseeds.co.uk/product-images/op/d/27032d.jpg
000042.jpg,https://images.obi.hu/product/HU/412x329/199989_1.jpg
000043.jpg,https://chilis.hu/shop_ordered/19763/pic/chili-lexikon/Trinidad-Moruga-Scorpion-paprika.jpg
000044.jpg,https://media.istockphoto.com/photos/trinidad-moruga-scorpion-pepper-picture-id466445600
000045.jpg,https://images-na.ssl-images-amazon.com/images/I/714EUazWd%2BL._SX425_.jpg
000046.jpg,https://cdn11.bigcommerce.com/s-cb3kf/images/stencil/1200x1800/products/606/812/Trinidat_Scorpion_Moruga_Pepper_3__76487.1415243671.jpg?c=2
000047.jpg,https://www.victoriananursery.co.uk/images/800/sq_chilli_pepper_trinidad_moruga_scorpion_004.jpg
000048.jpg,http://cdn3.volusion.com/dhshr.sqyzd/v/vspfiles/photos/categories/1895.jpg?1446646163
000049.jpg,https://comps.canstockphoto.com/trinidad-moruga-scorpion-peppers-stock-photograph_csp38695599.jpg
000050.jpg,https://webaruhaz.kertlap.hu/wp-content/uploads/2018/12/Morovars-Yellow.jpg
000051.jpg,http://rahiseedbank.com/wp-content/uploads/2014/07/t28.jpg
000052.jpg,https://res.cloudinary.com/teepublic/image/private/s--sXbzB_k8--/c_crop,x_10,y_10/c_fit,w_799/c_crop,g_north_west,h_1051,w_1051,x_-126,y_-127/l_upload:v1507037314:production:blanks:gbajnunp66ec7xftnpq1/fl_layer_apply,g_north_west,x_-231,y_-226/b_rgb:ffffff/c_limit,f_jpg,h_630,q_90,w_630/v1540488728/production/designs/3387153_0.jpg
000053.jpg,https://lazspot.com/wp-content/uploads/2018/06/2951-yqkizc.jpg
000054.jpg,https://cdn.shopify.com/s/files/1/0200/5036/products/1893957_130331084021_01461_740x.jpeg?v=1421773385
000055.jpg,https://previews.123rf.com/images/juliedeshaies/juliedeshaies1809/juliedeshaies180900005/109037587-trinidad-moruga-scorpion-chocolate-extremely-hot-pepper-variety.jpg
000056.jpg,https://m-garden.eu/img/4242/scomoru/scomoru.jpg?time=1537211444
000057.jpg,https://www.exotic-seeds.store/5147-large_default/trinidad-moruga-scorpion-crushed-chili-2-million-shu.jpg
000058.jpg,https://www.katiesbeefjerky.com/wp-content/uploads/trinidad-Web-1.jpg
000059.jpg,https://www.savoryspiceshop.com/content/mercury_modules/cart/items/3/3/4/3344/chile-trinidad-moruga-scorpion-whole-1.jpg
000060.jpg,https://cdn11.bigcommerce.com/s-g5kfv0b6l3/images/stencil/1280x1280/products/114/378/Chilli_Experience_Hot_Sauce_Making_Kit_-_Moruga_Scorpion__62647.1516304703.jpg?c=2&imbypass=on
000061.jpg,https://www.ukchilliseeds.co.uk/ekmps/shops/chilliwizard/images/clockwork-orange-carolina-reaper-x-trinidad-moruga-scorpion-953-p.jpg
000062.jpg,https://static.artfire.com/uploads/mfs/items/a4/1d/large/a41d8616df4a19e0e387d86d09b06525fb5a05fa1e889bac89ab7e4168050042.jpg
000063.jpg,https://cdn11.bigcommerce.com/s-k4j7yahdid/images/stencil/1280x1280/products/223/1484/FreshScorpion11__39684.1535599560.jpg?c=2&imbypass=on
000064.jpg,http://tommyseeds.com/wp-content/uploads/2018/04/100-Genuine-Fresh-Rare-Trinidad-Moruga-Scorpion-Pepper-Seeds-hot-chilli-Organic-Vegetable-Seeds-Home-Garden-Bonsai-1.jpg
000065.jpg,https://italianchilli.com/6-large_default/trinidad-moruga-scorpion-seeds.jpg
000066.jpg,https://caribbeantrading.com/wp-content/uploads/hs1.jpg
000067.jpg,http://4.bp.blogspot.com/-HIzRadoAHKA/UkhsHM_ODFI/AAAAAAAAHrY/aXjrE_SY1O0/s1600/Ghost-&-Scorpion.jpg
000068.jpg,https://chilliepepper.com/wp-content/uploads/2019/02/IMG_0124.jpg
000069.jpg,https://gd.image-gmkt.com/100PCS-GHOST-PEPPER-CAROLINA-REAPER-TRINIDAD-MORUGA-SCORPION/li/928/586/1123586928.g_400-w_g.jpg
000070.jpg,https://www.pepperscale.com/wp-content/uploads/2013/07/Trinidad-Moruga-Scorpion-768x512.jpg
000071.jpg,https://cdn11.bigcommerce.com/s-cb3kf/images/stencil/1200x1800/products/523/2639/Trinidad_Puree__66267.1521395259.jpg?c=2
000072.jpg,https://instudio.mabangapp.com/img/201838/PWW6703/PWW6703g10.jpg
000073.jpg,https://res.cloudinary.com/teepublic/image/private/s--vu_WQzbp--/c_crop,x_10,y_10/c_fit,h_855/c_crop,g_north_west,h_972,w_1127,x_-141,y_-58/l_misc:transparent_1260/fl_layer_apply,g_north_west,x_-207,y_-200/c_mfit,g_north_east,u_misc:tapestry-l-l-gradient/e_displace,fl_layer_apply,x_0,y_19/l_upload:v1507037316:production:blanks:knoqtwkqk9vucfsy8ke0/fl_layer_apply,g_north_west,x_0,y_0/b_rgb:ffffff/c_limit,f_jpg,h_630,q_90,w_630/v1540488728/production/designs/3387153_0.jpg
000074.jpg,https://ae01.alicdn.com/kf/HTB150ZmdukJL1JjSZFmq6Aw0XXaP/100pcs-bag-Rare-Trinidad-Moruga-Scorpion-Pepper-Plants-bonsai-Capsicum-Annuum-Ornamental-Chili-Garden-Bonsai-Plant.jpg_q50.jpg
000075.jpg,https://cdn.shopify.com/s/files/1/1035/1939/products/storecamera-20190821175343-01_1024x1024.jpg?v=1566688878
000076.jpg,https://www.plant-world-seeds.com/images/item_images/000/006/519/large_square/TRINIDAD_MORUGA_SCORPION.JPG?1495394619
000077.jpg,https://adoboloco.com/wp-content/uploads/2017/07/1Pack-Maui-No-Ka-Oi-510x652.jpg
000078.jpg,https://www.asklepios-seeds.de/pub/media/catalog/product/cache/e4d64343b1bc593f1c5348fe05efa4a6/t/r/trinidad-scorpion-moruga-caramel.jpg
000079.jpg,https://cdn.shopify.com/s/files/1/0237/0893/products/trinidad-moruga-scorpion-pepper-flakes-trinidad-moruga-scorpion-flakes-sonoran-spice-1-oz-256803.jpg?v=1561587633
000080.jpg,https://m.blog.hu/ch/chilibokor/image/1_1.jpg
000081.jpg,https://comps.canstockphoto.com/trinidad-moruga-scorpion-chocolate-stock-images_csp61754351.jpg
000082.jpg,https://www.premierseedsdirect.com/wp-content/uploads/2017/11/62751465.jpg
000083.jpg,https://www.picclickimg.com/d/l400/pict/132328572519_/Trinidad-Moruga-Scorpion-Worlds-2nd-Hottest-Chilli.jpg
000084.jpg,https://st3.depositphotos.com/3409541/13520/i/1600/depositphotos_135203246-stock-photo-trinidad-moruga-scorpion-peppers.jpg
000085.jpg,http://killerpeppers.com/wp-content/uploads/2012/04/Trinidad_Moruga_Scorpion.jpg
000086.jpg,https://rukminim1.flixcart.com/image/832/832/jmwch3k0/plant-seed/n/h/z/25-red-trinidad-moruga-scorpion-pepper-25-seeds-the-world-original-imaf9pft9wtht8zr.jpeg?q=70
000087.jpg,https://live.staticflickr.com/5652/22762206539_9f9384a80a_b.jpg
000088.jpg,https://www.magicplantfarms.com/wp-content/uploads/2016/09/Trinidad-Moruga-Scorpion-400.jpg
000089.jpg,https://www.chileseeds.co.uk/wp-content/uploads/2016/10/trinidadscorpionmorugaYellowchilliseeds.jpg
000090.jpg,https://fscomps.fotosearch.com/compc/CSP/CSP031/trinidad-moruga-scorpion-peppers-stock-image__k38695612.jpg
000091.jpg,https://i.redd.it/egaui1m23jk11.jpg
000092.jpg,http://www.spicegarden.eu/WebRoot/StoreLES/Shops/62431129/5BB1/D184/5C6B/5E72/8219/0A0C/6D09/2AB0/trinidad_morunga_1.JPG
000093.jpg,https://i1.wp.com/www.peppersbymail.com/wp-content/uploads/2016/09/moruga_scorpion_chocolate.jpg?fit=1278%2C1232
000094.jpg,https://www.bmorespicy.com/wp-content/uploads/imported/2/COMBO-PACK-Ghost-pepper-Carolina-Reaper-Trinidad-Moruga-Scorpion-Hot-chili-seeds-181591144882-3.jpg
000095.jpg,https://www.superhotchiles.com/wp-content/uploads/2018/04/Yellow-Moruga-Scorpion-Seeds.jpg
000096.jpg,https://i.redd.it/i6o7esjldch11.jpg
000097.jpg,https://i.etsystatic.com/10894077/r/il/98aad6/746347043/il_570xN.746347043_fvgo.jpg
000098.jpg,https://www.pepperscale.com/wp-content/uploads/2014/10/Trinidad-Scorpion-Chocolate-1-768x512.jpg
000099.jpg,https://alamopeppers.com/media/catalog/product/m/o/moruga_web_1_1.png
000100.jpg,https://i.etsystatic.com/18833746/r/il/fcf73c/1674261038/il_794xN.1674261038_56c0.jpg
000101.jpg,https://www.mopeppers.at/media/image/product/3061/lg/trinidad-moruga-yellow.jpg
000102.jpg,https://previews.123rf.com/images/crampinini/crampinini1601/crampinini160100173/50203475-chili-pepper-trinidad-moruga-scorpion.jpg
000103.jpg,http://www.chiliszoszok.hu/img/7378/104496/400x400/104496.jpg
000104.jpg,https://www.pepperseeds.eu/pub/media/catalog/product/cache/b56a9049443cfaeedfe24666b14227c1/t/r/trinidad_scorpion_moruga_yellow.jpg
000105.jpg,https://image.spreadshirtmedia.com/image-server/v1/mp/products/T842A359MPA3172PT17X40Y0D1018757257FS2113/views/1,width=800,height=800,appearanceId=359,backgroundColor=F2F2F2,version=315550800/trinidad-moruga-scorpion-chili-pepper-spicy-tote-bag.jpg
000106.jpg,https://hunaqua.cdn.shoprenter.hu/custom/hunaqua/image/cache/w900h500wt1/product/TRINIDAD%20MORUGA%20SCORPION%20215ML%20-AFRICAN%20RED.png?lastmod=1554388518.1542366000
000107.jpg,https://img.fasttechcdn.com/969/9696591/9696591-1.jpg
000108.jpg,https://assets.bigcartel.com/product_images/243707270/DE5BFE39-E886-4DF9-B246-005B299E89F0.jpeg?auto=format&fit=max&w=1200
000109.jpg,https://lqp-p-imgs.s3-ap-south-1.amazonaws.com/faceview/a7b/bf/b7a/a1f/affimgs/az-large-5101501.jpg
000110.jpg,https://c8.alamy.com/comp/F8EWC1/chili-pepper-trinidad-moruga-scorpion-F8EWC1.jpg
000111.jpg,http://rahiseedbank.com/wp-content/uploads/2014/07/t16.jpg
000112.jpg,https://alamopeppers.com/media/catalog/product/cache/1/image/1300x1300/9df78eab33525d08d6e5fb8d27136e95/c/h/chocolatemoruga_s.jpg
000113.jpg,https://chilimania.hu/wp-content/uploads/Trinidad.jpg
000114.jpg,https://www.picclickimg.com/d/l400/pict/183210724732_/100pcs-Hot-Chili-Seeds-New-Ghost-Pepper-Carolina.jpg
000115.jpg,https://image.shutterstock.com/image-photo/close-photo-trinidad-moruga-scorpion-260nw-1489921778.jpg
000116.jpg,https://i0.wp.com/www.peppersbymail.com/wp-content/uploads/2016/09/moruga_scorpion_carmel_01.jpg?fit=1084%2C1032
000117.jpg,http://www.htpepper.com/wp-content/uploads/2015/09/TSMBrown01.jpg
000118.jpg,http://www.artsgardenideas.co.uk/shopping/images/arts-garden-ideas/trinidad-moruga-scorpion-red400.jpg
000119.jpg,https://i.ytimg.com/vi/VHKLCFFyzlA/maxresdefault.jpg
000120.jpg,https://c7.uihere.com/files/661/606/350/habanero-capsicum-annuum-var-acuminatum-trinidad-scorpion-butch-t-pepper-trinidad-moruga-scorpion-carolina-reaper-others.jpg
000121.jpg,https://t4.ftcdn.net/jpg/00/79/17/15/500_F_79171511_Dc05v9MhnmOFncLRIbLoXpRwuTLMV7SY.jpg
000122.jpg,https://cdn.imgbin.com/12/21/3/imgbin-hot-sauce-buffalo-wing-trinidad-moruga-scorpion-trinidad-scorpion-butch-t-pepper-bottle-3iMzJDQDXcuy7BzFXPhw9ax9c.jpg
000123.jpg,http://www.magicplantshop.com/images/watermarked/1/detailed/1/Moruga-Scorpion-Pepper_1911-6e.jpg
000124.jpg,https://www.exotic-seeds.store/2465-home_default/trinidad-moruga-scorpion-powder-worlds-hottest.jpg
000125.jpg,http://www.kaleidoscopedinner.co.uk/image/cache/data/category_9/100pcsbag%20Rare%20Trinidad%20Moruga%20Scorpion%20Pepper%20Plants%20bonsai%20Capsicum%20Annuum%20Ornamental%20Chili%20Garden%20Bonsai%20Planteasy%20grow%20ali85662931_1-500x500-product_popup.jpg
000126.jpg,https://italianchilli.com/228-large_default/trinidad-moruga-scorpion-chocolate-seeds.jpg
000127.jpg,https://ae01.alicdn.com/kf/HTB1N_xvXh_rK1RkHFqDq6yJAFXap/100pcs-World-s-Hottest-Pepper-Trinidad-Moruga-Scorpion-Vegetable-semillas-Sementes.jpg
000128.jpg,https://comps.canstockphoto.com/trinidad-moruga-scorpion-chocolate-pictures_csp61102787.jpg
000129.jpg,https://us01.imgcdn.ymcart.com/25804/thumb/500x500/2017/12/25/0/b/0b181e33d0cde2d4.jpg
000130.jpg,http://www.detkichilis.hu/Images/Products/chilipor-1g.jpg
000131.jpg,https://www.seeds-gallery.shop/5147-home_default/trinidad-moruga-scorpion-crushed-chili-2-million-shu.jpg
000132.jpg,https://images-na.ssl-images-amazon.com/images/I/51Kw80yNbaL._SX466_.jpg
000133.jpg,https://static.wixstatic.com/media/b32abc_9255366a750f4866b523222aab746d91~mv2.jpg/v1/fill/w_480,h_360,al_c,q_85,usm_0.66_1.00_0.01/b32abc_9255366a750f4866b523222aab746d91~mv2.jpg
000134.jpg,http://cdn.shopify.com/s/files/1/1196/4148/products/scoville-scale-pepper-heat-level-is_460877c8-db3f-41ca-8e3a-910f08363daa_grande.jpg?v=1463167866
000135.jpg,https://www.mopeppers.at/media/image/product/3071/lg/trinidad-moruga-red.jpg
000136.jpg,https://thumbs.dreamstime.com/z/chili-pepper-trinidad-moruga-scorpion-white-background-63869324.jpg
000137.jpg,https://a.allegroimg.com/s512/032430/ce746ca8410ca21719b82378c9f6/Trinidad-Moruga-Scorpion-chili-Zabojca-Nasiona
000138.jpg,https://trademe.tmcdn.co.nz/photoserver/full/838886846.jpg
000139.jpg,https://upload.wikimedia.org/wikipedia/commons/6/68/Trinidad_Moruga_Scorpion_2014-01-25_18-15.jpg
000140.jpg,http://caribbeanpot.com/wp-content/uploads/2015/06/Trinidad-Moruga-Scorpion-Peppersauce-Recipe-9.jpg
000141.jpg,https://www.tessgruun.eu/shops/tessgruun/zpetgtmsr10-peper-trinidad-moruga-scorpion-rood-10.jpg
000142.jpg,https://www.dhresource.com/600x600/f2/albu/g5/M00/2B/11/rBVaJFivqSKAR3nOAAEPuWEOJs4521.jpg
000143.jpg,https://www.hotsauce.ch/wp-content/uploads/2018/09/chocolate-trinidad-moruga-scorpion.jpg
000144.jpg,http://www.ostrepapryczki.pl/wp-content/uploads/2018/08/papryka-uprawa-trinidad-moruga-scorpion4.jpg
000145.jpg,https://scontent.cdninstagram.com/vp/26c9fa4f03b97060fcdccfda9cd5b554/5DCC4BF8/t51.2885-15/sh0.08/e35/s640x640/67607208_2576456499031553_2312979281846955725_n.jpg?_nc_ht=scontent.cdninstagram.com
000146.jpg,https://theoriginalgarden.com/Argazkiak/Fotos/20180403105358.jpg
000147.jpg,https://chilifarm.hu/wp-content/uploads/2017/01/moruga-scorpion-yellow.jpg
000148.jpg,https://media.istockphoto.com/photos/trinidad-moruga-scorpion-picture-id610769894
000149.jpg,https://cdn.nohat.cc/thumb/f/720/comhiclipartivrzu.jpg
000150.jpg,https://mpng.pngfly.com/20180405/xiw/kisspng-chili-pepper-trinidad-moruga-scorpion-capsicum-ann-chilly-5ac6acd2c22d99.2603165915229698107954.jpg
000151.jpg,https://live.staticflickr.com/2902/14190588367_b5edaaa7f2_b.jpg
000152.jpg,https://media.karousell.com/media/photos/products/2019/08/24/preorder_carolina_reaper__trinidad_moruga_scorpion__naga_viper__ghost_pepper_bhut_jolokia__savina_ha_1566621435_0cf2ba2f0_progressive
000153.jpg,https://cloud.glstock.com/79547/3848566/trinidad-moruga-scorpion-peppers.jpg
000154.jpg,https://i.etsystatic.com/14236181/r/il/a43fc8/1165768079/il_570xN.1165768079_c14r.jpg
000155.jpg,https://i.imgur.com/4pP0vYo.jpg
000156.jpg,https://i.imgur.com/ENDbsNP.jpg
000157.jpg,https://cdn.shopify.com/s/files/1/0172/7112/8164/products/moruga_scorpion_original_hot_sauce_900x.jpg?v=1556541436
000158.jpg,http://www.magicplantshop.com/images/watermarked/1/detailed/1/Seeds-for-sale_miqr-ey.jpg
000159.jpg,https://previews.123rf.com/images/crampinini/crampinini1601/crampinini160100017/50202759-chili-pepper-trinidad-moruga-scorpion.jpg
000160.jpg,https://st2.depositphotos.com/3409541/11674/i/950/depositphotos_116746228-stock-photo-trinidad-moruga-scorpion-peppers.jpg
000161.jpg,https://www.dealsanimg.com/d/l400/pict/123913812052_/20-trinidad-moruga-scorpion-pepper-seeds-2019-harvest.jpg
000162.jpg,https://i0.wp.com/chiki-chili.hu/wp-content/uploads/2016/06/Trinidad-Scorpion-Morgua-3.jpg
000163.jpg,https://i1.wp.com/www.mandycanudigit.com/wp-content/uploads/2019/01/Trinidad-Moruga-Scorpion-jan-7-19.jpg?fit=650%2C488&ssl=1
000164.jpg,https://easyponix.com/wp-content/uploads/2014/05/moruga-scorpion.jpg
000165.jpg,https://www.pepperseeds.eu/pub/media/catalog/product/cache/b56a9049443cfaeedfe24666b14227c1/c/h/chili_seeds_trinidad_moruga_chocolate.jpg
000166.jpg,https://img.fasttechcdn.com/969/9696591/9696591-2.jpg
000167.jpg,https://www.grainesdefolie.com/3658-medium_default/piment-trinidad-moruga-scorpion-rouge.jpg
000168.jpg,http://robedebal.info/wp-content/uploads/2018/11/trinadad-scorpion-seeds-scorpion-trinidad-moruga-scorpion-seeds-uk.jpg
000169.jpg,https://media.buzzle.com/media/images-en/photos/botany/plants/450-605346-how-to-grow-trinidad-moruga-scorpion.jpg
000170.jpg,https://vegeterrikingousander.files.wordpress.com/2012/08/trinidad-moruga-scorpion.jpg
000171.jpg,http://www.gadar.cz/fotky6629/fotos/_vyrn_595morugared22.png
000172.jpg,https://i.pinimg.com/originals/09/0b/06/090b064ce57ce5d0c89adac73fc2d472.jpg
000173.jpg,https://static1.bigstockphoto.com/0/4/8/large1500/84029186.jpg
000174.jpg,https://i.guim.co.uk/img/static/sys-images/Guardian/Pix/pictures/2015/1/8/1420721282123/4484a2b0-69bd-4c21-9730-63692391fd38-1360x2040.jpeg?width=300&quality=85&auto=format&fit=max&s=928f1bb66d1e2123d4be12a6fe7a5b4c
000175.jpg,https://i.ebayimg.com/images/g/PIoAAOSwTxJc~-zt/s-l300.jpg
000176.jpg,https://rukminim1.flixcart.com/image/704/704/jxgflow0/plant-seed/h/g/8/30-gardens-world-s-hottest-pepper-trinidad-moruga-scorpion-original-imafhwhnjbggzkyy.jpeg?q=70
000177.jpg,https://c8.alamy.com/comp/GJR51P/two-trinidad-moruga-scorpion-chillies-or-capsicum-chinense-growing-GJR51P.jpg
000178.jpg,https://m-garden.eu/img/4242/trimorueg_altpic_1/trimorueg_altpic_1.jpg?time=1508510321
000179.jpg,https://fscomps.fotosearch.com/compc/CSP/CSP462/trinidad-moruga-scorpion-pepper-stock-image__k25686351.jpg
000180.jpg,https://chillipepperpete.com/image/cache/catalog/Moruga_Scorpion-228x228.jpg
000181.jpg,https://kcdgarden.com/varieties/220/Trinidad%20Moruga%20Scorpion.jpg?width=730&height=500&mode=crop&format=jpg&quality=65
000182.jpg,https://cdn.shopify.com/s/files/1/0237/0893/products/trinidad-moruga-scorpion-pepper-powder-trinidad-moruga-scorpion-powder-sonoran-spice-75-oz-511823.jpg?v=1559773919
000183.jpg,https://5.imimg.com/data5/HG/HN/XB/GLADMIN-16770492/selection-104-500x500.png
000184.jpg,https://www.chilliwizards-trade.co.uk/Graphics/Std_Product_Images/trinidad-moruga-scorpion-chilli-mash-1ltr-to-25ltr-2nd-worlds-hottest-356-p.jpg
000185.jpg,https://image.spreadshirtmedia.com/image-server/v1/mp/products/T1313A1MPA2689PT10X9Y5D1018757257FS1655/views/3,width=550,height=550,appearanceId=1,backgroundColor=F2F2F2,version=1568588759/trinidad-moruga-scorpion-chili-pepper-spicy-enamel-mug.jpg
000186.jpg,https://s12emagst.akamaized.net/products/10595/10594001/images/res_6e3f1698ed89ed7a058acf4d27a7f28e_full.jpg
000187.jpg,https://static.wixstatic.com/media/d45f52_98f03db2eb8b419aa7d05b35354b0b9c~mv2.png/v1/fill/w_640,h_358,al_c,q_90/Trinidad%20Moruga%20Scorpion%20Pepper.webp
000188.jpg,https://easyhydro.co.uk/wp-content/uploads/2019/02/trinidad-moruga.scorpion-caramel1.jpg
000189.jpg,https://www.chili-shop24.com/media/image/Trinidad_Scorpion_Moruga.jpg
000190.jpg,https://www.hot-headz.com/image/cache/data/hotheadz/c233-700x700.jpg
000191.jpg,https://image.dhgate.com/0x0p/f2/albu/g7/M00/A9/FF/rBVaSVs4hgaAM1E9AAp-5DYCUuQ779.jpg
000192.jpg,http://rahiseedbank.com/wp-content/uploads/2014/07/t119.jpg
000193.jpg,https://gd.image-gmkt.com/100PCS-GHOST-PEPPER-CAROLINA-REAPER-TRINIDAD-MORUGA-SCORPION/li/888/710/1204710888.g_400-w_g.jpg
000194.jpg,https://pixfeeds.com/uploads/images/1/82/5374893-640_845889146-1605346_p.jpg
000195.jpg,https://www.bmorespicy.com/wp-content/uploads/imported/9/20-Seeds-Yellow-Trinidad-Moruga-Scorpion-Hottest-Chili-pepper-EXTREME-Rare-Chile-182378816629.jpg
000196.jpg,https://i0.wp.com/www.chilefoundry.co.uk/wp-content/uploads/MorugaScorpion_sm.jpg
000197.jpg,https://www.flortis.it/media/catalogo/prodotti/3/1553787338136PEPERONCINO_TRINIDAD_MORUGA_SCORPION_4365410.png
000198.jpg,https://www.pepperworldhotshop.com/out/pictures/generated/product/3/540_340_75/trinidad_moruga_scorpion_red_sc216_3.jpg
000199.jpg,http://salsaspicantes.net/wp-content/uploads/2019/04/chile-trinidad-moruga-scorpion.jpg
000200.jpg,https://cloud.glstock.com/79547/3848567/trinidad-moruga-scorpion-peppers.jpg
000201.jpg,http://robedebal.info/wp-content/uploads/2018/11/trinadad-scorpion-seeds-trinidad-moruga-scorpion-seeds-uk.jpg
000202.jpg,http://caribbeanpot.com/wp-content/uploads/2013/12/trinidad-moruga-scorpion-pepper-sauce-2.jpg
000203.jpg,https://www.trymynuts.com/thumbnail.asp?file=assets/images/trinidad%20moruga%20scorpion%20hot%20sauce.jpg&maxx=500&maxy=0
000204.jpg,https://professionale.saissementi.it/wp-content/uploads/sites/2/2014/08/trinidad-giallo.jpg
000205.jpg,https://cdn.mos.cms.futurecdn.net/kkNhysm6R2PhUVhng6ShSj-320-80.png
000206.jpg,http://www.kaleidoscopedinner.co.uk/image/cache/data/category_27/100pcsbag%20Rare%20Trinidad%20Moruga%20Scorpion%20Pepper%20plant%20Vegetable%20flores%20NON%20GMObonsai%20pepper%20plantas%20for%20Home%20garden%20ali24076088_1-500x500-product_popup.jpg
000207.jpg,https://i0.wp.com/www.eatdrinkoc.com/wp-content/uploads/2014/07/pepper1.jpg?resize=614%2C445&ssl=1
000208.jpg,https://i1.wp.com/www.peppersbymail.com/wp-content/uploads/simple_photo_gallery/9/trinidad_moruga_scorpion_04.jpg?fit=1280%2C960
000209.jpg,https://kcdgarden.com/varieties/28/IMG_3779.JPG?width=730&height=500&mode=crop&format=jpg&quality=65
000210.jpg,https://thumbs.dreamstime.com/z/chocolate-trinidad-moruga-scorpion-peppers-two-some-hottest-earth-register-well-over-million-59576945.jpg
000211.jpg,http://4.bp.blogspot.com/-BD8_hAcKNC0/VEz4gA3M4CI/AAAAAAAABYs/E0BXInzyTgU/s1600/7pod0.jpg
000212.jpg,https://cdn.imgbin.com/2/22/19/imgbin-chili-pepper-infinity-chili-trinidad-moruga-scorpion-trinidad-scorpion-butch-t-pepper-naga-morich-bhut-jolokia-5V9tjbFLPtr8VQhwXm1ij1hmJ.jpg
000213.jpg,https://www.pepperscale.com/wp-content/uploads/2017/07/trinidad-scorpion-butch-t-768x432.jpg
000214.jpg,https://i2.wp.com/topfoodfacts.com/wp-content/uploads/2013/01/Trinidad-Moruga-Scorpion-the-Hottest-Pepper-in-the-World.jpg?fit=640%2C360
000215.jpg,https://www.picclickimg.com/d/l400/pict/372571532808_/COMBO-PACK-Ghost-pepper-Carolina-Reaper-Trinidad-Moruga.jpg
000216.jpg,http://newscenter.nmsu.edu/Photos/get/8389/full/Trinidad_Moruga_Scorpion_2.jpg
000217.jpg,https://www.exotic-seeds.store/4013-home_default/trinidad-moruga-scorpion-yellow-seeds-worlds-hottest.jpg
000218.jpg,https://static.wixstatic.com/media/d45f52_f71852cafd0047f083b44160d364f9c3~mv2.png/v1/fill/w_784,h_508,al_c,q_90/Trinidad%20Moruga%20Scorpion%20Pepper.webp
000219.jpg,https://www.superhotchiles.com/wp-content/uploads/2018/07/Morunga_Scorpion_4-600x400.jpg
000220.jpg,https://i1.wp.com/realfoodmostlyplants.com/wp-content/uploads/2014/06/Trinidad-Moruga-Scorpions2.jpg?fit=2841%2C2478&ssl=1&is-pending-load=1
000221.jpg,https://cdn.starwebserver.se/shops/spicehouse/files/cache/trinidad-moruga-scorpion-chilli-puree-200ml-3957-pekm660x660ekm_grande.jpg?_=1517413834
000222.jpg,https://www.chilipeppermadness.com/wp-content/uploads/2018/03/3119c7be2ab58173062c39c6b8c72ed7.jpg
000223.jpg,https://nova.co.at/marsNova/Thumbnail?oid=9630052&version=-2&thumbnailVersion=3
000224.jpg,https://www.chili-shop24.com/media/image/68/cf/f8/9502_1_oT_600x600.jpg
000225.jpg,http://www.anmolqf.com/wp-content/uploads/2017/09/trinidad_moruga_scorpion_chilli-1.png
000226.jpg,https://scallywagandvagabond.com/wp-content/uploads/2012/02/moruga-scorpions-2.jpg
000227.jpg,https://live.staticflickr.com/562/18505741285_5566c695ec_b.jpg
000228.jpg,http://www.hortiservice.hu/media/product/0/Trinidad%20Moruga%20Scorpion.JPG
000229.jpg,https://www.researchgate.net/profile/Liliana_Munoz-Ramirez/publication/329959413/figure/fig1/AS:712822812049408@1546961610028/Varieties-evaluated-include-A-Bhut-Jolokia-B-Trinidad-Moruga-Scorpion-and-C_Q640.jpg
000230.jpg,https://cdn.shopify.com/s/files/1/0871/0950/files/Trinidad-Moruga-Scorpion-Pepper-Seeds.jpg?v=1542305684
000231.jpg,https://ae01.alicdn.com/kf/HTB1iXuCa.jrK1RkHFNRq6ySvpXaM/100PCS-100-Genuine-Fresh-Rare-Trinidad-Moruga-Scorpion-Campanula-Pepper-Bonsai-hot-Chilli-Organic-Vegetable-Free.jpg
000232.jpg,https://image.shutterstock.com/image-photo/close-photo-trinidad-moruga-scorpion-260nw-1488356249.jpg
000233.jpg,https://www.magicgardenseeds.de/pics/mgs/1231/1000/Chili-'Trinidad-Moruga-Scorpion-Red'-(Capsicum-chinense).jpg
000234.jpg,https://res.cloudinary.com/teepublic/image/private/s--Edstcz6A--/t_Resized%20Artwork/c_crop,x_10,y_10/c_fit,w_409/c_crop,g_north_west,h_544,w_409,x_0,y_0/g_north_west,u_upload:v1446840592:production:blanks:y7jxq9bohzhad5bkpchb,x_-428,y_-347/b_rgb:eeeeee/c_limit,f_jpg,h_630,q_90,w_630/v1540488728/production/designs/3387153_0.jpg
000235.jpg,http://i.imgur.com/zNMWcuK.jpg
000236.jpg,http://gullosgc.com/wp-content/uploads/2018/05/TRINIDAD-MORUGA-500x500.jpg
000237.jpg,https://garden-tags-live.s3-accelerate.amazonaws.com/aussiewolf_1460856065456.jpeg
000238.jpg,https://www.trymynuts.com/assets/images/trinidad%20moruga%20salsa.jpg
000239.jpg,https://en.pimg.jp/032/054/388/1/32054388.jpg
000240.jpg,https://cdn11.bigcommerce.com/s-apotcf0e6i/images/stencil/1280x1280/products/161/627/Cropped_VD_Scorpion__00868.1505861659.png?c=2&imbypass=on
000241.jpg,https://i.etsystatic.com/9911861/r/il/09f64a/1146160799/il_794xN.1146160799_o1p4.jpg
000242.jpg,https://sep.yimg.com/ay/yhst-60941604558443/trinidad-scorpion-chili-pepper-powder-in-a-small-spice-jar-14g-2.png
000243.jpg,https://alchetron.com/cdn/trinidad-moruga-scorpion-1d0ea311-d444-4e95-a6ab-4f42d531a66-resize-750.jpeg
000244.jpg,https://www.chililovers.nu/wp-content/uploads/2015/07/trinidad-moruga-scorpion1.jpg
000245.jpg,https://organicseeds.top/_bl/2/56499423.jpg
000246.jpg,https://www.seminka-chilli.cz/fotografie/max/trinidad-scorpion-moruga-130-7.jpg
000247.jpg,https://i.imgur.com/Eh0DHiQ.jpg
000248.jpg,https://media.cold-hardy.com/2017/02/IMG_96011.jpg
000249.jpg,https://chilimania.hu/wp-content/uploads/Trinidad-Scorpio-Moruga-sz%C3%B3sz.jpg
000250.jpg,https://www.seeds-gallery.shop/4015-large_default/trinidad-moruga-scorpion-yellow-seeds-worlds-hottest.jpg
000251.jpg,https://p7.hiclipart.com/preview/236/697/299/black-pepper-chili-pepper-spice-trinidad-moruga-scorpion-capsicum-black-pepper-png.jpg
000252.jpg,https://img.reblog.hu/blogs/22755/fullsizerender20b1.jpg?w=640
000253.jpg,https://st2.depositphotos.com/3409541/11674/i/950/depositphotos_116746278-stock-photo-trinidad-moruga-scorpion-peppers.jpg
000254.jpg,https://www.cayennediane.com/wp-content/uploads/Trinidad_Scorpion_Butch_T1.jpg
000255.jpg,https://nova.co.at/marsNova/Thumbnail?oid=9630038&version=-2&thumbnailVersion=3
000256.jpg,https://i.ytimg.com/vi/gpX3UuEr7Fg/maxresdefault.jpg
000257.jpg,https://cdn-openbazaar.mubiz.com/image/1233d41c55840f2957dbc9c7cd7dd781d2983003/09427f475d00decbba6e52d12a21cdaa67eb3bce/
000258.jpg,https://i.pinimg.com/originals/23/c6/d5/23c6d5d2a0cd548da4c6d17425857bbf.jpg
000259.jpg,http://kulonleges-paradicsom.hu/wp-content/uploads/2016/10/trinidad-scorpion-moruga-yellow.jpg
000260.jpg,https://www.chillibritain.co.uk/image/cache/catalog/Powder/scorpian%20web-500x500.jpg
000261.jpg,http://www.rocketfuelfoods.com/wp-content/uploads/2017/10/SUPER-HIGH-OCTANE-2-OZ-TWIN-PACK-2-211x300_URB.jpg
000262.jpg,https://cf.shopee.ph/file/57b97eed906be84e8b72a52c0c146d5e
000263.jpg,http://www.magicplantshop.com/images/watermarked/1/detailed/2/Trinidad-Moruga-Whole-Pods.jpg
000264.jpg,http://i39.tinypic.com/jsbofc.jpg
000265.jpg,https://cdn.shortpixel.ai/client/q_glossy,ret_img,w_567/http://pali2razy.pl/wp-content/uploads/2018/09/trinidad_moruga_scorpion.png
000266.jpg,https://www.telegraph.co.uk/content/dam/Gardening/11sept/filename_ext_2645741a.jpg?imwidth=450
000267.jpg,http://cdn.allrefer.com/images/2015/07/1280px-bhut-jolokia09-360x270.jpg
000268.jpg,https://m.blog.hu/ga/gabkochilli/image/carolina.jpg
000269.jpg,https://i.imgur.com/pKPRlSl.jpg
000270.jpg,https://www.hottyplace.com/1801-tm_thickbox_default/moruga-scorpion-yellow-polvere-peperoncino-piccante-estremo-fruttato-vaso-10g.jpg
000271.jpg,http://www.detkichilis.hu/Images/Products/Moruga-szaritott-csomag.jpg
000272.jpg,https://shop.chilifarm.hu/wp-content/uploads/2019/07/carolina-reaper-chili-2-300x300.jpg
000273.jpg,https://previews.123rf.com/images/blackboard1965/blackboard19651612/blackboard1965161200099/69716275-red-hot-trinidad-moruga-scorpion-peppers-on-black-cutting-board.jpg
000274.jpg,https://i.ebayimg.com/images/g/uMkAAOSw-29ZU0Lz/s-l300.png
000275.jpg,http://www.chiliszoszok.hu/img/7378/779165_altpic_1/400x400/779165_altpic_1.jpg?time=1477833401
000276.jpg,http://www.artsgardenideas.co.uk/shopping/images/Ideas/Moruga225.jpg
000277.jpg,https://www.gardentags.com/profile/570upcycle/images/520439/750/capsicum-chinense-trinidad-moruga-scorpion.jpeg
000278.jpg,https://smokingjsfieryfoods.com/wp-content/uploads/2014/01/p-328-Trinidad-Scorpion-Mash.png
000279.jpg,https://sep.yimg.com/ay/yhst-134474119746231/yellow-trinidad-moruga-scorpion-3.gif
000280.jpg,https://www.h-h-shop.com/images/product_images/popup_images/Trinidad-Moruga-Scorpion-106-ml-L-albero-dei-golosi-2018-03-09CET09-59-02_0.jpg
000281.jpg,https://www.dailyherald.com/storyimage/DA/20120219/entlife/702199950/AR/0/AR-702199950.jpg&updated=201202161925&MaxW=900&maxH=900&noborder&Q=80
000282.jpg,https://ih1.redbubble.net/image.673602774.0266/ra%2Ctriblend_tee%2Cx900%2Cred_triblend%2Cfront-c%2C200%2C175%2C210%2C230-bg%2Cf8f8f8.lite-2.jpg
000283.jpg,http://img.cold-hardy.com/2015/07/moruga-long.jpg
000284.jpg,https://tbn.bidorbuy.co.za/image/fetch/dpr_1.0,f_auto,t_btbnx/https://img.bidorbuy.co.za/image/upload/v1492257700/user_images/805/1734805/170415140129_TRINIDAD%20RED.jpg
000285.jpg,http://cultivatethesky.com/wp-content/uploads/2018/12/IMG_20181206_112600.jpg
000286.jpg,https://reviewed-com-res.cloudinary.com/image/fetch/s--4tXip3xi--/b_white,c_limit,cs_srgb,f_auto,fl_progressive.strip_profile,g_center,q_auto,w_972/https://reviewed-production.s3.amazonaws.com/1453839254000/Trinidad-moruga-scorpion-1.jpg%232679%2C996
000287.jpg,http://growhotpeppers.com/wp-content/uploads/2017/03/ts-scorpions-moruga-1024x861.jpg
000288.jpg,https://i.ytimg.com/vi/KaxfLTb0fOI/maxresdefault.jpg
000289.jpg,https://storage.googleapis.com/wzukusers/user-31720284/images/5a72f112a6558ihLdbKB/Scorpion-Salsa.jpg
000290.jpg,https://chilli-seedz.com/wp-content/uploads/2016/08/IMG_9597-1-900x900.jpg
000291.jpg,https://www.theseedvault.co.za/images/cache/pepper_trinidad_moruga_scorpion.270.jpg
000292.jpg,https://bedziepieklo.pl/images/bedziepieklo/0-1000/Papryka-Trinidad-Moruga-Scorpion-suszona-w-calosci-30g_%5B269%5D_480.jpg
000293.jpg,https://cdn11.bigcommerce.com/s-cb3kf/images/stencil/900x1800/products/607/2963/Moruga_Scorpion_Pepper_Powder__39758.1535999616.jpg?c=2
000294.jpg,https://c7.uihere.com/files/570/625/151/chili-pepper-chili-con-carne-habanero-trinidad-moruga-scorpion-bell-pepper-northeast-chilli-sauce-thumb.jpg
000295.jpg,http://www.kaleidoscopedinner.co.uk/image/cache/data/category_27/100pcsbag%20Rare%20Trinidad%20Moruga%20Scorpion%20Pepper%20plant%20Vegetable%20flores%20NON%20GMObonsai%20pepper%20plantas%20for%20Home%20garden%20ali24076088-500x500-product_popup.jpg
000296.jpg,https://www.picclickimg.com/00/s/MTAwMVgxMDAx/z/H6UAAOSwR29ZKNPV/$_12.JPG
000297.jpg,https://i1.wp.com/www.peppersbymail.com/wp-content/uploads/2015/06/trinidad_moruga_scorpion_01.jpg?fit=1280%2C960
000298.jpg,https://thumbs.dreamstime.com/z/trinidad-moruga-scorpion-peppers-red-hot-black-cutting-board-82909374.jpg
000299.jpg,https://www.seminka-chilli.cz/fotografie/max/trinidad-scorpion-moruga-130-2.jpg
000300.jpg,https://fscomps.fotosearch.com/compc/CSP/CSP615/trinidad-moruga-scorpion-pepper-stock-image__k25686341.jpg
000301.jpg,http://www.guardian.co.tt/image-3.1718993.5a10fb9e86?size=512
000302.jpg,http://robedebal.info/wp-content/uploads/2018/11/trinadad-scorpion-seeds-scorpion-pepper-trinidad-moruga-scorpion-seeds-for-sale.jpg
000303.jpg,https://cdn.imgbin.com/9/3/19/imgbin-chili-pepper-trinidad-moruga-scorpion-scotch-bonnet-habanero-bhut-jolokia-chili-peppers-ddAFd12jq3Wz408aC8DDUSMB1.jpg
000304.jpg,https://www.devonchilliman.co.uk/wp-content/uploads/2017/03/Moruga-scorpion-yellow-chilli-seeds.jpg
000305.jpg,https://www.pepperworldhotshop.com/out/pictures/master/product/1/trinidadmorugascorpionyellow.jpg
000306.jpg,https://image.shutterstock.com/image-photo/trinidad-moruga-scorpion-capsicum-chinense-260nw-1489907954.jpg
000307.jpg,https://c8.alamy.com/comp/EB27JN/beautiful-red-trinidad-moruga-scorpion-chillies-growing-on-the-plant-EB27JN.jpg
000308.jpg,https://cdn.shopify.com/s/files/1/0871/0950/products/HatchRHotSandiaDryWeb_e37556aa-4331-4297-a192-cc8cd32366db_large.jpg?v=1542752876
000309.jpg,https://4.bp.blogspot.com/-LcXTik-wOMg/WkvVhHHv66I/AAAAAAAAEfI/_z60aqnWuxQQMAjvWhiH9a3eaPlKA7HBwCLcBGAs/s1600/Trinidad%2BMoruga%2BScorpion%2BCaramel%2Bscoville%2Bscale%2Bheat%2Bleavel.PNG
000310.jpg,https://i.redd.it/qcl2769ghv311.jpg
000311.jpg,https://recipeswitholiveoil.files.wordpress.com/2015/09/trinidad-moruga-scorpion-red-recipes-with-olive-oil-gusto-per-amore.jpg
000312.jpg,https://previews.123rf.com/images/blackboard1965/blackboard19651607/blackboard1965160700056/61385568-red-hot-trinidad-moruga-scorpion-peppers-on-black-background.jpg
000313.jpg,https://cloud.glstock.com/79547/3848592/trinidad-moruga-scorpion-peppers.jpg
000314.jpg,https://cdn11.bigcommerce.com/s-f6cx4kq/images/stencil/1280x1280/products/126/774/yellow_trinidad_moruga_scorpion_peppers_at_Tyler_Farms_seeds_2__91789.1521685688.jpg?c=2&imbypass=on
000315.jpg,https://i.ytimg.com/vi/RVnDoDYvECo/maxresdefault.jpg
000316.jpg,https://media.buzzle.com/media/images-en/photos/vegetables/450-12197732-trinidad-moruga-scorpion-pepper.jpg
000317.jpg,https://nova.co.at/marsNova/Thumbnail?oid=9845881&version=-2&thumbnailVersion=3
000318.jpg,https://www.chilliseedbank.com.au/media/catalog/product/cache/image/720x560/4c3462793ba5f87d7658a49338bdb5e2/c/h/choc_moruga.jpg
000319.jpg,https://mpng.pngfly.com/20180611/oxz/kisspng-habanero-fatalii-peppers-trinidad-moruga-scorpion-bhut-jolokia-5b1e1ec19139d4.6823822215287006095949.jpg
000320.jpg,http://caribbeanpot.com/wp-content/uploads/2016/10/Trinidad-scorpion-peanuts-7.jpg
000321.jpg,https://comps.canstockphoto.com/trinidad-moruga-scorpion-peppers-stock-photography_csp38695602.jpg
000322.jpg,https://i.imgur.com/a4uhpqU.jpg
000323.jpg,https://st2.depositphotos.com/3409541/11674/i/950/depositphotos_116746166-stock-photo-trinidad-moruga-scorpion-peppers.jpg
000324.jpg,https://adoboloco.com/wp-content/uploads/2016/12/Adoboloco-Maui-No-Ka-Oi-Trinidad-Moruga-Scorpion-Hot-Sauce-OR.jpg
000325.jpg,https://www.magicplantfarms.com/wp-content/uploads/2016/10/Scorpion-Pepper-Mash-Jar-left.jpg
000326.jpg,https://t4.ftcdn.net/jpg/01/31/27/93/500_F_131279364_FbRX1t0GwpJIyiOIGuNcy8ecfhTgcSMh.jpg
000327.jpg,https://live.staticflickr.com/7486/15953896711_2d417fbb19_b.jpg
000328.jpg,https://media.istockphoto.com/photos/trinidad-moruga-scorpion-peppers-picture-id577978678
000329.jpg,https://www.exotic-seeds.store/2467-home_default/trinidad-moruga-scorpion-flakes-worlds-hottest.jpg
000330.jpg,https://www.pepperworldhotshop.com/out/pictures/master/product/1/trinidad_moruga_scorpion_chocolate_chilipflanze_pj357.jpg
000331.jpg,https://thumbs.dreamstime.com/z/trinidad-moruga-scorpion-pepper-spicy-chili-world-black-background-50943888.jpg
000332.jpg,https://cdn.imgbin.com/11/21/22/imgbin-cherry-tomato-seed-chili-pepper-trinidad-moruga-scorpion-cultivar-capsicum-annuum-KPQ9frjfxJsHvk0cDRcUb3rvQ.jpg
000333.jpg,http://1.bp.blogspot.com/-V-q9yCHpAm8/UTEyDL_BJRI/AAAAAAAAA10/5d5oxR8kHdY/s1600/Moruga.jpg
000334.jpg,http://www.magicplantshop.com/images/watermarked/1/detailed/2/Moruga-Scorpion-Pepper-Powder.jpg
000335.jpg,https://previews.123rf.com/images/blackboard1965/blackboard19651503/blackboard1965150300145/37136349-trinidad-moruga-scorpion-spicy-chili-in-the-world-on-a-brown-background.jpg
000336.jpg,https://alchetron.com/cdn/trinidad-moruga-scorpion-70b1c25a-1497-479f-aedd-c8179d9e8be-resize-750.jpg
000337.jpg,https://www.pepperscale.com/wp-content/uploads/2013/07/trinidad-moruga-scorpion_lg.jpeg
000338.jpg,https://c7.uihere.com/files/285/615/806/frijoles-negros-black-pepper-spice-trinidad-moruga-scorpion-cumin-black-pepper.jpg
000339.jpg,https://nova.co.at/marsNova/Thumbnail?oid=9845882&version=-2&thumbnailVersion=3
000340.jpg,http://rahiseedbank.com/wp-content/uploads/2014/07/tr31.jpg
000341.jpg,https://i.redd.it/q64k7d6glvp11.jpg
000342.jpg,https://i.ytimg.com/vi/1JZ7LXTAGHY/hqdefault.jpg
000343.jpg,https://c8.alamy.com/comp/XCHYWC/trinidad-moruga-scorpion-yellow-chili-pepper-on-a-white-background-XCHYWC.jpg
000344.jpg,https://i.etsystatic.com/10816057/r/il/c1a3a1/788449560/il_794xN.788449560_bokt.jpg
000345.jpg,https://i2.wp.com/www.peppersbymail.com/wp-content/uploads/2014/12/trinidad_moruga_scorpion_01.jpg?fit=1280%2C960
000346.jpg,https://m.blog.hu/fo/foolchili/image/termekek/moruga/tsm01.jpg
000347.jpg,https://www.pepperseeds.eu/pub/media/catalog/product/cache/b56a9049443cfaeedfe24666b14227c1/c/h/chili_seeds_trinidad_moruga_scorpion_caramel_2.jpg
000348.jpg,https://st3.depositphotos.com/3409541/13520/i/1600/depositphotos_135203728-stock-photo-trinidad-moruga-scorpion-peppers.jpg
000349.jpg,https://comps.canstockphoto.com/trinidad-moruga-scorpion-peppers-stock-photography_csp38695600.jpg
000350.jpg,https://www.picclickimg.com/d/l400/pict/172347490091_/Trinidad-Moruga-Scorpion-Worlds-2nd-Hottest-Chilli.jpg
000351.jpg,https://adoboloco.com/wp-content/uploads/2013/08/Trinidad-Moruga-Scorpion-MauiNoKaOi-Adoboloco.jpg
000352.jpg,https://t3.ftcdn.net/jpg/01/68/37/68/500_F_168376828_ifzKNrAks2gyObijrv1JvlRzmk2RKB7t.jpg
000353.jpg,https://thumbs.dreamstime.com/z/trinidad-moruga-scorpion-pepper-isolated-white-49203059.jpg
000354.jpg,https://i.imgur.com/qPtspzP.jpg
000355.jpg,https://image.shutterstock.com/image-photo/photo-trinidad-moruga-scorpion-capsicum-260nw-1518304064.jpg
000356.jpg,https://i.ytimg.com/vi/JCMDXQRtfnU/hqdefault.jpg
000357.jpg,https://i.etsystatic.com/11551982/r/il/81f5d7/1175490566/il_570xN.1175490566_5ufq.jpg
000358.jpg,https://cdn.imgbin.com/5/8/18/imgbin-chili-pepper-chili-con-carne-habanero-trinidad-moruga-scorpion-others-KXBkdb5jig3v24bsajBV5Tn4G.jpg
000359.jpg,https://live.staticflickr.com/782/30998355403_6fae818fe1_b.jpg
000360.jpg,http://www.magicplantshop.com/images/watermarked/1/detailed/1/Moruga-Scorpion-flakes.jpg
000361.jpg,https://comps.canstockphoto.com/trinidad-moruga-scorpion-peppers-stock-photograph_csp38695597.jpg
000362.jpg,https://www.pepperworldhotshop.com/out/pictures/master/product/1/trinidad_moruga_scorpion_caramel_chilipflanze_pj356.jpg
000363.jpg,https://i.redd.it/6vha4uzc6hs01.jpg
000364.jpg,https://image.shutterstock.com/image-photo/trinidad-moruga-scorpion-capsicum-chinense-260nw-1489907951.jpg
000365.jpg,https://nova.co.at/marsNova/scr/cache/9845880v1tv3/N1710104-Capsicum-Trinidad-Moruga-Scorpion-Red.jpg
000366.jpg,https://www.picclickimg.com/d/l400/pict/173915131585_/Trinidad-Moruga-Scorpion-Pepper-Plants-Red-Three-Count.jpg
000367.jpg,https://live.staticflickr.com/3951/15359035710_9819c3e67b_b.jpg
000368.jpg,https://www.picclickimg.com/d/l400/pict/192760636863_/Trinidad-Moruga-Scorpion-pepper-plants-red-three-count.jpg
000369.jpg,https://i.ytimg.com/vi/jvSJLYNRhA0/hqdefault.jpg
000370.jpg,https://c8.alamy.com/comp/EH02KF/a-trinidad-moruga-scorpion-chilli-EH02KF.jpg
000371.jpg,http://www.magicplantshop.com/images/watermarked/1/detailed/2/Trinidad-Moruga-Powder-jar.jpg
000372.jpg,https://i.etsystatic.com/9911861/r/il/e233cb/1055417993/il_794xN.1055417993_n058.jpg
000373.jpg,https://chilli-seedz.com/wp-content/uploads/2016/03/Moruga-Seeds-858x338.jpg
000374.jpg,http://www.peppersbymail.com/wp-content/uploads/2014/12/trinidad_moruga_scorpion_02.jpg
000375.jpg,https://i.redd.it/xcw077iruuh31.jpg
000376.jpg,https://image.shutterstock.com/image-photo/close-photo-trinidad-moruga-scorpion-260nw-1488356255.jpg
000377.jpg,https://i.ytimg.com/vi/f4218P2UpWs/maxresdefault.jpg
000378.jpg,https://i.ytimg.com/vi/Oe71U3eyxVg/hqdefault.jpg
000379.jpg,https://external-preview.redd.it/PIQ5QxgEgbrBuSCyTxecm5KsShRMb7fsmuhIZ4i1RtI.jpg?width=640&crop=smart&auto=webp&s=88be60512676810698cb22839900795295570ce8
000380.jpg,https://i.imgur.com/4rtOb4j.jpg
000381.jpg,https://i.ytimg.com/vi/L7X3aMAy4jc/maxresdefault.jpg
000382.jpg,https://i.ytimg.com/vi/AkGNbYLg7TI/hqdefault.jpg
000383.jpg,https://external-preview.redd.it/W07fGerc7sUHHmso-gqDeZSGWV_c-yTJUg5V68jWMLI.jpg?width=768&auto=webp&s=8c0ceb9e6b07f480d9d3bfd39b3cdd4b11631aed
000384.jpg,https://i.ytimg.com/vi/i2wBuJbIX-A/hqdefault.jpg
000385.jpg,https://i.redd.it/6j3ucat3wod11.jpg
000386.jpg,https://i.imgur.com/l7dMkbR.jpg
000387.jpg,https://i.redd.it/letdohg0wf801.jpg
000388.jpg,https://www.pepperscale.com/wp-content/uploads/2013/07/Trinidad-Moruga-Scorpion.jpg
000389.jpg,https://i.ytimg.com/vi/By-Q5TOude8/maxresdefault.jpg
000390.jpg,https://weswings.files.wordpress.com/2014/10/trinidad-scorpion-moruga-5.jpg
000391.jpg,https://pepperhead.com/wp-content/uploads/2016/12/Moruga-Scorpion2-e1529428416563.jpg
000392.jpg,https://robsallotmentblog.files.wordpress.com/2015/02/trinidad-moruga-scorpion.jpg
000393.jpg,https://quintessentialruminations.files.wordpress.com/2013/03/trinidad-moruga-scorpion.jpg
000394.jpg,https://www.seminka-chilli.cz/fotografie/max/trinidad-scorpion-moruga-130-7.jpg
000395.jpg,https://64f3af98a19fcdc38cfe-39a6ad9c1a35b5ccf200eff7491ba20a.ssl.cf1.rackcdn.com/prod_24999_12226.V1.jpg
000396.jpg,http://cdn.shopify.com/s/files/1/0860/2016/products/Trinidad_Moruga_Scorpion_grande.jpg
000397.jpg,https://www.seminka-chilli.cz/fotografie/max/trinidad-scorpion-moruga-130-2.jpg
000398.jpg,http://img.cold-hardy.com/2015/07/moruga-long.jpg
000399.jpg,https://img.cold-hardy.com/2014/07/scorpion-chili.jpg
000400.jpg,https://cdn.thehippyseedcompany.com/wp-content/uploads/2017/07/Trinidad-Moruga-Scorpion.jpg
000401.jpg,https://recipeswitholiveoil.files.wordpress.com/2015/09/trinidad-moruga-scorpion-red-recipes-with-olive-oil-gusto-per-amore.jpg
000402.jpg,https://chilli-seedz.com/wp-content/uploads/2016/03/Moruga-Seeds.jpg
000403.jpg,https://static.webshopapp.com/shops/133932/files/103140941/450x450x2/sambal-trinidad-moruga-scorpion.jpg
000404.jpg,http://www.peppersbymail.com/wp-content/uploads/2014/12/trinidad_moruga_scorpion_01.jpg
000405.jpg,http://www.peppersbymail.com/wp-content/uploads/2015/06/trinidad_moruga_scorpion_01.jpg
000406.jpg,http://www.peppersbymail.com/wp-content/uploads/2015/06/trinidad_moruga_scorpion_04.jpg
000407.jpg,http://img.cold-hardy.com/2015/07/moruga-scorpion-normal.jpg
000408.jpg,https://i.ebayimg.com/images/i/371963486187-0-1/s-l1000.jpg
000409.jpg,http://img.cold-hardy.com/2015/07/moruga-chilli-normal-potted.jpg
000410.jpg,https://fordtufff.files.wordpress.com/2013/09/0063.jpg
000411.jpg,https://c8.alamy.com/comp/EB27JN/beautiful-red-trinidad-moruga-scorpion-chillies-growing-on-the-plant-EB27JN.jpg
000412.jpg,https://c8.alamy.com/comp/GJR51P/two-trinidad-moruga-scorpion-chillies-or-capsicum-chinense-growing-GJR51P.jpg
000413.jpg,https://c8.alamy.com/comp/F410DF/trinidad-moruga-scorpion-chili-peppers-F410DF.jpg
000414.jpg,https://www.worldseedsupply.com/wp-content/uploads/2014/08/780839201-IMG_8028.jpg
000415.jpg,https://www.peperoncinipiccanti.com/wp-content/uploads/2016/09/trinidad-moruga-scorpion.jpg
000416.jpg,http://www.htpepper.com/wp-content/uploads/2015/09/TSYCardi01.jpg
000417.jpg,http://www.magicplantshop.com/images/watermarked/1/detailed/1/Moruga-Scorpion-Pepper_1911-6e.jpg
000418.jpg,https://alamopeppers.com/media/catalog/product/cache/1/image/1300x1300/9df78eab33525d08d6e5fb8d27136e95/c/h/chocolatemoruga_s.jpg
000419.jpg,https://alamopeppers.com/media/catalog/product/cache/1/image/1300x1300/9df78eab33525d08d6e5fb8d27136e95/t/r/trinidadmorugascorpion_s_new_mark_4.jpg
000420.jpg,https://chilifarm.hu/wp-content/uploads/2017/01/trinidad-moruga-scorpion.jpg
000421.jpg,http://www.chillipikanterie.cz/img/uploads/hires/trinidad_scorpion_moruga4.jpg
000422.jpg,https://d36tnp772eyphs.cloudfront.net/blogs/1/2017/02/15953896711_7b927bbe65_k.jpg
000423.jpg,http://chilli.cz/wp-content/uploads/2017/01/Trinidad-Scorpion-Moruga-6-1125x1375.jpg
000424.jpg,https://alamopeppers.com/media/catalog/product/cache/1/image/1300x1300/9df78eab33525d08d6e5fb8d27136e95/t/r/trinidad-moruga-scorpion-powder-half-oz.jpg
000425.jpg,https://chilli-seedz.com/wp-content/uploads/2016/08/IMG_9597-1-900x900.jpg
000426.jpg,https://fordtufff.files.wordpress.com/2013/07/012.jpg
000427.jpg,https://webaruhaz.kertlap.hu/wp-content/uploads/2018/01/trinidad-scorpion-moruga-chocolate.jpg
000428.jpg,http://www.peperoncinipiccanti.com/wp-content/uploads/2016/09/trinidad-moruga-scorpion-red.jpg
000429.jpg,http://newscenter.nmsu.edu/Photos/get/5050/full/Trinidad_Moruga.jpg
000430.jpg,https://c8.alamy.com/comp/PEXMJ7/unripe-trinidad-moruga-extremely-hot-pepper-PEXMJ7.jpg
000431.jpg,https://www.seeds-gallery.shop/4015-home_default/trinidad-moruga-scorpion-yellow-seeds-worlds-hottest.jpg
000432.jpg,https://c8.alamy.com/comp/F8EWM6/chili-pepper-trinidad-moruga-scorpion-F8EWM6.jpg
000433.jpg,http://farm3.staticflickr.com/2943/15304136106_cfb1ed8593_o.jpg
000434.jpg,http://upload.wikimedia.org/wikipedia/commons/7/77/Pots_of_Trinidad_Scorpion.jpg
000435.jpg,https://www.bmorespicy.com/wp-content/uploads/imported/2/COMBO-PACK-Ghost-pepper-Carolina-Reaper-Trinidad-Moruga-Scorpion-Hot-chili-seeds-181591144882-9.jpg
000436.jpg,http://www.peperoncinipiccanti.com/wp-content/uploads/2016/09/trinidad-moruga-scorpion-dimensioni.jpg
000437.jpg,https://www.peperoncinipiccanti.com/wp-content/uploads/2016/09/trinidad-moruga-scorpion-peperoncino.jpg
000438.jpg,http://hereandnow.legacy.wbur.org/files/2012/03/0308_pepper3.jpg
000439.jpg,https://thumbs.dreamstime.com/z/chocolate-trinidad-moruga-scorpion-peppers-two-some-hottest-earth-register-well-over-million-59576945.jpg
000440.jpg,http://www.semipeperoncino.com/Trinidad%20Moruga%20Scorpion1.jpg
000441.jpg,http://www.chilisorte.de/fotos/Trinidad-Scorpion-Moruga.jpg
000442.jpg,https://www.bazos.cz/img/1/942/111165942.jpg
000443.jpg,https://chilli-seedz.com/wp-content/uploads/2016/08/IMG_9648-1-900x900.jpg
000444.jpg,https://www.volimljuto.com/wp-content/uploads/2018/05/trinidad-scorpion-moruga-12.jpg
000445.jpg,https://static.kupindoslike.com/Trinidad-Scorpion-Moruga-Yellow-Chili-pepper-20-semen_slika_O_87574485.jpg
000446.jpg,https://static.kupindoslike.com/Trinidad-Scorpion-Moruga-Yellow-Chili-pepper-25-semena_slika_O_92574117.jpg
000447.jpg,https://i0.wp.com/www.peppersbymail.com/wp-content/uploads/2015/06/trinidad_moruga_scorpion_02.jpg
000448.jpg,http://3.bp.blogspot.com/-tBxqtYIZqpk/UrJfUBELzHI/AAAAAAAAARo/QIVLjFqlgNg/s1600/20131219_102345.jpg
000449.jpg,https://c8.alamy.com/comp/F5W2N8/yellow-trinidad-moruga-scorpion-on-a-white-background-F5W2N8.jpg
000450.jpg,https://c8.alamy.com/comp/F8EWC1/chili-pepper-trinidad-moruga-scorpion-F8EWC1.jpg
000451.jpg,https://http2.mlstatic.com/trinidad-moruga-scorpion-rojo-semillas-chile-mas-picoso-D_NQ_NP_608126-MLM25926351163_082017-F.jpg
000452.jpg,https://thumbs.dreamstime.com/z/trinidad-moruga-scorpion-pepper-spicy-chili-world-black-background-50943888.jpg
000453.jpg,https://www.seeds-gallery.shop/960-large_default/semillas-de-pimiento-trinidad-scorpion-moruga.jpg
000454.jpg,https://pepperhead.com/wp-content/uploads/2016/12/Hottest-Pepper-In-The-World.jpg
000455.jpg,https://www.seeds-gallery.shop/960-home_default/trinidad-moruga-scorpion-seme-najljuci-cili.jpg
000456.jpg,https://www.volimljuto.com/wp-content/uploads/2018/05/5_sjeme_trinidad_scorpion_moruga-7.jpg
000457.jpg,https://alamopeppers.com/media/catalog/product/y/e/yellow-moruga.jpg
000458.jpg,http://chili-papricice.com/wp-content/uploads/2014/03/DSCN6077.jpg
000459.jpg,http://www.boucherie-beau-bien.ca/wp-content/uploads/2015/07/69-Side-02.jpg
000460.jpg,http://1.bp.blogspot.com/-YlL08CvA_yE/UrJj2ZA7fQI/AAAAAAAAASM/surjkz7IYyU/s1600/20131219_102230.jpg
000461.jpg,https://fordtufff.files.wordpress.com/2015/02/0011.jpg
000462.jpg,https://www.seeds-gallery.shop/2467-home_default/trinidad-moruga-scorpion-hojuelas-de-chile.jpg
000463.jpg,http://www.chilibaron.ch/images/stories/virtuemart/product/Moruga8.jpg
000464.jpg,https://static.kupindoslike.com/Trinidad-Scorpion-Moruga-Yellow-Chili-pepper-25-semena_slika_O_92574113.jpg
000465.jpg,https://static.kupindoslike.com/Trinidad-Scorpion-Moruga-Red-Chili-pepper-25-semenki_slika_O_92574061.jpg
000466.jpg,https://c8.alamy.com/comp/H8MTFK/three-mixed-chilli-peppers-on-a-white-background-a-long-joe-a-norfolk-H8MTFK.jpg
000467.jpg,https://c8.alamy.com/comp/K7CXAF/super-hot-spicy-scorpion-bhut-jolokia-pepper-ready-to-use-K7CXAF.jpg
000468.jpg,https://c8.alamy.com/comp/K94P08/red-hot-chilli-pepper-bhut-jolokia-on-a-plant-capsicum-chinense-peppers-K94P08.jpg
000469.jpg,https://c8.alamy.com/comp/K7CX34/super-hot-spicy-scorpion-bhut-jolokia-pepper-ready-to-use-K7CX34.jpg
000470.jpg,https://c8.alamy.com/comp/FRJP2B/fresh-red-hot-scorpion-chili-peppers-on-white-background-FRJP2B.jpg
000471.jpg,http://2.bp.blogspot.com/-mXTLmpujazQ/VWTS_uCD5WI/AAAAAAAAASg/7RLy538whlA/s1600/20150518_153203.jpg
000472.jpg,https://justenoughheat.com/wp-content/uploads/2014/10/TrinidadBBQ.jpg
000473.jpg,https://adoboloco.com/wp-content/uploads/2016/12/Adoboloco-Maui-No-Ka-Oi-Hot-Sauce-3-Bottles-Web-Cropped.jpg
000474.jpg,https://c8.alamy.com/comp/HMEC96/fresh-ripe-caribbean-red-habanero-hot-chili-pepper-with-green-stem-HMEC96.jpg
000475.jpg,https://c8.alamy.com/comp/HY6EN2/several-pots-of-red-pepper-stacked-for-sale-on-the-market-HY6EN2.jpg
000476.jpg,https://c8.alamy.com/comp/K7CX9P/super-hot-spicy-scorpion-bhut-jolokia-pepper-ready-to-use-K7CX9P.jpg
000477.jpg,https://c8.alamy.com/comp/DDX7TC/as-part-of-kingston-food-festival-contestants-line-up-to-take-part-DDX7TC.jpg
