image,source
000001.jpg,https://www.pepperscale.com/wp-content/uploads/2017/05/trinidad-7-pot-pepper-768x459.jpg
000002.jpg,https://www.cayennediane.com/wp-content/uploads/2015/04/Trinidad-7-Pod.jpg
000003.jpg,http://www.tradewindsfruit.com/content/images/7_pot_pepper4.JPG
000004.jpg,http://cdn.shopify.com/s/files/1/0901/4616/products/Chili_Trinidad_7_Pot_Barrackapore1_grande.jpeg?v=1440506212
000005.jpg,https://www.superhotchiles.com/wp-content/uploads/2018/04/Trinidad-7-Pot-CARDI-Strain-Hot-Pepper-seeds.jpg
000006.jpg,https://www.superhotchiles.com/wp-content/uploads/2018/04/Trinidad-7-Pot-Jonah-seeds.jpg
000007.jpg,https://www.magicplantfarms.com/wp-content/uploads/2016/10/Trinidad-7-Pot-7-Pod-Jonah-400.jpg
000008.jpg,http://www.fieryfoodscentral.com/wp-content/uploads/2010/10/scorpionarticle10-2010.jpg
000009.jpg,http://www.fieryfoodscentral.com/wp-content/uploads/2010/10/scorpionarticle1-2010.jpg
000010.jpg,https://i.pinimg.com/originals/ff/77/94/ff7794242d2d765a4b5f77afbcdd8e7b.jpg
000011.jpg,http://rahiseedbank.com/wp-content/uploads/2014/07/r22.jpg
000012.jpg,https://alamopeppers.com/media/catalog/product/cache/1/image/1300x1300/9df78eab33525d08d6e5fb8d27136e95/b/a/barrackpore.jpg
000013.jpg,http://www.tradewindsfruit.com/content/images/trinidad_douglah_pepper2.jpg
000014.jpg,https://www.chileseeds.co.uk/wp-content/uploads/2016/10/Trinidad7PodJonahchilliseeds.jpg
000015.jpg,https://cdn.shopify.com/s/files/1/0871/0950/products/7PotJonah_1024x1024.gif?v=1548196388
000016.jpg,https://i.ebayimg.com/images/g/9F8AAOSw~OdVfknC/s-l300.jpg
000017.jpg,https://cdn.shopify.com/s/files/1/0871/0950/products/7potdouglah_a26e89a8-4789-46da-bc23-1338d2edc8cf_1024x1024.gif?v=1556211916
000018.jpg,https://www.superhotchiles.com/wp-content/uploads/2018/04/Trinidad-7-Pot-Douglah-Dried-Peppers.jpg
000019.jpg,http://www.htpepper.com/wp-content/uploads/2015/09/7PJ-x-TSY-RedF2-01.jpg
000020.jpg,https://i.pinimg.com/736x/0b/79/b9/0b79b98ebe41daf00bfdbc41a183227b.jpg
000021.jpg,https://www.ukchilliseeds.co.uk/ekmps/shops/chilliwizard/images/trinidad-7-pod-jonah-10-x-seeds-674-p.jpg
000022.jpg,https://www.superhotchiles.com/wp-content/uploads/2018/04/Trinidad-Yellow-7-Pot-Dried-Peppers.jpg
000023.jpg,https://www.chileseeds.co.uk/wp-content/uploads/2018/09/chilliSeedsPrimoYellow.jpg
000024.jpg,https://cdn11.bigcommerce.com/s-f6cx4kq/images/stencil/1280x1280/products/118/1159/Red_7_pot_Pepper_tyler_farms__17647.1549334572.png?c=2&imbypass=on
000025.jpg,https://www.ukchilliseeds.co.uk/ekmps/shops/chilliwizard/images/trinidad-7-pot-barrackpore-10-x-seeds-[2]-310-p.jpg
000026.jpg,https://cdn.shopify.com/s/files/1/1654/8555/products/Trinidad_7_Pot_Primo_26_d_530x@2x.jpg?v=1542198199
000027.jpg,https://previews.123rf.com/images/maxsol7/maxsol71703/maxsol7170300017/73778033-trinidad-7-pod-seven-pot-red-pepper-capsicum-chinense-smooth-skinned-clipping-path.jpg
000028.jpg,https://thepepperseed.com/wp-content/gallery/misc/moruga-scorpion-pepper-results.jpg
000029.jpg,https://www.asklepios-seeds.de/pub/media/catalog/product/cache/e4d64343b1bc593f1c5348fe05efa4a6/7/p/7potdouglah-3.jpg
000030.jpg,https://www.seedwise.com/assets/uploads/listings/main/54caf453e36c6.jpg
000031.jpg,https://previews.123rf.com/images/maxsol7/maxsol71703/maxsol7170300014/73854560-trinidad-7-pod-seven-pot-red-pepper-capsicum-chinense-smooth-skinned-clipping-path-shadow-separated.jpg
000032.jpg,https://smokingjsfieryfoods.com/wp-content/uploads/Trinidad-7-Pot-Mash.png
000033.jpg,https://i.ytimg.com/vi/d5cJRvk6PjA/maxresdefault.jpg
000034.jpg,https://images-na.ssl-images-amazon.com/images/I/41KpOxTdxOL.jpg
000035.jpg,https://thepepperseed.com/wp-content/gallery/misc/trinidad-scorpion-morogu-blend.jpg
000036.jpg,https://previews.123rf.com/images/maxsol7/maxsol71703/maxsol7170300018/73854559-trinidad-7-pod-seven-pot-red-pepper-capsicum-chinense-smooth-skinned-clipping-path.jpg
000037.jpg,https://www.chileseeds.co.uk/wp-content/uploads/2016/10/chocolate_7_pot_chilli_seeds_placenta.jpg
000038.jpg,https://digginginthedriftless.files.wordpress.com/2012/05/untitled-2.gif
000039.jpg,https://www.ukchilliseeds.co.uk/ekmps/shops/chilliwizard/images/trinidad-7-pod-primo-x-10-seeds-306-p.jpg
000040.jpg,https://images-na.ssl-images-amazon.com/images/I/71arfrKBaRL._SX425_.jpg
000041.jpg,https://i.ebayimg.com/images/g/LjUAAOSwuMFUY1s2/s-l300.jpg
000042.jpg,http://rahiseedbank.com/wp-content/uploads/2014/07/r15.jpg
000043.jpg,https://thehippyseedcompany.com/wp-content/uploads/2017/06/Orange-7-pod-12.jpg
000044.jpg,https://markdaviesseeds.co.uk/content/images/thumbs/0003295_50-seeds-trinidad-7-pot-yellow-chilli-pepper_550.jpeg
000045.jpg,https://i0.wp.com/www.peppersbymail.com/wp-content/uploads/2015/02/chocolate_douglah.gif
000046.jpg,https://i.ebayimg.com/images/g/CB0AAOSwH3NXnsuD/s-l300.jpg
000047.jpg,https://previews.123rf.com/images/maxsol7/maxsol71703/maxsol7170300015/73940295-pile-of-trinidad-7-pod-seven-pot-red-peppers-capsicum-chinense-smooth-skinned-clipping-paths-shadow-.jpg
000048.jpg,https://images-na.ssl-images-amazon.com/images/I/41vKhXlhfGL.jpg
000049.jpg,https://markdaviesseeds.co.uk/content/images/thumbs/0002615_10-seeds-trinidad-7-pot-douglah-chocolate_550.jpeg
000050.jpg,https://images-na.ssl-images-amazon.com/images/I/61ybMN85aCL._SX425_.jpg
000051.jpg,https://www.magicplantfarms.com/wp-content/uploads/2016/09/Trinidad-7-Pot-7-Pod-Douglah-400.jpg
000052.jpg,https://www.rareseeds.com/assets/1/14/DimRegular/Pepper-Yellow-7-Pot-(wrinkled)-LSS-000_4960-.jpg
000053.jpg,https://cdn11.bigcommerce.com/s-f6cx4kq/images/stencil/1280x1280/products/252/1216/chocolate_7_pot_brain_strain_1__66143.1550549846.jpg?c=2&imbypass=on
000054.jpg,https://i.ebayimg.com/images/g/LfQAAOSw2xRYQZgQ/s-l400.jpg
000055.jpg,https://cdn.shopify.com/s/files/1/0220/1512/products/7_pot_red_grande.jpg?v=1485541343
000056.jpg,http://cdn.shopify.com/s/files/1/1022/5071/products/trinidad-7-pot-yellow-7-pot-pepper-aka-7-pod-orignial-yellow-variety-one-of-the-hottest-chilli-pepper-2_1024x1024.jpg?v=1565031988
000057.jpg,https://cdn11.bigcommerce.com/s-f6cx4kq/images/stencil/1280x1280/products/128/1080/7_pot_brain_strain__08941.1549136264.jpg?c=2&imbypass=on
000058.jpg,https://images-na.ssl-images-amazon.com/images/I/71mLZe3x2bL._SL1500_.jpg
000059.jpg,https://i.ebayimg.com/images/g/9-gAAOSwcdBWRPYL/s-l300.jpg
000060.jpg,https://images-na.ssl-images-amazon.com/images/I/41KVO330h6L.jpg
000061.jpg,https://www.researchgate.net/profile/Michael_Kantar/publication/306268440/figure/fig3/AS:396440963698692@1471530299311/All-Peppers-explored-for-nutritional-analysis-1-Bhut-Jolokia-2-Trinidad-7-Pot-3_Q640.jpg
000062.jpg,https://images-na.ssl-images-amazon.com/images/I/81GCkZTPizL._SX425_.jpg
000063.jpg,https://thehippyseedcompany.com/wp-content/uploads/2017/06/Yellow-7-pod-6.jpg
000064.jpg,https://static.wixstatic.com/media/92db72_6916bbac8fa44d3dac981cab07a8f993~mv2_d_2322_4128_s_2.jpg/v1/fill/w_480,h_853,al_c,q_85,usm_0.66_1.00_0.01/92db72_6916bbac8fa44d3dac981cab07a8f993~mv2_d_2322_4128_s_2.jpg
000065.jpg,https://cdn.shopify.com/s/files/1/0200/5036/products/1893957_121231165919_00320_740x.jpeg?v=1421156912
000066.jpg,https://tbn.bidorbuy.co.za/image/fetch/dpr_1.0,f_auto,t_btbnx/https://cdn.shopify.com/s/files/1/0200/5036/products/7pot_white.jpg%3Fv=1497945689
000067.jpg,https://cdn.thehippyseedcompany.com/wp-content/uploads/2017/07/White-7-pod.jpg
000068.jpg,https://croatianseeds-store.com/images/stories/virtuemart/product/7%20pot%20pink2.jpg
000069.jpg,https://www.pepperscale.com/wp-content/uploads/2017/08/7-Pot-Jonah-768x432.jpg
000070.jpg,http://d13z1xw8270sfc.cloudfront.net/origin/274851/1494382241005_pickedscorp1024.jpg
000071.jpg,https://cdn11.bigcommerce.com/s-f6cx4kq/images/stencil/1280x1280/products/198/1116/Yellow_7_pot_bubblegum__72237.1549147408.jpg?c=2&imbypass=on
000072.jpg,http://angelsfiresalsa.com/wp-content/uploads/2014/05/Image.jpg
000073.jpg,https://www.chileseeds.co.uk/wp-content/uploads/2018/09/7PotDouglahChilliPods.jpg
000074.jpg,https://croatianseeds-store.com/images/stories/virtuemart/product/scorpion%20pot%20mustard6.jpg
000075.jpg,https://images-na.ssl-images-amazon.com/images/I/81DPP7CSh1L._SX425_.jpg
000076.jpg,https://cdn11.bigcommerce.com/s-f6cx4kq/images/stencil/1280x1280/products/119/768/a_chocolate_7_pot_pepper_at_Tyler_Farms_seeds__44834.1521683999.jpg?c=2&imbypass=on
000077.jpg,https://www.superhotchiles.com/wp-content/uploads/2018/04/Trinidad-7-Pot-Mustard-Seeds.jpg
000078.jpg,https://cdn.shopify.com/s/files/1/0871/0950/products/7pot_white_1024x1024.jpg?v=1527632999
000079.jpg,https://www.seedwise.com/assets/uploads/listings/main/54cd5c9ed80ef.jpg
000080.jpg,https://www.ukchilliseeds.co.uk/ekmps/shops/chilliwizard/images/trinidad-7-pod-primo-yellow-x-10-seeds-938-p.jpg
000081.jpg,http://www.fieryfoodscentral.com/wp-content/uploads/2010/10/scorpionarticle2-2010.jpg
000082.jpg,https://www.chilipeppermadness.com/wp-content/uploads/2013/10/Chocolate-7-Pot-Peppers.jpg
000083.jpg,https://cdn11.bigcommerce.com/s-f6cx4kq/images/stencil/1280x1280/products/173/1072/7_Pot_Bubblegum_pepper__02348.1548716324.png?c=2&imbypass=on
000084.jpg,https://www.ukchilliseeds.co.uk/ekmps/shops/chilliwizard/images/trinidad-7-pod-burgundy-10-x-seeds-320-p.jpg
000085.jpg,https://www.hottyplace.com/img/p/9/4/9/949-home_default.jpg
000086.jpg,https://c8.alamy.com/comp/HTE7R0/trinidad-7-pod-seven-pot-red-pepper-capsicum-chinense-smooth-skinned-HTE7R0.jpg
000087.jpg,https://img3.stockfresh.com/files/m/maxsol7/m/50/9586666_stock-photo-trinidad-seven-pod-pepper-halves-paths.jpg
000088.jpg,https://pepperhead.com/wp-content/uploads/2016/12/7-Pot-Bubblegum-e1529429619806.jpg
000089.jpg,https://cdn.shopify.com/s/files/1/1654/8555/products/Trinidad_7_Pot_Primo_26_c_530x@2x.jpg?v=1542198199
000090.jpg,https://thechillifactory.com/images/products/IMG_7019.jpg
000091.jpg,https://www.researchgate.net/profile/Michael_Kantar/publication/306268440/figure/fig3/AS:396440963698692@1471530299311/All-Peppers-explored-for-nutritional-analysis-1-Bhut-Jolokia-2-Trinidad-7-Pot-3.png
000092.jpg,https://smallaxepeppers.com/wp-content/uploads/2019/02/Screen-Shot-2019-02-03-at-1.47.47-PM.png
000093.jpg,https://www.bmorespicy.com/wp-content/uploads/imported/5/Trinidad-7-Pot-pod-WHITE-100-Seeds-very-rare-Hot-pepper-Extreme-Spice-171788162515-3.jpg
000094.jpg,https://images.sellersourcebook.com/users/143753/7_pot_brain_strain_red_2.jpg
000095.jpg,https://www.pepperscale.com/wp-content/uploads/2017/07/7-Pot-Brain-Strain-768x576.jpg
000096.jpg,https://cdn11.bigcommerce.com/s-f6cx4kq/images/stencil/1280x1280/products/221/1128/yellow_7_pot_brain_strain_pepper__60341.1549152580.jpg?c=2&imbypass=on
000097.jpg,https://i.etsystatic.com/7824311/r/il/aaa5be/530782800/il_570xN.530782800_fje7.jpg
000098.jpg,https://static.artfire.com/uploads/mfs/items/09/77/large/0977d3883b85ab8967c94d240c7831da35152b8192d30963af8145b09660b0f8.jpg
000099.jpg,https://www.chilipeppermadness.com/wp-content/uploads/2017/06/7-Pot-Douglah-Pepper.jpg
000100.jpg,https://images-na.ssl-images-amazon.com/images/I/31BbEuA2m7L._SX425_.jpg
000101.jpg,https://www.chileseeds.co.uk/wp-content/uploads/2016/10/TrinidadscorpionYellow7Podchilliseeds.jpg
000102.jpg,https://i.etsystatic.com/9911861/r/il/a6efd2/705371392/il_570xN.705371392_e2mq.jpg
000103.jpg,https://cdn.shopify.com/s/files/1/0200/5036/products/1893957_130520213401_02730_740x.jpeg?v=1421477610
000104.jpg,https://cdn.shopify.com/s/files/1/0220/1512/products/7_Pot_Brown_ddf43d17-10e3-4ec2-b5d0-ae292a1cbbc1.jpg?v=1540538151
000105.jpg,https://thechillifactory.com/images/products/IMG_3037_The_Chilli_Factory_New_chilli_chili_Seeds_2015.jpg
000106.jpg,https://i.pinimg.com/originals/bb/19/cd/bb19cdef6acfcbe6909ab9830bef6ae5.jpg
000107.jpg,https://i.etsystatic.com/9911861/r/il/d495f4/1084341742/il_570xN.1084341742_qngz.jpg
000108.jpg,https://www.superhotchiles.com/wp-content/uploads/2018/04/7-Pot-Gigantic-SR-Red-Seeds.jpg
000109.jpg,https://www.hottyplace.com/1923-tm_thickbox_default/7-pot-jonah-peperoncino-trinidad-seven-pod-polvere-molto-piccante-flacone-10g.jpg
000110.jpg,https://images-na.ssl-images-amazon.com/images/I/91cvFmTf8yL._SX425_.jpg
000111.jpg,https://www.pepperscale.com/wp-content/uploads/2017/08/7-Pot-Barrackpore.jpg
000112.jpg,https://cdn.shopify.com/s/files/1/0200/5036/products/1893957_130928111434_02780_740x.jpeg?v=1421659617
000113.jpg,https://i.ebayimg.com/images/g/eXkAAOSwxCxT1epW/s-l300.jpg
000114.jpg,https://www.asklepios-seeds.de/pub/media/catalog/product/cache/e4d64343b1bc593f1c5348fe05efa4a6/7/-/7-pot-congo-sr-red.jpg
000115.jpg,https://www.superhotchiles.com/wp-content/uploads/2018/06/Trinidad_7_Pot_Gigantic_SR_1.jpg
000116.jpg,https://www.piedmontfarmandgarden.com/v/vspfiles/photos/PPP201-4.jpg?v-cache=1366092667
000117.jpg,https://cdn.shopify.com/s/files/1/0871/0950/products/Trin7PotWhite5_1024x1024.jpg?v=1553639326
000118.jpg,https://i.ebayimg.com/images/g/roYAAOSwZPdbsz5m/s-l300.jpg
000119.jpg,https://alamopeppers.com/media/catalog/product/c/h/chocolate_7_pot.gif
000120.jpg,http://www.tradewindsfruit.com/content/images/7-pot-barrackpore-pepper.jpg
000121.jpg,https://thehippyseedcompany.com/wp-content/uploads/2017/06/7-Pod-Jonah-Yellow-2.jpg
000122.jpg,https://smallaxepeppers.com/wp-content/uploads/2019/02/Barrackpore1-e1529503826259-291x300.jpg
000123.jpg,https://i.ytimg.com/vi/lr96YKk_RVw/hqdefault.jpg
000124.jpg,https://image.shutterstock.com/image-photo/set-trinidad-7-pod-seven-600w-597157745.jpg
000125.jpg,https://www.hot-chili-sauce.com/208-large_default/trinidad-7-pot-yellow-chili-seeds.jpg
000126.jpg,https://pepperhead.com/wp-content/uploads/7-Pot-Red.jpg
000127.jpg,https://cdn.shopify.com/s/files/1/0871/0950/products/7potGiantpepperpic_1024x1024.jpg?v=1559082055
000128.jpg,https://cdn.shopify.com/s/files/1/0188/0032/products/elixir-of-trinidad-7-pot-hot-sauce-pepper-heat-level-08-meta-related-collection-peppers-cajohns-chilly-chiles-largest-selection-in-canada-sauces-bottle_827.jpg
000129.jpg,https://thechillifactory.com/images/products/IMG_0139.jpg
000130.jpg,https://cdn.shopify.com/s/files/1/1523/7044/products/7PotBrown_large.jpg?v=1475803363
000131.jpg,https://c8.alamy.com/comp/HTE7T7/pile-of-trinidad-7-pod-seven-pot-red-peppers-capsicum-chinense-smooth-HTE7T7.jpg
000132.jpg,https://markdaviesseeds.co.uk/content/images/thumbs/0002703_20-seeds-trinidad-7-pot-yellow-chilli-pepper_550.jpeg
000133.jpg,https://i.etsystatic.com/8657432/r/il/a7e7f0/524347712/il_570xN.524347712_mrrj.jpg
000134.jpg,https://www.chili-shop24.com/media/image/41/07/fb/9179_7-Pot-White_600x600.jpg
000135.jpg,http://yakamoz.co/wp-content/uploads/2018/07/7-pot-douglah-7-pot-yellow-x-7-pot-pepper-seeds-white-hot-peppers-2-trinidad-7-pot-douglah-scoville.jpg
000136.jpg,https://i.ytimg.com/vi/083PDZUIqM0/hqdefault.jpg
000137.jpg,https://cdn.shopify.com/s/files/1/0200/5036/products/1893957_130422175233_02699_740x.jpeg?v=1421150980
000138.jpg,https://www.superhotchiles.com/wp-content/uploads/2018/06/Trinidad_7_Pot_Primo_4-600x400.jpg
000139.jpg,http://www.fieryfoodscentral.com/wp-content/uploads/2010/01/trinidad7podjonah4.jpg
000140.jpg,https://i.etsystatic.com/17951386/r/il/58e792/1719778345/il_570xN.1719778345_p3jr.jpg
000141.jpg,https://i.pinimg.com/originals/c5/a8/5d/c5a85d2a07756f8934029320a5a0f161.png
000142.jpg,https://thechillifactory.com/images/products/cropped_IMG_7086.jpg
000143.jpg,https://cdn11.bigcommerce.com/s-f6cx4kq/images/stencil/1280x1280/products/161/828/yellow_7_pot_ripening_tyler_farms__08040.1534260787.jpg
000144.jpg,https://www.bmorespicy.com/wp-content/uploads/imported/3/500-seeds-Trinidad-7-POD-Pot-Yellow-chili-Superhot-pepper-world-record-rare-171579192953.jpg
000145.jpg,https://cdn.shopify.com/s/files/1/0200/5036/products/03381_1024x1024.jpg?v=1566973667
000146.jpg,http://croatianseeds-store.com/images/stories/virtuemart/product/DSCF3135.jpg
000147.jpg,https://i.pinimg.com/originals/df/6e/cc/df6ecc6c6c2cdcad816cc6513bda1c10.gif
000148.jpg,https://www.hottyplace.com/1922-tm_thickbox_default/7-pot-jonah-peperoncino-trinidad-seven-pod-polvere-molto-piccante-flacone-10g.jpg
000149.jpg,https://www.ukchilliseeds.co.uk/ekmps/shops/chilliwizard/images/trinidad-7-pod-brain-strain-yellow-x-10-seeds-601-p.jpg
000150.jpg,http://www.fieryfoodscentral.com/wp-content/uploads/2010/10/scorpionarticle3-2010.jpg
000151.jpg,https://d36tnp772eyphs.cloudfront.net/blogs/1/2014/05/Scotch-bonnet-peppers.jpg
000152.jpg,https://www.cayennediane.com/wp-content/uploads/12-Hottest-Peppers-1000x640.jpg
000153.jpg,https://static.wixstatic.com/media/b32abc_59f0b5bc9f5149e3badccdaf28351727~mv2.jpg/v1/fill/w_480,h_360,al_c,q_85,usm_0.66_1.00_0.01/b32abc_59f0b5bc9f5149e3badccdaf28351727~mv2.jpg
000154.jpg,https://i1.wp.com/www.peppersbymail.com/wp-content/uploads/2016/09/20160925_140933.jpg?fit=2560%2C1536
000155.jpg,http://www.htpepper.com/wp-content/uploads/2015/09/7PJ-x-TSY-YellowF2-01.jpg
000156.jpg,http://www.burn-blog.com/wp-content/uploads/2013/07/hottest-pepper.jpg
000157.jpg,https://www.ukchilliseeds.co.uk/ekmps/shops/chilliwizard/images/trinidad-scorpion-chocolate-7-pot-[2]-831-p.jpg
000158.jpg,https://alamopeppers.com/news/wp-content/uploads/2015/05/pepper_scale.jpg
000159.jpg,https://www.exotic-plants.de/auktionsbilder/Chili_Trinidad_Douglah_7_Pot1.jpg
000160.jpg,https://www.seedwise.com/assets/uploads/listings/main/54cbcf374b9b1.jpg
000161.jpg,https://pepperhead.com/wp-content/uploads/2016/12/Moruga-Scorpion2-e1529428416563-247x300.jpg
000162.jpg,https://trademe.tmcdn.co.nz/photoserver/full/804425170.jpg
000163.jpg,http://yakamoz.co/wp-content/uploads/2018/07/7-pot-douglah-trinidad-7-pot-douglah-scoville.jpg
000164.jpg,https://cdn.shopify.com/s/files/1/0871/0950/products/Yellow-Brain-Strain-Hot-pepper-Seeds_1024x1024.jpg?v=1548196399
000165.jpg,https://www.hydroponics.eu/officinal-medical-vegetables-and-chilli-pepper-seeds/chilli-seeds-bank/7-pot-brown-10-x-pepper-seeds~Img_Principale_25139.jpg
000166.jpg,https://cdn.webshopapp.com/shops/60827/files/244641740/image.jpg
000167.jpg,https://cdn.shopify.com/s/files/1/0645/7913/products/HolyAlimony_2048x.JPG?v=1511476628
000168.jpg,http://rahiseedbank.com/wp-content/uploads/2014/07/0414.jpg
000169.jpg,https://thepepperseed.com/wp-content/gallery/peppers/img_4561.jpg
000170.jpg,https://i.ytimg.com/vi/bNSUjQU-P2w/maxresdefault.jpg
000171.jpg,https://i5.walmartimages.com/asr/a2c98618-7ffb-497e-82f4-6b6cee2d04e3_1.03303da09b80d82d94b90b16436c527e.jpeg?odnHeight=450&odnWidth=450&odnBg=FFFFFF
000172.jpg,https://c8.alamy.com/comp/EB27JF/studio-photo-of-super-hot-7-pot-yellow-chilli-pepper-isolated-on-white-EB27JF.jpg
000173.jpg,https://www.piedmontfarmandgarden.com/v/vspfiles/photos/PPP209-2.jpg?v-cache=1366092667
000174.jpg,https://cdn.shopify.com/s/files/1/0200/5036/products/1893957_130520213401_02731.jpeg?v=1421156514
000175.jpg,http://www.magicplantshop.com/images/watermarked/1/detailed/2/7-Pod-Douglah-Crushed-Jar.jpg
000176.jpg,https://thechillifactory.com/images/products/IMG_2916_The_Chilli_Factory_New_chilli_chili_Seeds_2015.jpg
000177.jpg,https://www.ukchilliseeds.co.uk/ekmps/shops/chilliwizard/images/trinidad-7-pod-brain-strain-yellow-x-10-seeds-[2]-601-p.jpg
000178.jpg,https://cmkt-image-prd.freetls.fastly.net/0.1.0/ps/2391354/910/607/m1/fpnw/wm1/badge-.jpg?1489226398&s=b00a5f57d702133fb5fd60fdf33e8d8d
000179.jpg,https://www.hottyplace.com/1921-tm_thickbox_default/7-pot-jonah-peperoncino-trinidad-seven-pod-polvere-molto-piccante-flacone-10g.jpg
000180.jpg,https://cdn.shopify.com/s/files/1/1022/5071/products/trinidad-7-pot-douglah-pepper-seeds-capsicum-chinense-super-hot-4_1024x1024.jpg?v=1565031986
000181.jpg,https://thepepperseed.com/wp-content/gallery/misc/morouga-scorpion-f1-chris-phillips-2.jpg
000182.jpg,https://cdn.shopify.com/s/files/1/0645/7913/products/unnamed_84dc53d0-5885-4c3f-9bf0-4ba79dfca3aa_2048x.jpg?v=1527138191
000183.jpg,https://www.chilipeppermadness.com/wp-content/uploads/2019/04/Trinidad-Scorpion-Peppers.jpg
000184.jpg,https://croatianseeds-store.com/images/stories/virtuemart/product/bubblegum%20red1.jpg
000185.jpg,https://thehippyseedcompany.com/wp-content/uploads/2017/06/7-pod-Rennie-15.jpg
000186.jpg,https://croatianseeds-store.com/images/stories/virtuemart/product/7PotRed.jpg
000187.jpg,https://www.pepperscale.com/wp-content/uploads/2014/11/Infinity-Pepper_lg.jpg
000188.jpg,https://assets.listia.com/photos/bee8509dc355e651f000/original.png?s=320x320m&sig=3bfb8a1e18f928b4&ts=1393074147
000189.jpg,https://www.cayennediane.com/wp-content/uploads/7-Pot-Douglah.jpg
000190.jpg,http://rahiseedbank.com/wp-content/uploads/2014/07/t12.jpg
000191.jpg,https://buyghostpepperplants.com/wp-content/uploads/2017/03/red_jonah_7pot_trinidad_scorpion_pepper_photos_and_pictures.jpg
000192.jpg,https://www.icmag.com/ic/picture.php?albumid=54275&pictureid=1497367
000193.jpg,http://croatianseeds-store.com/images/stories/virtuemart/product/BBGChocolate.jpg
000194.jpg,https://pepperhead.com/wp-content/uploads/2018/07/Moruga-Scorpion-Pepper.jpg
000195.jpg,https://acimg.auctivacommerce.com/imgdata/0/1/4/8/9/9/webimg/6795407.jpg
000196.jpg,https://zestyflavors.com/wp-content/uploads/2019/07/7-Pot-Primo-Pepper-1024x342.jpg
000197.jpg,https://chasingchilli.com.au/wp-content/uploads/2017/04/Carolina-Reaper.png
000198.jpg,https://thechillifactory.com/images/products/IMG_7151.jpg
000199.jpg,https://ghostpepperstore.com/assets/images/FreshPeppers/7%20Pot%20Madballz.jpg
000200.jpg,https://thechillifactory.com/images/products/IMG_2919_The_Chilli_Factory_New_chilli_chili_Seeds_2015.jpg
000201.jpg,https://cdn11.bigcommerce.com/s-apotcf0e6i/images/stencil/1280x1280/products/162/626/Cropped_VD_Chocolate_7_Pot__24251.1505861605.png?c=2&imbypass=on
000202.jpg,https://static.wixstatic.com/media/b7697a_0c78ece84d654a7daa12dbf91c96aaa1~mv2_d_3024_4032_s_4_2.jpeg/v1/fill/w_480,h_640,al_c,q_85,usm_0.66_1.00_0.01/b7697a_0c78ece84d654a7daa12dbf91c96aaa1~mv2_d_3024_4032_s_4_2.jpeg
000203.jpg,https://i.ytimg.com/vi/Rem3CP3nFLQ/maxresdefault.jpg
000204.jpg,https://chilli-seedz.com/wp-content/uploads/2015/11/IMG_11381-900x900.jpg
000205.jpg,https://www.pepperscale.com/wp-content/uploads/2013/07/trinidad-moruga-scorpion_lg.jpeg
000206.jpg,http://www.ell.gr/PEPPERS/Trinidad%207%20Pot%20Douglah.jpg
000207.jpg,https://smokingjsfieryfoods.com/wp-content/uploads/DriedTrinidad-7-Pot.png
000208.jpg,https://www.seminka-chilli.cz/fotografie/max/trinidad-7-pot-jonah-171-0.jpg
000209.jpg,http://greenlakenursery.net/wp-content/uploads/2015/06/7-pop-pepper-yellow.jpg
000210.jpg,https://www.bmorespicy.com/wp-content/uploads/imported/7/500-Seeds-Trinidad-7-Pod-7-Pot-PRIMO-Rare-Hottest-Pepper-World-Record-EXTREME-181605804527-3.jpg
000211.jpg,http://www.fieryfoodscentral.com/wp-content/uploads/2010/01/trinidad7pot11.jpg
000212.jpg,https://cdn.shopify.com/s/files/1/1022/5071/products/trinidad-7-pot-douglah-pepper-seeds-capsicum-chinense-super-hot-5_1024x1024.jpg?v=1565031987
000213.jpg,https://www.ukchilliseeds.co.uk/ekmps/shops/chilliwizard/images/7-pod-congo-sr-gigantic-rare-10-seeds-200-p.jpg
000214.jpg,https://static.wixstatic.com/media/cf1b8d_ebca403cce7449bb83a2bdd4c28873d0~mv2.jpg/v1/fill/w_581,h_873,al_c,q_85/cf1b8d_ebca403cce7449bb83a2bdd4c28873d0~mv2.jpg
000215.jpg,https://pbs.twimg.com/media/Dc6ymmoWsAAFf2V.png
000216.jpg,https://thehippyseedcompany.com/wp-content/uploads/2017/06/7-Pod-Chaguanas-6-1.jpg
000217.jpg,https://d36tnp772eyphs.cloudfront.net/blogs/1/2014/05/Yellow-spicy-naga-viper-chilis.jpg
000218.jpg,http://alamopeppers.com/media/wysiwyg/7PotJonah.jpg
000219.jpg,https://buyghostpepperplants.com/wp-content/uploads/2017/03/nutrients_and_fertilizers_jonah_7pot_trinidad_scorpion_pepper_plants.jpg
000220.jpg,https://i.etsystatic.com/7824311/r/il/0eedf5/1304864096/il_794xN.1304864096_fqzx.jpg
000221.jpg,https://chilis.hu/shop_ordered/19763/pic/chili-lexikon/a-20-legerosebb-chili-paprika/7-Pot-Douglah.jpg
000222.jpg,https://www.chilipeppermadness.com/wp-content/uploads/2019/04/Trinidad-Moruga-Scorpion-Peppers.jpg
000223.jpg,https://image.shutterstock.com/image-photo/superhot-extremely-hot-chile-peppers-260nw-1504215716.jpg
000224.jpg,https://cdn.webshopapp.com/shops/60827/files/22477339/image.jpg
000225.jpg,https://www.picclickimg.com/d/l400/pict/260852547100_/20-Trinidad-7-Pot-7-Pod-JONAH-Strain-Pepper.jpg
000226.jpg,https://www.ilikeseeds.com/assets/full/CTrin7Yell20.jpg
000227.jpg,https://pepperhead.com/wp-content/uploads/Barrackpore-Header.jpg
000228.jpg,https://www.pepperscale.com/wp-content/uploads/2017/07/trinidad-scorpion-butch-t.jpg
000229.jpg,https://pbs.twimg.com/media/EAWgRj3W4AEWxhn.jpg
000230.jpg,http://rahiseedbank.com/wp-content/uploads/2014/07/c13.jpg
000231.jpg,https://ae01.alicdn.com/kf/HTB1t8faaJHO8KJjSZFLq6yTqVXaM/HOT-CHILLI-PEPPER-Rare-Trinidad-7-Pot-Jonah-Pepper-Seeds-from-my-plants-Vegetable-Seeds-100SEEDS.jpg
000232.jpg,https://www.ukchilliseeds.co.uk/ekmps/shops/chilliwizard/images/bubblegum-7-pod-572-p.jpg
000233.jpg,https://assets.listia.com/photos/e1ea499eb99611f9887a/original.jpg?s=320x320m&sig=26671ab43a702096&ts=1345442459
000234.jpg,https://croatianseeds-store.com/images/stories/virtuemart/product/7%20pot%20congo%20surinam2.jpg
000235.jpg,https://cdn.shopify.com/s/files/1/0645/7913/products/Primo_2048x.JPG?v=1527138128
000236.jpg,https://www.chileseeds.co.uk/wp-content/uploads/2018/09/sepia-serpent-hot-chilli-pepper-seeds.jpg
000237.jpg,https://www.picclickimg.com/d/l400/pict/123593998969_/Chilli-TRINIDAD-7-POT-POD-BRAIN-STRAIN-10.jpg
000238.jpg,http://rahiseedbank.com/wp-content/uploads/2014/07/image4.jpg
000239.jpg,https://www.chileseeds.co.uk/wp-content/uploads/2018/09/Primo7PotSeeds-300x300.jpg
000240.jpg,http://www.fieryfoodscentral.com/wp-content/uploads/2010/10/scorpionarticle4-2010.jpg
000241.jpg,https://pbs.twimg.com/media/DnenQhjVAAEwaq6.jpg
000242.jpg,https://images-na.ssl-images-amazon.com/images/I/41CfWSS1oPL._SL500_AC_SS350_.jpg
000243.jpg,https://cdn.shopify.com/s/files/1/0871/0950/products/YellowBrainStrain_1024x1024.gif?v=1548196399
000244.jpg,https://unclewaynestomatoes.com/sites/default/files/7%20Pot%20Red%20IMG_1533.JPG
000245.jpg,https://thehippyseedcompany.com/wp-content/uploads/2017/06/7-pod-long-1.jpg
000246.jpg,https://cdn11.bigcommerce.com/s-f6cx4kq/images/stencil/500x659/products/266/1282/yellow_7_pot_bubblegum_pepper_9__06089.1553652546.jpg?c=2
000247.jpg,https://468q621qa8uy2dfplx2oz8uu-wpengine.netdna-ssl.com/wp-content/uploads/2017/07/scoville_scale_small.jpg
000248.jpg,http://images.bidorbuy.co.za/user_images/957/1893957/1893957_120909191718_00228-01.jpg
000249.jpg,https://cdn.shopify.com/s/files/1/0200/5036/products/1893957_130422175233_02700_12de1879-8e8e-4561-a898-38c26d24aa60_740x.jpeg?v=1421663336
000250.jpg,http://rahiseedbank.com/wp-content/uploads/2014/07/t15.jpg
000251.jpg,https://www.bmorespicy.com/wp-content/uploads/imported/9/1000-seeds-Trinidad-7-POD-Pot-Yellow-chili-hottest-pepper-world-record-rare-171579217609-3.jpg
000252.jpg,https://www.picclickimg.com/d/l400/pict/231463053241_/Trinidad-Scorpion-7-Pot-Red-Hot-Pepper-25-Premium.jpg
000253.jpg,https://www.cayennediane.com/wp-content/uploads/Trinidad_Scorpion_Butch_T1.jpg
000254.jpg,https://d36tnp772eyphs.cloudfront.net/blogs/1/2014/05/Chocolate-habanero-peppers.jpg
000255.jpg,https://www.chililovers.nu/wp-content/uploads/2016/05/yellow-7-pot.jpg
000256.jpg,https://www.ukchilliseeds.co.uk/ekmps/shops/chilliwizard/images/trinidad-7-pod-primo-orange-x-10-seeds-1042-1-p.jpg
000257.jpg,https://www.chili-shop24.com/media/image/55/25/2c/9317_7PotBarrackpore_720x600.jpg
000258.jpg,https://italianchilli.com/159/dried-trinidad-7-pod-jonah.jpg
000259.jpg,https://buyghostpepperplants.com/wp-content/uploads/2017/03/yellow_jonah_7pot_7pod_trinidad_scorpion_fresh_pepper.jpg
000260.jpg,https://www.leisuretimery.com/wp-content/uploads/2019/05/147909.jpg
000261.jpg,https://steemitimages.com/640x0/https://i.imgur.com/lQdy6U3.jpg
000262.jpg,https://www.chilipeppermadness.com/wp-content/uploads/2013/10/Spanish-Naga-Peppers.jpg
000263.jpg,https://pepperhead.com/wp-content/uploads/2018/07/7-Pot-Barrackpore.jpg
000264.jpg,https://chillipepperseeds.ca/image/cache/catalog/edited%202019hot/IMG_7393-1-500x500.JPG
000265.jpg,https://www.piedmontfarmandgarden.com/v/vspfiles/photos/PPP248-2.jpg?v-cache=1385219031
000266.jpg,https://www.scottrobertsweb.com/images/trinidad-chocolate-7-pot.jpg
000267.jpg,https://www.organics.org/wp-content/uploads/15-hottest-peppers-7-pot-jonah.jpg
000268.jpg,https://buyghostpepperplants.com/wp-content/uploads/2017/03/where_to_buy_red_jonah_7pot_7pod_trinidad_scorpion_live_pepper_plants.jpg
000269.jpg,https://i.redd.it/xcw077iruuh31.jpg
000270.jpg,https://www.scottrobertsweb.com/images/Trinidad-Yellow-7-Pot.jpg
000271.jpg,https://thechillifactory.com/images/products/IMG_7063.jpg
000272.jpg,https://i.ytimg.com/vi/Fvt7SsKieKU/maxresdefault.jpg
000273.jpg,https://www.bmorespicy.com/wp-content/uploads/imported/9/1000-seeds-Trinidad-7-pot-pod-Brain-Strain-RED-hot-pepper-Extreme-Rare-Bulk-171658941079-2.jpg
000274.jpg,https://d36tnp772eyphs.cloudfront.net/blogs/1/2014/05/Orange-habanero-peppers.jpg
000275.jpg,https://i.redd.it/djpzc04pnxh11.jpg
000276.jpg,https://www.chilliwizards.co.uk/Graphics/Std_Product_Images/trinidad-7-pod-burgundy-10-x-seeds-921-p.jpg
000277.jpg,https://markdaviesseeds.co.uk/content/images/thumbs/0002617_10-seeds-trinidad-7-pot-brain-strain-yellow_550.jpeg
000278.jpg,http://thepepperseed.com/wp-content/gallery/peppers/img_4505.jpg
000279.jpg,https://www.seminka-chilli.cz/fotografie/max/trinidad-7-pot-jonah-171-4.jpg
000280.jpg,https://pepperhead.com/wp-content/uploads/2018/07/Trinidad-Scorpion-Butch-T.jpg
000281.jpg,https://static.wixstatic.com/media/9bc169_efafa77509c2474b9a1550d0260b5c03.jpg/v1/fill/w_606,h_510,al_c,lg_1,q_85/9bc169_efafa77509c2474b9a1550d0260b5c03.jpg
000282.jpg,http://www.chileplanet.eu/schede/pepper/7%20Pod%20Douglah.jpg
000283.jpg,https://www.asklepios-seeds.de/pub/media/catalog/product/cache/e4d64343b1bc593f1c5348fe05efa4a6/7/-/7-pot-yellow.jpg
000284.jpg,https://www.devonchilliman.co.uk/wp-content/uploads/2017/03/7-pot-barrackpore.jpg
000285.jpg,https://www.chili-shop24.com/media/image/d0/b5/f0/fbb13bf2f6828912fc184759046beedc_600x600.jpg
000286.jpg,https://cdn11.bigcommerce.com/s-qqb56hyrha/products/4522/images/7602/7227-2__89004.1557281690.500.750.jpg?c=2
000287.jpg,https://www.ukchilliseeds.co.uk/ekmps/shops/chilliwizard/images/7-pod-lucy-hybrid-naga-viper-x-red-7-pod-753-p.jpg
000288.jpg,https://3.bp.blogspot.com/-1fXRc6xmfho/WkzoZF6UdCI/AAAAAAAAEjI/_VyQgwUpwPsF_wAqQdrEuyK_JYTBV3v9ACLcBGAs/s1600/7%2Bpot%2BTrinidad%2BDouglah%2Bscoville%2Bscale%2Bheat%2Blevel.PNG
000289.jpg,https://sc02.alicdn.com/kf/HTB1e_jHXizxK1RkSnaVq6xn9VXaE.jpg
000290.jpg,http://c8.alamy.com/comp/GXRK7K/carolina-reaper-or-hp22b-cilli-pepper-is-the-worlds-hottest-pepper-GXRK7K.jpg
000291.jpg,https://buyghostpepperplants.com/wp-content/uploads/2017/03/where_to_buy_red_jonah_7pot_7pod_trinidad_scorpion_seeds.jpg
000292.jpg,https://www.seedwise.com/assets/uploads/listings/small/54cd93b6a315d.jpg
000293.jpg,https://www.picclickimg.com/d/l400/pict/262934569185_/m%C3%A9langer-les-Graines-de-piment-Bhut-Jolokia-Trinidad-Scorpion-7.jpg
000294.jpg,https://pepperhead.com/wp-content/uploads/2016/12/7-Pot-Douglah-e1529503594532-247x300.jpg
000295.jpg,https://cdn.videosofproducts.com/products/videos/thumbnails/B00GQMF89E.jpg
000296.jpg,https://cdn.shopify.com/s/files/1/0220/1512/products/7_Pot_Yellow_144fe39c-779c-4332-b0e4-07c49dc04c8f.jpg
000297.jpg,https://thechillifactory.com/images/products/IMG_2968_The_Chilli_Factory_New_chilli_chili_Seeds_2015.jpg
000298.jpg,https://chilishop-werder.com/WebRoot/Store28/Shops/43e01a20-424a-48d1-a48b-85eeddc548ec/5A08/816E/7152/6117/B5BB/0A48/3671/24E3/trinidad_7pot_douglah_ml.JPG
000299.jpg,https://i2.wp.com/blog.wildpepper.com/wp-content/uploads/2016/02/ThinkstockPhotos-178271042.jpg?resize=507%2C338
000300.jpg,https://www.datilsensation.com/uploads/3/7/8/1/37810827/4711130.jpg?412
000301.jpg,https://cdn.shopify.com/s/files/1/0645/7913/products/Sambal_2048x.JPG?v=1527137946
000302.jpg,https://www.semillas.de/pepper_fruits/7-pot_orange_yellow.jpg
000303.jpg,https://www.cayennediane.com/wp-content/uploads/7-Pot-Primo.jpg
000304.jpg,https://i.guim.co.uk/img/static/sys-images/Guardian/Pix/pictures/2015/1/8/1420720171418/d6699c83-0efc-426e-98fe-c1abde579c20-1474x2040.jpeg?width=1200&height=630&quality=85&auto=format&fit=crop&overlay-align=bottom%2Cleft&overlay-width=100p&overlay-base64=L2ltZy9zdGF0aWMvb3ZlcmxheXMvdGctZGVmYXVsdC5wbmc&s=afd3c842e65f55433583e01586a8fb9a
000305.jpg,https://cdn11.bigcommerce.com/s-qqb56hyrha/images/stencil/500x659/products/4504/7552/3608-2__66873.1556235031.jpg?c=2
000306.jpg,https://www.chilipeppermadness.com/wp-content/uploads/2013/10/7-Pot-Peppers.jpg
000307.jpg,https://tbn.bidorbuy.co.za/image/fetch/dpr_1.0,f_auto,t_btbnx/https://cdn.shopify.com/s/files/1/0200/5036/products/1893957_130422175233_02701.jpeg%3Fv=1421773388
000308.jpg,https://www.katiesbeefjerky.com/wp-content/uploads/All-Seasonings.jpg
000309.jpg,http://chilli-seedz.com/wp-content/uploads/2015/08/Yellow-7-Pot-1-900x878.jpg
000310.jpg,http://seedcostore.weebly.com/uploads/7/0/3/9/7039327/1488051_orig.jpg
000311.jpg,https://static.wixstatic.com/media/1e0cca_e5aa72aa85b34f219555208645c12255.jpg/v1/fill/w_480,h_360,al_c,q_85,usm_0.66_1.00_0.01/1e0cca_e5aa72aa85b34f219555208645c12255.jpg
000312.jpg,https://image.shutterstock.com/image-photo/fresh-hot-pepper-seven-pot-260nw-520124989.jpg
000313.jpg,https://thechillifactory.com/images/products/IMG_2926_The_Chilli_Factory_New_chilli_chili_Seeds_2015.jpg
000314.jpg,https://i.ytimg.com/vi/DFSMUVW3bmg/hqdefault.jpg
000315.jpg,https://www.semillas.de/pepper_fruits/7pot_chaguanas_yellow.jpg
000316.jpg,https://m.blog.hu/we/westernchili/image/Luk%C3%A1Chili/7%20pot%206.jpg
000317.jpg,https://www.gletech.com/StockPhotos/Baseball/2018/146972/front_7131721.jpg
000318.jpg,https://www.seedwise.com/assets/uploads/listings/small/54b732df97009.jpg
000319.jpg,https://theseedvault.co.za/images/source/pepper_trinidad_7_pod_yellow.jpg
000320.jpg,https://alamopeppers.com/media/catalog/product/cache/1/image/1300x1300/9df78eab33525d08d6e5fb8d27136e95/t/r/trinidadchocolate7pot_25oz_2.jpg
000321.jpg,https://m.blog.hu/we/westernchili/image/Luk%C3%A1Chili/7%20pot%201.jpg
000322.jpg,https://pepperhead.com/wp-content/uploads/2018/07/Worlds-Hottest-Peppers-square-400x400.jpg
000323.jpg,https://cdn.shopify.com/s/files/1/1523/7044/products/nopictureavailable-50_large.JPG?v=1475803652
000324.jpg,https://m.media-amazon.com/images/I/41cmKYLuYQL._AC_UL320_.jpg
000325.jpg,https://preview.ibb.co/m2NsqT/1.jpg
000326.jpg,https://markdaviesseeds.co.uk/content/images/thumbs/0002574_10-seeds-don-juan-chilli-pepper-jalapeno-alternative_550.jpeg
000327.jpg,https://www.chileplants.com/images/chiles/7-pot-pepper-plants.jpg
000328.jpg,https://cdn.djaunter.com/wp-content/uploads/2019/03/hot-peppers-in-Bali-Indonesia.jpg
000329.jpg,https://buyghostpepperplants.com/wp-content/uploads/2017/03/how_to_grow_red_jonah_7pot_trinidad_scorpion_pepper_plants_from_seeds.jpg
000330.jpg,https://cdn11.bigcommerce.com/s-qqb56hyrha/images/stencil/500x659/products/4517/7578/6101-2__99747.1557014732.jpg?c=2
000331.jpg,https://i.guim.co.uk/img/static/sys-images/Guardian/Pix/pictures/2015/1/8/1420720730570/37173f66-fb0e-4bce-9f16-9c2c6e23ddc9-2060x1236.jpeg?width=1200&height=630&quality=85&auto=format&fit=crop&overlay-align=bottom%2Cleft&overlay-width=100p&overlay-base64=L2ltZy9zdGF0aWMvb3ZlcmxheXMvdGctZGVmYXVsdC5wbmc&s=9bdb4997dcfd25717a8086751b0212b9
000332.jpg,https://sc02.alicdn.com/kf/UT8j9ZOXaJXXXagOFbXO/Cheapest-Flakes-Bubblegum-7-Pot-.jpg_350x350.jpg
000333.jpg,https://s-media-cache-ak0.pinimg.com/736x/0d/2a/f8/0d2af8687929dbf5420a84a9bb8d633d.jpg
000334.jpg,https://www.scottrobertsweb.com/images/Trinidad-7-Pot-CARDI-Strain.jpg
000335.jpg,http://staticimg.myfirstclasslife.com/wp-content/uploads/2016/04/04184149/Ghost-Pepper.jpg
000336.jpg,https://cdn.shopify.com/s/files/1/1145/1260/products/7-pot-nebru-1_large.jpg?v=1561139761
000337.jpg,https://www.ukchilliseeds.co.uk/ekmps/shops/chilliwizard/images/bubblegum-7-pod-[2]-572-p.jpg
000338.jpg,https://i.ytimg.com/vi/vjAbFinyr_Q/hqdefault.jpg
000339.jpg,https://buyghostpepperplants.com/wp-content/uploads/2017/03/nutrients_and_fertilizers_red_jonah_7pot_trinidad_scorpion_pepper_plants.jpg
000340.jpg,https://pepperhead.com/wp-content/uploads/2018/07/habanero-feature-image2-764x400.jpg
000341.jpg,https://cdn.shopify.com/s/files/1/0871/0950/products/HatchGLumbreXHotWeb_4d3e2494-975f-46e5-9fad-76fc25f8a5b3_large.jpg?v=1527632932
000342.jpg,http://seedcostore.weebly.com/uploads/7/0/3/9/7039327/3885332.jpg?221
000343.jpg,https://thechillifactory.com/images/products/IMG_3143_The_Chilli_Factory_New_chilli_chili_Seeds_2015.jpg
000344.jpg,https://www.chili-shop24.de/media/image/cc/84/38/102289_01_600x600.jpg
000345.jpg,https://www.seedwise.com/assets/uploads/listings/small/54b732078546d.jpg
000346.jpg,http://www.prestoimages.net/store30/rd6368/6368_pd1767570_1.jpg
000347.jpg,https://3.bp.blogspot.com/-tYUlfulJjgg/XE4zJ7sbjjI/AAAAAAAAV78/pkLag8p7Jj4tun2Bg6vY9JqVtKPYSHEdACLcBGAs/s1600/Kes.jpg
000348.jpg,https://images-eu.ssl-images-amazon.com/images/I/416nd1TbPcL.jpg
000349.jpg,https://m.blog.hu/we/westernchili/image/Luk%C3%A1Chili/7%20pot%202.jpg
000350.jpg,http://4.bp.blogspot.com/-pZCSJZayEJo/TzChbjKym-I/AAAAAAAAAHI/8_iv8ePFskM/s1600/100_3646.JPG
000351.jpg,https://buyghostpepperplants.com/wp-content/uploads/2017/03/where_to_buy_yellow_jonah_7pot_7pod_trinidad_scorpion_seeds.jpg
000352.jpg,https://cdn.shopify.com/s/files/1/0871/0950/products/whitehabss2015_large.jpg?v=1553035440
000353.jpg,https://cdn.thehippyseedcompany.com/wp-content/uploads/2019/09/Julian-7-pod-8ws.jpg
000354.jpg,https://captaincaliente.com/wp-content/uploads/2018/09/7-Pots.png
000355.jpg,https://www.renaissancefarms.org/wp-content/uploads/2019/10/7-Pot-Pepper-Chocolate-Yellow.jpg
000356.jpg,http://seedcostore.weebly.com/uploads/7/0/3/9/7039327/9202813_orig.jpg
000357.jpg,https://www.scovilla.com/media/image/cf/03/5b/900076_TrinidatScorpionMorugoYellow_600x600.jpg
000358.jpg,https://my-live-01.slatic.net/original/bb046bfcd04811d239ddbc64fac321f3.jpg
000359.jpg,https://cartloom.s3.amazonaws.com/worldofchillies/109585_cf8351157d8c58124080a43c6c09b7e6_orig.jpg
000360.jpg,https://i.ytimg.com/vi/1JJrX9-bax4/hqdefault.jpg
000361.jpg,https://infernoz.co.za/wp-content/uploads/2019/10/Trinidad-7-Pot-Burgundy.jpg
000362.jpg,https://ae01.alicdn.com/kf/HTB1MZW_aqzB9uJjSZFMq6xq4XXaZ/HOT-CHILLI-PEPPER-Rare-Trinidad-7-Pot-Jonah-Pepper-Seeds-from-my-plants-Vegetable-Seeds-100SEEDS.jpg_640x640q70.jpg
000363.jpg,https://pepperhead.com/wp-content/uploads/2018/07/weight-loss-hot-peppers-600x400.jpg
000364.jpg,https://a57.foxnews.com/static.foxnews.com/foxnews.com/content/uploads/2018/09/640/320/rewrewr45435435435.jpg?ve=1&tl=1
000365.jpg,https://m.blog.hu/we/westernchili/image/Luk%C3%A1Chili/7%20pot%203.jpg
000366.jpg,http://farm9.staticflickr.com/8288/7841382104_fd12fcd9b9_c.jpg
000367.jpg,https://cdn.shopify.com/s/files/1/1681/7153/products/pexpeppers-killerswarm3-copyright-doc-hotties-2018_2048x.png?v=1523824275
000368.jpg,http://thumb3.zeppy.io/d/l400/pict/113896284540/two-fresh-trinidad-chocolate-7-pot-douglah-chillies-super-hot
000369.jpg,https://cdn.shopify.com/s/files/1/1523/7044/products/7PotBubblegum_large.jpg?v=1475803521
000370.jpg,https://m.blog.hu/we/westernchili/image/Luk%C3%A1Chili/7%20pot%204.jpg
000371.jpg,https://acimg.auctivacommerce.com/imgdata/0/1/4/8/9/9/webimg/15190552.jpg
000372.jpg,http://farm9.staticflickr.com/8298/7841382424_aef6b954ef_c.jpg
000373.jpg,https://www.pohlmans.com.au/app/uploads/2017/08/Trinidad-7-Pod-Yellow-3.jpg
000374.jpg,https://cdn.shopify.com/s/files/1/0645/7913/products/unnamed_c1e121fb-477c-4324-9d28-7f1066a91ae0_2048x.png?v=1527138060
000375.jpg,https://d36tnp772eyphs.cloudfront.net/blogs/1/2014/05/Bhut-Jolokia-Red-Chili-Peppers-hanging-from-clippers.jpg
000376.jpg,https://cdn.shortpixel.ai/client/q_lossy,ret_img,w_1024/https://www.ghostpepperfarms.com/wp-content/uploads/2019/10/Hottest-Pepper-In-The-World-testing-publication-e1569954970139-1024x618.jpg
000377.jpg,https://cdn.shopify.com/s/files/1/0915/1060/files/4-7-pot-hot-pepper-pepper-joes.jpg?17568541284047648288
000378.jpg,https://www.magicplantfarms.com/wp-content/uploads/2016/10/Datil-Powder-Jar.jpg
000379.jpg,https://pepperhead.com/wp-content/uploads/2018/04/pepper-x-706x400.jpg
000380.jpg,https://thehippyseedcompany.com/wp-content/uploads/2019/06/Chocolate-Barrackpore-21ws.jpg
000381.jpg,https://www.seedwise.com/assets/uploads/listings/small/54b7304334ce2.jpg
000382.jpg,https://pbs.twimg.com/media/EEq_RxXVAAAolqX.jpg
000383.jpg,https://i.ytimg.com/vi/kUXEGIfi31s/maxresdefault.jpg
000384.jpg,https://c2.staticflickr.com/8/7437/9540392961_e748c9edfc_b.jpg
000385.jpg,https://pepperhead.com/wp-content/uploads/2018/08/Top-10-Worlds-Hottest-Peppers-1280x720.jpg
000386.jpg,https://www.chilipeppermadness.com/wp-content/uploads/2019/09/Naga-Viper-Peppers.jpg
000387.jpg,https://www.tessgruun.eu/shops/tessgruun/thumbs/zpetgt7pb-peper-trinidad-7-podpot-burgundy-10-zad.jpg
000388.jpg,https://cf.shopee.com.my/file/a4c5ef2052d388cc1a451692fe73a580_tn
000389.jpg,https://www.cayennediane.com/wp-content/uploads/naga-viper.jpeg
000390.jpg,https://rvamag.com/wp-content/uploads/2017/07/variouspeppers-1.jpg
000391.jpg,https://upload.wikimedia.org/wikipedia/commons/thumb/0/03/Carolina_Reaper_pepper_pods.jpg/1200px-Carolina_Reaper_pepper_pods.jpg
000392.jpg,https://i.guim.co.uk/img/static/sys-images/Guardian/Pix/pictures/2015/1/8/1420720465200/3fadc9b7-7066-4078-b297-a0886b748005-1845x2040.jpeg?width=1200&height=630&quality=85&auto=format&fit=crop&overlay-align=bottom%2Cleft&overlay-width=100p&overlay-base64=L2ltZy9zdGF0aWMvb3ZlcmxheXMvdGctZGVmYXVsdC5wbmc&s=b77660fb148ceb74a9bbab354a989891
000393.jpg,https://i.ytimg.com/vi/X5IKQlLUicE/maxresdefault.jpg
000394.jpg,http://i.imgur.com/o3i5th.jpg
000395.jpg,https://1.bp.blogspot.com/-N-Pe0_TJdE4/XZVKzeclBNI/AAAAAAAAGJM/l6DsFNt-K6gurOTr5gCL_v1K5Q7-282jwCEwYBhgL/s1600/Trinidad%2B7-Pot%2B-%2B11th%2BSeptember%2B2019.jpg
000396.jpg,https://britanniamills.com/shop/image/cache/catalog/20150205_204422_original-400x400.jpg
000397.jpg,https://i.guim.co.uk/img/static/sys-images/Guardian/Pix/pictures/2015/1/8/1420721393093/0442f882-b2ec-43b9-818a-6255804270be-1360x2040.jpeg?width=1200&height=630&quality=85&auto=format&fit=crop&overlay-align=bottom%2Cleft&overlay-width=100p&overlay-base64=L2ltZy9zdGF0aWMvb3ZlcmxheXMvdGctZGVmYXVsdC5wbmc&s=c235f2e2e427a560372e29b5dcb85aee
000398.jpg,https://www.magicplantfarms.com/wp-content/uploads/2016/10/7-Pot-Douglah-Powder-Jar-right.jpg
000399.jpg,https://pepperhead.com/wp-content/uploads/7-Pot-Primo-Header.jpg
000400.jpg,https://www.cayennediane.com/wp-content/uploads/Komodo-Dragon-Pepper.jpg
000401.jpg,https://farm8.staticflickr.com/7356/9543180592_43b667ebe2_b.jpg
000402.jpg,https://i.guim.co.uk/img/static/sys-images/Guardian/Pix/pictures/2015/1/8/1420721282123/4484a2b0-69bd-4c21-9730-63692391fd38-1360x2040.jpeg?width=1200&height=630&quality=85&auto=format&fit=crop&overlay-align=bottom%2Cleft&overlay-width=100p&overlay-base64=L2ltZy9zdGF0aWMvb3ZlcmxheXMvdGctZGVmYXVsdC5wbmc&s=15cf76c2cfd8a35c1866d872b74785bd
000403.jpg,https://www.finedininglovers.com/sites/g/files/xknfdk626/files/styles/open_graph_image/public/Original_4044_chilies.jpg?itok=LMBDpKpJ
000404.jpg,https://i.ytimg.com/vi/fhZqFgFX8ME/maxresdefault.jpg
000405.jpg,https://pepperhead.com/wp-content/uploads/2016/12/Hottest-Pepper-In-The-World.jpg
000406.jpg,http://1.bp.blogspot.com/-feIrDNBLbqE/Ty7OAv2-s4I/AAAAAAAAAEw/i5_5Ax_0bk4/s1600/IMG_7710.jpg
000407.jpg,http://hobi-semena.com/snimki/chushki2010.jpg
000408.jpg,https://www.hottyplace.com/2222-tm_thickbox_default/naga-big-bang-chocolate-polvere-puro-peperoncino-piccante-estremo-vaso-vetro-10g.jpg
000409.jpg,https://d36tnp772eyphs.cloudfront.net/blogs/1/2014/05/Trinidad-Morgua-spicy-peppers-on-a-vine.jpg
000410.jpg,https://i1.wp.com/www.peppersbymail.com/wp-content/uploads/2016/10/20161015_2015541.jpg?resize=324%2C324
000411.jpg,http://www.asmundtorp.com/128-large_default/trinidad-7-pot-yellow.jpg
000412.jpg,https://i.ytimg.com/vi/PjfY0bOg0aI/maxresdefault.jpg
000413.jpg,https://scontent-frx5-1.cdninstagram.com/vp/63b30900d38e6f0d7fb6654ce201f690/5DCB31B8/t51.2885-15/e35/s480x480/66632057_501121557126979_5556358068905797039_n.jpg?_nc_ht=scontent-frx5-1.cdninstagram.com&ig_cache_key=MjA4ODQwMDM3ODQ4OTEzNTYwNw%3D%3D.2
000414.jpg,https://ae01.alicdn.com/kf/HTB1LYi0aRfM8KJjSZPiq6xdspXa7/HOT-CHILLI-PEPPER-Rare-Trinidad-7-Pot-Jonah-Pepper-Seeds-from-my-plants-Vegetable-Seeds-100SEEDS.jpg
000415.jpg,https://pbs.twimg.com/media/EDhZ8PjVUAE3P3_.jpg
000416.jpg,https://cdn.shopify.com/s/files/1/0645/7913/products/s953264958171342158_p2_i1_w1560_2048x.jpeg?v=1527138130
000417.jpg,https://szelesisandor.hu/wp-content/uploads/2012/10/trinidad_7pot_jonah.jpg
000418.jpg,https://d36tnp772eyphs.cloudfront.net/blogs/1/2014/05/Woman-biting-into-a-spicy-pepper-1200x853.jpg
000419.jpg,http://bigvalleyradio.com/wp-content/uploads/2018/12/Trinidad-Moruga-Scorpion-1024x768.jpg
000420.jpg,https://scontent-yyz1-1.cdninstagram.com/vp/2e38efb11fa8ae9ee8327281de751803/5E24EDF8/t51.2885-15/e35/c257.0.565.565a/70335189_1407682072753335_7704928757408867624_n.jpg?_nc_ht=scontent-yyz1-1.cdninstagram.com&_nc_cat=103
000421.jpg,https://d36tnp772eyphs.cloudfront.net/blogs/1/2014/05/Carolina-Reaper-peppers.jpg
000422.jpg,https://ae01.alicdn.com/kf/HTB1K_2haFLM8KJjSZFBq6xJHVXaS/HOT-CHILLI-PEPPER-Rare-Trinidad-7-Pot-Jonah-Pepper-Seeds-from-my-plants-Vegetable-Seeds-100SEEDS.jpg_640x640q70.jpg
000423.jpg,https://scontent-lga3-1.cdninstagram.com/vp/99e74639b8c38324b16075e1a8ec1917/5DF2F373/t51.2885-15/sh0.08/e35/s640x640/69144188_382757779109372_32284203629522483_n.jpg?_nc_ht=scontent-lga3-1.cdninstagram.com
000424.jpg,https://i.guim.co.uk/img/static/sys-images/Guardian/Pix/pictures/2015/1/8/1420720317552/d2362e79-3299-4b88-a9c9-7e0927df91f1-1454x2040.jpeg?width=700&quality=85&auto=format&fit=max&s=0f3b862bca6f65226c7ed5a28f96986f
000425.jpg,https://www.prestoimages.net/store30/rd6368/6368_pd1767573_2.jpg
000426.jpg,https://ae01.alicdn.com/kf/HTB1sD2haFLM8KJjSZFBq6xJHVXah/HOT-CHILLI-PEPPER-Rare-Trinidad-7-Pot-Jonah-Pepper-Seeds-from-my-plants-Vegetable-Seeds-100SEEDS.jpg
000427.jpg,https://untappd.akamaized.net/photo/2015_04_02/64e3192a360defdaa76f9ff85c3ad9c8_320x320.jpg
000428.jpg,https://academicjournals.org/files/images/JMPR/2018/December/10%20December/Omolo%20et%20al%20%202.png
000429.jpg,https://www.omicsonline.org/JIDTimages/2332-0877-2-145-g004.gif
000430.jpg,https://cdn.shopify.com/s/files/1/1523/7044/products/7PotInfinity_large.jpg?v=1475803878
000431.jpg,https://cdn.maioresemelhores.com/imagens/trinidad-7-pot-pepper.jpg
000432.jpg,https://s3-media3.fl.yelpcdn.com/bphoto/TXu7bmxfHl_ZbCdoSGftvw/ls.jpg
000433.jpg,https://2.bp.blogspot.com/-jv_SZ6MhdiY/WbaFL2bJmAI/AAAAAAAAAN8/dAe6E9YdueoBwDchStNek0SmoOimuNUdwCLcBGAs/s1600/shu%2Binfo2.jpg
000434.jpg,https://cdn.shopify.com/s/files/1/0645/7913/products/reapercussion_2048x.jpg?v=1527137988
000435.jpg,https://www.tastingtheheat.com/uploads/5/5/4/1/55417407/fullsizeoutput-1cd7_orig.jpeg
000436.jpg,https://ae01.alicdn.com/kf/HTB1kSvccZLJ8KJjy0Fnq6AFDpXaC/HOT-CHILLI-PEPPER-Rare-Trinidad-7-Pot-Jonah-Pepper-Seeds-from-my-plants-Vegetable-Seeds-100SEEDS.jpg
000437.jpg,https://i.ebayimg.com/images/g/nekAAOSwNkpdgyWP/s-l400.jpg
000438.jpg,https://img.haikudeck.com/r/28a3f4aa-c325-485e-8d4.jpg
000439.jpg,https://cdn.instructables.com/FD8/SO4X/IMRYGFBK/FD8SO4XIMRYGFBK.LARGE.jpg?auto=webp&width=1024&height=1024&fit=bounds
000440.jpg,http://nebula.wsimg.com/659c73d39288bfb15c7ceb4860b750c7?AccessKeyId=0209582021176EC0D1EE&disposition=0&alloworigin=1
000441.jpg,http://mojosauce.com/images/story/story4.png
000442.jpg,https://www.finedininglovers.com/sites/g/files/xknfdk626/files/the-hottest-of-the-hot_50f8586266bd2_w587.jpg
000443.jpg,https://peppermeister.files.wordpress.com/2013/09/2013-09-01-12-13-24.jpg
000444.jpg,https://www.seedwise.com/assets/uploads/listings/small/54cda88b950e6.jpg
000445.jpg,https://st.depositphotos.com/1687193/1351/i/950/depositphotos_13517889-stock-photo-isolated-trinidad-scorpion-pepper.jpg
000446.jpg,http://nebula.wsimg.com/a9058c15a772a4ffc9586ba7333d642c?AccessKeyId=0209582021176EC0D1EE&disposition=0&alloworigin=1
000447.jpg,http://prospectmangrovepark.com/wp-content/uploads/2019/06/PEPPER-3-AFRICAN-BIRD-PEPPER-1.jpg
000448.jpg,https://academicjournals.org/files/images/JMPR/2018/December/10%20December/Omolo%20et%20al%20%204.png
000449.jpg,http://4.bp.blogspot.com/-G1R-Gzl6KUw/T1UehHJHABI/AAAAAAAAAGY/mvdA7BwK7hA/s1600/2012-03-03_17-02-33_219.jpg
000450.jpg,http://i0.wp.com/alamopeppers.com/media/catalog/product/7/_/7_pot_barrackpore1_1.jpg?strip=all
000451.jpg,http://img0050.psstatic.com/98826849_trinidad-7-pod-pot-pepper---douglah---rarest-10-seeds-.jpg
000452.jpg,https://academicjournals.org/files/images/JMPR/2018/December/10%20December/Omolo%20et%20al%20%201.png
000453.jpg,https://chilishop-werder.com/WebRoot/Store28/Shops/43e01a20-424a-48d1-a48b-85eeddc548ec/59E8/71CA/06BF/4B51/5E43/0A48/3671/E8A1/trinidad_7_pot_chilishop_werder.jpg
000454.jpg,https://static.kupindoslike.com/Trinidad-7-Pod-White-chili-pepper-10-semenki_slika_O_58695443.jpg
000455.jpg,https://static.kupindoslike.com/Trinidad-7-Pod-White-chili-pepper-10-semenki_slika_XL_58695447.jpg
000456.jpg,https://i.ebayimg.com/00/s/NTgzWDY2Nw==/z/H8cAAOSw4sNcC~4w/$_1.JPG
000457.jpg,https://image.jimcdn.com/app/cms/image/transf/none/path/s109b8a775f1b27c8/image/i0ae1f7e72b54c8af/version/1400596342/image.jpg
000458.jpg,https://image.jimcdn.com/app/cms/image/transf/none/path/s109b8a775f1b27c8/image/i90e9a685845eefdc/version/1400587230/image.jpg
000459.jpg,https://i.pinimg.com/originals/66/83/f4/6683f4681e7f9b1e6fa16abccc900b81.png
000460.jpg,https://i.ebayimg.com/images/g/TnQAAOSwo4pYJPex/s-l225.jpg
000461.jpg,https://www.picclickimg.com/d/l400/pict/132687473556_/Trinidad-Congo-Peach-A-Rare-Extreme-Hot.jpg
000462.jpg,https://m.media-amazon.com/images/I/41WGCltvJZL._AC_UL320_.jpg
000463.jpg,https://images-na.ssl-images-amazon.com/images/I/81c175Met8L._SX425_.jpg
000464.jpg,https://cdn11.bigcommerce.com/s-f6cx4kq/images/stencil/original/products/117/1173/trinidad_scorpion_pepper_tyler_farms__48072.1550360937.jpg
000465.jpg,https://images.bonanzastatic.com/afu/images/394b/14f9/3353_5852453294/51053dbfrzl._sl1500_.jpg
000466.jpg,http://ukchilliseeds.co.uk/ekmps/shops/chilliwizard/images/chocolate-bhutlah-bhut-jolokia-x-7-pot-douglah-1014-p.jpg
000467.jpg,https://www.pepperscale.com/wp-content/uploads/2017/05/trinidad-7-pot-pepper.jpg
000468.jpg,https://www.cayennediane.com/wp-content/uploads/7-Pot-Douglah.jpg
000469.jpg,http://www.exotic-plants.de/auktionsbilder/Chili_Trinidad_Douglah_7_Pot1.jpg
000470.jpg,http://www.tradewindsfruit.com/content/images/trinidad_douglah_pepper2.jpg
000471.jpg,http://i.ebayimg.com/images/i/250860769018-0-1/s-l1000.jpg
000472.jpg,https://www.superhotchiles.com/wp-content/uploads/2018/07/Trinidad_7_Pot_24-600x400.jpg
000473.jpg,https://i.ebayimg.com/images/i/252610118264-0-1/s-l1000.jpg
000474.jpg,https://www.superhotchiles.com/wp-content/uploads/2018/07/Trinidad_7_Pot_27-600x400.jpg
000475.jpg,http://i.ebayimg.com/images/i/232034599242-0-1/s-l1000.jpg
000476.jpg,https://www.superhotchiles.com/wp-content/uploads/2018/07/Trinidad_7_Pot_42-600x400.jpg
000477.jpg,https://www.superhotchiles.com/wp-content/uploads/2018/07/Trinidad_7_Pot_10-600x400.jpg
000478.jpg,https://www.superhotchiles.com/wp-content/uploads/2018/07/Trinidad_7_Pot_34-600x400.jpg
000479.jpg,http://i.ebayimg.com/images/i/260838182421-0-1/s-l1000.jpg
000480.jpg,https://www.superhotchiles.com/wp-content/uploads/2018/07/Trinidad_7_Pot_28-600x400.jpg
000481.jpg,https://www.exotic-plants.de/auktionsbilder/Chili_Trinidad_7_Pot_Jonah1.jpg
000482.jpg,https://www.superhotchiles.com/wp-content/uploads/2018/07/Trinidad_7_Pot_6.jpg
000483.jpg,https://www.superhotchiles.com/wp-content/uploads/2018/07/Trinidad_7_Pot_3-600x400.jpg
000484.jpg,http://www.piedmontfarmandgarden.com/v/vspfiles/photos/PPP201-2.jpg
000485.jpg,https://i.pinimg.com/originals/8f/b5/7a/8fb57ac6b9bd89a94ae72899b94dd831.jpg
000486.jpg,https://img3.sellersourcebook.com/users/143753/7_pot_yellow_2.jpg
000487.jpg,https://www.superhotchiles.com/wp-content/uploads/2018/07/Trinidad_7_Pot_43-600x400.jpg
000488.jpg,https://www.superhotchiles.com/wp-content/uploads/2018/07/Trinidad_7_Pot_37-600x400.jpg
000489.jpg,https://www.cayennediane.com/wp-content/uploads/7-Pot-Barrackpore.jpg
000490.jpg,http://i.ebayimg.com/images/i/260839272312-0-1/s-l1000.jpg
000491.jpg,https://img0.etsystatic.com/045/0/9911861/il_fullxfull.705371392_e2mq.jpg
000492.jpg,https://alamopeppers.com/media/catalog/product/cache/1/image/1300x1300/9df78eab33525d08d6e5fb8d27136e95/b/a/barrackpore.jpg
000493.jpg,http://www.tradewindsfruit.com/content/images/7-pot-barrackpore-pepper.jpg
000494.jpg,https://ded8b07dd9e637888fc2-e87978aaae5cf97349d88697fd53e4c9.ssl.cf1.rackcdn.com/22805_300.jpg
000495.jpg,https://www.superhotchiles.com/wp-content/uploads/2018/07/Trinidad_7_Pot_29-600x400.jpg
000496.jpg,https://i.etsystatic.com/8657432/r/il/f6f2fd/524416823/il_fullxfull.524416823_pdzr.jpg
000497.jpg,http://i.ebayimg.com/images/i/331377407841-0-1/s-l1000.jpg
000498.jpg,http://i.ebayimg.com/images/i/171579168774-0-1/s-l1000.jpg
000499.jpg,https://i.etsystatic.com/7824311/r/il/aaa5be/530782800/il_fullxfull.530782800_fje7.jpg
000500.jpg,https://img1.etsystatic.com/048/0/7824311/il_570xN.702680583_2i3e.jpg
000501.jpg,https://i.ebayimg.com/images/i/231463053241-0-1/s-l1000.jpg
000502.jpg,https://www.bmorespicy.com/wp-content/uploads/imported/5/Trinidad-7-Pot-pod-WHITE-100-Seeds-very-rare-Hot-pepper-Extreme-Spice-171788162515.jpg
000503.jpg,https://alamopeppers.com/media/catalog/product/cache/1/image/1300x1300/9df78eab33525d08d6e5fb8d27136e95/c/h/chocolate7pot_mood_1.jpg
000504.jpg,https://acimg.auctivacommerce.com/imgdata/0/1/4/8/9/9/webimg/7859483.jpg
000505.jpg,https://www.bmorespicy.com/wp-content/uploads/imported/8/100-seeds-Trinidad-7-pot-pod-BRAIN-STRAIN-RED-hot-pepper-Extreme-Rare-Bulk-171658942778.jpg
000506.jpg,https://alamopeppers.com/media/catalog/product/cache/1/image/1300x1300/9df78eab33525d08d6e5fb8d27136e95/7/_/7_pot_barrackpore1_1.jpg
000507.jpg,https://www.chileseeds.co.uk/wp-content/uploads/2016/10/Trinidad7PodJonahchilliseeds.jpg
000508.jpg,https://www.chileseeds.co.uk/wp-content/uploads/2018/09/7PotDouglahChilliPods.jpg
000509.jpg,http://www.piedmontfarmandgarden.com/v/vspfiles/photos/PPP201-10.jpg
000510.jpg,https://www.chileseeds.co.uk/wp-content/uploads/2018/09/chilliSeedsPrimoYellow.jpg
000511.jpg,https://i.ebayimg.com/images/g/D4gAAOSwstxU~O-Z/s-l300.jpg
000512.jpg,https://1a1z1e22ozx83bgjsz17c6ba-wpengine.netdna-ssl.com/wp-content/uploads/Trinidad7Pot.jpg
000513.jpg,http://www.piedmontfarmandgarden.com/v/vspfiles/photos/PPP201-3.jpg
000514.jpg,https://www.superhotchiles.com/wp-content/uploads/2018/06/Trinidad_7_Pot_Primo_2-600x400.jpg
000515.jpg,http://www.htpepper.com/wp-content/uploads/2015/09/7PJ-x-TSY-YellowF2-01.jpg
000516.jpg,http://www.piedmontfarmandgarden.com/v/vspfiles/photos/PPP201-8.jpg
000517.jpg,https://cdn.shopify.com/s/files/1/0871/0950/products/7potinglove_1024x1024.jpg
000518.jpg,https://img0.etsystatic.com/161/0/14172931/il_570xN.1108294040_7r0x.jpg
000519.jpg,https://c8.alamy.com/comp/HTE7R0/trinidad-7-pod-seven-pot-red-pepper-capsicum-chinense-smooth-skinned-HTE7R0.jpg
000520.jpg,https://www.piedmontfarmandgarden.com/v/vspfiles/photos/PPP201-4.jpg
000521.jpg,http://www.piedmontfarmandgarden.com/v/vspfiles/photos/PPP201-11.jpg
000522.jpg,http://ukchilliseeds.co.uk/ekmps/shops/chilliwizard/images/trinidad-scorpion-chocolate-7-pot-[2]-831-p.jpg
000523.jpg,http://www.htpepper.com/wp-content/uploads/2015/09/7PJ-x-TSY-RedF2-01.jpg
000524.jpg,https://www.bmorespicy.com/wp-content/uploads/imported/9/10-seeds-ChocolateBrown-Trinidad-7-potpod-DOUGLAH-EXTREME-Hottest-pepper-RARE-172441961369-3.jpg
000525.jpg,https://cdn.shopify.com/s/files/1/1022/5071/products/trinidad-7-pot-yellow-7-pot-pepper-aka-7-pod-orignial-yellow-variety-one-of-the-hottest-chilli-pepper-4_1024x1024.jpg
000526.jpg,https://c8.alamy.com/comp/HTE7PN/trinidad-7-pod-seven-pot-red-pepper-capsicum-chinense-smooth-skinned-HTE7PN.jpg
000527.jpg,https://images-na.ssl-images-amazon.com/images/I/71d9Wx-P55L.jpg
000528.jpg,https://www.cayennediane.com/wp-content/uploads/7-Pot-Jonah-.jpg
000529.jpg,https://c8.alamy.com/comp/HTE7RH/trinidad-7-pod-seven-pot-red-pepper-capsicum-chinense-smooth-skinned-HTE7RH.jpg
000530.jpg,https://www.bmorespicy.com/wp-content/uploads/imported/0/1000-Seeds-Trinidad-7-Pod-7-Pot-PRIMO-Rare-Hottest-Pepper-World-Record-EXTREME-172421598730.jpg
000531.jpg,http://caribbeanpot.com/wp-content/uploads/2017/05/trinidad-pepper-shrimp-7.jpg
000532.jpg,https://c8.alamy.com/comp/HTE7RB/trinidad-7-pod-seven-pot-red-pepper-capsicum-chinense-smooth-skinned-HTE7RB.jpg
000533.jpg,https://thepepperseed.com/wp-content/gallery/misc/trinidad-scorpion-morogu-blend.jpg
000534.jpg,http://cdn.foodbeast.com/content/uploads/2016/12/Trinidad-7-Pot-Barrackpore-1024x768.jpg
000535.jpg,http://www.piedmontfarmandgarden.com/v/vspfiles/photos/PPP201-6.jpg
000536.jpg,https://cdn.shopify.com/s/files/1/1022/5071/products/trinidad-7-pot-yellow-7-pot-pepper-aka-7-pod-orignial-yellow-variety-one-of-the-hottest-chilli-pepper-3_1024x1024.jpg
000537.jpg,http://www.cayennediane.com/wp-content/uploads/7-Pot-Primo.jpg
000538.jpg,https://i0.wp.com/www.peppersbymail.com/wp-content/uploads/2015/05/7_pot_brain_strain_01.jpg
000539.jpg,https://cdn.shopify.com/s/files/1/0871/0950/products/DorsetNagaWeb_large.jpg
000540.jpg,https://s-media-cache-ak0.pinimg.com/736x/7e/0c/a6/7e0ca6f73159e8b54159dd7c49dd82c0.jpg
000541.jpg,https://c8.alamy.com/comp/HTE7T7/pile-of-trinidad-7-pod-seven-pot-red-peppers-capsicum-chinense-smooth-HTE7T7.jpg
000542.jpg,https://cdn.shopify.com/s/files/1/0871/0950/products/TrinCARDI_large.jpg
000543.jpg,http://www.johnstonplants.com/images/peppers/7_pot_brain_strain_yellow_pepper.jpg
000544.jpg,http://alamopeppers.com/media/wysiwyg/7PotJonah.jpg
000545.jpg,https://s-media-cache-ak0.pinimg.com/736x/24/7d/78/247d78c71e64e7a734c388df85690548.jpg
000546.jpg,https://i0.wp.com/pepperhead.com/wp-content/uploads/Barrackpore-Header.jpg
000547.jpg,https://alamopeppers.com/media/catalog/product/cache/1/image/1300x1300/9df78eab33525d08d6e5fb8d27136e95/t/r/trinidadchocolate7pot_25oz_1.jpg
000548.jpg,https://upload.wikimedia.org/wikipedia/commons/7/77/Pots_of_Trinidad_Scorpion.jpg
000549.jpg,http://angelsfiresalsa.com/wp-content/uploads/2014/05/Image.jpg
000550.jpg,http://3.bp.blogspot.com/-bdG8IzC_Rc4/TpJ5zKPnDrI/AAAAAAAAAgI/7q5e5WjC7Y8/s1600/callaloo+add+to+pot.jpg
000551.jpg,http://4.bp.blogspot.com/-bPRIfskP-jM/Th5iZfAG7FI/AAAAAAAAAZA/lqura7pwNf4/s1600/8.jpg
000552.jpg,http://l7.alamy.com/zooms/dd35d1ddb7fc40b59f92983fe8c00c63/trinidad-7-pod-seven-pot-red-pepper-capsicum-chinense-smooth-skinned-hte7r0.jpg
000553.jpg,https://www.peppersbymail.com/wp-content/uploads/2015/05/7_pot_brain_strain_01.jpg
